form.antibot
not(.antibot
message
display
none
important
title
ix
non
discrimination
the
university
of
arizona</title
skip
to
main
content
button.resources
menu
height
43px
margin
top
5px
padding
5px
25px
button.resources
menu
hover
button.resources
menu
active
button.resources
menu
focus
color
white
background
color
8B0015
border
color
8B0015
important
resources
search
search
menu
menu
the
university
of
arizona
home
go
to
the
page
for
that
group</span
home
home
close
close
title
ix
non
discrimination
title
ix
non
discrimination
Statement</strong></h1
the
universitys&nbsp;<a
href="https://policy.arizona.edu
human
resources
nondiscrimination
and
anti
harassment
policy">nondiscrimination
and
anti
harassment
policy</a>&nbsp;prohibits
discrimination
on
the
basis
of
race
color
religion
sex
national
origin
age
disability
veteran
status
sexual
orientation
gender
identity
or
genetic
information
title
ix
of
the
educational
amendments
of
protects
individuals
from
discrimination
based
on
sex
in
any
educational
program
or
activity
operated
by
recipients
of
federal
financial
assistance.</p
as
required
by
title
ix
the
university
of
arizona
does
not
discriminate
on
the
basis
of
sex
in
its
educational
programs
or
activities
including
in
admission
and
employment.</p
inquiries
concerning
the
application
of
title
ix
may
be
referred
to
the
universitys
title
ix
coordinator
or
to
the
u.s.
department
of
education
assistant
secretary
or
both.&nbsp;please
contact&nbsp;<a
href="mailto
equity@arizona.edu">equity@arizona.edu</a>&nbsp;or
for
more
information.&nbsp;</p
office
address:<br
n.
euclid
ave
rm
tucson
az
0158.</p
title
ix
Discrimination&nbsp;Reporting</strong></h2
to
make
report
please
visit
the
the
university
of
arizona
home
we
respectfully
acknowledge
the
university
of
arizona
is
on
the
land
and
territories
of
indigenous
peoples
today
arizona
is
home
to
federally
recognized
tribes
with
tucson
being
home
to
the
oodham
and
the
yaqui
committed
to
diversity
and
inclusion
the
university
strives
to
build
sustainable
relationships
with
sovereign
native
nations
and
indigenous
communities
through
education
offerings
partnerships
and
community
service.</em></p><hr
