function(){var
r={passive:!0,capture:!0},a
new
date
function(){i=[],t=-1,e
null
f(addeventlistener)},c
function(i
r){e||(e
new
date
f(removeeventlistener),u())},u
function(){if(t>=0&&t
window.datalayer
window.datalayer
||
window.datalayer.push({"platform":"gatsby
function(w
i){w[l]=w[l]||[];w[l].push({'gtm.start
new
date().gettime(),event:'gtm.js'});var
d.getElementsByTagName(s)[0
d.createelement(s),dl
l!='datalayer'?'&l='+l:'';j.async
true;j.src=
https://www.googletagmanager.com/gtm.js?id='+i+dl+'';f.parentnode.insertbefore(j,f
window
document,'script','datalayer
gtm
ML2BZB');</script><link
rel="sitemap
type="application
xml
href="/admissions
sitemap.xml"/><style>.gatsby
image
wrapper{position
relative;overflow
hidden}.gatsby
image
wrapper
picture.object
fit
polyfill{position
static!important}.gatsby
image
wrapper
img{bottom:0;height:100%;left:0;margin:0;max
width
none;padding:0;position
absolute;right:0;top:0;width:100%;object
fit
cover}.gatsby
image
wrapper
data
main
image]{opacity:0;transform
translateZ(0);transition
opacity
.25s
linear;will
change
opacity}.gatsby
image
wrapper
constrained{display
inline
block;vertical
align
top}</style><noscript><style>.gatsby
image
wrapper
noscript
data
main
image]{opacity:1!important}.gatsby
image
wrapper
data
placeholder
image]{opacity:0!important}</style></noscript><script
type="module">const
e="undefined"!=typeof
htmlimageelement&&"loading"in
htmlimageelement.prototype;e&&document.body.addeventlistener("load",(function(e){const
e.target;if(void
0===t.dataset.mainImage)return;if(void
0===t.dataset.gatsbyImageSsr)return;let
null
t;for(;null===a&&n;)void
0!==n.parentNode.dataset.gatsbyImageWrapper&&(a
n.parentnode),n
n.parentnode;const
a.queryselector("[data
placeholder
image]"),r
new
image;r.src
t.currentsrc
r.decode().catch((()=>{})).then((()=>{t.style.opacity=1,o&&(o.style.opacity=0,o.style.transition="opacity
500ms
linear")}))}),!0);</script><style
data
styled=
data
styled
version="6.1.8">.eFrufA{display
block;background
color:#e2e9e9;z
index:-1;}/*!sc*/
.ibpoop{display
block;background
color:#ffffff;z
index:-1;}/*!sc*/
data
styled.g1[id="Section__SectionStyled
sc-1cap3v9
0"]{content:"eFrufA
ibpoop,"}/*!sc*/
.ezcmcv{display
block;max
width:1180px;width:100%;margin
auto;padding:0
24px;box
sizing
border
box;}/*!sc*/
data
styled.g2[id="Section__SectionContainer
sc-1cap3v9
1"]{content:"eZcmCV,"}/*!sc*/
.hhbqsj{margin
top:0px;margin
bottom:20px;}/*!sc*/
data
styled.g72[id="Link__StyledLink
sc
kab7hh-0"]{content:"hHBqsJ,"}/*!sc*/
.bcjmfa{margin
top:0px;margin
bottom:20px;}/*!sc*/
data
styled.g73[id="Link__ExternalLink
sc
kab7hh-1"]{content:"bCjMfa,"}/*!sc*/
.dacog{display
flex;position
relative;z
index:0;align
items
center;justify
content
space
between;width:100%;max
width:1180px;padding:114px
24px;margin
auto;box
sizing
border
box;}/*!sc*/
.dacog
.button{border:2px
solid
var(--bloom);max
width:248px;}/*!sc*/
.dacog
.button
hover{background
color
var(--bloom);}/*!sc*/
@media
screen
and
max
width
1200px){.dacOG{padding:114px
24px;}}/*!sc*/
@media
screen
and
max
width
992px){.dacOG{padding:75px
24px;}}/*!sc*/
@media
screen
and
max
width
768px){.dacOG{padding:60px
24px;}}/*!sc*/
data
styled.g86[id="ParagraphHero__Hero
sc-1rcj7c7
0"]{content:"dacOG,"}/*!sc*/
.yknnk{display
block;}/*!sc*/
.yknnk
.paragraphhero__hero
sc-1rcj7c7
0{padding:114px
0px;}/*!sc*/
data
styled.g88[id="ParagraphHero__HeroContainerNoBg
sc-1rcj7c7
2"]{content:"YknNk,"}/*!sc*/
.cujevi{display
flex;flex
direction
column;align
items
flex
start;justify
content
space
between;width:100%;position
relative;}/*!sc*/
.cujevi.btn
scroll
warp{margin
top:20px;}/*!sc*/
.cujevi.btn
scroll
warp
.button
first
child{margin
bottom:20px;}/*!sc*/
@media
screen
and
max
width:815px){.cUJeVi.btn
scroll
warp{flex
direction
column;align
items
flex
start;}}/*!sc*/
@media
screen
and
max
width
768px){.cUJeVi.btn
scroll
warp{display
none;}}/*!sc*/
@media
screen
and
max
width
768px){.cUJeVi
.button{display
block;margin:24px
auto
0;}}/*!sc*/
.arnen{display
flex;flex
direction
column;width:100%;position
relative;}/*!sc*/
.arnen.btn
scroll
warp{margin
top:20px;}/*!sc*/
.arnen.btn
scroll
warp
.button
first
child{margin
bottom:20px;}/*!sc*/
@media
screen
and
max
width:815px){.arnen.btn
scroll
warp{flex
direction
column;align
items
flex
start;}}/*!sc*/
@media
screen
and
max
width
768px){.arnen.btn
scroll
warp{display
none;}}/*!sc*/
@media
screen
and
max
width
768px){.arnen
.button{display
block;margin:24px
auto
0;}}/*!sc*/
.iqaiqo{display
flex;flex
direction
row;align
items
center;justify
content
flex
start;width:100%;position
relative;}/*!sc*/
.iqaiqo.btn
scroll
warp{margin
top:20px;}/*!sc*/
.iqaiqo.btn
scroll
warp
.button
first
child{margin
bottom:20px;}/*!sc*/
@media
screen
and
max
width:815px){.iQAiqO.btn
scroll
warp{flex
direction
column;align
items
flex
start;}}/*!sc*/
@media
screen
and
max
width
768px){.iQAiqO.btn
scroll
warp{display
none;}}/*!sc*/
@media
screen
and
max
width
768px){.iQAiqO{flex
direction
column;}.iqaiqo
.button{display
block;margin:24px
auto
0;}}/*!sc*/
data
styled.g89[id="ParagraphHero__HeroGroup
sc-1rcj7c7
3"]{content:"cUJeVi
arnen
iqaiqo,"}/*!sc*/
.ghhfjn{position
relative;}/*!sc*/
.ghhfjn
p,.ghhfjn
span,.ghhfjn
h1,.gHHFjn
h2{display
block;font
weight:900;font
size:50px;text
transform
uppercase;line
height:1;font
size
var(--h1
internal
font
size);}/*!sc*/
@media
screen
and
max
width
992px){.gHHFjn
p,.ghhfjn
span,.ghhfjn
h1,.gHHFjn
h2{font
size:42px;}}/*!sc*/
@media
screen
and
max
width
768px){.gHHFjn
p,.ghhfjn
span,.ghhfjn
h1,.gHHFjn
h2{margin
auto;text
align
center;}}/*!sc*/
data
styled.g92[id="ParagraphHero__HeroCTA
sc-1rcj7c7
6"]{content:"gHHFjn,"}/*!sc*/
.hivthi{position
relative;display
flex;flex
direction
column;flex
wrap
nowrap;width:100%;max
width:348px;}/*!sc*/
.hivthi
span.h2{text
align
center;color:#0c234b;}/*!sc*/
@media
screen
and
max
width
992px){.hIvthi{margin:0
auto
24px
auto;}.hivthi
last
child{margin:0
auto;}.hivthi
span.h2{margin
bottom:10px;}}/*!sc*/
@media
screen
and
max
width
768px){.hIvthi{margin:0
auto
0px
auto;}}/*!sc*/
data
styled.g95[id="ButtonColumn__Column
sc-1na2ftz-0"]{content:"hIvthi,"}/*!sc*/
.iqzjnk{position
relative;display
flex;flex
direction
row;flex
wrap
nowrap;column
gap:32px;}/*!sc*/
@media
screen
and
max
width
768px){.iqzjNK{display
block;column
gap
none;margin
auto;text
align
center;}.iqzjnk
.btn{margin
bottom:10px;}}/*!sc*/
data
styled.g96[id="ColumnsOfButtons__ColumnContainer
sc
u01hfy-0"]{content:"iqzjNK,"}/*!sc*/
.cpvwrt{padding
top:60px;padding
bottom:120px;text
align
center;}/*!sc*/
.cpvwrt
h2{text
align
left;margin
bottom:60px;max
width:538px;color:#0c234b;}/*!sc*/
.cpvwrt
h2{text
align
left;margin
bottom:30px;}/*!sc*/
@media
screen
and
max
width
992px){.cpVWRT{padding
top:60px;padding
bottom:0px;}.ColumnsOfButtons__ColumnWrap
sc
u01hfy-1+.ColumnsOfButtons__ColumnWrap
sc
u01hfy-1{padding
top:0px;padding
bottom:60px;}.cpVWRT+.cpVWRT
.columnsofbuttons__columncontainer
sc
u01hfy-0{padding
top:24px;}}/*!sc*/
@media
screen
and
max
width
768px){.cpVWRT{padding
top:45px;padding
bottom:45px;}.ColumnsOfButtons__ColumnWrap
sc
u01hfy-1+.ColumnsOfButtons__ColumnWrap
sc
u01hfy-1{padding
top:0px;padding
bottom:45px;}.cpVWRT+.cpVWRT
.columnsofbuttons__columncontainer
sc
u01hfy-0{padding
top:35px;}}/*!sc*/
data
styled.g97[id="ColumnsOfButtons__ColumnWrap
sc
u01hfy-1"]{content:"cpVWRT,"}/*!sc*/
.egifnw{display
flex;justify
content
space
between;align
items
center;position
relative;padding
top:0px;padding
bottom:120px;}/*!sc*/
.egifnw
img{border
radius:10px;}/*!sc*/
.egifnw
a{font
weight:700;}/*!sc*/
.egifnw
a.btn{width
auto;padding:16px
36px
12px
36px;margin
top:30px;}/*!sc*/
@media
screen
and
max
width
992px){.egiFnw{padding
top:60px;padding
bottom:60px;text
align
left;}.egifnw
a.btn{max
width:348px;display
block;margin
auto;margin
top:0;}}/*!sc*/
@media
screen
and
max
width
768px){.egiFnw{flex
direction
column;justify
content
center;padding
top:45px;padding
bottom:45px;}}/*!sc*/
.izihle{display
flex;justify
content
space
between;align
items
center;position
relative;padding
top:120px;padding
bottom:0px;}/*!sc*/
.izihle
img{border
radius:10px;}/*!sc*/
.izihle
a{font
weight:700;}/*!sc*/
.izihle
a.btn{width
auto;padding:16px
36px
12px
36px;margin
top:30px;}/*!sc*/
@media
screen
and
max
width
992px){.iZIHlE{padding
top:60px;padding
bottom:60px;text
align
left;}.izihle
a.btn{max
width:348px;display
block;margin
auto;margin
top:0;}}/*!sc*/
@media
screen
and
max
width
768px){.iZIHlE{flex
direction
column;justify
content
center;padding
top:45px;padding
bottom:45px;}}/*!sc*/
.drsweh{display
flex;justify
content
space
between;align
items
center;position
relative;padding
top:0px;padding
bottom:60px;}/*!sc*/
.drsweh
img{border
radius:10px;}/*!sc*/
.drsweh
a{font
weight:700;}/*!sc*/
.drsweh
a.btn{width
auto;padding:16px
36px
12px
36px;margin
top:30px;}/*!sc*/
@media
screen
and
max
width
992px){.dRswEh{padding
top:60px;padding
bottom:60px;text
align
left;}.drsweh
a.btn{max
width:348px;display
block;margin
auto;margin
top:0;}}/*!sc*/
@media
screen
and
max
width
768px){.dRswEh{flex
direction
column;justify
content
center;padding
top:45px;padding
bottom:45px;}}/*!sc*/
.hakmrn{display
flex;justify
content
space
between;align
items
center;position
relative;padding
top:120px;padding
bottom:120px;}/*!sc*/
.hakmrn
img{border
radius:10px;}/*!sc*/
.hakmrn
a{font
weight:700;}/*!sc*/
.hakmrn
a.btn{width
auto;padding:16px
36px
12px
36px;margin
top:30px;}/*!sc*/
@media
screen
and
max
width
992px){.hAKmRn{padding
top:60px;padding
bottom:60px;text
align
left;}.hakmrn
a.btn{max
width:348px;display
block;margin
auto;margin
top:0;}}/*!sc*/
@media
screen
and
max
width
768px){.hAKmRn{flex
direction
column;justify
content
center;padding
top:45px;padding
bottom:45px;}}/*!sc*/
.deuyrg{display
flex;justify
content
space
between;align
items
center;position
relative;padding
top:120px;padding
bottom:60px;}/*!sc*/
.deuyrg
img{border
radius:10px;}/*!sc*/
.deuyrg
a{font
weight:700;}/*!sc*/
.deuyrg
a.btn{width
auto;padding:16px
36px
12px
36px;margin
top:30px;}/*!sc*/
@media
screen
and
max
width
992px){.dEUYRG{padding
top:60px;padding
bottom:60px;text
align
left;}.deuyrg
a.btn{max
width:348px;display
block;margin
auto;margin
top:0;}}/*!sc*/
@media
screen
and
max
width
768px){.dEUYRG{flex
direction
column;justify
content
center;padding
top:45px;padding
bottom:45px;}}/*!sc*/
data
styled.g100[id="ParagraphContent__ContentStyled
sc-1mt2mut-0"]{content:"egiFnw
izihle
drsweh
hakmrn
deuyrg,"}/*!sc*/
.jytyr{display
block;width
calc(100
382px);max
width:729px;max
width:100%;width:100%;}/*!sc*/
@media
screen
and
max
width
768px){.JyTYR{width:100%;max
width
initial;margin
bottom:9px;}}/*!sc*/
.swthu{display
block;width
calc(100
382px);max
width:729px;}/*!sc*/
@media
screen
and
max
width
768px){.sWthu{width:100%;max
width
initial;margin
bottom:9px;}}/*!sc*/
data
styled.g102[id="ParagraphContent__ContentGroup
sc-1mt2mut-2"]{content:"JyTYR
swthu,"}/*!sc*/
.dzbyvf{font
size
var(--h2
font
size);font
weight:900;max
width:434px;margin
bottom:30px;}/*!sc*/
data
styled.g103[id="ParagraphContent__ContentTitle
sc-1mt2mut-3"]{content:"dzBYVF,"}/*!sc*/
.jgetpk
a{max
width:500px;}/*!sc*/
.jgetpk
last
of
type{margin
bottom:0;}/*!sc*/
data
styled.g104[id="ParagraphContent__ContentText
sc-1mt2mut-4"]{content:"jGEtPK,"}/*!sc*/
.eqmjgy{display
block;padding
bottom:120px;}/*!sc*/
.eqmjgy
img{border
radius:10px;}/*!sc*/
@media
screen
and
max
width
992px){.eQmJGY{padding
top:60px;padding
bottom:60px;}}/*!sc*/
@media
screen
and
max
width
768px){.eQmJGY{padding
top:45px;padding
bottom:45px;}}/*!sc*/
data
styled.g106[id="TwoColumnContent__SectionStyled
sc
f8rfkf-0"]{content:"eQmJGY,"}/*!sc*/
.gtkzff{position
relative;display
flex;justify
content
space
between;align
items
flex
start;flex
direction
row;flex
wrap
wrap;}/*!sc*/
.gtkzff
.col{display
block;position
relative;width:100%;text
align
left;}/*!sc*/
.gtkzff
.col
last
child{margin
bottom:0;}/*!sc*/
@media
screen
and
max
width
992px){.gTkzFf
.col
last
child
.gatsby
image
wrapper{clear
both;float
none;}}/*!sc*/
@media
screen
and
max
width
992px){.gTkzFf
.col
.gatsby
image
wrapper{clear
both;float
none;}}/*!sc*/
@media
screen
and
max
width
768px){.gTkzFf
.col
.gatsby
image
wrapper{margin
left
auto;margin
right
auto;position
relative;display
table;}}/*!sc*/
.gtkzff
.col
.gatsby
image
wrapper
div{display
none!important;}/*!sc*/
.gtkzff
.col
.gatsby
image
wrapper
img[data
placeholder
image]{display
none!important;}/*!sc*/
@media
screen
and
max
width
992px){.gTkzFf{display
block;}}/*!sc*/
data
styled.g108[id="TwoColumnContent__TwoColContainer
sc
f8rfkf-2"]{content:"gTkzFf,"}/*!sc*/
.eekuh{display
block;position
relative;max
width:50%;box
sizing
border
box;padding
right
calc(109px
2);}/*!sc*/
.eekuh
after{content:'';background
color
var(--silver);position
absolute;top:0;bottom:0;right:0;width:1px;}/*!sc*/
.eekuh
img{display
block;position
relative;height
auto;border
radius:10px;max
width:100%;}/*!sc*/
@media
screen
and
max
width
992px){.EekUH{max
width:100%;padding
right:0;}.EekUH
after{display
none;}}/*!sc*/
data
styled.g109[id="TwoColumnContent__LeftCol
sc
f8rfkf-3"]{content:"EekUH,"}/*!sc*/
.jmrrsd{display
block;position
relative;max
width
calc(100
50%);padding
left
calc(109px
2);box
sizing
border
box;}/*!sc*/
.jmrrsd
img{border
radius:10px;display
block;position
relative;width:100%;height
auto;}/*!sc*/
@media
screen
and
max
width
992px){.jmRRSd{max
width:100%;padding
left:0;margin
top:18px;}}/*!sc*/
data
styled.g110[id="TwoColumnContent__RightCol
sc
f8rfkf-4"]{content:"jmRRSd,"}/*!sc*/
requirements</span></p></strong></div><div
class="paragraphhero__herogroup
sc-1rcj7c7
iqaiqo
btn
scroll
warp
direction="row
align="center
justify="flex
start"></div></div></div></section><div
margintop="0px
bottomMargin="120px
class="paragraphcontent__contentstyled
sc-1mt2mut-0
egifnw"><div
class="paragraphcontent__contentgroup
sc-1mt2mut-2
jytyr"><div
class="paragraphcontent__contenttitle
sc-1mt2mut-3
dzBYVF"><h2><span
class="text
blue">ready
for
college?<br/
Let&#x27;s
find
Out</span></h2></div><p
class="paragraphcontent__contenttext
sc-1mt2mut-4
jgetpk"><p><span
class="text
midnight">before
you
can
be
admitted
to
the
university
you
must
complete
required
courses
as
determined
by
the
arizona
board
of
regents
ABOR).</span></p><h3><span
class="text
azurite">admission
requirements
at
Glance*</span></h3><div
class="bs_grid"><div
class="row
data
row
lg="none
data
row
md="none
data
row
none="none
data
row
sm="none
data
row
xl="none"><div
class="col
md-4"><ul><li><span
class="text
midnight">4
years
of
english</span></li><li><span
class="text
midnight">4
years
of
mathematics</span></li><li><span
class="text
midnight">3
years
of
lab
science</span></li></ul></div><div
class="col
md-8"><ul><li><span
class="text
midnight">2
years
of
the
same
second
language</span></li><li><span
class="text
midnight">2
years
of
social
sciences
year
of
american
history)</span></li><li><span
class="text
midnight">1
year
of
fine
arts
or
year
of
career
and
technical
education
cte)</span></li></ul></div></div></div><p><span
class="text
midnight"><span
class="small"><em>*see
below
for
additional
course
details.</em></span></span></p><h3><span
class="text
azurite">do
you
have
ged
or
alternate
high
school
diploma?</span></h3><p><a
href="/admissions
resources
high
school
competency#equivalency">jump
to
equivalency
requirements</a></p></p></div></div></div></section><section
bgcolor="white
class="section__sectionstyled
sc-1cap3v9
ibpoop"><div
class="section__sectioncontainer
sc-1cap3v9
ezcmcv"><div
margintop="120px
bottomMargin="0px
class="paragraphcontent__contentstyled
sc-1mt2mut-0
izihle"><div
class="paragraphcontent__contentgroup
sc-1mt2mut-2
swthu"><div
class="paragraphcontent__contenttitle
sc-1mt2mut-3
dzBYVF"><h2><span
class="text
blue">additional
Details</span></h2></div><p
class="paragraphcontent__contenttext
sc-1mt2mut-4
jgetpk"><p><span
class="text
midnight">all
first
year
and
transfer
applicants
under
age
must
satisfactorily
complete
the
arizona
board
of
regents
abor
core
competency
requirements
refer
to
the
table
below
for
the
high
school
coursework
requirements
specific
scores
or
college
courses
needed
please
note
some
programs
or
colleges
may
require
additional
information
and/or
admission
requirements.</span></p></p></div></div></div></section><section
bgcolor="white
class="section__sectionstyled
sc-1cap3v9
ibpoop"><div
class="section__sectioncontainer
sc-1cap3v9
ezcmcv"><div
margintop="0px
bottomMargin="60px
class="paragraphcontent__contentstyled
sc-1mt2mut-0
drsweh"><div
class="paragraphcontent__contentgroup
sc-1mt2mut-2
jytyr"><p
class="paragraphcontent__contenttext
sc-1mt2mut-4
jGEtPK"><h3><span
class="text
azurite">english
composition
or
literature
units</span></h3><div
class="bs_grid"><div
class="row
data
row
lg="none
data
row
md="none
data
row
none="auto
data
row
sm="none
data
row
xl="none"><div
class="col
md-3"><h4><span
class="text
midnight">abor
Requirements</span></h4><p><span
class="text
azurite">english
english
ii
english
iii
english
iv</span></p></div><div
class="col
md-3"><h4><span
class="text
midnight">or
sat
Score</span></h4><p><span
class="text
azurite">sat
reasoning
test:<br/
critical
reading
score
of
or
above
pre
march
or
or
above
march
or
later</span></p></div><div
class="col
md-3"><h4><span
class="text
midnight">or
act
Score</span></h4><p><span
class="text
azurite">english
sub
score
of
or
above</span></p></div><div
class="col
md-3"><h4><span
class="text
midnight">or
college
coursework
to
offset
Deficiencies</span></h4><p><span
class="text
azurite">one
credit
english
course</span></p></div></div></div><hr/><h3><span
class="text
azurite">mathematics
-</span><span
class="text
azurite">4
units</span></h3><div
class="bs_grid"><div
class="row
data
row
lg="none
data
row
md="none
data
row
none="none
data
row
sm="none
data
row
xl="none"><div
class="col
md-3"><h4><span
class="text
midnight">high
school
coursework
Requirements</span></h4><p><span
class="text
azurite">algebra
geometry
algebra
ii
advanced
math
for
which
algebra
ii
is
prerequisite</span></p></div><div
class="col
md-3"><h4><span
class="text
midnight">or
sat
Score</span></h4><p><span
class="text
azurite">sat
reasoning
test:<br/
math
score
of
or
above
pre
march
or
or
above
march
or
later</span></p></div><div
class="col
md-3"><h4><span
class="text
midnight">or
act
Score</span></h4><p><span
class="text
azurite">math
sub
score
of
or
above</span></p></div><div
class="col
md-3"><h4><span
class="text
midnight">or
college
coursework
to
offset
Deficiencies</span></h4><p><span
class="text
azurite">one
credit
course
at
the
college
algebra
level
or
higher</span></p></div></div></div><hr/><h3><span
class="text
azurite">laboratory
science
units</span></h3><div
class="bs_grid"><div
class="row
data
row
lg="none
data
row
md="none
data
row
none="none
data
row
sm="none
data
row
xl="none"><div
class="col
md-3"><h4><span
class="text
midnight">high
school
coursework
Requirements</span></h4><p><span
class="text
azurite">three
distinctive
units
from
the
following
areas
biology
chemistry
physics
earth
science
integrated
lab
science
may
include
advanced
study
in
one
area)&quot;</span></p></div><div
class="col
md-3"><h4><span
class="text
midnight">or
sat
Score</span></h4><p><span
class="text
azurite">sat
subject
test
scores:<br/
chemistry600
or
above;<br/
biology590
or
above;<br/
physics620
or
above</span></p></div><div
class="col
md-3"><h4><span
class="text
midnight">or
act
Score</span></h4><p><span
class="text
azurite">natural
science
sub
score
of
or
above
test
scores
may
be
used
to
demonstrate
competency
in
one
science
only)</span></p></div><div
class="col
md-3"><h4><span
class="text
midnight">or
college
coursework
to
offset
Deficiencies</span></h4><p><span
class="text
azurite">three
credit
lab
science
courses
only
two
may
be
in
the
same
field)</span></p></div></div></div><hr/><h3><span
class="text
azurite">social
science
2units</span></h3><div
class="bs_grid"><div
class="row
data
row
lg="none
data
row
md="none
data
row
none="none
data
row
sm="none
data
row
xl="none"><div
class="col
md-3"><h4><span
class="text
midnight">high
school
coursework
Requirements</span></h4><p><span
class="text
azurite">one
unit
of
american
history
one
additional
unit
from
european
world
history
economics
sociology
geography
government
psychology
anthropology)</span></p></div><div
class="col
md-3"><h4><span
class="text
midnight">or
sat
Score</span></h4><p><span
class="text
azurite">sat
subject
test
scores:<br/
american
history
social
studies
or
above;<br/
european
world
culture:<br/
or
above</span></p></div><div
class="col
md-3"><h4><span
class="text
midnight">or
act
Score</span></h4><p><span
class="text
azurite">equivalent
not
available</span></p></div><div
class="col
md-3"><h4><span
class="text
midnight">or
college
coursework
to
offset
Deficiencies</span></h4><p><span
class="text
azurite">one
credit
american
history
course
and
one
credit
social
science
course</span></p></div></div></div><hr/><h3><span
class="text
azurite">second
language
2units</span></h3><div
class="bs_grid"><div
class="row
data
row
lg="none
data
row
md="none
data
row
none="none
data
row
sm="none
data
row
xl="none"><div
class="col
md-3"><h4><span
class="text
midnight">high
school
coursework
Requirements</span></h4><p><span
class="text
azurite">two
units
of
the
same
language</span></p></div><div
class="col
md-6"><h4><span
class="text
midnight">or
sat
amp
act
Score</span></h4><p><span
class="text
azurite">attain
minimum
score
on
national
standardized
language
test
such
as
ap
or
clep
examination
scores
or
earn
certified
placement
into
third
college
level
semester
of
higher
based
on
an
exam
given
by
an
accredited
institution
of
higher
education
or
other
forms
of
verification
are
available.</span></p></div><div
class="col
md-3"><h4><span
class="text
midnight">or
college
coursework
to
offset
Deficiencies</span></h4><p><span
class="text
azurite">one
year
of
study
in
the
same
language
includes
american
sign
Language</span></p></div></div></div><hr/><h3><span
class="text
azurite">fine
arts
or
career
amp
technical
education
cte
-</span><span
class="text
azurite">1
unit</span></h3><div
class="bs_grid"><div
class="row
data
row
lg="none
data
row
md="none
data
row
none="none
data
row
sm="none
data
row
xl="none"><div
class="col
md-3"><h4><span
class="text
midnight">high
school
coursework
Requirements</span></h4><p><span
class="text
azurite">one
unit
or
any
combination
of
two
semesters
of
high
school
fine
arts
or
the
same
cte
program</span></p></div><div
class="col
md-3"><h4><span
class="text
midnight">or
sat
Score</span></h4><p><span
class="text
azurite">n
a</span></p></div><div
class="col
md-3"><h4><span
class="text
midnight">or
act
Score</span></h4><p><span
class="text
azurite">n
a</span></p></div><div
class="col
md-3"><h4><span
class="text
midnight">or
college
coursework
to
offset
Deficiencies</span></h4><p><span
class="text
azurite">one
credit
fine
arts
class
or
credit
cte
course
approved
by
the
arizona
department
of
education</span></p></div></div></div><hr/><p><span
class="text
midnight"><em
deficiency
is
defined
in
one
of
two
ways
missing
unit
of
coursework
or
falling
below
on
scale
in
specific
subject
area
applicants
must
have
an
unweighted
overall
grade
point
average
of
in
each
subject
area
and
may
not
have
more
than
two
deficiencies
students
may
not
have
deficiencies
in
both
math
and
laboratory
science
or
in
the
same
subject
area
equivalency
Tests</span></h2></div><p
class="paragraphcontent__contenttext
sc-1mt2mut-4
jgetpk"><p><span
class="text
midnight">your
ged
test
scores
will
fulfill
the
high
school
transcript
requirement
so
you
do
not
need
to
fill
out
the
high
school
coursework
section
of
our
application
enter
general
education
development
ged
and
select
high
school
as
the
level
of
study
under
add
institution
in
the
academic
history
section
of
the
application.</span></p></p></div></div></div></section><section
bgcolor="white
class="section__sectionstyled
sc-1cap3v9
ibpoop"><div
class="section__sectioncontainer
sc-1cap3v9
ezcmcv"><div
margintop="0px
bottomMargin="60px
class="paragraphcontent__contentstyled
sc-1mt2mut-0
drsweh"><div
class="paragraphcontent__contentgroup
sc-1mt2mut-2
jytyr"><p
class="paragraphcontent__contenttext
sc-1mt2mut-4
jgetpk"><div
class="bs_grid
null"><div
class="row
data
row
lg="none
data
row
md="none
data
row
none="none
data
row
sm="none
data
row
xl="none"><div
class="col
md-4"><h4
class="mt-0"><span
class="text
midnight">ged
5th
series
Present)</span></h4></div><div
class="col
md-4"><p><span
class="text
azurite">language
arts
social
studies
science
math</span></p></div><div
class="col
md-4"><p><span
class="text
azurite
on
each
test
component
with</span></p><p><span
class="text
azurite">overall
battery
average
680</span></p></div></div></div><hr/><div
class="bs_grid
null"><div
class="row
data
row
lg="none
data
row
md="none
data
row
none="none
data
row
sm="none
data
row
xl="none"><div
class="col
md-4"><h4
class="mt-0"><span
class="text
midnight">ged
4th
series
2013)</span></h4></div><div
class="col
md-4"><p><span
class="text
azurite">reading
writing
social
studies
science
math</span></p></div><div
class="col
md-4"><p><span
class="text
azurite">overall
battery
average
500</span></p></div></div></div><hr/><div
class="bs_grid
null"><div
class="row
data
row
lg="none
data
row
md="none
data
row
none="none
data
row
sm="none
data
row
xl="none"><div
class="col
md-4"><h4
class="mt-0"><span
class="text
midnight">ged
3rd
series
2001)</span></h4></div><div
class="col
md-4"><p><span
class="text
azurite">writing
interpreting
literature
and
the
arts
socials
studies
science
math</span></p></div><div
class="col
md-4"><p><span
class="text
azurite">comprehensive
review</span></p></div></div></div><hr/><div
class="bs_grid
null"><div
class="row
data
row
lg="none
data
row
md="none
data
row
none="none
data
row
sm="none
data
row
xl="none"><div
class="col
md-4"><h4
class="mt-0"><span
class="text
midnight">ged
2nd
series
1987)</span></h4></div><div
class="col
md-4"><p><span
class="text
azurite">writing
interpreting
literature
and
the
arts
socials
studies
science
math</span></p></div><div
class="col
md-4"><p><span
class="text
azurite">comprehensive
review</span></p></div></div></div><hr/><div
class="bs_grid
null"><div
class="row
data
row
lg="none
data
row
md="none
data
row
none="none
data
row
sm="none
data
row
xl="none"><div
class="col
md-4"><h4
class="mt-0"><span
class="text
midnight">ged
1st
series
1977)</span></h4></div><div
class="col
md-4"><p><span
class="text
azurite">correctness
and
effectiveness
of
expression
interpretation
of
reading
materials
in
the
social
studies
interpretation
of
reading
materials
in
the
natural
sciences
interpretation
of
literacy
materials
general
mathematic
ability</span></p></div><div
class="col
md-4"><p><span
class="text
azurite">comprehensive
review</span></p></div></div></div><hr/><div
class="bs_grid
null"><div
class="row
data
row
lg="none
data
row
md="none
data
row
none="none
data
row
sm="none
data
row
xl="none"><div
class="col
md-4"><h4
class="mt-0"><span
class="text
midnight">hiset
high
school
equivalency
Test</span></h4></div><div
class="col
md-4"><p><span
class="text
azurite">grading
scale
on
subtests
with
score
of
on
essay
portion.</span></p></div><div
class="col
md-4"><p><span
class="text
azurite">comprehensive
review</span></p></div></div></div><hr/><div
class="bs_grid
null"><div
class="row
data
row
lg="none
data
row
md="none
data
row
none="none
data
row
sm="none
data
row
xl="none"><div
class="col
md-4"><h4
class="mt-0"><span
class="text
midnight">california
proficiency
CHSPE</span></h4></div><div
class="col
md-4"><p><span
class="text
azurite">english
and
mathematics
subtests
only.</span></p></div><div
class="col
md-4"><p><span
class="text
azurite">comprehensive
review</span></p></div></div></div><hr/><div
class="bs_grid
null"><div
class="row
data
row
lg="none
data
row
md="none
data
row
none="none
data
row
sm="none
data
row
xl="none"><div
class="col
md-4"><h4
class="mt-0"><span
class="text
midnight">grand
canyon
high
school
diploma
GCHS</span></h4></div><div
class="col
md-4"><p><span
class="text
azurite">a
valid
recognized
high
school
diploma
available
to
arizona
students
who
demonstrate
college
and
career
readiness
in
all
core
subject
areas
before
they
leave
high
school.</span></p></div><div
class="col
md-4"><p><span
class="text
azurite">comprehensive
review</span></p></div></div></div><hr/><div
class="bs_grid
null"><div
class="row
data
row
lg="none
data
row
md="none
data
row
none="none
data
row
sm="none
data
row
xl="none"><div
class="col
md-4"><h4
class="mt-0"><span
class="text
midnight">tasc
test
assessing
secondary
Completion</span></h4></div><div
class="col
md-4"><p><span
class="text
azurite">language
arts
reading
mathematics
science
social
studies.</span></p></div><div
class="col
md-4"><p><span
class="text
azurite">comprehensive
review</span></p></div></div></div></p></div></div><div
above="60px
below="120px
class="columnsofbuttons__columnwrap
sc
u01hfy-1
cpvwrt"><div></div><div
class="columnsofbuttons__columncontainer
sc
u01hfy-0
iqzjnk"><div
class="buttoncolumn__column
sc-1na2ftz-0
hivthi"><a
href="https://slate.admissions.arizona.edu
apply/
class="link__externallink
sc
kab7hh-1
bcjmfa
button
btn
btn
red
rel="noopener">apply
now</a><a
class="link__styledlink
sc
kab7hh-0
hhbqsj
button
btn
btn
outline
red
href="/admissions
visit">visit</a></div><div
class="buttoncolumn__column
sc-1na2ftz-0
hivthi"><a
class="link__styledlink
sc
kab7hh-0
hhbqsj
button
btn
btn
outline
red
href="/admissions
faq">admission
faqs</a><a
class="link__styledlink
sc
kab7hh-0
hhbqsj
button
btn
btn
outline
red
href="/admissions
contact">contact
admissions
office</a></div></div></div></div></section><az
footer></az
footer></div><div
id="gatsby
announcer
style="position
absolute;top:0;width:1px;height:1px;padding:0;overflow
hidden;clip
rect(0
0);white
space
nowrap;border:0
aria
live="assertive
aria
atomic="true"></div></div><script
id="gatsby
script
loader">/*<![cdata[*/window.pagepath="/admissions
resources
high
school
competency";/*]]>*/</script><!--
slice
start
id="_gatsby
scripts-1
window.___chunkmapping="{\"app\":[\"/app
e175106ee86c2da2d248.js\"],\"component
src
pages-404
js\":[\"/component
src
pages-404
js-05c968c3815bb83ac866.js\"],\"component
src
pages
index
js\":[\"/component
src
pages
index
js
cf61e914446c10204cc2.js\"],\"component
src
templates
page
js\":[\"/component
src
templates
page
js-23a0eab192e86db955d0.js\"],\"component
src
templates
story
js\":[\"/component
src
templates
story
js-7ec35b365b55a0787de8.js\"],\"component
src
templates
story
topic
page
js\":[\"/component
src
templates
story
topic
page
js-832c8144a61ef22d62fa.js\
window.___webpackCompilationHash="623589fe05642a67018b";</script><script
src="/admissions
webpack
runtime
f61de292145fdc8ef9a4.js
async></script><script
src="/admissions
framework-51630f583d3479827eba.js
async></script><script
src="/admissions
app
e175106ee86c2da2d248.js
async></script><!--
slice
end
id="_gatsby
scripts-1
--></body></html
