form.antibot
not(.antibot
message
display
none
important
current
students
the
university
of
arizona</title
skip
to
main
content
button.resources
menu
height
43px
margin
top
5px
padding
5px
25px
button.resources
menu
hover
button.resources
menu
active
button.resources
menu
focus
color
white
background
color
8B0015
border
color
8B0015
important
resources
search
search
menu
menu
the
university
of
arizona
home
go
to
the
page
for
that
group</span
home
home
close
close
current
students
.no
hover
font
weight
normal
.no
hover
hover
.no
hover
focus
color
49595e
text
decoration
none
.action
card
hover
color
81D3EB
.action
text
hover
color
81D3EB
nbsp;</p
nbsp;</p
uarizona
students
at
commencement
ceremony
academic
Resources</strong></h3
advising
amp
academic
Support</strong></h3
financial
Resources</strong></h3
need
help
paying
for
tuition
books
or
other
expenses
learn
about
scholarships
and
financial
aid.</p
jobs
amp
career
Advice</strong></h3
find
internships
or
job
openings
perfect
your
resume
and
interviewing
skills
and
connect
with
uarizona
alumni
in
your
field.</p
three
students
at
uarizona
football
game
find
new
ways
to
get
involved
in
campus
life.</p
students
studying
at
think
tank
on
uarizona
campus
connect
with
important
campus
resources.</p
campus
health
building
on
uarizona
campus
stay
healthy
and
safe
during
your
time
on
campus.</p
az
text
media-89
background
image
url(/sites
default
files
styles
az_full_width_bg_extra_small
public/2021
campus_fullwidth_map.jpeg?h=5ffddb3a&itok
ngnidkev
background
repeat
no
repeat
background
color
transparent
background
size
cover
-webkit
background
size
cover
-moz
background
size
cover
-o
background
size
cover
background
attachment
scroll
background
position
center
background
position
center
index
auto
@media
all
and
min
width
576px
az
text
media-89
background
image
url(/sites
default
files
styles
az_full_width_bg_small
public/2021
campus_fullwidth_map.jpeg?h=1c439d30&itok
ibtjeery
@media
all
and
min
width
768px
az
text
media-89
background
image
url(/sites
default
files
styles
az_full_width_bg_medium
public/2021
campus_fullwidth_map.jpeg?h
cb62872f&itok
X9egQSIy
@media
all
and
min
width
992px
az
text
media-89
background
image
url(/sites
default
files
styles
az_full_width_bg_large
public/2021
campus_fullwidth_map.jpeg?itok
ayeyYGa7
getting
around
CAMPUS</strong></span></h2
use
the
map
to
explore
campus
locate
where
to
get
your
parking
pass
and
more.</p
the
university
of
arizona
home
we
respectfully
acknowledge
the
university
of
arizona
is
on
the
land
and
territories
of
indigenous
peoples
today
arizona
is
home
to
federally
recognized
tribes
with
tucson
being
home
to
the
oodham
and
the
yaqui
committed
to
diversity
and
inclusion
the
university
strives
to
build
sustainable
relationships
with
sovereign
native
nations
and
indigenous
communities
through
education
offerings
partnerships
and
community
service.</em></p><hr
