form.antibot
not(.antibot
message
display
none
important
academic
resources
the
university
of
arizona</title
skip
to
main
content
button.resources
menu
height
43px
margin
top
5px
padding
5px
25px
button.resources
menu
hover
button.resources
menu
active
button.resources
menu
focus
color
white
background
color
8B0015
border
color
8B0015
important
resources
search
search
menu
menu
the
university
of
arizona
home
go
to
the
page
for
that
group</span
home
home
close
close
academic
resources
az
text
media-90
background
image
url(/sites
default
files
styles
az_full_width_bg_extra_small
public/2021
academic_resources_marquee.jpg?itok
vXwYg6cw
background
repeat
no
repeat
background
color
transparent
background
size
cover
-webkit
background
size
cover
-moz
background
size
cover
-o
background
size
cover
background
attachment
scroll
background
position
center
background
position
center
index
auto
@media
all
and
min
width
576px
az
text
media-90
background
image
url(/sites
default
files
styles
az_full_width_bg_small
public/2021
academic_resources_marquee.jpg?itok
q1ZyEoiw
@media
all
and
min
width
768px
az
text
media-90
background
image
url(/sites
default
files
styles
az_full_width_bg_medium
public/2021
academic_resources_marquee.jpg?itok
fsqabxox
@media
all
and
min
width
992px
az
text
media-90
background
image
url(/sites
default
files
styles
az_full_width_bg_large
public/2021
Academic_Resources_Marquee.jpg?itok=-lhK8Zfl
colleges
amp
SCHOOLS</strong></h3
learn
more
about
each
of
arizonas
colleges
and
schools.</p
academic
DEPARTMENTS</strong></h3
alphabetical
list
of
academic
departments
and
programs.</p
graduate
PROGRAMS</strong></h3
advance
your
education
and
career
path
with
graduate
degree.</p
well
help
you
craft
unique
course
of
action
full
of
limitless
possibilities
as
premier
research
university
we
offer
unparalleled
innovation
and
the
support
of
world
class
faculty
that
committed
to
your
success
both
inside
and
outside
the
classroom.</span></p
academic
CALENDAR</strong></h3
check
here
for
semester
start
and
end
dates
school
holidays
commencement
and
more.</p
academic
ADVISING</strong></h3
the
advising
resource
center
provides
individual
collaborative
relationships
between
academic
advisors
and
students.</p
LIBRARIES</strong></h3
take
advantage
of&nbsp;arizona
libraries
to
help
you
study
research
and
achieve
your
academic
goals.</p
academic
CATALOGS</strong></h3
read
everything
you
need
to
know
about
courses
majors
colleges
policies
and
procedures.</p
think
TANK</strong></h3
tutoring
services
provided
to
students
providing
positive
environment
where
they
can
master
the
skills
needed
to
become
successful
lifelong
learners.</p
student
academic
POLICIES</strong></h3
look
here
for
policies
on
grades
registration
attendance
graduating
transferring
withdrawal
honors
and
more.</p
global
ENGAGEMENT</strong></h3
experience
the
global
influence
and
far
reaching
impact
of
one
of
the
top
of
universities
in
the
world
center
for
world
university
rankings
2022).</p
w.a.
franke
honors
COLLEGE</strong></h3
learn
more
about
w.a.
franke
honors
college
that
serves
nearly
4,000
high
achieving
undergraduates
the
honors
college
enables
students
to
strive
for
the
highest
levels
of
excellence
and
engage
in
research.</p
the
university
of
arizona
home
we
respectfully
acknowledge
the
university
of
arizona
is
on
the
land
and
territories
of
indigenous
peoples
today
arizona
is
home
to
federally
recognized
tribes
with
tucson
being
home
to
the
oodham
and
the
yaqui
committed
to
diversity
and
inclusion
the
university
strives
to
build
sustainable
relationships
with
sovereign
native
nations
and
indigenous
communities
through
education
offerings
partnerships
and
community
service.</em></p><hr
