function(){var
r={passive:!0,capture:!0},a
new
date
function(){i=[],t=-1,e
null
f(addeventlistener)},c
function(i
r){e||(e
new
date
f(removeeventlistener),u())},u
function(){if(t>=0&&t
window.datalayer
window.datalayer
||
window.datalayer.push({"platform":"gatsby
function(w
i){w[l]=w[l]||[];w[l].push({'gtm.start
new
date().gettime(),event:'gtm.js'});var
d.getElementsByTagName(s)[0
d.createelement(s),dl
l!='datalayer'?'&l='+l:'';j.async
true;j.src=
https://www.googletagmanager.com/gtm.js?id='+i+dl+'';f.parentnode.insertbefore(j,f
window
document,'script','datalayer
gtm
ML2BZB');</script><link
rel="sitemap
type="application
xml
href="/admissions
sitemap.xml"/><style>.gatsby
image
wrapper{position
relative;overflow
hidden}.gatsby
image
wrapper
picture.object
fit
polyfill{position
static!important}.gatsby
image
wrapper
img{bottom:0;height:100%;left:0;margin:0;max
width
none;padding:0;position
absolute;right:0;top:0;width:100%;object
fit
cover}.gatsby
image
wrapper
data
main
image]{opacity:0;transform
translateZ(0);transition
opacity
.25s
linear;will
change
opacity}.gatsby
image
wrapper
constrained{display
inline
block;vertical
align
top}</style><noscript><style>.gatsby
image
wrapper
noscript
data
main
image]{opacity:1!important}.gatsby
image
wrapper
data
placeholder
image]{opacity:0!important}</style></noscript><script
type="module">const
e="undefined"!=typeof
htmlimageelement&&"loading"in
htmlimageelement.prototype;e&&document.body.addeventlistener("load",(function(e){const
e.target;if(void
0===t.dataset.mainImage)return;if(void
0===t.dataset.gatsbyImageSsr)return;let
null
t;for(;null===a&&n;)void
0!==n.parentNode.dataset.gatsbyImageWrapper&&(a
n.parentnode),n
n.parentnode;const
a.queryselector("[data
placeholder
image]"),r
new
image;r.src
t.currentsrc
r.decode().catch((()=>{})).then((()=>{t.style.opacity=1,o&&(o.style.opacity=0,o.style.transition="opacity
500ms
linear")}))}),!0);</script><style
data
styled=
data
styled
version="6.1.8">.esEEhg{display
block;max
width:832px;width:100%;margin:120px
auto;padding:0px
24px;box
sizing
border
box;}/*!sc*/
.eseehg
figure{margin:0;margin
bottom:24px;}/*!sc*/
data
styled.g156[id="Story__StoryContainer
sc
hlmsvp-0"]{content:"esEEhg,"}/*!sc*/
.fxpouu{margin
bottom:60px;color:#0c234b;font
weight:900;}/*!sc*/
data
styled.g157[id="Story__StoryTitle
sc
hlmsvp-1"]{content:"fxpOuu,"}/*!sc*/
.kkysfg{display
block;position
relative;}/*!sc*/
data
styled.g158[id="Story__StoryCopy
sc
hlmsvp-2"]{content:"kKYSFg,"}/*!sc*/
.liewph{display
block;position
relative;margin
top:60px;color:#0c234b;}/*!sc*/
.liewph
h2{margin
bottom:0px;}/*!sc*/
.liewph
span{display
block;margin
bottom:12px;}/*!sc*/
data
styled.g159[id="Story__RelatedTopics
sc
hlmsvp-3"]{content:"liewph,"}/*!sc*/
.bfwnft{display
block;position
relative;padding
left:0;margin
left:0;}/*!sc*/
data
styled.g160[id="Story__AllRelatedTopics
sc
hlmsvp-4"]{content:"bfWNfT,"}/*!sc*/
.eboepy{display
block;padding
left:0;margin
left:0;}/*!sc*/
.eboepy
a{font
weight:700;}/*!sc*/
data
styled.g161[id="Story__Topic
sc
hlmsvp-5"]{content:"eboepY,"}/*!sc*/
.EKHNo{color:#0c234b;text
decoration
none;font
weight:700;}/*!sc*/
.ekhno
img{position
relative;top:2px;padding
right:12px;}/*!sc*/
.ekhno
hover{text
decoration
underline;}/*!sc*/
data
styled.g162[id="Story__StoryBack
sc
hlmsvp-6"]{content:"EKHNo,"}/*!sc*/
being
in
the
classroom
is
just
one
part
of
college
student&#x27;s
life
there
are
so
many
other
facets
to
college
career
we
are
all
beginning
to
come
into
our
own
as
people
in
this
world
and
with
that
comes
lot
of
choices
on
what
to
do
with
our
spare
time.</p><h3
dir="ltr"><span
class="text
azurite"><strong
get
Involved</strong></span></h3><p
dir="ltr"><em
for
patrick
involvement
created
an
opportunity
to
not
only
better
himself
but
others
around
him.</em></p><p
dir="ltr">for
me
involvement
has
been
an
important
part
of
my
life
since
was
young
child
involvement
is
what
keeps
me
motivated
outside
of
the
classroom
involvement
gives
me
this
vibe
this
feeling
that
I&#x27;m
fighting
for
something
bigger
than
myself
while
may
only
be
one
person
I&#x27;m
helping
others
and
it
makes
me
feel
big
almost
larger
than
life.</p><h3
dir="ltr"><span
class="text
azurite"><strong
find
your
Niche</strong></span></h3><p
dir="ltr"><em
patrick
connects
his
passion
for
public
service
with
his
personal
mission
to
help
others.</em></p><p
dir="ltr">one
of
my
passions
is
being
in
the
community
volunteering
for
local
campaigns
throughout
the
city
of
tucson
am
strong
advocate
for
public
education
and
the
importance
that
it
brings
to
community
as
service
ve
advocated
for
public
school
funding
throughout
the
state
of
arizona
and
have
even
had
discussions
with
the
county
supervisors
about
how
to
bring
more
of
the
younger
generation
to
the
table
of
government
and
help
make
decisions
that
are
going
to
impact
them
and
their
future.</p><p
dir="ltr">i
am
political
junkie
for
all
of
the
right
reasons
what
find
most
fulfilling
about
public
service
is
knowing
that
I&#x27;ve
helped
someone
that
fulfillment
comes
through
being
involved
in
the
community
that
surrounds
me.</p><h3
dir="ltr"><span
class="text
azurite"><strong
keep
Schedule</strong></span></h3><p
dir="ltr"><em
with
added
involvement
comes
greater
responsibility
and
to
maintain
successful
balance
in
and
outside
of
the
classroom
patrick
sets
goals
each
day.</em></p><p
dir="ltr">with
doing
things
outside
of
class
and
filling
up
that
spare
time
staying
organized
believe
is
important
to
balanced
life
both
in
and
out
of
school
You&#x27;re
juggling
so
many
things
at
one
time
just
making
sure
that
put
my
priorities
in
row
and
make
sure
that
know
what
priority
number
one
is
two
three
four
five
and
six
so
that
can
be
successful
at
the
end
of
the
day.</p><h3
dir="ltr"><span
class="text
azurite"><strong
stay
true
to
Yourself</strong></span></h3><p
dir="ltr"><em
remember
the
big
picture
and
never
ever
forget
who
you
are.</em></p><p
dir="ltr">i
will
leave
you
with
this
as
you
continue
your
journey
the
best
piece
of
advice
that
I&#x27;ve
ever
gotten
was
that
the
two
best
days
in
your
life
are
the
day
you
were
born
and
the
day
you
figure
out
why
here
at
the
university
of
arizona
was
able
to
discover
my
why
believe
I&#x27;m
here
on
this
planet
to
make
positive
difference
and
in
whatever
sector
that
found
myself
in
this
world
find
your
reason
why.</p><hr/><p
ready
to
find
your
place
within
our
amazing
student
community
Topics</h2><span
explore
more
student
stories
by
topic.</span><ul
class="story__allrelatedtopics
sc
hlmsvp-4
bfwnft"><li
kye="9b9463ea-3a2a-596a-95e9
427791a58d0b
class="story__topic
sc
hlmsvp-5
eboepy"><a
href="/admissions
admissions
student
story
topics
getting
involved">getting
involved
window.___chunkmapping="{\"app\":[\"/app
e175106ee86c2da2d248.js\"],\"component
src
pages-404
js\":[\"/component
src
pages-404
js-05c968c3815bb83ac866.js\"],\"component
src
pages
index
js\":[\"/component
src
pages
index
js
cf61e914446c10204cc2.js\"],\"component
src
templates
page
js\":[\"/component
src
templates
page
js-23a0eab192e86db955d0.js\"],\"component
src
templates
story
js\":[\"/component
src
templates
story
js-7ec35b365b55a0787de8.js\"],\"component
src
templates
story
topic
page
js\":[\"/component
src
templates
story
topic
page
js-832c8144a61ef22d62fa.js\
window.___webpackCompilationHash="623589fe05642a67018b";</script><script
src="/admissions
webpack
runtime
f61de292145fdc8ef9a4.js
async></script><script
src="/admissions
framework-51630f583d3479827eba.js
async></script><script
src="/admissions
app
e175106ee86c2da2d248.js
async></script><!--
slice
end
id="_gatsby
scripts-1
--></body></html
