try{typekit.load
async
true
catch(e){}</script
integrating
the
study
of
mind
brain
behavior
and
language
cognitive
linguistic
psychological
sciences
brown
university</title
@import
url("https://www.brown.edu
academics
cognitive
linguistic
psychological
sciences
modules
system
system.base.css?ruusn4
@import
url("https://www.brown.edu
academics
cognitive
linguistic
psychological
sciences
modules
system
system.menus.css?ruusn4
@import
url("https://www.brown.edu
academics
cognitive
linguistic
psychological
sciences
modules
system
system.messages.css?ruusn4
@import
url("https://www.brown.edu
academics
cognitive
linguistic
psychological
sciences
modules
system
system.theme.css?ruusn4
@import
url("https://www.brown.edu
academics
cognitive
linguistic
psychological
sciences
sites
all
modules
contrib
date
date_api
date.css?ruusn4
@import
url("https://www.brown.edu
academics
cognitive
linguistic
psychological
sciences
sites
all
modules
contrib
date
date_popup
themes
datepicker.1.7.css?ruusn4
@import
url("https://www.brown.edu
academics
cognitive
linguistic
psychological
sciences
sites
all
modules
contrib
fences
field.css?ruusn4
@import
url("https://www.brown.edu
academics
cognitive
linguistic
psychological
sciences
sites
all
modules
contrib
google_cse
google_cse.css?ruusn4
@import
url("https://www.brown.edu
academics
cognitive
linguistic
psychological
sciences
modules
node
node.css?ruusn4
@import
url("https://www.brown.edu
academics
cognitive
linguistic
psychological
sciences
sites
all
modules
contrib
picture
picture_wysiwyg.css?ruusn4
@import
url("https://www.brown.edu
academics
cognitive
linguistic
psychological
sciences
modules
search
search.css?ruusn4
@import
url("https://www.brown.edu
academics
cognitive
linguistic
psychological
sciences
modules
user
user.css?ruusn4
@import
url("https://www.brown.edu
academics
cognitive
linguistic
psychological
sciences
sites
all
modules
contrib
views
css
views.css?ruusn4
@import
url("https://www.brown.edu
academics
cognitive
linguistic
psychological
sciences
sites
all
modules
contrib
ckeditor
css
ckeditor.css?ruusn4
@import
url("https://www.brown.edu
academics
cognitive
linguistic
psychological
sciences
sites
all
modules
contrib
ctools
css
ctools.css?ruusn4
@import
url("https://www.brown.edu
academics
cognitive
linguistic
psychological
sciences
sites
all
modules
contrib
shib_auth
shib_auth.css?ruusn4
@import
url("https://www.brown.edu
academics
cognitive
linguistic
psychological
sciences
sites
all
modules
custom
contact_info
theme
contact_info.css?ruusn4
@import
url("https://www.brown.edu
academics
cognitive
linguistic
psychological
sciences
sites
all
themes
custom
university
css
university.min.css?ruusn4
@import
url("https://www.brown.edu
academics
cognitive
linguistic
psychological
sciences
sites
all
themes
custom
university
css
print.css?ruusn4
@import
url("https://www.brown.edu
academics
cognitive
linguistic
psychological
sciences
sites
clps
files
css_injector
css_injector_21.css?ruusn4
@import
url("https://www.brown.edu
academics
cognitive
linguistic
psychological
sciences
sites
clps
files
css_injector
css_injector_22.css?ruusn4
skip
to
main
content</a></li
skip
to
primary
site
menu</a></li
search</span
information
for</h3
top
Destinations</h3
cognitive
linguistic
amp
psychological
sciences
metcalf
research
building
brown
university
metcalf
research
building
home
of
the
clps
department
at
brown
university
integrating
the
study
of
mind
brain
behavior
and
language
the
department
of
cognitive
linguistic
and
psychological
sciences
clps
was
created
in
by
joining
the
departments
of
psychology
established
in
and
cognitive
amp
linguistic
sciences
formed
in
state
of
the
art
research
in
mind
brain
behavior
and
language
requires
spanning
multiple
levels
of
analysis
and
using
range
of
approaches
and
methodologies
and
the
integration
of
these
two
closely
related
departments
has
created
an
environment
where
this
intellectual
synthesis
can
flourish
the
creation
of
clps
reflects
browns
philosophy
to
build
bridges
between
disciplines
and
to
encourage
interdisciplinary
studies
announcement
regarding
linguistics
as
of
fall
brown
linguistics
is
an
independent
program
separate
from
the
clps
department
information
on
the
linguistics
program
its
faculty
research
concentrations
and
course
offerings
can
be
found
on
the
program
's
cognitive
linguistic
psychological
Sciences</h2
accessible
icon
phone:</dt
fax:</dt
brown
University</h1></a
document.createelement
picture
jquery.extend(drupal.settings
basepath":"\/academics\/cognitive
linguistic
psychological
sciences\/","pathPrefix":"","setHasJsCookie":0,"ajaxPageState":{"theme":"university","theme_token":"CH077KLh37o
j3a-_IPmMTDEBB6kffJLf137Xr
IQW8","js":{"sites\/all\/modules\/contrib\/picture\/picturefill2\/picturefill.min.js":1,"sites\/all\/modules\/contrib\/picture\/picture.min.js":1,"sites\/all\/modules\/custom\/bs2
search\/js\/bs2
search.js":1,"sites\/all\/modules\/contrib\/jquery_update\/replace\/jquery\/1.10\/jquery.min.js":1,"misc\/jquery
extend-3.4.0.js":1,"misc\/jquery
html
prefilter-3.5.0
backport.js":1,"misc\/jquery.once.js":1,"misc\/drupal.js":1,"0":1,"sites\/all\/modules\/contrib\/google_cse\/google_cse.js":1,"sites\/all\/themes\/contrib\/mothership\/mothership\/js\/contextual.js":1,"sites\/all\/themes\/custom\/university\/js\/university.js":1,"sites\/all\/themes\/custom\/university\/js\/jquery.waypoints.min.js":1},"css":{"modules\/system\/system.base.css":1,"modules\/system\/system.menus.css":1,"modules\/system\/system.messages.css":1,"modules\/system\/system.theme.css":1,"sites\/all\/modules\/contrib\/date\/date_api\/date.css":1,"sites\/all\/modules\/contrib\/date\/date_popup\/themes\/datepicker.1.7.css":1,"modules\/field\/theme\/field.css":1,"sites\/all\/modules\/contrib\/google_cse\/google_cse.css":1,"modules\/node\/node.css":1,"sites\/all\/modules\/contrib\/picture\/picture_wysiwyg.css":1,"modules\/search\/search.css":1,"modules\/user\/user.css":1,"sites\/all\/modules\/contrib\/views\/css\/views.css":1,"sites\/all\/modules\/contrib\/ckeditor\/css\/ckeditor.css":1,"sites\/all\/modules\/contrib\/ctools\/css\/ctools.css":1,"sites\/all\/modules\/contrib\/shib_auth\/shib_auth.css":1,"sites\/all\/modules\/custom\/contact_info\/theme\/contact_info.css":1,"\/\/cloud.typography.com\/793622\/644668\/css\/fonts.css":1,"sites\/all\/themes\/custom\/university\/css\/university.min.css":1,"sites\/all\/themes\/custom\/university\/css\/print.css":1,"public:\/\/css_injector\/css_injector_21.css":1,"public:\/\/css_injector\/css_injector_22.css":1}},"bs2_search":{"cse_id":"001311030293454891064
lwlrsw9qt3o","show_autocomplete":0},"googleCSE":{"cx":"001311030293454891064
lwlrsw9qt3o
public
urlget
code","language":"","resultsWidth":600,"domain":"www.google.com","showWaterMark":1},"better_exposed_filters":{"views":{"slideshow":{"displays":{"block_1":{"filters":[]}}},"ut_banners":{"displays":{"sitewide_banner":{"filters":[]}}}}},"currentPath":"node\/66","currentPathIsAdmin":false,"urlIsAjaxTrusted":{"\/academics\/cognitive
linguistic
psychological
sciences\/":true}});</script
