var
r={2983:(e
r)=>{"use
strict";r.d(t,{D0:()=>v
gd:()=>y
vp:()=>s
oc:()=>x
fr:()=>_,jd:()=>p
hr:()=>a
xn:()=>b
x1:()=>c
an:()=>t
v:()=>j});var
r(384),i
r(7864);const
o={beacon
n.
nt.beacon
errorbeacon
n.
nt.errorbeacon
licensekey
void
0,applicationID
void
0,sa
void
0,queueTime
void
0,applicationTime
void
0,ttGuid
void
0,user
void
0,account
void
0,product
void
0,extra
void
0,jsAttributes:{},userAttributes
void
0,atts
void
0,transactionName
void
0,tNamePlain
void
0},a={};function
s(e){if(!e)throw
new
error("all
info
objects
require
an
agent
identifier!");if(!a[e])throw
new
error("info
for
.concat(e
was
never
set"));return
a[e]}function
c(e
t){if(!e)throw
new
error("all
info
objects
require
an
agent
identifier!");a[e]=(0,i.a)(t
o);const
r=(0,n.nY)(e);r&&(r.info
a[e])}var
r(993);const
e=>{if(!e||"string"!=typeof
e)return!1;try{document.createDocumentFragment().querySelector(e)}catch{return!1}return!0};var
r(2614),f
r(944);const
h="[data
nr
mask]",g=()=>{const
e={mask_selector:"*",block_selector:"[data
nr
block]",mask_input_options:{color:!1,date:!1,"datetime
local":!1,email:!1,month:!1,number:!1,range:!1,search:!1,tel:!1,text:!1,time:!1,url:!1,week:!1,textarea:!1,select:!1,password:!0}};return{ajax:{deny_list
void
0,block_internal:!0,enabled:!0,harvestTimeSeconds:10,autoStart:!0},distributed_tracing:{enabled
void
0,exclude_newrelic_header
void
0,cors_use_newrelic_header
void
0,cors_use_tracecontext_headers
void
0,allowed_origins
void
0},feature_flags:[],generic_events:{enabled:!0,harvestTimeSeconds:30,autoStart:!0},harvest:{tooManyRequestsDelay:60},jserrors:{enabled:!0,harvestTimeSeconds:10,autoStart:!0},logging:{enabled:!0,harvestTimeSeconds:10,autoStart:!0,level
u.p_.INFO},metrics:{enabled:!0,autoStart:!0},obfuscate
void
0,page_action:{enabled:!0},page_view_event:{enabled:!0,autoStart:!0},page_view_timing:{enabled:!0,harvestTimeSeconds:30,long_task:!1,autoStart:!0},privacy:{cookies_enabled:!0},proxy:{assets
void
0,beacon
void
0},session:{expiresMs
l.wk
inactivems
l.
BB},session_replay:{autoStart:!0,enabled:!1,harvestTimeSeconds:60,preload:!1,sampling_rate:10,error_sampling_rate:100,collect_fonts:!1,inline_images:!1,inline_stylesheet:!0,fix_stylesheets:!0,mask_all_inputs:!0,get
mask_text_selector(){return
e.mask_selector},set
mask_text_selector(t){d(t)?e.mask_selector="".concat(t,",").concat(h):""===t||null===t?e.mask_selector
h:(0,f
R)(5,t)},get
block_class(){return"nr
block"},get
ignore_class(){return"nr
ignore"},get
mask_text_class(){return"nr
mask"},get
block_selector(){return
e.block_selector},set
block_selector(t){d(t)?e.block_selector+=",".concat(t):""!==t&&(0,f
R)(6,t)},get
mask_input_options(){return
e.mask_input_options},set
mask_input_options(t){t&&"object"==typeof
t?e.mask_input_options={
password:!0}:(0,f
R)(7,t)}},session_trace:{enabled:!0,harvestTimeSeconds:10,autoStart:!0},soft_navigations:{enabled:!0,harvestTimeSeconds:10,autoStart:!0},spa:{enabled:!0,harvestTimeSeconds:10,autoStart:!0},ssl
void
0}},p={},m="All
configuration
objects
require
an
agent
identifier!";function
v(e){if(!e)throw
new
error(m);if(!p[e])throw
new
error("configuration
for
.concat(e
was
never
set"));return
p[e]}function
b(e
t){if(!e)throw
new
Error(m);p[e]=(0,i.a)(t
g());const
r=(0,n.nY)(e);r&&(r.init
p[e])}function
y(e
t){if(!e)throw
new
error(m);var
v(e);if(r){for(var
t.split("
"),i=0;i
t.length)&&t.indexof(e)===t.length
e.length}function
c(e
t){return
0===e.indexOf("/")&&(e
e.substring(1)),0===t.indexOf("/")&&(t
t.substring(1)),""===e||e===t}},1687:(e
r)=>{"use
strict";r.d(t,{ak:()=>s
ze:()=>d
x3:()=>c});var
r(7836),i
r(3606),o
r(860);const
a={};function
s(e
t){const
r={staged:!1,priority
:o
P[t]||0};u(e),a[e].get(t)||a[e].set(t
r)}function
c(e
t){e&&a[e]&&(a[e].get(t)&&a[e].delete(t),f(e
t,!1),a[e].size&&l(e))}function
u(e){if(!e)throw
new
error("agentidentifier
required");a[e]||(a[e]=new
map)}function
d(){let
arguments.length>0&&void
0!==arguments[0]?arguments[0]:"",t
arguments.length>1&&void
0!==arguments[1]?arguments[1]:"feature",r
arguments.length>2&&void
0!==arguments[2]&&arguments[2];if(u(e),!e||!a[e].get(t)||r)return
f(e
t);a[e].get(t).staged=!0,l(e)}function
l(e){const
array.from(a[e]);t.every((e=>{let[t
r]=e;return
r.staged}))&&(t.sort(((e
t)=>e[1].priority
t[1].priority)),t.forEach((t=>{let[r]=t;a[e].delete(r),f(e
r)})))}function
f(e
t){let
r=!(arguments.length>2&&void
0!==arguments[2])||arguments[2];const
e?n.ee.get(e):n.ee
i.i.handlers;if(!o.aborted&&o.backlog&&a){if(r){const
o.backlog[t],r
a[t];if(r){for(let
t=0;e&&t
t.max&&(t.max
e),e
about
brown
brown
university</title
about
Brown</h1
founded
in
brown
is
nonprofit
leading
research
university
home
to
world
renowned
faculty
and
also
an
innovative
educational
institution
where
the
curiosity
creativity
and
intellectual
joy
of
students
drives
academic
excellence.</p
the
spirit
of
the
undergraduate
infuses
every
aspect
of
the
university
brown
is
place
where
rigorous
scholarship
complex
problem
solving
and
service
to
the
public
good
are
defined
by
intense
collaboration
intellectual
discovery
and
working
in
ways
that
transcend
traditional
boundaries
as
private
nonprofit
institution
the
university
advances
its
mission
through
support
from
community
invested
in
brown
's
commitment
to
advance
knowledge
and
make
positive
difference
locally
and
globally.</p
providence
rhode
island
brown
's
home
for
more
than
two
and
half
centuries
is
vibrant
place
to
live
work
and
study
stimulating
hub
for
innovation
and
city
rich
in
cultural
diversity.</p
undergraduate
students</p
graduate
students</p
medical
school
students</p
summer
visiting
and
online
students</p
full
time
faculty</p
solutions
to
critical
complex
problems</h2
brown
students
and
faculty
are
tackling
the
nations
opioid
crisis
planning
the
next
mars
landing
site
uncovering
the
locations
of
ancient
civilizations
advising
world
leaders
on
new
political
models
exploring
new
frontiers
in
multimedia
arts
in
each
of
their
intellectual
endeavors
our
scholars
and
researchers
are
uncommonly
driven
by
the
belief
that
their
work
must
and
will
have
an
impact
in
their
communities
in
society
and
the
world.</p
we
are
learning
community
grounded
in
commitment
of
respect
for
the
diversity
of
viewpoints
that
is
fundamentally
essential
to
intellectual
discovery
we
encourage
the
right
of
all
individuals
to
express
ideas
and
perspectives
and
we
embrace
the
value
of
vigorous
debate
in
pursuit
of
knowledge.</p
in
washington
post
forum
brown
president
christina
paxson
defended
the
role
that
academic
freedom
plays
in
advancing
knowledge
impact
is
magazine
devoted
solely
to
the
universitys
research
it
tells
the
stories
of
faculty
and
student
achievements
and
their
influence
in
solving
critical
problems
in
the
world
through
their
exploration
an
undergrad
reported
series
on
elder
abuse
launched
in
the
providence
journal
may
influence
rhode
island
policy
innovative
student
centered
learning</h2
browns
academic
excellence
is
rooted
in
student
centered
model
of
learning
the
open
curriculum
is
flexible
but
rigorous
approach
to
education
that
pushes
students
to
be
creative
thinkers
intellectual
risk
takers
and
entrepreneurial
problem
solvers
brown
undergraduates
enjoy
the
freedom
to
study
what
they
choose
and
the
flexibility
to
discover
what
they
love
students
leave
brown
prepared
to
thrive
as
independent
innovative
leaders
no
matter
what
path
they
choose.</p
browns
graduate
and
professional
programs
offer
intensive
learning
and
research
experiences
that
respect
and
develop
each
scholars
interests
and
ideas
within
their
intended
specialty
equipping
them
with
the
tools
they
need
to
become
the
next
generation
of
leaders
in
their
fields.</p
browns
flexible
yet
rigorous
approach
to
education
pushes
undergraduates
to
be
deeply
creative
thinkers
intellectual
risk
takers
and
entrepreneurial
problem
solvers
at
brown
undergraduates
are
creators
leaders
and
doers
who
are
not
satisfied
with
merely
raising
questions
they
learn
to
confront
address
and
solve
problems
facing
society
the
nation
and
the
world
brown
has
earned
global
reputation
for
its
innovative
undergraduate
educational
experience
scholarship
that
transcends
boundaries
brown
brings
people
together
in
creative
unexpected
ways
by
transcending
boundaries
between
fields
of
study
scholars
are
better
equipped
to
create
opportunities
address
challenges
and
explore
areas
of
inquiry
ripe
for
discovery
this
intensely
collaborative
culture
infuses
all
of
the
universitys
endeavors
these
are
just
few
illustrations
of
how
brown
convenes
the
diverse
range
of
perspectives
insights
and
expertise
that
todays
complex
scientific
and
societal
challenges
demand
carney
institute
with
researchers
from
departments
ranging
from
neurology
and
neurosurgery
to
engineering
computer
science
and
more
the
carney
institute
for
brain
science
is
deciphering
the
brain
and
pursuing
breakthroughs
for
some
of
the
worlds
most
devastating
diseases
such
as
als
and
alzheimers
watson
institute
for
international
and
public
affairs
economists
historians
political
scientists
and
sociologists
at
the
watson
institute
for
international
and
public
affairs
inform
each
others
efforts
to
craft
policy
solutions
that
can
change
systems
and
societies
for
the
better
institute
at
brown
for
environment
and
society
at
the
institute
at
brown
for
environment
and
society
scholars
in
the
sciences
social
sciences
and
humanities
work
together
to
confront
the
causes
and
impacts
of
climate
change
research
at
brown
brown
is
leading
research
university
where
stellar
faculty
and
student
researchers
deploy
deep
contentknowledge
to
generate
new
discoveries
on
those
issues
and
many
more
what
sets
their
work
apart
collectively
Brown&#039;s
researchers
are
driven
by
the
idea
that
their
work
will
have
positive
impact
in
the
world
brown
together
var
www_root
var
static_root
/themes
custom
brown
static/
