undergraduate
department
of
mathematics
brown
university</title
@import
url("https://www.brown.edu
academics
math
modules
system
system.base.css?ruuudi
@import
url("https://www.brown.edu
academics
math
modules
system
system.menus.css?ruuudi
@import
url("https://www.brown.edu
academics
math
modules
system
system.messages.css?ruuudi
@import
url("https://www.brown.edu
academics
math
modules
system
system.theme.css?ruuudi
@import
url("https://www.brown.edu
academics
math
modules
comment
comment.css?ruuudi
@import
url("https://www.brown.edu
academics
math
sites
all
modules
contrib
date
date_api
date.css?ruuudi
@import
url("https://www.brown.edu
academics
math
sites
all
modules
contrib
fences
field.css?ruuudi
@import
url("https://www.brown.edu
academics
math
modules
node
node.css?ruuudi
@import
url("https://www.brown.edu
academics
math
sites
all
modules
contrib
picture
picture_wysiwyg.css?ruuudi
@import
url("https://www.brown.edu
academics
math
modules
search
search.css?ruuudi
@import
url("https://www.brown.edu
academics
math
modules
user
user.css?ruuudi
@import
url("https://www.brown.edu
academics
math
sites
all
modules
contrib
views
css
views.css?ruuudi
@import
url("https://www.brown.edu
academics
math
sites
all
modules
contrib
ckeditor
css
ckeditor.css?ruuudi
@import
url("https://www.brown.edu
academics
math
sites
all
modules
contrib
ctools
css
ctools.css?ruuudi
@import
url("https://www.brown.edu
academics
math
sites
all
modules
contrib
shib_auth
shib_auth.css?ruuudi
@import
url("https://www.brown.edu
academics
math
sites
all
modules
custom
contact_info
theme
contact_info.css?ruuudi
@import
url("https://www.brown.edu
academics
math
sites
all
modules
contrib
node_embed
plugins
node_embed
node_embed.css?ruuudi
@import
url("https://www.brown.edu
academics
math
sites
all
themes
custom
pawcatuck
css
pawcatuck.css?ruuudi
@import
url("https://www.brown.edu
academics
math
sites
all
themes
custom
pawcatuck
css
print.css?ruuudi
@import
url("https://www.brown.edu
academics
math
sites
math
files
css_injector
css_injector_2.css?ruuudi
skip
to
main
content</a></li
skip
to
primary
site
menu</a></li
Undergraduate</h1
welcome
to
the
brown
math
department
check
out
the
links
in
the
sidebar
to
find
information
you
need
about
course
placement
concentration
and
opportunities
available
through
the
math
department
learn
More</h3
Find</h3
information
for</h3
top
Destinations</h3
department
of
Mathematics</h2
phone:</dt
fax:</dt
brown
University</h1
amp
brown
university</span></p
document.createelement
picture
jquery.extend(drupal.settings
basePath":"\/academics\/math\/","pathPrefix":"","setHasJsCookie":0,"ajaxPageState":{"theme":"pawcatuck","theme_token":"_uq0dAe7ZUEqY6oNGTfYEscXDuwTtAFVrEJnJTGrTDI","js":{"sites\/all\/modules\/contrib\/picture\/picturefill2\/picturefill.min.js":1,"sites\/all\/modules\/contrib\/picture\/picture.min.js":1,"sites\/all\/modules\/custom\/bs2
search\/js\/bs2
search.js":1,"sites\/all\/modules\/contrib\/jquery_update\/replace\/jquery\/1.10\/jquery.min.js":1,"misc\/jquery
extend-3.4.0.js":1,"misc\/jquery
html
prefilter-3.5.0
backport.js":1,"misc\/jquery.once.js":1,"misc\/drupal.js":1,"0":1,"sites\/all\/themes\/contrib\/mothership\/mothership\/js\/contextual.js":1,"sites\/all\/themes\/custom\/pawcatuck\/js\/min\/pawcatuck.min.js":1},"css":{"modules\/system\/system.base.css":1,"modules\/system\/system.menus.css":1,"modules\/system\/system.messages.css":1,"modules\/system\/system.theme.css":1,"modules\/comment\/comment.css":1,"sites\/all\/modules\/contrib\/date\/date_api\/date.css":1,"modules\/field\/theme\/field.css":1,"modules\/node\/node.css":1,"sites\/all\/modules\/contrib\/picture\/picture_wysiwyg.css":1,"modules\/search\/search.css":1,"modules\/user\/user.css":1,"sites\/all\/modules\/contrib\/views\/css\/views.css":1,"sites\/all\/modules\/contrib\/ckeditor\/css\/ckeditor.css":1,"sites\/all\/modules\/contrib\/ctools\/css\/ctools.css":1,"sites\/all\/modules\/contrib\/shib_auth\/shib_auth.css":1,"sites\/all\/modules\/custom\/contact_info\/theme\/contact_info.css":1,"sites\/all\/modules\/contrib\/node_embed\/plugins\/node_embed\/node_embed.css":1,"\/\/cloud.typography.com\/793622\/644668\/css\/fonts.css":1,"sites\/all\/themes\/custom\/pawcatuck\/css\/pawcatuck.css":1,"sites\/all\/themes\/custom\/pawcatuck\/css\/color.css":1,"sites\/all\/themes\/custom\/pawcatuck\/css\/print.css":1,"public:\/\/css_injector\/css_injector_2.css":1}},"bs2_search":{"cse_id":"001311030293454891064
lwlrsw9qt3o","show_autocomplete":0},"picture":{"mappings":[["thumb","thumb"],["square","square"],["half
column","half_column"],["full
column","full_column"],["billboard","billboard"],["not
set","not_set"]],"label":"image
size
required)"},"currentPath":"node\/74","currentPathIsAdmin":false});</script
