pledge
with
purpose
call
to
action
for
zero
waste
campus
at
boston
university
sustainability</title
var
r={2983:(e
r)=>{"use
strict";r.d(t,{D0:()=>v
gd:()=>y
vp:()=>s
oc:()=>w
fr:()=>i
jd:()=>p
hr:()=>a
xn:()=>b
x1:()=>c
an:()=>t
v:()=>j});var
r(384),i
r(7864);const
o={beacon
n.
nt.beacon
errorbeacon
n.
nt.errorbeacon
licensekey
void
0,applicationID
void
0,sa
void
0,queueTime
void
0,applicationTime
void
0,ttGuid
void
0,user
void
0,account
void
0,product
void
0,extra
void
0,jsAttributes:{},userAttributes
void
0,atts
void
0,transactionName
void
0,tNamePlain
void
0},a={};function
s(e){if(!e)throw
new
error("all
info
objects
require
an
agent
identifier!");if(!a[e])throw
new
error("info
for
.concat(e
was
never
set"));return
a[e]}function
c(e
t){if(!e)throw
new
error("all
info
objects
require
an
agent
identifier!");a[e]=(0,i.a)(t
o);const
r=(0,n.nY)(e);r&&(r.info
a[e])}var
r(993);const
e=>{if(!e||"string"!=typeof
e)return!1;try{document.createDocumentFragment().querySelector(e)}catch{return!1}return!0};var
r(2614),h
r(944);const
f="[data
nr
mask]",g=()=>{const
e={mask_selector:"*",block_selector:"[data
nr
block]",mask_input_options:{color:!1,date:!1,"datetime
local":!1,email:!1,month:!1,number:!1,range:!1,search:!1,tel:!1,text:!1,time:!1,url:!1,week:!1,textarea:!1,select:!1,password:!0}};return{ajax:{deny_list
void
0,block_internal:!0,enabled:!0,harvestTimeSeconds:10,autoStart:!0},distributed_tracing:{enabled
void
0,exclude_newrelic_header
void
0,cors_use_newrelic_header
void
0,cors_use_tracecontext_headers
void
0,allowed_origins
void
0},feature_flags:[],generic_events:{enabled:!0,harvestTimeSeconds:30,autoStart:!0},harvest:{tooManyRequestsDelay:60},jserrors:{enabled:!0,harvestTimeSeconds:10,autoStart:!0},logging:{enabled:!0,harvestTimeSeconds:10,autoStart:!0,level
d.p_.INFO},metrics:{enabled:!0,autoStart:!0},obfuscate
void
0,page_action:{enabled:!0},page_view_event:{enabled:!0,autoStart:!0},page_view_timing:{enabled:!0,harvestTimeSeconds:30,long_task:!1,autoStart:!0},privacy:{cookies_enabled:!0},proxy:{assets
void
0,beacon
void
0},session:{expiresMs
l.wk
inactivems
l.
BB},session_replay:{autoStart:!0,enabled:!1,harvestTimeSeconds:60,preload:!1,sampling_rate:10,error_sampling_rate:100,collect_fonts:!1,inline_images:!1,inline_stylesheet:!0,fix_stylesheets:!0,mask_all_inputs:!0,get
mask_text_selector(){return
e.mask_selector},set
mask_text_selector(t){u(t)?e.mask_selector="".concat(t,",").concat(f):""===t||null===t?e.mask_selector
f:(0,h
R)(5,t)},get
block_class(){return"nr
block"},get
ignore_class(){return"nr
ignore"},get
mask_text_class(){return"nr
mask"},get
block_selector(){return
e.block_selector},set
block_selector(t){u(t)?e.block_selector+=",".concat(t):""!==t&&(0,h
R)(6,t)},get
mask_input_options(){return
e.mask_input_options},set
mask_input_options(t){t&&"object"==typeof
t?e.mask_input_options={
password:!0}:(0,h
R)(7,t)}},session_trace:{enabled:!0,harvestTimeSeconds:10,autoStart:!0},soft_navigations:{enabled:!0,harvestTimeSeconds:10,autoStart:!0},spa:{enabled:!0,harvestTimeSeconds:10,autoStart:!0},ssl
void
0}},p={},m="All
configuration
objects
require
an
agent
identifier!";function
v(e){if(!e)throw
new
error(m);if(!p[e])throw
new
error("configuration
for
.concat(e
was
never
set"));return
p[e]}function
b(e
t){if(!e)throw
new
Error(m);p[e]=(0,i.a)(t
g());const
r=(0,n.nY)(e);r&&(r.init
p[e])}function
y(e
t){if(!e)throw
new
error(m);var
v(e);if(r){for(var
t.split("
"),i=0;i
t.length)&&t.indexof(e)===t.length
e.length}function
c(e
t){return
0===e.indexOf("/")&&(e
e.substring(1)),0===t.indexOf("/")&&(t
t.substring(1)),""===e||e===t}},1687:(e
r)=>{"use
strict";r.d(t,{ak:()=>s
ze:()=>u
x3:()=>c});var
r(7836),i
r(3606),o
r(860);const
a={};function
s(e
t){const
r={staged:!1,priority
:o
P[t]||0};d(e),a[e].get(t)||a[e].set(t
r)}function
c(e
t){e&&a[e]&&(a[e].get(t)&&a[e].delete(t),h(e
t,!1),a[e].size&&l(e))}function
d(e){if(!e)throw
new
error("agentidentifier
required");a[e]||(a[e]=new
map)}function
u(){let
arguments.length>0&&void
0!==arguments[0]?arguments[0]:"",t
arguments.length>1&&void
0!==arguments[1]?arguments[1]:"feature",r
arguments.length>2&&void
0!==arguments[2]&&arguments[2];if(d(e),!e||!a[e].get(t)||r)return
h(e
t);a[e].get(t).staged=!0,l(e)}function
l(e){const
array.from(a[e]);t.every((e=>{let[t
r]=e;return
r.staged}))&&(t.sort(((e
t)=>e[1].priority
t[1].priority)),t.forEach((t=>{let[r]=t;a[e].delete(r),h(e
r)})))}function
h(e
t){let
r=!(arguments.length>2&&void
0!==arguments[2])||arguments[2];const
e?n.ee.get(e):n.ee
i.i.handlers;if(!o.aborted&&o.backlog&&a){if(r){const
o.backlog[t],r
a[t];if(r){for(let
t=0;e&&t
t.max&&(t.max
e),e
var
gtm4wp_datalayer_name
datalayer
var
datalayer
datalayer
||
window._wpemojisettings
baseUrl":"https:\/\/s.w.org\/images\/core\/emoji\/12.0.0
1\/72x72\/","ext":".png","svgUrl":"https:\/\/s.w.org\/images\/core\/emoji\/12.0.0
1\/svg\/","svgExt":".svg","source":{"concatemoji":"https:\/\/www.bu.edu\/sustainability\/wp
includes\/js\/wp
emoji
release.min.js?ver=5.4.2
this
file
is
auto
generated
function(e
t){var
a.createelement("canvas"),s
p.getContext&&p.getContext("2d");function
c(e
t){var
String.fromCharCode;s.clearRect(0,0,p.width
p.height),s.filltext(a.apply(this
e),0,0);var
p.todataurl();return
s.clearRect(0,0,p.width
p.height),s.filltext(a.apply(this
t),0,0),r===p.toDataURL()}function
l(e){if(!s||!s.fillText)return!1;switch(s.textBaseline="top",s.font="600
32px
Arial",e){case"flag":return!c([127987,65039,8205,9895,65039],[127987,65039,8203,9895,65039])&&(!c([55356,56826,55356,56819],[55356,56826,8203,55356,56819])&&!c([55356,57332,56128,56423,56128,56418,56128,56421,56128,56430,56128,56423,56128,56447],[55356,57332,8203,56128,56423,8203,56128,56418,8203,56128,56421,8203,56128,56430,8203,56128,56423,8203,56128,56447]));case"emoji":return!c([55357,56424,55356,57342,8205,55358,56605,8205,55357,56424,55356,57340],[55357,56424,55356,57342,8203,55358,56605,8203,55357,56424,55356,57340])}return!1}function
d(e){var
a.createelement("script");t.src
t.defer
t.type="text
javascript",a.getElementsByTagName("head")[0].appendChild(t)}for(i
Array("flag","emoji"),t.supports={everything:!0,everythingExceptFlag:!0},o=0;o
img.wp
smiley
img.emoji
display
inline
important
border
none
important
box
shadow
none
important
height
1em
important
width
1em
important
margin
.07em
important
vertical
align
-0.1em
important
background
none
important
padding
important
wpadminbar
wp
admin
bar
my
networks
.ab
item
first
child
before
content
\f325
top
3px
//<![cdata
function
bu_ga_track_pageview(e){var
bu_ga_get_trackers();for(e||(e
void
0),_gaq.push(["_trackPageview",e]),a=0;a
window.datalayer
window.datalayer
||
function
gtag(){datalayer.push(arguments
gtag('js
new
date
gtag('config
G-0Z1EBE5RV7
dataLayer.push({"pagePostType":"post","pagePostType2":"single
post","pagecategory":["campus
news","zero
waste"],"pagepostauthor":"mollers
.bulp
projects
vertical
right
.bulp
projects
.bulp
item
content
align
items
flex
start
.bulp
projects
vertical
right
.bulp
projects
.bulp
item
title
font
size
1.444em
.bulp
projects
vertical
right
.bulp
projects
.bulp
item
content
.bulp
article
readmore
display
none
.page
template
connect
.profile
wrapper
.profile
listing
display
block
@media
only
screen
and
min
width
500px
.page
template
connect
.profile
wrapper
.profile
listing
display
flex
.partners
wrapper
.partner
logo
padding
.logo
grid
wrapper
.logo
row
nth
child(3
.partner
logo
nth
child(n+1
border
width
1px
1px
.partners
wrapper
.partner
logo
img
width
137px
.logo
grid
wrapper
.logo
row
nth
child(3
.partner
logo
nth
child(1
border
width
1px
0px
1px
@media
only
screen
and
min
width
992px
.logo
grid
wrapper
.logo
row
nth
child(3
.partner
logo
nth
child(1
border
width
1px
1px
1px
.logo
grid
wrapper
.logo
row
nth
child(3
.partner
logo
nth
child(1)::before
content
position
absolute
top
-25px
right
width
50px
height
25px
background
color
fff
-webkit
transform
translate(25px
25px
transform
translate(25px
25px
border
radius
50px
index
.page
template
bu
filtering
template
.bu
filtering
result
items
display
block
@-moz
document
url
prefix
.bulp
item.bulp
tagboard
margin
left
@media
only
screen
and
min
width
992px
.bulp
promo-1
related
.bulp
promos
area1
.bulp
item
description
.bulp
promo-2
related
.bulp
promos
area2
.bulp
item
description
width
auto
@media
only
screen
and
min
width
992px
.bulp
promo-1
related
.bulp
promos
area1
.bulp
item
content
.bulp
promo-2
related
.bulp
promos
area2
.bulp
item
content
min
height
40vh
@media
only
screen
and
min
width
1600px
.bulp
promo-1
related
.bulp
promos
area1
.bulp
item
content
.bulp
promo-2
related
.bulp
promos
area2
.bulp
item
content
min
height
22vw
menu
item-28267
span
display
none
.st0{fill:#FFFFFF
.st1{fill:#55C2FB
search</span></legend><input
type="hidden
name="site
value="https://www.bu.edu
sustainability
as
we
stand
at
the
crossroads
of
environmental
stewardship
and
community
engagement
transformative
movement
is
underway
at
boston
university
pledge
with
purpose
was
created
to
rally
students
and
members
of
the
boston
university
community
in
collective
commitment
to
creating
zero
waste
campus
environment.</p
why
pledge
with
purpose
because
over
of
what
ends
up
in
our
trash
is
potentially
reusable
recyclable
compostable
or
eliminated
altogether
by
embracing
mindful
waste
disposal
practices
we
not
only
reduce
contamination
behaviors
and
foster
culture
of
sustainability
and
collaboration.</p
at
the
heart
of
our
campaign
lies
the
evidence
backed
belief
that
individuals
who
pledge
to
cause
are
more
likely
to
act
on
it
researchers
at
the
university
of
manchester
have
underscored
the
power
of
collective
action
in
driving
meaningful
change.</p
the
pledge
itself
embodies
our
shared
vision
for
zero
waste
campus
and
the
universitys
goal
of
zero
waste
by
as
outlined
in
our
goal
is
to
divert
at
least
of
waste
from
landfills
and
incinerators
while
reducing
contamination
to
below
to
achieve
this
we
must
engage
every
terrier
and
cultivate
sense
of
shared
responsibility.</p
taking
the
pledge
with
purpose
empowers
community
members
to
make
tangible
commitments
toward
waste
reduction
whether
its
carrying
reusable
water
bottles
opting
for
the
choose
to
reuse
program
or
ensuring
proper
recycling
practices
every
action
contributes
to
our
larger
goal.</p
by
signing
the
pledge
terriers
acknowledge
their
role
in
shaping
more
sustainable
future
for
bu
and
beyond
they
recognize
that
their
actions
no
matter
how
small
have
the
power
to
drive
significant
progress
toward
our
zero
waste
vision
by
2030.</p
through
pledge
with
purpose
let
us
harness
the
collective
power
of
our
community
to
create
greener
but
sustainable
boston
university
for
generations
to
come.</p
take
the
pledge
with
purpose
to
commit
to
advancing
boston
universitys
vision
of
zero
waste
campus
by
2030.</p
months
ago
in
Explore</h4
Office</h4
boston
university
sustainability</li
boston
ma
02215</li
trustees
of
boston
university</li
follow
Us</h4
instagram</span></a></li
tiktok</span></a></li
twitter</span></a></li
facebook</span></a></li
function($
var
ajaxurl
https://www.bu.edu/sustainability/wp-admin/admin-ajax.php
if
jquery('.sortable').length
var
data
action
sortable_scripts
.post(ajaxurl
data
function(scripts
var
document.getElementsByTagName('script')[0
s).before(scripts
jquery
