academic
calendar
www.caltech.edu</title
window.datalayer
window.datalayer
||
function
gtag(){datalayer.push(arguments
gtag('js
new
date
gtag('config
G-7RL83EX4D4
anonymize_ip
true
gtag('config
UA-11248958
anonymize_ip
true
function(w
w[l
w[l
||
w[l].push
gtm.start
new
date().gettime
event
gtm.js
var
d.getElementsByTagName(s)[0
d.createelement(s
dl
datalayer
l=
j.async
true
j.src
https://www.googletagmanager.com/gtm.js?id=
dl
f.parentnode.insertbefore(j
window
document
script
datalayer
gtm
P8H9J4S
function(f
if(f.fbq)return;n
f.fbq
function(){n.callmethod
n.callmethod.apply(n
arguments):n.queue.push(arguments
if(!f._fbq)f._fbq
n;n.push
n;n.loaded=!0;n.version='2.0
n.queue=[];t
b.createElement(e);t.async=!0
t.src
v;s
b.getElementsByTagName(e)[0
s.parentnode.insertbefore(t
s)}(window
document,'script
https://connect.facebook.net/en_us/fbevents.js
fbq('init
fbq('track
pageview
let
current_term_start
let
current_term_end
document.addeventlistener('domcontentloaded
function
var
calendar_table_elem
document.getelementsbyclassname('academic
calendar__calendar
table')[0
var
calendar_table
new
fullcalendar
calendar(calendar_table_elem
initialview
daygridmonth
events
url
/master_calendar
academic_event_feed
failure
function
alert('sorry
there
was
an
error
while
fetching
events
please
refresh
the
page
and
try
again
headertoolbar
end
today
prev
next
daygridmonth
termlistview
views
termlistview
type
list
visiblerange
start
current_term_start
end
current_term_end
buttontext
current
term
this
is
read
only
calendar
so
users
must
not
be
allowed
to
alter
its
contents
editable
false
renders
days
that
are
outside
of
the
current
month
as
empty
cells
shownoncurrentdates
false
instead
of
always
rendering
weeks
render
the
minimum
number
necessary
for
the
given
month
fixedweekcount
false
render
the
month
table
with
aspect
ratio
this
makes
it
much
shorter
than
the
default
allowing
it
to
fit
on
more
screens
without
scrolling
aspectratio
the
only
thing
that
matters
for
events
displayed
on
this
calendar
is
which
day(s
they
occur
on
displayeventtime
false
calendar_table.render
var
calendar_list_elem
document.getelementsbyclassname('academic
calendar__calendar
list')[0
var
calendar_list
new
fullcalendar
calendar(calendar_list_elem
initialview
listview
events
url
/master_calendar
academic_event_feed
failure
function
alert('sorry
there
was
an
error
while
fetching
events
please
refresh
the
page
and
try
again
headertoolbar
end
today
prev
next
listview
termlistview
views
listview
type
list
duration
months
buttontext
list
termlistview
type
list
visiblerange
start
current_term_start
end
current_term_end
buttontext
current
term
this
is
read
only
calendar
so
users
must
not
be
allowed
to
alter
its
contents
editable
false
calendar_list.render
hide
the
next
prev
buttons
while
the
current
term
display
is
active
document.getelementsbyclassname('fc
termlistview
button')[0].addEventListener('click
function
must
hide
the
parent
.fc
button
group
of
the
next
prev
buttons
rather
than
the
buttons
themselves
because
that
would
leave
parent
and
its
margin
intact
document.getelementsbyclassname('fc
prev
button')[0].parentElement.classList.add('hidden
document.getelementsbyclassname('fc
daygridmonth
button')[0].addEventListener('click
function
document.getelementsbyclassname('fc
prev
button')[0].parentElement.classList.remove('hidden
quick
links
caltech
menu
close</span
about
research
academics
admissions
amp
aid
campus
life
amp
events
visit
careers
access
quick
links
directory
caltech
today
alumni
give
about
caltech
back
at
glance
university
and
college
rankings
leadership
president
provost
board
of
trustees
academic
and
administrative
leadership
values
diversity
equity
and
inclusion
sustainability
freedom
of
expression
honor
code
legacy
history
amp
milestones
awards
amp
honors
caltech
archives
interactive
history
map
news
publications
caltech
science
exchange
this
is
caltech
caltech
magazine
periodic
table
of
caltech
visit
directions
campus
maps
parking
tours
administrative
offices
amp
departments
research
back
academic
divisions
biology
and
biological
engineering
chemistry
and
chemical
engineering
engineering
amp
applied
science
geological
amp
planetary
sciences
humanities
and
social
sciences
physics
mathematics
and
astronomy
jet
propulsion
laboratory
student
research
centers
amp
institutes
technology
transfer
amp
corporate
partnerships
sponsored
research
research
facilities
faculty
listing
academics
back
undergraduate
studies
graduate
studies
online
education
executive
education
teaching
learning
amp
outreach
resources
registrar
catalog
academic
calendar
library
international
offices
career
development
admissions
amp
aid
back
undergraduate
admissions
apply
cost
amp
aid
graduate
admissions
apply
funding
amp
aid
campus
life
amp
events
back
institute
calendar
caltech
today
athletics
amp
recreation
events
caltechlive
performing
amp
visual
arts
housing
dining
caltech
wellness
services
diversity
center
security
emergency
information
nbsp;/&nbsp
nbsp;/&nbsp
resources
nbsp;/&nbsp
academic
calendar
academic
calendar
add
to
cal
add
academic
calendar
events
to
your
personal
calendar
caltech
anchors.options
icon
visible
hover
titletext
right
click
here
and
choose
copy
link
to
get
link
to
this
part
of
the
page
anchors.add('.rich
text
h1
.rich
text
h2
.rich
text
h3
.rich
text
h4
.rich
text
h5
.rich
text
h6
.heading
block
