institute
calendar
www.caltech.edu</title
window.datalayer
window.datalayer
||
function
gtag(){datalayer.push(arguments
gtag('js
new
date
gtag('config
G-7RL83EX4D4
anonymize_ip
true
gtag('config
UA-11248958
anonymize_ip
true
function(w
w[l
w[l
||
w[l].push
gtm.start
new
date().gettime
event
gtm.js
var
d.getElementsByTagName(s)[0
d.createelement(s
dl
datalayer
l=
j.async
true
j.src
https://www.googletagmanager.com/gtm.js?id=
dl
f.parentnode.insertbefore(j
window
document
script
datalayer
gtm
P8H9J4S
function(f
if(f.fbq)return;n
f.fbq
function(){n.callmethod
n.callmethod.apply(n
arguments):n.queue.push(arguments
if(!f._fbq)f._fbq
n;n.push
n;n.loaded=!0;n.version='2.0
n.queue=[];t
b.createElement(e);t.async=!0
t.src
v;s
b.getElementsByTagName(e)[0
s.parentnode.insertbefore(t
s)}(window
document,'script
https://connect.facebook.net/en_us/fbevents.js
fbq('init
fbq('track
pageview
quick
links
caltech
menu
close</span
about
research
academics
admissions
amp
aid
campus
life
amp
events
visit
careers
access
quick
links
directory
caltech
today
alumni
give
about
caltech
back
at
glance
university
and
college
rankings
leadership
president
provost
board
of
trustees
academic
and
administrative
leadership
values
diversity
equity
and
inclusion
sustainability
freedom
of
expression
honor
code
legacy
history
amp
milestones
awards
amp
honors
caltech
archives
interactive
history
map
news
publications
caltech
science
exchange
this
is
caltech
caltech
magazine
periodic
table
of
caltech
visit
directions
campus
maps
parking
tours
administrative
offices
amp
departments
research
back
academic
divisions
biology
and
biological
engineering
chemistry
and
chemical
engineering
engineering
amp
applied
science
geological
amp
planetary
sciences
humanities
and
social
sciences
physics
mathematics
and
astronomy
jet
propulsion
laboratory
student
research
centers
amp
institutes
technology
transfer
amp
corporate
partnerships
sponsored
research
research
facilities
faculty
listing
academics
back
undergraduate
studies
graduate
studies
online
education
executive
education
teaching
learning
amp
outreach
resources
registrar
catalog
academic
calendar
library
international
offices
career
development
admissions
amp
aid
back
undergraduate
admissions
apply
cost
amp
aid
graduate
admissions
apply
funding
amp
aid
campus
life
amp
events
back
institute
calendar
caltech
today
athletics
amp
recreation
events
caltechlive
performing
amp
visual
arts
housing
dining
caltech
wellness
services
diversity
center
security
emergency
information
nbsp;/&nbsp
nbsp;/&nbsp
institute
calendar
institute
calendar
show
dates
and
filters
close
previous
month
next
month
var
mc_listing_urls
day
/campus
life
events
calendar
day
week
/campus
life
events
calendar
week
month
/campus
life
events
calendar
month
term
/campus
life
events
calendar
term
biology
and
biological
engineering
chemistry
and
chemical
engineering
engineering
and
applied
science
geological
and
planetary
sciences
humanities
and
social
sciences
physics
mathematics
and
astronomy
biology
and
biological
engineering
chemistry
and
chemical
engineering
engineering
and
applied
science
geological
and
planetary
sciences
humanities
and
social
sciences
physics
mathematics
and
astronomy
admissions
office
advancement
and
alumni
relations
aero
association
of
the
california
institute
of
technology
aacit
alternative
transportation
and
parking
services
amnesty
international
group
applied
physics
ascit
asian
pacific
americans
at
caltech
apact
asian
pacific
islander
and
desi
american
heritage
month
events
astronomy
department
beckman
institute
beckman
institute
biological
network
modeling
center
benefits
office
biochemistry
option
bioengineering
option
biophysics
bridges
at
caltech
brinson
exploration
hub
caltech
caltech
accessibility
services
for
students
cass
caltech
alpine
club
caltech
alternative
phd
careers
club
caltech
alumni
association
caltech
amateur
astronomy
club
caltech
amateur
radio
club
caltech
archives
caltech
associates
caltech
astronomy
outreach
caltech
athletics
department
caltech
ballet
club
caltech
ballroom
dance
club
caltech
bands
caltech
bellydance
club
caltech
bike
lab
caltech
bioscience
industrial
partners
program
cbipp
caltech
biotechnology
club
caltech
chinese
association
caltech
campus
toastmasters
club
caltech
center
for
comparative
planetary
evolution
caltech
center
for
inclusion
amp
diversity
ccid
caltech
center
for
sustainable
energy
research
caltech
chamber
music
caltech
chess
club
caltech
christian
fellowship
caltech
classroom
connection
ccc
caltech
community
science
academy
caltech
conscious
caltech
consulting
club
caltech
cricket
club
caltech
crisis
management
council
caltech
dance
troupe
caltech
employees
federal
credit
union
caltech
entrepreneurs
forum
caltech
entrepreneurship
club
caltech
external
relations
caltech
fund
caltech
glee
club
caltech
hillel
caltech
history
and
architectural
tour
service
caltech
institute
programs
committee
caltech
karate
club
caltech
keytones
cappella
caltech
latino
association
of
students
in
engineering
and
sciences
clases
caltech
letters
caltech
library
services
caltech
management
association
caltech
mental
mental
and
suicide
prevention
task
force
caltech
net
impact
speaker
series
caltech
newman
center
caltech
orchestra
caltech
paddling
club
caltech
physics
club
caltech
pipettes
cappella
caltech
playreaders
caltech
poetry
club
caltech
postdoctoral
association
cpa
caltech
premed
association
caltech
project
for
effective
teaching
cpet
caltech
public
events
caltech
rainbow
connection
employee
resource
group
caltech
salsa
club
caltech
science
exchange
caltech
seismological
laboratory
caltech
store
caltech
sustainability
caltech
tai
chi
club
caltech
visual
arts
caltech
webmasters
forum
caltech
women
in
biology
and
biological
engineering
wibbe
caltech
women
in
chemistry
caltech
Women&#x27;s
club
caltech
huntington
humanities
collaborations
caltech
jpl
association
for
gravitational
wave
research
caltechlive
career
achievement
leadership
and
exploration
cale
carnegie
observatories
cce
dei
center
for
advanced
computing
research
cacr
center
for
autonomous
systems
and
technologies
cast
center
for
data
driven
discovery
CD3
center
for
evolutionary
science
ces
center
for
teaching
learning
amp
outreach
ctlo
center
for
technology
and
management
education
ctme
chabad
at
caltech
student
club
chen
women
in
neuroscience
cwin
child
educational
center
childrens
center
at
caltech
ccc
christians
on
campus
at
caltech
cit
knit
group
civil
engineering
club
italiano
al
caltech/
italian
club
at
caltech
club
latino
coleman
chamber
music
association
combined
array
for
research
in
millimeter
wave
astronomy
carma
commencement
computation
and
neural
systems
computing
and
mathematical
sciences
cms
condensed
matter
physics
counseling
services
cpa
stem
for
families
deans
office
design
optimization
and
learning
at
caltech
dolcit
dining
services
diversity
in
chemistry
initiative
dici
division
of
biology
and
biological
engineering
division
of
chemistry
and
chemical
engineering
division
of
engineering
and
applied
science
division
of
geological
and
planetary
sciences
division
of
physics
mathematics
and
astronomy
division
of
the
humanities
and
social
sciences
earth
month
events
educational
outreach
electrical
engineering
engineers
for
sustainable
world
caltech
engineers
without
borders
caltech
chapter
environmental
science
and
engineering
extracurricular
players
at
caltech
explicit
facilities
fellowships
advising
and
study
abroad
fasa
fleming
house
flow
cytometry
and
cell
sorting
facility
fluid
dynamics
cappella
friends
of
iranian
culture
at
california
institute
of
technology
ficcit
club
friends
of
the
caltech
libraries
focal
friends
of
the
iranian
culture
at
caltech
go
outdoors
graduate
aerospace
laboratories
galcit
graduate
christian
fellowship
graduate
office
graduate
student
council
gsc
graphic
resources
amp
mail
services
health
promotion
health
services
high
energy
physics
hixon
writing
center
hss
online
human
resources
humanities
implicit
theater
improv
group
information
management
systems
and
services
imss
information
science
and
technology
infrared
processing
and
analysis
center
ipac
institute
for
quantum
information
iqi
institute
for
quantum
information
and
matter
iqim
international
offices
international
student
programs
jet
propulsion
laboratory
jpl
jewish
life
at
caltech
joint
center
for
artificial
photosynthesis
kavli
nanoscience
institute
kni
keck
institute
for
space
studies
kiss
kellogg
radiation
laboratory
krl
korea
campus
crusade
for
christ
l.a.
ruby
study
group
laser
interferometer
gravitational
wave
observatory
ligo
life
christian
fellowship
linde
center
for
science
society
and
policy
lcssp
los
angeles
smalltalk
and
dart
users
group
materialities
texts
and
images
mti
materials
science
mathematics
mechanical
and
civil
engineering
mechanical
engineering
medical
engineering
merkin
center
for
pure
and
applied
mathematics
merkin
institute
for
translational
research
moore
hufstedtler
fund
music
program
neurobiology
option
neurotechers
occupational
therapy
services
office
of
equity
and
title
ix
office
of
gift
planning
office
of
research
compliance
office
of
residential
experience
ore
office
of
strategic
communications
osc
office
of
strategy
implementation
office
of
technology
transfer
amp
corporate
partnerships
ottcp
office
of
the
president
office
of
the
provost
office
of
the
vice
provost
for
research
officers
of
the
faculty
optica
caltech
student
chapter
organization
of
associated
students
from
the
indian
subcontinent
oasis
out
of
context
cappella
pasadena
folk
music
society
performing
and
visual
arts
pva
philosophy
of
yoga
club
physics
powering
the
planet
center
for
chemical
innovation
cci
solar
prism
procurement
services
professional
development
resnick
sustainability
institute
at
caltech
rigorous
systems
research
group
rsrg
ronald
and
maxine
linde
center
for
global
environmental
science
ronald
and
maxine
linde
institute
of
economic
and
management
sciences
rosen
bioengineering
center
safety
office
san
gabriel
valley
linux
users
group
science
amp
engineering
policy
at
caltech
sepac
seds
social
science
society
of
women
engineers
swe
staff
and
faculty
consultation
center
sfcc
student
activities
and
programs
student
affairs
student
investment
fund
student
wellness
services
student
athlete
advisory
committee
saac
student
faculty
programs
office
sustainable
vehicle
club
techers
for
sustainable
future
tsf
techlit
creative
writing
club
tedxcaltech
the
athenaeum
the
caltech
the
huntington
library
art
museum
and
botanical
gardens
the
skeptics
society
theater
arts
at
caltech
tacit
theoretical
astrophysics
including
relativity
and
cosmology
tapir
theoretical
high
energy
physics
tianqiao
and
chrissy
chen
institute
for
neuroscience
veritas
forum
walter
burke
institute
for
theoretical
physics
women
in
geosciences
wings
women
in
physics
mathematics
and
astronomy
wipma
young
professionals
employee
resource
group
admissions
office
advancement
and
alumni
relations
aero
association
of
the
california
institute
of
technology
aacit
alternative
transportation
and
parking
services
amnesty
international
group
applied
physics
ascit
asian
pacific
americans
at
caltech
apact
asian
pacific
islander
and
desi
american
heritage
month
events
astronomy
department
beckman
institute
beckman
institute
biological
network
modeling
center
benefits
office
biochemistry
option
bioengineering
option
biophysics
bridges
at
caltech
brinson
exploration
hub
caltech
caltech
accessibility
services
for
students
cass
caltech
alpine
club
caltech
alternative
phd
careers
club
caltech
alumni
association
caltech
amateur
astronomy
club
caltech
amateur
radio
club
caltech
archives
caltech
associates
caltech
astronomy
outreach
caltech
athletics
department
caltech
ballet
club
caltech
ballroom
dance
club
caltech
bands
caltech
bellydance
club
caltech
bike
lab
caltech
bioscience
industrial
partners
program
cbipp
caltech
biotechnology
club
caltech
chinese
association
caltech
campus
toastmasters
club
caltech
center
for
comparative
planetary
evolution
caltech
center
for
inclusion
amp
diversity
ccid
caltech
center
for
sustainable
energy
research
caltech
chamber
music
caltech
chess
club
caltech
christian
fellowship
caltech
classroom
connection
ccc
caltech
community
science
academy
caltech
conscious
caltech
consulting
club
caltech
cricket
club
caltech
crisis
management
council
caltech
dance
troupe
caltech
employees
federal
credit
union
caltech
entrepreneurs
forum
caltech
entrepreneurship
club
caltech
external
relations
caltech
fund
caltech
glee
club
caltech
hillel
caltech
history
and
architectural
tour
service
caltech
institute
programs
committee
caltech
karate
club
caltech
keytones
cappella
caltech
latino
association
of
students
in
engineering
and
sciences
clases
caltech
letters
caltech
library
services
caltech
management
association
caltech
mental
mental
and
suicide
prevention
task
force
caltech
net
impact
speaker
series
caltech
newman
center
caltech
orchestra
caltech
paddling
club
caltech
physics
club
caltech
pipettes
cappella
caltech
playreaders
caltech
poetry
club
caltech
postdoctoral
association
cpa
caltech
premed
association
caltech
project
for
effective
teaching
cpet
caltech
public
events
caltech
rainbow
connection
employee
resource
group
caltech
salsa
club
caltech
science
exchange
caltech
seismological
laboratory
caltech
store
caltech
sustainability
caltech
tai
chi
club
caltech
visual
arts
caltech
webmasters
forum
caltech
women
in
biology
and
biological
engineering
wibbe
caltech
women
in
chemistry
caltech
Women&#x27;s
club
caltech
huntington
humanities
collaborations
caltech
jpl
association
for
gravitational
wave
research
caltechlive
career
achievement
leadership
and
exploration
cale
carnegie
observatories
cce
dei
center
for
advanced
computing
research
cacr
center
for
autonomous
systems
and
technologies
cast
center
for
data
driven
discovery
CD3
center
for
evolutionary
science
ces
center
for
teaching
learning
amp
outreach
ctlo
center
for
technology
and
management
education
ctme
chabad
at
caltech
student
club
chen
women
in
neuroscience
cwin
child
educational
center
childrens
center
at
caltech
ccc
christians
on
campus
at
caltech
cit
knit
group
civil
engineering
club
italiano
al
caltech/
italian
club
at
caltech
club
latino
coleman
chamber
music
association
combined
array
for
research
in
millimeter
wave
astronomy
carma
commencement
computation
and
neural
systems
computing
and
mathematical
sciences
cms
condensed
matter
physics
counseling
services
cpa
stem
for
families
deans
office
design
optimization
and
learning
at
caltech
dolcit
dining
services
diversity
in
chemistry
initiative
dici
division
of
biology
and
biological
engineering
division
of
chemistry
and
chemical
engineering
division
of
engineering
and
applied
science
division
of
geological
and
planetary
sciences
division
of
physics
mathematics
and
astronomy
division
of
the
humanities
and
social
sciences
earth
month
events
educational
outreach
electrical
engineering
engineers
for
sustainable
world
caltech
engineers
without
borders
caltech
chapter
environmental
science
and
engineering
extracurricular
players
at
caltech
explicit
facilities
fellowships
advising
and
study
abroad
fasa
fleming
house
flow
cytometry
and
cell
sorting
facility
fluid
dynamics
cappella
friends
of
iranian
culture
at
california
institute
of
technology
ficcit
club
friends
of
the
caltech
libraries
focal
friends
of
the
iranian
culture
at
caltech
go
outdoors
graduate
aerospace
laboratories
galcit
graduate
christian
fellowship
graduate
office
graduate
student
council
gsc
graphic
resources
amp
mail
services
health
promotion
health
services
high
energy
physics
hixon
writing
center
hss
online
human
resources
humanities
implicit
theater
improv
group
information
management
systems
and
services
imss
information
science
and
technology
infrared
processing
and
analysis
center
ipac
institute
for
quantum
information
iqi
institute
for
quantum
information
and
matter
iqim
international
offices
international
student
programs
jet
propulsion
laboratory
jpl
jewish
life
at
caltech
joint
center
for
artificial
photosynthesis
kavli
nanoscience
institute
kni
keck
institute
for
space
studies
kiss
kellogg
radiation
laboratory
krl
korea
campus
crusade
for
christ
l.a.
ruby
study
group
laser
interferometer
gravitational
wave
observatory
ligo
life
christian
fellowship
linde
center
for
science
society
and
policy
lcssp
los
angeles
smalltalk
and
dart
users
group
materialities
texts
and
images
mti
materials
science
mathematics
mechanical
and
civil
engineering
mechanical
engineering
medical
engineering
merkin
center
for
pure
and
applied
mathematics
merkin
institute
for
translational
research
moore
hufstedtler
fund
music
program
neurobiology
option
neurotechers
occupational
therapy
services
office
of
equity
and
title
ix
office
of
gift
planning
office
of
research
compliance
office
of
residential
experience
ore
office
of
strategic
communications
osc
office
of
strategy
implementation
office
of
technology
transfer
amp
corporate
partnerships
ottcp
office
of
the
president
office
of
the
provost
office
of
the
vice
provost
for
research
officers
of
the
faculty
optica
caltech
student
chapter
organization
of
associated
students
from
the
indian
subcontinent
oasis
out
of
context
cappella
pasadena
folk
music
society
performing
and
visual
arts
pva
philosophy
of
yoga
club
physics
powering
the
planet
center
for
chemical
innovation
cci
solar
prism
procurement
services
professional
development
resnick
sustainability
institute
at
caltech
rigorous
systems
research
group
rsrg
ronald
and
maxine
linde
center
for
global
environmental
science
ronald
and
maxine
linde
institute
of
economic
and
management
sciences
rosen
bioengineering
center
safety
office
san
gabriel
valley
linux
users
group
science
amp
engineering
policy
at
caltech
sepac
seds
social
science
society
of
women
engineers
swe
staff
and
faculty
consultation
center
sfcc
student
activities
and
programs
student
affairs
student
investment
fund
student
wellness
services
student
athlete
advisory
committee
saac
student
faculty
programs
office
sustainable
vehicle
club
techers
for
sustainable
future
tsf
techlit
creative
writing
club
tedxcaltech
the
athenaeum
the
caltech
the
huntington
library
art
museum
and
botanical
gardens
the
skeptics
society
theater
arts
at
caltech
tacit
theoretical
astrophysics
including
relativity
and
cosmology
tapir
theoretical
high
energy
physics
tianqiao
and
chrissy
chen
institute
for
neuroscience
veritas
forum
walter
burke
institute
for
theoretical
physics
women
in
geosciences
wings
women
in
physics
mathematics
and
astronomy
wipma
young
professionals
employee
resource
group
quot;explore
caltech&quot
talks
quot;explore
exoplanets
the
discoverers&quot
video
podcasts
abbott
symposium
abbvie
symposium
aerospace
engineering
seminar
series
ai
bootcamp
aldrich
lecture
algebra
amp
geometry
seminar
series
algebraic
geometry
seminar
series
alpine
club
film
festivals
alpine
club
meetups
alpine
club
stewardship
events
alpine
club
talks
alpine
club
trips
american
chemical
society
division
of
organic
chemistry
virtual
symposium
american
studies
lecture
series
analysis
seminar
series
applied
mathematics
colloquium
series
applied
physics
seminar
series
arithmetic
and
geometric
structures
in
physics
series
arnold
o.
beckman
lecture
series
art
tech
speaker
series
arthur
d.
riggs
lecture
series
asian
pacific
islander
and
desi
american
heritage
month
events
associates
board
programs
associates
east
coast
chapter
programs
associates
northern
california
chapter
programs
associates
orange
county
chapter
programs
associates
President&#x27;s
circle
programs
associates
Provost&#x27;s
circle
programs
associates
southern
california
chapter
programs
astronomy
colloquium
series
astronomy
on
tap
series
astronomy
tea
talks
athenaeum
events
banks
mckelvey
memorial
lecture
series
bbe
division
seminar
beckman
institute
seminars
behavioral
social
neuroscience
seminar
series
bsn
behind
the
book
berkeley
caltech
stanford
joint
number
theory
seminar
series
biard
visiting
lecturership
series
biochemistry
seminar
series
bioengineering
lecture
series
biological
network
modeling
center
seminar
biolunch
biomedical
imaging
group
seminar
series
biophysics
lecture
series
biotechnology
leadership
program
blp
black
heritage
month
events
boehringer
ingelheim
lecture
series
boehringer
ingelheim
symposium
series
brain
mind
and
society
seminar
series
bray
theory
workshops
breakthrough
insights
bristol
myers
squibb
symposium
broad
fellows
in
brain
circuitry
seminar
brown
bag
graduate
student
seminar
series
cacr
seminar
series
caltech
alumni
association
programs
caltech
biotechnology
club
speaker
series
caltech
brain
imaging
center
seminar
series
caltech
playreaders
series
caltech
reading
women
caltech
space
challenge
series
caltech
social
activism
speaker
series
sass
caltech
student
activism
speaker
series
sass
caltech
young
investigators
lecture
series
caltech
huntington
humanities
collaborations
chhc
seminar
series
caltechhuntington
seminar
series
caltech
jpl
association
for
gravitational
wave
research
seminar
series
caltech
mit
enterprise
forum
caltech
ucla
joint
probability
seminar
series
caltech
ucla
usc
joint
analysis
seminar
series
caltech
usc
ucla
joint
topology
seminar
series
carnegie
observatories
colloquium
series
carnegie
observatories
lunch
talk
series
cast
distinguished
speaker
series
cchf
virtual
merck
lecture
series
CD3
seminar
series
center
for
integrative
multiscale
modeling
and
simulation
cimms
lecture
series
center
for
molecular
and
cellular
medicine
seminar
series
center
for
selective
functionalization
virtual
symposium
series
center
for
social
information
sciences
csis
seminar
series
center
for
the
chemistry
of
cellular
signaling
seminar
series
center
for
the
mathematics
of
information
cmi
seminar
series
cgsc
chemistry
careers
seminar
cgsc
summer
seminar
series
charge
up
entrepreneurship
series
charles
r.
deprima
memorial
undergraduate
mathematics
lectures
chemical
engineering
seminar
chemical
physics
seminar
series
chemical
research
conference
chemistry
course
advances
in
pharmaceutical
research
chemistry
club
seminar
series
chen
distinguished
visitor
series
chen
institute
for
neuroscience
Director&#x27;s
seminar
series
chen
institute
virtual
seminar
series
chen
institute
workshop
series
civil
engineering
seminar
series
cms
ee
partners
event
series
cmx
lunch
series
cmx
special
seminar
series
coffee
and
career
series
coffee
and
conversation
series
coleman
chamber
music
series
combinatorics
seminar
series
computation
and
neural
systems
seminar
computer
science
seminar
computing
mathematical
sciences
lecture
series
computing
and
mathematical
sciences
colloquium
series
computing
and
mathematical
sciences
partners
tech
talk
series
condensed
mathematics
learning
seminar
series
condensed
matter
physics
seminar
series
constantin
g.
economou
memorial
lecture
contextualizing
engineering
amp
applied
science
history
ethics
and
identity
in
stem
seminar
series
and
discussion
groups
control
and
dynamical
systems
seminar
conversations
on
artificial
intelligence
conversations
on
COVID-19
conversations
on
sustainability
conversations
on
the
quantum
world
critical
intersections
conversations
on
history
race
and
science
seminar
series
culture
of
language
speaker
series
curve
counting
reading
seminar
series
decoupling
learning
seminar
series
dev
bio
supergroup
disability
in
stem
seminar
series
discrete
analysis
seminar
series
dish
amp
discuss
series
distinguished
women
in
aerospace
diverse
minds
seminar
series
dix
planetary
science
seminar
series
dix
seismo
lab
seminar
series
dow
lecture
in
organometallic
chemistry
dr.
martin
luther
king
jr.
events
draper
prize
lecture
earnest
c.
watson
lecture
series
earth
month
events
eas
trailblazers
econometrics
and
applied
micro
seminar
ee
devices
seminar
series
einstein
seminar
electrical
engineering
distinguished
speaker
seminar
series
electrical
engineering
seminar
series
electrical
engineering
special
seminar
series
electrical
engineering
systems
seminar
series
engineering
and
applied
science
lecture
environmental
science
and
engineering
seminar
ernest
h.
swift
lecture
series
ese
amp
society
discussion
group
everhart
lecture
series
evoxzankou
seminar
series
exploration
the
globe
and
beyond
factorization
algebras
in
quantum
field
theory
learning
seminar
series
fiction
reading
finance
seminar
series
flow
cytometry
and
cell
sorting
facility
series
fluid
mechanics
research
conference
folk
music
at
caltech
francis
bacon
conference
frank
e.
marble
lecture
in
aerospace
frontiers
in
chemical
biology
seminar
series
frontiers
in
chemistry
amp
chemical
engineering
series
galcit
colloquium
series
galcit
special
seminar
gaypril
events
general
biology
seminar
series
general
chemistry
seminar
geobiology
seminar
series
geological
and
planetary
sciences
seminar
series
geology
club
seminar
series
geometric
representation
theory
learning
seminar
series
geometry
and
physics
seminar
series
geometry
and
topology
seminar
series
geophysics
brown
bag
seminar
series
german
film
series
gps
resource
seminar
graduate
student
arithmetic
geometry
seminar
series
graduate
student
job
market
seminar
series
graduate
student
seminar
graduate
Students&#x27
third
year
presentations
group
theory
seminar
series
gsc
outdoor
summer
movie
series
h.
b.
keller
colloquium
series
harden
m.
mcconnell
lecture
series
herbert
newby
mccoy
award
seminar
high
energy
physics
seminar
series
high
energy
theory
seminar
series
history
seminar
series
hss
50th
anniversary
lecture
series
hss
diversity
equity
and
inclusion
series
hughes
lecture
humanities
and
social
sciences
film
screening
humanities
brown
bag
seminar
series
humanities
conference
humanities
event
humanities
job
candidate
ideas
lecture
series
innovation
and
discovery
in
engineering
and
applied
science
immigration
roadmap
inclusion
diversity
equity
and
accessibility
idea
events
informal
biology
seminar
information
science
and
technology
seminar
information
geometry
and
physics
seminar
series
innovation
speaker
series
inorganic
electrochemistry
seminar
series
inorganic
organometallics
seminar
series
inqnet
seminar
series
institute
for
quantum
information
iqi
weekly
seminar
series
institute
for
quantum
information
seminar
international
education
week
international
scholar
orientation
series
ipac
astronomy
lunch
seminar
series
iqim
postdoctoral
and
graduate
student
seminar
series
ir
submm
mm
sack
lunch
series
ist
lunch
bunch
james
k.
knowles
lecture
amp
caltech
solid
mechanics
symposium
james
michelin
distinguished
visitors
program
james
r.
and
shirley
a.
kliegel
lecture
in
engineering
and
applied
science
james
r.
and
shirley
a.
kliegel
lecture
in
geological
and
planetary
sciences
jcap
seminar
series
john
d.
roberts
lecture
series
joint
center
for
artificial
photosynthesis
seminar
joint
iqim
aws
seminar
series
joint
la
student
seminar
in
geometry
and
topology
series
juneteenth
events
keck
institute
for
space
studies
lecture
series
keck
institute
for
space
studies
symposium
series
kellogg
seminar
series
kni
distinguished
seminar
series
kni
nanoscience
colloquia
series
kni
mdl
seminar
series
kroc
lecture
latino
latine
hispanic
heritage
month
events
learning
seminar
series
leonidas
alaoglu
memorial
lectures
ligo
seminar
series
linde
center
for
science
society
and
policy
lcssp
seminar
series
linde
institute
distinguished
seminar
linde
institute
social
and
information
sciences
laboratory
seminar
series
sisl
linus
pauling
lectureship
literary
dimensions
seminar
series
logic
seminar
series
lunar
new
year
events
mach
festival
of
new
science
driven
plays
machine
learning
and
scientific
computing
series
machine
learning
art
amp
creativity
seminar
series
materialities
texts
and
images
mti
workshops
materialities
texts
and
images
program
working
group
materials
research
lecture
series
math
graduate
seminar
series
mathematical
physics
seminar
series
mathematics
and
machine
learning
seminar
series
mathematics
colloquium
series
mechanical
and
civil
engineering
seminar
series
mechanical
engineering
seminar
medical
engineering
seminar
series
micro
mornings
mixed
signal
rf
and
microwave
seminar
molecular
cellular
and
developmental
biology
seminar
movies
that
matter
national
coming
out
week
series
native
american
heritage
month
events
neurobiology
and
computation
amp
neural
systems
seminar
neurolunch
seminar
series
noncommutative
geometry
seminar
series
norman
davidson
lecture
series
novartis
lecture
novartis
symposium
number
theory
seminar
series
optica
student
chapter
lecture
series
organic
chemistry
seminar
series
oringer
seminar
series
out
of
the
lab
ovro
astronomy
lecture
series
ovro
lecture
series
performing
arts
series
peter
b.
dervan
lecture
series
physics
colloquium
series
physics
research
conference
pma
diversity
equity
inclusion
and
outreach
events
postdoctoral
math
seminar
series
presentation
skills
workshop
series
presidential
distinguished
speaker
series
pride
month
events
pst
art
events
quantum
matter
seminar
series
radio
lunch
talk
radio
grub
reading
seminar
on
Deligne&#x27;s
weil
ii
paper
reading
seminar
series
relate
series
resnick
institute
chen
huang
sustainability
lecture
series
resnick
institute
distinguished
lecture
series
resnick
institute
lecture
series
resnick
institute
seminar
series
resources
for
resilience
series
rigorous
systems
research
group
rsrg
seminar
series
robert
w.
vaughan
lecture
in
chemical
engineering
rsi
research
seminar
series
rsrg
dolcit
seminar
series
safe
zone
training
series
school
day
programs
performing
arts
series
school
day
programs
real
science
series
school
day
programs
reel
science
series
science
journeys
science
saturdays
seriesmatinees
for
all
ages
seismo
lab
brown
bag
seminar
series
seismo
lab
seminar
series
seminar
on
history
and
philosophy
of
science
sexual
assault
awareness
month
series
sisl
postdoc
gra
seminar
skeptics
society
lecture
sloan
swartz
seminar
in
theoretical
neurobiology
smart
grid
seminar
smart
grid
seminar
series
social
science
conference
social
science
job
candidate
social
science
seminars
for
students
social
sciences
brown
bag
seminar
series
social
sciences
history
seminar
series
southern
california
symposia
on
network
economics
and
game
theory
special
biochemistry
seminar
series
special
cce
seminar
special
events
special
inorganic
chemistry
seminar
series
special
materials
and
organic
chemistry
seminar
series
special
organic
chemistry
seminar
series
special
organic
chemistry
symposium
series
special
seminar
in
applied
physics
and
materials
science
special
seminars
in
applied
mathematics
special
seminars
in
computing
mathematical
sciences
special
seminars
in
mathematics
stargazing
lecture
series
steminar
series
student
group
performances
subra
suresh
distinguished
lecture
series
summer
chemical
physics
seminar
series
sustainability
speaker
series
sustainable
engineering
seminar
series
synthetic
biology
for
sustainability
seminar
series
systems
biology
supergroup
t&amp;c
chen
center
for
brain
machine
interface
distinguished
lecture
series
t&amp;c
chen
center
for
social
and
decision
neuroscience
distinguished
lecture
series
t&amp;c
chen
center
for
social
and
decision
neuroscience
seminar
series
tapir
seminar
series
taussky
todd
lecture
series
tcs+
talks
tectonics
observatory
brown
bag
seminar
series
the
bristol
myers
squibb
lectures
in
organic
synthesis
the
humanities
and
social
sciences
mellon
divisional
lecture
series
the
mellon
conference
the
show
must
go
on(line
theodore
von
krmn
lecture
series
theory
of
computing
seminar
series
thesis
seminar
thomas
wolff
memorial
lectures
in
mathematics
ulric
b.
and
evelyn
l.
bray
seminar
ulric
b.
and
evelyn
l.
bray
seminar
in
political
economy
ulric
b.
and
evelyn
l.
bray
social
sciences
seminar
series
undergraduate
math
club
seminar
series
veritas
forum
at
caltech
visual
culture
program
series
w.
n.
lacey
lectureship
in
chemical
engineering
walking
group
activities
weigle
lecture
wiersma
lecture
william
amp
myrtle
harris
distinguished
lectureship
in
science
and
civilization
women
in
leadership
amp
innovation
series
women
mentoring
women
series
Women&#x27;s
history
month
events
workshops
on
data
privacy
workshops
on
information
and
social
economics
world
fest
writers
in
residence
program
series
quot;explore
caltech&quot
talks
quot;explore
exoplanets
the
discoverers&quot
video
podcasts
abbott
symposium
abbvie
symposium
aerospace
engineering
seminar
series
ai
bootcamp
aldrich
lecture
algebra
amp
geometry
seminar
series
algebraic
geometry
seminar
series
alpine
club
film
festivals
alpine
club
meetups
alpine
club
stewardship
events
alpine
club
talks
alpine
club
trips
american
chemical
society
division
of
organic
chemistry
virtual
symposium
american
studies
lecture
series
analysis
seminar
series
applied
mathematics
colloquium
series
applied
physics
seminar
series
arithmetic
and
geometric
structures
in
physics
series
arnold
o.
beckman
lecture
series
art
tech
speaker
series
arthur
d.
riggs
lecture
series
asian
pacific
islander
and
desi
american
heritage
month
events
associates
board
programs
associates
east
coast
chapter
programs
associates
northern
california
chapter
programs
associates
orange
county
chapter
programs
associates
President&#x27;s
circle
programs
associates
Provost&#x27;s
circle
programs
associates
southern
california
chapter
programs
astronomy
colloquium
series
astronomy
on
tap
series
astronomy
tea
talks
athenaeum
events
banks
mckelvey
memorial
lecture
series
bbe
division
seminar
beckman
institute
seminars
behavioral
social
neuroscience
seminar
series
bsn
behind
the
book
berkeley
caltech
stanford
joint
number
theory
seminar
series
biard
visiting
lecturership
series
biochemistry
seminar
series
bioengineering
lecture
series
biological
network
modeling
center
seminar
biolunch
biomedical
imaging
group
seminar
series
biophysics
lecture
series
biotechnology
leadership
program
blp
black
heritage
month
events
boehringer
ingelheim
lecture
series
boehringer
ingelheim
symposium
series
brain
mind
and
society
seminar
series
bray
theory
workshops
breakthrough
insights
bristol
myers
squibb
symposium
broad
fellows
in
brain
circuitry
seminar
brown
bag
graduate
student
seminar
series
cacr
seminar
series
caltech
alumni
association
programs
caltech
biotechnology
club
speaker
series
caltech
brain
imaging
center
seminar
series
caltech
playreaders
series
caltech
reading
women
caltech
space
challenge
series
caltech
social
activism
speaker
series
sass
caltech
student
activism
speaker
series
sass
caltech
young
investigators
lecture
series
caltech
huntington
humanities
collaborations
chhc
seminar
series
caltechhuntington
seminar
series
caltech
jpl
association
for
gravitational
wave
research
seminar
series
caltech
mit
enterprise
forum
caltech
ucla
joint
probability
seminar
series
caltech
ucla
usc
joint
analysis
seminar
series
caltech
usc
ucla
joint
topology
seminar
series
carnegie
observatories
colloquium
series
carnegie
observatories
lunch
talk
series
cast
distinguished
speaker
series
cchf
virtual
merck
lecture
series
CD3
seminar
series
center
for
integrative
multiscale
modeling
and
simulation
cimms
lecture
series
center
for
molecular
and
cellular
medicine
seminar
series
center
for
selective
functionalization
virtual
symposium
series
center
for
social
information
sciences
csis
seminar
series
center
for
the
chemistry
of
cellular
signaling
seminar
series
center
for
the
mathematics
of
information
cmi
seminar
series
cgsc
chemistry
careers
seminar
cgsc
summer
seminar
series
charge
up
entrepreneurship
series
charles
r.
deprima
memorial
undergraduate
mathematics
lectures
chemical
engineering
seminar
chemical
physics
seminar
series
chemical
research
conference
chemistry
course
advances
in
pharmaceutical
research
chemistry
club
seminar
series
chen
distinguished
visitor
series
chen
institute
for
neuroscience
Director&#x27;s
seminar
series
chen
institute
virtual
seminar
series
chen
institute
workshop
series
civil
engineering
seminar
series
cms
ee
partners
event
series
cmx
lunch
series
cmx
special
seminar
series
coffee
and
career
series
coffee
and
conversation
series
coleman
chamber
music
series
combinatorics
seminar
series
computation
and
neural
systems
seminar
computer
science
seminar
computing
mathematical
sciences
lecture
series
computing
and
mathematical
sciences
colloquium
series
computing
and
mathematical
sciences
partners
tech
talk
series
condensed
mathematics
learning
seminar
series
condensed
matter
physics
seminar
series
constantin
g.
economou
memorial
lecture
contextualizing
engineering
amp
applied
science
history
ethics
and
identity
in
stem
seminar
series
and
discussion
groups
control
and
dynamical
systems
seminar
conversations
on
artificial
intelligence
conversations
on
COVID-19
conversations
on
sustainability
conversations
on
the
quantum
world
critical
intersections
conversations
on
history
race
and
science
seminar
series
culture
of
language
speaker
series
curve
counting
reading
seminar
series
decoupling
learning
seminar
series
dev
bio
supergroup
disability
in
stem
seminar
series
discrete
analysis
seminar
series
dish
amp
discuss
series
distinguished
women
in
aerospace
diverse
minds
seminar
series
dix
planetary
science
seminar
series
dix
seismo
lab
seminar
series
dow
lecture
in
organometallic
chemistry
dr.
martin
luther
king
jr.
events
draper
prize
lecture
earnest
c.
watson
lecture
series
earth
month
events
eas
trailblazers
econometrics
and
applied
micro
seminar
ee
devices
seminar
series
einstein
seminar
electrical
engineering
distinguished
speaker
seminar
series
electrical
engineering
seminar
series
electrical
engineering
special
seminar
series
electrical
engineering
systems
seminar
series
engineering
and
applied
science
lecture
environmental
science
and
engineering
seminar
ernest
h.
swift
lecture
series
ese
amp
society
discussion
group
everhart
lecture
series
evoxzankou
seminar
series
exploration
the
globe
and
beyond
factorization
algebras
in
quantum
field
theory
learning
seminar
series
fiction
reading
finance
seminar
series
flow
cytometry
and
cell
sorting
facility
series
fluid
mechanics
research
conference
folk
music
at
caltech
francis
bacon
conference
frank
e.
marble
lecture
in
aerospace
frontiers
in
chemical
biology
seminar
series
frontiers
in
chemistry
amp
chemical
engineering
series
galcit
colloquium
series
galcit
special
seminar
gaypril
events
general
biology
seminar
series
general
chemistry
seminar
geobiology
seminar
series
geological
and
planetary
sciences
seminar
series
geology
club
seminar
series
geometric
representation
theory
learning
seminar
series
geometry
and
physics
seminar
series
geometry
and
topology
seminar
series
geophysics
brown
bag
seminar
series
german
film
series
gps
resource
seminar
graduate
student
arithmetic
geometry
seminar
series
graduate
student
job
market
seminar
series
graduate
student
seminar
graduate
Students&#x27
third
year
presentations
group
theory
seminar
series
gsc
outdoor
summer
movie
series
h.
b.
keller
colloquium
series
harden
m.
mcconnell
lecture
series
herbert
newby
mccoy
award
seminar
high
energy
physics
seminar
series
high
energy
theory
seminar
series
history
seminar
series
hss
50th
anniversary
lecture
series
hss
diversity
equity
and
inclusion
series
hughes
lecture
humanities
and
social
sciences
film
screening
humanities
brown
bag
seminar
series
humanities
conference
humanities
event
humanities
job
candidate
ideas
lecture
series
innovation
and
discovery
in
engineering
and
applied
science
immigration
roadmap
inclusion
diversity
equity
and
accessibility
idea
events
informal
biology
seminar
information
science
and
technology
seminar
information
geometry
and
physics
seminar
series
innovation
speaker
series
inorganic
electrochemistry
seminar
series
inorganic
organometallics
seminar
series
inqnet
seminar
series
institute
for
quantum
information
iqi
weekly
seminar
series
institute
for
quantum
information
seminar
international
education
week
international
scholar
orientation
series
ipac
astronomy
lunch
seminar
series
iqim
postdoctoral
and
graduate
student
seminar
series
ir
submm
mm
sack
lunch
series
ist
lunch
bunch
james
k.
knowles
lecture
amp
caltech
solid
mechanics
symposium
james
michelin
distinguished
visitors
program
james
r.
and
shirley
a.
kliegel
lecture
in
engineering
and
applied
science
james
r.
and
shirley
a.
kliegel
lecture
in
geological
and
planetary
sciences
jcap
seminar
series
john
d.
roberts
lecture
series
joint
center
for
artificial
photosynthesis
seminar
joint
iqim
aws
seminar
series
joint
la
student
seminar
in
geometry
and
topology
series
juneteenth
events
keck
institute
for
space
studies
lecture
series
keck
institute
for
space
studies
symposium
series
kellogg
seminar
series
kni
distinguished
seminar
series
kni
nanoscience
colloquia
series
kni
mdl
seminar
series
kroc
lecture
latino
latine
hispanic
heritage
month
events
learning
seminar
series
leonidas
alaoglu
memorial
lectures
ligo
seminar
series
linde
center
for
science
society
and
policy
lcssp
seminar
series
linde
institute
distinguished
seminar
linde
institute
social
and
information
sciences
laboratory
seminar
series
sisl
linus
pauling
lectureship
literary
dimensions
seminar
series
logic
seminar
series
lunar
new
year
events
mach
festival
of
new
science
driven
plays
machine
learning
and
scientific
computing
series
machine
learning
art
amp
creativity
seminar
series
materialities
texts
and
images
mti
workshops
materialities
texts
and
images
program
working
group
materials
research
lecture
series
math
graduate
seminar
series
mathematical
physics
seminar
series
mathematics
and
machine
learning
seminar
series
mathematics
colloquium
series
mechanical
and
civil
engineering
seminar
series
mechanical
engineering
seminar
medical
engineering
seminar
series
micro
mornings
mixed
signal
rf
and
microwave
seminar
molecular
cellular
and
developmental
biology
seminar
movies
that
matter
national
coming
out
week
series
native
american
heritage
month
events
neurobiology
and
computation
amp
neural
systems
seminar
neurolunch
seminar
series
noncommutative
geometry
seminar
series
norman
davidson
lecture
series
novartis
lecture
novartis
symposium
number
theory
seminar
series
optica
student
chapter
lecture
series
organic
chemistry
seminar
series
oringer
seminar
series
out
of
the
lab
ovro
astronomy
lecture
series
ovro
lecture
series
performing
arts
series
peter
b.
dervan
lecture
series
physics
colloquium
series
physics
research
conference
pma
diversity
equity
inclusion
and
outreach
events
postdoctoral
math
seminar
series
presentation
skills
workshop
series
presidential
distinguished
speaker
series
pride
month
events
pst
art
events
quantum
matter
seminar
series
radio
lunch
talk
radio
grub
reading
seminar
on
Deligne&#x27;s
weil
ii
paper
reading
seminar
series
relate
series
resnick
institute
chen
huang
sustainability
lecture
series
resnick
institute
distinguished
lecture
series
resnick
institute
lecture
series
resnick
institute
seminar
series
resources
for
resilience
series
rigorous
systems
research
group
rsrg
seminar
series
robert
w.
vaughan
lecture
in
chemical
engineering
rsi
research
seminar
series
rsrg
dolcit
seminar
series
safe
zone
training
series
school
day
programs
performing
arts
series
school
day
programs
real
science
series
school
day
programs
reel
science
series
science
journeys
science
saturdays
seriesmatinees
for
all
ages
seismo
lab
brown
bag
seminar
series
seismo
lab
seminar
series
seminar
on
history
and
philosophy
of
science
sexual
assault
awareness
month
series
sisl
postdoc
gra
seminar
skeptics
society
lecture
sloan
swartz
seminar
in
theoretical
neurobiology
smart
grid
seminar
smart
grid
seminar
series
social
science
conference
social
science
job
candidate
social
science
seminars
for
students
social
sciences
brown
bag
seminar
series
social
sciences
history
seminar
series
southern
california
symposia
on
network
economics
and
game
theory
special
biochemistry
seminar
series
special
cce
seminar
special
events
special
inorganic
chemistry
seminar
series
special
materials
and
organic
chemistry
seminar
series
special
organic
chemistry
seminar
series
special
organic
chemistry
symposium
series
special
seminar
in
applied
physics
and
materials
science
special
seminars
in
applied
mathematics
special
seminars
in
computing
mathematical
sciences
special
seminars
in
mathematics
stargazing
lecture
series
steminar
series
student
group
performances
subra
suresh
distinguished
lecture
series
summer
chemical
physics
seminar
series
sustainability
speaker
series
sustainable
engineering
seminar
series
synthetic
biology
for
sustainability
seminar
series
systems
biology
supergroup
t&amp;c
chen
center
for
brain
machine
interface
distinguished
lecture
series
t&amp;c
chen
center
for
social
and
decision
neuroscience
distinguished
lecture
series
t&amp;c
chen
center
for
social
and
decision
neuroscience
seminar
series
tapir
seminar
series
taussky
todd
lecture
series
tcs+
talks
tectonics
observatory
brown
bag
seminar
series
the
bristol
myers
squibb
lectures
in
organic
synthesis
the
humanities
and
social
sciences
mellon
divisional
lecture
series
the
mellon
conference
the
show
must
go
on(line
theodore
von
krmn
lecture
series
theory
of
computing
seminar
series
thesis
seminar
thomas
wolff
memorial
lectures
in
mathematics
ulric
b.
and
evelyn
l.
bray
seminar
ulric
b.
and
evelyn
l.
bray
seminar
in
political
economy
ulric
b.
and
evelyn
l.
bray
social
sciences
seminar
series
undergraduate
math
club
seminar
series
veritas
forum
at
caltech
visual
culture
program
series
w.
n.
lacey
lectureship
in
chemical
engineering
walking
group
activities
weigle
lecture
wiersma
lecture
william
amp
myrtle
harris
distinguished
lectureship
in
science
and
civilization
women
in
leadership
amp
innovation
series
women
mentoring
women
series
Women&#x27;s
history
month
events
workshops
on
data
privacy
workshops
on
information
and
social
economics
world
fest
writers
in
residence
program
series
s.
catalina
ave
s.
catalina
ave
apartment
s.
hill
ave
annex
alles
courtyard
alumni
house
s.
hill
ave
annenberg
annenberg
annenberg
annenberg
annenberg
annenberg
annenberg
annenberg
annenberg
annenberg
annenberg
annenberg
annenberg
atrium
2nd
floor
annenberg
center
annenberg
lecture
hall
annenberg
lounge
2nd
floor
annenberg
north
tent
annenberg
south
tent
arms
buwalda
room
arms
robert
p.
sharp
lecture
hall
athenaeum
athenaeum
hall
of
associates
athenaeum
main
lounge
athenaeum
rathskeller
avery
conference
room
avery
courtyard
avery
dining
hall
avery
house
avery
library
away
game
baxter
baxter
baxter
baxter
baxter
baxter
B125
baxter
B133
baxter
lecture
hall
baxter
north
patio
bechtel
mall
bechtel
residence
dining
hall
beckman
auditorium
beckman
auditorium
basement
beckman
auditorium
exterior
promenade
beckman
behavioral
biology
B101
beckman
behavioral
biology
B180
beckman
institute
beckman
institute
beckman
institute
beckman
institute
beckman
institute
beckman
institute
auditorium
beckman
institute
lawn
beckman
institute
lobby
beckman
institute
glanville
courtyard
beckman
mall
braun
athletic
center
aerobics
room
braun
athletic
center
multipurpose
room
braun
athletic
center
pool
braun
gym
braun
laboratory
braun
laboratory
patio
broad
broad
broad
broad
B167
broad
center
rock
seminar
room
brown
gymnasium
brown
gymnasium
classroom
building
room
building
room
building
room
building
room
cafe
at
broad
cahill
cahill
cahill
cahill
cahill
center
for
astronomy
and
astrophysics
cahill
hameetman
auditorium
caltech
archives
room
B215
caltech
hall
conference
room
caltech
hall
9th
floor
caltech
hall
board
room
caltech
hall
pond
caltech
outdoor
art
space
caltech
store
caltech
Women&#x27;s
center
caltech
capsi
house
s.
hill
ave
carnegie
observatories
santa
barbara
st.
william
t.
golden
auditorium
catalina
apartments
community
garden
center
for
student
services
career
achievement
leadership
and
exploration
center
for
student
services
workshop
space
center
for
student
services
2nd
floor
common
area
center
for
student
services
2nd
floor
conference
room
center
for
student
services
3rd
floor
brennan
conference
room
center
for
student
services
large
tent
center
for
student
services
lobby
central
catalinas
recreation
room
central
engineering
services
student
shop
chen
chen
chen
breezeway
chen
lobby
chen
sunken
zen
garden
chen
upper
zen
garden
childrens
center
at
caltech
counseling
center
crellin
crellin
dabney
hall
treasure
room
dabney
hall
dabney
hall
garden
of
the
associates
dabney
hall
lounge
downs
downs
downs
downs
downs
downs
east
bridge
east
bridge
richard
p.
feynman
lecture
hall
einstein
papers
project
s.
hill
ave
firestone
northrop
grumman
reading
room
firestone
firestone
firestone
fox
stanton
track
and
field
gates
annex
library
gates
annex
B122
gates
annex
patio
gates
thomas
gates
thomas
gates
thomas
gates
thomas
gates
thomas
gates
thomas
gates
thomas
guggenheim
lees
kubota
lecture
hall
guggenheim
hameetman
center
frautschi
rehearsal
hall
hameetman
center
conference
room
hameetman
center
multipurpose
room
hameetman
center
B116
club
room
hameetman
center
B120
club
room
hameetman
center
B122
club
room
hameetman
center
B131
club
room
hameetman
center
caltech
store
lobby
hameetman
center
patio
home
game
human
resources
human
resources
lobby
huntington
library
huntington
library
seaver
classroom
imss
ipac
large
conference
room
jorgensen
jorgensen
jorgensen
jorgensen
jorgensen
jorgensen
lobby
jpl
jpl
von
karman
auditorium
keck
keck
keck
center
keith
spalding
keith
spalding
keith
spalding
B117
keith
spalding
B125
keith
spalding
building
keith
spalding
lobby
kellogg
kerckhoff
kerckhoff
kerckhoff
kerckhoff
morgan
library
lauritsen
lauritsen
lauritsen
lauritsen
library
lee
f.
browne
dining
hall
formerly
the
harry
chandler
dining
hall
linde
linde
hall
linde
hall
linde
hall
linde
hall
linde
hall
linde
hall
linde
hall
linde
laboratory
lloyd
house
location
to
be
announced
moore
moore
moore
B270
moore
B280
moore
courtyard
moore
walk
multiple
locations
see
event
detail
for
more
information
music
house
s.
hill
ave
new
media
classroom
s.
hill
ave
north
athletic
field
north
avery
garden
north
catalinas
recreation
room
north
mudd
geology
library
north
mudd
B114F
noyes
j.
holmes
sturdivant
lecture
hall
noyes
j.
holmes
sturdivant
lecture
hall
off
campus
olive
walk
online
and
in
person
event
online
event
page
house
dining
room
palomar
observatory
parsons
gates
parsons
gates
pasadena
city
college
e.
colorado
the
vosloh
forum
south
of
colorado
on
bonnie
powell
booth
seminar
room
powell
booth
President&#x27;s
residence
ramo
auditorium
red
door
cafe
robinson
san
pasqual
walk
schlinger
schlinger
see
event
detail
for
location
sfcc
office
s.
hill
ave
rear
building
sherman
fairchild
library
interactive
computer
classroom
sherman
fairchild
library
multimedia
conference
room
sherman
fairchild
library
amphitheatre
sherman
fairchild
library
lobby
sites
designated
as
approved
for
commercial
still
photography
sloan
annex
south
athletic
field
south
catalinas
recreation
room
south
mudd
south
mudd
south
mudd
benioff
room
south
mudd
spalding
laboratory
spalding
laboratory
hartley
memorial
seminar
room
spalding
laboratory
st.
luke
site
steele
steele
steele
steele
steele
steele
house
tent
steele
house
s.
holliston
ave
carriage
house
student
activities
center
student
health
center
tacit
house
s.
hill
ave
tennis
courts
tournament
park
warren
and
katharine
schlinger
laboratory
watson
watson
web
broadcast
west
bridge
west
bridge
ligo
science
conference
room
west
bridge
B157
cmp
conference
room
wilson
avenue
north
parking
structure
roof
winnett
center
winnett
clubroom
winnett
lounge
winnett
quad
s.
catalina
ave
s.
catalina
ave
apartment
s.
hill
ave
annex
alles
courtyard
alumni
house
s.
hill
ave
annenberg
annenberg
annenberg
annenberg
annenberg
annenberg
annenberg
annenberg
annenberg
annenberg
annenberg
annenberg
annenberg
atrium
2nd
floor
annenberg
center
annenberg
lecture
hall
annenberg
lounge
2nd
floor
annenberg
north
tent
annenberg
south
tent
arms
buwalda
room
arms
robert
p.
sharp
lecture
hall
athenaeum
athenaeum
hall
of
associates
athenaeum
main
lounge
athenaeum
rathskeller
avery
conference
room
avery
courtyard
avery
dining
hall
avery
house
avery
library
away
game
baxter
baxter
baxter
baxter
baxter
baxter
B125
baxter
B133
baxter
lecture
hall
baxter
north
patio
bechtel
mall
bechtel
residence
dining
hall
beckman
auditorium
beckman
auditorium
basement
beckman
auditorium
exterior
promenade
beckman
behavioral
biology
B101
beckman
behavioral
biology
B180
beckman
institute
beckman
institute
beckman
institute
beckman
institute
beckman
institute
beckman
institute
auditorium
beckman
institute
lawn
beckman
institute
lobby
beckman
institute
glanville
courtyard
beckman
mall
braun
athletic
center
aerobics
room
braun
athletic
center
multipurpose
room
braun
athletic
center
pool
braun
gym
braun
laboratory
braun
laboratory
patio
broad
broad
broad
broad
B167
broad
center
rock
seminar
room
brown
gymnasium
brown
gymnasium
classroom
building
room
building
room
building
room
building
room
cafe
at
broad
cahill
cahill
cahill
cahill
cahill
center
for
astronomy
and
astrophysics
cahill
hameetman
auditorium
caltech
archives
room
B215
caltech
hall
conference
room
caltech
hall
9th
floor
caltech
hall
board
room
caltech
hall
pond
caltech
outdoor
art
space
caltech
store
caltech
Women&#x27;s
center
caltech
capsi
house
s.
hill
ave
carnegie
observatories
santa
barbara
st.
william
t.
golden
auditorium
catalina
apartments
community
garden
center
for
student
services
career
achievement
leadership
and
exploration
center
for
student
services
workshop
space
center
for
student
services
2nd
floor
common
area
center
for
student
services
2nd
floor
conference
room
center
for
student
services
3rd
floor
brennan
conference
room
center
for
student
services
large
tent
center
for
student
services
lobby
central
catalinas
recreation
room
central
engineering
services
student
shop
chen
chen
chen
breezeway
chen
lobby
chen
sunken
zen
garden
chen
upper
zen
garden
childrens
center
at
caltech
counseling
center
crellin
crellin
dabney
hall
treasure
room
dabney
hall
dabney
hall
garden
of
the
associates
dabney
hall
lounge
downs
downs
downs
downs
downs
downs
east
bridge
east
bridge
richard
p.
feynman
lecture
hall
einstein
papers
project
s.
hill
ave
firestone
northrop
grumman
reading
room
firestone
firestone
firestone
fox
stanton
track
and
field
gates
annex
library
gates
annex
B122
gates
annex
patio
gates
thomas
gates
thomas
gates
thomas
gates
thomas
gates
thomas
gates
thomas
gates
thomas
guggenheim
lees
kubota
lecture
hall
guggenheim
hameetman
center
frautschi
rehearsal
hall
hameetman
center
conference
room
hameetman
center
multipurpose
room
hameetman
center
B116
club
room
hameetman
center
B120
club
room
hameetman
center
B122
club
room
hameetman
center
B131
club
room
hameetman
center
caltech
store
lobby
hameetman
center
patio
home
game
human
resources
human
resources
lobby
huntington
library
huntington
library
seaver
classroom
imss
ipac
large
conference
room
jorgensen
jorgensen
jorgensen
jorgensen
jorgensen
jorgensen
lobby
jpl
jpl
von
karman
auditorium
keck
keck
keck
center
keith
spalding
keith
spalding
keith
spalding
B117
keith
spalding
B125
keith
spalding
building
keith
spalding
lobby
kellogg
kerckhoff
kerckhoff
kerckhoff
kerckhoff
morgan
library
lauritsen
lauritsen
lauritsen
lauritsen
library
lee
f.
browne
dining
hall
formerly
the
harry
chandler
dining
hall
linde
linde
hall
linde
hall
linde
hall
linde
hall
linde
hall
linde
hall
linde
hall
linde
laboratory
lloyd
house
location
to
be
announced
moore
moore
moore
B270
moore
B280
moore
courtyard
moore
walk
multiple
locations
see
event
detail
for
more
information
music
house
s.
hill
ave
new
media
classroom
s.
hill
ave
north
athletic
field
north
avery
garden
north
catalinas
recreation
room
north
mudd
geology
library
north
mudd
B114F
noyes
j.
holmes
sturdivant
lecture
hall
noyes
j.
holmes
sturdivant
lecture
hall
off
campus
olive
walk
online
and
in
person
event
online
event
page
house
dining
room
palomar
observatory
parsons
gates
parsons
gates
pasadena
city
college
e.
colorado
the
vosloh
forum
south
of
colorado
on
bonnie
powell
booth
seminar
room
powell
booth
President&#x27;s
residence
ramo
auditorium
red
door
cafe
robinson
san
pasqual
walk
schlinger
schlinger
see
event
detail
for
location
sfcc
office
s.
hill
ave
rear
building
sherman
fairchild
library
interactive
computer
classroom
sherman
fairchild
library
multimedia
conference
room
sherman
fairchild
library
amphitheatre
sherman
fairchild
library
lobby
sites
designated
as
approved
for
commercial
still
photography
sloan
annex
south
athletic
field
south
catalinas
recreation
room
south
mudd
south
mudd
south
mudd
benioff
room
south
mudd
spalding
laboratory
spalding
laboratory
hartley
memorial
seminar
room
spalding
laboratory
st.
luke
site
steele
steele
steele
steele
steele
steele
house
tent
steele
house
s.
holliston
ave
carriage
house
student
activities
center
student
health
center
tacit
house
s.
hill
ave
tennis
courts
tournament
park
warren
and
katharine
schlinger
laboratory
watson
watson
web
broadcast
west
bridge
west
bridge
ligo
science
conference
room
west
bridge
B157
cmp
conference
room
wilson
avenue
north
parking
structure
roof
winnett
center
winnett
clubroom
winnett
lounge
winnett
quad
previous
next
monday
august
26th
add
to
cal
journaling
workshop
learn
more
add
to
cal
charge
up
entrepreneurship
series
learn
more
caltech
anchors.options
icon
visible
hover
titletext
right
click
here
and
choose
copy
link
to
get
link
to
this
part
of
the
page
anchors.add('.rich
text
h1
.rich
text
h2
.rich
text
h3
.rich
text
h4
.rich
text
h5
.rich
text
h6
.heading
block
