academic
and
administrative
leadership
www.caltech.edu</title
window.datalayer
window.datalayer
||
function
gtag(){datalayer.push(arguments
gtag('js
new
date
gtag('config
G-7RL83EX4D4
anonymize_ip
true
gtag('config
UA-11248958
anonymize_ip
true
function(w
w[l
w[l
||
w[l].push
gtm.start
new
date().gettime
event
gtm.js
var
d.getElementsByTagName(s)[0
d.createelement(s
dl
datalayer
l=
j.async
true
j.src
https://www.googletagmanager.com/gtm.js?id=
dl
f.parentnode.insertbefore(j
window
document
script
datalayer
gtm
P8H9J4S
function(f
if(f.fbq)return;n
f.fbq
function(){n.callmethod
n.callmethod.apply(n
arguments):n.queue.push(arguments
if(!f._fbq)f._fbq
n;n.push
n;n.loaded=!0;n.version='2.0
n.queue=[];t
b.createElement(e);t.async=!0
t.src
v;s
b.getElementsByTagName(e)[0
s.parentnode.insertbefore(t
s)}(window
document,'script
https://connect.facebook.net/en_us/fbevents.js
fbq('init
fbq('track
pageview
quick
links
caltech
menu
close</span
about
research
academics
admissions
amp
aid
campus
life
amp
events
visit
careers
access
quick
links
directory
caltech
today
alumni
give
about
caltech
back
at
glance
university
and
college
rankings
leadership
president
provost
board
of
trustees
academic
and
administrative
leadership
values
diversity
equity
and
inclusion
sustainability
freedom
of
expression
honor
code
legacy
history
amp
milestones
awards
amp
honors
caltech
archives
interactive
history
map
news
publications
caltech
science
exchange
this
is
caltech
caltech
magazine
periodic
table
of
caltech
visit
directions
campus
maps
parking
tours
administrative
offices
amp
departments
research
back
academic
divisions
biology
and
biological
engineering
chemistry
and
chemical
engineering
engineering
amp
applied
science
geological
amp
planetary
sciences
humanities
and
social
sciences
physics
mathematics
and
astronomy
jet
propulsion
laboratory
student
research
centers
amp
institutes
technology
transfer
amp
corporate
partnerships
sponsored
research
research
facilities
faculty
listing
academics
back
undergraduate
studies
graduate
studies
online
education
executive
education
teaching
learning
amp
outreach
resources
registrar
catalog
academic
calendar
library
international
offices
career
development
admissions
amp
aid
back
undergraduate
admissions
apply
cost
amp
aid
graduate
admissions
apply
funding
amp
aid
campus
life
amp
events
back
institute
calendar
caltech
today
athletics
amp
recreation
events
caltechlive
performing
amp
visual
arts
housing
dining
caltech
wellness
services
diversity
center
security
emergency
information
nbsp;/&nbsp
nbsp;/&nbsp
leadership
nbsp;/&nbsp
academic
and
administrative
leadership
academic
and
administrative
leadership
harry
a.
atwater
otis
booth
leadership
chair
division
of
engineering
and
applied
science</p><p
data
block
key="blg1a"><b
tracy
dennison
ronald
and
maxine
linde
leadership
chair
division
of
humanities
and
social
sciences</p><p
data
block
key="401b4"><b
dennis
a.
dougherty
norman
davidson
leadership
chair
division
of
chemistry
and
chemical
engineering</p><p
data
block
key="b1f1g"><b
john
p.
grotzinger
ted
and
ginger
jenkins
leadership
chair
division
of
geological
and
planetary
sciences</p><p
data
block
key="dcguo"><b
fiona
a.
harrison
kent
and
joyce
kresa
leadership
chair
division
of
physics
mathematics
and
astronomy</p><p
data
block
key="fclc5"><b
richard
m.
murray
william
k.
bowes
jr.
leadership
chair
division
of
biology
and
biological
engineering</p><p
data
block
key="f27o1"></p></div
dexter
a.
bailey
jr.<br/></b
vice
president
for
advancement
and
alumni
relations</p><p
data
block
key="3vmdg"><b
kevin
m.
gilmartin
vice
president
and
faculty
dean
of
students</p><p
data
block
key="fufii"><b
diana
jergovic
vice
president
for
strategyimplementation</p><p
data
block
key="25c3o"><b
charles
e.
lane</b><br/
vice
president
and
chief
operating
officer</p><p
data
block
key="9v5ms"><b
laurie
leshin
vice
president
and
director
of
the
jet
propulsion
laboratory
bren
professor
of
geochemistry
and
planetary
science</p><p
data
block
key="caajr"><b
cathy
light
secretary
board
of
trustees</p><p
data
block
key="b40nl"><b
jennifer
lum
general
counsel</p><p
data
block
key="9uign"><b
scott
h.
richland
chief
investment
officer</p></div
caltech
anchors.options
icon
visible
hover
titletext
right
click
here
and
choose
copy
link
to
get
link
to
this
part
of
the
page
anchors.add('.rich
text
h1
.rich
text
h2
.rich
text
h3
.rich
text
h4
.rich
text
h5
.rich
text
h6
.heading
block
