quick
links
for
faculty
www.caltech.edu</title
window.datalayer
window.datalayer
||
function
gtag(){datalayer.push(arguments
gtag('js
new
date
gtag('config
G-7RL83EX4D4
anonymize_ip
true
gtag('config
UA-11248958
anonymize_ip
true
function(w
w[l
w[l
||
w[l].push
gtm.start
new
date().gettime
event
gtm.js
var
d.getElementsByTagName(s)[0
d.createelement(s
dl
datalayer
l=
j.async
true
j.src
https://www.googletagmanager.com/gtm.js?id=
dl
f.parentnode.insertbefore(j
window
document
script
datalayer
gtm
P8H9J4S
function(f
if(f.fbq)return;n
f.fbq
function(){n.callmethod
n.callmethod.apply(n
arguments):n.queue.push(arguments
if(!f._fbq)f._fbq
n;n.push
n;n.loaded=!0;n.version='2.0
n.queue=[];t
b.createElement(e);t.async=!0
t.src
v;s
b.getElementsByTagName(e)[0
s.parentnode.insertbefore(t
s)}(window
document,'script
https://connect.facebook.net/en_us/fbevents.js
fbq('init
fbq('track
pageview
quick
links
caltech
menu
close</span
about
research
academics
admissions
amp
aid
campus
life
amp
events
visit
careers
access
quick
links
directory
caltech
today
alumni
give
about
caltech
back
at
glance
university
and
college
rankings
leadership
president
provost
board
of
trustees
academic
and
administrative
leadership
values
diversity
equity
and
inclusion
sustainability
freedom
of
expression
honor
code
legacy
history
amp
milestones
awards
amp
honors
caltech
archives
interactive
history
map
news
publications
caltech
science
exchange
this
is
caltech
caltech
magazine
periodic
table
of
caltech
visit
directions
campus
maps
parking
tours
administrative
offices
amp
departments
research
back
academic
divisions
biology
and
biological
engineering
chemistry
and
chemical
engineering
engineering
amp
applied
science
geological
amp
planetary
sciences
humanities
and
social
sciences
physics
mathematics
and
astronomy
jet
propulsion
laboratory
student
research
centers
amp
institutes
technology
transfer
amp
corporate
partnerships
sponsored
research
research
facilities
faculty
listing
academics
back
undergraduate
studies
graduate
studies
online
education
executive
education
teaching
learning
amp
outreach
resources
registrar
catalog
academic
calendar
library
international
offices
career
development
admissions
amp
aid
back
undergraduate
admissions
apply
cost
amp
aid
graduate
admissions
apply
funding
amp
aid
campus
life
amp
events
back
institute
calendar
caltech
today
athletics
amp
recreation
events
caltechlive
performing
amp
visual
arts
housing
dining
caltech
wellness
services
diversity
center
security
emergency
information
nbsp;/&nbsp
quick
links
for
faculty
quick
links
for
faculty
coda
contains
the
Institute&#x27;s
collected
research
publications
by
caltech
authors
and
other
content
supporting
the
mission
of
the
institute
including
theses
the
student
newspaper
the
yearbook
the
annual
course
catalog
and
more
caltechthesis
is
growing
repository
of
phd
engineer
Master&#x27;s
and
Bachelor&#x27;s
senior
theses
authored
by
caltech
students
it
is
updated
continuously
as
students
add
new
theses
and
as
library
staff
scan
and
add
older
theses
all
writers
benefit
from
sharing
work
in
progress
and
our
staff
is
ready
to
support
your
work
we
can
offer
feedback
guidance
and
reliable
information
about
academic
writing
as
well
as
chance
to
think
aloud
about
your
written
work
student
affairs
at
caltech
complements
and
enhances
the
Institute&#x27;s
educational
mission
by
ensuring
healthy
and
supportive
environment
that
enables
students
to
grow
academically
and
personally
in
preparation
for
meeting
current
and
future
challenges
announcements
display
on
the
caltech
today
page
and
may
be
included
in
the
weekly
ion
caltech
emails
caltech
hotline
is
one
vehicle
that
allows
us
to
respond
to
possible
concerns
that
may
have
the
potential
to
harm
the
reputation
and
integrity
of
the
institute
international
scholar
services
international
student
programs
and
the
international
office
at
jpl
student
affairs
at
caltech
complements
and
enhances
the
Institute&#x27;s
educational
mission
by
ensuring
healthy
and
supportive
environment
that
enables
students
to
grow
academically
and
personally
in
preparation
for
meeting
current
and
future
challenges
imss
provides
computing
support
and
resources
for
the
caltech
campus
including
email
and
calendar
services
business
applications
voice
and
data
networks
information
security
and
digital
media
services
caltech
hotline
is
one
vehicle
that
allows
us
to
respond
to
possible
concerns
that
may
have
the
potential
to
harm
the
reputation
and
integrity
of
the
institute
the
caltech
hotline
provides
students
faculty
and
staff
with
means
of
communicating
concerns
about
potential
violations
of
institute
policies
laws
or
regulations
unethical
behavior
conflicts
of
interest
actual
or
suspected
fraud
or
other
improper
actions
without
fear
of
retribution
it
is
also
means
for
obtaining
advice
before
making
decisions
that
appear
to
have
significant
compliance
or
ethical
implications
caltech</i
magazine</a
engenious</i></a
the
california
tech</i></a
caltechthesis
is
growing
repository
of
phd
engineer
Master&#x27;s
and
Bachelor&#x27;s
senior
theses
authored
by
caltech
students
it
is
updated
continuously
as
students
add
new
theses
and
as
library
staff
scan
and
add
older
theses
coda
contains
the
Institute&#x27;s
collected
research
publications
by
caltech
authors
and
other
content
supporting
the
mission
of
the
institute
including
theses
the
student
newspaper
the
yearbook
the
annual
course
catalog
and
more
patents
software
copyright
licensing
corporate
collaborations
startups
mtas
ndas
and
any
other
intellectual
property
related
issues
caltech
anchors.options
icon
visible
hover
titletext
right
click
here
and
choose
copy
link
to
get
link
to
this
part
of
the
page
anchors.add('.rich
text
h1
.rich
text
h2
.rich
text
h3
.rich
text
h4
.rich
text
h5
.rich
text
h6
.heading
block
