october
news
carnegie
mellon
university</title
var
datalayer
window.datalayer
window.datalayer||[];</script
var
siteid
document.getelementbyid('siteid').getattribute('data
siteid
var
sitename
siteId.replace(/\-\d{1,2}$/
datalayer.push
siteid
siteid
sitename
sitename
cms
cascade
search</span
search
this
site
only</span
160;&#8250;&#160
stories
160;&#8250;&#160
archives
160;&#8250;&#160
160;&#8250;&#160
october
function
addloadevent(func
var
oldonload
window.onload
if
typeof
window.onload
function
window.onload
func
else
window.onload
function
if
oldonload
oldonload
func
friday
october
2015</small
standing
room
crowd
launches
the
david
a.
tepper
quadrangle
project
historic
campus
expansion
and
vision
for
cmu
's
future.</span
thursday
october
2015</small
the
technique
for
producing
printed
hair
is
similar
to
and
inspired
by
the
way
that
gossamer
plastic
strands
are
extruded
when
person
uses
hot
glue
gun.</span
thursday
october
2015</small
in
the
oct.
issue
of
science
baruch
fischhoff
critically
examines
these
analytical
methods
considering
how
they
should
be
used
and
how
they
can
be
abused.</span
thursday
october
2015</small
the
groundbreaking
will
mark
the
official
launch
of
the
acre
site
as
the
centerpiece
of
the
university
's
new
north
campus.</span
wednesday
october
2015</small
designs
by
school
of
drama
faculty
member
suttirat
larlarb
dress
actors
in
the
walk
steve
jobs
and
on
broadway.</span
tuesday
october
2015</small
cmu
scientists
have
determined
that
learning
detailed
navigation
information
causes
the
hippocampal
brain
changes.</span
tuesday
october
2015</small
manuela
veloso
delivered
keynote
at
this
year
's
grace
hopper
celebration
she
was
just
one
of
the
many
attendees
from
cmu
's
global
community.</span
monday
october
2015</small
school
of
drama
alumnus
mark
worthington
ups
the
ante
for
creepiness
as
part
of
fx
's
american
horror
story
"</span
thursday
october
2015</small
carnegie
mellon
has
partnered
with
the
nsa
day
of
cyber
program
aimed
at
boosting
the
national
iq
for
stem
and
cyber
science
education
paths.</span
wednesday
october
2015</small
cmu
alumna
jillian
walker
represents
the
u.s.
at
the
first
world
mixed
curling
championships.</span
tuesday
october
2015</small
admiral
mike
rogers
commander
of
u.s.
cyber
command
and
director
of
the
national
security
agency
will
discuss
cybersecurity
issues
at
cmu
at
p.m.
monday
oct.
in
rashid
auditorium.</span
monday
october
2015</small
the
technique
called
cyclic
healing
uses
repetitive
gentle
stretching
to
eliminate
pre
existing
defects
in
metal
crystals.</span
thursday
october
2015</small
pilot
app
called
navcog
uses
sensors
and
cognitive
technologies
to
inform
blind
people
on
the
cmu
campus
about
their
location.</span
wednesday
october
2015</small
cmu
and
georgetown
university
have
created
six
degrees
of
francis
bacon
groundbreaking
digital
humanities
project
that
recreates
the
british
early
modern
social
network
to
trace
the
personal
relationships
among
figures
like
bacon
shakespeare
isaac
newton
and
many
others.</span
monday
october
2015</small
cmu
alumni
ted
danson
patrick
wilson
and
newcomer
rachel
keller
offer
glimpse
of
humanity
's
raw
sides
in
the
second
season
of
fx
's
fargo
"</span
thursday
october
2015</small
the
cognitive
skills
used
to
learn
how
to
ride
bike
may
be
the
key
to
more
accurate
understanding
of
developmental
dyslexia.</span
thursday
october
2015</small
with
the
return
of
fall
weather
comes
football
fun
and
festivities
as
the
cmu
community
gathers
at
the
pittsburgh
campus
oct.
11.</span
wednesday
october
2015</small
using
computational
modeling
researchers
have
come
up
with
design
for
better
liposome
which
could
provide
the
basis
for
improving
targeted
drug
delivery.</span
tuesday
october
2015</small
the
endowed
chair
will
fund
special
efforts
to
attract
and
support
faculty
and
students.</span
monday
october
2015</small
cmu
's
marlene
behrmann
is
part
of
the
research
team
that
is
challenging
the
popular
educational
approaches
designed
for
individuals
with
asd.</span
friday
october
2015</small
as
the
perfect
guy
hits
theaters
nationwide
movie
producer
tommy
oliver
dc
proves
his
mettle
in
hollywood
thursday
october
2015</small
carnegie
mellon
university
has
joined
with
the
boeing
company
to
establish
the
boeing
carnegie
mellon
aerospace
data
analytics
lab
new
academic
research
initiative
that
will
leverage
the
university
's
leadership
in
machine
learning
language
technologies
and
data
analytics.</span
thursday
october
2015</small
suresh
said
he
would
be
holding
these
meetings
annually
to
provide
students
faculty
and
staff
with
the
opportunity
to
provide
him
with
ideas
and
suggestions
as
well
as
to
ask
questions
and
raise
issues
and
concerns
of
importance
to
the
university.</span
carnegie
mellon
university
forbes
avenue
pittsburgh
pa
carnegie
mellon
university</li
stories
college
of
engineering
college
of
fine
arts
dietrich
college
of
humanities
amp
social
sciences
heinz
college
of
information
systems
and
public
policy
mellon
college
of
science
school
of
computer
science
tepper
school
of
business
archives
march
february
january
december
november
october
september
august
july
june
may
april
march
february
january
december
november
october
september
august
july
june
may
april
march
february
january
december
november
october
september
august
july
june
may
april
march
february
january
january
february
march
april
may
june
july
august
september
october
november
december
january
february
march
april
may
june
july
august
september
october
november
december
january
february
march
april
may
june
july
august
september
october
november
december
january
february
march
april
may
june
july
august
september
october
november
december
january
february
march
april
may
june
july
august
september
october
november
december
january
february
march
april
may
june
july
august
september
october
november
december
january
february
march
april
may
june
july
august
september
october
november
december
media
highlights
media
resources
experts
alphabetical
experts
by
topic
contact
us
the
piper
campus
amp
community
news
