cmu
events
calendar</title
/*<![cdata[*/
var
livewhale={"liveurl_dir":"\/live","host":"events.cmu.edu","page":"\/index.php","request":"\/","ajax_timeout":30,"client_name":"Carnegie
mellon
University","cookie_host":".cmu.edu","cookie_prefix":"lw_ef7f6ac5_","date_format_us":"m\/d\/Y","date_format_euro":"d
y","time_format_us":"g
ia","time_format_euro":"h
i","timezone_format":"us","is_lwc":true,"calendar_level":null,"group_id":"","group_directory":"","group_title":"","group_fullname":"","group_theme":"","has_ssl":"true","has_webp":true,"group_title_real":"","group_fullname_real":"","group_twitter_name":"","group_facebook_name":"","group_instagram_name":"","calendar_widget_args":{"mini_cal_heat_map":"true","thumb_width":200,"thumb_height":200,"hide_repeats":"false","show_groups":"true","show_locations":"false","show_tags":"true","month_view_day_limit":"2","use_tag_classes":"false","search_all_events_only":"true","use_modular_templates":"true","exclude_tag":"exclude
from
main
calendar","display_all_day_events_last":"true","widget_template":"default","exclude_group":["admin","featured
Events"],"sort_order":["date"],"max":1000,"modular":"true"},"has_events_calendar":"true","maps_api_key":"AIzaSyA53gZEW5eEIPAwHc29qKrY6UitC40wC4s","lwc_use_pushstate":true,"calendar":{"default_timezone":"America\/New_York","default_timezone_offset":-14400,"calendars":[{"title":"Main
calendar","directory":"\/"},{"title":"academic
calendar","directory":"https:\/\/events.cmu.edu\/academic
calendar\/"},{"title":"inclusive
holiday
observations
and
interfaith
calendar","directory":"https:\/\/events.cmu.edu\/interfaith
calendar\/"},{"title":"student
affairs","directory":"https:\/\/events.cmu.edu\/student
affairs\/"}],"categories":["open
to
the
public","arts
amp
performance","athletics
amp
recreation","awards
ceremonies
amp
receptions","campus
life","career
amp
professional
development","community
outreach","conferences
amp
lectures","diversity
amp
inclusion","food
amp
dining","health
amp
wellness","leadership
amp
civic
engagement","off
campus","religious
amp
spiritual
life","student
activities
amp
organizations","sustainability","training
amp
workshops"],"categories_campus":[],"categories_audience":["alumni","faculty","general
public","graduate
students","staff","undergraduate
students","youth
K-12)"],"tags":[],"groups":[{"title":"Academic
calendar","fullname":"academic
calendar","class":"academic_calendar"},{"title":"athletics","fullname":"athletics","class":"athletics"},{"title":"inclusive
holiday
observations
and
interfaith
calendar","fullname":"inclusive
holiday
observations
and
interfaith
calendar","class":"inclusive_holiday_observations_and_interfaith_calendar"},{"title":"main
calendar","fullname":"main
calendar","class":"main_calendar"},{"title":"student
affairs","fullname":"student
Affairs","class":"student_affairs"}],"timezones":{"Pacific\/Midway":["(GMT-11:00
midway
island
samoa","pacific\/midway",true,"samoa
standard
Time",false,"SST"],"Pacific\/Honolulu":["(GMT-10:00
hawaii","pacific\/honolulu",false,"hawaiian
standard
Time",false,"HST"],"America\/Anchorage":["(GMT-09:00
alaska","america\/anchorage",false,"alaskan
standard
Time",false,"AKDT"],"America\/Tijuana":["(GMT-08:00
baja
California","America\/Tijuana",false,"",false,"PDT"],"America\/Los_Angeles":["(GMT-08:00
pacific
time
us
and
canada)","america\/los_angeles",true,"pacific
standard
Time",false,"PDT"],"America\/Phoenix":["(GMT-07:00
arizona","america\/phoenix",false,"us
mountain
standard
Time",false,"MST"],"America\/Chihuahua":["(GMT-07:00
chihuahua
la
paz
mazatlan","america\/chihuahua",false,"mountain
standard
time
Mexico)",true,"CST"],"America\/Denver":["(GMT-07:00
mountain
time
us
and
canada)","america\/denver",true,"mountain
standard
Time",false,"MDT"],"America\/Detroit":["(GMT-05:00
eastern
time
us
and
canada)","america\/detroit",true,"eastern
standard
Time",false,"EDT"],"America\/Edmonton":["(GMT-07:00
mountain
time
canada)","america\/edmonton",false,"mountain
standard
Time",true,"MDT"],"America\/Belize":["(GMT-06:00
central
america","america\/belize",false,"central
america
standard
Time",false,"CST"],"America\/Chicago":["(GMT-06:00
central
time
us
and
canada)","america\/chicago",true,"central
standard
Time",false,"CDT"],"America\/Mexico_City":["(GMT-06:00
guadalajara
mexico
city
monterrey","america\/mexico_city",false,"central
standard
time
Mexico)",true,"CST"],"America\/Regina":["(GMT-06:00
saskatchewan","america\/regina",true,"canada
central
standard
Time",true,"CST"],"America\/Bogota":["(GMT-05:00
bogota
lima
quito","america\/bogota",false,"sa
pacific
standard
Time",true,"-05"],"America\/New_York":["(GMT-05:00
eastern
time
us
and
canada)","america\/new_york",false,"eastern
standard
Time",false,"EDT"],"America\/Indiana\/Indianapolis":["(GMT-05:00
indiana
east)","america\/indiana\/indianapolis",true,"us
eastern
standard
Time",false,"EDT"],"America\/Caracas":["(GMT-04:30
Caracas","America\/Caracas",false,"",true,"-04"],"America\/Asuncion":["(GMT-04:00
Asuncion","America\/Asuncion",false,"",true,"-04"],"America\/Halifax":["(GMT-04:00
atlantic
time
canada)","america\/halifax",false,"atlantic
standard
Time",false,"ADT"],"America\/Cuiaba":["(GMT-04:00
Cuiaba","America\/Cuiaba",false,"",true,"-04"],"America\/Manaus":["(GMT-04:00
georgetown
la
paz
manaus
san
juan","america\/manaus",true,"sa
western
standard
time
central
brazilian
standard
Time",true,"-04"],"America\/Santiago":["(GMT-04:00
santiago","america\/santiago",true,"pacific
sa
standard
Time",true,"-04"],"America\/St_Johns":["(GMT-03:30
newfoundland
and
labrador","america\/st_johns",false,"newfoundland
standard
Time",true,"NDT"],"America\/Sao_Paulo":["(GMT-03:00
brasilia","america\/sao_paulo",true,"e.
south
america
standard
Time",true,"-03"],"America\/Buenos_Aires":["(GMT-03:00
buenos
aires\t","america\/buenos_aires",true,"sa
eastern
standard
Time",true,"-03"],"America\/Cayenne":["(GMT-03:00
cayenne
Fortaleza","America\/Cayenne",false,"",true,"-03"],"America\/Godthab":["(GMT-03:00
greenland","america\/godthab",false,"greenland
standard
Time",true,"-01"],"America\/Montevideo":["(GMT-03:00
Montevideo","America\/Montevideo",false,"",true,"-03"],"America\/Bahia":["(GMT-03:00
Salvador","America\/Bahia",false,"",true,"-03"],"America\/Noronha":["(GMT-02:00
mid
atlantic","america\/noronha",false,"mid
atlantic
standard
Time",true,"-02"],"Atlantic\/Azores":["(GMT-01:00
azores","atlantic\/azores",false,"azores
standard
Time",true,"+00"],"Atlantic\/Cape_Verde":["(GMT-01:00
cape
verde
islands","atlantic\/cape_verde",false,"cape
verde
standard
Time",true,"-01"],"Europe\/London":["(GMT
greenwich
mean
time
dublin
edinburgh
lisbon
london","europe\/london",false,"gmt
standard
time",true,"bst"],"africa\/casablanca":["(gmt
casablanca
monrovia","africa\/casablanca",false,"greenwich
standard
Time",true,"+01"],"Europe\/Amsterdam":["(GMT+01:00
amsterdam
berlin
bern
rome
stockholm
vienna","europe\/amsterdam",true,"w.
europe
standard
Time",true,"CEST"],"Europe\/Belgrade":["(GMT+01:00
belgrade
bratislava
budapest
ljubljana
prague","europe\/belgrade",false,"central
europe
standard
Time",true,"CEST"],"Europe\/Brussels":["(GMT+01:00
brussels
copenhagen
madrid
paris","europe\/brussels",false,"romance
standard
Time",true,"CEST"],"Europe\/Warsaw":["(GMT+01:00
sarajevo
skopje
warsaw
zagreb","europe\/warsaw",false,"central
european
standard
Time",true,"CEST"],"Africa\/Algiers":["(GMT+01:00
west
central
africa","africa\/algiers",false,"w.
central
africa
standard
Time",true,"CET"],"Africa\/Windhoek":["(GMT+01:00
windhoek","africa\/windhoek",false,"namibia
standard
Time",true,"CAT"],"Europe\/Athens":["(GMT+02:00
athens
bucharest","europe\/athens",false,"gtb
standard
Time",true,"EEST"],"Asia\/Beirut":["(GMT+02:00
Beirut","Asia\/Beirut",false,"",true,"EEST"],"Africa\/Cairo":["(GMT+02:00
cairo","africa\/cairo",false,"egypt
standard
Time",true,"EEST"],"Asia\/Damascus":["(GMT+02:00
Damascus","Asia\/Damascus",false,"",true,"+03"],"EET":["(GMT+02:00
eastern
europe","eet",true,"e.
europe
standard
Time",true,"EET"],"Africa\/Harare":["(GMT+02:00
harare
pretoria","africa\/harare",false,"south
africa
standard
Time",true,"CAT"],"Europe\/Helsinki":["(GMT+02:00
helsinki
kiev
riga
sofia
tallinn
vilnius","europe\/helsinki",false,"fle
standard
Time",true,"EEST"],"Asia\/Istanbul":["(GMT+02:00
Istanbul","Asia\/Istanbul",false,"",true,"+03"],"Asia\/Jerusalem":["(GMT+02:00
jerusalem","asia\/jerusalem",false,"israel
standard
Time",true,"IDT"],"Asia\/Amman":["(GMT+03:00
Amman","Asia\/Amman",false,"",true,"+03"],"Asia\/Baghdad":["(GMT+03:00
baghdad","asia\/baghdad",false,"arabic
standard
Time",true,"+03"],"Europe\/Kaliningrad":["(GMT+03:00
kalinigrad
Minsk","Europe\/Kaliningrad",false,"",true,"EET"],"Asia\/Kuwait":["(GMT+03:00
kuwait
riyadh","asia\/kuwait",true,"arab
standard
Time",true,"+03"],"Africa\/Nairobi":["(GMT+03:00
nairobi","africa\/nairobi",false,"e.
africa
standard
Time",true,"EAT"],"Asia\/Tehran":["(GMT+03:30
tehran","asia\/tehran",false,"iran
standard
Time",true,"+0330"],"Asia\/Muscat":["(GMT+04:00
abu
dhabi
muscat","asia\/muscat",true,"arabian
standard
Time",true,"+04"],"Asia\/Dubai":["(GMT+04:00
dubai","asia\/dubai",true,"gulf
standard
Time",true,"GST"],"Asia\/Baku":["(GMT+04:00
baku","asia\/baku",true,"azerbaijan
standard
Time",true,"+04"],"Europe\/Moscow":["(GMT+04:00
moscow
st.
petersburg
volgograd","europe\/moscow",true,"russian
standard
Time",true,"MSK"],"Indian\/Mauritius":["(GMT+04:00
port
Louis","Indian\/Mauritius",false,"",true,"+04"],"Asia\/Tbilisi":["(GMT+04:00
tblisi","asia\/tbilisi",false,"georgian
standard
Time",true,"+04"],"Asia\/Yerevan":["(GMT+04:00
yerevan","asia\/yerevan",false,"caucasus
standard
Time",true,"+04"],"Asia\/Kabul":["(GMT+04:30
kabul","asia\/kabul",false,"afghanistan
standard
Time",true,"+0430"],"Asia\/Karachi":["(GMT+05:00
islamabad
karachi","asia\/karachi",true,"west
asia
standard
Time",true,"PKT"],"Asia\/Tashkent":["(GMT+05:00
Tashkent","Asia\/Tashkent",false,"",true,"+05"],"Asia\/Kolkata":["(GMT+05:30
chennai
kolkata
mumbai
new
delhi","asia\/kolkata",false,"india
standard
Time",true,"IST"],"Asia\/Colombo":["(GMT+05:30
sri
jayawardenepura","asia\/colombo",false,"sri
lanka
standard
Time",true,"+0530"],"Asia\/Katmandu":["(GMT+05:45
kathmandu","asia\/katmandu",false,"nepal
standard
Time",true,"+0545"],"Asia\/Almaty":["(GMT+06:00
astana","asia\/almaty",false,"central
asia
standard
Time",true,"+05"],"Asia\/Dhaka":["(GMT+06:00
Dhaka","Asia\/Dhaka",true,"",true,"+06"],"Asia\/Yekaterinburg":["(GMT+06:00
ekaterinburg","asia\/yekaterinburg",false,"ekaterinburg
standard
Time",true,"+05"],"Asia\/Rangoon":["(GMT+06:30
yangon
rangoon)","asia\/rangoon",false,"myanmar
standard
Time",true,"+0630"],"Asia\/Bangkok":["(GMT+07:00
bangkok
hanoi
jakarta","asia\/bangkok",false,"se
asia
standard
Time",true,"+07"],"Asia\/Novosibirsk":["(GMT+07:00
novosibirsk","asia\/novosibirsk",false,"omsk
Time",true,"+07"],"Asia\/Chongqing":["(GMT+08:00
beijing
chongqing
hong
kong
sar
urumqi","asia\/chongqing",true,"china
standard
Time",true,"CST"],"Asia\/Macau":["(GMT+08:00
macau","asia\/macau",true,"china
standard
Time",true,"CST"],"Asia\/Krasnoyarsk":["(GMT+08:00
krasnoyarsk","asia\/krasnoyarsk",false,"north
asia
standard
Time",true,"+07"],"Asia\/Kuala_Lumpur":["(GMT+08:00
kuala
lumpur
singapore","asia\/kuala_lumpur",false,"singapore
standard
Time",true,"+08"],"Australia\/Perth":["(GMT+08:00
perth","australia\/perth",false,"w.
australia
standard
Time",true,"AWST"],"Asia\/Taipei":["(GMT+08:00
taipei","asia\/taipei",false,"taipei
standard
Time",true,"CST"],"Asia\/Ulaanbaatar":["(GMT+08:00
ulaanbaatar","asia\/ulaanbaatar",true,"north
asia
east
standard
Time",true,"+08"],"Asia\/Irkutsk":["(GMT+09:00
Irkutsk","Asia\/Irkutsk",false,"",true,"+08"],"Asia\/Tokyo":["(GMT+09:00
osaka
sapporo
tokyo","asia\/tokyo",true,"tokyo
standard
Time",true,"JST"],"Asia\/Seoul":["(GMT+09:00
seoul","asia\/seoul",false,"korea
standard
Time",true,"KST"],"Australia\/Adelaide":["(GMT+09:30
adelaide","australia\/adelaide",false,"cen
australia
standard
Time",true,"ACST"],"Australia\/Darwin":["(GMT+09:30
darwin","australia\/darwin",false,"aus
central
standard
Time",true,"ACST"],"Australia\/Brisbane":["(GMT+10:00
brisbane","australia\/brisbane",true,"e.
australia
standard
Time",true,"AEST"],"Australia\/Canberra":["(GMT+10:00
canberra
melbourne
sydney","australia\/canberra",true,"aus
eastern
standard
Time",true,"AEST"],"Pacific\/Guam":["(GMT+10:00
guam
port
moresby","pacific\/guam",false,"west
pacific
standard
Time",true,"ChST"],"Australia\/Hobart":["(GMT+10:00
hobart","australia\/hobart",false,"tasmania
standard
Time",true,"AEST"],"Asia\/Yakutsk":["(GMT+10:00
yakutsk","asia\/yakutsk",false,"yakutsk
standard
Time",true,"+09"],"Pacific\/Guadalcanal":["(GMT+11:00
solomon
islands
new
caledonia","pacific\/guadalcanal",false,"central
pacific
standard
Time",true,"+11"],"Asia\/Vladivostok":["(GMT+11:00
vladivostok","asia\/vladivostok",false,"vladivostok
standard
Time",true,"+10"],"Australia\/Melbourne":["(GMT+11:00
melbourne","australia\/melbourne",false,"australian
eastern
daylight
Time",true,"AEST"],"Pacific\/Auckland":["(GMT+12:00
auckland
wellington","pacific\/auckland",false,"new
zealand
standard
Time",true,"NZST"],"Pacific\/Fiji":["(GMT+12:00
fiji
islands
kamchatka
marshall
islands","pacific\/fiji",false,"fiji
standard
Time",true,"+12"],"Asia\/Magadan":["(GMT+12:00
Magadan","Asia\/Magadan",false,"",true,"+11"],"Pacific\/Tongatapu":["(GMT+13:00
nuku'alofa","pacific\/tongatapu",false,"tonga
standard
Time",true,"+13"],"Pacific\/Apia":["(GMT+13:00
Samoa","Pacific\/Apia",false,"",true,"+13"]},"date_range_separator
theme":"core","disable_timezones":true,"use_ap_style":true
/*]]>*/
search</span
cmu
events
calendar
.each(dates
function(dt
dt.label
month
day
if
obj.weather
weather
in
weather.location
weather.description
today_facts
if
obj.feature
feature
events
if
obj.upcoming_events
upcoming
featured
Events</h3
upcoming_events
month
day
if
obj.weather
weather
in
weather.location
weather.description
today_facts
if
obj.feature
feature
events
if
obj.upcoming_events
upcoming
featured
Events</h3
upcoming_events
.each(calendars
function(calendar
calendar.title
.each(categories
function(category
category
.each(audiences
function(category
category
.each(campuses
function(category
category
.each(groups
function(group
group.title
Locations:</h4
.each(locations
function(location
location.title
tags
.each(tags
function(tag
index
tag
if
obj.hero_image
title
if
obj.is_online
date_time
location
if
obj.hero_image
title
if
obj.is_online
if
obj.date_time
date_time
if
obj.location
location
if
obj.is_repeating
repeats
repeats
until
image
if
obj.is_online
if
obj.online_url
if
obj.online_button_label
obj.online_button_label
else
join
event
if
obj.online_instructions
online_instructions
if
obj.location_latitude
if
obj.contact_info
contact
Info:</h3
contact_info
if
obj.related_content
related
Content:</h3
related_content
share_links
if
obj.summary
summary
if
obj.description
description
if
obj.cost
cost_type
cost
if
obj.has_registration
registration
posted
to
calendar
obj.group
if
logged_in
edit
this
event</a
if
is_repeating
add
to
my
calendar</a
else
add
to
my
calendar</a
if
obj.has_map
location
if
obj.is_online
time
if
obj.image_raw
image_raw
title_link
if
obj.summary
summary
if
obj.until
until
image
title
feature_top
if
obj.feature_items
feature_items
if
obj.image_src
event
thumbnail
title
if
obj.date_time
obj.date_time
if
obj.image_src
title_link
date_title
middot
time
if
obj.location
if
obj.has_map
location
else
location
if
obj.summary
summary
select
one
or
more
items
below
to
generate
custom
url
for
your
feed.</p
if
selectors.category
event
Type:</h4
selectors.category
if
selectors.audience
Audience:</h4
selectors.audience
if
selectors.campus
Campus:</h4
selectors.campus
if
selectors.location
Location:</h4
selectors.location
if
selectors.group
Calendar:</h4
selectors.group
if
selectors.tag
Tag:</h4
selectors.tag
.each(items
function(item
item.title
date
events
if
livewhale.logged_in
else
events
events
mini_cal_header
un</span><span
class="lw_sr_only">day</span></th
on</span><span
class="lw_sr_only">day</span></th
ue</span><span
class="lw_sr_only">sday</span></th
ed</span><span
class="lw_sr_only">nesday</span></th
hu</span><span
class="lw_sr_only">rsday</span></th
ri</span><span
class="lw_sr_only">day</span></th
at</span><span
class="lw_sr_only">urday</span></th
mini_cal_body
caption
week_days
days
day
day_of_week
events
time
title_link
if
obj.summary
summary
if
obj.until
until
no
events
found.</p></div
if
obj.filters.length
showing
events</span
.each(obj.filters
function(filter
index
if
filter.name
tags
tagged</span
else
if
filter.name
groups
from</span
else
if
filter.name
locations
at</span
else
if
index
in</span
else
and
in</span
.each(filter.values
function(val
index
val
if
index
if
obj.search_str
showing
search
results
matching</span
obj.search_str
if
obj.start_date
date
range:</span
formatdate(obj.start_date
if
obj.end_date
to
formatdate(obj.end_date
if
obj.only_online
showing
online
events</strong
only</p
else
main
calendar</strong
subscribe
to
all
obj.group
events</a></p
event
feed
link
copied
change
your
Timezone</h3
.each(timezones
function(tz
tz[0
display_date
if
obj.search_view_enabled
all
upcoming
events</span></a
find
events
submit
events
events
can
be
submitted
by
any
cmu
community
member
with
an
andrew
id
all
submissions
will
be
reviewed
before
posting
to
the
calendar
helpful
links
carnegie
mellon
university
forbes
avenue
pittsburgh
pa
carnegie
mellon
university
