var
datalayer
window.datalayer
window.datalayer||[];</script
var
siteid
document.getelementbyid('siteid').getattribute('data
siteid
var
sitename
siteId.replace(/\-\d{1,2}$/
datalayer.push
siteid
siteid
sitename
sitename
cms
cascade
search</span
search
this
site
only</span
160;&#8250;&#160
stories
160;&#8250;&#160
archives
160;&#8250;&#160
function
addloadevent(func
var
oldonload
window.onload
if
typeof
window.onload
function
window.onload
func
else
window.onload
function
if
oldonload
oldonload
func
wednesday
december
2018</small
friday
december
2018</small
friday
december
2018</small
thursday
december
2018</small
wednesday
december
2018</small
wednesday
december
2018</small
wednesday
december
2018</small
tuesday
december
2018</small
tuesday
december
2018</small
monday
december
2018</small
monday
december
2018</small
monday
december
2018</small
friday
december
2018</small
thursday
december
2018</small
thursday
december
2018</small
wednesday
december
2018</small
wednesday
december
2018</small
wednesday
december
2018</small
wednesday
december
2018</small
monday
december
2018</small
monday
december
2018</small
thursday
december
2018</small
thursday
december
2018</small
thursday
december
2018</small
thursday
december
2018</small
wednesday
december
2018</small
wednesday
december
2018</small
tuesday
december
2018</small
tuesday
december
2018</small
tuesday
december
2018</small
theatar
project
brings
childhood
classic
to
life
with
ar</div
monday
december
2018</small
theatar
project
brings
childhood
classic
to
life
with
AR</h2
monday
december
2018</small
monday
december
2018</small
thursday
november
2018</small
thursday
november
2018</small
thursday
november
2018</small
wednesday
november
2018</small
tuesday
november
2018</small
monday
november
2018</small
tuesday
november
2018</small
monday
november
2018</small
monday
november
2018</small
monday
november
2018</small
monday
november
2018</small
monday
november
2018</small
monday
november
2018</small
friday
november
2018</small
wednesday
november
2018</small
wednesday
november
2018</small
wednesday
november
2018</small
wednesday
november
2018</small
monday
november
2018</small
sunday
november
2018</small
friday
november
2018</small
wednesday
november
2018</small
wednesday
november
2018</small
wednesday
november
2018</small
tuesday
november
2018</small
monday
november
2018</small
monday
november
2018</small
monday
november
2018</small
monday
november
2018</small
wednesday
october
2018</small
wednesday
october
2018</small
tuesday
october
2018</small
monday
october
2018</small
friday
october
2018</small
friday
october
2018</small
friday
october
2018</small
friday
october
2018</small
wednesday
october
2018</small
wednesday
october
2018</small
tuesday
october
2018</small
tuesday
october
2018</small
monday
october
2018</small
sunday
october
2018</small
wednesday
october
2018</small
tuesday
october
2018</small
tuesday
october
2018</small
tuesday
october
2018</small
tuesday
october
2018</small
tuesday
october
2018</small
monday
october
2018</small
monday
october
2018</small
monday
october
2018</small
monday
october
2018</small
monday
october
2018</small
friday
october
2018</small
wednesday
october
2018</small
wednesday
october
2018</small
wednesday
october
2018</small
wednesday
october
2018</small
tuesday
october
2018</small
tuesday
october
2018</small
tuesday
october
2018</small
monday
october
2018</small
monday
october
2018</small
friday
october
2018</small
friday
october
2018</small
friday
october
2018</small
friday
october
2018</small
thursday
october
2018</small
tuesday
october
2018</small
tuesday
october
2018</small
tuesday
october
2018</small
tuesday
october
2018</small
tuesday
october
2018</small
tuesday
october
2018</small
thursday
september
2018</small
wednesday
september
2018</small
wednesday
september
2018</small
wednesday
september
2018</small
tuesday
september
2018</small
tuesday
september
2018</small
tuesday
september
2018</small
thursday
september
2018</small
thursday
september
2018</small
thursday
september
2018</small
wednesday
september
2018</small
tuesday
september
2018</small
tuesday
september
2018</small
tuesday
september
2018</small
tuesday
september
2018</small
tuesday
september
2018</small
monday
september
2018</small
monday
september
2018</small
monday
september
2018</small
monday
september
2018</small
monday
september
2018</small
monday
september
2018</small
thursday
september
2018</small
wednesday
september
2018</small
wednesday
september
2018</small
wednesday
september
2018</small
wednesday
september
2018</small
wednesday
september
2018</small
wednesday
september
2018</small
wednesday
september
2018</small
tuesday
september
2018</small
tuesday
september
2018</small
monday
september
2018</small
monday
september
2018</small
monday
september
2018</small
wednesday
september
2018</small
wednesday
september
2018</small
friday
august
2018</small
thursday
august
2018</small
thursday
august
2018</small
wednesday
august
2018</small
wednesday
august
2018</small
wednesday
august
2018</small
tuesday
august
2018</small
tuesday
august
2018</small
sunday
august
2018</small
friday
august
2018</small
friday
august
2018</small
thursday
august
2018</small
wednesday
august
2018</small
wednesday
august
2018</small
sunday
august
2018</small
sunday
august
2018</small
friday
august
2018</small
friday
august
2018</small
thursday
august
2018</small
thursday
august
2018</small
thursday
august
2018</small
thursday
august
2018</small
tuesday
august
2018</small
tuesday
august
2018</small
tuesday
august
2018</small
tuesday
august
2018</small
tuesday
august
2018</small
thursday
august
2018</small
wednesday
august
2018</small
wednesday
august
2018</small
tuesday
august
2018</small
tuesday
august
2018</small
tuesday
august
2018</small
friday
august
2018</small
thursday
august
2018</small
thursday
august
2018</small
wednesday
august
2018</small
tuesday
july
2018</small
tuesday
july
2018</small
monday
july
2018</small
monday
july
2018</small
friday
july
2018</small
thursday
july
2018</small
thursday
july
2018</small
thursday
july
2018</small
wednesday
july
2018</small
tuesday
july
2018</small
tuesday
july
2018</small
tuesday
july
2018</small
friday
july
2018</small
thursday
july
2018</small
wednesday
july
2018</small
tuesday
july
2018</small
thursday
july
2018</small
wednesday
july
2018</small
monday
july
2018</small
thursday
july
2018</small
thursday
july
2018</small
wednesday
july
2018</small
tuesday
july
2018</small
monday
july
2018</small
monday
july
2018</small
monday
july
2018</small
friday
june
2018</small
thursday
june
2018</small
thursday
june
2018</small
wednesday
june
2018</small
wednesday
june
2018</small
monday
june
2018</small
friday
june
2018</small
thursday
june
2018</small
wednesday
june
2018</small
wednesday
june
2018</small
wednesday
june
2018</small
tuesday
june
2018</small
friday
june
2018</small
wednesday
june
2018</small
monday
june
2018</small
monday
june
2018</small
monday
june
2018</small
sunday
june
2018</small
sunday
june
2018</small
saturday
june
2018</small
friday
june
2018</small
friday
june
2018</small
wednesday
june
2018</small
tuesday
june
2018</small
tuesday
june
2018</small
tuesday
june
2018</small
tuesday
june
2018</small
tuesday
june
2018</small
friday
june
2018</small
thursday
may
2018</small
wednesday
may
2018</small
tuesday
may
2018</small
tuesday
may
2018</small
friday
may
2018</small
wednesday
may
2018</small
sunday
may
2018</small
sunday
may
2018</small
sunday
may
2018</small
friday
may
2018</small
thursday
may
2018</small
tuesday
may
2018</small
tuesday
may
2018</small
tuesday
may
2018</small
tuesday
may
2018</small
monday
may
2018</small
monday
may
2018</small
friday
may
2018</small
friday
may
2018</small
friday
may
2018</small
friday
may
2018</small
friday
may
2018</small
thursday
may
2018</small
thursday
may
2018</small
thursday
may
2018</small
thursday
may
2018</small
friday
may
2018</small
friday
may
2018</small
thursday
may
2018</small
wednesday
may
2018</small
tuesday
may
2018</small
tuesday
may
2018</small
tuesday
may
2018</small
monday
april
2018</small
monday
april
2018</small
monday
april
2018</small
thursday
april
2018</small
thursday
april
2018</small
thursday
april
2018</small
thursday
april
2018</small
wednesday
april
2018</small
wednesday
april
2018</small
wednesday
april
2018</small
wednesday
april
2018</small
tuesday
april
2018</small
monday
april
2018</small
monday
april
2018</small
monday
april
2018</small
monday
april
2018</small
monday
april
2018</small
friday
april
2018</small
friday
april
2018</small
friday
april
2018</small
thursday
april
2018</small
thursday
april
2018</small
wednesday
april
2018</small
wednesday
april
2018</small
wednesday
april
2018</small
tuesday
april
2018</small
tuesday
april
2018</small
friday
april
2018</small
friday
april
2018</small
thursday
april
2018</small
thursday
april
2018</small
thursday
april
2018</small
wednesday
april
2018</small
monday
april
2018</small
monday
april
2018</small
sunday
april
2018</small
thursday
april
2018</small
shining
light
on
intracranial
pressure</div
thursday
april
2018</small
shining
light
on
intracranial
Pressure</h2
thursday
april
2018</small
thursday
april
2018</small
tuesday
april
2018</small
tuesday
april
2018</small
monday
april
2018</small
monday
april
2018</small
friday
march
2018</small
thursday
march
2018</small
thursday
march
2018</small
thursday
march
2018</small
wednesday
march
2018</small
wednesday
march
2018</small
tuesday
march
2018</small
tuesday
march
2018</small
tuesday
march
2018</small
wednesday
march
2018</small
tuesday
march
2018</small
monday
march
2018</small
monday
march
2018</small
thursday
march
2018</small
wednesday
march
2018</small
tuesday
march
2018</small
tuesday
march
2018</small
tuesday
march
2018</small
monday
march
2018</small
monday
march
2018</small
monday
march
2018</small
saturday
march
2018</small
friday
march
2018</small
friday
march
2018</small
thursday
march
2018</small
thursday
march
2018</small
thursday
march
2018</small
thursday
march
2018</small
tuesday
march
2018</small
tuesday
march
2018</small
monday
march
2018</small
thursday
march
2018</small
thursday
march
2018</small
thursday
march
2018</small
thursday
march
2018</small
thursday
march
2018</small
thursday
march
2018</small
wednesday
february
2018</small
wednesday
february
2018</small
tuesday
february
2018</small
tuesday
february
2018</small
monday
february
2018</small
thursday
february
2018</small
tuesday
february
2018</small
tuesday
february
2018</small
tuesday
february
2018</small
monday
february
2018</small
friday
february
2018</small
friday
february
2018</small
thursday
february
2018</small
wednesday
february
2018</small
wednesday
february
2018</small
wednesday
february
2018</small
wednesday
february
2018</small
tuesday
february
2018</small
friday
february
2018</small
friday
february
2018</small
thursday
february
2018</small
thursday
february
2018</small
wednesday
february
2018</small
tuesday
january
2018</small
tuesday
january
2018</small
tuesday
january
2018</small
monday
january
2018</small
monday
january
2018</small
monday
january
2018</small
sunday
january
2018</small
thursday
january
2018</small
wednesday
january
2018</small
wednesday
january
2018</small
tuesday
january
2018</small
tuesday
january
2018</small
tuesday
january
2018</small
monday
january
2018</small
monday
january
2018</small
friday
january
2018</small
thursday
january
2018</small
wednesday
january
2018</small
wednesday
january
2018</small
wednesday
january
2018</small
tuesday
january
2018</small
monday
january
2018</small
friday
january
2018</small
thursday
january
2018</small
tuesday
january
2018</small
monday
january
2018</small
sunday
january
2018</small
thursday
january
2018</small
carnegie
mellon
university
forbes
avenue
pittsburgh
pa
carnegie
mellon
university</li
stories
college
of
engineering
college
of
fine
arts
dietrich
college
of
humanities
amp
social
sciences
heinz
college
of
information
systems
and
public
policy
mellon
college
of
science
school
of
computer
science
tepper
school
of
business
archives
march
february
january
december
november
october
september
august
july
june
may
april
march
february
january
december
november
october
september
august
july
june
may
april
march
february
january
december
november
october
september
august
july
june
may
april
march
february
january
january
february
march
april
may
june
july
august
september
october
november
december
january
february
march
april
may
june
july
august
september
october
november
december
january
february
march
april
may
june
july
august
september
october
november
december
january
february
march
april
may
june
july
august
september
october
november
december
january
february
march
april
may
june
july
august
september
october
november
december
january
february
march
april
may
june
july
august
september
october
november
december
january
february
march
april
may
june
july
august
september
october
november
december
media
highlights
media
resources
experts
alphabetical
experts
by
topic
contact
us
the
piper
campus
amp
community
news
