@context
https://schema.org
@graph
@type
collegeoruniversity
@id
http://www.cmu.edu/news
url
https://www.cmu.edu/
sameas
https://www.facebook.com/carnegiemellonuniversity
https://twitter.com/cmu_news
https://www.instagram.com/carnegiemellon/
https://www.linkedin.com/school/carnegie-mellon-university/
https://www.youtube.com/carnegiemellonu
name
carnegie
mellon
university
telephone
logo
@type
imageobject
url
https://www.cmu.edu/brand/brand-guidelines/images/wordmarksquare-red-600x600.png
width
height
alternatename
cmu
carnegie
mellon
address
@type
postaladdress
streetaddress
forbes
ave
addresslocality
pittsburgh
addressregion
pa
postalcode
addresscountry
us
cmu
news
carnegie
mellon
university</title><link
rel="stylesheet
media="all
href="/news
core
modules
filter
css
filter.caption.css?sioyzl"><link
rel="stylesheet
media="all
href="/news
core
modules
media
css
filter.caption.css?sioyzl"><link
rel="stylesheet
media="all
href="//fonts.googleapis.com
css?family
Open+Sans:400,400italic,300italic,300,700,700italic"><link
rel="stylesheet
media="all
href="/news
themes
cmu2019
dist
css
main.css?sioyzl"><link
rel="stylesheet
media="print
href="/news
themes
cmu2019
dist
css
print.css?sioyzl"><link
rel="apple
touch
icon
sizes="180x180
href="https://www.cmu.edu
news
themes
cmu2019
apple
touch
icon.png"><link
rel="icon
type="image
png
sizes="32x32
href="https://www.cmu.edu
news
themes
cmu2019
favicon-32x32.png"><link
rel="icon
type="image
png
sizes="16x16
href="https://www.cmu.edu
news
themes
cmu2019
favicon-16x16.png"><link
rel="mask
icon
href="https://www.cmu.edu
news
themes
cmu2019
safari
pinned
tab.svg
color="#5bbad5"><meta
name="msapplication
tilecolor
content="#da532c"><meta
name="theme
color
content="#ffffff"></head><body
class="no
js
graphic
depicting
robotic
hand
carnegie
mellon
core
partner
in
new
center
to
improve
robot
Dexterity</span></a></h1><div
class="addthis_sharing_toolbox
data
description="a
new
study
quantifies
the
costs
and
benefits
of
taking
trip
with
transportation
network
company
tnc
like
uber
or
lyft
data
title="who
's
paying
for
your
uber
news
carnegie
mellon
university
data
url="https://www.cmu.edu
news
stories
archives/2021
october
emissions
study.html"><div
class="at
resp
share
element
at
style
responsive
addthis
smartlayers
addthis
animated
at4
show
aria
labelledby="at
e7ebc2ca
f3e3
483b-89f2
6cfaa92b9381
role="region"><p><span
new
engineering
research
center
to
receive
up
to
million.</span></p></div></div
curator
feed
news
homepages
feed
layout
function
var
document
s="script";i
d.createElement("script");i.async=1;i.charset="UTF-8
i.src="https://cdn.curator.io
published/2ac58d6d-258c-4ad0
afd1
7b15b3f64015.js
d.getElementsByTagName(s)[0];e.parentNode.insertBefore(i
latest
Stories</h1
five
people
in
purple
and
green
costumes
kick
their
foot
together
as
part
of
dance
group
on
stage
with
backdrop
behind
them
that
says
august
2024</span
two
students
assemble
robot
in
front
of
building
labeled
nrec
august
2024</span
farnam
jahanian
at
podium
august
2024</span
tiny
robot
named
picotaur
august
2024</span
space
august
2024</span
two
researchers
trek
across
glacier
in
alaska
august
2024</span
opens
in
new
window)</span
opens
in
new
window)</span
forbes
avenue
pittsburgh
pa
window.datalayer
window.datalayer
||
window.dataLayer.push({"language":"en","country":"US","siteTitle":"News","entityCreated":"1498136241","entityLangcode":"en","entityStatus":"1","entityUid":"21","entityUuid":"be0e79ca-390f-411f-8854
c5a5fdcf1c26","entityVid":"6514","entityType":"node","entityBundle":"page","entityId":"3","entityTitle":"CMU","siteName":"news","siteId":"news","siteTheme":"cmu2019","environment":"live","cms":"drupal","cmsVersion":"10.2.6","publicationDate":"2017
22","pageType":"page"});</script
