homepage
cmu
carnegie
mellon
university</title
var
datalayer
window.datalayer
window.datalayer||[];</script
var
siteid
document.getelementbyid('siteid').getattribute('data
siteid
var
sitename
siteId.replace(/\-\d{1,2}$/
datalayer.push
siteid
siteid
sitename
sitename
cms
cascade
p{flex:0
100%;padding
bottom:4vw;z
index:2;padding
right
inherit;font
size:1.5rem;font
weight:300;color:#707070;line
height:1.35em}.grid.column4.grey.nav
img{display
none
head-homepage.css
in
cmu
cascade
customizations
gitlab
repo
svg{display
none}.no
js
.grid.nav
div
last
child{margin:0}#content{padding
top:0}.roof
a.wordmark
body
not(.ie
.roof
a.wordmark
body
not(.ie
.roof
a.wordmark
focus
body
not(.ie
.roof.invert
.wordmark{background
url(https://www.cmu.edu
assets
images
site
cmu
wordmark
square
red-900x900.png
no
repeat
scroll
transparent;background
size
contain;margin:0;min
width:0}.roof
a.wordmark
focus
body
not(.ie
.roof
a.wordmark
focus{filter
grayscale(1)}header
li
header
li
visited{font
size:75%}#content
.hero{margin
bottom:3rem;min
height:60vh}header.float+#content
.hero
.text{visibility
hidden}.float
.roof
div{border
color
transparent}.grid.column4.grey.nav{background
color:#eee;position
relative}.grid.column4.grey.nav
a{line
height:2.5rem}.grid.column4.grey.nav
div
last
child
after{background
url(https://www.cmu.edu
assets
images
site
instagram
logo.png
no
repeat
transparent;background
size
contain;bottom:35px;content:"";display
block;height:30px;left:5px;position
relative;width:30px}.grid.column4.grey.nav
img{display
block}#hero
nav,.menu
on
hero
nav{padding:0;position
absolute;right:2%;text
align
right;top:0;width:340px;z
index:100}.menu
on
hero
nav
.btn{display
none}#hero
nav
.menu
b{clear
both;display
block;float
left;font
weight:400;line
height:.35rem;padding
right:.5rem}#hero
nav.content
div
first
child{width
auto}#hero
nav
ul{list
style
none}#hero
nav
li{margin:0}#hero
nav
.btn{background
color
hsla(0,0%,100%,.9);border
none;box
sizing
border
box;font
weight:700;height:50px;padding:0;width:50px}.menu
button{fill:#767676;cursor
pointer}.menu
button
focus,.menu
button
hover{fill:#c00}.icon
menu{height:25px;vertical
align
text
top;width:25px}.icon
menu__rect{transition
:x
.15s
ease
.15s
ease
width
.15s
ease
transform
.15s
ease
fill
.3s
ease}.menu
on
.icon
menu__rect--1{y:175;transform
rotate(45deg
translate(75px,-200px)}.menu
on
.icon
menu__rect--2{x:200;width:0}.menu
on
.icon
menu__rect--3{y:175;transform
rotate(-45deg
translate(-200px,75px)}.hero
.scrolldown,.js
flickitycustom
.scrolldown{background
color
hsla(0,0%,100%,.9);border
none;bottom:0;color:#666;display
none;font
size:80%;font
weight:700;left
calc(50
50px);padding:6px
3px;position
absolute;text
align
center;width:100px;z
index:15}.hero
.scrolldown
before,.js
flickitycustom
.scrolldown
before{content:"explore";display
block;height:15px;letter
spacing:1px;margin:0
auto;text
align
center;text
transform
uppercase}@media
screen
and
min
width:768px){.hero
.scrolldown,.js
flickitycustom
.scrolldown{display
block}}.wide{transform
translateZ(0)!important;transition
opacity
.5s
ease}.invisible{opacity:0}.wide
h1{font
family
times
serif;font
size:2.5rem;font
weight:400;letter
spacing:-1px;line
height:3.65rem;margin
top:-1rem;padding:0
.5rem}#feature1__text,#feature2__text{background
color:#eee;box
sizing
border
box;margin:-3em
4vw
0;overflow
visible;padding:8vw
5vw;position
relative;z
index:2}#events
h1,#feature1__text
h1,#feature2__text
h1,#initiatives
h1,#news
h1{color:#666;font
size:1rem;font
weight:700;letter
spacing:1px;padding
bottom:1.5rem;text
transform
uppercase;word
spacing:.15rem}a.cta{letter
spacing:.05rem;word
spacing:.15rem}#events
h1,#initiatives
h1,#news
h1{padding
bottom:.5rem}#events
h1,#initiatives
h1{margin
bottom:-1rem}#initiatives__more{align
items
center;display
flex}.news
div
h2{background
color:#fff;margin:-3rem
3rem
1rem;padding:.65rem
1rem
1rem;position
relative;z
index:1}.grid.column4.grey.nav
p{color:#707070;flex:0
100%;font
size:1.5rem;font
weight:300;line
height:1.35em;padding
bottom:4vw;padding
right
inherit;z
index:2}header
nav{margin
top:.5em}#campaign__photo
desktop{display
none}#initiatives
.photo{margin
bottom:2em!important;overflow
visible}#initiatives
.photo
div{background:#666;bottom:-1em;box
sizing
border
box;margin:0
.5rem;padding:.5rem
1rem
.65rem;transition
background
color
.2s
ease;width
calc(100
1rem)}#initiatives
div.photo
div
h2{font
size:1.25rem;line
height:1.15em}#initiatives
div.photo
div
h2,#initiatives
div.photo
div
p{padding
top:.15em}#initiatives
div.photo
div
h2+p{padding
top:.5em}#initiatives
div.photo
focus
div,#initiatives
div.photo
hover
div{background:#333}#hero
nav
.search{background
color:#fff;display
inline
block;height:50px;opacity:.9;position
relative;transition
width
.2s
ease;width:50px}#hero
nav
.cmu
search
box
on,#hero
nav
placeholder
search]:focus{width
calc(100
55px)}#hero
nav
type
submit]{height
auto;margin:0;opacity:.6;padding:1em
1.15em;right:7px;top:0}#hero
nav
placeholder
Search]{background:#fff;border:0;color:#666;display
block;height:50px;margin:0;opacity:0;padding:0
38px
10px;width
calc(100
55px)}#hero
nav
placeholder
Search]::placeholder{color:#666;opacity:1;padding
left:5px}#hero
nav
type
submit]:hover{background
color
transparent}#hero
nav
placeholder
search]:focus{background
color:#fff;opacity:1;outline:0
none}#hero
nav
placeholder
search]:-webkit
autofill{-webkit
box
shadow
inset
1000px
999;box
shadow
inset
1000px
999}#hero
nav
.cmu
search
box
on
placeholder
Search]{opacity:1}.ie.menu
on
.roof
.menu
btn{display
none}.ie.menu
on
nav.tree
.menu
btn{display
block}#news__archive
link{margin
right:1%;margin
top:0;padding
top:0;text
align
right}@media
only
screen
and
max
width:767px){#feature1__photo,.rellax{transform
translateZ(0)!important}.roof
a.wordmark{height:150px;margin:0;position
absolute;top:0;width:150px}#content
.hero{height:100vh!important}.roof
.menu
btn{background
color:#fff;margin:0;padding:.5em}.float
.roof
div{border
none;padding
bottom:0}.roof
form{display
none;height:2em;margin:0;padding:0;position
absolute;right:0;top:0;width
calc(100
150px)}.roof
.search
button{display
block;opacity:.6;padding
right:22px;top:5px}.roof
input[placeholder
search]{background
color:#fff;background
image
none;color:#666;opacity:.9;transition
opacity
.2s
ease}.roof
input[placeholder
Search]:focus{opacity:1}.roof
input[placeholder
Search]::placeholder{color:#666;padding
left:5px}#content
.hero.tall.tubular{min
height:100vw}#hero
nav{display
none}#feature1{padding
top:0}#campaign__photo
mobile{margin:0
4vw!important}#news
h1{margin
bottom:-1.5rem;padding
bottom:0}#news__archive
link{text
align
left}}@media
only
screen
and
min
width:768px){#container
header.float{position
fixed}.menu
on
container
header.float{width
calc(100
300px)}.menu
on
container{position
relative}.float
.roof
div{height:3em}header
nav{margin
left:18vw}header
nav
ul{padding
left:3.5%}.menu
on
header
nav
ul{padding
left:0}.roof
a.wordmark{display
block;height:18vw;left:2%;position
fixed;transition
left
ease
width
ease
height
ease!important;width:18vw;z
index:11}.menu
on
.roof
a.wordmark,.menu
on
header.float+#content
.hero
.text{left:0}.wide{margin:1vw
1vw
calc(18vw
1.65em)}#events{margin
left
calc(18vw
1.65em)}.roof{margin
right:.5em}.roof
form{height:2.5em;padding:.5rem
0}.roof
.search
button{height:72%;margin:0;opacity:.6;padding:0
20px;right:0;top:8px}.roof
input[placeholder
search]{background
color
transparent;background
image
none;border
bottom:3px
solid
c41330;color:#666;padding:0;transition
padding
.2s
ease
opacity
.2s
ease
width
.2s
ease;width:0}.roof
input[placeholder
search].cmu
search
box
on,.roof
input[placeholder
search]:focus{background
color
transparent;opacity:1;padding:0
38px
5px;width
calc(100
44px)}.roof
input[placeholder
Search]::placeholder{color:#666;opacity:1;padding
left:5px}header
li
header
li
first
child
header
li
last
child{border
color
transparent;padding
top:.25em}header.float+#content
.hero
.text{background
no
repeat
url(https://www.cmu.edu
assets
images
site
cmu
wordmark
square
red-900x900.png);background
size
contain;bottom
auto!important;height:18vw;left:2%;padding:0;position
fixed;text
indent:-9999px;top:0;visibility
visible;width:18vw}header.float+#content
.hero{background
position:50%;left:0;width:100%;z
index:11!important}#feature1{display
block;margin
bottom:0;margin
top:2rem;min
height
calc(65vw
6rem);padding
top:6vw;position
relative}.no
js
feature1{min
height
calc(68vw
6rem)}#feature1__text{margin:-6rem
2rem}#feature1__photo{height:65vw;margin:-2rem
0;position
absolute;right:0;width:65vw;z
index:2}#feature1__photo
img{height:100%;object
fit
cover}#feature1__archive
link{bottom:-2rem;left:0;overflow
visible;padding:0;position
absolute;text
align
right;width:100%;z
index:3}#feature1__archive
link
.btn{background
color:#eee;border
none}#feature2{display
block;min
height
calc(55vw
1rem);padding
bottom:0;padding
top:4rem;position
relative}.no
js
feature2__text{margin:0}#campaign
.photo{margin:0;width:100%}#campaign__photo
desktop{display
block}#campaign__photo
mobile{display
none}#feature2__photo{height:55vw;left:2%;margin:-2rem
0;position
absolute;width:55vw}#feature2__photo
img{height:100%;object
fit
cover}#feature2__text{left:52%;margin:-10rem
0;padding:5vw
4vw}.wide
h1{font
family:"source
serif
pro",times
serif;font
size:3rem}#events,#news{padding
bottom:0;padding
top:0}#events
.events{width:64.666%}#events
h1,#initiatives
h1{padding
bottom:0}.news.column3
div{background
color:#fff;padding:0
1rem
0;width:32.333%}.grid.nav
div
last
child{padding
top:8vw}}@media
only
screen
and
min
width:960px){header
nav
ul{padding
left:13%}.menu
on
header
nav
ul{padding
left:0}.grid.column4.grey.nav
p{flex:0
65%;padding
right:35%}.grid.nav
div
last
child{margin
top:-6rem;padding
top:0;position
relative;z
index:2}}@media
only
screen
and
min
width:1301px){header
nav{margin
left:16vw}header
li
header
li
visited{font
size:90%}.roof
a.wordmark
header.float+#content
.hero
.text{height:16vw;left:9%;width:16vw}#hero
nav{right:9%}#feature1__text{margin:0
2rem}#events,.wide{margin
left
calc(16vw
1.65em)}#feature2__photo{left:9%}#feature2{min
height
calc(45vw
1rem)}#feature2__photo{height:45vw;width:45vw}}@media
only
screen
and
min
width:1700px){header
nav
ul{padding
left:20%}.menu
on
container
header.float{width
calc(100
450px)}.menu
on
.roof,.menu
on
header
nav,.menu
on
header
div{padding
left:2%;padding
right:2%}#hero
nav{right:15%}#feature2__photo,.roof
a.wordmark
header.float+#content
.hero
.text{left:15%}.news
div.img{min
height:250px}}#campusAlert{align
items
center;display
flex;padding:1em}#campusAlert
before{align
items
center;background
color
transparent;border:2px
solid
fff;color:#fff;content:"!";font
size:150%;margin
right:.65em;padding:3px
10px
4px}#campusAlert
p{line
height:150%;padding:0}#campusAlert
before{content
none}#campusalert
strong{letter
spacing
inherit
div
last
child
margin
top:0
margin
bottom:0
padding
top:0
.featured_events_widget
padding
left
1rem
search</span
carnegie
mellon
University</h1
function
addloadevent(func
var
oldonload
window.onload
if
typeof
window.onload
function
window.onload
func
else
window.onload
function
if
oldonload
oldonload
func
building
spotlight
Story</h1
highmark
center
to
welcome
campus
community
as
destination
for
well
being</h2
where
what
if
becomes
what
's
next
carnegie
mellon
university
's
podcast
season
one
ai
where
what
if
becomes
what
's
next
carnegie
mellon
university
's
podcast
season
one
ai
are
tops
in
undergrad
research
cmu
has
had
51.</h1
psychology
student
camille
chandler
cmu
in
depth</h1
cmu
psychology
student
named
beinecke
Scholar</h2
var
newsfunc
function
var
newsrssoptions
includepubdate
yes
newwin
yes
yes
includesummary
yes
includeimages
yes
yes
heading
recent
news
optionalid
news
columns
bgimage
rssmodule.detectandparsefeed("https://www.cmu.edu
news
feeds
homepage.rss
news
newsrssoptions
section
news-6
addloadevent(newsfunc
events
initiatives
diversity
equity
inclusion
and
belonging</p
paint
collage
on
homepage
of
confronting
racism
and
promoting
equity
amp
inclusion
microsite
regional
impact</p
pittsburgh
skyline
shot
in
the
background
with
cmu
students
and
faculty
in
the
foreground
sustainability</p
randy
pausch
bridge
on
sunny
summer
day
strategic
plan
2025</p
cmu
's
pittsburgh
campus
on
sunny
day
carnegie
mellon
university
challenges
the
curious
and
passionate
to
deliver
work
that
matters.</p
cmu
on
instagram
carnegie
mellon
university
forbes
avenue
pittsburgh
pa
carnegie
mellon
university</li
academics
interdisciplinary
programs
libraries
learning
for
lifetime
admission
undergraduate
graduate
about
leadership
vision
mission
and
values
history
traditions
diversity
equity
inclusion
and
belonging
pittsburgh
rankings
awards
visit
david
amp
susan
coulter
welcome
center
maps
amp
getting
here
research
centers
amp
institutes
student
experience
athletics
give
alumni
business
amp
research
partners
COVID-19
updates
faculty
amp
staff
students
rearrange
footer
elements
var
footer
document.querySelector('.grid.column4.grey.nav
var
tagline
document.querySelectorAll('.grid.column4.grey.nav
p')[0
var
firstfooterdiv
document.querySelectorAll('.grid.column4.grey.nav
div')[0
footer.insertbefore(tagline
firstfooterdiv
.hero
.caption
content
.hero
caption
bottom:0
width
auto
padding
.5rem
index
@media
only
screen
and
max
width
767px
.hero
.caption
content
.hero
caption
bottom:0
left
auto
right:0
width
auto
important
font
size
.5rem
index
.hero.tall
.box.right
padding
bottom
2rem
important
.icon
earth__line
.icon
earth__path
.icon
earth__circle
.icon
earth__half
circle
fill
none
stroke
linecap
round
stroke
miterlimit
stroke
width
7px
stroke
.icon
earth__half
circle
stroke
be1e2d
mix
blend
mode
multiply
.icon
earth__line
animate-1
.icon
earth__line
animate-2
.icon
earth__line
animate-3
.icon
earth__line
animate-4
.icon
earth__line
animate-5
animation
duration
3s
animation
iteration
count
infinite
animation
timing
function
linear
animation
name
icon
earth__line
animation
stroke
dasharray
stroke
dashoffset
.icon
earth__line
animate-2
animation
delay
.5s
.icon
earth__line
animate-3
animation
delay
1.5s
.icon
earth__line
animate-4
animation
delay
1s
.icon
earth__line
animate-5
animation
delay
2s
@keyframes
icon
earth__line
animation
stroke
dashoffset
stroke
dashoffset
.icon
turing
fill
none
stroke
linecap
round
stroke
miterlimit
stroke
width
7px
stroke
.icon
turing__cup
mix
blend
mode
multiply
.icon
turing__burst
stroke
be1e2d
transform
origin
center
animation
duration
15s
animation
iteration
count
infinite
animation
timing
function
ease
animation
name
icon
turing
animation
rotate
.icon
turing__burst__0
.icon
turing__burst__45
.icon
turing__burst__90
.icon
turing__burst__315
animation
duration
3s
animation
iteration
count
infinite
animation
direction
alternate
reverse
animation
timing
function
ease
stroke
dasharray
30px
0px
animation
name
icon
turing
animation
burst
.icon
turing__burst__45
animation
delay
.1s
.icon
turing__burst__90
animation
delay
.2s
.icon
turing__burst__315
animation
delay
.3s
@keyframes
icon
turing
animation
burst
stroke
be1e2d
stroke
be1e2d
stroke
fff
stroke
fff
stroke
be1e2d
stroke
be1e2d
@keyframes
icon
turing
animation
rotate
transform
rotate(0deg
transform
rotate(-45deg
transform
rotate(-90deg
transform
rotate(-180deg
transform
rotate(-270deg
transform
rotate(-315deg
transform
rotate(-360deg
if
content
.hero
.text').length
content
.hero').append('<div
class="text"><h1
carnegie
mellon
University</h1></div
window.addeventlistener('domcontentloaded
ready
false
