april
news
carnegie
mellon
university</title
var
datalayer
window.datalayer
window.datalayer||[];</script
var
siteid
document.getelementbyid('siteid').getattribute('data
siteid
var
sitename
siteId.replace(/\-\d{1,2}$/
datalayer.push
siteid
siteid
sitename
sitename
cms
cascade
search</span
search
this
site
only</span
160;&#8250;&#160
stories
160;&#8250;&#160
archives
160;&#8250;&#160
160;&#8250;&#160
april
function
addloadevent(func
var
oldonload
window.onload
if
typeof
window.onload
function
window.onload
func
else
window.onload
function
if
oldonload
oldonload
func
friday
april
2016</small
presented
by
the
carnegie
science
center
the
awards
recognize
and
promote
outstanding
science
and
technology
achievements
in
western
pennsylvania.</span
thursday
april
2016</small
thursday
april
2016</small
the
sherman
and
joyce
bowie
scott
hall
to
be
dedicated
on
april
provides
both
visual
and
intellectual
stimulation
enhancing
the
college
of
engineering
's
innovative
culture
and
fostering
interdisciplinary
research.</span
wednesday
april
2016</small
project
ignite
new
carnegie
mellon
university
student
run
initiative
is
helping
high
school
students
develop
outside
interests
and
pursue
their
passions.</span
tuesday
april
2016</small
whether
it
's
better
understanding
consumer
behavior
improving
health
care
for
veterans
or
finding
ways
to
save
taxpayer
money
operations
research
plays
critical
role.</span
tuesday
april
2016</small
the
originals
an
all
male
cappella
group
is
practicing
for
the
finals
of
the
international
championship
of
collegiate
cappella
first
for
cmu
cappella
organization.</span
tuesday
april
2016</small
students
graduating
from
the
bachelor
of
fine
arts
and
bxa
interdisciplinary
art
degree
programs
will
exhibit
their
culminating
work.</span
monday
april
2016</small
pouget
renowned
expert
in
neural
coding
and
spatial
representations
has
revolutionized
using
uncertainty
to
explain
how
the
brain
functions
based
on
statistical
principles.</span
sunday
april
2016</small
carnegie
mellon
university
has
renewed
an
agreement
with
the
university
of
hyogo
uh
to
continue
an
information
security
dual
degree
program
in
kobe
japan.</span
thursday
april
2016</small
his
research
focuses
on
statistical
learning
algorithms
for
understanding
natural
language
text
and
on
understanding
how
the
human
brain
represents
information.</span
wednesday
april
2016</small
barish
will
discuss
the
physics
of
gravitational
waves
the
techniques
used
to
detect
gravitational
waves
and
the
implications
of
the
new
observations.</span
monday
april
2016</small
the
thesis
presents
an
opportunity
to
develop
project
that
demonstrates
each
student
's
capacity
to
make
significant
and
original
contribution
to
the
field
of
architecture.</span
sunday
april
2016</small
think
about
your
life
's
work
now
pitch
it
to
complete
stranger
in
matter
of
seconds
one
hundred
and
eighty
seconds
to
be
exact
that
's
the
three
minute
thesis
3MT
in
nutshell.</span
thursday
april
2016</small
the
new
program
will
prepare
students
for
competitive
doctoral
programs
and
careers
in
international
relations
government
service
american
politics
and
related
fields.</span
thursday
april
2016</small
manojkumar
puthenveedu
has
received
200,000
grant
from
the
shurl
amp;amp
kay
curci
foundation
to
support
his
research
into
the
cellular
mechanisms
that
underlie
pain
and
addiction
to
painkillers.</span
wednesday
april
2016</small
the
committee
will
explore
and
analyze
the
scientific
and
ethical
issues
related
to
vaccine
and
therapeutic
drug
design
conduct
and
reporting
in
response
to
the
west
african
epidemic.</span
wednesday
april
2016</small
the
study
supports
the
claim
that
languages
are
adapted
to
the
local
communicative
needs
of
their
speakers.</span
wednesday
april
2016</small
the
mechanical
engineering
and
biomedical
engineering
major
who
will
earn
his
degree
this
may
has
won
whitaker
fellowship
awarded
by
the
program
to
send
emerging
leaders
in
u.s.
biomedical
engineering
abroad.</span
wednesday
april
2016</small
lewis
president
of
the
andrew
w.
mellon
foundation
is
noted
social
historian
and
author
and
one
of
america
's
leading
advocates
for
supporting
the
humanities
and
the
arts
in
higher
education.</span
tuesday
april
2016</small
the
recommendations
will
help
universities
maximize
the
potential
of
technology
enhanced
learning
design
and
practices
through
informed
research.</span
tuesday
april
2016</small
new
research
from
carnegie
mellon
university
has
uncovered
how
the
brain
is
able
to
acquire
brand
new
types
of
ideas.</span
tuesday
april
2016</small
ph.d.
student
ania
jaroszewicz
was
selected
for
her
potential
to
make
significant
contributions
to
u.s.
society
culture
and
academics.</span
friday
april
2016</small
cmu
has
placed
second
in
the
mathematical
association
of
america
's
76th
william
lowell
putnam
competition
the
definitive
mathematics
competition
for
undergraduate
students
in
north
america.</span
friday
april
2016</small
the
national
science
foundation
awarded
cmu
's
wolfgang
gatterbauer
faculty
early
career
development
award
for
his
research
proposal
to
develop
novel
methods
to
draw
conclusions
from
uncertain
and
inconsistent
data.</span
thursday
april
2016</small
sophomore
mathematical
sciences
major
joshua
brakensiek
has
received
barry
goldwater
scholarship
to
support
his
pursuit
of
research
career
in
mathematics
and
theoretical
computer
science.</span
wednesday
april
2016</small
hillary
rodham
clinton
visited
carnegie
mellon
university
's
pittsburgh
campus
on
wednesday
april
as
her
presidential
campaign
made
its
way
through
pennsylvania.</span
tuesday
april
2016</small
carnegie
mellon
's
annual
spring
carnival
is
set
for
april
many
events
are
free
and
open
to
the
public.</span
monday
april
2016</small
two
school
of
drama
faculty
members
have
won
theatre
development
fund
irene
sharaff
awards
an
honor
among
the
highest
in
american
costume
design.</span
friday
april
2016</small
the
assistant
professor
will
use
her
five
year
career
award
to
reduce
air
and
water
pollutant
emissions
from
power
plants.</span
friday
april
2016</small
the
u.s.
department
of
defense
has
tapped
cmu
as
partner
in
million
national
research
institute
that
will
support
american
textile
manufacturers.</span
carnegie
mellon
university
forbes
avenue
pittsburgh
pa
carnegie
mellon
university</li
stories
college
of
engineering
college
of
fine
arts
dietrich
college
of
humanities
amp
social
sciences
heinz
college
of
information
systems
and
public
policy
mellon
college
of
science
school
of
computer
science
tepper
school
of
business
archives
march
february
january
december
november
october
september
august
july
june
may
april
march
february
january
december
november
october
september
august
july
june
may
april
march
february
january
december
november
october
september
august
july
june
may
april
march
february
january
january
february
march
april
may
june
july
august
september
october
november
december
january
february
march
april
may
june
july
august
september
media
kit
for
women
in
key
stem
fields
media
kit
for
driverless
ride
october
media
kit
for
the
white
house
frontiers
conference
november
december
january
february
march
april
may
june
july
august
september
october
november
december
january
february
march
april
may
june
july
august
september
october
november
december
january
february
march
april
may
june
july
august
september
october
november
december
january
february
march
april
may
june
july
august
september
october
november
december
january
february
march
april
may
june
july
august
september
october
november
december
media
highlights
media
resources
experts
alphabetical
experts
by
topic
contact
us
the
piper
campus
amp
community
news
