academic
futures
university
of
colorado
boulder</title
@import
url("https://www.colorado.edu
academicfutures
modules
system
system.base.css?s32thb
@import
url("https://www.colorado.edu
academicfutures
modules
system
system.menus.css?s32thb
@import
url("https://www.colorado.edu
academicfutures
modules
system
system.messages.css?s32thb
@import
url("https://www.colorado.edu
academicfutures
modules
system
system.theme.css?s32thb
@import
url("https://www.colorado.edu
academicfutures
profiles
express
modules
contrib
jquery_update
replace
ui
themes
base
minified
jquery.ui.core.min.css?s32thb
@import
url("https://www.colorado.edu
academicfutures
profiles
express
modules
contrib
jquery_update
replace
ui
themes
base
minified
jquery.ui.accordion.min.css?s32thb
@import
url("https://www.colorado.edu
academicfutures
profiles
express
modules
features
cu_article
modules
cu_article_slider
css
cu
article
slider.css?s32thb
@import
url("https://www.colorado.edu
academicfutures
profiles
express
modules
custom
cu_campus_news_bundle
cu_campus_news
css
cu
campus
news.css?s32thb
@import
url("https://www.colorado.edu
academicfutures
profiles
express
modules
custom
cu_content_sequence_bundle
cu_content_sequence
css
cu
content
sequence.css?s32thb
@import
url("https://www.colorado.edu
academicfutures
profiles
express
modules
custom
cu_dashboard_seo
css
cu
dashboard
seo.css?s32thb
@import
url("https://www.colorado.edu
academicfutures
profiles
express
modules
custom
cu_expandable
css
cu
expandable.css?s32thb
@import
url("https://www.colorado.edu
academicfutures
profiles
express
modules
custom
cu_inactive_users
css
cu
inactive
users.css?s32thb
@import
url("https://www.colorado.edu
academicfutures
profiles
express
modules
custom
cu_js_includes
css
cu
js
includes.css?s32thb
@import
url("https://www.colorado.edu
academicfutures
profiles
express
modules
custom
cu_profile_module_manager
css
cu
profile
module
manager.css?s32thb
@import
url("https://www.colorado.edu
academicfutures
profiles
express
modules
features
cu_article
cu_related_articles
css
cu
related
articles.css?s32thb
@import
url("https://www.colorado.edu
academicfutures
profiles
express
modules
features
cu_wysiwyg
cu
wysiwyg.css?s32thb
@import
url("https://www.colorado.edu
academicfutures
profiles
express
modules
contrib
date
date_api
date.css?s32thb
@import
url("https://www.colorado.edu
academicfutures
profiles
express
modules
contrib
date
date_popup
themes
datepicker.1.7.css?s32thb
@import
url("https://www.colorado.edu
academicfutures
profiles
express
modules
custom
express_add_content
css
express
add
content.css?s32thb
@import
url("https://www.colorado.edu
academicfutures
profiles
express
modules
custom
express_block_designer
css
express
block
designer.css?s32thb
@import
url("https://www.colorado.edu
academicfutures
profiles
express
modules
custom
express_block_designer
modules
express_block_designer_menu
css
exbd
menu.css?s32thb
@import
url("https://www.colorado.edu
academicfutures
profiles
express
modules
custom
express_layout
css
express
layout
admin.css?s32thb
@import
url("https://www.colorado.edu
academicfutures
profiles
express
modules
custom
express_localist_bundle
css
express
localist
bundle.css?s32thb
@import
url("https://www.colorado.edu
academicfutures
profiles
express
modules
custom
express_localist_bundle
css
express
localist
bundle
theme.css?s32thb
@import
url("https://www.colorado.edu
academicfutures
profiles
express
modules
contrib
fences
field.css?s32thb
@import
url("https://www.colorado.edu
academicfutures
profiles
express
modules
contrib
fitvids
fitvids.css?s32thb
@import
url("https://www.colorado.edu
academicfutures
profiles
express
modules
contrib
google_cse
google_cse.css?s32thb
@import
url("https://www.colorado.edu
academicfutures
modules
node
node.css?s32thb
@import
url("https://www.colorado.edu
academicfutures
profiles
express
modules
contrib
rave_alerts
css
rave_alerts.css?s32thb
@import
url("https://www.colorado.edu
academicfutures
profiles
express
modules
custom
site_navigation_menus
css
site
navigation
menus.css?s32thb
@import
url("https://www.colorado.edu
academicfutures
modules
user
user.css?s32thb
@import
url("https://www.colorado.edu
academicfutures
profiles
express
modules
contrib
video_filter
video_filter.css?s32thb
@import
url("https://www.colorado.edu
academicfutures
profiles
express
modules
contrib
views
css
views.css?s32thb
@import
url("https://www.colorado.edu
academicfutures
profiles
express
modules
custom
cu_users
css
cu
users.css?s32thb
@import
url("https://www.colorado.edu
academicfutures
profiles
express
modules
contrib
colorbox
styles
stockholmsyndrome
colorbox_style.css?s32thb
@import
url("https://www.colorado.edu
academicfutures
profiles
express
modules
contrib
context_accordion
context_accordion.css?s32thb
@import
url("https://www.colorado.edu
academicfutures
profiles
express
modules
contrib
ctools
css
ctools.css?s32thb
@import
url("https://www.colorado.edu
academicfutures
profiles
express
libraries
flickity
css
flickity.css?s32thb
@import
url("https://www.colorado.edu
academicfutures
profiles
express
libraries
fontawesome
css
font
awesome.min.css?s32thb
@import
url("https://www.colorado.edu
academicfutures
profiles
express
modules
contrib
files_undo_remove
files_undo_remove.css?s32thb
@import
url("https://www.colorado.edu
academicfutures
profiles
express
modules
custom
backstretch
backstretch.css?s32thb
@import
url("https://www.colorado.edu
academicfutures
profiles
express
modules
custom
cu_block_row
css
cu
block
row.css?s32thb
@import
url("https://www.colorado.edu
academicfutures
profiles
express
modules
features
cu_block_section
css
cu
block
section.css?s32thb
@import
url("https://www.colorado.edu
academicfutures
profiles
express
modules
features
cu_feature_callout
css
cu_feature_callout.css?s32thb
@import
url("https://www.colorado.edu
academicfutures
profiles
express
modules
features
cu_feature_callout
css
feature
callout
block
designer.css?s32thb
@import
url("https://www.colorado.edu
academicfutures
profiles
express
modules
custom
cu_give_buttons
styles
give
button.css?s32thb
@import
url("https://www.colorado.edu
academicfutures
profiles
express
modules
features
cu_hero_unit
css
cu_hero_unit.css?s32thb
@import
url("https://www.colorado.edu
academicfutures
profiles
express
modules
custom
cu_menu_icon
cu_menu_icon.css?s32thb
@import
url("https://www.colorado.edu
academicfutures
profiles
express
modules
features
cu_search
css
cu
search.css?s32thb
@import
url("https://www.colorado.edu
academicfutures
profiles
express
modules
custom
cu_shortcodes
css
cu_shortcodes.css?s32thb
@import
url("https://www.colorado.edu
academicfutures
profiles
express
modules
custom
cu_shortcodes
css
cu
shortcodes
columns.css?s32thb
@import
url("https://www.colorado.edu
academicfutures
profiles
express
modules
custom
cu_site_info
site_info.css?s32thb
@import
url("https://www.colorado.edu
academicfutures
profiles
express
modules
custom
cu_video_reveal
css
cu
video
reveal.css?s32thb
@import
url("https://www.colorado.edu
academicfutures
profiles
express
modules
custom
express_layout
css
express
layout.css?s32thb
@import
url("https://www.colorado.edu
academicfutures
profiles
express
modules
custom
express_settings
css
express
settings.css?s32thb
@import
url("https://www.colorado.edu
academicfutures
profiles
express
modules
features
files
css
files.css?s32thb
@import
url("https://www.colorado.edu
academicfutures
profiles
express
modules
custom
profile_module_manager
css
profile
module
manager.css?s32thb
@import
url("https://www.colorado.edu
academicfutures
profiles
express
modules
features
cu_article
css
cu
article.css?s32thb
@import
url("https://www.colorado.edu
academicfutures
profiles
express
modules
features
cu_article
css
cu
article
grid.css?s32thb
@import
url("https://www.colorado.edu
academicfutures
profiles
express
modules
features
cu_article
css
owl.carousel.css?s32thb
@import
url("https://www.colorado.edu
academicfutures
profiles
express
modules
features
cu_faq
css
cu_faq.css?s32thb
@import
url("https://www.colorado.edu
academicfutures
profiles
express
modules
features
cu_page
cu
page.css?s32thb
@import
url("https://www.colorado.edu
academicfutures
profiles
express
modules
custom
express_theme_picker
express_theme_picker.css?s32thb
@import
url("https://www.colorado.edu
academicfutures
profiles
express
modules
custom
cu_back_to_top
cu_back_to_top.css?s32thb
@import
url("https://www.colorado.edu
academicfutures
profiles
express
themes
ucb
css
ucb.css?s32thb
@import
url("https://www.colorado.edu
academicfutures
profiles
express
themes
cuspirit
css
spirit
styles.css?s32thb
@import
url("https://www.colorado.edu
academicfutures
profiles
express
themes
ucb
css
ucb
print.css?s32thb
university
of
colorado
boulder
Search</h2
academic
futures
rethinking
the
university
the
futures
of
learning
and
discovery</strong></p
.block
bean
type
block
section
overflow
hidden
block
section-4
background
image
url(https://www.colorado.edu
academicfutures
sites
default
files
styles
medium
public
cu_boulder_fall_panorama.jpg?itok
yyoiql
@media
all
and
min
width
768px
and
max
width
959px
block
section-4
background
image
url(https://www.colorado.edu
academicfutures
sites
default
files
styles
large
public
cu_boulder_fall_panorama.jpg?itok
kYzkIUm6
@media
all
and
min
width
960px
block
section-4
background
image
url(https://www.colorado.edu
academicfutures
sites
default
files
styles
hero
public
cu_boulder_fall_panorama.jpg?itok
grwjmliw
@media
all
and
min
width
1600px
block
section-4
background
image
url(https://www.colorado.edu
academicfutures
sites
default
files
styles
xlarge
public
cu_boulder_fall_panorama.jpg?itok
xbetacuc
home
cu
boulders
core
mission
is
to
educate
students
and
engage
in
cutting
edge
scholarship
and
creative
work
research
and
discovery
the
success
with
which
we
carry
out
this
mission
determines
our
ability
to
accomplish
our
strategic
imperatives
which
are
to
shape
tomorrows
leaders
positively
impact
humanityand
be
the
top
university
for
innovation.</p
to
ensure
continuing
success
the
campus
is
now
ready
to
embark
on
conversation
called
academic
futures
rethinking
the
university
the
futures
of
learning
and
discovery</em>.</p
report
of
the
academic
futures
committee</strong></p
released
october
2018</strong></p
download
the
pdf</a></p
building
on
campus
with
flatirons
in
the
background
april
an
instructor
points
to
black
board
oct.
.block
bean
type
block
section
overflow
hidden
university
of
colorado
boulder
bull
bull
