var
r={2983:(e
r)=>{"use
strict";r.d(t,{D0:()=>v
gd:()=>y
vp:()=>s
oc:()=>x
fr:()=>_,jd:()=>p
hr:()=>a
xn:()=>b
x1:()=>c
an:()=>t
v:()=>j});var
r(384),i
r(7864);const
o={beacon
n.
nt.beacon
errorbeacon
n.
nt.errorbeacon
licensekey
void
0,applicationID
void
0,sa
void
0,queueTime
void
0,applicationTime
void
0,ttGuid
void
0,user
void
0,account
void
0,product
void
0,extra
void
0,jsAttributes:{},userAttributes
void
0,atts
void
0,transactionName
void
0,tNamePlain
void
0},a={};function
s(e){if(!e)throw
new
error("all
info
objects
require
an
agent
identifier!");if(!a[e])throw
new
error("info
for
.concat(e
was
never
set"));return
a[e]}function
c(e
t){if(!e)throw
new
error("all
info
objects
require
an
agent
identifier!");a[e]=(0,i.a)(t
o);const
r=(0,n.nY)(e);r&&(r.info
a[e])}var
r(993);const
e=>{if(!e||"string"!=typeof
e)return!1;try{document.createDocumentFragment().querySelector(e)}catch{return!1}return!0};var
r(2614),f
r(944);const
h="[data
nr
mask]",g=()=>{const
e={mask_selector:"*",block_selector:"[data
nr
block]",mask_input_options:{color:!1,date:!1,"datetime
local":!1,email:!1,month:!1,number:!1,range:!1,search:!1,tel:!1,text:!1,time:!1,url:!1,week:!1,textarea:!1,select:!1,password:!0}};return{ajax:{deny_list
void
0,block_internal:!0,enabled:!0,harvestTimeSeconds:10,autoStart:!0},distributed_tracing:{enabled
void
0,exclude_newrelic_header
void
0,cors_use_newrelic_header
void
0,cors_use_tracecontext_headers
void
0,allowed_origins
void
0},feature_flags:[],generic_events:{enabled:!0,harvestTimeSeconds:30,autoStart:!0},harvest:{tooManyRequestsDelay:60},jserrors:{enabled:!0,harvestTimeSeconds:10,autoStart:!0},logging:{enabled:!0,harvestTimeSeconds:10,autoStart:!0,level
u.p_.INFO},metrics:{enabled:!0,autoStart:!0},obfuscate
void
0,page_action:{enabled:!0},page_view_event:{enabled:!0,autoStart:!0},page_view_timing:{enabled:!0,harvestTimeSeconds:30,long_task:!1,autoStart:!0},privacy:{cookies_enabled:!0},proxy:{assets
void
0,beacon
void
0},session:{expiresMs
l.wk
inactivems
l.
BB},session_replay:{autoStart:!0,enabled:!1,harvestTimeSeconds:60,preload:!1,sampling_rate:10,error_sampling_rate:100,collect_fonts:!1,inline_images:!1,inline_stylesheet:!0,fix_stylesheets:!0,mask_all_inputs:!0,get
mask_text_selector(){return
e.mask_selector},set
mask_text_selector(t){d(t)?e.mask_selector="".concat(t,",").concat(h):""===t||null===t?e.mask_selector
h:(0,f
R)(5,t)},get
block_class(){return"nr
block"},get
ignore_class(){return"nr
ignore"},get
mask_text_class(){return"nr
mask"},get
block_selector(){return
e.block_selector},set
block_selector(t){d(t)?e.block_selector+=",".concat(t):""!==t&&(0,f
R)(6,t)},get
mask_input_options(){return
e.mask_input_options},set
mask_input_options(t){t&&"object"==typeof
t?e.mask_input_options={
password:!0}:(0,f
R)(7,t)}},session_trace:{enabled:!0,harvestTimeSeconds:10,autoStart:!0},soft_navigations:{enabled:!0,harvestTimeSeconds:10,autoStart:!0},spa:{enabled:!0,harvestTimeSeconds:10,autoStart:!0},ssl
void
0}},p={},m="All
configuration
objects
require
an
agent
identifier!";function
v(e){if(!e)throw
new
error(m);if(!p[e])throw
new
error("configuration
for
.concat(e
was
never
set"));return
p[e]}function
b(e
t){if(!e)throw
new
Error(m);p[e]=(0,i.a)(t
g());const
r=(0,n.nY)(e);r&&(r.init
p[e])}function
y(e
t){if(!e)throw
new
error(m);var
v(e);if(r){for(var
t.split("
"),i=0;i
t.length)&&t.indexof(e)===t.length
e.length}function
c(e
t){return
0===e.indexOf("/")&&(e
e.substring(1)),0===t.indexOf("/")&&(t
t.substring(1)),""===e||e===t}},1687:(e
r)=>{"use
strict";r.d(t,{ak:()=>s
ze:()=>d
x3:()=>c});var
r(7836),i
r(3606),o
r(860);const
a={};function
s(e
t){const
r={staged:!1,priority
:o
P[t]||0};u(e),a[e].get(t)||a[e].set(t
r)}function
c(e
t){e&&a[e]&&(a[e].get(t)&&a[e].delete(t),f(e
t,!1),a[e].size&&l(e))}function
u(e){if(!e)throw
new
error("agentidentifier
required");a[e]||(a[e]=new
map)}function
d(){let
arguments.length>0&&void
0!==arguments[0]?arguments[0]:"",t
arguments.length>1&&void
0!==arguments[1]?arguments[1]:"feature",r
arguments.length>2&&void
0!==arguments[2]&&arguments[2];if(u(e),!e||!a[e].get(t)||r)return
f(e
t);a[e].get(t).staged=!0,l(e)}function
l(e){const
array.from(a[e]);t.every((e=>{let[t
r]=e;return
r.staged}))&&(t.sort(((e
t)=>e[1].priority
t[1].priority)),t.forEach((t=>{let[r]=t;a[e].delete(r),f(e
r)})))}function
f(e
t){let
r=!(arguments.length>2&&void
0!==arguments[2])||arguments[2];const
e?n.ee.get(e):n.ee
i.i.handlers;if(!o.aborted&&o.backlog&&a){if(r){const
o.backlog[t],r
a[t];if(r){for(let
t=0;e&&t
t.max&&(t.max
e),e
admissions
university
of
colorado
boulder
university
of
colorado
boulder
Search</h2
About</a></h2
about
cu
boulder
university
initiatives
quick
links
Academics</a></h2
explore
our
programs
academic
support
quick
links
Admissions</a></h2
explore
visit
apply
admitted
Research</a></h2
institutes
amp
programs
research
news
amp
reports
focus
areas
Visit</a></h2
admissions
visit
programs
visit
campus
map
location
links
About</a></h2
about
cu
boulder
university
initiatives
quick
links
Academics</a></h2
explore
our
programs
academic
support
quick
links
Admissions</a></h2
explore
visit
apply
admitted
Research</a></h2
institutes
amp
programs
research
news
amp
reports
focus
areas
Visit</a></h2
admissions
visit
programs
visit
campus
map
location
links
.block
bean
type
block
section
overflow
hidden
block
section-3963
background
image
url(https://www.colorado.edu
sites
default
files
styles
medium
public
umcsteps_0.png?itok
nimubnxv
@media
all
and
min
width
768px
and
max
width
959px
block
section-3963
background
image
url(https://www.colorado.edu
sites
default
files
styles
large
public
umcsteps_0.png?itok
hdp
ryrw
@media
all
and
min
width
960px
block
section-3963
background
image
url(https://www.colorado.edu
sites
default
files
styles
hero
public
umcsteps_0.png?itok=3LnYD4Jx
@media
all
and
min
width
1600px
block
section-3963
background
image
url(https://www.colorado.edu
sites
default
files
styles
xlarge
public
umcsteps_0.png?itok
cwatilqv
admissions
at
cu
boulder
we
believe
in
opportunity
it
signals
possibilitya
moment
filled
with
infinite
potential
here
you
ll
find
opportunity
waiting
for
you
around
every
corner
you
ll
find
it
in
the
classroom
meeting
peers
and
mentors
who
can
open
new
doors
you
ll
find
it
in
our
extraordinary
environment
inspiring
you
to
explore
and
grow
you
ll
find
it
in
our
approach
to
education
empowering
you
to
customize
your
path
and
get
involved
through
hands
on
experience
this
path
is
the
foundation
for
your
future.</p
opportunity
is
everywhere
at
cu
boulder
this
is
yours
make
it
happen.</strong></p
first
year
applicants
are
in
high
school
or
have
graduated
from
high
school
but
have
not
taken
any
college
courses
after
graduating
or
earning
ged.</p
transfer
applicants
have
attended
another
college
or
university
since
earning
their
high
school
diploma
or
ged
transfer
applicants
are
looking
to
complete
bachelors
degree
at
cu
boulder.</p
undergraduate
international
applicants
are
students
who
need
visa
to
be
in
the
u.s.
apply
as
domestic
student
if
you
have
u.s.
passport
or
green
card.</p
graduate
applicants
have
earned
bachelors
degree
and
are
pursuing
an
advanced
degree
in
specific
field
this
includesinternational
veteran
or
undocumented
prospective
graduate
students.</p
.block
bean
type
block
section
overflow
hidden
block
section-16629
background
image
url(https://www.colorado.edu
sites
default
files
styles
medium
public
flatirons034
web.jpg?itok
loexensf
@media
all
and
min
width
768px
and
max
width
959px
block
section-16629
background
image
url(https://www.colorado.edu
sites
default
files
styles
large
public
flatirons034
web.jpg?itok
izmezubu
@media
all
and
min
width
960px
block
section-16629
background
image
url(https://www.colorado.edu
sites
default
files
styles
hero
public
flatirons034
web.jpg?itok
kwPLSbX7
@media
all
and
min
width
1600px
block
section-16629
background
image
url(https://www.colorado.edu
sites
default
files
styles
xlarge
public
flatirons034
web.jpg?itok=7mbwnwy5
old
main
on
cu
boulder
campus
do
what
you
love
in
place
you
love
discover
how
cu
boulder
gives
you
the
freedom
to
explore
your
ideas
connect
with
friends
and
make
an
impact.</p
https://www.colorado.edu
admissions
connect
temp
when
it
comes
to
college
location
is
big
deal
check
out
our
admissions
visit
experiences
to
understand
firsthand
what
cu
boulder
is
all
about.</p
student
looking
at
laptop
college
is
valuable
investment
get
the
financial
details
you
need
to
make
an
informed
decision
about
attending
school
at
cu
boulder.</p
advisors
meeting
with
students
were
here
to
help
learn
the
ways
you
can
connect
with
us
and
get
all
your
questions
answered.</p
.block
bean
type
block
section
overflow
hidden
the
university
of
colorado
does
not
discriminate
on
the
basis
of
race
color
national
origin
sex
age
pregnancy
disability
creed
religion
sexual
orientation
gender
identity
gender
expression
veteran
status
political
affiliation
or
political
philosophy
all
qualified
individuals
are
encouraged
to
apply
you
may
and
as
student
or
prospective
student
at
cu
boulder
you
have
right
to
certain
information
pertaining
to
financial
aid
programs
the
clery
act
crime
and
safety
graduation
rates
athletics
and
other
general
information
such
as
the
costs
associated
with
attending
cu
boulder
to
view
this
information
visit
business
industry
collaborations</span></a></li
diversity
equity
inclusion</span></a></li
free
speech</span></a></li
innovation
entrepreneurship</span></a></li
public
outreach
programs</span></a></li
sustainability</span></a></li
understanding
your
cost
of
attendance</span></a></li
be
boulder
regents
of
the
university
of
colorado
download
the
fromthe
cuboulder
and
tags
as
close
as
possible
to
the
opening
tag
creation
date
08/28/2015
var
axel
math.random
var
axel
document.write('<iframe
src="https://4496471.fls.doubleclick.net
activityi;src=4496471;type
bebou000;cat
bebou00;ord=
width="1
height="1
frameborder="0
style="display
none"></iframe
