events
and
opportunities
venture
partners
at
cu
boulder
university
of
colorado
boulder</title
@import
url("https://www.colorado.edu
venturepartners
modules
system
system.base.css?s32t4h
@import
url("https://www.colorado.edu
venturepartners
modules
system
system.menus.css?s32t4h
@import
url("https://www.colorado.edu
venturepartners
modules
system
system.messages.css?s32t4h
@import
url("https://www.colorado.edu
venturepartners
modules
system
system.theme.css?s32t4h
@import
url("https://www.colorado.edu
venturepartners
profiles
express
modules
contrib
jquery_update
replace
ui
themes
base
minified
jquery.ui.core.min.css?s32t4h
@import
url("https://www.colorado.edu
venturepartners
profiles
express
modules
contrib
jquery_update
replace
ui
themes
base
minified
jquery.ui.accordion.min.css?s32t4h
@import
url("https://www.colorado.edu
venturepartners
profiles
express
modules
features
cu_article
modules
cu_article_slider
css
cu
article
slider.css?s32t4h
@import
url("https://www.colorado.edu
venturepartners
profiles
express
modules
custom
cu_content_sequence_bundle
cu_content_sequence
css
cu
content
sequence.css?s32t4h
@import
url("https://www.colorado.edu
venturepartners
profiles
express
modules
custom
cu_dashboard_seo
css
cu
dashboard
seo.css?s32t4h
@import
url("https://www.colorado.edu
venturepartners
profiles
express
modules
custom
cu_expandable
css
cu
expandable.css?s32t4h
@import
url("https://www.colorado.edu
venturepartners
profiles
express
modules
custom
cu_inactive_users
css
cu
inactive
users.css?s32t4h
@import
url("https://www.colorado.edu
venturepartners
profiles
express
modules
custom
cu_js_includes
css
cu
js
includes.css?s32t4h
@import
url("https://www.colorado.edu
venturepartners
profiles
express
modules
custom
cu_profile_module_manager
css
cu
profile
module
manager.css?s32t4h
@import
url("https://www.colorado.edu
venturepartners
profiles
express
modules
features
cu_article
cu_related_articles
css
cu
related
articles.css?s32t4h
@import
url("https://www.colorado.edu
venturepartners
profiles
express
modules
custom
cu_share
css
cu
share.css?s32t4h
@import
url("https://www.colorado.edu
venturepartners
profiles
express
modules
features
cu_wysiwyg
cu
wysiwyg.css?s32t4h
@import
url("https://www.colorado.edu
venturepartners
profiles
express
modules
contrib
date
date_api
date.css?s32t4h
@import
url("https://www.colorado.edu
venturepartners
profiles
express
modules
contrib
date
date_popup
themes
datepicker.1.7.css?s32t4h
@import
url("https://www.colorado.edu
venturepartners
profiles
express
modules
custom
express_add_content
css
express
add
content.css?s32t4h
@import
url("https://www.colorado.edu
venturepartners
profiles
express
modules
custom
express_block_designer
css
express
block
designer.css?s32t4h
@import
url("https://www.colorado.edu
venturepartners
profiles
express
modules
custom
express_block_designer
modules
express_block_designer_menu
css
exbd
menu.css?s32t4h
@import
url("https://www.colorado.edu
venturepartners
profiles
express
modules
custom
express_collections_bundle
css
express
collections
bundle.css?s32t4h
@import
url("https://www.colorado.edu
venturepartners
profiles
express
modules
custom
express_layout
css
express
layout
admin.css?s32t4h
@import
url("https://www.colorado.edu
venturepartners
profiles
express
modules
custom
express_localist_bundle
css
express
localist
bundle.css?s32t4h
@import
url("https://www.colorado.edu
venturepartners
profiles
express
modules
custom
express_localist_bundle
css
express
localist
bundle
theme.css?s32t4h
@import
url("https://www.colorado.edu
venturepartners
profiles
express
modules
contrib
fences
field.css?s32t4h
@import
url("https://www.colorado.edu
venturepartners
profiles
express
modules
contrib
fitvids
fitvids.css?s32t4h
@import
url("https://www.colorado.edu
venturepartners
profiles
express
modules
contrib
google_cse
google_cse.css?s32t4h
@import
url("https://www.colorado.edu
venturepartners
modules
node
node.css?s32t4h
@import
url("https://www.colorado.edu
venturepartners
profiles
express
modules
contrib
rave_alerts
css
rave_alerts.css?s32t4h
@import
url("https://www.colorado.edu
venturepartners
profiles
express
modules
custom
site_navigation_menus
css
site
navigation
menus.css?s32t4h
@import
url("https://www.colorado.edu
venturepartners
modules
user
user.css?s32t4h
@import
url("https://www.colorado.edu
venturepartners
profiles
express
modules
contrib
video_filter
video_filter.css?s32t4h
@import
url("https://www.colorado.edu
venturepartners
profiles
express
modules
contrib
views
css
views.css?s32t4h
@import
url("https://www.colorado.edu
venturepartners
profiles
express
modules
custom
cu_users
css
cu
users.css?s32t4h
@import
url("https://www.colorado.edu
venturepartners
profiles
express
modules
contrib
colorbox
styles
stockholmsyndrome
colorbox_style.css?s32t4h
@import
url("https://www.colorado.edu
venturepartners
profiles
express
modules
contrib
context_accordion
context_accordion.css?s32t4h
@import
url("https://www.colorado.edu
venturepartners
profiles
express
modules
contrib
ctools
css
ctools.css?s32t4h
@import
url("https://www.colorado.edu
venturepartners
profiles
express
libraries
flickity
css
flickity.css?s32t4h
@import
url("https://www.colorado.edu
venturepartners
profiles
express
libraries
fontawesome
css
font
awesome.min.css?s32t4h
@import
url("https://www.colorado.edu
venturepartners
profiles
express
modules
contrib
files_undo_remove
files_undo_remove.css?s32t4h
@import
url("https://www.colorado.edu
venturepartners
profiles
express
modules
custom
backstretch
backstretch.css?s32t4h
@import
url("https://www.colorado.edu
venturepartners
profiles
express
modules
custom
cu_block_row
css
cu
block
row.css?s32t4h
@import
url("https://www.colorado.edu
venturepartners
profiles
express
modules
features
cu_block_section
css
cu
block
section.css?s32t4h
@import
url("https://www.colorado.edu
venturepartners
profiles
express
modules
features
cu_facebook_activity
cu_facebook_activity.css?s32t4h
@import
url("https://www.colorado.edu
venturepartners
profiles
express
modules
features
cu_feature_callout
css
cu_feature_callout.css?s32t4h
@import
url("https://www.colorado.edu
venturepartners
profiles
express
modules
features
cu_feature_callout
css
feature
callout
block
designer.css?s32t4h
@import
url("https://www.colorado.edu
venturepartners
profiles
express
modules
custom
cu_give_buttons
styles
give
button.css?s32t4h
@import
url("https://www.colorado.edu
venturepartners
profiles
express
modules
features
cu_hero_unit
css
cu_hero_unit.css?s32t4h
@import
url("https://www.colorado.edu
venturepartners
profiles
express
modules
custom
cu_menu_icon
cu_menu_icon.css?s32t4h
@import
url("https://www.colorado.edu
venturepartners
profiles
express
modules
custom
cu_newsletter_bundle
cu_newsletter
css
cu
newsletter.css?s32t4h
@import
url("https://www.colorado.edu
venturepartners
profiles
express
modules
features
cu_search
css
cu
search.css?s32t4h
@import
url("https://www.colorado.edu
venturepartners
profiles
express
modules
custom
cu_shortcodes
css
cu_shortcodes.css?s32t4h
@import
url("https://www.colorado.edu
venturepartners
profiles
express
modules
custom
cu_shortcodes
css
cu
shortcodes
columns.css?s32t4h
@import
url("https://www.colorado.edu
venturepartners
profiles
express
modules
custom
cu_site_info
site_info.css?s32t4h
@import
url("https://www.colorado.edu
venturepartners
profiles
express
modules
features
cu_social_links
css
social_links.css?s32t4h
@import
url("https://www.colorado.edu
venturepartners
profiles
express
modules
features
cu_twitter_feed
cu_twitter_feed.css?s32t4h
@import
url("https://www.colorado.edu
venturepartners
profiles
express
modules
custom
cu_video_reveal
css
cu
video
reveal.css?s32t4h
@import
url("https://www.colorado.edu
venturepartners
profiles
express
modules
custom
express_layout
css
express
layout.css?s32t4h
@import
url("https://www.colorado.edu
venturepartners
profiles
express
modules
custom
express_settings
css
express
settings.css?s32t4h
@import
url("https://www.colorado.edu
venturepartners
profiles
express
modules
features
files
css
files.css?s32t4h
@import
url("https://www.colorado.edu
venturepartners
profiles
express
modules
custom
profile_module_manager
css
profile
module
manager.css?s32t4h
@import
url("https://www.colorado.edu
venturepartners
profiles
express
modules
features
cu_article
css
cu
article.css?s32t4h
@import
url("https://www.colorado.edu
venturepartners
profiles
express
modules
features
cu_article
css
cu
article
grid.css?s32t4h
@import
url("https://www.colorado.edu
venturepartners
profiles
express
modules
features
cu_article
css
owl.carousel.css?s32t4h
@import
url("https://www.colorado.edu
venturepartners
profiles
express
modules
features
cu_faq
css
cu_faq.css?s32t4h
@import
url("https://www.colorado.edu
venturepartners
profiles
express
modules
features
cu_page
cu
page.css?s32t4h
@import
url("https://www.colorado.edu
venturepartners
profiles
express
modules
custom
express_theme_picker
express_theme_picker.css?s32t4h
@import
url("https://www.colorado.edu
venturepartners
profiles
express
modules
features
people_content_type
css
people_content_type.css?s32t4h
@import
url("https://www.colorado.edu
venturepartners
profiles
express
modules
custom
cu_back_to_top
cu_back_to_top.css?s32t4h
@import
url("https://www.colorado.edu
venturepartners
profiles
express
modules
custom
cu_feedback
css
cu_feedback.css?s32t4h
@import
url("https://www.colorado.edu
venturepartners
sites
default
files
honeypot
honeypot.css?s32t4h
@import
url("https://www.colorado.edu
venturepartners
profiles
express
modules
contrib
webform
css
webform.css?s32t4h
@import
url("https://www.colorado.edu
venturepartners
profiles
express
modules
custom
cu_sticky_menu
css
cu
sticky
menu.css?s32t4h
@import
url("https://www.colorado.edu
venturepartners
profiles
express
themes
ucb
css
ucb.css?s32t4h
@import
url("https://www.colorado.edu
venturepartners
profiles
express
themes
cuspirit
css
spirit
styles.css?s32t4h
@import
url("https://www.colorado.edu
venturepartners
profiles
express
themes
ucb
css
ucb
print.css?s32t4h
university
of
colorado
boulder
university
of
colorado
boulder
Search</h2
venture
partners
at
cu
boulder</span></a
events
and
opportunities
corps
hub
west
partnership
with
seven
of
the
top
research
universities
across
the
western
u.s.to
reduce
the
time
and
risk
associated
with
translating
promising
ideas
and
technologies
from
the
laboratory
to
the
marketplace</p
center
for
translational
research
campus
wide
resource
for
both
existing
and
aspiring
university
originated
startups
seeking
non
dilutive
fundingto
translate
their
university
inventions
into
startup
company.</p
destination
startup
collaboration
among
the
intermountain
west
region
's
leading
research
universities
and
federal
laboratories
showcasing
the
best
companiesfrom
the
regions
innovation
ecosystem
to
investors
and
the
business
community.</p
lab
venture
challenge
competition
for
cu
boulder
's
top
innovations
showinghigh
commercial
potential
clear
path
to
compelling
marketandstrong
scientific
support.</p
ascent
deep
tech
accelerator
an
accelerator
for
research
teams
building
deep
tech
startups
coming
out
of
the
university
of
colorado
campuses
in
boulder
colorado
springs
and
denver.</p
embark
deep
tech
startup
creator
cu
boulder
's
deep
tech
startup
creator
for
matching
entrepreneurs
with
breakthrough
innovations.</p
subscribe
to
the
insider</a></p
applications
open:</strong><a
href="https://oedit.colorado.gov
advanced
industries
accelerator
programs"><strong
advanced
industries
accelerator
programs</strong></a
promotinggrowth
and
sustainability
in
colorados
advanced
industries
that
increase
the
state
's
global
competitiveness.</p
rolling
application:</strong><a
href="https://oedit.colorado.gov
advanced
industries
investment
tax
credit"><strong
advanced
industry
investment
tax
credit</strong></a
encouraginginvestments
in
colorado
advanced
industries
businesses
by
incentivizing
investors
with
state
income
tax
credits.</p
friday
aug.
30:<a
href="https://www.herox.com
sicpackagingprize">silicon
carbide
sic
packaging
prize</a></strong
the
millionsic
packaging
prize
invites
competitors
to
propose
design
buildand
test
packaging
prototypes
that
advance
the
industry.</p
sept.
13:<a
href="https://cobioscience.com
rocky
mountain
life
sciences
investor
partnering
conference/">rocky
mountain
life
sciences
investor
amp
partnering
conference</a></strong
atwo
day
event
that
allows
investors
and
innovators
to
source
opportunities
and
build
partnerships
in
the
areas
of
medical
device
diagnostics
biotech
pharmaceutical
ag
bio
animal
and
digital
health.</p
sept.
built
by
the
community
for
the
community
denver
startup
week
is
celebration
of
everything
entrepreneurial
in
denver
and
is
the
largest
free
event
of
its
kind.</p
wednesday
sept.
deadline
product
innovation
showcase
and
competition
that
connects
clean
technology
solutions
to
the
oil
and
natural
gas
industry.</p
wednesday
sept.
deadline):<a
href="https://new.nsf.gov
funding
opportunities
nsf
small
business
innovation
research
small-1
nsf24
solicitation">sbir
sttr
fast
track</a></strong
funding
opportunities
max
award
of
million)for
small
businesses
to
engage
in
research
and
development
with
the
potential
for
commercialization
fostering
innovation
and
technological
advancements</p
sept
and
grit
ventures
and
office
hours
are
hosting
startup
showcase
for
pre
seed
and
seed
stage
startups
building
solutions
in
carbon
neutrality
and
the
circular
economy.</p
thursday
oct.
deadline):<a
href="https://americanmadechallenges.org
challenges
open
voucher
call">technology
commercialization
fund
open
voucher
call</a></strong
innovators
can
receive
up
to
100,000
for
testing
validation
and
other
needs
at
participating
national
laboratories
facilitating
the
commercialization
of
technological
breakthroughs.</p
wednesday
oct.
deadline):<a
href="https://docs.google.com
forms
e/1FAIpQLSeVNmjGTZW2oncxTMzqCz_DrU
vf
m1brJqphwtoWth3nJVJA
viewform">colorado
cleantech
award
nomination</a></strong
celebratingthe
cleantech
community
andhonoring
the
creativity
innovation
and
dedication
to
cleaner
energy
future.</p
oct.
18:<a
href="https://sosvclimatetech.com/">sosv
climate
tech
summit</a></strong
join
us
for
live
virtual
and
free
event
featuring
panels
and
breakout
sessions
with
the
founders
and
venture
capitalists
inventing
our
decarbonized
future
plus
apowerful
vc
founder
matchup
for
qualified
participants.</p
monday
dec.
deadline)<a
href="https://new.nsf.gov
funding
opportunities
regional
resilience
innovation
incubator
r2i2">NSFRegional
resilience
innovation
incubator
R2I2)</a></strong
supports
collaborative
community
engaged
initiatives
to
develop
and
implement
scalable
solutions
to
climate
related
challenges
by
translating
recent
research
advancements
in
climate
and
earth
system
science
into
practical
applications.</p
prometheus
materials
biotechnology
r&amp;d
associate</strong></a
responsible
for
routine
hands
on
operations
associated
with
microalgae
research
and
development
in
the
biotechnology
department
longmont
co).</p
are
you
cu
startup
with
an
employment
opportunity
to
share
with
the
cu
community
for
posting
here
also
you
can
subscribe</a></p
disclose
your
innovation</a></p
ucb
boulder
co
fax
6211</p
university
of
colorado
boulder
bull
bull
need
help
contact
us</a><div
id="cu
feedback
content
class="padding
small"><div
