var
r={2983:(e
r)=>{"use
strict";r.d(t,{D0:()=>v
gd:()=>y
vp:()=>s
oc:()=>x
fr:()=>_,jd:()=>p
hr:()=>a
xn:()=>b
x1:()=>c
an:()=>t
v:()=>j});var
r(384),i
r(7864);const
o={beacon
n.
nt.beacon
errorbeacon
n.
nt.errorbeacon
licensekey
void
0,applicationID
void
0,sa
void
0,queueTime
void
0,applicationTime
void
0,ttGuid
void
0,user
void
0,account
void
0,product
void
0,extra
void
0,jsAttributes:{},userAttributes
void
0,atts
void
0,transactionName
void
0,tNamePlain
void
0},a={};function
s(e){if(!e)throw
new
error("all
info
objects
require
an
agent
identifier!");if(!a[e])throw
new
error("info
for
.concat(e
was
never
set"));return
a[e]}function
c(e
t){if(!e)throw
new
error("all
info
objects
require
an
agent
identifier!");a[e]=(0,i.a)(t
o);const
r=(0,n.nY)(e);r&&(r.info
a[e])}var
r(993);const
e=>{if(!e||"string"!=typeof
e)return!1;try{document.createDocumentFragment().querySelector(e)}catch{return!1}return!0};var
r(2614),f
r(944);const
h="[data
nr
mask]",g=()=>{const
e={mask_selector:"*",block_selector:"[data
nr
block]",mask_input_options:{color:!1,date:!1,"datetime
local":!1,email:!1,month:!1,number:!1,range:!1,search:!1,tel:!1,text:!1,time:!1,url:!1,week:!1,textarea:!1,select:!1,password:!0}};return{ajax:{deny_list
void
0,block_internal:!0,enabled:!0,harvestTimeSeconds:10,autoStart:!0},distributed_tracing:{enabled
void
0,exclude_newrelic_header
void
0,cors_use_newrelic_header
void
0,cors_use_tracecontext_headers
void
0,allowed_origins
void
0},feature_flags:[],generic_events:{enabled:!0,harvestTimeSeconds:30,autoStart:!0},harvest:{tooManyRequestsDelay:60},jserrors:{enabled:!0,harvestTimeSeconds:10,autoStart:!0},logging:{enabled:!0,harvestTimeSeconds:10,autoStart:!0,level
u.p_.INFO},metrics:{enabled:!0,autoStart:!0},obfuscate
void
0,page_action:{enabled:!0},page_view_event:{enabled:!0,autoStart:!0},page_view_timing:{enabled:!0,harvestTimeSeconds:30,long_task:!1,autoStart:!0},privacy:{cookies_enabled:!0},proxy:{assets
void
0,beacon
void
0},session:{expiresMs
l.wk
inactivems
l.
BB},session_replay:{autoStart:!0,enabled:!1,harvestTimeSeconds:60,preload:!1,sampling_rate:10,error_sampling_rate:100,collect_fonts:!1,inline_images:!1,inline_stylesheet:!0,fix_stylesheets:!0,mask_all_inputs:!0,get
mask_text_selector(){return
e.mask_selector},set
mask_text_selector(t){d(t)?e.mask_selector="".concat(t,",").concat(h):""===t||null===t?e.mask_selector
h:(0,f
R)(5,t)},get
block_class(){return"nr
block"},get
ignore_class(){return"nr
ignore"},get
mask_text_class(){return"nr
mask"},get
block_selector(){return
e.block_selector},set
block_selector(t){d(t)?e.block_selector+=",".concat(t):""!==t&&(0,f
R)(6,t)},get
mask_input_options(){return
e.mask_input_options},set
mask_input_options(t){t&&"object"==typeof
t?e.mask_input_options={
password:!0}:(0,f
R)(7,t)}},session_trace:{enabled:!0,harvestTimeSeconds:10,autoStart:!0},soft_navigations:{enabled:!0,harvestTimeSeconds:10,autoStart:!0},spa:{enabled:!0,harvestTimeSeconds:10,autoStart:!0},ssl
void
0}},p={},m="All
configuration
objects
require
an
agent
identifier!";function
v(e){if(!e)throw
new
error(m);if(!p[e])throw
new
error("configuration
for
.concat(e
was
never
set"));return
p[e]}function
b(e
t){if(!e)throw
new
Error(m);p[e]=(0,i.a)(t
g());const
r=(0,n.nY)(e);r&&(r.init
p[e])}function
y(e
t){if(!e)throw
new
error(m);var
v(e);if(r){for(var
t.split("
"),i=0;i
t.length)&&t.indexof(e)===t.length
e.length}function
c(e
t){return
0===e.indexOf("/")&&(e
e.substring(1)),0===t.indexOf("/")&&(t
t.substring(1)),""===e||e===t}},1687:(e
r)=>{"use
strict";r.d(t,{ak:()=>s
ze:()=>d
x3:()=>c});var
r(7836),i
r(3606),o
r(860);const
a={};function
s(e
t){const
r={staged:!1,priority
:o
P[t]||0};u(e),a[e].get(t)||a[e].set(t
r)}function
c(e
t){e&&a[e]&&(a[e].get(t)&&a[e].delete(t),f(e
t,!1),a[e].size&&l(e))}function
u(e){if(!e)throw
new
error("agentidentifier
required");a[e]||(a[e]=new
map)}function
d(){let
arguments.length>0&&void
0!==arguments[0]?arguments[0]:"",t
arguments.length>1&&void
0!==arguments[1]?arguments[1]:"feature",r
arguments.length>2&&void
0!==arguments[2]&&arguments[2];if(u(e),!e||!a[e].get(t)||r)return
f(e
t);a[e].get(t).staged=!0,l(e)}function
l(e){const
array.from(a[e]);t.every((e=>{let[t
r]=e;return
r.staged}))&&(t.sort(((e
t)=>e[1].priority
t[1].priority)),t.forEach((t=>{let[r]=t;a[e].delete(r),f(e
r)})))}function
f(e
t){let
r=!(arguments.length>2&&void
0!==arguments[2])||arguments[2];const
e?n.ee.get(e):n.ee
i.i.handlers;if(!o.aborted&&o.backlog&&a){if(r){const
o.backlog[t],r
a[t];if(r){for(let
t=0;e&&t
t.max&&(t.max
e),e
understand
your
cost
of
attendance
university
of
colorado
boulder
university
of
colorado
boulder
Search</h2
About</a></h2
about
cu
boulder
university
initiatives
quick
links
Academics</a></h2
explore
our
programs
academic
support
quick
links
Admissions</a></h2
explore
visit
apply
admitted
Research</a></h2
institutes
amp
programs
research
news
amp
reports
focus
areas
Visit</a></h2
admissions
visit
programs
visit
campus
map
location
links
About</a></h2
about
cu
boulder
university
initiatives
quick
links
Academics</a></h2
explore
our
programs
academic
support
quick
links
Admissions</a></h2
explore
visit
apply
admitted
Research</a></h2
institutes
amp
programs
research
news
amp
reports
focus
areas
Visit</a></h2
admissions
visit
programs
visit
campus
map
location
links
understand
your
cost
of
Attendance</h1
.feature
layout
title
image
background
image
url(https://www.colorado.edu
sites
default
files
styles
medium
public
feature
title
image
cu_boulder_norlin_1_0.jpeg?itok
xc5gPeh8
@media
all
and
min
width
480px
and
max
width
959px
.feature
layout
title
image
background
image
url(https://www.colorado.edu
sites
default
files
styles
large
public
feature
title
image
cu_boulder_norlin_1_0.jpeg?itok
uuquuwkr
@media
all
and
min
width
960px
.feature
layout
title
image
background
image
url(https://www.colorado.edu
sites
default
files
styles
hero
public
feature
title
image
cu_boulder_norlin_1_0.jpeg?itok
issugqeh
understand
your
cost
of
attendance
hey
buffs
have
questions
about
your
cost
of
attendance
were
here
to
help
you
understand
your
estimated
expenses.</p
the
cost
of
attendance
is
the
estimate
of
students
expenses
for
one
academic
year
of
college
it
typically
includes:</p
expenses
billed
directly
by
cu
boulder
e.g.
tuition
fees
on
campus
housing
food
and
books)</li
expenses
that
are
not
billed
by
cu
boulder
e.g.
transportation
off
campus
housing
and
groceries)</li
the
actual
expenses
may
vary
depending
on
your
individual
program
enrollment
level
residency
classification
housing
selection
and
food
choices
you
may
have
some
kinds
of
expenses
but
not
others.</p
if
you
re
attending
cu
boulder
at
least
half
time
the
cost
of
attendance
is
an
estimate
of
the
following:</strong></p
.block
bean
type
block
section
overflow
hidden
students
posing
after
graduation
tuition
amp
Fees</span></h2
what
you
pay
each
semester
or
session
for
main
campus
academic
instruction
the
amount
varies
based
on
your
residency
classification
program
enrollment
level
and
courses
visit
the
bursars
office
for
student
setting
up
her
desk
during
move
in
books
supplies
course
materials
amp
Equipment</span></h2
the
costs
required
for
your
courses
including
reasonable
allowance
to
purchase
computer
learn
about
the
book
stores
visit
the
office
of
financial
aid
for
the
aerial
of
the
williams
village
complex
housing
amp
Food</span></h2
living
expenses
that
may
include
on-
or
off
campus
housing
meal
plans
rent
groceries
utilities
and
internet
explore
and
through
the
division
of
student
affairs.</p
students
posing
for
the
camera
during
grad
bash
Personal</span></h2
personal
expenses
such
as
laundry
and
cleaning
supplies
personal
hygiene
and
cell
phone
plans
view
the
estimated
student
on
bike
riding
on
campus
with
spring
blooms
Transportation</span></h2
an
allowance
for
transit
between
campus
your
place
of
residence
in
the
united
states
and
your
place
of
work
view
estimated
.block
bean
type
block
section
overflow
hidden
medical</strong></p
residential
academic
program
rap
fees</strong></p
dependent
care</strong></p
federal
student
loan
fees</strong></p
study
abroad</strong></p
professional
license
certificate
or
credential
fees</strong></p
disability
related</strong></p
.block
bean
type
block
section
overflow
hidden
block
section-16098
background
image
url(https://www.colorado.edu
sites
default
files
styles
medium
public
boulder_spring_scenic2ga_0.jpg?itok=8hivDRYt
@media
all
and
min
width
768px
and
max
width
959px
block
section-16098
background
image
url(https://www.colorado.edu
sites
default
files
styles
large
public
boulder_spring_scenic2ga_0.jpg?itok
CtbY40iG
@media
all
and
min
width
960px
block
section-16098
background
image
url(https://www.colorado.edu
sites
default
files
styles
hero
public
boulder_spring_scenic2ga_0.jpg?itok
I3OrwVZW
@media
all
and
min
width
1600px
block
section-16098
background
image
url(https://www.colorado.edu
sites
default
files
styles
xlarge
public
boulder_spring_scenic2ga_0.jpg?itok
yxfddtno
private
loan
fees</strong></p
preparatory
course
or
exam
fees</strong></p
recreational
expenses</strong></p
parking
fines</strong></p
credit
card
debt</strong></p
.block
bean
type
block
section
overflow
hidden
every
year
the
federal
government
and
the
colorado
department
of
higher
education
set
student
budget
parameters
to
help
universities
determine
financial
aid
and
ensure
that
the
overall
cost
of
attendance
is
reasonable
these
parameters
might
not
reflect
what
you
will
actually
pay
for
different
expenses
you
can
request
an
increase
to
your
cost
of
attendance
for
case
by
case
expenses
or
academic
expenses
that
exceed
the
budgeted
amount
you
can
find
these
requests
on
the
financial
aid
website
below
if
you
receive
any
kind
of
financial
aid
including
private
loans
or
scholarships
you
can
not
receive
more
aid
than
the
total
cost
of
attendance
in
any
given
year
you
can
see
an
estimate
of
the
maximum
on
the
office
of
financial
aids
website.</p
kobel
building
at
sunset
with
the
flatirons
in
the
background
apply
for
financial
aid</strong></a></p
statue
of
ralphie
at
sunset
with
the
flatirons
in
the
background
estimate
your
cost
of
attendance</strong></a></p
old
main
in
spring
other
options
for
paying
for
college</strong></a></p
.block
bean
type
block
section
overflow
hidden
business
industry
collaborations</span></a></li
diversity
equity
inclusion</span></a></li
free
speech</span></a></li
innovation
entrepreneurship</span></a></li
public
outreach
programs</span></a></li
sustainability</span></a></li
understanding
your
cost
of
attendance</span></a></li
be
boulder
regents
of
the
university
of
colorado
download
the
fromthe
cuboulder
