health
amp
well
being
cornell
university</title
mega
nav
down
arrow
buttons
for
sub
menus
.xarrow_button
display
none
fix
for
cayuga
nation
v2
.cayuga
font
style
margin
font
family
freight
sans
pro
font
weight
line
height
text
align
left
close</button
blue
sky
over
the
arts
quad
overview</span
students
cheer
at
football
game
overview</span
art
student
kneels
on
the
floor
working
on
large
painting
overview</span
two
students
in
lab
overview</span
researchers
writing
on
glass
keep
up
with
research
and
innovation
in
the
cornell
chronicle</a></li
julia
kan
21
and
groton
student
joshua
batzer
draw
together
overview</span
hungry
customers
outside
the
west
hertel
academy
place
their
orders
at
the
new
buffalo
public
schools
food
truck
developed
with
input
from
cornell
cooperative
extension
cce
helps
buffalo
get
school
food
truck
rolling</a></li
members
of
the
cheer
squad
arm
in
arm
overview</span
health
amp
safety
attendees
of
the
soup
and
hope
series
laughing
together
in
sage
chapel
soup
and
hope
speaker
series
two
students
browse
the
selection
of
shirts
at
the
life
transitions
closet
in
the
lgbt
resource
center
lgbtq
community
patrol
sgt
justin
haines
with
K-9
luna
outside
cornell
police
headquarters
at
barton
hall
cornell
police
students
pet
the
sheep
on
the
arts
quad
cornell
wellness
health
well
Being</h2
being
part
of
caring
community
means
taking
care
of
ourselves
and
looking
out
for
one
another
cornell
health
is
nationally
recognized
leader
with
an
integrated
approach
to
health
care
and
is
just
one
of
our
many
resources
and
opportunities
that
focus
on
well
being
building
community
we
are
also
deeply
influenced
by
proud
traditions
and
our
cherished
founding
principle
at
cornell
we
strive
to
create
truly
diverse
inclusive
and
egalitarian
community
in
which
all
groups
are
included
in
the
conversation
and
all
members
communicate
effectively
across
differences
campus
safety
cornell
is
committed
to
public
safety
several
offices
across
the
university
are
focused
on
safety
prevention
and
education
to
ensure
that
all
community
members
can
thrive
cornell
police
are
on
campus
and
on
call
hours
day
days
year
helpful
links
visiting
cornell
live
view</span
.ftr
item
campaign
padding
top
3em
.ftr
item
campaign
a{color:#ccc
li.ftr
item.ftr
item
today
ul.ftr
links
li
padding
1.5em
1em
important
@media
max
width
60em
.ftr
item
campaign
display
flex
justify
content
center
to
do
he
greatest
good
the
campaign
for
cornell
university
var
gaq
gaq
||
gaq.push(['_setaccount
UA-1628162
gaq.push(['_setdomainname
www.cornell.edu
gaq.push(['_setallowlinker
true
gaq.push(['_trackpageview
function
var
ga
document.createelement('script
ga.type
text
javascript
ga.async
true
ga.src
https
document.location.protocol
https://ssl
https://www
.google
analytics.com
ga.js
var
document.getElementsByTagName('script')[0
s.parentnode.insertbefore(ga
window.datalayer
window.datalayer
||
function
gtag(){datalayer.push(arguments
gtag('js
new
date
gtag('config
PMZ19X3F8W
window.jquery
||
document.write('<script
src="https://www.cornell.edu
assets
core
js
lib
jquery.js"><\/script>')</script
from
foot.cfm
function
above960breakpoint
//if
we
hit
this
we
already
paid
the
penalty
no
going
back
//some
things
are
n't
shown
on
mobile
only
include
them
if
they
're
shown
lazyloadvideo("#glorioustoview
lazyloadvideo("video
//nav
images
do
n't
show
until
960px
if
typeof
imager
undefined
for
increasing
page
load
speed
on
mobile
new
imager('.lazyload
above-960',{availableWidths
new
imager('.responsive
img
large',{availablewidths
400:'377x212
600:'1280x720
new
imager('.honeycomb
tile',{availablewidths
400:'377x212
600:'1280x720
function
lazyloadvideo(selector
selector).find("source").each(function(i
el
var
src
el).data('src
if
the
src
is
not
undefined
and
has
not
already
been
set
set
it
and
load
the
video
if
undefined
typeof
src
src
el).attr('src
el).attr('src',src
el).parent().load
//taken
from
underscore.js
function
debounce(func
wait
immediate
var
timeout
return
function
var
context
this
args
arguments
var
later
function
timeout
null
if
immediate
func.apply(context
args
var
callnow
immediate
timeout
cleartimeout(timeout
timeout
settimeout(later
wait
if
callnow
func.apply(context
args
function
function
handleresize
if
window).width()>960
above960breakpoint
else
//on
mobile
load
the
galapagos
bg
otherwise
the
video
is
there
sesqui
video').css("background
image
url(/assets
images
video
features
glorious
to
view.jpg
clear
both
resizeeventhandler
debounce(handleresize
window.addeventlistener('resize',resizeeventhandler
handleresize
/*<![cdata[*/
function
var
sz
document.createelement('script
sz.type
text
javascript
sz.async
true
sz.src
//siteimproveanalytics.com
js
siteanalyze_6120104.js
var
document.getElementsByTagName('script')[0
s.parentnode.insertbefore(sz
/*]]>*/
