student
life
cornell
university</title
mega
nav
down
arrow
buttons
for
sub
menus
.xarrow_button
display
none
fix
for
cayuga
nation
v2
.cayuga
font
style
margin
font
family
freight
sans
pro
font
weight
line
height
text
align
left
close</button
blue
sky
over
the
arts
quad
overview</span
students
cheer
at
football
game
overview</span
art
student
kneels
on
the
floor
working
on
large
painting
overview</span
two
students
in
lab
overview</span
researchers
writing
on
glass
keep
up
with
research
and
innovation
in
the
cornell
chronicle</a></li
julia
kan
21
and
groton
student
joshua
batzer
draw
together
overview</span
hungry
customers
outside
the
west
hertel
academy
place
their
orders
at
the
new
buffalo
public
schools
food
truck
developed
with
input
from
cornell
cooperative
extension
cce
helps
buffalo
get
school
food
truck
rolling</a></li
members
of
the
cheer
squad
arm
in
arm
overview</span
and
cornell
serves
all
students
mdash
undergraduate
graduate
and
professional
mdash
and
strives
to
promote
an
educational
environment
where
you
can
thrive
in
pursuit
of
your
academic
and
personal
goals
learn
more
about
these
important
resources
students
attend
physics
class
in
rockefeller
hall
our
organizations
clubs
groups
and
activities
are
as
diverse
as
our
student
body
life
at
cornell
offers
abundant
opportunities
for
you
to
find
connections
with
others
and
grow
as
leader
club
fest
spring
2024
in
barton
hall
clubs
amp
student
organizations</a></li
whether
you
are
looking
for
ways
to
help
your
student
transition
to
college
life
or
just
want
to
stay
up
to
date
on
the
latest
news
and
athletics
scores
there
are
variety
of
resources
to
help
parents
and
guardians
navigate
cornell
parents
and
guardians
of
current
undergraduate
students
are
encouraged
to
subscribe
to
the
monthly
newsletter
family
weekend
2022
on
the
arts
quad
cornell
traditions
an
aerial
view
of
the
dragon
on
feeney
way
dragon
day
2024
dragon
day
each
year
in
late
march
first
year
students
from
the
college
of
architecture
art
and
planning
aap
create
and
parade
an
enormous
dragon
across
campus
accompanied
by
aap
students
in
costume
and
heckled
by
rivals
from
the
college
of
engineering
the
dragon
lumbers
to
the
arts
quad
to
be
consumed
by
symbolic
bonfire
formalized
by
aap
students
in
the
1950s
dragon
day
's
roots
are
actually
traced
back
to
the
antics
of
the
architecture
class
of
1901.</p
learn
more
student
playing
the
chimes
chimes
concerts
the
heartbeat
of
campus
life
the
cornell
chimes
have
been
marking
the
hours
and
chiming
concerts
for
more
than
century
the
original
set
of
bells
first
rang
out
at
the
university
's
opening
ceremonies
october
the
chimes
continue
to
ring
daily
concerts
making
it
one
of
the
largest
and
most
frequently
played
set
of
chimes
in
the
world.</p
learn
more
the
crowd
in
the
stands
cheers
during
the
homecoming
football
game
homecoming
meet
current
students
alumni
faculty
and
staff
as
you
cheer
on
cornell
in
the
traditional
homecoming
football
game
recent
homecoming
events
have
included
the
big
red
band
firework
and
laser
show
and
carnival.</p
learn
more
flo
rida
and
his
entourage
perform
at
slope
day
2024
slope
day
the
ultimate
celebration
of
the
last
day
of
classes
slope
day
continues
century
long
tradition
as
year
end
gathering
live
musical
performances
are
the
main
feature
of
this
cornell
community
fete.</p
learn
more
cornell
men
's
hockey
vs.
harvard
cornell
ice
hockey
big
red
ice
hockey
at
lynah
rink
is
one
of
cornell
's
most
treasured
spectator
sports
join
the
lynah
faithful
as
they
are
known
and
celebrate
with
the
loading
helpful
links
visiting
cornell
live
view</span
.ftr
item
campaign
padding
top
3em
.ftr
item
campaign
a{color:#ccc
li.ftr
item.ftr
item
today
ul.ftr
links
li
padding
1.5em
1em
important
@media
max
width
60em
.ftr
item
campaign
display
flex
justify
content
center
to
do
he
greatest
good
the
campaign
for
cornell
university
var
gaq
gaq
||
gaq.push(['_setaccount
UA-1628162
gaq.push(['_setdomainname
www.cornell.edu
gaq.push(['_setallowlinker
true
gaq.push(['_trackpageview
function
var
ga
document.createelement('script
ga.type
text
javascript
ga.async
true
ga.src
https
document.location.protocol
https://ssl
https://www
.google
analytics.com
ga.js
var
document.getElementsByTagName('script')[0
s.parentnode.insertbefore(ga
window.datalayer
window.datalayer
||
function
gtag(){datalayer.push(arguments
gtag('js
new
date
gtag('config
PMZ19X3F8W
window.jquery
||
document.write('<script
src="https://www.cornell.edu
assets
core
js
lib
jquery.js"><\/script>')</script
from
foot.cfm
function
above960breakpoint
//if
we
hit
this
we
already
paid
the
penalty
no
going
back
//some
things
are
n't
shown
on
mobile
only
include
them
if
they
're
shown
lazyloadvideo("#glorioustoview
lazyloadvideo("video
//nav
images
do
n't
show
until
960px
if
typeof
imager
undefined
for
increasing
page
load
speed
on
mobile
new
imager('.lazyload
above-960',{availableWidths
new
imager('.responsive
img
large',{availablewidths
400:'377x212
600:'1280x720
new
imager('.honeycomb
tile',{availablewidths
400:'377x212
600:'1280x720
function
lazyloadvideo(selector
selector).find("source").each(function(i
el
var
src
el).data('src
if
the
src
is
not
undefined
and
has
not
already
been
set
set
it
and
load
the
video
if
undefined
typeof
src
src
el).attr('src
el).attr('src',src
el).parent().load
//taken
from
underscore.js
function
debounce(func
wait
immediate
var
timeout
return
function
var
context
this
args
arguments
var
later
function
timeout
null
if
immediate
func.apply(context
args
var
callnow
immediate
timeout
cleartimeout(timeout
timeout
settimeout(later
wait
if
callnow
func.apply(context
args
function
function
handleresize
if
window).width()>960
above960breakpoint
else
//on
mobile
load
the
galapagos
bg
otherwise
the
video
is
there
sesqui
video').css("background
image
url(/assets
images
video
features
glorious
to
view.jpg
clear
both
resizeeventhandler
debounce(handleresize
window.addeventlistener('resize',resizeeventhandler
handleresize
/*<![cdata[*/
function
var
sz
document.createelement('script
sz.type
text
javascript
sz.async
true
sz.src
//siteimproveanalytics.com
js
siteanalyze_6120104.js
var
document.getElementsByTagName('script')[0
s.parentnode.insertbefore(sz
/*]]>*/
