function
is_ie
var
ua
window.navigator.useragent
//check
the
useragent
property
of
the
window.navigator
object
var
msie
ua.indexof('msie
ie
or
older
var
trident
ua.indexof('trident/
//ie
return
msie
||
trident
function
not_excluded_page
return
window.location.href.indexof("/unsupported
browser/
document.title.tolowercase().indexof('page
not
found
if
is_ie
not_excluded_page
window.location
location.protocol
location.host
/unsupported
browser/
var
gtm4wp_datalayer_name
datalayer
var
datalayer
datalayer
||
public
service
public
good
harvard
university</title
.parsely
recommendations
list
title{font
size:1.2em}.parsely
recommendations
list{list
style
none;padding
unset}.parsely
recommendations
cardbody{overflow
hidden;padding:.8em;text
overflow
ellipsis;white
space
nowrap}.parsely
recommendations
cardmedia{padding:.8em
.8em
.jetpack
sharing
buttons__services
list{display
flex;flex
direction
row;flex
wrap
wrap;gap:0;list
style
type
none;margin:5px;padding:0}.jetpack
sharing
buttons__services
list.has
small
icon
size{font
size:12px}.jetpack
sharing
buttons__services
list.has
normal
icon
size{font
size:16px}.jetpack
sharing
buttons__services
list.has
large
icon
size{font
size:24px}.jetpack
sharing
buttons__services
list.has
huge
icon
size{font
size:36px}@media
print{.jetpack
sharing
buttons__services
list{display
none!important}}.editor
styles
wrapper
.wp
block
jetpack
sharing
buttons{gap:0;padding
inline
start:0}ul.jetpack
sharing
buttons__services
list.has
background{padding:1.25em
2.375em
.widget_ep
facet
input[type
search],.wp
block
elasticpress
facet
input[type
search]{margin
bottom:1rem}.widget_ep
facet
.searchable
.inner,.wp
block
elasticpress
facet
.searchable
.inner{max
height:20em;overflow
scroll}.widget_ep
facet
.term.hide,.wp
block
elasticpress
facet
.term.hide{display
none}.widget_ep
facet
.empty
term,.wp
block
elasticpress
facet
.empty
term{opacity:.5;position
relative}.widget_ep
facet
.empty
term
after,.wp
block
elasticpress
facet
.empty
term
after{bottom:0;content
display
block;left:0;position
absolute;right:0;top:0;width:100%;z
index:2}.widget_ep
facet
.level-1,.wp
block
elasticpress
facet
.level-1{padding
left:20px}.widget_ep
facet
.level-2,.wp
block
elasticpress
facet
.level-2{padding
left:40px}.widget_ep
facet
.level-3,.wp
block
elasticpress
facet
.level-3{padding
left:60px}.widget_ep
facet
.level-4,.wp
block
elasticpress
facet
.level-4{padding
left:5pc}.widget_ep
facet
.level-5,.wp
block
elasticpress
facet
.level-5{padding
left:75pt}.widget_ep
facet
input[disabled],.wp
block
elasticpress
facet
input[disabled]{cursor
pointer;opacity:1}.widget_ep
facet
.term
a,.wp
block
elasticpress
facet
.term
a{-webkit
box
align
center;-ms
flex
align
center;align
items
center;display:-webkit
box;display:-ms
flexbox;display
flex;position
relative}.widget_ep
facet
.term
hover
.ep
checkbox,.wp
block
elasticpress
facet
.term
hover
.ep
checkbox{background
color:#ccc}.ep
checkbox{-webkit
box
align
center;-ms
flex
align
center;-ms
flex
negative:0;-webkit
box
pack
center;-ms
flex
pack
center;align
items
center;background
color:#eee;display:-webkit
box;display:-ms
flexbox;display
flex;flex
shrink:0;height:1em;justify
content
center;margin
right:.25em;width:1em}.ep
checkbox
after{border
solid
fff;border
width:0
.125em
.125em
0;content:"";display
none;height:.5em;-webkit
transform
rotate(45deg);transform
rotate(45deg);width:.25em}.ep
checkbox.checked{background
color:#5e5e5e}.ep
checkbox.checked
after{display
block
this
file
is
auto
generated
.wp
block
button__link{color:#fff;background
color:#32373c;border
radius:9999px;box
shadow
none;text
decoration
none;padding
calc(.667em
2px
calc(1.333em
2px);font
size:1.125em}.wp
block
file__button{background:#32373c;color:#fff;text
decoration
none
root{--wp
preset
aspect
ratio
square
1;--wp
preset
aspect
ratio--4
4/3;--wp
preset
aspect
ratio--3
3/4;--wp
preset
aspect
ratio--3
3/2;--wp
preset
aspect
ratio--2
2/3;--wp
preset
aspect
ratio--16
16/9;--wp
preset
aspect
ratio--9
9/16;--wp
preset
color
black
000000;--wp
preset
color
cyan
bluish
gray
abb8c3;--wp
preset
color
white
ffffff;--wp
preset
color
pale
pink
f78da7;--wp
preset
color
vivid
red
cf2e2e;--wp
preset
color
luminous
vivid
orange
ff6900;--wp
preset
color
luminous
vivid
amber
fcb900;--wp
preset
color
light
green
cyan
7bdcb5;--wp
preset
color
vivid
green
cyan
00d084;--wp
preset
color
pale
cyan
blue
8ed1fc;--wp
preset
color
vivid
cyan
blue
0693e3;--wp
preset
color
vivid
purple
9b51e0;--wp
preset
gradient
vivid
cyan
blue
to
vivid
purple
linear
gradient(135deg
rgba(6,147,227,1
0%,rgb(155,81,224
100%);--wp
preset
gradient
light
green
cyan
to
vivid
green
cyan
linear
gradient(135deg
rgb(122,220,180
0%,rgb(0,208,130
100%);--wp
preset
gradient
luminous
vivid
amber
to
luminous
vivid
orange
linear
gradient(135deg
rgba(252,185,0,1
0%,rgba(255,105,0,1
100%);--wp
preset
gradient
luminous
vivid
orange
to
vivid
red
linear
gradient(135deg
rgba(255,105,0,1
0%,rgb(207,46,46
100%);--wp
preset
gradient
very
light
gray
to
cyan
bluish
gray
linear
gradient(135deg
rgb(238,238,238
0%,rgb(169,184,195
100%);--wp
preset
gradient
cool
to
warm
spectrum
linear
gradient(135deg
rgb(74,234,220
0%,rgb(151,120,209
20%,rgb(207,42,186
40%,rgb(238,44,130
60%,rgb(251,105,98
80%,rgb(254,248,76
100%);--wp
preset
gradient
blush
light
purple
linear
gradient(135deg
rgb(255,206,236
0%,rgb(152,150,240
100%);--wp
preset
gradient
blush
bordeaux
linear
gradient(135deg
rgb(254,205,165
0%,rgb(254,45,45
50%,rgb(107,0,62
100%);--wp
preset
gradient
luminous
dusk
linear
gradient(135deg
rgb(255,203,112
0%,rgb(199,81,192
50%,rgb(65,88,208
100%);--wp
preset
gradient
pale
ocean
linear
gradient(135deg
rgb(255,245,203
0%,rgb(182,227,212
50%,rgb(51,167,181
100%);--wp
preset
gradient
electric
grass
linear
gradient(135deg
rgb(202,248,128
0%,rgb(113,206,126
100%);--wp
preset
gradient
midnight
linear
gradient(135deg
rgb(2,3,129
0%,rgb(40,116,252
100%);--wp
preset
font
size
small
13px;--wp
preset
font
size
medium
20px;--wp
preset
font
size
large
36px;--wp
preset
font
size
large
42px;--wp
preset
spacing--20
0.44rem;--wp
preset
spacing--30
0.67rem;--wp
preset
spacing--40
1rem;--wp
preset
spacing--50
1.5rem;--wp
preset
spacing--60
2.25rem;--wp
preset
spacing--70
3.38rem;--wp
preset
spacing--80
5.06rem;--wp
preset
shadow
natural
6px
6px
9px
rgba(0
0.2);--wp
preset
shadow
deep
12px
12px
50px
rgba(0
0.4);--wp
preset
shadow
sharp
6px
6px
0px
rgba(0
0.2);--wp
preset
shadow
outlined
6px
6px
0px
-3px
rgba(255
6px
6px
rgba(0
1);--wp
preset
shadow
crisp
6px
6px
0px
rgba(0
1);}:where(.is
layout
flex){gap
0.5em;}:where(.is
layout
grid){gap
0.5em;}body
.is
layout
flex{display
flex;}.is
layout
flex{flex
wrap
wrap;align
items
center;}.is
layout
flex
is
div){margin
0;}body
.is
layout
grid{display
grid;}.is
layout
grid
is
div){margin
0;}:where(.wp
block
columns.is
layout
flex){gap
2em;}:where(.wp
block
columns.is
layout
grid){gap
2em;}:where(.wp
block
post
template.is
layout
flex){gap
1.25em;}:where(.wp
block
post
template.is
layout
grid){gap
1.25em;}.has
black
color{color
var(--wp
preset
color
black
important;}.has
cyan
bluish
gray
color{color
var(--wp
preset
color
cyan
bluish
gray
important;}.has
white
color{color
var(--wp
preset
color
white
important;}.has
pale
pink
color{color
var(--wp
preset
color
pale
pink
important;}.has
vivid
red
color{color
var(--wp
preset
color
vivid
red
important;}.has
luminous
vivid
orange
color{color
var(--wp
preset
color
luminous
vivid
orange
important;}.has
luminous
vivid
amber
color{color
var(--wp
preset
color
luminous
vivid
amber
important;}.has
light
green
cyan
color{color
var(--wp
preset
color
light
green
cyan
important;}.has
vivid
green
cyan
color{color
var(--wp
preset
color
vivid
green
cyan
important;}.has
pale
cyan
blue
color{color
var(--wp
preset
color
pale
cyan
blue
important;}.has
vivid
cyan
blue
color{color
var(--wp
preset
color
vivid
cyan
blue
important;}.has
vivid
purple
color{color
var(--wp
preset
color
vivid
purple
important;}.has
black
background
color{background
color
var(--wp
preset
color
black
important;}.has
cyan
bluish
gray
background
color{background
color
var(--wp
preset
color
cyan
bluish
gray
important;}.has
white
background
color{background
color
var(--wp
preset
color
white
important;}.has
pale
pink
background
color{background
color
var(--wp
preset
color
pale
pink
important;}.has
vivid
red
background
color{background
color
var(--wp
preset
color
vivid
red
important;}.has
luminous
vivid
orange
background
color{background
color
var(--wp
preset
color
luminous
vivid
orange
important;}.has
luminous
vivid
amber
background
color{background
color
var(--wp
preset
color
luminous
vivid
amber
important;}.has
light
green
cyan
background
color{background
color
var(--wp
preset
color
light
green
cyan
important;}.has
vivid
green
cyan
background
color{background
color
var(--wp
preset
color
vivid
green
cyan
important;}.has
pale
cyan
blue
background
color{background
color
var(--wp
preset
color
pale
cyan
blue
important;}.has
vivid
cyan
blue
background
color{background
color
var(--wp
preset
color
vivid
cyan
blue
important;}.has
vivid
purple
background
color{background
color
var(--wp
preset
color
vivid
purple
important;}.has
black
border
color{border
color
var(--wp
preset
color
black
important;}.has
cyan
bluish
gray
border
color{border
color
var(--wp
preset
color
cyan
bluish
gray
important;}.has
white
border
color{border
color
var(--wp
preset
color
white
important;}.has
pale
pink
border
color{border
color
var(--wp
preset
color
pale
pink
important;}.has
vivid
red
border
color{border
color
var(--wp
preset
color
vivid
red
important;}.has
luminous
vivid
orange
border
color{border
color
var(--wp
preset
color
luminous
vivid
orange
important;}.has
luminous
vivid
amber
border
color{border
color
var(--wp
preset
color
luminous
vivid
amber
important;}.has
light
green
cyan
border
color{border
color
var(--wp
preset
color
light
green
cyan
important;}.has
vivid
green
cyan
border
color{border
color
var(--wp
preset
color
vivid
green
cyan
important;}.has
pale
cyan
blue
border
color{border
color
var(--wp
preset
color
pale
cyan
blue
important;}.has
vivid
cyan
blue
border
color{border
color
var(--wp
preset
color
vivid
cyan
blue
important;}.has
vivid
purple
border
color{border
color
var(--wp
preset
color
vivid
purple
important;}.has
vivid
cyan
blue
to
vivid
purple
gradient
background{background
var(--wp
preset
gradient
vivid
cyan
blue
to
vivid
purple
important;}.has
light
green
cyan
to
vivid
green
cyan
gradient
background{background
var(--wp
preset
gradient
light
green
cyan
to
vivid
green
cyan
important;}.has
luminous
vivid
amber
to
luminous
vivid
orange
gradient
background{background
var(--wp
preset
gradient
luminous
vivid
amber
to
luminous
vivid
orange
important;}.has
luminous
vivid
orange
to
vivid
red
gradient
background{background
var(--wp
preset
gradient
luminous
vivid
orange
to
vivid
red
important;}.has
very
light
gray
to
cyan
bluish
gray
gradient
background{background
var(--wp
preset
gradient
very
light
gray
to
cyan
bluish
gray
important;}.has
cool
to
warm
spectrum
gradient
background{background
var(--wp
preset
gradient
cool
to
warm
spectrum
important;}.has
blush
light
purple
gradient
background{background
var(--wp
preset
gradient
blush
light
purple
important;}.has
blush
bordeaux
gradient
background{background
var(--wp
preset
gradient
blush
bordeaux
important;}.has
luminous
dusk
gradient
background{background
var(--wp
preset
gradient
luminous
dusk
important;}.has
pale
ocean
gradient
background{background
var(--wp
preset
gradient
pale
ocean
important;}.has
electric
grass
gradient
background{background
var(--wp
preset
gradient
electric
grass
important;}.has
midnight
gradient
background{background
var(--wp
preset
gradient
midnight
important;}.has
small
font
size{font
size
var(--wp
preset
font
size
small
important;}.has
medium
font
size{font
size
var(--wp
preset
font
size
medium
important;}.has
large
font
size{font
size
var(--wp
preset
font
size
large
important;}.has
large
font
size{font
size
var(--wp
preset
font
size
large
important
where(.wp
block
post
template.is
layout
flex){gap
1.25em;}:where(.wp
block
post
template.is
layout
grid){gap
1.25em
where(.wp
block
columns.is
layout
flex){gap
2em;}:where(.wp
block
columns.is
layout
grid){gap
2em
root
where(.wp
block
pullquote){font
size
1.5em;line
height
var
moderntribe
window.modern_tribe
||
moderntribe.events
trigger
function
event_type
event_data
el
var
event
try
event
new
customevent(event_type
detail
event_data
catch
event
document.createevent('customevent
event.initcustomevent(event_type
true
true
event_data
el.dispatchevent(event
var
corecallback
function
if
document.readystate
complete
moderntribe.events.trigger('google_custom_search_loaded
null
document
else
google.setonloadcallback(function
moderntribe.events.trigger('google_custom_search_loaded
null
document
true
var
resultsrenderedcallback
function
if
document.readystate
complete
moderntribe.events.trigger('google_custom_search_results_rendered
null
document
else
google.setonloadcallback(function
moderntribe.events.trigger('google_custom_search_results_rendered
null
document
true
window.__gcse
callback
corecallback
searchcallbacks
web
rendered
resultsrenderedcallback
function
var
cx
n4rl30fjc
var
gcse
document.createelement('script
gcse.type
text
javascript
gcse.async
true
gcse.src
document.location.protocol
https
https
http
//cse.google.com
cse.js?cx=
cx
var
document.getElementsByTagName('script')[0
s.parentnode.insertbefore(gcse
img#wpstats{display
none}</style
var
datalayer_content
siteID":1,"siteName":"Harvard
university","visitorloginstate":"logged
out","pagetitle":"public
service
public
good
harvard
University","pagePostType":"in_focus","pagePostType2":"single
in_focus","pagePostAuthorID":8,"pagePostDate":"September
2023","pagePostDateYear":2023,"pagePostDateMonth":9,"pagePostDateDay":7,"pagePostDateDayName":"Thursday","pagePostDateHour":10,"pagePostDateMinute":17,"pagePostDateIso":"2023
07T10:17:57
04:00","pagePostDateUnix":1694081877,"pagePostTerms":{"meta":{"masthead_theme":"dark","chapter_links":"","vertical_text":"","screen_reader_h1":"","vertical_text_color":"shade"}},"browserName":"Python","browserVersion":"2.32.3","browserEngineName":"","browserEngineVersion":"","osName":"","osVersion":"","deviceType":"bot","deviceManufacturer":"","deviceModel":"","postCountOnPage":1,"postCountTotal":0,"postID":46505,"postFormat":"standard
datalayer.push
datalayer_content
function(w
i){w[l]=w[l]||[];w[l].push({'gtm.start
new
date().gettime(),event:'gtm.js'});var
d.getElementsByTagName(s)[0
d.createelement(s),dl
l!='datalayer'?'&l='+l:'';j.async
true;j.src=
//www.googletagmanager.com
gtm.js?id='+i+dl;f.parentnode.insertbefore(j
window
document,'script','dataLayer','GTM-5SGSF6
on
the
history
page
make
the
line
full
height
for
now
.page
harvard
history
.the
follower
height
important
on
the
history
page
make
the
line
not
run
through
the
red
dots
.page
harvard
history
.c
block
width
grid
not(.c
block
layout
center
.b
timeline__container
before
.page
harvard
history
.c
block
width
grid
not(.c
block
layout
center
.b
timeline__container
after
index
temporary
fix
to
give
max
width
to
the
hero
underline
.b
hero
.c
content
block__underline
margin
left
auto
margin
right
auto
max
width
624px
colorful
hr
.wp
block
separator.colorful
hr
margin
bottom:20px
.wp
block
separator.colorful
hr
after
border
bottom
width
20px
height
20px
.wp
block
separator.colorful
hr.color
ivy
after
border
bottom
color
52854c
.wp
block
separator.colorful
hr.color
blue
after
border
bottom
color
4e84c4
.wp
block
separator.colorful
hr.color
saffron
after
border
bottom
color
d16103
.wp
block
separator.colorful
hr.color
lemon
after
border
bottom
color
ffdb6d
section
header
tall
line
and
color
options
.b
header.c
block.tall
line
.b
header__border
after
border
bottom
width
20px
.b
header.c
block.color
saffron
.b
header__border
after
border
color
d16103
.b
header.c
block.color
blue
.b
header__border
after
border
color
4e84c4
.b
header.c
block.color
ivy
.b
header__border
after
border
color
52854c
.b
header.c
block.color
lemon
.b
header__border
after
border
color
ffdb6d
.b
header.c
block.color
indigo
.b
header__border
after
border
color
0A2240
.b
header.c
block.color
mortar
.b
header__border
after
border
color
99918F
.b
header.c
block.color
slate
.b
header__border
after
border
color
8996A0
.b
header.c
block.color
crimson
.b
header__border
after
border
color
A51C30
temporary
fix
for
firefox
removed
not(.is
style
xx
large.has
text
align
center
.t
sink
.wp
block
group__inner
container
not(.c
block):not(.alignwide):not(.html
alignwide):not(.align
wide):not(.alignfull):not(.wp
block
embed):not(.is
style
pull
quote
max
width
624px
width
calc(100
48px
margin
left
auto
margin
right
auto
page
specific
fix
looking
back
in
in
focus
remove
space
above
video
.postid-23525
.c
block.hide
border
.b
header__container
.b
header__border
display
none
.page
id-6392
.c
block.hide
border
.b
header__container
.b
header__border
display
none
try
out
smooth
scroll
behavior
html
scroll
behavior
smooth
4/20/2023
fix
for
event
list
display
issue
handling
both
events
with
link
and
without
.b
events
grid.list_layout
.g-3
up>.c
card
display
block
.b
events
grid.list_layout
.g-3
up>.c
card
.b
events
grid.list_layout
.g-3
up>.c
card__b
event
border
top
1px
solid
c4c5c6
padding
48px
margin
24px
.compact
event
list.b
events
grid.list_layout
.g-3
up>.c
card
.compact
event
list.b
events
grid.list_layout
.g-3
up>.c
card__b
event
padding
24px
@media
screen
and
min
width
768px
and
max
width
1200px
.b
events
grid.list_layout
.g-3
up>.c
card
.b
events
grid.list_layout
.g-3
up>.c
card__b
event
padding
24px
margin
12px
@media
screen
and
max
width
767px
.b
events
grid.list_layout
.g-3
up>.c
card
.b
events
grid.list_layout
.g-3
up>.c
card__b
event
padding
24px
margin
.b
events
grid.list_layout
.c
card
.c
card
border
padding
10/17/2023
fix
video
control
issue
.c
video__block
.c
video
position
relative
1/16/2024
compact
margin
for
side
by
side
blocks
.c
block.b
side
by
side
margin
top
important
margin
bottom
important
4/5/2024
gravity
form
poll
results
color
fix
.gform_confirmation_wrapper
not(.gform
theme
framework
.gpoll_container
.red
.gpoll_ratio_box
background
color
A51C30
.gform_confirmation_wrapper
not(.gform
theme
framework
.gpoll_container
.gpoll_bar_juice
after
background
image
none
.gform_confirmation_wrapper
not(.gform
theme
framework
.gpoll_container
.red
.gpoll_bar_juice
background
image
linear
gradient(#A51C30
A51C30
box
shadow
none
gform_confirmation_wrapper_28
margin
auto
padding
25px
skip
to
main
content
search
quick
links</strong
menu
academics
academics
learning
at
harvard
can
happen
for
every
type
of
learner
at
any
phase
of
life
academics
degree
programs
browse
all
of
our
undergraduate
concentrations
and
graduate
degrees
undergraduate
degrees
graduate
degrees
other
academics
visit
each
school
for
information
on
admissions
and
financial
aid
explore
more
harvard
college
harvard
business
school
harvard
division
of
continuing
education
harvard
divinity
school
harvard
faculty
of
arts
and
sciences
harvard
kenneth
c.
griffin
graduate
school
of
arts
and
sciences
harvard
graduate
school
of
design
harvard
graduate
school
of
education
harvard
john
a.
paulson
school
of
engineering
and
applied
sciences
harvard
kennedy
school
harvard
law
school
harvard
medical
school
harvard
radcliffe
institute
harvard
school
of
dental
medicine
harvard
t.h.
chan
school
of
public
health
campus
harvard
's
campus
get
tickets
to
our
next
game
hours
and
locations
for
our
libraries
and
museums
and
information
about
your
next
career
move
campus
explore
our
libraries
arnold
arboretum
horticultural
library
baker
library
and
special
collections
biblioteca
berenson
botany
libraries
cabot
science
library
countway
library
dumbarton
oaks
research
library
ernst
mayr
library
fine
arts
library
frances
loeb
library
fung
library
gutman
library
harvard
divinity
school
library
harvard
film
archive
harvard
law
school
library
harvard
map
collection
harvard
university
archives
harvard
yenching
library
hks
library
and
knowledge
services
houghton
library
lamont
library
loeb
music
library
robbins
library
of
philosophy
schlesinger
library
on
the
history
of
women
in
america
tozzer
library
widener
library
woodberry
poetry
room
campus
explore
our
museums
the
arnold
arboretum
carpenter
center
for
the
visual
arts
collection
of
historical
scientific
instruments
graduate
school
of
design
exhibitions
harvard
art
museums
harvard
forest
harvard
museum
of
natural
history
the
harvard
museum
of
the
ancient
near
east
harvard
museums
of
science
and
culture
harvard
university
herbaria
mineralogical
and
geological
museum
museum
of
comparative
zoology
the
peabody
museum
of
archaeology
and
ethnology
warren
anatomical
museum
in
focus
explore
and
understand
the
world
with
harvard
in
focus
is
curated
examination
of
harvard
's
research
scholarly
work
and
community
recent
topics
include
in
focus
welcome
to
harvard
where
world
class
faculty
innovative
research
and
dynamic
students
come
together
to
advance
education
and
foster
change
in
the
world
start
exploring
harvard
's
history
harvard
's
schools
in
focus
the
brain
since
founding
the
worlds
first
neurobiology
department
in
harvard
has
been
hub
for
researchers
who
aspire
to
understand
how
the
brain
works
and
clinician
scientists
who
are
driven
to
fix
it
when
it
does
nt
wrap
your
brain
around
this
research
probiotics
to
treat
multiple
sclerosis
did
fermented
foods
fuel
brain
growth
in
our
ancestors
in
focus
the
olympics
at
the
paris
games
members
of
the
harvard
community
will
add
to
the
universitys
olympics
history
which
dates
back
to
the
first
modern
games
in
explore
the
games
explore
all
the
olympic
coverage
from
harvard
athletics
learn
how
we
can
apply
olympic
values
to
everyday
life
explore
the
in
focus
archives
visit
visit
harvard
ideas
and
assistance
for
your
trip
to
our
campus
about
about
harvard
learn
how
harvard
is
structured
explore
our
long
history
and
discover
our
extended
community
about
history
of
harvard
harvard
is
perhaps
best
known
because
of
its
enduring
history
of
innovation
in
education
but
even
die
hard
harvard
buffs
are
not
likely
to
know
all
of
these
harvard
firsts
and
historical
snippets
learn
more
history
timeline
nobel
laureates
honorary
degrees
harvard
shields
about
learn
about
our
leadership
president
officers
and
deans
harvard
corporation
board
of
overseers
news
the
harvard
gazette
official
news
from
harvard
university
about
science
medicine
art
campus
life
university
issues
and
broader
national
and
global
concerns
news
read
more
news
good
genes
are
nice
but
joy
is
better
harvard
study
almost
years
old
has
proved
that
embracing
community
helps
us
live
longer
and
be
happier
faster
in
dish
model
may
speed
up
treatment
for
parkinsons
could
result
in
personalized
models
to
test
diagnostic
and
treatment
strategies
committee
named
to
lead
legacy
of
slavery
memorial
project
university
names
committee
to
lead
harvard
the
legacy
of
slavery
memorial
project
quick
links
close
public
service
public
good
the
brain</span></a></li><li><a
href="https://www.harvard.edu
in
focus
the
olympics/"><span
the
olympics</span></a></li><li><a
href="https://www.harvard.edu
in
focus
welcome
to
harvard/"><span
welcome
to
harvard</span></a></li></ul></div
public
service,<br
public
Good</h2
every
day
harvard
students
faculty
staff
and
alumni
all
across
the
globe
use
their
time
and
talents
to
serve
the
public
good.</p
read
more
about
the
day
difference
makers</h2
these
harvard
alumni
and
fellows
are
advocating
for
others
building
community
and
creating
opportunities
to
learn.</p
helping
at
home</span></h3
after
graduating
from
the
graduate
school
of
educations
learning
and
teaching
program
aramide
oluwaseun
akintimehin
dedicated
herself
to
improving
education
in
her
home
country
of
nigeria.</p></div
learn
more
about
Aramide&#8217;s
work
learn
more
about
Aramide&#8217;s
work
local
love
and
care</span></h3
harvard
medical
school
alum
jim
oconnell
founded
boston
health
care
for
the
homeless
dedicating
his
life
to
helping
the
citys
most
vulnerable
citizens.</p></div
explore
what
motivates
dr.
jim
explore
what
motivates
dr.
jim
dentist
goes
to
Washington</span></h3
jacqueline
burgette
was
the
very
first
dentist
to
be
selected
as
white
house
fellow
leadership
program
that
brings
together
individuals
to
work
alongside
public
servants.</p></div
read
more
about
Jacqueline&#8217;s
experience
read
more
about
Jacqueline&#8217;s
experience
serving
locally</h2
we
are
able
to
provide
care
to
patient
population
in
need.</span></div
betty
ben
dor
harvard
school
of
dental
medicine
student</p
betty
and
many
other
dental
school
students
volunteer
and
learn
at
action
student
run
pediatric
dental
clinic
at
harvard
which
provides
care
to
pediatric
patients
at
the
cambridge
health
alliance
in
cambridge
and
the
greater
boston
area.</p
learn
more
about
the
clinic
group
of
dental
students
in
clinic
singer
holds
out
his
arms
wide
while
dancers
smile
behind
him
sharing
the
arts</span
read
more
health</span
the
family
van
harvard
medical
school
affiliated
community
health
program
now
provides
mental
health
support
for
clients.</p
read
more
education</span
harvard
graduate
school
of
education
alum
created
play
based
curriculum
for
toddlers
in
boston.</p
read
more
nutrition</span
the
harvard
divinity
school
garden
provides
healthy
food
for
the
community.</p
read
more
finance
harvard
laws
consumer
protection
clinic
saves
thousands
of
dollars
for
boston
residents
every
year
read
more
community</span
staff
at
the
harvard
business
school
can
be
paired
with
local
students
in
pen
pal
program
read
more
more
ways
harvard
is
serving
locally:</p
working
nationally</h2
no
one
is
less
because
they
go
to
food
pantry
no
one
deserves
to
be
hungry.</span></div
leah
gose
graduate
school
of
arts
and
sciences
alum</p
leah
is
shedding
light
on
how
we
can
work
together
to
provide
nutritional
assistance
address
barriers
to
access
and
create
policies
that
eliminate
food
insecurity.</p
read
more
about
Leah&#8217;s
work
woman
stands
outside
resting
her
arm
on
brick
wall
bringing
art
to
everyone</span></h3
in
connecticut
harvard
graduate
school
of
education
alum
clare
murray
started
cartie
van
with
art
and
art
activities
that
travels
to
kids
who
don&#8217;t
typically
have
the
financial
means
or
access
to
art
museums.</p></div
check
out
the
mobile
art
van
check
out
the
mobile
art
van
designing
food
security
in
his
class
the
paradox
of
hungerrural
mississippi
design
critic
in
architecture
cory
henry
asked
students
to
examine
the
mississippi
food
insecurity
crisis
and
investigate
what
mitigating
role
architecture
and
design
could
play.</p></div
explore
the
project
explore
the
project
inspiring
future
scientists</span></h3
the
quantum
engineering
research
and
you
query
outreach
program
connects
high
school
students
in
houston
texas
with
current
graduate
and
postdoctoral
students
at
seas
and
mit.</p></div
explore
the
program
explore
the
program
working
to
end
homelessness</span></h3
through
his
work
with
the
los
angeles
homeless
services
authority
and
in
his
own
consulting
work
harvard
kennedy
school
alum
chuck
flacks
aims
to
end
homelessness
in
los
angeles
and
santa
barbara
county.</p></div
read
more
about
Chuck&#8217;s
work
read
more
about
Chuck&#8217;s
work
eliminating
period
poverty</span></h3
panelists
at
radcliffe
community
event
discussed
menstrual
equity
and
efforts
to
promote
it
at
harvard
and
across
the
nation.</p></div
learn
more
about
menstrual
equity
learn
more
about
menstrual
equity
more
ways
harvard
is
working
nationally:</p
thinking
globally</h2
why
are
we
just
dreaming
about
it
can
we
set
deadline
for
the
end
of
poverty?</span></div
jim
yong
kim
harvard
medical
and
harvard
griffin
gsas
alum</p
with
his
friend
paul
farmer
jim
yong
kim
co
founded
partners
in
health
which
now
delivers
care
to
millions
in
the
worlds
poorest
places
read
more
about
his
experiences
man
wearing
suit
stands
outside
guidebook
for
refugees</h3
students
partnered
with
the
african
community
center
of
lowell
to
create
welcome
guide
translated
into
french
and
swahili
for
incoming
refugees
and
immigrants.</div
learn
more
about
the
guidebook
fighting
food
insecurity
with
data</h3
harvard
kennedy
school
alum
jean
martin
bauer
and
the
u.n.
world
food
program
are
leveraging
advancements
in
satellite
imagery
data
collection
and
artificial
intelligence
to
identify
areas
of
the
world
in
need
of
food
assistance
learn
more
about
jean
martin
advancing
mother
child
health
globally</h3
seeking
to
improve
maternalchild
health
associate
professor
of
pediatrics
grace
chan
co
founded
haset
happiness
in
amharic
research
program
with
field
sites
encompassing
ethiopian
villages
her
work
has
influenced
policies
at
ethiopias
ministry
of
health
and
the
world
health
organization
learn
more
about
Grace&#039;s
work
dedicated
to
summer
of
service</h3
over
the
summer
chayes
international
public
service
fellows
worked
abroad
with
governmental
or
non
governmental
organizations
concerned
with
issues
of
an
international
scope
or
relevant
to
countries
in
transition
read
more
about
the
fellows
climate
action
youth
summit</h3
high
school
students
from
across
the
globe
learned
about
climate
change
from
variety
of
perspectivesand
got
ideas
on
how
to
tackle
the
climate
crisis
in
their
own
communities
and
beyondat
harvard
chan
school
youth
summit.</div
learn
more
about
the
summit
community
hunger
solution
with
global
ambitions</h3
in
hbs
alum
neel
ghose
started
the
robin
hood
army
which
aims
to
take
on
world
hunger
community
by
community
learn
more
about
neel
and
his
work
advocacy
in
latin
America</h3
for
her
independent
design
engineering
project
at
harvard
daniela
tern
endara
founded
minka
developmental
program
for
low
income
women
workers
in
ecuador
and
peru
learn
more
about
daniela
courses
for
refugees</h3
learners
currently
residing
in
refugee
camps
and
urban
areas
in
jordan
are
taking
Harvard&#039;s
CS50
introduction
to
programming
course.</div
learn
more
about
the
course
more
ways
harvard
is
thinking
globally:</p
you
may
also
like</p
related
in
focus
topics</h2
gratitude
love
welcome
to
harvard
copyright
the
president
and
fellows
of
harvard
college</p
harvard
university
instagram</span
instagram
tiktok</span
tiktok
linkedin</span
linkedin
facebook</span
facebook
youtube</span
youtube
window
promise
||
document.write('<script
src="https://www.harvard.edu
wp
content
themes
core
assets
js
vendor
es6
promise.auto.js"><\/script
var
modern_tribe_i18n
help_text":{"msg_limit":"there
is
limit
to
the
messages
you
can
post
","secondary_nav_toggle":"explore
this
section"},"tooltips":{"add_to_save":"add
photo
to
saved
items","in_this_photo":"products
in
this
photo
var
modern_tribe_config
images_url":"https:\/\/www.harvard.edu\/wp
content\/themes\/core\/assets\/img\/theme","template_url":"https:\/\/www.harvard.edu\/wp
content\/themes\/core\/","script_debug":"","hmr_dev":"","block_theme_service_worker":"","ppp":"12","home_url":"https:\/\/www.harvard.edu
wp.i18n.setLocaleData
text
direction\u0004ltr
ltr
window.wpparselysiteid
harvard.edu
stq
window._stq
||
stq.push
view
JSON.parse("{\"v\":\"ext\",\"blog\":\"233797431\",\"post\":\"46505\",\"tz\":\"-4\",\"srv\":\"www.harvard.edu\",\"hp\":\"vip\",\"j\":\"1:13.7\
stq.push
clicktrackerinit
