illinois
university
of
illinois
urbana
champaign</title
window.datalayer
window.datalayer
||
function
gtag(){datalayer.push(arguments
gtag('js
new
date
gtag('config
TWFEJJKL35
function(d
var
config
kitid
bhg8dpt
scripttimeout
d.documentelement
settimeout(function(){h.classname
h.classname.replace(/\bwf
loading\b
g,"")+
wf
inactive";},config.scripttimeout),tk
d.createelement("script"),f
false
d.getElementsByTagName("script")[0],a;h.className+=
wf
loading";tk.src='//use.typekit.net/'+config.kitid+'.js';tk.async
true;tk.onload
tk.onreadystatechange
function(){a
this.readystate;if(f||a&&a!="complete"&&a!="loaded")return;f
true;cleartimeout(t);try{typekit.load(config)}catch(e){}};s.parentnode.insertbefore(tk
document
university
of
illinois
urbana
champaign
wordmark
university
of
illinois
urbana
champaign
wordmark
campus
directory</a></li
map</a></li
library</a></li
now</span></a></li
resources
for</h2
students</a></li
faculty
amp
staff</a></li
alumni</a></li
parents</a></li
About</span></h3
Admissions</span></h3
academic
programs</span
classes
amp
registration</span
Academics</span></h3
Research</span></h3
Diversity</span></h3
Outreach</span></h3
global
impact</a></li
International</span></h3
Athletics</span></h3
close
navigation</p
callers
Should:</h3
stay
on
the
line
with
the
dispatcher.</li
provide
the
address
of
the
building
involved
and
your
exact
location
this
is
especially
critical
if
you
are
calling
from
cell
phone.</li
provide
thorough
description
of
the
incident
to
ensure
that
proper
resources
are
dispatched.</li
do
not
hang
up
until
the
dispatcher
tells
you
to
do
so.</li
emergency
response
Guide</h2
for
students
faculty
and
staff
from
the
office
of
campus
emergency
planning.</p
emergency
response
information
is
provided
for
flooding
civil
disturbances
gas
leaks
fumes
and
vapors
an
active
shooter
threat
suspicious
packages
or
devices
large
scale
power
outages
people
trapped
in
an
elevator
tornado
warnings
weather
emergencies
suicidal
threat
or
other
psychological
emergencies
hazardous
material
spills
medical
emergencies
bomb
threats
earthquakes
and
fires.</p
more
emergency
phone
Numbers</h2
map
of
emergency
phone
locations
on
Campus</h2
download
the
campus
emergency
phone
map
pdf)</a>.</p
illini
Alert</h2
receive
mail
and
text
messages
related
to
campus
emergencies.</p
university
of
illinois
urbana
champaign
wordmark
