illinois
university
of
illinois
urbana
champaign</title
window.datalayer
window.datalayer
||
function
gtag(){datalayer.push(arguments
gtag('js
new
date
gtag('config
TWFEJJKL35
function(d
var
config
kitid
bhg8dpt
scripttimeout
d.documentelement
settimeout(function(){h.classname
h.classname.replace(/\bwf
loading\b
g,"")+
wf
inactive";},config.scripttimeout),tk
d.createelement("script"),f
false
d.getElementsByTagName("script")[0],a;h.className+=
wf
loading";tk.src='//use.typekit.net/'+config.kitid+'.js';tk.async
true;tk.onload
tk.onreadystatechange
function(){a
this.readystate;if(f||a&&a!="complete"&&a!="loaded")return;f
true;cleartimeout(t);try{typekit.load(config)}catch(e){}};s.parentnode.insertbefore(tk
document
university
of
illinois
urbana
champaign
wordmark
university
of
illinois
urbana
champaign
wordmark
campus
directory</a></li
map</a></li
library</a></li
now</span></a></li
resources
for</h2
students</a></li
faculty
amp
staff</a></li
alumni</a></li
parents</a></li
About</span></h3
Admissions</span></h3
academic
programs</span
classes
amp
registration</span
Academics</span></h3
Research</span></h3
Diversity</span></h3
Outreach</span></h3
global
impact</a></li
International</span></h3
Athletics</span></h3
close
navigation</p
if
you
are
looking
for
specific
person
or
department.</p
campus
automated
Attendant</h2
tty
and
video
Phone</h3
tty
video
phone
or
technical
services
help
Desk</h2
Phone</h3
8:30
AM8
pm
mondayfriday
Noon5
pm
weekends</p
Email</h3
send
an
email
to
the
help
desk
Admissions</h2
undergraduate
Students</h3
admissions
and
records
west
illinois
street
urbana
il
graduate
Students</h3
south
wright
street
champaign
il
campus
Visits</h3
university
Police</h2
w.
springfield
urbana
il
contacts
for
students
and
Parents</h2
campus
life
and
student
Welfare</h3
turner
student
services
building
east
john
street
champaign
il
financial
Assistance</h3
student
services
arcade
east
john
street
champaign
il
student
Accounts</h3
henry
administration
building
s.
wright
st.<br
urbana
il
for
telephone
numbers
Housing</h3
clark
hall
south
fourth
street
champaign
il
students
with
permanent
Disabilities</h3
south
oak
street
champaign
il
human
resources
Contacts</h2
employment
Assistance</h3
east
gregory
drive
champaign
il
champaign
illinois
ask
surs)</p
motor
vehicle
amp
bicycle
registration</h2
west
springfield
urbana
il
news
media
Inquiries</h2
east
green
street
champaign
il
freedom
of
information
act
Requests</h2
adrienne
nazon
henry
administration
building
s.
wright
street
MC-370
urbana
il
61801</p
submit
request
by
fax
to
5733</p
submit
request
by
email
to
other
Campuses</h2
south
peoria
street
chicago
il
springfield
il
for
queries
not
related
to
the
campus
website
e.g.
admissions
requests
course
information
employment
information
computer
support
or
corrections
to
sites
for
other
campus
units
you
will
get
speedier
response
if
you
refer
to
the
contact
information
listed
above
thank
you.</p
university
of
illinois
urbana
champaign
wordmark
