datalayer
university
policies
and
statements
johns
hopkins
university</title
.safe
svg
cover{text
align
center}.safe
svg
cover
.safe
svg
inside{display
inline
block;max
width:100%}.safe
svg
cover
svg{height:100%;max
height:100%;max
width:100%;width:100
body{--wp
preset
color
black
000000;--wp
preset
color
cyan
bluish
gray
abb8c3;--wp
preset
color
white
ffffff;--wp
preset
color
pale
pink
f78da7;--wp
preset
color
vivid
red
cf2e2e;--wp
preset
color
luminous
vivid
orange
ff6900;--wp
preset
color
luminous
vivid
amber
fcb900;--wp
preset
color
light
green
cyan
7bdcb5;--wp
preset
color
vivid
green
cyan
00d084;--wp
preset
color
pale
cyan
blue
8ed1fc;--wp
preset
color
vivid
cyan
blue
0693e3;--wp
preset
color
vivid
purple
9b51e0;--wp
preset
color
heritage
blue
002D72;--wp
preset
color
spirit
blue
68ACE5;--wp
preset
color
double
black
000000;--wp
preset
color
sable
31261D;--wp
preset
color
pms-1375
FF9E1B;--wp
preset
color
pms-3278
009B77;--wp
preset
color
pms-285
0072CE;--wp
preset
color
pms-7406
F1C400;--wp
preset
color
pms-7407
CBA052;--wp
preset
color
pms-1505
FF6900;--wp
preset
color
pms-7586
9E5330;--wp
preset
color
pms-4625
4F2C1D;--wp
preset
color
pms-486
E8927C;--wp
preset
color
pms-173
CF4520;--wp
preset
color
pms-187
A6192E;--wp
preset
color
pms-188
76232F;--wp
preset
color
pms-262
51284F;--wp
preset
color
pms-7655
A15A95;--wp
preset
color
pms-666
A192B2;--wp
preset
color
pms-279
418FDE;--wp
preset
color
pms-564
86C8BC;--wp
preset
color
pms-7734
286140;--wp
preset
color
pms-7490
719949;--wp
preset
color
heritage
blue-5
e6eefa;--wp
preset
color
heritage
blue-10
cdddf5;--wp
preset
color
heritage
blue-20
adc5ea;--wp
preset
color
heritage
blue-30
7e9fd1;--wp
preset
color
heritage
blue-40
648bc6;--wp
preset
color
heritage
blue-50
4c77bb;--wp
preset
color
heritage
blue-60
2c5ba2;--wp
preset
color
heritage
blue-70
13428a;--wp
preset
color
heritage
blue-80
002d72;--wp
preset
color
heritage
blue-90
081b39;--wp
preset
color
gray-5
f2f0ef;--wp
preset
color
gray-10
e5e2df;--wp
preset
color
gray-20
cbc6c2;--wp
preset
color
gray-30
b2aba6;--wp
preset
color
gray-40
98908a;--wp
preset
color
gray-50
7e756e;--wp
preset
color
gray-60
645b53;--wp
preset
color
gray-70
4b4038;--wp
preset
color
gray-80
31261d;--wp
preset
color
gray-90
190f08;--wp
preset
gradient
vivid
cyan
blue
to
vivid
purple
linear
gradient(135deg
rgba(6,147,227,1
0%,rgb(155,81,224
100%);--wp
preset
gradient
light
green
cyan
to
vivid
green
cyan
linear
gradient(135deg
rgb(122,220,180
0%,rgb(0,208,130
100%);--wp
preset
gradient
luminous
vivid
amber
to
luminous
vivid
orange
linear
gradient(135deg
rgba(252,185,0,1
0%,rgba(255,105,0,1
100%);--wp
preset
gradient
luminous
vivid
orange
to
vivid
red
linear
gradient(135deg
rgba(255,105,0,1
0%,rgb(207,46,46
100%);--wp
preset
gradient
very
light
gray
to
cyan
bluish
gray
linear
gradient(135deg
rgb(238,238,238
0%,rgb(169,184,195
100%);--wp
preset
gradient
cool
to
warm
spectrum
linear
gradient(135deg
rgb(74,234,220
0%,rgb(151,120,209
20%,rgb(207,42,186
40%,rgb(238,44,130
60%,rgb(251,105,98
80%,rgb(254,248,76
100%);--wp
preset
gradient
blush
light
purple
linear
gradient(135deg
rgb(255,206,236
0%,rgb(152,150,240
100%);--wp
preset
gradient
blush
bordeaux
linear
gradient(135deg
rgb(254,205,165
0%,rgb(254,45,45
50%,rgb(107,0,62
100%);--wp
preset
gradient
luminous
dusk
linear
gradient(135deg
rgb(255,203,112
0%,rgb(199,81,192
50%,rgb(65,88,208
100%);--wp
preset
gradient
pale
ocean
linear
gradient(135deg
rgb(255,245,203
0%,rgb(182,227,212
50%,rgb(51,167,181
100%);--wp
preset
gradient
electric
grass
linear
gradient(135deg
rgb(202,248,128
0%,rgb(113,206,126
100%);--wp
preset
gradient
midnight
linear
gradient(135deg
rgb(2,3,129
0%,rgb(40,116,252
100%);--wp
preset
gradient
heritage
blue
to
spirit
blue
linear
gradient(to
right
002D72
68ACE5);--wp
preset
font
size
small
13px;--wp
preset
font
size
medium
20px;--wp
preset
font
size
large
36px;--wp
preset
font
size
large
42px;--wp
preset
spacing--20
0.44rem;--wp
preset
spacing--30
0.67rem;--wp
preset
spacing--40
1rem;--wp
preset
spacing--50
1.5rem;--wp
preset
spacing--60
2.25rem;--wp
preset
spacing--70
3.38rem;--wp
preset
spacing--80
5.06rem;--wp
preset
shadow
natural
6px
6px
9px
rgba(0
0.2);--wp
preset
shadow
deep
12px
12px
50px
rgba(0
0.4);--wp
preset
shadow
sharp
6px
6px
0px
rgba(0
0.2);--wp
preset
shadow
outlined
6px
6px
0px
-3px
rgba(255
6px
6px
rgba(0
1);--wp
preset
shadow
crisp
6px
6px
0px
rgba(0
1);}.wp
block
button
.wp
block
button__link{--wp
preset
font
size
xxx
small
var(--font
size
xxx
small);--wp
preset
font
size
xx
small
var(--font
size
xx
small);--wp
preset
font
size
small
var(--font
size
small);--wp
preset
font
size
small
var(--font
size
small);--wp
preset
font
size
medium
var(--font
size
medium);--wp
preset
font
size
large
var(--font
size
large);--wp
preset
font
size
large
var(--font
size
large);--wp
preset
font
size
xx
large
var(--font
size
xx
large);--wp
preset
font
size
xxx
large
var(--font
size
xxx
large);}p{--wp
preset
font
size
xxx
small
var(--font
size
xxx
small);--wp
preset
font
size
xx
small
var(--font
size
xx
small);--wp
preset
font
size
small
var(--font
size
small);--wp
preset
font
size
small
var(--font
size
small);--wp
preset
font
size
medium
var(--font
size
medium);--wp
preset
font
size
large
var(--font
size
large);--wp
preset
font
size
large
var(--font
size
large);--wp
preset
font
size
xx
large
var(--font
size
xx
large);--wp
preset
font
size
xxx
large
var(--font
size
xxx
large);}body
margin
0;--wp
style
global
content
size
1440px;--wp
style
global
wide
size
1440px
.wp
site
blocks
.alignleft
float
left
margin
right
2em
.wp
site
blocks
.alignright
float
right
margin
left
2em
.wp
site
blocks
.aligncenter
justify
content
center
margin
left
auto
margin
right
auto
where(.wp
site
blocks
margin
block
start
24px
margin
block
end
where(.wp
site
blocks
first
child
first
child
margin
block
start
where(.wp
site
blocks
last
child
last
child
margin
block
end
body
--wp
style
block
gap
24px
where(body
.is
layout
flow
first
child
first
child{margin
block
start
0;}:where(body
.is
layout
flow
last
child
last
child{margin
block
end
0;}:where(body
.is
layout
flow
margin
block
start
24px;margin
block
end
0;}:where(body
.is
layout
constrained
first
child
first
child{margin
block
start
0;}:where(body
.is
layout
constrained
last
child
last
child{margin
block
end
0;}:where(body
.is
layout
constrained
margin
block
start
24px;margin
block
end
0;}:where(body
.is
layout
flex
gap
24px;}:where(body
.is
layout
grid
gap
24px;}body
.is
layout
flow
.alignleft{float
left;margin
inline
start
0;margin
inline
end
2em;}body
.is
layout
flow
.alignright{float
right;margin
inline
start
2em;margin
inline
end
0;}body
.is
layout
flow
.aligncenter{margin
left
auto
important;margin
right
auto
important;}body
.is
layout
constrained
.alignleft{float
left;margin
inline
start
0;margin
inline
end
2em;}body
.is
layout
constrained
.alignright{float
right;margin
inline
start
2em;margin
inline
end
0;}body
.is
layout
constrained
.aligncenter{margin
left
auto
important;margin
right
auto
important;}body
.is
layout
constrained
where(:not(.alignleft):not(.alignright):not(.alignfull)){max
width
var(--wp
style
global
content
size);margin
left
auto
important;margin
right
auto
important;}body
.is
layout
constrained
.alignwide{max
width
var(--wp
style
global
wide
size);}body
.is
layout
flex{display
flex;}body
.is
layout
flex{flex
wrap
wrap;align
items
center;}body
.is
layout
flex
margin
0;}body
.is
layout
grid{display
grid;}body
.is
layout
grid
margin
0;}body{padding
top
0px;padding
right
0px;padding
bottom
0px;padding
left
0px;}a
where(:not(.wp
element
button)){text
decoration
underline;}.wp
element
button
.wp
block
button__link{background
color
32373c;border
width
0;color
fff;font
family
inherit;font
size
inherit;line
height
inherit;padding
calc(0.667em
2px
calc(1.333em
2px);text
decoration
none;}.has
black
color{color
var(--wp
preset
color
black
important;}.has
cyan
bluish
gray
color{color
var(--wp
preset
color
cyan
bluish
gray
important;}.has
white
color{color
var(--wp
preset
color
white
important;}.has
pale
pink
color{color
var(--wp
preset
color
pale
pink
important;}.has
vivid
red
color{color
var(--wp
preset
color
vivid
red
important;}.has
luminous
vivid
orange
color{color
var(--wp
preset
color
luminous
vivid
orange
important;}.has
luminous
vivid
amber
color{color
var(--wp
preset
color
luminous
vivid
amber
important;}.has
light
green
cyan
color{color
var(--wp
preset
color
light
green
cyan
important;}.has
vivid
green
cyan
color{color
var(--wp
preset
color
vivid
green
cyan
important;}.has
pale
cyan
blue
color{color
var(--wp
preset
color
pale
cyan
blue
important;}.has
vivid
cyan
blue
color{color
var(--wp
preset
color
vivid
cyan
blue
important;}.has
vivid
purple
color{color
var(--wp
preset
color
vivid
purple
important;}.has
heritage
blue
color{color
var(--wp
preset
color
heritage
blue
important;}.has
spirit
blue
color{color
var(--wp
preset
color
spirit
blue
important;}.has
double
black
color{color
var(--wp
preset
color
double
black
important;}.has
sable
color{color
var(--wp
preset
color
sable
important;}.has
pms-1375
color{color
var(--wp
preset
color
pms-1375
important;}.has
pms-3278
color{color
var(--wp
preset
color
pms-3278
important;}.has
pms-285
color{color
var(--wp
preset
color
pms-285
important;}.has
pms-7406
color{color
var(--wp
preset
color
pms-7406
important;}.has
pms-7407
color{color
var(--wp
preset
color
pms-7407
important;}.has
pms-1505
color{color
var(--wp
preset
color
pms-1505
important;}.has
pms-7586
color{color
var(--wp
preset
color
pms-7586
important;}.has
pms-4625
color{color
var(--wp
preset
color
pms-4625
important;}.has
pms-486
color{color
var(--wp
preset
color
pms-486
important;}.has
pms-173
color{color
var(--wp
preset
color
pms-173
important;}.has
pms-187
color{color
var(--wp
preset
color
pms-187
important;}.has
pms-188
color{color
var(--wp
preset
color
pms-188
important;}.has
pms-262
color{color
var(--wp
preset
color
pms-262
important;}.has
pms-7655
color{color
var(--wp
preset
color
pms-7655
important;}.has
pms-666
color{color
var(--wp
preset
color
pms-666
important;}.has
pms-279
color{color
var(--wp
preset
color
pms-279
important;}.has
pms-564
color{color
var(--wp
preset
color
pms-564
important;}.has
pms-7734
color{color
var(--wp
preset
color
pms-7734
important;}.has
pms-7490
color{color
var(--wp
preset
color
pms-7490
important;}.has
heritage
blue-5
color{color
var(--wp
preset
color
heritage
blue-5
important;}.has
heritage
blue-10
color{color
var(--wp
preset
color
heritage
blue-10
important;}.has
heritage
blue-20
color{color
var(--wp
preset
color
heritage
blue-20
important;}.has
heritage
blue-30
color{color
var(--wp
preset
color
heritage
blue-30
important;}.has
heritage
blue-40
color{color
var(--wp
preset
color
heritage
blue-40
important;}.has
heritage
blue-50
color{color
var(--wp
preset
color
heritage
blue-50
important;}.has
heritage
blue-60
color{color
var(--wp
preset
color
heritage
blue-60
important;}.has
heritage
blue-70
color{color
var(--wp
preset
color
heritage
blue-70
important;}.has
heritage
blue-80
color{color
var(--wp
preset
color
heritage
blue-80
important;}.has
heritage
blue-90
color{color
var(--wp
preset
color
heritage
blue-90
important;}.has
gray-5
color{color
var(--wp
preset
color
gray-5
important;}.has
gray-10
color{color
var(--wp
preset
color
gray-10
important;}.has
gray-20
color{color
var(--wp
preset
color
gray-20
important;}.has
gray-30
color{color
var(--wp
preset
color
gray-30
important;}.has
gray-40
color{color
var(--wp
preset
color
gray-40
important;}.has
gray-50
color{color
var(--wp
preset
color
gray-50
important;}.has
gray-60
color{color
var(--wp
preset
color
gray-60
important;}.has
gray-70
color{color
var(--wp
preset
color
gray-70
important;}.has
gray-80
color{color
var(--wp
preset
color
gray-80
important;}.has
gray-90
color{color
var(--wp
preset
color
gray-90
important;}.has
black
background
color{background
color
var(--wp
preset
color
black
important;}.has
cyan
bluish
gray
background
color{background
color
var(--wp
preset
color
cyan
bluish
gray
important;}.has
white
background
color{background
color
var(--wp
preset
color
white
important;}.has
pale
pink
background
color{background
color
var(--wp
preset
color
pale
pink
important;}.has
vivid
red
background
color{background
color
var(--wp
preset
color
vivid
red
important;}.has
luminous
vivid
orange
background
color{background
color
var(--wp
preset
color
luminous
vivid
orange
important;}.has
luminous
vivid
amber
background
color{background
color
var(--wp
preset
color
luminous
vivid
amber
important;}.has
light
green
cyan
background
color{background
color
var(--wp
preset
color
light
green
cyan
important;}.has
vivid
green
cyan
background
color{background
color
var(--wp
preset
color
vivid
green
cyan
important;}.has
pale
cyan
blue
background
color{background
color
var(--wp
preset
color
pale
cyan
blue
important;}.has
vivid
cyan
blue
background
color{background
color
var(--wp
preset
color
vivid
cyan
blue
important;}.has
vivid
purple
background
color{background
color
var(--wp
preset
color
vivid
purple
important;}.has
heritage
blue
background
color{background
color
var(--wp
preset
color
heritage
blue
important;}.has
spirit
blue
background
color{background
color
var(--wp
preset
color
spirit
blue
important;}.has
double
black
background
color{background
color
var(--wp
preset
color
double
black
important;}.has
sable
background
color{background
color
var(--wp
preset
color
sable
important;}.has
pms-1375
background
color{background
color
var(--wp
preset
color
pms-1375
important;}.has
pms-3278
background
color{background
color
var(--wp
preset
color
pms-3278
important;}.has
pms-285
background
color{background
color
var(--wp
preset
color
pms-285
important;}.has
pms-7406
background
color{background
color
var(--wp
preset
color
pms-7406
important;}.has
pms-7407
background
color{background
color
var(--wp
preset
color
pms-7407
important;}.has
pms-1505
background
color{background
color
var(--wp
preset
color
pms-1505
important;}.has
pms-7586
background
color{background
color
var(--wp
preset
color
pms-7586
important;}.has
pms-4625
background
color{background
color
var(--wp
preset
color
pms-4625
important;}.has
pms-486
background
color{background
color
var(--wp
preset
color
pms-486
important;}.has
pms-173
background
color{background
color
var(--wp
preset
color
pms-173
important;}.has
pms-187
background
color{background
color
var(--wp
preset
color
pms-187
important;}.has
pms-188
background
color{background
color
var(--wp
preset
color
pms-188
important;}.has
pms-262
background
color{background
color
var(--wp
preset
color
pms-262
important;}.has
pms-7655
background
color{background
color
var(--wp
preset
color
pms-7655
important;}.has
pms-666
background
color{background
color
var(--wp
preset
color
pms-666
important;}.has
pms-279
background
color{background
color
var(--wp
preset
color
pms-279
important;}.has
pms-564
background
color{background
color
var(--wp
preset
color
pms-564
important;}.has
pms-7734
background
color{background
color
var(--wp
preset
color
pms-7734
important;}.has
pms-7490
background
color{background
color
var(--wp
preset
color
pms-7490
important;}.has
heritage
blue-5
background
color{background
color
var(--wp
preset
color
heritage
blue-5
important;}.has
heritage
blue-10
background
color{background
color
var(--wp
preset
color
heritage
blue-10
important;}.has
heritage
blue-20
background
color{background
color
var(--wp
preset
color
heritage
blue-20
important;}.has
heritage
blue-30
background
color{background
color
var(--wp
preset
color
heritage
blue-30
important;}.has
heritage
blue-40
background
color{background
color
var(--wp
preset
color
heritage
blue-40
important;}.has
heritage
blue-50
background
color{background
color
var(--wp
preset
color
heritage
blue-50
important;}.has
heritage
blue-60
background
color{background
color
var(--wp
preset
color
heritage
blue-60
important;}.has
heritage
blue-70
background
color{background
color
var(--wp
preset
color
heritage
blue-70
important;}.has
heritage
blue-80
background
color{background
color
var(--wp
preset
color
heritage
blue-80
important;}.has
heritage
blue-90
background
color{background
color
var(--wp
preset
color
heritage
blue-90
important;}.has
gray-5
background
color{background
color
var(--wp
preset
color
gray-5
important;}.has
gray-10
background
color{background
color
var(--wp
preset
color
gray-10
important;}.has
gray-20
background
color{background
color
var(--wp
preset
color
gray-20
important;}.has
gray-30
background
color{background
color
var(--wp
preset
color
gray-30
important;}.has
gray-40
background
color{background
color
var(--wp
preset
color
gray-40
important;}.has
gray-50
background
color{background
color
var(--wp
preset
color
gray-50
important;}.has
gray-60
background
color{background
color
var(--wp
preset
color
gray-60
important;}.has
gray-70
background
color{background
color
var(--wp
preset
color
gray-70
important;}.has
gray-80
background
color{background
color
var(--wp
preset
color
gray-80
important;}.has
gray-90
background
color{background
color
var(--wp
preset
color
gray-90
important;}.has
black
border
color{border
color
var(--wp
preset
color
black
important;}.has
cyan
bluish
gray
border
color{border
color
var(--wp
preset
color
cyan
bluish
gray
important;}.has
white
border
color{border
color
var(--wp
preset
color
white
important;}.has
pale
pink
border
color{border
color
var(--wp
preset
color
pale
pink
important;}.has
vivid
red
border
color{border
color
var(--wp
preset
color
vivid
red
important;}.has
luminous
vivid
orange
border
color{border
color
var(--wp
preset
color
luminous
vivid
orange
important;}.has
luminous
vivid
amber
border
color{border
color
var(--wp
preset
color
luminous
vivid
amber
important;}.has
light
green
cyan
border
color{border
color
var(--wp
preset
color
light
green
cyan
important;}.has
vivid
green
cyan
border
color{border
color
var(--wp
preset
color
vivid
green
cyan
important;}.has
pale
cyan
blue
border
color{border
color
var(--wp
preset
color
pale
cyan
blue
important;}.has
vivid
cyan
blue
border
color{border
color
var(--wp
preset
color
vivid
cyan
blue
important;}.has
vivid
purple
border
color{border
color
var(--wp
preset
color
vivid
purple
important;}.has
heritage
blue
border
color{border
color
var(--wp
preset
color
heritage
blue
important;}.has
spirit
blue
border
color{border
color
var(--wp
preset
color
spirit
blue
important;}.has
double
black
border
color{border
color
var(--wp
preset
color
double
black
important;}.has
sable
border
color{border
color
var(--wp
preset
color
sable
important;}.has
pms-1375
border
color{border
color
var(--wp
preset
color
pms-1375
important;}.has
pms-3278
border
color{border
color
var(--wp
preset
color
pms-3278
important;}.has
pms-285
border
color{border
color
var(--wp
preset
color
pms-285
important;}.has
pms-7406
border
color{border
color
var(--wp
preset
color
pms-7406
important;}.has
pms-7407
border
color{border
color
var(--wp
preset
color
pms-7407
important;}.has
pms-1505
border
color{border
color
var(--wp
preset
color
pms-1505
important;}.has
pms-7586
border
color{border
color
var(--wp
preset
color
pms-7586
important;}.has
pms-4625
border
color{border
color
var(--wp
preset
color
pms-4625
important;}.has
pms-486
border
color{border
color
var(--wp
preset
color
pms-486
important;}.has
pms-173
border
color{border
color
var(--wp
preset
color
pms-173
important;}.has
pms-187
border
color{border
color
var(--wp
preset
color
pms-187
important;}.has
pms-188
border
color{border
color
var(--wp
preset
color
pms-188
important;}.has
pms-262
border
color{border
color
var(--wp
preset
color
pms-262
important;}.has
pms-7655
border
color{border
color
var(--wp
preset
color
pms-7655
important;}.has
pms-666
border
color{border
color
var(--wp
preset
color
pms-666
important;}.has
pms-279
border
color{border
color
var(--wp
preset
color
pms-279
important;}.has
pms-564
border
color{border
color
var(--wp
preset
color
pms-564
important;}.has
pms-7734
border
color{border
color
var(--wp
preset
color
pms-7734
important;}.has
pms-7490
border
color{border
color
var(--wp
preset
color
pms-7490
important;}.has
heritage
blue-5
border
color{border
color
var(--wp
preset
color
heritage
blue-5
important;}.has
heritage
blue-10
border
color{border
color
var(--wp
preset
color
heritage
blue-10
important;}.has
heritage
blue-20
border
color{border
color
var(--wp
preset
color
heritage
blue-20
important;}.has
heritage
blue-30
border
color{border
color
var(--wp
preset
color
heritage
blue-30
important;}.has
heritage
blue-40
border
color{border
color
var(--wp
preset
color
heritage
blue-40
important;}.has
heritage
blue-50
border
color{border
color
var(--wp
preset
color
heritage
blue-50
important;}.has
heritage
blue-60
border
color{border
color
var(--wp
preset
color
heritage
blue-60
important;}.has
heritage
blue-70
border
color{border
color
var(--wp
preset
color
heritage
blue-70
important;}.has
heritage
blue-80
border
color{border
color
var(--wp
preset
color
heritage
blue-80
important;}.has
heritage
blue-90
border
color{border
color
var(--wp
preset
color
heritage
blue-90
important;}.has
gray-5
border
color{border
color
var(--wp
preset
color
gray-5
important;}.has
gray-10
border
color{border
color
var(--wp
preset
color
gray-10
important;}.has
gray-20
border
color{border
color
var(--wp
preset
color
gray-20
important;}.has
gray-30
border
color{border
color
var(--wp
preset
color
gray-30
important;}.has
gray-40
border
color{border
color
var(--wp
preset
color
gray-40
important;}.has
gray-50
border
color{border
color
var(--wp
preset
color
gray-50
important;}.has
gray-60
border
color{border
color
var(--wp
preset
color
gray-60
important;}.has
gray-70
border
color{border
color
var(--wp
preset
color
gray-70
important;}.has
gray-80
border
color{border
color
var(--wp
preset
color
gray-80
important;}.has
gray-90
border
color{border
color
var(--wp
preset
color
gray-90
important;}.has
vivid
cyan
blue
to
vivid
purple
gradient
background{background
var(--wp
preset
gradient
vivid
cyan
blue
to
vivid
purple
important;}.has
light
green
cyan
to
vivid
green
cyan
gradient
background{background
var(--wp
preset
gradient
light
green
cyan
to
vivid
green
cyan
important;}.has
luminous
vivid
amber
to
luminous
vivid
orange
gradient
background{background
var(--wp
preset
gradient
luminous
vivid
amber
to
luminous
vivid
orange
important;}.has
luminous
vivid
orange
to
vivid
red
gradient
background{background
var(--wp
preset
gradient
luminous
vivid
orange
to
vivid
red
important;}.has
very
light
gray
to
cyan
bluish
gray
gradient
background{background
var(--wp
preset
gradient
very
light
gray
to
cyan
bluish
gray
important;}.has
cool
to
warm
spectrum
gradient
background{background
var(--wp
preset
gradient
cool
to
warm
spectrum
important;}.has
blush
light
purple
gradient
background{background
var(--wp
preset
gradient
blush
light
purple
important;}.has
blush
bordeaux
gradient
background{background
var(--wp
preset
gradient
blush
bordeaux
important;}.has
luminous
dusk
gradient
background{background
var(--wp
preset
gradient
luminous
dusk
important;}.has
pale
ocean
gradient
background{background
var(--wp
preset
gradient
pale
ocean
important;}.has
electric
grass
gradient
background{background
var(--wp
preset
gradient
electric
grass
important;}.has
midnight
gradient
background{background
var(--wp
preset
gradient
midnight
important;}.has
heritage
blue
to
spirit
blue
gradient
background{background
var(--wp
preset
gradient
heritage
blue
to
spirit
blue
important;}.has
small
font
size{font
size
var(--wp
preset
font
size
small
important;}.has
medium
font
size{font
size
var(--wp
preset
font
size
medium
important;}.has
large
font
size{font
size
var(--wp
preset
font
size
large
important;}.has
large
font
size{font
size
var(--wp
preset
font
size
large
important;}.wp
block
button
.wp
block
button__link.has
xxx
small
font
size{font
size
var(--wp
preset
font
size
xxx
small
important;}.wp
block
button
.wp
block
button__link.has
xx
small
font
size{font
size
var(--wp
preset
font
size
xx
small
important;}.wp
block
button
.wp
block
button__link.has
small
font
size{font
size
var(--wp
preset
font
size
small
important;}.wp
block
button
.wp
block
button__link.has
small
font
size{font
size
var(--wp
preset
font
size
small
important;}.wp
block
button
.wp
block
button__link.has
medium
font
size{font
size
var(--wp
preset
font
size
medium
important;}.wp
block
button
.wp
block
button__link.has
large
font
size{font
size
var(--wp
preset
font
size
large
important;}.wp
block
button
.wp
block
button__link.has
large
font
size{font
size
var(--wp
preset
font
size
large
important;}.wp
block
button
.wp
block
button__link.has
xx
large
font
size{font
size
var(--wp
preset
font
size
xx
large
important;}.wp
block
button
.wp
block
button__link.has
xxx
large
font
size{font
size
var(--wp
preset
font
size
xxx
large
important;}p.has
xxx
small
font
size{font
size
var(--wp
preset
font
size
xxx
small
important;}p.has
xx
small
font
size{font
size
var(--wp
preset
font
size
xx
small
important;}p.has
small
font
size{font
size
var(--wp
preset
font
size
small
important;}p.has
small
font
size{font
size
var(--wp
preset
font
size
small
important;}p.has
medium
font
size{font
size
var(--wp
preset
font
size
medium
important;}p.has
large
font
size{font
size
var(--wp
preset
font
size
large
important;}p.has
large
font
size{font
size
var(--wp
preset
font
size
large
important;}p.has
xx
large
font
size{font
size
var(--wp
preset
font
size
xx
large
important;}p.has
xxx
large
font
size{font
size
var(--wp
preset
font
size
xxx
large
important
.wp
block
navigation
where(:not(.wp
element
button)){color
inherit
.wp
block
pullquote{font
size
1.5em;line
height
function(f
if(f.fbq)return;n
f.fbq
function(){n.callmethod
n.callmethod.apply(n
arguments):n.queue.push(arguments
if(!f._fbq)f._fbq
n;n.push
n;n.loaded=!0;n.version='2.0
n.queue=[];t
b.createElement(e);t.async=!0
t.src
v;s
b.getElementsByTagName(e)[0
s.parentnode.insertbefore(t
s)}(window
document,'script
https://connect.facebook.net/en_us/fbevents.js
fbq('init
fbq('track
pageview
outdated</strong
browser
please
upgrade
your
browser
to
improve
your
experience.</p
johns
hopkins
university
johns
hopkins
university
johns
hopkins
university
johns
hopkins
university
university</span
menu</a
search</a
news
amp
events</a
common
Searches</h4
why
is
it
called
johns
hopkins?</a
what
majors
and
minors
are
offered?</a
where
can
find
information
about
graduate
programs?</a
how
much
is
tuition?</a
what
financial
aid
packages
are
available?</a
how
do
apply?</a
how
do
get
to
campus?</a
where
can
find
job
listings?</a
where
can
log
in
to
myjhu?</a
where
can
log
in
to
sis?</a
johns
hopkins
university
johns
hopkins
university
johns
hopkins
university
johns
hopkins
university
baltimore
maryland</li
/*<![cdata[*/
function
var
sz
document.createelement('script
sz.type
text
javascript
sz.async
true
sz.src
//siteimproveanalytics.com
js
siteanalyze_6185845.js
var
document.getElementsByTagName('script')[0
s.parentnode.insertbefore(sz
/*]]>*/
function(e
a){e.twq||(s
e.twq
function(){s.exe?s.exe.apply(s
arguments):s.queue.push(arguments
s.version='1.1',s.queue=[],u
t.createElement(n),u.async=!0,u.src='//static.ads
twitter.com
uwt.js
t.getElementsByTagName(n)[0],a.parentNode.insertBefore(u
a))}(window
document,'script
twq('init','o1w55
twq('track','pageview
