contact
mit
massachusetts
institute
of
technology</title
window.datalayer
window.datalayer
||
function
gtag(){datalayer.push(arguments
gtag('js
new
date
gtag('config
UA-1592615
custom_map
dimension1
search
term
anonymize_ip
true
gtag('config
UA-1592615
custom_map
dimension1
search
term
anonymize_ip
true
what
are
you
looking
for
contact
contact
Info</h2
massachusetts
institute
of
technology
massachusetts
avenue
cambridge
ma
usa</p
tdd
tty
use
trs
711)</p
admissions
for
questions
about
applying
to
mit
visit
the
oremail
alumni
association
contactthe
directly
with
questions
at
Directory</h3
you
can
find
people
offices
and
services
by
using
the
main
search
function
onthis
site
you
may
also
use
the
or
the
employees
may
update
their
contact
information
through
website
Feedback</h3
we
welcome
your
about
the
mitwebsite.</p
Map</h3
the
provides
searchable
graphic
view
of
mit.questions
corrections
and
suggestions
shouldbe
directed
to
Accessibility</h3
mit
is
committed
to
providing
an
environment
that
is
to
individuals
with
disabilities
if
you
can
not
access
content
or
use
features
on
our
website
due
to
disability
please
follow
Us</h3
join
us
in
building
better
world.</span></a
