innovation
mit
massachusetts
institute
of
technology</title
window.datalayer
window.datalayer
||
function
gtag(){datalayer.push(arguments
gtag('js
new
date
gtag('config
UA-1592615
custom_map
dimension1
search
term
anonymize_ip
true
gtag('config
UA-1592615
custom_map
dimension1
search
term
anonymize_ip
true
what
are
you
looking
for
innovation
innovation</span
mit
people
want
to
know
how
things
work
and
are
inspired
to
make
them
work
better
our
philosophy
spurs
real
world
engagement
and
thanks
to
mits
entrepreneurial
culture
greater
bostons
innovation
ecosystem
brims
with
companies
spun
out
from
mit.</p
mitsstudent
and
faculty
innovators
and
entrepreneurs
can
tap
remarkable
suite
of
from
mentors
and
funding
to
student
organizations
and
events
as
they
learn
to
drive
their
ideas
to
market
from
faculty
start
ups
to
global
corporations
businesses
and
nonprofits
of
every
size
can
find
satisfying
ways
to
work
with
mit
range
of
professional
groups
stand
ready
to
help
from
the
and
to
the
distinctive
your
browser
does
not
support
the
video
tag
mits
innovation
ecosystem
comprises
students
faculty
postdocs
and
alumni
taking
part
in
tailored
classes
mentorship
guidance
and
activities
offered
by
over
innovation
and
entrepreneurship
i&amp;e
organizations
across
campus
located
in
the
heart
of
the
most
innovative
square
mile
on
the
planet
provides
home
for
mits
thriving
community
of
innovators
and
entrepreneurs
supporting
all
who
pursue
ideas
with
passion
for
world
changing
impact
from
this
hub
of
i&amp;e
activity
the
ecosystem
reaches
outward
into
our
regional
innovation
ecosystem
in
part
through
an
ambitious
decade
long
redevelopment
initiative.</p
top
Resources</h5
innovations
from
mit
often
address
the
problems
humanity
most
needs
to
solve
including&nbsp;sustainable
energy
urban
resiliency
fresh
water
food
for
all
cancer
alzheimers
and
infectious
disease
by
helping
mit
inventors
connect
with
mentors
collaborators
networks
and
funding
we
help
them
translate
new
science
into
transformative
innovation
mit
entrepreneurs
make
sizable
global
impact
the
active
companies
formed
by
living
mit
alumni
produce
estimated
annual
revenues
on
par
with
the
gross
domestic
product
of
the
stream
of
water
falls
into
an
outstretched
hand
join
us
in
building
better
world.</span></a
