campus
life
university
of
notre
dame</title
a{font
weight
bold}.nav
mobile
ul
.active
a{border
bottom:2px
solid
var(--sky
blue)}.nav
mobile
ul
ul
li.active
a{border
bottom:0}.nav
mobile
.search
form{display
flex;margin:0
auto
1.5em;padding:1px
1px
1px
4px;border:1px
solid
888;font
size:.75rem;line
height:1.1em;background
color:#fff;border
radius:3px}.nav
mobile
.search
input{border
none;width:82%;margin:0}.nav
mobile
.search
button{margin:0;padding:.5rem;border
none;background
rgba(0,0,0,0)}.nav
skip{display
block;text
decoration
none}.ni{transition
duration:.5s;transition
delay:.2s}line.ni{stroke
var(--brand
blue);transform
rotate(0deg)}g.ni{fill
var(--brand
blue)}.ni3{position
relative;top:-0.8rem}.toggled
.ni1{transform
translate(5px
2px
rotate(45deg)}.toggled
.ni2{transform
translate(-3px
11.4px
rotate(-45deg)}.toggled
.ni3{opacity:0;transform
translate(0
6px)}.nav
search
wrapper{position
absolute;height
calc(100
1px);z
index:-1;top:0;left:0;right:0;opacity:0;visibility
hidden;transition
all
var(--anim
duration
slow
var(--anim
ease)}.nav
search
wrapper
.search
form{display
flex;height:100%;margin:0}.nav
search
wrapper
button{padding:0
1rem;border
left:1px
solid
var(--gray
light)}.nav
search
wrapper
.btn
search,.nav
search
wrapper
.search
input{margin:0}.nav
search
wrapper
.btn
search{border
none;background
rgba(0,0,0,0)}.nav
search
wrapper
.search
input{flex:1
auto;padding:.5rem;border
none;border
radius:0;-webkit
appearance
unset}.navbar
mobile{overflow
hidden;position
relative;z
index:999;width:100vw;padding:0;color
var(--brand
blue);background:#fff;border
bottom:3px
solid
var(--gray
light)}.navbar
mobile.fixed{position
fixed;top:0;left:0;right:0;width:100vw}.navbar
mobile
ul{display
flex;align
items
flex
end;margin:0;padding:1rem
0;opacity:1;visibility
visible}.navbar
mobile
li{flex:1
auto;margin:0;height:100%;text
align
center;font
size:.75rem}.navbar
mobile
button{margin:0
auto;border
none;background
rgba(0,0,0,0)}.navbar
mobile
.btn
search,.navbar
mobile
a{display
block;height:2.5rem;padding:0;line
height:1.8em;text
decoration
none;text
transform
uppercase}.navbar
mobile
svg{display
block;margin:0
auto;fill
var(--brand
blue)}.navbar
mobile
.icon{width:1.2rem;height:1.2rem}.navbar
mobile
.nav
menu
svg{width:2rem;height:2rem}.navbar
mobile
.search
form{height
calc(100
3px)}.navbar
mobile
.search
form
.search
input{order:1}.navbar
mobile
.search
form
.search
button{order:0}.navbar
mobile
.search
form
.search
close{order:2}.navbar
mobile.active
ul,.navbar
mobile.is
opening
search
ul{opacity:0;visibility
hidden}.navbar
mobile.active
.nav
search
wrapper,.navbar
mobile.is
opening
search
.nav
search
wrapper{opacity:1;visibility
visible;z
index:1}.navbar
mobile.is
closing
search
.nav
search
wrapper{opacity:0;visibility
hidden}.navbar
mobile.is
closing
search
ul{opacity:1;visibility
visible}.wrapper.active
.navbar
mobile.fixed{left
auto;right:14rem}.nav
header{display
none}.nav
header
.nav
home
a{padding:1.15rem
1.375rem}.nav
header
.nav
home
span{display
none}.navbar{display
none}.no
js
.navbar{display
block;text
align
center}.no
js
.navbar
a{display
block;padding:.25rem}.no
js
.navbar
svg{display
none}.nav
secondary{font
size:1.125rem;line
height:1.3em}.nav
secondary
ul{padding:1rem;border
top:3px
solid
var(--gray
light)}.nav
secondary
ul
.active
a{border
bottom:2px
solid
var(--sky
blue)}.nav
secondary
ul
ul{margin:.5rem
0;padding
left:1.5rem}.nav
secondary
ul
ul
li{font
size:1rem}.nav
secondary
ul
ul
li
a{padding:.5rem
1rem}.nav
secondary
ul
ul
li.active
a{border
bottom:0}.nav
secondary
a{display
block;padding:.75rem
1rem;transition
all
var(--anim
duration
fast
var(--anim
ease)}.nav
secondary
visited{color
var(--brand
blue)}.nav
secondary
hover{background
var(--sky
blue)}.nav
secondary
.active
a{font
weight
bold}.nav
tertiary{display
none}.nav
mobile
.nav
tertiary{display
block}.nav
mobile
.nav
tertiary
li
nth
child(1),.nav
mobile
.nav
tertiary
li
nth
child(2){display
none}}@media
only
screen
and
min
width:48em){.site
secondary
.nav
secondary{display
none}}@media
only
screen
and
min
width:60em){.navbar
mobile{display
none}.nav
search{border
left:1px
solid
var(--gray
light);height:100%}.btn
search{margin:0;padding:1.25rem;display
block;line
height:1rem;background
rgba(0,0,0,0);border
none;transition
all
var(--anim
duration
slow
var(--anim
ease)}.search
form{display
flex;border
bottom:3px
solid
var(--sky
blue
dark);background
var(--sky
blue)}.search
form
button{flex:0
auto;margin:0;padding:1rem
1.25rem;border
none;background
rgba(0,0,0,0)}.search
form
.search
input{flex:1
auto;order:1;margin:0;border
none;background
rgba(0,0,0,0);transition
all
var(--anim
duration
slow
var(--anim
ease);transform
translateX(4rem);opacity:0}.search
form
.search
button{order:0;transition
all
var(--anim
duration
slow
var(--anim
ease);transform
translateX(3rem)}.search
form
.search
close{order:2;border
left:1px
solid
var(--gray
light)}.nav
primary{position
relative;display
inline
block;font
size:1rem;border
bottom:0
solid
rgba(0,0,0,0);transition
all
var(--anim
duration
slow)}.nav
primary
ul{display
flex;position
relative;align
items
center;opacity:1;transition
all
1s}.nav
primary
a{display
block;position
relative;padding:1.25rem
.5rem;opacity:1;line
height:1rem;color
var(--gray);border
top:.25rem
solid
rgba(0,0,0,0);border
bottom:.25rem
solid
rgba(0,0,0,0);transition
all
var(--anim
duration
var(--anim
ease)}.nav
primary
.nav
home{display
none}.nav
primary
.nav
tert{display
none}.nav
primary
.btn
search{border
bottom:4px
solid
rgba(0,0,0,0)}.nav
primary
hover,.nav
primary
.btn
search
hover{background
var(--sky
blue
light);border
bottom
color
var(--sky
blue
dark)}.nav
primary.is
opening
search
a{transform
translateX(1rem);opacity:0}.nav
primary.is
opening
search
li
nth
child(7
a{transition
delay:.1s}.nav
primary.is
opening
search
li
nth
child(6
a{transition
delay:.15s}.nav
primary.is
opening
search
li
nth
child(5
a{transition
delay:.2s}.nav
primary.is
opening
search
li
nth
child(4
a{transition
delay:.25s}.nav
primary.is
opening
search
li
nth
child(3
a{transition
delay:.3s}.nav
primary.is
opening
search
li
nth
child(2
a{transition
delay:.35s}.nav
primary.is
opening
search
li
nth
child(1
a{transition
delay:.4s}.nav
primary.active
ul{opacity:0;visibility
hidden}.nav
primary.active
a{opacity:0;transform
translateX(1rem)}.nav
primary.active
li
nth
child(1
a{transition
delay:.1s}.nav
primary.active
li
nth
child(2
a{transition
delay:.15s}.nav
primary.active
li
nth
child(3
a{transition
delay:.2s}.nav
primary.active
li
nth
child(4
a{transition
delay:.25s}.nav
primary.active
li
nth
child(5
a{transition
delay:.3s}.nav
primary.active
li
nth
child(6
a{transition
delay:.35s}.nav
primary.active
li
nth
child(7
a{transition
delay:.4s}.nav
primary.active
.search
input{opacity:1;transform
translateX(0);outline
none}.nav
primary.active
.nav
search
wrapper{visibility
visible;opacity:1;z
index:1}.nav
primary.active
.search
button{transform
translateX(0)}.nav
primary.is
closing
search
.nav
search
wrapper{opacity:0}.nav
primary.is
closing
search
ul{opacity:1;visibility
visible}.nav
primary.is
closing
search
a{transform
translateX(0);opacity:1}.nav
header{display
block}.nav
header
.nav
primary{background:#fff}.b
home
.nav
home
a,.b
academics
.nav
academics
a,.b
admissions
.nav
admissions
a,.b
campus
life
.nav
campus
a,.b
research
.nav
research
a,.b
global
.nav
global
a,.b
faith
and
service
.nav
faith
a{background
var(--sky
blue
light);border
bottom
color
var(--sky
blue
dark)}.navbar{display
block;position
fixed;opacity:0;z
index:999;top:0;transform
translateY(-100%);left:0;width:100%;padding:0
5vw;transition:.3s
ease;background
var(--brand
blue);border
top:4px
solid
var(--brand
gold);border
bottom:5px
solid
var(--brand
blue
dark)}.navbar.visible{transform
translateY(0);opacity:1}.navbar
ul{justify
content
flex
end;overflow
hidden}.navbar
a{color:#fff}.navbar
hover{background
var(--brand
blue
light);border
bottom
color
rgba(0,0,0,0)}.navbar
.nav
home{display
block}.navbar
.nav
home
span{display
none}.navbar
.nav
search{border
color
var(--brand
blue
light)}.navbar
.btn
search
hover{background
var(--brand
blue
light);border
bottom
color
rgba(0,0,0,0)}.navbar
.icon{fill:#fff}.navbar
.nav
search
wrapper{max
width:90vw;margin:0
auto;background:#fff}.navbar
.nav
search
wrapper
.icon{fill
var(--gray)}.navbar
.search
form{height:100%}.b
home
.navbar
.nav
home
a,.b
academics
.navbar
.nav
academics
a,.b
admissions
.navbar
.nav
admissions
a,.b
campus
life
.navbar
.nav
campus
a,.b
research
.navbar
.nav
research
a,.b
global
.navbar
.nav
global
a,.b
faith
and
service
.navbar
.nav
faith
a{background
var(--brand
blue
light);border
bottom
color
rgba(0,0,0,0)}.site
secondary
.nav
secondary,.page
secondary
.nav
secondary{display
block;margin:1rem
1rem
2rem
-1rem}.site
secondary
.nav
secondary
ul,.page
secondary
.nav
secondary
ul{border
none;padding:0}.site
secondary
.nav
secondary
ul
ul,.page
secondary
.nav
secondary
ul
ul{padding
left:1.5rem}.nav
tertiary{display
block}.nav
tertiary
ul{display
flex}.nav
tertiary
li
nth
of
type(2n){padding:0
.5rem
0}.nav
tertiary
li
nth
of
type(3n){padding:0
.5rem;border
left:1px
solid
rgba(255,255,255,.3)}.nav
tertiary
a{display
block;padding:.3rem
1.3rem;color:#fff;font
weight
bold;border
radius:.6rem;transition
all
var(--anim
duration
fast
var(--anim
ease)}.nav
tertiary
hover{text
decoration
none;background
color
var(--brand
blue
light)}.nav
tertiary
.external{padding:.3rem
1rem;font
weight
normal;color:#eee}.nav
tertiary
svg{position
relative;top:1px;margin
left:.325rem;fill
var(--sky
blue
dark)}}@media
only
screen
and
min
width:75em){.nav
primary
a{padding:1.25rem
1.375rem}.nav
secondary{font
size:1.25rem;margin
right:2rem}}@media
only
screen
and
min
width:87.5em){.nav
primary{font
size:1.125rem}}@media
only
screen
and
min
width:100em){.nav
secondary{font
size:1.375rem}}@media
only
screen
and
min
width:120em){.navbar{padding:0
calc((100vw
108rem)/2)}.navbar
.nav
search
wrapper{max
width:108rem}}@media
only
screen{.wrapper{display
grid;overflow
hidden;grid
template
rows
auto
1fr
auto;min
height:100%}.t
hero
.page
header{padding:0;background
color
rgba(0,0,0,0)}.t
page
.page
header{padding:1.75rem
.25rem}.page
header{padding:1.75rem
.25rem;background
color
var(--gray
extra
light)}.page
header
.page
title
group{padding
top:0}.page
header
.featured
image{margin:0
1rem;position
relative;overflow
hidden}.page
header
.featured
image.inset::before{content:"";position
absolute;right:.5rem;top:.5rem;bottom:.5rem;left:.5rem;border:1px
solid
rgba(255,255,255,.6)}.page
header
.featured
image
img{width:100%}.page
title
group{padding:2rem
1rem
0}.lede{padding:0
1rem}.page
content{padding:1rem;margin
bottom:2rem}.page
content
.image
default{margin:2rem
-1rem}.page
aside{overflow
hidden;padding:1rem}.listing
child{padding
left:3rem}@supports(display
grid){.row{display
grid;grid
template
columns:5vw
90vw
5vw}.col{grid
column:2/3}.full{grid
column:1/-1}}}@media
only
screen
and
min
width:48em){.listing
child{padding
left:4rem}.page
content{padding:0}.page
content
.image
default{margin:0
1rem
1rem
0}.page
main{padding:0
5vw}.page
header{display
grid;margin:0
2rem;padding:0;grid
template
columns:5vw
35vw
55vw
5vw;grid
template
rows
minmax(10rem
max
content
1fr;grid
gap:0}.page
header
.page
title
group{padding
top:2rem}.page
header
.featured
image{margin
top:2rem;grid
row:1/3;grid
column:3/5;padding
left:1rem;align
self
flex
start}.page
header
.featured
image.inset::before{right:-1rem;left:1.5rem}.t
page
.page
header{padding:0}.page
title
group{grid
row:1/2;grid
column:2/4;align
self
center;padding
bottom:0;padding
left:0;padding
top:2rem}.lede{grid
row:2/3;grid
column:2/3;align
self
flex
start;padding:1rem
0}.t
side
column{display
grid;padding:0;grid
template
columns:5vw
calc(90vw
18rem
18rem
5vw}.t
side
column
.page
header{grid
row:1/3;grid
column:1/-1}.t
side
column
.page
content{grid
column:2;grid
row:3;background:#fff}.t
side
column
.page
content.auxiliary{grid
column:2/4;grid
row:4;padding:0;max
width:100%}.t
side
column
.page
aside{grid
column:3;grid
row:3;padding:4rem
1rem
1rem}.t
side
column
.page
secondary{grid
column:2/4;grid
row:5}.t
side
column
.image
full
right{width:95vw;margin
right:0}.t
hero{display
grid;padding:0;grid
template
columns:5vw
calc(90vw
18rem
18rem
5vw;grid
template
rows
auto
1fr;grid
gap:0}.t
hero::before{display
none}.t
hero
.page
header{grid
row:1;background
none;grid
template
rows
auto
auto;padding:0}.t
hero
.page
header::before{content:"";display
block;height:100%;grid
row:1/2;grid
column:1/-1;background
var(--gray
light
url("/assets
css
images
hdr
campus-1600.jpg
center
center
cover
no
repeat}.t
hero
.page
title
group{grid
column:2/3;align
self
flex
end;padding
bottom:1rem;margin
top:4.5rem}.t
hero
.page
content{padding:2rem
4rem;grid
row:2;grid
column:2;border:0}.t
hero
.page
content
.image
default{margin:2rem
2rem
-5vw}.t
hero
.page
content.auxiliary{grid
row:3;grid
column:2/-2;padding:2rem
0}.t
hero
.page
aside{padding:2rem
4rem;grid
row:2;grid
column:3}.t
hero
.site
secondary{grid
row:5;grid
column:2/-2}.t
hero
.site
secondary
.depth1{padding:1rem
0}}@media
only
screen
and
min
width:60em){.site
header{position
relative;z
index:100}.nav
tertiary{position
absolute;top:1rem;right:0}.nav
header{float
right;margin
top:-2rem;margin
bottom:2rem}@supports(display
grid){.site
header
.col{display
grid;top
auto;grid
template
columns:1fr
max
content;grid
template
rows:1fr
1fr}.site
title{grid
row:1/3;align
self
center}.nav
header{grid
row:2;grid
column:2;align
self
end;justify
self
end;position
relative;top:2.4rem;margin:0}.nav
tertiary{position
unset;top
unset;right
unset;grid
row:1;grid
column:2;align
self
center;justify
self
end}}.page
header{clear
both}.page
header
.featured
image{margin
top:3rem}.site
main{display
grid;position
relative;grid
template
columns:5vw
15rem
calc(90vw
15rem
5vw;grid
template
rows:200px
100px
1fr}.site
main::before{content:"";position
absolute;top:0;right:0;bottom:0;left:0;grid
row:2;grid
column:3/-1;background:#fff;z
index:0}.site
main
.page
header{grid
column:1/-1;grid
row:1/3;align
items
center;padding:0}.site
main
.page
title
group,.site
main
.lede{padding
right:3rem}.site
main
.page
main{grid
column:3;grid
row:2/4;padding:0;z
index:10}.site
main
.page
content{position
relative;z
index:2;padding:2.325rem
2rem
2rem;z
index:10}.site
main
.page
secondary{grid
column:2/3;grid
row:3;z
index:10}.site
main
.page
aside{z
index:10}.b
page
.site
main
.page
header,.b
page
arts
.site
main
.page
header,.b
page
gallery
.site
main
.page
header,.b
page
council
.site
main
.page
header,.b
page
side
column
.site
main
.page
header,.b
page
full
width
.site
main
.page
header,.b
fullwidth
.site
main
.page
header{grid
template
rows
auto}.b
fullwidth
.site
main
.page
title
group{margin
bottom:3rem}.b
page
full
width
.site
main::before,.b
fullwidth
.site
main::before{grid
column:2/-1}.b
page
full
width
.site
main
.page
main,.b
fullwidth
.site
main
.page
main{grid
column:2/-1}.b
page
full
width
.site
main
.page
content,.b
fullwidth
.site
main
.page
content{padding
top:4rem}.site
main.t
side
column{grid
template
columns:5vw
15rem
calc(90vw
15rem
5vw}.site
main.t
side
column
.page
content{grid
column:3;grid
row:2/4;padding:2.325rem
2rem
2rem}.site
main.t
side
column
.page
content.auxiliary{grid
column:2/5;grid
row:4}.site
main.t
side
column
.page
aside{grid
column:3;grid
row:4;padding:0
2rem}.site
main.t
side
column
.page
secondary{grid
column:2;grid
row:3}.site
main.t
side
column::after{content:"";display
block;height:100%;width:100%;background:#fff;grid
column:3/-1;grid
row:2}.site
main.t
side
column
.image
full
right{width
calc(95vw
17rem)}.site
main.t
hero{grid
template
columns:5vw
17rem
calc(90vw
17rem
5vw;grid
template
rows
auto
auto}.site
main.t
hero
.page
header{grid
row:1}.site
main.t
hero
.page
content{grid
row:2;grid
column:3;width
auto;padding:2rem
4rem}.site
main.t
hero
.page
content
.image
default{margin:2rem
2rem
calc(-17rem
5vw)}.site
main.t
hero
.page
aside{grid
row:3;grid
column:3;padding:0}.site
main.t
hero
.site
secondary{grid
row:2;grid
column:2;padding
right:2rem}.footer
global
.col{display
flex;justify
content
space
between}.footer
global
.col
.social{justify
self
center;max
width:500px}.footer
global
.col
.social
svg{margin
right:.25rem;vertical
align
text
bottom;margin
bottom:2px}.footer
global
.col
.social
ul{display
grid;grid
template
columns
repeat(3
1fr);grid
gap:.5rem;justify
items
start}.footer
global
.col
.social
a{color
var(--gray);padding:.5rem
1rem;margin
top:-0.5rem;display
block;border
radius:.6rem;border:3px
solid
rgba(0,0,0,0);transition
all
var(--anim
duration
fast
var(--anim
ease)}.footer
global
.col
.social
hover{background
color
var(--sky
blue);color
var(--brand
blue)}.footer
global
.col
.social
focus{border
color:#15a6b5;outline
none}.footer
global
.col
.social
active{color
var(--brand
blue);background
color
var(--sky
blue
dark)}.footer
global
.col
.social
hover
svg{fill
var(--brand
blue)}.footer
global
.col
.vcard
p{font
size:.875rem;line
height:1.6rem}.footer
global
links{font
size:.875rem}.footer
global
links
a{text
decoration
none;transition
all
var(--anim
duration
fast
var(--anim
ease)}.footer
global
links
hover{text
decoration
underline}.footer
global
links
nav
hover{text
decoration
none;background
color
var(--gray
extra
light)}}@media
only
screen
and
min
width:64em){.site
main.t
side
column{grid
template
columns:5vw
15rem
calc(90vw
32rem
17rem
5vw}.site
main.t
side
column
.page
aside{grid
row:3;grid
column:4;padding
top:0;padding
left:2rem}.site
main.t
hero{grid
template
columns:5vw
17rem
calc(90vw
34rem
17rem
5vw}.site
main.t
hero
.page
aside{grid
row:2;grid
column:4;padding
top:2rem;padding
left:2rem}}@media
only
screen
and
min
width:75em){.site
main{grid
template
columns:5vw
18rem
calc(90vw
18rem
5vw}.site
main
.page
content{max
width:70vw}.site
main
.lede{padding:2rem
3rem
0}.site
main.t
side
column{grid
template
columns:5vw
18rem
calc(90vw
38rem
20rem
5vw}.site
main.t
side
column
.page
aside{padding
left:2rem}.site
main.t
side
column
.image
full
right{width
calc(95vw
20rem)}.site
main.t
hero{grid
template
columns:5vw
20rem
calc(90vw
40rem
20rem
5vw}.site
main.t
hero
.page
content
.image
default{margin
left
calc(-20rem
5vw)}.footer
global
.col
.social
li{font
size:1.125rem}}@media
only
screen
and
min
width:87.5em){.site
main{grid
template
columns:5vw
18rem
calc(90vw
18rem
5vw;grid
template
rows:250px
100px
1fr}.site
main
.page
header{grid
template
columns:5vw
30vw
60vw
5vw}.site
main
.page
content{padding:3rem
2rem
4rem
4rem}.site
main.t
side
column{grid
template
columns:5vw
18rem
calc(90vw
40rem
22rem
5vw}.site
main.t
side
column
.page
content{padding:3rem
2rem
4rem
4rem}.site
main.t
side
column
.page
aside{padding
left:3rem}.site
main.t
hero{grid
template
columns:5vw
22rem
calc(90vw
44rem
22rem
5vw;grid
template
rows
auto
1fr}.site
main.t
hero
.page
content{padding:1rem
4rem}.site
main.t
hero
.page
content
.image
default{margin
left
calc(-22rem
5vw)}.site
main.t
hero
.page
aside{padding
left:3rem}}@media
only
screen
and
min
width:100em){.site
main{grid
template
columns:5vw
21rem
calc(90vw
21rem
5vw}.page
header
.featured
image{margin
top:4rem}.page
header
.page
title
group{padding
top:0}.site
main.t
side
column{grid
template
columns:5vw
21rem
calc(90vw
43rem
22rem
5vw}.site
main.t
side
column
.page
aside{padding
left:4rem;padding
top:1.5rem}.site
main.t
side
column
.image
full
right{width
calc(95vw
23rem)}.site
main.t
hero{grid
template
columns:5vw
25rem
calc(90vw
49rem
24rem
5vw}.site
main.t
hero
.page
title
group{margin
top:5.5rem}.site
main.t
hero
.page
content
.image
default{margin
left
calc(-25rem
5vw)}.site
main.t
hero
.page
aside{padding
left:4rem;padding
top:1.5rem}}@media
only
screen
and
min
width:120em){.row{grid
template
columns:1fr
108rem
1fr}.site
main{grid
template
columns:1fr
22rem
86rem
1fr}.site
main
.page
header{grid
template
columns:1fr
36rem
72rem
1fr}.site
main
.page
header
.featured
image{grid
column:3/4;margin
right:-6rem}.site
main
.page
main{grid
column:3/4}.site
main.t
side
column{grid
template
columns:1fr
26rem
60rem
22rem
1fr}.site
main.t
side
column
.image
full
left{margin
left:-32rem}.site
main.t
side
column
.image
full
right{width:87rem}.site
main.t
hero{grid
template
columns:1fr
26rem
60rem
22rem
1fr}.site
main.t
hero
.page
content
.image
default{margin
left:-32rem}}.card{display
flex;flex
flow
column;width:100%}.card
image{order:-1;margin:0}.card
body{padding:1rem}.card
title{margin:0
1rem}.card{position
relative;margin:0}.card
body{padding:1.5rem;font
size:1rem}.card
body
h2,.card
body
h3,.card
body
h4,.card
body
h5,.card
body
h6{margin
top:0}@media
only
screen{.card
title{font
size:1.375rem}.card
label{font
size:1rem;margin:0;color
var(--gray);font
family
var(--font
default);font
size:.875rem;font
weight
normal;letter
spacing:.08em;text
transform
uppercase}.card
link{display
block;text
decoration
none}.card
link
hover{text
decoration
none}.card
link::before{content:"";display
block;position
absolute;top:0;bottom:0;right:0;left:0;z
index:2}}@media
only
screen
and
min
width:48em){.card.horizontal{flex
flow
row}.horizontal>.card
image{width:25%;min
width:25%}.horizontal>.card
body{width:100%}.horizontal>.card
image+.card
body{width:75%;min
width:75%}}@media
only
screen
and
min
width:60em){.horizontal>.card
image{width:40%;min
width:40%}.horizontal>.card
image+.card
body{width:60%;min
width:60%}}@media
only
screen
and
min
width:100em){.card
body{font:1.125rem/1.65em
var(--font
default)}.card
label{font
size:1.1rem}}@media
screen
and
-ms
high
contrast
active),screen
and
-ms
high
contrast
none){body{font
family:"libre
franklin",-apple
system
blinkmacsystemfont,"segoe
ui",roboto,"helvetica
neue",helvetica
arial
sans
serif}h1,h2,h3,h4,h5,h6,.site
title,.title{color:#0c2340;font
family
gpc,"helvetica
neue",helvetica
arial
verdana
sans
serif}blockquote,.title
article{font
family:"sumana",georgia,"times
new
roman",times
serif}a{color:#004da3}th
thead
th{background
color:#0c2340}.site
header{background:#0c2340;border
top:4px
solid
ae9142;border
bottom:5px
solid
081629}.bg
blue,.dark,.quote
featured{background:#0c2340}.footer
global
links{background:#d2d2d2}.col{max
width:90vw;margin:0
auto}.alpha{float
right;width:80%}.full
width
.alpha{width:100%}.beta{float
left;width:18%;margin
right:2%}.navbar,.brandbar.theme
bb
blue
flat{background:#0c2340}.page
title{border
bottom:2px
solid
c99700}.site
footer{clear
both}.site
content{max
width:90vw;margin:0
auto}.page
header{overflow
auto;position
relative}.featured
image{width:67%;padding
left:2rem;float
right}.page
title
group{width:33%;float
left}.image
person
header{float
right}.lede{width:33%;float
left}.page
content{width:67%;float
right}.site
secondary{width:33%;float
left}.page
secondary{float
left}.page
aside{float
right}.stats{width:100%;clear
both}.features
sub
.card.horizontal{width:30%;flex
flow
column}.features
sub
.card.horizontal
.card
image{width:100%}.features
sub
.card.horizontal
.card
image
img{height
auto}.features
sub
.card.horizontal
.card
body{width:100%}.site
main.t
person
.page
content{width:50%;float
left;margin
left:25%}.site
main.t
person
.page
aside{position
absolute;left:75%;width:25%}.site
main.t
person
.page
secondary{position
absolute;left:0;width:20%}.site
main.t
hero
.page
content{width:67%;float
left}.site
main.t
hero
.page
aside{width:33%;padding
left:2rem}}@media
print{@page{margin:.5cm}body{font
size:13pt;line
height:1.3;font
family
georgia,"times
new
roman",times
serif;color:#000}img
tr{page
break
inside
avoid}p
h2,h3{orphans:3;widows:3}h2,h3{page
break
after
avoid}a{page
break
inside
avoid}blockquote{page
break
inside
avoid}h1,h2,h3,h4,h5,h6{page
break
after
avoid;page
break
inside
avoid}img{page
break
inside
avoid;page
break
after
avoid}table
pre{page
break
inside
avoid}ul
ol
dl{page
break
before
avoid}a[href^="javascript:"]:after
a[href^="#"]:after{content:""}.ndmark{width:150px}.image
right
img{float
right;margin:0
1em
2em}.image
left
img{float
left;margin:0
2em
1em
0}article{overflow
hidden}.article
more,.breadcrumbs,.calendar,.event
date,.footer
global
links,.header
util,.lazy,.nav,.navbar,.nav
mobile,.navbar
mobile,.nav
primary,.nav
tertiary,.quick
links,.site
info,.site
title
svg,.skip
links,.social{display
none
important}.site
header{overflow
hidden;position
relative;margin:0
20px;padding:0
20px;border
bottom:1px
solid
gray}.brandbar{font
size:12px;text
transform
uppercase;font
family:"adobe
garamond",garamond
baskerville,"baskerville
old
face","hoefler
text","times
new
roman",serif}.brandbar
i{text
transform
none}.site
title,.site
subtitle{margin:0;color:#333;font
family
var(--font
heading)}.site
header
a,.site
title
a,.site
subtitle
a{color:#000;text
decoration
none}.site
title{margin:4px
2px;font
size:2rem}.site
subtitle{font
size:1rem}.alpha
link
after{content
link
attr(href
font
size:11px;font
family
inherit}.alpha
abbr
after{content
attr(title
.b
home
.page
header{display
flex}.b
home
.page
header
.featured
image{order:1;width:40%;margin:0
2rem
2rem}.feature
article{display
flex}.feature
article
.card
image{width:40%;margin
right:2rem}.pillar{display
flex;margin:2rem
0}.pillar
.image
default{margin
right:2rem}.site
footer{position
relative;clear
both;margin:20px
0;padding:20px
0;border
top:1px
solid
gray}.site
footer
p{margin:0}.geo,.country
name{display
none}.tel{display
block}.site
footer
.ndmark{position
absolute;top:20px;right:0}}</style
document.documentelement.classname
document.documentelement.classname.replace(/(\s|^)no
js(\s|$)/,"$1js$2");</script
if(/msie
\d|trident.*rv:/.test(navigator.useragent
document.write('<script
src="/assets
js
polyfills.js"><\/script
window.datalayer
window.datalayer
||
function
gtag(){datalayer.push(arguments
gtag('js
new
date
gtag('config
AW-809124144');</script
university
of
notre
dame
home</span></a></li
home</a></li
contact</a></li
search</button
view
of
the
basilica
from
wrought
iron
window
in
washington
hall
how
was
your
break?</h3
what
we
did
while
campus
was
on
vacation
summer
2024</p
residence
halls</li
people
in
the
south
bend
elkhart
region</li
campus
eateries</li
student
clubs
and
groups</li
recreation
venues</li
quick
Links</h3
facebook</a></li
twitter</a></li
instagram</a></li
youtube</a></li
linkedin</a></li
copy
2024</a
home</span></a></li
