window.datalayer
window.datalayer
||
function
gtag(){datalayer.push(arguments
gtag('js
new
date
gtag('config
C2PD9RF216
gtag('config
G-7XLBH2NC54
combo
campus
shuttle
routes
transportation
amp
parking
northwestern
university</title
document.getElementsByTagName('body')[0].setAttribute('class','standard
page
document.getElementsByTagName('header')[0].setAttribute('id','parent');</script><a
class="screen
reader
shortcut
href="#main
content">skip
to
main
content</a><div
id="top
bar"><div
class="contain-1120"><div
id="left"><div
id="northwestern"><a
href="https://www.northwestern.edu/
title="northwestern
university
home"><span
class="hide
label">northwestern
university</span></a></div><div
id="parent
unit"><a
href="https://www.northwestern.edu
safety
security">department
of
safety
and
security</a></div></div><nav
aria
label="global
links
id="global
links"><ul><li
class="resources">dss
departments
motorcycle
amp
scooter
permit</a></li><li><a
href="
/chicago
parking
permits
ryan
field
permit.html">ryan
field
permit</a></li><li><a
href="
/chicago
parking
permits
application.html">application
process</a></li><li><a
href="
/chicago
parking
permits
cancellations
refunds.html">cancellations
replacement
amp
refunds</a></li></ul></li><li><a
href="
/chicago
parking
daily
validation.html">daily
validation</a></li><li><a
aria
haspopup="true
href=
role="button">parking
policies
campus
shuttle
Routes</h1><div
id="sidebar"><div
class="box"><h2
quick
Links</h2><p><strong><br/
shuttle
service
updates:</strong><br/
general
shuttle
questions:</strong><br/
8129</p
northwestern
university
operates
several
shuttles
for
students
faculty
and
staff
on
the
evanston
and
chicago
campuses
you
can
see
all
of
the
routes
on
the
Resources</h2
usage
guidelines</span></a></li
transportation
amp
Parking</h2><div
class="phone"><div
class="icon"><span
phone
number</span></div><div
class="text"><p><strong
evanston
Parking</strong><br/>(847
parking@northwestern.edu</p><p><strong
chicago
Parking</strong><br/>(312
chicagoparking@northwestern.edu</p><p><strong
Shuttles</strong><br/>(312
shuttle@northwestern.edu</p></div></div></div
northwestern
Resources</h2
northwestern
university</span
