window.datalayer
window.datalayer
||
function
gtag(){datalayer.push(arguments
gtag('js
new
date
gtag('config
G-98BM2HLHXL
gtag('config
G-7XLBH2NC54
combo
overview
of
handbook
community
standards
northwestern
university</title
document.getElementsByTagName('body')[0].setAttribute('class','standard
page');</script
warning
icon
your
browser
is
out
of
date</strong
and
has
known
security
flaws</strong
we
recommend
you
update
your
browser
expand</span
about
us
submenu</a></span><ul
aria
expanded="false
aria
hidden="true"><li
class="home"><a
href="
/about
us
index.html">about
us
overview</a></li><li><a
href="
/about
us
value
statements
index.html">value
statements</a><span
class="arrow"><a
aria
haspopup="true
href=
role="button"><span
expand</span
value
statements
submenu</a></span><ul
aria
expanded="false
aria
hidden="true"><li
class="home"><a
href="
/about
us
value
statements
index.html">value
statements
overview</a></li><li><a
href="
/about
us
value
statements
learning
outcomes.html">learning
outcomes</a></li></ul></li><li><a
href="
/about
us
meet
the
team
index.html">meet
the
team</a><span
class="arrow"><a
aria
haspopup="true
href=
role="button"><span
expand</span
meet
the
team
submenu</a></span><ul
aria
expanded="false
aria
hidden="true"><li
class="home"><a
href="
/about
us
meet
the
team
index.html">meet
the
team
overview</a></li><li><a
href="
/about
us
meet
the
team
christine
depilla.html">christine
depilla</a></li><li><a
href="
/about
us
meet
the
team
joseph
washington.html">joseph
washington</a></li><li><a
href="
/about
us
meet
the
team
mary
cookie
offerman.html">mary
cookie
offerman</a></li><li><a
href="
/about
us
meet
the
team
evan
williams.html">evan
williams</a></li><li><a
href="
/about
us
meet
the
team
heather
cohen.html">heather
cohen</a></li></ul></li><li><a
href="
/about
us
get
involved.html">get
involved</a></li><li><a
href="
/about
us
northwestern
university
student
expectations
covid-19.html">COVID-19
collapse</span
student
handbook
submenu</a></span><ul
aria
expanded="true
aria
hidden="false
style="display
block"><li
class="home"><a
href="index.html">student
handbook
overview</a></li><li><a
href="groups,-organizations
collective
responsibility.html">groups
organizations
amp
collective
responsibility</a></li><li><a
href="amnesty
through
responsible
action.html">amnesty
through
responsible
action</a></li><li><a
href="sanctions
index.html">sanctions</a><span
class="arrow"><a
aria
haspopup="true
href=
role="button"><span
expand</span
sanctions
submenu</a></span><ul
aria
expanded="false
aria
hidden="true"><li
class="home"><a
href="sanctions
index.html">sanctions
overview</a></li><li><a
href="sanctions
disciplinary
sanctions
for
individuals.html">disciplinary
sanctions
for
individuals</a></li><li><a
href="sanctions
disciplinary
sanctions
for
groups.html">disciplinary
sanctions
for
groups</a></li><li><a
href="sanctions
educational,-interventional,-restorative
sanctions
individual
groups.html">educational
interventional
amp
restorative
sanctions</a></li><li><a
href="sanctions
disciplinary
housing
sanctions
for
individual
or
groups.html">disciplinary
housing
sanctions
for
individual
or
groups</a></li></ul></li><li><a
href="sexual
misconduct.html">discrimination
harassment
and
sexual
misconduct</a></li><li><a
href="prohibited
restricted
conduct.html">prohibited
amp
restricted
conduct</a></li></ul></li><li><a
href="
/university
hearing
appeals
system
index.html">university
hearing
and
appeals
system</a><span
class="arrow"><a
aria
haspopup="true
href=
role="button"><span
expand</span
university
hearing
and
appeals
system
submenu</a></span><ul
aria
expanded="false
aria
hidden="true"><li
class="home"><a
href="
/university
hearing
appeals
system
index.html">university
hearing
and
appeals
system
overview</a></li><li><a
href="
/university
hearing
appeals
system
scope
of
the
code
of
student
conduct.html">scope
of
the
code</a></li><li><a
href="
/university
hearing
appeals
system
reports
and
initial
inquiry.html">reports
and
initial
inquiry</a></li><li><a
href="
/university
hearing
appeals
system
interim
actions.html">interim
actions</a></li><li><a
href="
/university
hearing
appeals
system
informal
resolution
index.html">informal
resolution</a></li><li><a
href="
/university
hearing
appeals
system
formal
resolution
index.html">formal
resolution</a></li><li><a
href="
/university
hearing
appeals
system
accommodations
for
students
with
disabilities.html">accommodations
for
students
with
disabilities
expand</span
data
amp
statistics
submenu</a></span><ul
aria
expanded="false
aria
hidden="true"><li
class="home"><a
href="
/data
statistics
index.html">data
amp
statistics
overview</a></li><li><a
href="
/data
statistics
student
organization
conduct
status
report.html">student
organization
conduct
status
report</a></li><li><a
href="
/data
statistics
reports
received.html">reports
received</a></li><li><a
href="
/data
statistics
location
of
incident.html">location
of
incident</a></li><li><a
href="
/data
statistics
time
of
academic
year.html">time
of
academic
year</a></li><li><a
href="
/data
statistics
referral
demographics.html">referral
demographics</a></li><li><a
href="
/data
statistics
alleged
policy
violations.html">alleged
policy
violations</a></li><li><a
href="
/data
statistics
overall
sanctions
assigned.html">overall
sanctions
assigned</a></li></ul></li><li><a
href="
/resources
index.html">resources</a><span
class="arrow"><a
aria
haspopup="true
href=
role="button"><span
expand</span
resources
submenu</a></span><ul
aria
expanded="false
aria
hidden="true"><li
class="home"><a
href="
/resources
index.html">resources
overview</a></li><li><a
href="
/resources
faqs
index.html">faqs</a><span
class="arrow"><a
aria
haspopup="true
href=
role="button"><span
expand</span
faqs
submenu</a></span><ul
aria
expanded="false
aria
hidden="true"><li
class="home"><a
href="
/resources
faqs
index.html">faqs
overview</a></li><li><a
href="
/resources
faqs
initial
appointment
letters
and
hearing
process.html">initial
appointment
letters
and
hearing
process</a></li><li><a
href="
/resources
faqs
sanctions
and
outcomes.html">sanctions
and
outcomes</a></li><li><a
href="
/resources
faqs
privacy.html">privacy</a></li><li><a
href="
/resources
faqs
reporting.html">reporting</a></li></ul></li><li><a
href="
/resources
request
conduct
records.html">request
conduct
records</a></li><li><a
href="
/resources
reporting
concern
index.html">reporting
concern</a><span
class="arrow"><a
aria
haspopup="true
href=
role="button"><span
expand</span
reporting
concern
submenu</a></span><ul
aria
expanded="false
aria
hidden="true"><li
class="home"><a
href="
/resources
reporting
concern
index.html">reporting
concern
overview</a></li><li><a
href="
/resources
reporting
concern
complete
campus
security
authority
report.html">complete
campus
security
authority
report</a></li><li><a
href="
/resources
reporting
concern
complaints
against
faculty
and
staff.html">complaints
against
faculty
and
staff</a></li></ul></li><li><a
href="
/resources
records
retention.html">records
retention</a></li><li><a
href="
/resources
advisors.html">advisors</a></li></ul></li></ul
overview
of
Handbook</h2><div
class="section"><p
the
northwestern
university
student
handbook
describes
the
expectations
for
behavior
and
conduct
in
the
northwestern
community
and
outlines
the
procedures
to
be
followed
when
these
expectations
are
not
met
the
student
handbook
includes
the
student
code
of
conduct
the
academic
integrity
policy
as
well
as
other
rules
regulations
and
policies
governing
student
life.&#160;</p
student
handbook
Archive</h3><div
class="group"><div
class="left
content"></div><div
class="right
content
links"></div></div><ul
northwestern
university
logo
northwestern
university</li
community
Standards</strong></li><li>601
university
pl
lower
level
room
university
place
evanston
il
60208</li></ul><ul><li
class="footer
phone
icon"><span
class="hide
label">phone
number</span></li><li><strong
Evanston</strong></li><li>847
4582</li></ul><ul><li><strong
Chicago</strong></li><li>312.503.8649</li></ul><ul><li
class="footer
fax
icon"><span
class="hide
label">fax
number</span></li><li>847
5537</li></ul><ul><li
class="footer
email
icon"><span
class="hide
label">email
address</span></li><li><a
href="mailto
community
standards@northwestern.edu">community
standards@northwestern.edu</a></li></ul></div
social
media</strong></p><a
class="social
facebook
href="https://www.facebook.com
northwesternu">facebook</a><a
class="social
twitter
href="https://www.twitter.com
northwesternu">twitter</a><a
class="social
instagram
href="https://instagram.com
northwesternu">instagram</a><br/><a
class="social
youtube
href="https://www.youtube.com
user
northwesternu">youtube</a><a
class="social
rss
href="https://news.northwestern.edu
feeds
allstories">rss</a></div
function(i
m){i['googleanalyticsobject']=r;i[r]=i[r]||function
i[r].q
i[r].q||[]).push(arguments)},i[r].l=1*new
date();a
s.createelement(o
s.getElementsByTagName(o)[0];a.async=1;a.src
g;m.parentnode.insertbefore(a
window
document,'script','//www.google
analytics.com
analytics.js','ga
ga('create
UA-3808778
auto
ga('create
UA-5958450
auto
name
combotracker
ga('send
pageview
ga('combotracker.send
pageview
document).on('click
a[href$=".pdf
function(e
var
url
this).attr('href
try
ga('send
event
pdf
click
url
catch
err
