window.datalayer
window.datalayer
||
function
gtag(){datalayer.push(arguments
gtag('js
new
date
gtag('config
C2PD9RF216
gtag('config
G-7XLBH2NC54
combo
faqs
transportation
amp
parking
northwestern
university</title
document.getElementsByTagName('body')[0].setAttribute('class','standard
page
document.getElementsByTagName('header')[0].setAttribute('id','parent');</script><a
class="screen
reader
shortcut
href="#main
content">skip
to
main
content</a><div
id="top
bar"><div
class="contain-1120"><div
id="left"><div
id="northwestern"><a
href="https://www.northwestern.edu/
title="northwestern
university
home"><span
class="hide
label">northwestern
university</span></a></div><div
id="parent
unit"><a
href="https://www.northwestern.edu
safety
security">department
of
safety
and
security</a></div></div><nav
aria
label="global
links
id="global
links"><ul><li
class="resources">dss
departments
motorcycle
amp
scooter
permit</a></li><li><a
href="
/chicago
parking
permits
ryan
field
permit.html">ryan
field
permit</a></li><li><a
href="
/chicago
parking
permits
application.html">application
process</a></li><li><a
href="
/chicago
parking
permits
cancellations
refunds.html">cancellations
replacement
amp
refunds</a></li></ul></li><li><a
href="
/chicago
parking
daily
validation.html">daily
validation</a></li><li><a
aria
haspopup="true
href=
role="button">parking
policies
FAQs</h1><div
class="expander
expander1
data
collapse="persist
id="expander-7a528c5681697724380d3faec9b4dbd7
1"><h2
aria
controls="1
id="toggle1
1">My
car
is
in
for
service
and
have
loaner
what
should
do?</h2><div
aria
labelledby="toggle1
id="1
1"><span
you
can
obtain
temporary
permit
at
the
parking
services
office
there
is
no
charge
for
annual
permit
holders
you
will
need
to
present
your
Wildcard.</span></div><h2
aria
controls="1
id="toggle1
2">I
have
new
car
how
do
get
replacement
permit?</h2><div
aria
labelledby="toggle1
id="1
2"><span
Remove&#160;the
permit&#160;from
your
vehicle
razor
blade
scraper
will
work
well
and
return
it
to
the
parking
services
office
See&#160;</span><a
href="permits
cancellations
replacement.html">cancellations
amp
Replacement</a><span>&#160;for
more
information.</span></div><h2
aria
controls="1
id="toggle1
3">I
have
new
car
but
have
carpool
permit
how
do
get
replacement
permit?</h2><div
aria
labelledby="toggle1
id="1
3"><span
Remove&#160;both
permits
from
your
two
vehicles
razor
blade
scraper
will
work
well
and
return
them
to
the
parking
services
office
along
with
your
carpool
hangtag
See&#160;</span><a
href="permits
cancellations
replacement.html">cancellations
amp
Replacement</a><span>&#160;for
more
information.</span></div><h2
aria
controls="1
id="toggle1
4">I
sold
my
old
car
and
ca
n't
get
the
old
sticker
back
what
should
do
to
get
replacement
permit?</h2><div
aria
labelledby="toggle1
id="1
4"><span
you
may
have
to
come
into
parking
services
to
fill
out
an
affidavit
See&#160;</span><a
href="permits
cancellations
replacement.html">cancellations
amp
Replacement</a><span>&#160;for
more
information.</span></div><h2
aria
controls="1
id="toggle1
5">I
do
n't
need
to
park
on
campus
anymore
can
get
refund
for
my
parking
permit?</h2><div
aria
labelledby="toggle1
id="1
5"><span
yes
See&#160;</span><a
href="permits
cancellations
replacement.html">cancellations
amp
Replacements</a><span>&#160;for
more
information.</span></div><h2
aria
controls="1
id="toggle1
6">My
car
was
booted
what
should
do?</h2><div
aria
labelledby="toggle1
id="1
6"><span
do
not
move
the
vehicle
contact
the
parking
services
office
in
order
to
get
the
boot
removed
you
are
required&#160;to
pay
any
outstanding
ticket
fines
and
the
boot
fee
See&#160;</span><a
href="tickets
violations
fees.html">violations
towing
amp
Booting</a><span>&#160;for
more
information.</span></div><h2
aria
controls="1
id="toggle1
7">How
can
appeal
ticket?</h2><div
aria
labelledby="toggle1
id="1
7"><span
you
can
file
an
appeal
online
visit
the&#160;</span><a
href="tickets
ticket
appeals.html">ticket
Appeals</a><span>&#160;webpage.</span></div><h2
aria
controls="1
id="toggle1
8">How
can
order
visitor
permits
for
my
department?</h2><div
aria
labelledby="toggle1
id="1
8"><span
See&#160;</span><a
href="permits
visitor.html">visitor
Permits</a><span>&#160;for
information
and
the
order
form.</span></div><h2
aria
controls="1
id="toggle1
9">Can
reserve
parking
lot
for
special
event?</h2><div
aria
labelledby="toggle1
id="1
9"><span
no
parking
is
limited
on
campus
and
lots
must
be
kept
open
for
faculty
staff
and
students
that
have
purchased
parking
permits
See&#160;</span><a
href="policies
hosting
an
event.html">policy
for
event
Hosts</a><span>&#160;for
more
information.</span></div><h2
aria
controls="1
id="toggle1
10">I
paid
for
parking
permit
but
ca
n't
find
parking
space
close
to
my
destination
what
should
do?</h2><div
aria
labelledby="toggle1
id="1
10"><span
no
one
is
guaranteed
parking
space
center
campus
lots
fill
especially
quick
however
there
are
garages
on
the
north
and
south
ends
of
campus
that
rarely
reach
capacity.</span></div><h2
aria
controls="1
id="toggle1
11">I'm
attending
football
game
where
can
park?</h2><div
aria
labelledby="toggle1
id="1
11"><span
game
day
parking
is
coordinated
by
the
athletic
department
please
see
their&#160;</span><a
href="http://www.nusports.com
sports/2015/3/18
GEN_201401018.aspx
rel="noopener
target="_blank">parking
information
site</a><span>&#160;for
more
information.</span></div><h2
aria
controls="1
id="toggle1
12">I
am
visiting
campus
will
need
parking
permit?</h2><div
aria
labelledby="toggle1
id="1
12"><span
permit
is
needed
if
you
will
be
parking
on
campus
monday
through
friday
between
a.m.
and
p.m.
your
northwestern
department
host
may
also
be
able
to
supply
you
with
visitor
permit
See&#160;</span><a
href="permits
visitor.html">visitor
Permits</a><span>&#160;for
more
information.</span></div><h2
aria
controls="1
id="toggle1
13">Today
is
holiday
do
need
permit?</h2><div
aria
labelledby="toggle1
id="1
13"><span
permits
are
not
required
on
days
the
university
is
closed
for
business
please
refer
to
human
resources
list
of
for
dates
that
permits
are
not
required.</span><span></span></div><h2
aria
controls="1
id="toggle1
14">I
have
an
evening
weekend
class
or
am
attending
an
evening
weekend
event
do
need
permit?</h2><div
aria
labelledby="toggle1
id="1
14"><span
parking
is
free
in
campus
lots
after
p.m.
weekdays
and
all
day
on
weekends
parking
enforcement
begins
at
a.m.
on
weekdays.</span></div><h2
aria
controls="1
id="toggle1
15">Is
my
chicago
campus
permit
valid
on
the
evanston
campus
is
my
evanston
permit
valid
in
Chicago?</h2><div
aria
labelledby="toggle1
id="1
15"><span
the
chicago
campus
full
time
permit
purple
sticker
is
valid
on
the
evanston
campus
no
evanston
campus
permits
are
valid
on
the
chicago
campus.</span></div><h2
aria
controls="1
id="toggle1
16">I
am
northwestern
faculty
staff
student
can
use
visitor
permit?</h2><div
aria
labelledby="toggle1
id="1
16"><span
chicago
and
evanston
faculty
staff
and
students
are
prohibited
from
using
visitor
permits.&#160
visitor
permits
are&#160;intended
for
university
guests
however
northwestern
community
members
may
purchase
daily
and/or
long
term
permits
at
parking
Services.</span></div><h2
aria
controls="1
id="toggle1
17">I
am
chicago
campus
faculty
staff
student
can
purchase
an
evanston
campus
permit?</h2><div
aria
labelledby="toggle1
id="1
17"><p
daily
faculty
staff
student
permits
are
available
for
purchase
at
the
evanston
campus
parking
services
office.</p
chicago
campus
faculty
and
staff
may
purchase
longer
term
evanston
campus
permit
with
letter
of
authorization
from
their
department
verifying
official
business
on
the
evanston
campus.</p
chicago
campus
students
are
eligible
provided
that
they
have
evanston
campus
classes
during
enforcement
hours
subject
to
verification
by
class
schedule).</p
transportation
amp
Parking</h2><div
class="phone"><div
class="icon"><span
phone
number</span></div><div
class="text"><p><strong
evanston
Parking</strong><br/>(847
parking@northwestern.edu</p><p><strong
chicago
Parking</strong><br/>(312
chicagoparking@northwestern.edu</p><p><strong
Shuttles</strong><br/>(312
shuttle@northwestern.edu</p></div></div></div
northwestern
Resources</h2
northwestern
university</span
