var
r={2983:(e
r)=>{"use
strict";r.d(t,{D0:()=>m
gd:()=>y
vp:()=>s
fr:()=>s
jd:()=>i
hr:()=>e
xn:()=>b
x1:()=>c
an:()=>r
v:()=>j});var
r(384),i
r(7864);const
o={beacon
n.
nt.beacon
errorbeacon
n.
nt.errorbeacon
licensekey
void
0,applicationID
void
0,sa
void
0,queueTime
void
0,applicationTime
void
0,ttGuid
void
0,user
void
0,account
void
0,product
void
0,extra
void
0,jsAttributes:{},userAttributes
void
0,atts
void
0,transactionName
void
0,tNamePlain
void
0},a={};function
s(e){if(!e)throw
new
error("all
info
objects
require
an
agent
identifier!");if(!a[e])throw
new
error("info
for
.concat(e
was
never
set"));return
a[e]}function
c(e
t){if(!e)throw
new
error("all
info
objects
require
an
agent
identifier!");a[e]=(0,i.a)(t
o);const
r=(0,n.nY)(e);r&&(r.info
a[e])}var
r(993);const
e=>{if(!e||"string"!=typeof
e)return!1;try{document.createDocumentFragment().querySelector(e)}catch{return!1}return!0};var
r(2614),g
r(944);const
f="[data
nr
mask]",h=()=>{const
e={mask_selector:"*",block_selector:"[data
nr
block]",mask_input_options:{color:!1,date:!1,"datetime
local":!1,email:!1,month:!1,number:!1,range:!1,search:!1,tel:!1,text:!1,time:!1,url:!1,week:!1,textarea:!1,select:!1,password:!0}};return{ajax:{deny_list
void
0,block_internal:!0,enabled:!0,harvestTimeSeconds:10,autoStart:!0},distributed_tracing:{enabled
void
0,exclude_newrelic_header
void
0,cors_use_newrelic_header
void
0,cors_use_tracecontext_headers
void
0,allowed_origins
void
0},feature_flags:[],generic_events:{enabled:!0,harvestTimeSeconds:30,autoStart:!0},harvest:{tooManyRequestsDelay:60},jserrors:{enabled:!0,harvestTimeSeconds:10,autoStart:!0},logging:{enabled:!0,harvestTimeSeconds:10,autoStart:!0,level
u.p_.INFO},metrics:{enabled:!0,autoStart:!0},obfuscate
void
0,page_action:{enabled:!0},page_view_event:{enabled:!0,autoStart:!0},page_view_timing:{enabled:!0,harvestTimeSeconds:30,long_task:!1,autoStart:!0},privacy:{cookies_enabled:!0},proxy:{assets
void
0,beacon
void
0},session:{expiresMs
d.wk
inactivems
d.
BB},session_replay:{autoStart:!0,enabled:!1,harvestTimeSeconds:60,preload:!1,sampling_rate:10,error_sampling_rate:100,collect_fonts:!1,inline_images:!1,inline_stylesheet:!0,fix_stylesheets:!0,mask_all_inputs:!0,get
mask_text_selector(){return
e.mask_selector},set
mask_text_selector(t){l(t)?e.mask_selector="".concat(t,",").concat(f):""===t||null===t?e.mask_selector
f:(0,g
R)(5,t)},get
block_class(){return"nr
block"},get
ignore_class(){return"nr
ignore"},get
mask_text_class(){return"nr
mask"},get
block_selector(){return
e.block_selector},set
block_selector(t){l(t)?e.block_selector+=",".concat(t):""!==t&&(0,g
R)(6,t)},get
mask_input_options(){return
e.mask_input_options},set
mask_input_options(t){t&&"object"==typeof
t?e.mask_input_options={
password:!0}:(0,g
R)(7,t)}},session_trace:{enabled:!0,harvestTimeSeconds:10,autoStart:!0},soft_navigations:{enabled:!0,harvestTimeSeconds:10,autoStart:!0},spa:{enabled:!0,harvestTimeSeconds:10,autoStart:!0},ssl
void
0}},p={},v="All
configuration
objects
require
an
agent
identifier!";function
m(e){if(!e)throw
new
error(v);if(!p[e])throw
new
error("configuration
for
.concat(e
was
never
set"));return
p[e]}function
b(e
t){if(!e)throw
new
Error(v);p[e]=(0,i.a)(t
h());const
r=(0,n.nY)(e);r&&(r.init
p[e])}function
y(e
t){if(!e)throw
new
error(v);var
m(e);if(r){for(var
t.split("
"),i=0;i
t.max&&(t.max
e),e
@context
https://schema.org
@graph
@type
organization
@id
https://www.pitt.edu/
name
university
of
pittsburgh
url
https://www.pitt.edu/
pitts
winter
commencement
is
now
on
dec.
university
of
pittsburgh</title
skip
to
main
content
university
of
pittsburgh
upitt
logo
pitt
wire
pitt
wire
from
the
latest
big
breakthrough
to
the
most
influential
and
inspiring
figures
on
campus
to
pitt
in
the
community
pittwire
is
your
official
source
for
what
happening
now
university
news
students
share
on
twitter
opens
in
new
window
share
on
facebook
opens
in
new
window
share
via
email
fpo
tower
subscribe
to
pittwire
today
get
the
most
interesting
and
important
stories
from
the
university
of
pittsburgh
subscribe
announcements
and
updates
two
students
face
away
from
the
camera
holding
their
degrees
in
the
air
the
university
of
pittsburgh
has
rescheduled
its
winter
commencement
celebrating
undergraduates
and
graduates
in
the
class
of
the
ceremony
will
be
held
in
the
petersen
events
center
on
dec.
18.</p
the
change
was
made
to
address
concerns
about
the
original
dec.
date
specifically
that
the
ceremony
would
fall
five
days
after
the
end
of
the
semester
and
that
it
adversely
impacted
travel
plans
and
family
celebrations
as
it
fell
so
close
to
the
holidays.</p
additional
details
about
the
ceremony
will
be
at
the
start
of
the
fall
semester
plus
to
see
updates
on
your
instagram
feed
throughout
the
semester.</p
eligible
graduates
will
receive
invitations
in
early
october
with
dec.
deadline
to
register
for
the
ceremony
eligible
graduates
will
receive
four
tickets
to
the
ceremony
and
can
sign
up
to
receive
an
additional
two
tickets
if
they
become
available.</p
bridge
icon
university
of
pittsburgh
