window.datalayer
window.datalayer
||
function
gtag(){datalayer.push(arguments)};gtag("js
new
date());gtag("set
developer_id.dmdhkmt
true);gtag("config
UA-1706522
groups":"default","anonymize_ip":true,"page_placeholder":"PLACEHOLDER_page_path","link_attribution":true,"allow_ad_personalization_signals":false,"custom_map":{"dimension1":"Audience","dimension2":"Page
level"}});gtag("config
G-92L6B9PQCG
groups":"default","page_placeholder":"placeholder_page_location","link_attribution":true,"allow_ad_personalization_signals":false});gtag("event
custom
audience":"n\/a","page
Level":"3"});</script
areas
of
study
princeton
university</title
skip
to
main
content
claire
white
civil
and
environmental
engineering
all
areas
of
study</a
Engineering</h1></a
applied
and
computational
Mathematics</h2></a
the
undergraduate
certificate
is
designed
for
students
who
are
looking
to
broaden
their
mathematical
and
computational
skills
and
to
give
mathematically
oriented
students
the
opportunity
to
discover
the
challenges
presented
by
applications
from
the
natural
sciences
and
engineering.</p
on
the
graduate
level
the
program&nbsp;offers
select
group
of
highly
qualified
students
the
opportunity
to
obtain
thorough
knowledge
of
branches
of
mathematics
indispensable
to
science
and
engineering
applications
including
numerical
analysis
and
other
computational
methods.</p></div
architecture
and
Engineering</h2></a
the
interdisciplinary
program
enables
undergraduate
students
to
tackle
topics
at
the
intersection
of
engineering
and
architecture
including
structural
computational
and
environmental
design
the
certificate
focuses
on
opportunities
to
respond
dynamically
to
evolving
global
challenges
where
elegant
and
effective&nbsp;solutions
lead
to
more
resilient
and
sustainable
communities.&nbsp;</p></div
Bioengineering</h2></a
princetons
rapidly
growing
and
interdisciplinary
bioengineering
community
is
pioneering
new
research
and
training
the
next
generation
of
bioengineering
leaders
based
in
the
school
for
engineering
and
applied
sciences
with
affiliate
labs
across
campus
students
in
the
doctoral
program
will
benefit
from
princetons
uniquely
collaborative
environment.&nbsp;students
work
is
based
in
one
or
more
of
the
pillars
of
princetons
bioengineering
research
cellular
bioengineering
device
bioengineering
and
computational
bioengineering.</p></div
chemical
and
biological
Engineering</h2></a
the
undergraduate
curriculum
is
designed
to
provide
students
with
solid
foundation
in
the
principles
of
engineering
mathematics
and
science
with
an
emphasis
on
chemistry
and
biochemistry
the
goal
is
to
enable
students
to
pursue
careers
in
wide
range
of
industries
including
manufacturing
pharmaceutical
energy
materials
biotechnology
and
many
others.</p
the
graduate
program&nbsp;develops
leaders
in
chemical
and
biological
engineering
by
conducting
research
that
defines
the
frontiers
of
knowledge
we
prepare
chemical
and
biological
engineers
for
careers
in
teaching
research
and
development
and
management
in
academia
government&nbsp;and
industry.</p></div
civil
and
environmental
Engineering</h2></a
the
department
offers
undergraduates
five
options
architecture
and
engineering
environmental
engineering
geological
engineering
structural
engineering
and
engineering
and
the
liberal
arts
the
graduate
program&nbsp;offers&nbsp;individualized
tracks
aligned
with
mechanics
materials
and
structures
architecture
arts
and
archaeology
hydrology
and
the
atmospheric
environment
sustainable
resilient
cities
and
infrastructure
systems
chemistry
biology
and
technology
and
water
climate
and
energy.</p></div
computational
science
and
Engineering</h2></a
the
graduate
certificate
in
computational
science
and
engineering
offers
students
comprehensive
training
in
numerical
analysis
software
engineering
computer
science
and
statistics
and
data
modeling
in
ways
that
promote&nbsp;discovery
in
the
sciences
engineering
and
humanities.</p></div
computer
Science</h2></a
undergraduates&nbsp;learn
fundamental
concepts
of
the
discipline
and
to
become
proficient
in
the
use
of
advanced
computer
systems
the
plan
provides
opportunities
for
study
in
software
systems
algorithms
and
complexity
machine
architecture
computer
graphics
programming
languages
machine
learning
and
other
core
areas
of
computer
science.</p
the
graduate
program
accepts
beginning
and
advanced
students
for
study
and
research
the
degree
programs
are
sufficiently
flexible
to
adapt
to
individual
plans
of
study
and
research.</p></div
electrical
and
computer
Engineering</h2></a
undergraduate
students
begin
with
unifying
foundation
before
studying
in
an
area&nbsp;of
specialization
which
ranges
from
devices
to
optoelectronics
to
computer
architecture
and
communication
technology
to
microprocessors
students
may
select
one
of
set
of
suggested
concentrations
or
tailor
their
own
in
consultation
with
their
faculty
adviser
to
suit
special
interests.</p
the
graduate
program
emphasizes
forward
looking
education
and
original
cutting
edge
research
while
addressing
fundamental
issues
and
applications
graduate
research
focuses
on
current
high
growth
fields
like
security
photonics
nanotechnology
quantum
computing
biomedical
applications
networks
and
communications
and
multicore
computer
architecture.&nbsp;</p></div
engineering
Biology</h2></a
the
program
is
designed
for
undergraduate
students
who
want
to
pursue
careers
or
graduate
education
in
biotechnology
or
bioengineering
for
engineering
students
the
program
offers
study&nbsp;in
cellular
and
molecular
biology
genetics
physiology
biochemistry&nbsp;and
neuroscience
for
biological
and
chemical
sciences
majors
the
program
offers
study
in
biotechnology
biomechanics
thermodynamics
control
theory
hazardous
waste
management
electronics
computer
graphics&nbsp;and
information
theory.</p></div
engineering
Physics</h2></a
the
program
is
directed
toward
students
interested
in
fundamental
knowledge
of
physics
together
with
problem
solving
skills
and
an
understanding
of
engineering
undergraduates
study&nbsp;energy
environment
materials
microelectronics
astronautics
and
photonics.</p></div
Entrepreneurship</h2></a
the
program
aims&nbsp;to&nbsp;supplement
undergraduates&nbsp;in
their
major
departments
with
an&nbsp;understanding
and
practice
in
entrepreneurship.</p></div
geological
Engineering</h2></a
geological
engineering
is
the
application
of
science
to
problems
involving
the
earth
its
physical
environment
earth
materials
and
natural
resources
the
program
prepares
students
for
graduate
study
or
practice
in
geology
geochemistry
geophysics
oceanography
water
resources
engineering
and
environmental
geology,&nbsp;and
civil
and
environmental
engineering.</p></div
materials
science
and
Engineering</h2></a
the
undergraduate
program
emphasizes
the
multidisciplinary
nature
of
the
study
of
materials
and
the
engineering
application
of
their
properties
it
is
designed
primarily
for
students
in
science
and
engineering
departments
who
are
considering
careers
in
materials.</p
graduate
students
must
apply
to
and
be
admitted
to
one
of
the
following
academic
departments
mechanical
and
aerospace
engineering
chemical
and
biological
engineering
chemistry
civil
and
environmental
engineering
electrical
and
computer
engineering
geosciences.</p></div
mechanical
and
aerospace
Engineering</h2></a
the
undergraduate&nbsp;program&nbsp;guides
students
to
build
fundamental&nbsp;knowledge
in
key
engineering
disciplines
and
develop
practical
skills
in
problem
solving
and
design
the
core
of
the
department
's
curriculum
solid
and
fluid
mechanics
thermodynamics
dynamics
control
systems
materials&nbsp;and
applied
mathematics
are
combined
with
the
experience
of
engineering
design.</p
the
graduate
program&nbsp;defines
the
frontiers
of
knowledge
in
our
field
by&nbsp;preparing&nbsp;leaders
in
engineering
and
applied
sciences
for
careers
in
academia
industry&nbsp;and
government
our
program
emphasizes
achieving
fundamental
understanding
in
broad
range
of
topics
deep
understanding
in
particular
area&nbsp;and
excellent
communications
skills.</p></div
operations
research
and
financial
Engineering</h2></a
the
undergraduate
program
brings
together
coursework
in&nbsp;science
mathematics
computing
and
technology
to
provide
for
broad
intellectual
development
suitable
for&nbsp;many
different
types
of
careers
by
choosing
from
courses
in
engineering
science
mathematics
economics
public
policy
and
liberal
arts
each
student
may
design
program
adapted
to
his
or
her
particular
interests.</p
the
graduate
program&nbsp;places
strong
emphasis
on
quantitative
methods
and
mathematical
modeling
students&nbsp;develop
unique
set
of
skills
that
build
upon
solid
foundation
in
probability
statistics&nbsp;and
optimization.</p></div
optimization
and
quantitative
decision
science
the
certificate
program
in
optimization
and
quantitative
decision
science
and
optimization
formerly
the
certificate
program
in
engineering
and
management
systems,&nbsp;is
focused
on
developing
quantitative
skills
for
optimal
decision
making
in
complex
and
uncertain
environments.</p></div
robotics
and
intelligent
Systems</h2></a
the
undergraduate
program
is
designed
for&nbsp;students
interested
in
pursuing
careers
or
graduate
education
in
automation
intelligent
systems
and
the
understanding
of
human
intelligence
from
the
perspective
of
neuroscience
and
computation.</p></div
statistics
and
machine
Learning</h2></a
the
undergraduate
program
is
designed
for
students
who
have
strong
interest
in
data
analysis
and
its
application
across
disciplines
statistics
and
machine
learning
the
academic
disciplines
centered
around
developing
and
understanding
data
analysis
tools
play
an
essential
role
in
various
scientific
fields
including
biology
engineering&nbsp;and
the
social
sciences.</p
the
graduate
certificate
is
designed
to
formalize
the
training
of
students
who
contribute
to
or
make
use
of
statistics
and
machine
learning
as
significant
part
of
their
degree
program
in
addition
it
serves
to
recognize
the
accomplishments
of
graduate
students
across
the
university
who
acquire
additional
training
in
statistics
and
machine
learning
going
beyond
the
requirements
of
their
own
degree
programs.</p></div
sustainable
Energy</h2></a
the
undergraduate
program
is
designed
to
broaden
understanding
in
energy
resources
and
their
impact
on
the
environment
students
learn
to&nbsp;quantitatively
analyze
design&nbsp;and
develop&nbsp;systems
that
support
sustainable
economic
growth
and
environmental
harmony
and
learn
about&nbsp;environmental
change
from
the
perspective
of
engineering
technology
economics
and
policy.</p></div
teacher
Preparation</h2></a
the
program
combines
coursework
seminars
laboratory
experience
fieldwork&nbsp;and
practice
teaching&nbsp;to
become
fully
prepared
and
certified
to
teach
successfully
at
the
middle-
and
secondary
school
levels.&nbsp;participants
can
earn
certification
in
art
english
mathematics
music
the
sciences
social
studies&nbsp;and
world
languages.&nbsp;the
program
is
approved
by
the
new
jersey
department
of
education
and
by
the
council
for
the
accreditation
of
educator
preparation.</p></div
technology
and
Society</h2></a
the
undergraduate
program
is
targeted
to
students
both
engineers
scientists
and
humanists
social
scientists
who
are
interested
in
exploring
the
intersection
of
society
and
technology
programs
of
study
are
offered
under&nbsp;information
technology
and
energy
tracks.</p></div
from
the
present
to
the
possible
go
princeton
tigers
equal
opportunity
and
nondiscrimination
at
princeton
university:</strong
princeton
university
believes
that
commitment
to
principles
of
fairness
and
respect
for
all
is
favorable
to
the
free
and
open
exchange
of
ideas
and
the
university
seeks
to
reach
out
as
widely
as
possible
in
order
to
attract
the
ablest
individuals
as
students
faculty
and
staff
in
applying
this
policy
the
university
is
committed
to
nondiscrimination
on
the
basis
of
personal
beliefs
or
characteristics
such
as
political
views
religion
national
origin
ancestry
race
color
sex
sexual
orientation
gender
identity
or
expression
pregnancy
childbirth
age
marital
or
domestic
partnership
status
veteran
status
disability
genetic
information
and/or
other
characteristics
protected
by
applicable
law
in
any
phase
of
its
education
or
employment
programs
or
activities
in
addition
pursuant
to
title
ix
of
the
education
amendments
of
and
supporting
regulations
princeton
does
not
discriminate
on
the
basis
of
sex
in
the
education
programs
or
activities
that
it
operates
this
extends
to
admission
and
employment
inquiries
about
the
application
of
title
ix
and
its
supporting
regulations
may
be
directed
to
the
assistant
secretary
for
civil
rights
office
for
civil
rights
u.s.
department
of
education
or
to
the
universitys
sexual
misconduct
title
ix
coordinator
see
princetons
full
operator
copy
the
trustees
of
princeton&nbsp;university
