window.datalayer
window.datalayer
||
function
gtag(){datalayer.push(arguments)};gtag("js
new
date());gtag("set
developer_id.dmdhkmt
true);gtag("config
UA-1706522
groups":"default","anonymize_ip":true,"page_placeholder":"PLACEHOLDER_page_path","link_attribution":true,"allow_ad_personalization_signals":false,"custom_map":{"dimension1":"Audience","dimension2":"Page
Level","dimension3":"Content
type"}});gtag("config
G-92L6B9PQCG
groups":"default","page_placeholder":"placeholder_page_location","link_attribution":true,"allow_ad_personalization_signals":false});gtag("event
custom
audience":"n\/a","page
Level":"2","Content
type":"chaptered"});</script
learning
abroad
princeton
university</title
skip
to
main
content
students
visiting
aix
en
provence
france
learning
abroad</span
students
watch
the
sunrise
in
bolivia
bridge
year
bolivia
students
view
sunrise
above
the
clouds
looking
out
on
torotoro.</p></div><div
class="image
byline"><div
class="field
field
name
field
byline
freeform
field
type
string
field
label
hidden
field__item">courtesy
of
novogratz
bridge
year
program</div></div></div></article
at
princeton
we
believe
that
the
best
way
for
you
to
understand
and
contribute
to
our
globalized
world
is
to
experience
other
places
and
cultures
firsthand
our
students
share
the
university
's
international
vision
and
while
they
relish
their
time
on
campus
many
also
take
advantage
of
wide
array
of
opportunities
to
live
and
learn
abroad.</p
students
often
speak
of
their
international
learning
experiences
as
life
changing
whether
you
choose
to
study
overseas
conduct
research
abroad
or
pursue
an
international
internship
you
'll
be
doing
much
more
than
furthering
your
academic
work
you
'll
discover
new
interests
learn
about
yourself
and
return
to
princeton
with
more
sophisticated
understanding
of
our
complex
world
you
will
be
global
citizen.</p
when
princeton
students
return
to
campus
from
their
time
abroad
they
describe
experiences
that
are
enriching
on
personal
level
as
well
as
an
educational
one
the
rewards
are
wide
ranging:</p
you
might
learn
or
master
foreign
language</li
by
dealing
with
the
unfamiliar
you
'll
develop
deeper
self
knowledge</li
you'll
have
chance
to
meet
new
people
and
create
an
international
network</li
as
you
experience
other
cultures
you
'll
also
be
exposed
to
new
ideas</li
you
might
discover
interests
that
can
help
you
more
finely
focus
your
studies</li
your
experience
will
prepare
you
for
careers
with
an
international
dimension</li
you'll
gain
new
way
of
looking
at
the
world</li
student
with
host
family
bridge
year
student
maddy
denker
second
from
right
with
her
homestay
family
in
senegal
bridge
year
participants
study
the
local
language
live
with
homestay
families
and
take
part
in
variety
of
cultural
enrichment
activities
while
learning
with
and
from
community
partners
through
service
activities.</p></div><div
class="image
byline"><div
class="field
field
name
field
byline
freeform
field
type
string
field
label
hidden
field__item">photo
courtesy
of
novogratz
bridge
year
program</div></div></div></article
as
a&nbsp
student
you
'll
have
choice
of
international
programs
in
countries
around
the
world
as
well
as
the
chance
to
take
classes
on
campus
that
include
travel
component
you
can
even
start
your
princeton
journey
in
another
nation
through
the
innovative
novogratz
bridge
year
program
and
you
'll
have
opportunities
to
engage
globally
through
alumni
service
programs
such
as
princeton
in
africa
princeton
in
asia
and
princeton
in
latin
america.&nbsp;</p
the
novogratz
bridge
year
Program</h3
some
students
jump
into
an
international
experience
right
away
before
starting
their
first
year
on
campus
as
an
incoming
student
you
can
apply
to
spend
nine
months
doing
public
service
work
abroad
through
the
university
's
tuition
free
novogratz
bridge
year
program
this
experiential
bridge
between
high
school
and
college
gives
you
an
opportunity
to
widen
your
perspective
before
you
begin
your
first
year.</p
as
of
fall
the
novogratz
bridge
year
program
will
be
hosted
in
six
locations
on
four
continents
students
live
with
local
families
while
immersing
themselves
in
the
local
culture
learning
the
language
and
serving
the
needs
of
the
community
you
might
volunteer
with
human
rights
or
environmental
project
tutor
local
children
teach
it
skills
the
opportunities
vary
by
locale
and
the
organizations
with
which
princeton
partners
and
you
'll
start
your
studies
at
princeton
with
deep
connections
to
place
other
than
home
and
strong
bonds
with
fellow
students
who
have
shared
your
experiences
abroad.</p
semester
or
year
Abroad</h3
as
an
undergraduate
student
in
any
major
you
can
choose
from
among
more
than
semester-
or
year
long
programs
in
over
countries
living
and
learning
in
another
country
for
an
extended
period
of
time
teaches
you
things
you
never
knew
about
yourself
and
the
world
it
can
provide
you
with
new
skills
confidence
and
the
feeling
of
possibility
and
while
you
further
your
academic
studies
you
may
also
discover
new
ideas
and
interests
that
will
shape
you
for
lifetime.</p
with
so
many
options
to
choose
from
you
'll
get
plenty
of
help
deciding
which
program
best
fits
your
interests
and
goals
students
who
receive
financial
aid
continue
to
receive
support
from
the
university
while
studying
abroad
during
the
academic
year
the
office
of
international
programs
helps
students
decide
and
supports
them
on
their
journey
are
available
to
tell
you
about
their
experiences
and
answer
your
questions.</p
princeton
in
munich
students
in
the
alps
summer
language
Immersion&nbsp;</h3
the
summer&nbsp;provides
time
for
intensive
language
study
abroad
allowing
you
to
learn
or
master
languages
among
the
people
who
speak
them
and
explore
new
cultures
many
language
programs
such
as
or
the
for
french
studies
are
organized
by
summer
Internships&nbsp;Abroad</h3
learning
abroad
does
n't
have
to
mean
studying
abroad
you
can
spend
your
summer
as
an
international
intern
instead
working
with
an
organization
that
matches
your
interests
in
any
of
more
than
countries
from
helping
migrant
families
in
rural
mexico
to
working
on
architecture
projects
in
dubai
the
opportunities
are
varied
and
fascinating.&nbsp;</p
the
international
internship
program
lets
you
live
and
work
abroad
during
summer
break
and
comes
with
financial
award
that
covers
most
expenses
you
can
gain
valuable
experience,&nbsp;expand
your
academic
interests
and
immerse
yourself
in
new
languages
and
cultures
and
explore
possible
career
paths
through
internships
in
wide
variety
of
fields.</p
piirs
global
Seminars</h3
how
are
cuban
writers
and
artists
making
sense
of
the
changes
in
their
society
what
can
you
learn
about
contemporary
chinese
society
by
experiencing
it
up
close
every
summer
princeton
students
head
overseas
through
the
piirs
global
seminars
traveling
to
fascinating
locations
with
historical
or
political
significance
to
explore
specific
topic.</p
each
six
week
seminar
is
designed
and
led
by
princeton
faculty
and
each
presents
unique
program
of
study
that
relies
on
visiting
the
locale
at
the
heart
of
its
subject
matter
daily
lectures
by
seminar
faculty
and
guests
language
classes
weekend
excursions
to
sites
relevant
to
the
course
and
community
service
make
up
the
experience.</p
graduate
students
in
germany
wide
range
of
including
the
chance
to
conduct
independent
research
abroad
you
can
collaborate
with
peers
and
faculty
at
partner
institutions
and
use
international
resources
to
further
your
research.</p
graduate
school
exchange
programs
let
you
take
courses
or
conduct
dissertation
research
overseas
even
after
your
experience
has
concluded
you
may
continue
to
collaborate
with
international
peers
and
faculty
through
the
professional
relationships
developed
during
your
time
abroad.</p></div
from
the
rhodes
to
the
backroads
of
peru
the
office
of
international
programs
supports
students
and
alumni
interested
in
applying
to
fellowships
for
study
research
and
service
abroad
internship
placements
around
the
world
are
also
available
from
independent
region
focused
associations
of
alumni
and
friends.</p
from
the
present
to
the
possible
go
princeton
tigers
equal
opportunity
and
nondiscrimination
at
princeton
university:</strong
princeton
university
believes
that
commitment
to
principles
of
fairness
and
respect
for
all
is
favorable
to
the
free
and
open
exchange
of
ideas
and
the
university
seeks
to
reach
out
as
widely
as
possible
in
order
to
attract
the
ablest
individuals
as
students
faculty
and
staff
in
applying
this
policy
the
university
is
committed
to
nondiscrimination
on
the
basis
of
personal
beliefs
or
characteristics
such
as
political
views
religion
national
origin
ancestry
race
color
sex
sexual
orientation
gender
identity
or
expression
pregnancy
childbirth
age
marital
or
domestic
partnership
status
veteran
status
disability
genetic
information
and/or
other
characteristics
protected
by
applicable
law
in
any
phase
of
its
education
or
employment
programs
or
activities
in
addition
pursuant
to
title
ix
of
the
education
amendments
of
and
supporting
regulations
princeton
does
not
discriminate
on
the
basis
of
sex
in
the
education
programs
or
activities
that
it
operates
this
extends
to
admission
and
employment
inquiries
about
the
application
of
title
ix
and
its
supporting
regulations
may
be
directed
to
the
assistant
secretary
for
civil
rights
office
for
civil
rights
u.s.
department
of
education
or
to
the
universitys
sexual
misconduct
title
ix
coordinator
see
princetons
full
operator
copy
the
trustees
of
princeton&nbsp;university
