window.datalayer
window.datalayer
||
function
gtag(){datalayer.push(arguments)};gtag("js
new
date());gtag("set
developer_id.dmdhkmt
true);gtag("config
UA-1706522
groups":"default","anonymize_ip":true,"page_placeholder":"PLACEHOLDER_page_path","link_attribution":true,"allow_ad_personalization_signals":false,"custom_map":{"dimension1":"Audience","dimension2":"Page
Level","dimension3":"Content
type"}});gtag("config
G-92L6B9PQCG
groups":"default","page_placeholder":"placeholder_page_location","link_attribution":true,"allow_ad_personalization_signals":false});gtag("event
custom
audience":"n\/a","page
Level":"2","Content
type":"chaptered"});</script
honors
amp
awards
princeton
university</title
skip
to
main
content
nobel
prize
medal
honors
amp
awards</span
faculty
student
and
staff&nbsp;recipients
listed
here
performed
their
award
winning
work
at
princeton
were
employed
by
or
studying
at&nbsp;princeton
when
they
received
their
award
or&nbsp;are
currently
working
at
the
university
alumni
recipients
are
denoted
in
italics</em
an
asterisk
is
used
to
denote
graduate
alumni
alumni
pulitzer
prize
winners
are
not
listed.</p></div
frances
h.
arnold
class
of
1979</em></li
richard
smalley
ph.d.
74</em></li
edwin
m.
mcmillan
ph.d.
physics)</em></li
joshua
angrist
ph.d.
89</em></li
david
card
ph.d.
83</em></li
oliver
hart
ph.d.
74</em></li
lloyd
shapley
ph.d.
53</em></li
a.
michael
spence
class
of
1966</em></li
james
j.
heckman
m.a.
ph.d.
71</em></li
john
f.
nash
ph.d.
senior
research
mathematician</em></li
gary
s.
becker
class
of
1951</em></li
eugene
o'neill
class
of
1910</em></li
maria
ressa
class
of
investigative
journalist</em></li
woodrow
wilson
class
of
member
of
the
faculty
and
president
emeritus
of
the
university</em></li
james
peebles
the
albert
einstein
professor
of
science
emeritus
and
professor
of
physics
emeritus
ph.d.
62</em></li
kip
s.
thorne
ph.d.
65</em></li
frank
wilczek
ph.d.
75</em></li
steven
weinberg
ph.d.
57</em></li
john
bardeen
ph.d.
36</em></li
richard
p.
feynman
ph.d.
42&nbsp;</em></li
robert
hofstadter
ph.d.
38</em></li
john
bardeen
ph.d.
36</em></li
clinton
j.
davisson
ph.d.
11</em></li
arthur
h.
compton
ph.d.
16</em></li
lyman
spitzer
jr.
ph.d.
the
charles
a.
young
professor
of
astronomy
emeritus</em></li
posthumous</p></div
william
bowen
ph.d.
president
of
the
university
emeritus</em></li
akshay
venkatesh
ph.d.
02</em></li
manjul
bhargava
ph.d.
the
robert
c.
gunning
and
r.
brandon
fradd
professor
in
mathematics</em></li
terence
c.
tao
ph.d.
96</em></li
edward
witten
ph.d.
76</em></li
michael
h.
freedman
ph.d.
73</em></li
charles
fefferman
ph.d.
the
herbert
jones
university
professor</em></li
kunihiko
kodaira
associate
professor
of
mathematics</li
for
music
caroline
shaw
graduate
student
department
of
music</em></li
for
national
reporting
barton
gellman
ferris
professor
of
journalism
as
part
of
team
of
washington
post
reporters)</em></li
for
general
nonfiction
john
mcphee
ferris
professor
of
journalism</em></li
from
the
present
to
the
possible
go
princeton
tigers
equal
opportunity
and
nondiscrimination
at
princeton
university:</strong
princeton
university
believes
that
commitment
to
principles
of
fairness
and
respect
for
all
is
favorable
to
the
free
and
open
exchange
of
ideas
and
the
university
seeks
to
reach
out
as
widely
as
possible
in
order
to
attract
the
ablest
individuals
as
students
faculty
and
staff
in
applying
this
policy
the
university
is
committed
to
nondiscrimination
on
the
basis
of
personal
beliefs
or
characteristics
such
as
political
views
religion
national
origin
ancestry
race
color
sex
sexual
orientation
gender
identity
or
expression
pregnancy
childbirth
age
marital
or
domestic
partnership
status
veteran
status
disability
genetic
information
and/or
other
characteristics
protected
by
applicable
law
in
any
phase
of
its
education
or
employment
programs
or
activities
in
addition
pursuant
to
title
ix
of
the
education
amendments
of
and
supporting
regulations
princeton
does
not
discriminate
on
the
basis
of
sex
in
the
education
programs
or
activities
that
it
operates
this
extends
to
admission
and
employment
inquiries
about
the
application
of
title
ix
and
its
supporting
regulations
may
be
directed
to
the
assistant
secretary
for
civil
rights
office
for
civil
rights
u.s.
department
of
education
or
to
the
universitys
sexual
misconduct
title
ix
coordinator
see
princetons
full
operator
copy
the
trustees
of
princeton&nbsp;university
