window.datalayer
window.datalayer
||
function
gtag(){datalayer.push(arguments)};gtag("js
new
date());gtag("set
developer_id.dmdhkmt
true);gtag("config
UA-1706522
groups":"default","anonymize_ip":true,"page_placeholder":"PLACEHOLDER_page_path","link_attribution":true,"allow_ad_personalization_signals":false,"custom_map":{"dimension1":"Audience","dimension2":"Page
Level","dimension3":"Content
type"}});gtag("config
G-92L6B9PQCG
groups":"default","page_placeholder":"placeholder_page_location","link_attribution":true,"allow_ad_personalization_signals":false});gtag("event
custom
audience":"n\/a","page
Level":"1","Content
type":"landing_page"});</script
events
princeton
university</title
skip
to
main
content
or
for
more
information.</p
arts
princeton
university
concerts
at
the
library
book
group
quot;the
pianist
from
syria&quot
by
aeham
Ahmad</h3
princeton
public
library
witherspoon
st
princeton
08542</div
10:30
a.m.
arts
health
amp
wellness
swing
dance
club
weekly
Meeting</h3
friend
center
convocation
room</div
7:00
p.m.
religion
amp
spirituality
worship
Service</h3
chapel</div
11:00
a.m.
university
holiday
labor
Day</h3
12:00
a.m.
health
amp
wellness
religion
amp
spirituality
plant
Giveaway</h3
frist
campus
center
table
B3</div
3:45
p.m.
academics
amp
research
spinoza
cancelled
screening
and
discussion
of
david
ofeks
film
spinoza
reasons
for
the
excommunication
of
the
philosopher
2023)</h3
architecture
building
N101
betts
auditorium</div
6:30
p.m.
social
outdoor
spaces
firestone
plaza</div
11:00
a.m.
arts
princeton
university
concerts
at
the
library
book
group
quot;the
pianist
from
syria&quot
by
aeham
Ahmad</h3
princeton
public
library
witherspoon
st
princeton
08542</div
7:00
p.m.
arts
after
noon
Concert</h3
chapel</div
12:30
p.m.
religion
amp
spirituality
lutheran
campus
ministry
table
Talk</h3
dodge
hall
conference
room</div
6:00
p.m.
arts
athletics
swing
dance
club
weekly
Meeting</h3
friend
center
convocation
room</div
7:00
p.m.
arts
release
the
shame
exhibition
by
christopher
nez
and
branden
Wallace</h3
colab
lewis
arts
complex
alexander
street</div
10:00
a.m.
arts
release
the
shame
exhibition
by
christopher
nez
and
branden
Wallace</h3
colab
lewis
arts
complex
alexander
street</div
10:00
a.m.
arts
release
the
shame
exhibition
by
christopher
nez
and
branden
Wallace</h3
colab
lewis
arts
complex
alexander
street</div
10:00
a.m.
religion
amp
spirituality
worship
Service</h3
chapel</div
11:00
a.m.
arts
release
the
shame
exhibition
by
christopher
nez
and
branden
Wallace</h3
colab
lewis
arts
complex
alexander
street</div
10:00
a.m.
arts
release
the
shame
exhibition
by
christopher
nez
and
branden
Wallace</h3
colab
lewis
arts
complex
alexander
street</div
10:00
a.m.
entrepreneurship
club
open
House</h3
east
pyne
building
001COR
lower
hyphen
east
pyne
building
010COR</div
3:30
p.m.
arts
cultural
atelier@large
conversations
on
art
making
in
vexed
era
david
bellos
bridget
kearney
amp
dinaw
Mengestu</h3
richardson
auditorium</div
4:30
p.m.
arts
release
the
shame
exhibition
by
christopher
nez
and
branden
Wallace</h3
colab
lewis
arts
complex
alexander
street</div
10:00
a.m.
social
outdoor
spaces
firestone
plaza</div
11:00
a.m.
arts
release
the
shame
exhibition
by
christopher
nez
and
branden
Wallace</h3
colab
lewis
arts
complex
alexander
street</div
10:00
a.m.
arts
after
noon
Concert</h3
chapel</div
12:30
p.m.
arts
cultural
seuls
en
scne
presents
conversation
with
hortense
archambault
amp
tiago
Rodrigues</h3
east
pyne
room
princeton
university</div
4:30
p.m.
arts
athletics
swing
dance
club
weekly
Meeting</h3
friend
center
convocation
room</div
7:00
p.m.
arts
cultural
members
opening
helne
aylon
undercurrent
and
under
southern
star
identity
and
environment
in
australian
Photography</h3
invite
only</div
5:00
p.m.
arts
cultural
seuls
en
scne
presents
laddition
by
tim
Etchells</h3
wallace
theater
lewis
arts
complex
alexander
street</div
8:00
p.m.
arts
cultural
seuls
en
scne
presents
les
paradoxes
du
comdien</h3
11:00
a.m.
arts
cultural
seuls
en
scne
presents
chur
des
amants
by
tiago
Rodrigues</h3
hearst
dance
theater
lewis
arts
complex
alexander
street</div
5:00
p.m.
arts
cultural
seuls
en
scne
presents
laddition
by
tim
Etchells</h3
wallace
theater
lewis
arts
complex
alexander
street</div
8:00
p.m.
current
page
page
page
page
page
page
from
the
present
to
the
possible
go
princeton
tigers
equal
opportunity
and
nondiscrimination
at
princeton
university:</strong
princeton
university
believes
that
commitment
to
principles
of
fairness
and
respect
for
all
is
favorable
to
the
free
and
open
exchange
of
ideas
and
the
university
seeks
to
reach
out
as
widely
as
possible
in
order
to
attract
the
ablest
individuals
as
students
faculty
and
staff
in
applying
this
policy
the
university
is
committed
to
nondiscrimination
on
the
basis
of
personal
beliefs
or
characteristics
such
as
political
views
religion
national
origin
ancestry
race
color
sex
sexual
orientation
gender
identity
or
expression
pregnancy
childbirth
age
marital
or
domestic
partnership
status
veteran
status
disability
genetic
information
and/or
other
characteristics
protected
by
applicable
law
in
any
phase
of
its
education
or
employment
programs
or
activities
in
addition
pursuant
to
title
ix
of
the
education
amendments
of
and
supporting
regulations
princeton
does
not
discriminate
on
the
basis
of
sex
in
the
education
programs
or
activities
that
it
operates
this
extends
to
admission
and
employment
inquiries
about
the
application
of
title
ix
and
its
supporting
regulations
may
be
directed
to
the
assistant
secretary
for
civil
rights
office
for
civil
rights
u.s.
department
of
education
or
to
the
universitys
sexual
misconduct
title
ix
coordinator
see
princetons
full
operator
copy
the
trustees
of
princeton&nbsp;university
