window.datalayer
window.datalayer
||
function
gtag(){datalayer.push(arguments)};gtag("js
new
date());gtag("set
developer_id.dmdhkmt
true);gtag("config
UA-1706522
groups":"default","anonymize_ip":true,"page_placeholder":"PLACEHOLDER_page_path","link_attribution":true,"allow_ad_personalization_signals":false,"custom_map":{"dimension1":"Audience","dimension2":"Page
Level","dimension3":"Content
type"}});gtag("config
G-92L6B9PQCG
groups":"default","page_placeholder":"placeholder_page_location","link_attribution":true,"allow_ad_personalization_signals":false});gtag("event
custom
audience":"n\/a","page
Level":"2","Content
type":"chaptered"});</script
serving
the
public
good
princeton
university</title
skip
to
main
content
princeton
university
staff
sort
items
at
mercer
st
friends
food
bank
serving
the
public
good</span
our
efforts
to
serve
the
public
good
are
evident
through
direct
activities
such
as
food
drives
and
tutoring
but
they
're
also
woven
through
courses
and
research
from
studying
languages
to
research
about
climate
change
students
learn
about
how
to
contribute
to
society
during
their
time
on
campus
faculty
serve
the
public
through
their
scholarship
and
alumni
go
on
to
lives
of
leadership
and
engagement.</p></div
pace
center
for
civic
Engagement&nbsp;</strong></h3
students
pose
in
front
of
mural
in
trenton
seeks
to
teach
students
why
and
how
to
be
engaged
in
meaningful
sustained
service
service
activities
are
surrounded
by
discussions
addressing
the
underlying
policy
issues
meetings
with
community
groups
training
on
how
to
assess
the
impact
of
their
work
and
opportunities
for
reflecting
on
service.</p
advocacy
and&nbsp;Activism&nbsp;</strong></h3
and
regularly
host
speakers
who
share
their
experiences
in
working
to
build
more
just
society.</p></div
student
presents
her
findings
at
the
2017
cbli
poster
fair
some
courses
have
hands
on
component
to
engage
students
in
service
the
after
morning
meeting
students
on
the
quot;sex
sexism
and
sexuality&quot
trip
relax
in
central
park
the
group
spent
week
in
new
york
city
meeting
with
organizations
involved
in
the
feminism
movement
after
morning
meeting
students
on
breakout
princeton
trip
relax
in
central
park
the
group
spent
week
in
new
york
city
meeting
with
organizations
involved
in
the
feminism
movement.&nbsp;</p></div><div
class="image
byline"><div
class="field
field
name
field
byline
freeform
field
type
string
field
label
hidden
field__item">photo
by
lawrence
liu
class
of
2016</div></div></div></article
tuition
free
program
in
which
incoming
freshmen
defer
their
first
year
of
college
to
engage
in
service
abroad
number
of
programs
for
undergraduate
and
graduate
students
are
organized
through
the
pace
center
for
civic
engagement
including
an
orientation
program
centered
around
service
weeklong
service
trips
during
school
breaks
which
focuses
on
education
for
local
princeton
families
and
the
student
volunteers
council</a
which
coordinates
more
than
regular
projects
ranging
from
college
counseling
to
firefighting
students
in
the&nbsp;<a
href="http://kellercenter.princeton.edu
create
tiger
challenge
overview">keller
center
's
tiger
challenge</a
work
in
small
teams
to
address
societal
issues
like
affordable
housing
and
adolescent
mental.</p
and
Internships&nbsp;</strong></h3
program
an
alumni
initiative
established
by
the
class
of
matches
students
with
alumni
and
nonprofit
organizations
for
paid
summer
internships.</p
and
the
help
identify
internships
that
suit
students
skills
values
and
potential
careers
all
careers
offer
the
opportunity
to
serve
the
common
good
directly
or
indirectly
and
these
offices
offer
advising
to
help
you
find
an
opportunity
that
will
be
fulfilling
and
will
help
you
decide
on
career
path.</p
every
princeton
undergraduate
will
have
the
opportunity
to
participate
in
paid
service
internship
over
the
summer
through
the&nbsp;</span></span><a
href="http://lens.princeton.edu/
learning
and
education
through
service</span></span></a><span><span
lens
initiative.</span></span></span></span></p
employee
Engagement&nbsp;</strong></h3
2017
month
of
service
princeton
nursury
school
in
addition
to
supporting
princeton
's
academic
mission
faculty
and
staff
can
give
back
to
the
local
community
through
number
of
annual
programs
the
university
coordinates
including
around
the
holidays
and
for
adults
re
entering
the
workforce
and
in
need
of
business
attire
the
office
of
community
and
regional
affairs
also
collects
and
shares
information
on
such
as
serving
meals
providing
transportation
for
seniors
dog
walking
and
training
at
local
shelter
and
maintaining
hiking
trails.</p></div
rotc
commissioning
ceremony
2022
savannah
hampton
chose
to
do
her
first
silver
dollar
salute
time
honored
tradition
in
which
brand
new
second
lieutenant
hands
silver
dollar
to
the
first
officer
who
salutes
them
with
her
grandfather
air
force
master
sergeant
bob
stone.</p></div><div
class="image
byline"><div
class="field
field
name
field
byline
prefix
field
type
string
field
label
hidden
field__item">photo
by</div><div
class="field
field
name
field
byline
field
type
entity
reference
field
label
hidden
field__items"><div
class="field__item"><div
about="/taxonomy
term/1251"><div
class="field
field
name
name
field
type
string
field
label
hidden
field__item">sameer
a.
khan
fotobuddy</div></div></div></div></div></div></article
and
from
the
present
to
the
possible
go
princeton
tigers
equal
opportunity
and
nondiscrimination
at
princeton
university:</strong
princeton
university
believes
that
commitment
to
principles
of
fairness
and
respect
for
all
is
favorable
to
the
free
and
open
exchange
of
ideas
and
the
university
seeks
to
reach
out
as
widely
as
possible
in
order
to
attract
the
ablest
individuals
as
students
faculty
and
staff
in
applying
this
policy
the
university
is
committed
to
nondiscrimination
on
the
basis
of
personal
beliefs
or
characteristics
such
as
political
views
religion
national
origin
ancestry
race
color
sex
sexual
orientation
gender
identity
or
expression
pregnancy
childbirth
age
marital
or
domestic
partnership
status
veteran
status
disability
genetic
information
and/or
other
characteristics
protected
by
applicable
law
in
any
phase
of
its
education
or
employment
programs
or
activities
in
addition
pursuant
to
title
ix
of
the
education
amendments
of
and
supporting
regulations
princeton
does
not
discriminate
on
the
basis
of
sex
in
the
education
programs
or
activities
that
it
operates
this
extends
to
admission
and
employment
inquiries
about
the
application
of
title
ix
and
its
supporting
regulations
may
be
directed
to
the
assistant
secretary
for
civil
rights
office
for
civil
rights
u.s.
department
of
education
or
to
the
universitys
sexual
misconduct
title
ix
coordinator
see
princetons
full
operator
copy
the
trustees
of
princeton&nbsp;university
