purdue
university</title
var
gtm4wp_datalayer_name
datalayer
var
datalayer
datalayer
||
img.wp
smiley
img.emoji
display
inline
important
border
none
important
box
shadow
none
important
height
1em
important
width
1em
important
margin
0.07em
important
vertical
align
-0.1em
important
background
none
important
padding
important
root
--admin
bar
top
7px
var
datalayer_content
pagePostType":"frontpage","pagePostType2":"single
page","pagepostauthor":"yanhua
zong
datalayer.push
datalayer_content
function(w
i){w[l]=w[l]||[];w[l].push({'gtm.start
new
date().gettime(),event:'gtm.js'});var
d.getElementsByTagName(s)[0
d.createelement(s),dl
l!='datalayer'?'&l='+l:'';j.async
true;j.src=
//www.googletagmanager.com
gtm.js?id='+i+dl;f.parentnode.insertbefore(j
window
document,'script','datalayer','gtm
T863X92Z
purdue
logo
menu</span
close</span
purdue
logo
students
walking
on
the
purdue
university
west
west
lafayette
campus
southern
airways
express
plane
on
the
tarmac
at
purdue
university
airport
head
coach
matt
painter
and
the
boilermaker
mens
basketball
team
celebrating
their
elite
eight
march
madness
win
the
purdue
engineering
fountain
and
boilermaker
special
in
the
spring
go
kart
racer
in
the
purdue
grand
prix
purdue
student
reads
book
outdoors
on
campus
purdue
university
student
holding
diploma
purdue
university
students
working
on
rocket
purdue
university
students
having
fun
purdue
university
astronauts
speaking
event
students
walking
on
the
purdue
university
west
west
lafayette
campus
southern
airways
express
plane
on
the
tarmac
at
purdue
university
airport
head
coach
matt
painter
and
the
boilermaker
mens
basketball
team
celebrating
their
elite
eight
march
madness
win
the
purdue
engineering
fountain
and
boilermaker
special
in
the
spring
go
kart
racer
in
the
purdue
grand
prix
purdue
student
reads
book
outdoors
on
campus
purdue
university
student
holding
diploma
purdue
university
students
working
on
rocket
purdue
university
students
having
fun
purdue
university
astronauts
speaking
event
group
os
students
walking
downtown
indianapolis
purdue
university
students
standing
in
front
of
neil
armstrong
statue
two
men
and
one
woman
walking
beside
river
with
indianapolis
in
the
background
purdue
university
students
learning
in
workshop
two
people
carrying
plants
at
the
purdue
extension
master
gardener
plant
sale
purdue
student
walking
across
an
intersection
featuring
large
motion
mark
purdue
university
students
playing
block
building
game
group
of
students
sitting
under
tree
in
downtown
indianapolis
purdue
university
students
learning
in
lab
dog
in
swimming
pool
at
purdue
university
group
os
students
walking
downtown
indianapolis
purdue
university
students
standing
in
front
of
neil
armstrong
statue
two
men
and
one
woman
walking
beside
river
with
indianapolis
in
the
background
purdue
university
students
learning
in
workshop
two
people
carrying
plants
at
the
purdue
extension
master
gardener
plant
sale
purdue
student
walking
across
an
intersection
featuring
large
motion
mark
purdue
university
students
playing
block
building
game
group
of
students
sitting
under
tree
in
downtown
indianapolis
purdue
university
students
learning
in
lab
dog
in
swimming
pool
at
purdue
university
most
popular
searches:</span><ul><li><a
href="https://www.purdue.edu
campuses
indianapolis/">indianapolis</a>,</li><li><a
href="https://www.housing.purdue.edu/">housing</a>,</li><li><a
href="https://www.admissions.purdue.edu
majors
index.php">majors</a>,</li><li><a
href="https://www.purdue.edu
sao
index.html">student
orgs</a>,</li><li><a
href="https://dining.purdue.edu/">dining</a></li></ul></div
founders
park
purdues
stadium
mall
including
the
gateway
to
the
future
and
neil
armstrong
hall
of
engineering
france
a.
crdova
recreational
sports
center
the
purdue
engineering
fountain
in
the
spring
river
running
through
downtown
indianapolis
purdues
stadium
mall
including
the
gateway
to
the
future
and
neil
armstrong
hall
of
engineering
purdues
neil
armstrong
statue
purdues
stadium
mall
including
the
gateway
to
the
future
and
neil
armstrong
hall
of
engineering
purdues
gateway
to
the
future
arch
france
a.
crdova
recreational
sports
center
yoga
at
purdue
university
france
a.
crdova
recreational
sports
center
rock
wall
climbing
and
purdue
university
the
purdue
engineering
fountain
in
the
spring
purdue
university
bell
tower
the
purdue
engineering
fountain
in
the
spring
engineering
fountain
at
purdue
university
river
running
through
downtown
indianapolis
male
college
student
in
motorsports
lab
working
on
car
river
running
through
downtown
indianapolis
female
college
student
wearing
purdue
shirt
sitting
in
front
of
laptop
and
smiling
purdues
neil
armstrong
statue
purdues
gateway
to
the
future
arch
yoga
at
purdue
university
rock
wall
climbing
and
purdue
university
purdue
university
bell
tower
engineering
fountain
at
purdue
university
male
college
student
in
motorsports
lab
working
on
car
female
college
student
wearing
purdue
shirt
sitting
in
front
of
laptop
and
smiling
state
of
the
art
chip
designs
out
of
purdue
university
associate
professor
shreyas
sens
lab
may
help
the
tech
industry
address
the
energy
constraints
of
wearable
devices
which
prevent
them
from
using
ai
to
solve
more
complex
problems
purdue
university
photo
greta
bell
ali
bramson
preeti
sivasankar
purdue
logo
plus_icon</title
plus_icon</title
plus_icon</title
plus_icon</title
copy
purdue
university
all
rights
reserved.<br
root{--wp
preset
aspect
ratio
square
1;--wp
preset
aspect
ratio--4
4/3;--wp
preset
aspect
ratio--3
3/4;--wp
preset
aspect
ratio--3
3/2;--wp
preset
aspect
ratio--2
2/3;--wp
preset
aspect
ratio--16
16/9;--wp
preset
aspect
ratio--9
9/16;--wp
preset
color
black
000000;--wp
preset
color
cyan
bluish
gray
abb8c3;--wp
preset
color
white
ffffff;--wp
preset
color
pale
pink
f78da7;--wp
preset
color
vivid
red
cf2e2e;--wp
preset
color
luminous
vivid
orange
ff6900;--wp
preset
color
luminous
vivid
amber
fcb900;--wp
preset
color
light
green
cyan
7bdcb5;--wp
preset
color
vivid
green
cyan
00d084;--wp
preset
color
pale
cyan
blue
8ed1fc;--wp
preset
color
vivid
cyan
blue
0693e3;--wp
preset
color
vivid
purple
9b51e0;--wp
preset
color
boiler
gold
cfb991;--wp
preset
color
aged
gold
8e6f3e;--wp
preset
color
dust
gold
EBD99F;--wp
preset
color
field
gold
DDB945;--wp
preset
color
rush
gold
DAAA00;--wp
preset
color
steel
gray
555960;--wp
preset
color
cool
gray
6F727B;--wp
preset
color
railway
gray
9D9795;--wp
preset
color
steam
gray
C4BFC0;--wp
preset
color
opaque
rgba(0,0,0,0.65;--wp
preset
color
transparent
rgba(0,0,0,0;--wp
preset
gradient
vivid
cyan
blue
to
vivid
purple
linear
gradient(135deg
rgba(6,147,227,1
0%,rgb(155,81,224
100%);--wp
preset
gradient
light
green
cyan
to
vivid
green
cyan
linear
gradient(135deg
rgb(122,220,180
0%,rgb(0,208,130
100%);--wp
preset
gradient
luminous
vivid
amber
to
luminous
vivid
orange
linear
gradient(135deg
rgba(252,185,0,1
0%,rgba(255,105,0,1
100%);--wp
preset
gradient
luminous
vivid
orange
to
vivid
red
linear
gradient(135deg
rgba(255,105,0,1
0%,rgb(207,46,46
100%);--wp
preset
gradient
very
light
gray
to
cyan
bluish
gray
linear
gradient(135deg
rgb(238,238,238
0%,rgb(169,184,195
100%);--wp
preset
gradient
cool
to
warm
spectrum
linear
gradient(135deg
rgb(74,234,220
0%,rgb(151,120,209
20%,rgb(207,42,186
40%,rgb(238,44,130
60%,rgb(251,105,98
80%,rgb(254,248,76
100%);--wp
preset
gradient
blush
light
purple
linear
gradient(135deg
rgb(255,206,236
0%,rgb(152,150,240
100%);--wp
preset
gradient
blush
bordeaux
linear
gradient(135deg
rgb(254,205,165
0%,rgb(254,45,45
50%,rgb(107,0,62
100%);--wp
preset
gradient
luminous
dusk
linear
gradient(135deg
rgb(255,203,112
0%,rgb(199,81,192
50%,rgb(65,88,208
100%);--wp
preset
gradient
pale
ocean
linear
gradient(135deg
rgb(255,245,203
0%,rgb(182,227,212
50%,rgb(51,167,181
100%);--wp
preset
gradient
electric
grass
linear
gradient(135deg
rgb(202,248,128
0%,rgb(113,206,126
100%);--wp
preset
gradient
midnight
linear
gradient(135deg
rgb(2,3,129
0%,rgb(40,116,252
100%);--wp
preset
font
size
small
13px;--wp
preset
font
size
medium
20px;--wp
preset
font
size
large
36px;--wp
preset
font
size
large
42px;--wp
preset
spacing--20
0.44rem;--wp
preset
spacing--30
0.67rem;--wp
preset
spacing--40
1rem;--wp
preset
spacing--50
1.5rem;--wp
preset
spacing--60
2.25rem;--wp
preset
spacing--70
3.38rem;--wp
preset
spacing--80
5.06rem;--wp
preset
shadow
natural
6px
6px
9px
rgba(0
0.2);--wp
preset
shadow
deep
12px
12px
50px
rgba(0
0.4);--wp
preset
shadow
sharp
6px
6px
0px
rgba(0
0.2);--wp
preset
shadow
outlined
6px
6px
0px
-3px
rgba(255
6px
6px
rgba(0
1);--wp
preset
shadow
crisp
6px
6px
0px
rgba(0
1);}:where(.is
layout
flex){gap
0.5em;}:where(.is
layout
grid){gap
0.5em;}body
.is
layout
flex{display
flex;}.is
layout
flex{flex
wrap
wrap;align
items
center;}.is
layout
flex
is
div){margin
0;}body
.is
layout
grid{display
grid;}.is
layout
grid
is
div){margin
0;}:where(.wp
block
columns.is
layout
flex){gap
2em;}:where(.wp
block
columns.is
layout
grid){gap
2em;}:where(.wp
block
post
template.is
layout
flex){gap
1.25em;}:where(.wp
block
post
template.is
layout
grid){gap
1.25em;}.has
black
color{color
var(--wp
preset
color
black
important;}.has
cyan
bluish
gray
color{color
var(--wp
preset
color
cyan
bluish
gray
important;}.has
white
color{color
var(--wp
preset
color
white
important;}.has
pale
pink
color{color
var(--wp
preset
color
pale
pink
important;}.has
vivid
red
color{color
var(--wp
preset
color
vivid
red
important;}.has
luminous
vivid
orange
color{color
var(--wp
preset
color
luminous
vivid
orange
important;}.has
luminous
vivid
amber
color{color
var(--wp
preset
color
luminous
vivid
amber
important;}.has
light
green
cyan
color{color
var(--wp
preset
color
light
green
cyan
important;}.has
vivid
green
cyan
color{color
var(--wp
preset
color
vivid
green
cyan
important;}.has
pale
cyan
blue
color{color
var(--wp
preset
color
pale
cyan
blue
important;}.has
vivid
cyan
blue
color{color
var(--wp
preset
color
vivid
cyan
blue
important;}.has
vivid
purple
color{color
var(--wp
preset
color
vivid
purple
important;}.has
black
background
color{background
color
var(--wp
preset
color
black
important;}.has
cyan
bluish
gray
background
color{background
color
var(--wp
preset
color
cyan
bluish
gray
important;}.has
white
background
color{background
color
var(--wp
preset
color
white
important;}.has
pale
pink
background
color{background
color
var(--wp
preset
color
pale
pink
important;}.has
vivid
red
background
color{background
color
var(--wp
preset
color
vivid
red
important;}.has
luminous
vivid
orange
background
color{background
color
var(--wp
preset
color
luminous
vivid
orange
important;}.has
luminous
vivid
amber
background
color{background
color
var(--wp
preset
color
luminous
vivid
amber
important;}.has
light
green
cyan
background
color{background
color
var(--wp
preset
color
light
green
cyan
important;}.has
vivid
green
cyan
background
color{background
color
var(--wp
preset
color
vivid
green
cyan
important;}.has
pale
cyan
blue
background
color{background
color
var(--wp
preset
color
pale
cyan
blue
important;}.has
vivid
cyan
blue
background
color{background
color
var(--wp
preset
color
vivid
cyan
blue
important;}.has
vivid
purple
background
color{background
color
var(--wp
preset
color
vivid
purple
important;}.has
black
border
color{border
color
var(--wp
preset
color
black
important;}.has
cyan
bluish
gray
border
color{border
color
var(--wp
preset
color
cyan
bluish
gray
important;}.has
white
border
color{border
color
var(--wp
preset
color
white
important;}.has
pale
pink
border
color{border
color
var(--wp
preset
color
pale
pink
important;}.has
vivid
red
border
color{border
color
var(--wp
preset
color
vivid
red
important;}.has
luminous
vivid
orange
border
color{border
color
var(--wp
preset
color
luminous
vivid
orange
important;}.has
luminous
vivid
amber
border
color{border
color
var(--wp
preset
color
luminous
vivid
amber
important;}.has
light
green
cyan
border
color{border
color
var(--wp
preset
color
light
green
cyan
important;}.has
vivid
green
cyan
border
color{border
color
var(--wp
preset
color
vivid
green
cyan
important;}.has
pale
cyan
blue
border
color{border
color
var(--wp
preset
color
pale
cyan
blue
important;}.has
vivid
cyan
blue
border
color{border
color
var(--wp
preset
color
vivid
cyan
blue
important;}.has
vivid
purple
border
color{border
color
var(--wp
preset
color
vivid
purple
important;}.has
vivid
cyan
blue
to
vivid
purple
gradient
background{background
var(--wp
preset
gradient
vivid
cyan
blue
to
vivid
purple
important;}.has
light
green
cyan
to
vivid
green
cyan
gradient
background{background
var(--wp
preset
gradient
light
green
cyan
to
vivid
green
cyan
important;}.has
luminous
vivid
amber
to
luminous
vivid
orange
gradient
background{background
var(--wp
preset
gradient
luminous
vivid
amber
to
luminous
vivid
orange
important;}.has
luminous
vivid
orange
to
vivid
red
gradient
background{background
var(--wp
preset
gradient
luminous
vivid
orange
to
vivid
red
important;}.has
very
light
gray
to
cyan
bluish
gray
gradient
background{background
var(--wp
preset
gradient
very
light
gray
to
cyan
bluish
gray
important;}.has
cool
to
warm
spectrum
gradient
background{background
var(--wp
preset
gradient
cool
to
warm
spectrum
important;}.has
blush
light
purple
gradient
background{background
var(--wp
preset
gradient
blush
light
purple
important;}.has
blush
bordeaux
gradient
background{background
var(--wp
preset
gradient
blush
bordeaux
important;}.has
luminous
dusk
gradient
background{background
var(--wp
preset
gradient
luminous
dusk
important;}.has
pale
ocean
gradient
background{background
var(--wp
preset
gradient
pale
ocean
important;}.has
electric
grass
gradient
background{background
var(--wp
preset
gradient
electric
grass
important;}.has
midnight
gradient
background{background
var(--wp
preset
gradient
midnight
important;}.has
small
font
size{font
size
var(--wp
preset
font
size
small
important;}.has
medium
font
size{font
size
var(--wp
preset
font
size
medium
important;}.has
large
font
size{font
size
var(--wp
preset
font
size
large
important;}.has
large
font
size{font
size
var(--wp
preset
font
size
large
important
