office
of
diversity
inclusion
and
belonging
office
of
diversity
inclusion
and
belonging
purdue
university</title
.introcontainer
height:700px
background
position
center
center
.introcontainer
.intro
.content
padding
10px
10px
font
size
1em
background
color:#CFB991
display
block
@media
min
width
576px
.intro
padding
top:0
@media
min
width
768px
.intro
padding
top:30px
@media
min
width
992px
.intro
padding
top:100px
@media
min
width
1200px
.intro
padding
top:300px
var
mcode
var
scodes
setanalytics(mcode
scodes
quick
links
function
var
cx
mjxnqnpskjk
var
gcse
document.createelement('script
gcse.type
text
javascript
gcse.async
true
gcse.src
https://cse.google.com/cse.js?cx=
cx
var
document.getElementsByTagName('script')[0
s.parentnode.insertbefore(gcse
loading
purdue
university
menu
@media
min
width:1200px
.introcontainer
background
image
url("DM2A9627
X3.jpg
@media
min
width:992px
and
max
width:1199px
.introcontainer
background
image
url("DM2A9627
X3.jpg
@media
min
width:767px
and
max
width:991px
.introcontainer
background
image
url("DM2A9627
X3.jpg
@media
min
width:481px
and
max
width:768px
.introcontainer
background
image
url("DM2A9627
X3.jpg
@media
max
width:480px
.introcontainer
background
image
url("DM2A9627
X3.jpg
office
of
diversity
inclusion
and
belonging
connect
to
ddi
cultural
and
resource
Centers</h3
butler
center
for
leadership
excellence
butler
center
for
leadership
excellence</a></li
diversity
initiatives
and
Resources</h3
diversity
Organizations</h3
purdue
university
purdue
university
facebook
twitter
youtube
instagram
pinterest
linkedin
purdue
university
purdue
mall
west
lafayette
in
4600</p
purdue
university</a
trouble
with
this
page
disability
related
issue
please
contact&#160
the
office
of
diversity
inclusion
and
belonging
