asian
american
and
asian
resource
and
cultural
center
purdue
university</title
.btn
info
background
color:#000
color:#ffffff
important
width:100
.btn
info
hover
background
color:#cccccc
color:#000000
important
width:100
var
mcode
var
scodes
sCodes.push('UA-2785081
setanalytics(mcode
scodes
quick
links
function
var
cx
mjxnqnpskjk
var
gcse
document.createelement('script
gcse.type
text
javascript
gcse.async
true
gcse.src
https://cse.google.com/cse.js?cx=
cx
var
document.getElementsByTagName('script')[0
s.parentnode.insertbefore(gcse
loading
purdue
university
menu
@media
min
width:1200px
.banner
background
image
url("images
lunar
new
year
@media
min
width:992px
and
max
width:1199px
.banner
background
image
url("images
lunar
new
year
@media
min
width:768px
and
max
width:991px
.banner
background
image
url("images
lunar
new
year
@media
min
width:481px
and
max
width:767px
.banner
background
image
url("images
lunar
new
year
@media
max
width:480px
.banner
background
image
url("images
lunar
new
year
welcome
to
the
asian
american
and
asian
resource
and
cultural
center
AAARCC)</h1
the
asian
american
and
asian
resource
and
cultural
center
aaarcc
provides
dynamic
educational
resources
for
the
purdue
community
and
the
lafayette
west
lafayette
community
since
joining
purdue
in
april
under
the&#160
office
of
diversity
inclusion
and
belonging,</span
the
aaarcc
has
opened
its
doors
to
all
and
seeks
to
remain
as
source
of
education
integration
and
support
programs
and
events
will
be
constantly
evolving
to
meet
the
ever
changing
needs
of
the
campus
community
our
space
is
committed
to
preserving
advancing
and
connecting
the
rich
diversity
here
at
purdue
to
offer
an
exciting
global
experience
for
all.&#160;</p
purdue
Hotline</h2
this
enterprise
wide
hotline
exists
to
aid
you
in
reporting
concerns
anonymously
about
unethical
or
illegal
behavior
submit
reports
for
all
purdue
locations
including
but
not
limited
to
purdue
university
purdue
university
fort
wayne
purdue
university
northwest
purdue
university
global
purdue
international
inc.
intercollegiate
athletics
as
well
as
purdue
statewide
and
around
the
world.</p
.st0{fill:#FFFFFF
.st1{fill:#CFB991
.st2{fill:#9D9795
purdue
university
logo</title
.v
st0{fill:#CFB991
.v
st1{fill:#9D9795
.v
st2{fill:#FFFFFF
purdue
university
logo</title
purdue
university
purdue
mall
west
lafayette
in
4600</p
contact
for
accessibility
issues
with
this
page
