bursar
forms
x2d
finance</title
var
gtm4wp_datalayer_name
datalayer
var
datalayer
datalayer
||
img.wp
smiley
img.emoji
display
inline
important
border
none
important
box
shadow
none
important
height
1em
important
width
1em
important
margin
0.07em
important
vertical
align
-0.1em
important
background
none
important
padding
important
this
file
is
auto
generated
.wp
block
button__link{color:#fff;background
color:#32373c;border
radius:9999px;box
shadow
none;text
decoration
none;padding
calc(.667em
2px
calc(1.333em
2px);font
size:1.125em}.wp
block
file__button{background:#32373c;color:#fff;text
decoration
none
root{--wp
preset
aspect
ratio
square
1;--wp
preset
aspect
ratio--4
4/3;--wp
preset
aspect
ratio--3
3/4;--wp
preset
aspect
ratio--3
3/2;--wp
preset
aspect
ratio--2
2/3;--wp
preset
aspect
ratio--16
16/9;--wp
preset
aspect
ratio--9
9/16;--wp
preset
color
black
000000;--wp
preset
color
cyan
bluish
gray
abb8c3;--wp
preset
color
white
ffffff;--wp
preset
color
pale
pink
f78da7;--wp
preset
color
vivid
red
cf2e2e;--wp
preset
color
luminous
vivid
orange
ff6900;--wp
preset
color
luminous
vivid
amber
fcb900;--wp
preset
color
light
green
cyan
7bdcb5;--wp
preset
color
vivid
green
cyan
00d084;--wp
preset
color
pale
cyan
blue
8ed1fc;--wp
preset
color
vivid
cyan
blue
0693e3;--wp
preset
color
vivid
purple
9b51e0;--wp
preset
color
boiler
gold
cfb991;--wp
preset
color
aged
gold
8e6f3e;--wp
preset
color
dust
gold
EBD99F;--wp
preset
color
field
gold
DDB945;--wp
preset
color
rush
gold
DAAA00;--wp
preset
color
steel
gray
555960;--wp
preset
color
cool
gray
6F727B;--wp
preset
color
railway
gray
9D9795;--wp
preset
color
steam
gray
C4BFC0;--wp
preset
color
opaque
rgba(0,0,0,0.65);--wp
preset
color
transparent
rgba(0,0,0,0);--wp
preset
gradient
vivid
cyan
blue
to
vivid
purple
linear
gradient(135deg
rgba(6,147,227,1
0%,rgb(155,81,224
100%);--wp
preset
gradient
light
green
cyan
to
vivid
green
cyan
linear
gradient(135deg
rgb(122,220,180
0%,rgb(0,208,130
100%);--wp
preset
gradient
luminous
vivid
amber
to
luminous
vivid
orange
linear
gradient(135deg
rgba(252,185,0,1
0%,rgba(255,105,0,1
100%);--wp
preset
gradient
luminous
vivid
orange
to
vivid
red
linear
gradient(135deg
rgba(255,105,0,1
0%,rgb(207,46,46
100%);--wp
preset
gradient
very
light
gray
to
cyan
bluish
gray
linear
gradient(135deg
rgb(238,238,238
0%,rgb(169,184,195
100%);--wp
preset
gradient
cool
to
warm
spectrum
linear
gradient(135deg
rgb(74,234,220
0%,rgb(151,120,209
20%,rgb(207,42,186
40%,rgb(238,44,130
60%,rgb(251,105,98
80%,rgb(254,248,76
100%);--wp
preset
gradient
blush
light
purple
linear
gradient(135deg
rgb(255,206,236
0%,rgb(152,150,240
100%);--wp
preset
gradient
blush
bordeaux
linear
gradient(135deg
rgb(254,205,165
0%,rgb(254,45,45
50%,rgb(107,0,62
100%);--wp
preset
gradient
luminous
dusk
linear
gradient(135deg
rgb(255,203,112
0%,rgb(199,81,192
50%,rgb(65,88,208
100%);--wp
preset
gradient
pale
ocean
linear
gradient(135deg
rgb(255,245,203
0%,rgb(182,227,212
50%,rgb(51,167,181
100%);--wp
preset
gradient
electric
grass
linear
gradient(135deg
rgb(202,248,128
0%,rgb(113,206,126
100%);--wp
preset
gradient
midnight
linear
gradient(135deg
rgb(2,3,129
0%,rgb(40,116,252
100%);--wp
preset
font
size
small
13px;--wp
preset
font
size
medium
20px;--wp
preset
font
size
large
36px;--wp
preset
font
size
large
42px;--wp
preset
spacing--20
0.44rem;--wp
preset
spacing--30
0.67rem;--wp
preset
spacing--40
1rem;--wp
preset
spacing--50
1.5rem;--wp
preset
spacing--60
2.25rem;--wp
preset
spacing--70
3.38rem;--wp
preset
spacing--80
5.06rem;--wp
preset
shadow
natural
6px
6px
9px
rgba(0
0.2);--wp
preset
shadow
deep
12px
12px
50px
rgba(0
0.4);--wp
preset
shadow
sharp
6px
6px
0px
rgba(0
0.2);--wp
preset
shadow
outlined
6px
6px
0px
-3px
rgba(255
6px
6px
rgba(0
1);--wp
preset
shadow
crisp
6px
6px
0px
rgba(0
1);}:where(.is
layout
flex){gap
0.5em;}:where(.is
layout
grid){gap
0.5em;}body
.is
layout
flex{display
flex;}.is
layout
flex{flex
wrap
wrap;align
items
center;}.is
layout
flex
is
div){margin
0;}body
.is
layout
grid{display
grid;}.is
layout
grid
is
div){margin
0;}:where(.wp
block
columns.is
layout
flex){gap
2em;}:where(.wp
block
columns.is
layout
grid){gap
2em;}:where(.wp
block
post
template.is
layout
flex){gap
1.25em;}:where(.wp
block
post
template.is
layout
grid){gap
1.25em;}.has
black
color{color
var(--wp
preset
color
black
important;}.has
cyan
bluish
gray
color{color
var(--wp
preset
color
cyan
bluish
gray
important;}.has
white
color{color
var(--wp
preset
color
white
important;}.has
pale
pink
color{color
var(--wp
preset
color
pale
pink
important;}.has
vivid
red
color{color
var(--wp
preset
color
vivid
red
important;}.has
luminous
vivid
orange
color{color
var(--wp
preset
color
luminous
vivid
orange
important;}.has
luminous
vivid
amber
color{color
var(--wp
preset
color
luminous
vivid
amber
important;}.has
light
green
cyan
color{color
var(--wp
preset
color
light
green
cyan
important;}.has
vivid
green
cyan
color{color
var(--wp
preset
color
vivid
green
cyan
important;}.has
pale
cyan
blue
color{color
var(--wp
preset
color
pale
cyan
blue
important;}.has
vivid
cyan
blue
color{color
var(--wp
preset
color
vivid
cyan
blue
important;}.has
vivid
purple
color{color
var(--wp
preset
color
vivid
purple
important;}.has
black
background
color{background
color
var(--wp
preset
color
black
important;}.has
cyan
bluish
gray
background
color{background
color
var(--wp
preset
color
cyan
bluish
gray
important;}.has
white
background
color{background
color
var(--wp
preset
color
white
important;}.has
pale
pink
background
color{background
color
var(--wp
preset
color
pale
pink
important;}.has
vivid
red
background
color{background
color
var(--wp
preset
color
vivid
red
important;}.has
luminous
vivid
orange
background
color{background
color
var(--wp
preset
color
luminous
vivid
orange
important;}.has
luminous
vivid
amber
background
color{background
color
var(--wp
preset
color
luminous
vivid
amber
important;}.has
light
green
cyan
background
color{background
color
var(--wp
preset
color
light
green
cyan
important;}.has
vivid
green
cyan
background
color{background
color
var(--wp
preset
color
vivid
green
cyan
important;}.has
pale
cyan
blue
background
color{background
color
var(--wp
preset
color
pale
cyan
blue
important;}.has
vivid
cyan
blue
background
color{background
color
var(--wp
preset
color
vivid
cyan
blue
important;}.has
vivid
purple
background
color{background
color
var(--wp
preset
color
vivid
purple
important;}.has
black
border
color{border
color
var(--wp
preset
color
black
important;}.has
cyan
bluish
gray
border
color{border
color
var(--wp
preset
color
cyan
bluish
gray
important;}.has
white
border
color{border
color
var(--wp
preset
color
white
important;}.has
pale
pink
border
color{border
color
var(--wp
preset
color
pale
pink
important;}.has
vivid
red
border
color{border
color
var(--wp
preset
color
vivid
red
important;}.has
luminous
vivid
orange
border
color{border
color
var(--wp
preset
color
luminous
vivid
orange
important;}.has
luminous
vivid
amber
border
color{border
color
var(--wp
preset
color
luminous
vivid
amber
important;}.has
light
green
cyan
border
color{border
color
var(--wp
preset
color
light
green
cyan
important;}.has
vivid
green
cyan
border
color{border
color
var(--wp
preset
color
vivid
green
cyan
important;}.has
pale
cyan
blue
border
color{border
color
var(--wp
preset
color
pale
cyan
blue
important;}.has
vivid
cyan
blue
border
color{border
color
var(--wp
preset
color
vivid
cyan
blue
important;}.has
vivid
purple
border
color{border
color
var(--wp
preset
color
vivid
purple
important;}.has
vivid
cyan
blue
to
vivid
purple
gradient
background{background
var(--wp
preset
gradient
vivid
cyan
blue
to
vivid
purple
important;}.has
light
green
cyan
to
vivid
green
cyan
gradient
background{background
var(--wp
preset
gradient
light
green
cyan
to
vivid
green
cyan
important;}.has
luminous
vivid
amber
to
luminous
vivid
orange
gradient
background{background
var(--wp
preset
gradient
luminous
vivid
amber
to
luminous
vivid
orange
important;}.has
luminous
vivid
orange
to
vivid
red
gradient
background{background
var(--wp
preset
gradient
luminous
vivid
orange
to
vivid
red
important;}.has
very
light
gray
to
cyan
bluish
gray
gradient
background{background
var(--wp
preset
gradient
very
light
gray
to
cyan
bluish
gray
important;}.has
cool
to
warm
spectrum
gradient
background{background
var(--wp
preset
gradient
cool
to
warm
spectrum
important;}.has
blush
light
purple
gradient
background{background
var(--wp
preset
gradient
blush
light
purple
important;}.has
blush
bordeaux
gradient
background{background
var(--wp
preset
gradient
blush
bordeaux
important;}.has
luminous
dusk
gradient
background{background
var(--wp
preset
gradient
luminous
dusk
important;}.has
pale
ocean
gradient
background{background
var(--wp
preset
gradient
pale
ocean
important;}.has
electric
grass
gradient
background{background
var(--wp
preset
gradient
electric
grass
important;}.has
midnight
gradient
background{background
var(--wp
preset
gradient
midnight
important;}.has
small
font
size{font
size
var(--wp
preset
font
size
small
important;}.has
medium
font
size{font
size
var(--wp
preset
font
size
medium
important;}.has
large
font
size{font
size
var(--wp
preset
font
size
large
important;}.has
large
font
size{font
size
var(--wp
preset
font
size
large
important
where(.wp
block
post
template.is
layout
flex){gap
1.25em;}:where(.wp
block
post
template.is
layout
grid){gap
1.25em
where(.wp
block
columns.is
layout
flex){gap
2em;}:where(.wp
block
columns.is
layout
grid){gap
2em
root
where(.wp
block
pullquote){font
size
1.5em;line
height
root
--admin
bar
top
7px
var
datalayer_content
pagetitle":"bursar
forms
x2d
Finance","pagePostType":"page","pagePostType2":"single
page","pagepostauthor":"sara
freese","pagepostdate":"march
2023","pagePostDateYear":"2023","pagePostDateMonth":"03","pagePostDateDay":"15","pagePostDateDayName":"Wednesday","pagePostDateHour":"18","pagePostDateMinute":"43","pagePostDateIso":"2023
15T18:43:20
04:00","pagePostDateUnix":1678905800
datalayer.push
datalayer_content
function(w
i){w[l]=w[l]||[];w[l].push({'gtm.start
new
date().gettime(),event:'gtm.js'});var
d.getElementsByTagName(s)[0
d.createelement(s),dl
l!='datalayer'?'&l='+l:'';j.async
true;j.src=
//www.googletagmanager.com
gtm
'+'js?id='+i+dl;f.parentnode.insertbefore(j
window
document,'script','datalayer','gtm
TMG4NWK
li
hover
.mec
wrap.colorskin
custom
.mec
color
hover
hover
.mec
wrap.colorskin
custom
.mec
color
before
before
.mec
wrap.colorskin
custom
.mec
widget
.mec
event
grid
classic.owl
carousel
.owl
nav
i,.mec
wrap.colorskin
custom
.mec
event
list
classic
a.magicmore
hover,.mec
wrap.colorskin
custom
.mec
event
grid
simple
hover
.mec
event
title,.mec
wrap.colorskin
custom
.mec
single
event
.mec
event
meta
dd.mec
events
event
categories
before,.mec
wrap.colorskin
custom
.mec
single
event
date
before,.mec
wrap.colorskin
custom
.mec
single
event
time
before,.mec
wrap.colorskin
custom
.mec
events
meta
group.mec
events
meta
group
venue
before,.mec
wrap.colorskin
custom
.mec
calendar
.mec
calendar
side
.mec
previous
month
i,.mec
wrap.colorskin
custom
.mec
calendar
.mec
calendar
side
.mec
next
month
hover,.mec
wrap.colorskin
custom
.mec
calendar
.mec
calendar
side
.mec
previous
month
hover,.mec
wrap.colorskin
custom
.mec
calendar
.mec
calendar
side
.mec
next
month
hover,.mec
wrap.colorskin
custom
.mec
calendar.mec
event
calendar
classic
dt.mec
selected
day
hover,.mec
wrap.colorskin
custom
.mec
infowindow
wp
h5
hover
.colorskin
custom
.mec
events
meta
group
countdown
.mec
end
counts
h3,.mec
calendar
.mec
calendar
side
.mec
next
month
i,.mec
wrap
.mec
totalcal
box
i,.mec
calendar
.mec
event
article
.mec
event
title
hover,.mec
attendees
list
details
.mec
attendee
profile
link
hover,.mec
wrap.colorskin
custom
.mec
next
event
details
li
.mec
next
event
details
before
.mec
marker
infowindow
wp
.mec
marker
infowindow
count
.mec
next
event
details
a,.mec
wrap.colorskin
custom
.mec
events
masonry
cats
a.mec
masonry
cat
selected,.lity
.mec
color,.lity
.mec
color
before
before,.lity
.mec
color
hover
hover,.lity
.mec
wrap
.mec
color,.lity
.mec
wrap
.mec
color
before
before,.lity
.mec
wrap
.mec
color
hover
hover,.leaflet
popup
content
.mec
color,.leaflet
popup
content
.mec
color
before
before,.leaflet
popup
content
.mec
color
hover
hover,.leaflet
popup
content
.mec
wrap
.mec
color,.leaflet
popup
content
.mec
wrap
.mec
color
before
before,.leaflet
popup
content
.mec
wrap
.mec
color
hover
hover
.mec
calendar.mec
calendar
daily
.mec
calendar
table
.mec
daily
view
day.mec
daily
view
day
active.mec
color
.mec
map
boxshow
div
.mec
map
view
event
detail.mec
event
detail
i,.mec
map
boxshow
div
.mec
map
view
event
detail.mec
event
detail
hover,.mec
map
boxshow
.mec
color,.mec
map
boxshow
.mec
color
before
before,.mec
map
boxshow
.mec
color
hover
hover,.mec
map
boxshow
.mec
wrap
.mec
color,.mec
map
boxshow
.mec
wrap
.mec
color
before
before,.mec
map
boxshow
.mec
wrap
.mec
color
hover
hover
.mec
choosen
time
message
.mec
booking
calendar
month
navigation
.mec
next
month
hover
.mec
booking
calendar
month
navigation
.mec
previous
month
hover
.mec
yearly
view
wrap
.mec
agenda
event
title
hover
.mec
yearly
view
wrap
.mec
yearly
title
sec
.mec
next
year
.mec
yearly
view
wrap
.mec
yearly
title
sec
.mec
previous
year
.mec
yearly
view
wrap
.mec
yearly
title
sec
.mec
next
year
hover
.mec
yearly
view
wrap
.mec
yearly
title
sec
.mec
previous
year
hover
.mec
av
spot
.mec
av
spot
head
.mec
av
spot
box
span
.mec
wrap.colorskin
custom
.mec
calendar
.mec
calendar
side
.mec
previous
month
hover
.mec
load
month
link
.mec
wrap.colorskin
custom
.mec
calendar
.mec
calendar
side
.mec
next
month
hover
.mec
load
month
link
.mec
yearly
view
wrap
.mec
yearly
title
sec
.mec
previous
year
hover
.mec
load
month
link
.mec
yearly
view
wrap
.mec
yearly
title
sec
.mec
next
year
hover
.mec
load
month
link
.mec
skin
list
events
container
.mec
data
fields
tooltip
.mec
data
fields
tooltip
box
ul
.mec
event
data
field
item
.mec
booking
shortcode
.mec
event
ticket
name
.mec
booking
shortcode
.mec
event
ticket
price
.mec
booking
shortcode
.mec
ticket
variation
name
.mec
booking
shortcode
.mec
ticket
variation
price
.mec
booking
shortcode
label
.mec
booking
shortcode
.nice
select
.mec
booking
shortcode
input
.mec
booking
shortcode
span.mec
book
price
detail
description
.mec
booking
shortcode
.mec
ticket
name
.mec
booking
shortcode
label.wn
checkbox
label
.mec
wrap.mec
cart
table
tr
td
color
CFB991
.mec
skin
carousel
container
.mec
event
footer
carousel
type3
.mec
modal
booking
button
hover
.mec
wrap.colorskin
custom
.mec
event
sharing
.mec
event
share
hover
.event
sharing
icon,.mec
wrap.colorskin
custom
.mec
event
grid
clean
.mec
event
date,.mec
wrap.colorskin
custom
.mec
event
list
modern
.mec
event
sharing
li
hover
i,.mec
wrap.colorskin
custom
.mec
event
list
modern
.mec
event
sharing
.mec
event
share
hover
.mec
event
sharing
icon,.mec
wrap.colorskin
custom
.mec
event
list
modern
.mec
event
sharing
li
hover
i,.mec
wrap.colorskin
custom
.mec
calendar
not(.mec
event
calendar
classic
.mec
selected
day,.mec
wrap.colorskin
custom
.mec
calendar
.mec
selected
day
hover,.mec
wrap.colorskin
custom
.mec
calendar
.mec
calendar
row
dt.mec
has
event
hover,.mec
wrap.colorskin
custom
.mec
calendar
.mec
has
event
after
.mec
wrap.colorskin
custom
.mec
bg
color
.mec
wrap.colorskin
custom
.mec
bg
color
hover
hover
.colorskin
custom
.mec
event
sharing
wrap
hover
li
.mec
wrap.colorskin
custom
.mec
totalcal
box
.mec
totalcal
view
span.mec
totalcalview
selected,.mec
wrap
.flip
clock
wrapper
ul
li
div
div.inn,.mec
wrap
.mec
totalcal
box
.mec
totalcal
view
span.mec
totalcalview
selected,.event
carousel
type1
head
.mec
event
date
carousel,.mec
event
countdown
style3
.mec
event
date,#wrap
.mec
wrap
article.mec
event
countdown
style1,.mec
event
countdown
style1
.mec
event
countdown
part3
a.mec
event
button,.mec
wrap
.mec
event
countdown
style2,.mec
map
get
direction
btn
cnt
input[type="submit"],.mec
booking
button
span.mec
marker
wrap,.mec
wrap.colorskin
custom
.mec
timeline
events
container
.mec
timeline
event
date
before
.mec
has
event
for
booking.mec
active
.mec
calendar
novel
selected
day
.mec
booking
tooltip.multiple
time
.mec
booking
calendar
date.mec
active
.mec
booking
tooltip.multiple
time
.mec
booking
calendar
date
hover
.mec
ongoing
normal
label
.mec
calendar
.mec
has
event
after
.mec
event
list
modern
.mec
event
sharing
li
hover
.telegram{background
color
CFB991
.mec
booking
tooltip.multiple
time
.mec
booking
calendar
date
hover
.mec
calendar
day.mec
active
.mec
booking
tooltip.multiple
time
.mec
booking
calendar
date.mec
active
background
color
CFB991
.mec
skin
carousel
container
.mec
event
footer
carousel
type3
.mec
modal
booking
button
hover
.mec
timeline
month
divider
.mec
wrap.colorskin
custom
.mec
single
event
.mec
speakers
details
ul
li
.mec
speaker
avatar
hover
img,.mec
wrap.colorskin
custom
.mec
event
list
modern
.mec
event
sharing
li
hover
i,.mec
wrap.colorskin
custom
.mec
event
list
modern
.mec
event
sharing
.mec
event
share
hover
.mec
event
sharing
icon,.mec
wrap.colorskin
custom
.mec
event
list
standard
.mec
month
divider
span
before,.mec
wrap.colorskin
custom
.mec
single
event
.mec
social
single
before,.mec
wrap.colorskin
custom
.mec
single
event
.mec
frontbox
title
before,.mec
wrap.colorskin
custom
.mec
calendar
.mec
calendar
events
side
.mec
table
side
day
.mec
wrap.colorskin
custom
.mec
border
color
.mec
wrap.colorskin
custom
.mec
border
color
hover
hover
.colorskin
custom
.mec
single
event
.mec
frontbox
title
before
.colorskin
custom
.mec
single
event
.mec
wrap
checkout
h4
before
.colorskin
custom
.mec
single
event
.mec
events
meta
group
booking
form
h4
before
.mec
wrap.colorskin
custom
.mec
totalcal
box
.mec
totalcal
view
span.mec
totalcalview
selected,.mec
wrap
.mec
totalcal
box
.mec
totalcal
view
span.mec
totalcalview
selected,.event
carousel
type1
head
.mec
event
date
carousel
after,.mec
wrap.colorskin
custom
.mec
events
masonry
cats
a.mec
masonry
cat
selected
.mec
marker
infowindow
wp
.mec
marker
infowindow
count
.mec
wrap.colorskin
custom
.mec
events
masonry
cats
hover
.mec
has
event
for
booking
.mec
calendar
novel
selected
day
.mec
booking
tooltip.multiple
time
.mec
booking
calendar
date.mec
active
.mec
booking
tooltip.multiple
time
.mec
booking
calendar
date
hover
.mec
virtual
event
history
h3
before
.mec
booking
tooltip.multiple
time
.mec
booking
calendar
date
hover
.mec
calendar
day.mec
active
.mec
booking
tooltip.multiple
time
.mec
booking
calendar
date.mec
active
.mec
rsvp
form
box
form
h4
before
.mec
wrap
.mec
box
title::before
.mec
box
title::before
border
color
CFB991
.mec
wrap.colorskin
custom
.mec
event
countdown
style3
.mec
event
date
after,.mec
wrap.colorskin
custom
.mec
month
divider
span
before
.mec
calendar.mec
event
container
simple
dl
dt.mec
selected
day
.mec
calendar.mec
event
container
simple
dl
dt.mec
selected
day
hover{border
bottom
color:#CFB991
.mec
wrap.colorskin
custom
article.mec
event
countdown
style1
.mec
event
countdown
part2
after{border
color
transparent
transparent
transparent
CFB991
.mec
wrap.colorskin
custom
.mec
box
shadow
color
box
shadow
4px
22px
-7px
CFB991
.mec
events
timeline
wrap
.mec
shortcode
organizers
.mec
timeline
event
.mec
modal
booking
button
.mec
events
timeline
wrap
before
.mec
wrap.colorskin
custom
.mec
timeline
event
local
time
.mec
wrap.colorskin
custom
.mec
timeline
event
time
.mec
wrap.colorskin
custom
.mec
timeline
event
location,.mec
choosen
time
message
background
rgba(,,,.11);}.mec
wrap.colorskin
custom
.mec
timeline
events
container
.mec
timeline
event
date
after
background
rgba(,,,.3);}.mec
booking
shortcode
button
box
shadow
2px
2px
rgba
27%);}.mec
booking
shortcode
button.mec
book
form
back
button
background
color
rgba
40%);}.mec
events
meta
group
booking
shortcode
background
rgba(,,,.14);}.mec
booking
shortcode
label.wn
checkbox
label
.mec
booking
shortcode
.nice
select,.mec
booking
shortcode
input
.mec
booking
shortcode
.mec
book
form
gateway
label
input[type
radio]:before
.mec
booking
shortcode
input[type
radio]:checked
before
.mec
booking
shortcode
ul.mec
book
price
details
li
.mec
booking
shortcode
ul.mec
book
price
details
border
color
rgba
important;}.mec
booking
shortcode
input::-webkit
input
placeholder,.mec
booking
shortcode
textarea::-webkit
input
placeholder{color
CFB991
.mec
booking
shortcode
input::-moz
placeholder,.mec
booking
shortcode
textarea::-moz
placeholder{color
CFB991
.mec
booking
shortcode
input:-ms
input
placeholder,.mec
booking
shortcode
textarea:-ms
input
placeholder
color
CFB991
.mec
booking
shortcode
input:-moz
placeholder,.mec
booking
shortcode
textarea:-moz
placeholder
color
CFB991
.mec
booking
shortcode
label.wn
checkbox
label
after
.mec
booking
shortcode
label.wn
checkbox
label
before
.mec
booking
shortcode
input[type
radio]:checked
after{background
color
CFB991
purdue
logo
search
gt
please
see
below
for
instructions
on
how
to
view
pdfs
on
the
web
followed
by
list
of
forms
used
by
the
office
of
the
bursar
copies
of
these
pdf
forms
should
be
copied
completed
and
forwarded
to
the
office
of
the
bursar
if
you
are
unable
to
print
form
please
contact
that
office
for
copy.&nbsp;</p
jquery('.purdue
slider
button').on('click',function
if
jquery(this).hasclass('active
jquery(this).children().removeclass('fa
plus').addclass('fa
minus
else
jquery(this).children().removeclass('fa
minus').addclass('fa
plus
purdue
logo
