working
at
rochester
university
of
rochester</title
document).ready(function
.tools').clone().removeclass('tools').addclass('tools
top').appendto('.top
toolbar
.search').clone().removeclass('search').addclass('search
top').appendto('.top
toolbar
.thumbnail
section
.thumbnail
section
text
.cta_sub
width
-moz
fit
content
important
.cta_strip.yellow
.cta_sub
width
-moz
fit
content
important
h4
font
size
1.3rem
important
letter
spacing
1px
important
university
of
rochester
logo
search
colleen
raimond
the
university
's
first
lgbtq
coordinator
united
by
commitment
to
be
ever
better
our
faculty
and
staff
are
vital
to
our
success
their
ingenuity
optimism
and
talents
are
on
display
every
day
professional
success
from
your
job
search
to
retirement
we
are
here
to
support
you
through
all
phases
of
your
career
at
rochester
faculty
and
medical
students
conduct
research
in
lab
at
the
university
of
rochester
career
opportunities</h3
if
you
re
looking
for
career
in
higher
education
or
health
care
the
university
of
rochester
may
offer
the
perfect
opportunity
for
your
background
and
goals
search
jobs
medical
staff
working
on
computer
new
employees</h3
welcome
to
the
team
our
employee
orientation
website
provides
you
with
more
details
and
helpful
resources
to
get
you
started
visit
the
orientation
website
employee
at
laptop
smiling
at
university
of
rochester
medical
center
benefits
total
Rewards</h3
we
offer
our
employees
comprehensive
benefits
package&ndash;we
call
it
total
rewards
explore
benefits
dawn_bruner
of
university
of
rochester
work
life
balance</h3
the
university
created
well
to
help
you
live
more
balanced
life
telehealth
and
other
online
support
options
are
available
get
support
marvin
doyley
of
university
of
rochester
learning
and
development</h3
the
office
of
human
resources
and
partners
across
our
campuses
offer
training
programs
and
resources
designed
to
help
employees
keep
their
skills
current
expand
their
knowledge
and
work
better
together
learn
and
grow
university
of
rochester
staff
memeber
answers
phone
while
seated
at
desk
as
part
of
our
boundless
possibility</em
strategic
plan
were
committed
to
cultivating
an
inclusive
culture
that
prioritizes
the
well
being
development
engagement
success
and
diversity
of
our
community
committed
to
faculty
and
staff
success
resources
for
all
employees
explore
many
of
the
vital
resources
available
for
faculty
and
staff
employee
smiling
standing
outside
at
the
university
of
rochester
for
faculty
and
staff</h3
explore
resources
to
help
you
thrive
in
your
professional
and
personal
life
top
RESOURCES</h4
mypath
training
and
education)</a
faculty
member
sitting
at
table
with
papers
at
university
of
rochester
for
faculty</h3
support
programs
funding
opportunities
and
services
are
available
to
support
our
faculty
top
RESOURCES</h4
our
commitment
to
diversity
equity
and
inclusion
at
the
university
of
rochester
we
are
united
by
commitment
to
be
ever
bettermeliora
it
is
an
ideal
that
informs
our
shared
mission
to
ensure
all
members
of
our
community
feel
safe
respected
included
and
valued
find
JOB</h4
medical
staff
works
in
lab
search
jobs
explore
open
positions
to
see
where
you
might
fit.</p
contact
Us</h4
students
walking
to
class
at
the
university
of
rochester
have
question
if
you
have
questions
were
here
to
help.</p
see
Rochester</h4
aerial
image
of
university
of
rochester
with
city
of
rochester
in
background
discover
our
city
explore
the
city
we
call
home.</p
scroll
to
the
top
of
the
page
jquery(document).ready(function
.owl
carousel").owlcarousel
loop
true
margin
nav
true
items
play
pause
button").click(function
body").addclass("open
video
.close
button").click(function
body").removeclass("open
video
explore
our
strategic
plan</p
news</a
events</a
athletics</a
arts</a
young
woman
with
long
dark
hair
wears
black
graduation
cap
with
yellow
tassel
and
gown
she
stands
at
podium
with
microphone
appearing
to
give
speech
the
background
is
blurred
emphasizing
her
as
the
focal
point
person
is
mid
air
performing
backflip
on
grassy
field
with
large
stately
building
with
columns
and
dome
in
the
background
the
sky
is
partly
cloudy
and
there
are
several
people
and
trees
in
the
vicinity
person
with
short
hair
stands
outdoors
against
lush
green
wall
of
foliage
they
are
wearing
light
colored
long
sleeve
shirt
and
are
looking
slightly
to
the
side
with
calm
expression
the
lighting
casts
soft
shadow
creating
warm
natural
ambiance
facebook</a
youtube</a
twitter</a
tiktok</a
instagram</a
linkedin</a
threads</a
group
of
smiling
young
adults
sits
at
table
each
wearing
white
sunglasses
and
matching
blue
hats
they
are
surrounded
by
gift
boxes
pamphlets
and
floral
arrangements
the
setting
appears
to
be
casual
event
or
gathering
close
up
view
of
neoclassical
government
building
with
large
columns
and
facade
made
of
stone
several
flags
including
the
american
flag
are
visible
in
front
of
the
building
against
clear
blue
sky
person
smiling
broadly
holds
large
colorful
geometric
object
with
clear
panels
in
an
event
tent
other
attendees
are
visible
in
the
background
engaged
in
activities
and
discussions
the
tent
is
decorated
with
string
lights
university
of
rochester
logo
in
white
academic
calendar</a
emergency
information</a></li
parking</a></li
function
h.hj
h.hj
||
function
h.hj.q
h.hj.q
||
.push(arguments
h._hjsettings
hjid
hjsv
o.getElementsByTagName("head")[0
o.createelement("script
r.async
r.src
h._hjsettings.hjid
h._hjsettings.hjsv
a.appendchild(r
window
document
https://static.hotjar.com/c/hotjar-
.js?sv=
