warner
school
of
education
university
of
rochester</title
skip
to
main
content
warner
school
of
education
university
of
rochester
logo
2024
warner
school
graduates
at
commencement
ceremony
students:</strong
register
today
for
the
fall
semester</p></div
register
doctorate
Master&#039;s
certificates
online
programs
at
the
university
of
rochester
's
warner
school
of
education
and
human
development,&nbsp;<br
the
spirit
of
meliora</strong
informs
all
that
we
do
it
's
our
motto
and
the
heart
of
our
mission:<br
to
make
the
world
ever
better</strong>.&nbsp;</p><p
here
leaders
learn
to
innovate
and
collaborate
in
their
fields
combining
research
scholarship
and
practice
to
make
meaningful
difference
in
schools
and
communities
everywhere.&nbsp;&nbsp;&nbsp;<br><br>&nbsp;</p><script
document.queryselector("[name='google
site
verification']").remove
var
link
document.createelement('meta
link.setattribute('name
google
site
verification
link.content
F23-_8qvs6vKIu1fHWqB5bsnK_dv1cWl6JBaxpdar9I
document.getElementsByTagName('head')[0].appendChild(link
teacher
and
young
student
smiling
in
classroom
master's</em></p></div
woman
counselor
with
her
hand
on
the
shoulder
of
distressed
patient
advanced
certificate</em></p></div
teaching
standing
in
front
of
doctors
pointing
at
something
on
whiteboard
edd</em></p></div
diverse
group
of
colleagues
working
together
micro
credentialing
process
provides
individuals
the
unique
opportunity
to
grow
professionally
and
advance
in
their
careers.</p><p
our
micro
credentials
are
flexible
convenient
way
for
you
to
stay
competitive
or
branch
out
in
todays
changing
higher
education
workplace
you
ll
gain
the
in
demand
skills
knowledge
and
experience
to
grow
professionally
and
achieve
your
ever
better.<strong></strong></p></div
learn
more
we
discover
better
ever
Better.</strong></h3></div
join
us
applications
open
september
2024</strong></p></div
featured
stories
read
more
front
of
lechase
hall
Dean&#039;s
corner
three
arrow
career
signs
pointing
in
different
directions
career
aaqep
accreditation
seal
in
front
of
lechase
hall
teaching
amp
curriculum
all
warner
events
document.queryselector("[name='google
site
verification']").remove
var
link
document.createelement('meta
link.setattribute('name
google
site
verification
link.content
F23-_8qvs6vKIu1fHWqB5bsnK_dv1cWl6JBaxpdar9I
document.getElementsByTagName('head')[0].appendChild(link
info
for</span
resources</span
university
of
rochester</span
quick
links</span
warner
school
of
education
university
of
rochester
logo
rochester
ny
14627&nbsp;&nbsp;&nbsp;&nbsp;<br>(585
3950&nbsp;&nbsp;&nbsp;&nbsp;<br><a
href="/contact">contact</a></p></div
