main
content
section.landingpage
h1
font
size
calc(1.5rem
.9vw
.funnel
h2
font
size
calc(1rem
.9vw
white
space
initial
display
inherit
text
transform
initial
margin
bottom:10px
campus
life
university
of
arkansas</title
@context
https://schema.org
@type
organization
name
university
of
arkansas
url
sameas
https://www.facebook.com/uofarkansas
https://twitter.com/uarkansas
https://plus.google.com/104159281704656057709/posts
https://www.youtube.com/user/universityarkansas
https://www.instagram.com/uarkansas/
https://www.linkedin.com/company/university-of-arkansas
function(c
c[a]=c[a]||function(){(c[a].q
c[a].q||[]).push(arguments
l.createElement(r);t.async=1;t.src="https://www.clarity.ms
tag/"+i
l.getElementsByTagName(r)[0];y.parentNode.insertBefore(t
window
document
clarity
script
e93vhnpfwh
section
div.col
sm-3
.h3
section
div.col
sm-3
h3
color
2f3332
font
size
24px
line
height
1.4em
text
align
center
text
transform
uppercase
section
not(.gray
.card
background
color
fff
.accent
left
border
left
15px
solid
var(--bs
primary
.accent
right
border
right
15px
solid
var(--bs
primary
.accent
top
border
top
15px
solid
var(--bs
primary
.accent
bottom
border
bottom
15px
solid
var(--bs
primary
.accent
wrapper
bottom
.accent
wrapper
top
.accent
wrapper
left
.accent
wrapper
right
position
relative
display
inline
block
.accent
wrapper
bottom
after
.accent
wrapper
top
after
.accent
wrapper
left
after
.accent
wrapper
right
after
content
position
absolute
left:0
top:0
width:100
height:100
display
inline
block
.accent
wrapper
bottom
after
background
linear
gradient(rgba(157
rgba(156
border
bottom
9px
solid
var(--bs
primary
.accent
wrapper
top
after
background
linear
gradient(to
top
rgba(157
rgba(156
border
top
9px
solid
var(--bs
primary
.accent
wrapper
left
after
background
linear
gradient(to
left
rgba(157
rgba(156
border
left
9px
solid
var(--bs
primary
.accent
wrapper
right
after
background
linear
gradient(to
right
rgba(157
rgba(156
border
right
9px
solid
var(--bs
primary
.accent
wrapper
bottom
img
.accent
wrapper
top
img
.accent
wrapper
left
img
.accent
wrapper
right
img
display
block
dynamically
gets
subdomain
from
current
url
in
browser
window
var
hostname
window.location.hostname
if
not
main
domain
pass
the
subdomain
's
scope
if(hostname
www.uark.edu
hostname
arkansas.edu
hostname
uark.edu
document.write('<input
type="hidden
name="scope
value=
hostname
give</a
university
of
arkansas
links</a><div
aria
labelledby="uark
quick
links
button
class="dropdown
menu
id="uark
quick
links
items
university
of
arkansas</strong></div
var
hostname
window.location.hostname
if(hostname
www.uark.edu
hostname
arkansas.edu
hostname
uark.edu
document.write('<input
type="hidden
name="scope
value=
hostname
menu
give</a
campus
life
campus
Life</h1
dalai
lama
enjoy
lectures
by
some
of
the
biggest
names
in
the
world
his
holiness
the
dalai
lama
jane
goodall
anderson
cooper
and
president
george
h.w.
bush
have
all
spoken
recently
on
campus
through
the
distinguished
lecture
series</a>.</p
concerts
from
the
most
popular
headliners
in
music
to
trendsetters
fresh
on
the
scene
we
bring
the
best
concerts
in
the
area
and
they
're
free
and
university
programs
showcase
hot
acts
like
the
foo
fighters
kid
cudi
blake
shelton
and
spoon.</p
entertainment
comedy
shows
late
night
programs
outdoor
feature
films
art
openings
and
live
theater
add
to
the
of
our
campus.</p
don't
just
attend
campus
events
plan
them
these
committees
are
made
of
students
just
like
you
want
to
see
an
awesome
event
for
free
join
up
and
design
your
own
entertainment.</p
student
government</strong><br
try
your
hand
at
politics
enter
the
strong
and
split
into
the
three
traditional
branches
of
executive
legislative
and
judicial
service.</p
registered
student
organizations</strong><br
build
campus
culture
on
grassroots
level
with
more
than
from
cultural
and
religious
to
professional
and
special
interests
ca
n't
find
group
for
you
start
your
own!</p
greek
life</strong><br
if
it
's
all
greek
to
you
connect
with
the
university
's
with
6,800
members
and
rich
history
of
campus
and
community
involvement.</p
living
on
campus</strong><br
residence
halls
are
your
home
away
from
home
the
and
the
residents
interhall
congress
shape
that
experience
and
need
your
input.</p
volunteer</strong><br
students
their
skills
and
even
their
sweat
to
help
neighbors
near
and
far
work
in
our
campus
food
pantry
or
help
lead
relief
efforts
to
communities
in
need.</p
get
involved
healthy
student
translates
into
successful
student
we
want
to
help
you
make
healthy
decisions
you
ve
got
head
start
with
tobacco
free
campus
eat
well
and
exercise
in
our
fitness
center
visit
doctor
or
consult
counselor
on
campus
check
out
these
resources.</p
pat
walker
health
center
the
on
campus
boasts
medical
center
women
's
clinic
immunization
and
allergy
treatment
psychological
services
and
other
resources
to
keep
you
focused
on
success.</p
university
recreation
serves
the
university
community
by
providing
diverse
selection
of
recreational
and
wellness
opportunities
that
are
designed
to
enhance
the
quality
of
life
for
each
participant.<span>&nbsp;</span
urec
operates
five
on
campus.</p
intramural
sports
campus
dining
tasty
options
on
campus
it
's
easy
to
work
up
an
appetite
on
campus
so
we
invite
you
to
take
break
and
enjoy
meal
while
you
're
here
no
matter
what
you
're
in
the
mood
for
our
campus
eateries
offer
something
that
's
sure
to
hit
the
spot.</p
cabo
mexican
grill</span></li
chick
fil
a</span></li
paper
lantern</span></li
rustic
italian</span></li
true
burger</span></li
where
the
wild
greens
ar</span></li
we
have
all
you
care
to
eat
dining
halls
offer
everything
from
home
style
favorites
to
made
to
order
sandwiches
and
burgers.&nbsp;we
also
have
food
hall
with
locations
inside
that
allows
guests
to
take
their
food
to
go.</span></p
fulbright
dining
at
the
northwest
quad</li
pomfret
dining
center</li
also
at
founders</strong></p
curry
corner&nbsp;</span></li
eureka
pizza</span><span>&nbsp;</span></li
fujisan
sushi&nbsp;</span></li
slim
chickens</span>&nbsp;</li
starbucks</span>&nbsp;</li
the
market
at
1021</span></li
where
the
wild
greens
ar
club
red
-&nbsp;campus&nbsp;convenience
store
in
the
arkansas
union</span>&nbsp;</li
the
market
located
at
bell
engineering
center
champions
hall
and
1021</span>&nbsp;</li
starbucks
student
success
center</span>&nbsp;</li
hill
coffee
co.
willard
j.
walker
hall</span>&nbsp;</li
arsaga
's
caf
at
the
leflar
law
center
nbsp;</span>&nbsp;</li
garland
center
subway</span></li
fine
dining
featuring
nouveau
cuisine
with
pinch
of
history
in
the
historic
inn
at
carnall
hall
on
the
corner
of
arkansas
avenue&nbsp;and
west
maple
street.</p
university
of
arkansas
fayetteville
ar
2000</a
map
of
university
of
arkansas
campus
function
parsenews('//campusdata.uark.edu
apiv2
articles
articlescommon?$orderby
publishdate+desc&$filter
commons
any%28c:+c
id+eq+1%29&$top=3
function
parsenews(url
.ajax
url
url
data
contenttype
application
json
charset
utf-8
datatype
jsonp
jsonpcallback
articles
async
true
cache
true
success
function
articles
var
list_data
.each(articles
function
key
var
headline
a.headline
headline
headline.replace
.replace
.replace
\"").replace
list_data
headline
list_data).appendto("#newsfooter
apply
online</a
schedule
visit</a
make
gift
var
current_path
/campus
life
index.php
anchor
anchor.replace("oudirectedit
none
document.getelementbyid("directedit
footer").innerhtml
anchor
//console.log(anchor
window.onload
function
directedit
//--></script
window.addeventlistener("load
function
h3
h2").html(function
oldvalue
return
oldvalue.replace(/(u
of
a)/g
document).ready(function
slider').nivoslider
effect
fade
pausetime
how
long
each
slide
will
show
pauseonhover
true
stop
animation
while
hovering
function
table.tablesorter').addclass('table
striped').tablesorter
function
.form
search").on("click
function
selectedvalue
.form
search
name='sitesearch']:checked").val
if(selectedvalue
http://uark.edu
label[for
radiolabela]").removeclass("searchselected
label[for
radiolabelb]").addclass("searchselected
searchbox").attr("placeholder
search
all
uark.edu
else
if($.type(selectedvalue
string
label[for
radiolabela]").addclass("searchselected
label[for
radiolabelb]").removeclass("searchselected
searchbox").attr("placeholder
search
this
site
