notable
alumni
uci</title
about</span></a
about</span></span
about
us</span></a></li
chancellor</span></a></li
university
facts</span></a></li
strategic
plan</span></a></li
faculty
honors</span></a></li
peter
the
anteater</span></a></li
diversity
resources</span></a></li
administrative
offices</span></a></li
academic
senate</span></a></li
directory</span></a></li
visit</span></a></li
work
at
uc
irvine</span></a></li
support
uc
irvine</span></a></li
smoke
free
campus</span></a></li
admissions</span></a
admissions</span></span
undergraduate
admission</span></a></li
graduate
admission</span></a></li
professional
programs</span></li
business</span></a></li
law</span></a></li
medicine</span></a></li
undergraduate
international
admissions</span></a></li
graduate
international
admissions</span></a></li
financial
aid</span></a></li
housing</span></a></li
academics</span></a
academics</span></span
arts</span></a></li
biological
sciences</span></a></li
business</span></a></li
education</span></a></li
engineering</span></a></li
humanities</span></a></li
information
amp
computer
sciences</span></a></li
interdisciplinary
studies</span></a></li
law</span></a></li
medicine</span></a></li
nursing
science</span></a></li
pharmacy
amp
pharmaceutical
sciences</span></a></li
physical
sciences</span></a></li
public
health</span></a></li
social
ecology</span></a></li
social
sciences</span></a></li
general
catalogue</span></a></li
majors
amp
minors</span></a></li
schedule
of
classes</span></a></li
undergraduate
undeclared</span></a></li
academic
advising</span></a></li
division
of
undergraduate
education</span></a></li
graduate
division</span></a></li
division
of
continuing
education</span></a></li
campuswide
honors
program</span></a></li
undergraduate
research</span></a></li
uci
calteach</span></a></li
libraries</span></a></li
study
abroad
center</span></a></li
summer
session</span></a></li
academic
calendars</span></a></li
academic
senate</span></a></li
research</span></a
research</span></span
office
of
research</span></a></li
faculty
profiles</span></a></li
postdoctoral
scholars</span></a></li
applied
innovation</span></a></li
invention
transfer
group</span></a></li
undergraduate
research</span></a></li
graduate
research</span></a></li
research
centers
amp
units</span></a></li
ucop
office
of
research</span></a></li
community</span></a
community</span></span
arts</span></a></li
athletics</span></a></li
K-12
programs</span></a></li
summer
programs</span></a></li
campus
events
calendar</span></a></li
conference
amp
event
services</span></a></li
langson
imca</span></a></li
hospital</span></a></li
medical
services</span></a></li
clinical
trials</span></a></li
find
information
for
</span></span></span
prospective
students</span></a></li
current
students</span></a></li
alumni</span></a></li
faculty
amp
staff</span></a></li
parents</span></a></li
register
to
vote</span></a
university
of
california
irvine
notable
alumni</span></li
university
facts</span></a
faculty
awards
and
honors</span></a
faculty
academy
members</span></a
notable
alumni</span></a
section
heading</span></h2
anthony
james
erin
gruwell
greg
louganis
teal
wicks
from
left
to
right
vector
scientist
anthony
james
8217;73
ph
8217;79
the
freedom
writers
diary
author
erin
gruwell
8217;91
olympic
diver
greg
louganis
8217;83
and
broadway
actor
teal
wicks
8217;05.</em></span></p
uci
alumni
are
leaders
innovators
dreamers
mentors
and
game
changers
though
no
two
anteaters
are
exactly
alike
our
170,000
alumni
are
united
in
their
ability
to
see
the
world
differently
when
graduates
leave
our
campus
they
are
ready
to
do
important
work
and
boldly
embrace
their
passions
to
make
their
mark
here
are
just
few
notable
and
impactful
uci
alumni
who
inspire
and
remind
us
of
the
transformational
power
of
education.</p
public
Sector</h3
joe
Adams,&#160;<span
m.b.a.
8217;02</span></strong></a
discovery
science
foundation
ceo</p
ami</strong
Bera&#160;<span>&#8217;87
m.d.
8217;91</span></strong></a
congressman</p
ferial
govashiri
8217;07</strong></a
former
personal
aide
to
the
president
of
the
united
states</p
mike
Hamel&#160;<strong>&#8217;92</strong></strong></a
irvine
chief
of
police</p
shelley
Hoss,&#160;<strong
m.b.p.a.
8217;87</strong></strong></a
orange
county
community
foundation
president</p
jackie
Lacey&#160;<strong>&#8217;79</strong></strong></a
los
angeles
district
attorney</p
janet
Nguyen&#160;<span>&#8217;00</span></strong></a
california
state
senator</p
eloy
ortiz
oakley
california
community
colleges
president</p
geoffrey
pyatt
8217;85</span></strong></a
u.s.
ambassador
to
greece</p
paula
tomei
79</strong></a
south
coast
repertory
managing
director</p
kent
Yamaguchi&#160;<span>&#8217;83
and
8217;84</span></strong></a
santa
ana
zoo
director</p
science
and
Technology</h3
roy
Fielding&#160;<span>&#8217;88
m.s.
8217;93
ph.d.
8217;00</span></strong></a
computer
scientist
and
http
co
author</p
patrick
Hanratty,&#160;<span
ph.d.
8217;77</span></strong></a
computer
scientist
and
cad
cam
inventor</p
anthony
James&#160;<span>&#8217;73
ph.d.
8217;79</span></strong></a
vector
biologist</p
paul
Mockapetris,&#160;<span
ph
d</span><span
computer
scientist
and
internet
dns
pioneer</p
kathie
Olsen,&#160;<span
ph</span><span>.</span><span
79</span></strong></a
national
science
foundation
senior
advisor</p
siegfried
Reich,&#160;<span
ph
d</span><span
chemist</p
Business</h3
david
Baker&#160;<strong>&#8217;75</strong></strong></a
nfl
hall
of
fame
president
and
executive
director</p
aras
Baskauskas,&#160;&#8217;02
m.b.a.
8217;04</strong
television
personality
and
entrepreneur</p
david
Benioff,&#160;<span
m.f.a.
8217;99</span></strong></a
game
of
thrones
co
creator
and
showrunner</p
joe
Lacob&#160;<strong><strong>&#8217;78</strong></strong></strong></a
golden
state
warriors
owner</p
wright
Massey,&#160;<span
m.b.a.
92</span></strong></a
entrepreneur</p
Athletics</h3
brady
anderson</strong></a
major
league
baseball
player</p
scott
Brooks&#160;<span>&#8217;87</span></strong></a
nba
head
coach</p
jennifer
chandler</strong
olympic
gold
medal
winning
diver</p
carl
cheffers
8217;82</strong
nfl
referee</p
brad
Evans&#160;<span>'06</span></strong></a
mls
soccer
player</p
darren
fells
08</strong></a
nfl
player</p
greg
Louganis&#160;<span>&#8217;83</span></strong></a
multiple
olympic
gold
medal
winning
diver</p
steve
scott
track
amp
field
athlete</p
film
amp
Television</h3
maria
hall
brown
84</strong></a
tv
host
and
producer</p
allison
liddi
brown
96</strong></a
tv
director</p
jeff
greenberg
72</strong></a
casting
director</p
chris
kelly
05</strong></a
television
comedy
writer</p
effects
supervisor</p
mcg
joseph
mcginty
nichol)</strong></a
film
director</p
kelly
perine
M.F.A.&#160;<strong><strong>&#8217;98</strong></strong></strong></a
actor</p
phil
Tippett&#160;<strong><strong>&#8217;74</strong></strong></strong></a
visual
effects
producer</p
Writing</h3
michael
Chabon,&#160;<strong
m.f.a.
8217;87</strong></strong></a
pulitzer
prize
winning
author</p
richard
Ford,&#160;<strong
m.f.a.
8217;70</strong></strong></a
pulitzer
prize
winning
author</p
erin
Gruwell&#160;<span>&#8217;91</span></strong></a
freedom
writers
author
educator</p
yusef
komunyakaa
m.f.a.
8217;80</strong></strong></a
pulitzer
prize
winning
poet</p
t.
jefferson
parker
best
selling
crime
novelist</p
alice
Sebold,&#160;<span
m.f.a.
8217;98</span></strong></a
best
selling
novelist</p
hector
tobar
m.f.a.
95</strong></a
award
winning
writer</p
Arts</h3
nazanin
Boniadi&#160;<strong>&#8217;03</strong></strong></a
actor</p
chris
burden
m.f.a.
8217;71</span></strong></a
artist</p
grace
gealey
byers
m.f.a.
10</strong></a
actor</p
crista
Flanagan,&#160;<span
m.f.a.
01</span></strong></a
actor</p
bob
Gunton&#160;'68</strong></a
actor</p
jon
Lovitz&#160;<span>&#8217;79</span></strong></a
actor
comedian</p
aubrey
O&#8217;Day
singer
songwriter</p
michael
Ramirez&#160;<span>&#8217;84</span></strong></a
pulitzer
prize
winning
artist</p
teal
Wicks&#160;<strong>&#8217;05</strong></strong></a
actor</p
facebook</span></a></li
twitter</span></a></li
youtube</span></a></li
instagram</span></a></li
linkedin</span></a></li
uc
irvine
gmail</span></a></li
eee</span></a></li
work
at
uc
irvine</span></a></li
emergency
preparedness</span></a></li
disability
services</span></a></li
office
of
the
chancellor</span></a></li
university
of
california</span></a></li
privacy
and
cookie
notice</span></a></li
media
inquiries</span></a></li
accreditation
information</span></a></li
clery
act</span></a></li
university
of
california
irvine</span
irvine
ca
92697</span
uci
seal
