ucla</title
outdated</strong
browser
please
to
improve
your
experience
and
security.</p
ucla
logo
events
newsroom
magazine
alumni
arts
careers
give
var
adasearchfix
function
img.gsc
branding
img').attr("alt
google
custom
search
branding
input.gsc
search
button').attr('alt
google
custom
search
button
.insertbefore
input.gsc
input
window.__gcse
callback
adasearchfix
function
var
cx
007055646345973409059:8hr0gvmjar8
var
gcse
document.createelement('script
gcse.type
text
javascript
gcse.async
true
gcse.src
https://cse.google.com/cse.js?cx=
cx
var
document.getElementsByTagName('script')[0
s.parentnode.insertbefore(gcse
document.addeventlistener('domcontentloaded
function
settimeout(function
var
gscel
gsc
id1
if
gscel.length
gscel.attr
role
search
type
search
window.onload
function
var
search_mobile
document.getelementbyid("gsc
id1
search_mobile.placeholder="search
for
search_mobile.title="search
var
search_desktop
document.getelementbyid("gsc
id2
search_desktop.placeholder="search
for
search_desktop.title="search
jann
's
steps
ucla
ranked
no
public
university</span
u.s.
news
amp
world
report</em
rankings.</p
var
adasearchfix
function
img.gsc
branding
img').attr("alt
google
custom
search
branding
input.gsc
search
button').attr('alt
google
custom
search
button
.insertbefore
input.gsc
input
window.__gcse
callback
adasearchfix
function
var
cx
007055646345973409059:8hr0gvmjar8
var
gcse
document.createelement('script
gcse.type
text
javascript
gcse.async
true
gcse.src
https://cse.google.com/cse.js?cx=
cx
var
document.getElementsByTagName('script')[0
s.parentnode.insertbefore(gcse
window.onload
function
var
search_mobile
document.getelementbyid("gsc
id1
search_mobile.placeholder="search
for
search_mobile.title="search
var
search_desktop
document.getelementbyid("gsc
id2
search_desktop.placeholder="search
for
search_desktop.title="search
portrait
of
man
wearing
navy
blue
suit
blue
striped
tie
and
small
pin
image
of
team
of
football
athletes
celebrating
after
win
bright
gallery
space
with
row
of
six
paintings
hanging
on
back
wall
four
sculptures
in
foreground
technician
holds
up
brain
mri
two
people
speaking
while
seated
on
couch
venting
your
frustrations
can
make
friends
like
you
better
if
you
do
it
right</span></h3
royce
hall
thermal
infrared
image
reveals
radiant
heat
researchers
discover
new
mechanism
to
cool
buildings
while
saving
energy</span></h3
view
from
behind
of
people
walking
down
janss
steps
ucla
admits
more
california
residents
underrepresented
students
for
fall
2024</span></h3
interim
chancellor
darnell
hunt
headshot
mdash
interim
chancellor
hunt
read
more
about
interim
chancellor
hunt
preloading
animation
bruins
celebrate
sofia
cook
's
game
winner
andre
ochoa
no
ucla
draws
with
no
jmu
taylor
cheatham
no
ucla
hosts
no
santa
clara
sund&hellip
mecca
mcglaston
mecca
mcglaston
joins
track
field
coac&hellip
ucla</span
vs.
byu</span
wednesday
august
ucla
Women&#039;s
soccer
vs
BYU</span></h3
friday
august
ucla
Men&#039;s
soccer
vs
Portland</span></h3
sunday
september
labor
day
holiday</span></h3
thursday
september
ucla
Men&#039;s
soccer
vs
cal
state
Fullerton</span></h3
saturday
september
botanical
garden
tour
9/7</span></h3
monday
september
ucla
Men&#039;s
soccer
vs
Denver</span></h3
friday
september
university
housing
move
in</span></h3
saturday
september
ucla
football
vs
Indiana</span></h3
sunday
september
graduate
student
Orientation</span></h3
thursday
september
third
thursdays
9/19</span></h3
admission
fo&hellip;</div
ucla
ucla</strong
instagram
ucla
ucla</strong
instagram
ucla
ucla</strong
instagram
ucla
ucla</strong
instagram
ucla
ucla</strong
instagram
ucla
ucla</strong
instagram
ucla
ucla</strong
instagram
ucla
ucla</strong
instagram
ucla
ucla</strong
instagram
ucla
ucla</strong
instagram
ucla
ucla</strong
instagram
ucla
ucla</strong
instagram
ucla
ucla</strong
instagram
ucla
ucla</strong
instagram
ucla
ucla</strong
instagram
ucla
ucla</strong
instagram
ucla
ucla</strong
instagram
ucla
ucla</strong
tiktok
ucla
ucla</strong
instagram
ucla
ucla</strong
tiktok
ucla
ucla</strong
tiktok
ucla
ucla</strong
tiktok
ucla
ucla</strong
instagram
ucla
ucla</strong
tiktok
ucla
ucla</strong
tiktok
if
window.jquery
var
jquery.noconflict
document).ready(function
.social
tile
container').masonry
options
itemselector
.social
block
columnwidth
.social
block
gutter
ucla
var
jquery.noconflict
.fancybox').fancybox
