begin
your
undergraduate
education
at
ucla
ucla</title
outdated</strong
browser
please
to
improve
your
experience
and
security.</p
uclalogo
events
newsroom
magazine
alumni
arts
careers
give
var
adasearchfix
function
img.gsc
branding
img').attr("alt
google
custom
search
branding
input.gsc
search
button').attr('alt
google
custom
search
button
.insertbefore
input.gsc
input
window.__gcse
callback
adasearchfix
function
var
cx
007055646345973409059:8hr0gvmjar8
var
gcse
document.createelement('script
gcse.type
text
javascript
gcse.async
true
gcse.src
https://cse.google.com/cse.js?cx=
cx
var
document.getElementsByTagName('script')[0
s.parentnode.insertbefore(gcse
document.addeventlistener('domcontentloaded
function
settimeout(function
var
gscel
gsc
id1
if
gscel.length
gscel.attr
role
search
type
search
window.onload
function
var
search_mobile
document.getelementbyid("gsc
id1
search_mobile.placeholder="search
for
search_mobile.title="search
var
search_desktop
document.getelementbyid("gsc
id2
search_desktop.placeholder="search
for
search_desktop.title="search
jann'ssteps
ucla
ranked
no
public
university</span
u.s.
news
amp
world
report</em
rankings.</p
var
adasearchfix
function
img.gsc
branding
img').attr("alt
google
custom
search
branding
input.gsc
search
button').attr('alt
google
custom
search
button
.insertbefore
input.gsc
input
window.__gcse
callback
adasearchfix
function
var
cx
007055646345973409059:8hr0gvmjar8
var
gcse
document.createelement('script
gcse.type
text
javascript
gcse.async
true
gcse.src
https://cse.google.com/cse.js?cx=
cx
var
document.getElementsByTagName('script')[0
s.parentnode.insertbefore(gcse
window.onload
function
var
search_mobile
document.getelementbyid("gsc
id1
search_mobile.placeholder="search
for
search_mobile.title="search
var
search_desktop
document.getelementbyid("gsc
id2
search_desktop.placeholder="search
for
search_desktop.title="search
beyond
the
sheer
number
of
fascinating
fields
of
study
our
innovative
curriculum
and
award
winning
faculty
will
encourage
you
to
expand
the
limits
of
what
you
believe
to
be
possible
and
our
location
in
los
angeles
one
of
the
most
dynamic
diverse
and
culturally
rich
cities
in
the
world
opens
up
countless
opportunities
for
personal
and
professional
growth
twophotosofstudentswalkinginfrontofroycehallandonthehill.
twophotosofstudentswalkinginfrontofroycehallandonthehill.
our
curriculum
features
more
than
3,900
courses
majors
and
minors
for
undergraduates
small
interactive
Classes</h3
our
compact
class
sizes
enable
you
to
work
closely
with
our
amazing
faculty
and
get
to
know
other
students
two
out
of
three
ucla
classes
have
or
fewer
students
even
smaller
are
the
freshman
seminars
called
ldquo;fiat
lux&rdquo
let
there
be
light
each
with
an
intriguing
topic
and
only
10&ndash;20
students
interdisciplinary
Programs</h3
if
you
are
interested
in
academic
disciplines
combined
in
innovative
ways
consider
interdepartmental
majors
like
global
studies
environmental
science
or
neuroscience
mdash
taught
in
collaboration
with
both
medical
school
and
life
sciences
faculty
freshmen
can
also
take
yearlong
series
of
classes
with
unifying
theme
through
our
cluster
program
in
clusters
students
examine
big
idea
like
interracial
dynamics
from
wide
variety
of
perspectives
the
courses
are
taugh
collaboratively
by
an
interdisciplinary
team
of
distinguished
faculty
and
experienced
graduate
students
or
fewer</span
studentsparticipatinginclassroompresentations,laughingtogether,andlearninginasciencelab
studentsparticipatinginclassroompresentations,laughingtogether,andlearninginasciencelab
over
half
of
our
students
graduate
with
research
experience
in
the
humanities
as
well
as
social
sciences
engineering
and
laboratory
sciences
you
can
pursue
your
own
research
interests
or
work
alongside
faculty
participate
in
field
research
or
explore
library
treasures
some
undergraduates
even
publish
in
academic
journals
internships
fellowships
and
More</h3
participate
in
internships
fellowships
community
service
and
other
experiential
learning
opportunities
to
gain
real
world
experience
sharpen
skills
and
make
valuable
connections
our
makes
it
easy
for
you
to
find
opportunities
both
on
and
off
campus
in
los
angeles
home
to
major
industries
including
entertainment
tech
aerospace
automotive
government
and
finance
there
are
jnternships
to
suit
every
interest
fellowships
offer
short
term
learning
opportunities
in
wide
array
of
fields
they
re
an
excellent
way
to
broaden
your
learning
experience
and
with
over
1,000
student
clubs
and
organizations
leadership
workshops
community
related
projects
and
entrepreneurship
opportunities
you
can
pursue
current
passions
and
discover
new
ones
study
Abroad</h3
choose
from
at
select
institutions
in
more
than
countries
from
formal
classroom
study
to
field
research
studying
abroad
through
ucla
allows
you
to
fully
immerse
yourself
in
the
global
community
@context
https://schema.org
@type
webpage
name
undergraduate
education
description
an
overview
of
ucla
majors
programs
and
other
academic
opportunities
available
to
undergraduate
students
breadcrumb
academics
undergraduate
education
url
https://ucla.edu/academics/undergraduate-education
ucla
var
jquery.noconflict
.fancybox').fancybox
