athletic
championships
amp
medals
official
website
uclas
ucla</title
outdated</strong
browser
please
to
improve
your
experience
and
security.</p
ucla
logo
events
newsroom
magazine
alumni
arts
careers
give
var
adasearchfix
function
img.gsc
branding
img').attr("alt
google
custom
search
branding
input.gsc
search
button').attr('alt
google
custom
search
button
.insertbefore
input.gsc
input
window.__gcse
callback
adasearchfix
function
var
cx
007055646345973409059:8hr0gvmjar8
var
gcse
document.createelement('script
gcse.type
text
javascript
gcse.async
true
gcse.src
https://cse.google.com/cse.js?cx=
cx
var
document.getElementsByTagName('script')[0
s.parentnode.insertbefore(gcse
document.addeventlistener('domcontentloaded
function
settimeout(function
var
gscel
gsc
id1
if
gscel.length
gscel.attr
role
search
type
search
window.onload
function
var
search_mobile
document.getelementbyid("gsc
id1
search_mobile.placeholder="search
for
search_mobile.title="search
var
search_desktop
document.getelementbyid("gsc
id2
search_desktop.placeholder="search
for
search_desktop.title="search
jann
's
steps
ucla
ranked
no
public
university</span
u.s.
news
amp
world
report</em
rankings.</p
var
adasearchfix
function
img.gsc
branding
img').attr("alt
google
custom
search
branding
input.gsc
search
button').attr('alt
google
custom
search
button
.insertbefore
input.gsc
input
window.__gcse
callback
adasearchfix
function
var
cx
007055646345973409059:8hr0gvmjar8
var
gcse
document.createelement('script
gcse.type
text
javascript
gcse.async
true
gcse.src
https://cse.google.com/cse.js?cx=
cx
var
document.getElementsByTagName('script')[0
s.parentnode.insertbefore(gcse
window.onload
function
var
search_mobile
document.getelementbyid("gsc
id1
search_mobile.placeholder="search
for
search_mobile.title="search
var
search_desktop
document.getelementbyid("gsc
id2
search_desktop.placeholder="search
for
search_desktop.title="search
ucla
gymnastics
football
soccer
and
beach
volleyball
athletes
in
four
panel
collage
ucla
gymnastics
football
soccer
and
beach
volleyball
athletes
in
four
panel
collage
ucla
hall
of
fame
awards
and
trophies
@context
https://schema.org
@type
webpage
name
athletic
championships
medals
description
uclas
collegiate
sports
championship
history
stands
out
as
one
of
the
most
impressive
of
any
university
in
the
nation
breadcrumb
about
athletic
championships
medals
url
https://ucla.edu/about/athletic-championships-and-medals
ucla
var
jquery.noconflict
.fancybox').fancybox
