university
of
california
san
diego</title
window.datalayer
window.datalayer
||
uc
san
diego
search
uc
san
diego
search
faculty
staff
search
icon
give
check
apply
now</a
search
icon
search
uc
san
diego
search
faculty
staff
brand
arrow
arrow
arrow
arrow
arrow
arrow
give
check
apply
now</a></div
geisel
library
with
binary
code
overlay
how
does
data
shape
society
the
newly
approved
school
of
computing
information
and
data
sciences
scids
at
uc
san
diego
will
bring
together
faculty
across
disciplines
to
answer
this
questionand
to
prepare
the
next
generation
of
highly
skilled
workers
driving
artificial
intelligence
advancements.</p
stem
girl
summer
shows
high
school
students
future
of
Possibilities</h2
uc
san
diego
graduate
student
robin
glefke
is
on
mission
to
increase
the
representation
of
women
in
stem
careers
with
her
program
stem
girl
summer
the
initiative
brings
female
san
diego
area
high
school
students
to
campus
for
weekend
of
hands
on
learning
panel
discussions
and
fellowship
introducing
them
to
career
paths
in
science
technology
engineering
and
math
two
girls
working
in
classroom
setting
Events</h2
News</h2
deep
dive
with
water
polo
coach
matt
ustaszewski
making
waves
at
the
paris
Olympics</h4
student
run
free
clinic
project
is
transforming
lives
through
holistic
care
and
cooperative
Learning</h4
formerly
incarcerated
and
system
impacted
students
thrive
with
community
and
Camaraderie</h4
attend
uc
san
diego
your
journey
is
uniquewhether
as
first
generation
student
community
college
transfer
an
international
scholar
or
student
veteranand
we
are
dedicated
to
your
success
dive
deep
into
our
vibrant
learning
community
taught
by
award
winning
faculty
with
an
ocean
backdrop
UNDERGRADUATE</h3
graduate
and
PROFESSIONAL</h3
medical
and
PHARMACY</h3
lifelong
LEARNING</h3
ACADEMICS</h2
we
merge
disciplines
and
surpass
expectations
empowering
students
to
think
creatively
across
boundaries
resulting
in
unimagined
discoveries.</p
one
of
the
top
public
universities
in
the
nation
for
over
decade.</p
featured
in
u.s.
news
amp
world
report</span
among
the
top
public
universities
in
the
nation.</p
featured
in
forbes</span
in
research
spending
by
total
r&amp;d
expenditures.</p
featured
in
national
science
foundation</span
among
all
institutions
across
the
globe
of
highly
cited
researchers
we
merge
disciplines
and
surpass
expectations
empowering
students
to
think
creatively
across.</p
featured
in
clarivate</span
as
billion
dollar
research
enterprise
situated
in
the
heart
of
one
of
the
most
densely
concentrated
innovation
hubs
in
the
nation
uc
san
diego
is
unique
place
where
fresh
ideas
are
translated
into
solutions
to
benefit
societyfrom
climate
science
and
the
human
microbiome
to
nanotechnology
and
social
mobility.</p
shooting
for
the
Stars</span></h3
in
series
of
successful
launches
most
recently
aboard
the
axiom
researchers
affiliated
with
the
uc
san
diego
sanford
stem
cell
institute
have
sent
various
types
of
stem
cells
to
space
aboard
the
international
space
station
where
the
unique
microgravity
environment
offers
an
unparalleled
view
into
the
molecular
mechanisms
of
cancer
and
aging.</span></p
financial
aid
and
SCHOLARSHIPS</h2
whether
you&#8217;re
first
year
transfer
or
graduate
student
the
uc
system
has
one
of
the
most
generous
and
progressive
financial
aid
programs
in
the
nation
college
is
within
your
reach.</p
our
thriving
student
life
there
are
plenty
of
ways
to
find
community
and
have
fun
on
campus
watch
show
at
one
of
uc
san
diegos
performance
venues
participate
in
fitness
classes
join
student
organization
and
more
visiting
and
Tours</h2
uc
san
diego
homepage
uc
san
diego
gilman
drive
la
jolla
ca
nbsp;&nbsp;&nbsp
2230</a
gilman
drive</br
la
jolla
ca
2230</a
Resources</h3
Community</h3
facebook
instagram
twitter
tiktok
linkedin
give
apply
now
check
apply
now</button
document.write(new
date().getfullyear())</script
regents
of
the
university
of
california
all
rights
reserved
window.jquery
||
document.write('<script
src="
/assets
js
vendor
jquery.min.js"><\/script>')</script
function($
fakewaffle.responsivetabs(['xs
jquery
modalvideolink').click(function
var
src
https://www.youtube.com/embed/dgUGljgbjEA?autoplay=1
.modal
video
iframe').attr('src
src
.modal
video').on('hidden.bs.modal
function
.modal
video
iframe').removeattr('src
.panel
body").matchheight
.panel
news
title").matchheight
linkedin_data_partner_id
function(){var
document.getElementsByTagName("script")[0
var
document.createelement("script
b.type
text
javascript";b.async
true
b.src
https://snap.licdn.com/li.lms-analytics/insight.min.js
s.parentnode.insertbefore(b
