body
backtotop
background
5a5a5a;border
color
5a5a5a;color
ffffff;}body
backtotop
hover
background
border
color
@context
https://schema.org
@graph
@type
article
headline
study
uncovers
the
basis
of
COVID-19
related
brain
fog
name
study
uncovers
the
basis
of
COVID-19
related
brain
fog
description
neurological
symptoms
have
been
widely
observed
in
COVID-19
patients
with
many
survivors
exhibiting
persistent
neurological
and
cognitive
impairment
new
research
from
the
university
of
minnesota
found
that
COVID-19
triggers
inflammation
in
the
brain
which
is
linked
to
many
covid
related
symptoms
such
as
fatigue
and
brain
fog
image
@type
imageobject
representativeofpage
true
url
/sites
twin
cities.umn.edu
files
Unews%20Image%20Templates%203_2%20%281%29.jpg
width
height
datepublished
19T07:00:00
datemodified
19T11:03:43
isaccessibleforfree
true
author
@id
https://twin-cities.umn.edu/
name
university
of
minnesota
url
https://twin-cities.umn.edu/
logo
@type
imageobject
representativeofpage
false
url
/sites
twin
cities.umn.edu
files
block
m__gold
bg.png
width
height
publisher
@type
collegeoruniversity
@id
https://twin-cities.umn.edu/
name
university
of
minnesota
url
https://twin-cities.umn.edu/
logo
@type
imageobject
representativeofpage
false
url
/sites
twin
cities.umn.edu
files
block
m__gold
bg.png
width
height
mainentityofpage
https://twin-cities.umn.edu/news-events/study-uncovers-basis-covid-19-related-brain-fog
@type
collegeoruniversity
@id
https://twin-cities.umn.edu/
description
university
of
minnesota
twin
cities
name
university
of
minnesota
twin
cities
sameas
https://en.wikipedia.org/wiki/university_of_minnesota
https://www.facebook.com/uofmn
https://twitter.com/umnews
https://instagram.com/umnpics
https://www.youtube.com/user/universityofminn
https://www.linkedin.com/company/university-of-minnesota
url
https://twin-cities.umn.edu/
telephone
image
@type
imageobject
representativeofpage
false
url
https://twin-cities.umn.edu/sites/twin-cities.umn.edu/files/styles/desktop/public/umn-lawn.jpg
width
height
logo
@type
imageobject
representativeofpage
false
url
https://twin-cities.umn.edu/sites/twin-cities.umn.edu/files/block-m__gold-bg.png
width
height
@type
webpage
@id
https://twin-cities.umn.edu/
breadcrumb
@type
breadcrumblist
itemlistelement
@type
listitem
position
name
home
item
https://twin-cities.umn.edu/
@type
listitem
position
name
news
\u0026
events
item
https://twin-cities.umn.edu/news-events
@type
listitem
position
name
study
uncovers
the
basis
of
COVID-19
related
brain
fog
item
https://twin-cities.umn.edu/news-events/study-uncovers-basis-covid-19-related-brain-fog
@type
website
@id
https://twin-cities.umn.edu/
name
university
of
minnesota
url
https://twin-cities.umn.edu/
window.a2a_config
window.a2a_config||{};a2a_config.callbacks=[];a2a_config.overlays=[];a2a_config.templates={};</script
study
uncovers
the
basis
of
COVID-19
related
brain
fog
university
of
minnesota</title
skip
to
main
content
link
to
front
page
search
the
university
of
minnesota
twin
cities
campus</label
study
uncovers
the
basis
of
COVID-19
related
brain
fog
microscopic
view
of
the
virus
that
causes
COVID-19.&quot
image
size
900x600
for
web
75
scale
in
email
new
of
research
examines
the
specific
ways
sars
CoV-2
impacts
the
brain
credit
university
of
minnesota
neurological
symptoms
have
been
widely
observed
in
COVID-19
patients
with
many
survivors
exhibiting
persistent
neurological
and
cognitive
impairment
new
research
from
the
university
of
minnesota
found
that
COVID-19
triggers
inflammation
in
the
brain
which
is
linked
to
many
covid
related
symptoms
such
as
fatigue
and
brain
fog.&nbsp;<br><br
published
in&nbsp;</span><a
href="https://www.frontiersin.org
journals
microbiology
articles/10.3389
fmicb.2024.1404312
full?utm_source
email_to_authors_&amp;utm_medium
email&amp;utm_content
T1_11.5e1_author&amp;utm_campaign
email_publication&amp;field&amp;journalname
Frontiers_in_Microbiology&amp;id=1404312"><span
frontiers
in
microbiology</span></a><span
the
researchers
examined
the
specific
ways
the
virus
impacts
the
brain
developing
preclinical
model
to
accurately
mimic
the
effects
of
COVID-19
on
humans
to
explore
the
impact
of
age
and
sex
on
the
brain
related
impacts
of
the
disease.&nbsp;</span></p><p
dir="ltr"><span
the
study
was
led
by
maxim
cheeran
in
the
college
of
veterinary
medicine
ling
li
in
the
college
of
pharmacy
and
walter
low
in
the
medical
school
the
findings
include:</span></p><ul><li
dir="ltr"><span
sars
CoV-2
infection
triggered
neuroinflammatory
response
despite
the
lack
of
detectable
virus
in
the
brain.&nbsp;</span></li><li
dir="ltr"><span
older
age
males
showed
higher
viral
load
and
more
pronounced
symptoms.&nbsp;</span></li><li
dir="ltr"><span
older
age
also
led
to
increased
neurological
inflammation.&nbsp;</span></li></ul><p
dir="ltr"><span
the
researchers
also
found
several
biological
pathways
that
the
virus
impacts
in
the
brain
including
overactive
or
misdirected
immune
response
disruption
to
the
protective
blood
brain
barrier
damage
to
cells
lining
blood
vessels
and
impacts
to
how
nerve
cells
are
formed
and
function
these
impacts
can
impair
brain
function
and
may
even
lead
to
permanent
damage.</span></p><p
dir="ltr"><span
there
are
still
things
we
do
nt
know
about
how
coronavirus
infection
affects
the
brain
and
our
research
is
beginning
to
unravel
the
mystery
said
cheeran
we
now
know
that
viral
infection
in
the
lungs
can
cause
inflammatory
changes
in
the
brain
affected
by
the
age
and
sex
of
the
patient
with
this
model
we
can
further
examine
the
connections
between
the
infected
lung
and
the
brain
and
start
development
on
targeted
treatments
to
mitigate
the
impact
of
COVID-19
on
the
brain.</span></p><p
dir="ltr"><span
in
addition
to
new
targeted
therapies
these
findings
allow
for
more
accurate
vaccine
development
and
continued
research
the
research
team
has
study
underway
that
could
shed
light
on
the
persistence
of
these
symptoms
in
individuals
experiencing
long
covid
including
the
long
term
impacts
on
neurocognitive
behavior
and
memory
loss.</span></p><p
dir="ltr"><span
this
work
was
supported
in
part
by
grants
from
the
national
institutes
of
health
national
institute
on
aging
and
the
surrge
award
program
of
the
university
of
minnesotas
college
of
pharmacy.</span></p><p
class="text
align
center
dir="ltr"><span>-30-</span></p><p
dir="ltr"><span><br></span><strong
about
the
college
of
veterinary
medicine
the
university
of
minnesota
college
of
veterinary
medicine
affects
the
lives
of
animals
and
people
every
day
through
educational
research
service
and
outreach
programs
established
in
the
university
of
minnesota
college
of
veterinary
medicine
is
minnesotas
only
veterinary
college
fully
accredited
the
college
has
graduated
over
4,000
veterinarians
and
hundreds
of
scientists
the
college
is
also
home
to
the
veterinary
medical
center
the
veterinary
diagnostic
laboratory
the
leatherdale
equine
center
and
the
raptor
center
learn
more
at
vetmed.umn.edu.<br></span><strong><br
about
the
college
of
pharmacy
founded
in
the
university
of
minnesota
college
of
pharmacy
is
the
only
pharmacy
school
in
minnesota
with
campuses
in
the
twin
cities
and
in
duluth
the
college
of
pharmacy
improves
health
through
innovative
education
pioneering
research
and
interdisciplinary
practice
development
that
attends
to
the
diverse
needs
of
the
people
of
minnesota
and
the
world
learn
more
at
pharmacy.umn.edu.</span></p><p><span><strong
about
the
medical
school</strong></span><br><span
the
university
of
minnesota
medical
school
is
at
the
forefront
of
learning
and
discovery
transforming
medical
care
and
educating
the
next
generation
of
physicians
our
graduates
and
faculty
produce
high
impact
biomedical
research
and
advance
the
practice
of
medicine
we
acknowledge
that
the
of
medical
school
is
located
on
traditional
ancestral
and
contemporary
lands
of
the
dakota
and
the
ojibwe
and
scores
of
other
indigenous
people
and
we
affirm
our
commitment
to
tribal
communities
and
their
sovereignty
as
we
seek
to
improve
and
strengthen
our
relations
with
tribal
nations
learn
more
at&nbsp;med.umn.edu.</span></p
media
Contacts</h2
university
public
relations
more
stories
in
madelyn
blake
in
black
feature
changing
minds
about
substance
use</span
photo
of
healthy
lunch
box
for
children
and
backpack
with
school
supplies
on
wooden
table
next
to
head
shot
image
of
joanne
slavin
talking
with
of
talking
back
to
school
nutrition
with
of
m</span
back
to
school
means
new
schedules
and
routines
for
the
whole
family
and
meal
times
are
no
exception.&nbsp;<br>&nbsp;</p
mariana
cardenas
against
gray
andes
landscape
feature
the
technicolor
world
of
life
after
glaciers</span
madelyn
blake
in
black
feature
changing
minds
about
substance
use</span
of
alumni
marching
band
at
the
state
fair
feature
twelve
great
of
things
to
do
at
the
fair</span
the
university
of
minnesota
is
mainstay
at
the
minnesota
state
fair
here
are
dozen
attractions
that
highlight
the
us
countless
contributions
to
the
state.</span></p
two
adult
and
one
juvenile
bonobo
feature
belligerent
bonobos</span
umn
crookston</text
umn
morris</text
umn
duluth</text
umn
twin
cities</text
umn
rochester</text
system
Campuses</h2
Contact</h2
we
do
for
you.</div
connect
with
us</h2
link
to
front
page
document.write(new
date().getfullyear())</script></span
regents
of
the
university
of
minnesota
all
rights
reserved.<br
the
university
of
minnesota
is
an
equal
opportunity
educator
and
employer
