var
r={2983:(e
r)=>{"use
strict";r.d(t,{D0:()=>v
gd:()=>y
vp:()=>s
oc:()=>x
fr:()=>_,jd:()=>p
hr:()=>a
xn:()=>b
x1:()=>c
an:()=>t
v:()=>j});var
r(384),i
r(7864);const
o={beacon
n.
nt.beacon
errorbeacon
n.
nt.errorbeacon
licensekey
void
0,applicationID
void
0,sa
void
0,queueTime
void
0,applicationTime
void
0,ttGuid
void
0,user
void
0,account
void
0,product
void
0,extra
void
0,jsAttributes:{},userAttributes
void
0,atts
void
0,transactionName
void
0,tNamePlain
void
0},a={};function
s(e){if(!e)throw
new
error("all
info
objects
require
an
agent
identifier!");if(!a[e])throw
new
error("info
for
.concat(e
was
never
set"));return
a[e]}function
c(e
t){if(!e)throw
new
error("all
info
objects
require
an
agent
identifier!");a[e]=(0,i.a)(t
o);const
r=(0,n.nY)(e);r&&(r.info
a[e])}var
r(993);const
e=>{if(!e||"string"!=typeof
e)return!1;try{document.createDocumentFragment().querySelector(e)}catch{return!1}return!0};var
r(2614),f
r(944);const
h="[data
nr
mask]",g=()=>{const
e={mask_selector:"*",block_selector:"[data
nr
block]",mask_input_options:{color:!1,date:!1,"datetime
local":!1,email:!1,month:!1,number:!1,range:!1,search:!1,tel:!1,text:!1,time:!1,url:!1,week:!1,textarea:!1,select:!1,password:!0}};return{ajax:{deny_list
void
0,block_internal:!0,enabled:!0,harvestTimeSeconds:10,autoStart:!0},distributed_tracing:{enabled
void
0,exclude_newrelic_header
void
0,cors_use_newrelic_header
void
0,cors_use_tracecontext_headers
void
0,allowed_origins
void
0},feature_flags:[],generic_events:{enabled:!0,harvestTimeSeconds:30,autoStart:!0},harvest:{tooManyRequestsDelay:60},jserrors:{enabled:!0,harvestTimeSeconds:10,autoStart:!0},logging:{enabled:!0,harvestTimeSeconds:10,autoStart:!0,level
u.p_.INFO},metrics:{enabled:!0,autoStart:!0},obfuscate
void
0,page_action:{enabled:!0},page_view_event:{enabled:!0,autoStart:!0},page_view_timing:{enabled:!0,harvestTimeSeconds:30,long_task:!1,autoStart:!0},privacy:{cookies_enabled:!0},proxy:{assets
void
0,beacon
void
0},session:{expiresMs
l.wk
inactivems
l.
BB},session_replay:{autoStart:!0,enabled:!1,harvestTimeSeconds:60,preload:!1,sampling_rate:10,error_sampling_rate:100,collect_fonts:!1,inline_images:!1,inline_stylesheet:!0,fix_stylesheets:!0,mask_all_inputs:!0,get
mask_text_selector(){return
e.mask_selector},set
mask_text_selector(t){d(t)?e.mask_selector="".concat(t,",").concat(h):""===t||null===t?e.mask_selector
h:(0,f
R)(5,t)},get
block_class(){return"nr
block"},get
ignore_class(){return"nr
ignore"},get
mask_text_class(){return"nr
mask"},get
block_selector(){return
e.block_selector},set
block_selector(t){d(t)?e.block_selector+=",".concat(t):""!==t&&(0,f
R)(6,t)},get
mask_input_options(){return
e.mask_input_options},set
mask_input_options(t){t&&"object"==typeof
t?e.mask_input_options={
password:!0}:(0,f
R)(7,t)}},session_trace:{enabled:!0,harvestTimeSeconds:10,autoStart:!0},soft_navigations:{enabled:!0,harvestTimeSeconds:10,autoStart:!0},spa:{enabled:!0,harvestTimeSeconds:10,autoStart:!0},ssl
void
0}},p={},m="All
configuration
objects
require
an
agent
identifier!";function
v(e){if(!e)throw
new
error(m);if(!p[e])throw
new
error("configuration
for
.concat(e
was
never
set"));return
p[e]}function
b(e
t){if(!e)throw
new
Error(m);p[e]=(0,i.a)(t
g());const
r=(0,n.nY)(e);r&&(r.init
p[e])}function
y(e
t){if(!e)throw
new
error(m);var
v(e);if(r){for(var
t.split("
"),i=0;i
t.length)&&t.indexof(e)===t.length
e.length}function
c(e
t){return
0===e.indexOf("/")&&(e
e.substring(1)),0===t.indexOf("/")&&(t
t.substring(1)),""===e||e===t}},1687:(e
r)=>{"use
strict";r.d(t,{ak:()=>s
ze:()=>d
x3:()=>c});var
r(7836),i
r(3606),o
r(860);const
a={};function
s(e
t){const
r={staged:!1,priority
:o
P[t]||0};u(e),a[e].get(t)||a[e].set(t
r)}function
c(e
t){e&&a[e]&&(a[e].get(t)&&a[e].delete(t),f(e
t,!1),a[e].size&&l(e))}function
u(e){if(!e)throw
new
error("agentidentifier
required");a[e]||(a[e]=new
map)}function
d(){let
arguments.length>0&&void
0!==arguments[0]?arguments[0]:"",t
arguments.length>1&&void
0!==arguments[1]?arguments[1]:"feature",r
arguments.length>2&&void
0!==arguments[2]&&arguments[2];if(u(e),!e||!a[e].get(t)||r)return
f(e
t);a[e].get(t).staged=!0,l(e)}function
l(e){const
array.from(a[e]);t.every((e=>{let[t
r]=e;return
r.staged}))&&(t.sort(((e
t)=>e[1].priority
t[1].priority)),t.forEach((t=>{let[r]=t;a[e].delete(r),f(e
r)})))}function
f(e
t){let
r=!(arguments.length>2&&void
0!==arguments[2])||arguments[2];const
e?n.ee.get(e):n.ee
i.i.handlers;if(!o.aborted&&o.backlog&&a){if(r){const
o.backlog[t],r
a[t];if(r){for(let
t=0;e&&t
t.max&&(t.max
e),e
home
penn
provost</title><meta
name="description
content="provost
john
l.
jackson
jr.
welcomes
you
to
the
work
and
the
people
of
the
Provost&#039;s
office
/><link
rel="canonical
href="https://provost.upenn.edu/
/><meta
property="og
locale
content="en_us
/><meta
property="og
type
content="website
/><meta
property="og
title
content="home
penn
provost
/><meta
property="og
description
content="provost
john
l.
jackson
jr.
welcomes
you
to
the
work
and
the
people
of
the
Provost&#039;s
office
/><meta
property="og
url
content="https://provost.upenn.edu/
/><meta
property="og
site_name
content="penn
provost
/><meta
property="article
modified_time
content="2024
21T17:22:42
00:00
/><meta
property="og
image
content="https://provost.upenn.edu
wp
content
uploads
provost
site
thumb.png
/><meta
property="og
image
width
content="1200
/><meta
property="og
image
height
content="675
/><meta
property="og
image
type
content="image
png
/><meta
name="twitter
card
content="summary_large_image
return
true
return
false
disable
tracking
if
the
opt
out
cookie
exists
if
gtagtrackerisoptedout
for
var
index
index
is
div){margin
0;}body
.is
layout
grid{display
grid;}.is
layout
grid
is
div){margin
0;}:where(.wp
block
columns.is
layout
flex){gap
2em;}:where(.wp
block
columns.is
layout
grid){gap
2em;}:where(.wp
block
post
template.is
layout
flex){gap
1.25em;}:where(.wp
block
post
template.is
layout
grid){gap
1.25em;}.has
black
color{color
var(--wp
preset
color
black
important;}.has
cyan
bluish
gray
color{color
var(--wp
preset
color
cyan
bluish
gray
important;}.has
white
color{color
var(--wp
preset
color
white
important;}.has
pale
pink
color{color
var(--wp
preset
color
pale
pink
important;}.has
vivid
red
color{color
var(--wp
preset
color
vivid
red
important;}.has
luminous
vivid
orange
color{color
var(--wp
preset
color
luminous
vivid
orange
important;}.has
luminous
vivid
amber
color{color
var(--wp
preset
color
luminous
vivid
amber
important;}.has
light
green
cyan
color{color
var(--wp
preset
color
light
green
cyan
important;}.has
vivid
green
cyan
color{color
var(--wp
preset
color
vivid
green
cyan
important;}.has
pale
cyan
blue
color{color
var(--wp
preset
color
pale
cyan
blue
important;}.has
vivid
cyan
blue
color{color
var(--wp
preset
color
vivid
cyan
blue
important;}.has
vivid
purple
color{color
var(--wp
preset
color
vivid
purple
important;}.has
black
background
color{background
color
var(--wp
preset
color
black
important;}.has
cyan
bluish
gray
background
color{background
color
var(--wp
preset
color
cyan
bluish
gray
important;}.has
white
background
color{background
color
var(--wp
preset
color
white
important;}.has
pale
pink
background
color{background
color
var(--wp
preset
color
pale
pink
important;}.has
vivid
red
background
color{background
color
var(--wp
preset
color
vivid
red
important;}.has
luminous
vivid
orange
background
color{background
color
var(--wp
preset
color
luminous
vivid
orange
important;}.has
luminous
vivid
amber
background
color{background
color
var(--wp
preset
color
luminous
vivid
amber
important;}.has
light
green
cyan
background
color{background
color
var(--wp
preset
color
light
green
cyan
important;}.has
vivid
green
cyan
background
color{background
color
var(--wp
preset
color
vivid
green
cyan
important;}.has
pale
cyan
blue
background
color{background
color
var(--wp
preset
color
pale
cyan
blue
important;}.has
vivid
cyan
blue
background
color{background
color
var(--wp
preset
color
vivid
cyan
blue
important;}.has
vivid
purple
background
color{background
color
var(--wp
preset
color
vivid
purple
important;}.has
black
border
color{border
color
var(--wp
preset
color
black
important;}.has
cyan
bluish
gray
border
color{border
color
var(--wp
preset
color
cyan
bluish
gray
important;}.has
white
border
color{border
color
var(--wp
preset
color
white
important;}.has
pale
pink
border
color{border
color
var(--wp
preset
color
pale
pink
important;}.has
vivid
red
border
color{border
color
var(--wp
preset
color
vivid
red
important;}.has
luminous
vivid
orange
border
color{border
color
var(--wp
preset
color
luminous
vivid
orange
important;}.has
luminous
vivid
amber
border
color{border
color
var(--wp
preset
color
luminous
vivid
amber
important;}.has
light
green
cyan
border
color{border
color
var(--wp
preset
color
light
green
cyan
important;}.has
vivid
green
cyan
border
color{border
color
var(--wp
preset
color
vivid
green
cyan
important;}.has
pale
cyan
blue
border
color{border
color
var(--wp
preset
color
pale
cyan
blue
important;}.has
vivid
cyan
blue
border
color{border
color
var(--wp
preset
color
vivid
cyan
blue
important;}.has
vivid
purple
border
color{border
color
var(--wp
preset
color
vivid
purple
important;}.has
vivid
cyan
blue
to
vivid
purple
gradient
background{background
var(--wp
preset
gradient
vivid
cyan
blue
to
vivid
purple
important;}.has
light
green
cyan
to
vivid
green
cyan
gradient
background{background
var(--wp
preset
gradient
light
green
cyan
to
vivid
green
cyan
important;}.has
luminous
vivid
amber
to
luminous
vivid
orange
gradient
background{background
var(--wp
preset
gradient
luminous
vivid
amber
to
luminous
vivid
orange
important;}.has
luminous
vivid
orange
to
vivid
red
gradient
background{background
var(--wp
preset
gradient
luminous
vivid
orange
to
vivid
red
important;}.has
very
light
gray
to
cyan
bluish
gray
gradient
background{background
var(--wp
preset
gradient
very
light
gray
to
cyan
bluish
gray
important;}.has
cool
to
warm
spectrum
gradient
background{background
var(--wp
preset
gradient
cool
to
warm
spectrum
important;}.has
blush
light
purple
gradient
background{background
var(--wp
preset
gradient
blush
light
purple
important;}.has
blush
bordeaux
gradient
background{background
var(--wp
preset
gradient
blush
bordeaux
important;}.has
luminous
dusk
gradient
background{background
var(--wp
preset
gradient
luminous
dusk
important;}.has
pale
ocean
gradient
background{background
var(--wp
preset
gradient
pale
ocean
important;}.has
electric
grass
gradient
background{background
var(--wp
preset
gradient
electric
grass
important;}.has
midnight
gradient
background{background
var(--wp
preset
gradient
midnight
important;}.has
small
font
size{font
size
var(--wp
preset
font
size
small
important;}.has
medium
font
size{font
size
var(--wp
preset
font
size
medium
important;}.has
large
font
size{font
size
var(--wp
preset
font
size
large
important;}.has
large
font
size{font
size
var(--wp
preset
font
size
large
important
where(.wp
block
post
template.is
layout
flex){gap
1.25em;}:where(.wp
block
post
template.is
layout
grid){gap
1.25em
where(.wp
block
columns.is
layout
flex){gap
2em;}:where(.wp
block
columns.is
layout
grid){gap
2em
root
where(.wp
block
pullquote){font
size
1.5em;line
height
1.6;}</style><link
rel='stylesheet
id='typekit
css
href='https://use.typekit.net
sxu8uix.css?ver=1
type='text
css
media='all
/><link
rel='stylesheet
id='font
awesome
css
href='https://provost.upenn.edu
wp
content
themes
provost
stylesheets
font
awesome.min.css?ver=1
type='text
css
media='all
/><link
rel='stylesheet
id='material
css
href='https://provost.upenn.edu
wp
content
themes
provost
stylesheets
material
design
iconic
font.min.css?ver=1
type='text
css
media='all
/><link
rel='stylesheet
id='slick
css
href='https://provost.upenn.edu
wp
content
uploads
autoptimize
css
autoptimize_single_f38b2db10e01b1572732a3191d538707.css?ver=1
type='text
css
media='all
/><link
rel='stylesheet
id='slick
extra
css
href='https://provost.upenn.edu
wp
content
uploads
autoptimize
css
autoptimize_single_9d5aab86a960b72336e883da82fc1740.css?ver=1
type='text
css
media='all
/><link
rel='stylesheet
id='mmenu
css
href='https://provost.upenn.edu
wp
content
uploads
autoptimize
css
autoptimize_single_0510d0587d0940cea68e6201ea24b8c4.css?ver=1
type='text
css
media='all
/><link
rel='stylesheet
id='mainstyle
css
href='https://provost.upenn.edu
wp
content
uploads
autoptimize
css
autoptimize_single_a3939fc517dfa0cad76648de8f97b344.css?ver=1
type='text
css
media='all
penn
provost
logo
who
we
are</a><div
class="mega
dropdown
container
parent-285"><div
class="container
mega
inner
container"><div
class="row
h-100"><div
class="col-12
my
auto"><div
class="row"><div
class="col-4"><div
class="header"><a
href="https://provost.upenn.edu
who
we
are/">who
we
are</a></div></div><div
class="col-4
s"><ul><li
class=
for
students</a><div
class="mega
dropdown
container
parent-288"><div
class="container
mega
inner
container"><div
class="row
h-100"><div
class="col-12
my
auto"><div
class="row"><div
class="col-4"><div
class="header"><a
href="https://provost.upenn.edu
for
students/">for
students</a></div></div><div
class="col-4
s"><ul><li
class=
graduate
and
professional
students</a></li><li
class=
university
life
at
penn</a></li><li
class=
wellbeing
initiatives</a></li><li
class=
student
health
and
counseling</a></li><li
class=
international
student
and
scholar
services</a></li><li
class=
center
for
community
standards
and
accountability</a></li></ul><!-skip--></div><div
class="col-4
e"><ul
class="special"><li
class="special
title">more
resources</li><li><a
href="https://catalog.upenn.edu
pennbook/
rel="noopener
aria
label="opens
in
new
window
target="_blank
class="external">pennbook</a></li><li><a
href="https://catalog.upenn.edu
graduate/
rel="noopener
aria
label="opens
in
new
window
target="_blank
class="external">graduate
catalog</a></li><li><a
href="https://catalog.upenn.edu
undergraduate/
rel="noopener
aria
label="opens
in
new
window
target="_blank
class="external">undergraduate
catalog</a></li><li><a
href="https://gsc.upenn.edu/
rel="noopener
aria
label="opens
in
new
window
target="_blank
class="external">graduate
student
center</a></li><li><a
href="https://familycenter.upenn.edu/
rel="noopener
aria
label="opens
in
new
window
target="_blank
class="external">family
resource
center</a></li></ul></div></div></div></div></div></div></li><li
class="mega
dropdown
for
staff</a><div
class="mega
dropdown
container
parent-2635"><div
class="container
mega
inner
container"><div
class="row
h-100"><div
class="col-12
my
auto"><div
class="row"><div
class="col-4"><div
class="header"><a
href="https://provost.upenn.edu
for
staff
administrative
affairs/">for
staff</a></div></div><div
class="col-4
s"><ul><li
class=
provost
administrative
affairs</a></li><li
class=
penn
human
resources</a></li><li
class=
for
faculty</a><div
class="mega
dropdown
container
parent-1336"><div
class="container
mega
inner
container"><div
class="row
h-100"><div
class="col-12
my
auto"><div
class="row"><div
class="col-4"><div
class="header"><a
href="https://faculty.upenn.edu/">for
faculty</a></div></div><div
class="col-4
s"><ul><li
class=
faculty
website</a></li><li
class=
faculty
senate</a></li><li
class=
faculty
handbook</a></li><li
class=
teaching
at
penn</a></li><li
class=
cetli</a></li></ul><!-skip--></div><div
class="col-4
e"><ul
class="special"><li
class="special
title">more
resources</li><li><a
href="https://provost.upenn.edu
pasef
rel="noopener
aria
label="opens
in
new
window
target="_blank
class="external">pasef</a></li><li><a
href="https://live
penn
provost
wp.pantheonsite.io
for
students
central
pool
classrooms/
rel="noopener
aria
label="opens
in
new
window
target="_blank
class="external">central
pool
classrooms</a></li></ul></div></div></div></div></div></div></li><li
class="mega
dropdown
for
postdocs</a></li><li
class="mega
dropdown
contact</a></li></ul
who
we
are</a><ul
class="submenu"><li
for
students</a><ul
class="submenu"><li
graduate
and
professional
students</a></li><li
university
life
at
penn</a></li><li
wellbeing
initiatives</a></li><li
student
health
and
counseling</a></li><li
international
student
and
scholar
services</a></li><li
center
for
community
standards
and
accountability</a></li><ul
class="special"><li
class="special
title">more
resources</li><li><a
href="https://catalog.upenn.edu
pennbook/
rel="noopener
aria
label="opens
in
new
window
target="_blank
class="external">pennbook</a></li><li><a
href="https://catalog.upenn.edu
graduate/
rel="noopener
aria
label="opens
in
new
window
target="_blank
class="external">graduate
catalog</a></li><li><a
href="https://catalog.upenn.edu
undergraduate/
rel="noopener
aria
label="opens
in
new
window
target="_blank
class="external">undergraduate
catalog</a></li><li><a
href="https://gsc.upenn.edu/
rel="noopener
aria
label="opens
in
new
window
target="_blank
class="external">graduate
student
center</a></li><li><a
href="https://familycenter.upenn.edu/
rel="noopener
aria
label="opens
in
new
window
target="_blank
class="external">family
resource
center</a></li></ul></ul></li><li
class="top
for
staff</a><ul
class="submenu"><li
provost
administrative
affairs</a></li><li
penn
human
resources</a></li><li
for
faculty</a><ul
class="submenu"><li
faculty
website</a></li><li
faculty
senate</a></li><li
faculty
handbook</a></li><li
teaching
at
penn</a></li><li
cetli</a></li><ul
class="special"><li
class="special
title">more
resources</li><li><a
href="https://provost.upenn.edu
pasef
rel="noopener
aria
label="opens
in
new
window
target="_blank
class="external">pasef</a></li><li><a
href="https://live
penn
provost
wp.pantheonsite.io
for
students
central
pool
classrooms/
rel="noopener
aria
label="opens
in
new
window
target="_blank
class="external">central
pool
classrooms</a></li></ul></ul></li><li
class="top
for
postdocs</a></li><li
class="top
contact</a></li></ul></nav><div
id="main
role="main"><section
class="hero
image
hero
full
style="background
image
url('https://provost.upenn.edu
wp
content
uploads
header
scaled-1
min.jpg');"><div
class="container"></div></section><section
class="hero
title"><div
class="container"><div
class="row"><div
class="col
lg-7
col
md-10
col
sm-11
hero
inner"><h1
advancing
research
teaching</span><span
class="special
welcome
to
the
Provost&#8217;s
Office</h2><p
provost
john
l.
jackson
jr.
welcomes
you
to
the
work
and
the
people
of
the
Provost&#8217;s
office.</p><p><strong
learn
more
about
learn
more
about
the
offices
of
the
deputy
and
vice
Provosts</h3></div></div><div
class="row
justify
content
center
penn
deputy
provost
penn
admissions
penn
education
penn
faculty
penn
global
penn
libraries
penn
research
penn
student
engagement
penn
university
life
learn
more
about
the
Provost&#8217;s
Center</h3></div></div><div
class="row
justify
content
center"><div
class="col
lg-4"><div
class="card
arts
athletics
wellness
university
Initiatives</h3></div></div><div
class="row
conversations
for
community
this
program
encourages
members
of
the
penn
community
to
engage
in
conversation
free
of
charge
over
breakfast
lunch
or
dinner.</p><div
class="card
link
in
principle
and
practice
the
University&#8217;s
new
strategic
framework
articulates
Penn&#8217;s
enduring
values
and
distinctive
strengths
to
meet
the
most
important
needs
of
our
present
and
our
future.</p><div
class="card
link
pennovation
center
the
pennovation
center
brings
together
researchers
innovators
and
entrepreneurs
to
accelerate
public
use
of
research
discoveries.</p><div
class="card
link
news
Announcements</h3><div
class="row
id="featuredstoryresults"></div></div></section
jquery(document).ready(function
var
featuredurl
https://penntoday.upenn.edu/api/news/id/173418
jquery.ajax
url
featuredurl
type
get
datatype
json
success
function(data
if
data.hasownproperty('items
array.isarray(data.items
loop
through
each
item
jquery.each(data.items
function(index
item
append
item
data
to
the
result
div
var
selecteddate
item.date
var
formatteddate
moment(selecteddate).format("ll
featuredstoryresults').append('<div
class="col
lg-7
media"><a
href=
item.url
aria
label=
item.title
target="_blank
rel="noopener"><div
class="card
image
style="background
image
url
item.image
aria
label=
item.title
role="img"><div
class="featured">featured</div></div></a></div><div
class="col
lg-5"><div
class="meta
row"><a
href=
item.topic[0].url
target="_blank
rel="noopener
item.topic[0].name
formatteddate
item.title
item.summary
error
function(error
handle
errors
console.error('error
fetching
featured
json
feed
error
jquery(document).ready(function
url
of
the
json
feed
var
jsonfeedurl
https://penntoday.upenn.edu/api/news/subtopic/172+158+159+247+112+128+283+178+250+116+119+120+197+98+204+122+108+125+135+280+177+126+249+103+127+144?_format=json&items_per_page=3
make
an
ajax
request
jquery.ajax
url
jsonfeedurl
type
get
datatype
json
success
function(data
handle
the
json
data
here
//console.log(data
if
data.hasownproperty('items
array.isarray(data.items
loop
through
each
item
jquery.each(data.items
function(index
item
append
item
data
to
the
result
div
var
selecteddate
item.date
var
formatteddate
moment(selecteddate).format("ll
newsresult').append('<div
class="col
lg-4
mix"><div
class="card"><a
class="img
link
href=
item.url
aria
label=
item.title
item.topic[0].name
formatteddate
item.title
item.summary
complete
function
jqxhr
textstatus
handle
errors
//console.log('complete
json
feed
textstatus
//if
we
got
pagination
invoke
it
here
error
function(error
handle
errors
console.error('error
fetching
json
feed
error
function
handlemixend(state
html
body').animate
scrolltop
newsresult').offset().top
penn
provost
university
of
pennsylvania
philadelphia
pa
215.898.5000</div><div
class="col
lg-6
col
sm-12"><ul><li><a
href="mailto:provost@upenn.edu
target="_self">provost@upenn.edu</a></li><li><a
href="/contact/
target="_self">contact
us</a></li></ul></div></div></div></div><div
class="copyright"><div
class="container"><div
class="row"><div
class="col
lg-6
col
md-12
col
sm-12
text
left
my
auto">&copy
university
of
pennsylvania
philadelphia
pa
19104</div><div
class="col
lg-6
col
md-12
col
sm-12
text
right"><div
class="my
auto
float
right"><ul
id="menu
footer
navigation
bar
class="menu"><li
id="menu
item-20
class="menu
item
menu
item
type
custom
menu
item
object
custom
menu
item-20"><a
title="university
of
pennsylvania
target="_blank
rel="noopener
href="http://upenn.edu/
aria
label="university
of
pennsylvania
opens
in
new
window">university
of
pennsylvania</a></li><li
id="menu
item-21
class="menu
item
menu
item
type
custom
menu
item
object
custom
menu
item-21"><a
title="penn
directory
target="_blank
rel="noopener
href="https://www.upenn.edu
directories
aria
label="penn
directory
opens
in
new
window">penn
directory</a></li><li
id="menu
item-22
class="menu
item
menu
item
type
custom
menu
item
object
custom
menu
item-22"><a
title="accessibility
target="_blank
rel="noopener
href="https://accessibility.web
resources.upenn.edu
get
help
aria
label="accessibility
opens
in
new
window">accessibility</a></li></ul></div></div></div></div></div></footer></div
