document.documentelement.classname
document.documentelement.classname.replace(/\bno
js\b/
js
groups
amp
organizations
university
of
pennsylvania</title
.cls-1
fill
fff
.cls-2
fill
.cls-3
fill
011f5b
penn
home</title
resources
close</span
groups
amp
organizations</span
participate
in
social
political
artistic
and
multicultural
activities
that
put
learning
into
practice.</p
dance
group
student
clubs
and
Organizations</h2
information
about
penns
many
registered
student
organizations.</p
search
student
groups
register
an
organization
and
view
upcoming
campus
events.</p
learn
about
greek
life
at
penn
and
resources
available
through
the
office
of
student
affairs
fraternity
sorority
life
find
information
tailored
to
the
needs
of
students
parents
and
alumni.</p
deliberative
and
representative
bodies
for
undergraduate
graduate
and
professional
students.</p
amanda
yagerman
on
locust
walk
roundup
of
undergraduate
and
graduate
student
profiles
who
made
the
most
of
their
years
at
penn
and
made
mark
on
the
community.</p
learn
more</a
penn
electric
racing
unveiling
new
car
penn
electric
racing
is
the
university
of
pennsylvanias
formula
sae
electric
team
each
year
they
build
award
winning
fully
electric
racecars
that
aim
to
push
the
envelope
bringing
together
penns
brightest
engineers
in
the
process.</p
learn
more</a
faculty
and
staff
Organizations</h2
the
wppsa
represents
weekly
paid
professional
employees
on
the
university
council
and
gives
voice
to
the
interests
of
its
membership
throughout
the
penn
community.</p
pasef
initiates
and
coordinates
activities
that
encourage
retired
faculty
members
to
maintain
connections
among
themselves
and
with
the
intellectual
and
social
life
of
the
university.</p
elected
members
of
the
faculty
senates
executive
and
standing
committees
engage
in
investigation
and
consideration
of
matters
of
import
with
the
university
administration.</p
the
ppsa
provides
forum
through
which
monthly
paid
staff
can
engage
in
dialogue
about
issues
facing
the
university
and
higher
education.</p
penn
lions
students
in
costumes
lgbt
group
.link
grid__image
active.link
grid__image--44
.link
grid__image
loading.link
grid__image--44
background
image
url
/sites
default
files
styles
crop_2x1
public/2023
africa
galleries_0.jpeg?h=450dfede&amp;itok
bnO-5nTU
.link
grid__image
active.link
grid__image--638
.link
grid__image
loading.link
grid__image--638
background
image
url
.link
grid__image
active.link
grid__image--639
.link
grid__image
loading.link
grid__image--639
background
image
url
.link
grid__image
active.link
grid__image--640
.link
grid__image
loading.link
grid__image--640
background
image
url
.link
grid__image
active.link
grid__image--641
.link
grid__image
loading.link
grid__image--641
background
image
url
.link
grid__image
active.link
grid__image--642
.link
grid__image
loading.link
grid__image--642
background
image
url
.link
grid__image
active.link
grid__image--644
.link
grid__image
loading.link
grid__image--644
background
image
url
.link
grid__image
active.link
grid__image--643
.link
grid__image
loading.link
grid__image--643
background
image
url
.link
grid__image
active.link
grid__image--645
.link
grid__image
loading.link
grid__image--645
background
image
url
university
of
pennsylvania
penn
's
Heritage</h2
as
americas
first
university
penn
has
history
that
dates
back
to
and
shares
many
ties
with
the
colonial
city
of
philadelphia
and
the
birth
of
our
nation.</em></p
window.site
new
site
