var
r={2983:(e
r)=>{"use
strict";r.d(t,{D0:()=>v
gd:()=>y
vp:()=>s
oc:()=>x
fr:()=>_,jd:()=>p
hr:()=>a
xn:()=>b
x1:()=>c
an:()=>t
v:()=>j});var
r(384),i
r(7864);const
o={beacon
n.
nt.beacon
errorbeacon
n.
nt.errorbeacon
licensekey
void
0,applicationID
void
0,sa
void
0,queueTime
void
0,applicationTime
void
0,ttGuid
void
0,user
void
0,account
void
0,product
void
0,extra
void
0,jsAttributes:{},userAttributes
void
0,atts
void
0,transactionName
void
0,tNamePlain
void
0},a={};function
s(e){if(!e)throw
new
error("all
info
objects
require
an
agent
identifier!");if(!a[e])throw
new
error("info
for
.concat(e
was
never
set"));return
a[e]}function
c(e
t){if(!e)throw
new
error("all
info
objects
require
an
agent
identifier!");a[e]=(0,i.a)(t
o);const
r=(0,n.nY)(e);r&&(r.info
a[e])}var
r(993);const
e=>{if(!e||"string"!=typeof
e)return!1;try{document.createDocumentFragment().querySelector(e)}catch{return!1}return!0};var
r(2614),f
r(944);const
h="[data
nr
mask]",g=()=>{const
e={mask_selector:"*",block_selector:"[data
nr
block]",mask_input_options:{color:!1,date:!1,"datetime
local":!1,email:!1,month:!1,number:!1,range:!1,search:!1,tel:!1,text:!1,time:!1,url:!1,week:!1,textarea:!1,select:!1,password:!0}};return{ajax:{deny_list
void
0,block_internal:!0,enabled:!0,harvestTimeSeconds:10,autoStart:!0},distributed_tracing:{enabled
void
0,exclude_newrelic_header
void
0,cors_use_newrelic_header
void
0,cors_use_tracecontext_headers
void
0,allowed_origins
void
0},feature_flags:[],generic_events:{enabled:!0,harvestTimeSeconds:30,autoStart:!0},harvest:{tooManyRequestsDelay:60},jserrors:{enabled:!0,harvestTimeSeconds:10,autoStart:!0},logging:{enabled:!0,harvestTimeSeconds:10,autoStart:!0,level
u.p_.INFO},metrics:{enabled:!0,autoStart:!0},obfuscate
void
0,page_action:{enabled:!0},page_view_event:{enabled:!0,autoStart:!0},page_view_timing:{enabled:!0,harvestTimeSeconds:30,long_task:!1,autoStart:!0},privacy:{cookies_enabled:!0},proxy:{assets
void
0,beacon
void
0},session:{expiresMs
l.wk
inactivems
l.
BB},session_replay:{autoStart:!0,enabled:!1,harvestTimeSeconds:60,preload:!1,sampling_rate:10,error_sampling_rate:100,collect_fonts:!1,inline_images:!1,inline_stylesheet:!0,fix_stylesheets:!0,mask_all_inputs:!0,get
mask_text_selector(){return
e.mask_selector},set
mask_text_selector(t){d(t)?e.mask_selector="".concat(t,",").concat(h):""===t||null===t?e.mask_selector
h:(0,f
R)(5,t)},get
block_class(){return"nr
block"},get
ignore_class(){return"nr
ignore"},get
mask_text_class(){return"nr
mask"},get
block_selector(){return
e.block_selector},set
block_selector(t){d(t)?e.block_selector+=",".concat(t):""!==t&&(0,f
R)(6,t)},get
mask_input_options(){return
e.mask_input_options},set
mask_input_options(t){t&&"object"==typeof
t?e.mask_input_options={
password:!0}:(0,f
R)(7,t)}},session_trace:{enabled:!0,harvestTimeSeconds:10,autoStart:!0},soft_navigations:{enabled:!0,harvestTimeSeconds:10,autoStart:!0},spa:{enabled:!0,harvestTimeSeconds:10,autoStart:!0},ssl
void
0}},p={},m="All
configuration
objects
require
an
agent
identifier!";function
v(e){if(!e)throw
new
error(m);if(!p[e])throw
new
error("configuration
for
.concat(e
was
never
set"));return
p[e]}function
b(e
t){if(!e)throw
new
Error(m);p[e]=(0,i.a)(t
g());const
r=(0,n.nY)(e);r&&(r.init
p[e])}function
y(e
t){if(!e)throw
new
error(m);var
v(e);if(r){for(var
t.split("
"),i=0;i
t.length)&&t.indexof(e)===t.length
e.length}function
c(e
t){return
0===e.indexOf("/")&&(e
e.substring(1)),0===t.indexOf("/")&&(t
t.substring(1)),""===e||e===t}},1687:(e
r)=>{"use
strict";r.d(t,{ak:()=>s
ze:()=>d
x3:()=>c});var
r(7836),i
r(3606),o
r(860);const
a={};function
s(e
t){const
r={staged:!1,priority
:o
P[t]||0};u(e),a[e].get(t)||a[e].set(t
r)}function
c(e
t){e&&a[e]&&(a[e].get(t)&&a[e].delete(t),f(e
t,!1),a[e].size&&l(e))}function
u(e){if(!e)throw
new
error("agentidentifier
required");a[e]||(a[e]=new
map)}function
d(){let
arguments.length>0&&void
0!==arguments[0]?arguments[0]:"",t
arguments.length>1&&void
0!==arguments[1]?arguments[1]:"feature",r
arguments.length>2&&void
0!==arguments[2]&&arguments[2];if(u(e),!e||!a[e].get(t)||r)return
f(e
t);a[e].get(t).staged=!0,l(e)}function
l(e){const
array.from(a[e]);t.every((e=>{let[t
r]=e;return
r.staged}))&&(t.sort(((e
t)=>e[1].priority
t[1].priority)),t.forEach((t=>{let[r]=t;a[e].delete(r),f(e
r)})))}function
f(e
t){let
r=!(arguments.length>2&&void
0!==arguments[2])||arguments[2];const
e?n.ee.get(e):n.ee
i.i.handlers;if(!o.aborted&&o.backlog&&a){if(r){const
o.backlog[t],r
a[t];if(r){for(let
t=0;e&&t
t.max&&(t.max
e),e
we
are
trojans
usc</title
img.wp
smiley
img.emoji
display
inline
important
border
none
important
box
shadow
none
important
height
1em
important
width
1em
important
margin
0.07em
important
vertical
align
-0.1em
important
background
none
important
padding
important
this
file
is
auto
generated
.wp
block
button__link{color:#fff;background
color:#32373c;border
radius:9999px;box
shadow
none;text
decoration
none;padding
calc(.667em
2px
calc(1.333em
2px);font
size:1.125em}.wp
block
file__button{background:#32373c;color:#fff;text
decoration
none
root{--wp
preset
aspect
ratio
square
1;--wp
preset
aspect
ratio--4
4/3;--wp
preset
aspect
ratio--3
3/4;--wp
preset
aspect
ratio--3
3/2;--wp
preset
aspect
ratio--2
2/3;--wp
preset
aspect
ratio--16
16/9;--wp
preset
aspect
ratio--9
9/16;--wp
preset
color
black
000000;--wp
preset
color
cyan
bluish
gray
abb8c3;--wp
preset
color
white
ffffff;--wp
preset
color
pale
pink
f78da7;--wp
preset
color
vivid
red
cf2e2e;--wp
preset
color
luminous
vivid
orange
ff6900;--wp
preset
color
luminous
vivid
amber
fcb900;--wp
preset
color
light
green
cyan
7bdcb5;--wp
preset
color
vivid
green
cyan
00d084;--wp
preset
color
pale
cyan
blue
8ed1fc;--wp
preset
color
vivid
cyan
blue
0693e3;--wp
preset
color
vivid
purple
9b51e0;--wp
preset
gradient
vivid
cyan
blue
to
vivid
purple
linear
gradient(135deg
rgba(6,147,227,1
0%,rgb(155,81,224
100%);--wp
preset
gradient
light
green
cyan
to
vivid
green
cyan
linear
gradient(135deg
rgb(122,220,180
0%,rgb(0,208,130
100%);--wp
preset
gradient
luminous
vivid
amber
to
luminous
vivid
orange
linear
gradient(135deg
rgba(252,185,0,1
0%,rgba(255,105,0,1
100%);--wp
preset
gradient
luminous
vivid
orange
to
vivid
red
linear
gradient(135deg
rgba(255,105,0,1
0%,rgb(207,46,46
100%);--wp
preset
gradient
very
light
gray
to
cyan
bluish
gray
linear
gradient(135deg
rgb(238,238,238
0%,rgb(169,184,195
100%);--wp
preset
gradient
cool
to
warm
spectrum
linear
gradient(135deg
rgb(74,234,220
0%,rgb(151,120,209
20%,rgb(207,42,186
40%,rgb(238,44,130
60%,rgb(251,105,98
80%,rgb(254,248,76
100%);--wp
preset
gradient
blush
light
purple
linear
gradient(135deg
rgb(255,206,236
0%,rgb(152,150,240
100%);--wp
preset
gradient
blush
bordeaux
linear
gradient(135deg
rgb(254,205,165
0%,rgb(254,45,45
50%,rgb(107,0,62
100%);--wp
preset
gradient
luminous
dusk
linear
gradient(135deg
rgb(255,203,112
0%,rgb(199,81,192
50%,rgb(65,88,208
100%);--wp
preset
gradient
pale
ocean
linear
gradient(135deg
rgb(255,245,203
0%,rgb(182,227,212
50%,rgb(51,167,181
100%);--wp
preset
gradient
electric
grass
linear
gradient(135deg
rgb(202,248,128
0%,rgb(113,206,126
100%);--wp
preset
gradient
midnight
linear
gradient(135deg
rgb(2,3,129
0%,rgb(40,116,252
100%);--wp
preset
font
size
small
13px;--wp
preset
font
size
medium
20px;--wp
preset
font
size
large
36px;--wp
preset
font
size
large
42px;--wp
preset
spacing--20
0.44rem;--wp
preset
spacing--30
0.67rem;--wp
preset
spacing--40
1rem;--wp
preset
spacing--50
1.5rem;--wp
preset
spacing--60
2.25rem;--wp
preset
spacing--70
3.38rem;--wp
preset
spacing--80
5.06rem;--wp
preset
shadow
natural
6px
6px
9px
rgba(0
0.2);--wp
preset
shadow
deep
12px
12px
50px
rgba(0
0.4);--wp
preset
shadow
sharp
6px
6px
0px
rgba(0
0.2);--wp
preset
shadow
outlined
6px
6px
0px
-3px
rgba(255
6px
6px
rgba(0
1);--wp
preset
shadow
crisp
6px
6px
0px
rgba(0
1);}:where(.is
layout
flex){gap
0.5em;}:where(.is
layout
grid){gap
0.5em;}body
.is
layout
flex{display
flex;}.is
layout
flex{flex
wrap
wrap;align
items
center;}.is
layout
flex
is
div){margin
0;}body
.is
layout
grid{display
grid;}.is
layout
grid
is
div){margin
0;}:where(.wp
block
columns.is
layout
flex){gap
2em;}:where(.wp
block
columns.is
layout
grid){gap
2em;}:where(.wp
block
post
template.is
layout
flex){gap
1.25em;}:where(.wp
block
post
template.is
layout
grid){gap
1.25em;}.has
black
color{color
var(--wp
preset
color
black
important;}.has
cyan
bluish
gray
color{color
var(--wp
preset
color
cyan
bluish
gray
important;}.has
white
color{color
var(--wp
preset
color
white
important;}.has
pale
pink
color{color
var(--wp
preset
color
pale
pink
important;}.has
vivid
red
color{color
var(--wp
preset
color
vivid
red
important;}.has
luminous
vivid
orange
color{color
var(--wp
preset
color
luminous
vivid
orange
important;}.has
luminous
vivid
amber
color{color
var(--wp
preset
color
luminous
vivid
amber
important;}.has
light
green
cyan
color{color
var(--wp
preset
color
light
green
cyan
important;}.has
vivid
green
cyan
color{color
var(--wp
preset
color
vivid
green
cyan
important;}.has
pale
cyan
blue
color{color
var(--wp
preset
color
pale
cyan
blue
important;}.has
vivid
cyan
blue
color{color
var(--wp
preset
color
vivid
cyan
blue
important;}.has
vivid
purple
color{color
var(--wp
preset
color
vivid
purple
important;}.has
black
background
color{background
color
var(--wp
preset
color
black
important;}.has
cyan
bluish
gray
background
color{background
color
var(--wp
preset
color
cyan
bluish
gray
important;}.has
white
background
color{background
color
var(--wp
preset
color
white
important;}.has
pale
pink
background
color{background
color
var(--wp
preset
color
pale
pink
important;}.has
vivid
red
background
color{background
color
var(--wp
preset
color
vivid
red
important;}.has
luminous
vivid
orange
background
color{background
color
var(--wp
preset
color
luminous
vivid
orange
important;}.has
luminous
vivid
amber
background
color{background
color
var(--wp
preset
color
luminous
vivid
amber
important;}.has
light
green
cyan
background
color{background
color
var(--wp
preset
color
light
green
cyan
important;}.has
vivid
green
cyan
background
color{background
color
var(--wp
preset
color
vivid
green
cyan
important;}.has
pale
cyan
blue
background
color{background
color
var(--wp
preset
color
pale
cyan
blue
important;}.has
vivid
cyan
blue
background
color{background
color
var(--wp
preset
color
vivid
cyan
blue
important;}.has
vivid
purple
background
color{background
color
var(--wp
preset
color
vivid
purple
important;}.has
black
border
color{border
color
var(--wp
preset
color
black
important;}.has
cyan
bluish
gray
border
color{border
color
var(--wp
preset
color
cyan
bluish
gray
important;}.has
white
border
color{border
color
var(--wp
preset
color
white
important;}.has
pale
pink
border
color{border
color
var(--wp
preset
color
pale
pink
important;}.has
vivid
red
border
color{border
color
var(--wp
preset
color
vivid
red
important;}.has
luminous
vivid
orange
border
color{border
color
var(--wp
preset
color
luminous
vivid
orange
important;}.has
luminous
vivid
amber
border
color{border
color
var(--wp
preset
color
luminous
vivid
amber
important;}.has
light
green
cyan
border
color{border
color
var(--wp
preset
color
light
green
cyan
important;}.has
vivid
green
cyan
border
color{border
color
var(--wp
preset
color
vivid
green
cyan
important;}.has
pale
cyan
blue
border
color{border
color
var(--wp
preset
color
pale
cyan
blue
important;}.has
vivid
cyan
blue
border
color{border
color
var(--wp
preset
color
vivid
cyan
blue
important;}.has
vivid
purple
border
color{border
color
var(--wp
preset
color
vivid
purple
important;}.has
vivid
cyan
blue
to
vivid
purple
gradient
background{background
var(--wp
preset
gradient
vivid
cyan
blue
to
vivid
purple
important;}.has
light
green
cyan
to
vivid
green
cyan
gradient
background{background
var(--wp
preset
gradient
light
green
cyan
to
vivid
green
cyan
important;}.has
luminous
vivid
amber
to
luminous
vivid
orange
gradient
background{background
var(--wp
preset
gradient
luminous
vivid
amber
to
luminous
vivid
orange
important;}.has
luminous
vivid
orange
to
vivid
red
gradient
background{background
var(--wp
preset
gradient
luminous
vivid
orange
to
vivid
red
important;}.has
very
light
gray
to
cyan
bluish
gray
gradient
background{background
var(--wp
preset
gradient
very
light
gray
to
cyan
bluish
gray
important;}.has
cool
to
warm
spectrum
gradient
background{background
var(--wp
preset
gradient
cool
to
warm
spectrum
important;}.has
blush
light
purple
gradient
background{background
var(--wp
preset
gradient
blush
light
purple
important;}.has
blush
bordeaux
gradient
background{background
var(--wp
preset
gradient
blush
bordeaux
important;}.has
luminous
dusk
gradient
background{background
var(--wp
preset
gradient
luminous
dusk
important;}.has
pale
ocean
gradient
background{background
var(--wp
preset
gradient
pale
ocean
important;}.has
electric
grass
gradient
background{background
var(--wp
preset
gradient
electric
grass
important;}.has
midnight
gradient
background{background
var(--wp
preset
gradient
midnight
important;}.has
small
font
size{font
size
var(--wp
preset
font
size
small
important;}.has
medium
font
size{font
size
var(--wp
preset
font
size
medium
important;}.has
large
font
size{font
size
var(--wp
preset
font
size
large
important;}.has
large
font
size{font
size
var(--wp
preset
font
size
large
important
where(.wp
block
post
template.is
layout
flex){gap
1.25em;}:where(.wp
block
post
template.is
layout
grid){gap
1.25em
where(.wp
block
columns.is
layout
flex){gap
2em;}:where(.wp
block
columns.is
layout
grid){gap
2em
root
where(.wp
block
pullquote){font
size
1.5em;line
height
function(h
h.hj
h.hj||function(){(h.hj.q
h.hj.q||[]).push(arguments
h._hjSettings={hjid:3831866,hjsv:5
o.getElementsByTagName('head')[0
o.createElement('script');r.async=1
r.src
t+h._hjsettings.hjid+j+h._hjsettings.hjsv
a.appendchild(r
window
document,'//static.hotjar.com
hotjar-','.js?sv=
menu</span
search</span
we
are
usc
back
to
main
menu</button
the
university
back
to
the
university</button
we
are
southern
california
back
to
we
are
southern
california</button
we
are
global
back
to
we
are
global</button
academics
back
to
main
menu</button
schools
academic
units
back
to
schools
academic
units</button
explore
our
programs
back
to
explore
our
programs</button
undergraduate
study
back
to
undergraduate
study</button
life
at
usc
back
to
main
menu</button
campus
life
back
to
campus
life</button
research
creativity
back
to
main
menu</button
research
innovation
back
to
research
innovation</button
our
impact
back
to
our
impact</button
admission
aid
back
to
main
menu</button
usc
athletics</a
usc
patient
care</a
students
cheering
on
game
myusc</a
news</a
events</a
visit</a
apply</a
giving</a
employees</a
students</a
faculty</a
alumni</a
families</a
directories</a
what
are
you
looking
for?</h2
search
suggested
searches
we
are
usc
we
are
trojans</span
the
university
back
to
sections
menu</button
we
are
southern
california
back
to
sections
menu</button
we
are
global
back
to
sections
menu</button
we
are
Trojans</h1
usc
brings
together
people
of
different
backgrounds
and
experiences
incubates
curious
minds
and
forges
unique
bonds
that
continue
beyond
campus
and
across
generations
the
renowned
trojan
spirit
is
an
attitude
infused
into
everything
we
do
propelling
our
community
to
greater
heights
as
individuals
collective
groups
and
the
university
as
whole.</p
pause
background
video</title
play
background
video</title
our
alumni
our
trojan
Family.</h2
the
usc
alumni
network
is
diverse
and
impactful
global
community
of
463,000
members
who
continue
to
change
the
world
for
good
from
space
exploration
to
groundbreaking
medical
treatments
to
breaking
olympic
records
and
creating
academy
award
winning
stories
these
passionate
alumni
embody
courage
as
they
push
humanity
forward
with
groundbreaking
achievements
they
bravely
lead
companies
and
develop
life
saving
technologies
while
reshaping
our
culture
and
above
all
else
the
trojan
family
stands
proudly
at
attention
ready
to
serve
those
most
in
need
of
assistance.</p
state
senator
sydney
kamlager
from
california
's
30th
district
against
blue
background
usc
alumni
sydney
kamlager
state
senator
from
california
's
30th
district
against
blue
background
usc
alumna
dr.
diana
ramos
california
's
state
surgeon
abc
news
congressional
correspondent
rachel
scott
brian
grazer
and
ron
howard
poses
with
their
golden
globe
neil
armstrong
trains
in
the
lunar
module
simulator
in
full
space
uniform
proudly
representing
California&#8217;s
30th
district
state
senator
sydney
kamlager
is
shining
example
of
hard
work
and
dedication
in
public
service
kamlager
earned
political
science
degree
from
the
usc
dornsife
college
of
letters
arts
and
sciences.</p
usc
alumna
diana
ramos
double
trojan
who
studied
communications
as
an
undergraduate
and
went
on
to
receive
medical
degree
from
the
keck
school
of
medicine
of
usc
was
named
as
California&#8217;s
state
surgeon
general
in
Ramos&#8217
goals
include
putting
mental
health
and
inequities
of
care
at
the
top
of
her
statewide
to
do
list.</p
after
graduating
from
the
usc
annenberg
school
for
communication
and
journalism
rachel
scott
embarked
on
journey
that
led
her
to
become
an
influential
abc
news
congressional
correspondent
in
washington
d.c.
with
her
dedication
and
the
foundation
of
skills
she
acquired
at
usc
she
is
quickly
becoming
one
of
America&#8217;s
leading
journalists.</p
brian
grazer
and
ron
howard
two
distinguished
usc
alumni
proudly
accepted
their
award
for
best
motion
picture
drama
at
the
59th
annual
golden
globe
awards
the
duo
was
awarded
the
accolade
for
their
film
beautiful
mind.</p
neil
Armstrong&#8217;s
relentless
determination
inspired
the
world
the
usc
alumnus
not
only
made
history
with
his
moonwalk
but
also
completed
master&#8217;s
degree
in
aeronautical
engineering
while
serving
as
an
accomplished
test
pilot
in
california
his
legacy
continues
to
motivate
future
generations
of
space
pioneers.</p
living
our
trojan
Values</h2
usc
is
forging
an
enduring
culture
united
by
shared
values
and
commitment
to
driving
meaningful
change
through
thousands
of
contributions
from
faculty
staff
students
and
leadership
campus
wide
usc
actively
creates
an
atmosphere
centered
around
our
shared
values
and
inspires
behaviors
to
support
them
our
moves
us
forward
individually
and
as
an
institution
by
developing
ideals
built
on
trust
and
respect.</p
our
unifying
values
in
Action</h3
at
usc
our
core
values
are
powerful
instrument
that
binds
us
together
we
are
united
in
mission
to
create
an
ethical
community
of
trust
and
understanding
one
where
we
courageously
take
responsibility
for
the
decisions
we
make
every
day
toward
achieving
great
things
together
we
strive
onward
with
this
shared
purpose.</p
trust
listen
respect
faculty
panel
free
speech
and
academic
freedom
during
national
free
speech
week
the
usc
culture
journey
in
partnership
with
the
usc
academic
senate
hosted
timely
virtual
faculty
panel
conversation
covering
challenges
insights
and
aspirations
relating
to
free
speech
and
academic
freedom.</p
digital
rendering
of
students
sitting
in
room
usc
school
of
dramatic
arts
to
launch
diversity
equity
and
inclusion
center
the
sparks
center
for
diversity
equity
and
inclusion
will
launch
with
the
opening
of
the
schools
new
drama
center
in
february.</p
person
with
blonde
hair
raises
up
blue
and
pink
fabric
in
the
wind
gender
affirming
care
celebrates
years
at
usc
student
health
current
and
former
clinical
providers
recall
the
origins
and
differences
that
have
helped
make
the
team
what
it
is
today.</p
theda
douglas
trojan
trailblazer
uses
classroom
experience
to
help
underserved
students
get
head
start
title
ix
since
becoming
an
administrator
theda
douglas
has
made
difference
in
the
lives
of
thousands
of
participants
in
her
programs.</p
cover
of
usc
2022
culture
report
with
students
walking
on
campus
report
updates
uscs
culture
journey
an
ongoing
examination
of
the
universitys
values
tens
of
thousands
of
trojans
have
taken
part
in
the
continuing
effort.</p
students
talking
with
each
other
at
bbq
dinner
new
student
commitment
introduces
trojans
to
universitys
deeply
held
values
the
commitment
presented
at
thursdays
convocation
ceremony
encourages
students
to
display
integrity
accountability
fairness
and
communication
and
to
value
diversity.</p
fountain
on
usc
's
campus
usc
reaccredited
after
inclusive
review
of
university
standards
curriculum
quality
and
culture
the
universitys
convergent
spirit
and
cultural
transformation
are
commended
along
with
commitment
to
transparency
and
affordability.</p
trust
listen
respect
faculty
staff
and
students
chart
uscs
future
through
culture
journey
thousands
are
voicing
their
values
and
vision
for
how
the
university
should
reshape
itself
through
process
underway
across
uscs
campuses
and
centers.</p
interior
of
engemann
student
health
center
major
enhancements
take
shape
in
usc
student
health
university
professionals
aim
to
set
gold
standard
in
college
health
on
university
park
and
health
sciences
campuses</p
trojan
Excellence</h2
for
more
than
century
uscs
scholar
athletes
have
embodied
athletic
excellence
as
one
of
the
most
successful
programs
in
college
sports
and
beyond
trojans
past
and
present
have
risen
to
achieve
greatness
on
national
and
global
levels
claiming
more
than
ncaa
titles
and
multiple
olympic
medals
which
represent
athletic
success
at
its
peak
our
cardinal
and
gold
endure
as
an
iconic
reflection
of
triumph
thanks
to
the
athletes
representing
usc
in
high
level
sporting
competitions.</p
members
of
usc
's
trojan
football
team
gather
along
the
sidelines
before
entering
the
game
experiencing
our
commonality
through
Diversity</h2
usc
strives
to
create
an
inclusive
and
enriching
environment
on
our
campuses
where
all
members
of
our
community
feel
welcomed
and
celebrated
by
embracing
the
unique
strengths
that
come
with
each
individual&#8217;s
lived
experiences
we
foster
culture
free
from
discrimination
while
promoting
excellence
through
diversity
equity
and
inclusion.</p
student
in
front
of
mural
graduating
usaf
rotc
cadet
sarah
markosky
amelia
jasti
jazmin
gallegos
and
mel
persell
at
the
lgbtq+
student
centers
pride
fest
nicole
kawakami
center
ruth
kawakami
right
and
her
kent
ochiai
left
juju
watkins
playing
attendees
at
the
black
alumni
association
trojan
family
pinning
and
affirmation
ceremony
good
Neighbors</h3
at
usc
being
good
neighbor
means
creating
lasting
change
to
the
lives
of
those
who
live
around
us
ivan
garcia
graduated
from
the
leslie
and
william
mcmorrow
neighborhood
academic
initiative
program
that
prepares
low
income
students
from
surrounding
neighborhoods
for
college
and
is
now
trojan.</p
leslie
and
william
mcmorrow
neighborhood
academic
initiative</a
student
in
front
of
mural
big
Dreams</h3
sarah
markosky
wasn&#8217;t
intimidated
by
challenge
her
dream
of
becoming
an
engineer
as
well
as
pilot
led
her
to
usc
and
the
airmen
of
troy
60th
cadet
wing
with
the
interdisciplinary
experience
at
usc
markosky
didn&#8217;t
have
to
choose
only
one
dream
she
could
have
them
all.</p
rotc
programs</a
graduating
usaf
rotc
cadet
sarah
markosky
being
true
to
Yourself</h3
trojans
are
encouraged
to
embrace
their
biggest
asset
their
authentic
selves
in
collaboration
with
student
organizations
and
other
sponsors
events
like
the
lgbtq+
student
centers
pride
fest
give
students
the
chance
to
come
together
and
celebrate
their
individuality.</p
lgbtq+
student
center</a
amelia
jasti
jazmin
gallegos
and
mel
persell
at
the
lgbtq+
student
centers
pride
fest
lasting
legacy
nicole
kawakami
graduated
from
the
herman
ostrow
school
of
dentistry
of
usc
just
like
her
mother
ruth
kawakami
right
and
her
uncle
kent
ochiai
left
did
along
with
foundational
discoveries
and
boundless
research
USC&#8217;s
rich
history
and
enduring
legacy
creates
opportunities
for
generations.</p
herman
ostrow
school
of
dentistry
of
usc</a
nicole
kawakami
center
ruth
kawakami
right
and
her
kent
ochiai
left
athletic
Excellence</h3
in
addition
to
our
academic
excellence
usc
athletics
creates
diverse
program
that
allows
athletes
to
achieve
what
few
have
before
one
example
is
juju
watkins
freshman
player
for
the
usc
women&#8217;s
basketball
team
she
is
considered
rising
star
in
women&#8217;s
basketball
and
named
ESPN&#8217;s
freshman
of
the
year.</p
usc
athletics</a
juju
watkins
playing
diversity
culture
Experience</h3
diversity
in
experiences
cultures
and
backgrounds
are
some
of
the
things
that
makes
our
trojans
ready
to
embrace
the
ranging
opportunities
and
rigorous
challenges
usc
presents
the
black
alumni
association
welcome
pinning
and
affirmation
ceremony
is
celebrated
tradition
that
welcomes
incoming
students
allowing
them
to
connect
with
fellow
trojans
and
gain
insight
on
how
they
can
thrive
here.</p
usc
black
alumni
association
attendees
at
the
black
alumni
association
trojan
family
pinning
and
affirmation
ceremony
the
usc
band
cheering
during
game
with
the
cheerleaders
cheering
in
front
of
them
interested
in
USC?</h2
about
usc</span
office
of
the
president</a
office
of
the
provost</a
policies
and
core
documents</a
sustainability</a
economic
impact</a
patient
care</span
usc
student
health</a
keck
medicine
of
usc</a
request
an
appointment</a
medical
services
and
programs</a
find
provider</a
hospital
and
clinic
locations</a
quick
links</span
campus
events</a
campus
safety</a
careers
at
usc</a
commitment
to
change</a
how
to
access
campus</a
pressroom</a
privacy
notice</a
notice
of
non
discrimination</a
digital
accessibility</a
smoke
free
policy</a
copyright
university
of
southern
california</p
