var
r={2983:(e
r)=>{"use
strict";r.d(t,{D0:()=>m
gd:()=>y
vp:()=>s
fr:()=>s
jd:()=>i
hr:()=>e
xn:()=>b
x1:()=>c
an:()=>r
v:()=>j});var
r(384),i
r(7864);const
o={beacon
n.
nt.beacon
errorbeacon
n.
nt.errorbeacon
licensekey
void
0,applicationID
void
0,sa
void
0,queueTime
void
0,applicationTime
void
0,ttGuid
void
0,user
void
0,account
void
0,product
void
0,extra
void
0,jsAttributes:{},userAttributes
void
0,atts
void
0,transactionName
void
0,tNamePlain
void
0},a={};function
s(e){if(!e)throw
new
error("all
info
objects
require
an
agent
identifier!");if(!a[e])throw
new
error("info
for
.concat(e
was
never
set"));return
a[e]}function
c(e
t){if(!e)throw
new
error("all
info
objects
require
an
agent
identifier!");a[e]=(0,i.a)(t
o);const
r=(0,n.nY)(e);r&&(r.info
a[e])}var
r(993);const
e=>{if(!e||"string"!=typeof
e)return!1;try{document.createDocumentFragment().querySelector(e)}catch{return!1}return!0};var
r(2614),g
r(944);const
f="[data
nr
mask]",h=()=>{const
e={mask_selector:"*",block_selector:"[data
nr
block]",mask_input_options:{color:!1,date:!1,"datetime
local":!1,email:!1,month:!1,number:!1,range:!1,search:!1,tel:!1,text:!1,time:!1,url:!1,week:!1,textarea:!1,select:!1,password:!0}};return{ajax:{deny_list
void
0,block_internal:!0,enabled:!0,harvestTimeSeconds:10,autoStart:!0},distributed_tracing:{enabled
void
0,exclude_newrelic_header
void
0,cors_use_newrelic_header
void
0,cors_use_tracecontext_headers
void
0,allowed_origins
void
0},feature_flags:[],generic_events:{enabled:!0,harvestTimeSeconds:30,autoStart:!0},harvest:{tooManyRequestsDelay:60},jserrors:{enabled:!0,harvestTimeSeconds:10,autoStart:!0},logging:{enabled:!0,harvestTimeSeconds:10,autoStart:!0,level
u.p_.INFO},metrics:{enabled:!0,autoStart:!0},obfuscate
void
0,page_action:{enabled:!0},page_view_event:{enabled:!0,autoStart:!0},page_view_timing:{enabled:!0,harvestTimeSeconds:30,long_task:!1,autoStart:!0},privacy:{cookies_enabled:!0},proxy:{assets
void
0,beacon
void
0},session:{expiresMs
d.wk
inactivems
d.
BB},session_replay:{autoStart:!0,enabled:!1,harvestTimeSeconds:60,preload:!1,sampling_rate:10,error_sampling_rate:100,collect_fonts:!1,inline_images:!1,inline_stylesheet:!0,fix_stylesheets:!0,mask_all_inputs:!0,get
mask_text_selector(){return
e.mask_selector},set
mask_text_selector(t){l(t)?e.mask_selector="".concat(t,",").concat(f):""===t||null===t?e.mask_selector
f:(0,g
R)(5,t)},get
block_class(){return"nr
block"},get
ignore_class(){return"nr
ignore"},get
mask_text_class(){return"nr
mask"},get
block_selector(){return
e.block_selector},set
block_selector(t){l(t)?e.block_selector+=",".concat(t):""!==t&&(0,g
R)(6,t)},get
mask_input_options(){return
e.mask_input_options},set
mask_input_options(t){t&&"object"==typeof
t?e.mask_input_options={
password:!0}:(0,g
R)(7,t)}},session_trace:{enabled:!0,harvestTimeSeconds:10,autoStart:!0},soft_navigations:{enabled:!0,harvestTimeSeconds:10,autoStart:!0},spa:{enabled:!0,harvestTimeSeconds:10,autoStart:!0},ssl
void
0}},p={},v="All
configuration
objects
require
an
agent
identifier!";function
m(e){if(!e)throw
new
error(v);if(!p[e])throw
new
error("configuration
for
.concat(e
was
never
set"));return
p[e]}function
b(e
t){if(!e)throw
new
Error(v);p[e]=(0,i.a)(t
h());const
r=(0,n.nY)(e);r&&(r.init
p[e])}function
y(e
t){if(!e)throw
new
error(v);var
m(e);if(r){for(var
t.split("
"),i=0;i
t.max&&(t.max
e),e
student
research
the
university
of
texas
at
austin</title
about</a
academic
experience</span></a
areas
of
study</span></a
extended
campus</span></a
cockrell
school
of
engineering</span></a
college
of
education</span></a
college
of
fine
arts</span></a
college
of
liberal
arts</span></a
college
of
natural
sciences</span></a
college
of
pharmacy</span></a
dell
medical
school</span></a
graduate
school</span></a
jackson
school
of
geosciences</span></a
lbj
school
of
public
affairs</span></a
mccombs
school
of
business</span></a
moody
college
of
communication</span></a
school
of
architecture</span></a
school
of
civic
leadership</span></a
school
of
information</span></a
school
of
law</span></a
school
of
nursing</span></a
steve
hicks
school
of
social
work</span></a
undergraduate
college</span></a
image
of
happy
long
horn
student
holding
longhorn
banner
what
starts
here
changes
the
world.</em
it
's
more
than
motto
its
what
we
prove
each
and
every
day
as
texas
and
its
exes
advance
discovery
and
innovation
on
global
stage
join
us.&nbsp;</p
undergraduate
admissions</span></a
graduate
admissions</span></a
school
of
law
admissions</span></a
dell
medical
school
admissions</span></a
tuition
amp
costs</span></a
financial
aid</span></a
campus
visits</span></a
honor
the
horns
navigation
graphic
honesty
integrity
and
respect
three
words
that
embody
the
longhorn
spirit
and
help
make
ut
austin
one
of
the
best
universities
in
the
world.</p
arts
amp
culture</span></a
campus
destinations</span></a
entrepreneurship
amp
innovation</span></a
health
amp
well
being</span></a
housing
amp
dining</span></a
life
in
austin</span></a
medical
center</span></a
report
misconduct</span></a
safety
amp
security</span></a
student
involvement</span></a
researcher
working
in
lab
wearing
protective
gear
longhorns
are
passionate
about
making
the
world
better
place
united
by
the&nbsp;belief
that
creating
and
sharing&nbsp;knowledge
can
save
lives
and
transform
society
come
explore
our
vast
research
enterprise
or
better
yet
create
innovate
and
discover
with
us.</p
overview</span></a
student
research</span></a
units
amp
centers</span></a
off
campus
research
sites</span></a
libraries</span></a
experts
guide</span></a
athletics</a
news</a
students
examine
archival
photos
at
the
harry
ransom
center
students
come
to
the
university
of
texas
at
austin
to
change
the
world
and
that
is
n't
accomplished
just
by
soaking
up
knowledge
our
students
also
grow
from
consumers
of
knowledge
to
creators
of
itthrough
direct
participation
in
the
research
process
undergraduates
can
start
as
early
as
freshman
year
and
the
graduate
student
experience
culminates
with
novel
contribution
to
the
student
's
field
whether
studying
nanotechnology
child
welfare
or
literature
the
research
conducted
by
students
and
faculty
makes
ut
austin
one
of
the
most
highly
rated
public
research
universities
in
the
nation.</p
undergraduate
researchers
the
our
fosters
undergraduate
engagement
across
the
disciplines
by
facilitating
research
opportunities
related
to
students
interests
and
goals
raising
the
visibility
of
undergraduate
research
on
campus
and
helping
students
share
their
work
with
others.</p></div
learn
more</span></a></div
an
undergraduate
researcher
using
large
touchscreen
in
the
tacc
vislab
browse
selection
of
undergraduate
research
opportunities
and
list
of
faculty
research
areas
through
our
searchable
interdisciplinary
database.</p></div
learn
more</span></a></div
undergraduate
researchers
analyzing
stuttering
data
in
prof.
courtney
byrds
lab
explore
the
many
different
student
run
research
journals
at
ut
austin
in
addition
to
multidisciplinary
undergraduate
research
journal
the
university
offers
several
specialty
journals.</p></div
learn
more</span></a></div
research
week
is
ut
austin
's
annual
celebration
of
undergraduate
research
and
creative
activity
providing
opportunities
for
undergraduates
to
explore
uts
vast
diverse
community
of
research
and
find
ways
to
get
involved.</p></div
learn
more</span></a></div
freshman
research
initiative
the
college
of
natural
sciences
offers
the
pioneering
freshman
research
initiative
giving
first
year
students
the
opportunity
to
initiate
and
engage
in
authentic
research
experience
with
faculty
and
graduate
students.</p></div
learn
more</span></a></div
bridging
disciplines
programs</span></a></li
mcnair
scholars
program</span></a></li
office
of
research
support
and
compliance
orsc)</span></a></li
cockrell
school
of
engineering</span></a></li
college
of
liberal
arts</span></a></li
college
of
natural
sciences</span></a></li
school
of
nursing</span></a></li
mccombs
school
of
business</span></a></li
biomedical
engineering
graduate
student
conducting
research
from
classroom
projects
to
yourfinal
thesis
report
dissertation
or
treatise
conducting
research
is
significant
part
of
thegraduate
student
experience
ut
austin
supports
graduate
levelresearch
endeavors
across
all
fields
providingan
environment
that
promotes
discovery
open
inquiry
and
innovation.</p
learn
more</span></a
subscribe
to
our
newsletter</span></a
