var
r={2983:(e
r)=>{"use
strict";r.d(t,{D0:()=>m
gd:()=>y
vp:()=>s
fr:()=>s
jd:()=>i
hr:()=>e
xn:()=>b
x1:()=>c
an:()=>r
v:()=>j});var
r(384),i
r(7864);const
o={beacon
n.
nt.beacon
errorbeacon
n.
nt.errorbeacon
licensekey
void
0,applicationID
void
0,sa
void
0,queueTime
void
0,applicationTime
void
0,ttGuid
void
0,user
void
0,account
void
0,product
void
0,extra
void
0,jsAttributes:{},userAttributes
void
0,atts
void
0,transactionName
void
0,tNamePlain
void
0},a={};function
s(e){if(!e)throw
new
error("all
info
objects
require
an
agent
identifier!");if(!a[e])throw
new
error("info
for
.concat(e
was
never
set"));return
a[e]}function
c(e
t){if(!e)throw
new
error("all
info
objects
require
an
agent
identifier!");a[e]=(0,i.a)(t
o);const
r=(0,n.nY)(e);r&&(r.info
a[e])}var
r(993);const
e=>{if(!e||"string"!=typeof
e)return!1;try{document.createDocumentFragment().querySelector(e)}catch{return!1}return!0};var
r(2614),g
r(944);const
f="[data
nr
mask]",h=()=>{const
e={mask_selector:"*",block_selector:"[data
nr
block]",mask_input_options:{color:!1,date:!1,"datetime
local":!1,email:!1,month:!1,number:!1,range:!1,search:!1,tel:!1,text:!1,time:!1,url:!1,week:!1,textarea:!1,select:!1,password:!0}};return{ajax:{deny_list
void
0,block_internal:!0,enabled:!0,harvestTimeSeconds:10,autoStart:!0},distributed_tracing:{enabled
void
0,exclude_newrelic_header
void
0,cors_use_newrelic_header
void
0,cors_use_tracecontext_headers
void
0,allowed_origins
void
0},feature_flags:[],generic_events:{enabled:!0,harvestTimeSeconds:30,autoStart:!0},harvest:{tooManyRequestsDelay:60},jserrors:{enabled:!0,harvestTimeSeconds:10,autoStart:!0},logging:{enabled:!0,harvestTimeSeconds:10,autoStart:!0,level
u.p_.INFO},metrics:{enabled:!0,autoStart:!0},obfuscate
void
0,page_action:{enabled:!0},page_view_event:{enabled:!0,autoStart:!0},page_view_timing:{enabled:!0,harvestTimeSeconds:30,long_task:!1,autoStart:!0},privacy:{cookies_enabled:!0},proxy:{assets
void
0,beacon
void
0},session:{expiresMs
d.wk
inactivems
d.
BB},session_replay:{autoStart:!0,enabled:!1,harvestTimeSeconds:60,preload:!1,sampling_rate:10,error_sampling_rate:100,collect_fonts:!1,inline_images:!1,inline_stylesheet:!0,fix_stylesheets:!0,mask_all_inputs:!0,get
mask_text_selector(){return
e.mask_selector},set
mask_text_selector(t){l(t)?e.mask_selector="".concat(t,",").concat(f):""===t||null===t?e.mask_selector
f:(0,g
R)(5,t)},get
block_class(){return"nr
block"},get
ignore_class(){return"nr
ignore"},get
mask_text_class(){return"nr
mask"},get
block_selector(){return
e.block_selector},set
block_selector(t){l(t)?e.block_selector+=",".concat(t):""!==t&&(0,g
R)(6,t)},get
mask_input_options(){return
e.mask_input_options},set
mask_input_options(t){t&&"object"==typeof
t?e.mask_input_options={
password:!0}:(0,g
R)(7,t)}},session_trace:{enabled:!0,harvestTimeSeconds:10,autoStart:!0},soft_navigations:{enabled:!0,harvestTimeSeconds:10,autoStart:!0},spa:{enabled:!0,harvestTimeSeconds:10,autoStart:!0},ssl
void
0}},p={},v="All
configuration
objects
require
an
agent
identifier!";function
m(e){if(!e)throw
new
error(v);if(!p[e])throw
new
error("configuration
for
.concat(e
was
never
set"));return
p[e]}function
b(e
t){if(!e)throw
new
Error(v);p[e]=(0,i.a)(t
h());const
r=(0,n.nY)(e);r&&(r.init
p[e])}function
y(e
t){if(!e)throw
new
error(v);var
m(e);if(r){for(var
t.split("
"),i=0;i
t.max&&(t.max
e),e
libraries
the
university
of
texas
at
austin</title
about</a
academic
experience</span></a
areas
of
study</span></a
extended
campus</span></a
cockrell
school
of
engineering</span></a
college
of
education</span></a
college
of
fine
arts</span></a
college
of
liberal
arts</span></a
college
of
natural
sciences</span></a
college
of
pharmacy</span></a
dell
medical
school</span></a
graduate
school</span></a
jackson
school
of
geosciences</span></a
lbj
school
of
public
affairs</span></a
mccombs
school
of
business</span></a
moody
college
of
communication</span></a
school
of
architecture</span></a
school
of
civic
leadership</span></a
school
of
information</span></a
school
of
law</span></a
school
of
nursing</span></a
steve
hicks
school
of
social
work</span></a
undergraduate
college</span></a
image
of
happy
long
horn
student
holding
longhorn
banner
what
starts
here
changes
the
world.</em
it
's
more
than
motto
its
what
we
prove
each
and
every
day
as
texas
and
its
exes
advance
discovery
and
innovation
on
global
stage
join
us.&nbsp;</p
undergraduate
admissions</span></a
graduate
admissions</span></a
school
of
law
admissions</span></a
dell
medical
school
admissions</span></a
tuition
amp
costs</span></a
financial
aid</span></a
campus
visits</span></a
honor
the
horns
navigation
graphic
honesty
integrity
and
respect
three
words
that
embody
the
longhorn
spirit
and
help
make
ut
austin
one
of
the
best
universities
in
the
world.</p
arts
amp
culture</span></a
campus
destinations</span></a
entrepreneurship
amp
innovation</span></a
health
amp
well
being</span></a
housing
amp
dining</span></a
life
in
austin</span></a
medical
center</span></a
report
misconduct</span></a
safety
amp
security</span></a
student
involvement</span></a
researcher
working
in
lab
wearing
protective
gear
longhorns
are
passionate
about
making
the
world
better
place
united
by
the&nbsp;belief
that
creating
and
sharing&nbsp;knowledge
can
save
lives
and
transform
society
come
explore
our
vast
research
enterprise
or
better
yet
create
innovate
and
discover
with
us.</p
overview</span></a
student
research</span></a
units
amp
centers</span></a
off
campus
research
sites</span></a
libraries</span></a
experts
guide</span></a
athletics</a
news</a
for
more
than
years
the
university
of
texas
libraries
have
been
committed
to
building
one
of
the
greatest
library
collections
in
the
world
maintaining
more
than
10million
volumes
and
providing
access
to
the
latest
digital
journals
databases
and
web
resources
our
libraries
collect
and
preserve
the
finest
achievements
of
human
knowledgein
support
of
not
onlyresearch
and
instruction
needs
but
also
the
exploration
of
deep
intellectual
curiosities.</p
university
of
texas
libraries</span></a></li
library
services</span></a></li
research
by
subject</span></a></li
architecture
and
planning
library
supporting
the
curriculum
of
the
school
of
architecture
the
architecture
and
planning
library
collection
covers
subjects
including
architectural
design
theory
history
and
criticism
the
library
is
also
home
to
the
alexander
architectural
archive.</p></div
learn
more</span></a></div
benson
latin
american
collection
the
nettie
lee
benson
latin
american
collection
is
one
of
the
premier
libraries
in
the
world
focused
on
latin
america
and
latina
studies
excelling
in
the
humanities
and
social
sciences.</p></div
learn
more</span></a></div
classics
library
the
classics
library
prides
itself
in
having
one
of
the
best
classical
studies
collections
in
the
world
with
focus
on
classical
philology
greek
and
latin
literature
greek
and
roman
history
and
classical
civilization.</p></div
learn
more</span></a></div
fine
arts
library
the
fine
arts
library
supports
research
and
instruction
in
the
college
of
fine
arts
as
well
as
other
liberal
arts
disciplines
its
collections
include
more
than
500,000
books
scores
and
pamphlets
on
art
art
history
music
theatre
and
dance
as
well
as
an
expansive
audio
visual
collection.</p></div
learn
more</span></a></div
human
rights
documentation
initiative
dedicated
to
preserving
and
making
accessible
the
historical
record
of
genocide
and
human
rights
violations
the
hrdi
aims
to
preserve
the
most
fragile
human
rights
struggles
worldwide
promote
the
security
and
use
of
these
archival
materials
and
advance
human
rights
research
and
advocacy
around
the
world.</p></div
learn
more</span></a></div
kuehne
physics
mathematics
astronomy
library
the
john
m.
kuehne
physics
mathematics
astronomy
library
serves
the
physics
mathematics
and
astronomy
information
needs
of
the
entire
university
community
as
well
as
the
research
information
needs
of
the
physics
mathematics
and
astronomy
departments.</p></div
learn
more</span></a></div
life
science
library
the
life
science
library
is
housed
in
the
historic
space
that
served
as
the
original
library
for
the
university
until
its
extensive
collections
support
cutting
edge
scholarship
in
the
biosciences
with
focus
on
biology
medicine
nutrition
and
pharmacy.</p></div
learn
more</span></a></div
mallet
chemistry
library
supporting
the
departments
of
chemistry
molecular
biosciences
and
chemical
engineering
the
mallet
chemistry
library
collection
contains
more
than
100,000
volumes
on
chemistry
biochemistry
chemical
engineering
and
food
technology.</p></div
learn
more</span></a></div
marine
science
library
located
at
the
marine
science
institute
in
port
aransas
the
marine
science
library
is
primary
source
for
marine
related
information
in
the
state
and
in
the
gulf
of
mexico.</p></div
learn
more</span></a></div
mckinney
engineering
library
designated
patent
and
trademark
resource
center
the
richard
w.
mckinney
engineering
library
supports
teaching
and
research
in
all
fields
of
engineering.</p></div
learn
more</span></a></div
perry
castaeda
library
the
perry
castaeda
library
pcl
is
the
university
of
texas
at
austin
's
main
research
library
the
six
level
open
stack
flagship
library
has
holdings
in
all
subject
fields
with
strong
emphasis
on
the
humanities
social
sciences
business
and
education.</p></div
learn
more</span></a></div
student
working
on
laptop
computer
the
online
only
texas
scholarworks
was
established
to
provide
open
online
access
to
the
products
of
ut
austin
research
and
scholarship
to
preserve
these
works
for
future
generations
to
promote
new
models
of
scholarly
communication
and
to
help
deepen
community
understanding
of
the
value
of
higher
education.</p></div
learn
more</span></a></div
walter
geology
library
the
walter
geology
library
serves
as
the
regional
library
for
the
earth
sciences
including
geophysics
paleontology
geology
mineralogy
petrology
and
groundwater
hydrology.</p></div
learn
more</span></a></div
briscoe
center
dolph
briscoe
center
for
american
History</span></a></h3
stark
center
h.j.
lutcher
stark
center
for
physical
culture
and
Sports</span></a></h3
harry
ransom
center
harry
ransom
Center</span></a></h3
lbj
presidential
library
lbj
library
and
Museum</span></a></h3
tarlton
law
library
tarlton
law
Library</span></a></h3
students
working
on
laptop
computers
texas
digital
Library</span></a></h3
connect
with
ut
Libraries</h4
subscribe
to
our
newsletter</span></a
