log
in
lsaquo
vanderbilt
families
wordpress</title
document.body.classname
document.body.classname.replace('no
js','js
prove
your
humanity
nbsp
nbsp
nbsp
nbsp
function
wp_attempt_focus
settimeout
function
try
document.getelementbyid
user_login
d.focus
d.select
catch
er
wp_attempt_focus
if
typeof
wponload
function
wponload
wp.i18n.setLocaleData
text
direction\u0004ltr
ltr
function
domain
translations
var
localedata
translations.locale_data
domain
||
translations.locale_data.messages
localedata[""].domain
domain
wp.i18n.setLocaleData
localedata
domain
default
locale_data
messages
function
domain
translations
var
localedata
translations.locale_data
domain
||
translations.locale_data.messages
localedata[""].domain
domain
wp.i18n.setLocaleData
localedata
domain
default
locale_data
messages
