var
r={2983:(e
r)=>{"use
strict";r.d(t,{D0:()=>m
gd:()=>y
vp:()=>s
fr:()=>s
jd:()=>i
hr:()=>e
xn:()=>b
x1:()=>c
an:()=>r
v:()=>j});var
r(384),i
r(7864);const
o={beacon
n.
nt.beacon
errorbeacon
n.
nt.errorbeacon
licensekey
void
0,applicationID
void
0,sa
void
0,queueTime
void
0,applicationTime
void
0,ttGuid
void
0,user
void
0,account
void
0,product
void
0,extra
void
0,jsAttributes:{},userAttributes
void
0,atts
void
0,transactionName
void
0,tNamePlain
void
0},a={};function
s(e){if(!e)throw
new
error("all
info
objects
require
an
agent
identifier!");if(!a[e])throw
new
error("info
for
.concat(e
was
never
set"));return
a[e]}function
c(e
t){if(!e)throw
new
error("all
info
objects
require
an
agent
identifier!");a[e]=(0,i.a)(t
o);const
r=(0,n.nY)(e);r&&(r.info
a[e])}var
r(993);const
e=>{if(!e||"string"!=typeof
e)return!1;try{document.createDocumentFragment().querySelector(e)}catch{return!1}return!0};var
r(2614),g
r(944);const
f="[data
nr
mask]",h=()=>{const
e={mask_selector:"*",block_selector:"[data
nr
block]",mask_input_options:{color:!1,date:!1,"datetime
local":!1,email:!1,month:!1,number:!1,range:!1,search:!1,tel:!1,text:!1,time:!1,url:!1,week:!1,textarea:!1,select:!1,password:!0}};return{ajax:{deny_list
void
0,block_internal:!0,enabled:!0,harvestTimeSeconds:10,autoStart:!0},distributed_tracing:{enabled
void
0,exclude_newrelic_header
void
0,cors_use_newrelic_header
void
0,cors_use_tracecontext_headers
void
0,allowed_origins
void
0},feature_flags:[],generic_events:{enabled:!0,harvestTimeSeconds:30,autoStart:!0},harvest:{tooManyRequestsDelay:60},jserrors:{enabled:!0,harvestTimeSeconds:10,autoStart:!0},logging:{enabled:!0,harvestTimeSeconds:10,autoStart:!0,level
u.p_.INFO},metrics:{enabled:!0,autoStart:!0},obfuscate
void
0,page_action:{enabled:!0},page_view_event:{enabled:!0,autoStart:!0},page_view_timing:{enabled:!0,harvestTimeSeconds:30,long_task:!1,autoStart:!0},privacy:{cookies_enabled:!0},proxy:{assets
void
0,beacon
void
0},session:{expiresMs
d.wk
inactivems
d.
BB},session_replay:{autoStart:!0,enabled:!1,harvestTimeSeconds:60,preload:!1,sampling_rate:10,error_sampling_rate:100,collect_fonts:!1,inline_images:!1,inline_stylesheet:!0,fix_stylesheets:!0,mask_all_inputs:!0,get
mask_text_selector(){return
e.mask_selector},set
mask_text_selector(t){l(t)?e.mask_selector="".concat(t,",").concat(f):""===t||null===t?e.mask_selector
f:(0,g
R)(5,t)},get
block_class(){return"nr
block"},get
ignore_class(){return"nr
ignore"},get
mask_text_class(){return"nr
mask"},get
block_selector(){return
e.block_selector},set
block_selector(t){l(t)?e.block_selector+=",".concat(t):""!==t&&(0,g
R)(6,t)},get
mask_input_options(){return
e.mask_input_options},set
mask_input_options(t){t&&"object"==typeof
t?e.mask_input_options={
password:!0}:(0,g
R)(7,t)}},session_trace:{enabled:!0,harvestTimeSeconds:10,autoStart:!0},soft_navigations:{enabled:!0,harvestTimeSeconds:10,autoStart:!0},spa:{enabled:!0,harvestTimeSeconds:10,autoStart:!0},ssl
void
0}},p={},v="All
configuration
objects
require
an
agent
identifier!";function
m(e){if(!e)throw
new
error(v);if(!p[e])throw
new
error("configuration
for
.concat(e
was
never
set"));return
p[e]}function
b(e
t){if(!e)throw
new
Error(v);p[e]=(0,i.a)(t
h());const
r=(0,n.nY)(e);r&&(r.init
p[e])}function
y(e
t){if(!e)throw
new
error(v);var
m(e);if(r){for(var
t.split("
"),i=0;i
t.max&&(t.max
e),e
museums
and
libraries
yale
university</title
var
IE8
true;</script
var
IE9
true;</script
it
looks
like
you
're
trying
to
zoom
in
on
this
page
for
best
results
use
the
most
recent
version
of
your
browser
disable
your
browser
's
zoom
text
only
setting
and
use
your
browser
's
default
font
size
settings.</p
to
zoom
in
use
ctrl
in
windows
and
cmd
on
mac
to
zoom
out
use
the
keyboard
shortcut
ctrl
in
windows
and
cmd
on
mac.</p
museums
and
Libraries</h1
chances
are
you
will
learn
something
new
every
time
you
enter
yales
exceptional
museums
and
libraries
most
of
them
open
to
the
public
all
of
them
free
of
charge.</p
take
an
exhibition
tour
join
conversation
with
artists
and
curators
in
person
or
online
or
simply
meander
the
extensive
collections
of
paintings
sculptures
historical
items
fossils
and
more
at
your
leisure.</p
the
oldest
college
art
museum
in
north
america
the
gallery
houses
nearly
300,000
objects
from
all
regions
of
the
globe.</p
this
louis
kahn
designed
building
contains
the
largest
collection
of
british
art
outside
the
united
kingdom.</p
the
museum
boasts
renowned
collection
of
over
million
objects
including
fossils
minerals
cultural
items
and
more.</p
the
center
has
nearly
1,000
instruments
that
document
the
history
of
the
worlds
music
traditions.</p
visitors
are
welcome
to
enjoy
historic
spaces
and
curated
exhibits
at
six
locations
each
of
these
locations
also
has
dedicated
special
collections
reading
room
where
researchers
can
request
and
use
rare
unique
or
fragile
materials.</p
sterlingmemoriallibrary
this
cathedral
like
library
houses
three
million
volumes
the
yale
archives
gilmore
music
library
exhibition
galleries
and
more.</p
vast
collectionsfrom
medieval
manuscripts
to
african
american
archives
maps
to
modern
literature
and
moredocument
2,000
years
of
culture.</p
rotundaofthemedicallibrary
the
history
of
medicine
is
captured
in
many
forms
from
medieval
manuscripts
and
early
printed
books
to
objects
artifacts
and
rare
photos.</p
located
in
farmington
conn.
lewis
walpole
is
one
of
the
worlds
leading
research
libraries
for
the
study
of
the
long
18th
century
in
britain.</p
insidethehaasfamilylibrary
book
arts
and
graphic
design
including
fine
press
artists
books
and
photobooks
are
among
the
highlights
of
arts
library
special
collections.</p
aglobeinthedivinitylibrary
divinitys
collection
strengths
include
the
history
and
impact
of
missionaries
world
christianity
and
the
20th
century
ecumenical
movement.</p
yale
has
additional
special
collections
and
smaller
galleries
on
campus
that
are
open
to
the
public
either
on
walk
in
basis
or
by
appointment.</p
equal
opportunity
and
nondiscrimination
at
yale
university:</strong
the
university
is
committed
to
basing
judgments
concerning
the
admission
education
and
employment
of
individuals
upon
their
qualifications
and
abilities
and
affirmatively
seeks
to
attract
to
its
faculty
staff
and
student
body
qualified
persons
of
diverse
backgrounds
university
policy
is
committed
to
affirmative
action
under
law
in
employment
of
women
minority
group
members
individuals
with
disabilities
and
protected
veterans
additionally
in
accordance
with
yales
policy
against
discrimination
and
harassment
and
as
delineated
by
federal
and
connecticut
law
yale
does
not
discriminate
in
admissions
educational
programs
or
employment
against
any
individual
on
account
of
that
individuals
sex
sexual
orientation
gender
identity
or
expression
race
color
national
or
ethnic
origin
religion
age
disability
status
as
special
disabled
veteran
veteran
of
the
vietnam
era
or
other
covered
veteran
title
ix
of
the
education
amendments
of
protects
people
from
sex
discrimination
in
educational
programs
and
activities
at
institutions
that
receive
federal
financial
assistance
inquiries
concerning
this
policy
may
be
referred
to
the
inquiries
may
also
be
made
to
the
u.s.
department
of
education
office
for
civil
rights,<a
href="&#109;&#97;&#105;&#108;&#116;&#111;&#58;&#111;&#99;&#114;&#46;&#98;&#111;&#115;&#116;&#111;&#110;&#64;&#101;&#100;&#46;&#103;&#111;&#118;">&#111;&#99;&#114;&#46;&#98;&#111;&#115;&#116;&#111;&#110;&#64;&#101;&#100;&#46;&#103;&#111;&#118;</a>.See
yales
full
attendeesatayaleuniversityevententhusiasticallywavingwhitehandkerchiefs,smiling,andcelebratingoutdoors.
navigation
