doctype
html
html
lang
en
dir
ltr
prefix
og
https://ogp.me/ns
class
no
js
itemscope
itemtype
http://schema.org/WebPage
google
tag
manager
function
push
gtm
start
new
date
gettime
event
gtm
js
var
getelementsbytagname
0
createelement
dl
datalayer
async
true
src
https://www.googletagmanager.com/gtm.js
id
dl
parentnode
insertbefore
window
document
script
datalayer
gtm
kx
5
nv
9
end
google
tag
manager
meta
charset
utf
8
script
type
text
javascript
window
nreum
nreum
init
privacy
cookies
enabled
true
ajax
deny
list
bam
nr
data
net
distributed
tracing
enabled
true
window
nreum
nreum
loader
config
agentid
accountid
trustkey
xpid
vwmhulnbcxaexvjxawmpufq
licensekey
nrjs
0
bd
applicationid
for
license
information
please
see
nr
loader
spa
0
min
js
license
txt
var
use
strict
0
gd
vp
oc
fr
jd
hr
xn
1
an
var
const
beacon
nt
beacon
errorbeacon
nt
errorbeacon
licensekey
void
0
applicationid
void
0
sa
void
0
queuetime
void
0
applicationtime
void
0
ttguid
void
0
user
void
0
account
void
0
product
void
0
extra
void
0
jsattributes
userattributes
void
0
atts
void
0
transactionname
void
0
tnameplain
void
0
function
if
throw
new
error
all
info
objects
require
an
agent
identifier
if
throw
new
error
info
for
concat
was
never
set
return
function
if
throw
new
error
all
info
objects
require
an
agent
identifier
0
const
0
ny
info
var
const
if
string
typeof
return
1
try
document
createdocumentfragment
queryselector
catch
return
1
return
0
var
const
data
nr
mask
const
mask
selector
block
selector
data
nr
block
mask
input
options
color
1
date
1
datetime
local
1
email
1
month
1
number
1
range
1
search
1
tel
1
text
1
time
1
url
1
week
1
textarea
1
select
1
password
0
return
ajax
deny
list
void
0
block
internal
0
enabled
0
harvesttimeseconds
10
autostart
0
distributed
tracing
enabled
void
0
exclude
newrelic
header
void
0
cors
use
newrelic
header
void
0
cors
use
tracecontext
headers
void
0
allowed
origins
void
0
feature
flags
generic
events
enabled
0
harvesttimeseconds
30
autostart
0
harvest
toomanyrequestsdelay
60
jserrors
enabled
0
harvesttimeseconds
10
autostart
0
logging
enabled
0
harvesttimeseconds
10
autostart
0
level
info
metrics
enabled
0
autostart
0
obfuscate
void
0
page
action
enabled
0
page
view
event
enabled
0
autostart
0
page
view
timing
enabled
0
harvesttimeseconds
30
long
task
1
autostart
0
privacy
cookies
enabled
0
proxy
assets
void
0
beacon
void
0
session
expiresms
wk
inactivems
bb
session
replay
autostart
0
enabled
1
harvesttimeseconds
60
preload
1
sampling
rate
10
error
sampling
rate
collect
fonts
1
inline
images
1
inline
stylesheet
0
fix
stylesheets
0
mask
all
inputs
0
get
mask
text
selector
return
mask
selector
set
mask
text
selector
mask
selector
concat
concat
null
mask
selector
0
5
get
block
class
return
nr
block
get
ignore
class
return
nr
ignore
get
mask
text
class
return
nr
mask
get
block
selector
return
block
selector
set
block
selector
block
selector
concat
0
6
get
mask
input
options
return
mask
input
options
set
mask
input
options
object
typeof
mask
input
options
password
0
0
7
session
trace
enabled
0
harvesttimeseconds
10
autostart
0
soft
navigations
enabled
0
harvesttimeseconds
10
autostart
0
spa
enabled
0
harvesttimeseconds
10
autostart
0
ssl
void
0
all
configuration
objects
require
an
agent
identifier
function
if
throw
new
error
if
throw
new
error
configuration
for
concat
was
never
set
return
function
if
throw
new
error
0
const
0
ny
init
function
if
throw
new
error
var
if
for
var
split
0
use
strict
var
function
try
if
object
typeof
return
0
3
if
object
typeof
return
0
4
const
object
create
object
getprototypeof
object
getownpropertydescriptors
0
object
keys
length
for
let
in
if
void
0
try
if
null
null
continue
array
isarray
array
isarray
array
from
new
set
object
typeof
object
typeof
catch
0
1
return
catch
0
2
use
strict
3
xs
yq
xv
const
0
prod
cdn
0
alpha
12
use
strict
4
of
ri
vr
wn
bv
gm
lr
mw
sb
var
const
undefined
typeof
window
window
document
undefined
typeof
workerglobalscope
undefined
typeof
self
self
instanceof
workerglobalscope
self
navigator
instanceof
workernavigator
undefined
typeof
globalthis
globalthis
instanceof
workerglobalscope
globalthis
navigator
instanceof
workernavigator
window
undefined
typeof
workerglobalscope
undefined
typeof
self
self
instanceof
workerglobalscope
self
undefined
typeof
globalthis
globalthis
instanceof
workerglobalscope
globalthis
complete
document
readystate
boolean
hidden
document
visibilitystate
location
ipad
iphone
ipod
test
navigator
useragent
undefined
typeof
sharedworker
const
navigator
useragent
match
firefox
return
array
isarray
length
2
1
0
navigator
sendbeacon
date
now
0
use
strict
var
const
agentidentifier
ee
void
0
class
constructor
try
if
object
typeof
return
0
8
this
sharedcontext
object
assign
this
sharedcontext
object
entries
foreach
let
object
keys
includes
this
sharedcontext
catch
0
9
use
strict
xv
gx
iw
var
function
if
return
1
if
0
length
return
0
for
var
0
length
var
if
hostname
return
1
if
hostname
hostname
pathname
pathname
return
1
return
0
function
return
void
0
hostname
function
if
length
for
var
0
length
let
if
continue
0
indexof
http
substring
7
0
indexof
https
substring
8
const
indexof
let
0
substring
0
substring
let
split
push
hostname
pathname
function
return
length
length
indexof
length
length
function
return
0
indexof
substring
1
0
indexof
substring
1
use
strict
ak
ze
3
var
const
function
const
staged
1
priority
0
get
set
function
get
delete
1
size
function
if
throw
new
error
agentidentifier
required
new
map
function
let
arguments
length
0
void
0
arguments
0
arguments
0
arguments
length
1
void
0
arguments
1
arguments
1
feature
arguments
length
2
void
0
arguments
2
arguments
2
if
get
return
get
staged
0
function
const
array
from
every
let
return
staged
sort
1
priority
1
priority
foreach
let
delete
function
let
arguments
length
2
void
0
arguments
2
arguments
2
const
ee
get
ee
handlers
if
aborted
backlog
if
const
backlog
if
for
let
0
let
object
values
foreach
0
on
1
isolatedbacklog
delete
backlog
null
emit
drain
function
var
1
object
values
foreach
var
0
if
0
var
1
3
2
apply
use
strict
ee
var
const
nr
context
concat
function
var
1
try
16
length
0
fr
isolatedbacklog
catch
var
on
addeventlistener
removeeventlistener
function
var
if
return
for
var
0
let
in
abort
function
aborted
0
object
keys
backlog
foreach
delete
backlog
isbuffering
function
return
debugid
backlog
object
typeof
backlog
backlog
isolatedbacklog
return
object
defineproperty
aborted
get
let
aborted
1
return
aborted
function
return
instanceof
0
new
new
function
concat
function
return
function
return
function
return
backlog
void
0
globalee
0
zm
ee
ee
use
strict
class
constructor
this
contextid
use
strict
var
ee
get
handle
function
buffer
emit
buffer
emit
use
strict
var
on
var
handlers
function
function
feature
var
push
use
strict
dd
jt
sp
var
let
1
1
try
const
get
passive
return
0
1
get
signal
return
0
1
gm
addeventlistener
test
null
gm
removeeventlistener
test
null
catch
function
return
capture
passive
signal
function
let
arguments
length
2
void
0
arguments
2
arguments
2
arguments
length
3
arguments
3
void
0
window
addeventlistener
function
let
arguments
length
2
void
0
arguments
2
arguments
2
arguments
length
3
arguments
3
void
0
document
addeventlistener
use
strict
const
0
bz
use
strict
la
zf
bz
el
var
const
xxxxxxxx
xxxx
4
xxx
yxxx
xxxxxxxxxxxx
function
return
15
16
math
random
0
function
const
gm
crypto
gm
mscrypto
let
0
return
getrandomvalues
getrandomvalues
new
uint
8
array
30
split
map
tostring
16
3
8
tostring
16
join
function
const
gm
crypto
gm
mscrypto
let
0
getrandomvalues
getrandomvalues
new
uint
8
array
const
for
var
0
use
strict
bb
3
il
ts
uh
wk
const
nrba
session
started
session
started
pause
session
pause
reset
session
reset
resume
session
resume
update
session
update
same
tab
same
tab
cross
tab
cross
tab
off
0
full
1
error
2
use
strict
function
return
math
floor
performance
now
use
strict
var
function
if
0
indexof
data
return
protocol
data
try
const
new
url
location
href
port
port
hostname
hostname
pathname
pathname
search
search
protocol
protocol
slice
0
protocol
indexof
sameorigin
protocol
gm
location
protocol
host
gm
location
host
return
port
port
http
protocol
port
80
https
protocol
port
pathname
pathname
pathname
startswith
pathname
concat
pathname
pathname
catch
return
use
strict
function
function
typeof
console
debug
console
debug
new
relic
warning
concat
use
strict
var
const
newrelic
const
new
set
function
const
ee
get
object
typeof
has
emit
rumresp
add
function
let
arguments
length
0
void
0
arguments
0
arguments
0
try
gm
dispatchevent
new
customevent
detail
catch
loaded
0
use
strict
var
object
prototype
hasownproperty
function
if
call
return
var
if
object
defineproperty
object
keys
try
return
object
defineproperty
value
writable
0
enumerable
1
catch
return
use
strict
function
var
this
let
arguments
length
1
void
0
arguments
1
arguments
1
arguments
length
2
void
0
arguments
2
arguments
2
const
leading
1
let
return
function
for
var
arguments
length
new
array
0
cleartimeout
cleartimeout
settimeout
apply
function
var
this
let
1
return
function
if
0
for
var
arguments
length
new
array
0
use
strict
var
const
const
new
weakset
return
if
object
typeof
null
if
has
return
add
return
function
try
return
json
stringify
catch
try
ee
emit
internal
error
catch
use
strict
gg
sb
var
function
return
undefined
typeof
document
complete
document
readystate
function
if
return
0
sp
load
function
if
return
0
dd
domcontentloaded
use
strict
nt
us
zm
bq
dv
ny
pv
var
const
beacon
bam
nr
data
net
errorbeacon
bam
nr
data
net
function
return
gm
nreum
gm
nreum
void
0
gm
newrelic
gm
newrelic
gm
nreum
gm
nreum
function
let
return
st
gm
settimeout
si
gm
setimmediate
ct
gm
cleartimeout
xhr
gm
xmlhttprequest
req
gm
request
ev
gm
event
pr
gm
promise
mo
gm
mutationobserver
fetch
gm
fetch
function
let
initializedagents
initializedat
ms
0
date
new
date
initializedagents
function
let
return
initializedagents
function
function
return
function
let
const
info
info
beacon
beacon
errorbeacon
errorbeacon
function
let
const
init
init
function
let
const
loader
config
loader
config
use
strict
var
function
let
arguments
length
1
void
0
arguments
1
arguments
1
arguments
length
2
arguments
2
void
0
arguments
length
3
arguments
3
void
0
0
dd
visibilitychange
function
if
return
void
hidden
document
visibilitystate
document
visibilitystate
use
strict
um
nz
vc
ri
ak
8
mo
bx
var
const
gm
xmlhttprequest
addeventlistener
removeeventlistener
nr
wrapped
concat
function
var
function
return
ee
get
events
if
debugid
return
debugid
1
var
0
ym
0
function
inplace
function
return
1
return
getprototypeof
in
object
ri
document
gm
prototype
on
start
function
var
1
if
null
function
typeof
object
typeof
var
0
function
var
object
function
if
function
typeof
handleevent
return
return
handleevent
apply
arguments
function
typeof
return
fn
null
name
anonymous
this
wrapped
1
on
start
function
1
this
wrapped
1
function
let
for
object
typeof
object
prototype
hasownproperty
call
object
getprototypeof
for
var
arguments
length
new
array
2
2
gm
fetch
on
end
function
var
this
if
var
headers
get
content
length
null
rxsize
emit
done
null
else
emit
done
const
pushstate
replacestate
function
const
function
return
ee
get
history
return
ri
debugid
debugid
1
0
ym
inplace
window
history
var
const
appendchild
insertbefore
replacechild
function
const
function
return
ee
get
jsonp
if
ri
debugid
return
debugid
0
var
0
ym
callback
cb
function
if
return
const
match
1
return
3
return
inplace
node
prototype
dom
on
dom
start
function
function
if
string
typeof
nodename
script
nodename
tolowercase
return
if
function
typeof
addeventlistener
return
var
src
match
1
null
var
if
return
var
function
var
match
if
length
3
return
key
2
parent
1
window
return
key
parent
window
if
function
typeof
parent
key
return
var
function
emit
jsonp
end
removeeventlistener
load
0
jt
1
removeeventlistener
error
0
jt
1
function
emit
jsonp
error
emit
jsonp
end
removeeventlistener
load
0
jt
1
removeeventlistener
error
0
jt
1
inplace
parent
key
cb
addeventlistener
load
0
jt
1
addeventlistener
error
0
jt
1
emit
new
jsonp
src
0
const
function
const
function
return
ee
get
mutation
if
ri
debugid
return
debugid
0
var
0
ym
gm
mutationobserver
return
window
mutationobserver
function
return
this
instanceof
new
fn
apply
this
arguments
mutationobserver
prototype
prototype
const
function
const
function
return
ee
get
promise
if
debugid
return
debugid
0
var
context
0
ym
gm
promise
return
function
function
var
context
executor
null
1
const
reflect
construct
return
context
getctx
function
return
gm
promise
object
defineproperty
name
value
promise
tostring
function
return
tostring
object
setprototypeof
all
race
foreach
function
const
function
let
1
foreach
this
resolve
then
all
1
const
apply
this
arguments
return
function
return
function
emit
propagate
null
1
1
resolve
reject
foreach
function
const
function
const
apply
this
arguments
return
emit
propagate
0
1
1
prototype
prototype
const
prototype
then
prototype
then
function
var
this
promise
for
var
arguments
length
new
array
0
3
resolved
resolved
0
emit
xhr
resolved
inplace
fn
0
jt
1
catch
0
15
try
emit
internal
error
catch
var
return
function
inplace
onreadystatechange
fn
if
function
for
var
in
prototype
prototype
inplace
prototype
xhr
on
send
xhr
start
function
function
push
then
data
on
open
xhr
start
var
resolve
if
var
1
document
createtextnode
new
observe
characterdata
0
else
on
fn
end
function
0
0
type
function
for
var
0
use
strict
jt
ym
var
const
nr
original
concat
var
object
prototype
hasownproperty
1
function
return
ee
inplace
function
const
charat
0
for
let
0
use
strict
const
ajax
use
strict
const
genericevents
use
strict
const
jserrors
use
strict
et
it
tz
var
const
error
error
warn
warn
info
info
debug
debug
trace
trace
log
logging
use
strict
var
function
let
arguments
length
2
void
0
arguments
2
arguments
2
arguments
length
3
void
0
arguments
3
arguments
3
info
0
xv
api
logging
concat
tolowercase
called
void
0
metrics
0
et
0
void
0
logging
function
return
string
typeof
object
values
some
use
strict
tz
xg
rs
xv
const
metrics
sm
cm
storesupportabilitymetrics
storeeventmetrics
use
strict
const
pageviewevent
use
strict
const
pageviewtiming
use
strict
bb
4
it
no
qb
tz
ug
bc
yp
var
const
sessionreplay
record
recordreplay
pause
pausereplay
replay
running
replayrunning
error
during
replay
errorduringreplay
12
domcontentloaded
0
load
1
fullsnapshot
2
incrementalsnapshot
3
meta
4
custom
5
error
full
off
0
reset
message
session
was
reset
sm
reset
import
message
recorder
failed
to
import
sm
import
too
many
message
too
many
requests
sm
too
many
too
big
message
payload
was
too
large
sm
too
big
cross
tab
message
session
entity
was
set
to
off
on
another
tab
sm
cross
tab
entitlements
message
session
replay
is
not
allowed
and
will
not
be
started
sm
entitlement
api
api
use
strict
aw
ct
sr
var
function
return
hr
mo
0
0
0
gd
session
trace
enabled
function
return
0
0
gd
session
replay
preload
function
const
correctabsolutetimestamp
return
originaltimestamp
correctedtimestamp
timestampdiff
origintime
wn
correctedorigintime
correctedorigintime
origintimediff
math
floor
wn
correctedorigintime
use
strict
he
kp
lc
rz
tz
bd
3
jx
up
const
sessiontrace
bstresource
resource
start
end
fn
fn
pushstate
use
strict
am
2
qu
tz
ih
tc
var
const
click
keydown
submit
api
softnav
initial
page
load
route
change
1
unspecified
2
interaction
1
ajax
2
custom
end
3
custom
tracer
4
ip
in
progress
fin
finished
can
cancelled
use
strict
br
kp
3
lc
nc
sg
tz
6
ut
3
dt
5
gx
9
ow
op
rw
th
up
ww
xq
var
const
spa
click
submit
keypress
keydown
keyup
change
fn
start
fn
end
cb
start
api
ixn
remaining
interaction
spanode
jsonpnode
fetch
start
fetch
done
fetch
body
jsonp
end
hr
st
start
end
body
cb
jstime
fetch
use
strict
var
class
constructor
this
agentidentifier
this
aggregator
this
ee
ee
get
this
featurename
this
blocked
1
use
strict
var
const
ri
0
0
gd
privacy
cookies
enabled
use
strict
var
const
seterrorhandler
finished
addtotrace
addrelease
addpageaction
setcurrentroutename
setpageviewname
setcustomattribute
interaction
noticeerror
setuserid
setapplicationversion
start
4
record
4
pause
log
wraplogger
seterrorhandler
finished
addtotrace
addrelease
var
function
if
object
typeof
string
typeof
function
typeof
return
0
29
const
function
return
ee
get
logger
0
ym
new
return
level
level
customattributes
customattributes
inplace
wrap
logger
function
const
0
pv
foreach
function
for
var
arguments
length
new
array
0
1
1
api
exposed
api
push
api
0
38
length
1
0
const
var
const
const
startswith
http
https
let
1
function
let
arguments
length
1
void
0
arguments
1
arguments
1
arguments
length
2
arguments
2
void
0
arguments
length
3
arguments
3
void
0
init
info
loader
config
runtime
exposed
0
loadertype
const
0
pv
init
info
loader
config
0
xn
agentidentifier
0
an
agentidentifier
jsattributes
bv
jsattributes
isworker
0
0
1
agentidentifier
const
0
0
agentidentifier
beacon
errorbeacon
proxy
assets
proxy
assets
push
proxy
assets
proxy
beacon
push
proxy
beacon
0
us
activatedfeatures
runsoftnavoverspa
0
soft
navigations
enabled
feature
flags
includes
soft
nav
denylist
ajax
deny
list
ajax
block
internal
ptid
agentidentifier
0
agentidentifier
ee
ee
get
agentidentifier
void
0
api
api
function
let
arguments
length
2
void
0
arguments
2
arguments
2
0
ak
api
const
var
ee
get
get
tracer
off
on
4
replay
running
var
api
ixn
function
const
0
vp
return
null
delete
jsattributes
0
1
jsattributes
jsattributes
0
null
session
void
0
function
log
function
let
customattributes
level
info
arguments
length
1
void
0
arguments
1
arguments
1
0
xv
api
log
called
void
0
metrics
0
wraplogger
function
let
customattributes
level
info
arguments
length
2
void
0
arguments
2
arguments
2
0
xv
api
wraplogger
called
void
0
metrics
customattributes
level
foreach
0
api
addpageaction
addpageaction
0
genericevents
setpageviewname
function
if
string
typeof
return
charat
0
0
fr
customtransaction
http://custom.transa
ction
setpageviewname
0
setcustomattribute
function
let
arguments
length
2
void
0
arguments
2
arguments
2
if
string
typeof
if
string
number
boolean
includes
typeof
null
return
setcustomattribute
0
40
typeof
else
0
39
typeof
setuserid
function
if
string
typeof
null
return
enduser
id
setuserid
0
0
41
typeof
setapplicationversion
function
if
string
typeof
null
return
application
version
setapplicationversion
1
0
42
typeof
start
try
0
xv
api
start
called
void
0
metrics
emit
manual
start
all
catch
0
23
4
record
function
0
xv
api
recordreplay
called
void
0
metrics
0
4
record
void
0
sessionreplay
4
pause
function
0
xv
api
pausereplay
called
void
0
metrics
0
4
pause
void
0
sessionreplay
interaction
function
return
new
get
object
typeof
const
prototype
createtracer
function
var
this
function
typeof
return
0
xv
api
createtracer
called
void
0
metrics
0
tracer
0
spa
function
if
emit
no
fn
start
0
try
return
apply
this
arguments
catch
const
string
typeof
new
error
throw
emit
fn
err
arguments
this
finally
emit
fn
end
0
function
return
function
return
0
xv
api
called
void
0
metrics
0
0
arguments
null
this
void
0
this
function
then
bind
then
let
setapi
0
ze
api
catch
0
27
abort
return
actiontext
setname
setattribute
save
ignore
onend
getcontext
end
get
foreach
void
0
softnav
spa
setcurrentroutename
routename
void
0
softnav
routename
0
spa
noticeerror
function
string
typeof
new
error
0
xv
api
noticeerror
called
void
0
metrics
0
err
0
1
void
0
jserrors
ri
0
gg
0
agentidentifier
runsoftnavoverspa
void
0
exposed
exposed
0
nc
try
return
document
currentscript
nonce
catch
return
use
strict
const
ajax
ajax
genericevents
generic
events
jserrors
jserrors
logging
logging
metrics
metrics
pageaction
page
action
pageviewevent
page
view
event
pageviewtiming
page
view
timing
sessionreplay
session
replay
sessiontrace
session
trace
softnav
soft
navigations
spa
spa
pageviewevent
1
pageviewtiming
2
metrics
3
jserrors
4
spa
5
ajax
6
sessiontrace
7
softnav
8
sessionreplay
9
logging
10
genericevents
11
function
var
if
void
0
return
exports
var
exports
return
exports
exports
for
var
in
object
defineproperty
enumerable
0
get
promise
all
object
keys
reduce
nr
spa
compressor
nr
spa
recorder
nr
spa
0
min
js
object
prototype
hasownproperty
call
nrba
0
prod
if
push
else
var
if
void
0
for
var
document
getelementsbytagname
script
0
length
var
if
getattribute
src
getattribute
data
webpack
break
if
0
var
sha
mcvw
1
bghjjuf
5
ggs
4
weno
1
ejq
ulon
07
rdcn
8
bh
ightajz
38
frfpc
9
dw
3
pfkj
2
ukysbuvqehjyvhcithg
sha
qyifk
5
emr
yitszcfvk
9
upxp
9
dvxrvly
9
qis
5
puivokkb
5
skvpypnw
7
sekxp
8
tzyy
2
dlplmqhxwcz
2
cg
sha
pdn
6
ws
kxhra
2
vqozgapgomyeatbthjfygcbu
9
pt
7
mur
6
schztqs
6
bcrsdnophpjo
kutmqb
2
wknzmdia
document
createelement
script
charset
utf
8
timeout
nc
setattribute
nonce
nc
setattribute
data
webpack
src
0
src
indexof
window
location
origin
crossorigin
anonymous
integrity
var
onerror
onload
null
cleartimeout
var
if
delete
parentnode
parentnode
removechild
foreach
return
settimeout
bind
null
void
0
type
timeout
target
onerror
bind
null
onerror
onload
bind
null
onload
document
head
appendchild
undefined
typeof
symbol
symbol
tostringtag
object
defineproperty
symbol
tostringtag
value
module
object
defineproperty
esmodule
value
0
https://js-agent.newrelic.com/
var
var
void
0
if
0
if
push
2
else
var
new
promise
push
2
var
new
error
if
0
void
0
var
load
type
missing
type
target
target
src
message
loading
chunk
failed
name
chunkloaderror
type
request
1
chunk
var
var
0
if
some
0
for
in
if
for
use
strict
var
class
agentidentifier
constructor
let
arguments
length
0
void
0
arguments
0
arguments
0
0
la
16
this
agentidentifier
for
var
arguments
length
new
array
1
1
function
return
0
0
gd
concat
enabled
var
var
class
extends
constructor
let
arguments
length
3
void
0
arguments
3
arguments
3
super
this
auto
this
aborthandler
void
0
this
feataggregate
void
0
this
onaggregateimported
void
0
1
0
gd
this
agentidentifier
concat
this
featurename
autostart
this
auto
1
this
auto
0
ak
this
ee
on
manual
start
all
0
0
ak
this
agentidentifier
this
featurename
this
auto
0
this
importaggregator
importaggregator
let
arguments
length
0
void
0
arguments
0
arguments
0
if
this
feataggregate
this
auto
return
this
onaggregateimported
new
promise
const
async
let
try
if
0
this
agentidentifier
const
setupagentsession
await
then
bind
this
agentidentifier
catch
0
20
this
ee
emit
internal
error
this
featurename
sessionreplay
this
aborthandler
try
if
this
this
featurename
return
0
ze
this
agentidentifier
this
featurename
void
1
const
lazyfeatureloader
await
then
bind
aggregate
await
this
featurename
aggregate
this
feataggregate
new
this
agentidentifier
this
aggregator
0
catch
0
34
this
aborthandler
0
ze
this
agentidentifier
this
featurename
0
1
this
ee
this
ee
abort
ri
0
gg
0
switch
case
sessionreplay
return
0
sr
this
agentidentifier
case
sessiontrace
return
default
return
0
var
class
extends
static
featurename
constructor
let
arguments
length
2
void
0
arguments
2
arguments
2
super
this
importaggregator
var
class
extends
constructor
super
this
aggregateddata
store
var
this
getbucket
return
metrics
function
count
0
return
count
1
object
entries
foreach
let
metrics
merge
var
this
getbucket
if
metrics
var
metrics
count
count
object
keys
foreach
if
count
var
function
if
return
return
min
math
min
min
min
max
math
max
max
max
sos
sos
else
metrics
storemetric
var
this
getbucket
return
stats
stats
getbucket
this
aggregateddata
this
aggregateddata
var
this
aggregateddata
return
this
aggregateddata
params
custom
get
return
this
aggregateddata
this
aggregateddata
this
aggregateddata
take
for
var
1
0
max
max
constructor
let
arguments
length
2
void
0
arguments
2
arguments
2
super
ri
0
0
dochidden
0
void
0
this
ee
0
0
sp
pagehide
0
winpagehide
0
void
0
this
ee
this
importaggregator
var
class
extends
static
featurename
tz
constructor
let
arguments
length
2
void
0
arguments
2
arguments
2
super
tz
this
importaggregator
var
class
constructor
this
name
uncaughterror
this
message
string
typeof
0
this
sourceurl
this
line
this
column
this
newrelic
function
return
new
void
0
message
message
filename
sourceurl
lineno
line
colno
col
newrelic
function
let
unhandled
promise
rejection
if
reason
try
return
reason
message
reason
message
reason
catch
return
reason
if
void
0
reason
return
const
reason
return
message
message
function
if
error
instanceof
syntaxerror
test
error
stack
trim
const
new
message
filename
lineno
colno
error
newrelic
return
name
syntaxerror
name
return
error
error
function
return
instanceof
error
stack
class
extends
static
featurename
1
constructor
let
arguments
length
2
void
0
arguments
2
arguments
2
super
try
this
removeonabort
new
abortcontroller
catch
this
ee
on
internal
error
this
aborthandler
0
ierr
0
0
this
void
0
this
featurename
this
ee
this
ee
on
4
replay
running
this
gm
addeventlistener
unhandledrejection
this
aborthandler
0
err
0
1
unhandledpromiserejection
1
this
void
0
this
featurename
this
ee
0
jt
1
this
removeonabort
signal
gm
addeventlistener
error
this
aborthandler
0
err
0
1
this
void
0
this
featurename
this
ee
0
jt
1
this
removeonabort
signal
this
aborthandler
this
this
importaggregator
this
removeonabort
abort
this
aborthandler
void
0
var
let
1
const
nr
id
function
const
typeof
return
object
function
1
gm
0
0
function
return
function
if
string
typeof
length
return
length
if
object
typeof
if
undefined
typeof
arraybuffer
instanceof
arraybuffer
bytelength
return
bytelength
if
undefined
typeof
blob
instanceof
blob
size
return
size
if
undefined
typeof
formdata
instanceof
formdata
try
return
0
length
catch
return
var
class
constructor
this
agentidentifier
generatetracepayload
if
this
shouldgeneratetrace
return
null
var
0
oc
this
agentidentifier
if
return
null
var
accountid
tostring
null
agentid
tostring
null
trustkey
tostring
null
if
return
null
var
0
zf
0
el
date
now
spanid
traceid
timestamp
return
sameorigin
this
isallowedorigin
this
usetracecontextheadersforcors
tracecontextparentheader
this
generatetracecontextparentheader
tracecontextstateheader
this
generatetracecontextstateheader
sameorigin
this
excludenewrelicheader
sameorigin
this
isallowedorigin
this
usenewrelicheaderforcors
newrelicheader
this
generatetraceheader
generatetracecontextparentheader
return
00
01
generatetracecontextstateheader
return
nr
generatetraceheader
if
function
typeof
gm
btoa
return
null
var
ty
browser
ac
ap
id
tr
ti
return
tk
btoa
0
shouldgeneratetrace
return
this
isdtenabled
this
isallowedorigin
isallowedorigin
var
1
if
0
gd
this
agentidentifier
distributed
tracing
0
0
this
agentidentifier
distributed
tracing
sameorigin
0
else
if
allowed
origins
instanceof
array
for
var
0
constructor
let
arguments
length
2
void
0
arguments
2
arguments
2
super
this
dt
new
this
handler
0
this
ee
try
const
xmlhttprequest
xhr
fetch
fetch
beacon
beacon
gm
performance
getentriesbytype
resource
foreach
if
initiatortype
in
0
responsestatus
const
status
responsestatus
rxsize
transfersize
duration
math
floor
duration
cbtime
0
ne
name
this
handler
xhr
starttime
responseend
initiatortype
void
0
ajax
catch
0
nz
this
ee
0
bx
this
ee
function
function
var
this
totalcbs
0
called
0
cbtime
0
end
ended
1
xhrguids
lastsize
null
loadcapturecalled
1
params
this
params
metrics
this
metrics
addeventlistener
load
function
0
jt
1
lr
addeventlistener
progress
function
lastsize
loaded
0
jt
1
function
this
params
method
0
ne
this
1
this
metrics
function
var
0
oc
xpid
this
sameorigin
setrequestheader
newrelic
id
xpid
var
generatetracepayload
this
parsedorigin
if
var
1
newrelicheader
setrequestheader
newrelic
newrelicheader
0
tracecontextparentheader
setrequestheader
traceparent
tracecontextparentheader
tracecontextstateheader
setrequestheader
tracestate
tracecontextstateheader
0
this
dt
function
var
this
metrics
0
this
if
var
txsize
this
starttime
0
this
body
this
listener
function
try
abort
type
loadcapturecalled
params
aborted
0
load
type
called
totalcbs
onloadcalled
function
typeof
onload
function
typeof
end
end
catch
try
emit
internal
error
catch
for
var
0
1
1
push
function
var
1
return
newrelicheader
set
newrelic
newrelicheader
0
tracecontextparentheader
set
traceparent
tracecontextparentheader
tracecontextstateheader
set
tracestate
tracecontextstateheader
0
function
this
params
this
metrics
this
starttime
0
this
dt
length
1
this
target
0
length
2
this
opts
1
var
this
opts
this
target
string
typeof
object
typeof
instanceof
ee
url
gm
url
object
typeof
instanceof
url
href
ne
this
var
instanceof
ee
method
method
get
touppercase
this
params
method
this
body
body
this
txsize
body
0
function
if
this
endtime
0
this
params
this
params
0
iw
this
params
return
let
this
params
status
status
0
string
typeof
this
rxsize
this
rxsize
length
0
this
rxsize
const
txsize
this
txsize
rxsize
duration
0
this
starttime
xhr
this
params
this
starttime
this
endtime
fetch
this
ajax
function
const
this
params
this
metrics
if
this
ended
this
ended
0
for
let
0
removeeventlistener
this
listener
1
aborted
0
iw
duration
0
this
starttime
this
loadcapturecalled
4
readystate
null
status
status
0
this
cbtime
this
cbtime
xhr
this
starttime
this
endtime
xhr
this
ajax
function
params
status
status
var
function
var
responsetype
return
json
null
arraybuffer
blob
json
response
text
void
0
responsetext
void
0
lastsize
if
metrics
rxsize
sameorigin
var
getresponseheader
newrelic
app
data
0
rs
ajax
crossapplicationtracing
header
seen
void
0
metrics
params
cat
split
pop
loadcapturecalled
0
on
new
xhr
on
open
xhr
start
on
open
xhr
end
on
send
xhr
start
on
xhr
cb
time
on
xhr
load
added
on
xhr
load
removed
on
xhr
resolved
on
addeventlistener
end
on
removeeventlistener
end
on
fn
end
on
fetch
before
start
on
fetch
start
on
fn
start
on
fetch
done
this
ee
this
handler
this
dt
this
importaggregator
function
ne
var
0
params
hostname
hostname
port
port
protocol
protocol
host
hostname
port
pathname
pathname
parsedorigin
sameorigin
sameorigin
var
ie
const
he
oe
bd
ae
3
se
kp
ce
tz
ue
lc
de
up
le
rz
fe
ie
class
he
extends
static
featurename
ue
constructor
super
ue
arguments
length
2
void
0
arguments
2
arguments
2
if
0
this
agentidentifier
return
void
0
3
this
agentidentifier
this
featurename
const
this
ee
let
0
vc
this
eventsee
0
um
this
eventsee
on
le
function
this
bststart
0
this
eventsee
on
de
function
0
bst
0
this
bststart
0
void
0
sessiontrace
on
fe
se
function
this
time
0
this
startpath
location
pathname
location
hash
on
fe
ce
function
0
bsthist
location
pathname
location
hash
this
startpath
this
time
void
0
sessiontrace
try
new
performanceobserver
const
getentries
0
oe
void
0
sessiontrace
observe
type
ae
buffered
0
catch
this
importaggregator
resourceobserver
var
ge
class
pe
extends
static
featurename
tz
constructor
let
arguments
length
2
void
0
arguments
2
arguments
2
super
tz
this
replayrunning
1
try
json
parse
localstorage
getitem
concat
ge
3
concat
ge
uh
catch
0
sr
this
ee
on
4
record
this
this
this
sessionreplaymode
this
this
importaggregator
this
ee
on
err
this
replayrunning
this
errornoticed
0
0
4
error
during
replay
void
0
this
featurename
this
ee
this
ee
on
4
replay
running
this
replayrunning
return
sessionreplaymode
ge
full
sessionreplaymode
ge
error
0
aw
this
agentidentifier
1
async
if
this
this
0
try
const
recorder
await
promise
all
then
bind
this
recorder
new
mode
this
agentidentifier
this
agentidentifier
trigger
ee
this
ee
this
recorder
startrecording
this
aborthandler
this
recorder
stoprecording
catch
this
importaggregator
recorder
this
recorder
errornoticed
this
errornoticed
this
feataggregate
this
feataggregate
mode
ge
full
this
feataggregate
initializerecording
ge
full
0
this
ge
full
this
qb
api
this
recorder
this
recorder
parent
mode
ge
full
this
recorder
parent
mode
ge
full
this
recorder
stoprecording
this
recorder
startrecording
this
aborthandler
this
recorder
stoprecording
var
me
class
ve
extends
static
featurename
me
tz
constructor
let
arguments
length
2
void
0
arguments
2
arguments
2
if
super
me
tz
ri
hr
mo
return
const
0
vc
this
ee
0
um
this
ee
0
newurl
0
window
location
void
0
this
featurename
this
ee
on
pushstate
end
on
replacestate
end
try
this
removeonabort
new
abortcontroller
catch
0
sp
popstate
0
newurl
timestamp
window
location
void
0
this
featurename
this
ee
0
this
removeonabort
signal
let
1
const
new
hr
mo
0
requestanimationframe
0
newdom
0
void
0
this
featurename
this
ee
1
0
0
newuievent
void
0
this
featurename
this
ee
observe
document
body
attributes
0
childlist
0
subtree
0
characterdata
0
leading
0
on
fn
start
let
me
tc
includes
type
for
let
of
me
tc
document
addeventlistener
this
aborthandler
function
this
removeonabort
abort
disconnect
this
aborthandler
void
0
this
importaggregator
domobserver
var
be
const
tz
ye
3
we
kp
re
xe
ww
te
5
ae
th
ee
up
ne
rw
se
lc
oe
be
class
ie
extends
static
featurename
ye
constructor
var
if
super
ye
arguments
length
2
void
0
arguments
2
arguments
2
this
ri
return
try
this
removeonabort
new
abortcontroller
catch
let
0
const
this
ee
get
tracer
0
ri
this
ee
0
8
this
ee
0
mo
this
ee
0
bx
this
ee
this
ee
get
events
0
nz
this
ee
0
vc
this
ee
0
ak
this
ee
function
emit
newurl
window
location
function
window
location
hash
this
ne
0
function
window
location
hash
0
0
var
0
this
ae
this
ae
this
ne
this
oe
function
on
function
this
0
this
ee
on
ne
on
se
on
se
this
ee
on
oe
on
te
on
te
this
ee
on
fn
err
function
for
var
arguments
length
new
array
0
1
0
jt
0
this
removeonabort
signal
this
aborthandler
this
this
importaggregator
this
removeonabort
abort
this
aborthandler
void
0
var
class
je
extends
static
featurename
constructor
let
arguments
length
2
void
0
arguments
2
arguments
2
super
0
gd
this
agentidentifier
page
action
enabled
some
this
importaggregator
0
3
this
agentidentifier
this
featurename
var
pe
ce
class
ke
extends
static
featurename
pe
tz
constructor
let
arguments
length
2
void
0
arguments
2
arguments
2
super
pe
tz
const
this
ee
this
ee
on
wrap
logger
end
function
let
const
level
customattributes
this
0
ce
this
importaggregator
new
class
extends
constructor
super
gm
this
sharedaggregator
new
agentidentifier
this
agentidentifier
this
features
0
bq
this
agentidentifier
this
this
desiredfeatures
new
set
features
this
desiredfeatures
add
this
runsoftnavoverspa
this
desiredfeatures
some
featurename
softnav
0
this
loadertype
agent
this
run
0
21
get
config
return
info
this
info
init
this
init
loader
config
this
loader
config
runtime
this
runtime
run
try
const
this
agentidentifier
this
desiredfeatures
sort
featurename
featurename
foreach
if
featurename
featurename
pageviewevent
return
if
this
runsoftnavoverspa
featurename
spa
return
if
this
runsoftnavoverspa
featurename
softnav
return
function
switch
case
ajax
return
jserrors
case
sessiontrace
return
ajax
pageviewevent
case
sessionreplay
return
sessiontrace
case
pageviewtiming
return
pageviewevent
default
return
featurename
every
in
this
features
0
36
featurename
this
features
featurename
new
this
agentidentifier
this
sharedaggregator
catch
0
22
for
const
in
this
features
this
features
aborthandler
const
0
zm
delete
initializedagents
this
agentidentifier
api
delete
initializedagents
this
agentidentifier
features
delete
this
sharedaggregator
return
ee
get
this
agentidentifier
abort
1
features
re
he
pe
je
ke
ve
ie
loadertype
spa
meta
name
description
content
faculty
and
student
researchers
from
brown
contributed
key
expertise
on
the
lz
teams
latest
findings
refining
the
search
for
dark
matter
particles
and
pushing
the
boundaries
of
detection
technology
link
rel
canonical
href
meta
property
og
site
name
content
brown
university
meta
property
og
type
content
article
meta
property
og
url
content
meta
property
og
title
content
advancing
the
quest
for
dark
matter
new
insights
from
the
lux
zeplin
experiment
meta
property
og
description
content
faculty
and
student
researchers
from
brown
contributed
key
expertise
on
the
lz
teams
latest
findings
refining
the
search
for
dark
matter
particles
and
pushing
the
boundaries
of
detection
technology
meta
property
og
image
content
96
bb
83
be
amp
itok
ecwwad
6
meta
property
og
image
content
96
bb
83
be
amp
itok
bxxr
93
vu
meta
name
twitter
card
content
summary
large
image
meta
name
twitter
site
content
brownuniversity
meta
name
twitter
description
content
faculty
and
student
researchers
from
brown
contributed
key
expertise
on
the
lz
teams
latest
findings
refining
the
search
for
dark
matter
particles
and
pushing
the
boundaries
of
detection
technology
meta
name
twitter
title
content
advancing
the
quest
for
dark
matter
new
insights
from
the
lux
zeplin
experiment
meta
name
twitter
image
content
dcb
amp
itok
jmjtvg
4
meta
name
mobileoptimized
content
width
meta
name
handheldfriendly
content
true
meta
name
viewport
content
width
device
width
initial
scale
meta
name
mobile
web
app
capable
content
yes
meta
name
apple
mobile
web
app
capable
content
yes
advancing
the
quest
for
dark
matter
new
insights
from
the
lux
zeplin
experiment
brown
university
link
rel
apple
touch
icon
sizes
href
themes
custom
brown
static
apple
touch
icon
png
link
rel
icon
type
image
png
sizes
href
themes
custom
brown
static
favicon
png
link
rel
icon
type
image
png
sizes
href
themes
custom
brown
static
favicon
png
link
rel
manifest
href
themes
custom
brown
static
site
webmanifest
link
rel
mask
icon
href
themes
custom
brown
static
safari
pinned
tab
svg
color
5
bbad
5
link
rel
stylesheet
media
all
href
sites
default
files
css
css
jqyz
9
std
5
jikytl
8
icbvn
1
6
xmtwuzpxdhklc
css
link
rel
stylesheet
media
all
href
sites
default
files
css
css
unjgvz
wgjkqnus
5
rkhsoqg
jhtlmfjb
3
css
link
rel
stylesheet
media
all
href
sites
default
files
css
css
xcpmzbl
qzc
bsw
crwbj
6
smsj
1
qmylejl
8
rm
css
link
rel
stylesheet
href
themes
custom
brown
static
css
fonts
css
onload
document
body
classname
fonts
loaded
link
rel
stylesheet
href
https://use.typekit.net/lok3dnd.css
google
tag
manager
noscript
iframe
src
https://www.googletagmanager.com/ns.html
id
gtm
kx
5
nv
9
height
0
width
0
style
display
none
visibility
hidden
end
google
tag
manager
noscript
header
class
header
id
header
itemscope
itemtype
http://schema.org/WPHeader
skip
to
main
content
div
class
logo
logo
header
logo
icon
itemscope
itemtype
http://schema.org/Organization
class
logo
link
itemprop
url
href
brown
university
use
xlink
href
themes
custom
brown
static
images
logo
svg
logo
white
meta
content
itemprop
logo
class
logo
label
link
href
news
news
from
brown
nav
class
js
main
nav
js
main
nav
lg
main
nav
main
nav
lg
aria
label
site
navigation
itemscope
itemtype
http://schema.org/SiteNavigationElement
site
navigation
class
main
nav
link
href
news
featured
events
itemprop
url
featured
events
class
main
nav
link
href
news
for
journalists
itemprop
url
for
journalists
use
xlink
href
themes
custom
brown
static
images
icons
svg
search
use
xlink
href
themes
custom
brown
static
images
icons
svg
close
search
use
xlink
href
themes
custom
brown
static
images
icons
svg
menu
use
xlink
href
themes
custom
brown
static
images
icons
svg
close
menu
topics
class
page
detail
link
href
news
science
technology
science
and
technology
date
august
26
26
media
contact
juan
siliezar
br
class
page
detail
link
href
cdn
cgi
email
protection
itemprop
email
email
protected
br
class
history
href
news
all
use
xlink
href
themes
custom
brown
static
images
icons
svg
arrow
left
all
news
share
use
xlink
href
themes
custom
brown
static
images
icons
svg
facebook
facebook
use
xlink
href
themes
custom
brown
static
images
icons
svg
twitter
twitter
use
xlink
href
themes
custom
brown
static
images
icons
svg
linkedin
linkedin
use
xlink
href
themes
custom
brown
static
images
icons
svg
email
email
advancing
the
quest
for
dark
matter
new
insights
from
the
lux
zeplin
experiment
faculty
and
student
researchers
from
brown
contributed
key
expertise
on
the
lz
teams
latest
findings
refining
the
search
for
dark
matter
particles
and
pushing
the
boundaries
of
detection
technology
div
class
js
background
image
item
background
data
background
options
source
0
px
sites
default
files
styles
wide
sml
public
lz
pmts
and
wires
0
jpg
96
bb
83
be
amp
itok
2
yrwseo
px
sites
default
files
styles
wide
med
public
lz
pmts
and
wires
0
jpg
96
bb
83
be
amp
itok
soke
5
uju
px
sites
default
files
styles
wide
lrg
public
lz
pmts
and
wires
0
jpg
96
bb
83
be
amp
itok
hje
98
yzm
lazy
true
lazyedge
alt
pmt
array
powerful
light
sensors
assembled
at
brown
into
two
large
arrays
will
keep
watch
on
the
lux
zeplin
dark
matter
detector
for
the
tell
tale
flashes
of
dark
matter
particles
photo
by
matthew
kapust
sanford
underground
research
facility
providence
brown
university
dark
matter
is
one
of
the
biggest
mysteries
in
physics
and
cosmology
though
it
can
be
seen
directly
scientists
suspect
its
what
holds
galaxies
together
and
makes
up
about
85
of
all
mass
in
the
universe
global
team
of
over
scientists
and
engineers
from
38
institutions
led
by
lawrence
berkeley
national
laboratory
and
including
students
postdoctoral
researchers
and
faculty
from
brown
university
are
href
part
of
worldwide
effort
to
understand
the
true
nature
of
dark
matter
and
catch
glimpse
of
this
elusive
substance
for
the
first
time
they
use
highly
sensitive
detector
to
look
for
tiny
flashes
of
light
that
might
occur
when
dark
matter
particles
interact
with
atoms
in
the
detector
while
they
dont
reveal
the
existence
of
dark
matter
their
latest
results
show
that
the
team
has
been
getting
closer
than
any
team
of
scientists
to
date
presented
on
monday
aug
26
at
conferences
in
chicago
and
so
paulo
brazil
the
new
results
offer
important
insights
into
wimps
which
are
the
leading
theoretical
candidates
for
comprising
dark
matter
short
for
weakly
interacting
massive
particles
wimps
cant
be
seen
because
they
dont
absorb
emit
or
reflect
light
and
they
interact
with
normal
matter
only
on
rare
occasions
which
is
why
theyre
so
hard
to
detect
even
when
millions
may
be
traveling
through
the
earth
and
everything
on
it
each
second
after
analyzing
nearly
days
of
data
from
the
lux
zeplin
lz
dark
matter
detector
researchers
have
refined
their
search
for
these
elusive
particles
exploring
weaker
dark
matter
interactions
than
ever
explored
before
the
key
finding
is
that
the
team
came
up
with
no
evidence
for
wimp
signals
above
mass
of
9
gigaelectronvolts
2
measurement
roughly
equivalent
to
nine
times
the
weight
of
proton
it
suggests
wimps
are
interacting
with
matter
at
weaker
levels
than
previously
thought
our
goal
is
to
improve
our
search
even
further
with
an
even
better
level
of
sensitivity
said
lz
experiment
cofounder
href
https://vivo.brown.edu/display/rgaitske
richard
gaitskell
brown
professor
of
physics
and
director
of
the
href
center
for
the
fundamental
physics
of
the
universe
the
detector
is
very
ready
to
see
signal
div
class
js
background
image
item
background
data
background
options
source
0
px
sites
default
files
styles
wide
sml
public
da
6
jpg
96
bb
83
be
amp
itok
6
bqjszas
px
sites
default
files
styles
wide
med
public
da
6
jpg
96
bb
83
be
amp
itok
2
ftrh
5
tb
px
sites
default
files
styles
wide
lrg
public
da
6
jpg
96
bb
83
be
amp
itok
uli
1
ulli
lazy
true
lazyedge
alt
lz
detector
the
lz
central
detector
in
the
clean
room
at
sanford
lab
before
beginning
its
journey
underground
photo
by
matthew
kapust
sanford
underground
research
facility
the
findings
while
incremental
represent
significant
advance
gaitskell
added
they
help
researchers
narrow
their
search
improving
their
understanding
of
dark
matter
if
it
exists
for
instance
the
experiments
ability
to
detect
extremely
faint
interactions
now
allows
researchers
to
rule
out
many
possible
dark
matter
models
that
predict
interactions
stronger
than
what
the
data
shows
ultimately
dwindling
down
the
options
for
where
wimps
could
be
hiding
our
new
8
tonne
lz
detector
is
more
massive
and
more
sensitive
than
any
previous
direct
search
experiment
gaitskell
said
we
are
potentially
able
to
see
things
that
no
one
has
seen
before
zeroing
in
on
dark
matter
the
lz
detector
is
located
mile
below
the
black
hills
of
south
dakota
in
the
sanford
underground
research
facility
the
descent
into
the
former
gold
mine
which
was
also
home
to
the
precursor
lux
experiment
until
takes
about
10
minutes
via
elevator
the
heart
of
the
lz
consists
of
two
nested
titanium
tanks
filled
with
about
10
tons
of
pure
liquid
xenon
the
tanks
are
monitored
by
photomultiplier
tubes
pmts
that
will
detect
the
dark
matter
particles
if
theyre
there
the
theory
for
this
detection
works
like
this
if
wimps
are
present
they
may
occasionally
collide
with
the
nucleus
of
xenon
atom
causing
tiny
flash
of
light
and
some
movement
in
the
atoms
if
that
happens
the
pmts
are
meant
to
catch
that
interaction
capturing
that
glimpse
of
course
is
exceedingly
difficult
and
why
most
researchers
instead
infer
things
about
dark
matter
through
how
its
powerful
gravity
bends
and
focuses
the
light
around
it
phenomenon
called
gravitational
lensing
div
class
js
background
image
item
background
data
background
options
source
0
px
sites
default
files
styles
wide
sml
public
comm
darkmatter
jpg
96
bb
83
be
amp
itok
8
zx
4
ljkf
px
sites
default
files
styles
wide
med
public
comm
darkmatter
jpg
96
bb
83
be
amp
itok
ljrh
9
ynp
px
sites
default
files
styles
wide
lrg
public
comm
darkmatter
jpg
96
bb
83
be
amp
itok
yjod
65
ot
lazy
true
lazyedge
alt
scientists
at
brown
working
much
work
done
on
the
two
massive
photodetector
arrays
happened
in
barus
and
holley
including
building
testing
and
integrating
more
than
components
photo
by
nick
dentamaro
in
the
detector
passed
check
out
phase
of
startup
operations
and
delivered
its
href
first
results
proving
itself
to
be
worlds
most
sensitive
detector
of
dark
matter
and
placing
what
were
until
now
the
strictest
limits
on
how
strongly
wimps
should
interact
with
ordinary
matter
to
get
the
latest
result
the
analysis
combined
days
of
new
data
taken
in
and
with
60
days
from
the
experiment
first
run
which
started
in
lz
is
still
in
its
early
phases
too
by
the
lz
team
plans
to
gather
over
days
of
data
this
is
how
science
works
gaitskell
said
this
is
huge
question
we
are
trying
to
answer
what
is
most
of
the
matter
in
the
universe
made
of
it
wont
get
answered
in
matter
of
weeks
months
or
even
years
necessarily
this
is
one
that
will
take
decades
to
answer
and
that
is
actually
pretty
typical
of
most
major
scientific
questions
if
you
go
back
and
look
at
the
history
books
you
ll
realize
that
major
discoveries
are
separated
by
long
periods
of
time
and
happened
step
by
step
this
new
results
marks
the
first
time
that
lz
has
applied
salting
technique
that
adds
fake
wimp
signals
during
data
collection
by
camouflaging
the
real
data
until
unsalting
at
the
very
end
researchers
can
avoid
unconscious
bias
and
keep
from
overly
interpreting
or
changing
their
analysis
before
knowing
the
outcome
theres
human
tendency
to
want
to
see
patterns
in
data
so
its
really
important
when
you
enter
this
new
regime
that
no
bias
wanders
in
said
scott
haselschwardt
the
lz
physics
coordinator
and
an
assistant
professor
at
the
university
of
michigan
if
you
make
discovery
you
want
to
get
it
right
browns
role
in
the
experiment
since
its
start
early
career
researchers
have
played
significant
role
in
building
and
operating
the
experiment
browns
team
for
instance
was
crucial
in
building
the
href
https://www.brown.edu/news/2018-12-17/l-zpmt
pmt
arrays
which
serve
as
the
experiments
eyes
the
group
worked
with
berkeley
lab
and
imperial
college
london
researchers
to
design
test
and
assemble
the
arrays
and
its
more
than
components
in
cleanrooms
at
browns
department
of
physics
where
the
components
also
underwent
two
years
of
testing
div
class
js
background
image
item
background
data
background
options
source
0
px
sites
default
files
styles
wide
sml
public
comm
darkmatter
jpg
96
bb
83
be
amp
itok
9
bk
6
lp
7
px
sites
default
files
styles
wide
med
public
comm
darkmatter
jpg
96
bb
83
be
amp
itok
gux
noam
px
sites
default
files
styles
wide
lrg
public
comm
darkmatter
jpg
96
bb
83
be
amp
itok
alkpygrt
lazy
true
lazyedge
alt
pmt
photomultiplier
tube
is
carefully
inserted
into
the
array
inside
the
pmt
array
lifting
and
commissioning
enclosure
photo
by
nick
dentamaro
the
work
didnt
stop
once
we
started
operating
either
gaitskell
said
brown
researchers
have
been
directly
responsible
for
continuing
to
run
the
systems
that
we
built
and
oversee
its
care
this
often
involves
hands
on
work
at
the
site
itself
brown
physics
ph
student
chen
ding
for
instance
spent
three
weeks
in
south
dakota
performing
crucial
calibration
tasks
last
summer
the
experience
was
surreal
he
said
once
you
enter
the
lab
it
like
normal
lab
but
it
very
special
experience
getting
there
ding
said
it
not
just
going
down
the
elevator
for
10
minutes
you
still
need
to
walk
what
feels
like
mile
down
there
and
take
little
train
all
while
theres
other
excavation
going
on
and
youre
in
full
safety
gear
another
brown
ph
student
austin
vaitkus
who
monitors
the
pmts
performance
said
the
experience
is
invaluable
to
researchers
like
him
at
the
start
of
their
career
when
you
are
working
on
an
experiment
like
this
you
are
working
with
the
best
people
in
the
world
on
this
subject
vaitkus
said
its
really
exciting
to
be
able
to
say
that
youre
on
team
thats
the
best
at
doing
what
they
do
brown
doctoral
candidate
jihyeun
bang
shares
that
enthusiasm
emphasizing
the
broader
impact
of
the
work
dark
matter
is
one
of
the
biggest
challenges
in
the
field
and
its
been
motivating
to
see
my
work
directly
contribute
to
that
overall
goal
lz
is
supported
by
the
department
of
energy
the
science
and
technology
facilities
council
of
the
the
portuguese
foundation
for
science
and
technology
the
swiss
national
science
foundation
and
the
institute
for
basic
science
in
korea
with
assistance
from
the
sanford
underground
research
facility
tags
class
page
detail
link
href
news
tag
research
research
related
news
class
component
figure
link
href
news
19
girls
get
math
aria
hidden
true
tabindex
1
div
class
js
background
component
card
background
data
background
options
source
0
px
sites
default
files
styles
classic
xsml
public
img
jpg
amp
itok
biymjbm
0
lazy
true
lazyedge
alt
science
and
technology
class
component
title
link
href
news
19
girls
get
math
rhode
island
high
schoolers
embrace
stem
lessons
at
icerms
girls
get
math
program
august
19
the
five
day
camp
at
browns
institute
for
computational
and
experimental
research
in
mathematics
engages
students
in
hands
on
math
activities
and
advanced
computational
labs
guided
by
experts
class
peak
details
simple
link
href
news
19
girls
get
math
read
article
use
xlink
href
themes
custom
brown
static
images
icons
svg
arrow
right
use
xlink
href
themes
custom
brown
static
images
icons
svg
link
open
details
for
rhode
island
high
schoolers
embrace
stem
lessons
at
icerms
girls
get
math
program
use
xlink
href
themes
custom
brown
static
images
icons
svg
dots
use
xlink
href
themes
custom
brown
static
images
icons
svg
close
class
component
figure
link
href
news
14
bci
speak
again
aria
hidden
true
tabindex
1
div
class
js
background
component
card
background
data
background
options
source
0
px
sites
default
files
styles
classic
xsml
public
screen
bg
0
jpg
dfd
amp
itok
wucmouqa
lazy
true
lazyedge
alt
science
and
technology
class
component
title
link
href
news
14
bci
speak
again
brain
computer
interface
allows
man
with
als
to
speak
again
august
14
in
clinical
trial
and
study
supported
by
brown
scientists
and
alumni
participant
regained
nearly
fluent
speech
using
brain
computer
interface
that
translates
brain
signals
into
speech
with
up
to
97
accuracy
class
peak
details
simple
link
href
news
14
bci
speak
again
read
article
use
xlink
href
themes
custom
brown
static
images
icons
svg
arrow
right
use
xlink
href
themes
custom
brown
static
images
icons
svg
link
open
details
for
brain
computer
interface
allows
man
with
als
to
speak
again
use
xlink
href
themes
custom
brown
static
images
icons
svg
dots
use
xlink
href
themes
custom
brown
static
images
icons
svg
close
class
component
figure
link
href
news
12
andes
aria
hidden
true
tabindex
1
div
class
js
background
component
card
background
data
background
options
source
0
px
sites
default
files
styles
classic
xsml
public
jpg
3
amp
itok
panaxmiu
lazy
true
lazyedge
alt
laguna
llaviucu
science
and
technology
class
component
title
link
href
news
12
andes
new
study
unveils
years
of
climate
history
in
the
tropical
andes
august
12
brown
university
researchers
highlight
the
roles
of
carbon
dioxide
and
ocean
currents
as
key
drivers
of
temperature
fluctuations
in
the
tropical
andes
over
year
period
class
peak
details
simple
link
href
news
12
andes
read
article
use
xlink
href
themes
custom
brown
static
images
icons
svg
arrow
right
use
xlink
href
themes
custom
brown
static
images
icons
svg
link
open
details
for
new
study
unveils
years
of
climate
history
in
the
tropical
andes
use
xlink
href
themes
custom
brown
static
images
icons
svg
dots
use
xlink
href
themes
custom
brown
static
images
icons
svg
close
footer
class
footer
id
footer
itemscope
itemtype
http://schema.org/WPFooter
div
class
address
itemscope
itemtype
http://schema.org/PostalAddress
brown
university
class
address
item
address
base
address
details
href
https://www.google.com/maps/dir/
api
1
amp
destination
brown
20
university
waterman
20
st
20
providence
20
ri
target
blank
use
xlink
href
themes
custom
brown
static
images
icons
svg
marker
providence
ri
use
xlink
href
themes
custom
brown
static
images
icons
svg
phone
nav
class
quick
nav
aria
label
quick
navigation
itemscope
itemtype
http://schema.org/SiteNavigationElement
quick
navigation
class
quick
nav
link
arrow
right
href
https://www.brown.edu/about/visit
itemprop
url
visit
brown
use
xlink
href
themes
custom
brown
static
images
icons
svg
arrow
right
use
xlink
href
themes
custom
brown
static
images
icons
svg
link
class
quick
nav
link
arrow
right
href
building
itemprop
url
campus
map
use
xlink
href
themes
custom
brown
static
images
icons
svg
arrow
right
use
xlink
href
themes
custom
brown
static
images
icons
svg
link
class
quick
nav
link
arrow
right
href
https://www.brown.edu/a-z
itemprop
url
to
use
xlink
href
themes
custom
brown
static
images
icons
svg
arrow
right
use
xlink
href
themes
custom
brown
static
images
icons
svg
link
class
quick
nav
link
arrow
right
href
https://www.brown.edu/about/contact-us
itemprop
url
contact
us
use
xlink
href
themes
custom
brown
static
images
icons
svg
arrow
right
use
xlink
href
themes
custom
brown
static
images
icons
svg
link
nav
class
footer
nav
aria
label
footer
navigation
itemscope
itemtype
http://schema.org/SiteNavigationElement
footer
navigation
class
footer
nav
link
arrow
right
href
https://www.brown.edu/news
itemprop
url
news
use
xlink
href
themes
custom
brown
static
images
icons
svg
arrow
right
use
xlink
href
themes
custom
brown
static
images
icons
svg
link
class
footer
nav
link
arrow
right
href
https://events.brown.edu/
itemprop
url
events
use
xlink
href
themes
custom
brown
static
images
icons
svg
arrow
right
use
xlink
href
themes
custom
brown
static
images
icons
svg
link
class
footer
nav
link
arrow
right
href
https://dps.brown.edu/
itemprop
url
campus
safety
use
xlink
href
themes
custom
brown
static
images
icons
svg
arrow
right
use
xlink
href
themes
custom
brown
static
images
icons
svg
link
class
footer
nav
link
arrow
right
href
https://www.brown.edu/website-accessibility
itemprop
url
accessibility
use
xlink
href
themes
custom
brown
static
images
icons
svg
arrow
right
use
xlink
href
themes
custom
brown
static
images
icons
svg
link
class
footer
nav
link
arrow
right
href
https://www.brown.edu/careers
itemprop
url
careers
at
brown
use
xlink
href
themes
custom
brown
static
images
icons
svg
arrow
right
use
xlink
href
themes
custom
brown
static
images
icons
svg
link
img
class
footer
give
logo
src
themes
custom
brown
static
images
logo
together
png
alt
brown
together
the
campaign
for
building
on
distinction
class
footer
give
link
href
http://alumni-friends.brown.edu/giving/
give
to
brown
use
xlink
href
themes
custom
brown
static
images
icons
svg
arrow
right
use
xlink
href
themes
custom
brown
static
images
icons
svg
link
div
class
social
nav
itemscope
itemtype
http://schema.org/Organization
link
itemprop
url
href
brown
edu
social
navigation
class
social
nav
link
href
https://www.facebook.com/BrownUniversity
target
blank
itemprop
sameas
use
xlink
href
themes
custom
brown
static
images
icons
svg
facebook
facebook
class
social
nav
link
href
https://instagram.com/brownu
target
blank
itemprop
sameas
use
xlink
href
themes
custom
brown
static
images
icons
svg
instagram
instagram
class
social
nav
link
href
https://www.linkedin.com/edu/school
id
target
blank
itemprop
sameas
use
xlink
href
themes
custom
brown
static
images
icons
svg
linkedin
linkedin
class
social
nav
link
href
https://www.snapchat.com/add/brown-u
target
blank
itemprop
sameas
use
xlink
href
themes
custom
brown
static
images
icons
svg
snapchat
snapchat
class
social
nav
link
href
https://twitter.com/BrownUniversity
target
blank
itemprop
sameas
use
xlink
href
themes
custom
brown
static
images
icons
svg
twitter
twitter
class
social
nav
link
href
https://www.youtube.com/brownuniversity
target
blank
itemprop
sameas
use
xlink
href
themes
custom
brown
static
images
icons
svg
youtube
youtube
class
social
nav
link
href
https://www.brown.edu/social/
target
blank
itemprop
sameas
use
xlink
href
themes
custom
brown
static
images
icons
svg
arrow
right
social
media
directory
copy
brown
university
div
class
logo
logo
menu
logo
icon
itemscope
itemtype
http://schema.org/Organization
class
logo
link
itemprop
url
href
brown
university
use
xlink
href
themes
custom
brown
static
images
logo
svg
logo
meta
content
itemprop
logo
for
you
use
xlink
href
themes
custom
brown
static
images
icons
svg
chevron
down
class
flyout
for
your
dropdown
link
href
current
students
current
students
class
flyout
for
your
dropdown
link
href
faculty
faculty
class
flyout
for
your
dropdown
link
href
staff
staff
class
flyout
for
your
dropdown
link
href
families
parents
amp
families
class
flyout
for
your
dropdown
link
href
https://alumni-friends.brown.edu/
alumni
class
flyout
for
your
dropdown
link
href
friends
neighbors
friends
amp
neighbors
use
xlink
href
themes
custom
brown
static
images
icons
svg
search
use
xlink
href
themes
custom
brown
static
images
icons
svg
close
search
use
xlink
href
themes
custom
brown
static
images
icons
svg
menu
use
xlink
href
themes
custom
brown
static
images
icons
svg
close
menu
nav
class
js
main
nav
js
main
nav
sm
main
nav
main
nav
sm
aria
label
mobile
site
navigation
itemscope
itemtype
http://schema.org/SiteNavigationElement
mobile
site
navigation
nav
class
js
main
nav
js
main
nav
sm
main
nav
main
nav
sm
aria
label
mobile
site
navigation
itemscope
itemtype
http://schema.org/SiteNavigationElement
mobile
site
navigation
class
main
nav
link
href
news
featured
events
itemprop
url
featured
events
class
main
nav
link
href
news
for
journalists
itemprop
url
for
journalists
div
class
topic
list
itemscope
itemtype
http://schema.org/ItemList
topics
li
class
topic
list
item
itemscope
itemprop
itemlistelement
itemtype
http://schema.org/ListItem
class
topic
list
link
href
taxonomy
term
itemprop
url
arts
and
humanities
li
class
topic
list
item
itemscope
itemprop
itemlistelement
itemtype
http://schema.org/ListItem
class
topic
list
link
href
taxonomy
term
itemprop
url
environment
li
class
topic
list
item
itemscope
itemprop
itemlistelement
itemtype
http://schema.org/ListItem
class
topic
list
link
href
taxonomy
term
itemprop
url
health
and
medicine
li
class
topic
list
item
itemscope
itemprop
itemlistelement
itemtype
http://schema.org/ListItem
class
topic
list
link
href
taxonomy
term
itemprop
url
news
and
events
li
class
topic
list
item
itemscope
itemprop
itemlistelement
itemtype
http://schema.org/ListItem
class
topic
list
link
href
taxonomy
term
itemprop
url
science
and
technology
li
class
topic
list
item
itemscope
itemprop
itemlistelement
itemtype
http://schema.org/ListItem
class
topic
list
link
href
taxonomy
term
itemprop
url
social
sciences
li
class
topic
list
item
itemscope
itemprop
itemlistelement
itemtype
http://schema.org/ListItem
class
topic
list
link
href
taxonomy
term
itemprop
url
student
life
li
class
topic
list
item
itemscope
itemprop
itemlistelement
itemtype
http://schema.org/ListItem
class
topic
list
link
href
taxonomy
term
itemprop
url
university
initiatives
nav
class
secondary
nav
secondary
nav
sm
aria
label
mobile
secondary
navigation
itemscope
itemtype
http://schema.org/SiteNavigationElement
mobile
secondary
navigation
navigation
class
secondary
nav
link
href
about
itemprop
url
about
class
secondary
nav
link
href
https://events.brown.edu
itemprop
url
events
for
you
class
secondary
nav
link
special
href
https://alumni-friends.brown.edu/giving
itemprop
url
give
to
brown
use
xlink
href
themes
custom
brown
static
images
icons
svg
world
all
of
brown
edu
use
xlink
href
themes
custom
brown
static
images
icons
svg
user
people
use
xlink
href
themes
custom
brown
static
images
icons
svg
news
news
form
class
flyout
search
field
flyout
search
field
1
action
search
method
get
input
class
flyout
search
input
type
text
name
value
placeholder
search
keywords
aria
label
search
keywords
search
use
xlink
href
themes
custom
brown
static
images
icons
svg
arrow
right
form
class
flyout
search
field
flyout
search
field
2
action
search
people
method
get
input
class
flyout
search
input
type
text
name
value
placeholder
search
people
aria
label
search
people
search
people
use
xlink
href
themes
custom
brown
static
images
icons
svg
arrow
right
class
directory
info
title
link
href
https://directory.brown.edu/
advanced
search
use
xlink
href
themes
custom
brown
static
images
icons
svg
arrow
right
use
xlink
href
themes
custom
brown
static
images
icons
svg
link
form
class
flyout
search
field
flyout
search
field
3
action
search
news
method
get
input
class
flyout
search
input
type
text
name
value
placeholder
news
search
keywords
aria
label
search
keywords
search
use
xlink
href
themes
custom
brown
static
images
icons
svg
arrow
right
use
xlink
href
themes
custom
brown
static
images
icons
svg
close
close
search
class
component
title
link
href
advancing
the
quest
for
dark
matter
new
insights
from
the
lux
zeplin
experiment
open
details
for
advancing
the
quest
for
dark
matter
new
insights
from
the
lux
zeplin
experiment
use
xlink
href
themes
custom
brown
static
images
icons
svg
dots
use
xlink
href
themes
custom
brown
static
images
icons
svg
close
use
xlink
href
themes
custom
brown
static
images
icons
svg
bookmark
bookmark
this
page
script
data
cfasync
false
src
cdn
cgi
scripts
dd
cloudflare
static
email
decode
min
js
var
www
root
var
static
root
themes
custom
brown
static
script
src
sites
default
files
js
js
cgi
66
nbpxdhkuvc
4
bbwyveq
9
ewgso
9
xtq
5
tvif
zxha
js
script
type
text
javascript
window
nreum
nreum
nreum
info
beacon
bam
nr
data
net
licensekey
nrjs
0
bd
applicationid
transactionname
ywdvyhydd
0
zrvrcnxvpndluqcw
5
bh
3
ireujvdmtycwyeaxnzdrbaww
5
buxy
1
puuzunv
0
mhwfgqea
5
zxfmrsqxcc
1
jb
queuetime
0
applicationtime
atts
0
bwff
4
zheg
errorbeacon
bam
nr
data
net
agent
