doctype
html
html
lang
en
dir
ltr
prefix
og
https://ogp.me/ns
class
no
js
itemscope
itemtype
http://schema.org/WebPage
google
tag
manager
function
push
gtm
start
new
date
gettime
event
gtm
js
var
getelementsbytagname
0
createelement
dl
datalayer
async
true
src
https://www.googletagmanager.com/gtm.js
id
dl
parentnode
insertbefore
window
document
script
datalayer
gtm
kx
5
nv
9
end
google
tag
manager
meta
charset
utf
8
meta
name
description
content
we
are
full
service
public
safety
department
that
serves
the
brown
community
24
hours
day
seven
days
week
patrolling
the
campus
to
deter
crime
develop
community
relations
and
respond
to
calls
for
service
and
assistance
link
rel
canonical
href
https://dps.brown.edu/
link
rel
shortlink
href
https://dps.brown.edu/
meta
property
og
title
content
public
safety
brown
university
meta
property
og
description
content
we
are
full
service
public
safety
department
that
serves
the
brown
community
24
hours
day
seven
days
week
patrolling
the
campus
to
deter
crime
develop
community
relations
and
respond
to
calls
for
service
and
assistance
meta
property
og
image
url
content
cd
cfc
amp
itok
gctweff
4
meta
name
twitter
card
content
summary
large
image
meta
name
twitter
description
content
we
are
full
service
public
safety
department
that
serves
the
brown
community
24
hours
day
seven
days
week
patrolling
the
campus
to
deter
crime
develop
community
relations
and
respond
to
calls
for
service
and
assistance
meta
name
twitter
title
content
public
safety
brown
university
meta
name
twitter
image
content
cd
cfc
amp
itok
gctweff
4
meta
name
mobileoptimized
content
width
meta
name
handheldfriendly
content
true
meta
name
viewport
content
width
device
width
initial
scale
meta
name
mobile
web
app
capable
content
yes
meta
name
apple
mobile
web
app
capable
content
yes
public
safety
brown
university
link
rel
apple
touch
icon
sizes
href
themes
custom
brown
static
apple
touch
icon
png
link
rel
icon
type
image
png
sizes
href
themes
custom
brown
static
favicon
png
link
rel
icon
type
image
png
sizes
href
themes
custom
brown
static
favicon
png
link
rel
manifest
href
themes
custom
brown
static
site
webmanifest
link
rel
mask
icon
href
themes
custom
brown
static
safari
pinned
tab
svg
color
5
bbad
5
link
rel
stylesheet
media
all
href
sites
default
files
css
css
jqyz
9
std
5
jikytl
8
icbvn
1
6
xmtwuzpxdhklc
css
link
rel
stylesheet
media
all
href
sites
default
files
css
css
unjgvz
wgjkqnus
5
rkhsoqg
jhtlmfjb
3
css
link
rel
stylesheet
href
themes
custom
brown
static
css
fonts
css
onload
document
body
classname
fonts
loaded
link
rel
stylesheet
href
https://use.typekit.net/lok3dnd.css
google
tag
manager
noscript
iframe
src
https://www.googletagmanager.com/ns.html
id
gtm
kx
5
nv
9
height
0
width
0
style
display
none
visibility
hidden
end
google
tag
manager
noscript
header
class
header
id
header
itemscope
itemtype
http://schema.org/WPHeader
skip
to
main
content
div
class
logo
logo
header
logo
icon
itemscope
itemtype
http://schema.org/Organization
class
logo
link
itemprop
url
href
https://www.brown.edu/
brown
university
use
xlink
href
themes
custom
brown
static
images
logo
svg
logo
meta
content
itemprop
logo
class
logo
label
link
href
department
of
public
safety
use
xlink
href
themes
custom
brown
static
images
icons
svg
search
use
xlink
href
themes
custom
brown
static
images
icons
svg
close
search
use
xlink
href
themes
custom
brown
static
images
icons
svg
menu
use
xlink
href
themes
custom
brown
static
images
icons
svg
close
menu
nav
class
js
main
nav
js
main
nav
lg
main
nav
main
nav
lg
aria
label
site
navigation
itemscope
itemtype
http://schema.org/SiteNavigationElement
site
navigation
class
main
nav
link
href
about
itemprop
url
aria
haspopup
true
aria
current
page
about
use
xlink
href
themes
custom
brown
static
images
icons
svg
chevron
down
class
main
nav
child
link
href
about
chiefs
welcome
itemprop
url
the
chiefs
welcome
class
main
nav
child
link
href
about
mission
statement
itemprop
url
mission
statement
class
main
nav
child
link
href
about
core
values
itemprop
url
core
values
class
main
nav
child
link
href
about
staff
directory
itemprop
url
staff
directory
class
main
nav
child
link
href
about
police
transparency
accountability
itemprop
url
police
transparency
amp
accountability
class
main
nav
child
link
href
about
dps
career
opportunities
itemprop
url
dps
career
opportunities
class
main
nav
child
link
href
about
newsletter
itemprop
url
newsletter
class
main
nav
child
link
href
about
social
media
itemprop
url
social
media
class
main
nav
link
href
alerts
itemprop
url
aria
haspopup
true
aria
current
page
alerts
use
xlink
href
themes
custom
brown
static
images
icons
svg
chevron
down
class
main
nav
child
link
href
alerts
weekly
incident
summaries
crime
map
itemprop
url
weekly
incident
summaries
amp
crime
map
class
main
nav
link
href
clery
compliance
and
crime
reporting
itemprop
url
aria
haspopup
true
aria
current
page
clery
crime
reporting
use
xlink
href
themes
custom
brown
static
images
icons
svg
chevron
down
class
main
nav
child
link
href
clery
crime
reporting
reporting
crime
or
incident
itemprop
url
reporting
crime
or
incident
class
main
nav
child
link
href
clery
crime
reporting
understanding
dps
response
sexual
assault
itemprop
url
understanding
dps
response
to
sexual
assault
class
main
nav
child
link
href
clery
crime
reporting
clery
center
csa
video
itemprop
url
clery
center
csa
video
class
main
nav
link
href
emergency
management
itemprop
url
aria
haspopup
true
aria
current
page
emergency
management
use
xlink
href
themes
custom
brown
static
images
icons
svg
chevron
down
class
main
nav
child
link
href
emergency
management
emergency
management
itemprop
url
emergency
management
class
main
nav
child
link
href
emergency
management
campus
fire
safety
itemprop
url
off
campus
fire
safety
class
main
nav
child
link
href
emergency
management
fire
safety
fire
safety
labs
itemprop
url
fire
safety
in
labs
class
main
nav
child
link
href
emergency
management
fire
safety
hot
work
program
itemprop
url
hot
work
program
class
main
nav
child
link
href
emergency
management
fire
safety
life
safety
system
impairment
program
itemprop
url
life
safety
system
impairment
program
class
main
nav
child
link
href
emergency
management
fire
safety
fire
safety
events
itemprop
url
fire
safety
for
events
class
main
nav
child
link
href
emergency
management
fire
safety
emergency
action
plan
itemprop
url
emergency
action
plan
class
main
nav
child
link
href
resources
itemprop
url
resources
class
main
nav
link
href
crime
prevention
itemprop
url
aria
haspopup
true
aria
current
page
crime
prevention
use
xlink
href
themes
custom
brown
static
images
icons
svg
chevron
down
class
main
nav
child
link
href
crime
prevention
safety
tips
itemprop
url
safety
tips
class
main
nav
child
link
href
crime
prevention
blue
light
phones
yellow
jackets
itemprop
url
blue
light
phones
amp
yellow
jackets
class
main
nav
child
link
href
crime
prevention
operation
identification
id
property
registration
itemprop
url
operation
identification
id
property
registration
class
main
nav
child
link
href
crime
prevention
brown
building
security
initiative
itemprop
url
brown
building
security
initiative
class
main
nav
child
link
href
crime
prevention
stalking
awareness
information
itemprop
url
stalking
awareness
information
class
main
nav
link
href
programs
services
itemprop
url
aria
haspopup
true
aria
current
page
programs
services
use
xlink
href
themes
custom
brown
static
images
icons
svg
chevron
down
class
main
nav
child
link
href
programs
services
programs
outreach
itemprop
url
programs
amp
outreach
class
main
nav
child
link
href
programs
services
brown
guardian
app
itemprop
url
brown
guardian
app
class
main
nav
child
link
href
programs
services
fingerprintingletter
good
conduct
itemprop
url
fingerprinting
letter
of
good
conduct
class
main
nav
child
link
href
programs
services
event
security
itemprop
url
event
security
class
main
nav
child
link
href
programs
services
safewalk
itemprop
url
safewalk
class
main
nav
child
link
href
programs
services
transaction
safe
space
itemprop
url
transaction
safe
space
class
main
nav
child
link
href
programs
services
find
lost
item
itemprop
url
find
lost
item
class
main
nav
child
link
href
programsservices
crime
victim
assistance
itemprop
url
crime
victim
assistance
class
main
nav
child
link
href
programs
services
personal
safety
alarms
itemprop
url
personal
safety
alarms
class
main
nav
link
href
events
itemprop
url
aria
haspopup
true
aria
current
page
events
use
xlink
href
themes
custom
brown
static
images
icons
svg
chevron
down
class
main
nav
child
link
href
events
past
events
itemprop
url
past
events
class
main
nav
link
href
home
itemprop
url
aria
current
page
home
use
xlink
href
themes
custom
brown
static
images
icons
svg
search
use
xlink
href
themes
custom
brown
static
images
icons
svg
close
search
department
of
public
safety
div
class
js
background
photo
img
med
page
header
medium
background
data
background
options
source
px
sites
default
files
styles
ultrawide
med
public
convocation
0
jpg
amp
itok
rxqovye
4
px
sites
default
files
styles
medium
med
public
convocation
0
jpg
amp
itok
nzgmivnv
px
sites
default
files
styles
medium
lrg
public
convocation
0
jpg
amp
itok
dtfacuny
px
sites
default
files
styles
medium
xlrg
public
convocation
0
jpg
amp
itok
fv
0
zv
2
lazy
true
lazyedge
alt
brown
pennants
at
convocation
how
can
dps
help
you
we
are
full
service
public
safety
department
that
serves
the
brown
community
24
hours
day
seven
days
week
patrolling
the
campus
to
deter
crime
develop
community
relations
and
respond
to
calls
for
service
and
assistance
how
can
dps
help
you
we
are
full
service
public
safety
department
that
serves
the
brown
community
24
hours
day
seven
days
week
patrolling
the
campus
to
deter
crime
develop
community
relations
and
respond
to
calls
for
service
and
assistance
for
emergency
police
fire
medical
response
24
hour
call
for
non
emergency
dps
response
call
or
email
campus
safety
brown
edu
for
accessibility
options
text
want
to
href
reporting
crime
or
incident
title
reporting
crime
or
incident
report
crime
href
alerts
weekly
incident
summaries
access
crime
maps
and
summaries
href
programs
services
find
lost
item
title
find
lost
item
find
lost
item
href
programs
services
brown
guardian
app
title
brown
guardian
app
download
brown
guardian
href
programs
services
rad
basic
self
defense
programs
title
rad
basic
self
defense
programs
learn
self
defense
href
crime
prevention
operation
identification
id
property
registration
title
operation
identification
id
property
registration
register
property
href
programs
services
fingerprinting
title
fingerprinting
get
fingerprinted
href
about
staff
title
staff
contact
dps
href
programs
services
safewalk
title
safewalk
request
safewalk
href
making
citizen
comments
complaints
inquiries
title
making
citizen
comments
complaints
amp
amp
inquiries
make
comment
complaint
href
https://brown.us15.list-manage.com/subscribe
df
amp
id
90
title
newsletter
subscribe
to
the
newsletter
learn
more
about
dps
class
component
figure
link
href
about
aria
hidden
true
tabindex
1
div
class
js
background
component
card
background
data
background
options
source
0
px
sites
default
files
styles
classic
xsml
public
jpg
itok
es
3
qjyjo
lazy
true
lazyedge
alt
public
safety
sign
class
component
title
link
href
about
about
the
departments
mission
emphasizes
crime
prevention
problem
solving
and
joint
officer
community
responsibility
class
peak
details
simple
link
href
about
visit
page
use
xlink
href
themes
custom
brown
static
images
icons
svg
arrow
right
use
xlink
href
themes
custom
brown
static
images
icons
svg
link
open
details
for
about
use
xlink
href
themes
custom
brown
static
images
icons
svg
dots
use
xlink
href
themes
custom
brown
static
images
icons
svg
close
class
component
figure
link
href
alerts
aria
hidden
true
tabindex
1
div
class
js
background
component
card
background
data
background
options
source
0
px
sites
default
files
styles
classic
xsml
public
carrie
20
tower
jpg
16
fdacbd
amp
itok
vyknwlyl
lazy
true
lazyedge
alt
carrie
tower
from
afar
class
component
title
link
href
alerts
alerts
crime
alerts
and
advisories
to
the
brown
community
class
peak
details
simple
link
href
alerts
visit
page
use
xlink
href
themes
custom
brown
static
images
icons
svg
arrow
right
use
xlink
href
themes
custom
brown
static
images
icons
svg
link
open
details
for
alerts
use
xlink
href
themes
custom
brown
static
images
icons
svg
dots
use
xlink
href
themes
custom
brown
static
images
icons
svg
close
class
component
figure
link
href
clery
compliance
and
crime
reporting
aria
hidden
true
tabindex
1
div
class
js
background
component
card
background
data
background
options
source
0
px
sites
default
files
styles
classic
xsml
public
dept
20
patch
20
blue
20
background
png
eb
3
amp
itok
scpoeidd
lazy
true
lazyedge
alt
ptach
with
blue
background
class
component
title
link
href
clery
compliance
and
crime
reporting
clery
compliance
and
crime
reporting
the
clery
act
is
federal
law
that
requires
colleges
and
universities
to
disclose
certain
information
about
campus
crime
in
matter
that
is
timely
and
annual
class
peak
details
simple
link
href
clery
compliance
and
crime
reporting
visit
page
use
xlink
href
themes
custom
brown
static
images
icons
svg
arrow
right
use
xlink
href
themes
custom
brown
static
images
icons
svg
link
open
details
for
clery
compliance
and
crime
reporting
use
xlink
href
themes
custom
brown
static
images
icons
svg
dots
use
xlink
href
themes
custom
brown
static
images
icons
svg
close
class
component
figure
link
href
crime
prevention
aria
hidden
true
tabindex
1
div
class
js
background
component
card
background
data
background
options
source
0
px
sites
default
files
styles
classic
xsml
public
comm
20
center
20
josh
website
jpg
84
cffc
2
amp
itok
19
dhhcn
lazy
true
lazyedge
alt
class
component
title
link
href
crime
prevention
crime
prevention
the
crime
prevention
unit
seeks
to
keep
the
community
and
dps
fully
informed
about
crime
awareness
and
prevention
class
peak
details
simple
link
href
crime
prevention
visit
page
use
xlink
href
themes
custom
brown
static
images
icons
svg
arrow
right
use
xlink
href
themes
custom
brown
static
images
icons
svg
link
open
details
for
crime
prevention
use
xlink
href
themes
custom
brown
static
images
icons
svg
dots
use
xlink
href
themes
custom
brown
static
images
icons
svg
close
class
component
figure
link
href
programs
services
aria
hidden
true
tabindex
1
div
class
js
background
component
card
background
data
background
options
source
0
px
sites
default
files
styles
classic
xsml
public
looking
20
at
20
programs
jpg
amp
itok
uopaxlq
lazy
true
lazyedge
alt
looking
at
programs
class
component
title
link
href
programs
services
programs
amp
services
the
department
of
public
safety
offers
variety
of
resources
to
our
community
in
order
to
make
the
campus
safer
place
to
learn
teach
work
and
live
class
peak
details
simple
link
href
programs
services
visit
page
use
xlink
href
themes
custom
brown
static
images
icons
svg
arrow
right
use
xlink
href
themes
custom
brown
static
images
icons
svg
link
open
details
for
programs
amp
amp
services
use
xlink
href
themes
custom
brown
static
images
icons
svg
dots
use
xlink
href
themes
custom
brown
static
images
icons
svg
close
class
component
figure
link
href
events
aria
hidden
true
tabindex
1
div
class
js
background
component
card
background
data
background
options
source
0
px
sites
default
files
styles
classic
xsml
public
bruno
20
at
20
events
jpg
af
amp
itok
9
ickd
lazy
true
lazyedge
alt
bruno
with
fans
class
component
title
link
href
events
events
class
peak
details
simple
link
href
events
visit
page
use
xlink
href
themes
custom
brown
static
images
icons
svg
arrow
right
use
xlink
href
themes
custom
brown
static
images
icons
svg
link
open
details
for
events
use
xlink
href
themes
custom
brown
static
images
icons
svg
dots
use
xlink
href
themes
custom
brown
static
images
icons
svg
close
stay
up
to
date
with
the
latest
news
from
the
department
class
action
link
href
https://brown.us15.list-manage.com/subscribe
df
amp
id
90
subscribe
to
our
newsletter
use
xlink
href
themes
custom
brown
static
images
icons
svg
arrow
right
use
xlink
href
themes
custom
brown
static
images
icons
svg
link
class
action
link
href
https://us15.campaign-archive.com/home/
df
amp
id
90
view
previous
newsletters
use
xlink
href
themes
custom
brown
static
images
icons
svg
arrow
right
use
xlink
href
themes
custom
brown
static
images
icons
svg
link
footer
class
footer
id
footer
itemscope
itemtype
http://schema.org/WPFooter
div
class
address
itemscope
itemtype
http://schema.org/PostalAddress
brown
university
class
address
item
address
base
address
details
href
https://www.google.com/maps/dir/
api
1
amp
destination
brown
20
university
waterman
20
st
20
providence
20
ri
target
blank
use
xlink
href
themes
custom
brown
static
images
icons
svg
marker
providence
ri
use
xlink
href
themes
custom
brown
static
images
icons
svg
phone
nav
class
quick
nav
aria
label
quick
navigation
itemscope
itemtype
http://schema.org/SiteNavigationElement
quick
navigation
class
quick
nav
link
arrow
right
href
https://www.brown.edu/about/visit
itemprop
url
visit
brown
use
xlink
href
themes
custom
brown
static
images
icons
svg
arrow
right
use
xlink
href
themes
custom
brown
static
images
icons
svg
link
class
quick
nav
link
arrow
right
href
building
itemprop
url
campus
map
use
xlink
href
themes
custom
brown
static
images
icons
svg
arrow
right
use
xlink
href
themes
custom
brown
static
images
icons
svg
link
class
quick
nav
link
arrow
right
href
https://www.brown.edu/a-z
itemprop
url
to
use
xlink
href
themes
custom
brown
static
images
icons
svg
arrow
right
use
xlink
href
themes
custom
brown
static
images
icons
svg
link
class
quick
nav
link
arrow
right
href
https://www.brown.edu/about/contact-us
itemprop
url
contact
us
use
xlink
href
themes
custom
brown
static
images
icons
svg
arrow
right
use
xlink
href
themes
custom
brown
static
images
icons
svg
link
nav
class
footer
nav
aria
label
footer
navigation
itemscope
itemtype
http://schema.org/SiteNavigationElement
footer
navigation
class
footer
nav
link
arrow
right
href
https://www.brown.edu/news
itemprop
url
news
use
xlink
href
themes
custom
brown
static
images
icons
svg
arrow
right
use
xlink
href
themes
custom
brown
static
images
icons
svg
link
class
footer
nav
link
arrow
right
href
https://events.brown.edu/
itemprop
url
events
use
xlink
href
themes
custom
brown
static
images
icons
svg
arrow
right
use
xlink
href
themes
custom
brown
static
images
icons
svg
link
class
footer
nav
link
arrow
right
href
https://dps.brown.edu/
itemprop
url
campus
safety
use
xlink
href
themes
custom
brown
static
images
icons
svg
arrow
right
use
xlink
href
themes
custom
brown
static
images
icons
svg
link
class
footer
nav
link
arrow
right
href
https://www.brown.edu/website-accessibility
itemprop
url
accessibility
use
xlink
href
themes
custom
brown
static
images
icons
svg
arrow
right
use
xlink
href
themes
custom
brown
static
images
icons
svg
link
class
footer
nav
link
arrow
right
href
https://www.brown.edu/careers
itemprop
url
careers
at
brown
use
xlink
href
themes
custom
brown
static
images
icons
svg
arrow
right
use
xlink
href
themes
custom
brown
static
images
icons
svg
link
img
class
footer
give
logo
src
themes
custom
brown
static
images
logo
together
png
alt
brown
together
the
campaign
for
building
on
distinction
class
footer
give
link
href
http://alumni-friends.brown.edu/giving/
give
to
brown
use
xlink
href
themes
custom
brown
static
images
icons
svg
arrow
right
use
xlink
href
themes
custom
brown
static
images
icons
svg
link
copy
brown
university
div
class
logo
logo
menu
logo
icon
itemscope
itemtype
http://schema.org/Organization
class
logo
link
itemprop
url
href
brown
university
use
xlink
href
themes
custom
brown
static
images
logo
svg
logo
meta
content
itemprop
logo
for
you
use
xlink
href
themes
custom
brown
static
images
icons
svg
chevron
down
use
xlink
href
themes
custom
brown
static
images
icons
svg
search
use
xlink
href
themes
custom
brown
static
images
icons
svg
close
search
use
xlink
href
themes
custom
brown
static
images
icons
svg
menu
use
xlink
href
themes
custom
brown
static
images
icons
svg
close
menu
nav
class
js
main
nav
js
main
nav
sm
main
nav
main
nav
sm
aria
label
mobile
site
navigation
itemscope
itemtype
http://schema.org/SiteNavigationElement
mobile
site
navigation
nav
class
js
main
nav
js
main
nav
sm
main
nav
main
nav
sm
aria
label
mobile
site
navigation
itemscope
itemtype
http://schema.org/SiteNavigationElement
mobile
site
navigation
class
main
nav
link
href
about
itemprop
url
aria
haspopup
true
aria
current
page
about
use
xlink
href
themes
custom
brown
static
images
icons
svg
chevron
down
class
main
nav
child
link
href
about
chiefs
welcome
itemprop
url
the
chiefs
welcome
class
main
nav
child
link
href
about
mission
statement
itemprop
url
mission
statement
class
main
nav
child
link
href
about
core
values
itemprop
url
core
values
class
main
nav
child
link
href
about
staff
directory
itemprop
url
staff
directory
class
main
nav
child
link
href
about
police
transparency
accountability
itemprop
url
police
transparency
amp
accountability
class
main
nav
child
link
href
about
dps
career
opportunities
itemprop
url
dps
career
opportunities
class
main
nav
child
link
href
about
newsletter
itemprop
url
newsletter
class
main
nav
child
link
href
about
social
media
itemprop
url
social
media
class
main
nav
link
href
alerts
itemprop
url
aria
haspopup
true
aria
current
page
alerts
use
xlink
href
themes
custom
brown
static
images
icons
svg
chevron
down
class
main
nav
child
link
href
alerts
weekly
incident
summaries
crime
map
itemprop
url
weekly
incident
summaries
amp
crime
map
class
main
nav
link
href
clery
compliance
and
crime
reporting
itemprop
url
aria
haspopup
true
aria
current
page
clery
crime
reporting
use
xlink
href
themes
custom
brown
static
images
icons
svg
chevron
down
class
main
nav
child
link
href
clery
crime
reporting
reporting
crime
or
incident
itemprop
url
reporting
crime
or
incident
class
main
nav
child
link
href
clery
crime
reporting
understanding
dps
response
sexual
assault
itemprop
url
understanding
dps
response
to
sexual
assault
class
main
nav
child
link
href
clery
crime
reporting
clery
center
csa
video
itemprop
url
clery
center
csa
video
class
main
nav
link
href
emergency
management
itemprop
url
aria
haspopup
true
aria
current
page
emergency
management
use
xlink
href
themes
custom
brown
static
images
icons
svg
chevron
down
class
main
nav
child
link
href
emergency
management
emergency
management
itemprop
url
emergency
management
class
main
nav
child
link
href
emergency
management
campus
fire
safety
itemprop
url
off
campus
fire
safety
class
main
nav
child
link
href
emergency
management
fire
safety
fire
safety
labs
itemprop
url
fire
safety
in
labs
class
main
nav
child
link
href
emergency
management
fire
safety
hot
work
program
itemprop
url
hot
work
program
class
main
nav
child
link
href
emergency
management
fire
safety
life
safety
system
impairment
program
itemprop
url
life
safety
system
impairment
program
class
main
nav
child
link
href
emergency
management
fire
safety
fire
safety
events
itemprop
url
fire
safety
for
events
class
main
nav
child
link
href
emergency
management
fire
safety
emergency
action
plan
itemprop
url
emergency
action
plan
class
main
nav
child
link
href
resources
itemprop
url
resources
class
main
nav
link
href
crime
prevention
itemprop
url
aria
haspopup
true
aria
current
page
crime
prevention
use
xlink
href
themes
custom
brown
static
images
icons
svg
chevron
down
class
main
nav
child
link
href
crime
prevention
safety
tips
itemprop
url
safety
tips
class
main
nav
child
link
href
crime
prevention
blue
light
phones
yellow
jackets
itemprop
url
blue
light
phones
amp
yellow
jackets
class
main
nav
child
link
href
crime
prevention
operation
identification
id
property
registration
itemprop
url
operation
identification
id
property
registration
class
main
nav
child
link
href
crime
prevention
brown
building
security
initiative
itemprop
url
brown
building
security
initiative
class
main
nav
child
link
href
crime
prevention
stalking
awareness
information
itemprop
url
stalking
awareness
information
class
main
nav
link
href
programs
services
itemprop
url
aria
haspopup
true
aria
current
page
programs
services
use
xlink
href
themes
custom
brown
static
images
icons
svg
chevron
down
class
main
nav
child
link
href
programs
services
programs
outreach
itemprop
url
programs
amp
outreach
class
main
nav
child
link
href
programs
services
brown
guardian
app
itemprop
url
brown
guardian
app
class
main
nav
child
link
href
programs
services
fingerprintingletter
good
conduct
itemprop
url
fingerprinting
letter
of
good
conduct
class
main
nav
child
link
href
programs
services
event
security
itemprop
url
event
security
class
main
nav
child
link
href
programs
services
safewalk
itemprop
url
safewalk
class
main
nav
child
link
href
programs
services
transaction
safe
space
itemprop
url
transaction
safe
space
class
main
nav
child
link
href
programs
services
find
lost
item
itemprop
url
find
lost
item
class
main
nav
child
link
href
programsservices
crime
victim
assistance
itemprop
url
crime
victim
assistance
class
main
nav
child
link
href
programs
services
personal
safety
alarms
itemprop
url
personal
safety
alarms
class
main
nav
link
href
events
itemprop
url
aria
haspopup
true
aria
current
page
events
use
xlink
href
themes
custom
brown
static
images
icons
svg
chevron
down
class
main
nav
child
link
href
events
past
events
itemprop
url
past
events
class
main
nav
link
href
home
itemprop
url
aria
current
page
home
use
xlink
href
themes
custom
brown
static
images
icons
svg
star
this
site
only
class
site
search
results
switch
site
search
results
switch
link
href
https://www.brown.edu/search
use
xlink
href
themes
custom
brown
static
images
icons
svg
world
all
of
brown
edu
class
site
search
results
switch
site
search
results
switch
link
href
https://www.brown.edu/search/people
use
xlink
href
themes
custom
brown
static
images
icons
svg
user
people
form
class
flyout
search
field
flyout
search
field
1
action
search
method
get
input
class
flyout
search
input
type
text
name
value
placeholder
search
keywords
aria
label
search
keywords
search
use
xlink
href
themes
custom
brown
static
images
icons
svg
arrow
right
form
class
flyout
search
field
flyout
search
field
2
action
search
people
method
get
input
class
flyout
search
input
type
text
name
value
placeholder
search
people
aria
label
search
people
search
people
use
xlink
href
themes
custom
brown
static
images
icons
svg
arrow
right
class
directory
info
title
link
href
https://directory.brown.edu/
advanced
search
use
xlink
href
themes
custom
brown
static
images
icons
svg
arrow
right
use
xlink
href
themes
custom
brown
static
images
icons
svg
link
form
class
flyout
search
field
flyout
search
field
3
action
search
news
method
get
input
class
flyout
search
input
type
text
name
value
placeholder
news
search
keywords
aria
label
search
keywords
search
use
xlink
href
themes
custom
brown
static
images
icons
svg
arrow
right
use
xlink
href
themes
custom
brown
static
images
icons
svg
close
close
search
class
component
title
link
href
https://dps.brown.edu/home
how
can
dps
help
you
open
details
for
how
can
dps
help
you
use
xlink
href
themes
custom
brown
static
images
icons
svg
dots
use
xlink
href
themes
custom
brown
static
images
icons
svg
close
use
xlink
href
themes
custom
brown
static
images
icons
svg
bookmark
bookmark
this
page
var
www
root
var
static
root
themes
custom
brown
static
script
src
sites
default
files
js
js
cgi
66
nbpxdhkuvc
4
bbwyveq
9
ewgso
9
xtq
5
tvif
zxha
js
