doctype
html
if
lt
ie
7
endif
if
ie
7
endif
if
ie
8
endif
if
ie
9
endif
if
gt
ie
9
endif
meta
charset
utf
8
meta
http
equiv
ua
compatible
content
ie
edge
chrome
1
script
type
text
javascript
window
nreum
nreum
init
privacy
cookies
enabled
true
ajax
deny
list
window
nreum
nreum
loader
config
xpid
uguav
1
rqgwqcvvnxawy
licensekey
applicationid
for
license
information
please
see
nr
loader
full
0
min
js
license
txt
var
use
strict
0
gd
vp
oc
fr
jd
hr
xn
1
an
var
const
beacon
nt
beacon
errorbeacon
nt
errorbeacon
licensekey
void
0
applicationid
void
0
sa
void
0
queuetime
void
0
applicationtime
void
0
ttguid
void
0
user
void
0
account
void
0
product
void
0
extra
void
0
jsattributes
userattributes
void
0
atts
void
0
transactionname
void
0
tnameplain
void
0
function
if
throw
new
error
all
info
objects
require
an
agent
identifier
if
throw
new
error
info
for
concat
was
never
set
return
function
if
throw
new
error
all
info
objects
require
an
agent
identifier
0
const
0
ny
info
var
const
if
string
typeof
return
1
try
document
createdocumentfragment
queryselector
catch
return
1
return
0
var
const
data
nr
mask
const
mask
selector
block
selector
data
nr
block
mask
input
options
color
1
date
1
datetime
local
1
email
1
month
1
number
1
range
1
search
1
tel
1
text
1
time
1
url
1
week
1
textarea
1
select
1
password
0
return
ajax
deny
list
void
0
block
internal
0
enabled
0
harvesttimeseconds
10
autostart
0
distributed
tracing
enabled
void
0
exclude
newrelic
header
void
0
cors
use
newrelic
header
void
0
cors
use
tracecontext
headers
void
0
allowed
origins
void
0
feature
flags
generic
events
enabled
0
harvesttimeseconds
30
autostart
0
harvest
toomanyrequestsdelay
60
jserrors
enabled
0
harvesttimeseconds
10
autostart
0
logging
enabled
0
harvesttimeseconds
10
autostart
0
level
info
metrics
enabled
0
autostart
0
obfuscate
void
0
page
action
enabled
0
page
view
event
enabled
0
autostart
0
page
view
timing
enabled
0
harvesttimeseconds
30
long
task
1
autostart
0
privacy
cookies
enabled
0
proxy
assets
void
0
beacon
void
0
session
expiresms
wk
inactivems
bb
session
replay
autostart
0
enabled
1
harvesttimeseconds
60
preload
1
sampling
rate
10
error
sampling
rate
collect
fonts
1
inline
images
1
inline
stylesheet
0
fix
stylesheets
0
mask
all
inputs
0
get
mask
text
selector
return
mask
selector
set
mask
text
selector
mask
selector
concat
concat
null
mask
selector
0
5
get
block
class
return
nr
block
get
ignore
class
return
nr
ignore
get
mask
text
class
return
nr
mask
get
block
selector
return
block
selector
set
block
selector
block
selector
concat
0
6
get
mask
input
options
return
mask
input
options
set
mask
input
options
object
typeof
mask
input
options
password
0
0
7
session
trace
enabled
0
harvesttimeseconds
10
autostart
0
soft
navigations
enabled
0
harvesttimeseconds
10
autostart
0
spa
enabled
0
harvesttimeseconds
10
autostart
0
ssl
void
0
all
configuration
objects
require
an
agent
identifier
function
if
throw
new
error
if
throw
new
error
configuration
for
concat
was
never
set
return
function
if
throw
new
error
0
const
0
ny
init
function
if
throw
new
error
var
if
for
var
split
0
use
strict
var
function
try
if
object
typeof
return
0
3
if
object
typeof
return
0
4
const
object
create
object
getprototypeof
object
getownpropertydescriptors
0
object
keys
length
for
let
in
if
void
0
try
if
null
null
continue
array
isarray
array
isarray
array
from
new
set
object
typeof
object
typeof
catch
0
1
return
catch
0
2
use
strict
3
xs
yq
xv
const
0
prod
cdn
0
alpha
12
use
strict
of
ri
vr
wn
bv
gm
lr
mw
sb
var
const
undefined
typeof
window
window
document
undefined
typeof
workerglobalscope
undefined
typeof
self
self
instanceof
workerglobalscope
self
navigator
instanceof
workernavigator
undefined
typeof
globalthis
globalthis
instanceof
workerglobalscope
globalthis
navigator
instanceof
workernavigator
window
undefined
typeof
workerglobalscope
undefined
typeof
self
self
instanceof
workerglobalscope
self
undefined
typeof
globalthis
globalthis
instanceof
workerglobalscope
globalthis
boolean
hidden
document
visibilitystate
location
ipad
iphone
ipod
test
navigator
useragent
undefined
typeof
sharedworker
const
navigator
useragent
match
firefox
return
array
isarray
length
2
1
0
navigator
sendbeacon
date
now
0
use
strict
var
const
agentidentifier
ee
void
0
class
constructor
try
if
object
typeof
return
0
8
this
sharedcontext
object
assign
this
sharedcontext
object
entries
foreach
let
object
keys
includes
this
sharedcontext
catch
0
9
use
strict
xv
gx
iw
var
function
if
return
1
if
0
length
return
0
for
var
0
length
var
if
hostname
return
1
if
hostname
hostname
pathname
pathname
return
1
return
0
function
return
void
0
hostname
function
if
length
for
var
0
length
let
if
continue
0
indexof
http
substring
7
0
indexof
https
substring
8
const
indexof
let
0
substring
0
substring
let
split
push
hostname
pathname
function
return
length
length
indexof
length
length
function
return
0
indexof
substring
1
0
indexof
substring
1
use
strict
ak
ze
3
var
const
function
const
staged
1
priority
0
get
set
function
get
delete
1
size
function
if
throw
new
error
agentidentifier
required
new
map
function
let
arguments
length
0
void
0
arguments
0
arguments
0
arguments
length
1
void
0
arguments
1
arguments
1
feature
arguments
length
2
void
0
arguments
2
arguments
2
if
get
return
get
staged
0
function
const
array
from
every
let
return
staged
sort
1
priority
1
priority
foreach
let
delete
function
let
arguments
length
2
void
0
arguments
2
arguments
2
const
ee
get
ee
handlers
if
aborted
backlog
if
const
backlog
if
for
let
0
let
object
values
foreach
0
on
1
isolatedbacklog
delete
backlog
null
emit
drain
function
var
1
object
values
foreach
var
0
if
0
var
1
3
2
apply
use
strict
ee
var
const
nr
context
concat
function
var
1
try
16
length
0
fr
isolatedbacklog
catch
var
on
addeventlistener
removeeventlistener
function
var
if
return
for
var
0
let
in
abort
function
aborted
0
object
keys
backlog
foreach
delete
backlog
isbuffering
function
return
debugid
backlog
object
typeof
backlog
backlog
isolatedbacklog
return
object
defineproperty
aborted
get
let
aborted
1
return
aborted
function
return
instanceof
0
new
new
function
concat
function
return
function
return
function
return
backlog
void
0
globalee
0
zm
ee
ee
use
strict
class
constructor
this
contextid
use
strict
var
ee
get
handle
function
buffer
emit
buffer
emit
use
strict
var
on
var
handlers
function
function
feature
var
push
use
strict
dd
jt
sp
var
let
1
1
try
const
get
passive
return
0
1
get
signal
return
0
1
gm
addeventlistener
test
null
gm
removeeventlistener
test
null
catch
function
return
capture
passive
signal
function
let
arguments
length
2
void
0
arguments
2
arguments
2
arguments
length
3
arguments
3
void
0
window
addeventlistener
function
let
arguments
length
2
void
0
arguments
2
arguments
2
arguments
length
3
arguments
3
void
0
document
addeventlistener
use
strict
const
0
bz
use
strict
la
zf
bz
el
var
const
xxxxxxxx
xxxx
4
xxx
yxxx
xxxxxxxxxxxx
function
return
15
16
math
random
0
function
const
gm
crypto
gm
mscrypto
let
0
return
getrandomvalues
getrandomvalues
new
uint
8
array
30
split
map
tostring
16
3
8
tostring
16
join
function
const
gm
crypto
gm
mscrypto
let
0
getrandomvalues
getrandomvalues
new
uint
8
array
const
for
var
0
use
strict
bb
3
il
ts
uh
wk
const
nrba
session
started
session
started
pause
session
pause
reset
session
reset
resume
session
resume
update
session
update
same
tab
same
tab
cross
tab
cross
tab
off
0
full
1
error
2
use
strict
function
return
math
floor
performance
now
use
strict
var
function
if
0
indexof
data
return
protocol
data
try
const
new
url
location
href
port
port
hostname
hostname
pathname
pathname
search
search
protocol
protocol
slice
0
protocol
indexof
sameorigin
protocol
gm
location
protocol
host
gm
location
host
return
port
port
http
protocol
port
80
https
protocol
port
pathname
pathname
pathname
startswith
pathname
concat
pathname
pathname
catch
return
use
strict
function
function
typeof
console
debug
console
debug
new
relic
warning
concat
use
strict
var
const
newrelic
const
new
set
function
const
ee
get
object
typeof
has
emit
rumresp
add
function
let
arguments
length
0
void
0
arguments
0
arguments
0
try
gm
dispatchevent
new
customevent
detail
catch
loaded
0
use
strict
var
object
prototype
hasownproperty
function
if
call
return
var
if
object
defineproperty
object
keys
try
return
object
defineproperty
value
writable
0
enumerable
1
catch
return
use
strict
function
var
this
let
arguments
length
1
void
0
arguments
1
arguments
1
arguments
length
2
void
0
arguments
2
arguments
2
const
leading
1
let
return
function
for
var
arguments
length
new
array
0
cleartimeout
cleartimeout
settimeout
apply
function
var
this
let
1
return
function
if
0
for
var
arguments
length
new
array
0
use
strict
var
const
const
new
weakset
return
if
object
typeof
null
if
has
return
add
return
function
try
return
json
stringify
catch
try
ee
emit
internal
error
catch
use
strict
gg
sb
var
function
return
undefined
typeof
document
complete
document
readystate
function
if
return
0
sp
load
function
if
return
0
dd
domcontentloaded
use
strict
nt
us
zm
bq
dv
ny
pv
var
const
beacon
bam
nr
data
net
errorbeacon
bam
nr
data
net
function
return
gm
nreum
gm
nreum
void
0
gm
newrelic
gm
newrelic
gm
nreum
gm
nreum
function
let
return
st
gm
settimeout
si
gm
setimmediate
ct
gm
cleartimeout
xhr
gm
xmlhttprequest
req
gm
request
ev
gm
event
pr
gm
promise
mo
gm
mutationobserver
fetch
gm
fetch
function
let
initializedagents
initializedat
ms
0
date
new
date
initializedagents
function
let
return
initializedagents
function
function
return
function
let
const
info
info
beacon
beacon
errorbeacon
errorbeacon
function
let
const
init
init
function
let
const
loader
config
loader
config
use
strict
var
function
let
arguments
length
1
void
0
arguments
1
arguments
1
arguments
length
2
arguments
2
void
0
arguments
length
3
arguments
3
void
0
0
dd
visibilitychange
function
if
return
void
hidden
document
visibilitystate
document
visibilitystate
use
strict
um
nz
vc
bx
var
const
gm
xmlhttprequest
addeventlistener
removeeventlistener
nr
wrapped
concat
function
var
function
return
ee
get
events
if
debugid
return
debugid
1
var
0
ym
0
function
inplace
function
return
1
return
getprototypeof
in
object
ri
document
gm
prototype
on
start
function
var
1
if
null
function
typeof
object
typeof
var
0
function
var
object
function
if
function
typeof
handleevent
return
return
handleevent
apply
arguments
function
typeof
return
fn
null
name
anonymous
this
wrapped
1
on
start
function
1
this
wrapped
1
function
let
for
object
typeof
object
prototype
hasownproperty
call
object
getprototypeof
for
var
arguments
length
new
array
2
2
gm
fetch
on
end
function
var
this
if
var
headers
get
content
length
null
rxsize
emit
done
null
else
emit
done
const
pushstate
replacestate
function
const
function
return
ee
get
history
return
ri
debugid
debugid
1
0
ym
inplace
window
history
var
var
const
open
send
function
var
ee
const
function
return
ee
get
xhr
if
debugid
return
debugid
1
var
0
ym
gm
xmlhttprequest
gm
mutationobserver
gm
promise
gm
setinterval
readystatechange
onload
onerror
onabort
onloadstart
onloadend
onprogress
ontimeout
gm
xmlhttprequest
function
const
new
context
try
emit
new
xhr
addeventlistener
function
var
this
readystate
3
resolved
resolved
0
emit
xhr
resolved
inplace
fn
0
jt
1
catch
0
15
try
emit
internal
error
catch
var
return
function
inplace
onreadystatechange
fn
if
function
for
var
in
prototype
prototype
inplace
prototype
xhr
on
send
xhr
start
function
function
push
then
data
on
open
xhr
start
var
resolve
if
var
1
document
createtextnode
new
observe
characterdata
0
else
on
fn
end
function
0
0
type
function
for
var
0
use
strict
ym
var
const
nr
original
concat
var
object
prototype
hasownproperty
1
function
return
ee
inplace
function
const
charat
0
for
let
0
use
strict
const
ajax
use
strict
const
genericevents
use
strict
const
jserrors
use
strict
et
it
tz
var
const
error
error
warn
warn
info
info
debug
debug
trace
trace
log
logging
use
strict
var
function
let
arguments
length
2
void
0
arguments
2
arguments
2
arguments
length
3
void
0
arguments
3
arguments
3
info
0
xv
api
logging
concat
tolowercase
called
void
0
metrics
0
et
0
void
0
logging
function
return
string
typeof
object
values
some
use
strict
tz
xg
rs
xv
const
metrics
sm
cm
storesupportabilitymetrics
storeeventmetrics
use
strict
const
pageviewevent
use
strict
const
pageviewtiming
use
strict
bb
4
it
no
qb
tz
ug
bc
yp
var
const
sessionreplay
record
recordreplay
pause
pausereplay
replay
running
replayrunning
error
during
replay
errorduringreplay
12
domcontentloaded
0
load
1
fullsnapshot
2
incrementalsnapshot
3
meta
4
custom
5
error
full
off
0
reset
message
session
was
reset
sm
reset
import
message
recorder
failed
to
import
sm
import
too
many
message
too
many
requests
sm
too
many
too
big
message
payload
was
too
large
sm
too
big
cross
tab
message
session
entity
was
set
to
off
on
another
tab
sm
cross
tab
entitlements
message
session
replay
is
not
allowed
and
will
not
be
started
sm
entitlement
api
api
use
strict
aw
ct
sr
var
function
return
hr
mo
0
0
0
gd
session
trace
enabled
function
return
0
0
gd
session
replay
preload
function
const
correctabsolutetimestamp
return
originaltimestamp
correctedtimestamp
timestampdiff
origintime
wn
correctedorigintime
correctedorigintime
origintimediff
math
floor
wn
correctedorigintime
use
strict
he
kp
lc
rz
tz
bd
3
jx
up
const
sessiontrace
bstresource
resource
start
end
fn
fn
pushstate
use
strict
var
class
constructor
this
agentidentifier
this
aggregator
this
ee
ee
get
this
featurename
this
blocked
1
use
strict
var
const
ri
0
0
gd
privacy
cookies
enabled
use
strict
var
const
seterrorhandler
finished
addtotrace
addrelease
addpageaction
setcurrentroutename
setpageviewname
setcustomattribute
interaction
noticeerror
setuserid
setapplicationversion
start
4
record
4
pause
log
wraplogger
seterrorhandler
finished
addtotrace
addrelease
var
function
if
object
typeof
string
typeof
function
typeof
return
0
29
const
function
return
ee
get
logger
0
ym
new
return
level
level
customattributes
customattributes
inplace
wrap
logger
function
const
0
pv
foreach
function
for
var
arguments
length
new
array
0
1
1
api
exposed
api
push
api
0
38
length
1
0
const
var
const
const
startswith
http
https
let
1
function
let
arguments
length
1
void
0
arguments
1
arguments
1
arguments
length
2
arguments
2
void
0
arguments
length
3
arguments
3
void
0
init
info
loader
config
runtime
exposed
0
loadertype
const
0
pv
init
info
loader
config
0
xn
agentidentifier
0
an
agentidentifier
jsattributes
bv
jsattributes
isworker
0
0
1
agentidentifier
const
0
0
agentidentifier
beacon
errorbeacon
proxy
assets
proxy
assets
push
proxy
assets
proxy
beacon
push
proxy
beacon
0
us
activatedfeatures
runsoftnavoverspa
0
soft
navigations
enabled
feature
flags
includes
soft
nav
denylist
ajax
deny
list
ajax
block
internal
ptid
agentidentifier
0
agentidentifier
ee
ee
get
agentidentifier
void
0
api
api
function
let
arguments
length
2
void
0
arguments
2
arguments
2
0
ak
api
const
var
ee
get
get
tracer
off
on
4
replay
running
var
api
ixn
function
const
0
vp
return
null
delete
jsattributes
0
1
jsattributes
jsattributes
0
null
session
void
0
function
log
function
let
customattributes
level
info
arguments
length
1
void
0
arguments
1
arguments
1
0
xv
api
log
called
void
0
metrics
0
wraplogger
function
let
customattributes
level
info
arguments
length
2
void
0
arguments
2
arguments
2
0
xv
api
wraplogger
called
void
0
metrics
customattributes
level
foreach
0
api
addpageaction
addpageaction
0
genericevents
setpageviewname
function
if
string
typeof
return
charat
0
0
fr
customtransaction
http://custom.transa
ction
setpageviewname
0
setcustomattribute
function
let
arguments
length
2
void
0
arguments
2
arguments
2
if
string
typeof
if
string
number
boolean
includes
typeof
null
return
setcustomattribute
0
40
typeof
else
0
39
typeof
setuserid
function
if
string
typeof
null
return
enduser
id
setuserid
0
0
41
typeof
setapplicationversion
function
if
string
typeof
null
return
application
version
setapplicationversion
1
0
42
typeof
start
try
0
xv
api
start
called
void
0
metrics
emit
manual
start
all
catch
0
23
4
record
function
0
xv
api
recordreplay
called
void
0
metrics
0
4
record
void
0
sessionreplay
4
pause
function
0
xv
api
pausereplay
called
void
0
metrics
0
4
pause
void
0
sessionreplay
interaction
function
return
new
get
object
typeof
const
prototype
createtracer
function
var
this
function
typeof
return
0
xv
api
createtracer
called
void
0
metrics
0
tracer
0
spa
function
if
emit
no
fn
start
0
try
return
apply
this
arguments
catch
const
string
typeof
new
error
throw
emit
fn
err
arguments
this
finally
emit
fn
end
0
function
return
function
return
0
xv
api
called
void
0
metrics
0
0
arguments
null
this
void
0
this
function
then
bind
then
let
setapi
0
ze
api
catch
0
27
abort
return
actiontext
setname
setattribute
save
ignore
onend
getcontext
end
get
foreach
void
0
softnav
spa
setcurrentroutename
routename
void
0
softnav
routename
0
spa
noticeerror
function
string
typeof
new
error
0
xv
api
noticeerror
called
void
0
metrics
0
err
0
1
void
0
jserrors
ri
0
gg
0
agentidentifier
runsoftnavoverspa
void
0
exposed
exposed
0
nc
try
return
document
currentscript
nonce
catch
return
use
strict
const
ajax
ajax
genericevents
generic
events
jserrors
jserrors
logging
logging
metrics
metrics
pageaction
page
action
pageviewevent
page
view
event
pageviewtiming
page
view
timing
sessionreplay
session
replay
sessiontrace
session
trace
softnav
soft
navigations
spa
spa
pageviewevent
1
pageviewtiming
2
metrics
3
jserrors
4
spa
5
ajax
6
sessiontrace
7
softnav
8
sessionreplay
9
logging
10
genericevents
11
function
var
if
void
0
return
exports
var
exports
return
exports
exports
for
var
in
object
defineproperty
enumerable
0
get
promise
all
object
keys
reduce
95
nr
full
compressor
nr
full
recorder
nr
full
0
min
js
object
prototype
hasownproperty
call
nrba
0
prod
if
push
else
var
if
void
0
for
var
document
getelementsbytagname
script
0
length
var
if
getattribute
src
getattribute
data
webpack
break
if
0
var
sha
aighisvt
2
xg
2
yibw
4
acfbnakvjgz
thln
80
sz
ruie
4
xycmg
hixej
1
6
djphtzmyirgdxfniw
sha
bllp
5
uygzsbtmrcbugpcpixxcokdnnkddnp
7
fq
87
fp
9
ctnzwg
8
ymi
2
fecb
0
rv
38
gjphjfaek
24
czblgz
thg
95
sha
ntg
cjqofeoeqpekqqjlt
8
lqmjbqf
dpzwciixwhamktwjrek
6
gypon
1
ogpbyrfdumgt
01
kefewtoyyq
document
createelement
script
charset
utf
8
timeout
nc
setattribute
nonce
nc
setattribute
data
webpack
src
0
src
indexof
window
location
origin
crossorigin
anonymous
integrity
var
onerror
onload
null
cleartimeout
var
if
delete
parentnode
parentnode
removechild
foreach
return
settimeout
bind
null
void
0
type
timeout
target
onerror
bind
null
onerror
onload
bind
null
onload
document
head
appendchild
undefined
typeof
symbol
symbol
tostringtag
object
defineproperty
symbol
tostringtag
value
module
object
defineproperty
esmodule
value
0
https://js-agent.newrelic.com/
var
var
void
0
if
0
if
push
2
else
var
new
promise
push
2
var
new
error
if
0
void
0
var
load
type
missing
type
target
target
src
message
loading
chunk
failed
name
chunkloaderror
type
request
1
chunk
var
var
0
if
some
0
for
in
if
for
use
strict
var
class
agentidentifier
constructor
let
arguments
length
0
void
0
arguments
0
arguments
0
0
la
16
this
agentidentifier
for
var
arguments
length
new
array
1
1
function
return
0
0
gd
concat
enabled
var
var
class
extends
constructor
let
arguments
length
3
void
0
arguments
3
arguments
3
super
this
auto
this
aborthandler
void
0
this
feataggregate
void
0
this
onaggregateimported
void
0
1
0
gd
this
agentidentifier
concat
this
featurename
autostart
this
auto
1
this
auto
0
ak
this
ee
on
manual
start
all
0
0
ak
this
agentidentifier
this
featurename
this
auto
0
this
importaggregator
importaggregator
let
arguments
length
0
void
0
arguments
0
arguments
0
if
this
feataggregate
this
auto
return
this
onaggregateimported
new
promise
const
async
let
try
if
0
this
agentidentifier
const
setupagentsession
await
then
bind
this
agentidentifier
catch
0
20
this
ee
emit
internal
error
this
featurename
sessionreplay
this
aborthandler
try
if
this
this
featurename
return
0
ze
this
agentidentifier
this
featurename
void
1
const
lazyfeatureloader
await
then
bind
aggregate
await
this
featurename
aggregate
this
feataggregate
new
this
agentidentifier
this
aggregator
0
catch
0
34
this
aborthandler
0
ze
this
agentidentifier
this
featurename
0
1
this
ee
this
ee
abort
ri
0
gg
0
switch
case
sessionreplay
return
0
sr
this
agentidentifier
case
sessiontrace
return
default
return
0
var
class
extends
static
featurename
constructor
let
arguments
length
2
void
0
arguments
2
arguments
2
super
this
importaggregator
var
class
extends
constructor
super
this
aggregateddata
store
var
this
getbucket
return
metrics
function
count
0
return
count
1
object
entries
foreach
let
metrics
merge
var
this
getbucket
if
metrics
var
metrics
count
count
object
keys
foreach
if
count
var
function
if
return
return
min
math
min
min
min
max
math
max
max
max
sos
sos
else
metrics
storemetric
var
this
getbucket
return
stats
stats
getbucket
this
aggregateddata
this
aggregateddata
var
this
aggregateddata
return
this
aggregateddata
params
custom
get
return
this
aggregateddata
this
aggregateddata
this
aggregateddata
take
for
var
1
0
max
max
constructor
let
arguments
length
2
void
0
arguments
2
arguments
2
super
ri
0
0
dochidden
0
void
0
this
ee
0
0
sp
pagehide
0
winpagehide
0
void
0
this
ee
this
importaggregator
var
class
extends
static
featurename
tz
constructor
let
arguments
length
2
void
0
arguments
2
arguments
2
super
tz
this
importaggregator
var
class
constructor
this
name
uncaughterror
this
message
string
typeof
0
this
sourceurl
this
line
this
column
this
newrelic
function
return
new
void
0
message
message
filename
sourceurl
lineno
line
colno
col
newrelic
function
let
unhandled
promise
rejection
if
reason
try
return
reason
message
reason
message
reason
catch
return
reason
if
void
0
reason
return
const
reason
return
message
message
function
if
error
instanceof
syntaxerror
test
error
stack
trim
const
new
message
filename
lineno
colno
error
newrelic
return
name
syntaxerror
name
return
error
error
function
return
instanceof
error
stack
class
extends
static
featurename
1
constructor
let
arguments
length
2
void
0
arguments
2
arguments
2
super
try
this
removeonabort
new
abortcontroller
catch
this
ee
on
internal
error
this
aborthandler
0
ierr
0
0
this
void
0
this
featurename
this
ee
this
ee
on
4
replay
running
this
gm
addeventlistener
unhandledrejection
this
aborthandler
0
err
0
1
unhandledpromiserejection
1
this
void
0
this
featurename
this
ee
0
jt
1
this
removeonabort
signal
gm
addeventlistener
error
this
aborthandler
0
err
0
1
this
void
0
this
featurename
this
ee
0
jt
1
this
removeonabort
signal
this
aborthandler
this
this
importaggregator
this
removeonabort
abort
this
aborthandler
void
0
var
let
1
const
nr
id
function
const
typeof
return
object
function
1
gm
0
0
function
return
function
if
string
typeof
length
return
length
if
object
typeof
if
undefined
typeof
arraybuffer
instanceof
arraybuffer
bytelength
return
bytelength
if
undefined
typeof
blob
instanceof
blob
size
return
size
if
undefined
typeof
formdata
instanceof
formdata
try
return
0
length
catch
return
var
class
constructor
this
agentidentifier
generatetracepayload
if
this
shouldgeneratetrace
return
null
var
0
oc
this
agentidentifier
if
return
null
var
accountid
tostring
null
agentid
tostring
null
trustkey
tostring
null
if
return
null
var
0
zf
0
el
date
now
spanid
traceid
timestamp
return
sameorigin
this
isallowedorigin
this
usetracecontextheadersforcors
tracecontextparentheader
this
generatetracecontextparentheader
tracecontextstateheader
this
generatetracecontextstateheader
sameorigin
this
excludenewrelicheader
sameorigin
this
isallowedorigin
this
usenewrelicheaderforcors
newrelicheader
this
generatetraceheader
generatetracecontextparentheader
return
00
01
generatetracecontextstateheader
return
nr
generatetraceheader
if
function
typeof
gm
btoa
return
null
var
ty
browser
ac
ap
id
tr
ti
return
tk
btoa
0
shouldgeneratetrace
return
this
isdtenabled
this
isallowedorigin
isallowedorigin
var
1
if
0
gd
this
agentidentifier
distributed
tracing
0
0
this
agentidentifier
distributed
tracing
sameorigin
0
else
if
allowed
origins
instanceof
array
for
var
0
constructor
let
arguments
length
2
void
0
arguments
2
arguments
2
super
this
dt
new
this
handler
0
this
ee
try
const
xmlhttprequest
xhr
fetch
fetch
beacon
beacon
gm
performance
getentriesbytype
resource
foreach
if
initiatortype
in
0
responsestatus
const
status
responsestatus
rxsize
transfersize
duration
math
floor
duration
cbtime
0
ne
name
this
handler
xhr
starttime
responseend
initiatortype
void
0
ajax
catch
0
nz
this
ee
0
bx
this
ee
function
function
var
this
totalcbs
0
called
0
cbtime
0
end
ended
1
xhrguids
lastsize
null
loadcapturecalled
1
params
this
params
metrics
this
metrics
addeventlistener
load
function
0
jt
1
lr
addeventlistener
progress
function
lastsize
loaded
0
jt
1
function
this
params
method
0
ne
this
1
this
metrics
function
var
0
oc
xpid
this
sameorigin
setrequestheader
newrelic
id
xpid
var
generatetracepayload
this
parsedorigin
if
var
1
newrelicheader
setrequestheader
newrelic
newrelicheader
0
tracecontextparentheader
setrequestheader
traceparent
tracecontextparentheader
tracecontextstateheader
setrequestheader
tracestate
tracecontextstateheader
0
this
dt
function
var
this
metrics
0
this
if
var
txsize
this
starttime
0
this
body
this
listener
function
try
abort
type
loadcapturecalled
params
aborted
0
load
type
called
totalcbs
onloadcalled
function
typeof
onload
function
typeof
end
end
catch
try
emit
internal
error
catch
for
var
0
1
1
push
function
var
1
return
newrelicheader
set
newrelic
newrelicheader
0
tracecontextparentheader
set
traceparent
tracecontextparentheader
tracecontextstateheader
set
tracestate
tracecontextstateheader
0
function
this
params
this
metrics
this
starttime
0
this
dt
length
1
this
target
0
length
2
this
opts
1
var
this
opts
this
target
string
typeof
object
typeof
instanceof
ee
url
gm
url
object
typeof
instanceof
url
href
ne
this
var
instanceof
ee
method
method
get
touppercase
this
params
method
this
body
body
this
txsize
body
0
function
if
this
endtime
0
this
params
this
params
0
iw
this
params
return
let
this
params
status
status
0
string
typeof
this
rxsize
this
rxsize
length
0
this
rxsize
const
txsize
this
txsize
rxsize
duration
0
this
starttime
xhr
this
params
this
starttime
this
endtime
fetch
this
ajax
function
const
this
params
this
metrics
if
this
ended
this
ended
0
for
let
0
removeeventlistener
this
listener
1
aborted
0
iw
duration
0
this
starttime
this
loadcapturecalled
4
readystate
null
status
status
0
this
cbtime
this
cbtime
xhr
this
starttime
this
endtime
xhr
this
ajax
function
params
status
status
var
function
var
responsetype
return
json
null
arraybuffer
blob
json
response
text
void
0
responsetext
void
0
lastsize
if
metrics
rxsize
sameorigin
var
getresponseheader
newrelic
app
data
0
rs
ajax
crossapplicationtracing
header
seen
void
0
metrics
params
cat
split
pop
loadcapturecalled
0
on
new
xhr
on
open
xhr
start
on
open
xhr
end
on
send
xhr
start
on
xhr
cb
time
on
xhr
load
added
on
xhr
load
removed
on
xhr
resolved
on
addeventlistener
end
on
removeeventlistener
end
on
fn
end
on
fetch
before
start
on
fetch
start
on
fn
start
on
fetch
done
this
ee
this
handler
this
dt
this
importaggregator
function
ne
var
0
params
hostname
hostname
port
port
protocol
protocol
host
hostname
port
pathname
pathname
parsedorigin
sameorigin
sameorigin
var
ie
const
he
oe
bd
ae
3
se
kp
ce
tz
de
lc
ue
up
le
rz
he
ie
class
fe
extends
static
featurename
de
constructor
super
de
arguments
length
2
void
0
arguments
2
arguments
2
if
0
this
agentidentifier
return
void
0
3
this
agentidentifier
this
featurename
const
this
ee
let
0
vc
this
eventsee
0
um
this
eventsee
on
le
function
this
bststart
0
this
eventsee
on
ue
function
0
bst
0
this
bststart
0
void
0
sessiontrace
on
he
se
function
this
time
0
this
startpath
location
pathname
location
hash
on
he
ce
function
0
bsthist
location
pathname
location
hash
this
startpath
this
time
void
0
sessiontrace
try
new
performanceobserver
const
getentries
0
oe
void
0
sessiontrace
observe
type
ae
buffered
0
catch
this
importaggregator
resourceobserver
var
ge
class
pe
extends
static
featurename
tz
constructor
let
arguments
length
2
void
0
arguments
2
arguments
2
super
tz
this
replayrunning
1
try
json
parse
localstorage
getitem
concat
ge
3
concat
ge
uh
catch
0
sr
this
ee
on
4
record
this
this
this
sessionreplaymode
this
this
importaggregator
this
ee
on
err
this
replayrunning
this
errornoticed
0
0
4
error
during
replay
void
0
this
featurename
this
ee
this
ee
on
4
replay
running
this
replayrunning
return
sessionreplaymode
ge
full
sessionreplaymode
ge
error
0
aw
this
agentidentifier
1
async
if
this
this
0
try
const
recorder
await
promise
all
then
bind
this
recorder
new
mode
this
agentidentifier
this
agentidentifier
trigger
ee
this
ee
this
recorder
startrecording
this
aborthandler
this
recorder
stoprecording
catch
this
importaggregator
recorder
this
recorder
errornoticed
this
errornoticed
this
feataggregate
this
feataggregate
mode
ge
full
this
feataggregate
initializerecording
ge
full
0
this
ge
full
this
qb
api
this
recorder
this
recorder
parent
mode
ge
full
this
recorder
parent
mode
ge
full
this
recorder
stoprecording
this
recorder
startrecording
this
aborthandler
this
recorder
stoprecording
var
me
class
ve
extends
static
featurename
me
constructor
let
arguments
length
2
void
0
arguments
2
arguments
2
super
me
0
gd
this
agentidentifier
page
action
enabled
some
this
importaggregator
0
3
this
agentidentifier
this
featurename
var
be
ye
class
re
extends
static
featurename
be
tz
constructor
let
arguments
length
2
void
0
arguments
2
arguments
2
super
be
tz
const
this
ee
this
ee
on
wrap
logger
end
function
let
const
level
customattributes
this
0
ye
this
importaggregator
new
class
extends
constructor
super
gm
this
sharedaggregator
new
agentidentifier
this
agentidentifier
this
features
0
bq
this
agentidentifier
this
this
desiredfeatures
new
set
features
this
desiredfeatures
add
this
runsoftnavoverspa
this
desiredfeatures
some
featurename
softnav
0
this
loadertype
agent
this
run
0
21
get
config
return
info
this
info
init
this
init
loader
config
this
loader
config
runtime
this
runtime
run
try
const
this
agentidentifier
this
desiredfeatures
sort
featurename
featurename
foreach
if
featurename
featurename
pageviewevent
return
if
this
runsoftnavoverspa
featurename
spa
return
if
this
runsoftnavoverspa
featurename
softnav
return
function
switch
case
ajax
return
jserrors
case
sessiontrace
return
ajax
pageviewevent
case
sessionreplay
return
sessiontrace
case
pageviewtiming
return
pageviewevent
default
return
featurename
every
in
this
features
0
36
featurename
this
features
featurename
new
this
agentidentifier
this
sharedaggregator
catch
0
22
for
const
in
this
features
this
features
aborthandler
const
0
zm
delete
initializedagents
this
agentidentifier
api
delete
initializedagents
this
agentidentifier
features
delete
this
sharedaggregator
return
ee
get
this
agentidentifier
abort
1
features
fe
pe
re
ve
re
loadertype
pro
meta
http
equiv
cleartype
content
true
meta
name
viewport
content
width
device
width
initial
scale
1
meta
name
copyright
content
copy
boston
university
link
rel
profile
href
http://gmpg.org/xfn/11
link
rel
pingback
href
https://www.bu.edu/xmlrpc.php
link
rel
apple
touch
icon
href
publications
boston
university
google
tag
manager
for
wordpress
by
duracelltomi
http://duracelltomi.com
script
data
cfasync
false
type
text
javascript
var
gtm
4
wp
datalayer
name
datalayer
var
datalayer
datalayer
var
gtm
4
wp
scrollerscript
debugmode
false
var
gtm
4
wp
scrollerscript
callbacktime
var
gtm
4
wp
scrollerscript
readerlocation
var
gtm
4
wp
scrollerscript
contentelementid
content
var
gtm
4
wp
scrollerscript
scannertime
60
end
google
tag
manager
for
wordpress
by
duracelltomi
this
site
is
optimized
with
the
yoast
seo
premium
plugin
https://yoast.com/wordpress/plugins/seo/
meta
name
description
content
boston
university
is
leading
private
research
institution
with
two
primary
campuses
in
the
heart
of
boston
and
programs
around
the
world
link
rel
canonical
href
https://www.bu.edu/publications/
meta
property
og
locale
content
en
us
meta
property
og
type
content
article
meta
property
og
title
content
publications
boston
university
meta
property
og
description
content
boston
university
is
leading
private
research
institution
with
two
primary
campuses
in
the
heart
of
boston
and
programs
around
the
world
meta
property
og
url
content
https://www.bu.edu/publications/
meta
property
og
site
name
content
boston
university
meta
property
article
publisher
content
https://www.facebook.com/BostonUniversity/
meta
property
fb
app
id
content
meta
name
twitter
card
content
summary
large
image
meta
name
twitter
description
content
boston
university
is
leading
private
research
institution
with
two
primary
campuses
in
the
heart
of
boston
and
programs
around
the
world
meta
name
twitter
title
content
publications
boston
university
meta
name
twitter
site
content
bu
tweets
meta
name
twitter
creator
content
bu
tweets
script
type
application
ld
json
class
yoast
schema
graph
yoast
schema
graph
main
context
https://schema.org
graph
type
organization
id
https://www.bu.edu/
organization
name
boston
university
url
https://www.bu.edu/
sameas
https://www.facebook.com/BostonUniversity/
https://www.instagram.com/bostonu/
https://www.youtube.com/user/bu
https://www.pinterest.com/bostonuniv/
https://twitter.com/BU_Tweets
type
website
id
https://www.bu.edu/
website
url
https://www.bu.edu/
name
boston
university
publisher
id
https://www.bu.edu/
organization
potentialaction
type
searchaction
target
https://www.bu.edu/
search
term
string
query
input
required
name
search
term
string
type
webpage
id
https://www.bu.edu/publications/
webpage
url
https://www.bu.edu/publications/
inlanguage
en
us
name
publications
boston
university
ispartof
id
https://www.bu.edu/
website
datepublished
datemodified
description
boston
university
is
leading
private
research
institution
with
two
primary
campuses
in
the
heart
of
boston
and
programs
around
the
world
yoast
seo
premium
plugin
link
rel
dns
prefetch
href
org
script
type
text
javascript
window
wpemojisettings
baseurl
https
org
images
core
emoji
ext
png
svgurl
https
org
images
core
emoji
svg
svgext
svg
source
concatemoji
https
www
bu
edu
wp
includes
js
wp
emoji
release
min
js
ver
2
this
file
is
auto
generated
function
var
createelement
canvas
getcontext
getcontext
2
function
var
string
fromcharcode
clearrect
width
height
filltext
apply
this
var
todataurl
return
clearrect
width
height
filltext
apply
this
todataurl
function
if
filltext
return
1
switch
textbaseline
top
font
px
arial
case
flag
return
case
emoji
return
return
1
function
var
createelement
script
src
defer
type
text
javascript
getelementsbytagname
head
0
appendchild
for
array
flag
emoji
supports
everything
0
everythingexceptflag
0
0
length
supports
supports
everything
supports
everything
supports
flag
supports
everythingexceptflag
supports
everythingexceptflag
supports
supports
everythingexceptflag
supports
everythingexceptflag
supports
flag
domready
1
readycallback
function
domready
0
supports
everything
function
readycallback
addeventlistener
addeventlistener
domcontentloaded
1
addeventlistener
load
1
attachevent
onload
attachevent
onreadystatechange
function
complete
readystate
readycallback
source
concatemoji
concatemoji
wpemoji
twemoji
twemoji
wpemoji
window
document
window
wpemojisettings
style
type
text
css
img
wp
smiley
img
emoji
display
inline
important
border
none
important
box
shadow
none
important
height
1
em
important
width
1
em
important
margin
0
07
em
important
vertical
align
em
important
background
none
important
padding
0
important
style
type
text
css
wpadminbar
wp
admin
bar
my
networks
ab
item
first
child
before
content
top
3
px
link
rel
stylesheet
id
bu
alert
css
css
href
ver
type
text
css
media
all
link
rel
stylesheet
id
wp
block
library
css
href
ver
2
type
text
css
media
all
link
rel
stylesheet
id
bu
navigation
block
frontend
style
css
href
ver
4
type
text
css
media
all
link
rel
stylesheet
id
bu
slideshow
css
href
ver
13
type
text
css
media
all
if
gt
ie
8
link
rel
stylesheet
id
responsive
framework
css
href
ver
24
type
text
css
media
all
endif
if
lt
ie
9
iemobile
7
link
rel
stylesheet
id
responsive
framework
ie
css
href
ver
24
type
text
css
media
all
endif
link
rel
stylesheet
id
bu
branding
fonts
css
href
ver
4
type
text
css
media
all
script
type
text
javascript
src
ver
4
wp
script
type
text
javascript
src
ver
1
script
type
text
javascript
cdata
var
downloadoptions
trackedtypes
doc
docx
xls
xlsx
ppt
pptm
pptx
script
type
text
javascript
src
ver
4
script
type
text
javascript
src
ver
script
type
text
javascript
src
ver
1
link
rel
https://api.w.org/
href
https://www.bu.edu/wp-json/
link
rel
shortlink
href
https://www.bu.edu/
link
rel
alternate
type
application
json
oembed
href
https://www.bu.edu/wp-json/oembed/1.0/embed
url
https
3
2
2
fwww
bu
edu
2
fpublications
2
link
rel
alternate
type
text
xml
oembed
href
https://www.bu.edu/wp-json/oembed/1.0/embed
url
https
3
2
2
fwww
bu
edu
2
fpublications
2
format
xml
meta
name
last
updated
content
script
type
text
javascript
cdata
function
bu
ga
track
pageview
var
bu
ga
get
trackers
for
void
0
gaq
push
trackpageview
0
length
gaq
push
trackpageview
function
bu
ga
track
event
undefined
typeof
value
null
value
isnan
value
value
0
undefined
typeof
delay
null
delay
delay
0
undefined
typeof
noninteract
null
noninteract
noninteract
0
value
parsefloat
value
var
bu
ga
get
trackers
for
gaq
push
trackevent
category
action
label
value
noninteract
0
length
gaq
push
trackevent
category
action
label
value
noninteract
delay
settimeout
function
return
0
function
bu
ga
track
social
undefined
typeof
target
null
typeof
target
target
void
0
undefined
typeof
path
null
typeof
path
path
void
0
var
bu
ga
get
trackers
for
gaq
push
tracksocial
network
action
target
path
0
length
gaq
push
tracksocial
network
action
target
path
function
bu
ga
get
trackers
return
undefined
typeof
buga
undefined
typeof
buga
trackernames
buga
trackernames
function
bu
ga
get
tracker
if
undefined
typeof
buga
undefined
typeof
buga
trackerids
return
null
if
undefined
typeof
null
typeof
return
var
buga
trackerids
for
var
in
if
return
return
null
var
buga
trackernames
trackerids
ebe
5
rv
7
ua
var
gaq
gaq
begin
other
trackers
gaq
push
setaccount
ua
gaq
push
trackpageview
function
var
ga
document
createelement
script
ga
type
text
javascript
ga
async
true
ga
src
https
document
location
protocol
https
ssl
http
www
google
analytics
com
ga
js
var
document
getelementsbytagname
script
0
parentnode
insertbefore
ga
script
async
src
https://www.googletagmanager.com/gtag/js
id
ebe
5
rv
7
window
datalayer
window
datalayer
function
gtag
datalayer
push
arguments
gtag
js
new
date
gtag
config
ebe
5
rv
7
google
tag
manager
for
wordpress
by
duracelltomi
script
data
cfasync
false
type
text
javascript
datalayer
push
pagetitle
publications
boston
university
pageposttype
page
pageposttype
2
single
page
pagepostauthorid
pagepostauthor
sandra
miller
style
type
text
css
id
wp
custom
css
hotfix
for
low
res
side
bi
side
homepage
iamge
media
min
width
px
buhp
homepage
buhp
homepage
feature
bu
banner
subtitle
font
size
1
em
bu
banner
image
opacity
bu
banner
media
before
display
none
important
bu
banner
image
opacity
10
bu
banner
media
background
url
background
size
cover
background
position
50
50
bu
banner
image
opacity
10
bu
banner
media
bu
banner
img
opacity
0
bu
banner
image
opacity
20
bu
banner
media
background
url
files
homepage
jpg
background
size
cover
background
position
center
background
position
50
15
bu
banner
image
opacity
20
bu
banner
media
bu
banner
img
opacity
0
homepage
feature
sizing
hotfix
media
min
width
px
buhp
homepage
buhp
homepage
feature
bu
banner
padding
top
calc
55
vh
85
px
padding
top
calc
70
vh
85
px
media
min
width
px
buhp
homepage
buhp
homepage
feature
bu
banner
padding
top
calc
66
vh
85
px
padding
top
calc
75
vh
85
px
buhp
homepage
buhp
homepage
feature
bu
banner
gfx
title
font
size
1
em
homepage
gfx
max
height
media
min
width
px
bu
banner
gfx
title
svg
max
height
calc
30
vh
85
px
media
min
width
px
bu
banner
gfx
title
svg
max
height
calc
40
vh
85
px
homepage
header
height
tweak
media
min
width
px
buhp
masthead
has
light
transparent
fill
buhp
masthead
has
dark
transparent
fill
height
px
media
min
width
px
buhp
masthead
has
light
transparent
fill
buhp
masthead
has
dark
transparent
fill
height
px
media
min
width
px
buhp
masthead
has
light
transparent
fill
buhp
masthead
has
dark
transparent
fill
height
px
buhp
homepage
buhp
homepage
feature
bu
banner
half
right
background
8
media
min
width
px
buhp
homepage
buhp
homepage
feature
bu
banner
half
right
bu
banner
content
left
60
buhp
homepage
buhp
homepage
feature
bu
banner
half
right
bu
banner
media
buhp
homepage
buhp
homepage
feature
bu
banner
half
right
wp
prepress
component
cinemagraph
right
40
buhp
homepage
buhp
homepage
feature
bu
banner
half
right
bu
banner
button
before
left
media
min
width
px
buhp
homepage
buhp
homepage
feature
bu
banner
half
right
bu
banner
content
left
67
buhp
homepage
buhp
homepage
feature
bu
banner
half
right
bu
banner
media
buhp
homepage
buhp
homepage
feature
bu
banner
half
right
wp
prepress
component
cinemagraph
right
33
buhp
homepage
buhp
homepage
feature
bu
banner
half
right
bu
banner
button
before
left
link
rel
stylesheet
id
custom
css
css
type
text
css
href
https://www.bu.edu/files/custom.min.css
skip
to
main
content
class
buhp
logo
boston
university
href
https://www.bu.edu
boston
university
full
menu
close
menu
href
https://www.bu.edu/admissions-overview/
admissions
href
http://www.bu.edu/academics
academics
href
research
research
href
https://www.bu.edu/alumni/giving/
giving
href
https://search.bu.edu
class
js
bu
prepress
open
search
search
close
menu
href
https://search.bu.edu
class
js
bu
prepress
open
search
search
boston
university
href
https://www.bu.edu/admissions-overview/
admissions
href
http://www.bu.edu/admissions
undergraduate
href
https://www.bu.edu/grad/admission-funding/
graduate
href
http://www.bu.edu/international/
international
href
http://www.bu.edu/transfer/
transfer
href
http://www.bu.edu/finaid/
financial
aid
href
http://www.bu.edu/extended/
extended
ed
href
http://www.bu.edu/academics/
academics
href
schools
colleges
href
http://www.bumc.bu.edu/
medical
campus
href
http://www.bu.edu/academics/degree-programs/
degree
programs
href
http://www.bu.edu/academics/bulletin/
bulletin
catalog
href
http://www.bu.edu/summer/
summer
term
href
http://www.bu.edu/digital/
digital
learning
href
research
research
href
http://www.bu.edu/research/cf/
centers
institutes
href
http://www.bu.edu/library/
libraries
href
http://www.bu.edu/researchsupport/
research
support
href
http://www.bu.edu/research/aboutus/award/
awards
href
funding
href
for
undergrads
href
http://www.bu.edu/global/
global
href
http://www.bu.edu/global/identity/
global
identity
href
http://www.bu.edu/abroad/
study
abroad
href
http://www.bu.edu/global/study-research/
study
research
href
http://www.bu.edu/global/support/
program
support
href
http://www.bu.edu/global/where-are-we/
where
are
we
href
https://www.bu.edu/campus-life/
campus
life
href
https://www.bu.edu/campus-life/student-life/
student
life
href
https://www.bu.edu/campus-life/calendars/
calendars
href
https://www.bu.edu/campus-life/buarts/
arts
href
athletics
href
http://www.bu.edu/fitrec/
fitrec
center
href
http://www.bu.edu/agganis/
agganis
arena
href
https://bu.bncollege.com
barnes
noble
at
bu
href
http://www.bu.edu/sustainability/
sustainability
href
https://www.bu.edu/about/
about
bu
href
http://www.bu.edu/trustees/
trustees
href
https://www.bu.edu/about/admin/
administration
href
https://www.bu.edu/community-inclusion/
community
inclusion
href
http://www.bu.edu/hr/
employment
href
http://www.bu.edu/tech/
technology
href
http://www.bu.edu/news/
public
relations
href
https://www.bu.edu/diversity-officer/
senior
diversity
officer
href
https://www.bu.edu/about/office-list/
all
offices
resources
for
href
https://www.bu.edu/mybu/
mybu
student
portals
href
faculty
href
http://www.bu.edu/staff/
staff
href
http://www.bu.edu/parentsprogram/
parents
href
http://www.bu.edu/alumni/
alumni
friends
class
buhp
navigation
button
campaign
href
https://www.bu.edu/alumni/giving/
svg
version
id
layer
1
xmlns
xlink
http://www.w3.org/1999/xlink
0
px
0
px
viewbox
xml
space
preserve
style
type
text
css
st
0
fill
ffffff
path
class
st
0
5
8
9
7
8
1
3
path
class
st
0
9
path
class
st
0
1
0
6
path
class
st
0
0
1
9
giving
class
buhp
navigation
button
contact
href
about
contact
us
svg
version
xmlns
http://www.w3.org/2000/svg
xmlns
xlink
http://www.w3.org/1999/xlink
0
px
0
px
viewbox
xml
space
preserve
style
type
text
css
st
0
fill
ffffff
path
class
st
0
20
6
4
3
3
1
1
2
9
20
contact
information
svg
version
class
buhp
navigation
cut
xmlns
http://www.w3.org/2000/svg
xmlns
xlink
http://www.w3.org/1999/xlink
0
px
0
px
viewbox
xml
space
preserve
preserveaspectratio
none
polygon
points
university
publications
href
https://www.bu.edu/bostonia/
svg
class
branding
mark
svg
branding
mark
svg
bostonia
xmlns
http://www.w3.org/2000/svg
viewbox
branding
mark
svg
bostonia
bostonia
fill
bostonia
path
class
branding
mark
svg
bostonia
bostonia
16
zm
zm
91
zm
zm
zm
28
86
7
28
zm
zm
zm
89
35
zm
zm
35
zm
4
89
zm
89
zm
84
boston
universitys
alumni
magazine
href
https://www.bu.edu/today/
svg
class
branding
mark
svg
branding
mark
svg
butoday
xmlns
http://www.w3.org/2000/svg
viewbox
branding
mark
svg
bu
today
bu
fill
cb
branding
mark
svg
bu
today
today
fill
fb
5
bu
today
path
class
branding
mark
svg
bu
today
bu
5
2
2
7
4
path
class
branding
mark
svg
bu
today
bu
8
2
7
3
6
7
path
class
branding
mark
svg
bu
today
today
85
7
8
7
path
class
branding
mark
svg
bu
today
today
8
7
path
class
branding
mark
svg
bu
today
today
7
7
path
class
branding
mark
svg
bu
today
today
1
7
7
3
9
9
3
path
class
branding
mark
svg
bu
today
today
2
news
opinion
community
href
https://www.bu.edu/brink/
svg
xmlns
http://www.w3.org/2000/svg
class
branding
mark
svg
branding
mark
svg
the
brink
viewbox
branding
mark
svg
the
brink
the
fill
cb
branding
mark
svg
the
brink
brink
fill
the
brink
path
class
branding
mark
svg
the
brink
the
zm
zm
path
class
branding
mark
svg
the
brink
brink
zm
35
rect
class
branding
mark
svg
the
brink
brink
width
height
polygon
class
branding
mark
svg
the
brink
brink
points
polygon
class
branding
mark
svg
the
brink
brink
points
path
class
branding
mark
svg
the
brink
brink
68
zm
23
27
pioneering
research
from
boston
university
class
button
href
publications
all
publications
publications
chobanian
amp
avedisian
school
of
medicine
href
https://www.bumc.bu.edu/camed/news-events/
news
amp
updates
href
boston
university
medicine
hr
class
wp
block
separator
college
of
arts
amp
sciences
href
https://www.bu.edu/cas/learning/
news
amp
updates
href
https://www.bu.edu/cas/arts-sciences
arts
amp
sciences
magazine
hr
class
wp
block
separator
college
of
communication
href
https://www.bu.edu/com/articles/
news
amp
updates
href
com
hr
class
wp
block
separator
college
of
engineering
href
https://www.bu.edu/eng/news-events/news/
news
amp
updates
href
engineer
magazine
hr
class
wp
block
separator
college
of
fine
arts
href
https://www.bu.edu/cfa/news/
news
amp
updates
href
https://www.bu.edu/cfa-magazine/
cfa
magazine
hr
class
wp
block
separator
college
of
general
studies
href
https://www.bu.edu/cgs/news/
news
amp
updates
href
https://www.bu.edu/cgs/news/collegian/
collegian
hr
class
wp
block
separator
faculty
of
computing
amp
data
sciences
href
news
amp
updates
href
the
download
hr
class
wp
block
separator
frederick
pardee
school
of
global
studies
href
news
amp
updates
hr
class
wp
block
separator
henry
goldman
school
of
dental
medicine
href
https://www.bu.edu/dental/about/news/
news
amp
updates
href
impressions
hr
class
wp
block
separator
metropolitan
college
href
https://www.bu.edu/met/news/
news
amp
updates
hr
class
wp
block
separator
questrom
school
of
business
href
https://www.bu.edu/questrom/news/
news
amp
updates
hr
class
wp
block
separator
sargent
college
of
health
amp
rehabilitation
sciences
href
news
amp
updates
href
inside
sargent
hr
class
wp
block
separator
school
of
hospitality
administration
href
https://www.bu.edu/hospitality/news/
news
amp
updates
href
check
in
hr
class
wp
block
separator
school
of
law
href
https://www.bu.edu/law/news-stories/
news
amp
updates
href
https://www.bu.edu/law/news-stories/issues/
the
record
hr
class
wp
block
separator
school
of
public
health
href
https://www.bu.edu/sph/news/
news
amp
updates
href
https://www.bu.edu/sph/news/sph-this-year/
sph
this
year
hr
class
wp
block
separator
school
of
social
work
href
https://www.bu.edu/ssw/news-events/
news
amp
updates
href
https://www.bu.edu/ssw/news/pubs/
impact
hr
class
wp
block
separator
school
of
theology
href
https://www.bu.edu/sth/news-media/news/
news
amp
updates
href
focus
hr
class
wp
block
separator
wheelock
college
of
education
amp
human
development
href
https://www.bu.edu/wheelock/news/articles/
news
amp
updates
href
https://www.bu.edu/wheelock/magazine/
wheelock
magazine
hr
class
wp
block
separator
content
container
content
img
src
wp
content
themes
editorial
images
icon
buhp
rhett
png
href
https://goterriers.com/
bu
athletics
commitment
integrity
sportsmanship
img
src
wp
content
themes
editorial
images
icon
buhp
hub
svg
href
https://www.bu.edu/hub/
bu
hub
general
education
for
an
interconnected
world
img
src
wp
content
themes
editorial
images
icon
buhp
giving
svg
href
https://www.bu.edu/alumni/giving/
giving
support
students
research
service
and
more
hr
resources
for
href
https://www.bu.edu/mybu/
mybu
student
portals
href
faculty
href
http://www.bu.edu/staff/
staff
href
http://www.bu.edu/parentsprogram/
parents
href
http://www.bu.edu/alumni/
alumni
friends
title
twitter
href
https://twitter.com/BU_Tweets
twitter
title
facebook
href
https://www.facebook.com/BostonUniversity/
facebook
title
youtube
href
https://www.youtube.com/user/bu/
youtube
title
linked
in
href
linked
in
notice
of
non
discrimination
boston
university
prohibits
discrimination
and
harassment
on
the
basis
of
race
color
natural
or
protective
hairstyle
religion
sex
or
gender
age
national
origin
ethnicity
shared
ancestry
and
ethnic
characteristics
physical
or
mental
disability
sexual
orientation
gender
identity
and
or
expression
genetic
information
pregnancy
or
pregnancy
related
condition
military
service
marital
parental
veteran
status
or
any
other
legally
protected
status
in
any
and
all
educational
programs
or
activities
operated
by
boston
university
retaliation
is
also
prohibited
please
refer
questions
or
concerns
about
title
ix
discrimination
based
on
any
other
status
protected
by
law
or
bu
policy
or
retaliation
to
boston
universitys
executive
director
of
equal
opportunity
title
ix
coordinator
at
titleix
bu
edu
or
read
boston
universitys
full
href
notice
of
nondiscrimination
copy
boston
nbsp
university
all
nbsp
rights
nbsp
reserved
www
bu
edu
href
http://www.bu.edu/copyright/
copy
trustees
of
boston
university
href
privacy
statement
href
https://www.bu.edu/disability/
accessibility
href
http://www.bu.edu
class
brand
masterplate
boston
university
page
wrapper
close
form
role
search
method
get
action
https://search.bu.edu
id
quicksearch
search
input
type
hidden
name
site
value
https://www.bu.edu
search
for
search
script
type
text
javascript
function
var
ajaxurl
https://www.bu.edu/wp-admin/admin-ajax.php
if
jquery
sortable
length
var
data
action
sortable
scripts
post
ajaxurl
data
function
scripts
var
document
getelementsbytagname
script
0
before
scripts
jquery
iframe
src
www
googletagmanager
com
ns
html
id
gtm
wrnv
height
0
width
0
style
display
none
visibility
hidden
function
push
gtm
start
new
date
gettime
event
gtm
js
var
getelementsbytagname
0
createelement
dl
datalayer
async
true
src
www
googletagmanager
com
gtm
js
id
dl
parentnode
insertbefore
window
document
script
datalayer
gtm
wrnv
end
google
tag
manager
script
type
text
javascript
src
ver
script
type
text
javascript
src
ver
1
script
type
text
javascript
src
ver
script
type
text
javascript
src
ver
script
type
text
javascript
src
ver
script
type
text
javascript
src
ver
script
type
text
javascript
src
ver
script
type
text
javascript
src
ver
24
script
type
text
javascript
src
ver
2
script
type
text
javascript
window
nreum
nreum
nreum
info
beacon
bam
nr
data
net
licensekey
applicationid
transactionname
yv
1
snkudweqdbrdqdfgxcqfdc
1
lztqgmfbbfxfuavhbf
queuetime
0
applicationtime
atts
trpfqa
0
zsxtab
0
edgetf
errorbeacon
bam
nr
data
net
agent
performance
optimized
by
redis
object
cache
learn
more
https://wprediscache.com
retrieved
objects
kb
from
redis
using
phpredis
7
