doctype
html
meta
http
equiv
ua
compatible
content
ie
edge
campus
life
amp
events
www
caltech
edu
link
rel
shortcut
icon
href
static
core
img
favicon
75
png
5
generic
favicons
link
rel
icon
href
static
core
img
favicon
32
png
5
sizes
link
rel
icon
href
static
core
img
favicon
57
png
5
sizes
link
rel
icon
href
static
core
img
favicon
76
png
5
sizes
link
rel
icon
href
static
core
img
favicon
96
png
5
sizes
link
rel
icon
href
static
core
img
favicon
png
5
sizes
link
rel
icon
href
static
core
img
favicon
png
5
sizes
link
rel
icon
href
static
core
img
favicon
png
5
sizes
android
link
rel
shortcut
icon
sizes
href
static
core
img
favicon
png
5
ios
link
rel
apple
touch
icon
href
static
core
img
favicon
png
5
sizes
link
rel
apple
touch
icon
href
static
core
img
favicon
png
5
sizes
link
rel
apple
touch
icon
href
static
core
img
favicon
png
5
sizes
windows
8
ie
10
meta
name
msapplication
tileimage
content
static
core
img
favicon
png
5
windows
ie
11
and
above
meta
name
msapplication
config
content
static
core
img
browserconfig
xml
5
base
css
link
rel
stylesheet
href
link
rel
stylesheet
href
link
rel
stylesheet
href
static
cache
css
output
css
type
text
css
end
base
css
site
type
css
end
site
type
css
extra
css
end
extra
css
global
site
tag
gtag
js
google
analytics
script
async
src
https://www.googletagmanager.com/gtag/js
id
7
rl
83
ex
window
datalayer
window
datalayer
function
gtag
datalayer
push
arguments
gtag
js
new
date
gtag
config
7
rl
83
ex
anonymize
ip
true
gtag
config
ua
anonymize
ip
true
end
google
analytics
google
tag
manager
function
push
gtm
start
new
date
gettime
event
gtm
js
var
getelementsbytagname
0
createelement
dl
datalayer
async
true
src
https://www.googletagmanager.com/gtm.js
id
dl
parentnode
insertbefore
window
document
script
datalayer
gtm
4
end
google
tag
manager
facebook
pixel
code
function
if
fbq
return
fbq
function
callmethod
callmethod
apply
arguments
queue
push
arguments
if
fbq
fbq
push
loaded
0
version
queue
createelement
async
0
src
getelementsbytagname
0
parentnode
insertbefore
window
document
script
fbq
init
fbq
track
pageview
suppress
htmlrequiredaltattribute
img
height
1
width
1
style
display
none
src
https://www.facebook.com/tr
id
ev
pageview
noscript
1
end
facebook
pixel
code
base
js
script
src
script
defer
src
static
airspace
js
jquery
mousewheel
min
js
script
async
src
config
tex
mml
am
chtml
script
defer
src
script
src
https://cdn.jsdelivr.net/npm/apexcharts
these
are
the
url
for
the
datatables
version
that
support
bootstrap
4
responsive
script
src
script
src
script
src
script
src
static
cache
js
output
aeca
js
script
src
static
cache
js
output
2
fa
fa
js
defer
end
base
js
site
type
js
script
src
static
cache
js
output
js
defer
end
site
type
js
extra
js
end
extra
js
meta
property
og
url
content
https://www.caltech.edu/campus-life-events
meta
property
og
site
name
content
california
institute
of
technology
meta
property
og
title
content
campus
life
amp
events
meta
property
og
type
content
website
meta
property
og
description
content
caltech
is
small
collaborative
community
where
faculty
postdoctoral
scholars
students
and
staff
from
diverse
backgrounds
cultures
and
experiences
live
work
and
engage
with
one
another
meta
property
og
image
content
meta
name
twitter
image
content
google
tag
manager
noscript
iframe
src
https://www.googletagmanager.com/ns.html
id
gtm
4
height
0
width
0
style
display
none
visibility
hidden
end
google
tag
manager
noscript
path
0
0
zm
zm
0
zm
3
path
48
zm
88
8
path
5
1
54
54
21
path
13
1
54
04
path
1
1
1
75
1
28
25
path
13
1
54
29
path
1
54
1
path
0
1
2
1
1
zm
0
1
2
1
1
zm
2
1
1
path
1
5
0
0
zm
1
5
0
0
zm
1
5
0
0
zm
1
1
25
1
75
zm
0
0
zm
0
1
5
path
4
6
1
1
3
1
zm
2
4
zm
circle
cx
1
cy
8
1
circle
cx
4
cy
8
1
circle
cx
7
cy
8
1
path
1
1
path
1
1
1
1
1
zm
zm
5
5
25
25
5
5
5
1
1
zm
0
5
5
25
25
5
5
5
1
1
zm
8
5
5
25
25
5
5
5
1
zm
5
5
25
25
5
5
5
1
1
zm
12
5
5
25
25
5
5
5
1
zm
0
5
5
25
25
5
5
5
1
1
path
1
1
1
1
1
zm
zm
5
2
path
0
1
1
0
1
1
1
zm
5
path
path
zm
path
zm
5
0
75
75
0
75
75
2
2
0
2
2
0
75
path
zm
zm
5
path
2
0
5
zm
25
1
75
75
1
zm
1
75
75
1
zm
1
1
1
zm
10
4
1
5
0
zm
4
1
5
0
path
5
1
1
1
zm
zm
04
path
0
1
1
25
47
28
25
1
1
0
1
78
1
zm
path
0
1
1
1
44
44
17
88
1
61
17
39
1
61
17
1
61
17
1
44
44
17
0
22
0
zm
zm
27
17
22
1
17
61
22
44
44
17
34
1
44
88
1
61
0
1
0
1
0
61
49
zm
rect
width
2
height
12
14
rx
1
transform
rotate
path
1
36
1
rect
width
2
height
12
14
rx
1
transform
rotate
path
1
1
path
zm
35
82
path
0
0
path
37
path
fill
fff
0
0
path
0
37
zm
1
0
0
zm
0
1
0
zm
0
1
0
0
path
5
5
2
2
5
zm
7
zm
5
0
25
25
5
5
5
path
13
1
13
1
path
0
1
1
1
1
zm
1
1
1
0
1
1
1
1
1
zm
0
1
1
1
1
1
0
1
1
1
path
25
9
0
zm
5
zm
zm
72
path
1
1
1
1
1
zm
zm
2
5
5
25
25
5
5
5
3
path
5
zm
zm
5
zm
circle
cx
8
cy
1
path
0
0
0
3
75
25
zm
path
4
zm
4
4
path
4
zm
10
1
5
5
path
zm
0
5
4
1
1
zm
9
5
1
5
0
zm
5
1
5
0
zm
5
1
5
path
zm
4
1
5
zm
5
0
75
75
75
0
zm
11
0
0
5
0
75
75
75
path
75
75
zm
0
75
75
zm
75
75
path
13
1
1
0
1
1
zm
1
75
75
1
zm
12
5
4
0
1
path
4
zm
10
1
5
5
rect
width
height
1
rx
5
transform
rotate
69
rect
width
height
1
rx
5
transform
rotate
69
rect
width
height
1
rx
5
transform
rotate
rect
width
height
1
rx
5
transform
rotate
path
zm
1
path
zm
rect
width
2
height
12
5
rx
1
path
1
1
1
77
path
5
5
6
5
path
2
25
25
5
5
0
17
path
0
5
5
6
zm
0
6
path
97
zm
0
12
1
5
0
8
path
75
zm
0
0
75
zm
0
0
0
zm
25
0
0
0
zm
0
0
3
25
zm
0
0
3
25
zm
0
0
3
25
path
80
9
6
6
3
2
1
2
1
6
3
5
2
1
1
2
3
1
9
8
7
8
7
8
zm
6
5
5
9
zm
9
5
5
path
0
1
0
2
zm
2
0
zm
5
zm
zm
5
zm
1
0
25
0
zm
1
5
zm
75
zm
0
path
zm
zm
zm
zm
zm
path
zm
zm
0
78
zm
0
path
1
1
1
1
1
1
1
1
1
25
zm
75
5
path
1
1
1
93
1
1
1
1
1
43
1
25
zm
53
path
1
1
1
1
5
1
1
1
66
1
1
1
25
zm
path
1
1
1
1
69
1
1
1
1
1
25
zm
6
zm
path
1
1
1
1
1
1
1
1
1
25
zm
54
37
0
43
path
1
1
1
71
1
71
1
1
1
1
21
1
25
zm
zm
0
39
path
zm
5
1
1
1
zm
1
1
75
75
78
0
0
1
1
75
path
75
0
25
8
zm
1
75
4
path
0
25
0
0
1
1
75
1
path
1
12
zm
2
5
zm
1
1
25
path
zm
1
1
1
zm
8
1
75
75
75
5
1
75
75
1
5
1
1
path
1
3
1
7
1
1
1
path
3
zm
path
1
3
1
2
2
zm
0
11
5
5
75
0
75
75
path
1
44
05
54
zm
1
1
0
54
78
22
1
05
84
path
0
1
1
1
zm
22
3
3
97
93
0
52
zm
1
0
7
1
zm
0
7
1
zm
1
0
7
1
path
79
zm
0
1
zm
0
1
zm
0
1
zm
zm
0
path
3
2
path
2
3
2
5
zm
path
25
1
0
0
25
zm
2
1
1
0
2
1
path
1
0
zm
2
1
3
1
0
1
path
2
5
zm
2
path
zm
0
75
0
0
0
path
9
11
1
1
path
0
7
zm
1
1
1
zm
7
path
61
1
1
1
zm
22
0
1
0
zm
28
path
1
2
1
zm
1
2
1
path
15
1
0
path
8
1
1
72
path
0
1
2
0
5
1
5
1
1
zm
0
0
8
zm
5
1
75
75
1
zm
1
1
3
25
25
path
1
25
1
25
1
75
1
75
75
0
25
zm
path
1
1
1
93
1
71
75
path
0
0
1
0
1
1
3
path
zm
1
path
zm
5
0
75
75
0
75
75
2
2
0
2
2
0
75
path
1
1
1
path
zm
5
path
path
0
0
75
75
zm
5
0
1
0
circle
cx
cy
path
path
0
25
25
0
1
1
zm
10
1
path
25
zm
5
0
0
0
25
path
5
75
zm
path
zm
25
25
22
75
1
53
25
0
5
5
0
zm
0
path
zm
zm
5
zm
zm
zm
path
2
25
25
5
5
0
path
0
5
zm
13
5
zm
zm
5
5
zm
zm
zm
path
10
zm
5
03
5
75
0
0
5
0
75
75
path
4
0
5
1
5
0
1
1
14
zm
1
25
5
1
1
1
0
1
1
5
5
path
zm
path
2
0
5
1
5
0
1
1
6
zm
1
25
5
1
1
1
0
1
1
5
5
path
2
zm
zm
zm
5
3
zm
path
1
zm
1
1
1
zm
path
zm
5
1
1
1
path
5
1
zm
10
1
zm
0
1
9
1
1
zm
0
1
9
1
1
zm
0
1
7
1
1
zm
5
13
path
fill
rule
evenodd
0
28
44
28
zm
0
0
zm
0
clip
rule
evenodd
path
path
0
5
0
1
1
38
1
85
03
85
1
zm
0
1
path
3
zm
path
zm
0
2
03
25
75
75
0
8
path
0
3
1
1
5
5
1
2
1
1
2
1
1
1
1
5
1
1
path
0
1
1
zm
1
0
1
1
zm
1
75
75
1
path
zm
path
3
11
zm
41
zm
path
zm
1
4
10
1
75
75
4
zm
1
13
skip
to
main
content
class
header
utility
menu
link
id
utility
menu
1
href
about
visit
plan
your
visit
visit
class
header
utility
menu
link
id
utility
menu
2
href
https://hr.caltech.edu/careers
careers
class
header
utility
menu
link
id
utility
menu
3
href
https://access.caltech.edu/
access
quick
links
img
class
header
utility
menu
opener
icon
src
static
wagtail
menu
img
icon
chevron
grey
png
alt
img
class
header
utility
menu
opener
icon
chevron
orange
src
static
wagtail
menu
img
icon
chevron
orange
png
alt
class
header
utility
menu
dropdown
item
dropdown
item
href
quick
links
faculty
for
faculty
class
header
utility
menu
dropdown
item
dropdown
item
href
quick
links
students
for
students
class
header
utility
menu
dropdown
item
dropdown
item
href
quick
links
staff
for
staff
class
header
utility
menu
dropdown
item
dropdown
item
href
quick
links
alumni
for
alumni
class
header
utility
menu
link
id
utility
menu
5
href
https://directory.caltech.edu/
directory
class
header
utility
menu
link
id
utility
menu
6
href
campus
life
events
caltech
today
caltech
today
class
header
utility
menu
link
id
utility
menu
7
href
https://www.alumni.caltech.edu/
alumni
class
header
utility
menu
link
header
utility
menu
link
highlight
id
utility
menu
8
href
https://giving.caltech.edu/
give
class
header
homepage
link
mr
auto
href
img
alt
caltech
class
header
wordmark
src
static
core
img
caltech
new
logo
png
class
header
main
menu
level
1
link
href
about
about
open
about
submenu
class
header
main
menu
level
2
link
href
about
at
glance
at
glance
open
at
glance
submenu
class
header
main
menu
level
3
link
href
about
university
and
college
rankings
university
and
college
rankings
leadership
open
leadership
submenu
class
header
main
menu
level
3
link
href
http://president.caltech.edu/
president
class
header
main
menu
level
3
link
href
http://provost.caltech.edu/
provost
class
header
main
menu
level
3
link
href
http://bot.caltech.edu/
board
of
trustees
class
header
main
menu
level
3
link
href
about
leadership
academic
and
administrative
leadership
academic
and
administrative
leadership
values
open
values
submenu
class
header
main
menu
level
3
link
href
https://inclusive.caltech.edu/
diversity
equity
and
inclusion
class
header
main
menu
level
3
link
href
https://sustainability.caltech.edu/
sustainability
class
header
main
menu
level
3
link
href
about
values
freedom
expression
freedom
of
expression
class
header
main
menu
level
3
link
href
https://www.deans.caltech.edu/HonorCode
honor
code
legacy
open
legacy
submenu
class
header
main
menu
level
3
link
href
about
legacy
history
milestones
history
amp
milestones
class
header
main
menu
level
3
link
href
about
legacy
awards
and
honors
awards
amp
honors
class
header
main
menu
level
3
link
href
http://archives.caltech.edu/
caltech
archives
class
header
main
menu
level
3
link
href
map
history
interactive
history
map
class
header
main
menu
level
2
link
href
about
news
news
publications
open
publications
submenu
class
header
main
menu
level
3
link
href
https://scienceexchange.caltech.edu/
caltech
science
exchange
class
header
main
menu
level
3
link
href
https://thisis.caltech.edu
this
is
caltech
class
header
main
menu
level
3
link
href
https://magazine.caltech.edu/
caltech
magazine
class
header
main
menu
level
3
link
href
documents
10
periodic
table
of
caltech
pdf
periodic
table
of
caltech
visit
open
visit
submenu
class
header
main
menu
level
3
link
href
about
visit
directions
directions
class
header
main
menu
level
3
link
href
about
visit
campus
maps
campus
maps
class
header
main
menu
level
3
link
href
http://parking.caltech.edu/
parking
class
header
main
menu
level
3
link
href
about
visit
tours
tours
class
header
main
menu
level
2
link
href
about
offices
departments
administrative
offices
amp
departments
class
header
main
menu
level
1
link
href
research
research
open
research
submenu
academic
divisions
open
academic
divisions
submenu
class
header
main
menu
level
3
link
href
http://www.bbe.caltech.edu/
biology
and
biological
engineering
class
header
main
menu
level
3
link
href
http://www.cce.caltech.edu/
chemistry
and
chemical
engineering
class
header
main
menu
level
3
link
href
http://eas.caltech.edu/
engineering
amp
applied
science
class
header
main
menu
level
3
link
href
http://www.gps.caltech.edu/
geological
amp
planetary
sciences
class
header
main
menu
level
3
link
href
http://www.hss.caltech.edu/
humanities
and
social
sciences
class
header
main
menu
level
3
link
href
http://pma.caltech.edu/
physics
mathematics
and
astronomy
class
header
main
menu
level
2
link
href
research
jpl
jet
propulsion
laboratory
class
header
main
menu
level
2
link
href
https://sfp.caltech.edu/
student
research
class
header
main
menu
level
2
link
href
research
centers
institutes
centers
amp
institutes
class
header
main
menu
level
2
link
href
http://innovation.caltech.edu/
technology
transfer
amp
corporate
partnerships
class
header
main
menu
level
2
link
href
http://researchadministration.caltech.edu/
sponsored
research
class
header
main
menu
level
2
link
href
research
research
facilities
research
facilities
class
header
main
menu
level
2
link
href
research
faculty
listing
faculty
listing
class
header
main
menu
level
1
link
href
academics
academics
open
academics
submenu
class
header
main
menu
level
2
link
href
https://www.deans.caltech.edu/
undergraduate
studies
class
header
main
menu
level
2
link
href
http://www.gradoffice.caltech.edu/
graduate
studies
class
header
main
menu
level
2
link
href
http://online.caltech.edu/courses
online
education
class
header
main
menu
level
2
link
href
https://ctme.caltech.edu/
executive
education
class
header
main
menu
level
2
link
href
http://ctlo.caltech.edu/
teaching
learning
amp
outreach
resources
open
resources
submenu
class
header
main
menu
level
3
link
href
http://www.registrar.caltech.edu/
registrar
class
header
main
menu
level
3
link
href
http://www.catalog.caltech.edu/
catalog
class
header
main
menu
level
3
link
href
academics
resources
academic
calendar
academic
calendar
class
header
main
menu
level
3
link
href
https://www.library.caltech.edu/
library
class
header
main
menu
level
3
link
href
http://international.caltech.edu/
international
offices
class
header
main
menu
level
3
link
href
http://career.caltech.edu/
career
development
class
header
main
menu
level
1
link
href
admissions
aid
admissions
amp
aid
open
admissions
amp
aid
submenu
undergraduate
admissions
open
undergraduate
admissions
submenu
class
header
main
menu
level
3
link
href
http://www.admissions.caltech.edu/
apply
class
header
main
menu
level
3
link
href
https://www.admissions.caltech.edu/afford
cost
amp
aid
graduate
admissions
open
graduate
admissions
submenu
class
header
main
menu
level
3
link
href
http://www.gradoffice.caltech.edu/admissions
apply
class
header
main
menu
level
3
link
href
funding
amp
aid
class
header
main
menu
level
1
link
href
campus
life
events
campus
life
amp
events
open
campus
life
amp
events
submenu
class
header
main
menu
level
2
link
href
campus
life
events
calendar
institute
calendar
class
header
main
menu
level
2
link
href
campus
life
events
caltech
today
caltech
today
class
header
main
menu
level
2
link
href
http://gocaltech.com/landing/index
athletics
amp
recreation
class
header
main
menu
level
2
link
href
http://events.caltech.edu/
events
caltechlive
class
header
main
menu
level
2
link
href
http://pva.caltech.edu/
performing
amp
visual
arts
class
header
main
menu
level
2
link
href
http://housing.caltech.edu/
housing
class
header
main
menu
level
2
link
href
http://dining.caltech.edu/
dining
class
header
main
menu
level
2
link
href
https://www.caltechy.org/
caltech
class
header
main
menu
level
2
link
href
http://wellness.caltech.edu/
wellness
services
class
header
main
menu
level
2
link
href
http://diversity.caltech.edu/
diversity
center
class
header
main
menu
level
2
link
href
http://security.caltech.edu/
security
class
header
main
menu
level
2
link
href
campus
life
events
emergency
information
emergency
information
suppress
htmlwrongattributevalue
img
alt
class
header
search
icon
src
static
wagtail
menu
img
icon
search
png
form
id
search
form
class
header
search
form
action
search
method
get
search
input
class
header
search
form
query
type
search
name
value
autocorrect
off
autocapitalize
off
autocomplete
off
spellcheck
false
search
menu
img
aria
label
open
main
menu
class
slide
menu
burger
src
static
wagtail
menu
img
menu
burger
png
close
class
slide
menu
level
1
link
href
https://www.caltech.edu/about
about
open
about
submenu
class
slide
menu
level
1
link
href
https://www.caltech.edu/research
research
open
research
submenu
class
slide
menu
level
1
link
href
https://www.caltech.edu/academics
academics
open
academics
submenu
class
slide
menu
level
1
link
href
https://www.caltech.edu/admissions-aid
admissions
amp
aid
open
admissions
amp
aid
submenu
class
slide
menu
level
1
link
href
https://www.caltech.edu/campus-life-events
campus
life
amp
events
open
campus
life
amp
events
submenu
class
slide
menu
utility
menu
link
href
about
visit
plan
your
visit
visit
class
slide
menu
utility
menu
link
href
https://hr.caltech.edu/careers
careers
class
slide
menu
utility
menu
link
href
https://access.caltech.edu/
access
quick
links
class
slide
menu
utility
menu
submenu
link
href
quick
links
faculty
for
faculty
class
slide
menu
utility
menu
submenu
link
href
quick
links
students
for
students
class
slide
menu
utility
menu
submenu
link
href
quick
links
staff
for
staff
class
slide
menu
utility
menu
submenu
link
href
quick
links
alumni
for
alumni
class
slide
menu
utility
menu
link
href
https://directory.caltech.edu/
directory
class
slide
menu
utility
menu
link
href
campus
life
events
caltech
today
caltech
today
class
slide
menu
utility
menu
link
href
https://www.alumni.caltech.edu/
alumni
class
slide
menu
utility
menu
link
href
https://giving.caltech.edu/
give
about
caltech
back
class
slide
menu
level
2
link
href
https://www.caltech.edu/about/at-a-glance
at
glance
class
slide
menu
level
3
link
href
about
university
and
college
rankings
university
and
college
rankings
leadership
class
slide
menu
level
3
link
href
http://president.caltech.edu/
president
class
slide
menu
level
3
link
href
http://provost.caltech.edu/
provost
class
slide
menu
level
3
link
href
http://bot.caltech.edu/
board
of
trustees
class
slide
menu
level
3
link
href
academic
and
administrative
leadership
values
class
slide
menu
level
3
link
href
https://inclusive.caltech.edu/
diversity
equity
and
inclusion
class
slide
menu
level
3
link
href
https://sustainability.caltech.edu/
sustainability
class
slide
menu
level
3
link
href
about
values
freedom
expression
freedom
of
expression
class
slide
menu
level
3
link
href
https://www.deans.caltech.edu/HonorCode
honor
code
legacy
class
slide
menu
level
3
link
href
history
amp
milestones
class
slide
menu
level
3
link
href
awards
amp
honors
class
slide
menu
level
3
link
href
http://archives.caltech.edu/
caltech
archives
class
slide
menu
level
3
link
href
map
history
interactive
history
map
class
slide
menu
level
2
link
href
https://www.caltech.edu/about/news
news
publications
class
slide
menu
level
3
link
href
https://scienceexchange.caltech.edu/
caltech
science
exchange
class
slide
menu
level
3
link
href
https://thisis.caltech.edu
this
is
caltech
class
slide
menu
level
3
link
href
https://magazine.caltech.edu/
caltech
magazine
class
slide
menu
level
3
link
href
documents
10
periodic
table
of
caltech
pdf
periodic
table
of
caltech
visit
class
slide
menu
level
3
link
href
directions
class
slide
menu
level
3
link
href
campus
maps
class
slide
menu
level
3
link
href
http://parking.caltech.edu/
parking
class
slide
menu
level
3
link
href
https://www.caltech.edu/about/visit/tours
tours
class
slide
menu
level
2
link
href
administrative
offices
amp
departments
research
back
academic
divisions
class
slide
menu
level
3
link
href
http://www.bbe.caltech.edu/
biology
and
biological
engineering
class
slide
menu
level
3
link
href
http://www.cce.caltech.edu/
chemistry
and
chemical
engineering
class
slide
menu
level
3
link
href
http://eas.caltech.edu/
engineering
amp
applied
science
class
slide
menu
level
3
link
href
http://www.gps.caltech.edu/
geological
amp
planetary
sciences
class
slide
menu
level
3
link
href
http://www.hss.caltech.edu/
humanities
and
social
sciences
class
slide
menu
level
3
link
href
http://pma.caltech.edu/
physics
mathematics
and
astronomy
class
slide
menu
level
2
link
href
https://www.caltech.edu/research/jpl
jet
propulsion
laboratory
class
slide
menu
level
2
link
href
https://sfp.caltech.edu/
student
research
class
slide
menu
level
2
link
href
centers
amp
institutes
class
slide
menu
level
2
link
href
http://innovation.caltech.edu/
technology
transfer
amp
corporate
partnerships
class
slide
menu
level
2
link
href
http://researchadministration.caltech.edu/
sponsored
research
class
slide
menu
level
2
link
href
research
facilities
class
slide
menu
level
2
link
href
faculty
listing
academics
back
class
slide
menu
level
2
link
href
https://www.deans.caltech.edu/
undergraduate
studies
class
slide
menu
level
2
link
href
http://www.gradoffice.caltech.edu/
graduate
studies
class
slide
menu
level
2
link
href
http://online.caltech.edu/courses
online
education
class
slide
menu
level
2
link
href
https://ctme.caltech.edu/
executive
education
class
slide
menu
level
2
link
href
http://ctlo.caltech.edu/
teaching
learning
amp
outreach
resources
class
slide
menu
level
3
link
href
http://www.registrar.caltech.edu/
registrar
class
slide
menu
level
3
link
href
http://www.catalog.caltech.edu/
catalog
class
slide
menu
level
3
link
href
academic
calendar
class
slide
menu
level
3
link
href
https://www.library.caltech.edu/
library
class
slide
menu
level
3
link
href
http://international.caltech.edu/
international
offices
class
slide
menu
level
3
link
href
http://career.caltech.edu/
career
development
admissions
amp
aid
back
undergraduate
admissions
class
slide
menu
level
3
link
href
http://www.admissions.caltech.edu/
apply
class
slide
menu
level
3
link
href
https://www.admissions.caltech.edu/afford
cost
amp
aid
graduate
admissions
class
slide
menu
level
3
link
href
http://www.gradoffice.caltech.edu/admissions
apply
class
slide
menu
level
3
link
href
funding
amp
aid
campus
life
amp
events
back
class
slide
menu
level
2
link
href
institute
calendar
class
slide
menu
level
2
link
href
caltech
today
class
slide
menu
level
2
link
href
http://gocaltech.com/landing/index
athletics
amp
recreation
class
slide
menu
level
2
link
href
http://events.caltech.edu/
events
caltechlive
class
slide
menu
level
2
link
href
http://pva.caltech.edu/
performing
amp
visual
arts
class
slide
menu
level
2
link
href
http://housing.caltech.edu/
housing
class
slide
menu
level
2
link
href
http://dining.caltech.edu/
dining
class
slide
menu
level
2
link
href
https://www.caltechy.org/
caltech
class
slide
menu
level
2
link
href
http://wellness.caltech.edu/
wellness
services
class
slide
menu
level
2
link
href
http://diversity.caltech.edu/
diversity
center
class
slide
menu
level
2
link
href
http://security.caltech.edu/
security
class
slide
menu
level
2
link
href
emergency
information
img
alt
class
header
search
icon
src
static
wagtail
menu
img
icon
search
png
form
id
search
form
class
header
search
form
action
search
method
get
search
input
class
header
search
form
query
type
search
name
value
autocorrect
off
autocapitalize
off
autocomplete
off
spellcheck
false
search
source
srcset
type
image
avif
media
min
width
px
source
srcset
media
min
width
px
source
srcset
type
image
avif
source
srcset
img
alt
photo
of
fireworks
over
beckman
auditorium
class
image
carousel
header
image
decoding
async
height
loading
lazy
src
width
source
srcset
type
image
avif
media
min
width
px
source
srcset
media
min
width
px
source
srcset
type
image
avif
source
srcset
img
alt
photo
of
people
at
the
red
door
cafe
patio
class
image
carousel
header
image
decoding
async
height
loading
lazy
src
width
source
srcset
type
image
avif
media
min
width
px
source
srcset
media
min
width
px
source
srcset
type
image
avif
source
srcset
img
alt
photo
of
panelists
on
stage
at
beckman
auditorium
during
the
seismo
centennial
event
class
image
carousel
header
image
decoding
async
height
loading
lazy
src
width
source
srcset
type
image
avif
media
min
width
px
source
srcset
media
min
width
px
source
srcset
type
image
avif
source
srcset
img
alt
photo
of
people
at
beckman
mall
celebrating
holi
class
image
carousel
header
image
decoding
async
height
loading
lazy
src
width
source
srcset
type
image
avif
media
min
width
px
source
srcset
media
min
width
px
source
srcset
type
image
avif
source
srcset
img
alt
photo
of
group
of
people
on
the
lawn
in
front
of
the
red
door
cafe
class
image
carousel
header
image
decoding
async
height
loading
lazy
src
width
campus
life
amp
events
slide
1
slide
2
slide
3
slide
4
slide
5
autoplay
carousel
img
class
image
carousel
header
carousel
control
icon
src
static
airspace
img
icon
chevron
white
left
png
alt
previous
img
class
image
carousel
header
carousel
control
icon
src
static
airspace
img
icon
chevron
white
right
png
alt
next
related
pages
img
class
sidebar
menu
block
burger
src
static
wagtail
menu
img
menu
burger
png
alt
open
sidebar
menu
close
class
sidebar
menu
block
level
1
link
href
campus
life
events
campus
life
amp
events
class
sidebar
menu
block
level
2
link
href
campus
life
events
calendar
institute
calendar
class
sidebar
menu
block
level
2
link
href
campus
life
events
caltech
today
caltech
today
class
sidebar
menu
block
level
2
link
href
http://gocaltech.com/landing/index
athletics
amp
recreation
class
sidebar
menu
block
level
2
link
href
http://events.caltech.edu/
events
caltechlive
class
sidebar
menu
block
level
2
link
href
http://pva.caltech.edu/
performing
amp
visual
arts
class
sidebar
menu
block
level
2
link
href
http://housing.caltech.edu/
housing
class
sidebar
menu
block
level
2
link
href
http://dining.caltech.edu/
dining
class
sidebar
menu
block
level
2
link
href
https://www.caltechy.org/
caltech
class
sidebar
menu
block
level
2
link
href
http://wellness.caltech.edu/
wellness
services
class
sidebar
menu
block
level
2
link
href
http://diversity.caltech.edu/
diversity
center
class
sidebar
menu
block
level
2
link
href
http://security.caltech.edu/
security
class
sidebar
menu
block
level
2
link
href
campus
life
events
emergency
information
emergency
information
caltech
is
small
collaborative
community
where
faculty
postdoctoral
scholars
students
and
staff
from
diverse
backgrounds
cultures
and
experiences
live
work
and
engage
with
one
another
together
they
remain
committed
to
setting
the
example
of
what
its
intertwined
missions
of
research
and
education
can
accomplish
caltech
is
an
integral
part
of
pasadena
together
with
jpl
we
are
the
city
largest
employer
and
source
of
programs
that
benefit
our
neighbors
teachers
businesses
families
cultural
centers
and
government
to
stay
up
to
date
on
upcoming
events
and
the
latest
community
news
visit
href
campus
life
events
caltech
today
caltech
today
or
subscribe
to
href
caltech
weekly
the
caltech
weekly
aria
hidden
true
tabindex
1
href
campus
life
events
master
calendar
filter
date
start
amp
date
end
amp
type
public
amp
search
amp
past
0
amp
mc
1
img
alt
photo
of
michael
roukes
class
promotion
block
image
img
fluid
card
img
top
decoding
async
height
loading
lazy
src
width
href
campus
life
events
master
calendar
filter
date
start
amp
date
end
amp
type
public
amp
search
amp
past
0
amp
mc
1
public
events
series
aria
hidden
true
tabindex
1
href
http://associates.caltech.edu/
img
alt
photo
of
caltech
associates
class
promotion
block
image
img
fluid
card
img
top
decoding
async
height
loading
lazy
src
width
href
http://associates.caltech.edu/
caltech
associates
aria
hidden
true
tabindex
1
href
http://externalrelations.caltech.edu/
img
alt
photo
of
beckman
auditorium
caltech
class
promotion
block
image
img
fluid
card
img
top
decoding
async
height
loading
lazy
src
width
href
http://externalrelations.caltech.edu/
external
relations
aria
hidden
true
tabindex
1
href
http://gocaltech.com/landing/index
img
alt
soccer
players
class
promotion
block
image
img
fluid
card
img
top
decoding
async
height
loading
lazy
src
width
href
http://gocaltech.com/landing/index
athletics
amp
recreation
aria
hidden
true
tabindex
1
href
http://pva.caltech.edu/
img
alt
caltech
theater
production
class
promotion
block
image
img
fluid
card
img
top
decoding
async
height
loading
lazy
src
width
href
http://pva.caltech.edu/
performing
amp
visual
arts
aria
hidden
true
tabindex
1
href
http://diversity.caltech.edu/
img
alt
members
of
caltech
center
for
diversity
class
promotion
block
image
img
fluid
card
img
top
decoding
async
height
loading
lazy
src
width
href
http://diversity.caltech.edu/
center
for
diversity
events
class
events
block
header
link
href
campus
life
events
calendar
all
events
august
26
pm
class
events
block
events
event
title
link
href
campus
life
events
calendar
journaling
workshop
1
journaling
workshop
august
26
pm
class
events
block
events
event
title
link
href
campus
life
events
calendar
charge
up
entrepreneurship
series
18
charge
up
entrepreneurship
series
class
events
block
events
event
location
link
href
map
campus
earle
jorgensen
laboratory
jorgensen
august
30
am
class
events
block
events
event
title
link
href
campus
life
events
calendar
end
of
summer
term
end
of
summer
term
september
2
am
class
events
block
events
event
title
link
href
campus
life
events
calendar
labor
day
institute
holiday
19
labor
day
institute
holiday
september
2
am
class
events
block
events
event
title
link
href
campus
life
events
calendar
credit
union
closure
credit
union
closure
multiple
locations
see
event
detail
for
more
information
september
9
am
class
events
block
events
event
title
link
href
campus
life
events
calendar
kiss
short
course
sample
return
from
all
across
the
solar
system
kiss
short
course
sample
return
from
all
across
the
solar
system
class
events
block
events
event
location
link
href
map
campus
cahill
center
for
astronomy
and
astrophysics
cahill
hameetman
auditorium
acres
comprise
caltech
campus
gt
student
clubs
and
sports
organizations
16
division
iii
varsity
teams
77
average
high
temperature
img
class
stats
block
carousel
control
icon
src
static
airspace
img
icon
chevron
white
left
png
alt
previous
img
class
stats
block
carousel
control
icon
src
static
airspace
img
icon
chevron
white
right
png
alt
next
class
instagram
block
post
href
https://www.instagram.com/p/C-3B-X-Bcdr/
img
class
instagram
block
post
image
img
img
fluid
alt
instagram
post
1
src
nc
cat
amp
ccb
amp
nc
sid
18
de
74
amp
nc
ohc
ru
sdxgm
63
oq
7
knvggoc
sc
amp
nc
ht
scontent
sea
cdninstagram
com
amp
edm
ano
ceaaaa
amp
oh
00
aycp
6
gxlbgkdvitf
0
rw
1
purzjiz
oori
1
uxpoxohivcg
amp
oe
af
22
class
instagram
block
post
href
https://www.instagram.com/p/C-qdpufv34z/
img
class
instagram
block
post
image
img
img
fluid
alt
instagram
post
2
src
nc
cat
amp
ccb
amp
nc
sid
18
de
74
amp
nc
ohc
hlwdpv
2
marcq
7
knvggawgq
6
amp
nc
ht
scontent
sea
cdninstagram
com
amp
edm
ano
ceaaaa
amp
oh
00
aycly
8
ldoahuildbzwuqnrxzvfaiygqnuhjoppfctfg
yq
amp
oe
class
instagram
block
post
href
https://www.instagram.com/reel/C-llGgUtO1Y/
img
class
instagram
block
post
image
img
img
fluid
alt
instagram
post
3
src
nc
cat
amp
ccb
amp
nc
sid
18
de
74
amp
nc
ohc
bqybomcc
7
knvgepbi
8
amp
nc
ht
scontent
sea
cdninstagram
com
amp
edm
ano
ceaaaa
amp
oh
00
aydzvarsicii
8
gtfeoclajnwb
9
ue
86
avmrnnqhgnakxadq
amp
oe
caltechscienceexchange
class
instagram
block
post
href
https://www.instagram.com/p/C-drENyh_-S/
img
class
instagram
block
post
image
img
img
fluid
alt
instagram
post
4
src
nc
cat
amp
ccb
amp
nc
sid
18
de
74
amp
nc
ohc
2
zu
bdvkq
7
knvgefvjhb
amp
nc
ht
scontent
sea
cdninstagram
com
amp
edm
ano
ceaaaa
amp
oh
00
ayck
6
wfmbb
upogujqe
6
hy
9
cl
2
ynslk
2
cf
1
sf
7
tha
amp
oe
11
connect
with
us
stay
up
to
date
on
the
latest
from
caltech
class
mx
auto
my
auto
href
facebook
class
mx
auto
my
auto
href
http://twitter.com/caltech
class
mx
auto
my
auto
href
https://www.instagram.com/caltechedu
instagram
class
mx
auto
my
auto
href
http://www.youtube.com/caltech
youtube
class
mx
auto
my
auto
href
https://www.coursera.org/caltech
svg
xmlns
http://www.w3.org/2000/svg
xmlns
xlink
http://www.w3.org/1999/xlink
0
px
0
px
viewbox
xml
space
preserve
path
fill
rgb
6
3
4
4
4
coursera
class
mx
auto
my
auto
href
https://www.edx.org/school/caltechx
svg
viewbox
xmlns
http://www.w3.org/2000/svg
xmlns
xlink
http://www.w3.org/1999/xlink
edx
the
edx
logo
is
comprised
of
red
letter
grey
and
blue
uppercase
all
slightly
overlapping
each
other
the
is
slightly
transparent
path
id
path
stroke
width
1
stroke
none
fill
rgb
fill
rule
evenodd
5
path
id
path
stroke
width
1
stroke
none
fill
rgb
fill
rule
evenodd
31
1
31
4
8
5
1
path
id
path
stroke
width
1
stroke
none
fill
rgb
fill
rule
evenodd
1
1
edx
img
alt
class
footer
torch
src
static
theme
img
flame
png
img
alt
caltech
class
footer
left
caltech
wordmark
src
static
core
img
caltech
new
logo
png
california
institute
of
technology
img
class
footer
right
map
marker
src
static
theme
img
icon
footerpin
png
alt
east
california
boulevard
pasadena
california
class
footer
menu
link
href
contact
aria
label
contact
us
contact
us
class
footer
menu
link
href
claimed
copyright
infringement
aria
label
claimed
copyright
infringement
claimed
copyright
infringement
class
footer
menu
link
href
privacy
notice
aria
label
privacy
notice
privacy
notice
class
footer
menu
link
href
digital
accessibility
aria
label
digital
accessibility
digital
accessibility
site
content
copyright
copy
script
src
static
theme
js
anchor
js
anchors
options
icon
visible
hover
titletext
right
click
here
and
choose
copy
link
to
get
link
to
this
part
of
the
page
anchors
add
rich
text
1
rich
text
2
rich
text
3
rich
text
4
rich
text
5
rich
text
6
heading
block
