doctype
html
meta
http
equiv
ua
compatible
content
ie
edge
quick
links
for
faculty
www
caltech
edu
link
rel
shortcut
icon
href
static
core
img
favicon
75
png
5
generic
favicons
link
rel
icon
href
static
core
img
favicon
32
png
5
sizes
link
rel
icon
href
static
core
img
favicon
57
png
5
sizes
link
rel
icon
href
static
core
img
favicon
76
png
5
sizes
link
rel
icon
href
static
core
img
favicon
96
png
5
sizes
link
rel
icon
href
static
core
img
favicon
png
5
sizes
link
rel
icon
href
static
core
img
favicon
png
5
sizes
link
rel
icon
href
static
core
img
favicon
png
5
sizes
android
link
rel
shortcut
icon
sizes
href
static
core
img
favicon
png
5
ios
link
rel
apple
touch
icon
href
static
core
img
favicon
png
5
sizes
link
rel
apple
touch
icon
href
static
core
img
favicon
png
5
sizes
link
rel
apple
touch
icon
href
static
core
img
favicon
png
5
sizes
windows
8
ie
10
meta
name
msapplication
tileimage
content
static
core
img
favicon
png
5
windows
ie
11
and
above
meta
name
msapplication
config
content
static
core
img
browserconfig
xml
5
base
css
link
rel
stylesheet
href
link
rel
stylesheet
href
link
rel
stylesheet
href
static
cache
css
output
css
type
text
css
end
base
css
site
type
css
end
site
type
css
extra
css
end
extra
css
global
site
tag
gtag
js
google
analytics
script
async
src
https://www.googletagmanager.com/gtag/js
id
7
rl
83
ex
window
datalayer
window
datalayer
function
gtag
datalayer
push
arguments
gtag
js
new
date
gtag
config
7
rl
83
ex
anonymize
ip
true
gtag
config
ua
anonymize
ip
true
end
google
analytics
google
tag
manager
function
push
gtm
start
new
date
gettime
event
gtm
js
var
getelementsbytagname
0
createelement
dl
datalayer
async
true
src
https://www.googletagmanager.com/gtm.js
id
dl
parentnode
insertbefore
window
document
script
datalayer
gtm
4
end
google
tag
manager
facebook
pixel
code
function
if
fbq
return
fbq
function
callmethod
callmethod
apply
arguments
queue
push
arguments
if
fbq
fbq
push
loaded
0
version
queue
createelement
async
0
src
getelementsbytagname
0
parentnode
insertbefore
window
document
script
fbq
init
fbq
track
pageview
suppress
htmlrequiredaltattribute
img
height
1
width
1
style
display
none
src
https://www.facebook.com/tr
id
ev
pageview
noscript
1
end
facebook
pixel
code
base
js
script
src
script
defer
src
static
airspace
js
jquery
mousewheel
min
js
script
async
src
config
tex
mml
am
chtml
script
defer
src
script
src
https://cdn.jsdelivr.net/npm/apexcharts
these
are
the
url
for
the
datatables
version
that
support
bootstrap
4
responsive
script
src
script
src
script
src
script
src
static
cache
js
output
aeca
js
script
src
static
cache
js
output
2
fa
fa
js
defer
end
base
js
site
type
js
script
src
static
cache
js
output
js
defer
end
site
type
js
extra
js
end
extra
js
google
tag
manager
noscript
iframe
src
https://www.googletagmanager.com/ns.html
id
gtm
4
height
0
width
0
style
display
none
visibility
hidden
end
google
tag
manager
noscript
path
0
0
zm
zm
0
zm
3
path
48
zm
88
8
path
5
1
54
54
21
path
13
1
54
04
path
1
1
1
75
1
28
25
path
13
1
54
29
path
1
54
1
path
0
1
2
1
1
zm
0
1
2
1
1
zm
2
1
1
path
1
5
0
0
zm
1
5
0
0
zm
1
5
0
0
zm
1
1
25
1
75
zm
0
0
zm
0
1
5
path
4
6
1
1
3
1
zm
2
4
zm
circle
cx
1
cy
8
1
circle
cx
4
cy
8
1
circle
cx
7
cy
8
1
path
1
1
path
1
1
1
1
1
zm
zm
5
5
25
25
5
5
5
1
1
zm
0
5
5
25
25
5
5
5
1
1
zm
8
5
5
25
25
5
5
5
1
zm
5
5
25
25
5
5
5
1
1
zm
12
5
5
25
25
5
5
5
1
zm
0
5
5
25
25
5
5
5
1
1
path
1
1
1
1
1
zm
zm
5
2
path
0
1
1
0
1
1
1
zm
5
path
path
zm
path
zm
5
0
75
75
0
75
75
2
2
0
2
2
0
75
path
zm
zm
5
path
2
0
5
zm
25
1
75
75
1
zm
1
75
75
1
zm
1
1
1
zm
10
4
1
5
0
zm
4
1
5
0
path
5
1
1
1
zm
zm
04
path
0
1
1
25
47
28
25
1
1
0
1
78
1
zm
path
0
1
1
1
44
44
17
88
1
61
17
39
1
61
17
1
61
17
1
44
44
17
0
22
0
zm
zm
27
17
22
1
17
61
22
44
44
17
34
1
44
88
1
61
0
1
0
1
0
61
49
zm
rect
width
2
height
12
14
rx
1
transform
rotate
path
1
36
1
rect
width
2
height
12
14
rx
1
transform
rotate
path
1
1
path
zm
35
82
path
0
0
path
37
path
fill
fff
0
0
path
0
37
zm
1
0
0
zm
0
1
0
zm
0
1
0
0
path
5
5
2
2
5
zm
7
zm
5
0
25
25
5
5
5
path
13
1
13
1
path
0
1
1
1
1
zm
1
1
1
0
1
1
1
1
1
zm
0
1
1
1
1
1
0
1
1
1
path
25
9
0
zm
5
zm
zm
72
path
1
1
1
1
1
zm
zm
2
5
5
25
25
5
5
5
3
path
5
zm
zm
5
zm
circle
cx
8
cy
1
path
0
0
0
3
75
25
zm
path
4
zm
4
4
path
4
zm
10
1
5
5
path
zm
0
5
4
1
1
zm
9
5
1
5
0
zm
5
1
5
0
zm
5
1
5
path
zm
4
1
5
zm
5
0
75
75
75
0
zm
11
0
0
5
0
75
75
75
path
75
75
zm
0
75
75
zm
75
75
path
13
1
1
0
1
1
zm
1
75
75
1
zm
12
5
4
0
1
path
4
zm
10
1
5
5
rect
width
height
1
rx
5
transform
rotate
69
rect
width
height
1
rx
5
transform
rotate
69
rect
width
height
1
rx
5
transform
rotate
rect
width
height
1
rx
5
transform
rotate
path
zm
1
path
zm
rect
width
2
height
12
5
rx
1
path
1
1
1
77
path
5
5
6
5
path
2
25
25
5
5
0
17
path
0
5
5
6
zm
0
6
path
97
zm
0
12
1
5
0
8
path
75
zm
0
0
75
zm
0
0
0
zm
25
0
0
0
zm
0
0
3
25
zm
0
0
3
25
zm
0
0
3
25
path
80
9
6
6
3
2
1
2
1
6
3
5
2
1
1
2
3
1
9
8
7
8
7
8
zm
6
5
5
9
zm
9
5
5
path
0
1
0
2
zm
2
0
zm
5
zm
zm
5
zm
1
0
25
0
zm
1
5
zm
75
zm
0
path
zm
zm
zm
zm
zm
path
zm
zm
0
78
zm
0
path
1
1
1
1
1
1
1
1
1
25
zm
75
5
path
1
1
1
93
1
1
1
1
1
43
1
25
zm
53
path
1
1
1
1
5
1
1
1
66
1
1
1
25
zm
path
1
1
1
1
69
1
1
1
1
1
25
zm
6
zm
path
1
1
1
1
1
1
1
1
1
25
zm
54
37
0
43
path
1
1
1
71
1
71
1
1
1
1
21
1
25
zm
zm
0
39
path
zm
5
1
1
1
zm
1
1
75
75
78
0
0
1
1
75
path
75
0
25
8
zm
1
75
4
path
0
25
0
0
1
1
75
1
path
1
12
zm
2
5
zm
1
1
25
path
zm
1
1
1
zm
8
1
75
75
75
5
1
75
75
1
5
1
1
path
1
3
1
7
1
1
1
path
3
zm
path
1
3
1
2
2
zm
0
11
5
5
75
0
75
75
path
1
44
05
54
zm
1
1
0
54
78
22
1
05
84
path
0
1
1
1
zm
22
3
3
97
93
0
52
zm
1
0
7
1
zm
0
7
1
zm
1
0
7
1
path
79
zm
0
1
zm
0
1
zm
0
1
zm
zm
0
path
3
2
path
2
3
2
5
zm
path
25
1
0
0
25
zm
2
1
1
0
2
1
path
1
0
zm
2
1
3
1
0
1
path
2
5
zm
2
path
zm
0
75
0
0
0
path
9
11
1
1
path
0
7
zm
1
1
1
zm
7
path
61
1
1
1
zm
22
0
1
0
zm
28
path
1
2
1
zm
1
2
1
path
15
1
0
path
8
1
1
72
path
0
1
2
0
5
1
5
1
1
zm
0
0
8
zm
5
1
75
75
1
zm
1
1
3
25
25
path
1
25
1
25
1
75
1
75
75
0
25
zm
path
1
1
1
93
1
71
75
path
0
0
1
0
1
1
3
path
zm
1
path
zm
5
0
75
75
0
75
75
2
2
0
2
2
0
75
path
1
1
1
path
zm
5
path
path
0
0
75
75
zm
5
0
1
0
circle
cx
cy
path
path
0
25
25
0
1
1
zm
10
1
path
25
zm
5
0
0
0
25
path
5
75
zm
path
zm
25
25
22
75
1
53
25
0
5
5
0
zm
0
path
zm
zm
5
zm
zm
zm
path
2
25
25
5
5
0
path
0
5
zm
13
5
zm
zm
5
5
zm
zm
zm
path
10
zm
5
03
5
75
0
0
5
0
75
75
path
4
0
5
1
5
0
1
1
14
zm
1
25
5
1
1
1
0
1
1
5
5
path
zm
path
2
0
5
1
5
0
1
1
6
zm
1
25
5
1
1
1
0
1
1
5
5
path
2
zm
zm
zm
5
3
zm
path
1
zm
1
1
1
zm
path
zm
5
1
1
1
path
5
1
zm
10
1
zm
0
1
9
1
1
zm
0
1
9
1
1
zm
0
1
7
1
1
zm
5
13
path
fill
rule
evenodd
0
28
44
28
zm
0
0
zm
0
clip
rule
evenodd
path
path
0
5
0
1
1
38
1
85
03
85
1
zm
0
1
path
3
zm
path
zm
0
2
03
25
75
75
0
8
path
0
3
1
1
5
5
1
2
1
1
2
1
1
1
1
5
1
1
path
0
1
1
zm
1
0
1
1
zm
1
75
75
1
path
zm
path
3
11
zm
41
zm
path
zm
1
4
10
1
75
75
4
zm
1
13
skip
to
main
content
class
header
utility
menu
link
id
utility
menu
1
href
about
visit
plan
your
visit
visit
class
header
utility
menu
link
id
utility
menu
2
href
https://hr.caltech.edu/careers
careers
class
header
utility
menu
link
id
utility
menu
3
href
https://access.caltech.edu/
access
quick
links
img
class
header
utility
menu
opener
icon
src
static
wagtail
menu
img
icon
chevron
grey
png
alt
img
class
header
utility
menu
opener
icon
chevron
orange
src
static
wagtail
menu
img
icon
chevron
orange
png
alt
class
header
utility
menu
dropdown
item
dropdown
item
href
quick
links
faculty
for
faculty
class
header
utility
menu
dropdown
item
dropdown
item
href
quick
links
students
for
students
class
header
utility
menu
dropdown
item
dropdown
item
href
quick
links
staff
for
staff
class
header
utility
menu
dropdown
item
dropdown
item
href
quick
links
alumni
for
alumni
class
header
utility
menu
link
id
utility
menu
5
href
https://directory.caltech.edu/
directory
class
header
utility
menu
link
id
utility
menu
6
href
campus
life
events
caltech
today
caltech
today
class
header
utility
menu
link
id
utility
menu
7
href
https://www.alumni.caltech.edu/
alumni
class
header
utility
menu
link
header
utility
menu
link
highlight
id
utility
menu
8
href
https://giving.caltech.edu/
give
class
header
homepage
link
mr
auto
href
img
alt
caltech
class
header
wordmark
src
static
core
img
caltech
new
logo
png
class
header
main
menu
level
1
link
href
about
about
open
about
submenu
class
header
main
menu
level
2
link
href
about
at
glance
at
glance
open
at
glance
submenu
class
header
main
menu
level
3
link
href
about
university
and
college
rankings
university
and
college
rankings
leadership
open
leadership
submenu
class
header
main
menu
level
3
link
href
http://president.caltech.edu/
president
class
header
main
menu
level
3
link
href
http://provost.caltech.edu/
provost
class
header
main
menu
level
3
link
href
http://bot.caltech.edu/
board
of
trustees
class
header
main
menu
level
3
link
href
about
leadership
academic
and
administrative
leadership
academic
and
administrative
leadership
values
open
values
submenu
class
header
main
menu
level
3
link
href
https://inclusive.caltech.edu/
diversity
equity
and
inclusion
class
header
main
menu
level
3
link
href
https://sustainability.caltech.edu/
sustainability
class
header
main
menu
level
3
link
href
about
values
freedom
expression
freedom
of
expression
class
header
main
menu
level
3
link
href
https://www.deans.caltech.edu/HonorCode
honor
code
legacy
open
legacy
submenu
class
header
main
menu
level
3
link
href
about
legacy
history
milestones
history
amp
milestones
class
header
main
menu
level
3
link
href
about
legacy
awards
and
honors
awards
amp
honors
class
header
main
menu
level
3
link
href
http://archives.caltech.edu/
caltech
archives
class
header
main
menu
level
3
link
href
map
history
interactive
history
map
class
header
main
menu
level
2
link
href
about
news
news
publications
open
publications
submenu
class
header
main
menu
level
3
link
href
https://scienceexchange.caltech.edu/
caltech
science
exchange
class
header
main
menu
level
3
link
href
https://thisis.caltech.edu
this
is
caltech
class
header
main
menu
level
3
link
href
https://magazine.caltech.edu/
caltech
magazine
class
header
main
menu
level
3
link
href
documents
10
periodic
table
of
caltech
pdf
periodic
table
of
caltech
visit
open
visit
submenu
class
header
main
menu
level
3
link
href
about
visit
directions
directions
class
header
main
menu
level
3
link
href
about
visit
campus
maps
campus
maps
class
header
main
menu
level
3
link
href
http://parking.caltech.edu/
parking
class
header
main
menu
level
3
link
href
about
visit
tours
tours
class
header
main
menu
level
2
link
href
about
offices
departments
administrative
offices
amp
departments
class
header
main
menu
level
1
link
href
research
research
open
research
submenu
academic
divisions
open
academic
divisions
submenu
class
header
main
menu
level
3
link
href
http://www.bbe.caltech.edu/
biology
and
biological
engineering
class
header
main
menu
level
3
link
href
http://www.cce.caltech.edu/
chemistry
and
chemical
engineering
class
header
main
menu
level
3
link
href
http://eas.caltech.edu/
engineering
amp
applied
science
class
header
main
menu
level
3
link
href
http://www.gps.caltech.edu/
geological
amp
planetary
sciences
class
header
main
menu
level
3
link
href
http://www.hss.caltech.edu/
humanities
and
social
sciences
class
header
main
menu
level
3
link
href
http://pma.caltech.edu/
physics
mathematics
and
astronomy
class
header
main
menu
level
2
link
href
research
jpl
jet
propulsion
laboratory
class
header
main
menu
level
2
link
href
https://sfp.caltech.edu/
student
research
class
header
main
menu
level
2
link
href
research
centers
institutes
centers
amp
institutes
class
header
main
menu
level
2
link
href
http://innovation.caltech.edu/
technology
transfer
amp
corporate
partnerships
class
header
main
menu
level
2
link
href
http://researchadministration.caltech.edu/
sponsored
research
class
header
main
menu
level
2
link
href
research
research
facilities
research
facilities
class
header
main
menu
level
2
link
href
research
faculty
listing
faculty
listing
class
header
main
menu
level
1
link
href
academics
academics
open
academics
submenu
class
header
main
menu
level
2
link
href
https://www.deans.caltech.edu/
undergraduate
studies
class
header
main
menu
level
2
link
href
http://www.gradoffice.caltech.edu/
graduate
studies
class
header
main
menu
level
2
link
href
http://online.caltech.edu/courses
online
education
class
header
main
menu
level
2
link
href
https://ctme.caltech.edu/
executive
education
class
header
main
menu
level
2
link
href
http://ctlo.caltech.edu/
teaching
learning
amp
outreach
resources
open
resources
submenu
class
header
main
menu
level
3
link
href
http://www.registrar.caltech.edu/
registrar
class
header
main
menu
level
3
link
href
http://www.catalog.caltech.edu/
catalog
class
header
main
menu
level
3
link
href
academics
resources
academic
calendar
academic
calendar
class
header
main
menu
level
3
link
href
https://www.library.caltech.edu/
library
class
header
main
menu
level
3
link
href
http://international.caltech.edu/
international
offices
class
header
main
menu
level
3
link
href
http://career.caltech.edu/
career
development
class
header
main
menu
level
1
link
href
admissions
aid
admissions
amp
aid
open
admissions
amp
aid
submenu
undergraduate
admissions
open
undergraduate
admissions
submenu
class
header
main
menu
level
3
link
href
http://www.admissions.caltech.edu/
apply
class
header
main
menu
level
3
link
href
https://www.admissions.caltech.edu/afford
cost
amp
aid
graduate
admissions
open
graduate
admissions
submenu
class
header
main
menu
level
3
link
href
http://www.gradoffice.caltech.edu/admissions
apply
class
header
main
menu
level
3
link
href
funding
amp
aid
class
header
main
menu
level
1
link
href
campus
life
events
campus
life
amp
events
open
campus
life
amp
events
submenu
class
header
main
menu
level
2
link
href
campus
life
events
calendar
institute
calendar
class
header
main
menu
level
2
link
href
campus
life
events
caltech
today
caltech
today
class
header
main
menu
level
2
link
href
http://gocaltech.com/landing/index
athletics
amp
recreation
class
header
main
menu
level
2
link
href
http://events.caltech.edu/
events
caltechlive
class
header
main
menu
level
2
link
href
http://pva.caltech.edu/
performing
amp
visual
arts
class
header
main
menu
level
2
link
href
http://housing.caltech.edu/
housing
class
header
main
menu
level
2
link
href
http://dining.caltech.edu/
dining
class
header
main
menu
level
2
link
href
https://www.caltechy.org/
caltech
class
header
main
menu
level
2
link
href
http://wellness.caltech.edu/
wellness
services
class
header
main
menu
level
2
link
href
http://diversity.caltech.edu/
diversity
center
class
header
main
menu
level
2
link
href
http://security.caltech.edu/
security
class
header
main
menu
level
2
link
href
campus
life
events
emergency
information
emergency
information
suppress
htmlwrongattributevalue
img
alt
class
header
search
icon
src
static
wagtail
menu
img
icon
search
png
form
id
search
form
class
header
search
form
action
search
method
get
search
input
class
header
search
form
query
type
search
name
value
autocorrect
off
autocapitalize
off
autocomplete
off
spellcheck
false
search
menu
img
aria
label
open
main
menu
class
slide
menu
burger
src
static
wagtail
menu
img
menu
burger
png
close
class
slide
menu
level
1
link
href
https://www.caltech.edu/about
about
open
about
submenu
class
slide
menu
level
1
link
href
https://www.caltech.edu/research
research
open
research
submenu
class
slide
menu
level
1
link
href
https://www.caltech.edu/academics
academics
open
academics
submenu
class
slide
menu
level
1
link
href
https://www.caltech.edu/admissions-aid
admissions
amp
aid
open
admissions
amp
aid
submenu
class
slide
menu
level
1
link
href
https://www.caltech.edu/campus-life-events
campus
life
amp
events
open
campus
life
amp
events
submenu
class
slide
menu
utility
menu
link
href
about
visit
plan
your
visit
visit
class
slide
menu
utility
menu
link
href
https://hr.caltech.edu/careers
careers
class
slide
menu
utility
menu
link
href
https://access.caltech.edu/
access
quick
links
class
slide
menu
utility
menu
submenu
link
href
quick
links
faculty
for
faculty
class
slide
menu
utility
menu
submenu
link
href
quick
links
students
for
students
class
slide
menu
utility
menu
submenu
link
href
quick
links
staff
for
staff
class
slide
menu
utility
menu
submenu
link
href
quick
links
alumni
for
alumni
class
slide
menu
utility
menu
link
href
https://directory.caltech.edu/
directory
class
slide
menu
utility
menu
link
href
campus
life
events
caltech
today
caltech
today
class
slide
menu
utility
menu
link
href
https://www.alumni.caltech.edu/
alumni
class
slide
menu
utility
menu
link
href
https://giving.caltech.edu/
give
about
caltech
back
class
slide
menu
level
2
link
href
https://www.caltech.edu/about/at-a-glance
at
glance
class
slide
menu
level
3
link
href
about
university
and
college
rankings
university
and
college
rankings
leadership
class
slide
menu
level
3
link
href
http://president.caltech.edu/
president
class
slide
menu
level
3
link
href
http://provost.caltech.edu/
provost
class
slide
menu
level
3
link
href
http://bot.caltech.edu/
board
of
trustees
class
slide
menu
level
3
link
href
academic
and
administrative
leadership
values
class
slide
menu
level
3
link
href
https://inclusive.caltech.edu/
diversity
equity
and
inclusion
class
slide
menu
level
3
link
href
https://sustainability.caltech.edu/
sustainability
class
slide
menu
level
3
link
href
about
values
freedom
expression
freedom
of
expression
class
slide
menu
level
3
link
href
https://www.deans.caltech.edu/HonorCode
honor
code
legacy
class
slide
menu
level
3
link
href
history
amp
milestones
class
slide
menu
level
3
link
href
awards
amp
honors
class
slide
menu
level
3
link
href
http://archives.caltech.edu/
caltech
archives
class
slide
menu
level
3
link
href
map
history
interactive
history
map
class
slide
menu
level
2
link
href
https://www.caltech.edu/about/news
news
publications
class
slide
menu
level
3
link
href
https://scienceexchange.caltech.edu/
caltech
science
exchange
class
slide
menu
level
3
link
href
https://thisis.caltech.edu
this
is
caltech
class
slide
menu
level
3
link
href
https://magazine.caltech.edu/
caltech
magazine
class
slide
menu
level
3
link
href
documents
10
periodic
table
of
caltech
pdf
periodic
table
of
caltech
visit
class
slide
menu
level
3
link
href
directions
class
slide
menu
level
3
link
href
campus
maps
class
slide
menu
level
3
link
href
http://parking.caltech.edu/
parking
class
slide
menu
level
3
link
href
https://www.caltech.edu/about/visit/tours
tours
class
slide
menu
level
2
link
href
administrative
offices
amp
departments
research
back
academic
divisions
class
slide
menu
level
3
link
href
http://www.bbe.caltech.edu/
biology
and
biological
engineering
class
slide
menu
level
3
link
href
http://www.cce.caltech.edu/
chemistry
and
chemical
engineering
class
slide
menu
level
3
link
href
http://eas.caltech.edu/
engineering
amp
applied
science
class
slide
menu
level
3
link
href
http://www.gps.caltech.edu/
geological
amp
planetary
sciences
class
slide
menu
level
3
link
href
http://www.hss.caltech.edu/
humanities
and
social
sciences
class
slide
menu
level
3
link
href
http://pma.caltech.edu/
physics
mathematics
and
astronomy
class
slide
menu
level
2
link
href
https://www.caltech.edu/research/jpl
jet
propulsion
laboratory
class
slide
menu
level
2
link
href
https://sfp.caltech.edu/
student
research
class
slide
menu
level
2
link
href
centers
amp
institutes
class
slide
menu
level
2
link
href
http://innovation.caltech.edu/
technology
transfer
amp
corporate
partnerships
class
slide
menu
level
2
link
href
http://researchadministration.caltech.edu/
sponsored
research
class
slide
menu
level
2
link
href
research
facilities
class
slide
menu
level
2
link
href
faculty
listing
academics
back
class
slide
menu
level
2
link
href
https://www.deans.caltech.edu/
undergraduate
studies
class
slide
menu
level
2
link
href
http://www.gradoffice.caltech.edu/
graduate
studies
class
slide
menu
level
2
link
href
http://online.caltech.edu/courses
online
education
class
slide
menu
level
2
link
href
https://ctme.caltech.edu/
executive
education
class
slide
menu
level
2
link
href
http://ctlo.caltech.edu/
teaching
learning
amp
outreach
resources
class
slide
menu
level
3
link
href
http://www.registrar.caltech.edu/
registrar
class
slide
menu
level
3
link
href
http://www.catalog.caltech.edu/
catalog
class
slide
menu
level
3
link
href
academic
calendar
class
slide
menu
level
3
link
href
https://www.library.caltech.edu/
library
class
slide
menu
level
3
link
href
http://international.caltech.edu/
international
offices
class
slide
menu
level
3
link
href
http://career.caltech.edu/
career
development
admissions
amp
aid
back
undergraduate
admissions
class
slide
menu
level
3
link
href
http://www.admissions.caltech.edu/
apply
class
slide
menu
level
3
link
href
https://www.admissions.caltech.edu/afford
cost
amp
aid
graduate
admissions
class
slide
menu
level
3
link
href
http://www.gradoffice.caltech.edu/admissions
apply
class
slide
menu
level
3
link
href
funding
amp
aid
campus
life
amp
events
back
class
slide
menu
level
2
link
href
institute
calendar
class
slide
menu
level
2
link
href
caltech
today
class
slide
menu
level
2
link
href
http://gocaltech.com/landing/index
athletics
amp
recreation
class
slide
menu
level
2
link
href
http://events.caltech.edu/
events
caltechlive
class
slide
menu
level
2
link
href
http://pva.caltech.edu/
performing
amp
visual
arts
class
slide
menu
level
2
link
href
http://housing.caltech.edu/
housing
class
slide
menu
level
2
link
href
http://dining.caltech.edu/
dining
class
slide
menu
level
2
link
href
https://www.caltechy.org/
caltech
class
slide
menu
level
2
link
href
http://wellness.caltech.edu/
wellness
services
class
slide
menu
level
2
link
href
http://diversity.caltech.edu/
diversity
center
class
slide
menu
level
2
link
href
http://security.caltech.edu/
security
class
slide
menu
level
2
link
href
emergency
information
img
alt
class
header
search
icon
src
static
wagtail
menu
img
icon
search
png
form
id
search
form
class
header
search
form
action
search
method
get
search
input
class
header
search
form
query
type
search
name
value
autocorrect
off
autocapitalize
off
autocomplete
off
spellcheck
false
search
href
home
nbsp
nbsp
quick
links
for
faculty
quick
links
for
faculty
academic
divisions
class
link
farm
item
link
href
http://bbe.caltech.edu
biology
and
biological
engineering
bbe
class
link
farm
item
link
href
http://cce.caltech.edu
chemistry
and
chemical
engineering
cce
class
link
farm
item
link
href
http://eas.caltech.edu
engineering
and
applied
science
eas
class
link
farm
item
link
href
http://gps.caltech.edu
geological
and
planetary
sciences
gps
class
link
farm
item
link
href
http://hss.caltech.edu
humanities
and
social
sciences
hss
class
link
farm
item
link
href
http://pma.caltech.edu
physics
mathematics
and
astronomy
pma
academic
resources
class
link
farm
item
link
href
academic
calendar
registrar
27
schedule
for
the
academic
year
class
link
farm
item
link
href
http://www.amt.caltech.edu/
academic
media
technologies
audiovisual
services
and
digital
media
solutions
class
link
farm
item
link
href
https://libguides.caltech.edu/CODA
caltech
collection
of
open
digital
archives
coda
collections
of
publications
by
caltech
authors
coda
contains
the
institute
27
collected
research
publications
by
caltech
authors
and
other
content
supporting
the
mission
of
the
institute
including
theses
the
student
newspaper
the
yearbook
the
annual
course
catalog
and
more
class
link
farm
item
link
href
https://thesis.library.caltech.edu/
caltechthesis
growing
repository
of
phd
eng
ms
and
bs
theses
caltechthesis
is
growing
repository
of
phd
engineer
master
27
and
bachelor
27
senior
theses
authored
by
caltech
students
it
is
updated
continuously
as
students
add
new
theses
and
as
library
staff
scan
and
add
older
theses
class
link
farm
item
link
href
http://catalog.caltech.edu
catalog
current
and
past
course
catalogs
class
link
farm
item
link
href
http://www.ctlo.caltech.edu/
center
for
teaching
learning
amp
outreach
ctlo
support
for
caltech
education
and
school
partnerships
class
link
farm
item
link
href
http://commofc.caltech.edu
eas
communications
office
eas
division
communications
office
class
link
farm
item
link
href
http://www.gradoffice.caltech.edu/
graduate
studies
coordinating
office
for
graduate
level
studies
class
link
farm
item
link
href
https://writing.caltech.edu/
hixon
writing
center
feedback
guidance
amp
reliable
information
about
academic
writing
all
writers
benefit
from
sharing
work
in
progress
and
our
staff
is
ready
to
support
your
work
we
can
offer
feedback
guidance
and
reliable
information
about
academic
writing
as
well
as
chance
to
think
aloud
about
your
written
work
class
link
farm
item
link
href
http://library.caltech.edu/
library
scholarly
resources
and
information
services
class
link
farm
item
link
href
http://www.registrar.caltech.edu
registrar
student
records
and
academic
information
class
link
farm
item
link
href
http://studentaffairs.caltech.edu/
student
affairs
ensuring
healthy
supportive
student
environment
student
affairs
at
caltech
complements
and
enhances
the
institute
27
educational
mission
by
ensuring
healthy
and
supportive
environment
that
enables
students
to
grow
academically
and
personally
in
preparation
for
meeting
current
and
future
challenges
administrative
services
and
tools
class
link
farm
item
link
href
https://access.caltech.edu/
access
caltech
administrative
applications
login
required
class
link
farm
item
link
href
http://asic.caltech.edu
audit
services
and
institute
compliance
financial
operational
amp
it
audits
amp
compliance
class
link
farm
item
link
href
http://directory.caltech.edu
caltech
directory
caltech
students
faculty
and
staff
class
link
farm
item
link
href
campus
announcement
instructions
procedure
for
posting
campus
announcements
announcements
display
on
the
caltech
today
page
and
may
be
included
in
the
weekly
ion
caltech
emails
class
link
farm
item
link
href
departmental
directory
campus
directory
organized
by
departments
class
link
farm
item
link
href
https://facilities.caltech.edu/fsr
facilities
service
requests
submit
repair
request
or
work
order
online
class
link
farm
item
link
href
http://finance.caltech.edu
financial
services
office
of
financial
services
and
treasurer
class
link
farm
item
link
href
http://hr.caltech.edu/
human
resources
jobs
compensation
benefits
and
other
services
class
link
farm
item
link
href
institute
calendar
instructions
procedure
for
posting
events
and
seminars
class
link
farm
item
link
href
tournament
park
reservations
reserve
the
park
next
to
the
caltech
track
class
link
farm
item
link
href
https://facilities.caltech.edu/fsr
transportation
amp
motor
pool
shipping
amp
receiving
moving
chauffers
and
more
campus
life
class
link
farm
item
link
href
institute
false
announcements
notices
for
the
campus
community
class
link
farm
item
link
href
http://gocaltech.com/
athletics
and
recreation
recreation
opportunities
and
sciac
sports
class
link
farm
item
link
href
http://www.ccc.caltech.edu/
caltech
children
center
ccc
early
education
and
childcare
class
link
farm
item
link
href
https://hotline.caltech.edu/
caltech
hotline
vehicle
for
reporting
concerns
to
the
institute
caltech
hotline
is
one
vehicle
that
allows
us
to
respond
to
possible
concerns
that
may
have
the
potential
to
harm
the
reputation
and
integrity
of
the
institute
class
link
farm
item
link
href
http://cpa.caltech.edu
caltech
postdoctoral
association
resources
and
community
for
postdocs
class
link
farm
item
link
href
http://bookstore.caltech.edu/
caltech
store
souvenirs
computer
products
amp
other
merchandise
class
link
farm
item
link
href
campus
maps
interactive
and
printable
campus
maps
class
link
farm
item
link
href
http://dining.caltech.edu/
dining
services
campus
dining
and
catering
class
link
farm
item
link
href
http://diversitycenter.caltech.edu
diversity
center
policy
and
support
for
diversity
programs
class
link
farm
item
link
href
http://hr.caltech.edu/
human
resources
jobs
compensation
benefits
and
other
services
class
link
farm
item
link
href
institute
calendar
central
repository
of
campus
wide
events
class
link
farm
item
link
href
http://international.caltech.edu/
international
offices
at
caltech
and
jpl
services
for
international
students
and
scholars
international
scholar
services
international
student
programs
and
the
international
office
at
jpl
class
link
farm
item
link
href
http://events.caltech.edu/
public
events
lectures
performing
arts
film
screenings
amp
more
class
link
farm
item
link
href
http://studentaffairs.caltech.edu/
student
affairs
ensuring
healthy
supportive
student
environment
student
affairs
at
caltech
complements
and
enhances
the
institute
27
educational
mission
by
ensuring
healthy
and
supportive
environment
that
enables
students
to
grow
academically
and
personally
in
preparation
for
meeting
current
and
future
challenges
class
link
farm
item
link
href
https://www.athenaeumcaltech.com
the
athenaeum
private
membership
club
on
campus
computing
class
link
farm
item
link
href
http://cd3.caltech.edu
cd
3
center
for
data
driven
discovery
class
link
farm
item
link
href
http://www.imss.caltech.edu/
imss
information
management
systems
and
services
imss
provides
computing
support
and
resources
for
the
caltech
campus
including
email
and
calendar
services
business
applications
voice
and
data
networks
information
security
and
digital
media
services
health
and
wellness
class
link
farm
item
link
href
http://gocaltech.com/
athletics
and
recreation
recreation
opportunities
and
sciac
sports
class
link
farm
item
link
href
https://caltechcares.caltech.edu/
caltech
care
team
support
for
students
and
mental
health
awareness
training
class
link
farm
item
link
href
https://hotline.caltech.edu/
caltech
hotline
vehicle
for
reporting
concerns
to
the
institute
caltech
hotline
is
one
vehicle
that
allows
us
to
respond
to
possible
concerns
that
may
have
the
potential
to
harm
the
reputation
and
integrity
of
the
institute
class
link
farm
item
link
href
http://sfcc.caltech.edu
staff
and
faculty
consultation
center
sfcc
mental
health
counseling
and
consultation
leadership
class
link
farm
item
link
href
http://president.caltech.edu/
office
of
the
president
class
link
farm
item
link
href
http://provost.caltech.edu
office
of
the
provost
class
link
farm
item
link
href
http://www.oof.caltech.edu/
officers
of
the
faculty
misc
class
link
farm
item
link
href
http://archives.caltech.edu
caltech
archives
records
documents
images
artifacts
and
more
class
link
farm
item
link
href
http://hotline.caltech.edu/
caltech
hotline
anonymous
campus
hotline
the
caltech
hotline
provides
students
faculty
and
staff
with
means
of
communicating
concerns
about
potential
violations
of
institute
policies
laws
or
regulations
unethical
behavior
conflicts
of
interest
actual
or
suspected
fraud
or
other
improper
actions
without
fear
of
retribution
it
is
also
means
for
obtaining
advice
before
making
decisions
that
appear
to
have
significant
compliance
or
ethical
implications
news
and
publications
class
link
farm
item
link
href
http://magazine.caltech.edu
caltech
magazine
engineering
amp
science
magazine
class
link
farm
item
link
href
http://www.eas.caltech.edu/engenious
engenious
publication
for
alumni
and
friends
of
eas
class
link
farm
item
link
href
http://tech.caltech.edu
the
california
tech
undergraduate
newspaper
class
link
farm
item
link
href
https://thesis.library.caltech.edu/
caltechthesis
growing
repository
of
phd
eng
ms
and
bs
theses
caltechthesis
is
growing
repository
of
phd
engineer
master
27
and
bachelor
27
senior
theses
authored
by
caltech
students
it
is
updated
continuously
as
students
add
new
theses
and
as
library
staff
scan
and
add
older
theses
class
link
farm
item
link
href
http://www.caltech.edu/about/news
news
latest
articles
on
caltech
research
news
policies
and
legal
matters
class
link
farm
item
link
href
http://codeofconduct.caltech.edu
code
of
conduct
caltech
27
statement
on
ethical
conduct
class
link
farm
item
link
href
https://www.ogc.caltech.edu/
office
of
the
general
counsel
legal
advisor
to
campus
and
jpl
class
link
farm
item
link
href
http://policies.caltech.edu
policies
memoranda
and
handbooks
policies
procedures
personnel
memoranda
amp
more
class
link
farm
item
link
href
http://www.researchcompliance.caltech.edu
research
compliance
federal
state
caltech
regulations
and
policies
class
link
farm
item
link
href
http://titleix.caltech.edu/
title
ix
anti
discrimination
information
and
procedures
research
class
link
farm
item
link
href
https://libguides.caltech.edu/CODA
caltech
collection
of
open
digital
archives
coda
collections
of
publications
by
caltech
authors
coda
contains
the
institute
27
collected
research
publications
by
caltech
authors
and
other
content
supporting
the
mission
of
the
institute
including
theses
the
student
newspaper
the
yearbook
the
annual
course
catalog
and
more
class
link
farm
item
link
href
http://www.gradoffice.caltech.edu/
graduate
studies
coordinating
office
for
graduate
level
studies
class
link
farm
item
link
href
http://library.caltech.edu/
library
scholarly
resources
and
information
services
class
link
farm
item
link
href
research
centers
amp
institutes
cross
disciplinary
research
centers
and
institutes
class
link
farm
item
link
href
research
facilities
research
tools
supercomputers
labs
and
more
class
link
farm
item
link
href
sponsored
research
assistance
on
sponsored
research
programs
safety
and
security
class
link
farm
item
link
href
emergency
information
resources
and
information
in
case
of
emergency
class
link
farm
item
link
href
https://emergencypreparedness.caltech.edu/
emergency
preparedness
emergency
procedures
and
planning
class
link
farm
item
link
href
http://safety.caltech.edu
environmental
health
and
safety
education
training
on
safety
awareness
amp
practices
class
link
farm
item
link
href
http://security.caltech.edu/
security
campus
security
office
tech
transfer
class
link
farm
item
link
href
https://innovation.caltech.edu/
office
of
technology
transfer
and
corporate
partnerships
ottcp
patents
licensing
corporate
collaborations
startups
mtas
patents
software
copyright
licensing
corporate
collaborations
startups
mtas
ndas
and
any
other
intellectual
property
related
issues
class
link
farm
item
link
href
https://innovation.caltech.edu/about-ottcp
ottcp
staff
staff
directory
and
general
inquiries
class
link
farm
item
link
href
the
fund
caltech
internal
venture
fund
to
support
technology
commercialization
img
alt
class
footer
torch
src
static
theme
img
flame
png
img
alt
caltech
class
footer
left
caltech
wordmark
src
static
core
img
caltech
new
logo
png
california
institute
of
technology
img
class
footer
right
map
marker
src
static
theme
img
icon
footerpin
png
alt
east
california
boulevard
pasadena
california
class
footer
menu
link
href
contact
aria
label
contact
us
contact
us
class
footer
menu
link
href
claimed
copyright
infringement
aria
label
claimed
copyright
infringement
claimed
copyright
infringement
class
footer
menu
link
href
privacy
notice
aria
label
privacy
notice
privacy
notice
class
footer
menu
link
href
digital
accessibility
aria
label
digital
accessibility
digital
accessibility
site
content
copyright
copy
script
src
static
theme
js
anchor
js
anchors
options
icon
visible
hover
titletext
right
click
here
and
choose
copy
link
to
get
link
to
this
part
of
the
page
anchors
add
rich
text
1
rich
text
2
rich
text
3
rich
text
4
rich
text
5
rich
text
6
heading
block
