doctype
html
html
lang
en
dir
ltr
prefix
og
https://ogp.me/ns
link
rel
canonical
href
news
stories
archives
november
meta
property
og
url
content
meta
name
generator
content
drupal
10
https://www.drupal.org
script
type
application
ld
json
context
https://schema.org
graph
type
collegeoruniversity
id
http://www.cmu.edu/news
url
https://www.cmu.edu/
sameas
https://twitter.com/cmu_news
https://www.instagram.com/carnegiemellon/
https://www.youtube.com/carnegiemellonu
name
carnegie
mellon
university
telephone
logo
type
imageobject
url
width
height
alternatename
cmu
carnegie
mellon
address
type
postaladdress
streetaddress
forbes
ave
addresslocality
pittsburgh
addressregion
pa
postalcode
addresscountry
us
link
rel
icon
href
news
themes
cmu
favicon
ico
type
image
vnd
microsoft
icon
november
news
carnegie
mellon
university
link
rel
stylesheet
media
all
href
fonts
googleapis
com
css
family
open
sans
italic
italic
italic
link
rel
stylesheet
media
all
href
news
themes
cmu
dist
css
main
css
sioyzl
link
rel
stylesheet
media
print
href
news
themes
cmu
dist
css
print
css
sioyzl
link
rel
apple
touch
icon
sizes
href
link
rel
icon
type
image
png
sizes
href
link
rel
icon
type
image
png
sizes
href
link
rel
mask
icon
href
color
5
bbad
5
skip
to
main
content
href
https://www.cmu.edu
class
roof
wordmark
link
id
wordmark
carnegie
mellon
university
homepage
use
xlink
href
news
themes
cmu
images
sprite
svg
cmu
wordmark
form
action
https://search.cmu.edu
method
get
class
roof
search
form
search
carnegie
mellon
university
search
use
xlink
href
news
themes
cmu
images
sprite
svg
icon
search
svg
class
icon
menu
width
height
xmlns
http://www.w3.org/2000/svg
viewbox
menu
href
news
news
form
action
https://search.cmu.edu
method
get
class
side
nav
search
form
search
carnegie
mellon
university
search
use
xlink
href
news
themes
cmu
images
sprite
svg
icon
search
href
news
stories
class
side
nav
list
list
item
link
data
drupal
link
system
path
node
6
stories
stories
section
href
news
stories
college
of
engineering
class
side
nav
list
list
item
link
data
drupal
link
system
path
node
college
of
engineering
href
news
stories
college
of
fine
arts
class
side
nav
list
list
item
link
data
drupal
link
system
path
node
college
of
fine
arts
href
news
stories
dietrich
college
of
humanities
social
sciences
class
side
nav
list
list
item
link
data
drupal
link
system
path
node
dietrich
college
of
humanities
amp
social
sciences
href
news
stories
heinz
college
of
information
systems
and
public
policy
class
side
nav
list
list
item
link
data
drupal
link
system
path
node
heinz
college
of
information
systems
and
public
policy
href
news
stories
mellon
college
of
science
class
side
nav
list
list
item
link
data
drupal
link
system
path
node
mellon
college
of
science
href
news
stories
school
of
computer
science
class
side
nav
list
list
item
link
data
drupal
link
system
path
node
school
of
computer
science
href
news
stories
tepper
school
of
business
class
side
nav
list
list
item
link
data
drupal
link
system
path
node
tepper
school
of
business
href
news
stories
archives
class
side
nav
list
list
item
link
data
drupal
link
system
path
node
7
archives
archives
section
href
news
stories
archives
class
side
nav
list
list
item
link
data
drupal
link
system
path
stories
archives
section
href
news
stories
archives
january
class
side
nav
list
list
item
link
data
drupal
link
system
path
stories
archives
january
january
href
news
stories
archives
february
class
side
nav
list
list
item
link
data
drupal
link
system
path
stories
archives
february
february
href
news
stories
archives
march
class
side
nav
list
list
item
link
data
drupal
link
system
path
stories
archives
march
march
href
news
stories
archives
april
class
side
nav
list
list
item
link
data
drupal
link
system
path
stories
archives
april
april
href
news
stories
archives
may
class
side
nav
list
list
item
link
data
drupal
link
system
path
stories
archives
may
may
href
news
stories
archives
june
class
side
nav
list
list
item
link
data
drupal
link
system
path
stories
archives
june
june
href
news
stories
archives
july
class
side
nav
list
list
item
link
data
drupal
link
system
path
stories
archives
july
july
href
news
stories
archives
august
class
side
nav
list
list
item
link
data
drupal
link
system
path
stories
archives
august
august
href
news
stories
archives
class
side
nav
list
list
item
link
data
drupal
link
system
path
stories
archives
section
href
news
stories
archives
january
class
side
nav
list
list
item
link
data
drupal
link
system
path
stories
archives
january
january
href
news
stories
archives
february
class
side
nav
list
list
item
link
data
drupal
link
system
path
stories
archives
february
february
href
news
stories
archives
march
class
side
nav
list
list
item
link
data
drupal
link
system
path
stories
archives
march
march
href
news
stories
archives
april
class
side
nav
list
list
item
link
data
drupal
link
system
path
stories
archives
april
april
href
news
stories
archives
may
class
side
nav
list
list
item
link
data
drupal
link
system
path
stories
archives
may
may
href
news
stories
archives
june
class
side
nav
list
list
item
link
data
drupal
link
system
path
stories
archives
june
june
href
news
stories
archives
july
class
side
nav
list
list
item
link
data
drupal
link
system
path
stories
archives
july
july
href
news
stories
archives
august
class
side
nav
list
list
item
link
data
drupal
link
system
path
stories
archives
august
august
href
news
stories
archives
september
class
side
nav
list
list
item
link
data
drupal
link
system
path
stories
archives
september
september
href
news
stories
archives
october
class
side
nav
list
list
item
link
data
drupal
link
system
path
stories
archives
october
october
href
news
stories
archives
november
class
side
nav
list
list
item
link
is
active
data
drupal
link
system
path
stories
archives
november
november
href
news
stories
archives
december
class
side
nav
list
list
item
link
data
drupal
link
system
path
stories
archives
december
december
href
news
stories
archives
class
side
nav
list
list
item
link
data
drupal
link
system
path
stories
archives
section
href
news
stories
archives
january
class
side
nav
list
list
item
link
data
drupal
link
system
path
stories
archives
january
january
href
news
stories
archives
february
class
side
nav
list
list
item
link
data
drupal
link
system
path
stories
archives
february
february
href
news
stories
archives
march
class
side
nav
list
list
item
link
data
drupal
link
system
path
stories
archives
march
march
href
news
stories
archives
april
class
side
nav
list
list
item
link
data
drupal
link
system
path
stories
archives
april
april
href
news
stories
archives
may
class
side
nav
list
list
item
link
data
drupal
link
system
path
stories
archives
may
may
href
news
stories
archives
june
class
side
nav
list
list
item
link
data
drupal
link
system
path
stories
archives
june
june
href
news
stories
archives
july
class
side
nav
list
list
item
link
data
drupal
link
system
path
stories
archives
july
july
href
news
stories
archives
august
class
side
nav
list
list
item
link
data
drupal
link
system
path
stories
archives
august
august
href
news
stories
archives
september
class
side
nav
list
list
item
link
data
drupal
link
system
path
stories
archives
september
september
href
news
stories
archives
october
class
side
nav
list
list
item
link
data
drupal
link
system
path
stories
archives
october
october
href
news
stories
archives
november
class
side
nav
list
list
item
link
data
drupal
link
system
path
stories
archives
november
november
href
news
stories
archives
december
class
side
nav
list
list
item
link
data
drupal
link
system
path
stories
archives
december
december
href
news
stories
archives
class
side
nav
list
list
item
link
data
drupal
link
system
path
stories
archives
section
href
news
stories
archives
january
class
side
nav
list
list
item
link
data
drupal
link
system
path
stories
archives
january
january
href
news
stories
archives
february
class
side
nav
list
list
item
link
data
drupal
link
system
path
stories
archives
february
february
href
news
stories
archives
march
class
side
nav
list
list
item
link
data
drupal
link
system
path
stories
archives
march
march
href
news
stories
archives
april
class
side
nav
list
list
item
link
data
drupal
link
system
path
stories
archives
april
april
href
news
stories
archives
may
class
side
nav
list
list
item
link
data
drupal
link
system
path
stories
archives
may
may
href
news
stories
archives
june
class
side
nav
list
list
item
link
data
drupal
link
system
path
stories
archives
june
june
href
news
stories
archives
july
class
side
nav
list
list
item
link
data
drupal
link
system
path
stories
archives
july
july
href
news
stories
archives
august
class
side
nav
list
list
item
link
data
drupal
link
system
path
stories
archives
august
august
href
news
stories
archives
september
class
side
nav
list
list
item
link
data
drupal
link
system
path
stories
archives
september
september
href
news
stories
archives
october
class
side
nav
list
list
item
link
data
drupal
link
system
path
stories
archives
october
october
href
news
stories
archives
november
class
side
nav
list
list
item
link
data
drupal
link
system
path
stories
archives
november
november
href
news
stories
archives
december
class
side
nav
list
list
item
link
data
drupal
link
system
path
stories
archives
december
december
href
news
stories
archives
class
side
nav
list
list
item
link
data
drupal
link
system
path
stories
archives
section
href
news
stories
archives
january
class
side
nav
list
list
item
link
data
drupal
link
system
path
stories
archives
january
january
href
news
stories
archives
february
class
side
nav
list
list
item
link
data
drupal
link
system
path
stories
archives
february
february
href
news
stories
archives
march
class
side
nav
list
list
item
link
data
drupal
link
system
path
stories
archives
march
march
href
news
stories
archives
april
class
side
nav
list
list
item
link
data
drupal
link
system
path
stories
archives
april
april
href
news
stories
archives
may
class
side
nav
list
list
item
link
data
drupal
link
system
path
stories
archives
may
may
href
news
stories
archives
june
class
side
nav
list
list
item
link
data
drupal
link
system
path
stories
archives
june
june
href
news
stories
archives
july
class
side
nav
list
list
item
link
data
drupal
link
system
path
stories
archives
july
july
href
news
stories
archives
august
class
side
nav
list
list
item
link
data
drupal
link
system
path
stories
archives
august
august
href
news
stories
archives
september
class
side
nav
list
list
item
link
data
drupal
link
system
path
stories
archives
september
september
href
news
stories
archives
october
class
side
nav
list
list
item
link
data
drupal
link
system
path
stories
archives
october
october
href
news
stories
archives
november
class
side
nav
list
list
item
link
data
drupal
link
system
path
stories
archives
november
november
href
news
stories
archives
december
class
side
nav
list
list
item
link
data
drupal
link
system
path
stories
archives
december
december
href
news
stories
archives
class
side
nav
list
list
item
link
data
drupal
link
system
path
stories
archives
section
href
news
stories
archives
january
class
side
nav
list
list
item
link
data
drupal
link
system
path
stories
archives
january
january
href
news
stories
archives
february
class
side
nav
list
list
item
link
data
drupal
link
system
path
stories
archives
february
february
href
news
stories
archives
march
class
side
nav
list
list
item
link
data
drupal
link
system
path
stories
archives
march
march
href
news
stories
archives
april
class
side
nav
list
list
item
link
data
drupal
link
system
path
stories
archives
april
april
href
news
stories
archives
may
class
side
nav
list
list
item
link
data
drupal
link
system
path
stories
archives
may
may
href
news
stories
archives
june
class
side
nav
list
list
item
link
data
drupal
link
system
path
stories
archives
june
june
href
news
stories
archives
july
class
side
nav
list
list
item
link
data
drupal
link
system
path
stories
archives
july
july
href
news
stories
archives
august
class
side
nav
list
list
item
link
data
drupal
link
system
path
stories
archives
august
august
href
news
stories
archives
september
class
side
nav
list
list
item
link
data
drupal
link
system
path
stories
archives
september
september
href
news
stories
archives
october
class
side
nav
list
list
item
link
data
drupal
link
system
path
stories
archives
october
october
href
news
stories
archives
november
class
side
nav
list
list
item
link
data
drupal
link
system
path
stories
archives
november
november
href
news
stories
archives
december
class
side
nav
list
list
item
link
data
drupal
link
system
path
stories
archives
december
december
href
news
stories
archives
class
side
nav
list
list
item
link
data
drupal
link
system
path
stories
archives
section
href
news
stories
archives
january
class
side
nav
list
list
item
link
data
drupal
link
system
path
stories
archives
january
january
href
news
stories
archives
february
class
side
nav
list
list
item
link
data
drupal
link
system
path
stories
archives
february
february
href
news
stories
archives
march
class
side
nav
list
list
item
link
data
drupal
link
system
path
stories
archives
march
march
href
news
stories
archives
april
class
side
nav
list
list
item
link
data
drupal
link
system
path
stories
archives
april
april
href
news
stories
archives
may
class
side
nav
list
list
item
link
data
drupal
link
system
path
stories
archives
may
may
href
news
stories
archives
june
class
side
nav
list
list
item
link
data
drupal
link
system
path
stories
archives
june
june
href
news
stories
archives
july
class
side
nav
list
list
item
link
data
drupal
link
system
path
stories
archives
july
july
href
news
stories
archives
august
class
side
nav
list
list
item
link
data
drupal
link
system
path
stories
archives
august
august
href
news
stories
archives
september
class
side
nav
list
list
item
link
data
drupal
link
system
path
stories
archives
september
september
href
news
stories
archives
october
class
side
nav
list
list
item
link
data
drupal
link
system
path
stories
archives
october
october
href
news
stories
archives
november
class
side
nav
list
list
item
link
data
drupal
link
system
path
stories
archives
november
november
href
news
stories
archives
december
class
side
nav
list
list
item
link
data
drupal
link
system
path
stories
archives
december
december
href
news
stories
archives
class
side
nav
list
list
item
link
data
drupal
link
system
path
stories
archives
section
href
news
stories
archives
january
class
side
nav
list
list
item
link
data
drupal
link
system
path
stories
archives
january
january
href
news
stories
archives
february
class
side
nav
list
list
item
link
data
drupal
link
system
path
stories
archives
february
february
href
news
stories
archives
march
class
side
nav
list
list
item
link
data
drupal
link
system
path
stories
archives
march
march
href
news
stories
archives
april
class
side
nav
list
list
item
link
data
drupal
link
system
path
stories
archives
april
april
href
news
stories
archives
may
class
side
nav
list
list
item
link
data
drupal
link
system
path
stories
archives
may
may
href
news
stories
archives
june
class
side
nav
list
list
item
link
data
drupal
link
system
path
stories
archives
june
june
href
news
stories
archives
july
class
side
nav
list
list
item
link
data
drupal
link
system
path
stories
archives
july
july
href
news
stories
archives
august
class
side
nav
list
list
item
link
data
drupal
link
system
path
stories
archives
august
august
href
news
stories
archives
september
class
side
nav
list
list
item
link
data
drupal
link
system
path
stories
archives
september
september
href
news
stories
archives
october
class
side
nav
list
list
item
link
data
drupal
link
system
path
stories
archives
october
october
href
news
stories
archives
november
class
side
nav
list
list
item
link
data
drupal
link
system
path
stories
archives
november
november
href
news
stories
archives
december
class
side
nav
list
list
item
link
data
drupal
link
system
path
stories
archives
december
december
href
news
stories
archives
class
side
nav
list
list
item
link
data
drupal
link
system
path
stories
archives
section
href
news
stories
archives
january
class
side
nav
list
list
item
link
data
drupal
link
system
path
stories
archives
january
january
href
news
stories
archives
february
class
side
nav
list
list
item
link
data
drupal
link
system
path
stories
archives
february
february
href
news
stories
archives
march
class
side
nav
list
list
item
link
data
drupal
link
system
path
stories
archives
march
march
href
news
stories
archives
april
class
side
nav
list
list
item
link
data
drupal
link
system
path
stories
archives
april
april
href
news
stories
archives
may
class
side
nav
list
list
item
link
data
drupal
link
system
path
stories
archives
may
may
href
news
stories
archives
june
class
side
nav
list
list
item
link
data
drupal
link
system
path
stories
archives
june
june
href
news
stories
archives
july
class
side
nav
list
list
item
link
data
drupal
link
system
path
stories
archives
july
july
href
news
stories
archives
august
class
side
nav
list
list
item
link
data
drupal
link
system
path
stories
archives
august
august
href
news
stories
archives
september
class
side
nav
list
list
item
link
data
drupal
link
system
path
stories
archives
september
september
href
news
stories
archives
october
class
side
nav
list
list
item
link
data
drupal
link
system
path
stories
archives
october
october
href
news
stories
archives
november
class
side
nav
list
list
item
link
data
drupal
link
system
path
stories
archives
november
november
href
news
stories
archives
december
class
side
nav
list
list
item
link
data
drupal
link
system
path
stories
archives
december
december
href
news
stories
archives
class
side
nav
list
list
item
link
data
drupal
link
system
path
stories
archives
section
href
news
stories
archives
january
class
side
nav
list
list
item
link
data
drupal
link
system
path
stories
archives
january
january
href
news
stories
archives
february
class
side
nav
list
list
item
link
data
drupal
link
system
path
stories
archives
february
february
href
news
stories
archives
march
class
side
nav
list
list
item
link
data
drupal
link
system
path
stories
archives
march
march
href
news
stories
archives
april
class
side
nav
list
list
item
link
data
drupal
link
system
path
stories
archives
april
april
href
news
stories
archives
may
class
side
nav
list
list
item
link
data
drupal
link
system
path
stories
archives
may
may
href
news
stories
archives
june
class
side
nav
list
list
item
link
data
drupal
link
system
path
stories
archives
june
june
href
news
stories
archives
july
class
side
nav
list
list
item
link
data
drupal
link
system
path
stories
archives
july
july
href
news
stories
archives
august
class
side
nav
list
list
item
link
data
drupal
link
system
path
stories
archives
august
august
href
news
stories
archives
september
class
side
nav
list
list
item
link
data
drupal
link
system
path
stories
archives
september
september
href
news
stories
archives
october
class
side
nav
list
list
item
link
data
drupal
link
system
path
stories
archives
october
october
href
news
stories
archives
november
class
side
nav
list
list
item
link
data
drupal
link
system
path
stories
archives
november
november
href
news
stories
archives
december
class
side
nav
list
list
item
link
data
drupal
link
system
path
stories
archives
december
december
href
news
stories
archives
class
side
nav
list
list
item
link
data
drupal
link
system
path
stories
archives
section
href
news
stories
archives
january
class
side
nav
list
list
item
link
data
drupal
link
system
path
stories
archives
january
january
href
news
stories
archives
february
class
side
nav
list
list
item
link
data
drupal
link
system
path
stories
archives
february
february
href
news
stories
archives
march
class
side
nav
list
list
item
link
data
drupal
link
system
path
stories
archives
march
march
href
news
stories
archives
april
class
side
nav
list
list
item
link
data
drupal
link
system
path
stories
archives
april
april
href
news
stories
archives
may
class
side
nav
list
list
item
link
data
drupal
link
system
path
stories
archives
may
may
href
news
stories
archives
june
class
side
nav
list
list
item
link
data
drupal
link
system
path
stories
archives
june
june
href
news
stories
archives
july
class
side
nav
list
list
item
link
data
drupal
link
system
path
stories
archives
july
july
href
news
stories
archives
august
class
side
nav
list
list
item
link
data
drupal
link
system
path
stories
archives
august
august
href
news
stories
archives
september
class
side
nav
list
list
item
link
data
drupal
link
system
path
stories
archives
september
september
href
news
stories
archives
october
class
side
nav
list
list
item
link
data
drupal
link
system
path
stories
archives
october
october
href
news
stories
archives
november
class
side
nav
list
list
item
link
data
drupal
link
system
path
stories
archives
november
november
href
news
stories
archives
december
class
side
nav
list
list
item
link
data
drupal
link
system
path
stories
archives
december
december
href
news
stories
archives
class
side
nav
list
list
item
link
data
drupal
link
system
path
stories
archives
section
href
news
stories
archives
january
class
side
nav
list
list
item
link
data
drupal
link
system
path
stories
archives
january
january
href
news
stories
archives
february
class
side
nav
list
list
item
link
data
drupal
link
system
path
stories
archives
february
february
href
news
stories
archives
march
class
side
nav
list
list
item
link
data
drupal
link
system
path
stories
archives
march
march
href
news
stories
archives
april
class
side
nav
list
list
item
link
data
drupal
link
system
path
stories
archives
april
april
href
news
stories
archives
may
class
side
nav
list
list
item
link
data
drupal
link
system
path
stories
archives
may
may
href
news
stories
archives
june
class
side
nav
list
list
item
link
data
drupal
link
system
path
stories
archives
june
june
href
news
stories
archives
july
class
side
nav
list
list
item
link
data
drupal
link
system
path
stories
archives
july
july
href
news
stories
archives
august
class
side
nav
list
list
item
link
data
drupal
link
system
path
stories
archives
august
august
href
news
stories
archives
september
class
side
nav
list
list
item
link
data
drupal
link
system
path
stories
archives
september
september
href
news
stories
archives
october
class
side
nav
list
list
item
link
data
drupal
link
system
path
stories
archives
october
october
href
news
stories
archives
november
class
side
nav
list
list
item
link
data
drupal
link
system
path
stories
archives
november
november
href
news
stories
archives
december
class
side
nav
list
list
item
link
data
drupal
link
system
path
stories
archives
december
december
href
news
stories
archives
class
side
nav
list
list
item
link
data
drupal
link
system
path
stories
archives
section
href
news
stories
archives
january
class
side
nav
list
list
item
link
data
drupal
link
system
path
stories
archives
january
january
href
news
stories
archives
february
class
side
nav
list
list
item
link
data
drupal
link
system
path
stories
archives
february
february
href
news
stories
archives
march
class
side
nav
list
list
item
link
data
drupal
link
system
path
stories
archives
march
march
href
news
stories
archives
april
class
side
nav
list
list
item
link
data
drupal
link
system
path
stories
archives
april
april
href
news
stories
archives
may
class
side
nav
list
list
item
link
data
drupal
link
system
path
stories
archives
may
may
href
news
stories
archives
june
class
side
nav
list
list
item
link
data
drupal
link
system
path
stories
archives
june
june
href
news
stories
archives
july
class
side
nav
list
list
item
link
data
drupal
link
system
path
stories
archives
july
july
href
news
stories
archives
august
class
side
nav
list
list
item
link
data
drupal
link
system
path
stories
archives
august
august
href
news
stories
archives
september
class
side
nav
list
list
item
link
data
drupal
link
system
path
stories
archives
september
september
href
news
stories
archives
october
class
side
nav
list
list
item
link
data
drupal
link
system
path
stories
archives
october
october
href
news
stories
archives
november
class
side
nav
list
list
item
link
data
drupal
link
system
path
stories
archives
november
november
href
news
stories
archives
december
class
side
nav
list
list
item
link
data
drupal
link
system
path
stories
archives
december
december
href
news
stories
archives
class
side
nav
list
list
item
link
data
drupal
link
system
path
stories
archives
section
href
news
stories
archives
january
class
side
nav
list
list
item
link
data
drupal
link
system
path
stories
archives
january
january
href
news
stories
archives
february
class
side
nav
list
list
item
link
data
drupal
link
system
path
stories
archives
february
february
href
news
stories
archives
march
class
side
nav
list
list
item
link
data
drupal
link
system
path
stories
archives
march
march
href
news
stories
archives
april
class
side
nav
list
list
item
link
data
drupal
link
system
path
stories
archives
april
april
href
news
stories
archives
may
class
side
nav
list
list
item
link
data
drupal
link
system
path
stories
archives
may
may
href
news
stories
archives
june
class
side
nav
list
list
item
link
data
drupal
link
system
path
stories
archives
june
june
href
news
stories
archives
july
class
side
nav
list
list
item
link
data
drupal
link
system
path
stories
archives
july
july
href
news
stories
archives
august
class
side
nav
list
list
item
link
data
drupal
link
system
path
stories
archives
august
august
href
news
stories
archives
september
class
side
nav
list
list
item
link
data
drupal
link
system
path
stories
archives
september
september
href
news
stories
archives
october
class
side
nav
list
list
item
link
data
drupal
link
system
path
stories
archives
october
october
href
news
stories
archives
november
class
side
nav
list
list
item
link
data
drupal
link
system
path
stories
archives
november
november
href
news
stories
archives
december
class
side
nav
list
list
item
link
data
drupal
link
system
path
stories
archives
december
december
href
news
experts
class
side
nav
list
list
item
link
data
drupal
link
system
path
experts
experts
href
news
media
contacts
class
side
nav
list
list
item
link
data
drupal
link
system
path
node
1
media
contacts
href
news
podcasts
class
side
nav
list
list
item
link
data
drupal
link
system
path
node
podcasts
href
http://www.cmu.edu/piper/
class
side
nav
list
list
item
link
the
piper
campus
amp
community
news
class
sitebranding
container
sitebranding
sitename
link
href
news
news
main
navigation
href
news
stories
class
header
nav
list
list
item
is
active
header
nav
list
list
item
first
child
header
nav
list
list
item
link
data
drupal
link
system
path
node
6
stories
href
news
experts
class
header
nav
list
list
item
header
nav
list
list
item
link
data
drupal
link
system
path
experts
experts
href
news
media
contacts
class
header
nav
list
list
item
header
nav
list
list
item
link
data
drupal
link
system
path
node
1
media
contacts
href
news
podcasts
class
header
nav
list
list
item
header
nav
list
list
item
link
data
drupal
link
system
path
node
podcasts
class
breadcrumbs
list
item
link
breadcrumbs
list
item
link
first
child
href
news
news
class
breadcrumbs
list
item
link
href
news
stories
stories
class
breadcrumbs
list
item
link
href
news
stories
archives
archives
class
breadcrumbs
list
item
link
href
news
stories
archives
november
form
class
views
exposed
form
listing
filter
novalidate
novalidate
data
drupal
selector
views
exposed
form
news
listing
archive
action
news
stories
archives
november
method
get
id
views
exposed
form
news
listing
archive
accept
charset
utf
8
filter
articles
by
type
to
filter
skip
filters
and
go
to
articles
type
to
filter
reset
filters
21
articles
displayed
class
grid
box
link
box
href
news
stories
archives
november
dietrich
neuro
ai
source
srcset
news
sites
default
files
styles
listings
tablet
1
public
shutterstock
png
webp
itok
62
hzahq
1
media
max
width
px
and
min
width
px
type
image
webp
width
height
source
srcset
news
sites
default
files
styles
listings
desktop
1
public
shutterstock
png
webp
itok
hzcbm
3
jo
1
media
min
width
px
type
image
webp
width
height
source
srcset
news
sites
default
files
styles
listings
mobile
1
public
shutterstock
png
webp
itok
60
rt
0
uw
1
media
max
width
px
type
image
webp
width
height
source
srcset
news
sites
default
files
styles
listings
xs
1
public
shutterstock
png
webp
itok
lw
5
itkfi
1
media
max
width
px
type
image
webp
width
height
img
class
link
box
image
data
focal
point
center
center
src
news
sites
default
files
styles
listings
desktop
1
public
shutterstock
png
webp
itok
hzcbm
3
jo
width
height
alt
graphic
art
of
man
and
landscape
loading
lazy
dietrich
graduate
students
advance
neuro
studies
with
ai
three
graduate
students
from
carnegie
mellon
universitys
dietrich
college
of
humanities
and
social
sciences
are
using
artificial
intelligence
to
advance
neuroscience
research
tuesday
november
28
class
grid
box
link
box
href
news
stories
archives
november
sei
aisirt
source
srcset
news
sites
default
files
styles
listings
tablet
1
public
ai
sirt
jpg
webp
itok
nw
98
jlu
1
media
max
width
px
and
min
width
px
type
image
webp
width
height
source
srcset
news
sites
default
files
styles
listings
desktop
1
public
ai
sirt
jpg
webp
itok
xf
8
dzbbi
1
media
min
width
px
type
image
webp
width
height
source
srcset
news
sites
default
files
styles
listings
mobile
1
public
ai
sirt
jpg
webp
itok
eerjawpx
1
media
max
width
px
type
image
webp
width
height
source
srcset
news
sites
default
files
styles
listings
xs
1
public
ai
sirt
jpg
webp
itok
okeio
media
max
width
px
type
image
webp
width
height
img
class
link
box
image
data
focal
point
center
center
src
news
sites
default
files
styles
listings
desktop
1
public
ai
sirt
jpg
webp
itok
xf
8
dzbbi
width
height
alt
red
siren
lights
in
the
dark
loading
lazy
software
engineering
institute
establishes
ai
security
incident
response
team
the
software
engineering
institute
at
cmu
has
announced
the
formation
of
the
artificial
intelligence
security
incident
response
team
aisirt
to
help
ensure
the
safe
and
effective
development
and
use
of
ai
tuesday
november
28
class
grid
box
link
box
href
news
stories
archives
november
carnegie
mellon
universitys
xrtc
will
drive
research
into
vr
ar
innovations
source
srcset
news
sites
default
files
styles
listings
tablet
1
public
xrtc
web
jpg
webp
itok
bqfs
3
woe
1
media
max
width
px
and
min
width
px
type
image
webp
width
height
source
srcset
news
sites
default
files
styles
listings
desktop
1
public
xrtc
web
jpg
webp
itok
wpacnis
media
min
width
px
type
image
webp
width
height
source
srcset
news
sites
default
files
styles
listings
mobile
1
public
xrtc
web
jpg
webp
itok
skpzckkk
1
media
max
width
px
type
image
webp
width
height
source
srcset
news
sites
default
files
styles
listings
xs
1
public
xrtc
web
jpg
webp
itok
cacfg
1
media
max
width
px
type
image
webp
width
height
img
class
link
box
image
data
focal
point
center
center
src
news
sites
default
files
styles
listings
desktop
1
public
xrtc
web
jpg
webp
itok
wpacnis
1
width
height
alt
people
using
augmented
reality
headsets
loading
lazy
carnegie
mellon
university
xrtc
will
drive
research
into
vr
ar
innovations
carnegie
mellon
has
launched
its
extended
reality
technology
center
xrtc
to
bring
together
researchers
industry
and
consumers
to
maximize
the
field
potential
tuesday
november
28
class
grid
box
link
box
href
news
stories
archives
november
renovations
complete
at
four
mile
run
playground
source
srcset
news
sites
default
files
styles
listings
tablet
1
public
1
jpeg
webp
itok
qxkum
2
iy
1
media
max
width
px
and
min
width
px
type
image
webp
width
height
source
srcset
news
sites
default
files
styles
listings
desktop
1
public
1
jpeg
webp
itok
pgvb
mfw
1
media
min
width
px
type
image
webp
width
height
source
srcset
news
sites
default
files
styles
listings
mobile
1
public
1
jpeg
webp
itok
czi
7
kggq
1
media
max
width
px
type
image
webp
width
height
source
srcset
news
sites
default
files
styles
listings
xs
1
public
1
jpeg
webp
itok
zwxhvrfx
1
media
max
width
px
type
image
webp
width
height
img
class
link
box
image
data
focal
point
center
center
src
news
sites
default
files
styles
listings
desktop
1
public
1
jpeg
webp
itok
pgvb
mfw
width
height
alt
four
mile
run
playground
loading
lazy
renovations
complete
at
four
mile
run
playground
the
city
of
pittsburgh
recently
renovated
its
four
mile
run
playground
in
greenfield
aided
by
commitment
from
carnegie
mellon
university
wednesday
november
22
class
grid
box
link
box
href
news
stories
archives
november
rabbi
keynote
source
srcset
news
sites
default
files
styles
listings
tablet
1
public
rabbi
charlie
jpg
webp
itok
dvicg
1
media
max
width
px
and
min
width
px
type
image
webp
width
height
source
srcset
news
sites
default
files
styles
listings
desktop
1
public
rabbi
charlie
jpg
webp
itok
ho
8
1
media
min
width
px
type
image
webp
width
height
source
srcset
news
sites
default
files
styles
listings
mobile
1
public
rabbi
charlie
jpg
webp
itok
cilcqzm
1
media
max
width
px
type
image
webp
width
height
source
srcset
news
sites
default
files
styles
listings
xs
1
public
rabbi
charlie
jpg
webp
itok
uzu
5
baha
1
media
max
width
px
type
image
webp
width
height
img
class
link
box
image
data
focal
point
center
center
src
news
sites
default
files
styles
listings
desktop
1
public
rabbi
charlie
jpg
webp
itok
ho
8
width
height
alt
rabbi
charlie
cytron
walker
standing
at
podium
loading
lazy
cmus
new
series
seeks
to
educate
empower
communities
against
antisemitism
mid
november
keynote
marked
the
start
of
new
educational
series
at
carnegie
mellon
university
aimed
at
dismantling
hate
by
illuminating
its
root
causes
tuesday
november
21
class
grid
box
link
box
href
news
stories
archives
november
prison
education
project
source
srcset
news
sites
default
files
styles
listings
tablet
1
public
pep
hero
min
jpg
webp
itok
urncmwx
media
max
width
px
and
min
width
px
type
image
webp
width
height
source
srcset
news
sites
default
files
styles
listings
desktop
1
public
pep
hero
min
jpg
webp
itok
qjsvhnmb
1
media
min
width
px
type
image
webp
width
height
source
srcset
news
sites
default
files
styles
listings
mobile
1
public
pep
hero
min
jpg
webp
itok
wpehn
4
lq
1
media
max
width
px
type
image
webp
width
height
source
srcset
news
sites
default
files
styles
listings
xs
1
public
pep
hero
min
jpg
webp
itok
3
hanzkqy
1
media
max
width
px
type
image
webp
width
height
img
class
link
box
image
data
focal
point
center
center
src
news
sites
default
files
styles
listings
desktop
1
public
pep
hero
min
jpg
webp
itok
qjsvhnmb
width
height
alt
view
of
front
of
classroom
from
behind
desks
and
chairs
loading
lazy
prison
education
project
offers
students
faculty
new
learning
experiences
the
prison
education
project
offers
cmu
students
and
faculty
new
learning
experiences
at
state
correctional
institute
in
somerset
pa
tuesday
november
21
class
grid
box
link
box
href
news
stories
archives
november
experts
in
automated
science
convene
at
carnegie
mellon
university
source
srcset
news
sites
default
files
styles
listings
tablet
1
public
nsf
workshop
22
min
jpg
webp
itok
bzk
4
rc
1
media
max
width
px
and
min
width
px
type
image
webp
width
height
source
srcset
news
sites
default
files
styles
listings
desktop
1
public
nsf
workshop
22
min
jpg
webp
itok
wh
3
da
media
min
width
px
type
image
webp
width
height
source
srcset
news
sites
default
files
styles
listings
mobile
1
public
nsf
workshop
22
min
jpg
webp
itok
eugnpgaz
1
media
max
width
px
type
image
webp
width
height
source
srcset
news
sites
default
files
styles
listings
xs
1
public
nsf
workshop
22
min
jpg
webp
itok
enkxxzif
1
media
max
width
px
type
image
webp
width
height
img
class
link
box
image
data
focal
point
center
center
src
news
sites
default
files
styles
listings
desktop
1
public
nsf
workshop
22
min
jpg
webp
itok
wh
3
da
3
width
height
alt
james
barr
von
oehsen
on
panel
at
nsf
workshop
on
automated
science
loading
lazy
experts
in
automated
science
convene
at
carnegie
mellon
university
quot
creating
national
network
of
academic
cloud
and
self
driving
labs
quot
national
science
foundation
workshop
gathered
stakeholders
to
address
the
development
challenges
and
potential
of
cloud
labs
and
self
driving
labs
monday
november
20
class
grid
box
link
box
href
news
stories
archives
november
carnegie
mellon
honors
three
faculty
with
professorships
source
srcset
news
sites
default
files
styles
listings
tablet
1
public
ua
kl
gates
professorships
jpg
webp
itok
4
yz
9
1
media
max
width
px
and
min
width
px
type
image
webp
width
height
source
srcset
news
sites
default
files
styles
listings
desktop
1
public
ua
kl
gates
professorships
jpg
webp
itok
dkktj
4
sr
1
media
min
width
px
type
image
webp
width
height
source
srcset
news
sites
default
files
styles
listings
mobile
1
public
ua
kl
gates
professorships
jpg
webp
itok
2
blu
2
zf
1
media
max
width
px
type
image
webp
width
height
source
srcset
news
sites
default
files
styles
listings
xs
1
public
ua
kl
gates
professorships
jpg
webp
itok
1
rlhpha
1
media
max
width
px
type
image
webp
width
height
img
class
link
box
image
data
focal
point
left
top
src
news
sites
default
files
styles
listings
desktop
1
public
ua
kl
gates
professorships
jpg
webp
itok
dkktj
4
sr
width
height
alt
front
row
left
to
right
alex
john
london
hoda
heidari
and
brad
myers
top
row
left
to
right
richard
scheines
martial
hebert
and
jim
garrett
loading
lazy
carnegie
mellon
honors
three
faculty
with
professorships
carnegie
mellon
university
recognized
three
distinguished
faculty
members
alex
john
london
hoda
heidari
and
brad
myers
during
nov
1
ceremony
in
honor
of
their
endowed
professorships
friday
november
17
class
grid
box
link
box
href
news
stories
archives
november
scs
researchers
to
receive
12
for
continued
doe
nuclear
fusion
research
source
srcset
news
sites
default
files
styles
listings
tablet
1
public
stories
archives
september
images
char
nuclear
fusion
min
jpg
webp
itok
epg
77
kdp
1
media
max
width
px
and
min
width
px
type
image
webp
width
height
source
srcset
news
sites
default
files
styles
listings
desktop
1
public
stories
archives
september
images
char
nuclear
fusion
min
jpg
webp
itok
dhldr
3
bw
1
media
min
width
px
type
image
webp
width
height
source
srcset
news
sites
default
files
styles
listings
mobile
1
public
stories
archives
september
images
char
nuclear
fusion
min
jpg
webp
itok
fccai
18
1
media
max
width
px
type
image
webp
width
height
source
srcset
news
sites
default
files
styles
listings
xs
1
public
stories
archives
september
images
char
nuclear
fusion
min
jpg
webp
itok
iypdbwtq
1
media
max
width
px
type
image
webp
width
height
img
class
link
box
image
data
focal
point
center
center
src
news
sites
default
files
styles
listings
desktop
1
public
stories
archives
september
images
char
nuclear
fusion
min
jpg
webp
itok
dhldr
3
bw
width
height
alt
char
nuclear
fusion
min
jpg
loading
lazy
scs
researchers
to
receive
for
continued
doe
nuclear
fusion
research
the
department
of
energy
will
continue
funding
research
on
nuclear
fusion
at
carnegie
mellon
universitys
school
of
computer
science
thursday
november
16
class
grid
box
link
box
href
news
stories
archives
november
art
meets
engineering
in
new
scaife
hall
source
srcset
news
sites
default
files
styles
listings
tablet
1
public
making
way
exterior
jpg
webp
itok
gqi
0
ijpr
1
media
max
width
px
and
min
width
px
type
image
webp
width
height
source
srcset
news
sites
default
files
styles
listings
desktop
1
public
making
way
exterior
jpg
webp
itok
5
xat
1
media
min
width
px
type
image
webp
width
height
source
srcset
news
sites
default
files
styles
listings
mobile
1
public
making
way
exterior
jpg
webp
itok
tnxqq
0
gn
1
media
max
width
px
type
image
webp
width
height
source
srcset
news
sites
default
files
styles
listings
xs
1
public
making
way
exterior
jpg
webp
itok
tnyhle
1
media
max
width
px
type
image
webp
width
height
img
class
link
box
image
data
focal
point
center
center
src
news
sites
default
files
styles
listings
desktop
1
public
making
way
exterior
jpg
webp
itok
5
xat
width
height
alt
exterior
view
of
scaife
building
where
art
concept
intersects
loading
lazy
art
meets
engineering
in
new
scaife
hall
visitors
to
carnegie
mellon
universitys
new
alan
magee
scaife
hall
will
be
greeted
by
new
piece
of
public
art
monday
november
13
class
grid
box
link
box
href
news
stories
archives
november
design
unveiled
for
expanded
institute
for
contemporary
art
in
pittsburgh
source
srcset
news
sites
default
files
styles
listings
tablet
1
public
rkm
hos
0
jpg
webp
itok
ramx
1
media
max
width
px
and
min
width
px
type
image
webp
width
height
source
srcset
news
sites
default
files
styles
listings
desktop
1
public
rkm
hos
0
jpg
webp
itok
yd
64
tris
1
media
min
width
px
type
image
webp
width
height
source
srcset
news
sites
default
files
styles
listings
mobile
1
public
rkm
hos
0
jpg
webp
itok
mpn
3
mdd
media
max
width
px
type
image
webp
width
height
source
srcset
news
sites
default
files
styles
listings
xs
1
public
rkm
hos
0
jpg
webp
itok
ebzis
0
ye
1
media
max
width
px
type
image
webp
width
height
img
class
link
box
image
data
focal
point
center
center
src
news
sites
default
files
styles
listings
desktop
1
public
rkm
hos
0
jpg
webp
itok
yd
64
tris
width
height
alt
rendering
of
the
richard
king
mellon
hall
of
sciences
loading
lazy
design
unveiled
for
expanded
institute
for
contemporary
art
in
pittsburgh
carnegie
mellon
university
unveiled
the
design
for
the
miller
institute
for
contemporary
arts
new
square
foot
home
prominently
located
in
the
new
richard
king
mellon
hall
of
sciences
monday
november
13
class
grid
box
link
box
href
news
stories
archives
november
carnegie
mellon
unveils
design
for
new
richard
king
mellon
hall
of
sciences
source
srcset
news
sites
default
files
styles
listings
tablet
1
public
rkm
hos
jpg
webp
itok
dvkwrjo
media
max
width
px
and
min
width
px
type
image
webp
width
height
source
srcset
news
sites
default
files
styles
listings
desktop
1
public
rkm
hos
jpg
webp
itok
0
ogvzqv
1
media
min
width
px
type
image
webp
width
height
source
srcset
news
sites
default
files
styles
listings
mobile
1
public
rkm
hos
jpg
webp
itok
bnej
ehk
1
media
max
width
px
type
image
webp
width
height
source
srcset
news
sites
default
files
styles
listings
xs
1
public
rkm
hos
jpg
webp
itok
pzzpvgph
1
media
max
width
px
type
image
webp
width
height
img
class
link
box
image
data
focal
point
center
center
src
news
sites
default
files
styles
listings
desktop
1
public
rkm
hos
jpg
webp
itok
0
ogvzqv
width
height
alt
rendering
of
the
richard
king
mellon
hall
of
sciences
loading
lazy
carnegie
mellon
unveils
design
for
new
richard
king
mellon
hall
of
sciences
carnegie
mellon
university
has
unveiled
the
striking
design
of
its
new
richard
king
mellon
hall
of
sciences
square
foot
interdisciplinary
building
monday
november
13
pagination
1
2
next
last
iframe
style
display
none
visibility
hidden
height
0
src
https://www.googletagmanager.com/ns.html
id
gtm
jq
width
0
class
link
list
item
link
link
new
window
href
http://www.cmu.edu/piper/
target
quot
blank
quot
the
piper
campus
amp
community
news
opens
in
new
window
class
link
list
item
link
link
new
window
href
https://events.cmu.edu/
target
quot
blank
quot
official
events
calendar
opens
in
new
window
forbes
avenue
pittsburgh
pa
href
https://www.cmu.edu/
carnegie
mellon
university
href
https://www.cmu.edu/legal/
target
blank
legal
info
class
social
media
item
link
href
https://www.facebook.com/carnegiemellonu
target
blank
facebook
opens
in
new
window
use
xlink
href
news
themes
cmu
images
sprite
svg
icon
facebook
class
social
media
item
link
href
https://www.twitter.com/carnegiemellon
target
blank
twitter
opens
in
new
window
use
xlink
href
news
themes
cmu
images
sprite
svg
icon
twitter
class
social
media
item
link
href
https://www.linkedin.com/edu/school
id
target
blank
linkedin
opens
in
new
window
use
xlink
href
news
themes
cmu
images
sprite
svg
icon
linkedin
class
social
media
item
link
href
https://www.youtube.com/cmu
target
blank
youtube
opens
in
new
window
use
xlink
href
news
themes
cmu
images
sprite
svg
icon
youtube
class
social
media
item
link
href
https://www.cmu.edu/news/feeds/news.rss
target
blank
rss
opens
in
new
window
use
xlink
href
news
themes
cmu
images
sprite
svg
icon
rss
class
social
media
item
link
href
https://www.instagram.com/carnegiemellon/
target
blank
instagram
opens
in
new
window
use
xlink
href
news
themes
cmu
images
sprite
svg
icon
instagram
class
social
media
item
link
href
https://www.cmu.edu/social-media/
target
blank
more
opens
in
new
window
use
xlink
href
news
themes
cmu
images
sprite
svg
icon
more
window
datalayer
window
datalayer
window
datalayer
push
language
en
country
us
sitetitle
news
sitename
news
siteid
news
sitetheme
cmu
environment
live
cms
drupal
cmsversion
6
script
type
application
json
data
drupal
selector
drupal
settings
json
path
baseurl
pathprefix
currentpath
stories
archives
november
currentpathisadmin
false
isfront
false
currentlanguage
en
pluraldelimiter
suppressdeprecationerrors
true
ajaxpagestate
libraries
ejxvzd
0
kgzaua
axknbb
guhu
iwntbp
gowmki
9
ahqxdlte
7
nsq
5
ibl
nwvgrdq
vgp
3
fcmwsx
5
sgnctjcstj
6
fsxsgvrc
44
dz
6
whhzbc
2
hrazc
8
fqaznicbvzbrmbxlw
60
vlko
6
ursxc
3
pey
0
xvdtxkxdkqzbj
7
vfrlda
9
sflmk
34
qu
dliu
theme
cmu
theme
token
null
ajaxtrustedurl
stories
archives
november
true
datalayer
defaultlang
en
languages
en
id
en
name
english
direction
ltr
weight
0
views
ajax
path
news
views
ajax
ajaxviews
views
dom
id
cf
ea
88
dba
cf
acc
9
cf
17
ba
5
bf
view
name
news
listing
view
display
id
archive
view
args
11
view
path
stories
archives
november
view
base
path
stories
archives
view
dom
id
cf
ea
88
dba
cf
acc
9
cf
17
ba
5
bf
pager
element
0
user
uid
0
permissionshash
aa
9
fd
56
ea
fa
script
src
news
core
assets
vendor
jquery
jquery
min
js
1
script
src
news
core
assets
vendor
once
once
min
js
1
script
src
news
core
misc
drupalsettingsloader
js
6
script
src
news
core
misc
drupal
js
6
script
src
news
core
misc
drupal
init
js
6
script
src
news
core
assets
vendor
tabbable
index
umd
min
js
0
script
src
script
src
news
modules
custom
cmu
datalayer
js
cmu
datalayer
js
1
script
src
news
modules
contrib
datalayer
js
datalayer
js
1
script
src
news
themes
cmu
dist
js
main
js
1
script
src
news
modules
contrib
obfuscate
email
js
obfuscate
email
js
6
script
src
news
core
assets
vendor
jquery
form
jquery
form
min
js
0
script
src
news
core
misc
progress
js
6
script
src
news
core
assets
vendor
loadjs
loadjs
min
js
0
script
src
news
core
misc
debounce
js
6
script
src
news
core
misc
announce
js
6
script
src
news
core
misc
message
js
6
script
src
news
core
misc
ajax
js
6
script
src
news
core
modules
views
js
base
js
6
script
src
news
core
modules
views
js
ajax
view
js
6
script
src
news
modules
custom
cmu
listing
js
cmu
listing
exposed
filters
js
sioyzl
scroll
to
top
