doctype
html
meta
charset
utf
8
meta
content
ie
edge
http
equiv
ua
compatible
meta
content
width
device
width
initial
scale
name
viewport
november
news
carnegie
mellon
university
meta
content
november
name
description
meta
content
carnegie
mellon
university
name
author
meta
content
november
news
carnegie
mellon
university
property
og
title
meta
content
november
property
og
description
meta
content
website
property
og
type
meta
content
property
og
url
meta
data
siteid
external
news
2
id
siteid
link
href
fonts
googleapis
com
css
family
open
sans
italic
italic
italic
rel
stylesheet
type
text
css
link
href
www
cmu
edu
common
standard
6
css
main
min
css
media
screen
rel
stylesheet
type
text
css
link
href
www
cmu
edu
common
standard
6
css
print
min
css
media
print
rel
stylesheet
type
text
css
link
href
www
cmu
edu
favicon
ico
rel
icon
link
href
www
cmu
edu
favicon
png
rel
apple
touch
icon
precomposed
meta
content
name
msapplication
tilecolor
meta
content
www
cmu
edu
favicon
png
name
msapplication
tileimage
var
datalayer
window
datalayer
window
datalayer
var
siteid
document
getelementbyid
siteid
getattribute
data
siteid
var
sitename
siteid
replace
datalayer
push
siteid
siteid
sitename
sitename
cms
cascade
function
push
gtm
start
new
date
gettime
event
gtm
js
var
getelementsbytagname
0
createelement
dl
datalayer
amp
async
true
src
www
googletagmanager
com
gtm
js
id
dl
parentnode
insertbefore
window
document
script
datalayer
gtm
jq
custom
css
link
href
www
cmu
edu
news
css
custom
css
rel
stylesheet
type
text
css
rss
link
link
href
www
cmu
edu
news
feeds
news
rss
rel
alternate
title
cmu
news
type
application
rss
xml
site
wide
twitter
card
meta
content
carnegiemellon
name
twitter
site
meta
content
carnegiemellon
name
twitter
creator
facebook
instant
articles
meta
content
property
fb
pages
iframe
height
0
src
https://www.googletagmanager.com/ns.html
id
gtm
jq
style
display
none
visibility
hidden
width
0
class
wordmark
href
www
cmu
edu
carnegie
mellon
university
form
action
https://search.cmu.edu
class
search
search
form
method
get
name
customform
input
id
id
form
id
name
form
id
type
hidden
value
basic
form
input
id
site
name
site
type
hidden
value
input
id
id
ie
name
ie
type
hidden
value
utf
8
search
input
aria
label
search
id
id
name
placeholder
search
search
search
this
site
only
input
checked
checked
name
site
type
checkbox
value
external
news
2
href
index
html
news
href
index
html
news
href
index
html
stories
href
index
html
archives
href
index
html
november
script
type
text
javascript
function
addloadevent
func
var
oldonload
window
onload
if
typeof
window
onload
function
window
onload
func
else
window
onload
function
if
oldonload
oldonload
func
div
aria
label
image
of
marvin
goodfriend
class
img
role
img
style
background
image
url
images
goodfriend
min
jpg
thursday
november
30
economist
marvin
goodfriend
nominated
to
board
of
governors
of
the
federal
reserve
div
aria
label
rob
cochran
class
img
role
img
style
background
image
url
images
cochran
min
jpg
wednesday
november
29
alumnus
rob
cochran
shares
his
exhilarating
ride
as
an
entrepreneur
div
aria
label
image
showing
results
of
drug
tests
class
img
role
img
style
background
image
url
images
chemotherapy
nanodrugs
min
jpg
wednesday
november
29
new
technique
reduces
side
effects
improves
delivery
of
chemotherapy
nanodrugs
div
class
hide
filterable
data
img
images
printer
min
jpg
student
looks
to
machine
vision
to
optimize
3
printing
tuesday
november
28
student
looks
to
machine
vision
to
optimize
3
printing
div
class
hide
filterable
data
img
images
thailand
collaboration
min
jpg
cmu
and
kmitl
announce
research
and
education
collaboration
tuesday
november
28
cmu
and
kmitl
announce
research
and
education
collaboration
div
class
hide
filterable
data
img
images
public
health
communicator
min
jpg
public
health
communicator
makes
global
impact
tuesday
november
28
public
health
communicator
makes
global
impact
div
class
hide
filterable
data
img
images
puerto
rico
flights
min
jpg
cmu
student
flights
have
evacuated
more
than
following
hurricane
maria
wednesday
november
22
cmu
student
flights
have
evacuated
more
than
following
hurricane
maria
div
class
hide
filterable
data
img
images
smart
cities
min
jpg
pittsburgh
stars
as
smart
city
at
global
entrepreneurship
event
at
carnegie
mellon
university
wednesday
november
22
pittsburgh
stars
as
smart
city
at
global
entrepreneurship
event
at
carnegie
mellon
university
div
class
hide
filterable
data
img
images
dnp
min
jpg
cmu
physicists
host
national
meeting
of
nuclear
scientists
tuesday
november
21
cmu
physicists
host
national
meeting
of
nuclear
scientists
div
class
hide
filterable
data
img
images
predict
perfect
gift
min
jpg
how
to
predict
the
perfect
gift
tuesday
november
21
how
to
predict
the
perfect
gift
div
class
hide
filterable
data
img
images
candy
min
jpg
design
alumnus
making
old
toys
new
again
tuesday
november
21
design
alumnus
making
old
toys
new
again
div
class
hide
filterable
data
img
images
hazelwood
green
min
1
jpg
former
steel
mill
forges
new
beginning
with
groundbreaking
monday
november
20
former
steel
mill
forges
new
beginning
with
groundbreaking
div
class
hide
filterable
data
img
images
tarr
min
jpg
michael
tarr
named
aaas
fellow
monday
november
20
michael
tarr
named
aaas
fellow
div
class
hide
filterable
data
img
images
senyai
min
jpg
faculty
students
win
american
architecture
prize
for
restaurant
design
wednesday
november
15
faculty
students
win
american
architecture
prize
for
restaurant
design
div
class
hide
filterable
data
img
images
hazelwood
green
min
jpg
cmu
arm
institute
to
preview
manufacturing
technology
hub
wednesday
november
15
cmu
arm
institute
to
preview
manufacturing
technology
hub
div
class
hide
filterable
data
img
images
spirit
house
min
jpg
spirit
house
returns
in
new
splendor
wednesday
november
15
spirit
house
returns
in
new
splendor
div
class
hide
filterable
data
img
images
angle
min
jpg
angle
jungle
gets
straight
to
math
fun
tuesday
november
14
angle
jungle
gets
straight
to
math
fun
div
class
hide
filterable
data
img
images
plainsight
min
jpg
hiding
in
plain
sight
tuesday
november
14
hiding
in
plain
sight
div
class
hide
filterable
data
img
images
comyoot
min
jpg
comyoot
aims
to
make
successful
connection
monday
november
13
comyoot
aims
to
make
successful
connection
div
class
hide
filterable
data
img
images
scallop
min
jpg
cmu
software
assembles
rna
transcripts
more
accurately
monday
november
13
cmu
software
assembles
rna
transcripts
more
accurately
div
class
hide
filterable
data
img
images
murphy
min
jpg
cmu
basketball
star
turns
pro
monday
november
13
cmu
basketball
star
turns
pro
carnegie
mellon
university
endowment
grows
to
billion
monday
november
13
carnegie
mellon
university
endowment
grows
to
billion
div
class
hide
filterable
data
img
images
50
anniversary
min
jpg
50
th
anniversary
events
celebrate
cmu
impact
bright
future
sunday
november
12
50
th
anniversary
events
celebrate
cmu
impact
bright
future
div
class
hide
filterable
data
img
images
odom
min
jpg
cmu
classmates
gad
odom
jr
reunite
in
murder
on
the
orient
express
thursday
november
09
cmu
classmates
gad
odom
jr
reunite
in
murder
on
the
orient
express
div
class
hide
filterable
data
img
images
jodi
forlizzi
min
jpg
forlizzi
named
director
of
human
computer
interaction
institute
thursday
november
09
forlizzi
named
director
of
human
computer
interaction
institute
div
class
hide
filterable
data
img
images
rise
against
hunger
min
jpg
cmu
packages
meals
tuesday
november
07
cmu
packages
meals
div
class
hide
filterable
data
img
images
50
anniversay
min
jpg
celebrating
50
years
as
carnegie
mellon
university
nov
tuesday
november
07
celebrating
50
years
as
carnegie
mellon
university
nov
div
class
hide
filterable
data
img
images
ini
fellowship
min
jpg
cmu
information
networking
institute
executive
women
forum
award
10
th
fellowship
tuesday
november
07
cmu
information
networking
institute
executive
women
forum
award
10
th
fellowship
div
class
hide
filterable
data
img
images
ford
min
jpg
cmu
students
win
ford
mobility
challenge
tuesday
november
07
cmu
students
win
ford
mobility
challenge
div
class
hide
filterable
data
img
images
lauren
mueller
min
jpg
women
soccer
volleyball
teams
advance
to
ncaa
post
season
play
monday
november
06
women
soccer
volleyball
teams
advance
to
ncaa
post
season
play
div
class
hide
filterable
data
img
images
australia
mall
min
jpg
new
analytics
tool
to
help
businesses
succeed
down
under
monday
november
06
new
analytics
tool
to
help
businesses
succeed
down
under
div
class
hide
filterable
data
img
images
mike
trick
min
jpg
carnegie
mellon
qatar
formally
installs
dean
michael
trick
monday
november
06
carnegie
mellon
qatar
formally
installs
dean
michael
trick
div
class
hide
filterable
data
img
images
energy
min
jpg
faculty
students
pitch
research
innovations
at
regional
energy
conference
thursday
november
02
faculty
students
pitch
research
innovations
at
regional
energy
conference
div
class
hide
filterable
data
img
images
hunger
min
jpg
cmu
volunteers
to
package
meals
for
madagascar
thursday
november
02
cmu
volunteers
to
package
meals
for
madagascar
div
class
hide
filterable
data
img
images
behaviourtruck
min
jpg
unique
fusion
of
economics
psychology
drives
carnegie
mellon
approach
to
behavioral
economics
thursday
november
02
unique
fusion
of
economics
psychology
drives
carnegie
mellon
approach
to
behavioral
economics
div
class
hide
filterable
data
img
images
sam
benger
min
jpg
benger
named
campbell
trophy
finalist
as
top
scholar
athlete
wednesday
november
01
benger
named
campbell
trophy
finalist
as
top
scholar
athlete
div
class
hide
filterable
data
img
images
gerrymandering
min
jpg
cut
you
choose
cake
cutting
protocol
inspires
solution
to
gerrymandering
wednesday
november
01
cut
you
choose
cake
cutting
protocol
inspires
solution
to
gerrymandering
load
more
articles
href
http://www.cmu.edu/piper/
target
blank
the
piper
campus
amp
community
news
href
http://www.cmu.edu/events
target
blank
official
events
calendar
carnegie
mellon
university
br
forbes
avenue
br
pittsburgh
pa
br
br
href
www
cmu
edu
legal
target
blank
legal
info
href
www
cmu
edu
www
cmu
edu
carnegie
mellon
university
class
facebook
href
http://www.facebook.com/carnegiemellonu
target
blank
cmu
on
facebook
class
twitter
href
http://www.twitter.com/carnegiemellon
target
blank
cmu
on
twitter
class
linkedin
href
https://www.linkedin.com/edu/school
id
target
blank
cmu
on
linkedin
class
youtube
href
http://www.youtube.com/cmu
target
blank
cmu
youtube
channel
class
rss
href
http://www.cmu.edu/news/feeds/news.rss
target
blank
cmu
rss
feed
class
instagram
href
https://www.instagram.com/carnegiemellon/
target
blank
cmu
on
instagram
class
more
href
http://www.cmu.edu/social-media/
target
self
title
more
social
networks
cmu
social
media
directory
href
index
html
target
self
stories
href
cit
html
target
self
college
of
engineering
href
cfa
html
target
self
college
of
fine
arts
href
hss
html
target
self
dietrich
college
of
humanities
amp
social
sciences
href
hnz
html
target
self
heinz
college
of
information
systems
and
public
policy
href
mcs
html
target
self
mellon
college
of
science
href
scs
html
target
self
school
of
computer
science
href
tpr
html
target
self
tepper
school
of
business
href
index
html
target
self
archives
href
index
html
target
self
href
march
index
html
target
self
march
href
february
index
html
target
self
february
href
january
index
html
target
self
january
href
index
html
target
self
href
december
index
html
target
self
december
href
november
index
html
target
self
november
href
october
index
html
target
self
october
href
september
index
html
target
self
september
href
august
index
html
target
self
august
href
july
index
html
target
self
july
href
june
index
html
target
self
june
href
may
index
html
target
self
may
href
april
index
html
target
self
april
href
march
index
html
target
self
march
href
february
index
html
target
self
february
href
january
index
html
target
self
january
href
index
html
target
self
href
december
index
html
target
self
december
href
november
index
html
target
self
november
href
october
index
html
target
self
october
href
september
index
html
target
self
september
href
august
index
html
target
self
august
href
july
index
html
target
self
july
href
june
index
html
target
self
june
href
may
index
html
target
self
may
href
april
index
html
target
self
april
href
march
index
html
target
self
march
href
february
index
html
target
self
february
href
january
index
html
target
self
january
href
index
html
target
self
href
december
index
html
target
self
december
href
november
index
html
target
self
november
href
october
index
html
target
self
october
href
september
index
html
target
self
september
href
august
index
html
target
self
august
href
july
index
html
target
self
july
href
june
index
html
target
self
june
href
may
index
html
target
self
may
href
april
index
html
target
self
april
href
march
index
html
target
self
march
href
february
index
html
target
self
february
href
january
index
html
target
self
january
href
index
html
target
self
href
january
index
html
target
self
january
href
february
index
html
target
self
february
href
march
index
html
target
self
march
href
april
index
html
target
self
april
href
may
index
html
target
self
may
href
may
tony
nominees
media
html
target
self
media
kit
for
tony
awards
href
may
commencement
media
html
target
self
media
kit
for
commencement
href
june
index
html
target
self
june
href
june
smart
cities
media
html
target
self
media
kit
for
smart
cities
href
july
index
html
target
self
july
href
august
index
html
target
self
august
href
september
index
html
target
self
september
href
september
women
make
up
majority
incoming
class
media
html
target
self
media
kit
women
make
up
majority
of
cmu
class
of
href
october
index
html
target
self
october
november
href
december
index
html
target
self
december
href
index
html
target
self
href
january
index
html
target
self
january
href
february
index
html
target
self
february
href
march
index
html
target
self
march
href
april
index
html
target
self
april
href
may
index
html
target
self
may
href
june
index
html
target
self
june
href
july
index
html
target
self
july
href
august
index
html
target
self
august
href
september
index
html
target
self
september
href
october
index
html
target
self
october
href
november
index
html
target
self
november
href
december
index
html
target
self
december
href
index
html
target
self
href
january
index
html
target
self
january
href
february
index
html
target
self
february
href
march
index
html
target
self
march
href
april
index
html
target
self
april
href
may
index
html
target
self
may
href
june
index
html
target
self
june
href
july
index
html
target
self
july
href
august
index
html
target
self
august
href
september
index
html
target
self
september
href
october
index
html
target
self
october
href
november
index
html
target
self
november
href
december
index
html
target
self
december
href
index
html
target
self
href
january
index
html
target
self
january
href
february
index
html
target
self
february
href
march
index
html
target
self
march
href
april
index
html
target
self
april
href
may
index
html
target
self
may
href
june
index
html
target
self
june
href
july
index
html
target
self
july
href
august
index
html
target
self
august
href
september
index
html
target
self
september
href
october
index
html
target
self
october
href
november
index
html
target
self
november
href
december
index
html
target
self
december
href
index
html
target
self
href
january
index
html
target
self
january
href
february
index
html
target
self
february
href
march
index
html
target
self
march
href
april
index
html
target
self
april
href
may
index
html
target
self
may
href
june
index
html
target
self
june
href
july
index
html
target
self
july
href
august
index
html
target
self
august
href
september
index
html
target
self
september
href
october
index
html
target
self
october
href
november
index
html
target
self
november
href
december
index
html
target
self
december
href
index
html
target
self
href
january
index
html
target
self
january
href
february
index
html
target
self
february
href
march
index
html
target
self
march
href
april
index
html
target
self
april
href
may
index
html
target
self
may
href
june
index
html
target
self
june
href
july
index
html
target
self
july
href
august
index
html
target
self
august
href
september
index
html
target
self
september
href
october
index
html
target
self
october
href
november
index
html
target
self
november
href
december
index
html
target
self
december
href
index
html
target
self
href
january
index
html
target
self
january
href
february
index
html
target
self
february
href
march
index
html
target
self
march
href
april
index
html
target
self
april
href
may
index
html
target
self
may
href
june
index
html
target
self
june
href
july
index
html
target
self
july
href
august
index
html
target
self
august
href
september
index
html
target
self
september
href
october
index
html
target
self
october
href
november
index
html
target
self
november
href
december
index
html
target
self
december
href
media
highlights
index
html
target
self
media
highlights
href
media
resources
index
html
target
self
media
resources
href
media
resources
experts
alphabetical
html
target
self
experts
alphabetical
href
media
resources
experts
by
topic
html
target
self
experts
by
topic
href
contact
index
html
target
self
contact
us
class
external
href
http://www.cmu.edu/piper/
target
blank
the
piper
campus
amp
community
news
script
src
www
cmu
edu
common
standard
6
js
list
min
js
type
text
javascript
script
src
www
cmu
edu
common
standard
6
js
jquery
1
min
js
type
text
javascript
script
src
www
cmu
edu
common
standard
6
js
main
min
js
type
text
javascript
script
src
www
cmu
edu
news
js
custom
js
type
text
javascript
