doctype
html
html
lang
en
dir
ltr
prefix
og
https://ogp.me/ns
link
rel
canonical
href
news
stories
archives
august
highmark
center
to
welcome
campus
community
as
destination
for
well
being
link
rel
image
src
href
itok
2
jwti
2
meta
property
og
url
content
news
stories
archives
august
highmark
center
to
welcome
campus
community
as
destination
for
well
being
meta
property
og
image
content
itok
2
jwti
2
meta
property
og
image
secure
url
content
itok
2
jwti
2
meta
property
og
image
type
content
image
jpeg
meta
name
twitter
image
content
itok
2
jwti
2
meta
name
generator
content
drupal
10
https://www.drupal.org
script
type
application
ld
json
context
https://schema.org
graph
type
newsarticle
id
headline
highmark
center
to
welcome
campus
community
as
destination
for
well
being
description
with
the
new
million
highmark
center
for
health
wellness
and
athletics
now
open
leaders
at
carnegie
mellon
university
look
forward
to
welcoming
students
faculty
and
staff
to
the
many
spaces
and
features
that
comprise
the
square
foot
building
datepublished
datemodified
author
type
person
name
stacey
federoff
url
mailto
sfederoff
cmu
edu
publisher
type
organization
name
cmu
news
logo
type
imageobject
representativeofpage
false
url
width
height
type
collegeoruniversity
id
http://www.cmu.edu/news
url
https://www.cmu.edu/
sameas
https://twitter.com/cmu_news
https://www.instagram.com/carnegiemellon/
https://www.youtube.com/carnegiemellonu
name
carnegie
mellon
university
telephone
logo
type
imageobject
url
width
height
alternatename
cmu
carnegie
mellon
address
type
postaladdress
streetaddress
forbes
ave
addresslocality
pittsburgh
addressregion
pa
postalcode
addresscountry
us
script
type
text
javascript
var
datalayer
window
datalayer
window
datalayer
var
siteid
news
var
sitename
news
datalayer
push
siteid
siteid
sitename
sitename
cms
cascade
function
push
gtm
start
new
date
gettime
event
gtm
js
var
getelementsbytagname
0
createelement
dl
datalayer
amp
async
true
src
www
googletagmanager
com
gtm
js
id
dl
parentnode
insertbefore
window
document
script
datalayer
gtm
jq
link
rel
icon
href
news
themes
cmu
favicon
ico
type
image
vnd
microsoft
icon
highmark
center
to
welcome
campus
community
as
destination
for
well
being
news
carnegie
mellon
university
link
rel
stylesheet
media
all
href
news
core
modules
filter
css
filter
caption
css
sioyzl
link
rel
stylesheet
media
all
href
news
core
modules
media
css
filter
caption
css
sioyzl
link
rel
stylesheet
media
all
href
fonts
googleapis
com
css
family
open
sans
italic
italic
italic
link
rel
stylesheet
media
screen
href
news
libraries
accessible
accessible
slick
slick
slick
theme
css
sioyzl
link
rel
stylesheet
media
screen
href
news
libraries
accessible
accessible
slick
slick
slick
css
sioyzl
link
rel
stylesheet
media
all
href
news
themes
cmu
dist
css
main
css
sioyzl
link
rel
stylesheet
media
print
href
news
themes
cmu
dist
css
print
css
sioyzl
link
rel
apple
touch
icon
sizes
href
link
rel
icon
type
image
png
sizes
href
link
rel
icon
type
image
png
sizes
href
link
rel
mask
icon
href
color
5
bbad
5
skip
to
main
content
href
https://www.cmu.edu
class
roof
wordmark
link
id
wordmark
carnegie
mellon
university
homepage
use
xlink
href
news
themes
cmu
images
sprite
svg
cmu
wordmark
form
action
https://search.cmu.edu
method
get
class
roof
search
form
search
carnegie
mellon
university
search
use
xlink
href
news
themes
cmu
images
sprite
svg
icon
search
svg
class
icon
menu
width
height
xmlns
http://www.w3.org/2000/svg
viewbox
menu
href
news
news
form
action
https://search.cmu.edu
method
get
class
side
nav
search
form
search
carnegie
mellon
university
search
use
xlink
href
news
themes
cmu
images
sprite
svg
icon
search
href
news
stories
class
side
nav
list
list
item
link
data
drupal
link
system
path
node
6
stories
stories
section
href
news
stories
college
of
engineering
class
side
nav
list
list
item
link
data
drupal
link
system
path
node
college
of
engineering
href
news
stories
college
of
fine
arts
class
side
nav
list
list
item
link
data
drupal
link
system
path
node
college
of
fine
arts
href
news
stories
dietrich
college
of
humanities
social
sciences
class
side
nav
list
list
item
link
data
drupal
link
system
path
node
dietrich
college
of
humanities
amp
social
sciences
href
news
stories
heinz
college
of
information
systems
and
public
policy
class
side
nav
list
list
item
link
data
drupal
link
system
path
node
heinz
college
of
information
systems
and
public
policy
href
news
stories
mellon
college
of
science
class
side
nav
list
list
item
link
data
drupal
link
system
path
node
mellon
college
of
science
href
news
stories
school
of
computer
science
class
side
nav
list
list
item
link
data
drupal
link
system
path
node
school
of
computer
science
href
news
stories
tepper
school
of
business
class
side
nav
list
list
item
link
data
drupal
link
system
path
node
tepper
school
of
business
href
news
stories
archives
class
side
nav
list
list
item
link
data
drupal
link
system
path
node
7
archives
archives
section
href
news
stories
archives
class
side
nav
list
list
item
link
data
drupal
link
system
path
stories
archives
section
href
news
stories
archives
january
class
side
nav
list
list
item
link
data
drupal
link
system
path
stories
archives
january
january
href
news
stories
archives
february
class
side
nav
list
list
item
link
data
drupal
link
system
path
stories
archives
february
february
href
news
stories
archives
march
class
side
nav
list
list
item
link
data
drupal
link
system
path
stories
archives
march
march
href
news
stories
archives
april
class
side
nav
list
list
item
link
data
drupal
link
system
path
stories
archives
april
april
href
news
stories
archives
may
class
side
nav
list
list
item
link
data
drupal
link
system
path
stories
archives
may
may
href
news
stories
archives
june
class
side
nav
list
list
item
link
data
drupal
link
system
path
stories
archives
june
june
href
news
stories
archives
july
class
side
nav
list
list
item
link
data
drupal
link
system
path
stories
archives
july
july
href
news
stories
archives
august
class
side
nav
list
list
item
link
data
drupal
link
system
path
stories
archives
august
august
href
news
stories
archives
class
side
nav
list
list
item
link
data
drupal
link
system
path
stories
archives
section
href
news
stories
archives
january
class
side
nav
list
list
item
link
data
drupal
link
system
path
stories
archives
january
january
href
news
stories
archives
february
class
side
nav
list
list
item
link
data
drupal
link
system
path
stories
archives
february
february
href
news
stories
archives
march
class
side
nav
list
list
item
link
data
drupal
link
system
path
stories
archives
march
march
href
news
stories
archives
april
class
side
nav
list
list
item
link
data
drupal
link
system
path
stories
archives
april
april
href
news
stories
archives
may
class
side
nav
list
list
item
link
data
drupal
link
system
path
stories
archives
may
may
href
news
stories
archives
june
class
side
nav
list
list
item
link
data
drupal
link
system
path
stories
archives
june
june
href
news
stories
archives
july
class
side
nav
list
list
item
link
data
drupal
link
system
path
stories
archives
july
july
href
news
stories
archives
august
class
side
nav
list
list
item
link
data
drupal
link
system
path
stories
archives
august
august
href
news
stories
archives
september
class
side
nav
list
list
item
link
data
drupal
link
system
path
stories
archives
september
september
href
news
stories
archives
october
class
side
nav
list
list
item
link
data
drupal
link
system
path
stories
archives
october
october
href
news
stories
archives
november
class
side
nav
list
list
item
link
data
drupal
link
system
path
stories
archives
november
november
href
news
stories
archives
december
class
side
nav
list
list
item
link
data
drupal
link
system
path
stories
archives
december
december
href
news
stories
archives
class
side
nav
list
list
item
link
data
drupal
link
system
path
stories
archives
section
href
news
stories
archives
january
class
side
nav
list
list
item
link
data
drupal
link
system
path
stories
archives
january
january
href
news
stories
archives
february
class
side
nav
list
list
item
link
data
drupal
link
system
path
stories
archives
february
february
href
news
stories
archives
march
class
side
nav
list
list
item
link
data
drupal
link
system
path
stories
archives
march
march
href
news
stories
archives
april
class
side
nav
list
list
item
link
data
drupal
link
system
path
stories
archives
april
april
href
news
stories
archives
may
class
side
nav
list
list
item
link
data
drupal
link
system
path
stories
archives
may
may
href
news
stories
archives
june
class
side
nav
list
list
item
link
data
drupal
link
system
path
stories
archives
june
june
href
news
stories
archives
july
class
side
nav
list
list
item
link
data
drupal
link
system
path
stories
archives
july
july
href
news
stories
archives
august
class
side
nav
list
list
item
link
data
drupal
link
system
path
stories
archives
august
august
href
news
stories
archives
september
class
side
nav
list
list
item
link
data
drupal
link
system
path
stories
archives
september
september
href
news
stories
archives
october
class
side
nav
list
list
item
link
data
drupal
link
system
path
stories
archives
october
october
href
news
stories
archives
november
class
side
nav
list
list
item
link
data
drupal
link
system
path
stories
archives
november
november
href
news
stories
archives
december
class
side
nav
list
list
item
link
data
drupal
link
system
path
stories
archives
december
december
href
news
stories
archives
class
side
nav
list
list
item
link
data
drupal
link
system
path
stories
archives
section
href
news
stories
archives
january
class
side
nav
list
list
item
link
data
drupal
link
system
path
stories
archives
january
january
href
news
stories
archives
february
class
side
nav
list
list
item
link
data
drupal
link
system
path
stories
archives
february
february
href
news
stories
archives
march
class
side
nav
list
list
item
link
data
drupal
link
system
path
stories
archives
march
march
href
news
stories
archives
april
class
side
nav
list
list
item
link
data
drupal
link
system
path
stories
archives
april
april
href
news
stories
archives
may
class
side
nav
list
list
item
link
data
drupal
link
system
path
stories
archives
may
may
href
news
stories
archives
june
class
side
nav
list
list
item
link
data
drupal
link
system
path
stories
archives
june
june
href
news
stories
archives
july
class
side
nav
list
list
item
link
data
drupal
link
system
path
stories
archives
july
july
href
news
stories
archives
august
class
side
nav
list
list
item
link
data
drupal
link
system
path
stories
archives
august
august
href
news
stories
archives
september
class
side
nav
list
list
item
link
data
drupal
link
system
path
stories
archives
september
september
href
news
stories
archives
october
class
side
nav
list
list
item
link
data
drupal
link
system
path
stories
archives
october
october
href
news
stories
archives
november
class
side
nav
list
list
item
link
data
drupal
link
system
path
stories
archives
november
november
href
news
stories
archives
december
class
side
nav
list
list
item
link
data
drupal
link
system
path
stories
archives
december
december
href
news
stories
archives
class
side
nav
list
list
item
link
data
drupal
link
system
path
stories
archives
section
href
news
stories
archives
january
class
side
nav
list
list
item
link
data
drupal
link
system
path
stories
archives
january
january
href
news
stories
archives
february
class
side
nav
list
list
item
link
data
drupal
link
system
path
stories
archives
february
february
href
news
stories
archives
march
class
side
nav
list
list
item
link
data
drupal
link
system
path
stories
archives
march
march
href
news
stories
archives
april
class
side
nav
list
list
item
link
data
drupal
link
system
path
stories
archives
april
april
href
news
stories
archives
may
class
side
nav
list
list
item
link
data
drupal
link
system
path
stories
archives
may
may
href
news
stories
archives
june
class
side
nav
list
list
item
link
data
drupal
link
system
path
stories
archives
june
june
href
news
stories
archives
july
class
side
nav
list
list
item
link
data
drupal
link
system
path
stories
archives
july
july
href
news
stories
archives
august
class
side
nav
list
list
item
link
data
drupal
link
system
path
stories
archives
august
august
href
news
stories
archives
september
class
side
nav
list
list
item
link
data
drupal
link
system
path
stories
archives
september
september
href
news
stories
archives
october
class
side
nav
list
list
item
link
data
drupal
link
system
path
stories
archives
october
october
href
news
stories
archives
november
class
side
nav
list
list
item
link
data
drupal
link
system
path
stories
archives
november
november
href
news
stories
archives
december
class
side
nav
list
list
item
link
data
drupal
link
system
path
stories
archives
december
december
href
news
stories
archives
class
side
nav
list
list
item
link
data
drupal
link
system
path
stories
archives
section
href
news
stories
archives
january
class
side
nav
list
list
item
link
data
drupal
link
system
path
stories
archives
january
january
href
news
stories
archives
february
class
side
nav
list
list
item
link
data
drupal
link
system
path
stories
archives
february
february
href
news
stories
archives
march
class
side
nav
list
list
item
link
data
drupal
link
system
path
stories
archives
march
march
href
news
stories
archives
april
class
side
nav
list
list
item
link
data
drupal
link
system
path
stories
archives
april
april
href
news
stories
archives
may
class
side
nav
list
list
item
link
data
drupal
link
system
path
stories
archives
may
may
href
news
stories
archives
june
class
side
nav
list
list
item
link
data
drupal
link
system
path
stories
archives
june
june
href
news
stories
archives
july
class
side
nav
list
list
item
link
data
drupal
link
system
path
stories
archives
july
july
href
news
stories
archives
august
class
side
nav
list
list
item
link
data
drupal
link
system
path
stories
archives
august
august
href
news
stories
archives
september
class
side
nav
list
list
item
link
data
drupal
link
system
path
stories
archives
september
september
href
news
stories
archives
october
class
side
nav
list
list
item
link
data
drupal
link
system
path
stories
archives
october
october
href
news
stories
archives
november
class
side
nav
list
list
item
link
data
drupal
link
system
path
stories
archives
november
november
href
news
stories
archives
december
class
side
nav
list
list
item
link
data
drupal
link
system
path
stories
archives
december
december
href
news
stories
archives
class
side
nav
list
list
item
link
data
drupal
link
system
path
stories
archives
section
href
news
stories
archives
january
class
side
nav
list
list
item
link
data
drupal
link
system
path
stories
archives
january
january
href
news
stories
archives
february
class
side
nav
list
list
item
link
data
drupal
link
system
path
stories
archives
february
february
href
news
stories
archives
march
class
side
nav
list
list
item
link
data
drupal
link
system
path
stories
archives
march
march
href
news
stories
archives
april
class
side
nav
list
list
item
link
data
drupal
link
system
path
stories
archives
april
april
href
news
stories
archives
may
class
side
nav
list
list
item
link
data
drupal
link
system
path
stories
archives
may
may
href
news
stories
archives
june
class
side
nav
list
list
item
link
data
drupal
link
system
path
stories
archives
june
june
href
news
stories
archives
july
class
side
nav
list
list
item
link
data
drupal
link
system
path
stories
archives
july
july
href
news
stories
archives
august
class
side
nav
list
list
item
link
data
drupal
link
system
path
stories
archives
august
august
href
news
stories
archives
september
class
side
nav
list
list
item
link
data
drupal
link
system
path
stories
archives
september
september
href
news
stories
archives
october
class
side
nav
list
list
item
link
data
drupal
link
system
path
stories
archives
october
october
href
news
stories
archives
november
class
side
nav
list
list
item
link
data
drupal
link
system
path
stories
archives
november
november
href
news
stories
archives
december
class
side
nav
list
list
item
link
data
drupal
link
system
path
stories
archives
december
december
href
news
stories
archives
class
side
nav
list
list
item
link
data
drupal
link
system
path
stories
archives
section
href
news
stories
archives
january
class
side
nav
list
list
item
link
data
drupal
link
system
path
stories
archives
january
january
href
news
stories
archives
february
class
side
nav
list
list
item
link
data
drupal
link
system
path
stories
archives
february
february
href
news
stories
archives
march
class
side
nav
list
list
item
link
data
drupal
link
system
path
stories
archives
march
march
href
news
stories
archives
april
class
side
nav
list
list
item
link
data
drupal
link
system
path
stories
archives
april
april
href
news
stories
archives
may
class
side
nav
list
list
item
link
data
drupal
link
system
path
stories
archives
may
may
href
news
stories
archives
june
class
side
nav
list
list
item
link
data
drupal
link
system
path
stories
archives
june
june
href
news
stories
archives
july
class
side
nav
list
list
item
link
data
drupal
link
system
path
stories
archives
july
july
href
news
stories
archives
august
class
side
nav
list
list
item
link
data
drupal
link
system
path
stories
archives
august
august
href
news
stories
archives
september
class
side
nav
list
list
item
link
data
drupal
link
system
path
stories
archives
september
september
href
news
stories
archives
october
class
side
nav
list
list
item
link
data
drupal
link
system
path
stories
archives
october
october
href
news
stories
archives
november
class
side
nav
list
list
item
link
data
drupal
link
system
path
stories
archives
november
november
href
news
stories
archives
december
class
side
nav
list
list
item
link
data
drupal
link
system
path
stories
archives
december
december
href
news
stories
archives
class
side
nav
list
list
item
link
data
drupal
link
system
path
stories
archives
section
href
news
stories
archives
january
class
side
nav
list
list
item
link
data
drupal
link
system
path
stories
archives
january
january
href
news
stories
archives
february
class
side
nav
list
list
item
link
data
drupal
link
system
path
stories
archives
february
february
href
news
stories
archives
march
class
side
nav
list
list
item
link
data
drupal
link
system
path
stories
archives
march
march
href
news
stories
archives
april
class
side
nav
list
list
item
link
data
drupal
link
system
path
stories
archives
april
april
href
news
stories
archives
may
class
side
nav
list
list
item
link
data
drupal
link
system
path
stories
archives
may
may
href
news
stories
archives
june
class
side
nav
list
list
item
link
data
drupal
link
system
path
stories
archives
june
june
href
news
stories
archives
july
class
side
nav
list
list
item
link
data
drupal
link
system
path
stories
archives
july
july
href
news
stories
archives
august
class
side
nav
list
list
item
link
data
drupal
link
system
path
stories
archives
august
august
href
news
stories
archives
september
class
side
nav
list
list
item
link
data
drupal
link
system
path
stories
archives
september
september
href
news
stories
archives
october
class
side
nav
list
list
item
link
data
drupal
link
system
path
stories
archives
october
october
href
news
stories
archives
november
class
side
nav
list
list
item
link
data
drupal
link
system
path
stories
archives
november
november
href
news
stories
archives
december
class
side
nav
list
list
item
link
data
drupal
link
system
path
stories
archives
december
december
href
news
stories
archives
class
side
nav
list
list
item
link
data
drupal
link
system
path
stories
archives
section
href
news
stories
archives
january
class
side
nav
list
list
item
link
data
drupal
link
system
path
stories
archives
january
january
href
news
stories
archives
february
class
side
nav
list
list
item
link
data
drupal
link
system
path
stories
archives
february
february
href
news
stories
archives
march
class
side
nav
list
list
item
link
data
drupal
link
system
path
stories
archives
march
march
href
news
stories
archives
april
class
side
nav
list
list
item
link
data
drupal
link
system
path
stories
archives
april
april
href
news
stories
archives
may
class
side
nav
list
list
item
link
data
drupal
link
system
path
stories
archives
may
may
href
news
stories
archives
june
class
side
nav
list
list
item
link
data
drupal
link
system
path
stories
archives
june
june
href
news
stories
archives
july
class
side
nav
list
list
item
link
data
drupal
link
system
path
stories
archives
july
july
href
news
stories
archives
august
class
side
nav
list
list
item
link
data
drupal
link
system
path
stories
archives
august
august
href
news
stories
archives
september
class
side
nav
list
list
item
link
data
drupal
link
system
path
stories
archives
september
september
href
news
stories
archives
october
class
side
nav
list
list
item
link
data
drupal
link
system
path
stories
archives
october
october
href
news
stories
archives
november
class
side
nav
list
list
item
link
data
drupal
link
system
path
stories
archives
november
november
href
news
stories
archives
december
class
side
nav
list
list
item
link
data
drupal
link
system
path
stories
archives
december
december
href
news
stories
archives
class
side
nav
list
list
item
link
data
drupal
link
system
path
stories
archives
section
href
news
stories
archives
january
class
side
nav
list
list
item
link
data
drupal
link
system
path
stories
archives
january
january
href
news
stories
archives
february
class
side
nav
list
list
item
link
data
drupal
link
system
path
stories
archives
february
february
href
news
stories
archives
march
class
side
nav
list
list
item
link
data
drupal
link
system
path
stories
archives
march
march
href
news
stories
archives
april
class
side
nav
list
list
item
link
data
drupal
link
system
path
stories
archives
april
april
href
news
stories
archives
may
class
side
nav
list
list
item
link
data
drupal
link
system
path
stories
archives
may
may
href
news
stories
archives
june
class
side
nav
list
list
item
link
data
drupal
link
system
path
stories
archives
june
june
href
news
stories
archives
july
class
side
nav
list
list
item
link
data
drupal
link
system
path
stories
archives
july
july
href
news
stories
archives
august
class
side
nav
list
list
item
link
data
drupal
link
system
path
stories
archives
august
august
href
news
stories
archives
september
class
side
nav
list
list
item
link
data
drupal
link
system
path
stories
archives
september
september
href
news
stories
archives
october
class
side
nav
list
list
item
link
data
drupal
link
system
path
stories
archives
october
october
href
news
stories
archives
november
class
side
nav
list
list
item
link
data
drupal
link
system
path
stories
archives
november
november
href
news
stories
archives
december
class
side
nav
list
list
item
link
data
drupal
link
system
path
stories
archives
december
december
href
news
stories
archives
class
side
nav
list
list
item
link
data
drupal
link
system
path
stories
archives
section
href
news
stories
archives
january
class
side
nav
list
list
item
link
data
drupal
link
system
path
stories
archives
january
january
href
news
stories
archives
february
class
side
nav
list
list
item
link
data
drupal
link
system
path
stories
archives
february
february
href
news
stories
archives
march
class
side
nav
list
list
item
link
data
drupal
link
system
path
stories
archives
march
march
href
news
stories
archives
april
class
side
nav
list
list
item
link
data
drupal
link
system
path
stories
archives
april
april
href
news
stories
archives
may
class
side
nav
list
list
item
link
data
drupal
link
system
path
stories
archives
may
may
href
news
stories
archives
june
class
side
nav
list
list
item
link
data
drupal
link
system
path
stories
archives
june
june
href
news
stories
archives
july
class
side
nav
list
list
item
link
data
drupal
link
system
path
stories
archives
july
july
href
news
stories
archives
august
class
side
nav
list
list
item
link
data
drupal
link
system
path
stories
archives
august
august
href
news
stories
archives
september
class
side
nav
list
list
item
link
data
drupal
link
system
path
stories
archives
september
september
href
news
stories
archives
october
class
side
nav
list
list
item
link
data
drupal
link
system
path
stories
archives
october
october
href
news
stories
archives
november
class
side
nav
list
list
item
link
data
drupal
link
system
path
stories
archives
november
november
href
news
stories
archives
december
class
side
nav
list
list
item
link
data
drupal
link
system
path
stories
archives
december
december
href
news
stories
archives
class
side
nav
list
list
item
link
data
drupal
link
system
path
stories
archives
section
href
news
stories
archives
january
class
side
nav
list
list
item
link
data
drupal
link
system
path
stories
archives
january
january
href
news
stories
archives
february
class
side
nav
list
list
item
link
data
drupal
link
system
path
stories
archives
february
february
href
news
stories
archives
march
class
side
nav
list
list
item
link
data
drupal
link
system
path
stories
archives
march
march
href
news
stories
archives
april
class
side
nav
list
list
item
link
data
drupal
link
system
path
stories
archives
april
april
href
news
stories
archives
may
class
side
nav
list
list
item
link
data
drupal
link
system
path
stories
archives
may
may
href
news
stories
archives
june
class
side
nav
list
list
item
link
data
drupal
link
system
path
stories
archives
june
june
href
news
stories
archives
july
class
side
nav
list
list
item
link
data
drupal
link
system
path
stories
archives
july
july
href
news
stories
archives
august
class
side
nav
list
list
item
link
data
drupal
link
system
path
stories
archives
august
august
href
news
stories
archives
september
class
side
nav
list
list
item
link
data
drupal
link
system
path
stories
archives
september
september
href
news
stories
archives
october
class
side
nav
list
list
item
link
data
drupal
link
system
path
stories
archives
october
october
href
news
stories
archives
november
class
side
nav
list
list
item
link
data
drupal
link
system
path
stories
archives
november
november
href
news
stories
archives
december
class
side
nav
list
list
item
link
data
drupal
link
system
path
stories
archives
december
december
href
news
stories
archives
class
side
nav
list
list
item
link
data
drupal
link
system
path
stories
archives
section
href
news
stories
archives
january
class
side
nav
list
list
item
link
data
drupal
link
system
path
stories
archives
january
january
href
news
stories
archives
february
class
side
nav
list
list
item
link
data
drupal
link
system
path
stories
archives
february
february
href
news
stories
archives
march
class
side
nav
list
list
item
link
data
drupal
link
system
path
stories
archives
march
march
href
news
stories
archives
april
class
side
nav
list
list
item
link
data
drupal
link
system
path
stories
archives
april
april
href
news
stories
archives
may
class
side
nav
list
list
item
link
data
drupal
link
system
path
stories
archives
may
may
href
news
stories
archives
june
class
side
nav
list
list
item
link
data
drupal
link
system
path
stories
archives
june
june
href
news
stories
archives
july
class
side
nav
list
list
item
link
data
drupal
link
system
path
stories
archives
july
july
href
news
stories
archives
august
class
side
nav
list
list
item
link
data
drupal
link
system
path
stories
archives
august
august
href
news
stories
archives
september
class
side
nav
list
list
item
link
data
drupal
link
system
path
stories
archives
september
september
href
news
stories
archives
october
class
side
nav
list
list
item
link
data
drupal
link
system
path
stories
archives
october
october
href
news
stories
archives
november
class
side
nav
list
list
item
link
data
drupal
link
system
path
stories
archives
november
november
href
news
stories
archives
december
class
side
nav
list
list
item
link
data
drupal
link
system
path
stories
archives
december
december
href
news
experts
class
side
nav
list
list
item
link
data
drupal
link
system
path
experts
experts
href
news
media
contacts
class
side
nav
list
list
item
link
data
drupal
link
system
path
node
1
media
contacts
href
news
podcasts
class
side
nav
list
list
item
link
data
drupal
link
system
path
node
podcasts
href
http://www.cmu.edu/piper/
class
side
nav
list
list
item
link
the
piper
campus
amp
community
news
class
sitebranding
container
sitebranding
sitename
link
href
news
news
main
navigation
href
news
stories
class
header
nav
list
list
item
header
nav
list
list
item
first
child
header
nav
list
list
item
link
data
drupal
link
system
path
node
6
stories
href
news
experts
class
header
nav
list
list
item
header
nav
list
list
item
link
data
drupal
link
system
path
experts
experts
href
news
media
contacts
class
header
nav
list
list
item
header
nav
list
list
item
link
data
drupal
link
system
path
node
1
media
contacts
href
news
podcasts
class
header
nav
list
list
item
header
nav
list
list
item
link
data
drupal
link
system
path
node
podcasts
class
breadcrumbs
list
item
link
breadcrumbs
list
item
link
first
child
href
news
news
class
breadcrumbs
list
item
link
href
news
stories
stories
class
breadcrumbs
list
item
link
href
news
stories
archives
archives
class
breadcrumbs
list
item
link
href
news
stories
archives
class
breadcrumbs
list
item
link
href
news
stories
archives
august
august
highmark
center
to
welcome
campus
community
as
destination
for
well
being
section
class
hero
slick
data
slick
quot
lazyload
quot
quot
ondemand
quot
quot
infinite
quot
true
quot
dots
quot
true
quot
autoplay
quot
false
quot
slidestoshow
quot
1
quot
prevarrow
quot
quot
lt
button
class
quot
slick
arrow
slick
prev
quot
type
quot
button
quot
aria
label
quot
previous
quot
gt
lt
svg
class
quot
slick
button
icon
quot
viewbox
quot
quot
gt
lt
path
quot
quot
class
quot
arrow
quot
gt
lt
path
gt
lt
svg
gt
lt
button
gt
quot
quot
nextarrow
quot
quot
lt
button
class
quot
slick
arrow
slick
next
quot
type
quot
button
quot
aria
label
quot
next
quot
gt
lt
svg
class
quot
slick
button
icon
quot
viewbox
quot
quot
gt
lt
path
quot
quot
class
quot
arrow
quot
transform
quot
translate
rotate
quot
gt
lt
path
gt
lt
svg
gt
lt
button
gt
quot
source
srcset
news
sites
default
files
styles
hero
full
width
tablet
1
public
highmark
building
mwh
jpg
webp
itok
fhvmmo
1
news
sites
default
files
styles
hero
full
width
tablet
2
public
highmark
building
mwh
jpg
webp
itok
doy
3
xe
2
media
max
width
px
and
min
width
px
type
image
webp
width
height
source
srcset
news
sites
default
files
styles
hero
full
width
xl
1
public
highmark
building
mwh
jpg
webp
itok
mt
6
qt
1
qo
1
news
sites
default
files
styles
hero
full
width
xl
2
public
highmark
building
mwh
jpg
webp
itok
ddegqsuz
2
media
min
width
px
type
image
webp
width
height
source
srcset
news
sites
default
files
styles
hero
full
width
desktop
1
public
highmark
building
mwh
jpg
webp
itok
eizo
1
news
sites
default
files
styles
hero
full
width
desktop
2
public
highmark
building
mwh
jpg
webp
itok
hb
9
vdvwa
2
media
min
width
px
type
image
webp
width
height
source
srcset
news
sites
default
files
styles
hero
full
width
mobile
1
public
highmark
building
mwh
jpg
webp
itok
kekfkzgf
1
news
sites
default
files
styles
hero
full
width
mobile
2
public
highmark
building
mwh
jpg
webp
itok
2
bqa
7
ir
2
media
max
width
px
type
image
webp
width
height
source
srcset
news
sites
default
files
styles
hero
full
width
xs
1
public
highmark
building
mwh
jpg
webp
itok
vvdorwk
1
news
sites
default
files
styles
hero
full
width
xs
2
public
highmark
building
mwh
jpg
webp
itok
sfeab
1
fo
2
media
max
width
px
type
image
webp
width
height
img
data
focal
point
center
top
class
hero
media
src
news
sites
default
files
styles
hero
full
width
fallback
public
highmark
building
mwh
jpg
webp
itok
8
dbgqjwf
width
height
alt
the
exterior
of
four
story
building
from
streetview
of
the
intersection
of
roads
where
it
sits
with
pattern
of
beige
colored
brick
covering
the
left
side
while
protruding
cube
of
glass
windows
encompasses
most
of
the
right
side
loading
lazy
the
highmark
center
for
health
wellness
and
athletics
is
new
destination
at
carnegie
mellon
that
offers
holistic
approach
to
well
being
source
srcset
news
sites
default
files
styles
hero
full
width
tablet
1
public
highmark
building
jpg
webp
itok
qcfwbipm
1
news
sites
default
files
styles
hero
full
width
tablet
2
public
highmark
building
jpg
webp
itok
vfiezjcg
2
media
max
width
px
and
min
width
px
type
image
webp
width
height
source
srcset
news
sites
default
files
styles
hero
full
width
xl
1
public
highmark
building
jpg
webp
itok
kwkky
9
vz
1
news
sites
default
files
styles
hero
full
width
xl
2
public
highmark
building
jpg
webp
itok
8
aeu
2
media
min
width
px
type
image
webp
width
height
source
srcset
news
sites
default
files
styles
hero
full
width
desktop
1
public
highmark
building
jpg
webp
itok
leqga
9
tb
1
news
sites
default
files
styles
hero
full
width
desktop
2
public
highmark
building
jpg
webp
itok
yeej
65
lh
2
media
min
width
px
type
image
webp
width
height
source
srcset
news
sites
default
files
styles
hero
full
width
mobile
1
public
highmark
building
jpg
webp
itok
1
uaqol
1
news
sites
default
files
styles
hero
full
width
mobile
2
public
highmark
building
jpg
webp
itok
zpzunf
2
media
max
width
px
type
image
webp
width
height
source
srcset
news
sites
default
files
styles
hero
full
width
xs
1
public
highmark
building
jpg
webp
itok
hfcjxhww
1
news
sites
default
files
styles
hero
full
width
xs
2
public
highmark
building
jpg
webp
itok
pgma
3
xzj
2
media
max
width
px
type
image
webp
width
height
img
data
focal
point
center
center
class
hero
media
src
news
sites
default
files
styles
hero
full
width
fallback
public
highmark
building
jpg
webp
itok
4
qlumzv
3
width
height
alt
the
old
skibo
floor
adorns
wall
in
the
highmark
center
loading
lazy
the
second
floor
of
the
highmark
center
for
health
wellness
and
athletics
source
srcset
news
sites
default
files
styles
hero
full
width
tablet
1
public
highmark
building
jpg
webp
itok
yu
lngm
news
sites
default
files
styles
hero
full
width
tablet
2
public
highmark
building
jpg
webp
itok
5
lzmhk
2
media
max
width
px
and
min
width
px
type
image
webp
width
height
source
srcset
news
sites
default
files
styles
hero
full
width
xl
1
public
highmark
building
jpg
webp
itok
gpnbs
3
1
news
sites
default
files
styles
hero
full
width
xl
2
public
highmark
building
jpg
webp
itok
9
up
2
2
media
min
width
px
type
image
webp
width
height
source
srcset
news
sites
default
files
styles
hero
full
width
desktop
1
public
highmark
building
jpg
webp
itok
nptpm
tj
1
news
sites
default
files
styles
hero
full
width
desktop
2
public
highmark
building
jpg
webp
itok
fsjfeqq
media
min
width
px
type
image
webp
width
height
source
srcset
news
sites
default
files
styles
hero
full
width
mobile
1
public
highmark
building
jpg
webp
itok
qlnulj
8
1
news
sites
default
files
styles
hero
full
width
mobile
2
public
highmark
building
jpg
webp
itok
0
lpoi
0
2
media
max
width
px
type
image
webp
width
height
source
srcset
news
sites
default
files
styles
hero
full
width
xs
1
public
highmark
building
jpg
webp
itok
olu
0
ep
9
1
news
sites
default
files
styles
hero
full
width
xs
2
public
highmark
building
jpg
webp
itok
np
9
gzwzf
2
media
max
width
px
type
image
webp
width
height
img
data
focal
point
center
center
class
hero
media
src
news
sites
default
files
styles
hero
full
width
fallback
public
highmark
building
jpg
webp
itok
tfrhy
6
fh
width
height
alt
the
word
welcome
in
various
languages
written
on
wall
loading
lazy
words
of
welcome
in
various
languages
adorn
university
health
services
space
on
the
third
floor
of
the
new
highmark
center
for
health
wellness
and
athletics
august
26
highmark
center
to
welcome
campus
community
as
destination
for
well
being
class
social
share
links
item
link
social
share
links
item
link
facebook
link
new
window
target
blank
onclick
window
open
this
href
mywin
left
20
top
20
width
height
toolbar
1
resizable
0
return
false
href
https://www.facebook.com/sharer.php
https
3
2
2
fwww
cmu
edu
2
fnews
2
fstories
2
farchives
2
faugust
2
fhighmark
center
to
welcome
campus
community
as
destination
for
well
being
title
share
on
facebook
share
on
facebook
opens
in
new
window
use
xlink
href
news
themes
cmu
images
sprite
svg
icon
facebook
color
class
social
share
links
item
link
social
share
links
item
link
twitter
link
new
window
target
blank
onclick
window
open
this
href
mywin
left
20
top
20
width
height
toolbar
1
resizable
0
return
false
href
https://x.com/intent/tweet
url
https
3
2
2
fwww
cmu
edu
2
fnews
2
fstories
2
farchives
2
faugust
2
fhighmark
center
to
welcome
campus
community
as
destination
for
well
being
amp
text
highmark
20
center
20
to
20
welcome
20
campus
20
community
20
as
20
destination
20
for
20
well
being
title
share
on
share
on
opens
in
new
window
use
xlink
href
news
themes
cmu
images
sprite
svg
icon
twitter
color
class
social
share
links
item
link
social
share
links
item
link
linkedin
link
new
window
target
blank
onclick
window
open
this
href
mywin
left
20
top
20
width
height
toolbar
1
resizable
0
return
false
href
https://www.linkedin.com/shareArticle
mini
true
amp
url
https
3
2
2
fwww
cmu
edu
2
fnews
2
fstories
2
farchives
2
faugust
2
fhighmark
center
to
welcome
campus
community
as
destination
for
well
being
amp
title
highmark
20
center
20
to
20
welcome
20
campus
20
community
20
as
20
destination
20
for
20
well
being
amp
source
https://news.pantheon.cmu.edu/
title
share
on
linkedin
share
on
linkedin
opens
in
new
window
use
xlink
href
news
themes
cmu
images
sprite
svg
icon
linkedin
color
print
this
page
use
xlink
href
news
themes
cmu
images
sprite
svg
icon
printer
share
by
email
use
xlink
href
news
themes
cmu
images
sprite
svg
icon
email
by
stacey
federoff
data
mail
to
fsrqrebss
ng
pzh
qbg
rqh
target
blank
class
icon
wrapper
href
use
xlink
href
news
themes
cmu
images
sprite
svg
icon
email
email
media
inquiries
name
peter
kerwin
title
university
communications
amp
marketing
data
mail
to
cxrejva
ng
naqerj
qbg
pzh
qbg
rqh
target
blank
class
icon
wrapper
href
use
xlink
href
news
themes
cmu
images
sprite
svg
icon
email
email
phone
use
xlink
href
news
themes
cmu
images
sprite
svg
icon
phone
as
the
doors
of
the
new
million
href
https://www.cmu.edu/hwac/
target
blank
highmark
center
for
health
wellness
and
athletics
opens
in
new
window
are
now
open
leaders
at
carnegie
mellon
university
look
forward
to
welcoming
students
faculty
and
staff
to
the
many
spaces
that
comprise
the
square
foot
building
along
with
gifts
from
more
than
alumni
parents
faculty
and
staff
the
highmark
center
is
made
possible
by
35
million
lead
gift
from
href
https://highmark.com/
target
blank
highmark
inc
opens
in
new
window
an
independent
licensee
of
the
blue
cross
blue
shield
association
and
one
of
the
largest
blue
plans
in
the
country
the
center
is
destination
that
offers
holistic
approach
to
well
being
through
robust
services
and
educational
programs
supporting
body
mind
and
spirit
its
space
where
students
will
be
invited
to
be
curious
and
explore
what
wellness
and
health
mean
to
them
while
building
pride
in
being
part
of
the
tartan
community
said
href
target
blank
gina
casalegno
opens
in
new
window
vice
president
for
href
https://www.cmu.edu/student-affairs/
target
blank
student
affairs
opens
in
new
window
and
dean
of
students
at
cmu
with
its
official
dedication
scheduled
for
oct
24
the
highmark
center
is
as
much
an
educational
space
as
any
other
at
carnegie
mellon
said
maureen
dasey
morales
associate
vice
president
of
href
https://www.cmu.edu/wellbeing/
target
blank
community
health
and
well
being
opens
in
new
window
learning
takes
place
across
campus
in
the
classroom
and
in
learning
how
to
care
for
yourself
and
manage
stress
so
that
students
can
accomplish
all
of
the
professional
and
academic
goals
they
set
for
themselves
she
said
with
new
full
service
clinical
areas
for
href
https://www.cmu.edu/health-services/
target
blank
university
health
services
opens
in
new
window
uhs
private
and
supportive
spaces
for
href
https://www.cmu.edu/counseling/
target
blank
counseling
and
psychological
services
opens
in
new
window
caps
spaces
to
explorewellness
and
meaning
making
and
modern
athletics
facility
for
practice
performance
training
and
athlete
care
the
highmark
centers
opening
is
just
the
beginning
of
opportunities
for
student
well
being
on
campus
this
facility
changes
the
way
were
able
to
do
the
things
our
community
is
passionate
about
and
lets
us
think
differently
about
the
way
that
we
support
our
students
as
they
pursue
their
athletic
dreams
health
and
wellness
at
carnegie
mellon
said
href
target
blank
josh
centor
opens
in
new
window
associate
vice
president
of
student
affairs
and
director
of
athletics
physical
education
and
recreation
in
addition
to
all
of
the
aesthetic
and
practical
elements
the
building
was
constructed
with
sustainability
in
mind
working
toward
leed
gold
certification
said
utkarsh
ghildyal
associate
director
of
design
for
href
https://www.cmu.edu/cdfd/about/index.html
target
blank
campus
design
and
facility
development
opens
in
new
window
cdfd
with
initial
planning
that
started
following
the
publication
of
href
target
blank
carnegie
mellons
10
year
strategic
plan
in
opens
in
new
window
followed
by
design
process
that
occurred
during
the
covid
19
pandemic
ghildyal
said
its
gratifying
to
see
the
doors
to
the
building
finally
open
to
the
campus
community
all
along
weve
had
great
working
group
among
student
affairs
campus
partners
students
design
team
and
construction
manager
who
all
helped
and
contributed
he
said
its
fantastic
thing
especially
the
way
it
will
impact
students
to
enhance
their
cmu
experience
and
encourage
them
to
seek
wellness
blockquote
class
instagram
media
style
background
color
fff
border
radius
3
px
border
width
0
box
shadow
1
px
0
rgba
5
px
10
px
0
rgba
15
margin
1
px
max
width
px
min
width
px
padding
0
width
calc
2
px
data
instgrm
captioned
data
instgrm
permalink
https://www.instagram.com/p/C-8kKdLyNlW/
utm
source
ig
embed
amp
utm
campaign
loading
data
instgrm
version
14
style
background
color
ffffff
line
height
0
padding
0
text
align
center
text
decoration
none
width
href
https://www.instagram.com/p/C-8kKdLyNlW/
utm
source
ig
embed
amp
utm
campaign
loading
target
blank
svg
width
50
px
height
50
px
viewbox
version
xmlns
xlink
https://www.w3.org/1999/xlink
opens
in
new
window
style
background
color
ffffff
line
height
0
padding
0
text
align
center
text
decoration
none
width
href
https://www.instagram.com/p/C-8kKdLyNlW/
utm
source
ig
embed
amp
utm
campaign
loading
target
blank
view
this
post
on
instagram
opens
in
new
window
style
color
cd
font
family
arial
sans
serif
font
size
14
px
font
style
normal
font
weight
normal
line
height
17
px
text
decoration
none
href
https://www.instagram.com/p/C-8kKdLyNlW/
utm
source
ig
embed
amp
utm
campaign
loading
target
blank
post
shared
by
farnam
jahanian
cmufarnam
opens
in
new
window
script
async
src
www
instagram
com
embed
js
once
court
skibo
floor
salvaged
for
connection
to
the
past
inside
the
main
entrance
at
the
corner
of
tech
and
margaret
morrison
streets
concierge
desk
will
allow
href
target
blank
peer
health
advocates
opens
in
new
window
to
greet
visitors
as
they
enter
the
building
wood
baffles
lining
the
walls
and
felt
on
the
ceiling
soften
the
sounds
of
footsteps
headed
up
the
stairs
to
the
second
floor
img
data
focal
point
center
center
src
news
sites
default
files
styles
embedded
max
public
highmark
jpg
itok
fnbsg
mi
width
height
alt
triptych
of
copper
fascia
from
north
gym
and
thistle
hall
roofs
in
the
new
highmark
center
loading
lazy
triptych
showing
details
of
the
salvaged
copper
fascia
from
north
gym
and
thistle
hall
roofs
the
top
of
the
concierge
desk
is
being
created
from
sycamore
tree
cut
down
during
previous
construction
project
on
campus
copper
fascia
was
salvaged
from
the
old
north
gym
and
thistle
hall
roofs
and
fashioned
into
an
interior
copper
feature
wall
to
serve
as
reminder
of
two
older
buildings
that
once
stood
in
the
place
of
this
modern
facility
to
the
left
of
the
main
entrance
circular
interfaith
room
includes
slender
floor
to
ceiling
window
that
is
tucked
like
spiral
inside
the
shape
of
the
space
to
offer
privacy
while
still
integrating
diffused
natural
light
the
hoplamazian
family
well
being
lab
four
contemplation
nooks
and
two
ablution
rooms
are
also
part
of
the
first
floor
buncher
suite
for
href
target
blank
wellness
and
meaning
making
programs
opens
in
new
window
img
data
focal
point
center
center
src
news
sites
default
files
styles
embedded
max
public
highmark
building
jpg
itok
ibxu
width
height
alt
highmark
building
interfaith
room
loading
lazy
interfaith
room
the
varsity
athletes
lounge
incorporates
some
of
the
square
feet
of
wooden
flooring
salvaged
from
the
former
skibo
gym
nicked
and
worn
by
generations
of
students
steps
and
strides
between
fragments
of
its
red
and
black
painted
stripes
the
tartans
logo
from
the
original
skibo
gym
floor
takes
prominent
place
on
the
wall
of
the
square
foot
varsity
weight
room
that
accommodates
more
student
athletes
than
the
square
foot
space
previously
used
for
training
the
coulter
sports
medicine
suite
and
updated
locker
rooms
are
designed
with
modern
details
to
serve
tartan
athletes
as
they
practice
and
compete
each
of
our
teams
across
campus
will
have
their
own
locker
rooms
which
will
enhance
their
experience
and
allow
student
athletes
to
spend
time
together
in
ways
that
are
less
transactional
as
they
prepare
and
practice
for
games
centor
said
img
data
focal
point
center
center
src
news
sites
default
files
styles
embedded
max
public
highmark
jpg
itok
nef
8
araq
width
height
alt
the
athletics
mural
in
the
highmark
building
loading
lazy
athletics
mural
highmark
gift
helps
make
possible
new
center
the
opening
of
the
highmark
center
marks
the
next
step
in
continuing
partnership
between
carnegie
mellon
university
and
href
target
blank
highmark
health
opens
in
new
window
national
blended
health
organization
and
parent
company
to
highmark
inc
in
href
35
million
grant
from
highmark
inc
supported
the
construction
of
the
building
the
companys
most
recent
gift
also
supported
href
https://makepossible.cmu.edu/
target
blank
make
possible
the
campaign
for
carnegie
mellon
university
opens
in
new
window
through
which
supporters
have
given
more
than
billion
to
date
toward
the
universitys
aspirations
including
focus
on
the
cmu
experience
this
gift
is
only
one
example
of
the
impact
that
highmark
has
had
at
cmu
in
recent
years
research
partnership
was
established
in
through
which
highmark
has
invested
more
than
16
million
including
establishment
of
the
href
target
blank
disruptive
health
technology
institute
opens
in
new
window
and
the
endowed
highmark
distinguished
career
professor
highmark
health
has
funded
additional
collaborations
for
research
course
sponsorships
and
design
efforts
among
other
types
of
projects
creative
collisions
encouraged
in
shared
spaces
up
the
stairs
to
the
second
floor
visitors
can
take
advantage
of
covered
bike
storage
if
they
ride
across
campus
to
reach
the
highmark
center
in
addition
to
bicycle
parking
outside
the
building
the
midblock
entrance
on
tech
street
includes
10
foot
ramp
meant
to
accommodate
crowds
of
fans
arriving
for
sporting
events
or
heading
home
after
tartan
win
interactive
screens
will
showcase
student
athletes
over
the
years
who
are
part
of
the
href
athletics
hall
of
fame
which
also
highlights
the
largest
expanse
of
the
skibo
gym
floor
the
multipurpose
block
kelley
tartan
room
on
the
second
floor
is
stacked
below
those
on
upper
floors
all
featuring
floor
to
ceiling
windows
that
allow
for
views
of
margaret
morrison
carnegie
hall
and
during
href
target
blank
spring
carnival
opens
in
new
window
the
starting
line
for
href
https://cmubuggy.org/
target
blank
buggy
opens
in
new
window
there
are
so
many
awesome
buggy
viewing
spaces
now
ghildyal
said
cdfd
and
their
architects
worked
with
buggy
organizers
to
add
permanent
custom
designed
bronze
markers
to
the
sidewalk
outside
the
highmark
center
to
denote
where
the
campus
tradition
takes
place
every
year
including
the
start
finish
of
the
drop
zone
and
start
line
for
the
buggy
races
img
data
focal
point
center
center
src
news
sites
default
files
styles
embedded
max
public
tartans
1
jpg
itok
hfae
as
width
height
alt
wooden
flooring
salvaged
from
skibo
gym
with
the
word
quot
tartans
quot
loading
lazy
wooden
flooring
salvaged
from
the
former
skibo
gym
the
second
floor
also
houses
the
rohr
intercollegiate
golf
training
facility
an
expanded
space
for
the
golf
team
incorporating
three
bays
raised
turf
to
accommodate
golf
holes
and
acoustics
to
contain
the
sounds
of
swings
and
golf
ball
landings
this
will
help
both
the
women
team
which
href
earned
the
ncaa
division
iii
championship
title
and
the
men
team
which
won
the
href
ncaa
division
iii
championship
title
practice
at
an
elite
level
we
want
athletes
to
be
able
to
do
the
things
they
need
to
do
to
be
successful
centor
said
and
if
golfer
wants
to
swing
club
they
should
have
the
space
to
swing
club
if
basketball
player
wants
to
shoot
basketball
they
should
have
the
place
to
do
that
now
we
can
offer
state
of
the
art
spaces
to
support
our
student
athletes
down
the
hall
an
athletics
reception
area
features
trophy
case
just
off
the
hallway
of
offices
for
coaches
and
staff
one
large
staff
lounge
including
shared
kitchen
is
designed
to
encourage
interaction
among
those
working
in
the
building
one
of
many
places
throughout
the
highmark
center
hoping
to
foster
creative
collisions
dasey
morales
said
the
building
was
designed
for
interactions
she
said
it
creates
opportunities
for
people
to
engage
together
to
explore
different
ways
of
health
and
well
being
in
what
was
the
former
skibo
gym
the
modified
field
house
contains
two
batting
cages
five
50
meter
straightaway
running
lanes
alongside
the
rectangular
turf
space
and
sand
pit
at
one
end
air
conditioning
much
anticipated
upgrade
will
be
sent
through
canvas
ducts
resilient
to
pop
flys
img
data
focal
point
center
center
src
news
sites
default
files
styles
embedded
max
public
highmark
building
jpg
itok
lip
6
mnbn
width
height
alt
view
from
top
of
bleachers
looking
down
in
to
basketball
gymnasium
with
boundaries
lined
in
red
and
lined
with
red
padding
on
the
walls
blank
scoreboard
on
the
wall
reads
quot
carnegie
mellon
university
quot
underneath
loading
lazy
new
square
foot
main
arena
volleyball
and
basketball
will
be
played
in
the
new
square
foot
main
arena
where
retractable
bleachers
can
fit
nearly
people
with
capacity
for
an
additional
people
the
space
was
designed
as
an
additional
campus
venue
to
accommodate
large
scale
signature
cmu
events
all
of
the
new
athletics
spaces
show
how
were
serious
about
athletics
at
carnegie
mellon
centor
said
just
as
our
students
are
serious
about
their
academic
pursuits
and
research
pursuits
these
are
not
mutually
exclusive
things
in
the
square
foot
gymnasium
striations
on
the
original
foundation
wall
show
where
the
hillside
stood
outside
skibo
gym
before
the
new
addition
was
built
it
looks
very
geologic
and
represents
the
history
of
skibo
gym
and
carnegie
mellon
ghildyal
said
the
gym
will
allow
significant
growth
in
the
intramural
and
physical
education
programs
and
provide
more
opportunities
for
club
sport
practices
it
will
be
lined
for
basketball
volleyball
and
badminton
and
pickleball
is
also
expected
to
be
popular
in
the
new
space
students
staff
and
faculty
will
all
have
the
opportunity
to
use
the
gym
when
it
is
available
for
open
recreation
img
data
focal
point
center
center
src
news
sites
default
files
styles
embedded
max
public
highmark
building
jpg
itok
3
glvi
5
width
height
alt
empty
reception
counter
with
thinly
spaced
wooden
vertical
slats
on
the
bulkhead
above
and
teal
wall
behind
where
the
receptionists
would
sit
loading
lazy
university
health
services
reception
area
centers
details
designed
with
health
and
well
being
in
mind
ascending
to
the
third
floor
from
the
central
stairs
by
the
elevators
translucent
glass
panels
in
the
floors
of
the
stairwells
allow
for
more
natural
light
to
pass
into
the
building
small
irrigated
garden
outside
will
supply
greenspace
views
to
those
visiting
the
relocated
uhs
clinic
entering
through
the
health
lobby
where
pharmaceutical
lockers
allow
patients
to
conveniently
pick
up
pre
arranged
prescriptions
using
code
the
reception
area
includes
separate
areas
and
restrooms
for
sick
and
healthy
patients
awaiting
appointments
to
help
stop
further
the
spread
of
communicable
diseases
from
the
third
floor
spectators
have
access
to
the
new
arenas
bleachers
and
have
the
option
of
grabbing
concessions
or
snack
from
the
href
https://shakesmart.com/
target
blank
shake
smart
opens
in
new
window
location
on
the
second
floor
featuring
juice
shakes
fresh
fruit
bowls
coffee
and
sandwiches
img
data
focal
point
center
center
src
news
sites
default
files
styles
embedded
max
public
highmark
building
jpg
itok
ai
3
bwe
width
height
alt
lounge
area
featuring
modern
chairs
and
couches
made
of
muted
gray
and
purple
with
light
colored
wooden
legs
sit
near
wall
of
windows
looking
out
into
garden
loading
lazy
bess
lobby
outside
the
posner
family
wellness
garden
caps
space
offers
contemplative
open
sky
wellness
garden
on
the
top
floor
just
off
the
bess
lobby
outside
the
caps
suite
the
posner
family
wellness
garden
opens
to
the
sky
for
native
plants
to
thrive
in
planters
made
from
corten
steel
with
rust
colored
patina
this
is
really
peaceful
area
for
staff
and
students
to
come
outside
and
enjoy
the
space
ghildyal
said
the
caps
reception
desk
incorporates
privacy
divider
for
those
checking
in
to
their
counseling
appointments
wellness
and
mindfulness
are
likely
to
be
unique
for
each
person
and
they
will
play
different
roles
for
us
during
the
various
stages
in
our
lives
dasey
morales
said
the
well
being
offerings
in
the
highmark
center
are
here
to
meet
students
wherever
they
may
be
in
their
well
being
journey
each
of
the
counseling
rooms
has
adjustable
lighting
inside
and
white
noise
machine
outside
concealed
in
the
ceiling
to
ensure
privacy
one
room
is
large
enough
for
group
counseling
sessions
while
another
is
designed
as
quiet
room
nearest
to
the
elevator
if
someone
needs
to
discreetly
be
able
to
leave
for
further
care
img
data
focal
point
center
center
src
news
sites
default
files
styles
embedded
max
public
highmark
building
jpg
itok
0
slcxjv
width
height
alt
wooden
planks
line
pathway
in
the
bottom
middle
of
the
photo
that
make
an
curve
with
raised
garden
beds
on
either
side
of
courtyard
loading
lazy
posner
family
wellness
garden
my
heart
is
in
the
window
pattern
signifies
cmus
passion
outside
the
building
the
henry
hornbostel
inspired
buff
colored
brick
was
sourced
from
belden
brick
company
in
sugar
creek
ohio
only
miles
from
campus
reference
to
cmus
motto
quot
href
target
blank
my
heart
is
in
the
work
opens
in
new
window
quot
the
patterns
on
the
stacked
conference
room
windows
include
vertical
lines
that
mimic
heartbeat
rhythm
on
an
ekg
in
the
same
way
faculty
lead
students
in
their
pursuit
of
academic
excellence
this
new
facility
brings
together
key
caregivers
physical
mental
and
emotional
care
experts
and
advocates
who
will
help
guide
students
on
their
journeys
to
optimal
mental
and
physical
health
carnegie
mellon
university
is
world
class
institution
where
our
programs
resources
and
services
mirror
the
excellence
of
this
great
university
casalegno
said
opening
the
highmark
center
provides
gorgeous
modern
facility
to
showcase
our
pride
in
cmu
and
our
commitment
to
the
holistic
well
being
of
our
community
with
your
support
we
will
develop
spaces
and
programs
that
will
help
our
students
live
healthier
richer
and
more
balanced
lives
class
link
button
link
button
ghost
href
https://www.cmu.edu/hwac/support/index.html
target
blank
opportunities
to
support
opens
in
new
window
related
content
class
link
box
href
news
stories
archives
july
carnegie
mellon
champion
womens
golf
team
travels
to
white
house
source
srcset
news
sites
default
files
styles
photo
grid
half
tablet
1
public
whitehouse
01
jpg
webp
itok
3
fh
4
uf
1
news
sites
default
files
styles
photo
grid
half
tablet
2
public
whitehouse
01
jpg
webp
itok
snmjuppy
2
media
max
width
px
and
min
width
px
type
image
webp
width
height
source
srcset
news
sites
default
files
styles
photo
grid
half
desktop
1
public
whitehouse
01
jpg
webp
itok
2
tbranr
1
news
sites
default
files
styles
photo
grid
half
desktop
2
public
whitehouse
01
jpg
webp
itok
xdr
9
ovts
2
media
min
width
px
type
image
webp
width
height
source
srcset
news
sites
default
files
styles
photo
grid
half
mobile
1
public
whitehouse
01
jpg
webp
itok
bxoeq
9
wj
1
news
sites
default
files
styles
photo
grid
half
mobile
2
public
whitehouse
01
jpg
webp
itok
3
ytvjap
2
media
max
width
px
type
image
webp
width
height
source
srcset
news
sites
default
files
styles
photo
grid
half
xs
1
public
whitehouse
01
jpg
webp
itok
5
hzhnwi
news
sites
default
files
styles
photo
grid
half
xs
2
public
whitehouse
01
jpg
webp
itok
vhdbapcs
2
media
max
width
px
type
image
webp
width
height
img
data
focal
point
center
center
src
news
sites
default
files
styles
photo
grid
half
fallback
public
whitehouse
01
jpg
webp
itok
crynkdou
width
height
alt
the
cmu
women
golf
team
at
the
white
house
loading
lazy
carnegie
mellon
champion
womens
golf
team
travels
to
white
house
class
link
box
href
news
stories
archives
may
student
athletes
excel
in
and
out
of
the
classroom
source
srcset
news
sites
default
files
styles
photo
grid
half
tablet
1
public
huczko
uaa
championships
0
jpg
webp
itok
klpshfq
news
sites
default
files
styles
photo
grid
half
tablet
2
public
huczko
uaa
championships
0
jpg
webp
itok
pcza
2
media
max
width
px
and
min
width
px
type
image
webp
width
height
source
srcset
news
sites
default
files
styles
photo
grid
half
desktop
1
public
huczko
uaa
championships
0
jpg
webp
itok
otnsjeqc
1
news
sites
default
files
styles
photo
grid
half
desktop
2
public
huczko
uaa
championships
0
jpg
webp
itok
mhvhwggj
2
media
min
width
px
type
image
webp
width
height
source
srcset
news
sites
default
files
styles
photo
grid
half
mobile
1
public
huczko
uaa
championships
0
jpg
webp
itok
8
mtrl
8
1
news
sites
default
files
styles
photo
grid
half
mobile
2
public
huczko
uaa
championships
0
jpg
webp
itok
fdh
bpuw
2
media
max
width
px
type
image
webp
width
height
source
srcset
news
sites
default
files
styles
photo
grid
half
xs
1
public
huczko
uaa
championships
0
jpg
webp
itok
keeelxru
1
news
sites
default
files
styles
photo
grid
half
xs
2
public
huczko
uaa
championships
0
jpg
webp
itok
tfsfcpjs
2
media
max
width
px
type
image
webp
width
height
img
data
focal
point
center
center
src
news
sites
default
files
styles
photo
grid
half
fallback
public
huczko
uaa
championships
0
jpg
webp
itok
cmqahwj
width
height
alt
jojo
huczko
running
with
pole
on
field
loading
lazy
student
athletes
excel
in
and
out
of
the
classroom
class
link
box
href
source
srcset
news
sites
default
files
styles
photo
grid
half
tablet
1
public
highmark
center
groundbreaking
min
jpg
webp
itok
1
pev
1
news
sites
default
files
styles
photo
grid
half
tablet
2
public
highmark
center
groundbreaking
min
jpg
webp
itok
jozbogin
2
media
max
width
px
and
min
width
px
type
image
webp
width
height
source
srcset
news
sites
default
files
styles
photo
grid
half
xl
1
public
highmark
center
groundbreaking
min
jpg
webp
itok
bkgbvqwd
1
news
sites
default
files
styles
photo
grid
half
xl
2
public
highmark
center
groundbreaking
min
jpg
webp
itok
gnj
06
sn
media
min
width
px
type
image
webp
width
height
source
srcset
news
sites
default
files
styles
photo
grid
half
desktop
1
public
highmark
center
groundbreaking
min
jpg
webp
itok
jttytams
1
news
sites
default
files
styles
photo
grid
half
desktop
2
public
highmark
center
groundbreaking
min
jpg
webp
itok
vcy
kx
2
media
min
width
px
type
image
webp
width
height
source
srcset
news
sites
default
files
styles
photo
grid
half
mobile
1
public
highmark
center
groundbreaking
min
jpg
webp
itok
zcf
1
news
sites
default
files
styles
photo
grid
half
mobile
2
public
highmark
center
groundbreaking
min
jpg
webp
itok
1
cvtvab
2
media
max
width
px
type
image
webp
width
height
source
srcset
news
sites
default
files
styles
photo
grid
half
xs
1
public
highmark
center
groundbreaking
min
jpg
webp
itok
ogfhobts
1
news
sites
default
files
styles
photo
grid
half
xs
2
public
highmark
center
groundbreaking
min
jpg
webp
itok
vnuz
2
media
max
width
px
type
image
webp
width
height
img
data
focal
point
center
center
src
news
sites
default
files
styles
photo
grid
half
fallback
public
highmark
center
groundbreaking
min
jpg
webp
itok
sarz
3
di
width
height
alt
highmark
center
groundbreaking
min
jpg
loading
lazy
cmu
hosts
groundbreaking
ceremony
for
new
beacon
of
student
life
iframe
style
display
none
visibility
hidden
height
0
src
https://www.googletagmanager.com/ns.html
id
gtm
jq
width
0
class
link
list
item
link
link
new
window
href
http://www.cmu.edu/piper/
target
quot
blank
quot
the
piper
campus
amp
community
news
opens
in
new
window
class
link
list
item
link
link
new
window
href
https://events.cmu.edu/
target
quot
blank
quot
official
events
calendar
opens
in
new
window
forbes
avenue
pittsburgh
pa
href
https://www.cmu.edu/
carnegie
mellon
university
href
https://www.cmu.edu/legal/
target
blank
legal
info
class
social
media
item
link
href
https://www.facebook.com/carnegiemellonu
target
blank
facebook
opens
in
new
window
use
xlink
href
news
themes
cmu
images
sprite
svg
icon
facebook
class
social
media
item
link
href
https://www.twitter.com/carnegiemellon
target
blank
twitter
opens
in
new
window
use
xlink
href
news
themes
cmu
images
sprite
svg
icon
twitter
class
social
media
item
link
href
https://www.linkedin.com/edu/school
id
target
blank
linkedin
opens
in
new
window
use
xlink
href
news
themes
cmu
images
sprite
svg
icon
linkedin
class
social
media
item
link
href
https://www.youtube.com/cmu
target
blank
youtube
opens
in
new
window
use
xlink
href
news
themes
cmu
images
sprite
svg
icon
youtube
class
social
media
item
link
href
https://www.cmu.edu/news/feeds/news.rss
target
blank
rss
opens
in
new
window
use
xlink
href
news
themes
cmu
images
sprite
svg
icon
rss
class
social
media
item
link
href
https://www.instagram.com/carnegiemellon/
target
blank
instagram
opens
in
new
window
use
xlink
href
news
themes
cmu
images
sprite
svg
icon
instagram
class
social
media
item
link
href
https://www.cmu.edu/social-media/
target
blank
more
opens
in
new
window
use
xlink
href
news
themes
cmu
images
sprite
svg
icon
more
window
datalayer
window
datalayer
window
datalayer
push
language
en
country
us
sitetitle
news
entityfield
byline
entitycreated
entitylangcode
en
entitystatus
1
entityuid
48
entityuuid
62
adcd
4
80
cf
bf
0
entityvid
entitytype
node
entitybundle
article
entityid
entitytitle
highmark
center
to
welcome
campus
community
as
destination
for
well
being
entitytaxonomy
cmu
categories
5
cmu
experience
10
education
28
students
categories
1
70
sdg
3
good
health
and
well
being
71
sdg
4
quality
education
categories
2
99
sustainability
sitename
news
siteid
news
sitetheme
cmu
environment
live
cms
drupal
cmsversion
6
author
stacey
federoff
publicationdate
26
pagetype
article
cmu
categories
cmu
experience
education
students
categories
1
sdg
3
good
health
and
well
being
sdg
4
quality
education
categories
2
sustainability
script
type
application
json
data
drupal
selector
drupal
settings
json
path
baseurl
pathprefix
currentpath
node
currentpathisadmin
false
isfront
false
currentlanguage
en
pluraldelimiter
suppressdeprecationerrors
true
datalayer
defaultlang
en
languages
en
id
en
name
english
direction
ltr
weight
0
user
uid
0
permissionshash
aa
9
fd
56
ea
fa
script
src
news
core
assets
vendor
jquery
jquery
min
js
1
script
src
news
core
misc
drupalsettingsloader
js
6
script
src
news
core
misc
drupal
js
6
script
src
news
core
misc
drupal
init
js
6
script
src
news
libraries
accessible
accessible
slick
slick
slick
min
js
1
script
src
script
src
news
modules
custom
cmu
datalayer
js
cmu
datalayer
js
1
script
src
news
modules
contrib
datalayer
js
datalayer
js
1
script
src
news
themes
cmu
dist
js
main
js
1
script
src
news
modules
contrib
obfuscate
email
js
obfuscate
email
js
6
scroll
to
top
