doctype
html
html
lang
en
dir
ltr
prefix
og
https://ogp.me/ns
link
rel
canonical
href
news
stories
archives
june
meta
property
og
url
content
meta
name
generator
content
drupal
10
https://www.drupal.org
script
type
application
ld
json
context
https://schema.org
graph
type
collegeoruniversity
id
http://www.cmu.edu/news
url
https://www.cmu.edu/
sameas
https://twitter.com/cmu_news
https://www.instagram.com/carnegiemellon/
https://www.youtube.com/carnegiemellonu
name
carnegie
mellon
university
telephone
logo
type
imageobject
url
width
height
alternatename
cmu
carnegie
mellon
address
type
postaladdress
streetaddress
forbes
ave
addresslocality
pittsburgh
addressregion
pa
postalcode
addresscountry
us
link
rel
icon
href
news
themes
cmu
favicon
ico
type
image
vnd
microsoft
icon
june
news
carnegie
mellon
university
link
rel
stylesheet
media
all
href
fonts
googleapis
com
css
family
open
sans
italic
italic
italic
link
rel
stylesheet
media
all
href
news
themes
cmu
dist
css
main
css
sioyzl
link
rel
stylesheet
media
print
href
news
themes
cmu
dist
css
print
css
sioyzl
link
rel
apple
touch
icon
sizes
href
link
rel
icon
type
image
png
sizes
href
link
rel
icon
type
image
png
sizes
href
link
rel
mask
icon
href
color
5
bbad
5
skip
to
main
content
href
https://www.cmu.edu
class
roof
wordmark
link
id
wordmark
carnegie
mellon
university
homepage
use
xlink
href
news
themes
cmu
images
sprite
svg
cmu
wordmark
form
action
https://search.cmu.edu
method
get
class
roof
search
form
search
carnegie
mellon
university
search
use
xlink
href
news
themes
cmu
images
sprite
svg
icon
search
svg
class
icon
menu
width
height
xmlns
http://www.w3.org/2000/svg
viewbox
menu
href
news
news
form
action
https://search.cmu.edu
method
get
class
side
nav
search
form
search
carnegie
mellon
university
search
use
xlink
href
news
themes
cmu
images
sprite
svg
icon
search
href
news
stories
class
side
nav
list
list
item
link
data
drupal
link
system
path
node
6
stories
stories
section
href
news
stories
college
of
engineering
class
side
nav
list
list
item
link
data
drupal
link
system
path
node
college
of
engineering
href
news
stories
college
of
fine
arts
class
side
nav
list
list
item
link
data
drupal
link
system
path
node
college
of
fine
arts
href
news
stories
dietrich
college
of
humanities
social
sciences
class
side
nav
list
list
item
link
data
drupal
link
system
path
node
dietrich
college
of
humanities
amp
social
sciences
href
news
stories
heinz
college
of
information
systems
and
public
policy
class
side
nav
list
list
item
link
data
drupal
link
system
path
node
heinz
college
of
information
systems
and
public
policy
href
news
stories
mellon
college
of
science
class
side
nav
list
list
item
link
data
drupal
link
system
path
node
mellon
college
of
science
href
news
stories
school
of
computer
science
class
side
nav
list
list
item
link
data
drupal
link
system
path
node
school
of
computer
science
href
news
stories
tepper
school
of
business
class
side
nav
list
list
item
link
data
drupal
link
system
path
node
tepper
school
of
business
href
news
stories
archives
class
side
nav
list
list
item
link
data
drupal
link
system
path
node
7
archives
archives
section
href
news
stories
archives
class
side
nav
list
list
item
link
data
drupal
link
system
path
stories
archives
section
href
news
stories
archives
january
class
side
nav
list
list
item
link
data
drupal
link
system
path
stories
archives
january
january
href
news
stories
archives
february
class
side
nav
list
list
item
link
data
drupal
link
system
path
stories
archives
february
february
href
news
stories
archives
march
class
side
nav
list
list
item
link
data
drupal
link
system
path
stories
archives
march
march
href
news
stories
archives
april
class
side
nav
list
list
item
link
data
drupal
link
system
path
stories
archives
april
april
href
news
stories
archives
may
class
side
nav
list
list
item
link
data
drupal
link
system
path
stories
archives
may
may
href
news
stories
archives
june
class
side
nav
list
list
item
link
data
drupal
link
system
path
stories
archives
june
june
href
news
stories
archives
july
class
side
nav
list
list
item
link
data
drupal
link
system
path
stories
archives
july
july
href
news
stories
archives
august
class
side
nav
list
list
item
link
data
drupal
link
system
path
stories
archives
august
august
href
news
stories
archives
class
side
nav
list
list
item
link
data
drupal
link
system
path
stories
archives
section
href
news
stories
archives
january
class
side
nav
list
list
item
link
data
drupal
link
system
path
stories
archives
january
january
href
news
stories
archives
february
class
side
nav
list
list
item
link
data
drupal
link
system
path
stories
archives
february
february
href
news
stories
archives
march
class
side
nav
list
list
item
link
data
drupal
link
system
path
stories
archives
march
march
href
news
stories
archives
april
class
side
nav
list
list
item
link
data
drupal
link
system
path
stories
archives
april
april
href
news
stories
archives
may
class
side
nav
list
list
item
link
data
drupal
link
system
path
stories
archives
may
may
href
news
stories
archives
june
class
side
nav
list
list
item
link
data
drupal
link
system
path
stories
archives
june
june
href
news
stories
archives
july
class
side
nav
list
list
item
link
data
drupal
link
system
path
stories
archives
july
july
href
news
stories
archives
august
class
side
nav
list
list
item
link
data
drupal
link
system
path
stories
archives
august
august
href
news
stories
archives
september
class
side
nav
list
list
item
link
data
drupal
link
system
path
stories
archives
september
september
href
news
stories
archives
october
class
side
nav
list
list
item
link
data
drupal
link
system
path
stories
archives
october
october
href
news
stories
archives
november
class
side
nav
list
list
item
link
data
drupal
link
system
path
stories
archives
november
november
href
news
stories
archives
december
class
side
nav
list
list
item
link
data
drupal
link
system
path
stories
archives
december
december
href
news
stories
archives
class
side
nav
list
list
item
link
data
drupal
link
system
path
stories
archives
section
href
news
stories
archives
january
class
side
nav
list
list
item
link
data
drupal
link
system
path
stories
archives
january
january
href
news
stories
archives
february
class
side
nav
list
list
item
link
data
drupal
link
system
path
stories
archives
february
february
href
news
stories
archives
march
class
side
nav
list
list
item
link
data
drupal
link
system
path
stories
archives
march
march
href
news
stories
archives
april
class
side
nav
list
list
item
link
data
drupal
link
system
path
stories
archives
april
april
href
news
stories
archives
may
class
side
nav
list
list
item
link
data
drupal
link
system
path
stories
archives
may
may
href
news
stories
archives
june
class
side
nav
list
list
item
link
is
active
data
drupal
link
system
path
stories
archives
june
june
href
news
stories
archives
july
class
side
nav
list
list
item
link
data
drupal
link
system
path
stories
archives
july
july
href
news
stories
archives
august
class
side
nav
list
list
item
link
data
drupal
link
system
path
stories
archives
august
august
href
news
stories
archives
september
class
side
nav
list
list
item
link
data
drupal
link
system
path
stories
archives
september
september
href
news
stories
archives
october
class
side
nav
list
list
item
link
data
drupal
link
system
path
stories
archives
october
october
href
news
stories
archives
november
class
side
nav
list
list
item
link
data
drupal
link
system
path
stories
archives
november
november
href
news
stories
archives
december
class
side
nav
list
list
item
link
data
drupal
link
system
path
stories
archives
december
december
href
news
stories
archives
class
side
nav
list
list
item
link
data
drupal
link
system
path
stories
archives
section
href
news
stories
archives
january
class
side
nav
list
list
item
link
data
drupal
link
system
path
stories
archives
january
january
href
news
stories
archives
february
class
side
nav
list
list
item
link
data
drupal
link
system
path
stories
archives
february
february
href
news
stories
archives
march
class
side
nav
list
list
item
link
data
drupal
link
system
path
stories
archives
march
march
href
news
stories
archives
april
class
side
nav
list
list
item
link
data
drupal
link
system
path
stories
archives
april
april
href
news
stories
archives
may
class
side
nav
list
list
item
link
data
drupal
link
system
path
stories
archives
may
may
href
news
stories
archives
june
class
side
nav
list
list
item
link
data
drupal
link
system
path
stories
archives
june
june
href
news
stories
archives
july
class
side
nav
list
list
item
link
data
drupal
link
system
path
stories
archives
july
july
href
news
stories
archives
august
class
side
nav
list
list
item
link
data
drupal
link
system
path
stories
archives
august
august
href
news
stories
archives
september
class
side
nav
list
list
item
link
data
drupal
link
system
path
stories
archives
september
september
href
news
stories
archives
october
class
side
nav
list
list
item
link
data
drupal
link
system
path
stories
archives
october
october
href
news
stories
archives
november
class
side
nav
list
list
item
link
data
drupal
link
system
path
stories
archives
november
november
href
news
stories
archives
december
class
side
nav
list
list
item
link
data
drupal
link
system
path
stories
archives
december
december
href
news
stories
archives
class
side
nav
list
list
item
link
data
drupal
link
system
path
stories
archives
section
href
news
stories
archives
january
class
side
nav
list
list
item
link
data
drupal
link
system
path
stories
archives
january
january
href
news
stories
archives
february
class
side
nav
list
list
item
link
data
drupal
link
system
path
stories
archives
february
february
href
news
stories
archives
march
class
side
nav
list
list
item
link
data
drupal
link
system
path
stories
archives
march
march
href
news
stories
archives
april
class
side
nav
list
list
item
link
data
drupal
link
system
path
stories
archives
april
april
href
news
stories
archives
may
class
side
nav
list
list
item
link
data
drupal
link
system
path
stories
archives
may
may
href
news
stories
archives
june
class
side
nav
list
list
item
link
data
drupal
link
system
path
stories
archives
june
june
href
news
stories
archives
july
class
side
nav
list
list
item
link
data
drupal
link
system
path
stories
archives
july
july
href
news
stories
archives
august
class
side
nav
list
list
item
link
data
drupal
link
system
path
stories
archives
august
august
href
news
stories
archives
september
class
side
nav
list
list
item
link
data
drupal
link
system
path
stories
archives
september
september
href
news
stories
archives
october
class
side
nav
list
list
item
link
data
drupal
link
system
path
stories
archives
october
october
href
news
stories
archives
november
class
side
nav
list
list
item
link
data
drupal
link
system
path
stories
archives
november
november
href
news
stories
archives
december
class
side
nav
list
list
item
link
data
drupal
link
system
path
stories
archives
december
december
href
news
stories
archives
class
side
nav
list
list
item
link
data
drupal
link
system
path
stories
archives
section
href
news
stories
archives
january
class
side
nav
list
list
item
link
data
drupal
link
system
path
stories
archives
january
january
href
news
stories
archives
february
class
side
nav
list
list
item
link
data
drupal
link
system
path
stories
archives
february
february
href
news
stories
archives
march
class
side
nav
list
list
item
link
data
drupal
link
system
path
stories
archives
march
march
href
news
stories
archives
april
class
side
nav
list
list
item
link
data
drupal
link
system
path
stories
archives
april
april
href
news
stories
archives
may
class
side
nav
list
list
item
link
data
drupal
link
system
path
stories
archives
may
may
href
news
stories
archives
june
class
side
nav
list
list
item
link
data
drupal
link
system
path
stories
archives
june
june
href
news
stories
archives
july
class
side
nav
list
list
item
link
data
drupal
link
system
path
stories
archives
july
july
href
news
stories
archives
august
class
side
nav
list
list
item
link
data
drupal
link
system
path
stories
archives
august
august
href
news
stories
archives
september
class
side
nav
list
list
item
link
data
drupal
link
system
path
stories
archives
september
september
href
news
stories
archives
october
class
side
nav
list
list
item
link
data
drupal
link
system
path
stories
archives
october
october
href
news
stories
archives
november
class
side
nav
list
list
item
link
data
drupal
link
system
path
stories
archives
november
november
href
news
stories
archives
december
class
side
nav
list
list
item
link
data
drupal
link
system
path
stories
archives
december
december
href
news
stories
archives
class
side
nav
list
list
item
link
data
drupal
link
system
path
stories
archives
section
href
news
stories
archives
january
class
side
nav
list
list
item
link
data
drupal
link
system
path
stories
archives
january
january
href
news
stories
archives
february
class
side
nav
list
list
item
link
data
drupal
link
system
path
stories
archives
february
february
href
news
stories
archives
march
class
side
nav
list
list
item
link
data
drupal
link
system
path
stories
archives
march
march
href
news
stories
archives
april
class
side
nav
list
list
item
link
data
drupal
link
system
path
stories
archives
april
april
href
news
stories
archives
may
class
side
nav
list
list
item
link
data
drupal
link
system
path
stories
archives
may
may
href
news
stories
archives
june
class
side
nav
list
list
item
link
data
drupal
link
system
path
stories
archives
june
june
href
news
stories
archives
july
class
side
nav
list
list
item
link
data
drupal
link
system
path
stories
archives
july
july
href
news
stories
archives
august
class
side
nav
list
list
item
link
data
drupal
link
system
path
stories
archives
august
august
href
news
stories
archives
september
class
side
nav
list
list
item
link
data
drupal
link
system
path
stories
archives
september
september
href
news
stories
archives
october
class
side
nav
list
list
item
link
data
drupal
link
system
path
stories
archives
october
october
href
news
stories
archives
november
class
side
nav
list
list
item
link
data
drupal
link
system
path
stories
archives
november
november
href
news
stories
archives
december
class
side
nav
list
list
item
link
data
drupal
link
system
path
stories
archives
december
december
href
news
stories
archives
class
side
nav
list
list
item
link
data
drupal
link
system
path
stories
archives
section
href
news
stories
archives
january
class
side
nav
list
list
item
link
data
drupal
link
system
path
stories
archives
january
january
href
news
stories
archives
february
class
side
nav
list
list
item
link
data
drupal
link
system
path
stories
archives
february
february
href
news
stories
archives
march
class
side
nav
list
list
item
link
data
drupal
link
system
path
stories
archives
march
march
href
news
stories
archives
april
class
side
nav
list
list
item
link
data
drupal
link
system
path
stories
archives
april
april
href
news
stories
archives
may
class
side
nav
list
list
item
link
data
drupal
link
system
path
stories
archives
may
may
href
news
stories
archives
june
class
side
nav
list
list
item
link
data
drupal
link
system
path
stories
archives
june
june
href
news
stories
archives
july
class
side
nav
list
list
item
link
data
drupal
link
system
path
stories
archives
july
july
href
news
stories
archives
august
class
side
nav
list
list
item
link
data
drupal
link
system
path
stories
archives
august
august
href
news
stories
archives
september
class
side
nav
list
list
item
link
data
drupal
link
system
path
stories
archives
september
september
href
news
stories
archives
october
class
side
nav
list
list
item
link
data
drupal
link
system
path
stories
archives
october
october
href
news
stories
archives
november
class
side
nav
list
list
item
link
data
drupal
link
system
path
stories
archives
november
november
href
news
stories
archives
december
class
side
nav
list
list
item
link
data
drupal
link
system
path
stories
archives
december
december
href
news
stories
archives
class
side
nav
list
list
item
link
data
drupal
link
system
path
stories
archives
section
href
news
stories
archives
january
class
side
nav
list
list
item
link
data
drupal
link
system
path
stories
archives
january
january
href
news
stories
archives
february
class
side
nav
list
list
item
link
data
drupal
link
system
path
stories
archives
february
february
href
news
stories
archives
march
class
side
nav
list
list
item
link
data
drupal
link
system
path
stories
archives
march
march
href
news
stories
archives
april
class
side
nav
list
list
item
link
data
drupal
link
system
path
stories
archives
april
april
href
news
stories
archives
may
class
side
nav
list
list
item
link
data
drupal
link
system
path
stories
archives
may
may
href
news
stories
archives
june
class
side
nav
list
list
item
link
data
drupal
link
system
path
stories
archives
june
june
href
news
stories
archives
july
class
side
nav
list
list
item
link
data
drupal
link
system
path
stories
archives
july
july
href
news
stories
archives
august
class
side
nav
list
list
item
link
data
drupal
link
system
path
stories
archives
august
august
href
news
stories
archives
september
class
side
nav
list
list
item
link
data
drupal
link
system
path
stories
archives
september
september
href
news
stories
archives
october
class
side
nav
list
list
item
link
data
drupal
link
system
path
stories
archives
october
october
href
news
stories
archives
november
class
side
nav
list
list
item
link
data
drupal
link
system
path
stories
archives
november
november
href
news
stories
archives
december
class
side
nav
list
list
item
link
data
drupal
link
system
path
stories
archives
december
december
href
news
stories
archives
class
side
nav
list
list
item
link
data
drupal
link
system
path
stories
archives
section
href
news
stories
archives
january
class
side
nav
list
list
item
link
data
drupal
link
system
path
stories
archives
january
january
href
news
stories
archives
february
class
side
nav
list
list
item
link
data
drupal
link
system
path
stories
archives
february
february
href
news
stories
archives
march
class
side
nav
list
list
item
link
data
drupal
link
system
path
stories
archives
march
march
href
news
stories
archives
april
class
side
nav
list
list
item
link
data
drupal
link
system
path
stories
archives
april
april
href
news
stories
archives
may
class
side
nav
list
list
item
link
data
drupal
link
system
path
stories
archives
may
may
href
news
stories
archives
june
class
side
nav
list
list
item
link
data
drupal
link
system
path
stories
archives
june
june
href
news
stories
archives
july
class
side
nav
list
list
item
link
data
drupal
link
system
path
stories
archives
july
july
href
news
stories
archives
august
class
side
nav
list
list
item
link
data
drupal
link
system
path
stories
archives
august
august
href
news
stories
archives
september
class
side
nav
list
list
item
link
data
drupal
link
system
path
stories
archives
september
september
href
news
stories
archives
october
class
side
nav
list
list
item
link
data
drupal
link
system
path
stories
archives
october
october
href
news
stories
archives
november
class
side
nav
list
list
item
link
data
drupal
link
system
path
stories
archives
november
november
href
news
stories
archives
december
class
side
nav
list
list
item
link
data
drupal
link
system
path
stories
archives
december
december
href
news
stories
archives
class
side
nav
list
list
item
link
data
drupal
link
system
path
stories
archives
section
href
news
stories
archives
january
class
side
nav
list
list
item
link
data
drupal
link
system
path
stories
archives
january
january
href
news
stories
archives
february
class
side
nav
list
list
item
link
data
drupal
link
system
path
stories
archives
february
february
href
news
stories
archives
march
class
side
nav
list
list
item
link
data
drupal
link
system
path
stories
archives
march
march
href
news
stories
archives
april
class
side
nav
list
list
item
link
data
drupal
link
system
path
stories
archives
april
april
href
news
stories
archives
may
class
side
nav
list
list
item
link
data
drupal
link
system
path
stories
archives
may
may
href
news
stories
archives
june
class
side
nav
list
list
item
link
data
drupal
link
system
path
stories
archives
june
june
href
news
stories
archives
july
class
side
nav
list
list
item
link
data
drupal
link
system
path
stories
archives
july
july
href
news
stories
archives
august
class
side
nav
list
list
item
link
data
drupal
link
system
path
stories
archives
august
august
href
news
stories
archives
september
class
side
nav
list
list
item
link
data
drupal
link
system
path
stories
archives
september
september
href
news
stories
archives
october
class
side
nav
list
list
item
link
data
drupal
link
system
path
stories
archives
october
october
href
news
stories
archives
november
class
side
nav
list
list
item
link
data
drupal
link
system
path
stories
archives
november
november
href
news
stories
archives
december
class
side
nav
list
list
item
link
data
drupal
link
system
path
stories
archives
december
december
href
news
stories
archives
class
side
nav
list
list
item
link
data
drupal
link
system
path
stories
archives
section
href
news
stories
archives
january
class
side
nav
list
list
item
link
data
drupal
link
system
path
stories
archives
january
january
href
news
stories
archives
february
class
side
nav
list
list
item
link
data
drupal
link
system
path
stories
archives
february
february
href
news
stories
archives
march
class
side
nav
list
list
item
link
data
drupal
link
system
path
stories
archives
march
march
href
news
stories
archives
april
class
side
nav
list
list
item
link
data
drupal
link
system
path
stories
archives
april
april
href
news
stories
archives
may
class
side
nav
list
list
item
link
data
drupal
link
system
path
stories
archives
may
may
href
news
stories
archives
june
class
side
nav
list
list
item
link
data
drupal
link
system
path
stories
archives
june
june
href
news
stories
archives
july
class
side
nav
list
list
item
link
data
drupal
link
system
path
stories
archives
july
july
href
news
stories
archives
august
class
side
nav
list
list
item
link
data
drupal
link
system
path
stories
archives
august
august
href
news
stories
archives
september
class
side
nav
list
list
item
link
data
drupal
link
system
path
stories
archives
september
september
href
news
stories
archives
october
class
side
nav
list
list
item
link
data
drupal
link
system
path
stories
archives
october
october
href
news
stories
archives
november
class
side
nav
list
list
item
link
data
drupal
link
system
path
stories
archives
november
november
href
news
stories
archives
december
class
side
nav
list
list
item
link
data
drupal
link
system
path
stories
archives
december
december
href
news
stories
archives
class
side
nav
list
list
item
link
data
drupal
link
system
path
stories
archives
section
href
news
stories
archives
january
class
side
nav
list
list
item
link
data
drupal
link
system
path
stories
archives
january
january
href
news
stories
archives
february
class
side
nav
list
list
item
link
data
drupal
link
system
path
stories
archives
february
february
href
news
stories
archives
march
class
side
nav
list
list
item
link
data
drupal
link
system
path
stories
archives
march
march
href
news
stories
archives
april
class
side
nav
list
list
item
link
data
drupal
link
system
path
stories
archives
april
april
href
news
stories
archives
may
class
side
nav
list
list
item
link
data
drupal
link
system
path
stories
archives
may
may
href
news
stories
archives
june
class
side
nav
list
list
item
link
data
drupal
link
system
path
stories
archives
june
june
href
news
stories
archives
july
class
side
nav
list
list
item
link
data
drupal
link
system
path
stories
archives
july
july
href
news
stories
archives
august
class
side
nav
list
list
item
link
data
drupal
link
system
path
stories
archives
august
august
href
news
stories
archives
september
class
side
nav
list
list
item
link
data
drupal
link
system
path
stories
archives
september
september
href
news
stories
archives
october
class
side
nav
list
list
item
link
data
drupal
link
system
path
stories
archives
october
october
href
news
stories
archives
november
class
side
nav
list
list
item
link
data
drupal
link
system
path
stories
archives
november
november
href
news
stories
archives
december
class
side
nav
list
list
item
link
data
drupal
link
system
path
stories
archives
december
december
href
news
stories
archives
class
side
nav
list
list
item
link
data
drupal
link
system
path
stories
archives
section
href
news
stories
archives
january
class
side
nav
list
list
item
link
data
drupal
link
system
path
stories
archives
january
january
href
news
stories
archives
february
class
side
nav
list
list
item
link
data
drupal
link
system
path
stories
archives
february
february
href
news
stories
archives
march
class
side
nav
list
list
item
link
data
drupal
link
system
path
stories
archives
march
march
href
news
stories
archives
april
class
side
nav
list
list
item
link
data
drupal
link
system
path
stories
archives
april
april
href
news
stories
archives
may
class
side
nav
list
list
item
link
data
drupal
link
system
path
stories
archives
may
may
href
news
stories
archives
june
class
side
nav
list
list
item
link
data
drupal
link
system
path
stories
archives
june
june
href
news
stories
archives
july
class
side
nav
list
list
item
link
data
drupal
link
system
path
stories
archives
july
july
href
news
stories
archives
august
class
side
nav
list
list
item
link
data
drupal
link
system
path
stories
archives
august
august
href
news
stories
archives
september
class
side
nav
list
list
item
link
data
drupal
link
system
path
stories
archives
september
september
href
news
stories
archives
october
class
side
nav
list
list
item
link
data
drupal
link
system
path
stories
archives
october
october
href
news
stories
archives
november
class
side
nav
list
list
item
link
data
drupal
link
system
path
stories
archives
november
november
href
news
stories
archives
december
class
side
nav
list
list
item
link
data
drupal
link
system
path
stories
archives
december
december
href
news
experts
class
side
nav
list
list
item
link
data
drupal
link
system
path
experts
experts
href
news
media
contacts
class
side
nav
list
list
item
link
data
drupal
link
system
path
node
1
media
contacts
href
news
podcasts
class
side
nav
list
list
item
link
data
drupal
link
system
path
node
podcasts
href
http://www.cmu.edu/piper/
class
side
nav
list
list
item
link
the
piper
campus
amp
community
news
class
sitebranding
container
sitebranding
sitename
link
href
news
news
main
navigation
href
news
stories
class
header
nav
list
list
item
is
active
header
nav
list
list
item
first
child
header
nav
list
list
item
link
data
drupal
link
system
path
node
6
stories
href
news
experts
class
header
nav
list
list
item
header
nav
list
list
item
link
data
drupal
link
system
path
experts
experts
href
news
media
contacts
class
header
nav
list
list
item
header
nav
list
list
item
link
data
drupal
link
system
path
node
1
media
contacts
href
news
podcasts
class
header
nav
list
list
item
header
nav
list
list
item
link
data
drupal
link
system
path
node
podcasts
class
breadcrumbs
list
item
link
breadcrumbs
list
item
link
first
child
href
news
news
class
breadcrumbs
list
item
link
href
news
stories
stories
class
breadcrumbs
list
item
link
href
news
stories
archives
archives
class
breadcrumbs
list
item
link
href
news
stories
archives
june
form
class
views
exposed
form
listing
filter
novalidate
novalidate
data
drupal
selector
views
exposed
form
news
listing
archive
action
news
stories
archives
june
method
get
id
views
exposed
form
news
listing
archive
accept
charset
utf
8
filter
articles
by
type
to
filter
skip
filters
and
go
to
articles
type
to
filter
reset
filters
31
articles
displayed
class
grid
box
link
box
href
news
stories
archives
june
tkacik
named
scott
institute
executive
director
source
srcset
news
sites
default
files
styles
listings
tablet
1
public
stories
archives
june
images
tkacik
scott
institute
min
jpeg
webp
itok
zyiplaho
1
media
max
width
px
and
min
width
px
type
image
webp
width
height
source
srcset
news
sites
default
files
styles
listings
desktop
1
public
stories
archives
june
images
tkacik
scott
institute
min
jpeg
webp
itok
jjts
48
nx
1
media
min
width
px
type
image
webp
width
height
source
srcset
news
sites
default
files
styles
listings
mobile
1
public
stories
archives
june
images
tkacik
scott
institute
min
jpeg
webp
itok
7
wktske
media
max
width
px
type
image
webp
width
height
source
srcset
news
sites
default
files
styles
listings
xs
1
public
stories
archives
june
images
tkacik
scott
institute
min
jpeg
webp
itok
5
zzzet
0
1
media
max
width
px
type
image
webp
width
height
img
class
link
box
image
data
focal
point
center
center
src
news
sites
default
files
styles
listings
desktop
1
public
stories
archives
june
images
tkacik
scott
institute
min
jpeg
webp
itok
jjts
48
nx
width
height
alt
tkacik
scott
institute
min
jpeg
loading
lazy
tkacik
named
scott
institute
executive
director
daniel
tkacik
has
been
appointed
as
the
new
executive
director
of
the
wilton
scott
institute
for
energy
innovation
thursday
june
30
class
grid
box
link
box
href
news
stories
archives
june
experts
study
marine
mammals
to
learn
about
human
hearing
source
srcset
news
sites
default
files
styles
listings
tablet
1
public
stories
archives
june
images
marine
mammals
png
webp
itok
xu
71
yq
media
max
width
px
and
min
width
px
type
image
webp
width
height
source
srcset
news
sites
default
files
styles
listings
desktop
1
public
stories
archives
june
images
marine
mammals
png
webp
itok
gbeqdik
media
min
width
px
type
image
webp
width
height
source
srcset
news
sites
default
files
styles
listings
mobile
1
public
stories
archives
june
images
marine
mammals
png
webp
itok
pdb
41
gqp
1
media
max
width
px
type
image
webp
width
height
source
srcset
news
sites
default
files
styles
listings
xs
1
public
stories
archives
june
images
marine
mammals
png
webp
itok
mt
5
irb
5
1
media
max
width
px
type
image
webp
width
height
img
class
link
box
image
data
focal
point
center
center
src
news
sites
default
files
styles
listings
desktop
1
public
stories
archives
june
images
marine
mammals
png
webp
itok
gbeqdik
5
width
height
alt
marine
mammals
png
loading
lazy
experts
study
marine
mammals
to
learn
about
human
hearing
barbara
shinn
cunningham
and
researchers
from
six
universities
are
studying
free
swimming
dolphins
and
sea
lions
to
better
understand
the
cognitive
and
neural
mechanisms
of
sound
processing
thursday
june
30
class
grid
box
link
box
href
news
stories
archives
june
carnegie
mellon
professor
launches
esg
index
source
srcset
news
sites
default
files
styles
listings
tablet
1
public
stories
archives
june
images
nicholas
muller
min
jpeg
webp
itok
zikncnzb
1
media
max
width
px
and
min
width
px
type
image
webp
width
height
source
srcset
news
sites
default
files
styles
listings
desktop
1
public
stories
archives
june
images
nicholas
muller
min
jpeg
webp
itok
chwyvbhd
1
media
min
width
px
type
image
webp
width
height
source
srcset
news
sites
default
files
styles
listings
mobile
1
public
stories
archives
june
images
nicholas
muller
min
jpeg
webp
itok
xs
0
yyqa
media
max
width
px
type
image
webp
width
height
source
srcset
news
sites
default
files
styles
listings
xs
1
public
stories
archives
june
images
nicholas
muller
min
jpeg
webp
itok
sx
exih
media
max
width
px
type
image
webp
width
height
img
class
link
box
image
data
focal
point
center
center
src
news
sites
default
files
styles
listings
desktop
1
public
stories
archives
june
images
nicholas
muller
min
jpeg
webp
itok
chwyvbhd
width
height
alt
nicholas
muller
min
jpeg
loading
lazy
carnegie
mellon
professor
launches
esg
index
the
esg
index
will
serve
as
the
go
to
resource
for
accurate
data
in
monetary
pollution
wednesday
june
29
class
grid
box
link
box
href
news
stories
archives
june
meg
richards
and
the
unplanned
path
source
srcset
news
sites
default
files
styles
listings
tablet
1
public
stories
archives
june
images
richards
cmu
min
jpg
webp
itok
kgy
yplw
1
media
max
width
px
and
min
width
px
type
image
webp
width
height
source
srcset
news
sites
default
files
styles
listings
desktop
1
public
stories
archives
june
images
richards
cmu
min
jpg
webp
itok
cor
rb
1
media
min
width
px
type
image
webp
width
height
source
srcset
news
sites
default
files
styles
listings
mobile
1
public
stories
archives
june
images
richards
cmu
min
jpg
webp
itok
xbxknand
1
media
max
width
px
type
image
webp
width
height
source
srcset
news
sites
default
files
styles
listings
xs
1
public
stories
archives
june
images
richards
cmu
min
jpg
webp
itok
gal
3
bd
4
1
media
max
width
px
type
image
webp
width
height
img
class
link
box
image
data
focal
point
center
center
src
news
sites
default
files
styles
listings
desktop
1
public
stories
archives
june
images
richards
cmu
min
jpg
webp
itok
cor
rb
width
height
alt
richards
cmu
min
jpg
loading
lazy
meg
richards
and
the
unplanned
path
carnegie
mellon
meg
richards
wants
young
people
to
know
there
is
no
magic
formula
for
being
successful
tuesday
june
28
class
grid
box
link
box
href
news
stories
archives
june
innovation
at
core
of
swartz
center
program
source
srcset
news
sites
default
files
styles
listings
tablet
1
public
stories
archives
june
images
innovation
scholars
min
jpg
webp
itok
ahmls
5
gg
1
media
max
width
px
and
min
width
px
type
image
webp
width
height
source
srcset
news
sites
default
files
styles
listings
desktop
1
public
stories
archives
june
images
innovation
scholars
min
jpg
webp
itok
6
hqph
7
1
media
min
width
px
type
image
webp
width
height
source
srcset
news
sites
default
files
styles
listings
mobile
1
public
stories
archives
june
images
innovation
scholars
min
jpg
webp
itok
mf
wij
5
1
media
max
width
px
type
image
webp
width
height
source
srcset
news
sites
default
files
styles
listings
xs
1
public
stories
archives
june
images
innovation
scholars
min
jpg
webp
itok
vrci
2
fnx
1
media
max
width
px
type
image
webp
width
height
img
class
link
box
image
data
focal
point
center
center
src
news
sites
default
files
styles
listings
desktop
1
public
stories
archives
june
images
innovation
scholars
min
jpg
webp
itok
6
hqph
7
width
height
alt
innovation
scholars
min
jpg
loading
lazy
innovation
at
core
of
swartz
center
program
innovation
scholars
bring
startup
mentality
to
carnegie
mellon
friday
june
24
class
grid
box
link
box
href
news
stories
archives
june
students
match
soundscape
scores
to
monet
in
bloom
source
srcset
news
sites
default
files
styles
listings
tablet
1
public
stories
archives
june
images
monet
phipps
show
gallery
min
jpg
webp
itok
mwvagcl
1
media
max
width
px
and
min
width
px
type
image
webp
width
height
source
srcset
news
sites
default
files
styles
listings
desktop
1
public
stories
archives
june
images
monet
phipps
show
gallery
min
jpg
webp
itok
sdkq
7
pq
1
media
min
width
px
type
image
webp
width
height
source
srcset
news
sites
default
files
styles
listings
mobile
1
public
stories
archives
june
images
monet
phipps
show
gallery
min
jpg
webp
itok
luwjholg
1
media
max
width
px
type
image
webp
width
height
source
srcset
news
sites
default
files
styles
listings
xs
1
public
stories
archives
june
images
monet
phipps
show
gallery
min
jpg
webp
itok
ffkieb
1
media
max
width
px
type
image
webp
width
height
img
class
link
box
image
data
focal
point
center
center
src
news
sites
default
files
styles
listings
desktop
1
public
stories
archives
june
images
monet
phipps
show
gallery
min
jpg
webp
itok
sdkq
7
pq
width
height
alt
monet
phipps
show
gallery
min
jpg
loading
lazy
students
match
soundscape
scores
to
monet
in
bloom
impressionistic
compositions
add
element
to
phipps
conservatory
summer
flower
show
friday
june
24
class
grid
box
link
box
href
news
stories
archives
june
conrad
zapanta
named
college
of
engineering
associate
dean
for
undergraduate
studies
source
srcset
news
sites
default
files
styles
listings
tablet
1
public
stories
archives
june
images
zapanta
min
jpg
webp
itok
cxodjbaa
1
media
max
width
px
and
min
width
px
type
image
webp
width
height
source
srcset
news
sites
default
files
styles
listings
desktop
1
public
stories
archives
june
images
zapanta
min
jpg
webp
itok
hxcvnvqu
1
media
min
width
px
type
image
webp
width
height
source
srcset
news
sites
default
files
styles
listings
mobile
1
public
stories
archives
june
images
zapanta
min
jpg
webp
itok
wkdhoxrh
1
media
max
width
px
type
image
webp
width
height
source
srcset
news
sites
default
files
styles
listings
xs
1
public
stories
archives
june
images
zapanta
min
jpg
webp
itok
mw
7
gzf
1
media
max
width
px
type
image
webp
width
height
img
class
link
box
image
data
focal
point
center
center
src
news
sites
default
files
styles
listings
desktop
1
public
stories
archives
june
images
zapanta
min
jpg
webp
itok
hxcvnvqu
width
height
alt
zapanta
min
jpg
loading
lazy
conrad
zapanta
named
college
of
engineering
associate
dean
for
undergraduate
studies
conrad
zapanta
has
been
appointed
the
new
associate
dean
for
undergraduate
studies
in
the
college
of
engineering
thursday
june
23
class
grid
box
link
box
href
news
stories
archives
june
university
libraries
appoints
sayeed
choudhury
to
new
role
supporting
open
source
projects
at
cmu
source
srcset
news
sites
default
files
styles
listings
tablet
1
public
stories
archives
june
images
choudhury
min
jpg
webp
itok
9
ey
8
gk
1
media
max
width
px
and
min
width
px
type
image
webp
width
height
source
srcset
news
sites
default
files
styles
listings
desktop
1
public
stories
archives
june
images
choudhury
min
jpg
webp
itok
ql
pna
1
media
min
width
px
type
image
webp
width
height
source
srcset
news
sites
default
files
styles
listings
mobile
1
public
stories
archives
june
images
choudhury
min
jpg
webp
itok
tdbyyk
1
media
max
width
px
type
image
webp
width
height
source
srcset
news
sites
default
files
styles
listings
xs
1
public
stories
archives
june
images
choudhury
min
jpg
webp
itok
tlnxlpyn
1
media
max
width
px
type
image
webp
width
height
img
class
link
box
image
data
focal
point
center
center
src
news
sites
default
files
styles
listings
desktop
1
public
stories
archives
june
images
choudhury
min
jpg
webp
itok
ql
pna
width
height
alt
choudhury
min
jpg
loading
lazy
university
libraries
appoints
sayeed
choudhury
to
new
role
supporting
open
source
projects
at
cmu
sayeed
choudhury
will
join
carnegie
mellon
university
libraries
in
newly
created
role
to
raise
awareness
of
and
stimulate
collaboration
among
open
source
projects
wednesday
june
22
class
grid
box
link
box
href
news
stories
archives
june
tweeting
help
wanted
sign
source
srcset
news
sites
default
files
styles
listings
tablet
1
public
stories
archives
june
images
open
source
software
min
jpg
webp
itok
8
xqqar
1
media
max
width
px
and
min
width
px
type
image
webp
width
height
source
srcset
news
sites
default
files
styles
listings
desktop
1
public
stories
archives
june
images
open
source
software
min
jpg
webp
itok
ts
media
min
width
px
type
image
webp
width
height
source
srcset
news
sites
default
files
styles
listings
mobile
1
public
stories
archives
june
images
open
source
software
min
jpg
webp
itok
17
ipj
cc
1
media
max
width
px
type
image
webp
width
height
source
srcset
news
sites
default
files
styles
listings
xs
1
public
stories
archives
june
images
open
source
software
min
jpg
webp
itok
vf
dan
1
media
max
width
px
type
image
webp
width
height
img
class
link
box
image
data
focal
point
center
center
src
news
sites
default
files
styles
listings
desktop
1
public
stories
archives
june
images
open
source
software
min
jpg
webp
itok
ts
35
width
height
alt
open
source
software
min
jpg
loading
lazy
tweeting
help
wanted
sign
cmu
research
shows
twitter
drives
popularity
contributors
to
open
source
software
wednesday
june
22
class
grid
box
link
box
href
news
stories
archives
june
pour
me
glass
source
srcset
news
sites
default
files
styles
listings
tablet
1
public
stories
archives
june
images
robots
pouring
water
min
jpeg
webp
itok
muzmtcv
1
media
max
width
px
and
min
width
px
type
image
webp
width
height
source
srcset
news
sites
default
files
styles
listings
desktop
1
public
stories
archives
june
images
robots
pouring
water
min
jpeg
webp
itok
itoovebf
1
media
min
width
px
type
image
webp
width
height
source
srcset
news
sites
default
files
styles
listings
mobile
1
public
stories
archives
june
images
robots
pouring
water
min
jpeg
webp
itok
5
bvvijp
1
media
max
width
px
type
image
webp
width
height
source
srcset
news
sites
default
files
styles
listings
xs
1
public
stories
archives
june
images
robots
pouring
water
min
jpeg
webp
itok
eugidbwc
1
media
max
width
px
type
image
webp
width
height
img
class
link
box
image
data
focal
point
center
center
src
news
sites
default
files
styles
listings
desktop
1
public
stories
archives
june
images
robots
pouring
water
min
jpeg
webp
itok
itoovebf
width
height
alt
robots
pouring
water
min
jpeg
loading
lazy
pour
me
glass
cmu
researchers
use
ai
to
teach
robots
to
see
water
wednesday
june
22
class
grid
box
link
box
href
news
stories
archives
june
remembering
tung
au
source
srcset
news
sites
default
files
styles
listings
tablet
1
public
stories
archives
june
images
au
obit
min
jpg
webp
itok
bwyqddy
media
max
width
px
and
min
width
px
type
image
webp
width
height
source
srcset
news
sites
default
files
styles
listings
desktop
1
public
stories
archives
june
images
au
obit
min
jpg
webp
itok
tqauj
media
min
width
px
type
image
webp
width
height
source
srcset
news
sites
default
files
styles
listings
mobile
1
public
stories
archives
june
images
au
obit
min
jpg
webp
itok
yahvk
5
qw
1
media
max
width
px
type
image
webp
width
height
source
srcset
news
sites
default
files
styles
listings
xs
1
public
stories
archives
june
images
au
obit
min
jpg
webp
itok
dj
9
vuzs
media
max
width
px
type
image
webp
width
height
img
class
link
box
image
data
focal
point
center
center
src
news
sites
default
files
styles
listings
desktop
1
public
stories
archives
june
images
au
obit
min
jpg
webp
itok
tqauj
width
height
alt
au
obit
min
jpg
loading
lazy
remembering
tung
au
tung
au
cmu
emeritus
professor
passed
away
on
may
31
at
98
years
old
thursday
june
16
class
grid
box
link
box
href
news
stories
archives
june
when
parenting
style
predicts
political
leanings
source
srcset
news
sites
default
files
styles
listings
tablet
1
public
stories
archives
june
images
parenting
styles
min
jpg
webp
itok
4
vo
arim
1
media
max
width
px
and
min
width
px
type
image
webp
width
height
source
srcset
news
sites
default
files
styles
listings
desktop
1
public
stories
archives
june
images
parenting
styles
min
jpg
webp
itok
5
qg
6
ppf
1
media
min
width
px
type
image
webp
width
height
source
srcset
news
sites
default
files
styles
listings
mobile
1
public
stories
archives
june
images
parenting
styles
min
jpg
webp
itok
2
jkhad
1
media
max
width
px
type
image
webp
width
height
source
srcset
news
sites
default
files
styles
listings
xs
1
public
stories
archives
june
images
parenting
styles
min
jpg
webp
itok
odx
6
mwyx
1
media
max
width
px
type
image
webp
width
height
img
class
link
box
image
data
focal
point
center
center
src
news
sites
default
files
styles
listings
desktop
1
public
stories
archives
june
images
parenting
styles
min
jpg
webp
itok
5
qg
6
ppf
width
height
alt
parenting
styles
min
jpg
loading
lazy
when
parenting
style
predicts
political
leanings
new
study
finds
parenting
styles
are
strong
indicator
for
how
people
think
about
wide
range
of
social
issues
from
education
to
elder
care
thursday
june
16
pagination
1
2
3
next
last
iframe
style
display
none
visibility
hidden
height
0
src
https://www.googletagmanager.com/ns.html
id
gtm
jq
width
0
class
link
list
item
link
link
new
window
href
http://www.cmu.edu/piper/
target
quot
blank
quot
the
piper
campus
amp
community
news
opens
in
new
window
class
link
list
item
link
link
new
window
href
https://events.cmu.edu/
target
quot
blank
quot
official
events
calendar
opens
in
new
window
forbes
avenue
pittsburgh
pa
href
https://www.cmu.edu/
carnegie
mellon
university
href
https://www.cmu.edu/legal/
target
blank
legal
info
class
social
media
item
link
href
https://www.facebook.com/carnegiemellonu
target
blank
facebook
opens
in
new
window
use
xlink
href
news
themes
cmu
images
sprite
svg
icon
facebook
class
social
media
item
link
href
https://www.twitter.com/carnegiemellon
target
blank
twitter
opens
in
new
window
use
xlink
href
news
themes
cmu
images
sprite
svg
icon
twitter
class
social
media
item
link
href
https://www.linkedin.com/edu/school
id
target
blank
linkedin
opens
in
new
window
use
xlink
href
news
themes
cmu
images
sprite
svg
icon
linkedin
class
social
media
item
link
href
https://www.youtube.com/cmu
target
blank
youtube
opens
in
new
window
use
xlink
href
news
themes
cmu
images
sprite
svg
icon
youtube
class
social
media
item
link
href
https://www.cmu.edu/news/feeds/news.rss
target
blank
rss
opens
in
new
window
use
xlink
href
news
themes
cmu
images
sprite
svg
icon
rss
class
social
media
item
link
href
https://www.instagram.com/carnegiemellon/
target
blank
instagram
opens
in
new
window
use
xlink
href
news
themes
cmu
images
sprite
svg
icon
instagram
class
social
media
item
link
href
https://www.cmu.edu/social-media/
target
blank
more
opens
in
new
window
use
xlink
href
news
themes
cmu
images
sprite
svg
icon
more
window
datalayer
window
datalayer
window
datalayer
push
language
en
country
us
sitetitle
news
sitename
news
siteid
news
sitetheme
cmu
environment
live
cms
drupal
cmsversion
6
script
type
application
json
data
drupal
selector
drupal
settings
json
path
baseurl
pathprefix
currentpath
stories
archives
june
currentpathisadmin
false
isfront
false
currentlanguage
en
pluraldelimiter
suppressdeprecationerrors
true
ajaxpagestate
libraries
ejxvzd
0
kgzaua
axknbb
guhu
iwntbp
gowmki
9
ahqxdlte
7
nsq
5
ibl
nwvgrdq
vgp
3
fcmwsx
5
sgnctjcstj
6
fsxsgvrc
44
dz
6
whhzbc
2
hrazc
8
fqaznicbvzbrmbxlw
60
vlko
6
ursxc
3
pey
0
xvdtxkxdkqzbj
7
vfrlda
9
sflmk
34
qu
dliu
theme
cmu
theme
token
null
ajaxtrustedurl
stories
archives
june
true
datalayer
defaultlang
en
languages
en
id
en
name
english
direction
ltr
weight
0
views
ajax
path
news
views
ajax
ajaxviews
views
dom
id
fe
cfd
dbe
view
name
news
listing
view
display
id
archive
view
args
06
view
path
stories
archives
june
view
base
path
stories
archives
view
dom
id
fe
cfd
dbe
pager
element
0
user
uid
0
permissionshash
aa
9
fd
56
ea
fa
script
src
news
core
assets
vendor
jquery
jquery
min
js
1
script
src
news
core
assets
vendor
once
once
min
js
1
script
src
news
core
misc
drupalsettingsloader
js
6
script
src
news
core
misc
drupal
js
6
script
src
news
core
misc
drupal
init
js
6
script
src
news
core
assets
vendor
tabbable
index
umd
min
js
0
script
src
script
src
news
modules
custom
cmu
datalayer
js
cmu
datalayer
js
1
script
src
news
modules
contrib
datalayer
js
datalayer
js
1
script
src
news
themes
cmu
dist
js
main
js
1
script
src
news
modules
contrib
obfuscate
email
js
obfuscate
email
js
6
script
src
news
core
assets
vendor
jquery
form
jquery
form
min
js
0
script
src
news
core
misc
progress
js
6
script
src
news
core
assets
vendor
loadjs
loadjs
min
js
0
script
src
news
core
misc
debounce
js
6
script
src
news
core
misc
announce
js
6
script
src
news
core
misc
message
js
6
script
src
news
core
misc
ajax
js
6
script
src
news
core
modules
views
js
base
js
6
script
src
news
core
modules
views
js
ajax
view
js
6
script
src
news
modules
custom
cmu
listing
js
cmu
listing
exposed
filters
js
sioyzl
scroll
to
top
