doctype
html
html
lang
en
dir
ltr
prefix
og
https://ogp.me/ns
link
rel
canonical
href
news
stories
archives
july
carnegie
mellon
champion
womens
golf
team
travels
to
white
house
link
rel
image
src
href
news
sites
default
files
styles
embedded
max
public
whitehouse
01
jpg
itok
uet
4
ryuj
meta
property
og
url
content
news
stories
archives
july
carnegie
mellon
champion
womens
golf
team
travels
to
white
house
meta
property
og
image
content
news
sites
default
files
styles
embedded
max
public
whitehouse
01
jpg
itok
uet
4
ryuj
meta
property
og
image
secure
url
content
news
sites
default
files
styles
embedded
max
public
whitehouse
01
jpg
itok
uet
4
ryuj
meta
property
og
image
type
content
image
jpeg
meta
name
twitter
image
content
news
sites
default
files
styles
embedded
max
public
whitehouse
01
jpg
itok
uet
4
ryuj
meta
name
generator
content
drupal
10
https://www.drupal.org
script
type
application
ld
json
context
https://schema.org
graph
type
newsarticle
id
headline
carnegie
mellon
champion
womens
golf
team
travels
to
white
house
description
the
carnegie
mellon
university
women
golf
team
took
part
in
the
second
annual
white
house
college
champions
day
celebration
in
the
nation
capital
on
monday
datepublished
datemodified
publisher
type
organization
name
cmu
news
logo
type
imageobject
representativeofpage
false
url
width
height
type
collegeoruniversity
id
http://www.cmu.edu/news
url
https://www.cmu.edu/
sameas
https://twitter.com/cmu_news
https://www.instagram.com/carnegiemellon/
https://www.youtube.com/carnegiemellonu
name
carnegie
mellon
university
telephone
logo
type
imageobject
url
width
height
alternatename
cmu
carnegie
mellon
address
type
postaladdress
streetaddress
forbes
ave
addresslocality
pittsburgh
addressregion
pa
postalcode
addresscountry
us
script
type
text
javascript
var
datalayer
window
datalayer
window
datalayer
var
siteid
news
var
sitename
news
datalayer
push
siteid
siteid
sitename
sitename
cms
cascade
function
push
gtm
start
new
date
gettime
event
gtm
js
var
getelementsbytagname
0
createelement
dl
datalayer
amp
async
true
src
www
googletagmanager
com
gtm
js
id
dl
parentnode
insertbefore
window
document
script
datalayer
gtm
jq
link
rel
icon
href
news
themes
cmu
favicon
ico
type
image
vnd
microsoft
icon
carnegie
mellon
champion
womens
golf
team
travels
to
white
house
news
carnegie
mellon
university
link
rel
stylesheet
media
all
href
fonts
googleapis
com
css
family
open
sans
italic
italic
italic
link
rel
stylesheet
media
all
href
news
themes
cmu
dist
css
main
css
sioyzl
link
rel
stylesheet
media
print
href
news
themes
cmu
dist
css
print
css
sioyzl
link
rel
apple
touch
icon
sizes
href
link
rel
icon
type
image
png
sizes
href
link
rel
icon
type
image
png
sizes
href
link
rel
mask
icon
href
color
5
bbad
5
skip
to
main
content
href
https://www.cmu.edu
class
roof
wordmark
link
id
wordmark
carnegie
mellon
university
homepage
use
xlink
href
news
themes
cmu
images
sprite
svg
cmu
wordmark
form
action
https://search.cmu.edu
method
get
class
roof
search
form
search
carnegie
mellon
university
search
use
xlink
href
news
themes
cmu
images
sprite
svg
icon
search
svg
class
icon
menu
width
height
xmlns
http://www.w3.org/2000/svg
viewbox
menu
href
news
news
form
action
https://search.cmu.edu
method
get
class
side
nav
search
form
search
carnegie
mellon
university
search
use
xlink
href
news
themes
cmu
images
sprite
svg
icon
search
href
news
stories
class
side
nav
list
list
item
link
data
drupal
link
system
path
node
6
stories
stories
section
href
news
stories
college
of
engineering
class
side
nav
list
list
item
link
data
drupal
link
system
path
node
college
of
engineering
href
news
stories
college
of
fine
arts
class
side
nav
list
list
item
link
data
drupal
link
system
path
node
college
of
fine
arts
href
news
stories
dietrich
college
of
humanities
social
sciences
class
side
nav
list
list
item
link
data
drupal
link
system
path
node
dietrich
college
of
humanities
amp
social
sciences
href
news
stories
heinz
college
of
information
systems
and
public
policy
class
side
nav
list
list
item
link
data
drupal
link
system
path
node
heinz
college
of
information
systems
and
public
policy
href
news
stories
mellon
college
of
science
class
side
nav
list
list
item
link
data
drupal
link
system
path
node
mellon
college
of
science
href
news
stories
school
of
computer
science
class
side
nav
list
list
item
link
data
drupal
link
system
path
node
school
of
computer
science
href
news
stories
tepper
school
of
business
class
side
nav
list
list
item
link
data
drupal
link
system
path
node
tepper
school
of
business
href
news
stories
archives
class
side
nav
list
list
item
link
data
drupal
link
system
path
node
7
archives
archives
section
href
news
stories
archives
class
side
nav
list
list
item
link
data
drupal
link
system
path
stories
archives
section
href
news
stories
archives
january
class
side
nav
list
list
item
link
data
drupal
link
system
path
stories
archives
january
january
href
news
stories
archives
february
class
side
nav
list
list
item
link
data
drupal
link
system
path
stories
archives
february
february
href
news
stories
archives
march
class
side
nav
list
list
item
link
data
drupal
link
system
path
stories
archives
march
march
href
news
stories
archives
april
class
side
nav
list
list
item
link
data
drupal
link
system
path
stories
archives
april
april
href
news
stories
archives
may
class
side
nav
list
list
item
link
data
drupal
link
system
path
stories
archives
may
may
href
news
stories
archives
june
class
side
nav
list
list
item
link
data
drupal
link
system
path
stories
archives
june
june
href
news
stories
archives
july
class
side
nav
list
list
item
link
data
drupal
link
system
path
stories
archives
july
july
href
news
stories
archives
august
class
side
nav
list
list
item
link
data
drupal
link
system
path
stories
archives
august
august
href
news
stories
archives
class
side
nav
list
list
item
link
data
drupal
link
system
path
stories
archives
section
href
news
stories
archives
january
class
side
nav
list
list
item
link
data
drupal
link
system
path
stories
archives
january
january
href
news
stories
archives
february
class
side
nav
list
list
item
link
data
drupal
link
system
path
stories
archives
february
february
href
news
stories
archives
march
class
side
nav
list
list
item
link
data
drupal
link
system
path
stories
archives
march
march
href
news
stories
archives
april
class
side
nav
list
list
item
link
data
drupal
link
system
path
stories
archives
april
april
href
news
stories
archives
may
class
side
nav
list
list
item
link
data
drupal
link
system
path
stories
archives
may
may
href
news
stories
archives
june
class
side
nav
list
list
item
link
data
drupal
link
system
path
stories
archives
june
june
href
news
stories
archives
july
class
side
nav
list
list
item
link
data
drupal
link
system
path
stories
archives
july
july
href
news
stories
archives
august
class
side
nav
list
list
item
link
data
drupal
link
system
path
stories
archives
august
august
href
news
stories
archives
september
class
side
nav
list
list
item
link
data
drupal
link
system
path
stories
archives
september
september
href
news
stories
archives
october
class
side
nav
list
list
item
link
data
drupal
link
system
path
stories
archives
october
october
href
news
stories
archives
november
class
side
nav
list
list
item
link
data
drupal
link
system
path
stories
archives
november
november
href
news
stories
archives
december
class
side
nav
list
list
item
link
data
drupal
link
system
path
stories
archives
december
december
href
news
stories
archives
class
side
nav
list
list
item
link
data
drupal
link
system
path
stories
archives
section
href
news
stories
archives
january
class
side
nav
list
list
item
link
data
drupal
link
system
path
stories
archives
january
january
href
news
stories
archives
february
class
side
nav
list
list
item
link
data
drupal
link
system
path
stories
archives
february
february
href
news
stories
archives
march
class
side
nav
list
list
item
link
data
drupal
link
system
path
stories
archives
march
march
href
news
stories
archives
april
class
side
nav
list
list
item
link
data
drupal
link
system
path
stories
archives
april
april
href
news
stories
archives
may
class
side
nav
list
list
item
link
data
drupal
link
system
path
stories
archives
may
may
href
news
stories
archives
june
class
side
nav
list
list
item
link
data
drupal
link
system
path
stories
archives
june
june
href
news
stories
archives
july
class
side
nav
list
list
item
link
data
drupal
link
system
path
stories
archives
july
july
href
news
stories
archives
august
class
side
nav
list
list
item
link
data
drupal
link
system
path
stories
archives
august
august
href
news
stories
archives
september
class
side
nav
list
list
item
link
data
drupal
link
system
path
stories
archives
september
september
href
news
stories
archives
october
class
side
nav
list
list
item
link
data
drupal
link
system
path
stories
archives
october
october
href
news
stories
archives
november
class
side
nav
list
list
item
link
data
drupal
link
system
path
stories
archives
november
november
href
news
stories
archives
december
class
side
nav
list
list
item
link
data
drupal
link
system
path
stories
archives
december
december
href
news
stories
archives
class
side
nav
list
list
item
link
data
drupal
link
system
path
stories
archives
section
href
news
stories
archives
january
class
side
nav
list
list
item
link
data
drupal
link
system
path
stories
archives
january
january
href
news
stories
archives
february
class
side
nav
list
list
item
link
data
drupal
link
system
path
stories
archives
february
february
href
news
stories
archives
march
class
side
nav
list
list
item
link
data
drupal
link
system
path
stories
archives
march
march
href
news
stories
archives
april
class
side
nav
list
list
item
link
data
drupal
link
system
path
stories
archives
april
april
href
news
stories
archives
may
class
side
nav
list
list
item
link
data
drupal
link
system
path
stories
archives
may
may
href
news
stories
archives
june
class
side
nav
list
list
item
link
data
drupal
link
system
path
stories
archives
june
june
href
news
stories
archives
july
class
side
nav
list
list
item
link
data
drupal
link
system
path
stories
archives
july
july
href
news
stories
archives
august
class
side
nav
list
list
item
link
data
drupal
link
system
path
stories
archives
august
august
href
news
stories
archives
september
class
side
nav
list
list
item
link
data
drupal
link
system
path
stories
archives
september
september
href
news
stories
archives
october
class
side
nav
list
list
item
link
data
drupal
link
system
path
stories
archives
october
october
href
news
stories
archives
november
class
side
nav
list
list
item
link
data
drupal
link
system
path
stories
archives
november
november
href
news
stories
archives
december
class
side
nav
list
list
item
link
data
drupal
link
system
path
stories
archives
december
december
href
news
stories
archives
class
side
nav
list
list
item
link
data
drupal
link
system
path
stories
archives
section
href
news
stories
archives
january
class
side
nav
list
list
item
link
data
drupal
link
system
path
stories
archives
january
january
href
news
stories
archives
february
class
side
nav
list
list
item
link
data
drupal
link
system
path
stories
archives
february
february
href
news
stories
archives
march
class
side
nav
list
list
item
link
data
drupal
link
system
path
stories
archives
march
march
href
news
stories
archives
april
class
side
nav
list
list
item
link
data
drupal
link
system
path
stories
archives
april
april
href
news
stories
archives
may
class
side
nav
list
list
item
link
data
drupal
link
system
path
stories
archives
may
may
href
news
stories
archives
june
class
side
nav
list
list
item
link
data
drupal
link
system
path
stories
archives
june
june
href
news
stories
archives
july
class
side
nav
list
list
item
link
data
drupal
link
system
path
stories
archives
july
july
href
news
stories
archives
august
class
side
nav
list
list
item
link
data
drupal
link
system
path
stories
archives
august
august
href
news
stories
archives
september
class
side
nav
list
list
item
link
data
drupal
link
system
path
stories
archives
september
september
href
news
stories
archives
october
class
side
nav
list
list
item
link
data
drupal
link
system
path
stories
archives
october
october
href
news
stories
archives
november
class
side
nav
list
list
item
link
data
drupal
link
system
path
stories
archives
november
november
href
news
stories
archives
december
class
side
nav
list
list
item
link
data
drupal
link
system
path
stories
archives
december
december
href
news
stories
archives
class
side
nav
list
list
item
link
data
drupal
link
system
path
stories
archives
section
href
news
stories
archives
january
class
side
nav
list
list
item
link
data
drupal
link
system
path
stories
archives
january
january
href
news
stories
archives
february
class
side
nav
list
list
item
link
data
drupal
link
system
path
stories
archives
february
february
href
news
stories
archives
march
class
side
nav
list
list
item
link
data
drupal
link
system
path
stories
archives
march
march
href
news
stories
archives
april
class
side
nav
list
list
item
link
data
drupal
link
system
path
stories
archives
april
april
href
news
stories
archives
may
class
side
nav
list
list
item
link
data
drupal
link
system
path
stories
archives
may
may
href
news
stories
archives
june
class
side
nav
list
list
item
link
data
drupal
link
system
path
stories
archives
june
june
href
news
stories
archives
july
class
side
nav
list
list
item
link
data
drupal
link
system
path
stories
archives
july
july
href
news
stories
archives
august
class
side
nav
list
list
item
link
data
drupal
link
system
path
stories
archives
august
august
href
news
stories
archives
september
class
side
nav
list
list
item
link
data
drupal
link
system
path
stories
archives
september
september
href
news
stories
archives
october
class
side
nav
list
list
item
link
data
drupal
link
system
path
stories
archives
october
october
href
news
stories
archives
november
class
side
nav
list
list
item
link
data
drupal
link
system
path
stories
archives
november
november
href
news
stories
archives
december
class
side
nav
list
list
item
link
data
drupal
link
system
path
stories
archives
december
december
href
news
stories
archives
class
side
nav
list
list
item
link
data
drupal
link
system
path
stories
archives
section
href
news
stories
archives
january
class
side
nav
list
list
item
link
data
drupal
link
system
path
stories
archives
january
january
href
news
stories
archives
february
class
side
nav
list
list
item
link
data
drupal
link
system
path
stories
archives
february
february
href
news
stories
archives
march
class
side
nav
list
list
item
link
data
drupal
link
system
path
stories
archives
march
march
href
news
stories
archives
april
class
side
nav
list
list
item
link
data
drupal
link
system
path
stories
archives
april
april
href
news
stories
archives
may
class
side
nav
list
list
item
link
data
drupal
link
system
path
stories
archives
may
may
href
news
stories
archives
june
class
side
nav
list
list
item
link
data
drupal
link
system
path
stories
archives
june
june
href
news
stories
archives
july
class
side
nav
list
list
item
link
data
drupal
link
system
path
stories
archives
july
july
href
news
stories
archives
august
class
side
nav
list
list
item
link
data
drupal
link
system
path
stories
archives
august
august
href
news
stories
archives
september
class
side
nav
list
list
item
link
data
drupal
link
system
path
stories
archives
september
september
href
news
stories
archives
october
class
side
nav
list
list
item
link
data
drupal
link
system
path
stories
archives
october
october
href
news
stories
archives
november
class
side
nav
list
list
item
link
data
drupal
link
system
path
stories
archives
november
november
href
news
stories
archives
december
class
side
nav
list
list
item
link
data
drupal
link
system
path
stories
archives
december
december
href
news
stories
archives
class
side
nav
list
list
item
link
data
drupal
link
system
path
stories
archives
section
href
news
stories
archives
january
class
side
nav
list
list
item
link
data
drupal
link
system
path
stories
archives
january
january
href
news
stories
archives
february
class
side
nav
list
list
item
link
data
drupal
link
system
path
stories
archives
february
february
href
news
stories
archives
march
class
side
nav
list
list
item
link
data
drupal
link
system
path
stories
archives
march
march
href
news
stories
archives
april
class
side
nav
list
list
item
link
data
drupal
link
system
path
stories
archives
april
april
href
news
stories
archives
may
class
side
nav
list
list
item
link
data
drupal
link
system
path
stories
archives
may
may
href
news
stories
archives
june
class
side
nav
list
list
item
link
data
drupal
link
system
path
stories
archives
june
june
href
news
stories
archives
july
class
side
nav
list
list
item
link
data
drupal
link
system
path
stories
archives
july
july
href
news
stories
archives
august
class
side
nav
list
list
item
link
data
drupal
link
system
path
stories
archives
august
august
href
news
stories
archives
september
class
side
nav
list
list
item
link
data
drupal
link
system
path
stories
archives
september
september
href
news
stories
archives
october
class
side
nav
list
list
item
link
data
drupal
link
system
path
stories
archives
october
october
href
news
stories
archives
november
class
side
nav
list
list
item
link
data
drupal
link
system
path
stories
archives
november
november
href
news
stories
archives
december
class
side
nav
list
list
item
link
data
drupal
link
system
path
stories
archives
december
december
href
news
stories
archives
class
side
nav
list
list
item
link
data
drupal
link
system
path
stories
archives
section
href
news
stories
archives
january
class
side
nav
list
list
item
link
data
drupal
link
system
path
stories
archives
january
january
href
news
stories
archives
february
class
side
nav
list
list
item
link
data
drupal
link
system
path
stories
archives
february
february
href
news
stories
archives
march
class
side
nav
list
list
item
link
data
drupal
link
system
path
stories
archives
march
march
href
news
stories
archives
april
class
side
nav
list
list
item
link
data
drupal
link
system
path
stories
archives
april
april
href
news
stories
archives
may
class
side
nav
list
list
item
link
data
drupal
link
system
path
stories
archives
may
may
href
news
stories
archives
june
class
side
nav
list
list
item
link
data
drupal
link
system
path
stories
archives
june
june
href
news
stories
archives
july
class
side
nav
list
list
item
link
data
drupal
link
system
path
stories
archives
july
july
href
news
stories
archives
august
class
side
nav
list
list
item
link
data
drupal
link
system
path
stories
archives
august
august
href
news
stories
archives
september
class
side
nav
list
list
item
link
data
drupal
link
system
path
stories
archives
september
september
href
news
stories
archives
october
class
side
nav
list
list
item
link
data
drupal
link
system
path
stories
archives
october
october
href
news
stories
archives
november
class
side
nav
list
list
item
link
data
drupal
link
system
path
stories
archives
november
november
href
news
stories
archives
december
class
side
nav
list
list
item
link
data
drupal
link
system
path
stories
archives
december
december
href
news
stories
archives
class
side
nav
list
list
item
link
data
drupal
link
system
path
stories
archives
section
href
news
stories
archives
january
class
side
nav
list
list
item
link
data
drupal
link
system
path
stories
archives
january
january
href
news
stories
archives
february
class
side
nav
list
list
item
link
data
drupal
link
system
path
stories
archives
february
february
href
news
stories
archives
march
class
side
nav
list
list
item
link
data
drupal
link
system
path
stories
archives
march
march
href
news
stories
archives
april
class
side
nav
list
list
item
link
data
drupal
link
system
path
stories
archives
april
april
href
news
stories
archives
may
class
side
nav
list
list
item
link
data
drupal
link
system
path
stories
archives
may
may
href
news
stories
archives
june
class
side
nav
list
list
item
link
data
drupal
link
system
path
stories
archives
june
june
href
news
stories
archives
july
class
side
nav
list
list
item
link
data
drupal
link
system
path
stories
archives
july
july
href
news
stories
archives
august
class
side
nav
list
list
item
link
data
drupal
link
system
path
stories
archives
august
august
href
news
stories
archives
september
class
side
nav
list
list
item
link
data
drupal
link
system
path
stories
archives
september
september
href
news
stories
archives
october
class
side
nav
list
list
item
link
data
drupal
link
system
path
stories
archives
october
october
href
news
stories
archives
november
class
side
nav
list
list
item
link
data
drupal
link
system
path
stories
archives
november
november
href
news
stories
archives
december
class
side
nav
list
list
item
link
data
drupal
link
system
path
stories
archives
december
december
href
news
stories
archives
class
side
nav
list
list
item
link
data
drupal
link
system
path
stories
archives
section
href
news
stories
archives
january
class
side
nav
list
list
item
link
data
drupal
link
system
path
stories
archives
january
january
href
news
stories
archives
february
class
side
nav
list
list
item
link
data
drupal
link
system
path
stories
archives
february
february
href
news
stories
archives
march
class
side
nav
list
list
item
link
data
drupal
link
system
path
stories
archives
march
march
href
news
stories
archives
april
class
side
nav
list
list
item
link
data
drupal
link
system
path
stories
archives
april
april
href
news
stories
archives
may
class
side
nav
list
list
item
link
data
drupal
link
system
path
stories
archives
may
may
href
news
stories
archives
june
class
side
nav
list
list
item
link
data
drupal
link
system
path
stories
archives
june
june
href
news
stories
archives
july
class
side
nav
list
list
item
link
data
drupal
link
system
path
stories
archives
july
july
href
news
stories
archives
august
class
side
nav
list
list
item
link
data
drupal
link
system
path
stories
archives
august
august
href
news
stories
archives
september
class
side
nav
list
list
item
link
data
drupal
link
system
path
stories
archives
september
september
href
news
stories
archives
october
class
side
nav
list
list
item
link
data
drupal
link
system
path
stories
archives
october
october
href
news
stories
archives
november
class
side
nav
list
list
item
link
data
drupal
link
system
path
stories
archives
november
november
href
news
stories
archives
december
class
side
nav
list
list
item
link
data
drupal
link
system
path
stories
archives
december
december
href
news
stories
archives
class
side
nav
list
list
item
link
data
drupal
link
system
path
stories
archives
section
href
news
stories
archives
january
class
side
nav
list
list
item
link
data
drupal
link
system
path
stories
archives
january
january
href
news
stories
archives
february
class
side
nav
list
list
item
link
data
drupal
link
system
path
stories
archives
february
february
href
news
stories
archives
march
class
side
nav
list
list
item
link
data
drupal
link
system
path
stories
archives
march
march
href
news
stories
archives
april
class
side
nav
list
list
item
link
data
drupal
link
system
path
stories
archives
april
april
href
news
stories
archives
may
class
side
nav
list
list
item
link
data
drupal
link
system
path
stories
archives
may
may
href
news
stories
archives
june
class
side
nav
list
list
item
link
data
drupal
link
system
path
stories
archives
june
june
href
news
stories
archives
july
class
side
nav
list
list
item
link
data
drupal
link
system
path
stories
archives
july
july
href
news
stories
archives
august
class
side
nav
list
list
item
link
data
drupal
link
system
path
stories
archives
august
august
href
news
stories
archives
september
class
side
nav
list
list
item
link
data
drupal
link
system
path
stories
archives
september
september
href
news
stories
archives
october
class
side
nav
list
list
item
link
data
drupal
link
system
path
stories
archives
october
october
href
news
stories
archives
november
class
side
nav
list
list
item
link
data
drupal
link
system
path
stories
archives
november
november
href
news
stories
archives
december
class
side
nav
list
list
item
link
data
drupal
link
system
path
stories
archives
december
december
href
news
stories
archives
class
side
nav
list
list
item
link
data
drupal
link
system
path
stories
archives
section
href
news
stories
archives
january
class
side
nav
list
list
item
link
data
drupal
link
system
path
stories
archives
january
january
href
news
stories
archives
february
class
side
nav
list
list
item
link
data
drupal
link
system
path
stories
archives
february
february
href
news
stories
archives
march
class
side
nav
list
list
item
link
data
drupal
link
system
path
stories
archives
march
march
href
news
stories
archives
april
class
side
nav
list
list
item
link
data
drupal
link
system
path
stories
archives
april
april
href
news
stories
archives
may
class
side
nav
list
list
item
link
data
drupal
link
system
path
stories
archives
may
may
href
news
stories
archives
june
class
side
nav
list
list
item
link
data
drupal
link
system
path
stories
archives
june
june
href
news
stories
archives
july
class
side
nav
list
list
item
link
data
drupal
link
system
path
stories
archives
july
july
href
news
stories
archives
august
class
side
nav
list
list
item
link
data
drupal
link
system
path
stories
archives
august
august
href
news
stories
archives
september
class
side
nav
list
list
item
link
data
drupal
link
system
path
stories
archives
september
september
href
news
stories
archives
october
class
side
nav
list
list
item
link
data
drupal
link
system
path
stories
archives
october
october
href
news
stories
archives
november
class
side
nav
list
list
item
link
data
drupal
link
system
path
stories
archives
november
november
href
news
stories
archives
december
class
side
nav
list
list
item
link
data
drupal
link
system
path
stories
archives
december
december
href
news
stories
archives
class
side
nav
list
list
item
link
data
drupal
link
system
path
stories
archives
section
href
news
stories
archives
january
class
side
nav
list
list
item
link
data
drupal
link
system
path
stories
archives
january
january
href
news
stories
archives
february
class
side
nav
list
list
item
link
data
drupal
link
system
path
stories
archives
february
february
href
news
stories
archives
march
class
side
nav
list
list
item
link
data
drupal
link
system
path
stories
archives
march
march
href
news
stories
archives
april
class
side
nav
list
list
item
link
data
drupal
link
system
path
stories
archives
april
april
href
news
stories
archives
may
class
side
nav
list
list
item
link
data
drupal
link
system
path
stories
archives
may
may
href
news
stories
archives
june
class
side
nav
list
list
item
link
data
drupal
link
system
path
stories
archives
june
june
href
news
stories
archives
july
class
side
nav
list
list
item
link
data
drupal
link
system
path
stories
archives
july
july
href
news
stories
archives
august
class
side
nav
list
list
item
link
data
drupal
link
system
path
stories
archives
august
august
href
news
stories
archives
september
class
side
nav
list
list
item
link
data
drupal
link
system
path
stories
archives
september
september
href
news
stories
archives
october
class
side
nav
list
list
item
link
data
drupal
link
system
path
stories
archives
october
october
href
news
stories
archives
november
class
side
nav
list
list
item
link
data
drupal
link
system
path
stories
archives
november
november
href
news
stories
archives
december
class
side
nav
list
list
item
link
data
drupal
link
system
path
stories
archives
december
december
href
news
experts
class
side
nav
list
list
item
link
data
drupal
link
system
path
experts
experts
href
news
media
contacts
class
side
nav
list
list
item
link
data
drupal
link
system
path
node
1
media
contacts
href
news
podcasts
class
side
nav
list
list
item
link
data
drupal
link
system
path
node
podcasts
href
http://www.cmu.edu/piper/
class
side
nav
list
list
item
link
the
piper
campus
amp
community
news
class
sitebranding
container
sitebranding
sitename
link
href
news
news
main
navigation
href
news
stories
class
header
nav
list
list
item
header
nav
list
list
item
first
child
header
nav
list
list
item
link
data
drupal
link
system
path
node
6
stories
href
news
experts
class
header
nav
list
list
item
header
nav
list
list
item
link
data
drupal
link
system
path
experts
experts
href
news
media
contacts
class
header
nav
list
list
item
header
nav
list
list
item
link
data
drupal
link
system
path
node
1
media
contacts
href
news
podcasts
class
header
nav
list
list
item
header
nav
list
list
item
link
data
drupal
link
system
path
node
podcasts
class
breadcrumbs
list
item
link
breadcrumbs
list
item
link
first
child
href
news
news
class
breadcrumbs
list
item
link
href
news
stories
stories
class
breadcrumbs
list
item
link
href
news
stories
archives
archives
class
breadcrumbs
list
item
link
href
news
stories
archives
class
breadcrumbs
list
item
link
href
news
stories
archives
july
july
carnegie
mellon
champion
womens
golf
team
travels
to
white
house
source
srcset
news
sites
default
files
styles
hero
full
width
tablet
1
public
whitehouse
01
jpg
webp
itok
czf
zcvo
1
news
sites
default
files
styles
hero
full
width
tablet
2
public
whitehouse
01
jpg
webp
itok
3
pj
media
max
width
px
and
min
width
px
type
image
webp
width
height
source
srcset
news
sites
default
files
styles
hero
full
width
xl
1
public
whitehouse
01
jpg
webp
itok
2
yc
6
xobt
1
news
sites
default
files
styles
hero
full
width
xl
2
public
whitehouse
01
jpg
webp
itok
vrkzsgh
media
min
width
px
type
image
webp
width
height
source
srcset
news
sites
default
files
styles
hero
full
width
desktop
1
public
whitehouse
01
jpg
webp
itok
dwnlroot
1
news
sites
default
files
styles
hero
full
width
desktop
2
public
whitehouse
01
jpg
webp
itok
yzbbdtyr
2
media
min
width
px
type
image
webp
width
height
source
srcset
news
sites
default
files
styles
hero
full
width
mobile
1
public
whitehouse
01
jpg
webp
itok
8
xuylbqw
1
news
sites
default
files
styles
hero
full
width
mobile
2
public
whitehouse
01
jpg
webp
itok
jk
0
sz
4
gp
2
media
max
width
px
type
image
webp
width
height
source
srcset
news
sites
default
files
styles
hero
full
width
xs
1
public
whitehouse
01
jpg
webp
itok
1
oc
ep
1
news
sites
default
files
styles
hero
full
width
xs
2
public
whitehouse
01
jpg
webp
itok
jif
3
ogbd
2
media
max
width
px
type
image
webp
width
height
img
data
focal
point
center
center
class
hero
media
src
news
sites
default
files
styles
hero
full
width
fallback
public
whitehouse
01
jpg
webp
itok
on
87
unro
width
height
alt
the
cmu
women
golf
team
at
the
white
house
loading
lazy
july
24
carnegie
mellon
champion
womens
golf
team
travels
to
white
house
class
social
share
links
item
link
social
share
links
item
link
facebook
link
new
window
target
blank
onclick
window
open
this
href
mywin
left
20
top
20
width
height
toolbar
1
resizable
0
return
false
href
https://www.facebook.com/sharer.php
https
3
2
2
fwww
cmu
edu
2
fnews
2
fstories
2
farchives
2
fjuly
2
fcarnegie
mellon
champion
womens
golf
team
travels
to
white
house
title
share
on
facebook
share
on
facebook
opens
in
new
window
use
xlink
href
news
themes
cmu
images
sprite
svg
icon
facebook
color
class
social
share
links
item
link
social
share
links
item
link
twitter
link
new
window
target
blank
onclick
window
open
this
href
mywin
left
20
top
20
width
height
toolbar
1
resizable
0
return
false
href
https://x.com/intent/tweet
url
https
3
2
2
fwww
cmu
edu
2
fnews
2
fstories
2
farchives
2
fjuly
2
fcarnegie
mellon
champion
womens
golf
team
travels
to
white
house
amp
text
carnegie
20
mellon
20
champion
20
women
99
20
golf
20
team
20
travels
20
to
20
white
20
house
title
share
on
share
on
opens
in
new
window
use
xlink
href
news
themes
cmu
images
sprite
svg
icon
twitter
color
class
social
share
links
item
link
social
share
links
item
link
linkedin
link
new
window
target
blank
onclick
window
open
this
href
mywin
left
20
top
20
width
height
toolbar
1
resizable
0
return
false
href
https://www.linkedin.com/shareArticle
mini
true
amp
url
https
3
2
2
fwww
cmu
edu
2
fnews
2
fstories
2
farchives
2
fjuly
2
fcarnegie
mellon
champion
womens
golf
team
travels
to
white
house
amp
title
carnegie
20
mellon
20
champion
20
women
99
20
golf
20
team
20
travels
20
to
20
white
20
house
amp
source
https://news.pantheon.cmu.edu/
title
share
on
linkedin
share
on
linkedin
opens
in
new
window
use
xlink
href
news
themes
cmu
images
sprite
svg
icon
linkedin
color
print
this
page
use
xlink
href
news
themes
cmu
images
sprite
svg
icon
printer
share
by
email
use
xlink
href
news
themes
cmu
images
sprite
svg
icon
email
media
inquiries
name
mark
fisher
title
university
athletics
data
mail
to
zjsvfure
ng
naqerj
qbg
pzh
qbg
rqh
target
blank
class
icon
wrapper
href
use
xlink
href
news
themes
cmu
images
sprite
svg
icon
email
email
phone
use
xlink
href
news
themes
cmu
images
sprite
svg
icon
phone
the
carnegie
mellon
university
href
https://athletics.cmu.edu/sports/wgolf/index
target
blank
women
golf
team
opens
in
new
window
took
part
in
the
second
annual
white
house
college
champions
day
celebration
in
the
nation
capital
on
monday
president
joe
biden
and
first
lady
jill
biden
extended
invitations
to
ncaa
teams
from
all
three
divisions
that
won
national
championships
during
the
academic
year
the
event
took
place
on
the
south
lawn
at
the
white
house
with
over
student
athletes
in
attendance
prior
to
the
recognition
the
student
athletes
were
invited
to
white
house
tour
vice
president
kamala
harris
ncaa
senior
vice
president
of
championships
lynda
tealer
and
florida
state
university
women
soccer
player
jordynn
dudley
addressed
the
championship
teams
iframe
width
height
src
https://www.youtube.com/embed/eujVj7dE3_M
si
hwxus
0
cv
9
pewdddf
title
youtube
video
player
frameborder
0
allow
accelerometer
autoplay
clipboard
write
encrypted
media
gyroscope
picture
in
picture
web
share
referrerpolicy
strict
origin
when
cross
origin
allowfullscreen
the
university
athletic
association
uaa
was
well
represented
at
the
event
which
included
carnegie
mellon
women
golf
emory
university
men
swimming
and
diving
new
york
university
women
basketball
university
of
chicago
men
and
women
tennis
and
washington
university
in
st
louis
women
outdoor
track
and
field
this
may
the
cmu
womens
golf
team
href
won
the
first
ncaa
division
iii
championship
for
any
women
program
in
university
history
the
tartans
had
seven
members
of
the
team
present
at
the
white
house
alongside
head
coach
dan
rodgers
and
assistant
coach
jason
li
quot
the
white
house
visit
was
truly
once
in
lifetime
experience
said
li
getting
to
walk
through
the
white
house
and
learn
about
the
place
was
truly
special
really
capped
off
great
season
with
memorable
celebration
quot
rising
sophomore
href
target
blank
nikita
jadhav
opens
in
new
window
praised
the
memorable
experience
quot
feel
incredibly
grateful
to
have
been
invited
to
the
white
house
by
the
president
the
tour
of
the
grounds
and
vice
president
harris
speech
were
both
unforgettable
experiences
that
will
stay
with
me
forever
jadhav
said
it
was
deeply
meaningful
to
see
our
hard
work
as
team
acknowledged
and
to
be
among
such
talented
student
athletes
this
experience
was
the
perfect
end
to
an
amazing
first
year
with
the
best
team
and
coaching
staff
could
ask
for
quot
blockquote
class
instagram
media
style
background
fff
border
radius
3
px
border
0
box
shadow
1
px
0
rgba
5
px
10
px
0
rgba
15
margin
1
px
max
width
px
min
width
px
padding
0
width
calc
2
px
data
instgrm
permalink
https://www.instagram.com/p/C9vU8q3v3ew/
utm
source
ig
embed
amp
utm
campaign
loading
data
instgrm
version
14
style
background
ffffff
line
height
0
padding
text
align
center
text
decoration
none
width
href
https://www.instagram.com/p/C9vU8q3v3ew/
utm
source
ig
embed
amp
utm
campaign
loading
target
blank
svg
width
50
px
height
50
px
viewbox
version
xmlns
xlink
https://www.w3.org/1999/xlink
opens
in
new
window
style
background
ffffff
line
height
0
padding
text
align
center
text
decoration
none
width
href
https://www.instagram.com/p/C9vU8q3v3ew/
utm
source
ig
embed
amp
utm
campaign
loading
target
blank
view
this
post
on
instagram
opens
in
new
window
style
color
cd
font
family
arial
sans
serif
font
size
14
px
font
style
normal
font
weight
normal
line
height
17
px
text
decoration
none
href
https://www.instagram.com/p/C9vU8q3v3ew/
utm
source
ig
embed
amp
utm
campaign
loading
target
blank
post
shared
by
carnegie
mellon
university
carnegiemellon
opens
in
new
window
script
async
src
www
instagram
com
embed
js
related
content
class
link
box
href
news
stories
archives
may
national
champions
womens
golf
wins
first
ncaa
team
title
source
srcset
news
sites
default
files
styles
photo
grid
half
tablet
1
public
cmu
golf
national
champions
jpg
webp
itok
6
szur
news
sites
default
files
styles
photo
grid
half
tablet
2
public
cmu
golf
national
champions
jpg
webp
itok
4
qlyghdm
2
media
max
width
px
and
min
width
px
type
image
webp
width
height
source
srcset
news
sites
default
files
styles
photo
grid
half
desktop
1
public
cmu
golf
national
champions
jpg
webp
itok
wcinkwye
1
news
sites
default
files
styles
photo
grid
half
desktop
2
public
cmu
golf
national
champions
jpg
webp
itok
ai
ggp
2
media
min
width
px
type
image
webp
width
height
source
srcset
news
sites
default
files
styles
photo
grid
half
mobile
1
public
cmu
golf
national
champions
jpg
webp
itok
dfkmth
9
1
news
sites
default
files
styles
photo
grid
half
mobile
2
public
cmu
golf
national
champions
jpg
webp
itok
7
jb
9
ncr
2
media
max
width
px
type
image
webp
width
height
source
srcset
news
sites
default
files
styles
photo
grid
half
xs
1
public
cmu
golf
national
champions
jpg
webp
itok
uaej
5
ggw
1
news
sites
default
files
styles
photo
grid
half
xs
2
public
cmu
golf
national
champions
jpg
webp
itok
4
kg
0
ia
2
media
max
width
px
type
image
webp
width
height
img
data
focal
point
center
center
src
news
sites
default
files
styles
photo
grid
half
fallback
public
cmu
golf
national
champions
jpg
webp
itok
tu
4
width
height
alt
the
cmu
women
golf
team
with
their
championship
trophy
loading
lazy
national
champions
womens
golf
wins
first
ncaa
team
title
class
link
box
href
news
stories
archives
may
mens
golf
national
runner
up
at
ncaa
championships
source
srcset
news
sites
default
files
styles
photo
grid
half
tablet
1
public
cmu
golf
national
runner
up
jpg
webp
itok
qovpnksn
1
news
sites
default
files
styles
photo
grid
half
tablet
2
public
cmu
golf
national
runner
up
jpg
webp
itok
1
fc
7
amp
2
media
max
width
px
and
min
width
px
type
image
webp
width
height
source
srcset
news
sites
default
files
styles
photo
grid
half
desktop
1
public
cmu
golf
national
runner
up
jpg
webp
itok
ld
0
iyh
1
news
sites
default
files
styles
photo
grid
half
desktop
2
public
cmu
golf
national
runner
up
jpg
webp
itok
jko
28
cdt
2
media
min
width
px
type
image
webp
width
height
source
srcset
news
sites
default
files
styles
photo
grid
half
mobile
1
public
cmu
golf
national
runner
up
jpg
webp
itok
0
puz
5
1
news
sites
default
files
styles
photo
grid
half
mobile
2
public
cmu
golf
national
runner
up
jpg
webp
itok
jl
4
ecv
media
max
width
px
type
image
webp
width
height
source
srcset
news
sites
default
files
styles
photo
grid
half
xs
1
public
cmu
golf
national
runner
up
jpg
webp
itok
ru
9
nzodm
1
news
sites
default
files
styles
photo
grid
half
xs
2
public
cmu
golf
national
runner
up
jpg
webp
itok
0
hjsiyoo
2
media
max
width
px
type
image
webp
width
height
img
data
focal
point
center
center
src
news
sites
default
files
styles
photo
grid
half
fallback
public
cmu
golf
national
runner
up
jpg
webp
itok
6
warwxzm
width
height
alt
team
photo
loading
lazy
men
golf
national
runner
up
at
ncaa
championships
class
link
box
href
news
stories
archives
may
national
champions
mens
golf
wins
the
first
ncaa
team
title
in
cmu
athletics
history
source
srcset
news
sites
default
files
styles
photo
grid
half
tablet
1
public
golf
champions
min
jpg
webp
itok
ehevo
1
th
1
news
sites
default
files
styles
photo
grid
half
tablet
2
public
golf
champions
min
jpg
webp
itok
ohydwlrp
2
media
max
width
px
and
min
width
px
type
image
webp
width
height
source
srcset
news
sites
default
files
styles
photo
grid
half
desktop
1
public
golf
champions
min
jpg
webp
itok
4
df
5
sqww
1
news
sites
default
files
styles
photo
grid
half
desktop
2
public
golf
champions
min
jpg
webp
itok
tvctcxpq
2
media
min
width
px
type
image
webp
width
height
source
srcset
news
sites
default
files
styles
photo
grid
half
mobile
1
public
golf
champions
min
jpg
webp
itok
zpwx
1
news
sites
default
files
styles
photo
grid
half
mobile
2
public
golf
champions
min
jpg
webp
itok
ecf
8
pto
media
max
width
px
type
image
webp
width
height
source
srcset
news
sites
default
files
styles
photo
grid
half
xs
1
public
golf
champions
min
jpg
webp
itok
fnylc
gb
1
news
sites
default
files
styles
photo
grid
half
xs
2
public
golf
champions
min
jpg
webp
itok
3
ch
6
hfgv
2
media
max
width
px
type
image
webp
width
height
img
data
focal
point
center
center
src
news
sites
default
files
styles
photo
grid
half
fallback
public
golf
champions
min
jpg
webp
itok
lxq
6
gdls
width
height
alt
cmu
men
golf
team
loading
lazy
national
champions
mens
golf
wins
the
first
ncaa
team
title
in
cmu
athletics
history
iframe
style
display
none
visibility
hidden
height
0
src
https://www.googletagmanager.com/ns.html
id
gtm
jq
width
0
class
link
list
item
link
link
new
window
href
http://www.cmu.edu/piper/
target
quot
blank
quot
the
piper
campus
amp
community
news
opens
in
new
window
class
link
list
item
link
link
new
window
href
https://events.cmu.edu/
target
quot
blank
quot
official
events
calendar
opens
in
new
window
forbes
avenue
pittsburgh
pa
href
https://www.cmu.edu/
carnegie
mellon
university
href
https://www.cmu.edu/legal/
target
blank
legal
info
class
social
media
item
link
href
https://www.facebook.com/carnegiemellonu
target
blank
facebook
opens
in
new
window
use
xlink
href
news
themes
cmu
images
sprite
svg
icon
facebook
class
social
media
item
link
href
https://www.twitter.com/carnegiemellon
target
blank
twitter
opens
in
new
window
use
xlink
href
news
themes
cmu
images
sprite
svg
icon
twitter
class
social
media
item
link
href
https://www.linkedin.com/edu/school
id
target
blank
linkedin
opens
in
new
window
use
xlink
href
news
themes
cmu
images
sprite
svg
icon
linkedin
class
social
media
item
link
href
https://www.youtube.com/cmu
target
blank
youtube
opens
in
new
window
use
xlink
href
news
themes
cmu
images
sprite
svg
icon
youtube
class
social
media
item
link
href
https://www.cmu.edu/news/feeds/news.rss
target
blank
rss
opens
in
new
window
use
xlink
href
news
themes
cmu
images
sprite
svg
icon
rss
class
social
media
item
link
href
https://www.instagram.com/carnegiemellon/
target
blank
instagram
opens
in
new
window
use
xlink
href
news
themes
cmu
images
sprite
svg
icon
instagram
class
social
media
item
link
href
https://www.cmu.edu/social-media/
target
blank
more
opens
in
new
window
use
xlink
href
news
themes
cmu
images
sprite
svg
icon
more
window
datalayer
window
datalayer
window
datalayer
push
language
en
country
us
sitetitle
news
entityfield
byline
entitycreated
entitylangcode
en
entitystatus
1
entityuid
18
entityuuid
5
dcbfc
ce
ba
48
aed
0
afb
9
entityvid
entitytype
node
entitybundle
article
entityid
entitytitle
carnegie
mellon
champion
womens
golf
team
travels
to
white
house
entitytaxonomy
cmu
categories
28
students
sitename
news
siteid
news
sitetheme
cmu
environment
live
cms
drupal
cmsversion
6
publicationdate
24
pagetype
article
cmu
categories
students
script
type
application
json
data
drupal
selector
drupal
settings
json
path
baseurl
pathprefix
currentpath
node
currentpathisadmin
false
isfront
false
currentlanguage
en
pluraldelimiter
suppressdeprecationerrors
true
datalayer
defaultlang
en
languages
en
id
en
name
english
direction
ltr
weight
0
user
uid
0
permissionshash
aa
9
fd
56
ea
fa
script
src
news
core
misc
drupalsettingsloader
js
6
script
src
news
core
misc
drupal
js
6
script
src
news
core
misc
drupal
init
js
6
script
src
script
src
news
modules
custom
cmu
datalayer
js
cmu
datalayer
js
1
script
src
news
modules
contrib
datalayer
js
datalayer
js
1
script
src
news
themes
cmu
dist
js
main
js
1
script
src
news
modules
contrib
obfuscate
email
js
obfuscate
email
js
6
scroll
to
top
