doctype
html
if
iemobile
7
endif
if
lte
ie
6
endif
if
ie
7
iemobile
endif
if
ie
8
endif
if
gte
ie
9
gt
iemobile
7
html
lang
en
dir
ltr
xmlns
og
http://ogp.me/ns
endif
meta
http
equiv
content
type
content
text
html
charset
utf
8
link
rel
shortcut
icon
href
type
image
vnd
microsoft
icon
link
href
https://www.colorado.edu/feed/rss.xml
rel
alternate
meta
http
equiv
ua
compatible
content
ie
edge
script
type
text
javascript
window
nreum
nreum
init
privacy
cookies
enabled
true
ajax
deny
list
bam
nr
data
net
distributed
tracing
enabled
true
window
nreum
nreum
loader
config
agentid
accountid
trustkey
xpid
vwiaufrscrafvfbwbwgfuvq
licensekey
nrjs
ba
44
ad
85
be
applicationid
for
license
information
please
see
nr
loader
spa
0
min
js
license
txt
var
use
strict
0
gd
vp
oc
fr
jd
hr
xn
1
an
var
const
beacon
nt
beacon
errorbeacon
nt
errorbeacon
licensekey
void
0
applicationid
void
0
sa
void
0
queuetime
void
0
applicationtime
void
0
ttguid
void
0
user
void
0
account
void
0
product
void
0
extra
void
0
jsattributes
userattributes
void
0
atts
void
0
transactionname
void
0
tnameplain
void
0
function
if
throw
new
error
all
info
objects
require
an
agent
identifier
if
throw
new
error
info
for
concat
was
never
set
return
function
if
throw
new
error
all
info
objects
require
an
agent
identifier
0
const
0
ny
info
var
const
if
string
typeof
return
1
try
document
createdocumentfragment
queryselector
catch
return
1
return
0
var
const
data
nr
mask
const
mask
selector
block
selector
data
nr
block
mask
input
options
color
1
date
1
datetime
local
1
email
1
month
1
number
1
range
1
search
1
tel
1
text
1
time
1
url
1
week
1
textarea
1
select
1
password
0
return
ajax
deny
list
void
0
block
internal
0
enabled
0
harvesttimeseconds
10
autostart
0
distributed
tracing
enabled
void
0
exclude
newrelic
header
void
0
cors
use
newrelic
header
void
0
cors
use
tracecontext
headers
void
0
allowed
origins
void
0
feature
flags
generic
events
enabled
0
harvesttimeseconds
30
autostart
0
harvest
toomanyrequestsdelay
60
jserrors
enabled
0
harvesttimeseconds
10
autostart
0
logging
enabled
0
harvesttimeseconds
10
autostart
0
level
info
metrics
enabled
0
autostart
0
obfuscate
void
0
page
action
enabled
0
page
view
event
enabled
0
autostart
0
page
view
timing
enabled
0
harvesttimeseconds
30
long
task
1
autostart
0
privacy
cookies
enabled
0
proxy
assets
void
0
beacon
void
0
session
expiresms
wk
inactivems
bb
session
replay
autostart
0
enabled
1
harvesttimeseconds
60
preload
1
sampling
rate
10
error
sampling
rate
collect
fonts
1
inline
images
1
inline
stylesheet
0
fix
stylesheets
0
mask
all
inputs
0
get
mask
text
selector
return
mask
selector
set
mask
text
selector
mask
selector
concat
concat
null
mask
selector
0
5
get
block
class
return
nr
block
get
ignore
class
return
nr
ignore
get
mask
text
class
return
nr
mask
get
block
selector
return
block
selector
set
block
selector
block
selector
concat
0
6
get
mask
input
options
return
mask
input
options
set
mask
input
options
object
typeof
mask
input
options
password
0
0
7
session
trace
enabled
0
harvesttimeseconds
10
autostart
0
soft
navigations
enabled
0
harvesttimeseconds
10
autostart
0
spa
enabled
0
harvesttimeseconds
10
autostart
0
ssl
void
0
all
configuration
objects
require
an
agent
identifier
function
if
throw
new
error
if
throw
new
error
configuration
for
concat
was
never
set
return
function
if
throw
new
error
0
const
0
ny
init
function
if
throw
new
error
var
if
for
var
split
0
use
strict
var
function
try
if
object
typeof
return
0
3
if
object
typeof
return
0
4
const
object
create
object
getprototypeof
object
getownpropertydescriptors
0
object
keys
length
for
let
in
if
void
0
try
if
null
null
continue
array
isarray
array
isarray
array
from
new
set
object
typeof
object
typeof
catch
0
1
return
catch
0
2
use
strict
3
xs
yq
xv
const
0
prod
cdn
0
alpha
12
use
strict
4
of
ri
vr
wn
bv
gm
lr
mw
sb
var
const
undefined
typeof
window
window
document
undefined
typeof
workerglobalscope
undefined
typeof
self
self
instanceof
workerglobalscope
self
navigator
instanceof
workernavigator
undefined
typeof
globalthis
globalthis
instanceof
workerglobalscope
globalthis
navigator
instanceof
workernavigator
window
undefined
typeof
workerglobalscope
undefined
typeof
self
self
instanceof
workerglobalscope
self
undefined
typeof
globalthis
globalthis
instanceof
workerglobalscope
globalthis
complete
document
readystate
boolean
hidden
document
visibilitystate
location
ipad
iphone
ipod
test
navigator
useragent
undefined
typeof
sharedworker
const
navigator
useragent
match
firefox
return
array
isarray
length
2
1
0
navigator
sendbeacon
date
now
0
use
strict
var
const
agentidentifier
ee
void
0
class
constructor
try
if
object
typeof
return
0
8
this
sharedcontext
object
assign
this
sharedcontext
object
entries
foreach
let
object
keys
includes
this
sharedcontext
catch
0
9
use
strict
xv
gx
iw
var
function
if
return
1
if
0
length
return
0
for
var
0
length
var
if
hostname
return
1
if
hostname
hostname
pathname
pathname
return
1
return
0
function
return
void
0
hostname
function
if
length
for
var
0
length
let
if
continue
0
indexof
http
substring
7
0
indexof
https
substring
8
const
indexof
let
0
substring
0
substring
let
split
push
hostname
pathname
function
return
length
length
indexof
length
length
function
return
0
indexof
substring
1
0
indexof
substring
1
use
strict
ak
ze
3
var
const
function
const
staged
1
priority
0
get
set
function
get
delete
1
size
function
if
throw
new
error
agentidentifier
required
new
map
function
let
arguments
length
0
void
0
arguments
0
arguments
0
arguments
length
1
void
0
arguments
1
arguments
1
feature
arguments
length
2
void
0
arguments
2
arguments
2
if
get
return
get
staged
0
function
const
array
from
every
let
return
staged
sort
1
priority
1
priority
foreach
let
delete
function
let
arguments
length
2
void
0
arguments
2
arguments
2
const
ee
get
ee
handlers
if
aborted
backlog
if
const
backlog
if
for
let
0
let
object
values
foreach
0
on
1
isolatedbacklog
delete
backlog
null
emit
drain
function
var
1
object
values
foreach
var
0
if
0
var
1
3
2
apply
use
strict
ee
var
const
nr
context
concat
function
var
1
try
16
length
0
fr
isolatedbacklog
catch
var
on
addeventlistener
removeeventlistener
function
var
if
return
for
var
0
let
in
abort
function
aborted
0
object
keys
backlog
foreach
delete
backlog
isbuffering
function
return
debugid
backlog
object
typeof
backlog
backlog
isolatedbacklog
return
object
defineproperty
aborted
get
let
aborted
1
return
aborted
function
return
instanceof
0
new
new
function
concat
function
return
function
return
function
return
backlog
void
0
globalee
0
zm
ee
ee
use
strict
class
constructor
this
contextid
use
strict
var
ee
get
handle
function
buffer
emit
buffer
emit
use
strict
var
on
var
handlers
function
function
feature
var
push
use
strict
dd
jt
sp
var
let
1
1
try
const
get
passive
return
0
1
get
signal
return
0
1
gm
addeventlistener
test
null
gm
removeeventlistener
test
null
catch
function
return
capture
passive
signal
function
let
arguments
length
2
void
0
arguments
2
arguments
2
arguments
length
3
arguments
3
void
0
window
addeventlistener
function
let
arguments
length
2
void
0
arguments
2
arguments
2
arguments
length
3
arguments
3
void
0
document
addeventlistener
use
strict
const
0
bz
use
strict
la
zf
bz
el
var
const
xxxxxxxx
xxxx
4
xxx
yxxx
xxxxxxxxxxxx
function
return
15
16
math
random
0
function
const
gm
crypto
gm
mscrypto
let
0
return
getrandomvalues
getrandomvalues
new
uint
8
array
30
split
map
tostring
16
3
8
tostring
16
join
function
const
gm
crypto
gm
mscrypto
let
0
getrandomvalues
getrandomvalues
new
uint
8
array
const
for
var
0
use
strict
bb
3
il
ts
uh
wk
const
nrba
session
started
session
started
pause
session
pause
reset
session
reset
resume
session
resume
update
session
update
same
tab
same
tab
cross
tab
cross
tab
off
0
full
1
error
2
use
strict
function
return
math
floor
performance
now
use
strict
var
function
if
0
indexof
data
return
protocol
data
try
const
new
url
location
href
port
port
hostname
hostname
pathname
pathname
search
search
protocol
protocol
slice
0
protocol
indexof
sameorigin
protocol
gm
location
protocol
host
gm
location
host
return
port
port
http
protocol
port
80
https
protocol
port
pathname
pathname
pathname
startswith
pathname
concat
pathname
pathname
catch
return
use
strict
function
function
typeof
console
debug
console
debug
new
relic
warning
concat
use
strict
var
const
newrelic
const
new
set
function
const
ee
get
object
typeof
has
emit
rumresp
add
function
let
arguments
length
0
void
0
arguments
0
arguments
0
try
gm
dispatchevent
new
customevent
detail
catch
loaded
0
use
strict
var
object
prototype
hasownproperty
function
if
call
return
var
if
object
defineproperty
object
keys
try
return
object
defineproperty
value
writable
0
enumerable
1
catch
return
use
strict
function
var
this
let
arguments
length
1
void
0
arguments
1
arguments
1
arguments
length
2
void
0
arguments
2
arguments
2
const
leading
1
let
return
function
for
var
arguments
length
new
array
0
cleartimeout
cleartimeout
settimeout
apply
function
var
this
let
1
return
function
if
0
for
var
arguments
length
new
array
0
use
strict
var
const
const
new
weakset
return
if
object
typeof
null
if
has
return
add
return
function
try
return
json
stringify
catch
try
ee
emit
internal
error
catch
use
strict
gg
sb
var
function
return
undefined
typeof
document
complete
document
readystate
function
if
return
0
sp
load
function
if
return
0
dd
domcontentloaded
use
strict
nt
us
zm
bq
dv
ny
pv
var
const
beacon
bam
nr
data
net
errorbeacon
bam
nr
data
net
function
return
gm
nreum
gm
nreum
void
0
gm
newrelic
gm
newrelic
gm
nreum
gm
nreum
function
let
return
st
gm
settimeout
si
gm
setimmediate
ct
gm
cleartimeout
xhr
gm
xmlhttprequest
req
gm
request
ev
gm
event
pr
gm
promise
mo
gm
mutationobserver
fetch
gm
fetch
function
let
initializedagents
initializedat
ms
0
date
new
date
initializedagents
function
let
return
initializedagents
function
function
return
function
let
const
info
info
beacon
beacon
errorbeacon
errorbeacon
function
let
const
init
init
function
let
const
loader
config
loader
config
use
strict
var
function
let
arguments
length
1
void
0
arguments
1
arguments
1
arguments
length
2
arguments
2
void
0
arguments
length
3
arguments
3
void
0
0
dd
visibilitychange
function
if
return
void
hidden
document
visibilitystate
document
visibilitystate
use
strict
um
nz
vc
ri
ak
8
mo
bx
var
const
gm
xmlhttprequest
addeventlistener
removeeventlistener
nr
wrapped
concat
function
var
function
return
ee
get
events
if
debugid
return
debugid
1
var
0
ym
0
function
inplace
function
return
1
return
getprototypeof
in
object
ri
document
gm
prototype
on
start
function
var
1
if
null
function
typeof
object
typeof
var
0
function
var
object
function
if
function
typeof
handleevent
return
return
handleevent
apply
arguments
function
typeof
return
fn
null
name
anonymous
this
wrapped
1
on
start
function
1
this
wrapped
1
function
let
for
object
typeof
object
prototype
hasownproperty
call
object
getprototypeof
for
var
arguments
length
new
array
2
2
gm
fetch
on
end
function
var
this
if
var
headers
get
content
length
null
rxsize
emit
done
null
else
emit
done
const
pushstate
replacestate
function
const
function
return
ee
get
history
return
ri
debugid
debugid
1
0
ym
inplace
window
history
var
const
appendchild
insertbefore
replacechild
function
const
function
return
ee
get
jsonp
if
ri
debugid
return
debugid
0
var
0
ym
callback
cb
function
if
return
const
match
1
return
3
return
inplace
node
prototype
dom
on
dom
start
function
function
if
string
typeof
nodename
script
nodename
tolowercase
return
if
function
typeof
addeventlistener
return
var
src
match
1
null
var
if
return
var
function
var
match
if
length
3
return
key
2
parent
1
window
return
key
parent
window
if
function
typeof
parent
key
return
var
function
emit
jsonp
end
removeeventlistener
load
0
jt
1
removeeventlistener
error
0
jt
1
function
emit
jsonp
error
emit
jsonp
end
removeeventlistener
load
0
jt
1
removeeventlistener
error
0
jt
1
inplace
parent
key
cb
addeventlistener
load
0
jt
1
addeventlistener
error
0
jt
1
emit
new
jsonp
src
0
const
function
const
function
return
ee
get
mutation
if
ri
debugid
return
debugid
0
var
0
ym
gm
mutationobserver
return
window
mutationobserver
function
return
this
instanceof
new
fn
apply
this
arguments
mutationobserver
prototype
prototype
const
function
const
function
return
ee
get
promise
if
debugid
return
debugid
0
var
context
0
ym
gm
promise
return
function
function
var
context
executor
null
1
const
reflect
construct
return
context
getctx
function
return
gm
promise
object
defineproperty
name
value
promise
tostring
function
return
tostring
object
setprototypeof
all
race
foreach
function
const
function
let
1
foreach
this
resolve
then
all
1
const
apply
this
arguments
return
function
return
function
emit
propagate
null
1
1
resolve
reject
foreach
function
const
function
const
apply
this
arguments
return
emit
propagate
0
1
1
prototype
prototype
const
prototype
then
prototype
then
function
var
this
promise
for
var
arguments
length
new
array
0
3
resolved
resolved
0
emit
xhr
resolved
inplace
fn
0
jt
1
catch
0
15
try
emit
internal
error
catch
var
return
function
inplace
onreadystatechange
fn
if
function
for
var
in
prototype
prototype
inplace
prototype
xhr
on
send
xhr
start
function
function
push
then
data
on
open
xhr
start
var
resolve
if
var
1
document
createtextnode
new
observe
characterdata
0
else
on
fn
end
function
0
0
type
function
for
var
0
use
strict
jt
ym
var
const
nr
original
concat
var
object
prototype
hasownproperty
1
function
return
ee
inplace
function
const
charat
0
for
let
0
use
strict
const
ajax
use
strict
const
genericevents
use
strict
const
jserrors
use
strict
et
it
tz
var
const
error
error
warn
warn
info
info
debug
debug
trace
trace
log
logging
use
strict
var
function
let
arguments
length
2
void
0
arguments
2
arguments
2
arguments
length
3
void
0
arguments
3
arguments
3
info
0
xv
api
logging
concat
tolowercase
called
void
0
metrics
0
et
0
void
0
logging
function
return
string
typeof
object
values
some
use
strict
tz
xg
rs
xv
const
metrics
sm
cm
storesupportabilitymetrics
storeeventmetrics
use
strict
const
pageviewevent
use
strict
const
pageviewtiming
use
strict
bb
4
it
no
qb
tz
ug
bc
yp
var
const
sessionreplay
record
recordreplay
pause
pausereplay
replay
running
replayrunning
error
during
replay
errorduringreplay
12
domcontentloaded
0
load
1
fullsnapshot
2
incrementalsnapshot
3
meta
4
custom
5
error
full
off
0
reset
message
session
was
reset
sm
reset
import
message
recorder
failed
to
import
sm
import
too
many
message
too
many
requests
sm
too
many
too
big
message
payload
was
too
large
sm
too
big
cross
tab
message
session
entity
was
set
to
off
on
another
tab
sm
cross
tab
entitlements
message
session
replay
is
not
allowed
and
will
not
be
started
sm
entitlement
api
api
use
strict
aw
ct
sr
var
function
return
hr
mo
0
0
0
gd
session
trace
enabled
function
return
0
0
gd
session
replay
preload
function
const
correctabsolutetimestamp
return
originaltimestamp
correctedtimestamp
timestampdiff
origintime
wn
correctedorigintime
correctedorigintime
origintimediff
math
floor
wn
correctedorigintime
use
strict
he
kp
lc
rz
tz
bd
3
jx
up
const
sessiontrace
bstresource
resource
start
end
fn
fn
pushstate
use
strict
am
2
qu
tz
ih
tc
var
const
click
keydown
submit
api
softnav
initial
page
load
route
change
1
unspecified
2
interaction
1
ajax
2
custom
end
3
custom
tracer
4
ip
in
progress
fin
finished
can
cancelled
use
strict
br
kp
3
lc
nc
sg
tz
6
ut
3
dt
5
gx
9
ow
op
rw
th
up
ww
xq
var
const
spa
click
submit
keypress
keydown
keyup
change
fn
start
fn
end
cb
start
api
ixn
remaining
interaction
spanode
jsonpnode
fetch
start
fetch
done
fetch
body
jsonp
end
hr
st
start
end
body
cb
jstime
fetch
use
strict
var
class
constructor
this
agentidentifier
this
aggregator
this
ee
ee
get
this
featurename
this
blocked
1
use
strict
var
const
ri
0
0
gd
privacy
cookies
enabled
use
strict
var
const
seterrorhandler
finished
addtotrace
addrelease
addpageaction
setcurrentroutename
setpageviewname
setcustomattribute
interaction
noticeerror
setuserid
setapplicationversion
start
4
record
4
pause
log
wraplogger
seterrorhandler
finished
addtotrace
addrelease
var
function
if
object
typeof
string
typeof
function
typeof
return
0
29
const
function
return
ee
get
logger
0
ym
new
return
level
level
customattributes
customattributes
inplace
wrap
logger
function
const
0
pv
foreach
function
for
var
arguments
length
new
array
0
1
1
api
exposed
api
push
api
0
38
length
1
0
const
var
const
const
startswith
http
https
let
1
function
let
arguments
length
1
void
0
arguments
1
arguments
1
arguments
length
2
arguments
2
void
0
arguments
length
3
arguments
3
void
0
init
info
loader
config
runtime
exposed
0
loadertype
const
0
pv
init
info
loader
config
0
xn
agentidentifier
0
an
agentidentifier
jsattributes
bv
jsattributes
isworker
0
0
1
agentidentifier
const
0
0
agentidentifier
beacon
errorbeacon
proxy
assets
proxy
assets
push
proxy
assets
proxy
beacon
push
proxy
beacon
0
us
activatedfeatures
runsoftnavoverspa
0
soft
navigations
enabled
feature
flags
includes
soft
nav
denylist
ajax
deny
list
ajax
block
internal
ptid
agentidentifier
0
agentidentifier
ee
ee
get
agentidentifier
void
0
api
api
function
let
arguments
length
2
void
0
arguments
2
arguments
2
0
ak
api
const
var
ee
get
get
tracer
off
on
4
replay
running
var
api
ixn
function
const
0
vp
return
null
delete
jsattributes
0
1
jsattributes
jsattributes
0
null
session
void
0
function
log
function
let
customattributes
level
info
arguments
length
1
void
0
arguments
1
arguments
1
0
xv
api
log
called
void
0
metrics
0
wraplogger
function
let
customattributes
level
info
arguments
length
2
void
0
arguments
2
arguments
2
0
xv
api
wraplogger
called
void
0
metrics
customattributes
level
foreach
0
api
addpageaction
addpageaction
0
genericevents
setpageviewname
function
if
string
typeof
return
charat
0
0
fr
customtransaction
http://custom.transa
ction
setpageviewname
0
setcustomattribute
function
let
arguments
length
2
void
0
arguments
2
arguments
2
if
string
typeof
if
string
number
boolean
includes
typeof
null
return
setcustomattribute
0
40
typeof
else
0
39
typeof
setuserid
function
if
string
typeof
null
return
enduser
id
setuserid
0
0
41
typeof
setapplicationversion
function
if
string
typeof
null
return
application
version
setapplicationversion
1
0
42
typeof
start
try
0
xv
api
start
called
void
0
metrics
emit
manual
start
all
catch
0
23
4
record
function
0
xv
api
recordreplay
called
void
0
metrics
0
4
record
void
0
sessionreplay
4
pause
function
0
xv
api
pausereplay
called
void
0
metrics
0
4
pause
void
0
sessionreplay
interaction
function
return
new
get
object
typeof
const
prototype
createtracer
function
var
this
function
typeof
return
0
xv
api
createtracer
called
void
0
metrics
0
tracer
0
spa
function
if
emit
no
fn
start
0
try
return
apply
this
arguments
catch
const
string
typeof
new
error
throw
emit
fn
err
arguments
this
finally
emit
fn
end
0
function
return
function
return
0
xv
api
called
void
0
metrics
0
0
arguments
null
this
void
0
this
function
then
bind
then
let
setapi
0
ze
api
catch
0
27
abort
return
actiontext
setname
setattribute
save
ignore
onend
getcontext
end
get
foreach
void
0
softnav
spa
setcurrentroutename
routename
void
0
softnav
routename
0
spa
noticeerror
function
string
typeof
new
error
0
xv
api
noticeerror
called
void
0
metrics
0
err
0
1
void
0
jserrors
ri
0
gg
0
agentidentifier
runsoftnavoverspa
void
0
exposed
exposed
0
nc
try
return
document
currentscript
nonce
catch
return
use
strict
const
ajax
ajax
genericevents
generic
events
jserrors
jserrors
logging
logging
metrics
metrics
pageaction
page
action
pageviewevent
page
view
event
pageviewtiming
page
view
timing
sessionreplay
session
replay
sessiontrace
session
trace
softnav
soft
navigations
spa
spa
pageviewevent
1
pageviewtiming
2
metrics
3
jserrors
4
spa
5
ajax
6
sessiontrace
7
softnav
8
sessionreplay
9
logging
10
genericevents
11
function
var
if
void
0
return
exports
var
exports
return
exports
exports
for
var
in
object
defineproperty
enumerable
0
get
promise
all
object
keys
reduce
nr
spa
compressor
nr
spa
recorder
nr
spa
0
min
js
object
prototype
hasownproperty
call
nrba
0
prod
if
push
else
var
if
void
0
for
var
document
getelementsbytagname
script
0
length
var
if
getattribute
src
getattribute
data
webpack
break
if
0
var
sha
mcvw
1
bghjjuf
5
ggs
4
weno
1
ejq
ulon
07
rdcn
8
bh
ightajz
38
frfpc
9
dw
3
pfkj
2
ukysbuvqehjyvhcithg
sha
qyifk
5
emr
yitszcfvk
9
upxp
9
dvxrvly
9
qis
5
puivokkb
5
skvpypnw
7
sekxp
8
tzyy
2
dlplmqhxwcz
2
cg
sha
pdn
6
ws
kxhra
2
vqozgapgomyeatbthjfygcbu
9
pt
7
mur
6
schztqs
6
bcrsdnophpjo
kutmqb
2
wknzmdia
document
createelement
script
charset
utf
8
timeout
nc
setattribute
nonce
nc
setattribute
data
webpack
src
0
src
indexof
window
location
origin
crossorigin
anonymous
integrity
var
onerror
onload
null
cleartimeout
var
if
delete
parentnode
parentnode
removechild
foreach
return
settimeout
bind
null
void
0
type
timeout
target
onerror
bind
null
onerror
onload
bind
null
onload
document
head
appendchild
undefined
typeof
symbol
symbol
tostringtag
object
defineproperty
symbol
tostringtag
value
module
object
defineproperty
esmodule
value
0
https://js-agent.newrelic.com/
var
var
void
0
if
0
if
push
2
else
var
new
promise
push
2
var
new
error
if
0
void
0
var
load
type
missing
type
target
target
src
message
loading
chunk
failed
name
chunkloaderror
type
request
1
chunk
var
var
0
if
some
0
for
in
if
for
use
strict
var
class
agentidentifier
constructor
let
arguments
length
0
void
0
arguments
0
arguments
0
0
la
16
this
agentidentifier
for
var
arguments
length
new
array
1
1
function
return
0
0
gd
concat
enabled
var
var
class
extends
constructor
let
arguments
length
3
void
0
arguments
3
arguments
3
super
this
auto
this
aborthandler
void
0
this
feataggregate
void
0
this
onaggregateimported
void
0
1
0
gd
this
agentidentifier
concat
this
featurename
autostart
this
auto
1
this
auto
0
ak
this
ee
on
manual
start
all
0
0
ak
this
agentidentifier
this
featurename
this
auto
0
this
importaggregator
importaggregator
let
arguments
length
0
void
0
arguments
0
arguments
0
if
this
feataggregate
this
auto
return
this
onaggregateimported
new
promise
const
async
let
try
if
0
this
agentidentifier
const
setupagentsession
await
then
bind
this
agentidentifier
catch
0
20
this
ee
emit
internal
error
this
featurename
sessionreplay
this
aborthandler
try
if
this
this
featurename
return
0
ze
this
agentidentifier
this
featurename
void
1
const
lazyfeatureloader
await
then
bind
aggregate
await
this
featurename
aggregate
this
feataggregate
new
this
agentidentifier
this
aggregator
0
catch
0
34
this
aborthandler
0
ze
this
agentidentifier
this
featurename
0
1
this
ee
this
ee
abort
ri
0
gg
0
switch
case
sessionreplay
return
0
sr
this
agentidentifier
case
sessiontrace
return
default
return
0
var
class
extends
static
featurename
constructor
let
arguments
length
2
void
0
arguments
2
arguments
2
super
this
importaggregator
var
class
extends
constructor
super
this
aggregateddata
store
var
this
getbucket
return
metrics
function
count
0
return
count
1
object
entries
foreach
let
metrics
merge
var
this
getbucket
if
metrics
var
metrics
count
count
object
keys
foreach
if
count
var
function
if
return
return
min
math
min
min
min
max
math
max
max
max
sos
sos
else
metrics
storemetric
var
this
getbucket
return
stats
stats
getbucket
this
aggregateddata
this
aggregateddata
var
this
aggregateddata
return
this
aggregateddata
params
custom
get
return
this
aggregateddata
this
aggregateddata
this
aggregateddata
take
for
var
1
0
max
max
constructor
let
arguments
length
2
void
0
arguments
2
arguments
2
super
ri
0
0
dochidden
0
void
0
this
ee
0
0
sp
pagehide
0
winpagehide
0
void
0
this
ee
this
importaggregator
var
class
extends
static
featurename
tz
constructor
let
arguments
length
2
void
0
arguments
2
arguments
2
super
tz
this
importaggregator
var
class
constructor
this
name
uncaughterror
this
message
string
typeof
0
this
sourceurl
this
line
this
column
this
newrelic
function
return
new
void
0
message
message
filename
sourceurl
lineno
line
colno
col
newrelic
function
let
unhandled
promise
rejection
if
reason
try
return
reason
message
reason
message
reason
catch
return
reason
if
void
0
reason
return
const
reason
return
message
message
function
if
error
instanceof
syntaxerror
test
error
stack
trim
const
new
message
filename
lineno
colno
error
newrelic
return
name
syntaxerror
name
return
error
error
function
return
instanceof
error
stack
class
extends
static
featurename
1
constructor
let
arguments
length
2
void
0
arguments
2
arguments
2
super
try
this
removeonabort
new
abortcontroller
catch
this
ee
on
internal
error
this
aborthandler
0
ierr
0
0
this
void
0
this
featurename
this
ee
this
ee
on
4
replay
running
this
gm
addeventlistener
unhandledrejection
this
aborthandler
0
err
0
1
unhandledpromiserejection
1
this
void
0
this
featurename
this
ee
0
jt
1
this
removeonabort
signal
gm
addeventlistener
error
this
aborthandler
0
err
0
1
this
void
0
this
featurename
this
ee
0
jt
1
this
removeonabort
signal
this
aborthandler
this
this
importaggregator
this
removeonabort
abort
this
aborthandler
void
0
var
let
1
const
nr
id
function
const
typeof
return
object
function
1
gm
0
0
function
return
function
if
string
typeof
length
return
length
if
object
typeof
if
undefined
typeof
arraybuffer
instanceof
arraybuffer
bytelength
return
bytelength
if
undefined
typeof
blob
instanceof
blob
size
return
size
if
undefined
typeof
formdata
instanceof
formdata
try
return
0
length
catch
return
var
class
constructor
this
agentidentifier
generatetracepayload
if
this
shouldgeneratetrace
return
null
var
0
oc
this
agentidentifier
if
return
null
var
accountid
tostring
null
agentid
tostring
null
trustkey
tostring
null
if
return
null
var
0
zf
0
el
date
now
spanid
traceid
timestamp
return
sameorigin
this
isallowedorigin
this
usetracecontextheadersforcors
tracecontextparentheader
this
generatetracecontextparentheader
tracecontextstateheader
this
generatetracecontextstateheader
sameorigin
this
excludenewrelicheader
sameorigin
this
isallowedorigin
this
usenewrelicheaderforcors
newrelicheader
this
generatetraceheader
generatetracecontextparentheader
return
00
01
generatetracecontextstateheader
return
nr
generatetraceheader
if
function
typeof
gm
btoa
return
null
var
ty
browser
ac
ap
id
tr
ti
return
tk
btoa
0
shouldgeneratetrace
return
this
isdtenabled
this
isallowedorigin
isallowedorigin
var
1
if
0
gd
this
agentidentifier
distributed
tracing
0
0
this
agentidentifier
distributed
tracing
sameorigin
0
else
if
allowed
origins
instanceof
array
for
var
0
constructor
let
arguments
length
2
void
0
arguments
2
arguments
2
super
this
dt
new
this
handler
0
this
ee
try
const
xmlhttprequest
xhr
fetch
fetch
beacon
beacon
gm
performance
getentriesbytype
resource
foreach
if
initiatortype
in
0
responsestatus
const
status
responsestatus
rxsize
transfersize
duration
math
floor
duration
cbtime
0
ne
name
this
handler
xhr
starttime
responseend
initiatortype
void
0
ajax
catch
0
nz
this
ee
0
bx
this
ee
function
function
var
this
totalcbs
0
called
0
cbtime
0
end
ended
1
xhrguids
lastsize
null
loadcapturecalled
1
params
this
params
metrics
this
metrics
addeventlistener
load
function
0
jt
1
lr
addeventlistener
progress
function
lastsize
loaded
0
jt
1
function
this
params
method
0
ne
this
1
this
metrics
function
var
0
oc
xpid
this
sameorigin
setrequestheader
newrelic
id
xpid
var
generatetracepayload
this
parsedorigin
if
var
1
newrelicheader
setrequestheader
newrelic
newrelicheader
0
tracecontextparentheader
setrequestheader
traceparent
tracecontextparentheader
tracecontextstateheader
setrequestheader
tracestate
tracecontextstateheader
0
this
dt
function
var
this
metrics
0
this
if
var
txsize
this
starttime
0
this
body
this
listener
function
try
abort
type
loadcapturecalled
params
aborted
0
load
type
called
totalcbs
onloadcalled
function
typeof
onload
function
typeof
end
end
catch
try
emit
internal
error
catch
for
var
0
1
1
push
function
var
1
return
newrelicheader
set
newrelic
newrelicheader
0
tracecontextparentheader
set
traceparent
tracecontextparentheader
tracecontextstateheader
set
tracestate
tracecontextstateheader
0
function
this
params
this
metrics
this
starttime
0
this
dt
length
1
this
target
0
length
2
this
opts
1
var
this
opts
this
target
string
typeof
object
typeof
instanceof
ee
url
gm
url
object
typeof
instanceof
url
href
ne
this
var
instanceof
ee
method
method
get
touppercase
this
params
method
this
body
body
this
txsize
body
0
function
if
this
endtime
0
this
params
this
params
0
iw
this
params
return
let
this
params
status
status
0
string
typeof
this
rxsize
this
rxsize
length
0
this
rxsize
const
txsize
this
txsize
rxsize
duration
0
this
starttime
xhr
this
params
this
starttime
this
endtime
fetch
this
ajax
function
const
this
params
this
metrics
if
this
ended
this
ended
0
for
let
0
removeeventlistener
this
listener
1
aborted
0
iw
duration
0
this
starttime
this
loadcapturecalled
4
readystate
null
status
status
0
this
cbtime
this
cbtime
xhr
this
starttime
this
endtime
xhr
this
ajax
function
params
status
status
var
function
var
responsetype
return
json
null
arraybuffer
blob
json
response
text
void
0
responsetext
void
0
lastsize
if
metrics
rxsize
sameorigin
var
getresponseheader
newrelic
app
data
0
rs
ajax
crossapplicationtracing
header
seen
void
0
metrics
params
cat
split
pop
loadcapturecalled
0
on
new
xhr
on
open
xhr
start
on
open
xhr
end
on
send
xhr
start
on
xhr
cb
time
on
xhr
load
added
on
xhr
load
removed
on
xhr
resolved
on
addeventlistener
end
on
removeeventlistener
end
on
fn
end
on
fetch
before
start
on
fetch
start
on
fn
start
on
fetch
done
this
ee
this
handler
this
dt
this
importaggregator
function
ne
var
0
params
hostname
hostname
port
port
protocol
protocol
host
hostname
port
pathname
pathname
parsedorigin
sameorigin
sameorigin
var
ie
const
he
oe
bd
ae
3
se
kp
ce
tz
ue
lc
de
up
le
rz
fe
ie
class
he
extends
static
featurename
ue
constructor
super
ue
arguments
length
2
void
0
arguments
2
arguments
2
if
0
this
agentidentifier
return
void
0
3
this
agentidentifier
this
featurename
const
this
ee
let
0
vc
this
eventsee
0
um
this
eventsee
on
le
function
this
bststart
0
this
eventsee
on
de
function
0
bst
0
this
bststart
0
void
0
sessiontrace
on
fe
se
function
this
time
0
this
startpath
location
pathname
location
hash
on
fe
ce
function
0
bsthist
location
pathname
location
hash
this
startpath
this
time
void
0
sessiontrace
try
new
performanceobserver
const
getentries
0
oe
void
0
sessiontrace
observe
type
ae
buffered
0
catch
this
importaggregator
resourceobserver
var
ge
class
pe
extends
static
featurename
tz
constructor
let
arguments
length
2
void
0
arguments
2
arguments
2
super
tz
this
replayrunning
1
try
json
parse
localstorage
getitem
concat
ge
3
concat
ge
uh
catch
0
sr
this
ee
on
4
record
this
this
this
sessionreplaymode
this
this
importaggregator
this
ee
on
err
this
replayrunning
this
errornoticed
0
0
4
error
during
replay
void
0
this
featurename
this
ee
this
ee
on
4
replay
running
this
replayrunning
return
sessionreplaymode
ge
full
sessionreplaymode
ge
error
0
aw
this
agentidentifier
1
async
if
this
this
0
try
const
recorder
await
promise
all
then
bind
this
recorder
new
mode
this
agentidentifier
this
agentidentifier
trigger
ee
this
ee
this
recorder
startrecording
this
aborthandler
this
recorder
stoprecording
catch
this
importaggregator
recorder
this
recorder
errornoticed
this
errornoticed
this
feataggregate
this
feataggregate
mode
ge
full
this
feataggregate
initializerecording
ge
full
0
this
ge
full
this
qb
api
this
recorder
this
recorder
parent
mode
ge
full
this
recorder
parent
mode
ge
full
this
recorder
stoprecording
this
recorder
startrecording
this
aborthandler
this
recorder
stoprecording
var
me
class
ve
extends
static
featurename
me
tz
constructor
let
arguments
length
2
void
0
arguments
2
arguments
2
if
super
me
tz
ri
hr
mo
return
const
0
vc
this
ee
0
um
this
ee
0
newurl
0
window
location
void
0
this
featurename
this
ee
on
pushstate
end
on
replacestate
end
try
this
removeonabort
new
abortcontroller
catch
0
sp
popstate
0
newurl
timestamp
window
location
void
0
this
featurename
this
ee
0
this
removeonabort
signal
let
1
const
new
hr
mo
0
requestanimationframe
0
newdom
0
void
0
this
featurename
this
ee
1
0
0
newuievent
void
0
this
featurename
this
ee
observe
document
body
attributes
0
childlist
0
subtree
0
characterdata
0
leading
0
on
fn
start
let
me
tc
includes
type
for
let
of
me
tc
document
addeventlistener
this
aborthandler
function
this
removeonabort
abort
disconnect
this
aborthandler
void
0
this
importaggregator
domobserver
var
be
const
tz
ye
3
we
kp
re
xe
ww
te
5
ae
th
ee
up
ne
rw
se
lc
oe
be
class
ie
extends
static
featurename
ye
constructor
var
if
super
ye
arguments
length
2
void
0
arguments
2
arguments
2
this
ri
return
try
this
removeonabort
new
abortcontroller
catch
let
0
const
this
ee
get
tracer
0
ri
this
ee
0
8
this
ee
0
mo
this
ee
0
bx
this
ee
this
ee
get
events
0
nz
this
ee
0
vc
this
ee
0
ak
this
ee
function
emit
newurl
window
location
function
window
location
hash
this
ne
0
function
window
location
hash
0
0
var
0
this
ae
this
ae
this
ne
this
oe
function
on
function
this
0
this
ee
on
ne
on
se
on
se
this
ee
on
oe
on
te
on
te
this
ee
on
fn
err
function
for
var
arguments
length
new
array
0
1
0
jt
0
this
removeonabort
signal
this
aborthandler
this
this
importaggregator
this
removeonabort
abort
this
aborthandler
void
0
var
class
je
extends
static
featurename
constructor
let
arguments
length
2
void
0
arguments
2
arguments
2
super
0
gd
this
agentidentifier
page
action
enabled
some
this
importaggregator
0
3
this
agentidentifier
this
featurename
var
pe
ce
class
ke
extends
static
featurename
pe
tz
constructor
let
arguments
length
2
void
0
arguments
2
arguments
2
super
pe
tz
const
this
ee
this
ee
on
wrap
logger
end
function
let
const
level
customattributes
this
0
ce
this
importaggregator
new
class
extends
constructor
super
gm
this
sharedaggregator
new
agentidentifier
this
agentidentifier
this
features
0
bq
this
agentidentifier
this
this
desiredfeatures
new
set
features
this
desiredfeatures
add
this
runsoftnavoverspa
this
desiredfeatures
some
featurename
softnav
0
this
loadertype
agent
this
run
0
21
get
config
return
info
this
info
init
this
init
loader
config
this
loader
config
runtime
this
runtime
run
try
const
this
agentidentifier
this
desiredfeatures
sort
featurename
featurename
foreach
if
featurename
featurename
pageviewevent
return
if
this
runsoftnavoverspa
featurename
spa
return
if
this
runsoftnavoverspa
featurename
softnav
return
function
switch
case
ajax
return
jserrors
case
sessiontrace
return
ajax
pageviewevent
case
sessionreplay
return
sessiontrace
case
pageviewtiming
return
pageviewevent
default
return
featurename
every
in
this
features
0
36
featurename
this
features
featurename
new
this
agentidentifier
this
sharedaggregator
catch
0
22
for
const
in
this
features
this
features
aborthandler
const
0
zm
delete
initializedagents
this
agentidentifier
api
delete
initializedagents
this
agentidentifier
features
delete
this
sharedaggregator
return
ee
get
this
agentidentifier
abort
1
features
re
he
pe
je
ke
ve
ie
loadertype
spa
link
rel
apple
touch
icon
sizes
href
link
rel
apple
touch
icon
sizes
href
link
rel
apple
touch
icon
sizes
href
link
rel
apple
touch
icon
sizes
href
link
href
fonts
googleapis
com
rel
preconnect
link
href
fonts
gstatic
com
rel
preconnect
crossorigin
link
href
fonts
googleapis
com
css
2
family
roboto
condensed
wght
amp
family
roboto
wght
amp
display
swap
rel
stylesheet
type
text
css
meta
name
generator
content
drupal
7
https://www.drupal.org
link
rel
canonical
href
https://www.colorado.edu/research
link
rel
shortlink
href
https://www.colorado.edu/node/8
meta
property
og
site
name
content
university
of
colorado
boulder
meta
property
og
type
content
article
meta
property
og
url
content
https://www.colorado.edu/research
meta
property
og
title
content
research
and
creative
work
meta
property
og
updated
time
content
meta
name
twitter
card
content
summary
meta
name
twitter
url
content
https://www.colorado.edu/research
meta
name
twitter
title
content
research
and
creative
work
meta
property
article
published
time
content
meta
property
article
modified
time
content
research
and
creative
work
university
of
colorado
boulder
link
type
text
css
rel
stylesheet
href
media
screen
link
type
text
css
rel
stylesheet
href
media
screen
link
type
text
css
rel
stylesheet
href
media
screen
link
type
text
css
rel
stylesheet
href
media
screen
style
type
text
css
media
screen
cdata
img
custom
logo
max
width
px
important
width
margin
right
20
px
link
type
text
css
rel
stylesheet
href
media
screen
link
type
text
css
rel
stylesheet
href
media
screen
link
type
text
css
rel
stylesheet
href
media
print
style
type
text
css
media
screen
cdata
block
section
block
section
content
margin
0
px
0
px
0
px
0
px
style
type
text
css
media
screen
and
min
width
px
and
max
width
px
cdata
block
section
block
section
content
margin
75
px
0
px
style
type
text
css
media
screen
and
min
width
px
cdata
block
section
block
section
content
margin
px
0
px
px
0
px
style
type
text
css
media
screen
cdata
block
section
block
section
content
margin
0
px
0
px
0
px
0
px
style
type
text
css
media
screen
and
min
width
px
and
max
width
px
cdata
block
section
block
section
content
margin
0
px
0
px
0
px
0
px
style
type
text
css
media
screen
and
min
width
px
cdata
block
section
block
section
content
margin
40
px
0
px
0
px
0
px
style
type
text
css
media
screen
cdata
block
section
block
section
content
margin
0
px
0
px
0
px
0
px
style
type
text
css
media
screen
and
min
width
px
and
max
width
px
cdata
block
section
block
section
content
margin
0
px
0
px
0
px
0
px
style
type
text
css
media
screen
and
min
width
px
cdata
block
section
block
section
content
margin
0
px
0
px
0
px
0
px
style
type
text
css
media
screen
cdata
block
section
block
section
content
margin
0
px
0
px
0
px
0
px
style
type
text
css
media
screen
and
min
width
px
and
max
width
px
cdata
block
section
block
section
content
margin
0
px
0
px
0
px
0
px
style
type
text
css
media
screen
and
min
width
px
cdata
block
section
block
section
content
margin
20
px
0
px
style
type
text
css
media
screen
cdata
block
section
block
section
content
margin
0
px
0
px
0
px
0
px
style
type
text
css
media
screen
and
min
width
px
and
max
width
px
cdata
block
section
block
section
content
margin
0
px
0
px
0
px
0
px
style
type
text
css
media
screen
and
min
width
px
cdata
block
section
block
section
content
margin
20
px
0
px
style
type
text
css
media
screen
cdata
block
section
block
section
content
margin
0
px
0
px
0
px
0
px
style
type
text
css
media
screen
and
min
width
px
and
max
width
px
cdata
block
section
block
section
content
margin
0
px
0
px
0
px
0
px
style
type
text
css
media
screen
and
min
width
px
cdata
block
section
block
section
content
margin
20
px
0
px
style
type
text
css
media
screen
cdata
block
section
block
section
content
margin
0
px
0
px
0
px
0
px
style
type
text
css
media
screen
and
min
width
px
and
max
width
px
cdata
block
section
block
section
content
margin
0
px
0
px
0
px
0
px
style
type
text
css
media
screen
and
min
width
px
cdata
block
section
block
section
content
margin
0
px
0
px
0
px
0
px
style
type
text
css
media
screen
cdata
block
section
block
section
content
margin
0
px
0
px
0
px
0
px
style
type
text
css
media
screen
and
min
width
px
and
max
width
px
cdata
block
section
block
section
content
margin
0
px
0
px
0
px
0
px
style
type
text
css
media
screen
and
min
width
px
cdata
block
section
block
section
content
margin
20
px
0
px
style
type
text
css
media
screen
cdata
block
section
block
section
content
margin
0
px
0
px
0
px
0
px
style
type
text
css
media
screen
and
min
width
px
and
max
width
px
cdata
block
section
block
section
content
margin
0
px
0
px
0
px
0
px
style
type
text
css
media
screen
and
min
width
px
cdata
block
section
block
section
content
margin
20
px
0
px
0
px
0
px
style
type
text
css
media
screen
cdata
block
section
block
section
content
margin
0
px
0
px
0
px
0
px
style
type
text
css
media
screen
and
min
width
px
and
max
width
px
cdata
block
section
block
section
content
margin
0
px
0
px
0
px
0
px
style
type
text
css
media
screen
and
min
width
px
cdata
block
section
block
section
content
margin
20
px
0
px
script
type
text
javascript
src
script
type
text
javascript
src
si
1
uod
script
type
text
javascript
src
script
type
text
javascript
cdata
jquery
migratemute
true
jquery
migratetrace
false
script
type
text
javascript
src
script
type
text
javascript
src
script
type
text
javascript
src
script
type
text
javascript
src
script
type
text
javascript
src
www
youtube
com
iframe
api
script
type
text
javascript
src
script
type
text
javascript
cdata
function
googleanalyticsobject
function
push
arguments
1
new
date
createelement
getelementsbytagname
0
async
1
src
parentnode
insertbefore
window
document
script
ga
ga
create
ua
cookiedomain
auto
ga
set
anonymizeip
true
ga
set
dimension
1
8
ga
set
dimension
2
research
and
creative
work
ga
set
dimension
3
basic
page
ga
set
dimension
4
sat
05
23
ga
send
pageview
ga
create
ua
auto
name
customtracker
0
ga
customtracker
0
send
pageview
ga
create
ua
auto
name
customtracker
1
ga
customtracker
1
send
pageview
script
type
text
javascript
src
script
type
text
javascript
src
script
type
text
javascript
cdata
jquery
extend
drupal
settings
basepath
pathprefix
sethasjscookie
0
ajaxpagestate
theme
homepage
theme
token
vriujmxbmudc
wevlwqvob
6
xc
36
jdwdqme
5
dkt
80
cua
js
profiles
express
modules
custom
backstretch
bs
js
1
profiles
express
modules
features
cu
search
js
cu
search
js
1
profiles
express
themes
ucb
js
track
focus
js
1
0
1
profiles
express
modules
features
cu
quicktab
styles
js
cu
quicktab
styles
js
1
profiles
express
modules
custom
cu
back
to
top
cu
back
to
top
js
1
public
google
tag
google
tag
script
js
1
profiles
express
libraries
modernizr
modernizr
min
js
1
profiles
express
modules
contrib
jquery
update
replace
jquery
jquery
min
js
1
1
1
profiles
express
modules
contrib
jquery
update
replace
jquery
migrate
1
jquery
migrate
min
js
1
misc
jquery
extend
0
js
1
misc
jquery
html
prefilter
0
backport
js
1
misc
jquery
once
js
1
misc
drupal
js
1
profiles
express
libraries
fitvids
jquery
fitvids
js
1
profiles
express
libraries
match
height
jquery
matchheight
min
js
1
profiles
express
libraries
waypoints
waypoint
js
1
profiles
express
modules
contrib
jquery
update
replace
ui
ui
minified
jquery
ui
core
min
js
1
profiles
express
modules
contrib
jquery
update
replace
ui
ui
minified
jquery
ui
widget
min
js
1
profiles
express
modules
contrib
jquery
update
replace
ui
ui
minified
jquery
ui
accordion
min
js
1
profiles
express
modules
features
cu
colorbox
js
cu
colorbox
js
1
profiles
express
modules
custom
cu
expandable
js
expandable
plugin
js
1
profiles
express
modules
custom
cu
expandable
js
cu
expandable
js
1
profiles
express
modules
custom
cu
share
js
cu
share
js
1
profiles
express
modules
custom
cu
video
hero
unit
bundle
js
cu
video
hero
js
1
profiles
express
modules
custom
express
collections
bundle
js
express
collections
bundle
js
1
profiles
express
modules
custom
express
layout
js
express
layout
js
1
profiles
express
modules
contrib
fitvids
fitvids
js
1
profiles
express
modules
contrib
google
cse
google
cse
js
1
profiles
express
modules
custom
site
navigation
menus
js
site
navigation
menus
js
1
profiles
express
modules
custom
cu
section
page
bundle
js
cu
section
page
js
1
profiles
express
libraries
colorbox
jquery
colorbox
min
js
1
profiles
express
modules
contrib
colorbox
js
colorbox
js
1
profiles
express
modules
contrib
colorbox
styles
stockholmsyndrome
colorbox
style
js
1
profiles
express
modules
contrib
context
accordion
context
accordion
js
1
profiles
express
libraries
flickity
js
flickity
pkgd
min
js
1
profiles
express
modules
features
cu
article
modules
cu
article
slider
js
cu
article
slider
js
1
profiles
express
modules
contrib
files
undo
remove
files
undo
remove
js
1
profiles
express
libraries
backstretch
jquery
backstretch
js
1
profiles
express
modules
contrib
rave
alerts
js
rave
alerts
js
1
profiles
express
modules
features
cu
block
section
js
cu
block
section
js
1
profiles
express
modules
features
cu
block
section
js
parallaxie
js
1
profiles
express
modules
custom
cu
countdown
bundle
cu
countdown
js
jquery
countdown
min
js
1
profiles
express
modules
custom
cu
shortcodes
js
cu
shortcodes
js
1
profiles
express
modules
custom
cu
shortcodes
js
counter
js
1
www
youtube
com
iframe
api
1
profiles
express
modules
contrib
google
analytics
googleanalytics
js
1
2
1
profiles
express
modules
custom
express
localist
bundle
js
switch
event
url
js
1
profiles
express
themes
ucb
js
ucb
js
1
css
modules
system
system
base
css
1
modules
system
system
menus
css
1
modules
system
system
messages
css
1
modules
system
system
theme
css
1
misc
ui
jquery
ui
core
css
1
misc
ui
jquery
ui
accordion
css
1
profiles
express
modules
features
cu
article
modules
cu
article
slider
css
cu
article
slider
css
1
sites
all
modules
custom
homepage
bundle
modules
custom
cu
atoz
css
cu
atoz
css
1
profiles
express
modules
custom
cu
campus
news
bundle
cu
campus
news
css
cu
campus
news
css
1
profiles
express
modules
custom
cu
content
sequence
bundle
cu
content
sequence
css
cu
content
sequence
css
1
profiles
express
modules
custom
cu
dashboard
seo
css
cu
dashboard
seo
css
1
profiles
express
modules
custom
cu
digital
campaign
bundle
css
icons
css
1
profiles
express
modules
custom
cu
digital
campaign
bundle
css
search
form
css
1
sites
all
modules
custom
homepage
bundle
modules
custom
cu
directory
theme
cu
directory
css
1
profiles
express
modules
custom
cu
expandable
css
cu
expandable
css
1
profiles
express
modules
custom
cu
inactive
users
css
cu
inactive
users
css
1
profiles
express
modules
custom
cu
js
includes
css
cu
js
includes
css
1
profiles
express
modules
custom
cu
profile
module
manager
css
cu
profile
module
manager
css
1
profiles
express
modules
features
cu
article
cu
related
articles
css
cu
related
articles
css
1
profiles
express
modules
custom
cu
rss
css
cu
rss
css
1
profiles
express
modules
custom
cu
share
css
cu
share
css
1
profiles
express
modules
features
cu
wysiwyg
cu
wysiwyg
css
1
profiles
express
modules
contrib
date
date
api
date
css
1
profiles
express
modules
contrib
date
date
popup
themes
datepicker
css
1
profiles
express
modules
custom
express
add
content
css
express
add
content
css
1
profiles
express
modules
custom
express
block
designer
css
express
block
designer
css
1
profiles
express
modules
custom
express
block
designer
modules
express
block
designer
menu
css
exbd
menu
css
1
profiles
express
modules
custom
express
collections
bundle
css
express
collections
bundle
css
1
profiles
express
modules
custom
express
layout
css
express
layout
admin
css
1
profiles
express
modules
custom
express
localist
bundle
css
express
localist
bundle
css
1
profiles
express
modules
custom
express
localist
bundle
css
express
localist
bundle
theme
css
1
profiles
express
modules
custom
express
responsive
visibility
bundle
css
express
responsive
visibility
css
1
modules
field
theme
field
css
1
profiles
express
modules
contrib
fitvids
fitvids
css
1
profiles
express
modules
contrib
google
cse
google
cse
css
1
modules
node
node
css
1
profiles
express
modules
contrib
rave
alerts
css
rave
alerts
css
1
profiles
express
modules
custom
site
navigation
menus
css
site
navigation
menus
css
1
modules
user
user
css
1
profiles
express
modules
contrib
video
filter
video
filter
css
1
profiles
express
modules
custom
cu
section
page
bundle
css
cu
section
page
css
1
profiles
express
modules
contrib
views
css
views
css
1
profiles
express
modules
custom
cu
users
css
cu
users
css
1
profiles
express
modules
contrib
colorbox
styles
stockholmsyndrome
colorbox
style
css
1
profiles
express
modules
contrib
context
accordion
context
accordion
css
1
profiles
express
modules
contrib
ctools
css
ctools
css
1
profiles
express
libraries
flickity
css
flickity
css
1
profiles
express
libraries
fontawesome
css
font
awesome
min
css
1
profiles
express
modules
contrib
files
undo
remove
files
undo
remove
css
1
profiles
express
modules
custom
backstretch
backstretch
css
1
profiles
express
modules
custom
cu
block
row
css
cu
block
row
css
1
profiles
express
modules
features
cu
block
section
css
cu
block
section
css
1
profiles
express
modules
custom
cu
countdown
bundle
cu
countdown
css
cu
countdown
css
1
0
1
profiles
express
modules
features
cu
facebook
activity
cu
facebook
activity
css
1
profiles
express
modules
features
cu
feature
callout
css
cu
feature
callout
css
1
profiles
express
modules
features
cu
feature
callout
css
feature
callout
block
designer
css
1
profiles
express
modules
custom
cu
give
buttons
styles
give
button
css
1
profiles
express
modules
features
cu
hero
unit
css
cu
hero
unit
css
1
profiles
express
modules
custom
cu
menu
icon
cu
menu
icon
css
1
profiles
express
modules
features
cu
quicktab
styles
css
cu
quicktab
styles
css
1
profiles
express
modules
custom
cu
rss
block
css
cu
rss
block
css
1
profiles
express
modules
features
cu
search
css
cu
search
css
1
profiles
express
modules
custom
cu
shortcodes
css
cu
shortcodes
css
1
profiles
express
modules
custom
cu
shortcodes
css
cu
shortcodes
columns
css
1
profiles
express
modules
custom
cu
site
info
site
info
css
1
profiles
express
modules
features
cu
social
links
css
social
links
css
1
profiles
express
modules
features
cu
twitter
feed
cu
twitter
feed
css
1
profiles
express
modules
custom
cu
video
hero
unit
bundle
css
cu
video
hero
unit
css
1
profiles
express
modules
custom
cu
video
reveal
css
cu
video
reveal
css
1
profiles
express
modules
custom
express
layout
css
express
layout
css
1
profiles
express
modules
custom
express
settings
css
express
settings
css
1
profiles
express
modules
features
files
css
files
css
1
profiles
express
modules
features
photo
gallery
css
photo
gallery
css
1
profiles
express
modules
custom
profile
module
manager
css
profile
module
manager
css
1
profiles
express
modules
features
cu
article
css
cu
article
css
1
profiles
express
modules
features
cu
article
css
cu
article
grid
css
1
profiles
express
modules
features
cu
article
css
owl
carousel
css
1
profiles
express
modules
features
cu
faq
css
cu
faq
css
1
profiles
express
modules
features
cu
page
cu
page
css
1
profiles
express
modules
custom
express
theme
picker
express
theme
picker
css
1
profiles
express
modules
features
people
content
type
css
people
content
type
css
1
profiles
express
modules
custom
cu
back
to
top
cu
back
to
top
css
1
profiles
express
themes
ucb
css
ucb
css
1
sites
all
themes
homepage
css
homepage
css
1
profiles
express
themes
ucb
css
ucb
print
css
1
1
1
2
1
3
1
4
1
5
1
6
1
7
1
8
1
9
1
10
1
11
1
12
1
13
1
14
1
15
1
16
1
17
1
18
1
19
1
20
1
21
1
22
1
23
1
24
1
25
1
26
1
27
1
28
1
29
1
30
1
colorbox
opacity
current
current
of
total
previous
00
ab
prev
next
next
00
bb
close
close
maxwidth
98
maxheight
98
fixed
true
mobiledetect
true
mobiledevicewidth
px
file
public
path
sites
default
files
specificpagesdefaultvalue
admin
nimagebrowser
nimg
assist
nimce
nnode
add
nnode
edit
nprint
nprintpdf
nsystem
ajax
nsystem
ajax
localist
bypass
urls
cupresents
org
googlecse
cx
ccotai
0
resultswidth
domain
www
google
com
showwatermark
true
fitvids
custom
domains
selectors
body
simplifymarkup
true
ignore
backstretchurl
backstretchminwidth
0
googleanalytics
trackoutbound
1
trackmailto
1
trackdownload
1
trackdownloadextensions
7
aac
arc
arj
asf
asx
avi
bin
csv
doc
exe
flv
gif
gz
gzip
hqx
jar
jpe
js
mp
4
mov
ie
msi
msp
pdf
phps
png
ppt
qtm
ra
sea
sit
tar
tgz
torrent
txt
wav
wma
wmv
wpd
xls
xml
zip
trackcolorbox
1
currentpath
node
8
currentpathisadmin
false
if
lt
ie
9
script
src
profiles
express
themes
ucb
js
html
5
respond
js
endif
skip
to
content
iframe
src
https://www.googletagmanager.com/ns.html
id
gtm
3
dx
2
qp
height
0
width
0
style
display
none
visibility
hidden
alerts
campus
branding
href
http://www.colorado.edu
img
src
alt
university
of
colorado
boulder
menu
href
https://www.colorado.edu/search
id
search
toggle
class
search
toggle
aria
haspopup
true
aria
expanded
false
aria
controls
search
aria
label
search
search
campus
branding
desktop
search
search
form
class
cu
search
form
action
https://www.colorado.edu/search
method
get
enter
the
terms
you
wish
to
search
for
other
ways
to
search
href
https://calendar.colorado.edu
events
calendar
href
https://www.colorado.edu/map
campus
map
close
desktop
search
navigation
secondary
menu
above
main
menu
main
menu
main
menu
href
id
home
link
class
home
link
first
home
href
about
class
mega
menu
link
role
button
about
href
about
about
our
vision
is
to
identify
and
address
the
humanitarian
social
and
technological
challenges
of
the
21
st
century
br
href
class
button
button
regular
button
full
button
gold
rankings
amp
achievements
about
cu
boulder
href
https://www.colorado.edu/about
overview
href
https://www.colorado.edu/about
mission
mission
amp
vision
href
https://www.colorado.edu/about/history
our
history
href
https://www.colorado.edu/land-acknowledgment
land
acknowledgement
href
rankings
amp
achievement
href
strategic
priorities
href
https://www.colorado.edu/about
beboulder
what
it
means
to
be
boulder
href
https://www.colorado.edu/about
extendcommunity
our
extended
community
university
initiatives
href
http://www.colorado.edu/industry/
business
amp
industry
collaborations
href
http://www.colorado.edu/dei
diversity
equity
amp
inclusion
href
https://www.colorado.edu/free-expression
free
expression
href
http://www.colorado.edu/entrepreneurship
innovation
amp
entrepreneurship
href
http://www.colorado.edu/sustainability
sustainability
href
transformation
amp
financial
resilience
href
understanding
your
cost
of
attendance
quick
links
href
https://www.colorado.edu/today
cu
boulder
today
campus
news
amp
announcements
href
https://calendar.colorado.edu/
campus
events
calendar
comprehensive
amp
searchable
calendar
href
colorado
creed
our
social
responsibility
code
href
identity
spaces
amp
connections
physical
amp
virtual
spaces
for
community
href
https://www.colorado.edu/research
manage
communication
preferences
manage
the
communications
you
receive
href
academics
class
mega
menu
link
role
button
academics
href
academics
academics
customize
your
education
and
gain
hands
on
education
cu
boulder
is
student
centered
campus
providing
support
for
the
whole
student
experience
br
href
https://www.colorado.edu/academics
programs
class
button
button
regular
button
full
button
gold
explore
majors
amp
programs
explore
our
programs
href
https://www.colorado.edu/academics
academics
overview
href
https://www.colorado.edu/academics
majors
majors
href
https://www.colorado.edu/academics
minors
minors
href
https://www.colorado.edu/academics
graduate
programs
graduate
programs
href
https://www.colorado.edu/academics
certificates
certificates
href
colleges
amp
schools
academic
support
href
academic
calendar
href
academic
resources
href
https://www.colorado.edu/oue/tutoring
tutoring
center
href
https://www.colorado.edu/advising
undergraduate
advising
href
https://classes.colorado.edu/
search
classes
quick
links
href
https://buffportal.colorado.edu/
buff
portal
class
schedule
grades
registration
holds
amp
billing
href
https://canvas.colorado.edu/
canvas
online
courses
amp
class
assignments
href
https://www.colorado.edu/registration
guide
to
registration
holistic
guide
to
keep
you
on
track
for
graduation
href
https://catalog.colorado.edu/
university
catalog
full
degree
requirements
amp
policies
href
admissions
title
class
mega
menu
link
role
button
admissions
href
admissions
admissions
whether
youre
first
year
student
or
looking
to
transfer
colleges
cu
boulder
is
where
you
can
turn
your
goals
into
reality
br
href
class
button
button
full
button
gold
request
undergraduate
info
href
class
button
button
full
button
gold
request
graduate
info
explore
href
https://www.colorado.edu/admissions
admissions
overview
href
why
cu
boulder
discover
how
our
epic
environment
inspires
epic
imaginations
href
https://www.colorado.edu/admissions/connect
connect
with
us
connect
with
our
office
of
admissions
for
information
on
how
to
apply
as
an
undergraduate
href
https://www.colorado.edu/admissions/cost
cost
understand
the
costs
of
college
and
the
value
of
an
undergraduate
cu
boulder
education
visit
href
first
year
students
experience
cu
boulders
inspiring
campus
for
yourself
href
transfer
students
explore
cu
boulders
campus
and
learn
about
life
as
transfer
buff
href
graduate
students
check
out
our
graduate
student
virtual
events
and
programs
apply
href
first
year
applicants
href
transfer
applicants
href
international
applicants
href
graduate
applicants
href
readmitted
applicants
href
veteran
applicants
href
undocumented
applicants
admitted
href
admitted
first
year
href
admitted
transfer
href
admitted
international
href
admitted
graduate
href
readmitted
href
admitted
veteran
href
admitted
undocumented
href
research
title
class
active
trail
mega
menu
link
active
role
button
research
href
research
class
active
research
our
researchers
make
discoveries
that
positively
impact
people
and
communities
across
colorado
the
nation
and
the
world
br
href
https://www.colorado.edu/research
class
button
button
full
button
gold
research
amp
innovation
news
institutes
amp
programs
href
https://www.colorado.edu/research
research
overview
href
https://www.colorado.edu/researchinnovation
research
amp
innovation
office
href
research
centers
href
research
institutes
href
https://www.colorado.edu/research
researchopps
research
opportunities
href
partnerships
amp
innovation
research
news
amp
reports
href
https://www.colorado.edu/research/report
annual
research
reports
href
https://www.colorado.edu/ocg/annual-report
annual
research
financial
report
href
https://www.colorado.edu/research
researchevents
research
events
href
https://www.colorado.edu/research
researchnews
research
amp
innovation
news
focus
areas
href
space
sciences
creating
the
future
for
space
amp
earth
systems
href
biosciences
translating
science
into
healthier
living
href
energy
climate
amp
sustainability
transforming
climate
amp
energy
through
discovery
href
visit
campus
title
class
last
mega
menu
link
role
button
visit
href
visit
campus
visit
our
beautiful
campus
is
home
to
bold
thinkers
and
curious
minds
explore
campus
and
get
to
know
the
buff
community
through
visit
programs
events
and
performances
br
href
https://www.colorado.edu/visit-campus
class
button
button
full
button
gold
come
visit
us
admissions
visit
programs
href
https://www.colorado.edu/admissions/visit
admissions
visit
programs
href
first
year
students
href
transfer
students
href
graduate
students
visit
campus
href
https://www.colorado.edu/visit-campus
visit
overview
href
https://www.colorado.edu/visit-campus
dining
campus
dining
options
href
https://www.colorado.edu/pts
parking
amp
transportation
href
https://www.colorado.edu/visit-campus
safety
safety
information
href
https://cubuffs.com/
sports
events
href
https://www.colorado.edu/visit-campus
attractions
university
attractions
map
location
links
href
https://www.colorado.edu/map
campus
map
href
https://www.colorado.edu/map
id
ce
ct
mc
lvl
0
athletic
facilities
amp
stadiums
href
https://www.colorado.edu/map
id
ce
ct
mc
lvl
0
performance
amp
museum
venues
href
https://www.colorado.edu/map
id
ct
mc
15
lvl
0
parking
map
href
https://www.colorado.edu/map
id
ce
ct
mc
15
lvl
0
campus
bus
routes
href
https://www.colorado.edu/map
id
ce
ct
mc
15
lvl
0
inclusive
service
locations
secondary
menu
href
students
class
first
students
href
faculty
0
faculty
href
staff
staff
href
title
families
href
http://www.colorado.edu/alumni
title
class
last
alumni
main
menu
navigation
mobile
navigation
mobile
search
search
form
class
cu
search
form
action
search
method
get
enter
the
terms
you
wish
to
search
for
other
ways
to
search
href
https://calendar.colorado.edu
events
calendar
href
https://www.colorado.edu/map
campus
map
mobile
menu
mobile
menu
href
class
first
home
href
about
class
mega
menu
link
role
button
about
href
about
about
our
vision
is
to
identify
and
address
the
humanitarian
social
and
technological
challenges
of
the
21
st
century
br
href
class
button
button
regular
button
full
button
gold
rankings
amp
achievements
about
cu
boulder
href
https://www.colorado.edu/about
overview
href
https://www.colorado.edu/about
mission
mission
amp
vision
href
https://www.colorado.edu/about/history
our
history
href
https://www.colorado.edu/land-acknowledgment
land
acknowledgement
href
rankings
amp
achievement
href
strategic
priorities
href
https://www.colorado.edu/about
beboulder
what
it
means
to
be
boulder
href
https://www.colorado.edu/about
extendcommunity
our
extended
community
university
initiatives
href
http://www.colorado.edu/industry/
business
amp
industry
collaborations
href
http://www.colorado.edu/dei
diversity
equity
amp
inclusion
href
https://www.colorado.edu/free-expression
free
expression
href
http://www.colorado.edu/entrepreneurship
innovation
amp
entrepreneurship
href
http://www.colorado.edu/sustainability
sustainability
href
transformation
amp
financial
resilience
href
understanding
your
cost
of
attendance
quick
links
href
https://www.colorado.edu/today
cu
boulder
today
campus
news
amp
announcements
href
https://calendar.colorado.edu/
campus
events
calendar
comprehensive
amp
searchable
calendar
href
colorado
creed
our
social
responsibility
code
href
identity
spaces
amp
connections
physical
amp
virtual
spaces
for
community
href
https://www.colorado.edu/research
manage
communication
preferences
manage
the
communications
you
receive
href
academics
class
mega
menu
link
role
button
academics
href
academics
academics
customize
your
education
and
gain
hands
on
education
cu
boulder
is
student
centered
campus
providing
support
for
the
whole
student
experience
br
href
https://www.colorado.edu/academics
programs
class
button
button
regular
button
full
button
gold
explore
majors
amp
programs
explore
our
programs
href
https://www.colorado.edu/academics
academics
overview
href
https://www.colorado.edu/academics
majors
majors
href
https://www.colorado.edu/academics
minors
minors
href
https://www.colorado.edu/academics
graduate
programs
graduate
programs
href
https://www.colorado.edu/academics
certificates
certificates
href
colleges
amp
schools
academic
support
href
academic
calendar
href
academic
resources
href
https://www.colorado.edu/oue/tutoring
tutoring
center
href
https://www.colorado.edu/advising
undergraduate
advising
href
https://classes.colorado.edu/
search
classes
quick
links
href
https://buffportal.colorado.edu/
buff
portal
class
schedule
grades
registration
holds
amp
billing
href
https://canvas.colorado.edu/
canvas
online
courses
amp
class
assignments
href
https://www.colorado.edu/registration
guide
to
registration
holistic
guide
to
keep
you
on
track
for
graduation
href
https://catalog.colorado.edu/
university
catalog
full
degree
requirements
amp
policies
href
admissions
title
class
mega
menu
link
role
button
admissions
href
admissions
admissions
whether
youre
first
year
student
or
looking
to
transfer
colleges
cu
boulder
is
where
you
can
turn
your
goals
into
reality
br
href
class
button
button
full
button
gold
request
undergraduate
info
href
class
button
button
full
button
gold
request
graduate
info
explore
href
https://www.colorado.edu/admissions
admissions
overview
href
why
cu
boulder
discover
how
our
epic
environment
inspires
epic
imaginations
href
https://www.colorado.edu/admissions/connect
connect
with
us
connect
with
our
office
of
admissions
for
information
on
how
to
apply
as
an
undergraduate
href
https://www.colorado.edu/admissions/cost
cost
understand
the
costs
of
college
and
the
value
of
an
undergraduate
cu
boulder
education
visit
href
first
year
students
experience
cu
boulders
inspiring
campus
for
yourself
href
transfer
students
explore
cu
boulders
campus
and
learn
about
life
as
transfer
buff
href
graduate
students
check
out
our
graduate
student
virtual
events
and
programs
apply
href
first
year
applicants
href
transfer
applicants
href
international
applicants
href
graduate
applicants
href
readmitted
applicants
href
veteran
applicants
href
undocumented
applicants
admitted
href
admitted
first
year
href
admitted
transfer
href
admitted
international
href
admitted
graduate
href
readmitted
href
admitted
veteran
href
admitted
undocumented
href
research
title
class
active
trail
mega
menu
link
active
role
button
research
href
research
class
active
research
our
researchers
make
discoveries
that
positively
impact
people
and
communities
across
colorado
the
nation
and
the
world
br
href
https://www.colorado.edu/research
class
button
button
full
button
gold
research
amp
innovation
news
institutes
amp
programs
href
https://www.colorado.edu/research
research
overview
href
https://www.colorado.edu/researchinnovation
research
amp
innovation
office
href
research
centers
href
research
institutes
href
https://www.colorado.edu/research
researchopps
research
opportunities
href
partnerships
amp
innovation
research
news
amp
reports
href
https://www.colorado.edu/research/report
annual
research
reports
href
https://www.colorado.edu/ocg/annual-report
annual
research
financial
report
href
https://www.colorado.edu/research
researchevents
research
events
href
https://www.colorado.edu/research
researchnews
research
amp
innovation
news
focus
areas
href
space
sciences
creating
the
future
for
space
amp
earth
systems
href
biosciences
translating
science
into
healthier
living
href
energy
climate
amp
sustainability
transforming
climate
amp
energy
through
discovery
href
visit
campus
title
class
last
mega
menu
link
role
button
visit
href
visit
campus
visit
our
beautiful
campus
is
home
to
bold
thinkers
and
curious
minds
explore
campus
and
get
to
know
the
buff
community
through
visit
programs
events
and
performances
br
href
https://www.colorado.edu/visit-campus
class
button
button
full
button
gold
come
visit
us
admissions
visit
programs
href
https://www.colorado.edu/admissions/visit
admissions
visit
programs
href
first
year
students
href
transfer
students
href
graduate
students
visit
campus
href
https://www.colorado.edu/visit-campus
visit
overview
href
https://www.colorado.edu/visit-campus
dining
campus
dining
options
href
https://www.colorado.edu/pts
parking
amp
transportation
href
https://www.colorado.edu/visit-campus
safety
safety
information
href
https://cubuffs.com/
sports
events
href
https://www.colorado.edu/visit-campus
attractions
university
attractions
map
location
links
href
https://www.colorado.edu/map
campus
map
href
https://www.colorado.edu/map
id
ce
ct
mc
lvl
0
athletic
facilities
amp
stadiums
href
https://www.colorado.edu/map
id
ce
ct
mc
lvl
0
performance
amp
museum
venues
href
https://www.colorado.edu/map
id
ct
mc
15
lvl
0
parking
map
href
https://www.colorado.edu/map
id
ce
ct
mc
15
lvl
0
campus
bus
routes
href
https://www.colorado.edu/map
id
ce
ct
mc
15
lvl
0
inclusive
service
locations
href
students
students
href
faculty
0
faculty
href
staff
staff
href
title
families
href
http://www.colorado.edu/alumni
title
alumni
mobile
navigation
messages
tabs
help
action
links
messages
tabs
help
action
links
page
content
intro
shaping
tomorrow
leaders
we
prepare
students
with
the
education
and
hands
on
experience
they
need
to
solve
the
world
most
critical
problems
block
bean
type
block
section
overflow
hidden
block
section
background
image
url
itok
ly
6
zkiwh
media
all
and
min
width
px
and
max
width
px
block
section
background
image
url
itok
82
scpxg
5
media
all
and
min
width
px
block
section
background
image
url
itok
rq
61
mg
media
all
and
min
width
px
block
section
background
image
url
itok
wrkenf
8
intro
slider
slider
page
title
image
page
title
image
main
content
title
research
and
creative
work
post
title
wide
post
title
node
content
sidebars
sidebars
main
content
feature
layout
content
feature
layout
content
page
content
post
wide
research
at
cu
boulder
encompasses
thousands
of
scholarly
scientific
and
creative
endeavors
at
any
given
time
resulting
in
new
knowledge
technologies
and
creative
work
that
advance
the
economy
culture
and
health
of
colorado
the
nation
and
the
world
href
http://colorado.edu/researchinnovation
class
button
button
full
button
blue
research
and
innovation
office
block
bean
type
block
section
overflow
hidden
undergraduates
directly
br
involved
in
research
1
public
university
recipient
br
of
nasa
research
faculty
and
students
involved
in
br
interdisciplinary
bioscience
research
top
3
worldwide
for
scholarly
br
research
citations
block
bean
type
block
section
overflow
hidden
research
focus
areas
discover
how
research
at
cu
boulder
is
changing
the
world
our
faculty
and
students
are
pioneering
innovations
in
aerospace
biosciences
energy
earth
and
environmental
sciences
fundamental
sciences
and
other
major
areas
br
href
research
focus
aerospace
img
class
image
large
rectangle
thumbnail
src
itok
ffpp
hpo
width
height
alt
maven
floating
over
planet
href
research
focus
aerospace
aerospace
href
aerospace
research
1
public
university
recipient
of
nasa
research
awards
the
university
of
colorado
boulder
has
created
an
environment
in
which
our
aerospace
engineering
and
earth
and
space
sciences
faculty
students
and
industrial
researchers
work
together
to
solve
complex
problems
envisioning
and
creating
the
future
for
space
and
earth
systems
href
research
focus
biosciences
img
class
image
large
rectangle
thumbnail
src
itok
ynetcvgz
width
height
alt
stemcell
under
microscope
href
research
focus
biosciences
biosciences
href
biosciences
research
translating
science
into
healthier
living
biosciences
at
the
university
of
colorado
boulder
aim
to
understand
processes
underlying
behavior
function
disease
and
health
at
the
molecular
cellular
and
whole
systems
levels
to
develop
interventions
that
improve
human
health
href
research
focus
energy
img
class
image
large
rectangle
thumbnail
src
itok
mjbahtl
3
width
height
alt
wind
park
at
sunrise
href
research
focus
energy
climate
energy
amp
sustainability
href
energy
research
transforming
energy
through
discovery
and
innovation
energy
research
at
the
university
of
colorado
boulder
aims
to
advance
basic
and
applied
energy
science
engineering
and
analysis
through
research
education
and
partnerships
block
bean
type
block
section
overflow
hidden
block
section
background
image
url
itok
djfifage
media
all
and
min
width
px
and
max
width
px
block
section
background
image
url
itok
7
xhpubq
media
all
and
min
width
px
block
section
background
image
url
itok
bgho
media
all
and
min
width
px
block
section
background
image
url
itok
eslswa
latest
research
news
href
img
class
image
slider
src
itok
ya
2
taykg
width
height
alt
researchers
holding
up
transparent
aerogel
href
team
receives
guinness
book
of
world
records
award
for
most
transparent
material
physics
professor
and
rasei
fellow
ivan
smalyukh
and
his
lab
have
set
guinness
world
record
for
developing
transparent
aerogel
which
will
boost
thermal
insulation
in
windows
increasing
the
overall
energy
efficiency
of
buildings
href
img
class
image
square
src
itok
jvstxggg
width
height
alt
smoke
coming
out
of
chimneys
href
report
shows
marked
by
record
breaking
greenhouse
gas
levels
extreme
heat
and
high
sea
levels
href
img
class
image
square
src
itok
7
fhr
8
width
height
alt
ball
python
curls
up
in
the
leinwand
lab
href
how
python
wild
feeding
habits
could
inspire
new
treatments
for
heart
disease
href
img
class
image
square
src
itok
rydyaqwm
width
height
alt
elephants
href
studying
the
elephant
sized
issues
of
living
with
elephants
href
img
class
image
square
src
itok
gvc
yk
6
width
height
alt
person
with
head
in
hands
sitting
on
side
of
bed
href
low
cortisol
may
play
role
in
fueling
long
covid
study
suggests
href
category
18
class
button
ghost
read
more
at
cu
boulder
today
href
https://www.colorado.edu/today/media
class
button
button
gold
for
media
block
bean
type
block
section
overflow
hidden
in
depth
research
stories
href
research
report
boosting
nasas
flagship
mission
europa
img
class
image
large
wide
thumbnail
src
itok
ymmn
7
jtv
width
height
alt
an
engineer
ground
tests
europa
clippers
dust
analyzer
href
research
report
boosting
nasas
flagship
mission
europa
boosting
nasa
flagship
mission
to
europa
the
europa
surface
dust
analyzer
developed
at
the
laboratory
for
atmospheric
and
space
physics
will
investigate
jupiters
icy
moon
href
research
report
boosting
nasas
flagship
mission
europa
class
more
link
read
more
href
research
report
solving
solar
mysteries
students
img
class
image
large
wide
thumbnail
src
itok
zyoji
80
width
height
alt
an
active
region
on
the
sun
emits
solar
flare
href
research
report
solving
solar
mysteries
students
solving
solar
mysteries
with
students
how
cu
boulder
undergraduate
students
helped
answer
one
of
the
most
enduring
questions
about
the
sun
href
research
report
solving
solar
mysteries
students
class
more
link
read
more
href
research
report
sniffing
out
diseases
real
time
img
class
image
large
wide
thumbnail
src
itok
vs
06
mv
8
width
height
alt
qizhong
liang
phd
candidate
in
jila
and
the
department
of
physics
demonstrates
how
the
laser
based
breathalyzer
works
in
the
ye
lab
at
jila
href
research
report
sniffing
out
diseases
real
time
sniffing
out
diseases
in
real
time
breathalyzer
based
on
frequency
comb
spectroscopy
quantum
tech
shows
promise
as
non
invasive
diagnostic
test
for
an
array
of
diseases
href
research
report
sniffing
out
diseases
real
time
class
more
link
read
more
href
https://www.colorado.edu/research-report
class
button
ghost
read
more
stories
block
bean
type
block
section
overflow
hidden
research
community
events
script
type
text
javascript
src
https://calendar.colorado.edu/widget/view
schools
ucboulder
num
5
days
90
match
any
skip
recurring
1
template
card
types
show
types
0
express
cc
href
see
more
events
block
bean
type
block
section
overflow
hidden
research
reports
href
research
research
report
research
creative
work
img
class
image
large
wide
thumbnail
src
itok
qdfgx
6
width
height
alt
cyanobacteria
dynamic
living
wall
at
refresh
exhibition
href
research
research
report
research
creative
work
href
research
research
report
research
creative
work
img
class
image
large
wide
thumbnail
src
itok
vyrbwol
width
height
alt
hyperspectral
imager
for
climate
science
hysics
href
research
research
report
research
creative
work
href
research
report
img
class
image
large
wide
thumbnail
src
itok
6
ixfoa
width
height
alt
engineers
at
cu
boulders
laboratory
for
atmospheric
and
space
physics
lasp
perform
last
minute
inspections
of
the
hope
probe
spacecraft
before
its
shipment
to
dubai
and
the
tanegashima
launch
site
in
japan
href
research
report
href
research
report
img
class
image
large
wide
thumbnail
src
itok
ge
to
2
width
height
alt
researcher
with
covid
19
test
results
href
research
report
href
research
report
img
class
image
large
wide
thumbnail
src
itok
emtf
9
width
height
alt
cu
boulder
researchers
walking
across
the
arctic
to
study
climate
href
research
report
block
bean
type
block
section
overflow
hidden
img
class
image
large
wide
thumbnail
src
itok
tkotxf
2
width
height
alt
wil
srubar
with
his
invention
href
http://colorado.edu/venturepartners
target
blank
translatingresearch
into
impact
venture
partners
at
cu
boulder
builds
new
ventures
from
world
leading
research
and
creative
works
turning
groundbreaking
solutions
into
economic
and
social
impact
img
class
image
large
wide
thumbnail
src
itok
aj
2
wa
width
height
alt
lightbulbs
handing
from
ceiling
href
http://colorado.edu/innovate
innovation
amp
entrepreneurship
cu
boulder
provides
opportunities
for
students
faculty
staff
industry
partners
and
the
community
to
engage
in
innovative
and
entrepreneurial
experiences
and
mindsets
block
bean
type
block
section
overflow
hidden
research
opportunities
img
class
image
large
wide
thumbnail
src
itok
0
yz
2
zpi
width
height
alt
students
doing
research
undergraduate
research
explore
your
passionsno
matter
what
your
major
our
undergrad
students
work
withfaculty
members
to
participate
in
ground
breaking
research
href
https://www.colorado.edu/urop/
undergraduate
research
opportunities
program
urop
br
supports
research
partnerships
between
faculty
and
undergraduate
students
from
numerous
academic
areas
href
biological
sciences
initiative
bsi
scholars
in
stem
undergraduate
research
br
provides
an
hourly
wage
to
undergraduate
students
who
want
to
gain
research
experience
href
discovery
learning
apprenticeship
program
br
undergrad
engineering
students
can
earn
hourly
wages
while
engaging
in
research
with
faculty
and
grad
students
img
class
image
large
wide
thumbnail
src
itok
ag
4
nkah
0
width
height
alt
grad
student
in
lab
graduate
programs
graduate
students
are
integral
to
our
research
endeavors
each
of
our
nine
colleges
and
schools
provides
an
array
of
research
opportunities
for
graduate
students
we
encourage
students
interested
in
graduate
studies
to
reach
out
to
department
to
learn
about
href
specific
programs
and
research
opportunities
href
class
button
button
regular
button
blue
graduate
programs
the
graduate
school
serves
as
the
intellectual
crossroads
of
the
university
place
where
we
work
to
educate
the
next
generation
of
teachers
scholars
and
researchers
and
to
develop
the
fields
of
knowledge
and
research
within
which
those
leaders
will
pursue
their
work
href
https://www.colorado.edu/graduateschool/
class
button
button
regular
button
blue
graduate
school
img
class
image
large
wide
thumbnail
src
itok
rgt
6
yz
width
height
alt
research
group
research
institutes
amp
centers
with
more
than
researchers
students
and
supporting
staff
cu
boulder
12
research
institutes
account
for
more
than
half
of
all
sponsored
research
dollars
at
the
university
making
major
contribution
to
the
university
research
and
education
missions
as
well
as
the
local
and
area
economy
href
class
button
button
regular
button
blue
research
institutes
cu
boulder
is
home
to
over
75
research
centers
housed
within
academic
departments
or
as
subsets
of
the
research
institutes
themselves
they
can
be
found
in
all
fields
of
the
university
including
humanities
and
the
arts
social
sciences
natural
sciences
engineering
business
and
law
href
class
button
button
regular
button
blue
research
centers
block
bean
type
block
section
overflow
hidden
block
section
background
image
url
itok
im
2
skhtl
media
all
and
min
width
px
and
max
width
px
block
section
background
image
url
itok
oqsdnnk
8
media
all
and
min
width
px
block
section
background
image
url
itok
jkr
4
qexs
media
all
and
min
width
px
block
section
background
image
url
itok
ioigzhgw
post
wide
after
content
after
content
after
content
2
after
content
2
footer
section
footer
href
https://www.colorado.edu/admissions
class
button
button
large
button
full
button
blue
apply
for
admission
href
https://www.colorado.edu/visit-campus
class
button
button
large
button
full
button
blue
visit
campus
href
https://www.colorado.edu/advancement
class
button
button
large
button
full
button
blue
support
cuboulder
get
help
href
get
help
safety
health
quick
calls
title
class
menu
link
safety
amp
health
services
href
covid
19
class
menu
link
covid
19
information
href
http://www.colorado.edu/today
title
class
menu
link
campus
communications
href
http://alerts.colorado.edu/
title
class
menu
link
emergency
alert
system
href
http://www.colorado.edu/orientation
title
class
menu
link
new
student
amp
family
programs
getting
around
href
http://www.colorado.edu/map/
title
class
menu
link
campus
map
href
http://www.colorado.edu/events
title
class
menu
link
campus
events
href
http://www.colorado.edu/pts/
title
class
menu
link
parking
amp
transportation
href
http://www.colorado.edu/visit
title
class
menu
link
visit
information
information
for
href
facultystaff
title
class
menu
link
faculty
amp
staff
href
http://www.colorado.edu/parents
title
class
menu
link
families
href
https://www.colorado.edu/today/media
title
class
menu
link
journalists
initiatives
href
http://www.colorado.edu/industry/
title
class
menu
link
icon
menu
link
business
industry
collaborations
href
http://www.colorado.edu/dei/
title
class
menu
link
icon
menu
link
diversity
equity
inclusion
href
https://www.colorado.edu/free-expression
title
class
menu
link
icon
menu
link
free
speech
href
http://www.colorado.edu/entrepreneurship
title
class
menu
link
icon
menu
link
innovation
entrepreneurship
href
http://outreach.colorado.edu/
title
class
menu
link
icon
menu
link
public
outreach
programs
href
http://www.colorado.edu/sustainability
title
class
menu
link
icon
menu
link
sustainability
href
title
class
menu
link
icon
menu
link
understanding
your
cost
of
attendance
footer
footer
menu
footer
menu
site
info
img
alt
be
boulder
src
href
http://www.facebook.com/cuboulder
itemprop
sameas
title
facebook
facebook
href
http://www.twitter.com/cuboulder
itemprop
sameas
title
twitter
twitter
href
https://www.youtube.com/cuboulder
itemprop
sameas
title
youtube
youtube
href
https://www.linkedin.com/school/cuboulder/
itemprop
sameas
title
linkedin
linkedin
href
http://instagram.com/cuboulder
itemprop
sameas
title
instagram
instagram
href
http://pinterest.com/cuboulder/
itemprop
sameas
title
pinterest
pinterest
href
university
of
colorado
boulder
regents
of
the
university
of
colorado
br
href
https://www.colorado.edu/contact-us
contact
us
href
privacy
href
legal
amp
trademarks
br
href
https://www.colorado.edu/accessibility
accessibility
href
student
consumer
information
href
https://www.colorado.edu/land-acknowledgment
land
acknowledgement
href
https://www.colorado.edu/policies
policies
href
https://www.colorado.edu/jobs
cu
boulder
jobs
download
the
href
clery
act
annual
security
amp
fire
safety
report
or
href
https://www.colorado.edu/police/clery
request
papercopy
fromthe
cuboulder
href
https://www.colorado.edu/police/
police
department
site
info
return
to
the
top
of
the
page
script
type
text
javascript
src
script
type
text
javascript
cdata
jquery
document
ready
function
if
modernizr
svgasimg
jquery
img
logo
attr
src
script
type
text
javascript
src
script
type
text
javascript
window
nreum
nreum
nreum
info
beacon
bam
nr
data
net
licensekey
nrjs
ba
44
ad
85
be
applicationid
transactionname
1
nbbbdrdbeabhbbwvyzbeomh
00
ldwebshhixkk
queuetime
0
applicationtime
22
atts
qxrygl
9
lhx
8
errorbeacon
bam
nr
data
net
agent
