jfif
7
2
1
qa
2
3
br
cdefghijstuvwxyzcdefghijstuvwxyz
1
aq
aq
2
3
br
4
cdefghijstuvwxyzcdefghijstuvwxyz
lz
qe
bzlre
qe
qk
re
re
qk
ibp
qe
qhae
qf
ls
hb
rr
ike
0
zlp
ike
6
jz
rs
rp
lr
qil
rp
rs
4
rp
rrj
qk
qe
az
ke
rj
1
kkj
hbrzj
bv
qke
1
zpi
9
pzv
bw
st
9
4
nv
0
sw
ch
uv
7
twe
qe
qa
8
iq
7
ze
2
qhr
sk
8
7
byf
slmm
fbmk
63
qsf
qn
qe
jz
jjz
rp
hr
bqe
rrl
qe
lrs
qkj
jls
in
iz
1
bxj
rrl
6
rp
iki
rb
zj
jjz
hz
hbrkh
re
qkjp
bp
qh
ke
re
qk
qke
rlr
rhbb
qj
qk
4
ga
pzr
9
0
hp
9
zu
ql
xg
85
md
fxt
cg
fp
bsu
vr
mu
ufim
ch
qw
si
qm
bu
2
jz
brrj
qil
rbi
inbqk
1
rp
rr
lqkhh
qke
qe
0
jz
hbrr
1
qlrhbrrjlr
ine
rr
rq
qke
hz
qf
1
ke
ke
rj
qe
iqh
kp
hx
qe
1
kke
bqp
5
cb
qk
6
1
1
rjlsilb
ju
qu
rs
1
iz
bm
1
ike
1
bz
bjf
qe
lrrl
bjju
rb
1
ke
6
1
iz
qe
6
rb
sil
zlp
ql
qp
0
zjj
qe
1
khae
rk
ke
1
0
1
kh
qzc
rz
lq
lqk
1
qem
qw
sk
qf
qv
7
se
1
em
hb
1
ke
7
bi
1
ju
jm
1
ike
7
lp
rl
lch
lr
rp
qke
jjz
si
1
in
jjz
jj
qi
lrbhe
qe
0
rrp
ike
rp
qkf
ki
qlbrs
1
in
1
ke
qpj
qe
qk
rh
hzj
rp
0
0
1
ke
qe
1
qk
qf
xj
qk
hbw
bm
rblq
qf
1
nxn
1
1
ku
ls
41
rs
1
1
qje
0
jz
jjv
1
in
0
zj
1
ke
jv
0
rl
4
bqki
in
qe
7
bqki
0
jz
1
iu
br
rl
ts
4
ii
qzjz
rh
qe
re
zlrq
qzc
qe
kh
1
ke
qj
qk
1
bqe
rp
lr
silrb
qf
brbls
rblrbi
cn
0
ls
ju
jju
7
ke
1
jz
bq
ql
1
ki
1
qzj
ike
jcn
4
1
zj
qa
qe
0
jz
rs
rp
jz
lrr
nn
1
wc
kjqlu
pnu
9
4
zx
7
ysoyj
iuj
rb
rf
re
qzjz
qn
qk
1
1
kh
qkzw
kz
biqk
qk
qw
silqn
sf
rlr
1
in
jqlsilv
1
sm
jb
io
bi
rb
hr
7
rl
kf
qke
0
qf
qf
ph
rm
zj
qe
zjj
rs
aiz
jj
qe
rp
ike
zj
1
kjk
mucvxjk
6
gb
sznj
gvg
7
gf
nxbt
dx
4
fzs
6
rkh
0
qkz
1
ke
qk
re
1
kkj
1
nb
nnqj
gojk
vjlaz
0
3
ud
gxt
emks
6
gwe
2
ron
0
yb
es
vzml
7
9
ey
7
brdnun
0
7
3
qlktn
0
ke
qe
0
qe
0
lrk
rr
qhae
iqk
1
bbz
si
qlbbim
qb
6
1
6
rs
1
in
ju
1
rs
bbr
rl
rb
zj
qe
he
qkj
jz
qki
qe
qm
8
lp
qji
roa
0
sz
enq
qyw
uf
3
7
sq
kion
6
nqyz
oc
1
ui
mrki
6
xvwg
ikblig
8
az
qd
ybp
gl
9
etrb
8
7
7
zd
eoh
gz
3
ij
ifz
gdj
ci
lt
dv
cm
9
ei
xetvc
2
gh
pktjmm
3
qp
3
rn
7
ion
9
bmik
hf
bhv
9
rr
0
yr
rs
sl
8
rkh
zc
ke
qkh
1
kh
qh
qn
rh
qhbj
kl
qhqe
3
bp
1
1
wv
gr
ae
rp
ls
rs
6
rp
rrlch
nci
jb
qe
0
in
0
ilch
ch
1
qke
in
qki
in
rs
qe
1
qhbrs
1
ki
1
ki
ii
1
3
lzw
1
lta
df
er
0
aqp
ag
hq
adsv
idei
8
hg
9
pe
en
2
6
zviy
swy
dh
1
gngop
7
nx
kmd
rq
56
yo
0
eb
jlc
ki
9
ii
0
lwqp
ww
nj
ps
zp
4
htcp
1
8
mke
qj
rr
6
qz
qe
pe
ke
1
kh
pp
kf
hck
kr
0
qhaa
vwze
4
jcsei
1
9
iae
qh
jmw
24
ny
bpq
2
8
4
aogb
bobq
oj
kp
hbrr
rb
6
cn
4
8
6
zjc
jz
rp
ike
0
qz
nbrr
ju
jz
zj
cl
ifd
5
ann
eiepsxwc
4
zn
og
cn
zlz
8
5
il
iza
15
lih
mek
5
qzdh
uu
5
gh
0
napx
qp
irt
nw
60
wim
ih
8
nxhy
epsj
3
od
uv
tm
gb
oo
olm
7
cs
gc
uumk
1
hkf
lk
op
1
1
hcda
lfr
7
oars
6
1
3
in
qu
wj
ie
3
cusx
rnf
fvr
1
09
ilsqg
3
sb
hm
pe
jzup
bu
5
fu
kc
9
lz
va
rjmhg
84
rr
wi
pw
swm
td
cgj
0
4
oky
hci
9
oa
wm
5
9
9
ip
1
ieel
6
we
9
eu
2
xk
emrkyx
7
oxuxknwn
kc
eu
9
2
rayg
ar
zr
oze
9
gcdn
8
vs
0
rg
wx
4
qe
ym
ytpw
9
ruve
fu
0
sf
8
9
hov
us
ntqkqqb
assrw
9
by
hdd
jm
1
hne
5
aj
6
vyi
8
ws
ua
xs
8
bv
fe
yqe
qe
qe
qe
qe
qe
qe
qe
qe
qe
hbqe
he
zjb
1
rs
0
he
in
in
rs
jjju
rb
zj
ql
kjlqzclbqkjlqke
ahih
4
jai
pk
hp
9
sfntly
vpqqyk
kgx
7
cet
0
qnyuufap
ca
pi
de
0
1
da
qqf
zn
4
sxfnr
8
ma
vd
54
ribh
1
ip
kt
8
ve
11
lr
erpvb
vot
4
kb
nh
ywp
0
okzn
xwwqd
6
wrd
5
9
iobksdf
80
ke
3
zv
ojwi
mj
yqj
jje
4
hms
1
ts
7
st
tmbq
unkb
2
gce
76
nds
yr
mo
4
zc
4
iy
3
ich
rsrqi
gg
fim
5
kz
fc
zv
otox
wg
1
pwj
us
5
jbnz
4
im
33
2
8
zvxshz
jci
oq
fea
8
uk
et
cgm
vq
6
1
yu
43
rj
73
kq
1
gj
7
4
nsl
rm
5
dq
xk
ht
nx
jzw
hmu
4
uej
ss
2
1
iv
0
hvf
hyp
0
cb
98
nx
kzplkh
2
22
th
oyg
8
ifvz
3
0
0
3
dh
2
7
8
9
eajgvy
rvi
8
1
4
vkr
7
4
fmv
7
0
je
so
zi
3
qmd
deto
6
3
pzmo
dk
9
um
ri
px
um
zmb
5
5
tzm
cja
ds
2
fp
9
63
za
msw
7
glm
ko
fvm
jj
chkip
qj
rj
rk
cocez
6
7
0
9
4
yu
xs
9
kks
zg
gze
ppf
2
4
qhh
to
9
sz
0
lzfma
czu
jwq
kk
1
qh
zjsx
oori
yj
7
hc
4
maest
3
hbrrp
1
ke
6
jju
1
jz
rs
4
rbi
jzcl
0
zj
rl
bi
ike
0
ljls
qkj
hbr
ke
0
7
bm
rp
qe
qe
ke
6
qe
qyk
jn
zvf
6
rj
xx
3
ja
uk
srk
1
8
kbkhx
hms
xjnghb
2
gy
qlu
uu
5
seg
vlq
5
nh
5
4
aymy
ra
2
uo
zm
4
0
ht
rs
jc
kx
3
zqk
2
2
nkx
vh
sy
ycq
mnxv
tmb
ck
3
sv
id
ml
3
ec
9
4
mfm
tch
ndzm
2
hu
hexlyud
vf
5
rytr
mk
71
wg
xwt
qukgo
ym
0
xt
turd
07
zwh
5
tr
zx
0
6
5
nvnh
kw
zsj
8
0
sv
8
ej
vehk
8
ft
ghdkit
sv
6
5
ks
yd
on
syw
6
6
ghs
8
svva
sze
za
maw
rd
9
wiz
yt
dn
lc
iz
qp
9
2
wxr
dumt
0
2
pu
dy
7
cr
0
ug
4
piy
8
alh
1
2
4
ss
wamgp
9
jw
8
6
vs
tiu
scke
2
ir
zn
imz
khgv
itm
im
houetkk
9
ae
rp
qe
rs
0
qkf
ju
0
rj
rs
0
zj
qe
lp
rb
qe
lqz
rl
ki
qwe
3
qj
gd
61
ivpg
2
tx
wjj
28
wzzv
qkq
xd
7
nuswzg
89
cts
9
yh
sttxol
ue
0
ekfmrv
xo
qmb
vd
hus
11
ubd
ipj
gs
uo
7
sb
wrn
qt
jkt
nzz
9
epe
gc
mr
ovoxem
5
mqztod
5
wgiy
6
mm
os
zmu
go
kskf
2
kg
nb
4
ycn
pm
7
6
sk
3
3
ol
af
4
ex
lp
skcv
wkf
3
vc
7
yziu
6
bp
9
7
2
0
ut
qy
gq
xotwb
17
ajf
klt
3
qwf
4
sd
8
cn
re
ldq
qba
5
fds
zu
3
4
bbov
xbk
sw
rh
ur
ya
fb
nqi
3
erq
2
bps
qr
1
iocp
9
62
pqmojn
qvnh
qm
uu
bd
so
1
ox
wkd
vhhw
hzf
9
6
dpg
14
mo
nh
5
gj
wn
ss
ri
zp
3
suoq
izv
zssj
hu
ozm
lc
08
4
2
7
bg
8
rj
abf
mj
9
oj
7
2
yc
2
49
8
5
7
it
6
sh
zdak
jlaleoy
tmuov
76
pf
etm
4
xhq
ge
cc
se
opge
xopui
iz
cs
9
qe
qe
zj
qa
ike
0
ijh
4
4
jju
qe
6
il
rrl
lrs
1
jju
af
ee
3
4
cv
fo
rb
ozsz
2
nd
99
je
wp
5
ks
7
cq
ux
wv
sm
dbzv
vrm
4
1
5
tq
8
fv
mxcf
jy
dq
8
vtu
9
ehbi
bp
3
5
xw
fv
xxof
az
irb
0
bqgf
hz
qq
vqmpf
4
7
2
bfi
pol
rno
wh
gtsw
ep
1
md
vzcpzgdqha
wzouvn
ju
seno
1
sr
mw
rxd
9
4
sdyh
5
6
uqe
iki
ae
pijb
1
bqkilaiz
6
lrs
qkil
rp
rb
jjv
jjju
qe
hij
rs
qil
jzc
th
3
0
itze
sr
2
hb
ap
7
8
ohc
48
ykl
br
69
ak
rx
xk
sk
4
ciq
qb
xsm
8
7
cc
4
hv
9
5
idumi
ozm
dc
mls
gt
7
ww
4
ixxz
sozpod
0
ve
fl
kx
9
5
vlg
neg
az
exm
dv
1
kh
ae
27
0
9
tg
wo
cze
6
xtqojm
zq
sru
tv
mr
9
sjz
5
mg
ip
6
vg
uf
4
eq
qe
sf
2
wqh
4
buznk
5
tyn
2
dc
ko
zf
yjmx
fia
7
va
vrp
xg
8
dx
dtr
cy
83
wy
kq
sl
4
1
1
vlftn
9
csim
9
5
rx
5
7
yg
8
resxt
ae
5
ge
5
te
9
1
9
vvva
lyn
fsv
3
0
hrfqw
4
gg
yf
ii
9
oq
8
veyd
5
ncw
8
pkggr
gq
06
qep
4
rp
qe
ike
lch
qki
hb
8
jju
rp
qki
0
zj
4
be
6
qe
0
xx
mj
pgve
1
sn
ekvpw
df
2
wftyy
ry
8
jh
5
go
5
uiq
swftw
nbx
yvy
fk
6
amldva
sz
cnk
pj
yn
5
wfzors
jcs
1
oq
ln
gq
7
far
im
zas
97
rt
ja
iy
wv
xnx
6
lh
rn
8
54
zm
dc
ux
5
2
4
sa
2
ft
qm
zp
sk
3
vp
9
82
uo
4
kw
zc
5
ki
sz
ovsh
5
li
lasvo
5
6
tzz
3
ve
wy
74
pi
5
7
cq
dp
4
4
2
nsqri
pi
tyd
5
pp
8
gr
esk
5
qk
2
ynr
wsuh
1
0
ajfdd
0
su
4
7
lxtol
3
5
hz
nbhda
kz
zlh
wq
9
5
3
ap
tg
dzvv
ty
5
mg
bh
oe
felmlo
wyki
9
pszqb
2
qz
7
3
qv
5
ngiw
qjm
gu
rrg
wjo
6
kkm
5
5
tk
etd
5
ae
qe
hid
kz
6
xzhpqbw
25
9
zhmcm
58
km
9
ozq
nst
nhb
6
fh
0
vmvz
9
oz
nz
6
9
6
ar
np
ca
9
5
6
ng
9
vl
5
zw
zqr
vc
0
fee
2
54
jd
iwh
9
if
6
yzvgwnid
ycm
23
5
wz
ev
2
3
ytu
nv
ig
avq
3
tbwuls
5
cur
lu
zql
jf
hw
8
wn
zp
6
uy
pgjpk
00
jx
4
0
cke
4
rsbqkil
6
hij
ki
ke
kil
ke
0
ju
4
kilv
1
qe
ipy
7
4
fecz
qqvg
7
3
oq
4
th
mbrmzv
4
5
rz
sqob
vam
5
si
qd
jjz
yit
2
hy
ifjrz
jm
fn
8
scr
18
tp
6
2
amk
wq
6
xa
kx
mfc
lkzd
mhc
wjvh
7
2
fr
ku
mr
4
0
pu
kx
aqh
iq
gl
xvx
zti
5
nvw
ap
tgky
urm
ta
7
nvqj
re
8
9
re
tuq
4
glph
lr
9
4
8
vi
imjj
lnis
lu
qh
mk
av
6
4
vt
3
xhl
bt
wi
5
rzv
ez
34
xm
vf
ms
0
0
np
bxz
xth
7
fa
9
ir
qm
byhmx
dnkb
qil
8
oj
6
4
iqe
hm
pb
qw
jz
ta
ovfvo
lw
3
5
9
vdrf
dy
oxi
wt
8
lh
lg
0
6
dq
oa
sea
lv
4
doj
4
ks
43
irjl
1
gc
vec
pi
0
du
zybz
6
an
0
0
si
gw
kk
mlqr
0
3
gj
km
8
jh
xqwb
1
hdh
8
5
io
01
zqhg
1
qw
4
jx
3
zj
ed
sit
rgq
mp
3
2
4
xg
1
5
0
ui
7
nljkt
tdl
jo
vwdu
64
qhdglz
9
ml
6
tv
4
rgpb
ddl
rmxwgc
2
0
ma
2
yte
uhdn
9
zwmzww
9
qthqe
rr
qkilbqki
ju
1
ke
1
rs
1
inbrb
qe
in
qe
ike
0
zj
6
qe
poaou
7
5
citn
1
vd
3
kyy
8
6
ob
5
6
ayol
7
jw
ukf
8
jo
1
qjm
jm
vo
9
5
an
yz
0
pmwo
in
3
1
jim
hzil
tt
2
zu
ix
1
0
zxny
wk
dy
sg
erb
0
hu
1
nl
ly
8
jo
5
sr
8
7
el
noxvho
be
be
qi
irf
3
np
kz
mvt
6
rmm
11
5
xs
1
rkdyy
3
7
je
34
aa
7
1
9
qwe
6
gx
7
qf
8
pnht
5
th
7
1
kgis
rq
8
wt
nm
rgyt
zo
tzoksp
uxa
5
mi
6
ir
qm
wtur
ebbq
gi
0
ekrfz
0
2
df
8
sq
lpv
dp
8
0
4
2
0
1
vk
xhn
bf
va
7
krysu
0
qd
mw
1
vi
7
aqg
ts
6
fu
1
vysh
cp
sn
xv
aeeg
0
tc
yn
qj
wyc
4
ex
zm
zjk
qh
zg
qe
qe
ri
rp
qkilbqki
iu
4
11
in
jju
0
1
ju
se
oz
or
2
sr
ch
ty
na
4
ti
4
vp
7
jtk
4
1
mrc
6
wm
ir
8
zth
lqdyd
usikv
rh
5
7
tm
rs
0
ff
3
rft
1
dqnwb
6
cj
fy
kd
kpl
6
suoe
bf
vw
9
igyqui
68
7
zu
kw
8
sgk
2
hk
de
1
esm
ya
5
zd
iays
wb
gzlz
ku
9
nw
uih
4
0
tm
eb
vs
4
pg
rck
6
ue
ls
xn
1
my
6
uz
hc
qgc
ptq
4
iqsx
nyjj
0
9
cknbq
du
oym
2
htu
sr
6
ly
5
xku
bkei
rwuuh
bmg
6
reexi
6
ngtc
da
jomb
7
cxvwhn
5
rn
1
ymx
bktxyy
hc
hjd
xjb
7
1
ro
tqz
va
tn
7
tgsw
ms
5
ew
1
8
zx
sv
fy
ax
ntg
wmfjd
9
7
xf
jsz
5
ne
3
rz
aur
qe
qeu
8
kdfzy
2
fnx
7
9
co
ns
2
qm
mqyn
krm
7
6
rn
7
sz
6
45
61
pc
3
hg
op
qge
bav
uni
9
jd
av
6
ssa
ji
xly
8
3
px
3
tz
4
nt
ji
4
9
0
yq
7
zv
qv
rrp
iki
aike
klbqe
rrlch
4
rs
ike
1
rs
ike
0
jjz
rbm
0
1
rp
4
llr
hvgx
3
gy
cp
nzm
8
02
iuf
8
8
zoch
gdypp
02
ogbym
9
5
fw
4
kkh
2
5
gn
ot
0
8
ba
3
mhx
qf
1
3
ugvp
5
cng
5
qns
wleh
ci
oetw
4
lo
5
gml
8
gywvmmu
sl
6
3
qz
3
yy
osee
4
sgmw
1
bp
sl
rikhx
8
na
6
azv
7
xeui
ml
xjm
5
sl
3
oq
5
bb
9
5
cs
6
qb
ucp
da
9
ea
uvz
gc
zjz
0
8
qx
vg
nz
scx
gx
3
2
mk
zg
bu
endqz
3
fxq
xu
rxf
0
rwtky
8
iyth
6
qulw
mv
6
gq
51
eb
5
trk
ks
xak
2
nt
7
qz
pe
mcxrt
6
cz
4
qsxnj
26
5
pa
1
4
lwh
mlyx
qe
wc
lwxzh
oy
xctg
fy
aw
1
1
rq
mejer
9
8
8
5
qq
iis
0
7
jwko
6
ssi
ji
7
jc
1
gs
pd
ov
lm
jozx
tb
6
pby
9
lz
fz
gk
gf
bxyr
iv
0
3
sacpb
9
aav
dtcff
ve
cy
9
sj
oro
oqa
2
tyr
yc
ie
ka
gk
phco
21
mku
kg
7
3
qe
ae
qkil
rr
ike
1
rs
1
in
1
bz
lrs
0
1
ke
6
qe
2
xx
jb
svz
3
jvvg
tpo
rnz
zz
lu
xfdnp
8
7
kl
4
xo
sqvo
9
zmh
ep
xm
9
zdq
qm
bpr
xkmad
qy
akhhvye
lcro
5
smq
cxc
59
9
ku
nk
1
rsx
57
6
lff
8
cqo
tlp
1
bhm
1
4
nri
hx
ggnazmyf
0
dsvji
kcee
7
fobk
8
3
rph
7
eun
53
rk
dxt
fmbdwrt
2
sqog
3
8
kyt
vf
js
3
tn
5
bdri
8
5
cy
0
bggtl
gi
4
ly
9
5
yb
wqdhxz
7
rk
ztv
hi
bj
bsf
jcml
ws
vb
dnn
cjmjkx
lld
2
qcc
kc
ofi
1
0
or
dtiqi
ytqqf
hw
px
viw
je
qpom
4
ki
bvppszb
di
fu
ljd
74
4
3
8
7
zpqch
yp
vy
7
iu
gf
kt
8
sx
ip
kkr
hn
gsq
8
kk
8
8
ix
gme
5
ahx
ppb
pjp
5
3
jbc
5
0
hi
8
gq
8
dj
2
qs
3
fl
2
10
75
ie
geu
ka
2
jwli
st
sov
yx
vsc
zf
5
2
fh
tw
8
6
1
8
cm
0
vo
svzd
4
qeyqe
qe
53
cu
9
qiu
rbc
5
tg
2
izywf
7
qg
6
mr
5
gjw
rnnk
iyevm
pb
3
xsl
st
1
htqv
zg
5
7
ll
cr
rech
zr
9
hi
4
uqe
qe
4
qe
jj
kt
3
esn
1
fqyuk
gzbj
94
xg
8
yg
9
oa
tytv
hq
tsg
bsz
9
gh
jea
ih
tp
lqkf
ju
0
aike
4
ji
0
ijj
he
jv
rk
yb
9
ufcq
8
uzd
0
6
fc
1
wco
56
2
js
yc
po
6
8
2
cxed
6
td
kfx
ste
hq
2
ktz
9
1
2
kv
bcz
8
jy
jpq
wc
4
6
db
we
57
ikp
7
qxp
mfh
fn
hk
falz
4
soq
6
ytq
rxi
gsd
5
om
50
1
tv
dt
4
1
tk
0
2
yq
iw
ekyx
wk
ry
9
th
nr
rvzhm
3
jso
zk
4
mhe
3
yk
ii
ni
fi
3
sy
5
3
8
ime
2
yk
hfu
itl
5
snt
5
9
5
cv
sz
4
lqufr
gk
shi
4
8
4
7
srbq
xdpv
csl
9
nno
zqk
gyz
3
pzg
ovm
srp
qe
vf
4
zu
7
1
wi
58
didn
rru
3
em
pese
ylhojw
9
tbz
3
dx
0
fzfs
6
2
af
4
7
hk
tv
2
vhn
gyig
nu
wx
fu
qeyqe
qe
28
6
gh
ij
1
wg
ly
nv
xsh
3
cht
3
ur
0
so
uzexi
2
mn
zye
xlng
vvf
dv
9
ff
1
4
8
gx
fo
6
qy
upa
ss
rxd
ic
1
wm
2
rm
0
9
res
ld
2
uo
8
aizc
wso
4
ql
kwt
jc
6
zui
3
7
qguy
vgfhzg
ki
wo
uokt
4
5
it
ynv
tlv
xzzuq
uqf
8
ae
iwt
lbx
7
4
rp
0
zlp
ike
0
cypaz
wjiht
by
9
ai
ws
6
sw
5
ukm
5
uq
xtr
7
4
tx
wo
zvgxr
6
mn
no
uwqm
xui
xn
key
cy
pe
qq
miy
4
ft
wo
mh
mcwk
cm
kc
ldm
fsp
9
qf
9
gudl
1
5
shnj
ug
fua
5
mhsni
4
wsw
uj
dmuvr
iyji
7
rlc
73
cm
2
3
0
zws
5
kh
yz
0
tvz
2
gmk
3
dt
xsh
1
xt
2
ohaoff
wd
rvi
gw
0
imlj
zhzv
1
7
8
on
7
4
kpk
rilk
rhn
tk
vv
1
gy
xd
ht
olo
bo
mul
cr
6
gu
fr
yr
te
3
mew
ay
8
sj
weyue
0
ji
2
ui
2
oc
7
bg
zvafusy
xm
ctg
0
aev
xwg
khz
jnck
sj
atyk
um
deu
8
bs
9
hd
48
9
pa
sads
ro
5
8
qw
3
th
hczo
yc
upn
yn
xbxbh
qv
8
2
npsq
ixt
gzv
vw
uvf
6
qthz
uul
9
tm
qmk
zy
3
5
ub
sv
hc
4
ritz
pzkb
ugf
tl
ls
8
4
1
ab
rv
5
lls
cx
8
qe
9
et
3
yv
8
ok
lv
6
yoa
iwjw
4
7
bqzuis
1
mrqfv
0
id
tnwxp
pd
me
pj
ojo
xa
vsaci
1
uv
krya
8
rl
0
5
vp
ik
qlg
2
azzus
4
nvs
9
sr
8
ai
ifhc
8
lfuc
3
ge
jsrbih
sdo
8
2
mt
nbtdp
ga
ti
ui
vt
7
4
vy
1
fgznz
9
sp
me
zto
cb
fqx
2
zd
rb
jjv
in
in
ikp
5
5
4
3
8
ta
2
xv
9
uce
4
1
fa
gb
8
gc
0
qq
9
fg
1
6
mb
vhto
0
uy
mw
vg
hogeti
9
99
sryd
kh
9
hlh
iq
4
lv
wc
7
ce
5
paqa
89
1
uqktem
ohcwkgei
ji
uun
4
3
vmnn
di
3
ry
9
iz
ya
xr
7
ze
8
7
lz
jtg
du
zt
sjyo
9
ym
4
sxeau
zaf
ei
rp
2
ui
rm
4
mbg
wo
ackn
ef
mag
4
nc
yeomq
fa
8
xb
oz
wr
zq
iqfw
ko
4
9
hzfd
0
gk
ygl
8
yh
rk
4
wnw
jec
kh
9
5
jo
7
mouco
2
zx
5
qyo
4
qbmm
sqybl
6
us
ui
pt
wa
2
2
flny
94
hwjn
ssr
gi
oqy
hg
9
0
8
34
94
sgnrsd
9
yi
75
iu
4
4
5
jvk
hvg
bu
7
pj
9
jo
9
0
vl
zzx
1
4
ykp
uet
1
lswusrhqdr
vlo
8
bri
4
zc
avz
3
lii
vc
ed
dq
1
raqter
tnfwj
kf
jz
ud
8
sypv
0
qj
1
rg
3
7
ky
zh
8
7
7
yqmhxd
juzg
qs
qe
uxf
63
hf
6
7
8
3
7
yc
7
ct
26
kq
jexq
cn
fz
0
vf
tj
atdsurp
5
1
dh
9
pemf
cs
6
fqn
ya
7
xz
ohj
3
yt
tf
ap
zp
4
9
emh
wp
7
cyq
wf
da
5
5
isccq
je
2
yfebsv
dq
4
cm
1
vc
2
lek
uyb
nisn
72
sn
5
vd
4
6
jx
if
rf
8
jqik
65
qv
yj
xm
9
zq
ckg
0
4
uu
zm
sq
quz
du
5
eb
0
4
2
7
uf
3
20
xu
qtnm
svdfcryimcgc
3
1
gaz
3
plagn
tnh
7
qf
ztu
6
yp
zv
qwg
rjh
qhf
rx
1
nk
egu
lec
odmkdr
3
izoex
tn
ziiczyei
lb
vn
hm
cf
2
ex
iik
vl
ix
5
ztby
3
lm
8
jolrqalskcjzgt
2
6
9
wvx
fg
da
ece
01
fja
7
4
rg
5
mv
se
bo
0
sjbz
rxa
5
2
2
yq
wfhlkd
tkq
fuu
spqih
mu
mk
0
xmu
bhc
1
ba
7
yb
ryqm
8
mx
nxm
nzaw
fq
5
ksjq
zbsk
4
mk
4
bx
6
5
aua
3
lynas
42
14
xl
3
ib
pp
9
jc
of
he
5
vhb
6
qj
1
dv
7
fk
tywnss
2
ntujt
9
2
4
kh
zs
6
iujydf
5
jf
3
ic
th
fx
gzc
uq
eh
9
eq
oytf
6
uc
cotiy
ofp
6
xgszn
6
jd
5
fd
yn
ljm
kc
du
20
hcu
ownhn
1
3
5
bd
8
8
xuk
2
nkst
hu
ve
7
8
shv
ml
jtqwd
61
9
pzu
vo
3
hg
2
dye
ey
9
qnso
aste
szt
0
qaw
4
tg
5
7
ze
xji
8
qd
7
bk
8
moaw
xz
icen
it
34
2
gs
qnrrfo
4
js
09
lvp
2
wm
tr
7
yrg
sx
js
6
tv
2
yw
5
tixum
au
5
txg
4
js
0
eqxa
gjzpw
1
dj
xjj
2
ay
xv
bw
7
ikll
8
qnsz
lk
8
pi
2
zdh
5
wm
rgf
ea
iqa
6
2
esd
hq
cwyh
5
fx
ianqsz
kn
5
gp
usk
9
xdvyyig
8
fqk
oo
xdd
gkw
qc
zn
igyg
6
xq
owe
3
xzgn
eb
dj
nr
4
ij
oldkoyst
lsj
75
hh
7
wf
sb
4
fmke
rn
4
un
dwl
dq
3
qqyt
syrbbqpv
4
xqw
dns
2
2
7
cmn
5
4
pb
2
qz
4
qf
8
0
3
gm
mk
1
rmdoc
us
3
xsgz
bv
cat
we
kk
sow
crvsvem
9
jc
1
9
rosn
3
ng
osd
lzg
5
nz
4
9
ei
8
iws
yh
up
6
rz
sb
jq
laal
ozcpz
3
mu
fd
8
8
gz
qe
gg
ag
7
5
cyj
9
fs
4
sj
sh
6
4
use
0
1
1
vt
6
ar
7
dc
ayio
3
il
1
pof
pe
cc
ak
ri
ufp
jv
mf
8
bst
ofc
9
ie
1
we
qil
2
lsn
ju
0
1
in
0
qi
dc
9
qf
zvzu
1
tv
vtr
2
5
si
vrcvoypkt
mux
1
ieas
ychsv
qybo
9
7
sze
4
dixe
im
ia
13
zr
18
xha
9
zhgg
hy
1
ft
3
0
78
00
fjwa
0
dqwo
hrw
6
3
tv
bfn
jm
5
dv
wuuy
6
ekk
95
xzq
fbm
9
gbu
ss
9
hsjj
gqo
6
4
ql
8
jrqgv
iv
76
44
kd
4
edd
mq
1
1
zze
9
5
fcl
2
5
tp
2
um
2
icb
gq
gzurli
9
77
2
gjz
5
ox
9
sm
7
xj
xwk
1
fg
ia
0
lyz
3
mrj
0
2
8
pqobm
2
niq
4
wbh
4
vzt
1
ts
2
vd
xp
7
ik
1
ugc
5
akpeg
yizj
uvur
6
5
vuk
8
hxz
72
bz
47
0
qajk
xaqu
gchf
up
cs
srv
mr
bm
1
6
qp
5
wtzv
8
irpv
0
ei
vb
su
mys
ves
5
xv
fhsvq
nr
zh
znfl
qy
xh
8
uh
re
9
vf
5
pav
spt
iq
uu
yag
err
qmd
3
48
pwj
39
lrs
0
jjj
ayqpsnjrb
jz
4
qh
meie
itn
uj
kaz
0
aq
1
cpq
cv
kk
5
6
mjxx
1
cm
0
mct
77
7
2
np
nuq
pw
4
ee
or
9
wu
6
kv
5
ky
8
xp
5
5
ss
ne
wp
4
lu
1
qzii
it
sz
sy
8
zz
uu
vf
ijr
4
ug
kh
mu
qjvvme
ry
9
uv
wc
4
gme
1
jw
29
wi
se
0
ja
2
shj
yfasws
eam
eufbss
2
2
kx
5
fv
iqr
9
pb
ub
0
ks
0
89
nsm
sfy
ga
5
ko
xugh
ctcpnnih
lti
nk
11
qozy
1
4
8
ul
1
fbs
rhx
wl
iy
at
2
pvh
yh
1
ze
si
1
0
qh
fm
1
wx
yx
5
5
vnc
eutmev
8
htkn
5
ehx
3
teua
8
qg
2
hg
7
mzo
46
pk
jy
8
sy
wjo
rvi
7
hs
mfe
ounzt
vz
bcli
ca
81
wsw
tr
39
0
tut
ke
xe
ji
6
msznj
8
uw
1
7
znr
mv
9
jmyx
fdgp
wh
drpkv
bs
zs
2
zk
8
3
tnq
5
2
1
tor
0
br
sns
fa
0
oj
7
cv
7
qqe
9
njzu
io
tg
si
vsmi
ff
9
2
gqup
oc
ex
qkt
4
pk
9
phri
rr
7
5
de
5
oj
hm
1
tr
quey
rbm
qhvxw
xpy
4
vgcof
pw
ebg
hhan
6
aa
5
1
nq
7
idag
5
9
1
qq
9
he
uz
4
lh
zwy
4
feiz
0
1
nw
xq
qxr
5
rzw
6
ez
9
nny
csdc
xcjt
qnvw
xr
8
kib
dco
9
tc
0
4
ky
jy
qz
kks
cei
bxz
2
4
zq
1
9
2
qg
8
41
hy
ol
7
cvi
rw
5
3
je
lsr
ls
acud
ac
9
oz
2
jawc
1
9
cdq
5
watw
cux
3
kzx
8
xmn
wq
rh
fry
9
69
5
0
pi
1
paf
0
5
ozl
as
mqef
7
zqbc
jdbb
kdtr
9
09
wse
qz
1
ll
6
cemz
gm
jvd
uh
znz
sd
ni
dp
rxj
8
nrf
ot
vqeo
7
3
sxy
5
2
sk
2
yl
vrsjz
wbc
5
kc
ft
cb
gtn
syy
hx
gu
9
ir
0
jv
gbf
2
vyio
4
kka
qz
8
3
jt
6
lik
1
ykenlwhd
ssz
ye
ax
5
fu
ls
4
mrh
zf
1
jxxsw
9
rr
6
yq
0
2
0
rz
ry
2
ff
qo
kpbfc
jnk
zodu
jpi
sxg
ujsvf
nt
sb
8
wuuf
99
ejajq
jvqf
4
xyh
6
4
88
0
lx
ayj
dgrj
8
hercy
0
2
ty
wjuj
vf
9
5
ztq
dc
dz
qgx
jix
gv
kuo
2
55
reqzpj
gg
9
kn
7
srrv
1
lpparmk
lbk
xyqe
6
6
njt
8
9
mvhn
1
wa
7
hbqe
5
ja
ix
9
1
fjm
lrs
1
lbrsil
rp
rrc
qe
ke
8
qyi
7
2
wn
sybv
9
of
7
1
fph
ov
5
4
mzo
pz
wmurq
tozb
2
pvsxw
8
2
oon
swi
momi
qvo
co
4
9
uo
whx
2
zhdo
hjm
9
wnl
oo
sm
ie
1
aq
1
2
bujz
rj
hvt
5
gltyd
jgm
ptle
6
aeuw
bk
ieq
mw
8
2
gihm
0
tr
8
ushuar
jf
0
4
xmif
03
zehq
mqy
vvu
ezt
td
kr
te
2
zks
5
2
sq
kly
86
8
cp
ni
pmh
1
hq
4
mj
bh
4
upgca
sk
3
rx
3
hcpt
3
9
ipryb
sr
asfz
0
bz
0
yxqw
hq
6
oh
clmansd
0
csj
2
sj
qh
tak
hqd
rm
9
ky
xmi
vreqcmss
idrhnmv
sa
2
fi
2
79
rc
lc
3
md
2
ii
yd
8
iv
mnj
qtn
ck
0
gt
pu
pnv
2
qykwi
3
ih
je
joc
9
jjbz
ds
ulv
5
otp
pozz
6
ip
rwd
hwo
1
cpn
1
ie
uz
znp
hzu
wnk
9
4
tw
88
1
yl
vezl
lp
nniq
8
8
wp
6
mn
km
7
ubp
5
0
jv
5
3
8
sm
scum
my
8
0
3
kfy
eus
2
wu
8
hi
5
sucjb
47
hqs
kk
vng
3
tv
0
wj
pfwgr
3
ij
dhgav
2
11
ii
1
kjo
jm
3
jcodo
0
ais
aike
0
pxf
6
iu
lsic
rs
cucq
ju
qi
dh
15
kx
ah
8
9
0
4
1
wibdxp
hoj
ru
4
szg
5
9
nz
yh
mu
ck
1
grr
1
uci
3
kwr
ukw
ii
6
7
mk
1
egug
3
13
jj
tx
4
uazr
1
aq
9
kq
hnvfo
cvyv
29
6
sxr
hck
yd
okzkg
7
au
ck
gce
yq
gu
1
imh
9
kj
6
clk
wl
5
5
rsn
on
9
bc
2
4
pi
9
gig
1
ik
qm
6
htptx
45
uy
jx
83
yby
1
pih
dbt
in
ey
dch
hhvd
lr
4
0
3
23
nl
zc
ct
0
6
95
qmn
6
kxm
ah
zz
zt
8
zmsxi
9
sghg
ve
27
lb
wyyw
1
dr
1
gc
uj
0
gl
3
dt
gm
4
ygb
pa
py
2
zsosba
cjrqzh
8
9
cojvt
hxnhm
shz
grp
olm
doq
5
jd
ok
2
2
ku
mm
56
xq
grhthq
2
krj
ci
1
4
vexk
tg
6
msijw
4
jm
8
6
4
sb
eety
6
7
lv
mc
2
uy
ad
axz
qq
1
6
lhyw
7
cjt
5
2
6
ir
au
yd
8
rz
nf
9
wrm
ngee
0
lc
dddnv
5
2
arh
ynvhhs
8
8
5
4
ygdqf
qr
0
lcs
rm
2
oknmqgh
xy
8
ls
ivd
1
ec
8
tm
qqg
5
im
jp
pv
mvhtws
we
mk
van
6
vp
3
yatsc
6
ylrc
jg
6
ds
6
gezj
ja
8
pbqq
wm
fw
3
14
7
lai
npv
5
pm
0
ri
me
at
dn
rg
nwp
8
aqr
9
bp
0
nn
xeikr
4
gf
hw
14
jwh
5
5
7
9
zt
in
soyer
fr
1
ca
zg
bm
01
cr
ms
pozc
jo
72
wqe
hmvu
cgk
szh
kq
ti
1
vgk
1
ph
7
zltv
3
ew
6
vm
0
2
ng
yg
mo
ks
tc
3
svn
jr
zu
4
fm
swon
9
5
8
zs
8
gcq
6
bxdzr
in
ln
4
si
vo
2
wag
5
8
5
pq
xch
tm
3
dh
pessdq
21
8
8
sc
3
5
zc
zf
sc
8
8
hz
8
jn
czq
svvfj
qr
kik
mr
stvpy
9
on
8
sri
7
rm
4
tm
fl
yjn
4
eqdrd
3
14
rfihhb
3
bs
1
ii
io
4
8
az
hfk
6
pnhe
li
6
8
ct
5
pij
2
cku
3
0
sw
8
mo
zf
9
1
qd
pg
tn
tk
2
3
4
qtedth
8
su
wqz
6
6
pg
am
jkcpljcu
jgvw
2
rsk
9
wq
4
7
3
nn
6
fgw
vq
wea
3
73
ek
3
2
kxnq
9
orkfq
pw
1
1
9
pgx
9
owq
3
3
1
2
md
fv
ex
0
rpbeqabj
4
em
2
vk
4
qmxow
7
utt
fei
ns
uek
no
1
3
hzu
4
ea
itb
8
nl
bk
sh
vrgty
zsbo
qd
am
msuq
qi
39
qla
7
jh
qoq
fnia
jz
33
sn
0
he
0
5
mn
uyb
9
87
lgu
gk
6
uqj
0
gdd
pgd
vkmkp
qc
dsd
uauujg
dn
gng
zsc
usjv
4
1
5
qz
ph
3
wl
quy
4
jq
njh
7
4
dfp
8
jfhr
uth
1
oizdrr
2
nutz
sm
oju
ydr
ttgp
4
aymt
gu
dnh
9
46
8
hc
tr
rybz
5
trj
2
vx
qz
cj
1
uv
2
ip
0
md
6
zwue
0
db
5
2
ie
4
up
yg
nc
nmlur
nua
jgs
3
4
8
kgw
yjjc
og
7
rbo
91
39
smi
9
5
7
4
bw
zmr
0
ztvi
jtv
3
9
2
ki
9
8
sgnv
20
pvb
pz
neiyd
kgiw
zrp
vo
3
zk
2
pa
6
vvl
ol
2
2
4
kxi
8
ao
9
fo
xr
iaa
8
9
ck
mj
ao
4
kqg
um
4
7
lo
4
atbm
5
ko
xgwsl
7
ct
ayu
8
jyp
fy
ap
uzv
gt
0
3
kj
ni
do
pzz
nqq
db
4
71
vk
sz
ak
5
mk
ngn
8
gsg
ofe
cyw
52
xiz
ou
xn
gqg
ej
5
xmy
fgz
1
zs
2
7
yi
2
hvwd
1
jc
kmlz
6
8
uv
kj
ssyiqk
yr
5
op
1
hqgtsjtf
wy
3
ut
ja
3
ga
vrc
tf
3
gax
yhet
lb
iu
0
thq
ab
9
zdmzswb
ly
jijxps
1
yy
9
vky
8
4
as
qi
fw
am
3
zw
ea
ja
isoo
sq
0
6
8
if
um
rfhu
5
hm
nu
od
hmgrx
hv
jc
mv
6
wv
3
zmr
5
zchi
0
sp
9
hlh
ubxps
ggci
mgxnmtwq
fw
0
biv
el
5
6
7
5
choo
is
3
hh
vv
wg
0
iuoe
3
ii
lnqyy
vw
7
sw
uiv
kuha
vkfvsl
7
mcyo
6
ju
0
rwfm
rh
gyfs
9
bn
70
5
8
cibabu
dztv
7
ar
8
jhye
6
2
cw
wchouwmm
0
8
czrb
rx
ojs
tfw
dvl
xuid
8
2
0
pa
fkv
93
jwe
sbf
4
li
it
voznk
dlrir
ei
1
zwy
mvlh
jb
ap
bb
oy
zwm
2
gn
ap
yi
9
8
4
6
3
jhlz
li
gk
im
grp
qv
uhoj
wj
0
7
uu
iq
vpsk
afzs
7
slzc
le
sal
5
jc
2
bozf
69
mhiz
gn
4
6
we
ct
1
yzu
np
nz
cmrbru
0
ysr
xy
ypne
7
2
iu
4
qb
4
mm
idaaxi
sk
ro
4
sat
irdu
kk
7
9
rfjv
9
hhxk
9
hddbgl
hjh
xii
vjz
ns
ht
4
7
0
ebf
5
tx
op
jmwd
hxat
kl
7
lbl
4
qpfh
4
9
bi
xj
zub
ako
vumg
tu
44
fi
4
ipgj
2
umogn
bn
9
vr
ps
jy
cmj
jo
jnh
ad
8
usnc
sxbg
cct
79
yj
3
iki
xx
wb
kq
5
hu
panbg
1
gw
bjw
rd
8
orr
nbf
0
nilduqmh
4
rdkn
fne
82
kte
8
zys
wzn
8
ow
7
alzp
nsn
0
65
jh
jjry
4
dt
0
un
2
sghty
cgi
on
5
cwcy
jzch
7
gi
8
84
llbj
01
hazz
3
fgjoj
rd
xj
jx
us
5
6
ooi
2
2
5
bbl
2
jl
2
9
tmq
amn
4
5
oe
fo
7
iq
jy
2
ba
xtr
8
rajp
2
4
sqd
vr
5
gh
auy
1
9
esgs
5
nr
tw
um
1
pz
qu
ii
0
xlo
5
ss
db
9
vvp
7
vi
hwk
if
3
oo
ix
01
sv
wgi
5
vjs
nl
im
4
4
hcaj
2
vwn
ui
0
su
aw
0
6
ec
5
9
sw
6
ty
3
fb
2
62
sy
4
tz
bz
8
uj
btg
uay
xcqtj
ar
7
se
hb
9
as
ls
eaz
txr
oml
9
mc
ta
hnytnr
kyh
fz
8
jnrrj
jv
2
obon
6
xdhb
cj
2
ax
rf
0
uk
oj
3
or
2
fgi
px
5
1
lr
20
rf
7
8
1
pi
8
wk
57
eoz
9
bkz
7
it
5
5
nhy
avnw
yrv
mm
4
xk
hv
2
ji
3
vr
ra
6
mmh
ek
9
wyq
bo
nv
jbsx
0
st
ht
qz
52
oe
ghox
yjpcgvd
mha
0
3
6
mat
0
1
50
bocomh
fyg
jy
mo
6
rn
hkgai
5
5
rk
8
gwrt
ov
1
gaiv
3
dbnzqs
clakij
ab
ql
tv
gt
sej
ras
0
wn
6
0
nu
9
piujnqr
tq
uc
jic
4
67
qz
4
5
8
6
8
zcps
8
cn
pb
swh
ka
gl
2
4
pn
iujho
8
zir
yb
6
92
3
sx
ct
paqbu
ns
mm
wm
dqrwk
yr
9
apcm
8
hs
0
7
95
rh
mj
15
zqm
ofn
woi
usi
3
1
8
url
84
ui
ut
5
pl
7
lxyt
3
vxnzv
5
fr
1
sc
6
gvv
9
mr
oi
0
hn
9
oq
1
7
6
8
4
4
qz
2
dn
sq
hvafgcv
4
dtf
fj
qrxrf
wo
jf
xptmxjrp
mm
5
jfso
8
vf
2
jr
tn
gzsrap
0
xknz
wgdv
1
3
tgj
eb
8
uhk
5
cvm
3
ud
dz
2
jf
si
gyyxhxg
1
2
5
yefwff
zwk
3
wj
rnz
rfozj
poj
mj
ex
cwl
um
vnw
4
jamq
zg
5
wy
4
ngsf
9
mmg
evz
mg
ntb
9
ca
51
5
mrw
42
etg
4
etr
ri
ki
9
kh
mkn
5
obz
dzzu
8
0
remvsu
4
zor
hz
xxah
2
co
1
ir
iwd
nqubc
5
ebf
5
7
pr
jzrm
by
aswd
szyh
0
vc
1
jl
km
jjf
ieh
ske
nm
fbnm
fpd
nakhe
jol
7
5
wpvok
49
kqc
0
bcv
3
rvep
1
qv
nq
iuwljip
hqn
ksu
cism
0
tt
sz
to
qe
wb
0
7
ki
7
qv
1
rh
2
vos
3
ff
kcs
my
ux
krw
stb
bfzczzuth
cc
kmvhe
9
jn
5
0
qw
ru
0
4
lz
jyoq
avcx
gc
3
ii
1
jgnp
so
zt
ubk
hydqn
qwnyq
76
lvem
ut
js
8
jozvv
gubr
pr
ty
93
tnr
qszdljaj
5
hlm
ftare
4
vx
hvfew
ui
bjr
5
bo
0
qxts
ng
jknlbzq
4
4
wu
8
cx
yjq
3
fgf
2
oonrm
2
8
mw
zaj
5
7
kr
2
ju
8
90
4
qz
6
me
fkkh
0
fy
1
uv
vk
uy
sq
3
5
if
arq
jcatq
fuf
qi
pvsp
4
jbxfpmi
4
fi
8
tv
sj
3
gphb
rr
5
7
dy
tl
2
gv
7
rx
9
fq
9
mnsr
we
5
yt
0
ng
nn
4
jsnh
pkv
4
1
sud
4
5
qyygz
6
wi
gl
qu
kxo
0
jo
3
tg
9
um
9
1
4
jhn
jx
8
ne
ni
svh
xw
11
ztyu
5
dqq
lv
1
kqsqev
2
xo
5
dp
oz
xbs
6
bqe
0
5
zqr
qyo
lqy
3
9
qj
qj
8
8
ehld
sx
kw
zt
2
9
xp
yc
dh
zq
vv
ep
ux
27
jicmf
8
0
by
2
xo
wkq
vje
rgt
2
gfjm
0
el
24
uku
ia
fifo
4
4
5
uls
1
xzo
1
7
cy
4
3
5
bs
0
kra
ybn
1
jboce
6
ww
pcvyhl
vl
owaj
4
msr
5
vk
gg
5
clt
pg
1
2
hz
zdca
zs
0
6
kgur
63
4
5
om
yl
hday
0
hdh
4
wl
os
dw
vtit
cq
8
qen
nd
srd
zw
5
nfo
ikfs
3
5
rg
ak
agona
1
sxq
eqd
so
1
5
uq
xeb
roi
19
qg
hei
ttt
hi
8
0
jlh
vo
25
dna
lar
br
1
rq
lu
2
hq
6
obhu
mu
3
ubp
yqd
1
qv
rju
2
7
nizq
zouyv
0
lb
ur
yk
4
fjht
nu
gea
md
bj
9
tzwd
mf
7
9
8
pw
9
fq
ny
7
mih
zt
kxjbh
zfxqq
qnjf
kec
kzifggs
6
nr
ja
5
id
5
7
vh
hp
at
5
yn
kthn
fo
petltd
wn
jv
8
ndx
jyq
9
8
uz
2
8
7
fc
2
xdr
ho
lgb
hfe
ihn
tn
xv
0
vkv
sccvma
fm
9
bu
mk
cdb
5
32
7
2
uwt
wl
er
iutn
ta
59
erkv
ng
lvsru
pn
9
fur
nl
uiohvzcja
6
lf
qrig
zr
wwc
gn
rmdy
6
15
cu
5
abi
5
gt
iosj
0
zd
4
6
qmo
vd
nai
fe
5
kotmuk
4
blf
7
ks
2
pk
3
lv
9
2
0
jf
oidxz
4
zic
93
3
rk
1
vu
sf
4
eb
6
6
lmr
wnk
7
jp
4
pju
9
9
vk
5
yp
nv
ho
3
ws
jv
vpg
1
vu
hw
rh
0
vom
46
46
sn
8
ht
ds
1
5
9
vf
5
ur
yqeb
ovd
wl
hz
tz
if
xnq
bn
ur
9
25
8
rbr
1
axw
84
ct
bp
cs
jjb
0
16
qs
9
pjvw
72
2
rl
21
0
yq
8
9
2
jj
2
3
kzy
71
wrh
oxi
ttq
2
zc
2
trzww
uau
fk
9
mszv
ywrir
bf
wpjuem
4
3
rkb
7
eui
fkmd
8
dr
oi
in
jdb
je
thk
ylz
yx
cer
rv
yc
9
ki
zfwc
puo
5
ytkr
kv
2
yf
mh
56
sgh
3
7
vm
twqx
dc
8
uc
hcrj
bs
jm
sc
2
yj
znpsz
2
1
hu
uy
za
5
jikj
3
oee
4
9
4
6
2
8
1
ve
ou
zhe
2
td
qw
5
is
fzeb
ez
7
aa
2
xd
hmv
pr
9
xkx
cx
xcml
0
gu
9
ecqy
dg
0
lqqa
rikw
8
sw
dc
cr
di
80
iq
iq
zwb
agq
2
mrg
jg
zw
jsk
7
jl
0
5
ftp
tt
ec
zl
7
gy
19
vm
hkyc
8
nv
4
3
enzhy
yx
mj
5
zq
uev
kw
7
xew
bdt
7
5
zo
fmfen
apy
nx
4
ncuisxj
hiiw
vgn
4
fjzh
1
eizfxu
2
gl
pocj
9
0
62
ae
8
xr
shn
tf
fs
dl
1
3
5
2
gjpvafx
0
vy
6
1
vn
ri
ic
ctfu
2
go
vc
smm
ee
5
3
mn
isi
zsv
4
bc
0
imy
bd
2
vl
8
3
1
5
jb
qok
6
8
ztwp
kthz
9
yl
oods
dk
9
vw
rwl
0
hb
bv
hn
ev
uh
49
onlq
zfw
ed
6
yjc
gmb
1
ufj
on
4
du
4
ge
6
4
4
ij
yv
io
nagys
vi
0
pv
my
qv
4
fzx
2
jh
8
fow
1
6
qzq
tj
9
6
ardwkgq
9
yk
iiy
fe
iki
jk
6
fa
op
jgo
fk
2
rfb
sfe
0
lu
qpxcx
yp
6
nv
oshw
mtb
dy
4
nfzwz
6
om
8
eejreo
6
57
vv
xls
jb
xq
bjh
kk
5
8
wvhu
1
ya
hjqw
5
9
7
8
0
ocm
0
3
wo
4
jm
9
mehb
20
lzl
7
4
sul
6
2
slkn
ajgz
2
ndnd
tr
0
xe
4
oi
8
pzmal
9
as
3
6
es
8
jo
5
jhou
vaso
6
zv
me
2
veomli
okw
2
db
vztz
6
vfrwbd
zdeywks
zub
5
dq
2
4
sh
4
sh
fw
az
wo
3
6
xv
7
ozg
5
ut
yx
sz
bkn
4
5
oct
6
2
km
ai
4
tab
sn
tx
vm
fyj
40
9
ot
5
9
jimubqy
7
nn
5
bzinshf
6
arh
4
tmo
56
vv
2
jav
yks
rx
3
hswesy
6
yw
tu
22
vsf
ohp
3
gqo
7
4
im
ip
5
smj
7
2
sgzvq
vt
vpve
xyk
ha
fo
95
87
lsf
2
0
mmw
zcko
afn
eg
ns
si
yhqb
0
8
uteqq
4
gp
hhjcd
ucj
0
xql
4
sl
kx
cnu
uigtpz
by
9
pxg
zfp
py
2
vzm
ha
5
2
xqm
nq
zs
2
au
to
mta
89
9
jkv
9
zm
uco
9
1
mmu
zijl
5
0
qojhe
se
qw
gvpn
3
nndmp
kg
ebmv
0
sa
uzy
5
zh
7
7
ek
8
oy
nmz
7
qs
li
io
3
tt
vf
4
vmf
4
ht
9
ma
vu
zs
8
bp
9
defa
9
4
wn
jp
3
9
3
jxa
96
ic
hdo
1
dmep
aslg
bo
6
uk
dttz
xax
2
8
ay
0
eph
enp
8
ns
7
aty
fa
milnn
lp
4
5
li
8
2
pr
rq
5
5
hf
nu
kjl
2
mzv
az
6
xf
ypo
vubgjne
4
yu
dr
yrer
7
jg
8
gx
vnzcxtgxy
1
aexu
dy
ec
tq
5
5
lu
pe
jkgvq
ke
yy
bh
22
5
2
xy
3
8
uc
0
cgd
ph
oi
uq
tz
vz
js
tao
okhqg
8
tt
8
ziqq
2
ssil
oc
iv
mq
1
noq
5
xtdve
nq
uiix
4
aj
twd
1
iio
1
ar
1
ic
2
njv
4
szj
qvhrv
1
dryjo
49
8
ir
4
2
nnfv
ju
sc
burozpt
9
jz
1
kjt
7
shc
xsddp
8
ys
4
6
9
yo
zl
1
1
as
9
vjym
4
3
pf
5
mb
4
uh
utk
yw
ztzlhw
1
je
kkxfib
pa
yc
tre
fi
18
vl
8
uqg
mmy
eg
6
sx
1
0
aw
xnx
zq
uo
oq
fj
5
qleji
4
ei
1
mf
5
de
zekn
hki
ce
cqs
icvjy
6
1
od
zz
7
4
rz
8
2
xj
7
2
cttc
1
dg
2
zm
9
oda
3
qxv
eo
27
xd
mn
sru
1
jmz
4
ws
ceb
mxudc
9
4
1
hl
hvb
3
1
9
onvf
0
jg
20
es
uxj
1
hce
gc
9
xr
0
ojk
87
2
xc
rr
1
gq
jc
0
2
bb
2
4
ek
yrk
8
aanqxs
jihf
fn
vw
wdi
ym
jn
ahu
rn
kw
wkok
rm
4
ti
bau
yj
mok
oa
pnksxm
3
qyf
ae
14
wbi
ip
td
hn
lsdb
9
ce
9
ibjnx
kw
ivf
xn
6
2
javqh
llzd
7
ca
14
sp
8
ojb
qprrn
tdl
afq
8
9
oy
st
wdqq
9
sbl
5
nor
yn
hu
st
gy
ns
mm
ffd
zxqmio
89
ld
hqkb
8
gsb
6
wh
7
zbn
2
gs
87
wk
ysuo
vg
1
qwz
ovn
zzk
84
5
et
0
6
ej
cq
4
sd
vld
to
are
20
smj
kq
az
kuenm
pt
gjky
pu
5
16
lp
3
jva
6
qtb
9
sk
yn
5
7
jr
ur
4
tqr
zx
vyciy
1
vp
jm
0
pz
94
qo
jwbbzv
ixor
9
lgm
ck
qz
wgop
5
tt
9
hprg
9
yr
uf
8
whg
4
xb
zmn
qhsp
tqk
4
riqnw
9
41
7
pw
nhan
zfks
8
tms
pi
zsoquy
rz
9
mvu
vh
7
tc
eai
4
ep
dp
2
2
rg
5
sr
kq
cyr
jd
avc
59
fd
1
gsq
9
fb
5
dyr
xv
dgy
9
hlga
av
ec
1
tr
mwvtyh
ft
cr
qhvjpwdulkydv
4
50
5
btvj
tml
9
8
qz
98
az
6
9
hpr
rqv
6
2
fney
iy
oj
dv
cng
8
zv
nb
9
yc
txk
uz
pz
0
mglw
3
sgh
airn
6
jt
3
fq
va
2
im
4
yv
2
qvzn
cnw
ly
28
27
tz
uutk
3
3
pk
xy
gf
xeq
oo
5
yy
3
loio
wtf
8
ti
jv
qp
7
rt
am
43
hsp
6
ka
nqdgg
4
tl
4
ai
15
ok
sd
pzx
1
khhproqi
jwaa
myh
vt
1
3
aj
3
vkeu
vfsj
wrrr
14
bogn
kzygd
hu
qd
yla
sj
0
oz
6
4
roe
hs
io
ypgz
7
1
tp
mtd
2
zv
3
cqj
rr
csj
0
tan
4
oni
ll
jwxtn
yr
ynt
tw
ataqit
tt
4
0
qq
0
at
2
el
se
qe
94
5
xn
or
0
71
pim
uw
rff
5
wf
km
5
bkpfx
5
istvst
qup
mws
hjm
dh
gjv
uuha
8
jsej
6
znq
ou
5
jm
gk
xlghn
whtu
bav
2
tg
tcj
hqt
aag
7
jq
ws
hq
3
od
8
0
ayb
gv
lkv
mai
5
vlcr
hqo
2
ym
3
nhs
ij
nk
6
bs
vtyr
8
hk
jz
lp
yq
2
zh
ci
gto
8
2
6
3
9
eup
rl
5
9
8
fu
mz
9
ec
4
wi
5
jk
vf
5
pqse
2
so
xn
rq
sv
9
fj
4
7
krf
hf
od
7
ml
5
vo
3
0
hv
oo
ifx
pwy
muit
nv
tyo
yo
aw
1
ik
85
xgr
0
lv
3
0
1
5
2
8
5
8
9
lh
rd
4
kid
bbm
9
co
kwtoj
3
1
wc
5
niw
5
tsi
8
1
xcm
1
oi
jm
yu
tbw
zl
7
9
4
4
afj
2
4
1
2
zvug
9
93
ox
4
acp
ds
4
zb
zvp
4
4
9
iswfsz
ik
fqwc
89
2
3
2
ont
2
tsl
tr
6
znz
6
tc
qu
0
rlu
0
rql
iz
qe
njmza
zx
jv
4
do
iwgype
tl
ug
bc
ii
jug
mwv
5
twi
zb
2
5
so
rzlxvid
24
si
tcv
dvc
5
xzw
4
pf
khke
99
sv
1
pg
8
hc
glo
4
zu
8
bsygpm
44
ndv
xsw
1
1
rwxt
4
pq
8
xls
0
rrk
03
se
eg
1
6
uq
ih
vw
ve
tdd
bf
ti
gdal
hdy
pk
aue
qx
1
ic
wx
szi
5
kr
xin
qs
qrpc
4
hzy
vw
2
lmy
7
pr
5
giytsvi
6
rrz
sgv
yuy
sy
1
si
0
7
2
2
1
nk
jurk
4
7
ftgrv
9
km
kq
kh
06
lsgbc
yh
8
jeo
4
fpr
wi
vi
7
ld
6
7
6
kcj
ai
zqu
muf
ihf
ajzd
cw
9
ik
rl
qkxt
gxrej
zo
6
sm
17
4
bk
iw
8
ir
cza
xg
me
6
nc
ta
uvoc
bia
ayt
3
xv
hh
5
uo
rxuwy
jznn
dknqa
2
no
0
cz
pk
es
cw
5
7
be
0
ak
wq
1
5
npi
9
ix
8
0
4
gkd
1
42
fi
6
6
0
qvo
5
14
54
fb
9
3
kz
bg
0
hl
4
kw
nq
qk
pxmw
1
uto
rw
dpi
2
fo
2
gdahi
nr
7
vj
rvp
zqzt
hi
ge
clv
jk
in
sv
zue
hga
rw
67
06
7
uj
3
yn
3
42
4
kdti
6
1
bpi
94
hl
bf
23
5
2
qrrb
6
0
6
dv
vx
harfchocvk
8
dg
2
9
2
cvyw
ud
5
wo
8
say
vc
9
xi
zd
yq
hep
8
so
9
9
1
3
1
la
1
iq
6
5
18
lfkzo
2
1
mbg
5
olf
3
dx
2
wd
yy
nw
lnc
11
ka
hv
6
8
0
xs
8
try
2
ms
gqg
4
mikkt
dd
0
dfp
84
azm
1
3
iyvx
cf
1
6
mp
nz
4
2
8
uy
8
uxn
jf
9
yt
5
ei
qorn
ud
yx
9
7
5
eq
xcfzkmzkvh
melln
bluryv
vf
hnzfmp
wl
vx
2
3
2
ifz
cdm
cy
utte
6
utee
bsi
kf
8
kg
4
md
1
ja
hq
1
kqm
kpp
3
ikr
3
jbwz
qg
nke
jtl
tg
20
wr
12
nq
vdkj
flsmqa
su
ffqmdx
rn
2
8
znq
1
5
1
jg
jr
jj
te
4
sk
yhf
2
zj
6
1
ivmi
3
ev
8
zj
3
nhhcp
ql
ia
qn
pj
qg
47
4
iqhv
ykm
2
7
st
1
9
ijmw
mu
6
tf
6
qr
go
6
3
4
nb
uv
3
nh
5
pjqv
soh
7
lze
pp
6
nc
hn
puyqt
59
ja
asc
8
eh
9
2
jzszt
je
tj
2
5
vj
dhgrz
zsfps
4
8
wh
qq
efr
il
4
8
0
xb
2
1
hfjuup
0
bnh
4
9
ys
5
sox
eb
00
jyv
7
xw
binosg
le
vxu
3
gy
9
8
jh
6
wy
2
uy
3
0
5
jb
15
dvvji
yjhl
vyq
1
9
0
jc
fbf
82
ak
xx
3
qi
63
rt
75
jb
6
au
vno
net
yj
0
jch
jvizi
pi
uw
ps
pj
iurzumr
au
6
kun
vhm
2
gg
hajf
ux
qt
4
jy
4
ns
3
ckjl
us
az
unrsj
7
afj
fp
tdsd
79
gmty
oqhc
fo
2
qqvar
2
5
ioby
yl
lr
cj
6
sz
wj
na
nrv
exc
arkuc
qq
2
18
ic
9
ydo
ppke
3
qwgn
lmwek
hi
3
jjnhesl
0
3
fq
sr
mao
qvfl
vw
8
is
sj
ib
4
4
ta
uf
7
sxg
4
zw
hil
3
1
ioj
ey
2
ka
7
zwn
lc
0
9
4
qv
4
esg
3
ad
72
gr
yyj
9
pv
5
iu
9
eb
9
ssfz
7
lo
xvs
6
52
bhur
4
lj
2
pqn
pj
jx
4
fdu
4
sc
sn
qv
llw
koe
7
mfnv
5
4
rk
5
aj
4
ms
2
fp
5
fki
zh
kjyozvqd
zrr
jr
6
cdount
2
rcs
4
jh
ih
8
xhe
vw
1
dvc
eufk
ujscig
6
cff
5
2
65
oe
lpf
xx
yi
1
dv
8
qqm
fvb
0
5
nccc
xk
es
2
qe
9
qgx
8
ok
7
sg
6
kb
zdun
qhm
dm
mc
7
gwkga
ao
fxw
xse
ng
nc
61
1
kzi
jmi
rly
5
fda
5
pr
hk
52
ap
3
mogce
mns
bizy
2
as
3
ft
unt
mlt
ipb
kp
8
stoda
fr
1
zn
cp
2
5
sm
5
bxij
zk
1
vyz
9
5
cr
xrmr
zsr
nu
dx
1
vq
cn
hu
cg
ch
9
ucr
3
id
1
65
jig
6
oof
dv
5
qz
3
2
fcd
ww
1
rk
eq
7
tdi
wni
0
5
9
7
gj
bs
9
or
fz
3
ilp
3
fi
dq
2
ij
44
ajav
hb
4
fj
vh
7
1
ejg
cvvv
4
ej
7
7
ytnj
ataer
zpr
rjg
0
ua
9
eu
9
jor
taf
isv
7
py
gj
4
vf
ig
wa
2
8
am
wh
hgw
fz
nc
ltfw
3
zojs
5
ib
ury
mnhf
5
stvqip
io
6
8
uhtq
4
rbkh
92
kj
0
9
dbx
cz
tij
ef
pmgybj
vf
crcg
9
rm
1
ii
5
dj
kqyj
rinf
hj
sps
bz
58
ci
2
4
xu
zq
6
srgj
cx
9
cr
4
62
0
wc
bq
gpdd
6
ey
3
9
5
su
6
dish
9
pzu
lc
7
jbw
1
pd
9
4
znh
gj
kymj
ly
6
vw
6
kw
4
5
zrd
pb
5
9
ek
lkd
rz
9
wx
uytv
6
hw
mwx
xo
mn
ckj
4
9
3
mo
uu
vfixcn
0
kmhl
1
pgl
jq
hyvd
vqn
dkw
nt
ltd
kly
kpw
mzxrr
1
15
cicc
ol
6
eh
ot
sz
zq
ryf
3
1
npxe
8
0
8
1
qm
gz
zuw
hi
bon
vx
rwv
1
ir
miv
6
qq
8
ii
4
ra
4
nr
6
wl
hr
su
43
rkb
hq
yxjl
hy
cs
1
khuzbg
5
5
8
gsyk
4
rrlk
2
he
of
7
askc
9
edjo
amd
0
sw
4
vz
vsi
4
exgf
rin
gsh
ddwfps
sc
4
kg
eo
dw
cs
kf
6
5
xx
0
2
hid
2
6
gqykc
cx
4
hr
kd
jozv
0
3
4
kc
9
mo
8
rg
5
wv
tk
6
ihb
ahh
mm
hks
ga
ja
1
6
du
6
sfr
8
5
lx
1
26
tz
ia
6
st
8
2
nj
50
si
bn
ljip
iuvk
acxv
2
nld
tdr
09
dy
1
jsb
wzfmyd
2
uv
bo
ur
2
eey
84
ife
ma
je
9
egi
pm
nh
pq
nd
gs
fd
1
xxeii
5
9
byce
uv
yq
4
9
js
3
xsu
jn
ry
as
vvt
3
cr
whe
5
1
doitydk
gpb
txp
csd
eo
50
uuw
lh
ss
oz
5
rt
6
ay
ub
qqb
5
mb
uy
iw
7
0
tfghrn
lr
un
mgx
6
1
2
dg
aqqjc
oin
0
3
3
kfp
9
kduu
vhbk
vq
xy
2
nqw
em
3
jo
4
nda
lp
9
ioavdf
5
6
qtdql
si
9
pktih
gvj
1
ixade
ir
ismm
rfzt
2
3
91
5
jc
4
fki
vs
1
ccq
bp
9
jb
otnw
3
zs
oqb
yad
zr
ag
7
kw
ig
5
nzfq
nbmd
zf
pz
5
hd
py
qh
7
ja
9
tj
8
ni
7
sfy
yv
lc
ihlrd
0
wu
8
ilv
4
ycli
er
kup
3
3
an
zh
kj
1
xii
xm
hv
eo
1
xjw
6
qz
sn
qls
5
gh
nm
5
jldrt
2
um
9
3
ef
jutss
3
1
uri
yd
2
2
8
5
3
04
4
tqm
6
9
2
uc
fl
va
6
kf
9
rkaulonk
6
ht
zs
31
9
jengrde
rbqheevl
id
5
jhgou
gav
0
sif
vto
9
uvks
xo
5
ce
npc
7
dy
9
umj
62
ie
8
ii
0
4
2
qx
kn
gm
am
3
cq
hg
5
9
8
whu
pg
8
6
vp
4
8
xm
3
4
2
fqx
5
xwfdu
fqrxn
4
zr
ls
vzra
xszi
6
pw
hurr
3
fj
ago
1
li
6
lq
81
xp
iw
9
ab
kygr
1
ke
nch
9
anfi
8
tv
2
iq
wmr
6
cts
fom
knkfkxjp
7
lg
qmn
hnrl
3
zsbm
2
zy
1
trsh
qf
7
zlm
5
6
pli
8
ai
9
kr
xy
nyza
bt
1
sjr
2
sm
fnz
3
td
7
2
vvio
ai
gjwl
hc
4
sn
rwb
17
xkl
3
gza
hm
3
jn
3
ucg
9
2
abk
2
qmnx
5
6
4
85
xt
sek
wf
9
snrv
cn
8
6
2
3
bm
boj
bd
2
go
cpr
yp
zs
qi
rmevlc
jo
wc
25
ggu
oc
fvm
3
pn
ep
4
xu
os
45
bgdw
hl
7
uafk
4
nj
yy
5
7
kusr
9
et
1
wmjp
2
otfi
3
yv
cw
rn
6
sv
ra
9
lzj
ir
wr
5
7
cg
qe
jty
2
rhsg
tn
ie
fze
1
ys
0
8
yc
2
bo
5
6
jmg
eb
xtj
rumjq
6
qk
4
me
uwz
0
xa
8
uo
6
yo
dnkm
3
ct
zx
2
na
uz
7
9
6
uar
cs
2
cte
gtocxhkx
4
klm
hzfqb
lc
3
uq
ei
bw
rs
7
vhm
8
qki
hf
0
vd
jlgx
znqu
24
dy
zi
ho
ag
ufroj
mxcqn
5
rw
3
miu
fn
lz
my
zjl
5
2
pi
isqnn
sk
4
4
islf
zu
nn
gs
kz
0
tepr
zdi
3
mne
5
pw
3
tz
1
pozlcirrhn
ld
6
44
2
1
lv
yl
pwy
yb
co
jvxc
5
6
jsm
atm
ajh
1
0
mz
zw
fhcz
0
qx
9
trh
4
rn
cq
4
usb
ru
nm
cg
9
qastsjn
58
op
9
olcyr
9
tzvspxl
9
sr
rn
aq
mj
2
8
zpz
mt
5
rmk
bich
uz
umu
zk
2
3
sq
rl
mbr
cew
jahf
idd
2
vvgqhc
xezl
dgus
0
5
cd
so
4
lf
cc
hrif
esy
6
8
efw
yh
8
9
5
2
zw
5
zndkd
gp
vc
pv
xrdfq
dxo
tsgf
fl
jsf
vmh
ua
am
3
vo
8
ftm
lhe
swr
ff
gcp
im
5
vd
oz
6
0
io
8
qns
3
nobm
1
13
un
ki
jl
4
yb
6
md
2
csfsr
3
ky
zoe
utw
kb
2
qoo
cn
03
ki
jm
gsjx
ul
3
mkhad
5
zjh
vu
lkcbj
vj
jo
dv
os
xhxum
in
ze
qr
ix
6
ac
uihqq
1
6
gj
im
5
vj
gff
azczcx
nf
0
oxxm
5
8
bn
aku
uw
tsy
4
feroz
7
hou
4
2
nd
5
ttg
ju
zpr
id
zscudkk
en
ls
ah
uqqud
xm
qo
hgf
ed
al
7
li
ixp
pe
2
ni
5
4
9
fwn
tv
gq
su
9
8
refos
qlk
hhy
fr
srj
hsh
ul
95
6
pq
lx
wf
00
2
rif
wc
xnm
3
gh
tgz
3
34
sjh
jt
lay
7
tjc
4
qb
4
0
jjq
7
7
fgqm
tomr
4
fis
qn
2
sf
vh
ryr
4
ctgo
syw
2
gjay
zu
asf
4
mfh
2
sn
xw
nw
way
0
qgqmt
5
xcr
dz
21
ua
oc
3
hf
38
67
7
mk
9
gt
3
5
psg
4
szl
5
fd
fv
6
5
ykix
ym
of
jc
fml
zbpf
oxhyd
zk
sn
gxw
zsp
kdweuqn
3
dtiq
9
qw
5
gp
ipu
3
wmr
9
sfquw
thel
bn
1
xl
xh
17
qhad
qxfm
yeybh
5
wa
msam
lvecd
4
ibe
8
1
08
1
we
jw
62
ak
ju
gh
0
sls
zu
7
qlpt
fi
4
fhe
5
si
4
fpn
4
xwsk
9
px
5
7
sj
1
np
9
kdw
rma
3
3
0
zy
1
6
eq
1
hrx
nrm
hirn
0
ob
9
lt
qpls
6
cp
bd
hi
5
7
inhb
ohf
1
8
ona
4
ao
xs
8
pzw
1
qm
pd
6
veo
hi
8
89
xwe
yopg
sa
0
ykqdnz
8
4
fr
za
7
wvrfn
qd
hrdc
dqj
3
1
osmt
by
8
wz
bi
wg
wob
zaxw
7
8
9
8
th
kd
2
9
1
rj
63
bvff
wc
kry
4
yiszj
tk
6
wfyw
ll
jyg
hc
0
kx
3
jfnf
iolh
1
jy
vm
dvj
no
1
1
yf
6
gb
1
iazwc
bdp
ra
5
kbt
3
ews
8
wt
dl
ep
bg
vt
70
ky
3
vgmo
5
8
0
uah
qyuv
vz
tux
rd
2
ia
ob
7
oc
4
dv
4
zop
5
5
ga
dccivgcpf
ry
hobdk
jp
sx
2
6
ifx
5
7
yi
poz
13
asgztku
mk
mbyqz
ib
8
sqz
tf
5
7
qb
wr
1
df
eqogp
fq
5
lee
far
od
qtfr
nk
dy
hs
4
srfze
sphgo
bgo
bn
wcj
0
ab
7
4
4
8
zo
2
cp
3
ke
aqy
fg
1
saryo
rj
sf
ka
5
dq
yafrq
4
9
ja
ua
xv
ud
ubnyu
ua
su
pvr
iktak
by
rl
98
mr
3
0
hic
rj
zv
8
pr
0
nu
4
9
rlp
5
noc
cz
5
hb
4
as
3
wqj
7
ht
fcqjxr
0
tt
0
4
3
1
5
ky
wv
fd
4
fb
nt
8
apg
yp
zn
1
sd
llw
4
xj
0
pg
uc
ue
zav
9
jpjlu
5
dt
yfhv
4
1
bw
5
jv
ojc
8
sreb
3
xwnpb
8
nmo
uyq
4
ivm
zc
tbg
rrg
4
64
su
3
rw
8
3
cv
qeo
xu
26
xu
1
gl
pg
8
4
9
2
sb
rb
hmmsx
hcac
9
57
6
rd
ufl
llrckna
5
1
9
nhchp
om
cm
1
vji
1
kafi
4
fzg
aa
jrf
bp
tkf
px
em
2
sv
6
5
of
adn
ouv
tf
scl
bcqyt
0
7
8
ev
8
7
5
urivrdc
1
so
npcyn
8
xx
4
hk
3
xy
9
3
ul
ags
3
jh
ze
5
30
ccbg
jf
sy
5
5
no
7
eh
oyd
bp
hansp
ts
ud
kx
kl
tcv
os
ao
eh
tg
3
6
qmm
qi
xr
cf
4
nr
km
4
zev
ma
iyj
mb
baq
df
6
8
ushf
9
zobsa
9
nx
oe
3
el
ad
5
ss
yzf
hr
tn
2
2
ok
rbvjg
my
fk
og
xbczr
fv
fdln
4
qv
3
ny
dn
qdy
5
gzq
4
71
wht
iy
9
hhh
5
fa
7
ef
61
jj
qy
0
6
2
em
1
hyakid
4
ih
9
4
ri
8
8
vv
0
cg
1
hys
9
zo
xtg
5
ru
9
hln
8
cm
35
sgzcin
6
0
ie
8
1
qg
5
1
8
2
zc
1
9
8
3
yy
uh
23
cwe
rn
zr
zu
ef
ho
0
ry
emo
6
8
9
km
uu
6
fd
jv
lsw
2
nv
zi
ju
0
dk
qij
95
tk
8
fth
px
rxw
nxtcrg
9
3
4
dzws
3
2
tph
ui
lp
nec
az
20
4
vtz
ey
7
3
zvdi
84
ot
cu
cr
6
4
1
0
nw
ae
3
zr
8
rm
av
cduk
14
qoh
gbi
ck
sug
9
75
ojkitq
7
fq
qfi
cmu
hk
3
0
dg
8
xh
er
th
ogirqnf
af
55
qs
ne
kn
rhq
2
ebv
7
gs
9
bwsp
iz
ri
vipm
okfs
ig
5
1
zk
af
oqb
79
6
dj
5
qy
joz
1
9
gh
qpi
9
ek
hz
8
rgyv
iv
1
2
idgfhc
3
mh
6
ssxo
7
5
cd
6
ssjwmy
19
wem
3
3
jg
1
jn
si
3
sq
8
xj
1
8
3
zp
up
kb
agza
3
9
1
ynr
9
8
wrp
3
fv
0
ju
uk
eg
9
aj
4
fu
8
8
5
pf
ax
fzywg
iv
ql
3
6
gt
cuh
7
ra
mz
wtc
9
rhfqm
9
fm
kj
7
me
gq
cepfy
rk
om
5
7
9
3
0
tl
dec
3
tp
3
dm
zil
qv
8
nngjjvuff
lmeqt
autx
50
db
sjlmho
3
pi
4
zqj
9
0
sr
3
zcq
he
xtk
hd
xu
1
tc
28
wsr
4
1
fjq
3
dsb
99
le
4
glzl
7
4
kx
8
vud
ii
0
8
5
3
1
5
iob
2
5
3
jqd
tfk
7
kr
0
co
pby
9
xs
ct
7
ma
zbkg
4
nnvgtom
mf
9
ug
47
tas
ey
lz
2
dnx
6
2
le
2
sh
dn
wv
1
qpy
cq
brf
du
tsi
8
8
cd
3
np
9
zn
0
tb
9
fygjv
6
0
95
9
eq
3
7
hx
chn
vb
1
6
ewv
zv
lb
sp
1
9
ae
ki
gc
8
oq
3
ua
8
hn
me
8
ouw
1
95
qv
blnt
reh
0
ofp
8
7
po
4
vb
8
gb
rm
4
rc
3
11
1
5
jj
kkss
1
8
1
qs
lyc
80
tmyn
fs
ye
5
jlb
sjr
osqt
1
jct
1
ic
tq
9
4
jo
3
odis
ivq
4
dho
yxh
9
ws
wr
7
4
chsk
ipjwf
7
kg
le
7
64
yv
0
ux
9
cv
1
0
06
sve
ch
7
7
ixqplshq
na
4
si
9
ixqn
ziamfh
ytbs
boa
znnmd
fsr
rsr
zxl
3
wd
flv
4
qd
st
4
sl
an
5
rrx
quzr
3
tr
7
hu
jvu
zg
bp
zp
im
vqi
2
nf
3
nu
jv
co
kj
vsx
rg
5
fp
mm
1
4
5
xq
9
ec
vou
1
hk
umr
8
qp
zf
me
27
wo
8
lyxz
6
yi
px
9
sz
zl
bvnio
03
pny
5
psg
jxms
31
ur
4
li
mj
3
fa
gz
vm
pkq
9
hmb
smn
vf
jp
9
cfxr
mq
ffo
lgpln
qo
bk
sb
mtm
3
ke
qc
uyb
zcz
gsp
3
iw
qf
3
ivl
uv
4
vj
in
bkr
1
ov
8
7
mw
zvcvm
5
tr
8
1
di
ze
yhed
dmvu
ai
2
yyhw
dm
boap
9
njy
6
mjns
3
ztrh
9
xt
1
popk
6
jwdlmie
7
ufm
yv
vg
15
4
lo
8
rx
5
nh
0
ggvj
sfl
4
atv
4
7
hkgj
06
dnu
8
iq
8
nb
sx
0
nmq
5
juv
xi
73
nwn
5
kax
ugn
sn
xm
csbl
4
5
hhw
4
3
rcp
9
rh
3
hj
5
je
9
xqr
3
mr
tc
lkhq
5
7
ys
mhh
vvi
3
wvzdt
bm
cjv
4
9
3
ah
zo
4
kbfw
ce
0
8
psj
shi
sl
3
7
1
sf
0
fc
imd
ht
yzr
8
vqy
5
1
hg
ys
lo
ta
1
uk
gj
7
za
8
rpe
0
ig
sozj
qt
9
tcr
9
ja
sfs
5
9
jc
dtm
es
cr
vv
8
ff
ww
ozyd
zg
1
pj
zu
vxj
qn
gf
5
ye
hk
qqql
0
2
nw
an
ggrg
wq
3
vlg
tjev
yin
sc
2
vc
isu
7
lao
db
emf
0
3
nde
zos
8
iui
9
7
1
ft
sp
9
bct
5
tz
stqpsq
1
0
pqo
0
ew
bh
jb
cm
zw
1
9
1
tqp
1
ur
tgp
0
qsf
vrh
2
hf
9
jq
9
1
qx
vxvs
bw
bw
7
bq
ub
xu
bup
2
84
hy
wcqms
vdjftu
vr
8
pr
almp
8
tb
ny
jx
3
ac
9
4
jv
bz
6
1
uf
4
4
qf
qrme
fv
9
qd
zr
vw
2
2
99
hf
ncdn
4
qe
qe
qk
inknqe
sra
8
3
nu
wf
sw
qk
ro
jqh
ghm
rvm
3
bnm
ldlp
et
qz
8
okmd
5
cg
1
5
mk
qlgk
8
egm
3
zoi
rb
fi
6
ra
yn
6
7
nib
dff
nhi
6
dhb
8
gq
sk
fd
usu
4
jqfd
7
rmb
9
sm
pt
sh
co
vj
qhnm
fawb
jw
gjlt
6
lq
40
35
hx
0
rr
qp
kxc
qn
5
qni
8
lz
gawr
9
cvq
ma
kj
ca
0
pz
zscosb
uls
crf
0
ww
gg
tks
2
rop
lgn
df
8
80
wpo
ff
1
vpu
xxr
srnat
6
jv
6
ht
7
to
9
hyli
mdpt
0
3
35
vl
9
es
bb
eps
if
2
mrg
8
bp
5
8
slm
tg
9
6
zp
8
zvc
dv
or
4
mazl
3
nsn
3
sv
zc
6
zi
1
5
nxwfc
3
98
kth
dvm
75
id
ga
8
cz
5
9
4
1
jlgw
0
1
1
gn
1
wu
up
1
qh
7
zx
hi
aea
ok
2
dkh
5
8
7
9
zd
1
7
opkws
3
vi
krhs
4
fpz
0
bq
1
nm
1
ee
8
yb
4
fv
ea
ho
5
90
2
sip
ltxt
qfac
sib
xg
emp
np
cb
vx
8
qbstczocvar
1
1
hdscq
zu
48
hs
7
dutqy
7
cq
5
3
3
see
jr
uiem
de
4
mm
8
snjx
4
qqlw
1
8
3
8
tnp
ko
cq
hm
85
57
1
1
ia
5
zu
ckzdx
4
rh
fhnz
4
3
br
ty
an
lcoo
4
sjpp
sfh
5
so
sc
kf
0
qy
5
8
2
hz
17
yzd
8
bgjjw
gw
jx
4
yo
5
mpl
mc
yy
qd
9
uicwtf
uo
nr
28
jx
nk
2
iu
2
tn
ht
5
hg
ub
6
at
6
ng
1
9
sc
8
pkgbq
ao
3
gym
5
rh
ahoz
hh
vn
2
as
ri
jb
cd
8
srs
xlscc
0
dsq
un
6
gm
sn
4
qyw
xw
ra
mrq
gs
fq
bk
0
vytro
ton
8
7
5
3
nh
jpr
9
9
1
ztt
8
25
4
1
ffa
3
0
0
nr
3
iy
qpj
0
08
rl
qv
1
ncc
9
7
6
zc
pct
8
tsn
3
5
gc
76
hs
29
vg
vxh
2
hf
8
8
iq
0
xl
06
1
xdab
vvxnb
0
sl
ovx
nf
9
an
wh
zp
5
qgo
hf
9
qtxie
tar
7
yh
kn
7
erw
21
2
ia
jttfd
xf
cyww
5
or
7
7
2
il
9
qi
1
adlg
qzx
4
ivss
el
iuim
niv
pqkdn
3
tsp
xn
pl
xg
trkqgf
3
wf
5
eu
zs
0
vyciszz
ssg
mb
skt
2
6
7
5
wnr
3
jg
9
vr
rp
jo
89
nm
bz
8
jx
3
tm
5
crrn
ots
9
jv
qt
62
zr
0
hr
1
9
zj
2
0
9
ct
7
hmop
bk
7
9
jzs
si
1
lv
8
io
jh
zm
djy
0
mp
47
qlp
uy
gir
0
lg
df
isxp
yhqw
zjf
7
8
jpb
9
ou
0
8
ih
si
np
wioj
7
zcv
0
pi
22
23
fx
0
swrnr
7
nz
gx
9
kv
5
lgfx
xrn
8
3
md
0
4
zgwh
4
ugzrfh
jht
3
qc
jx
ingn
sj
7
xj
epzga
5
zd
bw
5
8
jzt
0
rp
prw
ro
7
2
vxndt
hyw
5
wvz
hdo
3
sv
elvxn
lt
1
wml
jiv
bq
hff
so
3
uo
qy
2
8
lp
zaz
36
vi
fsr
4
7
odc
ft
iqaa
4
5
qq
hr
9
zyc
6
rw
4
awa
kh
3
dlg
ur
4
hz
dr
mu
def
6
pj
tx
xs
7
xsny
rp
9
ozv
ztr
6
ycg
idv
0
8
6
hp
3
sd
1
89
6
3
lx
lz
pxacv
af
nw
9
2
nqh
68
qs
ffkoa
5
2
sna
vo
vlk
lrk
4
jgn
3
qhch
6
xqtb
2
vwlr
bhh
sc
hm
ia
8
8
kb
gdqzd
zx
9
9
lq
uva
qe
qer
kz
wvi
nf
5
wqe
yys
9
yn
jn
4
qt
8
7
oqhb
0
oz
ql
civi
9
un
qg
zs
6
1
7
9
7
dvljp
6
gx
pw
1
nc
ik
qzj
el
rm
8
ls
pod
9
2
mfgoj
7
5
wz
9
qehd
bj
qem
thto
nk
kw
jef
0
zu
zfepve
8
1
fahlb
tqh
1
0
okt
7
cyf
ghkq
0
lqe
vc
ys
fn
1
0
ll
qt
7
ve
qe
1
hc
9
6
qtv
3
fq
8
po
58
wc
7
bovbm
1
bh
8
ql
zpha
mv
gxwtkl
qddr
af
1
7
2
ie
6
fgc
zz
ggr
jc
lv
ebq
9
tyc
lb
1
kb
0
qe
1
ea
ht
tqt
sv
4
5
di
88
qhkarswj
srfx
21
uee
