doctype
html
if
iemobile
7
endif
if
lte
ie
6
endif
if
ie
7
iemobile
endif
if
ie
8
endif
if
gte
ie
9
gt
iemobile
7
html
lang
en
dir
ltr
xmlns
og
http://ogp.me/ns
endif
meta
http
equiv
content
type
content
text
html
charset
utf
8
meta
property
og
image
content
itok
du
0
nz
6
zi
meta
property
og
image
width
content
meta
property
og
image
height
content
meta
property
og
image
type
content
image
png
link
rel
shortcut
icon
href
type
image
vnd
microsoft
icon
script
src
https://www.google.com/recaptcha/api.js
hl
en
async
async
defer
defer
meta
http
equiv
ua
compatible
content
ie
edge
link
rel
apple
touch
icon
sizes
href
link
rel
apple
touch
icon
sizes
href
link
rel
apple
touch
icon
sizes
href
link
rel
apple
touch
icon
sizes
href
link
href
fonts
googleapis
com
rel
preconnect
meta
name
description
content
the
university
of
colorado
is
proud
partner
of
the
colorado
wyoming
climate
resilience
engine
co
wy
engine
one
of
ten
inaugural
awardees
under
the
national
science
foundation
nsf
regional
innovation
engines
initiative
the
co
wy
engine
announced
the
launch
of
its
use
inspired
and
translation
grant
opportunities
to
accelerate
the
research
development
and
link
href
fonts
gstatic
com
rel
preconnect
crossorigin
link
href
fonts
googleapis
com
css
2
family
roboto
condensed
wght
amp
family
roboto
wght
amp
display
swap
rel
stylesheet
type
text
css
meta
name
generator
content
drupal
7
https://www.drupal.org
link
rel
canonical
href
link
rel
shortlink
href
meta
property
og
site
name
content
venture
partners
at
cu
boulder
meta
property
og
type
content
article
meta
property
og
url
content
meta
property
og
title
content
colorado
wyoming
climate
resilience
engine
announces
use
inspired
and
translation
grant
opportunities
to
accelerate
climate
innovation
meta
property
og
description
content
the
university
of
colorado
is
proud
partner
of
the
colorado
wyoming
climate
resilience
engine
co
wy
engine
one
of
ten
inaugural
awardees
under
the
national
science
foundation
nsf
regional
innovation
engines
initiative
the
co
wy
engine
announced
the
launch
of
its
use
inspired
and
translation
grant
opportunities
to
accelerate
the
research
development
and
commercialization
of
innovations
into
tangible
products
services
or
solutions
that
address
climate
resiliency
selected
projects
will
receive
funding
from
to
meta
property
og
updated
time
content
meta
name
twitter
card
content
summary
meta
name
twitter
url
content
meta
name
twitter
title
content
colorado
wyoming
climate
resilience
engine
announces
use
inspired
and
meta
name
twitter
description
content
the
university
of
colorado
is
proud
partner
of
the
colorado
wyoming
climate
resilience
engine
co
wy
engine
one
of
ten
inaugural
awardees
under
the
national
science
foundation
nsf
regional
meta
property
article
published
time
content
meta
property
article
modified
time
content
colorado
wyoming
climate
resilience
engine
announces
use
inspired
and
translation
grant
opportunities
to
accelerate
climate
innovation
venture
partners
at
cu
boulder
university
of
colorado
boulder
style
type
text
css
media
screen
import
url
import
url
import
url
import
url
style
type
text
css
media
screen
import
url
import
url
style
type
text
css
media
screen
import
url
import
url
import
url
import
url
import
url
import
url
import
url
import
url
import
url
import
url
import
url
import
url
import
url
import
url
import
url
import
url
import
url
import
url
import
url
import
url
import
url
import
url
import
url
import
url
import
url
import
url
import
url
import
url
import
url
style
type
text
css
media
screen
import
url
import
url
import
url
import
url
import
url
import
url
import
url
import
url
import
url
import
url
import
url
import
url
import
url
import
url
import
url
import
url
import
url
import
url
import
url
import
url
import
url
import
url
import
url
import
url
import
url
import
url
import
url
import
url
import
url
import
url
import
url
style
type
text
css
media
screen
import
url
import
url
import
url
import
url
import
url
import
url
import
url
import
url
style
type
text
css
media
screen
import
url
import
url
style
type
text
css
media
print
import
url
script
type
text
javascript
defer
defer
src
script
type
text
javascript
src
script
type
text
javascript
src
1
script
type
text
javascript
cdata
jquery
migratemute
true
jquery
migratetrace
false
script
type
text
javascript
src
1
script
type
text
javascript
src
1
script
type
text
javascript
src
1
script
type
text
javascript
src
script
type
text
javascript
src
script
type
text
javascript
src
script
type
text
javascript
src
script
type
text
javascript
src
script
type
text
javascript
src
2
script
type
text
javascript
src
2
script
type
text
javascript
src
2
script
type
text
javascript
src
script
type
text
javascript
src
script
type
text
javascript
src
script
type
text
javascript
src
script
type
text
javascript
src
script
type
text
javascript
src
script
type
text
javascript
src
script
type
text
javascript
src
script
type
text
javascript
src
script
type
text
javascript
cdata
function
push
gtm
start
new
date
gettime
event
gtm
js
var
getelementsbytagname
0
createelement
dl
datalayer
async
true
src
https://www.googletagmanager.com/gtm.js
id
dl
parentnode
insertbefore
window
document
script
datalayer
gtm
wr
76
tnx
script
type
text
javascript
src
script
type
text
javascript
src
script
type
text
javascript
src
script
type
text
javascript
src
script
type
text
javascript
src
script
type
text
javascript
src
script
type
text
javascript
src
script
type
text
javascript
src
script
type
text
javascript
src
script
type
text
javascript
src
script
type
text
javascript
src
script
type
text
javascript
src
script
type
text
javascript
src
script
type
text
javascript
src
script
type
text
javascript
cdata
function
googleanalyticsobject
function
push
arguments
1
new
date
createelement
getelementsbytagname
0
async
1
src
parentnode
insertbefore
window
document
script
ga
ga
create
ua
cookiedomain
auto
ga
set
anonymizeip
true
ga
set
dimension
1
ga
set
dimension
2
colorado
wyoming
climate
resilience
engine
announces
use
inspired
and
translation
grant
opportunities
to
accelerate
climate
innovation
ga
set
dimension
3
article
ga
set
dimension
4
mon
07
22
ga
send
pageview
ga
create
ua
auto
name
customtracker
0
ga
customtracker
0
send
pageview
ga
create
ua
auto
name
customtracker
1
ga
customtracker
1
send
pageview
script
type
text
javascript
src
script
type
text
javascript
src
script
type
text
javascript
src
script
type
text
javascript
src
script
type
text
javascript
src
script
type
text
javascript
cdata
jquery
extend
drupal
settings
basepath
venturepartners
pathprefix
sethasjscookie
0
ajaxpagestate
theme
cuspirit
theme
token
tbootvckvhnw
8
xyo
21
eanxst
2
jzihegi
7
hwecdejxpc
js
profiles
express
modules
custom
backstretch
bs
js
1
profiles
express
modules
features
cu
search
js
cu
search
js
1
profiles
express
themes
ucb
js
track
focus
js
1
0
1
profiles
express
modules
custom
cu
back
to
top
cu
back
to
top
js
1
profiles
express
modules
custom
cu
sticky
menu
js
cu
sticky
menu
js
1
public
google
tag
google
tag
script
js
1
profiles
express
libraries
modernizr
modernizr
min
js
1
profiles
express
modules
contrib
jquery
update
replace
jquery
jquery
min
js
1
1
1
profiles
express
modules
contrib
jquery
update
replace
jquery
migrate
1
jquery
migrate
min
js
1
misc
jquery
extend
0
js
1
misc
jquery
html
prefilter
0
backport
js
1
misc
jquery
once
js
1
misc
drupal
js
1
profiles
express
libraries
fitvids
jquery
fitvids
js
1
profiles
express
libraries
match
height
jquery
matchheight
min
js
1
profiles
express
libraries
waypoints
waypoint
js
1
profiles
express
modules
contrib
jquery
update
replace
ui
ui
minified
jquery
ui
core
min
js
1
profiles
express
modules
contrib
jquery
update
replace
ui
ui
minified
jquery
ui
widget
min
js
1
profiles
express
modules
contrib
jquery
update
replace
ui
ui
minified
jquery
ui
accordion
min
js
1
profiles
express
modules
features
cu
colorbox
js
cu
colorbox
js
1
profiles
express
modules
custom
cu
expandable
js
expandable
plugin
js
1
profiles
express
modules
custom
cu
expandable
js
cu
expandable
js
1
profiles
express
modules
custom
cu
share
js
cu
share
js
1
profiles
express
modules
custom
express
collections
bundle
js
express
collections
bundle
js
1
profiles
express
modules
custom
express
layout
js
express
layout
js
1
profiles
express
modules
contrib
fitvids
fitvids
js
1
profiles
express
modules
contrib
google
cse
google
cse
js
1
profiles
express
modules
custom
site
navigation
menus
js
site
navigation
menus
js
1
2
1
profiles
express
libraries
colorbox
jquery
colorbox
min
js
1
profiles
express
modules
contrib
colorbox
js
colorbox
js
1
profiles
express
modules
contrib
colorbox
styles
stockholmsyndrome
colorbox
style
js
1
profiles
express
modules
contrib
context
accordion
context
accordion
js
1
profiles
express
libraries
flickity
js
flickity
pkgd
min
js
1
profiles
express
modules
features
cu
article
modules
cu
article
slider
js
cu
article
slider
js
1
profiles
express
modules
contrib
files
undo
remove
files
undo
remove
js
1
profiles
express
libraries
backstretch
jquery
backstretch
js
1
profiles
express
modules
contrib
rave
alerts
js
rave
alerts
js
1
profiles
express
modules
features
cu
block
section
js
cu
block
section
js
1
profiles
express
modules
features
cu
block
section
js
parallaxie
js
1
profiles
express
modules
custom
cu
shortcodes
js
cu
shortcodes
js
1
profiles
express
modules
custom
cu
shortcodes
js
counter
js
1
profiles
express
modules
contrib
google
analytics
googleanalytics
js
1
3
1
profiles
express
modules
custom
cu
feedback
js
cu
feedback
js
1
profiles
express
modules
contrib
captcha
captcha
js
1
misc
textarea
js
1
profiles
express
modules
contrib
webform
js
webform
js
1
profiles
express
themes
ucb
js
ucb
js
1
css
modules
system
system
base
css
1
modules
system
system
menus
css
1
modules
system
system
messages
css
1
modules
system
system
theme
css
1
misc
ui
jquery
ui
core
css
1
misc
ui
jquery
ui
accordion
css
1
profiles
express
modules
features
cu
article
modules
cu
article
slider
css
cu
article
slider
css
1
profiles
express
modules
custom
cu
content
sequence
bundle
cu
content
sequence
css
cu
content
sequence
css
1
profiles
express
modules
custom
cu
dashboard
seo
css
cu
dashboard
seo
css
1
profiles
express
modules
custom
cu
expandable
css
cu
expandable
css
1
profiles
express
modules
custom
cu
inactive
users
css
cu
inactive
users
css
1
profiles
express
modules
custom
cu
js
includes
css
cu
js
includes
css
1
profiles
express
modules
custom
cu
profile
module
manager
css
cu
profile
module
manager
css
1
profiles
express
modules
features
cu
article
cu
related
articles
css
cu
related
articles
css
1
profiles
express
modules
custom
cu
share
css
cu
share
css
1
profiles
express
modules
features
cu
wysiwyg
cu
wysiwyg
css
1
profiles
express
modules
contrib
date
date
api
date
css
1
profiles
express
modules
contrib
date
date
popup
themes
datepicker
css
1
profiles
express
modules
custom
express
add
content
css
express
add
content
css
1
profiles
express
modules
custom
express
block
designer
css
express
block
designer
css
1
profiles
express
modules
custom
express
block
designer
modules
express
block
designer
menu
css
exbd
menu
css
1
profiles
express
modules
custom
express
collections
bundle
css
express
collections
bundle
css
1
profiles
express
modules
custom
express
layout
css
express
layout
admin
css
1
profiles
express
modules
custom
express
localist
bundle
css
express
localist
bundle
css
1
profiles
express
modules
custom
express
localist
bundle
css
express
localist
bundle
theme
css
1
modules
field
theme
field
css
1
profiles
express
modules
contrib
fitvids
fitvids
css
1
profiles
express
modules
contrib
google
cse
google
cse
css
1
modules
node
node
css
1
profiles
express
modules
contrib
rave
alerts
css
rave
alerts
css
1
profiles
express
modules
custom
site
navigation
menus
css
site
navigation
menus
css
1
modules
user
user
css
1
profiles
express
modules
contrib
video
filter
video
filter
css
1
profiles
express
modules
contrib
views
css
views
css
1
profiles
express
modules
custom
cu
users
css
cu
users
css
1
profiles
express
modules
contrib
colorbox
styles
stockholmsyndrome
colorbox
style
css
1
profiles
express
modules
contrib
context
accordion
context
accordion
css
1
profiles
express
modules
contrib
ctools
css
ctools
css
1
profiles
express
libraries
flickity
css
flickity
css
1
profiles
express
libraries
fontawesome
css
font
awesome
min
css
1
profiles
express
modules
contrib
files
undo
remove
files
undo
remove
css
1
profiles
express
modules
custom
backstretch
backstretch
css
1
profiles
express
modules
custom
cu
block
row
css
cu
block
row
css
1
profiles
express
modules
features
cu
block
section
css
cu
block
section
css
1
profiles
express
modules
features
cu
facebook
activity
cu
facebook
activity
css
1
profiles
express
modules
features
cu
feature
callout
css
cu
feature
callout
css
1
profiles
express
modules
features
cu
feature
callout
css
feature
callout
block
designer
css
1
profiles
express
modules
custom
cu
give
buttons
styles
give
button
css
1
profiles
express
modules
features
cu
hero
unit
css
cu
hero
unit
css
1
profiles
express
modules
custom
cu
menu
icon
cu
menu
icon
css
1
profiles
express
modules
custom
cu
newsletter
bundle
cu
newsletter
css
cu
newsletter
css
1
profiles
express
modules
features
cu
search
css
cu
search
css
1
profiles
express
modules
custom
cu
shortcodes
css
cu
shortcodes
css
1
profiles
express
modules
custom
cu
shortcodes
css
cu
shortcodes
columns
css
1
profiles
express
modules
custom
cu
site
info
site
info
css
1
profiles
express
modules
features
cu
social
links
css
social
links
css
1
profiles
express
modules
features
cu
twitter
feed
cu
twitter
feed
css
1
profiles
express
modules
custom
cu
video
reveal
css
cu
video
reveal
css
1
profiles
express
modules
custom
express
layout
css
express
layout
css
1
profiles
express
modules
custom
express
settings
css
express
settings
css
1
profiles
express
modules
features
files
css
files
css
1
profiles
express
modules
custom
profile
module
manager
css
profile
module
manager
css
1
profiles
express
modules
features
cu
article
css
cu
article
css
1
profiles
express
modules
features
cu
article
css
cu
article
grid
css
1
profiles
express
modules
features
cu
article
css
owl
carousel
css
1
profiles
express
modules
features
cu
faq
css
cu
faq
css
1
profiles
express
modules
features
cu
page
cu
page
css
1
profiles
express
modules
custom
express
theme
picker
express
theme
picker
css
1
profiles
express
modules
features
people
content
type
css
people
content
type
css
1
profiles
express
modules
custom
cu
back
to
top
cu
back
to
top
css
1
profiles
express
modules
custom
cu
feedback
css
cu
feedback
css
1
public
honeypot
honeypot
css
1
profiles
express
modules
contrib
webform
css
webform
css
1
profiles
express
modules
custom
cu
sticky
menu
css
cu
sticky
menu
css
1
profiles
express
themes
ucb
css
ucb
css
1
profiles
express
themes
cuspirit
css
spirit
styles
css
1
profiles
express
themes
ucb
css
ucb
print
css
1
colorbox
opacity
current
current
of
total
previous
00
ab
prev
next
next
00
bb
close
close
maxwidth
98
maxheight
98
fixed
true
mobiledetect
true
mobiledevicewidth
px
file
public
path
venturepartners
sites
default
files
specificpagesdefaultvalue
admin
nimagebrowser
nimg
assist
nimce
nnode
add
nnode
edit
nprint
nprintpdf
nsystem
ajax
nsystem
ajax
localist
bypass
urls
cupresents
org
googlecse
cx
resultswidth
domain
www
google
com
showwatermark
true
fitvids
custom
domains
selectors
body
simplifymarkup
true
ignore
backstretchurl
backstretchminwidth
0
googleanalytics
trackoutbound
1
trackmailto
1
trackdownload
1
trackdownloadextensions
7
aac
arc
arj
asf
asx
avi
bin
csv
doc
exe
flv
gif
gz
gzip
hqx
jar
jpe
js
mp
4
mov
ie
msi
msp
pdf
phps
png
ppt
qtm
ra
sea
sit
tar
tgz
torrent
txt
wav
wma
wmv
wpd
xls
xml
zip
trackcolorbox
1
currentpath
node
currentpathisadmin
false
urlisajaxtrusted
venturepartners
07
22
internal
news
colorado
wyoming
climate
resilience
engine
announces
use
inspired
and
translation
grant
true
if
lt
ie
9
script
src
venturepartners
profiles
express
themes
ucb
js
html
5
respond
js
endif
skip
to
content
img
src
alt
university
of
colorado
boulder
href
https://www.colorado.edu/venturepartners
venture
partners
at
cu
boulder
main
menu
href
venturepartners
id
sticky
menu
home
link
home
href
venturepartners
about
us
about
us
href
venturepartners
get
started
get
started
href
venturepartners
what
we
do
researchers
amp
inventors
href
venturepartners
investor
and
partnership
opportunities
investors
amp
partners
href
venturepartners
events
and
opportunities
events
amp
opportunities
href
venturepartners
news
news
href
venturepartners
contact
us
contact
us
iframe
src
https://www.googletagmanager.com/ns.html
id
gtm
wr
76
tnx
height
0
width
0
style
display
none
visibility
hidden
iframe
src
https://www.googletagmanager.com/ns.html
id
gtm
3
dx
2
qp
height
0
width
0
style
display
none
visibility
hidden
alerts
campus
branding
href
http://www.colorado.edu
img
src
alt
university
of
colorado
boulder
href
https://www.colorado.edu/search
id
search
toggle
class
search
toggle
aria
haspopup
true
aria
expanded
false
aria
controls
search
aria
label
search
search
campus
branding
desktop
search
search
form
class
cu
search
form
action
https://www.colorado.edu/search
method
get
enter
the
terms
you
wish
to
search
for
other
ways
to
search
href
https://calendar.colorado.edu
events
calendar
href
https://www.colorado.edu/map
campus
map
close
desktop
search
site
header
href
venturepartners
title
home
class
header
site
link
rel
home
venture
partners
at
cu
boulder
href
https://www.colorado.edu/researchinnovation
research
and
innovation
office
venture
partners
at
cu
boulder
menu
site
header
navigation
main
menu
main
menu
href
venturepartners
id
home
link
class
home
link
first
home
href
venturepartners
about
us
about
us
href
venturepartners
get
started
get
started
href
venturepartners
what
we
do
researchers
amp
inventors
href
venturepartners
investor
and
partnership
opportunities
investors
amp
partners
href
venturepartners
events
and
opportunities
events
amp
opportunities
href
venturepartners
news
news
href
venturepartners
contact
us
class
last
contact
us
main
menu
secondary
menu
under
main
menu
secondary
menu
href
title
class
first
disclose
your
innovation
href
title
join
our
email
list
href
http://colorado.edu/rio
title
class
last
research
innovation
office
secondary
menu
under
main
menu
navigation
mobile
navigation
mobile
search
mobile
menu
mobile
menu
href
venturepartners
home
href
venturepartners
about
us
about
us
href
venturepartners
get
started
get
started
href
venturepartners
what
we
do
researchers
amp
inventors
href
venturepartners
investor
and
partnership
opportunities
investors
amp
partners
href
venturepartners
events
and
opportunities
events
amp
opportunities
href
venturepartners
news
news
href
venturepartners
contact
us
contact
us
href
title
disclose
your
innovation
href
title
join
our
email
list
href
http://colorado.edu/rio
title
research
amp
innovation
office
mobile
navigation
messages
tabs
help
action
links
messages
tabs
help
action
links
page
content
intro
colorado
wyoming
climate
resilience
engine
announces
use
inspired
and
translation
grant
opportunities
to
accelerate
climate
innovation
feature
layout
title
image
background
image
url
itok
lvb
26
qgv
media
all
and
min
width
px
and
max
width
px
feature
layout
title
image
background
image
url
itok
avzasqdu
media
all
and
min
width
px
feature
layout
title
image
background
image
url
itok
ij
iz
intro
slider
slider
page
title
image
page
title
image
main
content
title
colorado
wyoming
climate
resilience
engine
announces
use
inspired
and
translation
grant
opportunities
to
accelerate
climate
innovation
post
title
wide
post
title
node
content
published
july
22
this
announcement
was
originally
published
at
href
innosphereventures
org
the
university
of
colorado
is
proud
partner
of
thecolorado
wyoming
climate
resilience
engine
href
https://www.co-wyengine.org/
co
wy
engine
one
of
ten
inaugural
awardees
under
the
national
science
foundation
nsf
regional
innovation
engines
initiative
the
co
wy
engine
href
https://www.co-wyengine.org/grants
announced
the
launch
of
its
use
inspired
and
translation
grant
opportunities
to
accelerate
the
research
developmentand
commercialization
of
innovations
into
tangible
products
servicesor
solutions
that
address
climate
resiliency
the
href
translation
grant
program
seeks
to
accelerate
the
commercialization
of
innovations
addressing
climate
resiliency
proposals
should
demonstrate
solid
product
market
fit
collaboration
with
industry
partners
and
roadmap
for
securing
additional
funding
the
href
use
inspired
research
and
development
grant
program
aims
to
foster
the
research
and
development
of
innovative
data
technologyor
practice
solutions
for
advancing
climate
technologies
and
community
resiliency
this
program
is
intended
for
projects
not
yet
licensed
or
optioned
priority
areas
for
this
cycle
include
complex
earth
sensing
soil
carbon
capture
data
andanalytics
methane
emissions
analysis
extreme
weather
modeling
wildfire
risk
and
prediction
and
water
availability
prediction
grant
program
goals
enhance
the
pathway
for
climate
resilience
solutions
bridge
the
funding
resource
gap
support
growth
of
the
climate
innovation
ecosystem
foster
inclusivity
general
program
information
the
engine
anticipates
the
possibility
of
two
program
cycles
in
the
award
year
first
application
cycle
opens
monday
july
22
due
tuesday
sept
3
5
mt
second
application
cycle
if
budget
allows
expected
to
open
wednesday
jan
15
due
friday
feb
28
5
mt
selected
projects
will
receive
funding
from
to
for
the
translation
grant
program
and
up
to
for
the
use
inspired
research
and
developmentgrant
program
each
program
cycle
will
have
project
period
of
one
year
with
the
possibility
of
formal
no
cost
extension
for
up
to
six
months
subject
to
approval
translation
grant
proposals
must
be
led
and
submitted
by
startup
ventures
or
one
of
the
following
colorado
and
wyoming
higher
education
institutions
use
inspired
research
and
developmentgrant
proposals
must
be
led
and
submitted
by
one
of
the
following
colorado
and
wyoming
higher
education
institutions
collaborations
funded
or
unfunded
with
other
non
lead
cross
sector
partners
in
the
region
are
allowed
and
highly
encouraged
applications
are
due
by
5
mt
on
the
submission
deadline
date
and
must
be
submitted
electronically
via
the
co
wy
engine
website
no
late
submissions
will
be
accepted
href
http://co-wyengine.org
visit
the
co
wy
engine
website
for
more
information
and
its
programs
eligible
institutions
include
colorado
school
of
mines
colorado
state
university
metro
state
university
university
of
colorado
boulder
university
of
colorado
denver
university
of
northern
colorado
university
of
wyoming
we
are
thrilled
to
launch
this
combined
grant
program
which
represents
huge
milestone
for
the
co
wy
engine
and
an
incredible
opportunity
for
our
region
by
supporting
both
early
stage
research
and
the
translation
of
these
innovations
into
practical
solutions
we
aim
to
build
robust
ecosystem
that
drives
sustainable
growth
and
addresses
the
urgent
challenges
faced
by
our
communities
this
initiative
is
testament
to
the
collaborative
spirit
and
dedication
of
our
partners
across
colorado
and
wyoming
said
mike
freeman
co
wy
engine
ceo
virtual
information
events
information
events
hosted
by
cu
boulder
wednesday
aug
14
crafting
proposal
workshop
mt
href
id
4
vtpq
0
hkuac
5
mcwgfrgv
wjehzowdom
2
qsfakq
3
ljumjq
3
nu
vvvu
9
ooerau
0
navuo
1
suyxws
4
register
now
information
events
hosted
by
the
co
wy
engine
thursday
aug
1
use
inspired
rfp
virtual
event
45
mt
href
register
now
translation
grant
rfp
event
mt
href
register
now
wednesday
aug
7
use
inspired
rfp
virtual
event
45
mt
href
register
now
translation
grant
rfp
event
mt
href
register
now
thursday
aug
8
partnering
opportunity
amp
virtual
event
45
mt
href
register
now
translation
grant
rfp
event
mt
href
register
now
related
articles
href
venturepartners
15
job
posting
licensing
manager
img
class
image
large
wide
thumbnail
src
itok
nvdeme
4
width
height
alt
aerial
photo
of
boulder
colorado
href
venturepartners
15
job
posting
licensing
manager
job
posting
licensing
manager
venture
partners
at
cu
boulder
is
excited
to
announce
an
opening
for
collaborative
team
member
with
passion
for
innovation
the
licensing
manager
manages
innovations
and
their
intellectual
property
ip
from
world
leading
scientists
and
engineers
and
is
central
figure
in
the
cu
entrepreneurial
ecosystem
the
licensing
manager
contributions
are
integral
to
venture
partners
mission
to
translate
research
innovation
into
positive
social
and
economic
impact
href
venturepartners
15
job
posting
licensing
manager
class
more
link
read
more
href
venturepartners
06
external
news
chancellor
announces
reporting
shift
vice
chancellor
research
and
innovation
img
class
image
large
wide
thumbnail
src
itok
rq
1
nfo
width
height
alt
massimo
ruzzene
href
venturepartners
06
external
news
chancellor
announces
reporting
shift
vice
chancellor
research
and
innovation
chancellor
announces
reporting
shift
for
vice
chancellor
for
research
and
innovation
cu
boulder
todaycu
boulder
chancellor
justin
schwartz
today
announced
that
massimo
ruzzene
vice
chancellor
for
research
and
innovation
will
begin
reporting
directly
to
him
effective
aug
30
ruzzene
currently
reports
to
provost
russell
moore
the
chief
academic
officer
of
the
campus
href
venturepartners
06
external
news
chancellor
announces
reporting
shift
vice
chancellor
research
and
innovation
class
more
link
read
more
href
venturepartners
02
external
news
cu
boulder
elevate
quantum
partners
ready
regional
quantum
boost
img
class
image
large
wide
thumbnail
src
itok
64
wl
8
width
height
alt
group
of
predominantly
white
men
stand
at
ribbon
cutting
in
the
entrance
of
laboratory
href
venturepartners
02
external
news
cu
boulder
elevate
quantum
partners
ready
regional
quantum
boost
cu
boulder
elevate
quantum
partners
ready
for
regional
quantum
boost
cu
boulder
todayelevate
quantum
of
which
cu
boulder
is
key
partner
announced
today
that
it
has
received
tech
hub
phase
2
implementation
award
from
the
department
of
commerce
unlocking
more
than
million
in
new
federal
and
state
funding
href
venturepartners
02
external
news
cu
boulder
elevate
quantum
partners
ready
regional
quantum
boost
class
more
link
read
more
categories
href
venturepartners
news
venture
partners
news
venture
partners
news
share
href
https://www.facebook.com/sharer/sharer.php
https
3
2
2
fwww
colorado
edu
2
fventurepartners
2
finternal
news
2
fcolorado
wyoming
climate
resilience
engine
announces
use
inspired
and
translation
grant
target
blank
share
via
facebook
href
https://twitter.com/intent/tweet
url
https
3
2
2
fwww
colorado
edu
2
fventurepartners
2
finternal
news
2
fcolorado
wyoming
climate
resilience
engine
announces
use
inspired
and
translation
grant
target
blank
share
via
twitter
href
https://www.linkedin.com/shareArticle
mini
true
title
colorado
wyoming
climate
resilience
engine
announces
use
inspired
and
translation
grant
opportunities
to
accelerate
climate
innovation
summary
source
url
https
3
2
2
fwww
colorado
edu
2
fventurepartners
2
finternal
news
2
fcolorado
wyoming
climate
resilience
engine
announces
use
inspired
and
translation
grant
target
blank
share
via
linkedin
sidebars
sidebar
2
the
insider
newsletter
the
insiderisventure
partners
at
cu
boulder
monthly
newsletter
featuring
thelatest
headlines
news
events
opportunities
and
emerging
innovations
coming
out
of
the
university
we
have
several
editions
for
our
audiences
inventors
andresearchers
monthly
community
monthly
investors
quarterly
href
class
button
button
full
button
black
view
the
latest
insiders
href
class
button
button
full
button
gold
subscribe
to
the
insider
venture
partners
in
the
news
href
venturepartners
15
job
posting
licensing
manager
img
class
image
square
src
itok
dmyqnngx
width
height
alt
aerial
photo
of
boulder
colorado
href
venturepartners
15
job
posting
licensing
manager
job
posting
licensing
manager
href
venturepartners
06
external
news
chancellor
announces
reporting
shift
vice
chancellor
research
and
innovation
img
class
image
square
src
itok
cyigjfwo
width
height
alt
massimo
ruzzene
href
venturepartners
06
external
news
chancellor
announces
reporting
shift
vice
chancellor
research
and
innovation
chancellor
announces
reporting
shift
for
vice
chancellor
for
research
and
innovation
href
venturepartners
22
internal
news
colorado
wyoming
climate
resilience
engine
announces
use
inspired
and
translation
grant
class
active
img
class
image
square
src
itok
npc
luhl
width
height
alt
nsf
and
co
wy
engine
href
venturepartners
22
internal
news
colorado
wyoming
climate
resilience
engine
announces
use
inspired
and
translation
grant
colorado
wyoming
climate
resilience
engine
announces
use
inspired
and
translation
grant
opportunities
to
accelerate
climate
innovation
href
venturepartners
02
external
news
cu
boulder
elevate
quantum
partners
ready
regional
quantum
boost
img
class
image
square
src
itok
0
jaujhi
width
height
alt
group
of
predominantly
white
men
stand
at
ribbon
cutting
in
the
entrance
of
laboratory
href
venturepartners
02
external
news
cu
boulder
elevate
quantum
partners
ready
regional
quantum
boost
cu
boulder
elevate
quantum
partners
ready
for
regional
quantum
boost
href
venturepartners
27
internal
news
elevating
the
innovation
journey
innovation
portal
launch
img
class
image
square
src
itok
zxu
nb
width
height
alt
aerial
photo
of
boulder
flatirons
href
venturepartners
27
internal
news
elevating
the
innovation
journey
innovation
portal
launch
elevating
the
innovation
journey
innovation
portal
launch
href
venturepartners
30
external
news
gov
jared
polis
signs
quantum
industry
bill
cu
boulder
campus
img
class
image
square
src
itok
lugd
7
width
height
alt
balding
man
in
suit
sits
at
desk
in
front
of
the
cu
boulder
logo
and
the
official
seal
for
the
state
of
colorado
signs
document
href
venturepartners
30
external
news
gov
jared
polis
signs
quantum
industry
bill
cu
boulder
campus
gov
jared
polis
signs
quantum
industry
bill
on
cu
boulder
campus
href
venturepartners
14
internal
news
application
now
open
embark
pair
entrepreneurs
cu
boulder
technologies
img
class
image
square
src
itok
qqszovdh
width
height
alt
embark
href
venturepartners
14
internal
news
application
now
open
embark
pair
entrepreneurs
cu
boulder
technologies
wanted
entrepreneurs
ready
to
launch
startups
based
on
cu
boulder
innovations
href
more
venture
partners
news
media
inquiries
for
marketing
and
communication
inquiries
contact
href
daniel
leonard
senior
marketing
and
communications
specialist
for
venture
partners
at
cu
boulder
for
media
inquiries
please
visit
href
http://colorado.edu/news/formedia
colorado
edu
news
formedia
sidebar
1
sidebars
main
content
feature
layout
content
feature
layout
content
page
content
post
wide
post
wide
after
content
after
content
after
content
2
after
content
2
footer
section
footer
connect
with
us
href
class
social
links
link
linkedin
href
https://twitter.com/VPCUBldr
class
social
links
link
twitter
join
our
email
list
href
class
button
button
regular
button
blue
subscribe
disclose
your
invention
or
copyrighted
material
href
class
button
button
regular
button
gold
disclose
your
innovation
footer
footer
menu
footer
menu
site
info
href
venturepartners
venture
partners
at
cu
boulder
pearl
east
circle
suite
br
ucb
br
boulder
co
br
vpcontact
colorado
edu
br
fax
href
www
colorado
edu
img
src
alt
university
of
colorado
boulder
class
beboulder
href
http://www.colorado.edu
class
cu
boulder
homepage
link
university
of
colorado
boulder
br
copy
regents
of
the
university
of
colorado
br
href
privacy
bull
href
legal
amp
trademarks
bull
href
http://www.colorado.edu/map
campus
map
site
info
href
https://www.facebook.com/sharer/sharer.php
https
3
2
2
fwww
colorado
edu
2
fventurepartners
2
finternal
news
2
fcolorado
wyoming
climate
resilience
engine
announces
use
inspired
and
translation
grant
target
blank
share
via
facebook
href
https://twitter.com/intent/tweet
url
https
3
2
2
fwww
colorado
edu
2
fventurepartners
2
finternal
news
2
fcolorado
wyoming
climate
resilience
engine
announces
use
inspired
and
translation
grant
target
blank
share
via
twitter
href
https://www.linkedin.com/shareArticle
mini
true
title
colorado
wyoming
climate
resilience
engine
announces
use
inspired
and
translation
grant
opportunities
to
accelerate
climate
innovation
summary
source
url
https
3
2
2
fwww
colorado
edu
2
fventurepartners
2
finternal
news
2
fcolorado
wyoming
climate
resilience
engine
announces
use
inspired
and
translation
grant
target
blank
share
via
linkedin
return
to
the
top
of
the
page
href
venturepartners
content
need
help
contact
us
class
cu
feedback
link
button
button
full
button
blue
cu
feedback
link
embed
need
help
contact
us
form
class
webform
client
form
webform
client
form
action
venturepartners
22
internal
news
colorado
wyoming
climate
resilience
engine
announces
use
inspired
and
translation
grant
method
post
id
webform
client
form
accept
charset
utf
8
first
name
input
type
text
id
edit
submitted
first
name
name
submitted
first
name
value
size
60
maxlength
class
form
text
last
name
input
type
text
id
edit
submitted
last
name
name
submitted
last
name
value
size
60
maxlength
class
form
text
email
address
input
required
required
class
email
form
text
form
email
required
type
email
id
edit
submitted
email
address
name
submitted
email
address
size
60
message
input
type
hidden
name
details
sid
input
type
hidden
name
details
page
num
value
1
input
type
hidden
name
details
page
count
value
1
input
type
hidden
name
details
finished
value
0
input
type
hidden
name
form
build
id
value
form
fugbrrkcvkawcyn
14
xz
7
xki
jobcg
4
kk
9
pxl
38
input
type
hidden
name
form
id
value
webform
client
form
leave
this
field
blank
input
autocomplete
off
type
text
id
edit
url
name
url
value
size
20
maxlength
class
form
text
captcha
this
question
is
for
testing
whether
or
not
you
are
human
visitor
and
to
prevent
automated
spam
submissions
input
type
hidden
name
captcha
sid
value
input
type
hidden
name
captcha
token
value
7
cf
05
ef
89
input
type
hidden
name
captcha
response
value
google
no
captcha
input
type
hidden
name
captcha
cacheable
value
1
input
class
webform
submit
button
primary
form
submit
type
submit
name
op
value
submit
script
type
text
javascript
src
script
type
text
javascript
src
script
type
text
javascript
src
script
type
text
javascript
cdata
jquery
document
ready
function
if
modernizr
svgasimg
jquery
img
logo
attr
src
script
type
text
javascript
src
script
type
text
javascript
src
