doctype
html
meta
charset
utf
8
federated
identity
service
university
of
colorado
boulder
loading
session
information
link
rel
stylesheet
type
text
css
href
idp
css
main
css
use
strict
function
readlocalstorage
key
var
success
try
var
value
localstorage
getitem
key
if
value
null
document
form
1
shib
idp
ls
value
key
value
value
success
true
catch
success
false
document
form
1
shib
idp
ls
exception
key
value
document
form
1
shib
idp
ls
success
key
value
success
function
islocalstoragesupported
try
localstorage
setitem
shib
idp
ls
test
shib
idp
ls
test
localstorage
removeitem
shib
idp
ls
test
return
true
catch
return
false
federated
identity
service
university
of
colorado
boulder
loading
session
information
loading
login
session
information
from
the
browser
since
your
browser
does
not
support
javascript
you
must
press
the
continue
button
once
to
proceed
form
name
form
1
action
idp
profile
saml
2
redirect
sso
execution
method
post
input
name
shib
idp
ls
exception
shib
idp
session
ss
type
hidden
input
name
shib
idp
ls
success
shib
idp
session
ss
type
hidden
value
false
input
name
shib
idp
ls
value
shib
idp
session
ss
type
hidden
input
name
shib
idp
ls
exception
shib
idp
persistent
ss
type
hidden
input
name
shib
idp
ls
success
shib
idp
persistent
ss
type
hidden
value
false
input
name
shib
idp
ls
value
shib
idp
persistent
ss
type
hidden
input
name
shib
idp
ls
supported
type
hidden
input
name
eventid
proceed
type
hidden
input
type
submit
value
continue
function
doload
var
localstoragesupported
islocalstoragesupported
document
form
1
shib
idp
ls
supported
value
localstoragesupported
if
localstoragesupported
readlocalstorage
shib
idp
session
ss
readlocalstorage
shib
idp
persistent
ss
document
form
1
submit
href
http://www.colorado.edu/oit/service-center
target
blank
it
service
center
href
http://www.colorado.edu
target
blank
university
of
colorado
boulder
nbsp
nbsp
href
http://www.colorado.edu/oit
target
blank
office
of
information
technology
