doctype
html
if
iemobile
7
endif
if
lte
ie
6
endif
if
ie
7
iemobile
endif
if
ie
8
endif
if
gte
ie
9
gt
iemobile
7
html
lang
en
dir
ltr
xmlns
og
http://ogp.me/ns
endif
meta
http
equiv
content
type
content
text
html
charset
utf
8
script
src
https://www.google.com/recaptcha/api.js
hl
en
async
async
defer
defer
link
rel
shortcut
icon
href
type
image
vnd
microsoft
icon
link
href
https://www.colorado.edu/alumni/feed/rss.xml
rel
alternate
meta
http
equiv
ua
compatible
content
ie
edge
link
rel
apple
touch
icon
sizes
href
link
rel
apple
touch
icon
sizes
href
link
rel
apple
touch
icon
sizes
href
link
rel
apple
touch
icon
sizes
href
link
href
fonts
googleapis
com
rel
preconnect
meta
name
description
content
forever
buffs
as
cu
boulder
alum
you
receive
two
free
career
coaching
sessions
year
access
to
the
award
winningcoloradanmagazine
20
alumni
discount
to
the
cu
book
store
hundreds
of
events
each
year
and
more
did
you
know
all
those
benefits
are
free
graduating
seniors
and
new
grads
congrats
on
your
graduation
we
love
to
stay
in
touch
with
you
check
out
link
href
fonts
gstatic
com
rel
preconnect
crossorigin
link
href
fonts
googleapis
com
css
2
family
roboto
condensed
wght
amp
family
roboto
wght
amp
display
swap
rel
stylesheet
type
text
css
meta
name
generator
content
drupal
7
https://www.drupal.org
link
rel
canonical
href
link
rel
shortlink
href
https://www.colorado.edu/alumni/node/2247
meta
property
og
site
name
content
alumni
association
meta
property
og
type
content
article
meta
property
og
url
content
meta
property
og
title
content
update
your
information
meta
property
og
description
content
forever
buffs
as
cu
boulder
alum
you
receive
two
free
career
coaching
sessions
year
access
to
the
award
winningcoloradanmagazine
20
alumni
discount
to
the
cu
book
store
hundreds
of
events
each
year
and
more
did
you
know
all
those
benefits
are
free
graduating
seniors
and
new
grads
congrats
on
your
graduation
we
love
to
stay
in
touch
with
you
check
out
resources
for
new
grads
here
update
your
information
today
to
start
receiving
communications
about
the
perks
for
being
forever
buff
meta
property
og
updated
time
content
meta
name
twitter
card
content
summary
meta
name
twitter
url
content
meta
name
twitter
title
content
update
your
information
meta
name
twitter
description
content
forever
buffs
as
cu
boulder
alum
you
receive
two
free
career
coaching
sessions
year
access
to
the
award
winningcoloradanmagazine
20
alumni
discount
to
the
cu
book
store
hundreds
of
meta
property
article
published
time
content
meta
property
article
modified
time
content
update
your
information
alumni
association
university
of
colorado
boulder
style
type
text
css
media
screen
import
url
simm
2
import
url
simm
2
import
url
simm
2
import
url
simm
2
style
type
text
css
media
screen
import
url
simm
2
import
url
simm
2
style
type
text
css
media
screen
import
url
simm
2
import
url
simm
2
import
url
simm
2
import
url
simm
2
import
url
simm
2
import
url
simm
2
import
url
simm
2
import
url
simm
2
import
url
simm
2
import
url
simm
2
import
url
simm
2
import
url
simm
2
import
url
simm
2
import
url
simm
2
import
url
simm
2
import
url
simm
2
import
url
simm
2
import
url
simm
2
import
url
simm
2
import
url
simm
2
import
url
simm
2
import
url
simm
2
import
url
simm
2
import
url
simm
2
import
url
simm
2
import
url
simm
2
import
url
simm
2
import
url
simm
2
import
url
simm
2
import
url
simm
2
import
url
simm
2
style
type
text
css
media
screen
import
url
simm
2
style
type
text
css
media
screen
import
url
simm
2
import
url
simm
2
import
url
simm
2
import
url
simm
2
import
url
simm
2
import
url
simm
2
import
url
simm
2
import
url
simm
2
import
url
simm
2
import
url
simm
2
import
url
simm
2
import
url
simm
2
import
url
simm
2
import
url
simm
2
import
url
simm
2
import
url
simm
2
import
url
simm
2
import
url
simm
2
import
url
simm
2
import
url
simm
2
import
url
simm
2
import
url
simm
2
import
url
simm
2
import
url
simm
2
import
url
simm
2
import
url
simm
2
import
url
simm
2
import
url
simm
2
import
url
simm
2
import
url
simm
2
import
url
simm
2
style
type
text
css
media
screen
import
url
simm
2
import
url
simm
2
import
url
simm
2
import
url
simm
2
import
url
simm
2
import
url
simm
2
import
url
simm
2
import
url
simm
2
import
url
simm
2
import
url
simm
2
import
url
simm
2
style
type
text
css
media
screen
import
url
simm
2
import
url
simm
2
style
type
text
css
media
print
import
url
simm
2
script
type
text
javascript
defer
defer
src
simm
2
script
type
text
javascript
src
simm
2
script
type
text
javascript
src
1
script
type
text
javascript
cdata
jquery
migratemute
true
jquery
migratetrace
false
script
type
text
javascript
src
1
script
type
text
javascript
src
1
script
type
text
javascript
src
1
script
type
text
javascript
src
script
type
text
javascript
src
simm
2
script
type
text
javascript
src
simm
2
script
type
text
javascript
src
simm
2
script
type
text
javascript
src
simm
2
script
type
text
javascript
src
2
script
type
text
javascript
src
2
script
type
text
javascript
src
2
script
type
text
javascript
src
simm
2
script
type
text
javascript
src
simm
2
script
type
text
javascript
src
simm
2
script
type
text
javascript
src
simm
2
script
type
text
javascript
src
simm
2
script
type
text
javascript
src
simm
2
script
type
text
javascript
src
simm
2
script
type
text
javascript
src
simm
2
script
type
text
javascript
src
simm
2
script
type
text
javascript
src
simm
2
script
type
text
javascript
cdata
function
push
gtm
start
new
date
gettime
event
gtm
js
var
getelementsbytagname
0
createelement
dl
datalayer
async
true
src
https://www.googletagmanager.com/gtm.js
id
dl
parentnode
insertbefore
window
document
script
datalayer
gtm
mn
6
fzbc
script
type
text
javascript
src
simm
2
script
type
text
javascript
src
simm
2
script
type
text
javascript
src
simm
2
script
type
text
javascript
src
simm
2
script
type
text
javascript
src
simm
2
script
type
text
javascript
src
simm
2
script
type
text
javascript
src
simm
2
script
type
text
javascript
src
simm
2
script
type
text
javascript
src
simm
2
script
type
text
javascript
src
simm
2
script
type
text
javascript
src
simm
2
script
type
text
javascript
src
simm
2
script
type
text
javascript
src
simm
2
script
type
text
javascript
src
simm
2
script
type
text
javascript
src
simm
2
script
type
text
javascript
src
www
youtube
com
iframe
api
script
type
text
javascript
src
simm
2
script
type
text
javascript
cdata
function
googleanalyticsobject
function
push
arguments
1
new
date
createelement
getelementsbytagname
0
async
1
src
parentnode
insertbefore
window
document
script
ga
ga
create
ua
cookiedomain
auto
ga
create
ua
auto
name
customtracker
0
ga
create
ua
auto
name
customtracker
1
ga
create
ua
auto
name
customtracker
2
ga
set
anonymizeip
true
ga
set
dimension
1
ga
set
dimension
2
update
your
information
ga
set
dimension
3
webform
ga
set
dimension
4
fri
11
22
ga
customtracker
0
set
anonymizeip
true
ga
customtracker
1
set
anonymizeip
true
ga
customtracker
2
set
anonymizeip
true
ga
customtracker
0
set
dimension
1
ga
customtracker
1
set
dimension
1
ga
customtracker
2
set
dimension
1
ga
customtracker
0
set
dimension
2
update
your
information
ga
customtracker
1
set
dimension
2
update
your
information
ga
customtracker
2
set
dimension
2
update
your
information
ga
customtracker
0
set
dimension
3
webform
ga
customtracker
1
set
dimension
3
webform
ga
customtracker
2
set
dimension
3
webform
ga
customtracker
0
set
dimension
4
fri
11
22
ga
customtracker
1
set
dimension
4
fri
11
22
ga
customtracker
2
set
dimension
4
fri
11
22
ga
send
pageview
ga
customtracker
0
send
pageview
ga
customtracker
1
send
pageview
ga
customtracker
2
send
pageview
script
type
text
javascript
src
simm
2
script
type
text
javascript
src
simm
2
script
type
text
javascript
cdata
jquery
extend
drupal
settings
basepath
alumni
pathprefix
sethasjscookie
0
ajaxpagestate
theme
cuspirit
theme
token
badj
lidsbajvwegntfu
7
vbab
5
lgxd
mdbuw
js
profiles
express
modules
custom
backstretch
bs
js
1
profiles
express
modules
features
cu
search
js
cu
search
js
1
profiles
express
themes
ucb
js
track
focus
js
1
0
1
profiles
express
modules
features
cu
quicktab
styles
js
cu
quicktab
styles
js
1
profiles
express
modules
custom
cu
back
to
top
cu
back
to
top
js
1
public
google
tag
google
tag
script
js
1
profiles
express
libraries
modernizr
modernizr
min
js
1
profiles
express
modules
contrib
jquery
update
replace
jquery
jquery
min
js
1
1
1
profiles
express
modules
contrib
jquery
update
replace
jquery
migrate
1
jquery
migrate
min
js
1
misc
jquery
extend
0
js
1
misc
jquery
html
prefilter
0
backport
js
1
misc
jquery
once
js
1
misc
drupal
js
1
profiles
express
libraries
fitvids
jquery
fitvids
js
1
profiles
express
libraries
match
height
jquery
matchheight
min
js
1
profiles
express
libraries
waypoints
waypoint
js
1
profiles
express
modules
contrib
jquery
update
replace
ui
ui
minified
jquery
ui
core
min
js
1
profiles
express
modules
contrib
jquery
update
replace
ui
ui
minified
jquery
ui
widget
min
js
1
profiles
express
modules
contrib
jquery
update
replace
ui
ui
minified
jquery
ui
accordion
min
js
1
profiles
express
modules
features
cu
colorbox
js
cu
colorbox
js
1
profiles
express
modules
custom
cu
expandable
js
expandable
plugin
js
1
profiles
express
modules
custom
cu
expandable
js
cu
expandable
js
1
profiles
express
modules
custom
cu
share
js
cu
share
js
1
profiles
express
modules
custom
cu
video
hero
unit
bundle
js
cu
video
hero
js
1
profiles
express
modules
custom
express
collections
bundle
js
express
collections
bundle
js
1
profiles
express
modules
custom
express
layout
js
express
layout
js
1
profiles
express
modules
contrib
fitvids
fitvids
js
1
profiles
express
modules
contrib
google
cse
google
cse
js
1
profiles
express
modules
custom
site
navigation
menus
js
site
navigation
menus
js
1
2
1
profiles
express
libraries
colorbox
jquery
colorbox
min
js
1
profiles
express
modules
contrib
colorbox
js
colorbox
js
1
profiles
express
modules
contrib
colorbox
styles
stockholmsyndrome
colorbox
style
js
1
profiles
express
modules
contrib
context
accordion
context
accordion
js
1
profiles
express
libraries
flickity
js
flickity
pkgd
min
js
1
profiles
express
modules
features
cu
article
modules
cu
article
slider
js
cu
article
slider
js
1
profiles
express
modules
contrib
files
undo
remove
files
undo
remove
js
1
profiles
express
modules
contrib
captcha
captcha
js
1
profiles
express
libraries
backstretch
jquery
backstretch
js
1
profiles
express
modules
contrib
rave
alerts
js
rave
alerts
js
1
profiles
express
modules
features
cu
block
section
js
cu
block
section
js
1
profiles
express
modules
features
cu
block
section
js
parallaxie
js
1
profiles
express
modules
custom
cu
countdown
bundle
cu
countdown
js
jquery
countdown
min
js
1
profiles
express
modules
custom
cu
shortcodes
js
cu
shortcodes
js
1
profiles
express
modules
custom
cu
shortcodes
js
counter
js
1
www
youtube
com
iframe
api
1
profiles
express
modules
contrib
google
analytics
googleanalytics
js
1
3
1
profiles
express
modules
contrib
webform
js
webform
js
1
profiles
express
themes
ucb
js
ucb
js
1
css
modules
system
system
base
css
1
modules
system
system
menus
css
1
modules
system
system
messages
css
1
modules
system
system
theme
css
1
misc
ui
jquery
ui
core
css
1
misc
ui
jquery
ui
accordion
css
1
profiles
express
modules
features
cu
article
modules
cu
article
slider
css
cu
article
slider
css
1
profiles
express
modules
custom
cu
campus
news
bundle
cu
campus
news
css
cu
campus
news
css
1
profiles
express
modules
custom
cu
content
sequence
bundle
cu
content
sequence
css
cu
content
sequence
css
1
profiles
express
modules
custom
cu
dashboard
seo
css
cu
dashboard
seo
css
1
profiles
express
modules
custom
cu
expandable
css
cu
expandable
css
1
profiles
express
modules
custom
cu
inactive
users
css
cu
inactive
users
css
1
profiles
express
modules
custom
cu
js
includes
css
cu
js
includes
css
1
profiles
express
modules
custom
cu
profile
module
manager
css
cu
profile
module
manager
css
1
profiles
express
modules
features
cu
article
cu
related
articles
css
cu
related
articles
css
1
profiles
express
modules
custom
cu
rss
css
cu
rss
css
1
profiles
express
modules
custom
cu
share
css
cu
share
css
1
profiles
express
modules
features
cu
wysiwyg
cu
wysiwyg
css
1
profiles
express
modules
contrib
date
date
api
date
css
1
profiles
express
modules
contrib
date
date
popup
themes
datepicker
css
1
profiles
express
modules
custom
express
add
content
css
express
add
content
css
1
profiles
express
modules
custom
express
block
designer
css
express
block
designer
css
1
profiles
express
modules
custom
express
block
designer
modules
express
block
designer
menu
css
exbd
menu
css
1
profiles
express
modules
custom
express
collections
bundle
css
express
collections
bundle
css
1
profiles
express
modules
custom
express
layout
css
express
layout
admin
css
1
profiles
express
modules
custom
express
localist
bundle
css
express
localist
bundle
css
1
profiles
express
modules
custom
express
localist
bundle
css
express
localist
bundle
theme
css
1
profiles
express
modules
custom
express
responsive
visibility
bundle
css
express
responsive
visibility
css
1
modules
field
theme
field
css
1
profiles
express
modules
contrib
fitvids
fitvids
css
1
profiles
express
modules
contrib
google
cse
google
cse
css
1
modules
node
node
css
1
profiles
express
modules
contrib
rave
alerts
css
rave
alerts
css
1
profiles
express
modules
custom
site
navigation
menus
css
site
navigation
menus
css
1
modules
user
user
css
1
profiles
express
modules
contrib
video
filter
video
filter
css
1
profiles
express
modules
contrib
views
css
views
css
1
profiles
express
modules
custom
cu
users
css
cu
users
css
1
profiles
express
modules
contrib
colorbox
styles
stockholmsyndrome
colorbox
style
css
1
profiles
express
modules
contrib
context
accordion
context
accordion
css
1
profiles
express
modules
contrib
ctools
css
ctools
css
1
profiles
express
libraries
flickity
css
flickity
css
1
profiles
express
libraries
fontawesome
css
font
awesome
min
css
1
profiles
express
modules
contrib
files
undo
remove
files
undo
remove
css
1
profiles
express
modules
custom
backstretch
backstretch
css
1
profiles
express
modules
custom
cu
block
row
css
cu
block
row
css
1
profiles
express
modules
features
cu
block
section
css
cu
block
section
css
1
profiles
express
modules
custom
cu
countdown
bundle
cu
countdown
css
cu
countdown
css
1
profiles
express
modules
features
cu
facebook
activity
cu
facebook
activity
css
1
profiles
express
modules
features
cu
feature
callout
css
cu
feature
callout
css
1
profiles
express
modules
features
cu
feature
callout
css
feature
callout
block
designer
css
1
profiles
express
modules
custom
cu
give
buttons
styles
give
button
css
1
profiles
express
modules
features
cu
hero
unit
css
cu
hero
unit
css
1
profiles
express
modules
custom
cu
menu
icon
cu
menu
icon
css
1
profiles
express
modules
custom
cu
publications
bundle
cu
publication
css
cu
publication
css
1
profiles
express
modules
features
cu
quicktab
styles
css
cu
quicktab
styles
css
1
profiles
express
modules
custom
cu
rss
block
css
cu
rss
block
css
1
profiles
express
modules
features
cu
search
css
cu
search
css
1
profiles
express
modules
custom
cu
shortcodes
css
cu
shortcodes
css
1
profiles
express
modules
custom
cu
shortcodes
css
cu
shortcodes
columns
css
1
profiles
express
modules
custom
cu
site
info
site
info
css
1
profiles
express
modules
features
cu
social
links
css
social
links
css
1
profiles
express
modules
features
cu
twitter
feed
cu
twitter
feed
css
1
profiles
express
modules
custom
cu
video
hero
unit
bundle
css
cu
video
hero
unit
css
1
profiles
express
modules
custom
cu
video
reveal
css
cu
video
reveal
css
1
profiles
express
modules
custom
express
layout
css
express
layout
css
1
profiles
express
modules
custom
express
settings
css
express
settings
css
1
profiles
express
modules
features
files
css
files
css
1
profiles
express
modules
features
photo
gallery
css
photo
gallery
css
1
profiles
express
modules
custom
profile
module
manager
css
profile
module
manager
css
1
profiles
express
modules
features
cu
article
css
cu
article
css
1
profiles
express
modules
features
cu
article
css
cu
article
grid
css
1
profiles
express
modules
features
cu
article
css
owl
carousel
css
1
profiles
express
modules
features
cu
faq
css
cu
faq
css
1
profiles
express
modules
features
cu
page
cu
page
css
1
profiles
express
modules
custom
express
theme
picker
express
theme
picker
css
1
profiles
express
modules
features
people
content
type
css
people
content
type
css
1
profiles
express
modules
custom
cu
back
to
top
cu
back
to
top
css
1
public
honeypot
honeypot
css
1
profiles
express
modules
contrib
webform
css
webform
css
1
profiles
express
themes
ucb
css
ucb
css
1
profiles
express
themes
cuspirit
css
spirit
styles
css
1
profiles
express
themes
ucb
css
ucb
print
css
1
colorbox
opacity
current
current
of
total
previous
00
ab
prev
next
next
00
bb
close
close
maxwidth
98
maxheight
98
fixed
true
mobiledetect
true
mobiledevicewidth
px
file
public
path
alumni
sites
default
files
specificpagesdefaultvalue
admin
nimagebrowser
nimg
assist
nimce
nnode
add
nnode
edit
nprint
nprintpdf
nsystem
ajax
nsystem
ajax
localist
bypass
urls
cupresents
org
googlecse
cx
6
grvgdte
resultswidth
domain
www
google
com
showwatermark
true
fitvids
custom
domains
iframe
src
http
candidcareer
com
iframe
src
http
www
candidcareer
com
iframe
src
https
candidcareer
com
iframe
src
https
www
candidcareer
com
iframe
src
candidcareer
com
selectors
body
simplifymarkup
true
ignore
backstretchurl
backstretchminwidth
0
googleanalytics
trackoutbound
1
trackmailto
1
trackdownload
1
trackdownloadextensions
7
aac
arc
arj
asf
asx
avi
bin
csv
doc
exe
flv
gif
gz
gzip
hqx
jar
jpe
js
mp
4
mov
ie
msi
msp
pdf
phps
png
ppt
qtm
ra
sea
sit
tar
tgz
torrent
txt
wav
wma
wmv
wpd
xls
xml
zip
trackcolorbox
1
currentpath
node
currentpathisadmin
false
urlisajaxtrusted
alumni
updateyourinfo
true
if
lt
ie
9
script
src
alumni
profiles
express
themes
ucb
js
html
5
respond
js
endif
skip
to
content
iframe
src
https://www.googletagmanager.com/ns.html
id
gtm
mn
6
fzbc
height
0
width
0
style
display
none
visibility
hidden
iframe
src
https://www.googletagmanager.com/ns.html
id
gtm
3
dx
2
qp
height
0
width
0
style
display
none
visibility
hidden
alerts
campus
branding
href
http://www.colorado.edu
img
src
alt
university
of
colorado
boulder
href
https://www.colorado.edu/search
id
search
toggle
class
search
toggle
aria
haspopup
true
aria
expanded
false
aria
controls
search
aria
label
search
search
campus
branding
desktop
search
search
form
class
cu
search
form
action
alumni
search
method
get
enter
the
terms
you
wish
to
search
for
close
desktop
search
site
header
href
alumni
title
home
class
header
site
link
rel
home
alumni
association
alumni
association
menu
site
header
navigation
main
menu
main
menu
href
alumni
home
class
first
home
href
alumni
programs
title
class
mega
menu
link
role
button
programs
href
alumni
programs
programs
href
volunteer
mentor
support
connect
href
roaming
buffs
travel
the
world
with
your
herd
href
https://ce.colorado.edu/programs/auditors
auditors
learn
with
cu
students
href
scholarships
support
current
buffs
href
buffalo
legacy
make
cu
family
tradition
href
alumni
benefits
class
mega
menu
link
role
button
benefits
href
alumni
benefits
benefits
href
career
services
take
the
next
step
in
your
profession
href
shop
for
scholarships
stock
up
on
the
latest
cu
gear
and
do
good
at
the
same
time
href
forever
buffs
discounts
score
great
deals
just
for
being
buff
href
cu
license
plates
drive
with
buffs
pride
href
rent
venue
host
your
next
event
in
boulder
href
alumni
experiences
class
mega
menu
link
role
button
experiences
href
alumni
experiences
experiences
year
round
href
forever
buffs
spotlight
href
coloradan
conversations
href
cu
at
home
href
forevergold
signature
events
fall
href
buffs
bash
football
href
https://www.colorado.edu/homecoming/
homecoming
href
watch
parties
href
forever
buffs
network
mentorship
program
winter
href
chancellor
annual
summit
href
cu
night
at
the
stock
show
href
cu
night
at
zoo
lights
spring
href
buffs
bash
basketball
href
career
conference
href
cu
in
href
grad
bash
href
buffs
give
back
summer
href
cu
night
at
the
rockies
href
alumni
communities
class
mega
menu
link
role
button
communities
href
alumni
communities
communities
groups
to
join
href
regional
chapters
find
buffs
near
you
href
clubs
connect
with
like
minded
alums
href
forevergold
help
move
cu
forward
href
https://www.colorado.edu/alumniboard/
alumni
board
volunteer
your
expertise
href
colleges
amp
schools
reconnect
based
on
your
major
href
https://www.colorado.edu/theherd/
herd
leadership
council
students
making
an
impact
more
ways
to
connect
href
forever
buffs
network
network
virtually
with
buffs
href
https://foreverbuffsnetwork.com/business-hub
buffs
businesses
support
alumni
entrepreneurs
href
host
reunion
reconnect
with
classmates
href
https://www.colorado.edu/alumni/newgrad
new
grads
begin
your
journey
with
forever
buffs
href
alumni
stories
class
mega
menu
link
role
button
cu
stories
href
alumni
stories
cu
stories
href
https://www.colorado.edu/coloradan/
coloradan
alumni
magazine
read
up
on
the
latest
cu
news
href
the
heritage
center
explore
the
history
of
campus
href
https://colorado.edu/homecoming/alumniawards
alumni
awards
honor
cu
best
and
brightest
href
notable
alumni
celebrate
buffs
who
made
difference
href
alumni
about
alumni
association
class
active
trail
last
mega
menu
link
role
button
about
href
alumni
about
alumni
association
about
email
address
br
contactalumni
colorado
edu
physical
address
br
koenig
alumni
center
br
university
avenue
br
campus
box
br
boulder
co
phone
number
br
href
https://www.colorado.edu/alumni/about/visit
contact
us
find
specific
alumni
team
contact
href
class
active
update
your
information
stay
connected
with
forever
buffs
href
frequently
asked
questions
how
can
we
help
secondary
menu
href
amp
amt
title
class
first
last
support
main
menu
secondary
menu
under
main
menu
navigation
mobile
navigation
mobile
search
mobile
menu
mobile
menu
href
alumni
home
home
href
alumni
programs
title
programs
href
alumni
benefits
benefits
href
alumni
experiences
experiences
href
alumni
communities
communities
href
alumni
stories
cu
stories
href
alumni
about
alumni
association
class
active
trail
about
href
amp
amt
title
support
mobile
navigation
messages
tabs
help
action
links
messages
tabs
help
action
links
page
content
intro
intro
slider
slider
page
title
image
page
title
image
main
content
breadcrumb
href
alumni
home
href
alumni
about
alumni
association
about
update
your
information
title
update
your
information
post
title
wide
post
title
node
content
forever
buffs
as
cu
boulder
alum
you
receive
two
free
career
coaching
sessions
year
access
to
the
award
winning
coloradan
magazine
20
alumni
discount
to
the
cu
book
store
hundreds
of
events
each
year
and
more
did
you
know
all
those
benefits
are
free
graduating
seniors
and
new
grads
congrats
on
your
graduation
we
love
to
stay
in
touch
with
you
href
https://www.colorado.edu/alumni/newgrad
check
out
resources
for
new
grads
here
update
your
information
today
to
start
receiving
communications
about
the
perks
for
being
forever
buff
form
class
webform
client
form
webform
client
form
action
alumni
updateyourinfo
method
post
id
webform
client
form
accept
charset
utf
8
first
name
input
required
required
type
text
id
edit
submitted
first
name
name
submitted
first
name
value
size
60
maxlength
class
form
text
required
last
name
input
required
required
type
text
id
edit
submitted
last
name
name
submitted
last
name
value
size
60
maxlength
class
form
text
required
name
while
cu
student
if
different
input
type
text
id
edit
submitted
name
while
cu
student
if
different
name
submitted
name
while
cu
student
if
different
value
size
60
maxlength
class
form
text
non
colorado
edu
email
input
required
required
type
text
id
edit
submitted
email
name
submitted
email
value
size
60
maxlength
class
form
text
required
colorado
edu
email
input
type
text
id
edit
submitted
coloradoedu
email
name
submitted
coloradoedu
email
value
size
60
maxlength
class
form
text
graduation
year
input
required
required
type
text
id
edit
submitted
graduation
year
name
submitted
graduation
year
value
size
60
maxlength
class
form
text
required
major
input
required
required
type
text
id
edit
submitted
major
name
submitted
major
value
size
60
maxlength
class
form
text
required
address
line
1
input
type
text
id
edit
submitted
address
line
1
name
submitted
address
line
1
value
size
60
maxlength
class
form
text
apartment
unit
suite
input
type
text
id
edit
submitted
apartment
unit
suite
name
submitted
apartment
unit
suite
value
size
60
maxlength
class
form
text
city
input
type
text
id
edit
submitted
city
name
submitted
city
value
size
60
maxlength
class
form
text
state
input
type
text
id
edit
submitted
state
name
submitted
state
value
size
60
maxlength
class
form
text
zip
code
input
type
text
id
edit
submitted
zip
code
name
submitted
zip
code
value
size
60
maxlength
class
form
text
student
id
if
known
input
type
text
id
edit
submitted
student
id
if
known
name
submitted
student
id
if
known
value
size
60
maxlength
class
form
text
input
type
hidden
name
details
sid
input
type
hidden
name
details
page
num
value
1
input
type
hidden
name
details
page
count
value
1
input
type
hidden
name
details
finished
value
0
input
type
hidden
name
form
build
id
value
form
5
ce
2
duueklorca
4
mfqlvsunejvvlox
7
kvk
8
qylfutdc
input
type
hidden
name
form
id
value
webform
client
form
leave
this
field
blank
input
autocomplete
off
type
text
id
edit
url
name
url
value
size
20
maxlength
class
form
text
input
type
hidden
name
captcha
sid
value
input
type
hidden
name
captcha
token
value
df
dc
input
type
hidden
name
captcha
response
value
google
no
captcha
input
type
hidden
name
captcha
cacheable
value
1
input
class
webform
submit
button
primary
form
submit
type
submit
name
op
value
submit
sidebars
sidebars
main
content
feature
layout
content
feature
layout
content
page
content
post
wide
post
wide
after
content
partners
href
src
aff
5
mtv
2
cuboulder
amp
mm
webid
amp
selectopt
auto
img
class
image
large
wide
thumbnail
src
itok
fxhfidjs
width
height
alt
visit
liberty
mutual
for
an
insurance
quote
href
src
aff
5
mtv
2
cuboulder
amp
mm
webid
amp
selectopt
auto
href
img
class
image
large
wide
thumbnail
src
itok
ym
35
width
height
alt
visit
elevations
credit
union
for
great
deals
for
forever
buffs
href
href
img
class
image
large
wide
thumbnail
src
itok
edox
0
eou
width
height
alt
visit
the
alumni
insurance
program
for
deals
for
alumni
href
href
https://select.travelinsure.com/
pcode
img
class
image
large
wide
thumbnail
src
itok
5
hjk
65
kn
width
height
alt
visit
usi
affinity
travel
insurance
services
for
deals
for
forever
buffs
href
https://select.travelinsure.com/
pcode
after
content
after
content
2
after
content
2
footer
section
footer
footer
footer
menu
footer
menu
site
info
href
alumni
alumni
association
university
avenue
ucb
br
boulder
co
br
contactalumni
colorado
edu
cu
content
slider
style
5
cu
slider
slide
content
color
dbb
div
feature
callout
text
overflow
hidden
href
www
colorado
edu
img
src
alt
university
of
colorado
boulder
class
beboulder
href
http://www.colorado.edu
class
cu
boulder
homepage
link
university
of
colorado
boulder
br
copy
regents
of
the
university
of
colorado
br
href
privacy
bull
href
legal
amp
trademarks
bull
href
http://www.colorado.edu/map
campus
map
site
info
return
to
the
top
of
the
page
script
type
text
javascript
src
simm
2
script
type
text
javascript
src
simm
2
script
type
text
javascript
src
simm
2
script
type
text
javascript
cdata
jquery
document
ready
function
if
modernizr
svgasimg
jquery
img
logo
attr
src
script
type
text
javascript
src
simm
2
script
type
text
javascript
src
simm
2
