doctype
html
if
iemobile
7
endif
if
lte
ie
6
endif
if
ie
7
iemobile
endif
if
ie
8
endif
if
gte
ie
9
gt
iemobile
7
html
lang
en
dir
ltr
xmlns
og
http://ogp.me/ns
endif
meta
http
equiv
content
type
content
text
html
charset
utf
8
script
src
https://www.google.com/recaptcha/api.js
hl
en
async
async
defer
defer
link
rel
shortcut
icon
href
type
image
vnd
microsoft
icon
meta
http
equiv
ua
compatible
content
ie
edge
link
rel
apple
touch
icon
sizes
href
link
rel
apple
touch
icon
sizes
href
link
rel
apple
touch
icon
sizes
href
link
rel
apple
touch
icon
sizes
href
link
href
fonts
googleapis
com
rel
preconnect
link
href
fonts
gstatic
com
rel
preconnect
crossorigin
link
href
fonts
googleapis
com
css
2
family
roboto
condensed
wght
amp
family
roboto
wght
amp
display
swap
rel
stylesheet
type
text
css
meta
name
generator
content
drupal
7
https://www.drupal.org
link
rel
canonical
href
link
rel
shortlink
href
meta
property
og
site
name
content
venture
partners
at
cu
boulder
meta
property
og
type
content
article
meta
property
og
url
content
meta
property
og
title
content
need
help
contact
us
meta
property
og
updated
time
content
meta
name
twitter
card
content
summary
meta
name
twitter
url
content
meta
name
twitter
title
content
need
help
contact
us
meta
property
article
published
time
content
meta
property
article
modified
time
content
need
help
contact
us
venture
partners
at
cu
boulder
university
of
colorado
boulder
style
type
text
css
media
screen
import
url
import
url
import
url
import
url
style
type
text
css
media
screen
import
url
import
url
style
type
text
css
media
screen
import
url
import
url
import
url
import
url
import
url
import
url
import
url
import
url
import
url
import
url
import
url
import
url
import
url
import
url
import
url
import
url
import
url
import
url
import
url
import
url
import
url
import
url
import
url
import
url
import
url
import
url
import
url
import
url
import
url
style
type
text
css
media
screen
import
url
import
url
import
url
import
url
import
url
import
url
import
url
import
url
import
url
import
url
import
url
import
url
import
url
import
url
import
url
import
url
import
url
import
url
import
url
import
url
import
url
import
url
import
url
import
url
import
url
import
url
import
url
import
url
import
url
import
url
import
url
style
type
text
css
media
screen
import
url
import
url
import
url
import
url
import
url
import
url
import
url
import
url
style
type
text
css
media
screen
import
url
import
url
style
type
text
css
media
print
import
url
script
type
text
javascript
defer
defer
src
script
type
text
javascript
src
script
type
text
javascript
src
1
script
type
text
javascript
cdata
jquery
migratemute
true
jquery
migratetrace
false
script
type
text
javascript
src
1
script
type
text
javascript
src
1
script
type
text
javascript
src
1
script
type
text
javascript
src
script
type
text
javascript
src
script
type
text
javascript
src
script
type
text
javascript
src
script
type
text
javascript
src
script
type
text
javascript
src
2
script
type
text
javascript
src
2
script
type
text
javascript
src
2
script
type
text
javascript
src
script
type
text
javascript
src
script
type
text
javascript
src
script
type
text
javascript
src
script
type
text
javascript
src
script
type
text
javascript
src
script
type
text
javascript
src
script
type
text
javascript
src
script
type
text
javascript
src
script
type
text
javascript
cdata
function
push
gtm
start
new
date
gettime
event
gtm
js
var
getelementsbytagname
0
createelement
dl
datalayer
async
true
src
https://www.googletagmanager.com/gtm.js
id
dl
parentnode
insertbefore
window
document
script
datalayer
gtm
wr
76
tnx
script
type
text
javascript
src
script
type
text
javascript
src
script
type
text
javascript
src
script
type
text
javascript
src
script
type
text
javascript
src
script
type
text
javascript
src
script
type
text
javascript
src
script
type
text
javascript
src
script
type
text
javascript
src
script
type
text
javascript
src
script
type
text
javascript
src
script
type
text
javascript
src
script
type
text
javascript
src
script
type
text
javascript
src
script
type
text
javascript
src
script
type
text
javascript
cdata
function
googleanalyticsobject
function
push
arguments
1
new
date
createelement
getelementsbytagname
0
async
1
src
parentnode
insertbefore
window
document
script
ga
ga
create
ua
cookiedomain
auto
ga
set
anonymizeip
true
ga
set
dimension
1
ga
set
dimension
2
need
help
contact
us
ga
set
dimension
3
webform
ga
set
dimension
4
tue
07
18
ga
send
pageview
ga
create
ua
auto
name
customtracker
0
ga
customtracker
0
send
pageview
ga
create
ua
auto
name
customtracker
1
ga
customtracker
1
send
pageview
script
type
text
javascript
src
script
type
text
javascript
src
script
type
text
javascript
src
script
type
text
javascript
src
script
type
text
javascript
cdata
jquery
extend
drupal
settings
basepath
venturepartners
pathprefix
sethasjscookie
0
ajaxpagestate
theme
cuspirit
theme
token
9
kuoqetmro
nwj
gzau
2
gdc
9
agx
2
cmegoq
js
profiles
express
modules
custom
backstretch
bs
js
1
profiles
express
modules
features
cu
search
js
cu
search
js
1
profiles
express
themes
ucb
js
track
focus
js
1
0
1
profiles
express
modules
custom
cu
back
to
top
cu
back
to
top
js
1
profiles
express
modules
custom
cu
sticky
menu
js
cu
sticky
menu
js
1
public
google
tag
google
tag
script
js
1
profiles
express
libraries
modernizr
modernizr
min
js
1
profiles
express
modules
contrib
jquery
update
replace
jquery
jquery
min
js
1
1
1
profiles
express
modules
contrib
jquery
update
replace
jquery
migrate
1
jquery
migrate
min
js
1
misc
jquery
extend
0
js
1
misc
jquery
html
prefilter
0
backport
js
1
misc
jquery
once
js
1
misc
drupal
js
1
profiles
express
libraries
fitvids
jquery
fitvids
js
1
profiles
express
libraries
match
height
jquery
matchheight
min
js
1
profiles
express
libraries
waypoints
waypoint
js
1
profiles
express
modules
contrib
jquery
update
replace
ui
ui
minified
jquery
ui
core
min
js
1
profiles
express
modules
contrib
jquery
update
replace
ui
ui
minified
jquery
ui
widget
min
js
1
profiles
express
modules
contrib
jquery
update
replace
ui
ui
minified
jquery
ui
accordion
min
js
1
profiles
express
modules
features
cu
colorbox
js
cu
colorbox
js
1
profiles
express
modules
custom
cu
expandable
js
expandable
plugin
js
1
profiles
express
modules
custom
cu
expandable
js
cu
expandable
js
1
profiles
express
modules
custom
cu
share
js
cu
share
js
1
profiles
express
modules
custom
express
collections
bundle
js
express
collections
bundle
js
1
profiles
express
modules
custom
express
layout
js
express
layout
js
1
profiles
express
modules
contrib
fitvids
fitvids
js
1
profiles
express
modules
contrib
google
cse
google
cse
js
1
profiles
express
modules
custom
site
navigation
menus
js
site
navigation
menus
js
1
2
1
profiles
express
libraries
colorbox
jquery
colorbox
min
js
1
profiles
express
modules
contrib
colorbox
js
colorbox
js
1
profiles
express
modules
contrib
colorbox
styles
stockholmsyndrome
colorbox
style
js
1
profiles
express
modules
contrib
context
accordion
context
accordion
js
1
profiles
express
libraries
flickity
js
flickity
pkgd
min
js
1
profiles
express
modules
features
cu
article
modules
cu
article
slider
js
cu
article
slider
js
1
profiles
express
modules
contrib
files
undo
remove
files
undo
remove
js
1
profiles
express
modules
contrib
captcha
captcha
js
1
profiles
express
libraries
backstretch
jquery
backstretch
js
1
profiles
express
modules
contrib
rave
alerts
js
rave
alerts
js
1
profiles
express
modules
features
cu
block
section
js
cu
block
section
js
1
profiles
express
modules
features
cu
block
section
js
parallaxie
js
1
profiles
express
modules
custom
cu
shortcodes
js
cu
shortcodes
js
1
profiles
express
modules
custom
cu
shortcodes
js
counter
js
1
profiles
express
modules
contrib
google
analytics
googleanalytics
js
1
3
1
misc
textarea
js
1
profiles
express
modules
custom
cu
feedback
js
cu
feedback
js
1
profiles
express
modules
contrib
webform
js
webform
js
1
profiles
express
themes
ucb
js
ucb
js
1
css
modules
system
system
base
css
1
modules
system
system
menus
css
1
modules
system
system
messages
css
1
modules
system
system
theme
css
1
misc
ui
jquery
ui
core
css
1
misc
ui
jquery
ui
accordion
css
1
profiles
express
modules
features
cu
article
modules
cu
article
slider
css
cu
article
slider
css
1
profiles
express
modules
custom
cu
content
sequence
bundle
cu
content
sequence
css
cu
content
sequence
css
1
profiles
express
modules
custom
cu
dashboard
seo
css
cu
dashboard
seo
css
1
profiles
express
modules
custom
cu
expandable
css
cu
expandable
css
1
profiles
express
modules
custom
cu
inactive
users
css
cu
inactive
users
css
1
profiles
express
modules
custom
cu
js
includes
css
cu
js
includes
css
1
profiles
express
modules
custom
cu
profile
module
manager
css
cu
profile
module
manager
css
1
profiles
express
modules
features
cu
article
cu
related
articles
css
cu
related
articles
css
1
profiles
express
modules
custom
cu
share
css
cu
share
css
1
profiles
express
modules
features
cu
wysiwyg
cu
wysiwyg
css
1
profiles
express
modules
contrib
date
date
api
date
css
1
profiles
express
modules
contrib
date
date
popup
themes
datepicker
css
1
profiles
express
modules
custom
express
add
content
css
express
add
content
css
1
profiles
express
modules
custom
express
block
designer
css
express
block
designer
css
1
profiles
express
modules
custom
express
block
designer
modules
express
block
designer
menu
css
exbd
menu
css
1
profiles
express
modules
custom
express
collections
bundle
css
express
collections
bundle
css
1
profiles
express
modules
custom
express
layout
css
express
layout
admin
css
1
profiles
express
modules
custom
express
localist
bundle
css
express
localist
bundle
css
1
profiles
express
modules
custom
express
localist
bundle
css
express
localist
bundle
theme
css
1
modules
field
theme
field
css
1
profiles
express
modules
contrib
fitvids
fitvids
css
1
profiles
express
modules
contrib
google
cse
google
cse
css
1
modules
node
node
css
1
profiles
express
modules
contrib
rave
alerts
css
rave
alerts
css
1
profiles
express
modules
custom
site
navigation
menus
css
site
navigation
menus
css
1
modules
user
user
css
1
profiles
express
modules
contrib
video
filter
video
filter
css
1
profiles
express
modules
contrib
views
css
views
css
1
profiles
express
modules
custom
cu
users
css
cu
users
css
1
profiles
express
modules
contrib
colorbox
styles
stockholmsyndrome
colorbox
style
css
1
profiles
express
modules
contrib
context
accordion
context
accordion
css
1
profiles
express
modules
contrib
ctools
css
ctools
css
1
profiles
express
libraries
flickity
css
flickity
css
1
profiles
express
libraries
fontawesome
css
font
awesome
min
css
1
profiles
express
modules
contrib
files
undo
remove
files
undo
remove
css
1
profiles
express
modules
custom
backstretch
backstretch
css
1
profiles
express
modules
custom
cu
block
row
css
cu
block
row
css
1
profiles
express
modules
features
cu
block
section
css
cu
block
section
css
1
profiles
express
modules
features
cu
facebook
activity
cu
facebook
activity
css
1
profiles
express
modules
features
cu
feature
callout
css
cu
feature
callout
css
1
profiles
express
modules
features
cu
feature
callout
css
feature
callout
block
designer
css
1
profiles
express
modules
custom
cu
give
buttons
styles
give
button
css
1
profiles
express
modules
features
cu
hero
unit
css
cu
hero
unit
css
1
profiles
express
modules
custom
cu
menu
icon
cu
menu
icon
css
1
profiles
express
modules
custom
cu
newsletter
bundle
cu
newsletter
css
cu
newsletter
css
1
profiles
express
modules
features
cu
search
css
cu
search
css
1
profiles
express
modules
custom
cu
shortcodes
css
cu
shortcodes
css
1
profiles
express
modules
custom
cu
shortcodes
css
cu
shortcodes
columns
css
1
profiles
express
modules
custom
cu
site
info
site
info
css
1
profiles
express
modules
features
cu
social
links
css
social
links
css
1
profiles
express
modules
features
cu
twitter
feed
cu
twitter
feed
css
1
profiles
express
modules
custom
cu
video
reveal
css
cu
video
reveal
css
1
profiles
express
modules
custom
express
layout
css
express
layout
css
1
profiles
express
modules
custom
express
settings
css
express
settings
css
1
profiles
express
modules
features
files
css
files
css
1
profiles
express
modules
custom
profile
module
manager
css
profile
module
manager
css
1
profiles
express
modules
features
cu
article
css
cu
article
css
1
profiles
express
modules
features
cu
article
css
cu
article
grid
css
1
profiles
express
modules
features
cu
article
css
owl
carousel
css
1
profiles
express
modules
features
cu
faq
css
cu
faq
css
1
profiles
express
modules
features
cu
page
cu
page
css
1
profiles
express
modules
custom
express
theme
picker
express
theme
picker
css
1
profiles
express
modules
features
people
content
type
css
people
content
type
css
1
profiles
express
modules
custom
cu
back
to
top
cu
back
to
top
css
1
profiles
express
modules
custom
cu
feedback
css
cu
feedback
css
1
public
honeypot
honeypot
css
1
profiles
express
modules
contrib
webform
css
webform
css
1
profiles
express
modules
custom
cu
sticky
menu
css
cu
sticky
menu
css
1
profiles
express
themes
ucb
css
ucb
css
1
profiles
express
themes
cuspirit
css
spirit
styles
css
1
profiles
express
themes
ucb
css
ucb
print
css
1
colorbox
opacity
current
current
of
total
previous
00
ab
prev
next
next
00
bb
close
close
maxwidth
98
maxheight
98
fixed
true
mobiledetect
true
mobiledevicewidth
px
file
public
path
venturepartners
sites
default
files
specificpagesdefaultvalue
admin
nimagebrowser
nimg
assist
nimce
nnode
add
nnode
edit
nprint
nprintpdf
nsystem
ajax
nsystem
ajax
localist
bypass
urls
cupresents
org
googlecse
cx
resultswidth
domain
www
google
com
showwatermark
true
fitvids
custom
domains
selectors
body
simplifymarkup
true
ignore
backstretchurl
backstretchminwidth
0
googleanalytics
trackoutbound
1
trackmailto
1
trackdownload
1
trackdownloadextensions
7
aac
arc
arj
asf
asx
avi
bin
csv
doc
exe
flv
gif
gz
gzip
hqx
jar
jpe
js
mp
4
mov
ie
msi
msp
pdf
phps
png
ppt
qtm
ra
sea
sit
tar
tgz
torrent
txt
wav
wma
wmv
wpd
xls
xml
zip
trackcolorbox
1
currentpath
node
currentpathisadmin
false
urlisajaxtrusted
venturepartners
content
need
help
contact
us
true
if
lt
ie
9
script
src
venturepartners
profiles
express
themes
ucb
js
html
5
respond
js
endif
skip
to
content
img
src
alt
university
of
colorado
boulder
href
https://www.colorado.edu/venturepartners
venture
partners
at
cu
boulder
main
menu
href
venturepartners
id
sticky
menu
home
link
home
href
venturepartners
about
us
about
us
href
venturepartners
get
started
get
started
href
venturepartners
what
we
do
researchers
amp
inventors
href
venturepartners
investor
and
partnership
opportunities
investors
amp
partners
href
venturepartners
events
and
opportunities
events
amp
opportunities
href
venturepartners
news
news
href
venturepartners
contact
us
contact
us
iframe
src
https://www.googletagmanager.com/ns.html
id
gtm
wr
76
tnx
height
0
width
0
style
display
none
visibility
hidden
iframe
src
https://www.googletagmanager.com/ns.html
id
gtm
3
dx
2
qp
height
0
width
0
style
display
none
visibility
hidden
alerts
campus
branding
href
http://www.colorado.edu
img
src
alt
university
of
colorado
boulder
href
https://www.colorado.edu/search
id
search
toggle
class
search
toggle
aria
haspopup
true
aria
expanded
false
aria
controls
search
aria
label
search
search
campus
branding
desktop
search
search
form
class
cu
search
form
action
https://www.colorado.edu/search
method
get
enter
the
terms
you
wish
to
search
for
other
ways
to
search
href
https://calendar.colorado.edu
events
calendar
href
https://www.colorado.edu/map
campus
map
close
desktop
search
site
header
href
venturepartners
title
home
class
header
site
link
rel
home
venture
partners
at
cu
boulder
href
https://www.colorado.edu/researchinnovation
research
and
innovation
office
venture
partners
at
cu
boulder
menu
site
header
navigation
main
menu
main
menu
href
venturepartners
id
home
link
class
home
link
first
home
href
venturepartners
about
us
about
us
href
venturepartners
get
started
get
started
href
venturepartners
what
we
do
researchers
amp
inventors
href
venturepartners
investor
and
partnership
opportunities
investors
amp
partners
href
venturepartners
events
and
opportunities
events
amp
opportunities
href
venturepartners
news
news
href
venturepartners
contact
us
class
last
contact
us
main
menu
secondary
menu
under
main
menu
secondary
menu
href
title
class
first
disclose
your
innovation
href
title
join
our
email
list
href
http://colorado.edu/rio
title
class
last
research
innovation
office
secondary
menu
under
main
menu
navigation
mobile
navigation
mobile
search
mobile
menu
mobile
menu
href
venturepartners
home
href
venturepartners
about
us
about
us
href
venturepartners
get
started
get
started
href
venturepartners
what
we
do
researchers
amp
inventors
href
venturepartners
investor
and
partnership
opportunities
investors
amp
partners
href
venturepartners
events
and
opportunities
events
amp
opportunities
href
venturepartners
news
news
href
venturepartners
contact
us
contact
us
href
title
disclose
your
innovation
href
title
join
our
email
list
href
http://colorado.edu/rio
title
research
amp
innovation
office
mobile
navigation
messages
tabs
help
action
links
messages
tabs
help
action
links
page
content
intro
intro
slider
slider
page
title
image
page
title
image
main
content
title
need
help
contact
us
post
title
wide
post
title
node
content
form
class
webform
client
form
webform
client
form
action
venturepartners
content
need
help
contact
us
method
post
id
webform
client
form
accept
charset
utf
8
first
name
input
type
text
id
edit
submitted
first
name
name
submitted
first
name
value
size
60
maxlength
class
form
text
last
name
input
type
text
id
edit
submitted
last
name
name
submitted
last
name
value
size
60
maxlength
class
form
text
email
address
input
required
required
class
email
form
text
form
email
required
type
email
id
edit
submitted
email
address
name
submitted
email
address
size
60
message
input
type
hidden
name
details
sid
input
type
hidden
name
details
page
num
value
1
input
type
hidden
name
details
page
count
value
1
input
type
hidden
name
details
finished
value
0
input
type
hidden
name
form
build
id
value
form
ublgdabaxowvx
54
sihyfsjp
9
ctssqzbky
0
he
18
jhg
8
input
type
hidden
name
form
id
value
webform
client
form
leave
this
field
blank
input
autocomplete
off
type
text
id
edit
url
name
url
value
size
20
maxlength
class
form
text
captcha
this
question
is
for
testing
whether
or
not
you
are
human
visitor
and
to
prevent
automated
spam
submissions
input
type
hidden
name
captcha
sid
value
input
type
hidden
name
captcha
token
value
abaee
ef
7
cea
input
type
hidden
name
captcha
response
value
google
no
captcha
input
type
hidden
name
captcha
cacheable
value
1
input
class
webform
submit
button
primary
form
submit
type
submit
name
op
value
submit
sidebars
sidebars
main
content
feature
layout
content
feature
layout
content
page
content
post
wide
post
wide
after
content
after
content
after
content
2
after
content
2
footer
section
footer
connect
with
us
href
class
social
links
link
linkedin
href
https://twitter.com/VPCUBldr
class
social
links
link
twitter
join
our
email
list
href
class
button
button
regular
button
blue
subscribe
disclose
your
invention
or
copyrighted
material
href
class
button
button
regular
button
gold
disclose
your
innovation
footer
footer
menu
footer
menu
site
info
href
venturepartners
venture
partners
at
cu
boulder
pearl
east
circle
suite
br
ucb
br
boulder
co
br
vpcontact
colorado
edu
br
fax
href
www
colorado
edu
img
src
alt
university
of
colorado
boulder
class
beboulder
href
http://www.colorado.edu
class
cu
boulder
homepage
link
university
of
colorado
boulder
br
copy
regents
of
the
university
of
colorado
br
href
privacy
bull
href
legal
amp
trademarks
bull
href
http://www.colorado.edu/map
campus
map
site
info
return
to
the
top
of
the
page
href
venturepartners
content
need
help
contact
us
class
cu
feedback
link
button
button
full
button
blue
cu
feedback
link
embed
active
need
help
contact
us
form
class
webform
client
form
webform
client
form
action
venturepartners
content
need
help
contact
us
method
post
id
webform
client
form
accept
charset
utf
8
first
name
input
type
text
id
edit
submitted
first
name
name
submitted
first
name
value
size
60
maxlength
class
form
text
last
name
input
type
text
id
edit
submitted
last
name
name
submitted
last
name
value
size
60
maxlength
class
form
text
email
address
input
required
required
class
email
form
text
form
email
required
type
email
id
edit
submitted
email
address
name
submitted
email
address
size
60
message
input
type
hidden
name
details
sid
input
type
hidden
name
details
page
num
value
1
input
type
hidden
name
details
page
count
value
1
input
type
hidden
name
details
finished
value
0
input
type
hidden
name
form
build
id
value
form
ublgdabaxowvx
54
sihyfsjp
9
ctssqzbky
0
he
18
jhg
8
input
type
hidden
name
form
id
value
webform
client
form
leave
this
field
blank
input
autocomplete
off
type
text
id
edit
url
name
url
value
size
20
maxlength
class
form
text
captcha
this
question
is
for
testing
whether
or
not
you
are
human
visitor
and
to
prevent
automated
spam
submissions
input
type
hidden
name
captcha
sid
value
input
type
hidden
name
captcha
token
value
abaee
ef
7
cea
input
type
hidden
name
captcha
response
value
google
no
captcha
input
type
hidden
name
captcha
cacheable
value
1
input
class
webform
submit
button
primary
form
submit
type
submit
name
op
value
submit
script
type
text
javascript
src
script
type
text
javascript
src
script
type
text
javascript
src
script
type
text
javascript
cdata
jquery
document
ready
function
if
modernizr
svgasimg
jquery
img
logo
attr
src
script
type
text
javascript
src
script
type
text
javascript
src
