doctype
html
if
lt
ie
7
endif
if
ie
7
endif
if
ie
8
endif
if
gt
ie
8
endif
time
built
ts
meta
http
equiv
ua
compatible
content
ie
edge
meta
name
author
content
office
of
web
communications
cornell
university
meta
name
copyright
content
copyright
cornell
university
meta
name
description
content
cornell
university
is
private
research
university
that
provides
an
exceptional
education
for
undergraduates
and
graduate
and
professional
students
cornell
colleges
and
schools
encompass
more
than
fields
of
study
with
locations
in
ithaca
new
york
new
york
city
and
doha
qatar
meta
name
keywords
content
university
ivy
league
research
undergraduate
research
graduate
research
transnational
land
grant
new
york
agriculture
and
life
sciences
architecture
art
planning
arts
and
sciences
engineering
hotel
administration
human
ecology
industrial
and
labor
relations
law
business
medicine
pre
med
veterinary
medicine
vet
school
meta
name
robots
content
all
meta
name
viewport
content
user
scalable
yes
meta
property
fb
app
id
content
cornell
university
link
rel
shortcut
icon
href
https://www.cornell.edu/favicon.ico
type
image
icon
typekit
fonts
script
src
use
typekit
net
gog
6
dck
js
script
type
text
javascript
try
typekit
load
catch
core
css
link
rel
stylesheet
href
ver
link
rel
stylesheet
href
https://www.cornell.edu/assets/css/style.css
ver
link
rel
stylesheet
href
https://www.cornell.edu/assets/css/print.css
ver
if
lt
ie
9
link
href
ver
rel
stylesheet
script
src
ver
link
href
ver
rel
stylesheet
endif
if
gte
ie
9
link
href
ver
rel
stylesheet
endif
link
rel
stylesheet
href
assets
main
css
script
src
ver
style
type
text
css
mega
nav
down
arrow
buttons
for
sub
menus
xarrow
button
display
none
fix
for
cayuga
nation
2
cayuga
font
style
margin
0
font
family
freight
sans
pro
font
weight
line
height
text
align
left
ts
google
tag
manager
noscript
iframe
src
https://www.googletagmanager.com/ns.html
id
gtm
ww
83
rg
9
height
0
width
0
style
display
none
visibility
hidden
end
google
tag
manager
noscript
skip
to
content
begin
header
global
header
and
navigation
href
id
cu
brand
title
cornell
edu
homepage
data
click
category
header
data
click
action
home
cornell
university
button
class
icon
search
href
search
id
search
trigger
data
click
category
header
data
click
action
search
reveal
search
box
data
click
label
magnifying
glass
search
button
class
icon
menu
href
search
id
mobile
trigger
title
toggle
menu
toggle
menu
close
class
menu
item
href
about
data
click
label
about
cornell
about
cornell
class
submenu
trigger
role
button
aria
expanded
false
href
about
data
click
label
about
cornell
aria
label
toggle
the
about
cornell
sub
menu
about
cornell
href
about
data
click
label
overview
div
class
lazyload
above
data
alt
blue
sky
over
the
arts
quad
data
src
aria
hidden
true
overview
href
about
timeline
data
click
label
cornell
history
cornell
history
href
about
maps
data
click
label
maps
directions
maps
directions
href
about
mission
cfm
data
click
label
mission
mission
vision
href
about
values
cfm
data
click
label
values
core
values
href
about
locations
data
click
label
locations
locations
href
about
locations
ithaca
data
click
label
ithaca
ithaca
href
about
locations
nyc
data
click
label
new
york
city
new
york
city
related
links
href
https://diversity.cornell.edu/
data
click
label
diversity
aria
label
diversity
at
cornell
diversity
href
https://indigenous.cornell.edu/
data
click
label
indigenous
aria
label
indigenous
engagement
commitment
to
north
american
indigenous
nations
and
communities
indigenous
engagement
href
https://economicimpact.cornell.edu/
data
click
label
economic
impact
economic
impact
href
https://sustainability.cornell.edu/
data
click
label
sustainability
sustainability
href
https://global.cornell.edu/
data
click
label
global
global
href
https://leadership.cornell.edu/
data
click
label
cornell
leadership
cornell
leadership
class
menu
item
href
admissions
admissions
href
admissions
data
click
label
overview
div
class
lazyload
above
data
alt
students
cheer
at
football
game
data
src
aria
hidden
true
overview
undergraduate
href
https://admissions.cornell.edu/how-to-apply
data
click
label
apply
aria
label
apply
as
an
undergraduate
apply
href
https://admissions.cornell.edu/
data
click
label
admissions
aria
label
undergraduate
admissions
admissions
href
data
click
label
dates
deadlines
dates
and
deadlines
href
https://finaid.cornell.edu/
data
click
label
costs
and
aid
aria
label
undergraduate
costs
and
aid
costs
and
aid
graduate
href
https://gradschool.cornell.edu/admissions/
data
click
label
admissions
aria
label
graduate
admissions
admissions
href
data
click
label
fields
of
study
aria
label
graduate
fields
of
study
fields
of
study
href
data
click
label
financial
support
aria
label
graduate
financial
support
financial
support
continuing
education
summer
sessions
href
data
click
label
summer
sessions
summer
sessions
href
data
click
label
winter
sessions
winter
sessions
href
data
click
label
part
time
study
part
time
study
class
menu
item
href
academics
academics
class
submenu
trigger
role
button
aria
expanded
false
href
academics
aria
label
toggle
the
academics
sub
menu
academics
href
academics
data
click
label
overview
div
class
lazyload
above
data
alt
art
student
kneels
on
the
floor
working
on
large
painting
data
src
aria
hidden
true
overview
href
academics
fields
cfm
data
click
label
fields
of
study
fields
of
study
href
academics
colleges
cfm
data
click
label
colleges
schools
colleges
schools
href
academics
departments
cfm
data
click
label
departments
departments
href
academics
library
cfm
data
click
label
library
library
href
academics
continuing
cfm
data
click
label
continuing
education
continuing
education
related
links
href
https://provost.cornell.edu
office
of
the
provost
href
https://undergrad.cornell.edu/
data
click
label
undergraduate
education
undergraduate
education
href
data
click
label
academic
calendar
academic
calendar
href
http://courses.cornell.edu/
data
click
label
course
catalog
course
catalog
href
https://globallearning.cornell.edu/
data
click
label
global
learning
global
learning
href
https://learninggoals.cornell.edu/
data
click
label
learning
goals
learning
goals
class
menu
item
href
research
research
href
research
div
class
lazyload
above
data
alt
two
students
in
lab
data
src
aria
hidden
true
overview
explore
cornell
research
class
img
href
title
data
click
label
drop
down
feature
image
div
class
lazyload
above
data
alt
researchers
writing
on
glass
data
src
aria
hidden
true
keep
up
with
research
and
innovation
in
the
cornell
chronicle
related
links
href
https://research-and-innovation.cornell.edu/
data
click
label
ovpr
vice
president
for
research
and
innovation
href
data
click
label
centers
institutes
centers
institutes
href
https://ctl.cornell.edu/
data
click
label
technology
licensing
ctl
technology
licensing
ctl
href
data
click
label
graduate
research
graduate
research
href
https://undergraduateresearch.cornell.edu/
data
click
label
undergraduate
research
undergraduate
research
href
data
click
label
research
publications
ovpri
research
publications
class
menu
item
href
engagement
public
engagement
href
engagement
div
class
lazyload
above
data
alt
julia
kan
21
and
groton
student
joshua
batzer
draw
together
data
src
aria
hidden
true
overview
featured
href
title
data
click
label
cce
helps
buffalo
get
school
food
truck
rolling
div
class
lazyload
above
data
alt
hungry
customers
outside
the
west
hertel
academy
place
their
orders
at
the
new
buffalo
public
schools
food
truck
developed
with
input
from
cornell
cooperative
extension
data
src
aria
hidden
true
cce
helps
buffalo
get
school
food
truck
rolling
related
links
href
data
click
label
cooperative
extension
cornell
cooperative
extension
href
https://engagedcornellhub.cornell.edu/
engaged
cornell
hub
href
https://landgrant.cornell.edu/
data
click
label
land
grant
to
nys
land
grant
to
new
york
state
href
https://ny.cornell.edu
data
click
label
new
york
state
impact
new
york
state
impact
class
menu
item
href
life
at
cornell
life
at
cornell
class
submenu
trigger
role
button
aria
expanded
false
href
life
at
cornell
life
at
cornell
href
life
at
cornell
div
class
lazyload
above
data
alt
members
of
the
cheer
squad
arm
in
arm
data
src
aria
hidden
true
overview
href
life
at
cornell
athletics
cfm
data
click
label
athletics
recreation
athletics
recreation
href
life
at
cornell
arts
cfm
data
click
label
arts
culture
arts
culture
href
life
at
cornell
health
cfm
data
click
label
health
safety
health
safety
href
life
at
cornell
live
cfm
data
click
label
live
work
travel
live
work
travel
href
life
at
cornell
student
life
cfm
data
click
label
student
life
student
life
related
links
href
https://diversity.cornell.edu/our-community
data
click
label
find
your
networks
find
your
networks
href
data
click
label
center
for
first
year
students
center
for
first
year
students
href
https://scl.cornell.edu/get-involved
data
click
label
clubs
student
groups
clubs
student
groups
href
https://military.cornell.edu/
military
community
button
class
menu
item
js
sub
trigger
href
includes
header
cfm
data
click
label
more
more
button
class
submenu
trigger
role
button
aria
expanded
false
href
includes
header
cfm
toggle
navigation
apply
tabindex
3
class
applychild
style
display
none
href
https://admissions.cornell.edu/how-to-apply
aria
label
apply
as
an
undergraduate
undergraduate
tabindex
4
class
applychild
style
display
none
href
http://www.gradschool.cornell.edu/admissions
aria
label
apply
as
graduate
graduate
tabindex
5
href
www
cornell
edu
visit
visit
tabindex
6
href
http://www.giving.cornell.edu/
give
tabindex
7
href
https://www.studentessentials.cornell.edu/
data
click
label
students
students
tabindex
8
href
https://families.cornell.edu/
data
click
label
families
families
tabindex
9
href
https://cuinfo.cornell.edu/
data
click
label
faculty
staff
faculty
staff
tabindex
10
href
https://alumni.cornell.edu/
data
click
label
alumni
alumni
form
action
search
class
search
main
method
get
search
search
end
header
cornell
university
pano
shim
pano
image
start
div
id
pano
cf
cdad
ac
data
alt
four
students
hugging
in
front
of
welcome
to
cornell
banner
class
marquee
img
data
class
marquee
img
data
src
media
univcomm
cornell
edu
photos
width
cfb
30
bd
ad
jpg
pano
image
end
if
lt
ie
9
endif
href
move
in
day
if
lt
ie
9
endif
pano
image
start
div
id
pano
cfca
0
ac
fc
data
alt
family
in
decorated
dorm
room
class
marquee
img
data
class
marquee
img
data
src
media
univcomm
cornell
edu
photos
width
cfe
ecbe
cf
jpg
pano
image
end
if
lt
ie
9
endif
href
move
in
day
if
lt
ie
9
endif
pano
image
start
div
id
pano
cffee
ae
fc
6
8
ddb
7
data
alt
unpacking
car
class
marquee
img
data
class
marquee
img
data
src
media
univcomm
cornell
edu
photos
width
edc
2
jpg
pano
image
end
if
lt
ie
9
endif
href
move
in
day
if
lt
ie
9
endif
pano
image
start
div
id
pano
cfee
48
fe
fca
da
9
ef
5
ff
data
alt
two
students
writing
their
names
on
their
door
class
marquee
img
data
class
marquee
img
data
src
media
univcomm
cornell
edu
photos
width
cff
1
bb
fa
00
ff
bc
dc
jpg
pano
image
end
if
lt
ie
9
endif
href
move
in
day
if
lt
ie
9
endif
pano
image
start
div
id
pano
cfbc
7
ae
ecd
fa
data
alt
three
students
carrying
their
belongings
to
the
dorms
class
marquee
img
data
class
marquee
img
data
src
media
univcomm
cornell
edu
photos
width
cfc
ddbf
0
jpg
pano
image
end
if
lt
ie
9
endif
href
move
in
day
if
lt
ie
9
endif
pano
pano
control
start
previous
slide
next
slide
pano
control
end
opstatus
open
href
http://news.cornell.edu
data
click
action
news
chronicle
data
click
label
cornell
chronicle
cornell
chronicle
academics
class
chronicle
entry
title
href
data
click
label
45
13
16
db
8
ba
2
dc
white
coat
ceremony
welcomes
class
of
data
click
action
news
content
white
coat
ceremony
welcomes
class
of
cornell
people
class
chronicle
entry
title
href
data
click
label
cda
6
afb
program
manager
creates
inclusive
space
for
staff
data
click
action
news
content
program
manager
creates
inclusive
space
for
staff
research
class
chronicle
entry
title
href
data
click
label
9
dbaea
0
sleep
resets
neurons
for
new
memories
the
next
day
data
click
action
news
content
sleep
resets
neurons
for
new
memories
the
next
day
news
href
http://news.cornell.edu/
data
click
action
news
more
data
click
label
more
new
more
news
href
data
click
action
news
for
media
data
click
label
for
media
for
media
popular
destinations
href
admissions
admissions
href
visit
plan
visit
href
weather
weather
href
about
maps
maps
and
directions
href
academics
calendar
academic
calendar
href
academics
colleges
cfm
colleges
and
schools
href
search
people
cfm
directory
search
previous
slide
next
slide
class
grid
box
slide
href
data
counter
1
data
click
label
1
8
cac
ad
9
cc
20
fb
46
bfa
2
db
7
6
ce
bd
class
of
28
changemakers
are
ready
to
start
data
click
action
spotlight
content
div
class
slideshow
img
data
alt
students
play
brass
instruments
during
move
in
data
src
media
univcomm
cornell
edu
photos
8
cde
eac
0
ed
jpg
title
cornell
class
of
28
changemakers
are
ready
to
start
spotlight
previous
slide
next
slide
class
grid
box
slide
href
data
counter
data
click
label
ae
9
58
dd
ff
9
db
cf
8
ae
cc
20
fb
46
bfa
2
db
7
6
ce
bd
from
space
to
farm
readying
nasa
satellites
to
help
growers
data
click
action
special
content
div
class
slideshow
img
data
alt
yu
jiang
poses
with
the
phytopatholobotas
and
uv
light
robot
data
src
media
univcomm
cornell
edu
photos
ecd
jpg
title
from
space
to
farm
readying
nasa
satellites
to
help
growers
special
important
dates
li
class
event
item
itemscope
true
itemtype
http://schema.org/Event
aug
26
class
event
name
href
itemprop
name
data
click
label
1
3
2
cb
fc
befaaa
2
instruction
begins
data
click
action
events
content
instruction
begins
li
class
event
item
itemscope
true
itemtype
http://schema.org/Event
aug
31
class
event
name
href
itemprop
name
data
click
label
cbd
7
df
6
cef
ec
august
degree
date
data
click
action
events
content
august
degree
date
li
class
event
item
itemscope
true
itemtype
http://schema.org/Event
sep
2
class
event
name
href
itemprop
name
data
click
label
3
19
adc
39
labor
day
no
classes
data
click
action
events
content
labor
day
no
classes
dates
class
hc
item
scale
down
with
image
href
title
ny
at
work
report
cost
of
living
most
critical
issue
target
blank
data
click
action
around
the
content
university
relations
data
click
label
1
cfe
92
ef
ur
overide
ny
at
work
report
cost
of
living
most
critical
issue
div
class
slideshow
img
data
alt
data
src
media
univcomm
cornell
edu
photos
cfe
7
be
94
fa
jpg
ny
at
work
report
cost
of
living
most
critical
issue
ny
at
work
report
cost
of
living
most
critical
issue
keep
reading
class
hc
item
scale
down
with
image
href
title
project
plans
climate
themed
speaker
series
target
blank
data
click
action
around
the
content
university
relations
data
click
label
80
de
3
ee
5
fd
ur
overide
project
plans
climate
themed
speaker
series
div
class
slideshow
img
data
alt
data
src
media
univcomm
cornell
edu
photos
af
4
fad
0
cb
44
jpg
project
plans
climate
themed
speaker
series
project
plans
climate
themed
speaker
series
keep
reading
class
hc
item
scale
down
with
image
href
title
machine
learning
explains
material
rsquo
thermal
conductivity
target
blank
data
click
action
around
the
content
university
relations
data
click
label
3
cbf
dfa
8
88
ad
ur
overide
machine
learning
explains
material
amp
rsquo
thermal
conductivity
div
class
slideshow
img
data
alt
data
src
media
univcomm
cornell
edu
photos
cc
ced
fd
4
jpg
machine
learning
explains
material
rsquo
thermal
conductivity
machine
learning
explains
material
rsquo
thermal
conductivity
keep
reading
class
hc
item
scale
down
with
image
href
title
cognitive
behavioral
therapy
app
improves
anxiety
in
young
adults
target
blank
data
click
action
around
the
content
university
relations
data
click
label
ur
overide
cognitive
behavioral
therapy
app
improves
anxiety
in
young
adults
div
class
slideshow
img
data
alt
data
src
media
univcomm
cornell
edu
photos
eda
dcf
6
13
acc
fcd
08
jpg
cognitive
behavioral
therapy
app
improves
anxiety
in
young
adults
cognitive
behavioral
therapy
app
improves
anxiety
in
young
adults
keep
reading
class
hc
item
scale
down
with
image
href
title
step
expands
local
high
school
students
rsquo
horizons
target
blank
data
click
action
around
the
content
university
relations
data
click
label
cc
2
de
bbfd
ur
overide
step
expands
local
high
school
students
amp
rsquo
horizons
div
class
slideshow
img
data
alt
data
src
media
univcomm
cornell
edu
photos
47
07
8
cf
68
cdafef
07
fab
jpg
step
expands
local
high
school
students
rsquo
horizons
step
expands
local
high
school
students
rsquo
horizons
keep
reading
class
hc
item
scale
down
with
image
href
title
study
confirms
frequency
of
undetected
responsiveness
in
severe
brain
injury
target
blank
data
click
action
around
the
content
university
relations
data
click
label
53
96
eab
ebbeb
ur
overide
study
confirms
frequency
of
undetected
responsiveness
in
severe
brain
injury
div
class
slideshow
img
data
alt
data
src
media
univcomm
cornell
edu
photos
bb
00
ef
4
fc
jpg
study
confirms
frequency
of
undetected
responsiveness
in
severe
brain
injury
study
confirms
frequency
of
undetected
responsiveness
in
severe
brain
injury
keep
reading
class
hc
item
scale
down
with
image
href
title
what
went
wrong
in
baby
formula
crisis
target
blank
data
click
action
around
the
content
university
relations
data
click
label
7
cd
09
daf
6
fd
ce
5
aa
26
ca
8
ur
overide
what
went
wrong
in
baby
formula
crisis
div
class
slideshow
img
data
alt
data
src
media
univcomm
cornell
edu
photos
fd
jpg
what
went
wrong
in
baby
formula
crisis
what
went
wrong
in
baby
formula
crisis
keep
reading
class
hc
item
scale
down
with
image
href
title
smart
food
choices
at
family
level
can
ease
chronic
illness
target
blank
data
click
action
around
the
content
university
relations
data
click
label
8
cc
fb
0
afe
4
fe
ur
overide
smart
food
choices
at
family
level
can
ease
chronic
illness
div
class
slideshow
img
data
alt
data
src
media
univcomm
cornell
edu
photos
cc
1
fb
ac
jpg
smart
food
choices
at
family
level
can
ease
chronic
illness
smart
food
choices
at
family
level
can
ease
chronic
illness
keep
reading
class
hc
item
scale
down
with
image
href
title
horse
miscarriages
offer
clues
to
causes
of
early
human
pregnancy
loss
target
blank
data
click
action
around
the
content
university
relations
data
click
label
cb
ee
dea
dd
aa
dd
ur
overide
horse
miscarriages
offer
clues
to
causes
of
early
human
pregnancy
loss
div
class
slideshow
img
data
alt
data
src
media
univcomm
cornell
edu
photos
6
cddebcd
daac
fbfa
bcdb
jpg
horse
miscarriages
offer
clues
to
causes
of
early
human
pregnancy
loss
horse
miscarriages
offer
clues
to
causes
of
early
human
pregnancy
loss
keep
reading
class
hc
item
scale
down
with
image
href
title
the
lsquo
knowledge
curse
rsquo
more
isn
rsquo
necessarily
better
target
blank
data
click
action
around
the
content
university
relations
data
click
label
10
9
fc
47
bc
ur
overide
the
amp
lsquo
knowledge
curse
amp
rsquo
more
isn
amp
rsquo
necessarily
better
div
class
slideshow
img
data
alt
data
src
media
univcomm
cornell
edu
photos
ca
1
ff
84
aa
63
ef
ea
1
jpg
the
lsquo
knowledge
curse
rsquo
more
isn
rsquo
necessarily
better
the
lsquo
knowledge
curse
rsquo
more
isn
rsquo
necessarily
better
keep
reading
script
src
cdnjs
cloudflare
com
ajax
libs
object
fit
3
polyfill
object
fit
min
js
async
explore
cornell
on
social
media
href
https://socialmedia.cornell.edu/
utm
source
cornelledu
utm
medium
social
stripe
utm
campaign
button
class
btn
btn
red
data
click
label
button
social
media
directory
social
media
directory
class
socialmedia
grid
link
href
https://socialmedia.cornell.edu/
utm
source
cornelledu
utm
medium
social
stripe
utm
campaign
images
aria
label
social
media
directory
title
social
media
directory
data
click
label
images
social
media
directory
img
alt
two
students
moving
in
src
img
alt
two
students
working
on
laptop
together
src
img
alt
students
moving
in
src
img
alt
students
walking
on
the
first
day
of
classes
src
img
alt
group
of
people
smile
underneath
welcome
to
cornell
sign
src
img
alt
students
gather
at
an
information
booth
on
ho
plaza
src
img
alt
group
of
people
smiling
in
dorm
room
during
move
in
src
img
alt
professor
teaching
class
on
the
first
day
of
classes
src
campaign
cover
img
display
block
width
height
auto
index
1
margin
0
auto
campaign
cu
ftr
inner
position
absolute
top
50
left
50
transform
translate
50
50
padding
0
margin
0
width
campaign
cornellianspurpose
color
fff
text
align
center
position
relative
overflow
hidden
index
0
width
campaign
title
font
size
80
px
font
weight
line
height
px
font
family
freight
text
pro
serif
text
shadow
2
px
2
px
2
px
btn
white
campaign
background
transparent
important
color
ffffff
important
border
3
px
solid
ffffff
important
display
inline
block
padding
left
30
px
important
padding
right
30
px
important
margin
top
50
px
background
color
important
text
shadow
1
px
1
px
1
px
font
size
25
px
important
btn
white
campaign
hover
color
ccc
important
border
3
px
solid
ccc
important
media
max
width
80
em
campaign
title
font
size
60
px
line
height
70
px
media
max
width
60
em
campaign
title
font
size
50
px
line
height
60
px
media
max
width
50
em
campaign
title
font
size
40
px
line
height
50
px
media
max
width
40
em
campaign
title
font
size
30
px
line
height
40
px
btn
white
campaign
margin
top
18
px
media
max
width
30
em
campaign
title
font
size
22
px
line
height
28
px
media
max
width
20
em
campaign
title
font
size
22
px
line
height
28
px
btn
white
campaign
margin
top
10
px
media
min
width
px
campaign
cover
img
max
width
75
em
campaign
margin
85
px
0
home
honeycomb
margin
bottom
85
px
img
id
campaigncoverimg
class
cover
img
src
www
cornell
edu
assets
images
campaign
ezra
jpg
alt
ezra
cornell
statue
imposed
over
red
background
in
front
of
large
floating
letter
for
cornell
text
in
the
background
says
to
do
the
greatest
good
and
is
in
ezra
cornell
actual
handwriting
cornellians
are
united
by
shared
purpose
href
https://greatestgood.cornell.edu/
class
btn
btn
white
campaign
data
click
label
button
campaign
explore
style
display
inline
block
aria
label
explore
the
greatest
good
campaign
explore
adds
border
and
prevents
video
from
expanding
past
px
cu
anypersonanystudy
border
top
1
px
solid
fff
border
bottom
1
px
solid
fff
media
min
width
px
cu
anypersonanystudy
max
width
75
em
margin
0
auto
margin
bottom
85
px
source
data
src
cdnsecakmi
kaltura
com
sp
download
entry
id
0
xlka
flavor
0
2
rc
9
vax
type
video
mp
4
source
data
src
cdnsecakmi
kaltura
com
sp
download
entry
id
0
xlka
flavor
0
kygbku
4
type
video
webm
href
about
mission
cfm
data
click
label
footer
mission
any
person
any
study
ldquo
would
found
an
institution
where
any
person
can
find
instruction
in
any
study
rdquo
href
about
mission
cfm
data
click
label
footer
mission
attribution
ezra
cornell
target
blank
href
class
play
btn
data
click
label
glorious
to
view
play
button
title
play
button
for
glorious
to
view
video
glorious
to
view
video
target
blank
href
data
click
label
glorious
to
view
label
experience
cornell
begin
footer
global
footer
helpful
links
expand
menu
href
https://registrar.cornell.edu/calendar/
data
click
label
academic
calendar
academic
calendar
href
https://leadership.cornell.edu
data
click
label
leadership
leadership
href
https://hr.cornell.edu
data
click
label
careers
careers
href
https://events.cornell.edu/
data
click
label
events
events
href
https://news.cornell.edu
data
click
label
cornell
chronicle
news
href
https://titleix.cornell.edu/
data
click
label
title
ix
title
ix
href
https://emergency.cornell.edu/
data
click
label
emergency
emergency
preparedness
href
https://statements.cornell.edu/
data
click
label
settlement
university
statements
visiting
cornell
expand
menu
href
www
cornell
edu
visit
section
tours
data
click
label
campus
and
virtual
tours
campus
and
virtual
tours
href
www
cornell
edu
about
maps
data
click
label
maps
maps
directions
href
www
cornell
edu
about
locations
nyc
travel
resources
cfm
data
click
label
travel
ithaca
nyc
travel
href
https://museum.cornell.edu/
data
click
label
museum
johnson
museum
href
https://cornellbotanicgardens.org/
data
click
label
botanic
gardens
botanic
gardens
href
www
cornell
edu
about
locations
ithaca
data
click
label
ithaca
ithaca
ithaca
today
expand
menu
href
www
cornell
edu
live
view
data
click
label
live
view
live
view
href
www
cornell
edu
weather
data
click
label
weather
weather
this
file
is
dynamically
updated
by
our
weather
page
79
deg
26
deg
ftr
item
campaign
padding
top
3
em
ftr
item
campaign
color
ccc
li
ftr
item
ftr
item
today
ul
ftr
links
li
padding
em
1
em
important
media
max
width
60
em
ftr
item
campaign
display
flex
justify
content
center
href
https://greatestgood.cornell.edu/
img
alt
to
do
he
greatest
good
the
campaign
for
cornell
university
src
href
class
ftr
location
link
data
click
label
ithaca
new
york
ithaca
new
york
href
https://universityrelations.cornell.edu
data
click
label
university
relations
university
relations
href
https://privacy.cornell.edu/
data
click
label
university
privacy
university
privacy
href
www
cornell
edu
accessibility
assistance
cfm
data
click
label
web
accessibility
help
web
accessibility
assistance
href
www
cornell
edu
copyright
cfm
data
click
label
copyright
copyright
href
www
cornell
edu
site
info
cfm
data
click
label
site
information
site
information
href
www
cornell
edu
contact
data
click
label
contact
contact
href
https://www.facebook.com/Cornell
title
find
us
on
facebook
data
click
label
facebook
facebook
href
https://twitter.com/Cornell
title
follow
us
on
data
click
label
twitter
twitter
href
https://instagram.com/cornelluniversity
title
find
us
on
instagram
data
click
label
instagram
instagram
href
https://www.youtube.com/c/Cornell
title
watch
us
on
youtube
data
click
label
youtube
youtube
href
title
find
us
on
linkedin
data
click
label
linkedin
linkedin
end
footer
overlay
for
modals
and
to
provide
better
focus
var
gaq
gaq
gaq
push
setaccount
ua
gaq
push
setdomainname
www
cornell
edu
gaq
push
setallowlinker
true
gaq
push
trackpageview
function
var
ga
document
createelement
script
ga
type
text
javascript
ga
async
true
ga
src
https
document
location
protocol
https
ssl
https
www
google
analytics
com
ga
js
var
document
getelementsbytagname
script
0
parentnode
insertbefore
ga
google
tag
gtag
js
ga
4
code
script
async
src
https://www.googletagmanager.com/gtag/js
id
pmz
8
window
datalayer
window
datalayer
function
gtag
datalayer
push
arguments
gtag
js
new
date
gtag
config
pmz
8
script
src
ajax
googleapis
com
ajax
libs
jquery
2
jquery
min
js
window
jquery
document
write
script
src
script
script
src
script
src
script
src
ver
script
src
script
src
script
src
ver
script
src
https://www.cornell.edu/assets/js/date.js
from
foot
cfm
function
above
breakpoint
if
we
hit
this
we
already
paid
the
penalty
no
going
back
some
things
aren
shown
on
mobile
only
include
them
if
they
re
shown
lazyloadvideo
glorioustoview
lazyloadvideo
video
nav
images
don
show
until
px
if
typeof
imager
undefined
for
increasing
page
load
speed
on
mobile
new
imager
lazyload
above
availablewidths
new
imager
responsive
img
large
availablewidths
new
imager
honeycomb
tile
availablewidths
function
lazyloadvideo
selector
selector
find
source
each
function
el
var
src
el
data
src
if
the
src
is
not
undefined
and
has
not
already
been
set
set
it
and
load
the
video
if
undefined
typeof
src
src
el
attr
src
el
attr
src
src
el
parent
load
taken
from
underscore
js
function
debounce
func
wait
immediate
var
timeout
return
function
var
context
this
args
arguments
var
later
function
timeout
null
if
immediate
func
apply
context
args
var
callnow
immediate
timeout
cleartimeout
timeout
timeout
settimeout
later
wait
if
callnow
func
apply
context
args
function
function
handleresize
if
window
width
above
breakpoint
else
on
mobile
load
the
galapagos
bg
otherwise
the
video
is
there
sesqui
video
css
background
image
url
assets
images
video
features
glorious
to
view
jpg
clear
both
resizeeventhandler
debounce
handleresize
window
addeventlistener
resize
resizeeventhandler
handleresize
script
type
text
javascript
cdata
function
var
sz
document
createelement
script
sz
type
text
javascript
sz
async
true
sz
src
siteimproveanalytics
com
js
siteanalyze
js
var
document
getelementsbytagname
script
0
parentnode
insertbefore
sz
script
src
assets
js
jquery
inview
2
min
js
sesqui
marquee
video
bind
inview
function
event
isinview
if
isinview
element
is
now
visible
in
the
viewport
this
play
else
element
has
gone
out
of
viewport
this
pause
console
log
not
visible
