doctype
html
html
xmlns
http://www.w3.org/1999/xhtml
lang
en
xml
lang
en
level
0
level
00
google
tag
manager
function
push
gtm
start
new
date
gettime
event
gtm
js
var
getelementsbytagname
0
createelement
dl
datalayer
amp
async
true
src
https://www.googletagmanager.com/gtm.js
id
dl
parentnode
insertbefore
window
document
script
datalayer
gtm
2
pb
29
end
google
tag
manager
hotjar
tracking
code
for
https://www.emory.edu
function
hj
hj
function
hj
hj
push
arguments
hjsettings
hjid
hjsv
6
getelementsbytagname
head
0
createelement
script
async
1
src
hjsettings
hjid
hjsettings
hjsv
appendchild
window
document
https://static.hotjar.com/c/hotjar-
js
sv
standard
metadata
meta
content
text
html
charset
utf
8
http
equiv
content
type
meta
content
en
us
http
equiv
content
language
meta
content
ie
edge
http
equiv
ua
compatible
meta
content
width
device
width
initial
scale
1
name
viewport
meta
content
emory
university
name
copyright
meta
content
ff
9
bba
ae
aa
be
9
name
cms
id
meta
content
name
description
opengraph
metadata
meta
content
university
property
og
type
meta
content
home
emory
university
atlanta
ga
property
og
title
meta
content
property
og
description
meta
content
https://www.emory.edu/home/index.html
property
og
url
meta
content
property
og
image
meta
content
property
og
image
meta
content
property
og
image
meta
content
property
og
image
meta
content
property
og
image
meta
content
property
og
image
meta
content
property
og
image
meta
content
summary
property
twitter
card
meta
content
home
emory
university
atlanta
ga
property
twitter
title
meta
content
property
twitter
description
meta
content
https://www.emory.edu/home/index.html
property
twitter
url
cms
meta
content
ff
9
bba
ae
aa
be
9
name
cascade
id
meta
content
https://cascade.emory.edu/entity/open.act
id
ff
9
bba
ae
aa
be
9
amp
type
page
name
cascade
open
home
emory
university
atlanta
ga
css
includes
link
href
template
emory
edu
shared
assets
css
standard
template
3
css
raw
amp
lastmodified
rel
stylesheet
link
href
rel
stylesheet
link
href
includes
css
compiled
css
raw
amp
lastmodified
rel
stylesheet
link
href
includes
css
site
css
raw
amp
lastmodified
rel
stylesheet
link
href
includes
css
additional
css
raw
amp
lastmodified
rel
stylesheet
link
href
includes
css
timeline
css
raw
amp
lastmodified
rel
stylesheet
js
includes
script
src
https://code.jquery.com/jquery-3.3.1.min.js
type
text
javascript
global
site
tag
gtag
js
google
analytics
script
async
true
src
https://www.googletagmanager.com/gtag/js
id
ua
window
datalayer
window
datalayer
function
gtag
datalayer
push
arguments
gtag
js
new
date
gtag
config
ua
global
site
tag
gtag
js
google
analytics
script
async
true
src
https://www.googletagmanager.com/gtag/js
id
5
vg
6
hxxh
6
window
datalayer
window
datalayer
function
gtag
datalayer
push
arguments
gtag
js
new
date
gtag
config
5
vg
6
hxxh
6
level
00
google
tag
manager
noscript
iframe
height
0
src
https://www.googletagmanager.com/ns.html
id
gtm
2
pb
29
style
display
none
visibility
hidden
width
0
end
google
tag
manager
noscript
top
of
page
skip
to
main
content
class
header
logo
href
http://www.emory.edu
img
alt
emory
university
home
class
header
logo
svg
src
header
logo
svg
xmlns
http://www.w3.org/2000/svg
class
header
sitename
svg
header
sitename
school
logo
viewbox
xmlns
xlink
http://www.w3.org/1999/xlink
emory
university
path
id
eulogotexthz
path
0
0
0
0
0
0
0
0
0
0
0
0
48
24
36
0
0
0
0
12
36
36
0
0
0
0
0
0
38
48
1
72
06
0
47
0
3
0
zm
0
zm
0
19
0
36
73
06
0
0
0
12
0
77
12
66
0
0
46
0
0
0
0
86
12
0
0
0
0
fill
4
use
xlink
href
eulogotexthz
path
0
0
0
0
0
89
0
0
zm
zm
07
0
0
zm
0
89
zm
45
0
0
0
0
19
0
0
0
19
26
26
33
0
19
19
19
19
0
0
62
0
26
0
0
0
0
0
61
2
0
0
07
0
0
0
24
fill
4
mask
url
header
sitename
mobile
nav
toggler
menu
begin
menus
main
navigation
menu
aria
expanded
false
aria
haspopup
true
class
nav
link
dropdown
toggle
dropdown
allow
mobile
data
toggle
dropdown
href
explore
index
html
id
dropdown
61
dd
4
ab
7
bbd
af
71
aca
cc
8
df
6
role
button
target
self
explore
explore
grounded
in
academic
excellence
we
lead
with
the
greater
purpose
of
serving
humanity
get
to
know
our
culture
our
story
and
what
we
re
most
proud
of
class
btn
btn
arrow
href
explore
index
html
explore
emory
href
explore
emory
profile
index
html
id
mm
emory
profile
explore
emory
profile
href
explore
emory
profile
academic
excellence
html
academic
excellence
href
explore
emory
profile
our
people
html
our
people
href
explore
emory
profile
making
difference
html
making
difference
href
explore
emory
profile
facts
figures
html
facts
amp
figures
href
explore
emory
profile
our
mission
html
mission
and
principles
href
explore
atlanta
community
index
html
id
mm
atlanta
amp
community
explore
atlanta
amp
community
href
explore
atlanta
community
atlanta
html
about
atlanta
href
explore
atlanta
community
campuses
html
campuses
href
explore
atlanta
community
partnerships
html
partnerships
href
explore
life
index
html
id
mm
life
at
emory
explore
life
at
emory
href
explore
life
arts
culture
html
arts
amp
culture
href
explore
life
athletics
html
athletics
href
explore
life
living
on
campus
index
html
living
on
campus
href
explore
life
diversity
inclusion
html
diversity
href
explore
life
religious
spiritual
html
religious
amp
spiritual
life
href
explore
life
activities
organizations
html
activities
amp
organizations
href
explore
administration
html
id
mm
administration
explore
administration
href
https://president.emory.edu/
university
president
href
explore
reports
html
id
mm
university
reports
explore
university
reports
href
explore
history
index
html
id
mm
history
explore
history
aria
expanded
false
aria
haspopup
true
class
nav
link
dropdown
toggle
dropdown
allow
mobile
data
toggle
dropdown
href
academics
index
html
id
dropdown
eaf
be
bbab
role
button
target
self
academics
academics
our
academics
shape
critical
thinkers
and
compassionate
leaders
who
are
prepared
to
tackle
the
worlds
most
difficult
problems
class
btn
btn
arrow
href
academics
index
html
explore
academics
href
academics
degrees
programs
html
id
mm
degrees
amp
programs
academics
degrees
amp
programs
href
academics
applied
learning
html
id
mm
applied
learning
academics
applied
learning
href
academics
faculty
teaching
index
html
id
mm
faculty
amp
teaching
academics
faculty
amp
teaching
href
academics
faculty
teaching
accreditations
memberships
html
accreditations
amp
memberships
href
academics
faculty
teaching
awards
honors
html
awards
amp
honors
href
academics
faculty
teaching
named
professorships
html
named
professorships
href
academics
libraries
html
id
mm
libraries
amp
resources
academics
libraries
amp
resources
aria
expanded
false
aria
haspopup
true
class
nav
link
dropdown
toggle
dropdown
allow
mobile
data
toggle
dropdown
href
admission
index
html
id
dropdown
bf
aba
aa
31
fc
role
button
target
self
admission
admission
pursue
academic
excellence
through
our
diverse
programs
for
undergraduate
graduate
professional
and
nondegree
students
class
btn
btn
arrow
href
admission
index
html
explore
admission
href
admission
undergraduate
html
id
mm
undergraduate
admission
undergraduate
href
admission
graduate
professional
html
id
mm
graduate
amp
professional
admission
graduate
amp
professional
href
admission
non
degree
html
id
mm
nondegree
programs
admission
nondegree
programs
href
admission
financial
aid
html
id
mm
undergraduate
financial
aid
admission
undergraduate
financial
aid
href
admission
international
html
id
mm
international
students
admission
international
students
href
admission
tuition
html
id
mm
tuition
amp
cost
admission
tuition
amp
cost
href
admission
visit
index
html
id
mm
visit
admission
visit
href
admission
visit
maps
html
maps
href
academics
degrees
programs
html
id
mm
degrees
amp
programs
admission
degrees
amp
programs
aria
expanded
false
aria
haspopup
true
class
nav
link
dropdown
toggle
dropdown
allow
mobile
data
toggle
dropdown
href
research
index
html
id
dropdown
bf
91
bf
78
cadbf
27
role
button
target
self
research
research
as
leading
research
university
emorys
focus
is
the
number
of
lives
saved
partnerships
forged
and
discoveries
drivenacross
the
globe
class
btn
btn
arrow
href
research
index
html
explore
research
href
research
impact
html
id
mm
impact
research
impact
href
research
students
html
id
mm
student
research
research
student
research
href
research
faculty
html
id
mm
faculty
research
research
faculty
research
href
research
centers
html
id
mm
centers
institutes
amp
partners
research
centers
institutes
amp
partners
href
research
collaborative
html
id
mm
collaborative
research
research
collaborative
research
href
research
resources
html
id
mm
research
resources
research
research
resources
href
http://www.or.emory.edu
research
administration
href
research
resources
html
anchor
office
of
technology
transfer
research
offices
href
academics
libraries
html
libraries
amp
resources
aria
expanded
false
aria
haspopup
true
class
nav
link
dropdown
toggle
dropdown
allow
mobile
data
toggle
dropdown
href
health
index
html
id
dropdown
25
4
db
dbf
role
button
target
self
health
health
emory
is
an
academic
health
sciences
powerhouse
guided
by
evidence
committed
to
critical
inquiry
and
fueled
by
creativity
class
btn
btn
arrow
href
health
index
html
explore
health
href
health
education
html
id
mm
health
education
health
health
education
href
health
research
html
id
mm
health
research
health
health
research
href
health
patient
care
html
id
mm
patient
care
at
emory
health
patient
care
at
emory
href
health
global
html
id
mm
global
impact
health
global
impact
href
health
community
html
id
mm
community
impact
health
community
impact
href
health
institutes
centers
html
id
mm
institutes
amp
centers
health
institutes
amp
centers
header
nav
main
form
action
https://www.emory.edu/home/search.html
class
form
inline
header
search
method
get
input
name
output
type
hidden
value
xml
no
dtd
input
name
filter
type
hidden
value
0
input
name
proxystylesheet
type
hidden
value
homepage
input
name
site
type
hidden
value
default
collection
search
toggle
search
input
box
input
aria
label
enter
search
terms
class
form
control
header
search
input
id
search
input
name
placeholder
enter
search
terms
type
text
search
submit
input
aria
label
submit
search
query
class
btn
btn
secondary
header
search
submit
id
search
submit
name
search
type
submit
value
search
input
group
header
search
header
menus
bottom
auxiliary
navigation
menu
class
nav
link
href
admission
visit
index
html
visit
class
nav
link
href
https://together.emory.edu/giving
utm
medium
referral
amp
utm
source
emory
edu
amp
utm
campaign
top
nav
give
header
nav
aux
header
menus
top
header
menus
navbar
collapse
navbar
siteheader
main
content
emory
university
homepage
img
alt
collage
of
photos
of
students
moving
in
on
the
emory
campus
class
ratio
content
src
includes
images
sections
index
hero
bts
collage
png
class
hero
index
content
href
target
self
welcome
home
10
things
to
know
for
the
start
of
emory
new
academic
year
learn
about
news
events
resources
and
more
making
emory
more
affordable
img
alt
students
in
the
student
center
by
the
emory
sign
class
card
img
featured
src
includes
images
sections
index
subfeature
emory
sign
jpg
making
emory
more
affordable
the
expanded
emory
advantage
program
is
making
tangible
differences
in
students
lives
from
allowing
time
to
pursue
additional
skills
to
more
flexibility
upon
graduation
class
btn
btn
arrow
btn
arrow
primary
href
target
blank
see
how
emory
eliminates
loans
for
eligible
undergrads
img
alt
leaders
pose
in
front
of
banner
that
says
center
for
new
medicines
class
card
img
featured
src
includes
images
sections
index
feature
new
medicines
jpg
developing
new
life
saving
medications
emory
center
for
new
medicines
provides
pipeline
for
translating
fundamental
biological
discoveries
into
the
next
generation
of
life
saving
treatments
class
btn
btn
arrow
btn
arrow
primary
href
target
blank
learn
about
the
new
center
section
aria
labelledby
apply
to
emory
class
cta
cta
full
overlay
primary
id
anchor
apply
to
emory
style
background
image
url
includes
images
sections
index
12
bm
apply
jpg
apply
to
emory
class
btn
btn
arrow
btn
arrow
lg
btn
arrow
bg
yellow
block
lg
inline
block
mb
1
mb
sm
2
mb
lg
0
mr
lg
1
href
admission
undergraduate
html
target
self
undergraduate
class
btn
btn
arrow
btn
arrow
lg
btn
arrow
bg
yellow
block
lg
inline
block
mb
1
mb
sm
2
mb
lg
0
mr
lg
1
href
admission
graduate
professional
html
target
self
graduate
and
professional
class
btn
btn
arrow
btn
arrow
lg
btn
arrow
outline
yellow
block
lg
inline
block
mb
1
mb
sm
2
mb
lg
0
mr
lg
1
href
admission
financial
aid
html
target
self
financial
aid
class
btn
btn
arrow
btn
arrow
lg
btn
arrow
yellow
block
lg
inline
block
mb
1
mb
sm
2
mb
lg
0
mr
lg
1
href
academics
degrees
programs
html
target
self
degrees
and
programs
class
btn
btn
arrow
btn
arrow
lg
btn
arrow
yellow
block
lg
inline
block
mb
1
mb
sm
2
mb
lg
0
mr
lg
1
href
admission
visit
index
html
target
self
visit
emory
news
new
on
campus
graduate
housing
opens
to
emory
students
the
ridge
officially
opened
on
tuesday
aug
13
housing
graduate
and
professional
students
from
across
the
university
the
housing
integrates
two
primary
needs
highlighted
during
emorys
master
planning
and
residents
are
already
loving
it
aria
labelledby
news
fa
51
87
db
6
dd
class
btn
btn
arrow
btn
arrow
yellow
href
target
blank
full
story
img
alt
new
grad
housing
ribbon
photo
class
img
fill
src
class
btn
btn
arrow
href
http://news.emory.edu
go
to
news
center
news
aug
19
href
emory
receives
2
million
grant
to
improve
newborn
screening
and
long
term
follow
up
aug
12
href
in
breakthrough
alzheimers
discovery
emory
research
team
finds
new
targets
and
biomarkers
for
potential
novel
therapies
aug
12
href
emory
students
explore
the
world
through
study
abroad
experiences
aug
9
href
how
emory
works
five
years
of
building
stronger
communities
and
better
food
through
local
agriculture
aug
6
href
grammy
winning
producer
jermaine
dupri
leads
lineup
of
40
creative
thinkers
at
ideas
festival
emory
sept
class
btn
btn
arrow
href
http://news.emory.edu
see
all
news
events
function
document
ready
function
const
templatearray
section
data
section
trumba
section
items
repeated
section
trumba
customdatetimerangeformat
mmm
localstart
localend
trumba
customdatetimerangeformat
localstart
localend
title
end
end
or
end
end
template
addformatter
trumbaurlemorymainhomepage
function
value
context
var
eventid
value
split
pop
return
trumbaembed
26
view
3
devent
26
eventid
3
eventid
template
addformatter
addclasstotaginhtmlstring
function
value
context
tagname
classstring
let
re
new
regexp
tagname
return
value
replace
re
tagname
class
classstring
trumbaregistertemplate
edu
events
07
4
fa
7
bab
8
be
template
templatearray
events
07
4
fa
7
bab
8
be
trumba
calendar
emory
edu
homepage
num
4
template
edu
events
07
4
fa
7
bab
8
be
jquery
class
btn
btn
arrow
href
events
index
html
see
all
events
img
alt
logo
with
the
words
quot
the
podium
quot
and
microphone
with
soundwaves
in
the
background
class
img
fluid
src
includes
images
sections
index
36
podium
jpg
let
shape
the
future
together
emory
experts
are
coming
to
city
near
you
to
discuss
some
of
the
biggest
issues
facing
society
join
the
emory
community
for
live
recording
of
the
podium
learn
how
we
can
create
brighter
world
for
tomorrow
class
btn
btn
arrow
mb
4
href
https://2036.emory.edu/events
target
blank
join
the
conversation
div
class
angular
banner
angular
banner
overlay
role
presentation
style
background
image
url
includes
images
sections
academics
bkgrfaculty
bm
jpg
emoryuniversity
schools
class
nav
link
href
http://www.college.emory.edu/
emory
college
class
nav
link
href
https://oxford.emory.edu/
oxford
college
class
nav
link
href
business
school
class
nav
link
href
http://www.nursing.emory.edu/
school
of
nursing
class
nav
link
href
https://gca.emory.edu
government
and
community
affairs
class
nav
link
href
http://www.ece.emory.edu/
emory
continuing
education
class
nav
link
href
admission
non
degree
html
nondegree
programs
class
nav
link
href
http://precollege.emory.edu/
pre
college
program
class
nav
link
href
http://goizueta.emory.edu/
business
school
class
nav
link
href
http://www.gs.emory.edu/
graduate
school
class
nav
link
href
http://www.law.emory.edu/
school
of
law
class
nav
link
href
http://www.med.emory.edu/
school
of
medicine
class
nav
link
href
http://www.nursing.emory.edu/
school
of
nursing
class
nav
link
href
http://www.sph.emory.edu/
school
of
public
health
class
nav
link
href
http://www.candler.emory.edu/
school
of
theology
resources
class
nav
link
href
contact
index
html
contact
class
nav
link
href
http://directory.service.emory.edu/
people
directory
class
nav
link
href
help
index
html
help
and
resources
class
nav
link
href
student
support
resources
class
nav
link
href
https://www.fsap.emory.edu/
faculty
staff
assistance
class
nav
link
href
explore
administration
html
administrative
offices
class
nav
link
href
https://www.emoryhealthcare.org/
emory
healthcare
class
nav
link
href
http://whsc.emory.edu/index.html
woodruff
health
sciences
center
class
nav
link
href
academics
libraries
html
libraries
class
nav
link
href
http://www.bookstore.emory.edu/
bookstore
class
nav
link
href
https://together.emory.edu/alumni
utm
medium
referral
amp
utm
source
emory
edu
amp
utm
campaign
footer
alumni
class
nav
link
href
https://together.emory.edu/giving
utm
medium
referral
amp
utm
source
emory
edu
amp
utm
campaign
footer
giving
class
nav
link
href
http://www.it.emory.edu/
information
technology
class
nav
link
href
http://www.hr.emory.edu/eu/careers/
careers
class
nav
link
href
http://www.hr.emory.edu/eu/
human
resources
class
nav
link
href
help
compliance
boilerplate
html
compliance
class
nav
link
href
https://inside.emory.edu/students/index.html
for
students
class
nav
link
href
for
faculty
and
staff
class
nav
link
href
http://www.family.emory.edu/
for
parents
and
families
emory
university
href
https://goo.gl/maps/cZkpyEv5iH42
rel
noopener
target
blank
dowman
drive
br
atlanta
ga
br
href
contact
index
html
contact
aria
label
facebook
class
site
footer
social
button
href
https://www.facebook.com/EmoryUniversity/
aria
label
twitter
class
site
footer
social
button
href
https://twitter.com/EmoryUniversity
aria
label
instagram
class
site
footer
social
button
href
https://www.instagram.com/emoryuniversity/
aria
label
youtube
class
site
footer
social
button
href
https://www.youtube.com/EmoryUniversity
aria
label
linkedin
class
site
footer
social
button
href
copyright
document
write
new
date
getfullyear
emory
university
href
eo
aa
statement
href
copyright
href
privacy
statement
back
to
top
js
includes
script
src
type
text
javascript
script
src
template
emory
edu
shared
assets
js
standard
template
3
min
js
type
text
javascript
script
src
includes
js
vendor
jquery
ui
min
js
type
text
javascript
script
src
includes
js
vendor
jquery
selectboxit
min
js
type
text
javascript
script
src
https://player.vimeo.com/api/player.js
type
text
javascript
script
src
includes
js
vendor
enquire
min
js
type
text
javascript
script
src
includes
js
vendor
scrollmagic
min
js
type
text
javascript
script
src
includes
js
vendor
jquery
scrollmagic
min
js
type
text
javascript
script
src
includes
js
initializers
nebo
initializer
js
type
text
javascript
script
src
includes
js
initializers
count
up
module
js
type
text
javascript
script
src
includes
js
events
count
up
events
js
type
text
javascript
script
src
includes
js
handlers
count
up
handler
js
type
text
javascript
script
src
includes
js
initializers
fading
hero
module
js
type
text
javascript
script
src
includes
js
events
fading
hero
events
js
type
text
javascript
script
src
includes
js
handlers
fading
hero
handler
js
type
text
javascript
script
src
includes
js
initializers
filterable
module
js
type
text
javascript
script
src
includes
js
events
filterable
events
js
type
text
javascript
script
src
includes
js
handlers
filterable
handler
js
type
text
javascript
script
src
includes
js
initializers
scroll
to
module
js
type
text
javascript
script
src
includes
js
events
scroll
to
events
js
type
text
javascript
script
src
includes
js
handlers
scroll
to
handler
js
type
text
javascript
script
src
includes
js
initializers
search
module
js
type
text
javascript
script
src
includes
js
events
search
events
js
type
text
javascript
script
src
includes
js
handlers
search
handler
js
type
text
javascript
script
src
includes
js
initializers
select
module
js
type
text
javascript
script
src
includes
js
events
select
events
js
type
text
javascript
script
src
includes
js
handlers
select
handler
js
type
text
javascript
script
src
includes
js
initializers
calendar
module
js
type
text
javascript
script
src
includes
js
handlers
calendar
handler
js
type
text
javascript
script
src
includes
js
events
calendar
events
js
type
text
javascript
script
src
includes
js
vendor
inert
min
js
type
text
javascript
script
src
includes
js
site
js
type
text
javascript
script
src
includes
js
juicer
js
type
text
javascript
script
src
includes
js
timeline
js
type
text
javascript
script
src
includes
js
emergency
notice
generated
js
type
text
javascript
script
src
siteimproveanalytics
com
js
siteanalyze
js
type
text
javascript
script
src
includes
js
quantcast
js
type
text
javascript
