doctype
html
if
lt
ie
7
endif
if
ie
7
endif
if
ie
8
endif
if
gt
ie
8
instancebegin
template
templates
primary
dwt
codeoutsidehtmlislocked
false
endif
meta
name
verify
1
content
hr
idulk
7
ut
lsjlapunhgvjzvng
5
cbgmxp
38
ae
9
meta
name
keywords
content
university
of
illinois
university
of
illinois
urbana
champaign
of
illinois
illini
university
of
illinois
home
page
uiuc
meta
name
description
content
information
for
students
alumni
and
parents
from
illinois
flagship
public
university
world
leader
in
research
teaching
and
public
engagement
instancebegineditable
name
doctitle
resources
for
alumni
university
of
illinois
urbana
champaign
instanceendeditable
google
tag
gtag
js
script
async
src
https://www.googletagmanager.com/gtag/js
id
twfejjkl
35
window
datalayer
window
datalayer
function
gtag
datalayer
push
arguments
gtag
js
new
date
gtag
config
twfejjkl
35
onetrust
cookies
consent
notice
start
illinois
edu
script
src
type
text
javascript
charset
utf
8
data
domain
script
26
be
ea
8
script
type
text
javascript
function
optanonwrapper
onetrust
cookies
consent
notice
end
illinois
edu
link
rel
shortcut
icon
href
assets
img
branding
favicon
ico
link
rel
stylesheet
href
assets
css
main
css
rn
1
fonts
link
href
date
rel
stylesheet
link
href
rel
stylesheet
function
var
config
kitid
bhg
8
dpt
scripttimeout
documentelement
settimeout
function
classname
classname
replace
bwf
loading
wf
inactive
config
scripttimeout
tk
createelement
script
false
getelementsbytagname
script
0
classname
wf
loading
tk
src
use
typekit
net
config
kitid
js
tk
async
true
tk
onload
tk
onreadystatechange
function
this
readystate
if
complete
loaded
return
true
cleartimeout
try
typekit
load
config
catch
parentnode
insertbefore
tk
document
if
lt
ie
10
link
href
assets
css
ie
css
rel
stylesheet
type
text
css
endif
if
lt
ie
9
script
src
assets
js
min
ie
min
js
endif
instancebegineditable
name
head
instanceendeditable
instanceparam
name
body
class
type
text
value
resources
alumni
instanceparam
name
content
intro
type
boolean
value
false
instanceparam
name
nav
2
about
type
boolean
value
false
instanceparam
name
section
overview
class
type
text
value
section
overview
instanceparam
name
footnote
publicaffairs
type
boolean
value
false
instanceparam
name
js
footer
default
type
boolean
value
true
instanceparam
name
js
footer
homepage
type
boolean
value
false
google
tag
manager
noscript
iframe
src
https://www.googletagmanager.com/ns.html
id
gtm
pv
7
kw
4
height
0
width
0
style
display
none
visibility
hidden
end
google
tag
manager
noscript
site
header
skip
to
links
skip
to
main
content
site
branding
class
branding
wordmark
href
index
html
title
university
of
illinois
homepage
img
class
wordmark
vertical
src
assets
img
branding
illinois
primary
wordmark
reversed
orange
svg
alt
university
of
illinois
urbana
champaign
wordmark
img
class
wordmark
horizontal
src
assets
img
branding
illinois
primary
wordmark
reversed
orange
svg
alt
university
of
illinois
urbana
champaign
wordmark
university
of
illinois
urbana
champaign
site
search
search
form
class
site
search
form
method
get
name
gs
2
onsubmit
sendsearchwebsite
action
resources
search
html
input
type
hidden
name
search
input
type
hidden
name
search
type
value
all
input
type
hidden
name
cx
value
input
type
hidden
name
cof
value
enter
keyword
phrase
or
name
search
website
input
type
text
name
id
size
10
value
keyword
phrase
or
name
onfocus
this
value
input
type
submit
name
sa
value
search
website
input
type
hidden
name
search
input
type
hidden
name
search
type
value
all
input
type
hidden
name
skinid
value
enter
person
unit
name
netid
search
directory
input
type
text
name
id
2
size
10
value
person
unit
name
netid
onfocus
this
value
input
type
submit
name
sa
value
search
directory
mobile
controls
site
navigation
utility
navigation
beginlibraryitem
library
nav
global
utility
lbi
quicklinks
href
https://directory.illinois.edu/search
campus
directory
href
https://map.illinois.edu/view
map
href
https://www.library.illinois.edu/
library
href
https://giving.illinois.edu/
give
now
resources
for
href
students
index
html
students
href
facultystaff
index
html
faculty
amp
staff
alumni
href
parents
index
html
parents
endlibraryitem
global
navigation
beginlibraryitem
library
nav
global
primary
lbi
class
submenu
trigger
href
about
index
html
about
img
src
assets
img
navigation
submenu
about
jpg
alt
about
links
href
about
index
html
overview
href
about
leadership
html
leadership
href
about
facts
html
facts
href
about
research
html
research
milestones
href
about
awards
html
nobels
amp
pulitzers
href
about
rankings
html
rankings
href
about
tours
html
campus
tours
related
links
about
href
resources
calendars
html
calendars
href
http://map.illinois.edu/view
map
href
https://directory.illinois.edu/search
campus
directory
class
submenu
trigger
href
admissions
index
html
admissions
img
src
assets
img
navigation
submenu
admission
jpg
alt
admissions
links
href
http://admissions.illinois.edu/
undergraduate
admissions
href
http://apply.illinois.edu
apply
href
https://myillini.illinois.edu/Programs
majors
href
http://blog.admissions.illinois.edu
blogs
href
virtual
visits
href
tuition
href
financial
aid
href
https://admissions.illinois.edu/request-more
request
info
href
http://admissions.illinois.edu/contact
contact
us
href
http://grad.illinois.edu/admissions
graduate
college
href
http://grad.illinois.edu/admissions/apply
apply
href
http://grad.illinois.edu/program-contacts
programs
amp
contacts
href
http://grad.illinois.edu/funding-jobs
funding
related
links
admissions
href
http://studentaffairs.illinois.edu
student
affairs
href
http://catalog.illinois.edu/undergraduate/
undergraduate
catalog
href
http://catalog.illinois.edu/graduate/
graduate
catalog
class
submenu
trigger
href
academics
index
html
academics
img
src
assets
img
navigation
submenu
academics
jpg
alt
academics
links
academic
programs
href
academics
academics
html
colleges
amp
schools
href
programs
of
study
href
academics
honors
html
honors
programs
href
http://online.illinois.edu
illinois
online
classes
amp
registration
href
https://courses.illinois.edu//
course
explorer
href
register
for
class
href
http://senate.illinois.edu/a_calendar.asp
academic
calendar
href
http://registrar.illinois.edu/transcripts
transcripts
related
links
academics
href
http://provost.illinois.edu
provost
href
http://registrar.illinois.edu
registrar
href
https://canvas.illinois.edu
canvas
href
https://compass2g.illinois.edu/
compass
href
http://library.illinois.edu
library
class
submenu
trigger
href
research
index
html
research
img
src
assets
img
navigation
submenu
research
jpg
alt
research
links
href
http://research.illinois.edu/
vice
chancellor
for
research
and
innovation
href
http://news.illinois.edu/
research
news
href
research
centers
href
https://experts.illinois.edu/
find
an
illinois
expert
illinois
research
connections
href
https://undergradresearch.illinois.edu/
office
of
undergraduate
research
href
http://researchpark.illinois.edu/
research
park
href
http://otm.illinois.edu/
technology
commercialization
href
http://corporaterelations.illinois.edu/
corporate
partnership
opportunities
href
http://library.illinois.edu
library
related
links
research
href
http://calendars.illinois.edu/list/4757
research
calendar
href
http://strategicplan.illinois.edu/
strategic
plan
href
http://researchpark.illinois.edu
research
park
class
submenu
trigger
href
diversity
index
html
diversity
img
src
assets
img
navigation
nav
diversity
jpg
alt
diversity
links
href
https://oiir.illinois.edu
office
of
inclusion
amp
intercultural
relations
href
https://www.omsa.illinois.edu/
jeffries
center
minority
student
affairs
href
https://isss.illinois.edu/
international
student
amp
scholar
services
href
https://www.disability.illinois.edu/
disability
resources
amp
educational
services
href
chez
veterans
center
href
accessibility
at
illinois
related
links
diversity
href
http://diversity.illinois.edu/
vice
chancellor
for
diversity
equity
amp
inclusion
class
submenu
trigger
href
outreach
index
html
outreach
img
src
assets
img
navigation
submenu
outreach
jpg
alt
outreach
links
href
http://corporaterelations.illinois.edu/
corporate
relations
href
community
href
https://extension.illinois.edu
of
extension
href
https://4h.extension.illinois.edu
4
youth
development
href
outreach
events
related
links
outreach
href
http://strategicplan.illinois.edu/
strategic
plan
href
resources
calendars
html
calendars
class
submenu
trigger
href
international
index
html
international
img
src
assets
img
navigation
submenu
international
jpg
alt
international
links
href
http://international.illinois.edu/
illinois
international
href
international
admissions
href
http://www.studyabroad.illinois.edu/
study
abroad
href
academic
programs
href
global
impact
href
international
student
resources
href
international
faculty
staff
and
scholar
resources
href
http://safetyabroad.illinois.edu
international
safety
security
href
http://igi.illinois.edu
illinois
global
institute
related
links
international
href
resources
calendars
html
calendars
href
http://studentaffairs.illinois.edu
student
affairs
class
submenu
trigger
href
arts
index
html
arts
amp
culture
img
src
assets
img
navigation
submenu
arts
jpg
alt
arts
amp
culture
links
href
http://faa.illinois.edu/
college
of
fine
amp
applied
arts
href
http://las.illinois.edu/units/
college
of
liberal
arts
and
sciences
href
http://krannertcenter.com/
krannert
center
for
the
performing
arts
href
http://kam.illinois.edu/
krannert
art
museum
href
http://library.illinois.edu
library
special
collections
href
http://spurlock.illinois.edu/
spurlock
museum
href
http://japanhouse.art.illinois.edu/en/
japan
house
href
http://allerton.illinois.edu
allerton
park
and
retreat
center
href
http://union.illinois.edu
illini
union
class
submenu
trigger
href
athletics
index
html
athletics
img
src
assets
img
navigation
nav
athletics
jpg
alt
athletics
links
href
http://fightingillini.com/
fighting
illini
athletics
href
https://www.disability.illinois.edu
wheelchair
amp
adapted
sports
href
http://campusrec.illinois.edu/
campus
recreation
href
http://marchingillini.com
marching
illini
href
http://illinipride.com/
illini
pride
related
links
athletics
href
http://map.illinois.edu/view
campus
map
href
library
resources
calendars
html
calendars
end
global
navigation
endlibraryitem
end
global
navigation
close
navigation
end
site
navigation
end
site
header
main
content
instancebegineditable
name
main
content
resources
for
alumni
popular
alumni
resources
class
pod
unit
href
http://www.illinoisalumni.org
alumni
association
class
pod
unit
href
resources
calendars
html
calendars
class
pod
unit
href
http://homecoming.illinois.edu/
homecoming
class
pod
unit
href
https://facebook.com/illinois.edu
facebook
class
pod
unit
last
unit
href
http://registrar.illinois.edu/transcripts
records
amp
transcripts
alumni
resources
general
resources
href
https://bookstore.illinois.edu
illini
union
bookstore
href
https://advancement.illinois.edu
illinois
advancement
href
https://inclusiveillinois.illinois.edu/
inclusive
illinois
href
https://illinois.edu/ds/socialMedia
index
of
social
media
resource
grid
instanceendeditable
end
main
content
site
footer
site
footer
links
beginlibraryitem
library
menu
footer
resources
lbi
quicklinks
href
resources
calendars
html
calendars
href
https://covid19.illinois.edu
covid
href
https://directory.illinois.edu/search
directory
href
https://illinois.edu/map/view
campus
map
href
https://answers.uillinois.edu/illinois/47881
email
href
https://giving.illinois.edu/
giving
href
student
grievances
href
resources
contact
html
contact
resources
for
href
students
index
html
current
students
href
students
prospective
html
prospective
students
href
facultystaff
index
html
faculty
amp
staff
href
alumni
index
html
alumni
href
parents
index
html
parents
campus
resources
href
https://strategicplan.illinois.edu/
the
next
strategic
plan
href
https://diversity.illinois.edu/
diversity
resources
href
resources
emergency
html
emergency
info
href
land
acknowledgement
statement
href
organizational
chart
href
https://uillinois.edu/about/policies
university
policies
href
resources
employment
html
employment
of
system
href
https://www.uillinois.edu/
system
offices
href
http://uic.edu/
uic
href
https://uis.edu/
uis
href
https://www.online.uillinois.edu/
of
online
endlibraryitem
class
branding
wordmark
href
index
html
title
university
of
illinois
homepage
img
class
wordmark
vertical
src
assets
img
branding
wordmark
vertical
alt
png
alt
university
of
illinois
urbana
champaign
wordmark
illinois
homepage
site
footer
about
the
site
website
info
href
resources
website
copyright
html
copyright
href
resources
website
accessibility
html
accessibility
href
privacy
statement
and
terms
of
use
href
resources
contact
html
site
feedback
feedback
site
footer
social
media
illinois
social
media
beginlibraryitem
library
menu
footer
socialmedia
lbi
href
https://twitter.com/UofIllinois
twitter
href
http://facebook.com/illinois.edu
facebook
href
https://www.tiktok.com/
uofillinois
snapchat
href
http://linkedin.com/edu/school
id
linkedin
href
http://instagram.com/illinois1867
instagram
href
http://youtube.com/user/Illinois1867
youtube
href
http://weibo.com/uiuc2012
sina
weibo
endlibraryitem
onetrust
cookies
settings
button
start
about
cookies
onetrust
cookies
settings
button
end
scroll
to
top
scroll
to
top
script
src
https://code.jquery.com/jquery-3.7.1.min.js
script
type
text
javascript
src
assets
js
min
functions
min
js
instancebegineditable
name
js
footer
instanceendeditable
ping
admissions
tracking
script
async
async
src
https://enroll.illinois.edu/ping
instanceend
