doctype
html
meta
charset
utf
8
link
rel
canonical
href
meta
name
description
content
mission
statement
the
mission
of
mit
is
to
advance
knowledge
and
educate
students
in
science
technology
and
other
areas
of
scholarship
that
will
best
serve
the
nation
and
the
world
in
the
21
st
century
meta
name
viewport
content
width
device
width
initial
scale
mission
statement
mit
massachusetts
institute
of
technology
link
rel
icon
href
themes
mit
assets
favicon
favicon
ico
sizes
link
rel
icon
href
themes
mit
assets
favicon
favicon
svg
type
image
svg
xml
link
rel
apple
touch
icon
href
themes
mit
assets
favicon
apple
touch
icon
png
link
rel
manifest
href
themes
mit
assets
favicon
manifest
webmanifest
if
gt
ie
8
link
rel
stylesheet
media
all
href
themes
mit
assets
css
main
css
2
dara
endif
if
lt
ie
9
link
rel
stylesheet
media
all
href
themes
mit
assets
css
ie
css
2
dara
endif
script
async
src
https://www.googletagmanager.com/gtag/js
id
ua
window
datalayer
window
datalayer
function
gtag
datalayer
push
arguments
gtag
js
new
date
gtag
config
ua
custom
map
dimension
1
search
term
anonymize
ip
true
gtag
config
ua
custom
map
dimension
1
search
term
anonymize
ip
true
function
push
gtm
start
new
date
gettime
event
gtm
js
var
getelementsbytagname
0
createelement
dl
datalayer
async
true
src
https://www.googletagmanager.com/gtm.js
id
dl
parentnode
insertbefore
window
document
script
datalayer
gtm
8
mgv
4
iframe
src
https://www.googletagmanager.com/ns.html
id
gtm
8
mgv
4
height
0
width
0
style
display
none
visibility
hidden
skip
to
content
class
site
nav
logo
link
href
svg
class
mit
logo
xmlns
http://www.w3.org/2000/svg
width
height
viewbox
path
class
logo
color
primary
4
33
33
zm
zm
zm
zm
zm
zm
zm
zm
zm
zm
7
zm
zm
32
zm
zm
zm
4
zm
zm
zm
zm
zm
zm
zm
zm
zm
zm
zm
zm
zm
zm
zm
zm
zm
zm
zm
zm
zm
zm
zm
zm
zm
zm
zm
1
zm
0
71
4
zm
zm
zm
zm
zm
zm
zm
transform
translate
massachusetts
institute
of
technology
href
education
class
site
nav
link
js
nav
item
menu
item
collapsed
data
drupal
link
system
path
node
11
education
href
research
class
site
nav
link
js
nav
item
menu
item
collapsed
data
drupal
link
system
path
node
12
research
href
innovation
class
site
nav
link
js
nav
item
data
drupal
link
system
path
node
13
innovation
href
admissions
aid
class
site
nav
link
js
nav
item
data
drupal
link
system
path
node
14
admissions
aid
href
campus
life
class
site
nav
link
js
nav
item
data
drupal
link
system
path
node
15
campus
life
href
http://news.mit.edu/
target
blank
class
site
nav
link
js
nav
item
news
href
alumni
class
site
nav
link
js
nav
item
data
drupal
link
system
path
node
17
alumni
href
about
class
site
nav
link
js
nav
item
data
drupal
link
system
path
node
16
about
mit
more
href
admissions
aid
class
site
nav
more
link
data
drupal
link
system
path
node
14
admissions
aid
href
campus
life
class
site
nav
more
link
data
drupal
link
system
path
node
15
campus
life
href
http://news.mit.edu/
target
blank
class
site
nav
more
link
news
href
alumni
class
site
nav
more
link
data
drupal
link
system
path
node
17
alumni
href
about
class
site
nav
more
link
data
drupal
link
system
path
node
16
about
mit
menu
class
site
nav
search
trigger
js
mobile
search
js
search
trigger
href
search
search
svg
class
site
nav
search
icon
site
nav
search
icon
close
xmlns
http://www.w3.org/2000/svg
width
18
height
18
viewbox
path
fill
none
stroke
currentcolor
stroke
width
autosuggest
ui
handled
by
vue
js
components
menu
form
method
get
action
search
id
es
search
form
class
es
search
form
js
es
search
form
explore
websites
people
and
locations
svg
width
30
viewbox
version
xmlns
http://www.w3.org/2000/svg
xmlns
xlink
http://www.w3.org/1999/xlink
stroke
currentcolor
stroke
width
class
icon
search
mag
search
box
mag
look
up
people
by
ldquo
last
name
sounds
like
rdquo
what
are
you
looking
for
svg
xmlns
http://www.w3.org/2000/svg
width
26
height
26
viewbox
class
form
reset
circle
fill
red
cx
13
cy
13
13
path
class
st
1
see
more
results
svg
viewbox
width
22
height
18
xmlns
http://www.w3.org/2000/svg
class
arrow
left
es
search
submit
arrow
path
class
es
search
feedback
link
href
feedback
suggestions
or
feedback
class
breadcrumb
link
href
home
class
breadcrumb
link
href
about
about
mit
mission
statement
mission
statement
mission
statement
br
the
mission
of
mit
is
to
advance
knowledge
and
educate
students
in
science
technology
and
other
areas
of
scholarship
that
will
best
serve
the
nation
and
the
world
in
the
21
st
century
the
institute
is
committed
to
generating
disseminating
and
preserving
knowledge
and
to
working
with
others
to
bring
this
knowledge
to
bear
on
the
worlds
great
challenges
mit
is
dedicated
to
providing
its
students
with
an
education
that
combines
rigorous
academic
study
and
the
excitement
of
discovery
with
the
support
and
intellectual
stimulation
of
diverse
campus
community
we
seek
to
develop
in
each
member
of
the
mit
community
the
ability
and
passion
to
work
wisely
creatively
and
effectively
for
the
betterment
of
humankind
img
loading
lazy
src
files
images
dsc
photo
20
by
20
christopher
20
harting
preview
jpeg
width
height
alt
large
metal
rendering
of
the
mit
seal
the
background
is
dark
gray
and
the
type
and
illustration
are
in
bronze
tone
typeof
foaf
image
mits
motto
is
mens
et
manus
or
mind
and
hand
signifying
the
fusion
of
academic
knowledge
with
practical
purpose
href
class
site
footer
logo
link
svg
xmlns
http://www.w3.org/2000/svg
width
height
viewbox
class
mit
logo
site
footer
logo
path
class
logo
color
primary
zm
zm
zm
zm
zm
zm
transform
translate
massachusetts
institute
of
technology
class
site
footer
nav
link
js
nav
item
href
education
education
class
site
footer
nav
link
js
nav
item
href
research
research
class
site
footer
nav
link
js
nav
item
href
innovation
innovation
class
site
footer
nav
link
js
nav
item
href
admissions
aid
admissions
aid
class
site
footer
nav
link
js
nav
item
href
campus
life
campus
life
class
site
footer
nav
link
js
nav
item
href
https://news.mit.edu/
news
news
mit
edu
class
site
footer
nav
link
js
nav
item
href
about
about
mit
class
site
footer
nav
link
js
nav
item
href
alumni
alumni
class
site
footer
join
us
link
href
building
better
world
svg
xmlns
http://www.w3.org/2000/svg
width
13
height
13
viewbox
class
arrow
northeast
site
footer
join
us
icon
polyline
points
path
join
us
in
building
better
world
href
massachusetts
institute
of
technology
href
institute
of
technology
15
data
xd
ea
class
site
footer
contact
info
link
77
massachusetts
avenue
cambridge
ma
usa
class
site
footer
utility
text
link
href
visitmit
visit
class
site
footer
utility
text
link
href
https://whereis.mit.edu/
map
class
site
footer
utility
text
link
href
https://calendar.mit.edu/
events
class
site
footer
utility
text
link
href
search
redirect
origin
legacy
tab
directory
people
class
site
footer
utility
text
link
href
https://careers.mit.edu/
careers
class
site
footer
utility
text
link
href
contact
contact
class
site
footer
utility
text
link
href
privacy
privacy
class
site
footer
utility
text
link
href
accessibility
accessibility
href
https://socialmediahub.mit.edu/
class
site
footer
social
item
connect
link
social
media
hub
href
https://twitter.com/mit
mit
twitter
svg
xmlns
http://www.w3.org/2000/svg
width
height
16
viewbox
16
path
zm
fill
currentcolor
fill
rule
nonzero
href
https://www.facebook.com/MITnews
mit
facebook
svg
width
8
height
16
viewbox
xmlns
http://www.w3.org/2000/svg
href
https://www.youtube.com/mit
mit
youtube
svg
viewbox
height
16
width
23
xmlns
http://www.w3.org/2000/svg
href
https://www.instagram.com/mit/
mit
instagram
svg
width
18
height
18
viewbox
xmlns
http://www.w3.org/2000/svg
xmlns
xlink
http://www.w3.org/1999/xlink
script
src
themes
mit
assets
js
modernizr
js
2
dara
if
gt
ie
8
script
src
themes
mit
assets
js
main
js
2
dara
endif
if
lt
ie
9
script
src
themes
mit
assets
js
ie
js
2
dara
endif
