doctype
html
meta
charset
utf
8
link
rel
canonical
href
meta
name
viewport
content
width
device
width
initial
scale
meta
http
equiv
pragma
content
no
cache
meta
http
equiv
expires
content
1
meta
http
equiv
cache
control
content
no
store
meta
property
description
content
the
mission
of
mit
is
to
advance
knowledge
and
educate
students
in
science
technology
and
other
areas
of
scholarship
that
will
best
serve
the
nation
and
the
world
in
the
21
st
century
meta
property
og
site
name
content
massachusetts
institute
of
technology
meta
property
og
site
content
http://web.mit.edu
meta
property
og
type
content
website
meta
property
og
title
content
the
massachusetts
institute
of
technology
mit
meta
property
og
url
content
http://web.mit.edu
meta
property
og
description
content
the
mission
of
mit
is
to
advance
knowledge
and
educate
students
in
science
technology
and
other
areas
of
scholarship
that
will
best
serve
the
nation
and
the
world
in
the
21
st
century
meta
property
fb
page
id
content
meta
property
twitter
site
id
content
meta
property
twitter
card
content
summary
meta
property
twitter
site
content
mit
meta
property
twitter
title
content
the
massachusetts
institute
of
technology
mit
mit
massachusetts
institute
of
technology
link
rel
icon
href
themes
mit
assets
favicon
favicon
ico
sizes
link
rel
icon
href
themes
mit
assets
favicon
favicon
svg
type
image
svg
xml
link
rel
apple
touch
icon
href
themes
mit
assets
favicon
apple
touch
icon
png
link
rel
manifest
href
themes
mit
assets
favicon
manifest
webmanifest
if
gt
ie
8
link
rel
stylesheet
media
all
href
themes
mit
assets
css
main
css
siolrj
endif
if
lt
ie
9
link
rel
stylesheet
media
all
href
themes
mit
assets
css
ie
css
siolrj
endif
script
async
src
https://www.googletagmanager.com/gtag/js
id
ua
window
datalayer
window
datalayer
function
gtag
datalayer
push
arguments
gtag
js
new
date
gtag
config
ua
custom
map
dimension
1
search
term
anonymize
ip
true
gtag
config
ua
custom
map
dimension
1
search
term
anonymize
ip
true
function
push
gtm
start
new
date
gettime
event
gtm
js
var
getelementsbytagname
0
createelement
dl
datalayer
async
true
src
https://www.googletagmanager.com/gtm.js
id
dl
parentnode
insertbefore
window
document
script
datalayer
gtm
8
mgv
4
theme
custom
primary
spot
20
primary
text
0
primary
bg
primary
bg
alt
secondary
spot
35
secondary
text
secondary
bg
0
search
spot
35
search
text
search
bg
0
breaking
news
text
breaking
news
link
text
breaking
news
link
text
hover
spotl
addl
content
bg
spotl
addl
content
text
0
spotl
addl
content
link
text
hover
51
iframe
src
https://www.googletagmanager.com/ns.html
id
gtm
8
mgv
4
height
0
width
0
style
display
none
visibility
hidden
skip
to
content
class
site
nav
logo
link
href
svg
class
mit
logo
xmlns
http://www.w3.org/2000/svg
width
height
viewbox
path
class
logo
color
primary
4
33
33
zm
zm
zm
zm
zm
zm
zm
zm
zm
zm
7
zm
zm
32
zm
zm
zm
4
zm
zm
zm
zm
zm
zm
zm
zm
zm
zm
zm
zm
zm
zm
zm
zm
zm
zm
zm
zm
zm
zm
zm
zm
zm
zm
zm
1
zm
0
71
4
zm
zm
zm
zm
zm
zm
zm
transform
translate
massachusetts
institute
of
technology
href
education
class
site
nav
link
js
nav
item
menu
item
collapsed
data
drupal
link
system
path
node
11
education
href
research
class
site
nav
link
js
nav
item
menu
item
collapsed
data
drupal
link
system
path
node
12
research
href
innovation
class
site
nav
link
js
nav
item
data
drupal
link
system
path
node
13
innovation
href
admissions
aid
class
site
nav
link
js
nav
item
data
drupal
link
system
path
node
14
admissions
aid
href
campus
life
class
site
nav
link
js
nav
item
data
drupal
link
system
path
node
15
campus
life
href
http://news.mit.edu/
target
blank
class
site
nav
link
js
nav
item
news
href
alumni
class
site
nav
link
js
nav
item
data
drupal
link
system
path
node
17
alumni
href
about
class
site
nav
link
js
nav
item
data
drupal
link
system
path
node
16
about
mit
more
href
admissions
aid
class
site
nav
more
link
data
drupal
link
system
path
node
14
admissions
aid
href
campus
life
class
site
nav
more
link
data
drupal
link
system
path
node
15
campus
life
href
http://news.mit.edu/
target
blank
class
site
nav
more
link
news
href
alumni
class
site
nav
more
link
data
drupal
link
system
path
node
17
alumni
href
about
class
site
nav
more
link
data
drupal
link
system
path
node
16
about
mit
menu
class
site
nav
search
trigger
js
mobile
search
js
search
trigger
href
search
search
svg
class
site
nav
search
icon
site
nav
search
icon
close
xmlns
http://www.w3.org/2000/svg
width
18
height
18
viewbox
path
fill
none
stroke
currentcolor
stroke
width
autosuggest
ui
handled
by
vue
js
components
menu
form
method
get
action
search
id
es
search
form
class
es
search
form
js
es
search
form
explore
websites
people
and
locations
svg
width
30
viewbox
version
xmlns
http://www.w3.org/2000/svg
xmlns
xlink
http://www.w3.org/1999/xlink
stroke
currentcolor
stroke
width
class
icon
search
mag
search
box
mag
look
up
people
by
ldquo
last
name
sounds
like
rdquo
what
are
you
looking
for
svg
xmlns
http://www.w3.org/2000/svg
width
26
height
26
viewbox
class
form
reset
circle
fill
red
cx
13
cy
13
13
path
class
st
1
see
more
results
svg
viewbox
width
22
height
18
xmlns
http://www.w3.org/2000/svg
class
arrow
left
es
search
submit
arrow
path
class
es
search
feedback
link
href
feedback
suggestions
or
feedback
href
https://www.mit.edu/updates-from-campus/
updates
from
campus
read
messages
from
mit
leaders
regarding
recent
events
on
campus
sharing
relevant
policies
and
correcting
misinformation
div
class
breaking
news
img
style
background
image
url
files
images
thumbnail
mit
dome
0
jpeg
svg
viewbox
width
22
height
18
xmlns
http://www.w3.org/2000/svg
class
arrow
left
spotlight
arrow
spotlight
aug
26
class
spotlight
figure
link
target
blank
href
img
class
spotlight
img
src
files
images
mit
lourido
sl
jpg
alt
sebastian
lourido
wears
white
lab
coat
with
his
last
name
while
standing
in
lab
with
blue
lit
equipment
svg
viewbox
width
22
height
18
xmlns
http://www.w3.org/2000/svg
class
arrow
left
spotlight
arrow
spotlight
aug
26
roughly
one
third
of
the
worlds
population
is
infected
with
toxoplasma
by
unraveling
the
genetic
pathways
that
help
the
parasite
persist
in
human
cells
target
blank
href
sebastian
lourido
hopes
to
find
new
ways
to
treat
toxoplasmosis
aug
26
target
blank
href
class
spotlight
text
cta
js
spotlight
text
cta
full
story
share
href
https://twitter.com/share
url
target
blank
class
spotlight
share
link
js
share
link
twitter
svg
xmlns
http://www.w3.org/2000/svg
width
height
16
viewbox
16
class
icon
facebook
spotlight
share
icon
spotlight
share
icon
twitter
path
zm
fill
currentcolor
fill
rule
nonzero
href
https://www.facebook.com/sharer/sharer.php
target
blank
class
spotlight
share
link
js
share
link
facebook
svg
width
8
height
16
viewbox
xmlns
http://www.w3.org/2000/svg
class
icon
facebook
spotlight
share
icon
spotlight
share
icon
facebook
path
fill
currentcolor
fill
rule
nonzero
more
from
the
mit
community
target
blank
href
img
loading
lazy
src
files
images
mit
layperson
legalese
slsub
jpg
width
height
alt
judge
gavel
and
law
papers
typeof
foaf
image
research
target
blank
href
why
are
legal
documents
so
impenetrable
just
as
magic
spells
use
special
rhymes
and
archaic
terms
to
signal
their
power
the
convoluted
language
of
legalese
conveys
sense
of
authority
cognitive
scientists
have
found
target
blank
href
img
loading
lazy
src
files
images
mit
quantum
factoring
slsub
jpg
width
height
alt
rendering
of
golden
quantum
computer
typeof
foaf
image
research
target
blank
href
building
on
landmark
algorithm
researchers
have
proposed
way
for
quantum
computer
to
break
certain
cryptographic
systems
their
quantum
factoring
circuit
requires
less
memory
and
is
more
tolerant
to
noise
than
prior
versions
target
blank
href
img
loading
lazy
src
files
images
mit
wind
power
blk
island
slsub
jpg
width
height
alt
3
windmills
in
ocean
typeof
foaf
image
research
target
blank
href
cee
engineers
have
developed
the
first
physics
based
model
that
accurately
represents
the
airflow
around
rotors
even
under
extreme
conditions
the
model
could
improve
the
way
turbine
blades
and
wind
farms
are
designed
target
blank
href
img
loading
lazy
src
files
images
mit
ellen
roche
home
jpg
width
height
alt
ellen
roche
holds
heart
model
in
her
lab
filled
with
equipment
typeof
foaf
image
community
spotlight
target
blank
href
ellen
roche
is
creating
the
next
generation
of
medical
devices
to
help
repair
hearts
lungs
and
other
tissues
some
such
as
soft
robotic
ventilator
are
for
implantation
while
others
like
3
printed
heart
replica
enable
research
and
testing
of
other
therapies
target
blank
href
img
loading
lazy
src
files
images
mit
dominika
durovcikova
home
jpg
width
height
alt
dominika
urovkov
stands
in
front
of
giant
image
of
galaxy
typeof
foaf
image
community
spotlight
target
blank
href
phd
student
dominika
urovkov
is
studying
distant
black
holes
called
quasars
to
illuminate
the
moment
when
galaxies
could
first
be
observed
she
loves
astronomy
because
when
looking
at
the
stars
you
realize
theres
something
more
than
your
everyday
struggles
target
blank
href
img
loading
lazy
src
files
images
cady
nasa
jpg
width
height
alt
cady
coleman
in
zero
gravity
sitting
in
pilot
seat
typeof
foaf
image
in
the
media
target
blank
href
cady
coleman
83
former
nasa
astronaut
and
air
force
colonel
recalls
how
talk
by
astronaut
sally
ride
at
mit
inspired
her
in
her
quiet
way
sally
ride
shattered
assumptions
didnt
know
had
coleman
writes
in
the
wall
street
journal
href
class
site
footer
logo
link
svg
xmlns
http://www.w3.org/2000/svg
width
height
viewbox
class
mit
logo
site
footer
logo
path
class
logo
color
primary
zm
zm
zm
zm
zm
zm
transform
translate
massachusetts
institute
of
technology
class
site
footer
nav
link
js
nav
item
href
education
education
class
site
footer
nav
link
js
nav
item
href
research
research
class
site
footer
nav
link
js
nav
item
href
innovation
innovation
class
site
footer
nav
link
js
nav
item
href
admissions
aid
admissions
aid
class
site
footer
nav
link
js
nav
item
href
campus
life
campus
life
class
site
footer
nav
link
js
nav
item
href
https://news.mit.edu/
news
news
mit
edu
class
site
footer
nav
link
js
nav
item
href
about
about
mit
class
site
footer
nav
link
js
nav
item
href
alumni
alumni
class
site
footer
join
us
link
href
building
better
world
svg
xmlns
http://www.w3.org/2000/svg
width
13
height
13
viewbox
class
arrow
northeast
site
footer
join
us
icon
polyline
points
path
join
us
in
building
better
world
massachusetts
institute
of
technology
href
institute
of
technology
15
data
xd
ea
class
site
footer
contact
info
link
77
massachusetts
avenue
cambridge
ma
usa
class
site
footer
utility
text
link
href
visitmit
visit
class
site
footer
utility
text
link
href
https://whereis.mit.edu/
map
class
site
footer
utility
text
link
href
https://calendar.mit.edu/
events
class
site
footer
utility
text
link
href
search
redirect
origin
legacy
tab
directory
people
class
site
footer
utility
text
link
href
https://careers.mit.edu/
careers
class
site
footer
utility
text
link
href
contact
contact
class
site
footer
utility
text
link
href
privacy
privacy
class
site
footer
utility
text
link
href
accessibility
accessibility
href
https://socialmediahub.mit.edu/
class
site
footer
social
item
connect
link
social
media
hub
href
https://twitter.com/mit
mit
twitter
svg
xmlns
http://www.w3.org/2000/svg
width
height
16
viewbox
16
path
zm
fill
currentcolor
fill
rule
nonzero
href
https://www.facebook.com/MITnews
mit
facebook
svg
width
8
height
16
viewbox
xmlns
http://www.w3.org/2000/svg
href
https://www.youtube.com/mit
mit
youtube
svg
viewbox
height
16
width
23
xmlns
http://www.w3.org/2000/svg
href
https://www.instagram.com/mit/
mit
instagram
svg
width
18
height
18
viewbox
xmlns
http://www.w3.org/2000/svg
xmlns
xlink
http://www.w3.org/1999/xlink
script
src
themes
mit
assets
js
modernizr
js
siolrj
if
gt
ie
8
script
src
themes
mit
assets
js
main
js
siolrj
endif
if
lt
ie
9
script
src
themes
mit
assets
js
ie
js
siolrj
endif
