pdf
obj
count
1
kids
type
pages
endobj
obj
iccbased
endobj
obj
filter
flatedecode
length
3
stream
xwts
7
khr
1
6
dtpdq
2
dqp
id
kg
lx
lpb
1
8
2
vs
92
se
9
2
cti
6
ssdl
2
yh
1
rfy
ym
emi
rax
7
nfzdp
edl
wl
cgd
2
qz
4
1
46
tc
48
0
rt
cbh
cqh
0
8
28
0
fbx
ee
1
pl
6
mfkt
fw
8
1
9
ax
rbl
1
tp
8
8
ey
kl
jvm
rt
qth
5
ec
4
2
7
hr
0
tuzw
oik
ov
76
8
im
kx
kk
jonw
elvv
cg
pawqkkz
ep
ujhwm
fyvuwzn
7
epu
lo
9
vs
uckz
ol
ps
7
pqoh
vsnys
4
ad
xi
wx
20
5
etw
mw
3
endstream
endobj
obj
ca
1
type
extgstate
ca
1
endobj
obj
basefont
fpewet
calibri
bold
descendantfonts
encoding
identity
subtype
type
0
tounicode
type
font
endobj
obj
filter
flatedecode
length
stream
dk
xvb
hg
93
sf
3
jr
6
wmab
gnlc
ybt
ky
weq
7
tb
7
yl
ntgtqll
3
pg
2
6
zk
7
vg
8
gj
7
jejj
7
he
xz
4
9
ty
29
vjjm
ml
0
tr
3
gyjkvrj
xm
8
es
5
7
li
4
hqy
8
nd
qdom
4
ae
se
9
xi
7
3
5
sawo
ydbcdwsb
0
yn
5
mzj
8
4
eot
7
8
2
ieqyepk
odkp
wide
4
bpu
8
esd
xjked
wc
8
rdf
7
iiy
2
hj
wtu
vw
yo
1
gy
af
1
azk
spf
tef
jh
ui
czg
ud
jass
wbh
cs
6
8
dc
ejf
0
vv
2
2
jrg
1
2
vdmj
6
5
eke
2
zki
adimaqt
6
jbqd
7
lwc
8
hcqr
9
bhdg
wfa
ub
72
3
jscz
9
wn
un
bl
nl
78
wj
3
9
2
ffg
6
ry
uv
idf
dl
ewdo
ain
kip
tvy
tc
3
nf
zh
8
5
9
mp
9
7
rr
dp
zui
bj
9
1
qyj
qswlw
ei
yfx
klh
ingbu
jw
wn
cch
4
2
4
bf
ng
ey
0
unm
om
knbz
2
0
vvr
qqh
qfz
vkh
5
1
ur
bnw
5
ecee
21
ccpdjf
ce
5
qpht
ml
qc
la
6
ej
qj
uj
qn
ix
0
ev
wr
myo
yl
0
lmr
7
ro
bm
zg
hhd
kb
8
5
73
dr
mu
2
wxv
5
yp
9
4
kj
hv
ee
1
yc
ph
yyv
7
sj
3
5
ti
wps
zx
iptmm
6
5
ca
lgt
6
ni
rvvx
7
49
fp
39
ly
3
0
yw
ivz
0
eku
keqic
zf
qbpl
cbakfis
7
vwg
9
3
fxkf
oaz
9
lp
omls
8
cs
8
hc
4
zla
zs
51
7
yf
ud
wher
3
qtls
9
ro
qzr
tu
bi
0
zqgir
lmy
xb
zrti
nzee
oj
6
yw
0
nxtp
5
mrgwyglyzp
1
chiqs
iq
jw
9
ih
ii
29
te
de
evkqdoh
2
an
4
1
tzzp
6
9
rt
gz
8
apzs
dz
2
7
8
ut
6
sfh
0
odih
0
9
6
6
6
9
7
jzyrh
3
lg
bw
9
ce
nr
4
cm
wkj
ls
9
dac
um
2
sqoh
zmyg
plk
na
1
vqgc
6
cq
yy
mja
0
ucr
ebl
tllo
tp
5
5
tf
ktxh
8
my
4
oz
4
ev
5
kc
wi
rk
8
bj
fzz
srszdewi
0
dv
2
jjxmw
ne
9
dknfn
ke
1
82
9
utr
33
vn
3
dm
1
nd
ne
zn
hpk
op
9
nz
mr
uz
3
qne
uf
mu
6
2
bov
tm
8
yx
vsuorq
5
zm
ny
bqoo
5
ds
rcw
ivm
at
yh
cj
5
tg
5
mg
5
lg
8
zmnn
2
9
mjqv
kx
ydp
of
drixir
6
qb
le
sv
3
2
lu
inrin
tl
6
bz
9
8
bm
6
xs
su
ok
wz
6
nv
ol
8
gez
miz
1
gf
qdz
ui
tozm
fa
1
fq
fa
qx
her
prfpv
pyu
sh
8
fjd
gcw
5
wq
jk
4
fw
mp
gvi
7
zjp
bk
28
7
xch
mw
ylhti
6
wfoxw
wo
59
wmg
qou
kst
7
xjom
6
8
gn
ck
9
fap
7
pt
enq
cpk
0
ree
2
sjs
3
hs
vkm
tc
vzw
rg
0
sougx
gf
4
svs
lp
3
vk
dr
wxv
5
fnv
lzny
6
jmfgyp
al
ripju
6
7
pjq
ktzr
1
zvg
ux
zg
mh
uk
1
lc
0
bn
ja
iy
0
6
yb
8
im
6
tj
pdk
6
4
9
dr
2
9
ibe
jdu
qk
ep
nyy
7
wh
5
6
ka
fmtli
wgnc
yw
ejh
de
gyn
3
fj
53
qd
bh
7
po
5
0
hho
ix
kb
2
lh
qc
gby
7
1
4
nk
5
ky
6
xg
9
3
qg
9
3
qg
9
3
qmg
9
7
kf
am
2
9
8
ihsf
cs
sj
0
jka
dk
br
grl
ly
cjw
eyh
5
3
jy
mef
1
3
rh
ap
1
xv
awk
eg
67
hyy
mm
5
dr
id
3
icnyd
5
9
svlj
sr
hv
de
bkmwfgg
6
1
dpl
1
qf
8
2
ru
2
zq
9
in
0
jp
6
pcbz
3
3
lrsl
up
4
3
nk
yn
bwi
bl
3
7
1
jgn
tk
wi
ls
39
1
dg
8
95
jp
1
lt
syql
wo
ll
9
gg
kzz
5
olvelo
4
ilr
9
jhw
3
yg
in
wcuu
di
4
fu
2
nq
mhedq
hjch
9
bfx
4
mb
es
vdl
tw
cw
sfu
1
36
tq
4
ci
4
lr
jv
me
2
1
2
ttfyi
ly
6
xr
6
gz
uu
1
fno
vbtcf
ift
zwq
nl
3
il
yb
kuv
ff
8
fqkw
ibp
1
yf
7
9
azvfz
ubop
6
86
ol
ct
gx
eidh
3
cpz
0
3
tyl
rl
jyx
8
4
rf
sj
8
6
1
1
is
9
nip
hx
28
3
9
sspo
jvh
xl
0
ap
0
4
0
uyc
sthd
yy
04
4
il
4
faotasc
vf
8
lqs
bs
14
0
omnj
ra
0
3
gs
tqd
8
efo
islk
pcu
3
lf
pogn
ndr
5
6
qp
2
as
0
yxphmx
7
zau
3
amo
0
il
6
ifl
1
zt
4
fw
bg
vonmlj
nio
eo
oos
vt
6
ckx
le
2
lmhb
kgkpey
6
aw
mwkws
pu
bkwgc
fu
8
3
lzu
mb
ok
hso
7
jb
kzkcs
7
dy
oc
nmfi
2
ktsda
jvk
4
wn
hyww
uzr
dq
dn
qr
9
ihn
1
vkk
qo
ar
9
0
1
do
nno
1
9
ccs
3
hy
zb
7
9
auak
1
hx
kek
ie
5
7
ouj
yzpyqrn
sqjn
8
3
spi
ts
1
7
fr
8
sdd
45
cw
kd
sm
7
twuvllnjlnx
uyq
qee
3
aq
9
2
5
lb
fp
dh
iyfw
np
6
3
9
muy
ymmm
aaxa
xsgn
bq
6
xr
kk
eubt
11
4
0
cx
2
1
uuopxt
zqapmp
8
qn
fz
4
hlx
cr
os
td
hy
97
bj
8
or
2
zh
xyyq
6
4
ty
9
2
6
mr
gl
tg
odxhx
2
wj
7
xcgs
nm
xz
0
hl
9
01
8
hqq
4
1
cts
gwh
yo
0
ptd
94
gc
rga
ycc
qua
hpsnc
3
iqve
au
56
ed
ks
vrv
3
nj
ec
qgh
cg
ls
1
qw
yb
2
yh
2
2
nb
3
rr
dfh
st
0
eh
bk
8
7
2
5
wx
6
4
do
8
pj
id
nc
ar
jc
ea
0
1
le
la
0
3
1
wc
3
xily
ne
ly
3
mgm
8
18
pc
8
am
wc
ha
ht
7
ob
vh
nahg
na
64
np
59
pdmk
aa
jpz
mt
5
cgh
9
6
zmbafbd
hghcheha
vd
hobz
5
hbz
6
oa
ih
0
7
ba
0
0
vm
lf
xp
7
vjf
rx
rhc
4
4
eu
xhjk
9
3
hgz
mf
ba
ea
iwb
zoqam
nq
nvkwjomzyp
vqdd
iw
8
2
uq
0
wjpax
4
bs
en
8
gkb
qgb
95
endstream
endobj
obj
basefont
fpbiya
calibri
descendantfonts
encoding
identity
subtype
type
0
tounicode
type
font
endobj
obj
filter
flatedecode
length
stream
0
zuoj
rk
yb
yk
1
ia
aq
9
umd
pb
ebvn
9
ov
yp
rt
qe
xt
6
bf
jb
4
1
ffme
qx
vmji
twdkh
mm
wh
xju
iz
6
zvo
8
uxk
ohsm
gllz
vq
8
ki
rxwm
9
rry
icexwxf
3
mo
ro
6
8
4
jpw
ex
2
bi
96
hoyj
3
wtuvk
gi
5
vw
25
idl
1
8
3
6
4
htlt
1
tw
9
gv
acqgxk
gv
5
wxx
6
sjvtl
7
6
rpb
1
xoh
hp
3
6
ve
bdk
nk
2
jb
bav
6
xm
3
vrhz
63
vu
au
7
sknkk
2
tw
vu
tz
eo
yyb
ds
8
7
7
rymy
1
wj
rxkxar
gr
2
uuti
yyjq
0
tm
tm
uq
pmh
1
aosga
5
tm
me
ht
2
kp
cm
4
ab
4
cf
tj
uas
1
mp
jz
07
pctm
3
il
mp
3
rx
9
9
aa
fmiz
6
1
yst
qht
zt
2
jg
39
aw
6
liwsm
6
7
uhkh
49
cry
7
jkbg
pa
cd
db
0
adgi
9
ccxyr
1
hbu
63
cye
yv
lk
nf
gqrlws
5
efd
2
1
6
is
8
hr
juu
5
hk
omw
wo
wo
fez
1
pb
zlc
1
jpnn
1
uh
0
ou
ygp
rv
japbcezxz
rp
bq
3
dz
7
uf
jmyu
1
3
yavmq
9
rn
ivylj
kz
1
1
ep
he
syct
9
0
gl
07
ph
7
pg
vc
jt
yihc
9
rdut
9
0
2
8
tmfg
1
ulw
5
zn
7
1
gv
8
tng
ad
9
ttm
sjarndr
8
rc
bfsf
9
nm
7
pr
bc
vskh
6
jd
3
fn
thav
9
zm
zks
nlc
ux
ji
mr
tj
5
qe
0
zmuzlj
6
9
mg
7
gbgz
4
jt
6
qe
0
4
4
arzqvj
0
3
klnu
5
fvz
fe
grb
er
7
dz
ed
zai
tzxy
5
vbuz
bs
9
8
vp
9
5
5
pmvy
bbg
tnh
cl
pcxl
5
pwp
4
jkuz
5
tt
4
ywuz
jpv
qk
8
laixjlj
2
3
2
mnwu
0
ew
6
vi
kb
tuj
xt
3
cj
9
rd
pm
wfao
zg
qmn
6
efr
rh
oj
4
gf
ku
sv
rj
0
4
gzuv
kkq
0
si
gabpp
lmu
ccz
4
ko
6
yu
5
1
qf
ky
vh
kf
hjdzrpc
2
gh
dzzdz
kh
ac
4
3
pjcr
wh
2
it
urp
5
nr
to
9
ya
5
zlm
6
5
kbitm
2
azk
fz
9
leo
6
hqw
kq
kqkh
5
wgqi
8
0
do
1
9
rz
thn
ov
nf
7
ix
mf
tx
0
4
xh
5
xr
7
5
7
da
0
rv
1
xk
7
vr
ne
vjr
3
pud
oi
1
7
hv
tx
7
5
xk
dm
zb
gfo
sj
7
mho
5
iv
io
kr
8
ot
4
9
igj
lp
ex
0
1
6
jj
ys
arimo
ki
zmc
wy
himo
yi
6
jymwi
xyn
je
gw
2
khf
5
1
5
9
tle
kc
dg
jw
skgo
fh
bde
0
ee
3
ah
8
hr
qj
eo
ezku
mb
1
unn
1
1
cn
1
sz
sx
hymfml
dd
zrz
9
gv
8
sm
3
78
1
zs
5
bz
la
0
pu
0
zek
3
qn
vo
skn
0
rhl
xrd
ss
gl
9
qszn
zxr
5
bo
aky
sfxi
xlh
ww
yon
1
lsmw
58
xoux
mmj
qq
oc
ehzw
4
dzzk
xqx
2
opqc
ff
6
qq
jb
vh
6
ph
30
mt
8
biy
busu
3
jv
1
qqm
46
jvz
4
75
rt
0
om
8
yc
6
9
gc
6
op
0
ry
qp
ke
7
ea
br
cc
2
wxwk
in
0
1
gfg
7
th
2
tl
6
im
im
1
mjwgv
kj
69
fk
lg
7
rk
he
yp
7
3
vv
3
26
hsf
ph
6
8
zt
0
ki
fhaxz
yg
kum
2
qw
9
vj
7
3
3
pg
6
45
3
fym
ow
2
vp
4
7
yag
hbb
cj
ey
eq
ie
nlebc
yf
8
hj
tziy
as
tnmi
6
fzjlivbvne
ynwlz
7
mo
oe
0
ely
7
ll
0
vx
5
6
gb
uu
6
dep
24
3
cu
2
kewaw
4
pxkvw
yc
mzq
clp
qqjt
rdyr
dwc
5
pg
4
ou
0
ylrhl
ve
vx
58
qbt
it
0
zj
4
kch
6
2
uekb
2
pk
nak
54
rty
yz
5
0
jp
lz
4
8
2
xz
wg
7
kt
ppyp
zg
wm
eyr
nf
kg
1
lvq
sw
vn
bnth
9
mm
2
kzj
rv
pywl
uv
3
ziy
9
mj
ni
nxc
lj
xk
ve
re
9
zu
ba
bgbi
az
3
lg
ftf
vd
2
pqkh
99
1
4
hj
1
0
cl
gii
7
zp
6
4
py
yyqe
2
7
kg
zqy
gn
zpagi
ntuw
waa
wg
5
7
9
9
kb
8
zw
bk
fb
gyyxmk
ao
3
epe
wi
pw
yae
6
nae
nw
rjy
cv
9
xn
56
99
gje
1
2
vhs
ghgrq
ql
ob
7
lje
mk
wt
vm
3
ww
6
xlv
niz
ao
qjl
aj
wd
3
elk
9
jjb
xr
nw
6
yfgx
ttu
eq
uj
xv
6
rq
rj
pl
zo
rcw
xe
mg
dvnevg
ue
87
aca
ys
6
nfd
7
airc
4
7
xnz
ca
9
syu
xjxw
9
ymor
6
2
fe
sd
1
nt
zih
ir
fwr
jk
llu
85
0
mvrkcvg
ktve
1
ylhk
lmikm
8
yyut
7
0
7
ynt
4
uk
xs
qvd
7
nb
uu
5
zh
sb
6
fh
ilvs
5
7
sm
bt
ix
0
oy
rk
fr
brd
0
99
gn
cl
qgvbl
jtr
in
li
hjja
kffj
yiyg
qfljh
ezwu
5
4
on
nno
cq
sf
3
tq
sw
outsn
pg
65
6
tgsbtu
on
zsjjakp
udgzg
62
0
9
cq
3
2
1
6
6
dky
7
by
8
af
ghv
ah
dhw
bbo
uy
oh
bih
cb
7
qgc
jvd
2
5
5
zkil
iei
qekje
gtvdq
sp
2
zbq
utryo
78
09
nt
2
9
jsd
4
ar
obo
xnir
8
hi
1
ln
6
3
jjh
3
sl
85
pf
pwwq
gx
9
viz
6
qx
by
kg
4
ylyb
jc
9
9
qzi
6
7
sl
1
6
vgh
yxa
7
hy
js
9
gse
goek
5
islfhr
1
vb
gsd
nbu
2
qy
ifka
8
bz
ajq
0
0
qpe
exwyyiq
0
zh
2
5
gbyi
gr
jrk
db
gwcf
9
oc
5
4
8
8
fb
8
3
0
ml
6
zd
si
44
4
qf
bs
22
27
ruqf
fwy
6
0
ot
2
ch
kd
us
3
ls
98
ycf
en
ylfzs
7
bxd
4
iw
rnd
fo
2
va
6
sz
3
qm
3
du
2
ld
zc
7
fv
tqlw
6
4
jz
nh
pk
6
qj
7
nf
3
9
ak
8
zvb
yu
yvh
3
mf
8
fj
9
0
wmlc
rl
5
ua
2
5
nt
fz
5
ggd
6
2
bfd
5
mm
zgfg
fcbs
0
7
cq
69
6
3
8
5
qap
5
fl
sb
9
jjb
ho
3
pa
fqn
0
dra
5
om
lq
7
us
8
ss
zxnfq
foo
epsnffa
3
anphtp
0
xp
ibl
8
srzhr
yavn
0
4
ys
pt
0
16
9
qd
yx
cgej
3
hf
78
1
atf
bx
nz
gem
wtja
83
pdrqb
8
iyt
lu
3
ns
non
1
ls
qpoebw
pm
afoq
ytzad
9
ulrrj
3
pu
cfm
hy
lfcsph
5
7
gz
8
3
zj
cn
4
kb
tw
ljskwoht
0
hypugocvx
vh
wae
jej
dk
tcck
55
wqeuf
5
tcqy
1
0
qe
ja
1
ogwn
9
ww
8
gfg
sw
xv
cw
9
aw
1
tnkw
aemmz
kormx
0
2
0
co
4
5
ak
7
fbn
em
ck
3
xc
is
hco
1
oj
bstgyg
3
wrk
49
cs
gcb
mon
2
uj
7
1
8
kt
8
zcgb
7
vohjp
6
uzzt
vu
8
hgi
8
bd
kmaa
mqa
2
0
bh
5
pz
6
0
3
0
syfmke
7
am
0
se
2
ekl
gh
0
xtp
pp
mm
mphkkm
sxpv
4
acak
ooy
dxi
rifq
kv
ic
ghe
4
gz
tw
nx
mi
8
bj
in
4
7
uj
bz
5
pb
qm
bm
vlot
2
yu
8
3
fm
wx
6
be
kml
sbe
5
pw
gt
zzj
alo
3
hr
9
du
6
3
td
rx
4
8
1
kz
6
au
cgfzhwni
ux
ec
ip
zni
ug
0
st
2
8
gos
5
2
awz
st
5
nh
szfhsk
7
rr
pj
4
3
le
dp
xb
6
bh
pe
su
nqah
0
ks
ys
svpsr
6
xc
8
7
9
bw
ikp
72
ms
1
1
le
of
ew
6
qs
4
kx
sv
3
ww
vx
2
8
al
nwht
4
nu
pw
nrvrtplwt
el
ab
eb
8
qqxqc
8
qp
bn
ptv
8
exfhs
epa
wugo
vbbkw
tcg
wxwm
7
wxubbbek
xvis
xta
6
ww
pmq
npv
nq
lq
prtp
wqly
1
1
1
1
qhcz
icz
icz
icz
icz
icz
icz
icz
icz
iczv
iczv
erc
bj
bx
qsy
4
is
4
nuqs
5
dmu
5
gupt
5
ct
5
ej
pj
5
14
xy
rgsgqgfgp
tgj
joev
9
meq
kzsx
7
rp
xl
zzcrp
nm
rbzcw
flsr
zzzzg
ngky
9
5
ov
1
vr
yyj
vf
tj
uoqu
oeofsy
65
fpy
4
gnpdj
5
oz
xj
otf
hj
5
fxyp
6
ye
xygcep
17
2
clw
2
3
ecp
lu
lu
2
pt
smt
gjif
3
ct
2
8
3
ml
hl
ys
3
8
oow
8
8
9
qlmpk
6
57
sg
1
ge
7
gx
9
mto
7
wimmhcqxxebw
1
xv
jm
oz
5
nm
4
jrk
js
9
83
vgi
wjt
nnp
1
qpw
8
wp
0
3
pp
8
ywy
ep
jw
tz
pg
2
vaxcdq
56
wley
becde
bw
3
ckf
0
pxo
8
8
mmb
6
apn
ziiq
8
sg
uon
bp
xn
0
si
6
0
0
pa
00
0
0
op
8
0
7
8
3
4
2
7
3
7
jp
9
yoa
90
sa
sa
sa
sa
7
3
ow
endstream
endobj
obj
filter
flatedecode
length
stream
qwe
zw
2
mqa
0
xe
iyr
bo
9
xv
7
7
5
sr
ocuqowzqjzn
sn
topneu
5
qnj
7
7
5
isse
mxmch
2
ad
vis
7
vbxgtti
rq
but
2
9
le
mk
2
na
4
khzq
2
yy
bg
7
1
0
0
da
mp
92
oo
ai
nd
cbhx
vk
cod
1
jch
ew
ul
qchb
xl
zu
cxb
xh
lf
xl
pmb
dh
lzw
fkr
voe
pjgm
go
xsygo
0
8
8
ir
8
taxby
1
5
jh
sh
kf
pc
hi
6
7
fb
5
am
jt
0
ql
1
7
ib
jl
esi
1
kv
xcyyblhn
2
8
5
2
ko
ghlkubh
84
jk
ec
pmf
si
7
pp
7
conf
ia
nr
6
4
hx
da
ulqyio
xyu
36
ec
7
hl
amax
nq
9
9
kh
rp
rbsy
0
natdhf
szx
1
jep
2
kagr
dn
vferv
4
0
zflelp
1
zuh
two
btu
dh
nxb
9
re
4
jfea
2
van
5
9
1
ecw
lpdms
hnz
gx
2
jvi
7
qri
3
xl
5
kq
3
8
ycyc
5
3
lv
sg
lg
mw
bx
1
db
ix
3
sb
2
mpy
2
ei
3
tf
1
ah
ww
ad
5
zy
9
dr
4
gh
sbd
8
tz
6
xn
vqer
0
9
vref
pvk
2
8
vza
xxfaq
5
8
dgns
ig
fjnp
jpmkh
gq
2
84
ri
7
gk
6
iy
vn
bd
ced
9
9
ed
uj
1
ijnr
8
3
2
na
fs
wn
nme
7
anpr
7
tgz
8
nad
9
px
4
wh
1
7
wxn
ep
zm
get
1
ecu
cuq
in
tyx
3
37
pw
7
hp
xq
0
qb
2
2
yb
4
4
ig
42
9
ng
5
jh
4
th
zyr
nv
he
mm
ws
8
0
vtb
fxvfx
qad
acp
alf
2
lv
4
ct
uh
cv
zy
9
ftz
xy
sc
xhguriudo
cdcir
qy
jev
je
5
vl
ikx
7
pc
2
7
4
0
sk
2
hj
8
4
4
jay
1
tzj
qm
9
dc
7
yp
aq
2
qye
ps
2
6
1
0
le
1
jry
zwz
tx
ez
1
jx
0
2
kw
lfbd
8
ogw
za
urw
ywef
mbb
gy
euxwdkex
pu
guy
6
rkj
1
bhw
dq
gdas
zw
0
4
pt
2
6
vmjvs
3
ykapp
mhp
vbgw
xl
5
hw
jd
5
xy
2
sop
6
sb
7
gwd
fp
1
5
xe
nq
1
3
4
pxw
eyo
0
5
hpgn
xfmo
wm
0
2
gv
0
rb
9
rz
85
vq
egvob
8
ajs
de
7
frq
8
bysl
8
vj
tf
wo
olx
mk
rwi
8
daiz
dnlzy
ya
0
rt
9
okej
ko
9
zppv
iy
vg
0
ww
ko
fhh
ypl
ocx
iy
ve
5
endstream
endobj
obj
contents
mediabox
parent
resources
font
0
0
shading
pattern
xobject
colorspace
extgstate
type
page
endobj
obj
ascent
cidset
capheight
descent
flags
32
fontbbox
fontfile
0
fontname
fpewet
calibri
bold
italicangle
0
stemv
type
fontdescriptor
endobj
obj
filter
flatedecode
length
stream
0
yy
it
1
qux
xx
nh
2
bx
5
ze
hlj
7
7
7
wu
asc
tg
47
pw
endstream
endobj
obj
basefont
fpewet
calibri
bold
cidsysteminfo
registry
adobe
ordering
identity
supplement
0
cidtogidmap
identity
fontdescriptor
subtype
cidfonttype
2
type
font
endobj
obj
filter
flatedecode
length
11
stream
endstream
endobj
obj
ascent
cidset
capheight
descent
flags
32
fontbbox
fontfile
0
fontname
fpbiya
calibri
italicangle
0
stemv
80
type
fontdescriptor
endobj
obj
filter
flatedecode
length
stream
0
yh
2
vk
mv
uz
sy
zu
oisc
uz
jvjb
0
um
0
zh
tx
5
qei
7
xo
re
3
8
ft
1
vj
endstream
endobj
obj
basefont
fpbiya
calibri
cidsysteminfo
registry
adobe
ordering
identity
supplement
0
cidtogidmap
identity
fontdescriptor
subtype
cidfonttype
2
type
font
endobj
obj
filter
flatedecode
length
13
stream
endstream
endobj
obj
pages
type
catalog
endobj
obj
author
creationdate
00
creator
keywords
moddate
00
producer
foxit
phantompdf
printer
version
subject
title
endobj
xref
trailer
root
info
size
23
id
4
cc
dd
5
ecf
09
4
cc
dd
5
ecf
09
startxref
eof
