pdf
obj
linearized
1
16
2
endobj
obj
decodeparms
columns
4
predictor
12
filter
flatedecode
id
dafc
aed
eaf
62
ffbb
cc
ca
3
cc
0
fb
5
index
info
length
97
prev
root
size
50
type
xref
1
stream
hbbd
6
vx
9
hv
5
bi
sab
0
endstream
endobj
startxref
0
eof
obj
filter
flatedecode
length
72
stream
hb
rf
skk
00
lb
endstream
endobj
obj
metadata
pagelabels
pages
type
catalog
endobj
obj
contents
cropbox
mediabox
parent
resources
rotate
0
type
page
endobj
obj
filter
flatedecode
first
95
length
13
type
objstm
stream
hmo
8
lun
biu
uz
3
79
kt
weug
xk
egz
86
2
cd
6
mmes
zs
kf
3
6
qsx
zth
0
bb
4
7
0
my
fm
cw
nzv
gy
1
bv
5
tnll
pzql
4
iyo
0
ktr
ri
dojv
1
gu
2
ku
sqy
jz
2
uo
4
7
aqfh
yra
5
eh
uwq
7
dic
prq
9
zw
ai
qi
7
qr
1
pe
em
0
1
0
ax
8
dkdo
6
1
5
ge
vr
endstream
endobj
obj
filter
flatedecode
length
stream
htpn
updhuk
9
pr
gkyq
0
kx
pr
2
31
6
ho
ibgx
jdp
cu
9
bevyg
endstream
endobj
obj
filter
flatedecode
length
stream
htpn
ru
5
iw
pr
tg
6
ow
3
yk
9
sfgf
yqs
3
hu
gwu
vvg
2
3
xf
jm
endstream
endobj
obj
filter
flatedecode
length
stream
hiof
xs
6
cjdj
yrqjihe
8
5
hic
fs
1
hv
2
jg
1
9
dh
1
psm
af
xyy
0
cs
0
5
mv
ab
5
qn
6
kj
6
vx
or
nabj
1
9
gh
1
ry
pf
rug
4
gpph
ux
yui
bhb
qbi
xcf
2
xw
3
ea
en
twd
8
cdowgl
pso
7
abhcmklevn
0
mus
89
co
vkt
8
hw
melu
ue
pz
0
br
fh
vq
6
cb
endstream
endobj
obj
filter
flatedecode
length
stream
hwms
0
nn
zc
3
mhrb
yr
6
rx
hjb
ok
6
fpx
mmh
2
wur
oqf
6
bw
1
xgmhc
03
js
3
iguipkirtj
wub
uw
7
lh
ka
6
jayik
koe
1
6
ikqby
4
gf
aut
95
8
kv
xts
ti
nm
ufjm
7
cyd
jwm
23
lr
57
9
fu
5
iqft
6
ao
0
30
iq
xe
jtq
sxwegf
qq
endstream
endobj
obj
filter
flatedecode
length
stream
hwnf
xb
8
cz
0
wi
4
2
gd
0
iuuy
spm
9
uy
2
oh
7
xr
1
ylxx
0
7
sas
2
guy
uw
6
4
hty
fi
zn
6
wl
2
9
squk
0
xl
0
elgi
fc
0
pw
eyys
sc
dkqn
8
etql
ha
8
6
myqg
wzp
7
wmi
6
7
fifi
9
ruyw
8
8
cu
3
pq
ixf
hza
80
1
4
ym
gz
qwbw
4
0
endstream
endobj
obj
filter
flatedecode
length
stream
hw
8
3
9
mog
6
vto
5
fac
9
bwqo
8
8
9
gb
8
5
hz
eam
8
3
sno
kr
0
nq
3
qvuq
2
8
zt
4
uy
pygkobb
0
ui
97
bd
2
xd
ifd
ch
4
jw
mtfj
5
qu
6
1
zl
9
cyo
8
0
6
7
ar
dj
0
vs
xr
nlupto
77
9
1
8
6
2
pyqs
1
win
6
qh
5
9
endstream
endobj
obj
filter
flatedecode
length
stream
hwmo
wh
nj
73
or
me
mf
3
qe
pci
1
0
ek
9
dkz
inp
bv
8
4
djcow
pu
8
ympvy
zhum
mw
4
hfp
6
fpp
qtmu
4
bh
ll
8
8
qmsiq
8
8
sr
5
kg
hv
5
tal
tsw
6
6
ho
wp
mv
fo
8
3
8
qa
3
dd
aev
ja
lo
zq
kq
lhb
uom
of
2
cx
5
ud
23
ay
4
endstream
endobj
obj
filter
flatedecode
length
stream
hwn
0
tk
ia
vy
4
lokub
gt
3
8
1
rxj
6
qj
kw
8
pm
gyg
zr
6
bh
kw
bo
zv
61
cp
1
um
8
cuifjn
6
io
9
lwi
5
dun
4
9
xe
1
5
wp
mh
8
6
2
5
ex
gp
vv
6
1
au
rwmr
kr
5
endstream
endobj
obj
filter
flatedecode
length
stream
hwn
6
wq
gx
ih
dy
8
rbcju
ssw
me
zf
4
kt
lkr
0
7
nfu
9
2
yka
92
6
za
emh
9
1
2
da
wv
jtl
cs
nqu
kvyy
7
uz
hn
1
xd
3
zxj
yf
pxjdb
6
om
3
hv
vno
9
2
imf
ql
8
se
rp
4
64
ja
ka
nfc
ugp
agg
5
sub
vxou
pm
mw
nvt
86
epxdn
0
km
9
0
22
3
ws
kgw
cx
ngjzs
es
qy
1
tyn
3
fpd
5
gb
jw
nf
kjsoc
cw
lyu
7
sbj
mwd
5
mq
nwq
6
endstream
endobj
obj
filter
flatedecode
length
stream
hwn
6
cw
gv
zrfcrzuyv
9
ia
2
pct
pk
mea
jm
ccn
ow
ll
vp
vdgo
oyh
rm
6
xt
et
fut
8
ux
0
ku
tjq
isj
4
ce
4
fu
9
vbu
4
zak
ibq
oz
lgvuoe
ushf
op
er
ihwhgd
88
2
5
fw
bq
6
ku
jge
5
8
ed
8
8
srpvi
yczt
olb
ie
ac
9
efi
nv
fi
vig
6
eo
if
8
dn
ujq
aaevte
4
cdv
vlfm
4
tq
pbm
65
qa
0
luq
endstream
endobj
obj
alternate
devicergb
filter
flatedecode
length
3
stream
hwtt
wz
0
0
ml
hb
pb
0
dfj
yygs
8
wg
0
ya
7
heoot
ln
3
jprb
qd
sl
1
bg
nox
3
ql
2
8
rp
8
cfq
knjm
28
6
qm
7
3
kyhy
rm
ve
tqx
8
9
yp
8
lg
kk
0
2
jp
8
2
uh
2
ecq
2
5
qc
6
9
aw
ot
jcm
qgq
mf
6
xa
1
1
3
bxy
eb
19
gp
5
3
bdxhxe
xa
nb
htttl
1
2
sjt
ayitttui
1
bpx
8
czq
eo
eyugdgh
meknh
qzyci
srrr
bv
rn
2
rv
vsuvqpnu
qyzrrvejju
kw
5
zzzzz
vl
cfsuw
3
wy
owkn
vnnc
nnm
qm
xb
oiacaa
qn
lelwvjo
22
mn
hir
2
zp
yt
xnyize
3
15
ziw
66
6
6
yy
niwk
7
bo
tsxvlppsjp
cyona
wx
9
an
0
54
ld
9
fgmk
nc
1
gcbcfx
lgv
lnw
odx
ofigwdo
wsz
jl
8
3
lkwr
llgmnacoke
ee
2
htin
oos
twrjvq
zi
8
ht
7
7
dwzuq
nuwv
oj
pq
bs
vwn
zu
xo
fm
zm
tw
8
rx
cq
ao
fn
ly
53
rw
7
so
endstream
endobj
obj
filter
flatedecode
length
20
stream
hj
endstream
endobj
obj
filter
flatedecode
length
length
stream
ts
7
ih
74
0
pa
af
33
ji
fn
7
8
5
9
4
3
1
cm
1
nhi
va
6
az
5
iwridy
io
av
3
mw
izz
im
6
daf
bex
8
84
nyt
yt
zh
zd
bzb
azn
ra
zpgog
2
io
zfx
1
7
1
tj
9
lrd
9
lgp
zy
zzu
bvzb
zf
kkc
qd
9
ct
8
tj
ibp
cgt
fi
6
rb
zu
jhwh
51
hx
5
5
txly
7
tki
ni
wk
4
4
kvcrzh
9
5
lb
5
3
wv
8
lz
umqvgx
9
dxr
6
itt
ltt
ol
au
6
33
qy
1
kbpb
5
ese
3
ph
nw
rfja
9
0
aw
5
jf
8
7
wm
wlh
oa
qq
ojp
wq
1
0
hlv
xx
qlq
1
uc
lh
lef
vdp
wd
py
gb
oxy
9
jp
8
es
manipp
6
fw
vw
8
5
4
tg
hr
nn
4
wg
10
rt
8
tot
3
vr
woq
4
ze
szy
9
7
bpq
sm
5
ed
6
mf
zbjr
bvy
1
if
4
atlm
az
4
jp
vz
eye
of
kn
0
8
16
1
jfph
24
00
6
2
itbwf
4
lc
3
kfp
1
sb
fo
wihe
iq
8
op
7
zn
1
eev
4
0
jh
dxd
qr
atobalkr
9
zu
6
5
0
niu
8
04
ros
0
jyghk
1
fs
wq
yh
9
jb
9
cd
mn
4
ha
0
lz
2
hcu
th
on
8
gwb
0
jl
ac
7
jl
xh
8
1
wq
3
1
1
3
pg
0
en
fso
4
0
fae
ts
pl
ezgi
6
mi
79
7
na
ptx
7
leep
vu
5
nk
cgcq
ns
bj
my
5
6
rm
ghm
96
15
gq
ufo
zwb
3
sk
vv
bc
1
9
qh
sn
9
jp
ks
fz
4
mv
5
ckru
7
tkq
kja
4
xv
1
ce
9
wug
ipj
yv
5
9
01
qr
uu
4
5
7
7
guz
3
rt
5
mrnma
uc
cd
vf
7
8
eie
4
vzb
5
pp
mm
qq
sa
0
5
kj
1
rhz
8
nr
vq
xx
1
pa
tm
6
2
my
4
5
ly
6
0
ky
4
amuo
9
5
9
ppljs
0
tw
8
fwc
vk
5
1
zz
8
ew
sp
6
bt
jm
9
33
jw
ko
vsx
my
8
pn
5
xyo
6
9
lf
4
2
gr
gm
egn
cz
3
eg
2
5
np
7
ioawa
xf
fgp
2
kt
0
3
ru
of
dj
fpew
9
uw
9
uwg
ep
9
yd
hczs
3
83
sl
oz
hax
ox
lk
lz
gq
ekg
3
kj
rh
vj
6
vq
2
7
yo
ta
8
ex
1
xmwppb
ycew
ei
ynw
ho
6
2
fz
8
ynfn
7
vn
6
cu
9
cl
bo
pwox
sf
3
1
yg
8
xwzwx
9
1
5
3
qd
dwbx
km
hko
5
1
og
9
6
ka
2
sg
6
6
3
hcy
eq
smk
4
3
9
yu
pd
8
ad
8
uf
qmpaih
5
lo
sc
rkv
9
tqgo
5
jz
njanmdt
3
9
4
auwi
us
fj
nm
ts
ny
5
1
8
ek
av
3
3
zz
3
lx
cp
hr
8
oq
2
rm
emqzn
het
yalki
rg
ece
5
wf
ij
9
hw
5
4
8
sfig
vrk
jwbnlyf
7
6
kkqik
0
yt
zb
tk
0
mj
0
mxs
8
3
5
0
axgmov
0
4
dq
3
5
yg
pxm
wpg
ak
6
1
7
nfx
5
cek
kq
15
21
ri
0
lvfm
bo
zkz
uc
pk
wi
8
jljg
3
gbm
mlom
alv
ms
4
6
esw
0
vmkkz
ivf
9
sv
19
wc
5
bvt
3
7
dxzev
1
8
cnp
oh
2
yd
cs
5
2
biz
2
kp
wjcwui
jr
glmz
8
5
mtc
3
cj
ydjk
jq
9
1
tuozeu
sn
08
zl
wh
0
33
8
6
us
6
zm
2
mo
8
ay
zs
8
rtzz
0
cca
3
29
7
zy
1
9
zs
4
0
0
xqb
ibss
ei
0
1
lyp
4
khpgyb
3
ynaw
xn
gy
svge
7
cm
uwx
6
lb
2
kiy
se
eye
kx
8
ju
dyy
0
sxnce
6
xnfr
xrrcyv
sx
lb
2
8
cxfb
gce
xzb
7
kxtan
hg
yeijvr
nkr
xbijd
3
nxtpo
ogy
nok
3
eye
3
gyy
yxj
xa
4
zue
0
jkj
pc
5
tjg
mo
df
8
42
wr
ap
zvhiwr
6
mmdb
3
eg
lg
7
sm
5
gw
vp
7
6
cxc
bhmz
zr
bzk
ild
tp
ari
kalu
3
slo
jol
ti
3
cey
3
zuz
vmg
8
sh
6
5
lj
5
hihkikhih
tbrci
lhn
ns
ap
uvp
ffqm
wwsg
xo
ttye
tj
6
rle
jg
hode
gg
rd
8
dxiujym
7
qy
6
rzurk
szu
vxp
3
7
wg
3
3
bi
8
wl
33
nw
ug
jpw
8
9
89
jy
co
uym
8
vi
ov
om
7
oq
yl
qt
ze
iqak
4
oe
03
9
7
1
38
yuf
se
nqj
kjj
0
zqj
1
gjfg
gj
yqp
9
8
sasf
ypsf
1
9
4
bu
0
ka
9
wk
zv
3
jd
6
dan
kp
lb
vw
1
sq
sx
7
rv
5
vvh
fdvyy
02
kf
3
fz
8
yw
67
1
udhpdlo
bq
ke
twu
5
wi
evbm
mqj
6
qv
6
8
qvx
lk
yg
ts
0
endstream
endobj
obj
filter
flatedecode
length
length
stream
ts
7
ai
xm
6
ktw
jb
2
ov
8
cg
yprxo
nn
lfe
ys
dvojlq
iesj
44
4
4
0
1
jk
czmn
cs
vrw
zi
eq
km
5
ds
mp
jzn
ig
hmv
jpi
9
ry
0
dpe
mtj
zlknzjet
zm
gg
gi
taoh
3
3
mg
5
uo
1
6
aoz
1
8
4
nevyi
7
cw
ge
lw
9
vm
zf
jfjob
88
gr
4
ccn
77
hj
cjt
3
4
cz
izmv
ko
gw
ji
md
ek
eoka
ep
adz
vknzg
mw
waytlsux
1
byc
wr
23
wsmzhkmkv
zu
lb
3
vq
jpev
bkpl
ziy
iq
7
eyocl
6
ic
ud
6
twce
3
ro
cjbxp
6
gpph
8
7
bbo
ic
eei
1
eh
xx
7
3
ieq
jg
oi
ki
1
9
roj
dp
4
zn
9
tvl
83
sz
7
nx
ony
gaq
8
qea
icr
qsv
haw
0
4
2
9
wg
hvj
ql
4
ipf
rix
ac
cw
4
ch
4
2
rk
5
iz
ma
1
biq
4
00
6
wq
1
3
gq
vit
5
up
5
rxjd
pq
ds
zo
6
7
bz
uzyt
2
8
bn
gd
87
pk
sx
7
ik
4
1
gq
7
nhm
nvq
ct
qw
aw
se
5
06
4
0
ac
3
jg
aprs
4
syn
7
lc
9
ix
6
bqw
2
ovip
1
0
tke
9
kx
mryc
0
ly
1
on
9
zh
2
4
umeont
3
6
0
ro
0
8
ai
ik
6
cg
1
shbthq
30
pm
1
gy
6
tf
5
eg
3
ufo
95
xam
yty
0
tzf
5
9
xixc
aajo
bc
3
fp
6
iy
shqk
6
07
jjv
1
lq
hw
sv
0
0
7
wr
open
ok
ldrjj
2
yr
pxl
ztkp
dc
91
vb
3
3
0
ny
5
oso
am
nwma
mk
7
cy
8
ya
ai
gy
pzxlo
sjm
bb
9
zh
vq
0
yk
dx
su
6
3
kj
15
fuw
pb
cv
2
zfk
fs
9
au
4
gi
7
vq
8
bi
8
pz
tb
0
dfcd
18
buuayr
7
gl
ne
1
am
cf
6
xw
cqylw
5
nw
ovi
3
9
5
1
tag
xw
1
wi
ca
7
cu
9
ay
6
3
57
3
4
5
sg
9
dsd
uwg
qbkfw
mq
onj
voyy
nuzgi
yf
xa
qw
6
fuga
3
jp
1
lm
cbm
4
mfka
wgz
gq
hng
2
vz
lqug
yb
3
yh
vd
lor
9
uv
ut
cm
olx
kf
1
gg
vde
ft
xeq
cu
qx
zds
km
qg
jxu
qbu
94
wc
sh
8
xw
53
vs
1
xs
7
3
xy
lntn
cjm
5
7
je
wa
0
8
0
6
wj
3
px
nw
2
hbi
cz
rw
ws
xwgq
jvn
pn
3
cn
9
smv
9
9
rw
8
gpn
zpc
1
8
0
wi
gb
lul
4
dp
7
ct
qz
gyjo
lqu
mdni
3
kx
4
3
4
3
3
gm
hudei
9
tg
fx
clj
4
kdhu
0
1
hbm
ixe
8
vx
3
cg
xpby
7
aw
5
4
me
ypg
3
gw
3
1
ez
4
3
fz
pos
no
9
vlbzy
cb
0
sa
ss
9
yw
mus
jx
7
pz
6
au
ph
cgc
wx
smm
roc
kr
vsm
6
9
9
94
jaflf
ji
8
yy
6
bl
4
77
xc
jt
8
tj
9
snv
9
uoyg
vvofw
dq
rcf
on
5
0
vx
vco
1
1
9
5
59
xnn
ttnwq
oy
zf
nx
ou
5
4
ns
gw
edg
0
kw
meo
cdz
shste
ui
4
8
0
2
si
eqy
hv
2
gx
0
2
7
rpj
3
ey
8
we
wgmu
qp
qe
4
be
8
ie
kci
qm
9
9
rpk
4
ev
owevb
ygmoj
7
5
wel
iy
zdu
4
vd
evk
rd
rhm
7
2
vd
5
2
sddjdh
2
dt
rdxq
ceed
2
zd
ue
tdpa
ceed
rh
edddd
ezth
mh
ch
vvhkv
rhhje
4
me
4
phh
yywhhmz
5
eejj
1
4
9
dn
7
qe
7
hd
1
1
if
jf
doi
rm
rr
fwd
yie
7
ij
yznh
8
mj
vg
3
pb
ki
0
0
suw
5
3
6
xtl
9
2
2
lkdd
wvw
tn
ml
1
7
bfd
9
zn
9
0
7
na
5
9
al
1
6
jm
2
pe
bl
8
crba
ay
ku
hz
6
5
1
0
6
ax
7
qc
oo
5
xe
0
xl
pf
qi
3
3
ah
wd
aqmm
7
mg
0
vkw
um
ek
25
5
ll
hfkzw
js
ej
sni
pst
zc
5
wgwm
2
xzum
7
ad
had
oodizr
oo
1
la
6
5
6
0
dp
vd
mh
5
9
3
hi
fyy
0
asm
7
dm
ri
sl
3
hura
lm
9
4
3
4
tzjok
0
8
hsb
2
ywata
bw
wse
0
3
nll
6
7
ajdqk
menj
sf
hkkiyxks
sbaar
7
cqw
us
3
qvs
xd
sl
2
zys
znb
8
xs
fd
za
8
hqn
fx
fmrvps
xf
nv
1
ks
0
dq
4
ch
4
jz
2
yl
lae
qe
lh
0
gghr
9
6
ujad
ks
mql
4
ae
qnz
1
lq
fb
0
0
iprm
ue
5
vsc
6
4
my
klug
rf
yo
qt
34
3
feb
9
5
7
mo
ii
9
jk
dqr
sva
4
qv
ds
ko
4
re
86
two
os
upugpj
tex
ne
ec
up
8
3
meyf
5
1
vw
0
uqd
gbj
8
xyy
0
ne
li
hq
df
9
3
az
41
0
kft
nbq
lt
fhat
8
gfv
zd
xkx
5
rnjrz
bn
9
zhjb
sqre
3
way
qcde
dx
qq
uun
xet
sfg
yf
2
pb
3
kf
8
oar
2
ef
5
ws
31
rz
bt
fxpej
qud
gm
vn
oc
3
lg
kfqd
0
1
tpy
vkyvfq
2
dj
0
2
pjg
xl
9
vhwmy
xdj
oe
of
7
vvu
1
pgb
ba
so
rt
7
6
iox
3
yj
ue
5
xi
2
3
ha
tuf
6
nyvb
oca
2
iig
id
5
jn
1
9
vqh
wmbg
20
dl
2
quw
uxfu
dx
7
tda
6
em
xcvk
3
3
bmq
ne
5
cwosweiq
0
pzhf
rwe
3
tt
gc
3
2
quu
8
op
cf
cl
oad
3
5
5
cd
2
dx
hk
ogqz
ci
2
ixk
3
kt
si
5
co
5
yu
3
be
7
8
eb
rw
et
8
yl
iwz
kuyqhr
vuw
ie
23
kk
ksis
rth
78
9
gw
3
ru
fu
6
sqg
1
qa
1
pek
lkzoif
5
gfp
3
aog
4
5
7
vaj
qw
cv
4
iq
3
sujlu
kb
6
uv
iue
odbghu
yrx
kw
0
6
0
5
cvt
po
7
qx
29
ay
gbt
omk
5
ahd
dkk
it
6
lp
36
0
1
bstj
swo
0
bs
sx
jp
jv
0
ej
1
ozm
5
4
nqj
kwux
6
0
aq
4
smhc
wo
jf
ku
qhg
wz
1
hr
36
2
uu
1
egss
gnq
7
rnj
bl
rk
fu
0
xs
egm
5
gl
3
5
ui
3
qqjyqsc
vl
tx
ozurl
4
xb
5
jh
dx
akoz
66
zr
9
fz
9
uosz
8
npy
1
wa
9
8
ggz
1
wgf
rf
yg
mkh
1
fdgx
qqx
4
ol
mv
sxsmnj
ly
hgd
xknt
opot
iw
9
yuhn
hrs
qgn
qiichelk
5
8
pb
8
wl
2
6
2
2
npt
qw
ti
uzdq
rg
axp
zw
ke
ul
0
ikx
3
itrtm
2
aipywjh
aa
2
br
vb
gwhpw
9
ia
8
98
kd
oyur
2
phevk
2
yl
rc
3
bn
nu
dlgg
lz
eko
7
1
wn
revy
5
sbz
hfvg
7
mu
ucxb
ry
1
ak
fxtom
4
9
qg
tayo
5
1
8
5
qi
oi
md
ug
2
qdlv
0
7
gczjri
kf
5
rn
8
rs
sm
4
0
ay
tw
uzy
1
nt
2
jr
6
gyz
fhe
qqn
45
83
bva
5
wfpf
tm
utp
buw
bcyq
mbxti
63
nzsdi
3
np
sj
3
3
gvgp
5
ya
cbr
kcnuhmiyvk
eo
1
1
ef
hkchzj
ip
1
cprl
rl
4
pc
tbpyw
34
yl
1
gbb
hw
5
cl
ln
drs
az
0
qe
oj
cmcr
okk
wtra
4
fg
it
ak
2
ucrd
9
uw
sac
4
tg
7
xehn
okq
vi
4
eyn
8
ojz
55
6
oy
zw
ixed
yczvkln
wbm
fa
tp
gaeol
ak
mum
aavk
hb
1
01
chb
88
uyb
xi
0
pa
5
erkh
4
2
kgo
fikm
2
dq
ux
fotk
8
ov
rsy
coag
vph
jl
pv
pg
1
gg
mr
kq
8
yo
ti
rdqzo
1
tt
py
0
ic
nxx
36
5
er
rlf
7
msy
7
dxw
0
0
aa
uw
0
ke
vb
8
68
no
fh
yu
0
tg
9
fmz
qm
zz
qy
pqd
he
8
3
spn
xwjn
pjxlpzzsi
ks
5
mplphn
sp
nr
7
zk
cz
nzec
4
3
jku
vv
endstream
endobj
obj
filter
flatedecode
length
20
stream
hj
endstream
endobj
obj
filter
flatedecode
length
length
stream
ue
4
add
prh
bu
ag
uv
qa
oyyy
ssgadu
um
qf
skby
fmqa
nct
3
57
41
7
on
dy
ew
1
meak
2
ii
8
ct
4
jh
jm
8
1
hnc
7
0
dd
9
ih
69
ma
zm
kyka
5
vrbwxq
5
wl
biw
ax
siw
4
3
ak
fxrwup
zs
az
4
ww
mm
ixnt
lpd
pn
0
ej
jiq
fvz
qqkn
9
wq
7
pa
cr
kc
zzfrrl
yv
3
nzsss
kk
tzes
4
gac
0
jkr
3
5
dd
jj
xu
9
pojr
7
lyt
4
iupo
2
iy
fr
fn
5
2
4
eest
en
9
gj
vz
3
qu
immgggz
0
sk
2
jf
4
hzlob
9
sk
be
gg
omh
0
fdg
wj
0
fuc
5
do
tp
3
hkj
ye
9
yfxo
pz
10
gi
9
kh
wlf
bgam
3
jse
hl
pg
2
du
sl
2
aj
bt
4
ayp
30
4
xk
tehng
frg
aue
1
3
1
ge
pzhy
my
wg
1
gonv
cr
rc
mb
nrk
hb
7
mw
dg
4
5
oylqv
3
chofsy
5
rjmmwe
qv
sp
6
yh
0
it
vj
0
qql
9
hnrn
onga
pn
2
ec
jeea
4
5
jhl
nmidk
73
ki
0
zy
wp
hmvow
xn
4
6
6
5
jt
2
igxv
jci
7
rri
0
nj
6
gkq
8
3
7
nm
ty
vp
4
1
bw
2
2
qhd
rqy
0
6
9
rv
wrir
xnu
0
tuv
9
ol
kh
5
2
bm
hy
ax
wq
ec
hi
lv
yn
4
5
ck
vnqzc
cx
jad
hw
6
crw
40
1
goze
hh
4
gy
wyl
0
lvi
4
ji
qa
7
96
5
xkh
qv
5
6
vvv
7
nh
bn
lt
6
4
7
xgv
77
kz
co
fy
7
0
3
6
1
ik
8
cl
xj
0
lp
xl
84
jc
rno
0
wta
lscq
ha
uz
06
rgi
4
0
my
9
4
ci
6
9
fmwz
xfjl
cm
4
wp
7
xvc
xq
5
sx
0
sw
4
or
4
va
qg
7
gf
sxh
71
nr
8
5
hvr
7
3
kfz
9
cg
pptv
5
0
9
kw
6
8
9
hwyb
lqq
gi
1
zb
8
pf
7
03
xiu
qpa
4
cmi
lgrcb
chj
gj
9
fdhaf
83
5
vc
8
yn
19
vboi
jj
fo
mb
gg
wygqq
sg
8
1
1
nr
4
mfs
1
nk
lba
yd
4
9
9
yacg
1
cc
7
ztv
ajop
so
31
qw
8
6
sdj
1
6
fv
8
mra
xe
dzgw
0
7
kl
mo
kfx
kz
dx
8
xe
3
gc
ubv
8
kc
1
dc
vv
6
sq
cdxt
4
cfg
1
ipds
ghf
hqs
8
vo
97
uuj
7
nm
0
yo
5
cg
52
fo
9
1
wr
kg
gh
6
fks
1
3
zxg
4
6
kcm
vg
orw
3
ev
7
4
4
og
3
yic
mgj
3
lo
ig
0
sa
jr
ml
5
acf
3
nlr
0
cf
6
7
ny
8
ho
tg
7
ozz
dws
zz
yhrn
zq
duv
sbhk
agch
4
gl
4
gr
1
kho
iw
vr
9
ob
jok
7
dimkk
3
8
5
1
ut
pcq
1
xcbr
gh
er
yy
8
9
jbp
9
amaa
0
5
ctx
1
mt
bc
ce
1
qpz
1
lm
zc
slz
ddi
ls
3
pfbna
kfix
5
5
goa
5
uvk
qv
4
up
0
ba
6
8
1
4
eu
3
kz
3
5
jzv
6
rh
8
wrl
qp
9
qh
us
rp
az
ux
gwjck
fa
onezf
4
nw
39
co
aq
eg
5
0
ab
6
eu
cg
hj
zo
ws
1
gp
exn
xdznu
5
75
9
1
va
3
9
rtn
dav
ouk
0
8
gba
gk
vg
4
7
4
dx
gn
5
tnu
upl
ywh
8
4
tr
bcfp
05
it
fm
2
jlt
3
lfsb
3
rv
8
uin
yd
0
12
bl
3
9
lf
3
3
2
3
lb
2
ld
2
4
2
1
lr
3
ib
2
ul
1
fr
gelz
0
iw
tai
wm
er
ld
09
19
0
0
ysl
1
gt
2
0
0
bl
3
ld
3
ld
2
71
ljc
6
6
6
va
6
7
xb
7
qb
tz
tk
vb
bw
1
ojqif
1
1
qx
1
sjsb
cpb
1
jjpb
1
iaj
tj
jrruxo
spr
qw
dg
2
fj
bhyr
jqqqjxthp
cjxji
iaj
8
6
ke
taw
twj
qtj
rpu
3
ro
yt
ijrbi
ek
5
eqa
1
oq
8
jg
sn
my
3
wqi
oqlx
5
6
daz
xo
qsw
wpnpxedq
zpl
mghlu
dlf
vo
1
eot
qou
3
fpx
fsl
dit
zb
xb
ij
ebdl
1
afp
9
pqdq
1
5
8
ep
2
6
zrbwssth
fgz
udd
6
oerdls
hf
vs
43
fb
vs
1
8
ok
8
3
icx
1
cu
1
9
3
4
04
abq
6
fla
kn
wg
wetm
5
5
nq
wkf
dj
6
npek
it
pgx
gn
yf
fui
3
gt
reb
wnistix
ke
hc
0
9
lq
re
6
fv
4
lyp
0
0
0
4
8
lpa
ka
0
8
2
4
tn
th
am
8
up
ey
5
9
1
wmx
8
8
yx
lga
fx
jx
mp
ud
7
gs
gs
gs
gs
gs
gs
gs
gs
gs
8
8
8
8
8
8
8
vc
1
vv
6
ln
glaqw
3
9
ysg
4
0
yx
9
flvx
kbfxrj
5
pjs
ylh
nkzog
rnx
ywig
0
vwrl
hh
46
lg
8
ug
wj
nbjj
ut
jrt
jjrt
jrt
jrt
jrt
jrt
jrx
bgcsy
vaq
io
6
2
3
ec
2
xp
mx
59
8
0
31
pgmui
gnwvult
jrsj
92
lg
sooy
vftx
6
by
fjzp
3
cn
8
kr
ur
jk
endstream
endobj
obj
filter
flatedecode
length
length
stream
ue
4
1
kleequ
uh
sv
7
ssgadu
ox
doy
py
1
27
nwup
6
9
dq
61
gs
jri
6
ie
prd
poca
2
3
zi
it
vf
vm
euc
zs
4
ui
fy
4
4
ih
ft
jtsh
0
bz
7
brzf
7
1
kex
7
om
zo
nm
iwa
cfhjt
jog
8
dt
juz
6
jmx
hqox
cej
yp
2
xh
2
3
tn
7
ebq
2
tuz
3
eg
0
ej
jir
fvz
pr
me
qqknz
9
ee
9
sytm
fx
lg
6
nun
xtb
hra
9
rf
gb
oj
41
mgn
2
tgy
sf
seem
xg
2
mlf
5
nh
4
lf
0
rin
4
2
hde
3
2
djn
zevx
bdp
8
cd
px
vv
rarx
os
0
rd
9
7
cjt
9
pphdpdskd
csj
na
opi
8
dnrnqoq
zfxy
7
ci
49
ajm
4
2
2
bama
1
scfqin
az
sri
zh
nah
7
zgbrh
24
gd
2
fl
9
cun
7
jpx
li
9
lv
iyv
zw
2
qa
3
5
1
ge
tzhy
nw
nh
1
kp
go
6
2
mb
9
2
9
uhb
3
mw
5
olepvs
wo
hofci
im
yxh
4
8
lj
4
1
4
ro
9
51
onga
9
tjb
4
xo
rhmvww
xv
cf
uv
28
gm
kw
msp
mq
ag
pq
7
8
ri
9
ldmxg
ry
4
1
jg
yu
7
yuqdqgp
lm
xmp
jn
2
0
shr
4
hjr
2
jz
mpgk
puz
igb
5
45
0
kam
zjn
at
1
vufx
fr
blv
3
ux
0
mv
6
yac
xr
ih
0
uz
30
ms
vc
5
vti
ly
qsa
pc
bl
px
yu
5
px
czu
6
xgqxzza
1
wc
nkh
7
clod
lt
fm
01
ka
6
qg
1
gvvm
zxgkn
kakr
2
xp
ui
xj
0
4
fc
rn
0
wtb
la
hhm
fh
uz
06
rh
4
70
uy
9
ac
4
xr
hk
faf
fmwx
jy
gjhx
7
nuj
4
5
81
4
qo
7
bjo
0
8
yl
xos
dt
7
5
zwq
8
6
3
5
nbx
zy
ys
lq
1
ub
8
pf
03
xi
qpp
4
5
0
1
jh
1
9
kmr
wzx
0
ns
scga
ta
52
fn
1
8
1
1
nr
qu
kfb
9
6
yf
kv
myg
3
8
iy
mvz
jg
0
krlbe
usk
kswz
oy
yef
zi
rt
fqz
qe
1
vk
oag
1
oj
zu
sa
id
na
wz
xa
jk
nh
2
id
3
3
nr
3
ma
2
wj
zt
fz
vo
52
sq
3
5
pg
1
4
ihl
6
76
hqru
pa
6
su
fo
yd
al
7
tht
xc
ggp
3
wse
3
3
rgq
jrs
5
9
6
cl
xcvp
pp
iu
kna
hf
ki
1
1
moe
1
ge
ygxu
7
as
38
hc
4
uo
5
3
3
qt
8
hsf
0
rgq
sc
ve
rk
71
7
aty
psom
xr
jwq
8
ooi
3
gx
wjw
yp
ver
2
1
mw
sfra
gp
opa
swp
6
ei
aa
pt
5
jdea
9
3
ya
gdd
8
bc
unn
oz
8
fzd
lq
5
3
jet
9
6
ayn
1
ygs
eks
go
gm
yg
ck
5
9
3
iem
2
9
pv
30
vonh
dj
yd
9
ek
8
8
4
zc
fzihc
1
xq
6
6
2
4
6
ql
9
vs
7
1
qksyh
4
2
fy
mp
9
tjt
cg
hj
1
ts
ez
mnjnz
jb
qcr
5
uyyaj
sz
rej
5
9
3
uf
7
wjc
tv
7
qzz
hxpyfi
4
5
pl
1
quz
qn
wkmtn
psq
1
0
pskzje
0
fr
3
er
3
yd
lc
2
sf
2
3
lg
2
0
9
llf
2
1
dd
zfh
7
7
lj
sld
3
rb
th
jlv
jwb
hs
uqjtb
hqbxepj
1
xa
ju
ef
do
td
ajseu
uqjtvjt
2
khh
fjyojqqvry
vrjs
ntw
vjpq
tj
bj
wx
jvjzduv
lp
06
84
8
cbsk
0
ci
oo
9
ztb
7
mw
kb
3
3
bo
cb
7
cer
fv
jz
ihg
zr
2
99
kh
4
lb
3
bo
7
is
9
ps
ig
hr
uiv
7
oxk
3
fei
4
0
jbldh
gj
as
8
9
uim
uhv
hq
2
1
9
usq
pl
qcg
twug
uq
71
7
zks
77
7
7
jpa
voymoh
54
zlp
zk
rx
nd
ft
8
ww
6
7
3
4
xi
9
rw
1
fsz
sl
1
jz
fm
8
vkd
ho
4
3
4
ngueuz
ftxy
5
sjnmcv
5
cxu
21
5
3
ow
1
77
wl
7
mmt
7
ww
6
ob
9
lfi
0
lt
7
8
3
8
8
wo
7
5
8
8
is
0
6
3
lc
1
1
1
1
1
1
1
1
jjq
krt
59
zey
0
kd
zl
4
7
ti
0
khq
4
32
fljyu
et
bu
jqwiu
fv
93
6
eihx
3
2
pohl
pccj
ov
5
qk
nj
1
1
qibh
4
1
pnvlpy
2
gx
ds
rfez
8
ug
krev
virs
0
qk
6
8
ns
9
np
5
tc
15
ws
1
pz
mpy
3
lqi
ngpq
8
jrjfn
vooj
yh
4
uvq
ie
egak
pn
9
6
4
dck
2
ayg
2
fz
9
4
ppn
5
hq
6
5
9
nn
8
eqq
id
8
dx
qx
lzru
rpg
zocd
hp
as
hw
9
5
wx
6
itz
xbzbja
3
ci
4
rhuz
al
7
qn
jt
hltl
0
rxx
4
anpyl
9
gv
1
iiz
mv
eo
btl
pq
1
uqd
zkxl
8
1
yv
tif
wl
32
8
br
vms
cn
44
xil
5
wc
4
zex
5
jj
cv
oa
09
ormp
bm
9
jt
uh
rg
9
lefx
wzph
jq
1
bn
nn
ilerbtz
ddb
8
httttttx
ow
zltb
8
8
rb
8
5
vr
2
3
hn
hyj
7
vsxfqfa
bwh
2
ds
gzt
54
yt
lx
2
ce
nol
3
1
4
aqc
xtr
je
pe
9
wgi
rk
hb
3
3
0
zo
fes
7
ddad
2
ddad
6
hg
ny
4
1
74
88
us
mq
sw
6
ssdb
tc
ra
8
xq
5
vt
5
klji
myi
5
pu
2
klrhr
fg
ft
kjdu
7
qk
hk
8
8
qcd
3
czth
yw
cxk
gppmba
spiai
5
2
3
lb
32
mtn
es
emu
nwd
uqdb
xgzgp
xk
6
hc
8
lrlh
0
0
ld
8
sx
zjb
yz
xv
iu
egh
4
td
5
zr
oels
nv
2
hq
chtr
9
uf
1
kk
evln
akg
5
rfd
2
ah
ej
tvhb
odj
1
4
lyz
iv
bdj
sbqjd
qt
eii
35
yk
0
fx
06
fz
eexjs
my
vyke
nb
euzh
pughbs
tyszt
ynt
9
gwq
3
rm
0
5
jf
ub
gdwz
9
3
riyi
rv
6
qvj
sl
kfp
ty
qf
2
rgusox
kjv
eq
mho
pipfu
lns
kq
jsjvewfql
eqth
zlxtv
sg
go
8
vyeqx
gx
ar
ism
ugwods
6
jbt
3
ao
2
ypyp
lc
4
xb
8
blb
pp
3
dz
acx
qk
7
qf
33
6
oqz
qkk
8
je
1
fof
9
oer
2
vre
dij
1
dy
5
jf
0
1
1
vr
oz
ubs
xvy
by
pj
zp
ym
ese
0
0
ub
5
8
en
nvy
2
gk
9
bb
iy
1
zlr
tc
02
5
lwe
2
yiga
ko
cgz
67
kg
8
asqi
yo
sst
ths
qgcb
4
ghmx
1
9
qh
hi
pyd
3
ppex
yl
pcr
ra
ty
piy
yiy
bt
ajd
ga
fyiul
qp
3
gje
6
2
zu
fufw
au
fy
5
ae
wxg
bz
ev
jp
jbs
gs
xmmsu
yc
6
zr
4
jm
snm
td
6
in
ye
4
mx
9
fbe
0
1
xe
cjt
xu
mo
bxdq
9
xts
8
fyfk
gx
8
bpej
83
dqeedzm
nuyzgf
wli
gw
5
or
5
6
0
onpma
xkud
qj
1
rv
zwh
4
je
7
3
egv
db
vien
7
fsp
7
ui
vv
3
rq
wv
6
zvsg
3
njh
cvv
9
2
yju
hri
kp
9
dve
vf
92
odd
21
zt
llwytdzo
3
9
lxfgimp
nc
hhk
ek
2
zml
sd
7
iihm
ew
qy
xu
pm
3
dp
0
gr
gq
az
swo
2
ycvpc
5
gm
8
6
xz
8
amce
vwo
2
zg
5
ubrx
9
ux
1
js
cp
4
bb
xwc
ubek
1
nz
qlf
frf
8
7
xg
4
1
fo
3
yd
3
iy
bb
qd
7
ijo
vim
qp
4
nt
qed
dm
hhevz
fx
1
ue
uj
1
km
3
vms
4
8
pjd
ze
egl
2
lbf
9
7
xs
dz
hjps
5
jn
1
kdxs
svk
zk
4
0
ze
2
xm
4
tx
kv
8
9
tl
zo
kw
xpijq
rq
2
7
wb
dx
gi
8
of
9
mrq
8
wg
lp
sf
euha
jhv
ux
5
6
ic
qd
2
fgmcmci
9
ut
cdir
07
wv
7
uw
tsc
8
gkya
2
zfgf
yn
jm
dvi
jkj
0
zuj
4
kyu
js
so
2
7
ov
80
ad
tw
9
oh
48
yz
qwf
3
utc
nr
tb
1
qr
zm
fea
0
gju
na
4
cnwcb
9
bel
ufx
dgy
tz
ldz
9
xdoot
6
idu
zdxy
ok
7
wywe
nq
ou
tx
zup
6
3
8
aqm
3
scgwwz
7
1
sy
ybmk
2
kg
cw
zx
lv
5
3
yq
1
zoc
sq
lds
udd
wm
6
of
czm
nrc
sd
0
6
3
fs
pz
yz
nsffb
5
ie
ao
sn
cen
97
vvyr
lxk
eb
2
uxjyhfg
eq
wo
2
juex
gug
db
3
pk
3
8
ygt
ok
0
iy
xw
sn
8
rq
nbdhl
fr
7
iz
gu
mjp
yqrq
2
zt
hel
97
9
xv
6
fduh
8
hn
3
ftf
3
3
sy
or
4
2
8
0
4
tee
ky
psx
afl
rx
vc
rwc
93
vc
va
4
5
tcp
7
crq
brd
dh
wn
1
ignw
lki
si
zh
3
rm
ujl
pd
ueox
8
hv
kox
rgv
dxar
xg
vsbyfj
8
zq
2
xqj
gd
8
jy
ejrj
ldb
7
yj
dup
ch
5
uuoj
6
xpm
en
lzr
4
9
uv
jr
jd
7
3
8
wj
ev
5
mu
ymc
qj
cf
ky
8
fb
zwe
mk
iw
3
2
rx
0
xaj
8
dq
7
qd
ep
vmfr
pfqw
ujv
1
xj
fy
5
7
4
5
dr
ix
de
61
1
3
xckp
ap
8
2
oi
3
bu
kau
smb
mcgglgmow
zcjcnhf
5
zd
sv
jv
0
0
9
wutnv
7
smnww
7
clv
0
5
wv
bu
lxb
ni
oo
yh
ep
jj
ooow
ev
kp
cx
on
7
nd
8
hf
zvu
6
vxor
wy
7
cn
mt
9
87
qaob
gf
4
6
vq
bg
6
6
cz
8
gz
yksp
6
zd
jp
av
ah
yq
1
pz
8
lhz
wy
lp
6
yst
kx
2
khh
9
gwo
0
98
0
7
mm
anz
au
nl
endstream
endobj
obj
contents
cropbox
mediabox
parent
resources
rotate
0
type
page
endobj
obj
filter
flatedecode
length
stream
hzks
8
5
sy
9
mpyth
no
89
md
6
rj
dqitl
af
dtgxr
0
hs
88
wwv
0
2
to
an
in
af
uv
1
ra
1
3
pr
7
7
hf
2
2
nlu
5
xu
1
0
er
5
wh
wq
9
hj
ak
4
sb
kr
4
yzndadueon
uv
0
ly
ku
6
yb
rnz
8
xgd
2
2
lgu
7
uf
2
itx
4
iu
hro
afx
2
9
wd
lj
6
juvyg
3
aiz
7
ayxf
1
omy
cf
mwl
3
fc
9
0
0
rz
dd
kk
uc
dxei
stop
9
wu
apwj
9
klipi
ji
dc
hr
ogs
jt
4
vu
42
1
3
le
gc
dbq
6
jh
1
ji
1
hy
xbuwuz
mf
6
jx
gfc
vnz
5
31
eimq
9
6
7
ywo
bcgw
1
kfb
6
4
wy
yz
0
bo
7
yzy
42
ohgo
8
bcl
9
mp
7
68
mp
xxjq
6
oapf
xf
5
fvbyey
jz
0
endstream
endobj
obj
filter
flatedecode
first
4
length
1
type
objstm
stream
4
jwihpzcmgc
endstream
endobj
obj
filter
flatedecode
first
11
length
44
2
type
objstm
stream
bb
vv
endstream
endobj
obj
length
subtype
xml
type
metadata
stream
xpacket
begin
id
mpcehihzreszntczkc
9
xmpmeta
xmlns
adobe
ns
meta
xmptk
adobe
xmp
core
1
rdf
rdf
xmlns
rdf
http://www.w3.org/1999/02/22-rdf-syntax-ns
rdf
description
rdf
about
xmlns
dc
http://purl.org/dc/elements/1.1/
application
pdf
mumma
copy
of
draft
ufs
december
bk
revisions
16
xlsx
rdf
description
rdf
about
xmlns
xmp
http://ns.adobe.com/xap/1.0/
pscript
5
dll
version
2
rdf
description
rdf
about
xmlns
pdf
http://ns.adobe.com/pdf/1.3/
acrobat
distiller
5
windows
rdf
description
rdf
about
xmlns
xmpmm
http://ns.adobe.com/xap/1.0/mm/
uuid
uuid
16
ca
4
aa
49
cea
df
xpacket
end
endstream
endobj
obj
filter
flatedecode
first
5
length
54
1
type
objstm
stream
pw
0
64
xtb
3
endstream
endobj
obj
filter
flatedecode
first
5
length
1
type
objstm
stream
ak
1
66
15
xc
6
yftn
vby
nht
hgp
7
ky
endstream
endobj
obj
decodeparms
columns
5
predictor
12
filter
flatedecode
id
dafc
aed
eaf
62
ffbb
cc
ca
3
cc
0
fb
5
info
length
62
root
size
14
type
xref
1
stream
hbb
2
6
endstream
endobj
startxref
eof
