doctype
html
link
rel
preconnect
href
https://static.nd.edu/
crossorigin
link
rel
preconnect
href
https://ajax.googleapis.com/
link
rel
preconnect
href
https://fonts.googleapis.com/
link
rel
preconnect
href
https://fonts.gstatic.com/
crossorigin
international
impact
university
of
notre
dame
link
rel
canonical
href
meta
property
og
url
content
meta
property
og
image
content
link
rel
shortcut
icon
href
favicon
ico
link
rel
icon
href
link
rel
icon
sizes
href
link
rel
icon
sizes
href
link
rel
icon
sizes
href
link
href
page
css
rel
stylesheet
type
text
css
link
rel
stylesheet
href
https://fonts.googleapis.com/css
family
libre
franklin
sumana
display
swap
if
lt
ie
9
script
src
https://static.nd.edu/js/html5shiv.min.js
script
src
https://static.nd.edu/js/respond.js
endif
function
push
gtm
start
new
date
gettime
event
gtm
js
var
getelementsbytagname
0
createelement
dl
datalayer
async
true
src
https://www.googletagmanager.com/gtm.js
id
dl
parentnode
insertbefore
window
document
script
datalayer
gtm
tkblzd
4
script
async
src
https://www.googletagmanager.com/gtag/js
id
aw
window
datalayer
window
datalayer
function
gtag
datalayer
push
arguments
gtag
js
new
date
gtag
config
aw
nd
emergency
var
ndn
document
createelement
script
ndn
type
text
javascript
ndn
async
true
ndn
id
ndalertbarscript
ndn
src
emergency
nd
edu
api
alert
var
document
getelementsbytagname
script
0
parentnode
insertbefore
ndn
skip
to
content
href
stories
university
of
notre
dame
stories
img
src
images
header
jpg
width
height
srcset
images
header
jpg
images
header
jpg
images
header
jpg
sizes
min
width
px
75
vw
vw
alt
graphical
collage
of
lady
justice
layered
on
top
of
newspaper
cuttings
and
other
pieces
of
paper
colleges
schools
international
impact
students
welcome
sanctions
against
corrupt
foreign
actors
february
14
two
groups
of
university
of
notre
dame
students
mdash
one
affiliated
with
the
href
https://washingtonprogram.nd.edu/
washington
program
and
the
other
with
the
nonpartisan
student
policy
network
mdash
welcomed
the
announcement
of
sanctions
against
two
maltese
officials
and
the
daughter
of
the
former
angolan
president
in
december
the
department
of
state
announced
travel
sanctions
against
konrad
mizzi
keith
schembri
and
isabel
dos
santos
mizzi
the
former
maltese
minister
of
energy
and
conservation
of
water
and
schembri
former
chief
of
staff
to
the
prime
minister
of
malta
are
accused
of
awarding
government
contracts
for
the
construction
of
power
plant
and
related
services
in
exchange
for
kickbacks
and
bribes
daphne
caruana
galizia
well
known
maltese
journalist
blogger
and
anti
corruption
activist
uncovered
the
scheme
she
was
later
assassinated
by
car
bomb
yorgen
fenech
prominent
maltese
businessman
is
on
trial
for
plotting
the
murder
two
of
the
alleged
bombers
are
awaiting
trial
third
has
pleaded
guilty
dos
santos
is
the
daughter
of
former
angolan
prime
minister
eduardo
dos
santos
who
ruled
the
country
from
to
she
is
accused
along
with
her
late
husband
of
misappropriating
public
funds
for
her
own
benefit
as
chair
of
state
owned
enterprise
id
9
jnc
6
iw
4
qijyarps
2
class
gie
single
href
http://www.gettyimages.com/detail/1185491968
target
blank
style
color
7
text
decoration
none
font
weight
normal
important
border
none
display
inline
block
embed
from
getty
images
window
gie
window
gie
function
gie
gie
push
gie
function
gie
widgets
load
id
9
jnc
6
iw
4
qijyarps
2
sig
mipejnoogmpw
5
fzvdhg
9
no
3
dv
ropdfhveiejvjph
0
px
px
items
caption
false
tld
com
is
false
script
src
embed
cdn
gettyimages
com
widgets
js
charset
utf
8
async
people
holding
placards
reading
mafia
government
and
photos
of
killed
journalist
daphne
caruana
galizia
stage
protest
called
by
galizia
family
and
civic
movements
on
november
29
outside
the
office
of
the
prime
minister
in
valletta
malta
id
jeb
5
or
2
btq
9
rtpbejlj
90
class
gie
single
href
http://www.gettyimages.com/detail/862004158
target
blank
style
color
7
text
decoration
none
font
weight
normal
important
border
none
display
inline
block
embed
from
getty
images
window
gie
window
gie
function
gie
gie
push
gie
function
gie
widgets
load
id
jeb
5
or
2
btq
9
rtpbejlj
90
sig
xrcib
lr
3
pb
1
qrtpqx
1
hzjgdii
flifzx
ofa
px
px
items
caption
false
tld
com
is
false
script
src
embed
cdn
gettyimages
com
widgets
js
charset
utf
8
async
police
and
forensic
experts
inspect
the
wreckage
of
car
bomb
that
killed
journalist
daphne
caruana
galizia
close
to
her
home
in
bidnija
malta
on
october
16
students
in
the
washington
program
rsquo
global
magnitsky
human
rights
accountability
act
clinic
submitted
to
the
departments
of
state
and
treasury
report
outlining
the
allegations
against
mizzi
and
schembri
and
requesting
sanctions
against
them
in
the
student
policy
network
student
led
offshoot
of
the
magnitsky
clinic
submitted
similar
report
on
dos
santos
both
worked
with
prominent
nonpartisan
human
rights
organization
as
well
as
href
george
lopez
the
rev
theodore
hesburgh
professor
emeritus
of
peace
studies
at
the
kroc
institute
for
international
peace
studies
and
leading
expert
on
economic
sanctions
peacebuilding
and
related
issues
the
involvement
of
undergraduate
students
in
sanctions
work
is
unusual
more
commonly
such
work
is
done
by
law
students
pro
bono
attorneys
or
nongovernmental
organizations
with
some
sort
of
background
in
the
law
class
video
href
https://www.youtube.com/watch
2
rmhbz
2
tny
img
loading
lazy
src
images
washington
program
jpg
width
height
alt
the
united
states
capitol
building
is
off
to
the
left
and
in
the
open
sky
is
the
washington
program
logo
washington
program
the
university
of
notre
dame
washington
program
offers
students
the
ability
to
study
off
campus
becoming
immersed
in
the
political
and
cultural
life
of
washington
dc
imposed
by
the
department
of
state
the
sanctions
against
mizzi
schembri
and
dos
santos
bar
them
and
their
immediate
family
members
from
entering
the
united
states
financial
sanctions
the
domain
of
the
department
of
treasury
have
not
been
announced
but
may
be
forthcoming
as
well
href
thomas
kellenberg
an
attorney
and
former
law
professor
leads
the
magnitsky
clinic
in
his
role
as
executive
director
of
the
washington
program
position
he
has
held
since
the
program
rsquo
founding
in
kellenberg
also
assists
the
student
policy
network
with
its
sanctions
work
he
is
graduate
of
notre
dame
and
harvard
law
school
ldquo
we
can
rsquo
show
direct
causal
relationship
between
our
dossier
and
the
mizzi
and
schembri
sanctions
rdquo
kellenberg
said
noting
the
government
does
not
typically
disclose
the
underlying
basis
for
sanctions
only
the
bare
facts
of
the
case
ldquo
but
clearly
it
was
part
of
what
the
state
department
looked
at
when
making
decision
rdquo
he
described
the
impact
of
the
sanctions
as
threefold
from
punitive
standpoint
he
said
they
ldquo
preclude
these
people
from
opportunities
that
we
have
in
the
mdash
to
visit
to
send
their
children
to
school
here
rdquo
at
the
same
time
ldquo
it
is
symbolically
important
that
the
recognizes
that
these
people
need
to
be
sanctioned
rdquo
he
said
ldquo
and
it
sends
signal
to
the
maltese
government
that
they
need
to
take
corruption
seriously
rdquo
img
loading
lazy
src
images
kellenberg
jpg
alt
personal
photo
of
thomas
kellenberg
width
height
ldquo
democracy
suffers
when
journalists
are
killed
rdquo
ndash
thomas
kellenberg
kellenberg
who
also
serves
as
executive
director
of
the
nonprofit
international
human
rights
advocates
established
the
magnitsky
clinic
in
the
spring
of
just
before
the
onset
of
the
pandemic
he
set
his
sights
on
the
galizia
case
early
on
it
was
already
well
documented
in
the
press
it
also
involved
the
well
publicized
ldquo
panama
papers
rdquo
leak
of
more
than
million
financial
and
legal
documents
exposing
wide
spread
fraud
and
corruption
in
addition
to
ordinary
tax
avoidance
among
the
global
elite
including
mizzi
and
schembri
ldquo
democracy
suffers
when
journalists
are
killed
so
personally
thought
it
was
an
important
case
rdquo
kellenberg
said
from
student
perspective
he
said
it
also
ldquo
shines
light
in
whole
variety
of
different
ways
on
the
nexus
between
corruption
and
human
rights
violations
rdquo
img
loading
lazy
class
animate
src
images
map
png
width
height
srcset
images
map
png
images
map
png
images
map
png
sizes
min
width
px
75
vw
vw
alt
world
map
highlighting
the
locations
of
malta
and
angola
malta
is
an
archipelago
in
the
central
mediterranean
between
sicily
and
the
north
african
coast
angola
is
country
on
the
west
coast
of
southern
africa
said
lopez
with
the
kroc
institute
ldquo
under
tom
rsquo
leadership
this
group
made
the
most
of
their
multi
disciplinary
backgrounds
in
history
political
science
business
and
economics
to
conduct
the
deep
dives
you
need
to
uncover
illicit
money
and
to
cross
reference
the
violations
and
atrocities
they
found
the
work
of
the
clinic
was
cited
to
me
as
outstanding
by
state
department
colleague
working
on
sanctions
issues
in
november
you
don
rsquo
get
this
type
of
recognition
unless
your
work
is
difference
maker
rdquo
lsquo
an
immense
amount
of
research
rsquo
generally
speaking
students
who
participate
in
the
magnitsky
clinic
work
as
team
to
request
sanctions
against
an
individual
or
entity
that
has
engaged
in
ldquo
serious
human
rights
abuses
rdquo
or
ldquo
significant
acts
of
corruption
rdquo
in
violation
of
laws
or
policy
this
involves
meticulous
research
of
public
records
and
investigations
as
well
as
other
publicly
available
documents
students
rely
heavily
on
the
work
of
the
international
consortium
of
investigative
journalists
which
published
the
ldquo
panama
papers
rdquo
ldquo
it
takes
an
immense
amount
of
research
from
open
source
materials
rdquo
kellenberg
said
the
schembri
mizzi
dossier
spanned
39
pages
the
dos
santos
one
was
45
pages
each
took
months
to
compile
id
bidzcuqpqfhjaqk
7
tiutjw
class
gie
single
href
http://www.gettyimages.com/detail/1184757401
target
blank
style
color
7
text
decoration
none
font
weight
normal
important
border
none
display
inline
block
embed
from
getty
images
window
gie
window
gie
function
gie
gie
push
gie
function
gie
widgets
load
id
bidzcuqpqfhjaqk
7
tiutjw
sig
sysckkf
81
ko
7
beu
6
hk
2
ab
qxiv
hl
3
fqwweq
7
xa
3
px
px
items
caption
false
tld
com
is
false
script
src
embed
cdn
gettyimages
com
widgets
js
charset
utf
8
async
konrad
mizzi
id
cls
5
zwtpdmxbyiyzuj
class
gie
single
href
http://www.gettyimages.com/detail/1184747870
target
blank
style
color
7
text
decoration
none
font
weight
normal
important
border
none
display
inline
block
embed
from
getty
images
window
gie
window
gie
function
gie
gie
push
gie
function
gie
widgets
load
id
cls
5
zwtpdmxbyiyzuj
sig
2
gbeqjow
7
cuzokydqier
7
0
sxcaqstocbruhi
px
px
items
caption
false
tld
com
is
false
script
src
embed
cdn
gettyimages
com
widgets
js
charset
utf
8
async
keith
schembri
id
imm
6
48
skp
3
garownydpq
class
gie
single
href
http://www.gettyimages.com/detail/1148479407
target
blank
style
color
7
text
decoration
none
font
weight
normal
important
border
none
display
inline
block
embed
from
getty
images
window
gie
window
gie
function
gie
gie
push
gie
function
gie
widgets
load
id
imm
6
48
skp
3
garownydpq
sig
7
pkexwqe
97
ahli
8
inya
1
unzs
2
ouk
6
ztvkzmqgm
px
px
items
caption
false
tld
com
is
false
script
src
embed
cdn
gettyimages
com
widgets
js
charset
utf
8
async
isabel
dos
santos
greg
miller
senior
honors
economics
major
from
chandler
arizona
knows
just
how
difficult
the
process
can
be
former
rhodes
finalist
miller
contributed
to
both
the
mizzi
schembri
and
dos
santos
dossiers
first
as
magnitsky
student
and
later
with
the
student
policy
network
which
he
cofounded
with
senior
political
science
honors
major
patrick
aimone
fellow
magnitsky
student
and
rhodes
finalist
and
his
roommate
in
the
washington
program
with
respect
to
the
galizia
case
miller
who
is
primarily
interested
in
housing
policy
and
may
go
to
law
school
said
ldquo
mostly
worked
on
forming
the
timeline
of
everything
that
occurred
to
visualize
how
the
corruption
took
place
particularly
in
relation
to
the
timeline
of
the
killing
of
galizia
also
created
diagrams
to
figure
out
how
each
shell
company
related
to
the
next
and
who
was
paying
who
and
who
was
getting
kickbacks
rdquo
img
loading
lazy
src
images
miller
jpg
alt
headshot
of
greg
miller
width
height
ldquo
it
was
the
perfect
opportunity
to
bring
the
research
and
writing
skills
already
had
into
this
new
environment
and
then
fine
tune
them
in
legal
context
rdquo
ndash
greg
miller
he
did
the
same
with
the
dos
santos
case
he
said
working
closely
with
others
in
the
student
policy
network
as
well
as
human
rights
lawyers
to
document
her
alleged
crimes
and
push
for
sanctions
against
her
and
her
husband
from
the
perspective
of
someone
interested
in
both
public
policy
and
the
law
and
simply
as
an
introduction
to
the
magnitsky
act
and
the
complicated
world
of
international
sanctions
it
was
valuable
experience
miller
said
ldquo
it
was
the
perfect
opportunity
to
bring
the
research
and
writing
skills
already
had
into
this
new
environment
and
then
fine
tune
them
in
legal
context
rdquo
he
said
he
said
he
was
sitting
in
his
apartment
eating
goldfish
when
news
of
the
sanctions
came
down
ldquo
it
was
crazy
rdquo
he
said
ldquo
rsquo
college
student
eating
goldfish
and
there
rsquo
this
international
story
that
rsquo
involved
with
rdquo
in
addition
to
sanctions
work
including
two
pending
sanctions
requests
the
student
policy
network
pursues
other
public
policy
research
and
advocacy
projects
as
well
recently
it
published
study
examining
the
social
and
economic
benefits
of
driving
cards
for
undocumented
residents
in
indiana
which
is
helping
to
inform
debate
around
the
issue
in
the
state
general
assembly
kellenberg
for
his
part
praised
the
student
policy
network
mdash
and
miller
specifically
mdash
for
its
work
on
the
dos
santos
case
calling
it
ldquo
excellent
rdquo
ldquo
the
work
they
are
doing
is
top
rate
rdquo
he
said
ldquo
their
dossier
was
as
good
as
anything
that
we
put
together
in
class
rdquo
he
added
ldquo
have
the
utmost
respect
for
greg
and
patrick
and
the
work
that
they
are
doing
and
hope
that
it
continues
rdquo
miller
expects
that
it
will
he
pointed
to
ongoing
interest
in
the
organization
as
well
as
its
mission
among
students
of
all
ages
ldquo
we
rsquo
ve
created
leadership
structure
rdquo
he
said
ldquo
and
we
have
high
engagement
we
rsquo
re
getting
younger
individuals
involved
rdquo
related
content
related
class
btn
btn
inline
href
stories
view
more
notre
dame
stories
angle
right
img
alt
line
art
of
four
hands
holding
ballots
reaching
towards
ballot
box
loading
lazy
class
animate
width
height
src
images
the
rise
of
populism
jpg
faculty
staff
class
card
link
href
stories
the
rise
of
populism
the
rise
of
populism
notre
dame
experts
analyze
the
worldwide
decline
of
democracy
img
alt
close
up
of
someone
creating
architectual
sketch
one
hand
holds
onto
triangular
ruler
and
the
other
draws
straight
line
with
pencil
loading
lazy
class
animate
width
height
src
images
community
by
design
jpg
community
class
card
link
href
stories
community
by
design
community
by
design
architecture
students
help
reimagine
south
bend
neighborhood
img
alt
the
flag
of
europe
and
the
us
flag
fly
side
by
side
against
blue
sky
loading
lazy
class
animate
width
height
src
images
tending
its
own
garden
jpg
research
class
card
link
href
stories
tending
its
own
garden
tending
its
own
garden
notre
dame
undergrads
research
european
view
of
us
elections
class
btn
btn
inline
href
stories
view
more
notre
dame
stories
angle
right
byline
produced
by
the
office
of
public
affairs
and
communications
writer
erin
blasko
footer
id
ndmark
class
ndmark
href
img
loading
lazy
width
height
93
src
alt
university
of
notre
dame
class
soc
facebook
href
https://www.facebook.com/notredame/
rel
noopener
use
xmlns
xlink
https://www.w3.org/1999/xlink
xlink
href
icon
facebook
facebook
class
soc
twitter
href
https://twitter.com/NotreDame/
rel
noopener
use
xmlns
xlink
https://www.w3.org/1999/xlink
xlink
href
icon
twitter
twitter
class
soc
instagram
href
https://www.instagram.com/notredame/
rel
noopener
use
xmlns
xlink
https://www.w3.org/1999/xlink
xlink
href
icon
instagram
instagram
class
soc
youtube
href
https://www.youtube.com/user/NDdotEDU
rel
noopener
use
xmlns
xlink
https://www.w3.org/1999/xlink
xlink
href
icon
youtube
youtube
class
soc
linkedin
href
rel
noopener
use
xmlns
xlink
https://www.w3.org/1999/xlink
xlink
href
icon
linkedin
linkedin
href
copyright
copy
href
class
url
fn
org
university
of
notre
dame
notre
dame
in
usa
phone
href
about
contact
contact
href
https://search.nd.edu/
search
href
https://mobile.nd.edu/
mobile
app
href
https://news.nd.edu/
news
href
https://events.nd.edu/
events
href
visit
visit
href
about
accessibility
accessibility
href
https://emergency.nd.edu/
emergency
href
about
closed
captioning
closed
captioning
wrapper
script
src
page
js
type
text
javascript
