doctype
html
link
rel
preconnect
href
https://static.nd.edu/
crossorigin
link
rel
preconnect
href
https://ajax.googleapis.com/
link
rel
preconnect
href
https://fonts.googleapis.com/
link
rel
preconnect
href
https://fonts.gstatic.com/
crossorigin
irish
in
arizona
university
of
notre
dame
link
rel
canonical
href
https://www.nd.edu/stories/irish-in-arizona/
meta
property
og
url
content
https://www.nd.edu/stories/irish-in-arizona/
meta
property
og
image
content
link
rel
shortcut
icon
href
favicon
ico
link
rel
icon
href
link
rel
icon
sizes
href
link
rel
icon
sizes
href
link
rel
icon
sizes
href
link
href
page
css
rel
stylesheet
type
text
css
link
rel
stylesheet
href
https://fonts.googleapis.com/css
family
libre
franklin
sumana
display
swap
if
lt
ie
9
script
src
https://static.nd.edu/js/html5shiv.min.js
script
src
https://static.nd.edu/js/respond.js
endif
function
push
gtm
start
new
date
gettime
event
gtm
js
var
getelementsbytagname
0
createelement
dl
datalayer
async
true
src
https://www.googletagmanager.com/gtm.js
id
dl
parentnode
insertbefore
window
document
script
datalayer
gtm
tkblzd
4
script
async
src
https://www.googletagmanager.com/gtag/js
id
aw
window
datalayer
window
datalayer
function
gtag
datalayer
push
arguments
gtag
js
new
date
gtag
config
aw
nd
emergency
var
ndn
document
createelement
script
ndn
type
text
javascript
ndn
async
true
ndn
id
ndalertbarscript
ndn
src
emergency
nd
edu
api
alert
var
document
getelementsbytagname
script
0
parentnode
insertbefore
ndn
skip
to
content
href
stories
university
of
notre
dame
stories
university
irish
in
arizona
notre
dame
recent
projects
in
the
grand
canyon
state
december
27
the
fighting
irish
football
team
takes
the
field
in
glendale
arizona
on
new
year
day
yet
long
before
new
coach
marcus
freeman
team
knew
its
bowl
destination
notre
dame
faculty
and
students
took
to
the
research
field
in
arizona
below
are
some
selected
projects
that
highlight
the
university
activities
in
and
around
phoenix
and
tucson
from
searching
for
life
on
other
planets
to
grappling
with
important
questions
about
immigration
and
the
dignity
of
human
life
1
video
class
grid
vid
playsinline
autoplay
loop
muted
poster
video
first
light
jpg
source
type
video
webm
src
video
first
light
webm
source
type
video
mp
4
src
video
first
light
mp
4
track
label
english
kind
descriptions
srclang
en
src
video
first
light
vtt
default
research
first
light
using
custom
built
application
notre
dame
researchers
use
the
large
binocular
telescope
lbt
in
remote
part
of
arizona
to
search
for
life
on
other
planets
class
btn
btn
inline
href
stories
first
light
aria
label
read
deaths
in
the
family
read
story
2
img
loading
lazy
src
images
build
on
tradition
jpg
width
height
alt
native
american
stands
outside
log
house
looking
up
at
the
night
sky
fighting
for
fighting
to
build
on
tradition
notre
dame
alliance
for
catholic
education
and
school
of
architecture
are
working
to
build
campus
for
st
michael
indian
school
that
meets
its
modern
needs
and
honors
its
tradition
as
part
of
navajo
nation
class
btn
btn
inline
href
aria
label
read
deaths
in
the
family
read
story
3
video
class
grid
vid
playsinline
autoplay
loop
muted
poster
video
transformative
journey
jpg
source
type
video
webm
src
video
transformative
journey
webm
source
type
video
mp
4
src
video
transformative
journey
mp
4
track
label
english
kind
descriptions
srclang
en
src
video
transformative
journey
vtt
default
community
transformative
journey
notre
dame
experiences
life
at
the
border
an
immersion
experience
brings
notre
dame
faculty
and
staff
as
well
as
members
of
the
south
bend
community
face
to
face
with
the
realities
of
the
immigration
issue
along
the
southern
border
class
btn
btn
inline
href
stories
transformative
journey
aria
label
read
deaths
in
the
family
read
story
4
img
loading
lazy
src
images
solidarity
through
sandwiches
jpg
width
height
alt
table
covered
in
white
bread
and
lunch
meats
people
prepare
sandwiches
faith
service
solidarity
through
sandwiches
lesson
in
catholic
social
teaching
teacher
at
santa
cruz
school
in
tuscon
uses
peanut
butter
and
jelly
sandwiches
to
provide
lesson
in
catholic
social
teaching
class
btn
btn
inline
href
aria
label
read
deaths
in
the
family
read
story
byline
produced
by
the
office
of
public
affairs
and
communications
footer
id
ndmark
class
ndmark
href
img
loading
lazy
width
height
93
src
alt
university
of
notre
dame
class
soc
facebook
href
https://www.facebook.com/notredame/
rel
noopener
use
xmlns
xlink
https://www.w3.org/1999/xlink
xlink
href
icon
facebook
facebook
class
soc
twitter
href
https://twitter.com/NotreDame/
rel
noopener
use
xmlns
xlink
https://www.w3.org/1999/xlink
xlink
href
icon
twitter
twitter
class
soc
instagram
href
https://www.instagram.com/notredame/
rel
noopener
use
xmlns
xlink
https://www.w3.org/1999/xlink
xlink
href
icon
instagram
instagram
class
soc
youtube
href
https://www.youtube.com/user/NDdotEDU
rel
noopener
use
xmlns
xlink
https://www.w3.org/1999/xlink
xlink
href
icon
youtube
youtube
class
soc
linkedin
href
rel
noopener
use
xmlns
xlink
https://www.w3.org/1999/xlink
xlink
href
icon
linkedin
linkedin
href
copyright
copy
href
class
url
fn
org
university
of
notre
dame
notre
dame
in
usa
phone
href
about
contact
contact
href
https://search.nd.edu/
search
href
https://mobile.nd.edu/
mobile
app
href
https://news.nd.edu/
news
href
https://events.nd.edu/
events
href
visit
visit
href
about
accessibility
accessibility
href
https://emergency.nd.edu/
emergency
href
about
closed
captioning
closed
captioning
wrapper
script
src
page
js
type
text
javascript
