doctype
html
meta
charset
utf
8
script
async
async
src
https://www.googletagmanager.com/gtag/js
id
15
xpr
15
tex
window
datalayer
window
datalayer
function
gtag
datalayer
push
arguments
gtag
js
new
date
gtag
config
15
xpr
15
tex
gtag
config
7
xlbh
2
nc
54
combo
meta
content
ie
edge
http
equiv
ua
compatible
meta
content
width
device
width
initial
scale
name
viewport
meta
content
origin
when
cross
origin
name
referrer
initiatives
office
of
civil
rights
and
title
ix
compliance
northwestern
university
link
href
rel
canonical
meta
content
property
og
url
meta
content
initiatives
office
of
civil
rights
and
title
ix
compliance
northwestern
university
property
og
title
meta
content
common
northwestern
edu
8
images
northwestern
thumbnail
jpg
property
og
image
meta
content
fb
ba
6
ad
ce
name
pageid
link
href
media
screen
rel
stylesheet
type
text
css
link
href
media
print
rel
stylesheet
type
text
css
link
href
css
equity
css
media
screen
rel
stylesheet
link
href
common
northwestern
edu
favicon
ico
rel
shortcut
icon
type
image
icon
link
href
common
northwestern
edu
8
icons
favicon
16
png
rel
icon
sizes
type
image
png
link
href
common
northwestern
edu
8
icons
favicon
32
png
rel
icon
sizes
type
image
png
link
href
common
northwestern
edu
8
icons
favicon
png
rel
apple
touch
icon
sizes
meta
content
northwestern
name
application
name
meta
content
84
name
msapplication
tilecolor
meta
content
common
northwestern
edu
8
icons
mstile
png
name
msapplication
tileimage
meta
content
ffffff
name
theme
color
meta
content
common
northwestern
edu
8
icons
ieconfig
xml
name
msapplication
config
document
getelementsbytagname
body
0
setattribute
class
standard
page
skip
to
main
content
href
https://www.northwestern.edu/
title
northwestern
university
home
northwestern
university
href
index
html
title
office
of
civil
rights
and
title
ix
compliance
home
office
of
civil
rights
and
title
ix
compliance
form
action
https://search.northwestern.edu/
method
get
role
search
search
this
site
input
id
desktop
name
placeholder
search
this
site
type
text
input
name
as
sitesearch
type
hidden
value
input
name
sitetitle
type
hidden
value
office
of
civil
rights
and
title
ix
compliance
search
menu
about
href
index
html
about
overview
href
mission
index
html
our
mission
href
our
staff
index
html
our
staff
statements
href
statements
index
html
statements
overview
href
statements
non
discrimination
statement
html
non
discrimination
statement
href
statements
title
ix
statement
html
title
ix
statement
href
statements
statement
transgender
rights
html
statement
in
support
of
transgender
rights
initiatives
initiatives
overview
href
affirmative
action
index
html
affirmative
action
campus
climate
survey
campus
climate
survey
progress
pride
flag
initiative
student
advisory
board
action
collaborative
on
preventing
sexual
harassment
in
higher
education
href
events
index
html
events
href
reports
html
annual
reports
href
news
html
news
policies
amp
procedures
href
policies
procedures
index
html
policies
amp
procedures
overview
href
policies
procedures
policies
index
html
policies
href
policies
procedures
disability
grievance
procedures
html
disability
grievance
procedures
href
policies
procedures
reasonable
accommodation
html
reasonable
accommodation
request
an
accommodation
href
policies
procedures
accommodation
index
html
request
an
accommodation
overview
href
policies
procedures
accommodation
disability
html
disability
accommodations
href
policies
procedures
accommodation
pregnancy
html
pregnancy
accommodations
href
policies
procedures
accommodation
religion
html
religious
accommodations
href
policies
procedures
accommodation
reasonable
work
accommodation
faqs
html
reasonable
work
accommodation
faqs
resources
href
resources
index
html
resources
overview
href
resources
resource
materials
guides
html
resource
materials
amp
guides
href
resources
report
an
incident
index
html
report
an
incident
href
resources
reporting
obligations
html
reporting
obligations
href
resources
pregnancy
and
parenting
html
pregnancy
and
parenting
href
resources
diversity
recruitment
resources
html
diversity
recruitment
resources
training
href
resources
training
index
html
training
overview
href
resources
training
campus
training
html
campus
training
href
resources
training
attend
training
html
attend
an
open
workshop
href
sexual
misconduct
response
amp
prevention
href
accessibility
search
form
action
https://search.northwestern.edu/
method
get
role
search
search
this
site
input
id
mobile
name
placeholder
search
this
site
type
text
input
name
as
sitesearch
type
hidden
value
input
name
sitetitle
type
hidden
value
office
of
civil
rights
and
title
ix
compliance
search
href
index
html
about
href
index
html
about
overview
href
mission
index
html
our
mission
href
our
staff
index
html
our
staff
href
statements
index
html
statements
initiatives
href
events
index
html
events
href
reports
html
annual
reports
href
news
html
news
href
policies
procedures
index
html
policies
amp
procedures
href
policies
procedures
index
html
policies
amp
procedures
overview
href
policies
procedures
policies
index
html
policies
href
policies
procedures
disability
grievance
procedures
html
disability
grievance
procedures
href
policies
procedures
reasonable
accommodation
html
reasonable
accommodation
href
policies
procedures
accommodation
index
html
request
an
accommodation
href
resources
index
html
resources
href
resources
index
html
resources
overview
href
resources
resource
materials
guides
html
resource
materials
amp
guides
href
resources
report
an
incident
index
html
report
an
incident
href
resources
reporting
obligations
html
reporting
obligations
href
resources
pregnancy
and
parenting
html
pregnancy
and
parenting
href
resources
diversity
recruitment
resources
html
diversity
recruitment
resources
href
resources
training
index
html
training
href
sexual
misconduct
response
amp
prevention
href
accessibility
href
index
html
about
href
mission
index
html
our
mission
href
our
staff
index
html
our
staff
href
statements
index
html
statements
initiatives
href
affirmative
action
index
html
affirmative
action
campus
climate
survey
campus
climate
survey
progress
pride
flag
initiative
student
advisory
board
action
collaborative
on
preventing
sexual
harassment
in
higher
education
href
events
index
html
events
href
reports
html
annual
reports
href
news
html
news
href
index
html
home
href
index
html
about
initiatives
initiatives
the
office
of
civil
rights
and
title
ix
compliance
promotes
and
participates
in
university
initiatives
to
maintain
an
environment
free
of
discrimination
harassment
and
sexual
misconduct
learn
more
about
these
efforts
href
affirmative
action
index
html
affirmative
action
br
one
of
the
ways
northwestern
fosters
an
environment
of
diversity
and
equal
opportunity
is
through
affirmative
action
planning
in
the
areas
of
recruitment
and
retention
northwestern
university
actively
seeks
women
minorities
veterans
and
persons
with
disabilities
campus
climate
survey
br
surveys
in
and
were
used
to
collect
information
about
student
perspectives
and
experiences
related
to
sexual
misconduct
as
well
as
knowledge
of
resources
available
at
northwestern
northwestern
uses
this
information
to
strengthen
sexual
misconduct
response
resources
and
prevention
initiatives
progress
pride
flag
initiative
br
committed
to
fostering
culture
of
access
and
belonging
for
all
community
members
this
initiative
centers
the
visibility
resiliency
and
tenacity
of
the
lgbtqia
community
br
student
advisory
board
br
the
office
of
civil
rights
and
title
ix
compliance
student
advisory
board
is
an
important
function
in
fostering
transparency
and
intentionally
centering
the
needs
of
northwestern
students
this
group
is
made
up
of
undergraduate
and
graduate
students
across
various
schools
href
https://www.northwestern.edu/
title
northwestern
university
home
northwestern
university
home
office
of
civil
rights
and
title
ix
compliance
address
sherman
avenue
suite
br
evanston
il
phone
number
northwestern
resources
href
building
access
href
https://www.northwestern.edu/emergency/
campus
emergency
information
href
https://www.northwestern.edu/hr/careers/
careers
href
https://www.northwestern.edu/contact.html
contact
northwestern
university
href
https://www.northwestern.edu/privacy/
privacy
statement
href
report
an
accessibility
issue
href
https://policies.northwestern.edu/
university
policies
cdata
document
write
new
date
getfullyear
northwestern
university
href
https://www.facebook.com/NorthwesternU
facebook
href
https://www.twitter.com/northwesternu
twitter
href
https://www.instagram.com/northwesternu
instagram
href
https://www.youtube.com/user/NorthwesternU
youtube
href
https://www.tiktok.com/
northwestern
tiktok
href
linkedin
href
https://www.northwestern.edu/disclaimer.html
disclaimer
script
src
script
src
