doctype
html
meta
charset
utf
8
script
async
async
src
https://www.googletagmanager.com/gtag/js
id
pmmncjzm
57
window
datalayer
window
datalayer
function
gtag
datalayer
push
arguments
gtag
js
new
date
gtag
config
pmmncjzm
57
gtag
config
7
xlbh
2
nc
54
combo
meta
content
ie
edge
http
equiv
ua
compatible
meta
content
width
device
width
initial
scale
name
viewport
meta
content
origin
when
cross
origin
name
referrer
sexual
misconduct
response
amp
prevention
northwestern
university
link
href
rel
canonical
meta
content
property
og
url
meta
content
sexual
misconduct
response
amp
prevention
northwestern
university
property
og
title
meta
content
common
northwestern
edu
8
images
northwestern
thumbnail
jpg
property
og
image
meta
content
ea
fbbfc
name
pageid
link
href
media
screen
rel
stylesheet
type
text
css
link
href
media
print
rel
stylesheet
type
text
css
link
href
common
northwestern
edu
favicon
ico
rel
shortcut
icon
type
image
icon
link
href
common
northwestern
edu
8
icons
favicon
16
png
rel
icon
sizes
type
image
png
link
href
common
northwestern
edu
8
icons
favicon
32
png
rel
icon
sizes
type
image
png
link
href
common
northwestern
edu
8
icons
favicon
png
rel
apple
touch
icon
sizes
meta
content
northwestern
name
application
name
meta
content
84
name
msapplication
tilecolor
meta
content
common
northwestern
edu
8
icons
mstile
png
name
msapplication
tileimage
meta
content
ffffff
name
theme
color
meta
content
common
northwestern
edu
8
icons
ieconfig
xml
name
msapplication
config
link
href
css
sexual
misconduct
css
rel
stylesheet
type
text
css
document
getelementsbytagname
body
0
setattribute
class
full
width
page
sh
home
script
type
text
javascript
document
getelementsbytagname
header
0
setattribute
id
parent
skip
to
main
content
href
https://www.northwestern.edu/
title
northwestern
university
home
northwestern
university
href
office
of
civil
rights
and
title
ix
compliance
sexual
misconduct
response
amp
prevention
form
action
https://search.northwestern.edu/
method
get
role
search
search
this
site
input
id
desktop
name
placeholder
search
this
site
type
text
input
name
as
sitesearch
type
hidden
value
input
name
sitetitle
type
hidden
value
sexual
misconduct
response
amp
prevention
search
menu
title
ix
and
university
policy
href
title
ix
index
html
title
ix
and
university
policy
overview
href
title
ix
relevant
laws
html
relevant
laws
university
policies
href
title
ix
university
policies
index
html
university
policies
overview
href
title
ix
university
policies
other
related
policies
html
other
related
policies
get
help
href
get
help
index
html
get
help
overview
href
get
help
confidential
support
html
confidential
support
href
get
help
title
ix
coordinators
index
html
title
ix
coordinators
href
get
help
help
someone
else
html
help
someone
else
href
get
help
office
of
global
safety
and
security
html
help
while
abroad
href
get
help
pregnancy
and
parenting
html
pregnancy
and
parenting
href
get
help
options
and
resources
for
community
members
in
qatar
html
nu
qatar
file
report
or
complaint
href
file
report
or
complaint
index
html
file
report
or
complaint
overview
href
file
report
or
complaint
reporting
to
police
html
reporting
to
police
href
file
report
or
complaint
reporting
to
the
university
html
reporting
to
the
university
href
file
report
or
complaint
preserving
evidence
html
preserving
evidence
href
file
report
or
complaint
file
title
ix
sexual
harassment
formal
complaint
html
file
title
ix
sexual
harassment
formal
complaint
education
href
education
index
html
education
overview
href
education
trainings
html
campus
trainings
href
education
resource
materials
and
guides
html
resource
materials
and
guides
href
education
get
involved
html
get
involved
about
us
href
about
us
index
html
about
us
overview
href
about
us
reports
html
reports
href
about
us
title
ix
training
1
html
title
ix
training
href
test
site
search
form
action
https://search.northwestern.edu/
method
get
role
search
search
this
site
input
id
mobile
name
placeholder
search
this
site
type
text
input
name
as
sitesearch
type
hidden
value
input
name
sitetitle
type
hidden
value
sexual
misconduct
response
amp
prevention
search
href
title
ix
index
html
title
ix
and
university
policy
href
title
ix
index
html
title
ix
and
university
policy
overview
href
title
ix
relevant
laws
html
relevant
laws
href
title
ix
university
policies
index
html
university
policies
href
get
help
index
html
get
help
href
get
help
index
html
get
help
overview
href
get
help
confidential
support
html
confidential
support
href
get
help
title
ix
coordinators
index
html
title
ix
coordinators
href
get
help
help
someone
else
html
help
someone
else
href
get
help
office
of
global
safety
and
security
html
help
while
abroad
href
get
help
pregnancy
and
parenting
html
pregnancy
and
parenting
href
get
help
options
and
resources
for
community
members
in
qatar
html
nu
qatar
href
file
report
or
complaint
index
html
file
report
or
complaint
href
file
report
or
complaint
index
html
file
report
or
complaint
overview
href
file
report
or
complaint
reporting
to
police
html
reporting
to
police
href
file
report
or
complaint
reporting
to
the
university
html
reporting
to
the
university
href
file
report
or
complaint
preserving
evidence
html
preserving
evidence
href
file
report
or
complaint
file
title
ix
sexual
harassment
formal
complaint
html
file
title
ix
sexual
harassment
formal
complaint
href
education
index
html
education
href
education
index
html
education
overview
href
education
trainings
html
campus
trainings
href
education
resource
materials
and
guides
html
resource
materials
and
guides
href
education
get
involved
html
get
involved
href
about
us
index
html
about
us
href
about
us
index
html
about
us
overview
href
about
us
reports
html
reports
href
about
us
title
ix
training
1
html
title
ix
training
you
have
options
northwestern
can
help
href
get
help
index
html
img
alt
grey
background
height
src
images
button
background
png
width
get
help
learn
about
your
options
href
get
help
confidential
support
html
img
alt
grey
background
height
src
images
button
background
png
width
confidential
support
learn
about
confidential
resources
href
get
help
help
someone
else
html
img
alt
grey
background
height
src
images
button
background
png
width
help
friend
learn
about
options
for
supporting
someone
else
href
file
report
or
complaint
index
html
img
alt
grey
background
height
src
images
button
background
png
width
file
report
learn
about
reporting
options
resources
img
alt
cover
of
the
resource
guide
on
sexual
misconduct
and
title
ix
brochure
height
src
images
resources
guide
cover
png
width
resource
guide
for
title
ix
sexual
harassment
our
resource
guide
contains
information
on
both
the
options
and
help
available
to
those
experiencing
sexual
misconduct
at
northwestern
br
view
guide
view
our
full
collection
of
publications
and
materials
on
the
href
education
resource
materials
and
guides
html
title
resource
materials
and
guides
resource
materials
and
guides
page
br
interim
policy
on
title
ix
sexual
harassment
effective
september
1
href
rel
noopener
noreferrer
target
blank
title
interim
policy
on
title
ix
sexual
harassment
view
policy
policy
on
discrimination
harassment
and
sexual
misconduct
effective
september
1
href
rel
noopener
noreferrer
target
blank
title
policy
on
institutional
equity
view
policy
news
amp
updates
information
about
recent
policy
changes
learn
more
about
our
recent
updates
href
here
href
northwestern
commits
to
preventing
sexual
harassment
in
higher
education
the
university
joins
other
major
institutions
in
national
academies
action
collaborative
href
read
more
here
residential
services
announces
the
expansion
of
gender
open
housing
options
for
all
undergraduate
students
learn
more
about
gender
open
housing
options
and
review
faq
on
the
href
residential
services
website
office
of
civil
rights
and
title
ix
compliance
participates
in
panel
event
to
discuss
proposed
changes
to
title
ix
regulations
on
january
11
th
staff
from
the
office
of
civil
rights
and
title
ix
compliance
participated
in
panel
event
to
discuss
proposed
changes
to
title
ix
regulations
href
read
more
about
the
event
here
northwestern
annual
report
for
the
illinois
preventing
sexual
violence
in
higher
education
act
on
november
1
northwestern
submitted
its
annual
report
to
the
state
of
illinois
providing
information
on
certain
reports
of
sexual
violence
domestic
violence
dating
violence
and
stalking
brought
by
or
on
behalf
of
students
during
calendar
year
that
report
can
be
found
href
docs
northwestern
university
ipsvhea
report
17
pdf
title
northwestern
annual
report
for
the
illinois
preventing
sexual
violence
in
higher
education
act
here
br
class
button
href
title
news
on
office
of
equity
site
view
more
news
href
http://www.google.com
quick
exit
href
https://www.northwestern.edu/
title
northwestern
university
home
northwestern
university
home
office
of
civil
rights
and
title
ix
compliance
address
sherman
avenue
suite
br
evanston
il
phone
number
northwestern
resources
href
building
access
href
https://www.northwestern.edu/emergency/
campus
emergency
information
href
https://www.northwestern.edu/hr/careers/
careers
href
https://www.northwestern.edu/contact.html
contact
northwestern
university
href
https://www.northwestern.edu/privacy/
privacy
statement
href
report
an
accessibility
issue
href
https://policies.northwestern.edu/
university
policies
cdata
document
write
new
date
getfullyear
northwestern
university
href
https://www.facebook.com/NorthwesternU
facebook
href
https://www.twitter.com/northwesternu
twitter
href
https://www.instagram.com/northwesternu
instagram
href
https://www.youtube.com/user/NorthwesternU
youtube
href
https://www.tiktok.com/
northwestern
tiktok
href
linkedin
href
https://www.northwestern.edu/disclaimer.html
disclaimer
script
src
script
src
script
src
