doctype
html
html
xmlns
http://www.w3.org/1999/xhtml
lang
en
meta
charset
utf
8
script
async
async
src
https://www.googletagmanager.com/gtag/js
id
jf
7
cbctdrn
window
datalayer
window
datalayer
function
gtag
datalayer
push
arguments
gtag
js
new
date
gtag
config
jf
7
cbctdrn
gtag
config
7
xlbh
2
nc
54
combo
meta
content
ie
edge
http
equiv
ua
compatible
meta
content
width
device
width
initial
scale
name
viewport
meta
content
origin
when
cross
origin
name
referrer
privacy
statement
northwestern
university
link
href
https://www.northwestern.edu/privacy/
rel
canonical
meta
content
property
og
image
meta
content
2
name
pageid
link
href
media
screen
rel
stylesheet
type
text
css
link
href
media
print
rel
stylesheet
type
text
css
link
href
common
northwestern
edu
favicon
ico
rel
shortcut
icon
type
image
icon
link
href
common
northwestern
edu
8
icons
favicon
16
png
rel
icon
sizes
type
image
png
link
href
common
northwestern
edu
8
icons
favicon
32
png
rel
icon
sizes
type
image
png
link
href
common
northwestern
edu
8
icons
favicon
png
rel
apple
touch
icon
sizes
meta
content
northwestern
name
application
name
meta
content
84
name
msapplication
tilecolor
meta
content
common
northwestern
edu
8
icons
mstile
png
name
msapplication
tileimage
meta
content
ffffff
name
theme
color
meta
content
common
northwestern
edu
8
icons
ieconfig
xml
name
msapplication
config
skip
to
main
content
href
students
index
html
students
href
parents
and
families
index
html
parents
amp
families
href
alumni
index
html
alumni
href
faculty
and
staff
index
html
faculty
amp
staff
href
media
quick
links
href
academic
calendar
href
https://caesar.northwestern.edu/
caesar
href
canvas
href
https://offices.northwestern.edu/
directory
href
https://www.library.northwestern.edu/
libraries
href
https://www.northwestern.edu/webmail/
webmail
href
index
html
img
alt
northwestern
university
height
34
src
width
northwestern
university
form
action
https://search.northwestern.edu/
method
get
role
search
search
web
input
id
desktop
name
placeholder
search
web
type
text
search
search
form
action
https://search.northwestern.edu/
method
get
role
search
search
web
input
id
mobile
name
placeholder
search
web
type
text
search
menu
href
about
index
html
about
expand
about
submenu
href
about
index
html
about
overview
href
about
facts
html
facts
href
about
history
html
history
href
about
our
people
index
html
our
people
href
faculty
accolades
href
https://www.northwestern.edu/global/
global
href
about
university
leadership
index
html
university
leadership
href
about
board
of
trustees
index
html
board
of
trustees
expand
board
of
trustees
submenu
href
about
board
of
trustees
index
html
board
of
trustees
overview
href
about
board
of
trustees
officers
html
officers
href
about
board
of
trustees
trustee
index
html
trustees
href
about
board
of
trustees
life
index
html
life
trustees
href
about
board
of
trustees
special
reports
index
html
special
reports
expand
special
reports
submenu
href
about
board
of
trustees
special
reports
index
html
special
reports
overview
href
about
board
of
trustees
special
reports
peer
reports
html
competitor
scan
href
about
board
of
trustees
special
reports
presidents
updates
to
the
board
html
president
updates
to
the
board
href
about
mission
vision
goals
html
northwestern
vision
href
academics
index
html
academics
expand
academics
submenu
href
academics
index
html
academics
overview
href
undergraduate
programs
href
academics
graduate
to
html
graduate
programs
href
academics
professional
studies
to
html
continuing
and
professional
programs
href
academics
online
programs
html
online
programs
href
academics
short
courses
html
online
short
courses
href
academics
pre
collegiate
programs
html
pre
collegiate
programs
href
academics
colleges
and
schools
html
colleges
and
schools
href
admissions
index
html
admissions
expand
admissions
submenu
href
admissions
index
html
admissions
overview
href
https://admissions.northwestern.edu/
undergraduate
admissions
href
admissions
graduate
admissions
html
graduate
admissions
href
admissions
financial
aid
offices
html
financial
aid
offices
href
campus
experience
index
html
campus
experience
expand
campus
experience
submenu
href
campus
experience
index
html
campus
experience
overview
href
campus
experience
visiting
campus
index
html
visiting
campus
expand
visiting
campus
submenu
href
campus
experience
visiting
campus
index
html
visiting
campus
overview
href
campus
experience
visiting
campus
maps
html
maps
href
campus
experience
visiting
campus
parking
html
parking
href
campus
experience
visiting
campus
driving
directions
html
driving
directions
href
campus
experience
visiting
campus
segal
visitors
html
segal
visitors
center
href
campus
experience
campus
highlights
html
campus
highlights
href
campus
experience
events
html
campus
events
href
campus
experience
campus
safety
html
campus
safety
href
http://nusports.com/
athletics
href
research
nu
index
html
research
expand
research
submenu
href
research
nu
index
html
research
overview
href
research
nu
northwestern
libraries
html
northwestern
libraries
href
https://www.northwestern.edu/innovation/
innovation
amp
entrepreneurship
href
research
news
href
https://research.northwestern.edu/
office
for
research
href
giving
index
html
giving
expand
giving
submenu
href
giving
index
html
giving
overview
href
sid
amp
gid
amp
pgid
amp
cid
amp
appealcode
pay
1
amp
utm
campaign
oc
24
amp
utm
content
pay
1
amp
utm
medium
referral
amp
utm
source
northwestern
edu
make
gift
href
students
index
html
students
href
parents
and
families
index
html
parents
amp
families
href
alumni
index
html
alumni
href
faculty
and
staff
index
html
faculty
amp
staff
href
media
href
academic
calendar
href
https://caesar.northwestern.edu/
caesar
href
canvas
href
https://offices.northwestern.edu/
directory
href
https://www.library.northwestern.edu/
libraries
href
https://www.northwestern.edu/webmail/
webmail
href
about
index
html
about
learn
about
northwestern
rich
history
and
what
sets
us
apart
class
button
href
about
index
html
go
to
about
href
about
facts
html
facts
href
about
history
html
history
href
about
our
people
index
html
our
people
href
faculty
accolades
href
https://www.northwestern.edu/global/
global
href
about
university
leadership
index
html
university
leadership
href
about
board
of
trustees
index
html
board
of
trustees
href
about
mission
vision
goals
html
northwestern
vision
href
academics
index
html
academics
find
exceptional
programs
in
every
school
across
all
disciplines
class
button
href
academics
index
html
go
to
academics
href
undergraduate
programs
href
academics
graduate
to
html
graduate
programs
href
academics
professional
studies
to
html
continuing
and
professional
programs
href
academics
online
programs
html
online
programs
href
academics
short
courses
html
online
short
courses
href
academics
pre
collegiate
programs
html
pre
collegiate
programs
href
academics
colleges
and
schools
html
colleges
and
schools
href
admissions
index
html
admissions
learn
how
to
apply
and
begin
your
northwestern
direction
class
button
href
admissions
index
html
go
to
admissions
href
https://admissions.northwestern.edu/
undergraduate
admissions
href
admissions
graduate
admissions
html
graduate
admissions
href
admissions
financial
aid
offices
html
financial
aid
offices
href
campus
experience
index
html
campus
experience
explore
what
makes
our
campuses
great
places
to
visit
learn
and
live
class
button
href
campus
experience
index
html
go
to
campus
experience
href
campus
experience
visiting
campus
index
html
visiting
campus
href
campus
experience
campus
highlights
html
campus
highlights
href
campus
experience
events
html
campus
events
href
campus
experience
campus
safety
html
campus
safety
href
http://nusports.com/
athletics
href
research
nu
index
html
research
access
the
resources
that
foster
breakthroughs
and
new
ideas
class
button
href
research
nu
index
html
go
to
research
href
research
nu
northwestern
libraries
html
northwestern
libraries
href
https://www.northwestern.edu/innovation/
innovation
amp
entrepreneurship
href
research
news
href
https://research.northwestern.edu/
office
for
research
href
giving
index
html
giving
help
northwestern
thrive
class
button
href
giving
index
html
go
to
giving
href
sid
amp
gid
amp
pgid
amp
cid
amp
appealcode
pay
1
amp
utm
campaign
oc
24
amp
utm
content
pay
1
amp
utm
medium
referral
amp
utm
source
northwestern
edu
make
gift
privacy
statement
privacy
statement
cookie
and
other
tracking
technologies
href
index
html
home
privacy
statement
purpose
of
privacy
statement
your
privacy
is
important
to
northwestern
university
northwestern
or
we
or
us
and
we
are
committed
to
respecting
it
this
privacy
statement
applies
to
the
information
we
collect
process
and
share
from
our
potential
students
current
students
faculty
staff
and
others
including
members
of
the
public
through
our
websites
apps
maintained
by
us
and
email
messages
that
we
send
to
you
that
link
to
this
privacy
statement
collectively
the
services
this
privacy
statement
describes
how
we
collect
use
process
protect
and
disclose
your
information
please
read
this
privacy
statement
carefully
personal
data
we
collect
and
use
the
ways
in
which
we
collect
process
and
secure
information
vary
depending
on
the
nature
of
the
services
we
offer
the
type
of
data
and
legal
and
regulatory
requirements
we
and
our
third
party
service
providers
collect
personal
information
about
you
from
variety
of
sources
including
from
you
directly
when
you
fill
out
forms
available
on
our
websites
to
provide
contact
information
or
other
personal
information
as
part
of
request
for
information
to
be
sent
by
northwestern
when
you
sign
up
for
northwestern
newsletter
or
when
you
register
an
account
with
us
to
access
our
services
data
we
generate
about
you
in
the
course
of
our
relationship
with
you
data
collected
from
cookies
and
other
similar
technologies
as
described
below
and
data
we
collect
about
you
from
other
sources
including
commercially
available
sources
such
as
public
databases
where
permitted
by
law
personal
data
we
collect
directly
from
you
the
categories
of
personal
data
that
we
may
collect
directly
from
you
include
the
following
personal
details
name
date
of
birth
contact
details
phone
number
email
address
postal
address
or
mobile
number
for
yourself
your
parents
or
guardians
and
or
other
emergency
contacts
account
details
username
and
password
transaction
details
when
you
make
purchases
or
respond
to
offers
communications
when
you
participate
in
message
boards
or
forums
participate
in
polls
or
surveys
or
contact
us
with
question
comment
or
request
information
about
your
family
guests
names
of
relatives
who
may
be
attending
an
event
information
about
your
preferences
those
related
to
housing
and
academic
and
extracurricular
activities
information
about
your
application
for
admission
transcript
activities
test
scores
information
about
your
application
for
financial
aid
social
security
number
drivers
license
number
tax
returns
account
balances
investments
assets
and
information
about
your
employment
payroll
information
benefit
elections
work
history
personal
data
generated
by
us
in
addition
we
may
generate
the
following
categories
of
personal
data
about
you
in
the
context
of
your
use
of
the
services
records
of
our
interactions
with
you
and
internal
notes
including
notes
about
your
inquiry
into
our
programs
and
services
personal
data
we
automatically
collect
about
your
use
of
the
services
the
following
are
examples
of
other
categories
of
data
that
we
automatically
collect
from
you
over
time
and
across
different
websites
when
you
use
the
services
including
through
the
use
of
cookies
and
other
online
tracking
technologies
which
are
small
text
files
that
the
services
save
on
your
computer
using
your
web
browser
and
access
when
you
return
technical
data
collected
from
your
computer
or
mobile
device
your
ip
address
browser
type
operating
system
information
about
your
usage
of
our
services
the
pages
you
visit
when
using
the
services
the
search
terms
you
enter
on
the
services
how
often
you
use
the
services
and
the
pages
you
access
before
and
after
accessing
the
services
and
data
that
we
generate
about
you
as
result
of
your
use
of
the
services
our
understanding
of
your
interests
as
result
of
your
use
of
the
services
and
whether
you
are
regular
or
occasional
user
of
the
services
for
more
information
about
cookies
and
how
we
use
them
on
our
websites
please
refer
to
our
cookie
information
page
href
you
can
opt
out
of
use
of
cookies
by
turning
off
cookies
in
your
browser
or
installing
technology
blocking
service
like
google
analytics
opt
out
browser
add
on
if
you
would
like
more
information
on
how
to
opt
out
of
cookies
please
visit
href
http://optout.aboutads.info/
http://optout.aboutads.info
or
href
http://www.youronlinechoices.eu/
http://www.youronlinechoices.eu/
personal
data
we
obtain
from
other
sources
the
following
are
examples
of
the
categories
of
personal
data
we
collect
from
other
sources
including
but
not
limited
to
publicly
available
databases
joint
marketing
partners
educational
testing
agencies
other
academic
institutions
and
the
federal
government
personal
details
name
date
of
birth
contact
details
phone
number
email
address
postal
address
or
mobile
number
details
about
advertising
preferences
products
purchased
or
interaction
with
advertisements
online
information
about
your
application
for
admission
transcript
activities
test
scores
and
information
about
your
application
for
financial
aid
social
security
number
drivers
license
number
tax
returns
account
balances
investments
assets
sensitive
data
we
collect
and
use
the
categories
of
sensitive
personal
data
that
we
may
collect
directly
from
you
include
the
following
personal
data
revealing
racial
or
ethnic
origin
biometric
data
and
data
concerning
health
when
collecting
sensitive
personal
data
the
university
will
ask
for
your
consent
unless
there
is
another
legal
basis
for
collecting
the
information
how
we
use
your
information
and
the
basis
on
which
we
use
it
we
use
your
personal
data
for
the
following
purposes
identification
and
authentication
we
use
your
identification
information
to
verify
your
identity
when
you
access
and
use
our
services
and
to
ensure
the
security
of
your
personal
data
this
is
so
we
can
comply
with
our
contractual
obligations
to
you
operating
the
services
we
process
your
personal
data
to
provide
the
services
you
have
requested
this
is
so
we
can
comply
with
our
contractual
obligations
to
you
improving
our
services
we
analyze
information
about
how
you
use
our
services
to
provide
an
improved
experience
for
our
customers
of
all
our
services
including
product
testing
and
site
analytics
it
is
in
our
legitimate
business
interests
to
use
the
data
provided
to
us
for
this
purpose
so
we
can
understand
any
issues
with
our
services
and
improve
them
communicating
with
you
we
use
your
personal
data
when
we
communicate
with
you
for
example
if
we
are
providing
information
about
changes
to
the
terms
and
conditions
if
you
contact
us
with
questions
throughout
the
application
process
or
for
sending
you
northwestern
newsletters
and
publications
it
is
in
our
legitimate
interests
that
we
are
able
to
provide
you
with
appropriate
responses
and
provide
you
with
notices
about
our
services
considering
your
application
for
admission
and
financial
aid
our
basis
for
doing
so
is
the
performance
of
the
pre
contractual
relations
we
have
with
and
to
serve
our
legitimate
interests
in
selecting
qualified
student
body
marketing
we
use
your
personal
data
to
build
profile
about
you
and
place
you
into
particular
marketing
segments
in
order
to
understand
your
preferences
better
and
to
appropriately
personalize
the
marketing
messages
we
send
to
you
it
is
in
our
legitimate
interest
to
provide
more
relevant
and
interesting
advertising
messages
where
necessary
or
required
by
law
we
will
obtain
your
consent
before
sending
such
marketing
messages
exercising
our
rights
we
use
your
personal
data
to
exercise
our
legal
rights
where
it
is
necessary
to
do
so
for
example
to
detect
prevent
and
respond
to
claims
of
fraud
intellectual
property
infringement
claims
or
violations
of
law
or
our
standards
of
conduct
university
policies
or
our
terms
of
use
complying
with
our
obligations
we
process
your
personal
data
to
for
example
carry
out
fraud
prevention
checks
or
comply
with
other
legal
or
regulatory
requirements
as
required
by
law
customizing
your
experience
when
you
use
the
services
we
use
your
personal
data
to
improve
your
experience
of
the
services
such
as
by
providing
interactive
or
personalized
elements
on
the
services
and
providing
you
with
content
based
on
your
interests
it
is
in
our
legitimate
interests
to
provide
you
with
customized
experience
for
purposes
of
program
planning
and
development
this
processing
is
necessary
to
serve
our
legitimate
interests
in
the
efficient
management
and
administration
of
our
academic
programs
and
extracurricular
activities
keeping
our
records
accurate
and
up
to
date
this
processing
is
necessary
to
comply
with
legal
obligations
and
to
serve
our
legitimate
interests
in
efficient
management
and
administration
in
addition
we
may
use
your
sensitive
personal
data
for
these
and
other
purposes
including
statistical
reporting
information
revealing
racial
or
ethnic
origin
that
may
be
voluntarily
disclosed
during
the
application
process
may
be
used
for
purposes
of
statistical
reporting
related
to
diversity
and
or
to
comply
with
legal
or
regulatory
requirements
access
to
campus
facilities
biometric
information
used
to
identify
an
individual
person
may
be
used
for
access
to
secure
facilities
with
affirmative
consent
of
the
individual
and
in
accordance
with
href
university
policy
compliance
with
social
protection
laws
we
may
process
health
and
medical
information
to
comply
with
obligations
under
social
protection
laws
to
provide
disability
accommodations
or
vaccination
requirements
provision
of
medical
services
health
or
medical
information
may
be
processed
to
provide
medical
services
under
the
responsibility
of
authorized
medical
professionals
or
when
such
processing
is
necessary
to
protect
the
vital
interests
of
you
or
another
person
in
some
contexts
this
information
may
be
processed
with
your
consent
we
may
also
anonymize
your
personal
data
in
such
way
that
you
may
not
reasonably
be
re
identified
by
us
or
any
other
party
and
we
may
use
this
anonymized
information
for
any
purpose
who
has
access
to
your
data
we
share
your
personal
data
under
the
following
circumstances
service
providers
and
business
partners
we
share
your
personal
data
with
our
service
providers
and
business
partners
that
assist
with
academic
programs
perform
marketing
services
and
other
business
operations
for
us
for
the
purposes
set
forth
above
for
example
we
partner
with
companies
to
process
secure
payments
fulfill
orders
optimize
services
serve
online
behavioral
advertising
send
newsletters
and
marketing
messages
support
email
and
messaging
services
and
analyze
information
we
may
also
partner
with
other
companies
such
as
learning
management
system
providers
information
technology
providers
these
service
providers
and
business
partners
include
advertising
agencies
and
fraud
prevention
agencies
which
will
use
your
personal
data
only
in
the
ways
described
in
this
policy
within
northwestern
we
share
personal
data
within
northwestern
including
in
the
us
and
elsewhere
for
the
purposes
set
out
above
to
the
extent
we
collect
information
in
person
outside
of
the
us
countries
within
europe
or
the
people
republic
of
china
we
may
share
personal
data
about
you
with
other
northwestern
personnel
located
at
our
campus
in
the
united
states
or
elsewhere
law
enforcement
agencies
courts
regulators
government
authorities
or
other
third
parties
we
may
share
your
personal
data
with
these
parties
where
we
believe
this
is
necessary
to
comply
with
legal
or
regulatory
obligation
or
otherwise
to
protect
our
rights
or
the
rights
of
any
third
party
how
we
store
secure
and
may
transfer
your
personal
information
the
university
is
based
in
the
us
and
data
are
generally
stored
on
servers
within
the
us
we
implement
technical
and
organizational
measures
designed
to
ensure
level
of
security
appropriate
to
the
risk
to
the
personal
data
we
process
these
measures
are
aimed
at
ensuring
the
ongoing
integrity
and
confidentiality
of
personal
data
however
no
method
of
protection
or
method
of
electronic
storage
is
secure
while
we
strive
to
use
commercially
reasonable
means
to
protect
your
personal
information
we
cannot
guarantee
its
absolute
security
to
the
extent
that
the
university
needs
to
transfer
your
information
the
university
will
do
so
consistent
with
applicable
law
governing
such
transfers
in
general
these
transfers
occur
when
the
university
has
entered
into
contract
containing
contractual
terms
standard
contractual
clauses
that
govern
the
rights
and
responsibilities
of
the
university
and
any
other
parties
involved
in
the
transfer
third
party
websites
our
websites
contain
links
to
and
from
various
third
party
websites
if
you
follow
link
to
any
of
these
websites
please
note
that
these
websites
may
have
their
own
privacy
statements
we
do
not
accept
any
responsibility
or
liability
for
policies
of
third
party
websites
please
check
these
policies
before
you
submit
any
personal
information
to
third
party
websites
children
information
our
websites
are
intended
for
general
audiences
we
do
not
intend
to
collect
or
solicit
personal
information
online
through
our
websites
from
children
under
the
age
of
13
without
parental
consent
retention
we
keep
your
personal
information
for
as
long
as
needed
to
fulfill
the
particular
purpose
for
which
it
was
collected
we
may
also
retain
your
records
if
legally
required
or
to
fulfill
legitimate
interest
more
information
about
retention
may
be
found
in
the
university
policy
on
href
retention
of
university
records
your
rights
where
applicable
under
local
law
under
certain
circumstances
you
may
have
the
right
to
request
access
to
your
personal
information
commonly
known
as
data
subject
access
request
request
correction
of
the
personal
information
that
we
hold
about
you
request
erasure
of
your
personal
information
object
to
processing
of
your
personal
information
where
we
are
relying
on
legitimate
interest
or
those
of
third
party
request
the
restriction
of
processing
of
your
personal
information
request
the
transfer
of
your
personal
information
to
another
party
not
be
subject
to
decisions
based
solely
on
automated
decision
making
to
the
extent
applicable
under
local
law
if
you
want
to
exercise
any
of
the
rights
described
above
or
are
dissatisfied
with
the
way
we
have
used
your
information
you
should
contact
us
as
set
forth
in
the
contact
us
section
below
also
if
you
are
not
satisfied
with
our
response
where
applicable
you
may
have
the
right
to
complain
to
or
seek
advice
from
your
national
data
protection
authority
supervisory
authority
depending
on
the
circumstances
and
the
nature
of
your
request
it
may
not
be
possible
for
us
to
do
what
you
have
asked
such
as
where
there
is
statutory
or
contractual
requirement
for
us
to
process
your
personal
information
and
it
would
not
be
possible
to
fulfill
our
legal
obligations
if
we
were
to
stop
additionally
to
protect
the
personal
information
we
hold
we
may
also
request
further
information
from
you
to
verify
your
identify
when
exercising
these
rights
to
help
locate
your
personal
data
or
to
clarify
your
request
where
you
have
consented
to
the
processing
and
where
applicable
under
local
law
you
can
withdraw
your
consent
at
any
time
by
emailing
us
at
privacy
northwestern
edu
updates
to
privacy
statement
we
may
update
this
privacy
statement
at
any
time
by
posting
any
changes
to
this
page
please
check
back
frequently
to
see
any
updates
or
changes
to
this
privacy
statement
we
may
also
notify
you
in
other
ways
from
time
to
time
about
the
processing
of
your
personal
information
your
continued
use
of
our
services
after
any
change
in
this
privacy
statement
will
constitute
your
acceptance
of
such
change
contact
us
if
you
have
questions
or
concerns
about
this
privacy
statement
please
contact
us
by
email
at
privacy
northwestern
edu
or
in
writing
to
northwestern
university
br
attn
assistant
vice
president
risk
amp
compliance
br
ridge
ave
4
th
floor
br
evanston
illinois
last
updated
february
14
back
to
top
href
index
html
img
alt
northwestern
university
logo
height
52
src
width
cdata
document
write
new
date
getfullyear
northwestern
university
href
building
access
href
emergency
index
html
campus
emergency
information
href
https://hr.northwestern.edu/careers/
careers
href
contact
html
contact
northwestern
university
href
disclaimer
html
disclaimer
privacy
statement
href
report
an
accessibility
issue
href
https://policies.northwestern.edu/
university
policies
address
clark
street
evanston
il
phone
number
evanston
chicago
social
media
href
https://www.facebook.com/NorthwesternU
facebook
href
https://www.twitter.com/northwesternu
twitter
href
https://instagram.com/northwesternu
instagram
br
href
https://www.youtube.com/user/NorthwesternU
youtube
href
https://www.tiktok.com/
northwestern
tiktok
href
linkedin
href
bookstore
href
https://offices.northwestern.edu/
directory
href
https://www.library.northwestern.edu/
library
href
https://maps.northwestern.edu/
maps
href
media
relations
href
parking
href
shuttles
href
student
complaint
procedure
script
src
script
src
document
getelementsbytagname
body
0
setattribute
class
standard
page
script
src
js
analytics
js
script
async
async
src
