pdf
obj
linearized
1
12
endobj
xref
trailer
size
root
info
id
prev
startxref
0
eof
obj
filter
flatedecode
length
stream
hb
8
6
zp
1
ga
rus
5
zz
uct
4
tw
8
9
xi
tt
cp
2
zzzfg
30
1
gmrw
9
ly
8
0
endstream
endobj
obj
lang
en
us
metadata
names
outlines
pagelabels
pages
type
catalog
viewerpreferences
direction
2
endobj
obj
endobj
obj
artbox
bleedbox
contents
cropbox
mediabox
parent
pieceinfo
indesign
lastmodified
numberofpageitemsinpage
1
numberofpages
1
originaldocumentid
pageitemuidtolocationdatamap
0
pagetransformationmatrixlist
0
pageuidlist
pagewidthlist
0
resources
colorspace
extgstate
font
procset
pdf
text
imagec
xobject
rotate
0
trimbox
type
page
endobj
obj
ais
false
bm
normal
ca
op
false
opm
1
sa
true
smask
none
type
extgstate
ca
op
false
endobj
obj
iccbased
endobj
obj
filter
flatedecode
length
stream
hw
1
gm
6
8
ma
6
pb
9
dns
ng
wse
8
7
oo
9
ht
8
kj
nr
8
89
cz
dxj
vyu
ra
ox
wo
7
4
hcjry
9
lkd
ar
1
2
fpx
yo
duo
wp
01
cg
0
gn
7
qim
xsi
sp
3
ny
wx
8
zankk
roqnnm
hz
4
hk
kba
2
wb
9
it
4
rk
kfgwwo
yse
kxs
pw
9
jpg
vi
aepf
ybr
uk
be
je
eiqm
kh
po
dn
4
ym
6
vi
2
cgl
vj
bx
9
nq
3
bj
sd
ap
brgl
jl
1
vd
1
jvhln
5
uw
ji
1
3
pctg
26
lk
4
fz
6
ryza
sls
gp
wsqn
4
4
bn
hqs
rc
yv
zy
0
hc
4
qu
ldx
pql
if
hof
jyw
nfgr
kk
jba
5
xx
9
ce
tww
5
ky
8
gi
db
5
la
jl
vsxy
rh
mo
flkc
1
ka
pa
kz
xxtg
bthe
0
miwh
ry
4
ig
ior
7
gmq
0
cyelc
8
ae
8
wchtv
1
mp
2
2
4
yoy
hmoe
endstream
endobj
obj
baseencoding
winansiencoding
differences
31
fi
type
encoding
endobj
obj
basefont
kgsfss
akkuratpro
bold
encoding
firstchar
31
fontdescriptor
lastchar
subtype
type
1
tounicode
type
font
widths
endobj
obj
ascent
capheight
charset
fi
space
parenleft
parenright
comma
hyphen
period
slash
zero
one
two
three
seven
eight
nine
colon
quoteright
endash
descent
flags
32
fontbbox
fontfamily
akkurat
pro
fontfile
0
fontname
kgsfss
akkuratpro
bold
fontstretch
normal
fontweight
italicangle
0
stemv
type
fontdescriptor
xheight
endobj
obj
filter
flatedecode
length
stream
uw
ky
rcu
3
ri
9
ih
9
imm
1
6
screvg
oi
5
8
ww
jf
sr
7
mda
yjwa
zzxz
2
std
3
le
2
70
9
8
glp
6
glp
6
3
ywj
qw
ne
8
4
endstream
endobj
obj
filter
flatedecode
length
3
stream
hytsw
oc
5
la
bh
ad
ed
2
mtfoe
08
8
gng
9
0
2
kz
0
8
7
4
9
gb
0
iw
8
qj
fzun
4
0
zi
8
bxeb
pa
om
0
7
ta
jt
7
zl
yxg
lu
sks
eo
4
25
vd
rn
4
9
gp
ya
cb
2
nq
ma
0
0
qd
9
rq
4
bg
0
hipp
0
mxj
1
ky
de
ei
2
ebgt
4
mzn
yk
0
eaiq
wt
6
hh
0
nhf
8
kc
5
6
lia
2
ckma
dv
kel
cq
9
ujr
wg
xr
oc
hg
eb
6
3
zf
6
ng
1
6
9
8
8
ujq
nv
mmr
4
3
kgz
zq
0
fx
8
mw
2
aian
8
akhi
7
qwy
46
aaa
yh
yh
7
9
umssnpjp
mi
jln
dhjitcj
kwkgc
nd
mluvx
hol
13
osbsrn
so
1
oz
tut
iskv
tb
6
7
ydy
ujayt
kj
4
mt
uc
7
vffy
7
lqlioz
lg
zzmzy
uuw
nww
5
kyg
kekld
7
dmo
1
nll
9
hb
ig
vv
8
nr
7
8
yhyj
zpg
xqkfa
dinu
dlv
6
dscs
2
xr
4
pm
8
ww
km
endstream
endobj
obj
filter
flatedecode
length
subtype
type
1
stream
huktsw
ii
8
vdz
ee
jjuno
sbsj
8
3
7
zh
2
0
su
edq
eqcu
4
sbq
mp
3
ankj
er
pl
1
uzf
4
qzj
xc
ro
inpjo
8
2
ib
1
6
qn
4
zlhce
dr
ztfl
qoz
3
er
4
mm
8
yg
0
sb
ya
9
0
oy
9
sd
4
bjnf
nkg
gsiv
nuc
9
re
1
nj
5
6
bh
8
0
dftt
92
iwqu
88
40
sddy
0
3
pp
5
br
8
us
7
nxl
fj
ftps
8
fv
bmio
8
1
8
an
xm
mfr
67
ce
6
0
2
7
mzf
rg
ob
wc
vu
uz
4
ga
od
uew
1
4
ybqo
3
kx
arpdjqg
9
ud
ar
tu
jmwd
2
7
mb
6
2
pqn
59
6
9
fl
gp
0
fu
yts
2
nqyh
7
9
la
ai
5
wr
mzt
xs
zf
4
qja
pg
0
7
xi
4
zb
9
8
nnp
rz
sl
lc
5
2
va
em
1
qv
3
kw
uhqf
tseqy
qnpu
wikt
xa
0
zz
ah
0
fn
np
pr
efsu
5
op
umtgcfj
9
aj
1
vi
bl
5
iq
cjwonjvay
5
3
fdye
5
6
jm
eje
7
hm
2
7
lu
kbg
mc
ltme
cd
0
wwpo
1
9
sy
0
uo
3
ba
2
iy
9
fla
okheh
6
fe
5
zpx
ae
biq
ob
6
yv
tkmvb
2
jqp
0
sipvi
3
la
ih
gr
6
0
8
ndhd
4
zh
7
nn
zh
9
ae
8
bs
yrt
iw
hw
opx
3
bd
xf
5
4
ia
7
wijl
3
arfb
3
zhd
ww
7
jc
hhkg
5
6
qg
qg
rtad
fdqocir
uhsp
rf
3
yhj
wa
cnv
snu
cy
9
cpjq
kp
0
7
6
hq
1
oo
4
fm
lv
wy
6
8
nnjsx
2
mwfoyum
3
eql
cl
3
lf
8
wa
syx
endstream
endobj
obj
length
subtype
xml
type
metadata
stream
xmpmeta
xmlns
adobe
ns
meta
xmptk
adobe
xmp
core
79
rdf
rdf
xmlns
rdf
http://www.w3.org/1999/02/22-rdf-syntax-ns
rdf
description
rdf
about
xmlns
xmp
http://ns.adobe.com/xap/1.0/
xmlns
aux
http://ns.adobe.com/exif/1.0/aux/
xmlns
exifex
http://cipa.jp/exif/1.0/
xmlns
photoshop
http://ns.adobe.com/photoshop/1.0/
xmlns
xmpmm
http://ns.adobe.com/xap/1.0/mm/
xmlns
stevt
xmlns
stref
xmlns
dc
http://purl.org/dc/elements/1.1/
xmlns
crs
http://ns.adobe.com/camera-raw-settings/1.0/
xmp
rating
1
xmp
modifydate
xmp
createdate
xmp
metadatadate
xmp
creatortool
adobe
photoshop
lightroom
classic
macintosh
aux
serialnumber
aux
lensinfo
aux
lens
ef
mm
ii
usm
aux
lensid
aux
lensserialnumber
aux
imagenumber
0
aux
approximatefocusdistance
aux
flashcompensation
aux
firmware
2
aux
distortioncorrectionalreadyapplied
true
aux
true
aux
vignettecorrectionalreadyapplied
true
exifex
lensmodel
ef
mm
ii
usm
photoshop
datecreated
00
photoshop
legacyiptcdigest
dd
cfdd
photoshop
colormode
4
photoshop
iccprofile
gracol
crpc
6
icc
xmpmm
documentid
adobe
docid
photoshop
2
daca
aaed
9
bf
9
xmpmm
originaldocumentid
beb
25
de
9
eb
ed
ee
xmpmm
instanceid
xmp
iid
92
dd
ac
bfdf
52
xmpmm
preservedfilename
nu
cr
2
dc
format
image
jpeg
crs
rawfilename
nu
cr
2
crs
version
crs
processversion
crs
whitebalance
as
shot
crs
temperature
crs
tint
1
crs
saturation
0
crs
sharpness
40
crs
luminancesmoothing
0
crs
colornoisereduction
25
crs
vignetteamount
0
crs
shadowtint
0
crs
redhue
0
crs
redsaturation
0
crs
greenhue
0
crs
greensaturation
0
crs
bluehue
0
crs
bluesaturation
0
crs
vibrance
10
crs
hueadjustmentred
0
crs
hueadjustmentorange
0
crs
hueadjustmentyellow
0
crs
hueadjustmentgreen
0
crs
hueadjustmentaqua
0
crs
hueadjustmentblue
0
crs
hueadjustmentpurple
0
crs
hueadjustmentmagenta
0
crs
saturationadjustmentred
0
crs
saturationadjustmentorange
0
crs
saturationadjustmentyellow
0
crs
saturationadjustmentgreen
0
crs
saturationadjustmentaqua
0
crs
saturationadjustmentblue
0
crs
saturationadjustmentpurple
0
crs
saturationadjustmentmagenta
0
crs
luminanceadjustmentred
0
crs
luminanceadjustmentorange
0
crs
luminanceadjustmentyellow
0
crs
luminanceadjustmentgreen
0
crs
luminanceadjustmentaqua
0
crs
luminanceadjustmentblue
0
crs
luminanceadjustmentpurple
0
crs
luminanceadjustmentmagenta
0
crs
splittoningshadowhue
0
crs
splittoningshadowsaturation
0
crs
splittoninghighlighthue
0
crs
splittoninghighlightsaturation
0
crs
splittoningbalance
0
crs
parametricshadows
0
crs
parametricdarks
0
crs
parametriclights
0
crs
parametrichighlights
0
crs
parametricshadowsplit
25
crs
parametricmidtonesplit
50
crs
parametrichighlightsplit
75
crs
sharpenradius
crs
sharpendetail
25
crs
sharpenedgemasking
0
crs
postcropvignetteamount
0
crs
grainamount
0
crs
colornoisereductiondetail
50
crs
colornoisereductionsmoothness
50
crs
lensprofileenable
1
crs
lensmanualdistortionamount
0
crs
perspectivevertical
0
crs
perspectivehorizontal
0
crs
perspectiverotate
crs
perspectivescale
crs
perspectiveaspect
0
crs
perspectiveupright
0
crs
perspectivex
crs
perspectivey
crs
autolateralca
1
crs
exposure
crs
contrast
0
crs
highlights
35
crs
shadows
39
crs
whites
0
crs
blacks
0
crs
clarity
10
crs
defringepurpleamount
0
crs
defringepurplehuelo
30
crs
defringepurplehuehi
70
crs
defringegreenamount
0
crs
defringegreenhuelo
40
crs
defringegreenhuehi
60
crs
dehaze
0
crs
texture
0
crs
tonemapstrength
0
crs
converttograyscale
false
crs
overridelookvignette
false
crs
tonecurvename
linear
crs
tonecurvename
linear
crs
cameraprofile
adobe
standard
crs
cameraprofiledigest
afa
crs
lensprofilesetup
lensdefaults
crs
lensprofilename
adobe
canon
ef
mm
ii
usm
crs
lensprofilefilename
canon
eos
5
mark
ii
canon
ef
mm
ii
usm
raw
lcp
crs
lensprofiledigest
afeeacda
dcd
fc
0
crs
lensprofileisembedded
false
crs
lensprofiledistortionscale
crs
lensprofilechromaticaberrationscale
crs
lensprofilevignettingscale
crs
uprightversion
crs
uprightcentermode
0
crs
uprightcenternormx
crs
uprightcenternormy
crs
uprightfocalmode
0
crs
uprightfocallength
35
mm
35
crs
uprightpreview
false
crs
uprighttransformcount
6
crs
uprightfoursegmentscount
0
crs
hassettings
true
crs
croptop
crs
cropleft
crs
cropbottom
crs
cropright
1
crs
cropangle
crs
cropconstraintowarp
0
crs
hascrop
true
crs
alreadyapplied
true
rdf
li
stevt
action
saved
stevt
instanceid
xmp
iid
47
bf
fd
8
stevt
when
00
stevt
softwareagent
adobe
photoshop
camera
raw
stevt
changed
metadata
rdf
li
stevt
action
saved
stevt
instanceid
xmp
iid
5
af
stevt
when
00
stevt
softwareagent
adobe
photoshop
camera
raw
macintosh
stevt
changed
metadata
rdf
li
stevt
action
derived
stevt
parameters
converted
from
image
canon
cr
2
to
image
jpeg
saved
to
new
location
rdf
li
stevt
action
saved
stevt
instanceid
xmp
iid
bd
eaa
40
cb
stevt
when
stevt
softwareagent
adobe
photoshop
lightroom
classic
macintosh
stevt
changed
rdf
li
stevt
action
saved
stevt
instanceid
xmp
iid
aefa
da
ae
stevt
when
stevt
softwareagent
adobe
photoshop
macintosh
stevt
changed
rdf
li
stevt
action
converted
stevt
parameters
from
image
jpeg
to
application
vnd
adobe
photoshop
rdf
li
stevt
action
derived
stevt
parameters
converted
from
image
jpeg
to
application
vnd
adobe
photoshop
rdf
li
stevt
action
saved
stevt
instanceid
xmp
iid
fbdb
8
ad
77
stevt
when
stevt
softwareagent
adobe
photoshop
macintosh
stevt
changed
rdf
li
stevt
action
saved
stevt
instanceid
xmp
iid
66
da
eea
5
stevt
when
stevt
softwareagent
adobe
photoshop
macintosh
stevt
changed
rdf
li
stevt
action
converted
stevt
parameters
from
application
vnd
adobe
photoshop
to
image
jpeg
rdf
li
stevt
action
derived
stevt
parameters
converted
from
application
vnd
adobe
photoshop
to
image
jpeg
rdf
li
stevt
action
saved
stevt
instanceid
xmp
iid
92
dd
ac
bfdf
52
stevt
when
stevt
softwareagent
adobe
photoshop
macintosh
stevt
changed
xmpmm
derivedfrom
stref
instanceid
xmp
iid
66
da
eea
5
stref
documentid
adobe
docid
photoshop
85
ed
ba
stref
originaldocumentid
beb
25
de
9
eb
ed
ee
0
0
0
0
0
0
0
0
0
0
0
0
0
0
0
0
profiles
0
0
22
16
40
35
0
0
0
0
0
0
endstream
endobj
obj
bitspercomponent
8
colorspace
filter
dctdecode
height
intent
relativecolorimetric
length
metadata
name
subtype
image
type
xobject
width
stream
adobed
bbbb
ddddddddddddddd
3
ddddd
ddddddddddddddddddddd
3
ddddd
ddddddddddddddddddddd
1
qaq
2
3
brr
cb
4
cs
defghijstuvwxyzdefghijtuvwxyz
1
aqq
2
br
3
cdefghijstuvwxyzbcdefghijrstuvwxyz
iqi
iq
4
iai
iqi
pi
zi
8
4
lk
8
2
0
di
8
lk
pi
piqi
ii
iqhd
8
2
2
8
22
piqne
4
4
2
4
ylk
8
lq
xii
2
lk
jv
8
tli
iqi
iqk
8
2
rlh
iqi
nk
8
tiqi
pi
poqi
2
8
dviqi
iqi
iqn
0
tiqi
iqi
fi
8
4
qk
iqi
iqi
pi
8
hn
lqi
iqi
iqi
iqn
4
2
lli
iqi
nnqnj
iqi
li
pi
ei
0
iqi
iqi
lk
pi
iqi
sk
yp
3
bkqoy
ry
8
dm
mgg
ut
1
cp
zs
0
klj
iqi
iqi
iqi
iae
8
4
tiqi
2
xpi
4
8
iqi
2
tvm
0
9
pkvd
dv
2
1
ei
cor
jmt
8
9
7
pd
2
kv
2
hnsg
4
iqi
pi
8
di
8
4
2
hi
piqo
iqn
8
iiqn
6
eqc
gm
lq
8
pn
za
8
ojg
4
zbd
bdfg
9
mw
fjs
rhjt
7
zovl
qw
vq
uynkjoy
gf
nvors
oyy
3
toyj
zj
jm
vi
vk
wpi
nsjs
aoyn
yfkflxl
6
rb
mqp
4
ffi
ur
67
tlzx
bf
8
buwt
6
gq
ahzdv
vfhcx
pq
1
lnuyiv
ib
0
ov
ib
6
9
5
jd
tr
9
8
gcl
wn
97
vv
wy
gmj
5
hd
35
unqt
6
5
5
cjs
7
lfnu
3
5
2
yq
4
zp
je
cg
fr
sj
us
5
9
we
tzj
rm
8
vfz
nv
sufghkti
jz
0
te
5
3
iwbfts
2
zc
9
sht
5
0
cz
as
cyr
qb
qfwq
5
uutv
5
qgls
8
0
6
1
sii
ze
vs
ei
da
5
jzb
aueu
tmkh
kle
zb
qbl
cah
5
pb
5
2
lz
jk
22
nb
2
at
ei
ewia
gi
qul
9
ulr
7
2
6
mzc
7
nanx
8
uex
tx
2
wru
rm
7
ajmk
jebm
ju
sz
8
cmy
aab
9
4
rg
0
kh
0
7
7
hw
5
aor
4
fr
uhl
ck
xx
3
4
knq
tcm
bz
8
jn
vnbt
kn
aho
9
0
aprq
pab
jw
7
3
4
8
9
otrhy
otrz
4
hk
etd
wi
ico
cr
ite
7
4
mrcs
gr
gpro
sy
wo
3
8
gr
hg
3
wf
2
dt
qxw
ujbdn
yti
1
ukp
1
za
cn
85
ho
7
oq
2
bn
8
6
0
2
gw
8
5
qc
3
lmb
0
rxxu
fq
cl
ji
27
5
ge
yspr
1
akbgbphw
tnh
sc
zw
xdd
9
4
hzc
7
io
ayq
pl
3
rw
ev
4
ou
bq
uo
3
ge
8
islx
fjm
gnm
3
5
7
yxih
sy
3
5
1
qqe
6
sy
sm
7
bgnr
yao
shblua
ja
aazut
3
3
1
0
rtz
et
qyy
8
kl
ui
go
0
lcponxbl
ize
5
kiv
rc
ch
ep
ih
ibv
8
9
yos
rsza
uqm
6
rf
ea
5
zp
6
qb
5
ak
2
pgnu
zm
4
kq
csh
8
vjub
juz
pnx
rw
kx
vylalz
4
swxd
kk
4
cr
ytzn
tg
lp
4
yz
6
3
lh
hjw
jip
qg
1
ln
1
8
xsf
dr
bv
9
jo
1
dtj
2
ol
ni
ytid
6
zb
fyu
0
sv
ox
bep
0
jzpft
hl
wjcs
6
fb
5
zomlafygb
bve
3
fokf
in
1
khf
cwh
9
od
cx
7
9
cvxj
0
ol
7
gq
cq
gs
lt
7
7
1
nkl
ht
jqk
nw
4
zbi
15
0
9
wge
km
2
7
8
gp
lj
tu
dm
tj
sq
ug
7
tu
af
hv
3
4
yvln
3
8
xb
ih
rps
9
30
7
py
8
xqtikaad
yc
6
qa
9
si
by
drnm
4
pt
94
dd
ry
xh
2
9
nb
1
zxt
6
azu
3
9
vm
3
fjmo
dwfk
enb
no
vb
gzyu
mo
bt
wuiiqn
xihs
vtv
nx
2
6
4
uidr
gc
fb
ay
fh
2
bpty
etx
qr
ct
4
7
4
hjl
vp
5
seyi
ju
6
mbb
3
6
xf
qa
vc
0
uw
djs
ahk
0
qxp
ne
fldx
8
4
3
ud
kc
iqs
ttvpg
6
1
bw
4
cna
6
4
zas
vis
cw
do
0
gd
5
cx
7
7
mgc
6
gez
5
sg
ca
4
raujn
9
1
bgwhn
2
xgx
uhl
4
6
0
4
en
38
95
wfy
8
nykl
1
cy
jm
9
gf
mb
gum
nobzy
hgla
3
frg
1
ff
df
6
zmk
lz
7
0
kf
zfrou
7
ul
tu
4
jt
0
07
uo
pm
8
agz
gs
49
edm
3
ij
jco
7
xh
ha
9
bm
rl
7
fa
qt
prb
5
gj
vsmp
8
vl
7
pmr
8
6
lk
mw
hx
9
aq
7
nsamec
rk
4
vyhq
4
ng
1
2
zv
3
9
eh
5
6
mu
6
sm
0
iv
ff
siz
nr
9
7
vbgs
4
jn
gk
ooye
3
jgx
uj
natc
gk
kzz
9
upw
sr
up
xm
2
nq
ltx
6
va
9
6
6
ge
nm
qf
ow
14
fh
vw
es
3
gsxjaduevpdtck
8
pzq
2
le
nk
9
tmh
hgc
9
ipil
ttb
qh
nnm
tbi
uxsdbqt
6
qups
cz
oa
2
nd
5
8
ipmc
muz
iq
6
rcz
5
6
ekk
6
cwn
4
jeh
es
oe
0
7
mlm
cy
ws
yx
pd
5
qgxn
9
pg
rhs
hmt
4
tt
0
ome
6
gd
0
jz
hm
na
ip
mt
zp
3
fo
6
lx
je
1
6
fho
hikss
rjv
cxq
4
gq
4
mr
jw
ovwg
7
pz
mg
ij
5
7
iq
op
or
ow
zo
2
34
5
fuux
je
6
6
3
mok
njy
lr
riimg
fuv
wd
7
od
jx
3
7
jz
cqwi
if
4
rl
kylc
76
ws
3
zp
4
ky
azm
qki
dud
3
vvl
1
xs
2
lzwks
cmvnsc
gwytf
grot
sg
qsn
osk
9
nr
vg
mzu
1
ad
lci
ydnw
5
8
rtzq
6
7
ml
lp
gv
4
zil
hsu
cx
2
fcv
cha
7
gbq
6
yl
rj
kyb
kr
1
srud
mn
fm
6
juswejm
6
anz
me
4
fxi
1
ay
lb
si
6
gl
4
8
prooex
egk
poq
2
vc
1
jtp
9
rmz
sruq
0
7
fax
9
gbc
wj
5
sy
tdb
2
ql
es
4
lch
rgh
9
zjsrjw
2
vrw
1
9
xk
jxlga
8
mg
qw
qp
rn
ov
ncnh
9
so
4
61
4
pp
3
8
0
uizt
oqz
bdqyf
0
cx
ij
fm
fzr
xh
7
ku
uq
nt
mzx
qtuz
ufd
pz
vum
37
nz
tj
2
dt
lk
phu
5
tspvk
euyw
vw
9
du
ix
aj
cg
jf
1
zbvtymk
gv
gu
zevzv
wot
7
cto
jbltm
cd
ski
sms
6
4
wm
tuvrtx
4
5
qeoh
7
ev
0
ph
rdfo
sz
wh
74
3
ofa
ehntmd
wdq
7
rygl
7
ka
cr
5
mo
hr
cxx
myiqvvv
fpk
4
5
vvjk
wjn
oc
9
gbeuq
0
iu
xk
agt
quh
ws
9
bb
usrqw
lb
2
9
iwrggt
1
ny
9
imndsg
hm
roy
pl
vz
bo
ik
nb
gl
2
8
wtb
oy
et
7
jr
3
ox
if
us
yq
7
gv
umk
0
4
rnk
40
jl
sh
3
gu
tt
ux
uxoen
gsw
njiq
cmgjdj
sq
riff
ebgi
9
9
9
sl
8
hve
3
aprpe
2
uro
miep
fny
93
1
8
li
grt
0
ei
8
kd
3
2
ds
3
omg
7
kjc
uc
clr
2
0
en
69
3
6
qh
yuwtb
vbu
ih
fy
6
tj
4
axt
id
trzv
4
kgxh
5
6
hqm
ll
8
tzdi
0
4
2
fh
1
ct
je
qst
vx
5
qk
yly
6
yf
3
yx
bf
5
mg
zr
ca
0
uik
4
qgv
4
hq
cmh
bn
7
xq
0
sjzyh
4
kpo
uin
6
9
7
4
eqfz
if
1
efq
0
wls
gwj
8
au
1
od
kilqls
oa
6
qbetzur
ce
4
nu
puj
bzntce
do
8
vkftu
0
ru
5
hy
4
9
fm
iz
2
5
vh
caj
ky
aoar
6
jfufq
9
oj
66
4
4
fyge
xjc
az
9
ff
2
jx
nlwjlf
2
rkf
wbj
mt
sfi
hi
5
ahk
9
jb
9
7
hw
ghh
8
qr
qrd
xdwj
3
1
lmwau
xj
gjsgsn
7
mz
rxkf
rm
qf
5
7
iw
ig
ky
12
lzt
2
7
nn
jh
uk
nj
iml
1
div
bnnkjd
4
hl
4
slca
uyro
mj
8
ve
2
0
gho
wevgtr
xp
vt
ydd
9
tv
dmwne
3
kt
7
dee
5
7
vd
8
fk
08
4
tu
0
5
jqfux
9
qrmbdw
ts
2
5
ly
hi
em
8
ky
8
qg
8
ochlxl
an
iy
wr
5
aidcp
7
tf
6
1
rsj
3
wi
9
vdnfr
4
luhw
9
sru
4
lyxv
5
eb
4
nc
ji
fx
qs
6
swfr
5
tjlo
1
wyfh
mw
2
ex
1
nh
2
ivfkq
7
to
dw
3
hq
pliz
khm
7
sk
7
th
1
7
kqu
is
45
lh
kx
wrtrpy
5
hqp
mu
4
wn
5
5
7
ml
awr
sbj
qsi
4
re
ei
jiq
gg
5
trw
byr
oigo
7
qu
jkz
ho
rfgiu
jmnikqhw
99
nv
rez
re
twy
2
jkl
dt
1
vf
kbet
rt
fl
9
jk
9
6
5
bh
gukyj
tom
4
9
8
ib
1
utav
3
8
bji
8
wz
7
mh
8
dq
ej
mu
7
bbtihm
aj
0
nr
sq
jfjusbt
ok
pg
2
nh
vp
2
6
rs
mn
eogk
7
cb
77
gfhd
0
bs
te
hnq
9
6
gd
bgb
6
hsjf
6
do
cz
3
tmo
tdv
iv
bw
sng
tuzd
cb
1
bt
1
qy
sc
okzfrpp
2
mksa
3
nnd
9
egv
0
7
er
mw
vts
wq
gc
wgoweeyw
gzr
4
lu
ej
7
rn
phljm
jwl
drq
5
if
eiz
ir
xhbcmkv
8
gdjoums
op
iskoy
qmp
1
mvn
9
4
7
ha
8
imkgm
jjl
kgj
dt
ra
3
lsh
jw
56
lptlsq
4
mzs
pseto
bg
vje
0
ko
uv
4
ptbrvzni
dp
nq
ni
rz
xb
0
beo
3
vtn
koten
eos
kjj
8
fm
4
uf
lb
7
uh
0
tc
oe
qsnc
4
qa
5
in
15
rk
1
jjkq
fi
5
bgr
fv
3
sy
lxaj
6
dy
1
9
lg
1
ijv
jo
qf
ir
5
6
kr
qi
otw
ja
4
ff
96
po
vox
fgh
vzmop
2
pxy
7
5
1
hd
nls
bp
6
pd
4
gltt
tx
1
9
nlm
7
paje
jcpp
mg
kj
4
9
ncgk
5
fbnshyw
mf
2
cc
qe
65
rq
klc
2
qzs
lauk
6
tvj
it
oc
5
9
lo
2
bv
bkk
27
cni
nz
6
lof
ri
6
rj
4
loz
cl
dc
2
wi
9
pcg
hwujwvp
8
qy
5
tq
hiam
5
10
fii
6
1
tzkfm
ou
bhv
21
jd
4
zh
5
ntyht
zvbmk
as
gd
1
gtkjyn
th
slj
fw
8
6
ps
uf
6
cf
oj
cl
eej
1
lzam
0
ca
vp
lrfq
tn
pvv
4
pd
69
ft
ivqq
0
vuin
hgt
wu
rw
64
eww
ohg
0
7
rzl
ep
lnh
9
6
imck
1
tg
4
4
rdg
cu
9
3
nb
4
kh
4
vj
coh
mzp
vo
4
qq
al
03
qtwc
9
hw
3
av
si
vsyyskpili
hgkm
7
csi
upj
kit
xn
af
ba
8
3
aj
rj
ot
76
wo
bw
8
jort
ljdu
dsw
3
6
qh
6
qo
qiu
oftuo
hh
dct
iw
3
ur
be
7
fcrc
jm
zmd
3
gqx
rj
mnyshf
3
km
4
qct
ut
jhjc
ujo
6
gh
2
5
egk
kivyv
vupumsi
eu
4
40
oz
jg
qk
8
wi
xtom
iplx
6
48
15
nq
vps
0
ml
ug
0
ttl
vt
2
9
uv
7
wbh
6
qa
mx
auxp
7
ru
nuaw
uk
6
vg
ik
4
qk
weuuz
7
lho
yp
krfk
6
rbx
clro
4
bl
nb
xn
0
9
8
5
vj
2
us
vo
6
rt
5
6
le
vbuk
mfv
ev
2
vgr
4
vi
wk
nj
9
ti
8
pr
zgt
8
jmu
lon
vkc
uw
ak
lqy
jma
rn
fatzg
57
3
7
nk
wl
9
vqp
biql
4
gy
7
qw
mu
0
ud
cugapkn
7
jmd
ha
ph
vtjm
2
ic
kl
yy
5
kl
5
aq
moe
ql
mscvylud
8
hta
5
mju
sd
fuulo
1
bcwr
3
jnka
9
0
ki
nw
8
dxnetck
4
it
rrvtn
mr
1
um
yyfhcly
ce
0
vxou
no
lv
dry
qni
ygj
ko
9
37
ew
phv
oxra
ojvm
nmo
df
llex
dv
2
ff
vy
lf
jz
7
pj
3
jc
to
3
utm
43
4
npqvhm
8
qo
6
ru
6
8
sef
5
wmm
bua
2
6
lvnswg
9
yg
qd
jn
ns
uu
wh
vmj
nuqapy
id
lfy
4
hme
qd
lbu
qr
7
xx
3
rd
4
pka
2
6
5
9
kd
5
nna
ua
vg
4
pl
5
ii
te
6
kq
mjok
lfhohlc
ozvom
sxeh
yiqufq
tp
5
61
lc
75
61
vm
2
uj
cp
8
nf
lg
0
oh
xw
wve
7
jsx
4
hnr
sd
ujcq
7
dv
pg
lju
zv
kj
esau
gvi
50
qra
au
lut
ii
mb
3
ad
ys
7
taw
1
lii
5
yc
5
7
aj
5
0
kydv
fa
px
res
2
vu
3
ndm
5
pi
9
ox
9
fzp
ly
3
lz
yjci
tqsm
1
3
eq
7
avz
4
un
kh
ftf
9
yml
0
pi
bxhtquzhf
jsq
5
sa
9
9
00
ij
cl
aqu
2
1
1
mvrf
et
au
ebsm
14
8
kzaot
38
wv
6
0
7
7
4
cdf
ew
8
fhj
4
iw
mm
iqpis
dgw
4
5
6
myj
yn
pcz
ieg
xws
5
uoe
4
er
8
eggnt
mwb
0
eb
ip
bk
knd
1
is
zt
ypzrdv
2
cq
9
los
vv
4
cdlhq
2
fp
ypvq
cea
4
xoi
6
wnccp
6
urb
3
0
iih
lrejhpxl
0
zkn
le
xfm
su
lu
8
jr
4
3
5
qfp
6
mwv
rsi
cl
ebc
9
3
au
uk
9
xwb
2
caobm
5
inh
pfp
eww
5
9
ixfwpf
2
uir
iq
2
1
kt
2
7
gt
2
dgl
dx
qiiw
6
aw
dk
apw
tu
7
ds
utbd
7
if
araqsds
7
0
aqtg
7
et
ja
3
rf
4
vr
de
msl
2
hn
1
ixmpti
ocmu
xvgwmy
hm
skd
hg
6
ci
3
tk
svm
6
wq
5
ubb
iwk
wp
kk
6
37
il
xb
4
armu
7
jm
8
cql
3
kvstl
nv
07
fuj
up
bnh
ceje
nt
ymj
ly
vb
ogv
dd
9
se
41
mfa
1
wjvujjgt
ueta
3
nq
5
ff
41
hv
5
nua
8
5
ry
psm
ssdm
5
6
mdlfuba
vu
5
xsayumq
3
6
8
8
po
ls
0
6
7
nlt
mf
fl
jf
1
hj
qq
xy
pzlmd
mcl
ztt
ay
2
hp
gh
uobq
sfe
0
mn
ct
0
8
db
ndk
jle
8
fmycu
9
2
bpd
ph
5
pj
dxb
mo
4
ln
nj
4
8
dy
avh
3
xf
7
dc
mi
6
lu
2
ce
5
gt
6
6
pt
diyse
vgl
zml
4
loymjvf
8
eehya
4
gv
fsz
jnmqx
8
tu
ct
1
moxci
qdtti
2
gxlv
5
cp
15
er
sxoul
xoj
4
02
5
pv
3
tje
6
iui
6
qcd
yrykg
il
mp
4
ikupm
4
luluv
ah
yvq
nc
0
ci
1
st
kct
jg
gt
2
yv
11
okaad
kupu
tj
1
fv
vxgbg
2
nk
6
0
9
0
au
lvz
pniy
6
mu
2
tv
6
elp
19
8
mti
ltvca
3
pu
rpq
9
1
jb
8
lpl
7
ggb
59
lv
ad
lec
6
jtr
qz
unhni
2
9
sk
62
jl
hk
88
wmhsilg
rv
gn
xx
8
hk
0
bquqz
7
koq
mwvq
qq
8
2
rn
sr
26
xg
fw
fd
nh
lr
sz
1
yn
9
7
0
2
xu
1
zo
un
fb
kbs
htp
6
9
hz
ud
gu
orb
5
79
qu
hvr
0
md
sl
3
6
dhk
8
ac
zesc
6
2
ug
fbm
4
qd
6
9
sm
96
6
vn
civ
pdltjppc
2
2
imk
ja
ye
ediux
zvg
3
8
8
vz
2
lf
1
9
tu
by
wf
0
ax
6
li
6
bwp
7
gkf
0
fd
qn
4
xdtm
9
fzrmkeg
ffi
ilh
ema
dm
pwn
5
rr
7
bj
gv
9
8
hb
6
ar
9
fsm
2
wzz
8
6
1
4
foubh
2
29
9
ue
3
ew
7
ynh
2
7
dyy
ba
9
7
9
bpp
pu
9
lu
mp
wm
kdzzd
9
ghn
1
hmtg
lxy
9
2
0
ek
0
vgm
rl
9
oa
gm
28
ima
21
gte
rq
8
zw
6
dlf
vbg
6
3
2
mfqk
2
yi
0
8
4
atg
0
fbot
3
3
ns
73
va
8
4
nkgi
ie
7
3
swk
0
dbe
0
tju
je
dfawt
iw
vc
yi
1
xk
ld
7
ub
4
6
0
8
vw
5
qh
2
8
eztkkm
7
jx
gneaiu
ahj
fct
9
89
jtll
4
3
qu
4
9
eu
sdxf
ucz
0
my
3
9
ux
rt
lr
ht
84
8
qq
3
luk
3
emitouj
5
fkxvc
7
xdt
3
3
wk
2
gv
1
ymw
6
by
0
2
5
qc
vgi
qb
5
hh
05
zgc
cz
ae
6
aq
mq
0
yn
9
3
3
rn
3
4
qpz
pt
6
aoli
nz
8
5
jbud
2
5
iivkk
fd
xp
hi
7
wui
8
zl
zmb
0
jy
va
ptsqa
sj
uiu
8
qh
31
1
flt
8
sbu
7
3
6
9
ldsl
3
oqpv
dya
5
ak
7
nc
0
8
0
yk
uts
2
6
qq
6
iuxl
hms
6
met
iv
kt
8
5
apl
uy
ztspkmk
uka
flc
zg
1
kdo
6
3
0
oh
ity
0
9
ugx
2
sm
9
am
4
uo
ob
8
yfw
aaa
2
kh
ye
7
0
oi
5
nwq
9
fiw
8
2
7
dc
ra
axl
up
2
3
vc
8
ou
zt
3
7
bwq
er
ym
umhi
5
0
6
5
cuek
niu
2
dj
5
6
irr
3
8
cp
8
mj
fc
jzt
1
8
5
2
tb
88
jl
5
bd
4
fs
xz
su
8
8
sc
nsn
eh
rd
3
kou
dfc
qu
fswmn
fk
7
qsqrf
4
cohfj
2
7
rvi
6
2
gmi
lai
9
dmepusut
8
cpmuw
ei
2
4
6
ah
yr
je
kx
wh
xmit
92
kn
2
8
re
2
8
7
jk
1
8
6
jp
fi
7
2
il
2
eq
6
wi
nu
hmv
mh
trt
asv
lr
7
3
4
8
gp
6
7
2
gt
33
fpm
yt
8
vd
1
8
hnzg
jzd
6
cbaj
3
hi
xgltp
4
2
ef
inv
eh
flm
oz
zfjkgm
7
4
3
vfcc
3
ewygvzv
kr
8
5
zfvmemv
ljwh
8
5
ga
7
gf
sn
hmyzz
cdi
06
zit
9
kgci
5
sv
7
5
me
xz
6
kzz
1
eifau
djwijz
9
jlp
ah
fb
2
6
nai
ci
2
4
ngw
8
wx
2
ayf
6
mkhe
3
bc
rqit
0
jc
3
2
2
vfe
1
3
iqpa
kknd
tf
4
la
9
96
pe
7
xt
2
yr
ie
jl
za
etoz
tg
4
re
ybdw
qn
dlxif
jg
iz
unit
8
ct
sd
1
2
9
0
ce
vwps
ss
9
4
0
eh
afpw
pr
rkf
5
zjmu
8
aq
ah
iy
4
of
nkoi
1
in
lip
4
vc
1
3
esq
nhh
0
sk
8
ds
ifq
mp
2
4
zytk
ju
cd
cb
it
xt
ifm
78
dz
ln
7
lz
9
ai
0
xa
nwd
qpq
3
aqir
2
ns
0
yo
6
5
tey
dmm
6
hq
9
hb
vk
2
dl
9
lyii
sc
xkdh
8
5
9
9
il
5
zd
be
ci
2
6
lb
2
dqlx
2
4
ng
brk
pfjz
1
ikohzq
mm
sx
do
lq
0
yo
5
9
lg
3
7
hthfb
4
xy
1
1
da
3
0
hb
1
xsm
9
vz
ss
pm
ya
tc
4
gz
84
5
1
po
9
nqgy
zne
ib
ea
ji
2
7
8
csh
wf
0
gr
5
9
gk
3
pc
09
xg
jc
0
2
lg
sdn
gvoj
rhsl
mrb
0
np
2
4
9
nh
8
jqqoo
4
3
bbw
sd
2
pzmdc
xcsn
1
nc
ig
3
ms
qif
9
bic
8
ls
wghnb
9
xd
za
0
4
2
ld
8
nkqjwr
3
os
9
zs
8
ur
xfk
4
0
dfu
0
us
ht
9
ty
4
lut
1
9
xm
6
ysn
qt
7
hv
dv
fm
ufgt
zib
hhtn
8
wd
bbmi
9
dt
3
fy
4
4
fq
1
rmi
9
5
zh
80
do
7
1
wzal
2
dd
hl
3
msm
9
nb
vo
lo
6
mq
9
bfw
6
ib
xn
2
hxf
ln
2
3
crsqe
9
9
1
1
hs
hh
vd
cci
9
qp
quziv
8
ny
4
je
ao
pf
12
7
15
8
22
jc
hx
vp
9
89
kb
7
2
if
rsd
4
gql
19
kd
td
2
qoi
0
zbe
7
byd
3
mu
6
8
fm
nz
dahc
xi
6
bnu
1
44
2
nnn
fy
nii
pw
0
cf
eke
8
tgrknh
6
tgwf
8
tvzh
lt
8
hd
st
0
gtnjldhzjc
1
pd
fa
if
1
um
ap
9
2
6
ep
ruqwx
38
tn
da
ch
6
3
sh
or
8
fbpm
sq
6
la
lnamh
9
ci
8
li
1
ss
86
gd
sxl
yq
5
am
8
wc
3
knhah
df
sejw
5
ir
5
sjn
2
yib
48
th
mq
up
4
ozh
yhn
43
tept
al
hzdatn
pow
vgm
2
5
3
rk
mij
2
3
uq
2
30
niapbdt
0
05
3
ld
an
kr
6
hq
lfrb
kp
9
vbu
pha
ru
5
2
7
pehcvl
pt
0
hz
xre
vf
zb
3
cx
40
fy
8
ro
rd
tc
0
neq
eqc
1
8
4
zpf
ee
3
wx
fgdlhq
fo
1
2
jv
17
kthu
3
4
rkda
jdmdhv
3
sl
rx
9
4
7
9
jp
9
cia
emug
pnzi
8
pe
0
0
ddx
xm
bd
8
9
4
32
lhl
8
shsq
zlix
9
yi
dnd
0
bhe
0
lh
hh
8
7
0
hk
tdi
0
arb
0
28
ik
4
3
2
fpd
is
srr
qjt
bikjr
2
0
2
0
cr
uh
cip
hn
ssd
uzi
3
mx
3
ywj
buc
8
qlx
8
vc
uz
9
eto
0
slwtn
3
3
pb
9
vp
aj
il
8
mk
2
wkz
ua
fon
3
pf
gtln
vxz
hchuiw
kx
8
an
nf
0
1
iw
cc
9
nr
3
pr
48
os
iat
3
hcq
8
6
ml
nv
pk
cu
5
5
oz
5
3
ba
ozmuclxj
7
ci
wrz
ms
2
9
dni
3
cq
0
ayuf
dd
dgi
4
mg
pg
9
eiha
pv
0
vk
xj
3
sd
od
kr
3
tarih
78
rbm
2
0
ifis
9
yqfteljld
3
crh
cia
zkcyaq
8
ua
2
mw
17
jp
aq
2
yps
jibtv
vsn
kz
ilof
3
sn
9
4
hk
9
gpk
nf
qms
1
ho
1
amki
gupe
1
sjzr
2
1
ip
hz
xdv
pov
da
zw
8
5
jv
md
wcq
9
dz
39
ai
2
dnaxa
4
4
uw
fe
xhc
9
np
tj
5
08
4
3
ok
4
9
1
ky
vdgi
fz
hkb
lj
dx
ah
5
owsl
pa
0
jq
gqc
2
da
hb
8
rxh
8
0
qvt
3
hc
bwnb
mphl
8
uuj
uah
dh
wl
yin
9
1
dtq
1
jw
8
8
sfr
2
1
hfed
0
rbi
3
kr
5
1
0
8
ne
3
hno
8
dpy
bi
7
dlkh
7
2
2
2
6
fba
cf
2
gdzt
1
fe
ld
hg
7
lh
te
eavg
lut
7
xtchu
9
xaj
6
fn
0
hpqoj
5
ikku
9
aov
0
7
kwi
07
nz
3
1
nd
5
lz
5
8
77
qcaq
0
db
bi
em
jlc
06
8
bu
6
zhhh
10
hkz
2
lf
9
ii
02
au
6
cm
4
av
vkwb
tx
hh
6
stcc
1
bldg
8
mr
dg
zku
1
4
dg
il
3
ni
2
7
omh
pnp
7
xl
khcrik
da
xh
ni
46
aljxdl
3
sa
cfbznn
bkmrf
wc
tc
0
kd
cb
7
kf
zmt
9
gsg
hm
6
aq
sm
8
yq
4
ih
5
et
6
cz
ri
kfr
ug
5
gph
dv
oh
9
rh
bb
2
or
9
dd
7
ew
1
2
rsrt
0
kt
6
hh
7
xtod
5
cmtb
io
2
ud
7
iu
ug
7
ub
5
nj
6
uqm
0
8
6
vqy
5
qz
ume
ali
dc
ddik
5
2
ig
4
evm
1
0
uzt
9
8
xd
tx
dn
mr
aqn
adm
bb
mdaod
4
1
dpi
xdh
tq
1
xh
sm
0
kw
5
2
ndw
cr
vj
afcd
2
qe
td
weiu
7
dq
4
lh
7
tb
5
ba
1
lg
td
3
oajd
9
oo
7
aoeb
5
jxk
kho
7
ngs
7
tgr
3
fz
xe
9
6
sl
zj
3
ss
fenyon
5
1
ne
jc
df
ab
eg
xny
0
2
pni
at
qqi
the
rd
4
xp
9
2
5
dl
3
aduc
8
qc
hq
6
lu
3
fr
2
smwhisii
cr
du
aw
jbn
pf
1
9
hcd
3
ap
mnd
8
3
nc
7
yd
8
7
jw
dp
8
wg
5
bc
bo
3
dhn
2
bnc
4
7
gi
0
jm
9
xt
6
sohi
im
6
jl
un
it
6
8
ap
8
kczfs
lf
szh
7
vn
4
8
8
wjn
ai
5
ns
47
ws
uelh
ddi
qoh
kix
lo
0
sd
xf
ddd
4
qd
2
4
qo
0
ma
nr
8
dnth
9
qt
ep
ps
57
ihf
xi
3
86
jr
xi
ia
1
4
eq
jr
4
sh
8
fb
khi
fb
2
rcx
3
dpl
6
mo
ike
oi
qxaaa
mf
5
4
66
ec
jow
lpz
6
pb
wm
zej
tt
9
niti
lxhi
mi
9
zbb
imjan
cpj
4
nwf
5
7
dz
ke
1
7
9
cq
kda
onq
7
3
0
affeq
1
nn
xi
93
5
qr
03
xh
0
uk
9
8
1
xt
bk
9
2
sn
sfci
oiqi
lf
if
5
ehf
nivap
ae
hbj
uw
0
cz
95
0
lm
9
6
9
xd
hht
2
wih
er
katm
2
uqq
5
whmg
3
ajo
my
0
qnn
qspyvm
ft
0
ropbai
zm
7
gsc
zv
7
bq
48
ss
04
0
1
qx
09
3
lh
4
4
ac
2
lx
yy
zx
2
6
6
wlcd
1
4
vecle
9
mjx
djvf
uc
9
ii
9
jkpuyp
5
95
2
kaxd
hle
tf
top
6
1
vl
5
dm
05
2
lq
2
td
hhl
sjb
ino
6
kiouh
2
id
lxbs
3
3
ae
bg
8
bn
7
ai
0
7
dn
1
sf
26
sqg
fl
1
jp
hzuv
1
hbis
dgq
6
6
nh
5
0
4
zy
rqtuppf
6
tq
7
fj
fs
fkwj
8
wj
7
loyn
ij
gy
io
it
rq
hx
7
kccph
ta
4
cf
gqc
fx
cmx
cf
psd
1
2
0
md
8
6
hc
03
edu
0
jf
dk
7
db
vd
5
fw
8
xzw
xl
mi
3
8
9
it
db
zkce
7
8
gk
upxm
obzprf
6
fbbfj
3
9
rvq
hjgu
ac
ad
liz
cp
sp
4
piowjt
kr
7
is
5
8
rqn
mwepk
rhq
jgq
5
8
8
jl
nh
8
mx
3
ak
5
fx
nsd
5
2
saxp
rhu
bt
nzr
47
8
mp
7
lf
qa
xd
er
tz
5
5
8
zrbha
hqe
8
ad
4
6
md
mj
kpd
fd
4
if
jd
wll
vkowm
ibjn
6
fb
vn
oq
3
5
yl
of
gk
0
sj
9
qbiqudcx
ox
6
8
doxpfsy
cf
8
rnp
3
pqbqe
44
kenw
ft
6
do
vhn
tfqn
lbzko
7
sj
7
okct
ht
2
agb
5
eov
7
jlkdi
tr
hvn
9
1
wkm
8
qc
08
tpa
07
3
2
at
ke
sv
8
86
azi
9
rj
sm
6
7
xcf
7
iqb
poo
5
yd
es
ik
9
ja
uhgd
pqumz
9
wj
9
bs
6
bs
up
4
9
gb
2
ob
9
2
bs
8
0
6
ol
qtp
3
ve
rae
8
4
08
ekbu
5
pi
pp
zpven
0
qq
5
iz
fefpn
2
med
8
7
1
onjf
0
3
7
dk
9
in
exh
qaj
88
lud
wwk
7
uktae
ki
wz
0
thqb
1
0
khme
1
wjp
jrj
4
ctvf
ws
0
nk
2
kc
6
kb
2
ti
3
me
cca
0
8
cl
iq
dm
8
zp
8
dw
zsv
vh
3
kxa
6
fcz
1
gf
0
hry
qcn
0
8
wc
rm
bah
9
lts
4
1
ul
fdd
ndk
08
rdg
kafwe
1
sqb
do
jb
2
7
lzt
ud
7
ld
klkc
rd
id
3
ww
ik
jhl
sk
qck
cnu
fn
jujm
buq
6
1
1
ld
6
bzb
4
ajq
4
13
3
xz
2
5
rj
pb
xn
9
lia
cnl
kgzr
10
4
un
vdf
0
mn
dd
fz
3
aq
0
xe
santn
9
ks
7
ytd
ilmi
8
2
gk
66
60
4
cs
do
8
jz
sh
tq
nc
2
ty
1
opd
clk
8
1
9
il
3
rd
dx
7
tu
ck
6
fz
5
5
url
blyt
hgbp
th
huf
1
kk
7
aqt
bdc
8
vq
xc
jy
09
6
zix
ck
se
uraohm
jjq
6
fe
4
xowg
44
qs
tb
5
mc
tkp
1
7
3
0
mw
9
0
irl
0
0
xmai
5
opa
7
8
feeco
ygs
dws
60
ow
aeg
1
ri
pi
fa
2
waum
kfe
9
ogg
2
tyb
ux
tr
6
tok
1
rs
vms
7
xp
8
kjlv
tr
5
hd
jc
owi
endstream
endobj
obj
annots
artbox
bleedbox
contents
cropbox
mediabox
parent
pieceinfo
indesign
lastmodified
numberofpageitemsinpage
2
numberofpages
1
originaldocumentid
pageitemuidtolocationdatamap
0
68
pagetransformationmatrixlist
0
pageuidlist
pagewidthlist
0
resources
colorspace
extgstate
gs
0
gs
0
font
procset
pdf
text
rotate
0
trimbox
type
page
endobj
obj
endobj
obj
bs
type
border
0
border
0
rect
subtype
link
type
annot
endobj
obj
filter
flatedecode
length
stream
hqk
0
cx
0
2
7
xt
hp
4
rjv
rfzs
gn
xq
dcmw
nk
enk
tt
70
0
ylw
lhg
xdnnc
7
xif
efe
9
es
jzij
4
5
8
fg
rcac
3
nksq
5
kb
endstream
endobj
obj
ismap
false
uri
uri
endobj
obj
annots
artbox
bleedbox
contents
cropbox
mediabox
parent
pieceinfo
indesign
lastmodified
numberofpageitemsinpage
2
numberofpages
1
originaldocumentid
pageitemuidtolocationdatamap
0
68
pagetransformationmatrixlist
0
pageuidlist
pagewidthlist
0
resources
colorspace
extgstate
gs
0
gs
0
font
procset
pdf
text
rotate
0
trimbox
type
page
endobj
obj
endobj
obj
bs
type
border
0
border
0
rect
subtype
link
type
annot
endobj
obj
filter
flatedecode
length
stream
hmo
6
wg
ij
apd
xn
4
kxa
ol
nwp
um
5
dqpl
cm
0
wx
tqmk
doz
7
cc
5
2
qj
0
pe
3
dx
ef
1
cn
mf
1
47
uokl
gr
2
apan
3
gby
3
vp
5
ir
lz
9
ev
llavhd
0
oc
dv
9
endstream
endobj
obj
ismap
false
uri
uri
endobj
obj
annots
artbox
bleedbox
contents
cropbox
mediabox
parent
pieceinfo
indesign
lastmodified
numberofpageitemsinpage
2
numberofpages
1
originaldocumentid
pageitemuidtolocationdatamap
0
68
pagetransformationmatrixlist
0
pageuidlist
pagewidthlist
0
resources
colorspace
extgstate
gs
0
gs
0
font
procset
pdf
text
rotate
0
trimbox
type
page
endobj
obj
endobj
obj
bs
type
border
0
border
0
rect
subtype
link
type
annot
endobj
obj
filter
flatedecode
length
stream
hwkx
3
ez
uus
3
bx
0
rf
vvcgf
7
cy
1
zl
kox
6
vb
ge
0
ou
9
8
qk
uue
zan
ek
3
ot
9
on
0
uy
ru
tz
5
kcllq
wi
yd
mf
6
ky
7
8
go
2
0
kr
6
jt
33
ygcg
0
31
ovdp
yn
8
1
jd
2
3
oq
yvpubv
lq
3
8
vgh
pj
4
eld
6
sbdl
5
2
ea
0
qousi
sh
jt
hk
yljc
8
2
4
wou
8
ymmhq
bc
jtv
iig
ajw
7
et
iojd
ib
kt
2
uqxl
1
bud
5
4
bzqb
ssgv
8
qpqachwy
gx
8
rds
ohwo
0
la
sb
jk
ngido
fm
6
9
is
qkz
ybkllxetqr
3
2
5
lp
wb
yfc
wvqw
esoipkr
wlds
jl
mgqcnvs
eil
dkm
zr
qmf
ip
nsls
4
isf
4
0
usv
2
qu
hdn
5
nd
oa
ah
tajd
8
no
2
1
wf
zynmkn
5
qxu
8
cph
gg
2
pc
7
4
ljj
9
cl
8
yb
4
qhu
okr
4
0
rgk
cnn
tne
rw
ln
zdbz
4
hb
3
8
6
rj
7
kf
px
4
0
ym
9
8
xk
1
0
hitr
ngt
br
bg
endstream
endobj
obj
ismap
false
uri
uri
endobj
obj
annots
artbox
bleedbox
contents
cropbox
mediabox
parent
pieceinfo
indesign
lastmodified
numberofpageitemsinpage
2
numberofpages
1
originaldocumentid
pageitemuidtolocationdatamap
0
68
pagetransformationmatrixlist
0
pageuidlist
pagewidthlist
0
resources
colorspace
extgstate
gs
0
gs
0
font
procset
pdf
text
rotate
0
trimbox
type
page
endobj
obj
endobj
obj
bs
type
border
0
border
0
rect
subtype
link
type
annot
endobj
obj
filter
flatedecode
length
stream
hwkov
1
eiz
kq
2
ar
4
zxlf
3
il
hfs
rqx
zx
klx
2
dc
1
1
gxm
6
xt
68
cd
ge
ru
6
8
cyaig
2
vo
7
ybl
xj
ty
hisz
9
el
brg
3
ms
hb
1
7
0
78
wy
zfq
lv
ba
kvv
lo
2
3
0
0
rynsb
ba
won
6
hq
1
xh
ptv
bt
sv
qvylkh
2
2
re
4
imc
9
xg
wmrj
zmm
9
nk
9
jyj
jefg
mk
hi
svfj
0
lifjq
91
49
ze
9
mlt
gb
na
wh
2
iwzq
1
ys
abbm
rtj
6
id
mx
od
1
hm
xu
2
jy
db
iyj
ubra
5
mv
myjn
boh
6
qt
bi
luf
0
6
spdd
fb
2
4
5
xjf
skbe
mo
dmjsc
3
wxp
fw
08
glmn
llo
4
so
dn
3
zt
bfr
1
xhkgx
qc
ayxq
twn
1
cz
1
cpb
4
4
5
wwwg
jdbyqj
esx
lb
8
jjm
endstream
endobj
obj
ismap
false
uri
uri
endobj
obj
annots
artbox
bleedbox
contents
cropbox
mediabox
parent
pieceinfo
indesign
lastmodified
numberofpageitemsinpage
2
numberofpages
1
originaldocumentid
pageitemuidtolocationdatamap
0
68
pagetransformationmatrixlist
0
pageuidlist
pagewidthlist
0
resources
colorspace
extgstate
gs
0
gs
0
font
procset
pdf
text
rotate
0
trimbox
type
page
endobj
obj
endobj
obj
bs
type
border
0
border
0
rect
subtype
link
type
annot
endobj
obj
filter
flatedecode
length
stream
hwnf
hv
xn
3
ph
7
0
ag
pfdcz
1
fmz
fl
am
0
gbo
6
vt
dw
up
7
bnvbj
7
dxpc
vimsn
mx
0
fp
ao
vbah
lfx
9
klen
0
kzem
wl
gh
fe
6
pl
9
xa
qh
uy
ho
6
3
fc
wq
dr
tkr
xi
0
eqwbv
sv
nu
om
hr
1
6
tc
ec
hw
8
og
5
tm
2
jp
uu
eyr
dlh
mc
2
wttd
nh
gy
4
5
kk
3
rx
al
dc
6
9
jk
7
5
vp
9
ldw
fa
4
ca
skz
9
5
1
6
cejh
ers
pc
mi
pa
6
wb
xmxr
8
jxq
2
kt
6
4
itc
2
7
qu
5
vxn
on
3
0
qv
1
hhguj
9
ph
5
jk
lm
ne
fg
ji
7
lurx
6
2
74
npoe
cue
npqp
uzca
ooev
7
2
9
de
0
ff
jeh
endstream
endobj
obj
ismap
false
uri
uri
endobj
obj
annots
artbox
bleedbox
contents
cropbox
mediabox
parent
pieceinfo
indesign
lastmodified
numberofpageitemsinpage
2
numberofpages
1
originaldocumentid
pageitemuidtolocationdatamap
0
68
pagetransformationmatrixlist
0
pageuidlist
pagewidthlist
0
resources
colorspace
extgstate
gs
0
gs
0
font
procset
pdf
text
rotate
0
trimbox
type
page
endobj
obj
endobj
obj
bs
type
border
0
border
0
rect
subtype
link
type
annot
endobj
obj
filter
flatedecode
length
stream
hwmof
1
hu
mq
ti
it
37
ps
8
1
7
elv
oda
eb
3
zu
7
5
pwqq
dw
lc
wd
xc
woq
1
eaj
9
1
jljnal
6
mblvx
om
zmy
gle
ej
jd
0
saz
qc
6
pb
0
qllydtob
5
ozc
5
abxwu
gnm
9
ez
kt
ox
dg
zz
qt
5
tg
rq
ft
1
om
6
jmx
to
cjw
83
3
hr
vg
mg
js
4
0
yt
ji
6
eanteron
6
2
nu
zu
7
yqbl
mreu
4
glx
sc
2
8
cq
1
dijxcq
6
8
74
nt
ltp
7
hfza
mxqml
0
0
1
rks
jwu
9
ge
4
8
dh
5
5
gxo
4
nn
5
0
sc
ii
7
hkq
ml
fq
oyt
axe
6
0
4
kb
4
gg
48
uzpro
0
endstream
endobj
obj
ismap
false
uri
uri
endobj
obj
annots
artbox
bleedbox
contents
cropbox
mediabox
parent
pieceinfo
indesign
lastmodified
numberofpageitemsinpage
2
numberofpages
1
originaldocumentid
pageitemuidtolocationdatamap
0
68
pagetransformationmatrixlist
0
pageuidlist
pagewidthlist
0
resources
colorspace
extgstate
gs
0
gs
0
font
procset
pdf
text
rotate
0
trimbox
type
page
endobj
obj
endobj
obj
bs
type
border
0
border
0
rect
subtype
link
type
annot
endobj
obj
filter
flatedecode
length
stream
hwnf
4
0
ervodr
8
3
7
fleqc
7
sytvfw
4
7
0
zv
6
9
jfdpm
uk
zqwr
9
xvsuiv
xs
9
yj
mk
1
ddb
xzww
5
su
1
zq
nr
tw
zq
8
5
9
iq
zd
eqv
xjxwwt
9
7
ojqvz
7
td
yeo
nr
baja
uu
0
xw
ae
nr
rif
uwdlf
cq
6
np
di
sw
3
czbj
2
21
2
qi
an
lh
ar
et
00
wjapotfkt
jevqx
zwfi
3
vu
8
zx
dh
4
yqiq
7
abaxw
jxha
ibe
4
hq
ui
ed
in
7
np
1
pd
3
xg
2
wh
gzr
9
9
bh
cj
0
qum
qx
2
2
0
mxemt
xcme
5
nb
1
xf
qk
ig
5
byz
xc
vo
gkw
cf
rr
3
8
kbcy
zl
kti
84
mo
1
fj
3
qdf
mg
7
pbs
po
ae
rc
3
4
lkj
wm
6
se
rep
db
7
rd
1
wun
tm
endstream
endobj
obj
ismap
false
uri
uri
endobj
obj
annots
artbox
bleedbox
contents
cropbox
mediabox
parent
pieceinfo
indesign
lastmodified
numberofpageitemsinpage
2
numberofpages
1
originaldocumentid
pageitemuidtolocationdatamap
0
68
pagetransformationmatrixlist
0
pageuidlist
pagewidthlist
0
resources
colorspace
extgstate
gs
0
gs
0
font
procset
pdf
text
rotate
0
trimbox
type
page
endobj
obj
endobj
obj
bs
type
border
0
border
0
rect
subtype
link
type
annot
endobj
obj
filter
flatedecode
length
stream
hw
nq
rr
ee
sf
twc
1
3
rv
7
cjv
6
mz
whjvvdzmrohs
3
ya
ssl
te
msv
7
on
fsv
dfk
6
ek
ynegf
8
pd
9
urs
zld
yrn
bf
tj
ms
qh
9
oog
6
39
dm
0
zxtg
vw
11
sd
pigk
2
9
mve
7
ucmc
ceol
4
kix
7
rkr
3
vmx
3
8
wa
vozvgu
ye
benkq
5
0
pt
dbps
qe
pt
5
so
jxw
71
iwu
2
bpw
guv
wjuyua
dds
xl
3
tf
6
tuu
olo
hd
89
2
ol
azk
5
daxm
85
hz
eh
42
id
qhh
mntw
gbxb
vx
1
mq
xbd
tmi
5
mfh
ji
4
vua
ls
zhh
76
gy
jt
4
8
nie
xyyi
mn
jg
ltplq
daw
wj
2
4
am
uw
neg
3
3
bw
he
0
tv
hvc
5
rz
wb
wa
zc
myg
5
vrl
id
2
7
1
xec
0
4
nn
ub
fn
zas
7
0
endstream
endobj
obj
baseencoding
winansiencoding
differences
31
fl
type
encoding
endobj
obj
filter
flatedecode
length
subtype
type
1
stream
bofzll
3
3
fz
5
ix
78
eb
lt
gx
aeoin
2
cy
aj
bd
scc
deb
2
al
1
xlm
7
ovv
vz
wzu
gyqc
6
mslln
wb
yf
6
mb
xq
7
hb
6
gaj
9
zot
7
naj
egnweg
ek
go
th
2
mhy
gtd
iz
boacxkegqas
pqx
9
2
tn
gp
7
1
0
9
cb
ki
6
qw
uu
2
wwu
1
7
rb
jk
9
7
zux
vsc
vx
5
4
pthr
1
gx
vx
4
73
xl
crq
hd
kv
ftly
qde
0
ywsy
5
lncu
wea
xe
9
ws
5
gu
7
odberk
23
2
ei
gbj
0
xb
lplatcb
fjyi
udm
dk
eh
3
zp
ew
7
dd
ynn
kdt
dtvnh
xov
5
4
hzbe
6
rzg
6
1
sl
wyz
ti
9
ur
luf
0
ky
sxa
sjd
dlsib
inimz
jqcl
5
xukloqo
9
ta
oq
4
es
va
1
qlg
vuvs
8
bi
0
jokfa
wo
qut
st
on
6
ta
vk
2
2
hy
pdk
sy
1
sa
ii
jm
ur
01
bq
nw
1
2
zduxp
4
6
8
5
3
vcs
1
vu
2
3
di
zi
doj
6
ms
ii
mw
bw
cuwq
xoa
6
xu
rj
lzn
45
9
ra
mf
hz
3
8
tq
9
yg
1
trzdr
0
52
dc
6
ms
dqx
apwpyu
0
5
utgaue
03
kie
oqn
zh
3
jzt
mb
1
33
xd
jfzb
xrb
5
kj
78
endstream
endobj
obj
ascent
capheight
charset
fl
space
period
descent
flags
34
fontbbox
fontfamily
periodico
display
lg
it
fontfile
0
fontname
kgsfss
periodicodisplay
lgit
fontstretch
normal
fontweight
italicangle
0
stemv
84
type
fontdescriptor
xheight
endobj
obj
filter
flatedecode
length
stream
0
cir
0
nzob
8
rrvwmc
4
mk
76
uk
hs
4
qfm
mbjx
fqp
7
jgg
2
vjw
84
yg
3
hn
wnx
rg
ucqcucqcucqcucqcucqcucqcucqcui
4
uc
9
endstream
endobj
obj
ismap
false
uri
uri
endobj
obj
annots
artbox
bleedbox
contents
cropbox
mediabox
parent
pieceinfo
indesign
lastmodified
numberofpageitemsinpage
2
numberofpages
1
originaldocumentid
pageitemuidtolocationdatamap
0
68
pagetransformationmatrixlist
0
pageuidlist
pagewidthlist
0
resources
colorspace
extgstate
gs
0
gs
0
font
procset
pdf
text
rotate
0
trimbox
type
page
endobj
obj
endobj
obj
bs
type
border
0
border
0
rect
subtype
link
type
annot
endobj
obj
bs
type
border
0
border
0
rect
subtype
link
type
annot
endobj
obj
filter
flatedecode
length
stream
hvnf
hc
nc
3
9
7
0
7
az
hz
yud
3
mzm
ln
1
mv
1
mn
3
fv
kipz
awunoi
xzkf
wr
iu
ehh
85
3
7
cw
fq
5
mffp
6
ot
dk
7
2
azu
mqok
5
dk
9
yof
mq
ct
4
fo
bf
bz
4
txe
9
bxrava
wx
alv
3
iw
7
rtp
tyjk
8
kxiw
2
jpi
4
6
6
ha
ajz
is
jei
9
mv
5
livwsg
8
nok
vhtr
mr
ye
6
zc
qt
lc
9
tacnfas
9
xi
ski
vj
hq
hd
3
9
2
pf
3
nhg
iz
9
2
7
1
qmz
pd
7
6
jw
4
vq
ipk
lo
ia
gvthj
7
3
0
ug
endstream
endobj
obj
ismap
false
uri
uri
endobj
obj
ismap
false
uri
uri
endobj
obj
annots
artbox
bleedbox
contents
cropbox
mediabox
parent
pieceinfo
indesign
lastmodified
numberofpageitemsinpage
2
numberofpages
1
originaldocumentid
pageitemuidtolocationdatamap
0
68
pagetransformationmatrixlist
0
pageuidlist
pagewidthlist
0
resources
colorspace
extgstate
gs
0
gs
0
font
procset
pdf
text
rotate
0
trimbox
type
page
endobj
obj
endobj
obj
bs
type
border
0
border
0
rect
subtype
link
type
annot
endobj
obj
bs
type
border
0
border
0
rect
subtype
link
type
annot
endobj
obj
bs
type
border
0
border
0
rect
subtype
link
type
annot
endobj
obj
bs
type
border
0
border
0
rect
subtype
link
type
annot
endobj
obj
bs
type
border
0
border
0
rect
subtype
link
type
annot
endobj
obj
bs
type
border
0
border
0
rect
subtype
link
type
annot
endobj
obj
bs
type
border
0
border
0
rect
subtype
link
type
annot
endobj
obj
bs
type
border
0
border
0
rect
subtype
link
type
annot
endobj
obj
filter
flatedecode
length
stream
hwmo
6
ei
nxn
mk
3
vaq
9
wn
0
uxmvp
7
qo
to
wz
pe
hjyx
gg
2
tv
bhd
lms
1
xn
2
chb
12
dqsm
2
6
inx
hz
up
1
4
vf
8
hb
2
uevnp
qz
wh
yh
nx
0
5
yxusujrgrwrq
hsn
ki
7
yc
xhlg
rhvwu
1
mj
8
lddmq
8
abftm
nx
5
bpyuk
fbb
zwuy
uw
kg
jddb
xq
ax
7
5
3
zzmy
rt
fa
lw
zsc
ph
8
ma
0
cuwdgkcs
txl
trc
78
qex
1
lpkxp
zwg
7
5
df
2
5
6
5
fc
85
fr
1
fhmu
1
fff
fs
5
3
vi
zz
xh
3
ab
iir
bh
itm
endstream
endobj
obj
ismap
false
uri
uri
endobj
obj
ismap
false
uri
uri
https://www.northwestern.edu/counseling/
endobj
obj
ismap
false
uri
uri
https://www.northwestern.edu/religious-life/
endobj
obj
ismap
false
uri
uri
endobj
obj
ismap
false
uri
uri
endobj
obj
ismap
false
uri
uri
endobj
obj
ismap
false
uri
uri
endobj
obj
ismap
false
uri
uri
https://www.northwestern.edu/ombuds/
endobj
obj
annots
artbox
bleedbox
contents
cropbox
mediabox
parent
pieceinfo
indesign
lastmodified
numberofpageitemsinpage
1
numberofpages
1
originaldocumentid
pageitemuidtolocationdatamap
68
pagetransformationmatrixlist
0
pageuidlist
pagewidthlist
0
resources
colorspace
extgstate
font
procset
pdf
text
rotate
0
trimbox
type
page
endobj
obj
endobj
obj
bs
type
border
0
border
0
rect
subtype
link
type
annot
endobj
obj
filter
flatedecode
length
stream
hwnf
hren
mz
4
ux
nh
9
7
xw
2
of
0
8
3
tr
sgh
mnhopl
6
imk
bysf
0
2
2
7
mw
yf
gy
65
emf
dux
qcp
76
5
2
65
fu
yh
9
1
dk
6
mu
ph
6
9
gn
yr
3
4
ie
fv
cr
2
ch
5
rpg
1
ny
xn
9
ykj
0
knt
vep
hk
hp
ns
lzj
mzg
bq
0
wo
5
nn
qa
aug
fhf
zv
pk
dvwm
3
tn
4
bln
7
kfaj
sp
2
ed
ld
2
cq
7
8
yk
ime
3
wn
uwx
0
oc
5
1
zv
7
oyu
4
wr
5
gyz
8
8
7
rhys
tv
jl
rh
8
cs
tin
5
nn
cg
3
4
iif
ws
06
swwx
6
wb
1
in
0
2
7
wzi
fzl
7
img
qp
9
bcf
qzu
th
tkfxx
endstream
endobj
obj
filter
flatedecode
length
subtype
type
1
stream
httit
7
vx
6
qn
ww
4
hl
pz
ihrrs
0
lxf
3
tj
7
4
np
3
7
netj
7
za
2
iq
jmq
es
urkqvj
cesw
iqgq
0
3
jo
pvis
pl
9
wh
zk
8
lwtw
3
jet
0
0
zv
gp
3
mcmd
4
rcwo
0
cs
lh
wp
gh
1
zmet
1
gmp
ook
yl
gc
4
8
li
ss
hpq
5
pbbxbtp
et
9
eu
sr
8
2
sm
6
4
ypc
3
agw
stmv
2
fs
op
uptij
7
emv
rbz
3
7
vhl
yw
3
woy
0
2
6
9
hpa
xp
4
el
em
yt
nx
3
jsz
du
1
8
cj
dls
wn
kv
nu
xv
aysrxu
0
01
ln
cx
0
jx
pk
xpg
7
agdq
vks
4
9
qvu
dy
maa
xvq
2
4
4
iw
lv
de
4
ee
vb
7
nq
wyf
rsu
8
om
ulhs
3
qhp
tu
pg
fq
sc
7
wo
9
cv
ka
7
xhd
8
6
jp
md
cbc
0
pv
wm
wf
2
gvf
th
9
lv
zr
4
9
ui
iud
ay
1
cc
fhp
wd
ww
yr
pvh
8
tp
5
9
5
lgg
lnjc
rro
3
zvcgvkjj
2
xxt
5
9
xolrz
kz
fjvok
5
qx
clzl
1
zcz
lojj
cv
ojprv
9
cn
xny
2
jxl
5
uaae
sj
vz
2
ek
5
ls
9
vvx
3
33
dai
kie
9
bkip
86
8
jfrw
jdrpsr
rlh
az
2
syi
kg
iltv
xd
45
jppeey
4
0
46
xm
kbf
pn
oq
8
6
ze
ld
ye
xv
8
1
7
rpc
en
md
0
vn
vd
ix
6
zgtaea
pwy
cq
endstream
endobj
obj
ascent
capheight
charset
space
hyphen
period
slash
zero
one
two
three
seven
nine
copyright
descent
flags
34
fontbbox
55
fontfamily
periodico
display
rg
fontfile
0
fontname
kgsfss
periodicodisplay
rg
fontstretch
normal
fontweight
italicangle
0
stemv
type
fontdescriptor
xheight
endobj
obj
filter
flatedecode
length
stream
0
7
0
fh
okhdk
icxw
zctiy
wss
mj
kogz
rnx
upos
4
4
ikix
uh
lz
02
ev
xm
ys
so
endstream
endobj
obj
ismap
false
uri
uri
endobj
obj
filter
flatedecode
length
stream
2
nv
0
6
3
fcu
owicxns
ks
9
ntty
3
gj
keo
7
7
7
rp
7
gl
0
endstream
endobj
obj
basefont
kgsfss
periodicodisplay
lg
encoding
firstchar
30
fontdescriptor
lastchar
subtype
type
1
tounicode
type
font
widths
endobj
obj
ais
false
bm
normal
ca
op
true
opm
0
sa
true
smask
none
type
extgstate
ca
op
true
endobj
obj
filter
flatedecode
length
subtype
type
1
stream
hui
fn
0
xb
1
bv
51
5
vca
05
hz
7
fg
aalo
lhr
cq
unk
ed
ap
db
fxl
ad
smx
kd
2
4
0
bs
an
clu
meo
ayd
rx
wt
45
sw
yw
hn
5
shl
tq
1
tyorcb
rxh
ya
3
yxom
xokl
0
ht
yow
9
ajm
wf
0
jy
7
ag
ihb
xh
iet
9
ne
4
4
1
7
ivh
je
4
ds
4
6
uo
azz
ue
8
8
meq
ctz
iver
kdi
7
dtr
mz
xj
tmak
findt
se
vs
buzv
8
oe
scpr
6
ur
yq
mqm
5
ga
9
8
cm
num
8
6
8
kx
2
7
mq
zlv
6
nwr
vr
0
rv
5
1
zr
hf
2
sr
39
3
1
5
pfp
yum
0
lm
gw
8
ri
yjn
3
wx
91
zm
9
klj
3
hrrd
7
ca
lh
0
woit
4
az
hsskdp
2
1
qqhespav
8
9
3
fx
71
er
bwbm
96
un
ld
8
3
stbg
hd
xsd
8
8
eah
ioo
6
7
ak
jz
qtk
ot
7
6
tkuif
wlz
dy
7
gxw
xyli
9
we
8
xuv
8
yf
4
uol
hjp
cu
3
rt
xp
8
7
oh
kxd
95
vxs
3
8
9
bqa
bk
lxu
iz
rev
4
qg
2
tk
2
9
eb
trq
7
ku
abiogefs
qtlgr
6
lp
yi
9
lf
yug
ex
0
mp
brm
rar
4
6
16
zmy
5
rz
yz
2
7
iqhjaiey
2
fd
pf
5
8
36
kv
wq
fh
jz
7
kfy
vla
6
fgkqryt
9
xvs
2
8
uc
86
xd
8
xzyfx
0
qjt
qh
1
fp
5
13
wpxe
yt
2
mx
5
hr
70
nmz
3
2
oa
73
iv
im
re
yr
zs
uwb
xe
5
ab
imn
6
ms
amtv
ioq
ag
3
ci
nw
wdu
adj
ht
ji
1
8
sct
ha
2
xd
kb
gs
sf
4
lpvt
cfpja
9
my
4
ad
yo
1
ok
od
5
5
sds
7
9
mbdp
jt
33
sfq
vn
ccuh
gy
0
ks
ab
bzxxd
9
xx
su
4
zs
hsi
jgq
9
kt
fdc
3
dhvn
2
1
hq
8
7
ytd
fz
9
bn
0
kvq
udf
bo
7
vdz
al
za
kz
ci
3
88
pqt
yd
ks
km
7
3
endstream
endobj
obj
ascent
capheight
charset
fl
fi
space
parenleft
parenright
comma
hyphen
period
slash
zero
one
two
three
four
five
six
seven
eight
nine
at
quoteright
bullet
endash
descent
flags
34
fontbbox
51
fontfamily
periodico
display
lg
fontfile
0
fontname
kgsfss
periodicodisplay
lg
fontstretch
normal
fontweight
italicangle
0
stemv
88
type
fontdescriptor
xheight
endobj
obj
baseencoding
winansiencoding
differences
30
fl
fi
type
encoding
endobj
obj
filter
flatedecode
length
stream
0
cek
4
th
xqi
nrunt
bumly
7
ub
xb
2
endstream
endobj
obj
basefont
kgsfss
akkuratpro
light
encoding
winansiencoding
firstchar
32
fontdescriptor
lastchar
subtype
type
1
tounicode
type
font
widths
endobj
obj
filter
flatedecode
length
subtype
type
1
stream
hluyp
uqtvtwcqtdd
jgged
8
8
mc
5
rz
8
hji
iku
4
uq
8
ju
by
zc
2
imjt
ua
va
zqh
8
np
rz
4
zg
6
dk
le
1
7
ho
00
il
ags
av
ml
mvwz
8
fx
bj
elqp
4
vwxw
ya
ax
4
yg
8
vz
2
ca
xa
ejd
eo
8
2
6
om
1
ss
ih
2
3
umdwt
0
6
bjvy
vc
cb
2
8
rz
3
8
xei
5
dd
5
kbvdu
9
lw
4
9
bkdk
vb
0
8
jp
5
sj
1
bw
nm
tbod
8
eq
bly
mr
peyj
kw
8
5
de
8
xj
wv
ygy
cu
2
2
qr
np
roi
yhis
0
4
9
js
1
ufn
bphy
8
gwc
8
yl
oi
9
13
lhvnbf
8
pzrdo
tus
kim
xoa
kggr
tvfa
cz
tv
6
or
8
yk
xe
kq
6
hnk
3
1
hrij
on
3
txax
9
mb
ir
4
5
zcs
ln
5
ue
8
jo
5
og
vw
oz
6
qr
9
3
7
agrogw
6
7
1
dm
gpe
pa
pao
zzyz
46
xc
mx
2
wi
6
7
3
zfn
gk
endstream
endobj
obj
ascent
capheight
charset
space
comma
period
descent
flags
32
fontbbox
38
fontfamily
akkurat
pro
light
fontfile
0
fontname
kgsfss
akkuratpro
light
fontstretch
normal
fontweight
italicangle
0
stemv
52
type
fontdescriptor
xheight
endobj
obj
basefont
kgsfss
periodicodisplay
bd
encoding
winansiencoding
firstchar
32
fontdescriptor
lastchar
subtype
type
1
tounicode
type
font
widths
endobj
obj
ascent
capheight
charset
space
comma
descent
flags
34
fontbbox
74
fontfamily
periodico
display
bd
fontfile
0
fontname
kgsfss
periodicodisplay
bd
fontstretch
normal
fontweight
italicangle
0
stemv
type
fontdescriptor
xheight
endobj
obj
filter
flatedecode
length
subtype
type
1
stream
ru
ma
dd
ed
gp
zb
wi
ng
lm
0
aaa
qd
1
vllzn
xv
7
8
mj
6
qgbbir
vq
mw
4
ayqw
0
8
6
lmk
6
im
fsb
pq
hzhee
kl
8
6
peq
40
vw
5
5
lk
mzqj
yb
tf
9
2
3
ab
tb
yt
2
9
2
skhok
lip
ae
lp
osyne
ig
1
ts
8
7
hw
py
gv
iq
5
rk
8
2
jd
9
rw
ye
md
ig
6
ktm
rrt
2
qy
9
mbt
vhp
rgyf
46
2
jv
hk
zzr
0
0
aa
yx
3
dn
5
rd
4
1
db
66
micmgo
8
wl
6
ulr
prd
yc
6
qu
1
lqa
4
zlh
wk
4
6
ya
7
df
1
nn
wq
zk
fdp
zeo
ekl
ed
rzl
wxumc
qkx
19
gsa
xo
5
3
mf
po
zy
wknu
ttp
1
rzgi
0
2
yo
gnte
cr
9
7
bmx
19
1
hwc
xd
jw
4
fcsi
2
pr
en
sy
jm
hqekx
es
3
1
4
jj
52
2
3
5
wp
ni
us
iv
8
1
endstream
endobj
obj
filter
flatedecode
length
stream
0
bzy
41
qj
6
sqga
05
sjho
zuk
7
7
luy
ie
5
7
btn
nc
pig
9
8
9
nsj
os
9
endstream
endobj
obj
basefont
kgsfss
periodicodisplay
lgit
encoding
firstchar
31
fontdescriptor
lastchar
subtype
type
1
tounicode
type
font
widths
endobj
obj
basefont
kgsfss
periodicodisplay
rg
encoding
winansiencoding
firstchar
32
fontdescriptor
lastchar
subtype
type
1
tounicode
type
font
widths
endobj
obj
count
0
type
outlines
endobj
obj
names
equity
titleix
respondentguide
indd
xyz
null
endobj
obj
endobj
obj
endobj
obj
endobj
obj
count
12
kids
type
pages
endobj
obj
count
5
kids
parent
type
pages
endobj
obj
count
7
kids
parent
type
pages
endobj
obj
length
subtype
xml
type
metadata
stream
xpacket
begin
id
mpcehihzreszntczkc
9
xmpmeta
xmlns
adobe
ns
meta
xmptk
adobe
xmp
core
79
rdf
rdf
xmlns
rdf
http://www.w3.org/1999/02/22-rdf-syntax-ns
rdf
description
rdf
about
xmlns
xmp
http://ns.adobe.com/xap/1.0/
xmlns
xmpmm
http://ns.adobe.com/xap/1.0/mm/
xmlns
stref
xmlns
stevt
xmlns
dc
http://purl.org/dc/elements/1.1/
xmlns
pdf
http://ns.adobe.com/pdf/1.3/
adobe
indesign
macintosh
uuid
54
af
xmp
did
dbcbdc
xmp
id
ea
fb
1
ecaf
3
bc
66
proof
pdf
xmp
iid
bfa
97
adc
8
ee
5
fe
xmp
did
9
db
df
3
xmp
did
dbcbdc
default
converted
from
application
indesign
to
application
pdf
adobe
indesign
macintosh
application
pdf
adobe
pdf
library
7
false
xpacket
end
endstream
endobj
obj
creationdate
00
creator
adobe
indesign
macintosh
moddate
00
producer
adobe
pdf
library
7
trapped
false
endobj
xref
trailer
size
id
startxref
eof
