doctype
html
meta
charset
utf
8
script
async
async
src
https://www.googletagmanager.com/gtag/js
id
xfg
xm
9
window
datalayer
window
datalayer
function
gtag
datalayer
push
arguments
gtag
js
new
date
gtag
config
xfg
xm
9
gtag
config
7
xlbh
2
nc
54
combo
meta
content
ie
edge
http
equiv
ua
compatible
meta
content
width
device
width
initial
scale
name
viewport
meta
content
origin
when
cross
origin
name
referrer
report
an
accessibility
issue
accessibility
northwestern
university
link
href
rel
canonical
meta
content
property
og
url
meta
content
report
an
accessibility
issue
accessibility
northwestern
university
property
og
title
meta
content
common
northwestern
edu
8
images
northwestern
thumbnail
jpg
property
og
image
meta
content
fa
8
da
name
pageid
link
href
media
screen
rel
stylesheet
type
text
css
link
href
media
print
rel
stylesheet
type
text
css
link
href
common
northwestern
edu
favicon
ico
rel
shortcut
icon
type
image
icon
link
href
common
northwestern
edu
8
icons
favicon
16
png
rel
icon
sizes
type
image
png
link
href
common
northwestern
edu
8
icons
favicon
32
png
rel
icon
sizes
type
image
png
link
href
common
northwestern
edu
8
icons
favicon
png
rel
apple
touch
icon
sizes
meta
content
northwestern
name
application
name
meta
content
84
name
msapplication
tilecolor
meta
content
common
northwestern
edu
8
icons
mstile
png
name
msapplication
tileimage
meta
content
ffffff
name
theme
color
meta
content
common
northwestern
edu
8
icons
ieconfig
xml
name
msapplication
config
document
getelementsbytagname
body
0
setattribute
class
standard
page
script
type
text
javascript
document
getelementsbytagname
header
0
setattribute
id
parent
skip
to
main
content
href
https://www.northwestern.edu/
title
northwestern
university
home
northwestern
university
href
office
of
civil
rights
and
title
ix
compliance
report
an
accessibility
issue
href
index
html
title
accessibility
home
accessibility
form
action
https://search.northwestern.edu/
method
get
role
search
search
this
site
input
id
desktop
name
placeholder
search
this
site
type
text
input
name
as
sitesearch
type
hidden
value
https://www.northwestern.edu/accessibility
input
name
sitetitle
type
hidden
value
accessibility
search
menu
get
started
href
get
started
index
html
get
started
overview
href
get
started
for
students
index
html
for
students
href
get
started
for
faculty
course
instructors
index
html
for
faculty
course
instructors
href
get
started
for
staff
index
html
for
staff
href
get
started
for
visitors
and
job
applicants
index
html
for
visitors
and
job
applicants
digital
accessibility
href
digital
accessibility
index
html
digital
accessibility
overview
href
digital
accessibility
policy
index
html
accessibility
policy
href
digital
accessibility
liaisons
html
digital
accessibility
liaisons
accessible
content
amp
sites
href
digital
accessibility
creating
content
index
html
accessible
content
amp
sites
overview
href
digital
accessibility
creating
content
web
accessibility
index
html
web
accessibility
href
digital
accessibility
creating
content
electronic
documents
html
accessible
electronic
documents
href
digital
accessibility
creating
content
avmultimedia
html
audio
visual
href
digital
accessibility
online
meetings
tools
index
html
online
meetings
amp
collaboration
tools
accessible
purchasing
href
digital
accessibility
accessible
purchasing
index
html
accessible
purchasing
overview
href
digital
accessibility
accessible
purchasing
purchasing
process
index
html
purchasing
process
href
digital
accessibility
accessible
purchasing
vpat
html
vendor
accessibility
href
digital
accessibility
training
index
html
training
opportunities
core
canvas
accessibility
skills
href
digital
accessibility
seven
core
skills
index
html
core
canvas
accessibility
skills
overview
href
digital
accessibility
seven
core
skills
headings
html
headings
href
digital
accessibility
seven
core
skills
links
html
links
href
digital
accessibility
seven
core
skills
alternative
text
html
alternative
text
href
digital
accessibility
seven
core
skills
tables
html
tables
href
digital
accessibility
seven
core
skills
color
contrast
html
color
contrast
href
digital
accessibility
seven
core
skills
lists
html
lists
href
digital
accessibility
seven
core
skills
mission
accessible
wall
of
fame
html
mission
accessible
wall
of
fame
href
digital
accessibility
seven
core
skills
video
and
audio
html
video
and
audio
href
digital
accessibility
seven
core
skills
mission
accessible
challenge
html
mission
accessible
challenge
physical
accessibility
href
physical
accessibility
index
html
physical
accessibility
overview
href
physical
accessibility
physical
access
guidelines
html
physical
access
guidelines
href
physical
accessibility
accessible
transportation
index
html
accessible
transportation
href
physical
accessibility
physical
event
planning
index
html
physical
event
planning
about
about
overview
href
nu
commitment
index
html
northwestern
commitment
governance
href
governance
index
html
governance
overview
href
governance
steering
committee
html
digital
accessibility
steering
committee
report
an
accessibility
issue
contact
us
report
an
accessibility
issue
search
form
action
https://search.northwestern.edu/
method
get
role
search
search
this
site
input
id
mobile
name
placeholder
search
this
site
type
text
input
name
as
sitesearch
type
hidden
value
https://www.northwestern.edu/accessibility
input
name
sitetitle
type
hidden
value
accessibility
search
href
get
started
index
html
get
started
href
get
started
index
html
get
started
overview
href
get
started
for
students
index
html
for
students
href
get
started
for
faculty
course
instructors
index
html
for
faculty
course
instructors
href
get
started
for
staff
index
html
for
staff
href
get
started
for
visitors
and
job
applicants
index
html
for
visitors
and
job
applicants
href
digital
accessibility
index
html
digital
accessibility
href
digital
accessibility
index
html
digital
accessibility
overview
href
digital
accessibility
policy
index
html
accessibility
policy
href
digital
accessibility
liaisons
html
digital
accessibility
liaisons
href
digital
accessibility
creating
content
index
html
accessible
content
amp
sites
href
digital
accessibility
online
meetings
tools
index
html
online
meetings
amp
collaboration
tools
href
digital
accessibility
accessible
purchasing
index
html
accessible
purchasing
href
digital
accessibility
training
index
html
training
opportunities
href
digital
accessibility
seven
core
skills
index
html
core
canvas
accessibility
skills
href
physical
accessibility
index
html
physical
accessibility
href
physical
accessibility
index
html
physical
accessibility
overview
href
physical
accessibility
physical
access
guidelines
html
physical
access
guidelines
href
physical
accessibility
accessible
transportation
index
html
accessible
transportation
href
physical
accessibility
physical
event
planning
index
html
physical
event
planning
about
about
overview
href
nu
commitment
index
html
northwestern
commitment
href
governance
index
html
governance
report
an
accessibility
issue
contact
us
about
href
nu
commitment
index
html
northwestern
commitment
href
governance
index
html
governance
report
an
accessibility
issue
contact
us
href
index
html
home
about
report
an
accessibility
issue
report
an
accessibility
issue
if
you
would
like
to
report
digital
or
physical
accessibility
issue
or
would
like
to
provide
any
feedback
please
use
the
form
below
the
office
of
civil
rights
and
title
ix
compliance
will
review
your
request
if
you
re
using
screenreader
please
use
the
href
title
accessible
verion
of
report
an
accessibility
issue
form
accessible
version
of
report
an
accessibility
issue
form
fill
out
my
href
online
form
script
type
text
javascript
var
qs
3
eubu
zbl
function
var
createelement
options
username
webcommunications
formhash
qs
3
eubu
zbl
autoresize
true
height
async
true
host
wufoo
com
header
hide
ssl
true
src
https
location
protocol
https
http
www
wufoo
com
scripts
embed
form
js
onload
onreadystatechange
function
var
rs
this
readystate
if
rs
if
rs
complete
if
rs
loaded
return
try
qs
3
eubu
zbl
new
wufooform
qs
3
eubu
zbl
initialize
options
qs
3
eubu
zbl
display
catch
var
scr
getelementsbytagname
0
par
scr
parentnode
par
insertbefore
scr
document
script
href
https://www.northwestern.edu/
title
northwestern
university
home
northwestern
university
home
office
of
civil
rights
and
title
ix
compliance
address
sherman
avenue
suite
br
evanston
il
phone
number
evanston
br
northwestern
resources
href
building
access
href
https://www.northwestern.edu/emergency/
campus
emergency
information
href
https://www.northwestern.edu/hr/careers/
careers
href
https://www.northwestern.edu/contact.html
contact
northwestern
university
href
https://www.northwestern.edu/privacy/
privacy
statement
href
report
an
accessibility
issue
href
https://policies.northwestern.edu/
university
policies
cdata
document
write
new
date
getfullyear
northwestern
university
href
https://www.facebook.com/NorthwesternU
facebook
href
https://www.twitter.com/northwesternu
twitter
href
https://www.instagram.com/northwesternu
instagram
href
https://www.youtube.com/user/NorthwesternU
youtube
href
https://www.tiktok.com/
northwestern
tiktok
href
linkedin
href
https://www.northwestern.edu/disclaimer.html
disclaimer
script
src
script
src
