doctype
html
meta
charset
utf
8
script
async
async
src
https://www.googletagmanager.com/gtag/js
id
vgdms
1
vwdc
window
datalayer
window
datalayer
function
gtag
datalayer
push
arguments
gtag
js
new
date
gtag
config
vgdms
1
vwdc
gtag
config
7
xlbh
2
nc
54
combo
meta
content
ie
edge
http
equiv
ua
compatible
meta
content
width
device
width
initial
scale
name
viewport
meta
content
origin
when
cross
origin
name
referrer
get
wildcard
wildcard
northwestern
university
link
href
rel
canonical
meta
content
property
og
url
meta
content
get
wildcard
wildcard
northwestern
university
property
og
title
meta
content
common
northwestern
edu
8
images
northwestern
thumbnail
jpg
property
og
image
meta
content
acb
ba
20
name
pageid
link
href
media
screen
rel
stylesheet
type
text
css
link
href
media
print
rel
stylesheet
type
text
css
link
href
common
northwestern
edu
favicon
ico
rel
shortcut
icon
type
image
icon
link
href
common
northwestern
edu
8
icons
favicon
16
png
rel
icon
sizes
type
image
png
link
href
common
northwestern
edu
8
icons
favicon
32
png
rel
icon
sizes
type
image
png
link
href
common
northwestern
edu
8
icons
favicon
png
rel
apple
touch
icon
sizes
meta
content
northwestern
name
application
name
meta
content
84
name
msapplication
tilecolor
meta
content
common
northwestern
edu
8
icons
mstile
png
name
msapplication
tileimage
meta
content
ffffff
name
theme
color
meta
content
common
northwestern
edu
8
icons
ieconfig
xml
name
msapplication
config
document
getelementsbytagname
body
0
setattribute
class
standard
page
script
type
text
javascript
document
getelementsbytagname
header
0
setattribute
id
parent
skip
to
main
content
href
https://www.northwestern.edu/
title
northwestern
university
home
northwestern
university
href
https://www.northwestern.edu/fm/
facilities
href
target
blank
wildcard
advantage
discounts
href
index
html
title
wildcard
home
wildcard
form
action
https://search.northwestern.edu/
method
get
role
search
search
this
site
input
id
desktop
name
placeholder
search
this
site
type
text
input
name
as
sitesearch
type
hidden
value
https://www.northwestern.edu/wildcard
input
name
sitetitle
type
hidden
value
wildcard
search
menu
about
href
about
index
html
about
overview
href
about
card
types
html
card
types
href
about
wildcard
anatomy
html
card
anatomy
href
about
card
care
html
card
care
href
about
policies
html
policies
get
wildcard
get
wildcard
overview
information
for
new
students
photo
submission
custom
wildcard
badge
orders
requesting
replacing
your
card
download
your
wildcard
photo
wildcard
services
href
services
index
html
wildcard
services
overview
href
wildcard
advantage
program
href
wildcard
building
access
href
https://www.dineoncampus.com/northwestern
wildcard
food
services
cat
cash
href
wildcard
parking
href
path
membership
wildcard
recreation
facilities
href
https://nusports.com/
wildcard
sporting
events
href
wildcard
university
shuttle
href
contact
index
html
office
locations
amp
hours
href
frequent
questions
index
html
frequent
questions
href
target
blank
wildcard
advantage
discounts
search
form
action
https://search.northwestern.edu/
method
get
role
search
search
this
site
input
id
mobile
name
placeholder
search
this
site
type
text
input
name
as
sitesearch
type
hidden
value
https://www.northwestern.edu/wildcard
input
name
sitetitle
type
hidden
value
wildcard
search
href
about
index
html
about
href
about
index
html
about
overview
href
about
card
types
html
card
types
href
about
wildcard
anatomy
html
card
anatomy
href
about
card
care
html
card
care
href
about
policies
html
policies
get
wildcard
get
wildcard
overview
information
for
new
students
photo
submission
custom
wildcard
badge
orders
requesting
replacing
your
card
download
your
wildcard
photo
href
services
index
html
wildcard
services
href
services
index
html
wildcard
services
overview
href
wildcard
advantage
program
href
wildcard
building
access
href
https://www.dineoncampus.com/northwestern
wildcard
food
services
cat
cash
href
wildcard
parking
href
path
membership
wildcard
recreation
facilities
href
https://nusports.com/
wildcard
sporting
events
href
wildcard
university
shuttle
href
contact
index
html
office
locations
amp
hours
href
frequent
questions
index
html
frequent
questions
div
class
hero
image
style
background
url
images
get
jpg
no
repeat
center
cover
get
wildcard
get
wildcard
information
for
new
students
photo
submission
custom
wildcard
badge
orders
requesting
replacing
your
card
download
your
wildcard
photo
href
index
html
home
get
wildcard
who
is
eligible
most
students
faculty
and
staff
are
eligible
to
receive
wildcard
students
undergraduates
upon
admittance
graduate
students
bienen
and
medill
upon
admittance
tgs
and
other
graduate
professional
programs
upon
acceptance
of
admission
offer
sps
and
non
credit
students
upon
tuition
payment
faculty
amp
staff
if
eligible
for
benefits
visiting
scholars
other
members
of
the
nu
community
are
eligible
for
nu
issued
id
cards
visiting
students
and
those
in
high
school
programs
are
not
eligible
for
wildcards
or
nu
issued
id
cards
how
to
obtain
your
card
every
student
faculty
and
staff
member
at
northwestern
university
is
issued
wildcard
other
members
of
the
nu
community
are
eligible
for
nu
issued
id
cards
find
out
how
to
obtain
your
card
students
faculty
staff
affiliates
spouses
domestic
partners
of
faculty
staff
part
time
temporary
employees
authorized
contractors
is
your
wildcard
lost
stolen
or
damaged
see
replacing
your
wildcard
for
information
students
you
may
submit
your
photo
online
bring
your
picture
id
driver
license
state
id
or
valid
unexpired
passport
to
the
wildcard
office
when
picking
up
your
card
br
cards
are
free
to
students
but
the
replacement
cost
for
lost
or
stolen
cards
is
25
student
records
will
not
appear
in
the
wildcard
system
until
approximately
45
days
prior
to
the
beginning
of
an
academic
quarter
you
are
encouraged
to
obtain
your
wildcard
early
however
services
to
the
university
libraries
health
services
and
sports
amp
recreation
facilities
spac
will
not
become
active
until
the
start
of
the
academic
quarter
for
which
you
are
registering
call
the
wildcard
office
to
check
your
status
at
nuid
evanston
campus
or
chicago
campus
new
to
northwestern
see
information
for
new
students
faculty
and
staff
you
may
submit
your
photo
online
bring
your
picture
id
driver
license
state
id
or
valid
unexpired
passport
to
the
wildcard
office
when
picking
up
your
card
you
cannot
pick
up
your
wildcard
until
human
resources
has
entered
you
in
the
system
and
the
data
is
available
to
the
wildcard
office
call
the
wildcard
office
to
check
your
status
at
nuid
evanston
campus
or
chicago
campus
cards
are
free
to
faculty
and
staff
but
the
replacement
cost
for
lost
or
stolen
cards
is
25
affiliates
bring
your
picture
id
driver
license
state
id
or
valid
unexpired
passport
to
the
wildcard
office
when
picking
up
your
card
cards
are
free
to
affiliates
but
the
replacement
cost
for
lost
or
stolen
cards
is
25
affiliates
include
olli
students
who
purchase
full
academic
year
membership
in
the
fall
gme
residents
and
physician
assistants
employees
of
the
office
of
university
chaplains
and
employees
of
the
family
institute
northwestern
university
official
must
sponsor
the
request
for
an
access
card
to
be
issued
specifically
to
nu
spaces
spouses
and
domestic
partners
of
faculty
and
staff
the
initial
fee
and
the
renewal
fee
for
spouse
wildcard
is
10
the
replacement
cost
for
lost
or
stolen
spouse
cards
is
15
spouse
partner
cards
are
only
available
to
spouses
partners
of
those
whose
primary
status
with
the
university
is
faculty
or
staff
br
br
class
button
href
id
ydn
2
fxecceekd
2
tonmzrvctu
zd
2
wndehgwkd
trxmdumfi
1
mehmvkcyrfnhvuverfi
4
veq
irc
4
title
spouse
and
domestic
partner
of
faculty
and
staff
id
card
request
request
one
here
part
time
temporary
employees
part
time
temp
employee
process
for
part
time
temporary
employees
working
primarily
on
the
evanston
campus
class
button
href
id
ydn
2
fxecceekd
2
tonmzrvctu
zd
2
wndehgwkd
trxmduouvjsde
hfvljyttbhtk
9
dmddqwjdnsi
4
title
evs
part
time
temp
request
evanston
part
time
temporary
employee
request
note
you
must
log
in
with
your
netid
and
password
for
part
time
temporary
employees
working
primarily
on
the
chicago
campus
class
button
href
https://forms.office.com/r/jhnNRrfJcD
title
chi
pt
temp
form
chicago
part
time
temporary
employee
request
note
you
must
log
in
with
your
netid
and
password
part
time
temporary
employees
should
not
book
an
appointment
with
the
wildcard
office
for
new
replacement
or
renewal
access
card
once
your
northwestern
university
authorized
supervisor
administrator
submits
the
request
the
wildcard
office
will
notify
your
supervisor
administrator
when
the
card
are
ready
for
pick
up
cards
are
free
for
part
time
temporary
employees
but
the
replacement
for
lost
or
stolen
cards
is
25
cards
that
are
requested
but
not
picked
up
within
60
days
of
production
will
be
shredded
any
card
that
needs
to
be
replaced
after
being
shredded
for
this
reason
will
incur
25
replacement
fee
the
replacement
fee
is
payable
by
credit
debit
card
made
by
the
cardholder
at
the
time
re
created
card
is
distributed
to
the
cardholder
building
door
access
is
facilitated
through
the
authorized
supervisor
administrator
submitting
this
form
authorized
contractors
authorized
contractor
process
for
contracted
employees
working
primarily
on
the
evanston
campus
class
button
href
id
ydn
2
fxecceekd
2
tonmzrvctu
zd
2
wndehgwkd
trxmduoexwwensouvnmexsskdit
0
rqnetwtuxjmi
4
title
contractor
request
evanston
evanston
contractor
request
note
you
must
log
in
with
your
netid
and
password
for
contracted
employees
working
primarily
on
the
chicago
campus
class
button
href
https://forms.office.com/r/ZSiPdg2qgA
title
contractor
form
chi
chicago
contractor
request
note
you
must
log
in
with
your
netid
and
password
contractors
should
not
book
an
appointment
with
the
wildcard
office
for
new
replacement
or
renewal
access
card
once
your
northwestern
university
authorized
supervisor
administrator
submits
the
request
the
wildcard
office
will
notify
your
supervisor
administrator
when
the
card
are
ready
for
pick
up
cards
are
free
for
contractors
but
the
replacement
for
lost
or
stolen
contractor
cards
is
25
cards
that
are
requested
but
not
picked
up
within
60
days
of
production
will
be
shredded
any
card
that
needs
to
be
replaced
after
being
shredded
for
this
reason
will
incur
25
replacement
fee
the
replacement
fee
is
payable
by
credit
debit
card
made
by
the
cardholder
at
the
time
re
created
card
is
distributed
to
the
cardholder
building
door
access
is
facilitated
through
the
authorized
supervisor
administrator
submitting
this
form
href
https://www.northwestern.edu/
title
northwestern
university
home
northwestern
university
home
wildcard
office
norris
university
center
address
campus
dr
br
evanston
il
phone
number
evanston
br
nuid
chicago
br
email
address
wildcard
northwestern
edu
northwestern
resources
href
building
access
href
https://www.northwestern.edu/emergency/
campus
emergency
information
href
https://www.northwestern.edu/hr/careers/
careers
href
https://www.northwestern.edu/contact.html
contact
northwestern
university
href
https://www.northwestern.edu/privacy/
privacy
statement
href
report
an
accessibility
issue
href
https://policies.northwestern.edu/
university
policies
cdata
document
write
new
date
getfullyear
northwestern
university
href
https://www.facebook.com/NorthwesternU
facebook
href
https://www.twitter.com/northwesternu
twitter
href
https://www.instagram.com/northwesternu
instagram
href
https://www.youtube.com/user/NorthwesternU
youtube
href
https://www.tiktok.com/
northwestern
tiktok
href
linkedin
href
https://www.northwestern.edu/disclaimer.html
disclaimer
script
src
script
src
