doctype
html
google
tag
manager
marketing
tags
function
push
gtm
start
new
date
gettime
event
gtm
js
var
getelementsbytagname
0
createelement
dl
datalayer
async
true
src
https://www.googletagmanager.com/gtm.js
id
dl
parentnode
insertbefore
window
document
script
datalayer
gtm
8
mkdw
6
end
google
tag
manager
google
tag
gtag
js
script
async
src
https://www.googletagmanager.com/gtag/js
id
cczqved
window
datalayer
window
datalayer
function
gtag
datalayer
push
arguments
gtag
js
new
date
gtag
config
cczqved
meta
http
equiv
content
type
content
text
html
charset
utf
8
meta
name
viewport
content
width
device
width
initial
scale
1
user
scalable
no
meta
http
equiv
ua
compatible
content
ie
edge
meta
name
google
site
verification
content
gl
uczrbt
njrpxivrsvrbvcc
7
slybtcmz
6
dzlg
campus
maps
the
ohio
state
university
link
rel
shortcut
icon
href
assets
exb
ico
base
href
cdn
10
scrollbar
color
var
light
transparent
html
body
width
height
margin
0
overflow
hidden
html
scrollable
overflow
auto
html
scrollable
body
overflow
unset
html
scrollable
body
html
scrollable
app
height
auto
loading
width
vw
height
vh
app
width
height
position
relative
index
0
display
none
add
this
empty
script
tag
can
help
api
module
load
find
the
correct
insertpointsibling
google
tag
manager
noscript
marketing
tags
iframe
src
https://www.googletagmanager.com/ns.html
id
gtm
8
mkdw
6
height
0
width
0
style
display
none
visibility
hidden
end
google
tag
manager
noscript
loading
content
position
absolute
top
0
bottom
0
left
0
right
0
jimu
primary
loading
app
before
jimu
primary
loading
app
after
position
absolute
top
0
content
jimu
primary
loading
app
before
left
px
jimu
primary
loading
app
after
left
px
webkit
animation
delay
important
animation
delay
important
jimu
primary
loading
app
before
jimu
primary
loading
app
after
jimu
primary
loading
app
background
webkit
animation
loading
keys
app
loading
infinite
ease
in
out
animation
loading
keys
app
loading
infinite
ease
in
out
width
px
height
32
px
jimu
primary
loading
app
text
indent
em
margin
auto
position
absolute
right
calc
50
px
top
calc
50
16
px
webkit
animation
delay
important
animation
delay
important
webkit
keyframes
loading
keys
app
loading
0
80
opacity
75
box
shadow
height
32
px
40
opacity
1
box
shadow
0
8
px
height
40
px
keyframes
loading
keys
app
loading
0
80
opacity
75
box
shadow
height
32
px
40
opacity
1
box
shadow
0
8
px
height
40
px
mountpath
isoutofexb
true
hostenv
prod
appfoldername
usestructuralurl
false
arcgisjsapiurl
https://js.arcgis.com/4.29/
isdevedition
true
buildnumber
10
isbuilder
false
issite
false
isinportal
false
imports
jimu
core
https
base
url
jimu
core
index
js
jimu
core
https
base
url
jimu
core
jimu
theme
https
base
url
jimu
theme
index
js
jimu
theme
https
base
url
jimu
theme
jimu
ui
https
base
url
jimu
ui
index
js
jimu
ui
https
base
url
jimu
ui
jimu
icons
https
base
url
jimu
icons
jimu
arcgis
https
base
url
jimu
arcgis
index
js
jimu
arcgis
https
base
url
jimu
arcgis
jimu
layouts
https
base
url
jimu
layouts
index
js
jimu
layouts
https
base
url
jimu
layouts
jimu
for
builder
https
base
url
jimu
for
builder
index
js
jimu
for
builder
https
base
url
jimu
for
builder
widgets
https
base
url
widgets
themes
https
base
url
themes
builder
https
base
url
builder
site
https
base
url
site
experience
https
base
url
experience
template
https
base
url
template
templates
https
base
url
templates
calcite
components
https
base
url
calcite
components
index
js
calcite
components
https
base
url
calcite
components
arcgis
charts
https
base
url
arcgis
charts
arcgis
charts
js
arcgis
amd
packages
https
amd
packages
esri
https
api
url
esri
script
src
jimu
core
init
js
