doctype
html
html
lang
en
dir
ltr
prefix
content
http://purl.org/rss/1.0/modules/content/
dc
http://purl.org/dc/terms/
foaf
http://xmlns.com/foaf/0.1/
og
http://ogp.me/ns
rdfs
http://www.w3.org/2000/01/rdf-schema
schema
http://schema.org/
sioc
http://rdfs.org/sioc/ns
sioct
http://rdfs.org/sioc/types
skos
http://www.w3.org/2004/02/skos/core
xsd
http://www.w3.org/2001/XMLSchema
meta
charset
utf
8
script
type
text
javascript
window
nreum
nreum
init
privacy
cookies
enabled
true
ajax
deny
list
bam
nr
data
net
window
nreum
nreum
loader
config
licensekey
nrjs
32
db
applicationid
for
license
information
please
see
nr
loader
rum
0
min
js
license
txt
var
use
strict
0
gd
vp
fr
jd
hr
xn
1
an
var
const
beacon
nt
beacon
errorbeacon
nt
errorbeacon
licensekey
void
0
applicationid
void
0
sa
void
0
queuetime
void
0
applicationtime
void
0
ttguid
void
0
user
void
0
account
void
0
product
void
0
extra
void
0
jsattributes
userattributes
void
0
atts
void
0
transactionname
void
0
tnameplain
void
0
function
if
throw
new
error
all
info
objects
require
an
agent
identifier
if
throw
new
error
info
for
concat
was
never
set
return
function
if
throw
new
error
all
info
objects
require
an
agent
identifier
0
const
0
ny
info
var
const
if
string
typeof
return
1
try
document
createdocumentfragment
queryselector
catch
return
1
return
0
var
const
data
nr
mask
const
mask
selector
block
selector
data
nr
block
mask
input
options
color
1
date
1
datetime
local
1
email
1
month
1
number
1
range
1
search
1
tel
1
text
1
time
1
url
1
week
1
textarea
1
select
1
password
0
return
ajax
deny
list
void
0
block
internal
0
enabled
0
harvesttimeseconds
10
autostart
0
distributed
tracing
enabled
void
0
exclude
newrelic
header
void
0
cors
use
newrelic
header
void
0
cors
use
tracecontext
headers
void
0
allowed
origins
void
0
feature
flags
generic
events
enabled
0
harvesttimeseconds
30
autostart
0
harvest
toomanyrequestsdelay
60
jserrors
enabled
0
harvesttimeseconds
10
autostart
0
logging
enabled
0
harvesttimeseconds
10
autostart
0
level
info
metrics
enabled
0
autostart
0
obfuscate
void
0
page
action
enabled
0
page
view
event
enabled
0
autostart
0
page
view
timing
enabled
0
harvesttimeseconds
30
long
task
1
autostart
0
privacy
cookies
enabled
0
proxy
assets
void
0
beacon
void
0
session
expiresms
wk
inactivems
bb
session
replay
autostart
0
enabled
1
harvesttimeseconds
60
preload
1
sampling
rate
10
error
sampling
rate
collect
fonts
1
inline
images
1
inline
stylesheet
0
fix
stylesheets
0
mask
all
inputs
0
get
mask
text
selector
return
mask
selector
set
mask
text
selector
mask
selector
concat
concat
null
mask
selector
0
5
get
block
class
return
nr
block
get
ignore
class
return
nr
ignore
get
mask
text
class
return
nr
mask
get
block
selector
return
block
selector
set
block
selector
block
selector
concat
0
6
get
mask
input
options
return
mask
input
options
set
mask
input
options
object
typeof
mask
input
options
password
0
0
7
session
trace
enabled
0
harvesttimeseconds
10
autostart
0
soft
navigations
enabled
0
harvesttimeseconds
10
autostart
0
spa
enabled
0
harvesttimeseconds
10
autostart
0
ssl
void
0
all
configuration
objects
require
an
agent
identifier
function
if
throw
new
error
if
throw
new
error
configuration
for
concat
was
never
set
return
function
if
throw
new
error
0
const
0
ny
init
function
if
throw
new
error
var
if
for
var
split
0
use
strict
var
function
try
if
object
typeof
return
0
3
if
object
typeof
return
0
4
const
object
create
object
getprototypeof
object
getownpropertydescriptors
0
object
keys
length
for
let
in
if
void
0
try
if
null
null
continue
array
isarray
array
isarray
array
from
new
set
object
typeof
object
typeof
catch
0
1
return
catch
0
2
use
strict
3
xs
xv
const
0
prod
cdn
use
strict
of
ri
vr
wn
bv
gm
mw
sb
var
const
undefined
typeof
window
window
document
undefined
typeof
workerglobalscope
undefined
typeof
self
self
instanceof
workerglobalscope
self
navigator
instanceof
workernavigator
undefined
typeof
globalthis
globalthis
instanceof
workerglobalscope
globalthis
navigator
instanceof
workernavigator
window
undefined
typeof
workerglobalscope
undefined
typeof
self
self
instanceof
workerglobalscope
self
undefined
typeof
globalthis
globalthis
instanceof
workerglobalscope
globalthis
boolean
hidden
document
visibilitystate
ipad
iphone
ipod
test
navigator
useragent
undefined
typeof
sharedworker
const
navigator
useragent
match
firefox
array
isarray
length
2
1
navigator
sendbeacon
date
now
0
use
strict
var
const
agentidentifier
ee
void
0
class
constructor
try
if
object
typeof
return
0
8
this
sharedcontext
object
assign
this
sharedcontext
object
entries
foreach
let
object
keys
includes
this
sharedcontext
catch
0
9
use
strict
ak
ze
3
var
const
function
const
staged
1
priority
0
get
set
function
get
delete
1
size
function
if
throw
new
error
agentidentifier
required
new
map
function
let
arguments
length
0
void
0
arguments
0
arguments
0
arguments
length
1
void
0
arguments
1
arguments
1
feature
arguments
length
2
void
0
arguments
2
arguments
2
if
get
return
get
staged
0
function
const
array
from
every
let
return
staged
sort
1
priority
1
priority
foreach
let
delete
function
let
arguments
length
2
void
0
arguments
2
arguments
2
const
ee
get
ee
handlers
if
aborted
backlog
if
const
backlog
if
for
let
0
let
object
values
foreach
0
on
1
isolatedbacklog
delete
backlog
null
emit
drain
function
var
1
object
values
foreach
var
0
if
0
var
1
3
2
apply
use
strict
ee
var
const
nr
context
concat
function
var
1
try
16
length
0
fr
isolatedbacklog
catch
var
on
addeventlistener
removeeventlistener
function
var
if
return
for
var
0
let
in
abort
function
aborted
0
object
keys
backlog
foreach
delete
backlog
isbuffering
function
return
debugid
backlog
object
typeof
backlog
backlog
isolatedbacklog
return
object
defineproperty
aborted
get
let
aborted
1
return
aborted
function
return
instanceof
0
new
new
function
concat
function
return
function
return
function
return
backlog
void
0
globalee
0
zm
ee
ee
use
strict
class
constructor
this
contextid
use
strict
var
ee
get
handle
function
buffer
emit
buffer
emit
use
strict
var
on
var
handlers
function
function
feature
var
push
use
strict
dd
jt
sp
var
let
1
1
try
const
get
passive
return
0
1
get
signal
return
0
1
gm
addeventlistener
test
null
gm
removeeventlistener
test
null
catch
function
return
capture
passive
signal
function
let
arguments
length
2
void
0
arguments
2
arguments
2
arguments
length
3
arguments
3
void
0
window
addeventlistener
function
let
arguments
length
2
void
0
arguments
2
arguments
2
arguments
length
3
arguments
3
void
0
document
addeventlistener
use
strict
const
0
bz
use
strict
la
bz
var
const
xxxxxxxx
xxxx
4
xxx
yxxx
xxxxxxxxxxxx
function
return
15
16
math
random
0
function
const
gm
crypto
gm
mscrypto
let
0
return
getrandomvalues
getrandomvalues
new
uint
8
array
30
split
map
tostring
16
3
8
tostring
16
join
function
const
gm
crypto
gm
mscrypto
let
0
getrandomvalues
getrandomvalues
new
uint
8
array
const
for
var
0
use
strict
bb
3
il
ts
uh
wk
const
nrba
session
started
session
started
pause
session
pause
reset
session
reset
resume
session
resume
update
session
update
same
tab
same
tab
cross
tab
cross
tab
off
0
full
1
error
2
use
strict
function
return
math
floor
performance
now
use
strict
function
function
typeof
console
debug
console
debug
new
relic
warning
concat
use
strict
var
const
newrelic
const
new
set
function
const
ee
get
object
typeof
has
emit
rumresp
add
function
let
arguments
length
0
void
0
arguments
0
arguments
0
try
gm
dispatchevent
new
customevent
detail
catch
loaded
0
use
strict
var
object
prototype
hasownproperty
function
if
call
return
var
if
object
defineproperty
object
keys
try
return
object
defineproperty
value
writable
0
enumerable
1
catch
return
use
strict
function
var
this
let
arguments
length
1
void
0
arguments
1
arguments
1
arguments
length
2
void
0
arguments
2
arguments
2
const
leading
1
let
return
function
for
var
arguments
length
new
array
0
cleartimeout
cleartimeout
settimeout
apply
function
var
this
let
1
return
function
if
0
for
var
arguments
length
new
array
0
use
strict
gg
sb
var
function
return
undefined
typeof
document
complete
document
readystate
function
if
return
0
sp
load
function
if
return
0
dd
domcontentloaded
use
strict
nt
us
zm
bq
dv
ny
pv
var
const
beacon
bam
nr
data
net
errorbeacon
bam
nr
data
net
function
return
gm
nreum
gm
nreum
void
0
gm
newrelic
gm
newrelic
gm
nreum
gm
nreum
function
let
return
st
gm
settimeout
si
gm
setimmediate
ct
gm
cleartimeout
xhr
gm
xmlhttprequest
req
gm
request
ev
gm
event
pr
gm
promise
mo
gm
mutationobserver
fetch
gm
fetch
function
let
initializedagents
initializedat
ms
0
date
new
date
initializedagents
function
let
return
initializedagents
function
function
return
function
let
const
info
info
beacon
beacon
errorbeacon
errorbeacon
function
let
const
init
init
function
let
const
loader
config
loader
config
use
strict
var
function
let
arguments
length
1
void
0
arguments
1
arguments
1
arguments
length
2
arguments
2
void
0
arguments
length
3
arguments
3
void
0
0
dd
visibilitychange
function
if
return
void
hidden
document
visibilitystate
document
visibilitystate
use
strict
ym
var
const
nr
original
concat
var
object
prototype
hasownproperty
1
function
return
ee
inplace
function
const
charat
0
for
let
0
use
strict
et
var
const
error
error
warn
warn
info
info
debug
debug
trace
trace
log
logging
use
strict
tz
xg
rs
xv
const
metrics
sm
cm
storesupportabilitymetrics
storeeventmetrics
use
strict
const
pageviewevent
use
strict
const
pageviewtiming
use
strict
4
var
sessionreplay
const
record
recordreplay
pause
pausereplay
replay
running
replayrunning
error
during
replay
errorduringreplay
error
full
off
use
strict
var
class
constructor
this
agentidentifier
this
aggregator
this
ee
ee
get
this
featurename
this
blocked
1
use
strict
var
const
seterrorhandler
finished
addtotrace
addrelease
addpageaction
setcurrentroutename
setpageviewname
setcustomattribute
interaction
noticeerror
setuserid
setapplicationversion
start
4
record
4
pause
log
wraplogger
seterrorhandler
finished
addtotrace
addrelease
var
var
function
if
object
typeof
string
typeof
function
typeof
return
0
29
const
function
return
ee
get
logger
0
ym
new
return
level
level
customattributes
customattributes
inplace
wrap
logger
function
const
0
pv
foreach
function
for
var
arguments
length
new
array
0
1
1
api
exposed
api
push
api
0
38
length
1
0
const
function
let
arguments
length
2
void
0
arguments
2
arguments
2
0
ak
api
const
var
ee
get
get
tracer
off
on
4
replay
running
var
api
ixn
function
const
0
vp
return
null
delete
jsattributes
0
1
jsattributes
jsattributes
0
null
session
void
0
function
log
function
let
customattributes
level
info
arguments
length
1
void
0
arguments
1
arguments
1
0
xv
api
log
called
void
0
metrics
function
let
arguments
length
2
void
0
arguments
2
arguments
2
arguments
length
3
void
0
arguments
3
arguments
3
info
0
xv
api
logging
concat
tolowercase
called
void
0
metrics
0
et
0
void
0
logging
wraplogger
function
let
customattributes
level
info
arguments
length
2
void
0
arguments
2
arguments
2
0
xv
api
wraplogger
called
void
0
metrics
customattributes
level
foreach
0
api
addpageaction
addpageaction
0
genericevents
setpageviewname
function
if
string
typeof
return
charat
0
0
fr
customtransaction
http://custom.transa
ction
setpageviewname
0
setcustomattribute
function
let
arguments
length
2
void
0
arguments
2
arguments
2
if
string
typeof
if
string
number
boolean
includes
typeof
null
return
setcustomattribute
0
40
typeof
else
0
39
typeof
setuserid
function
if
string
typeof
null
return
enduser
id
setuserid
0
0
41
typeof
setapplicationversion
function
if
string
typeof
null
return
application
version
setapplicationversion
1
0
42
typeof
start
try
0
xv
api
start
called
void
0
metrics
emit
manual
start
all
catch
0
23
4
record
function
0
xv
api
recordreplay
called
void
0
metrics
0
4
record
void
0
sessionreplay
4
pause
function
0
xv
api
pausereplay
called
void
0
metrics
0
4
pause
void
0
sessionreplay
interaction
function
return
new
get
object
typeof
const
prototype
createtracer
function
var
this
function
typeof
return
0
xv
api
createtracer
called
void
0
metrics
0
tracer
0
spa
function
if
emit
no
fn
start
0
try
return
apply
this
arguments
catch
const
string
typeof
new
error
throw
emit
fn
err
arguments
this
finally
emit
fn
end
0
function
return
function
return
0
xv
api
called
void
0
metrics
0
0
arguments
null
this
void
0
this
function
then
bind
then
let
setapi
0
ze
api
catch
0
27
abort
return
actiontext
setname
setattribute
save
ignore
onend
getcontext
end
get
foreach
void
0
softnav
spa
setcurrentroutename
routename
void
0
softnav
routename
0
spa
noticeerror
function
string
typeof
new
error
0
xv
api
noticeerror
called
void
0
metrics
0
err
0
1
void
0
jserrors
ri
0
gg
0
var
const
const
startswith
http
https
let
1
function
let
arguments
length
1
void
0
arguments
1
arguments
1
arguments
length
2
arguments
2
void
0
arguments
length
3
arguments
3
void
0
init
info
loader
config
runtime
exposed
0
loadertype
const
0
pv
init
info
loader
config
0
xn
agentidentifier
0
an
agentidentifier
jsattributes
bv
jsattributes
isworker
0
0
1
agentidentifier
const
0
0
agentidentifier
beacon
errorbeacon
proxy
assets
proxy
assets
push
proxy
assets
proxy
beacon
push
proxy
beacon
0
us
activatedfeatures
runsoftnavoverspa
0
soft
navigations
enabled
feature
flags
includes
soft
nav
denylist
ajax
deny
list
ajax
block
internal
ptid
agentidentifier
0
agentidentifier
ee
ee
get
agentidentifier
void
0
api
api
agentidentifier
runsoftnavoverspa
void
0
exposed
exposed
0
nc
try
return
document
currentscript
nonce
catch
return
use
strict
const
ajax
ajax
genericevents
generic
events
jserrors
jserrors
logging
logging
metrics
metrics
pageaction
page
action
pageviewevent
page
view
event
pageviewtiming
page
view
timing
sessionreplay
session
replay
sessiontrace
session
trace
softnav
soft
navigations
spa
spa
pageviewevent
1
pageviewtiming
2
metrics
3
jserrors
4
spa
5
ajax
6
sessiontrace
7
softnav
8
sessionreplay
9
logging
10
genericevents
11
function
var
if
void
0
return
exports
var
exports
return
exports
exports
for
var
in
object
defineproperty
enumerable
0
get
promise
all
object
keys
reduce
nr
rum
0
min
js
object
prototype
hasownproperty
call
nrba
0
prod
if
push
else
var
if
void
0
for
var
document
getelementsbytagname
script
0
length
var
if
getattribute
src
getattribute
data
webpack
break
if
0
var
sha
jftcbnpzpe
6
tx
1
oowgtdxgtxjpzczbrsumxw
iz
7
06
ssfloejuidps
4
xhjv
4
xx
4
uardele
2
dq
0
bhqlw
document
createelement
script
charset
utf
8
timeout
nc
setattribute
nonce
nc
setattribute
data
webpack
src
0
src
indexof
window
location
origin
crossorigin
anonymous
integrity
var
onerror
onload
null
cleartimeout
var
if
delete
parentnode
parentnode
removechild
foreach
return
settimeout
bind
null
void
0
type
timeout
target
onerror
bind
null
onerror
onload
bind
null
onload
document
head
appendchild
undefined
typeof
symbol
symbol
tostringtag
object
defineproperty
symbol
tostringtag
value
module
object
defineproperty
esmodule
value
0
https://js-agent.newrelic.com/
var
var
void
0
if
0
if
push
2
else
var
new
promise
push
2
var
new
error
if
0
void
0
var
load
type
missing
type
target
target
src
message
loading
chunk
failed
name
chunkloaderror
type
request
1
chunk
var
var
0
if
some
0
for
in
if
for
use
strict
var
class
agentidentifier
constructor
let
arguments
length
0
void
0
arguments
0
arguments
0
0
la
16
this
agentidentifier
for
var
arguments
length
new
array
1
1
function
return
0
0
gd
concat
enabled
var
var
const
ri
0
0
gd
privacy
cookies
enabled
function
return
hr
mo
0
0
gd
session
trace
enabled
var
class
extends
constructor
let
arguments
length
3
void
0
arguments
3
arguments
3
super
this
auto
this
aborthandler
void
0
this
feataggregate
void
0
this
onaggregateimported
void
0
1
0
gd
this
agentidentifier
concat
this
featurename
autostart
this
auto
1
this
auto
0
ak
this
ee
on
manual
start
all
0
0
ak
this
agentidentifier
this
featurename
this
auto
0
this
importaggregator
importaggregator
let
arguments
length
0
void
0
arguments
0
arguments
0
if
this
feataggregate
this
auto
return
this
onaggregateimported
new
promise
const
async
let
try
if
this
agentidentifier
const
setupagentsession
await
then
bind
this
agentidentifier
catch
0
20
this
ee
emit
internal
error
this
featurename
sessionreplay
this
aborthandler
try
if
this
this
featurename
return
0
ze
this
agentidentifier
this
featurename
void
1
const
lazyfeatureloader
await
then
bind
aggregate
await
this
featurename
aggregate
this
feataggregate
new
this
agentidentifier
this
aggregator
0
catch
0
34
this
aborthandler
0
ze
this
agentidentifier
this
featurename
0
1
this
ee
this
ee
abort
ri
0
gg
0
switch
case
sessionreplay
return
this
agentidentifier
case
sessiontrace
return
default
return
0
var
class
extends
static
featurename
constructor
let
arguments
length
2
void
0
arguments
2
arguments
2
super
this
importaggregator
var
class
extends
constructor
super
this
aggregateddata
store
var
this
getbucket
return
metrics
function
count
0
return
count
1
object
entries
foreach
let
metrics
merge
var
this
getbucket
if
metrics
var
metrics
count
count
object
keys
foreach
if
count
var
function
if
return
return
min
math
min
min
min
max
math
max
max
max
sos
sos
else
metrics
storemetric
var
this
getbucket
return
stats
stats
getbucket
this
aggregateddata
this
aggregateddata
var
this
aggregateddata
return
this
aggregateddata
params
custom
get
return
this
aggregateddata
this
aggregateddata
this
aggregateddata
take
for
var
1
0
max
max
constructor
let
arguments
length
2
void
0
arguments
2
arguments
2
super
ri
0
0
dochidden
0
void
0
this
ee
0
0
sp
pagehide
0
winpagehide
0
void
0
this
ee
this
importaggregator
var
class
extends
static
featurename
tz
constructor
let
arguments
length
2
void
0
arguments
2
arguments
2
super
tz
this
importaggregator
new
class
extends
constructor
super
gm
this
sharedaggregator
new
agentidentifier
this
agentidentifier
this
features
0
bq
this
agentidentifier
this
this
desiredfeatures
new
set
features
this
desiredfeatures
add
this
runsoftnavoverspa
this
desiredfeatures
some
featurename
softnav
0
this
loadertype
agent
this
run
0
21
get
config
return
info
this
info
init
this
init
loader
config
this
loader
config
runtime
this
runtime
run
try
const
this
agentidentifier
this
desiredfeatures
sort
featurename
featurename
foreach
if
featurename
featurename
pageviewevent
return
if
this
runsoftnavoverspa
featurename
spa
return
if
this
runsoftnavoverspa
featurename
softnav
return
function
switch
case
ajax
return
jserrors
case
sessiontrace
return
ajax
pageviewevent
case
sessionreplay
return
sessiontrace
case
pageviewtiming
return
pageviewevent
default
return
featurename
every
in
this
features
0
36
featurename
this
features
featurename
new
this
agentidentifier
this
sharedaggregator
catch
0
22
for
const
in
this
features
this
features
aborthandler
const
0
zm
delete
initializedagents
this
agentidentifier
api
delete
initializedagents
this
agentidentifier
features
delete
this
sharedaggregator
return
ee
get
this
agentidentifier
abort
1
features
loadertype
lite
link
rel
canonical
href
meta
name
description
content
after
more
than
decade
kate
gundlach
has
the
experience
and
clout
to
hold
one
of
the
sports
top
engineering
jobs
and
work
for
one
of
its
most
talented
unpredictable
drivers
meta
property
og
site
name
content
university
of
pittsburgh
meta
property
og
type
content
website
meta
property
og
url
content
meta
property
og
title
content
career
in
indycar
has
taken
this
pitt
alumna
for
wild
ride
meta
property
og
description
content
after
more
than
decade
kate
gundlach
has
the
experience
and
clout
to
hold
one
of
the
sports
top
engineering
jobs
and
work
for
one
of
its
most
talented
unpredictable
drivers
meta
property
og
image
content
amp
itok
32
zt
5
ng
meta
name
mobileoptimized
content
width
meta
name
handheldfriendly
content
true
meta
name
viewport
content
width
device
width
initial
scale
script
type
application
ld
json
context
https://schema.org
graph
type
organization
id
https://www.pitt.edu/
name
university
of
pittsburgh
url
https://www.pitt.edu/
link
rel
icon
href
sites
default
files
favicon
ico
type
image
vnd
microsoft
icon
career
in
indycar
has
taken
this
pitt
alumna
for
wild
ride
university
of
pittsburgh
link
rel
stylesheet
media
all
href
core
modules
system
css
components
ajax
progress
module
css
shklz
9
link
rel
stylesheet
media
all
href
core
modules
system
css
components
align
module
css
shklz
9
link
rel
stylesheet
media
all
href
core
modules
system
css
components
autocomplete
loading
module
css
shklz
9
link
rel
stylesheet
media
all
href
core
modules
system
css
components
fieldgroup
module
css
shklz
9
link
rel
stylesheet
media
all
href
core
modules
system
css
components
container
inline
module
css
shklz
9
link
rel
stylesheet
media
all
href
core
modules
system
css
components
clearfix
module
css
shklz
9
link
rel
stylesheet
media
all
href
core
modules
system
css
components
details
module
css
shklz
9
link
rel
stylesheet
media
all
href
core
modules
system
css
components
hidden
module
css
shklz
9
link
rel
stylesheet
media
all
href
core
modules
system
css
components
item
list
module
css
shklz
9
link
rel
stylesheet
media
all
href
core
modules
system
css
components
js
module
css
shklz
9
link
rel
stylesheet
media
all
href
core
modules
system
css
components
nowrap
module
css
shklz
9
link
rel
stylesheet
media
all
href
core
modules
system
css
components
position
container
module
css
shklz
9
link
rel
stylesheet
media
all
href
core
modules
system
css
components
progress
module
css
shklz
9
link
rel
stylesheet
media
all
href
core
modules
system
css
components
reset
appearance
module
css
shklz
9
link
rel
stylesheet
media
all
href
core
modules
system
css
components
resize
module
css
shklz
9
link
rel
stylesheet
media
all
href
core
modules
system
css
components
sticky
header
module
css
shklz
9
link
rel
stylesheet
media
all
href
core
modules
system
css
components
system
status
counter
css
shklz
9
link
rel
stylesheet
media
all
href
core
modules
system
css
components
system
status
report
counters
css
shklz
9
link
rel
stylesheet
media
all
href
core
modules
system
css
components
system
status
report
general
info
css
shklz
9
link
rel
stylesheet
media
all
href
core
modules
system
css
components
tabledrag
module
css
shklz
9
link
rel
stylesheet
media
all
href
core
modules
system
css
components
tablesort
module
css
shklz
9
link
rel
stylesheet
media
all
href
core
modules
system
css
components
tree
child
module
css
shklz
9
link
rel
stylesheet
media
all
href
core
modules
filter
css
filter
caption
css
shklz
9
link
rel
stylesheet
media
all
href
core
modules
media
css
oembed
formatter
css
shklz
9
link
rel
stylesheet
media
all
href
core
modules
views
css
views
module
css
shklz
9
link
rel
stylesheet
media
all
href
sites
default
files
micon
fa
style
css
shklz
9
link
rel
stylesheet
media
all
href
modules
contrib
social
media
links
css
social
media
links
theme
css
shklz
9
link
rel
stylesheet
media
all
href
modules
contrib
extlink
extlink
css
shklz
9
link
rel
stylesheet
media
all
href
modules
contrib
paragraphs
css
paragraphs
unpublished
css
shklz
9
link
rel
stylesheet
media
all
href
modules
contrib
social
media
css
social
media
css
shklz
9
link
rel
stylesheet
media
all
href
themes
custom
pitt
default
css
global
styles
css
shklz
9
link
rel
stylesheet
media
all
href
themes
custom
pitt
default
css
navigation
css
shklz
9
link
rel
stylesheet
media
all
href
themes
custom
pitt
default
css
hero
banner
css
shklz
9
link
rel
stylesheet
media
all
href
themes
custom
pitt
default
css
content
well
css
shklz
9
link
rel
stylesheet
media
all
href
themes
custom
pitt
default
css
template
layout
mixin
css
shklz
9
link
rel
stylesheet
media
all
href
themes
custom
pitt
default
css
collapse
css
shklz
9
link
rel
stylesheet
media
all
href
themes
custom
pitt
default
css
footer
override
css
shklz
9
link
rel
stylesheet
media
all
href
themes
custom
pitt
default
css
button
css
shklz
9
link
rel
stylesheet
media
all
href
themes
custom
pitt
default
css
breadcrumb
css
shklz
9
link
rel
stylesheet
media
all
href
themes
custom
pitt
default
css
cse
css
shklz
9
link
rel
stylesheet
media
all
href
themes
custom
pitt
default
css
overrides
css
shklz
9
link
rel
stylesheet
media
all
href
themes
custom
pitt
default
css
pittmag
css
shklz
9
link
rel
stylesheet
media
all
href
themes
contrib
zensource
front
end
css
components
hero
placeholder
css
shklz
9
link
rel
stylesheet
media
all
href
themes
contrib
zensource
front
end
css
classy
components
messages
css
shklz
9
link
rel
stylesheet
media
all
href
themes
contrib
zensource
front
end
css
classy
components
details
css
shklz
9
link
rel
stylesheet
media
all
href
themes
contrib
zenny
css
classy
components
pager
css
shklz
9
link
rel
stylesheet
media
all
href
themes
contrib
zensource
front
end
css
components
entity
overlay
css
shklz
9
link
rel
stylesheet
media
all
href
themes
custom
pitt
default
css
media
item
css
shklz
9
link
rel
stylesheet
media
all
href
themes
custom
pitt
default
css
modal
css
shklz
9
google
tag
manager
function
push
gtm
start
new
date
gettime
event
gtm
js
var
getelementsbytagname
0
createelement
dl
datalayer
async
true
src
https://www.googletagmanager.com/gtm.js
id
dl
parentnode
insertbefore
window
document
script
datalayer
gtm
nxcgl
72
end
google
tag
manager
script
async
src
https://cse.google.com/cse.js
cx
mgrjnoukllc
google
tag
manager
noscript
iframe
src
https://www.googletagmanager.com/ns.html
id
gtm
nxcgl
72
height
0
width
0
style
display
none
visibility
hidden
end
google
tag
manager
noscript
skip
to
main
content
global
nav
href
img
src
themes
custom
pitt
pittwire
logo
svg
alt
university
of
pittsburgh
img
src
themes
custom
pitt
pittwire
logo
print
png
alt
upitt
logo
href
pittwire
img
src
themes
custom
pitt
pittwire
logo
pittwire
svg
alt
pitt
wire
img
src
themes
custom
pitt
pittwire
logo
pittwire
print
png
alt
pitt
wire
explore
sections
main
navigation
open
search
open
menu
modal
header
modal
dismiss
close
modal
body
from
the
latest
big
breakthrough
to
the
most
influential
and
inspiring
figures
on
campus
to
pitt
in
the
community
pittwire
is
your
official
source
for
whats
happening
now
explore
sections
href
pittwire
health
and
wellness
data
drupal
link
system
path
node
21
health
and
wellness
href
pittwire
technology
and
science
data
drupal
link
system
path
node
technology
and
science
href
pittwire
arts
and
humanities
data
drupal
link
system
path
node
arts
and
humanities
href
pittwire
community
impact
data
drupal
link
system
path
node
community
impact
href
pittwire
diversity
equity
and
inclusion
data
drupal
link
system
path
node
diversity
equity
and
inclusion
href
pittwire
global
data
drupal
link
system
path
node
global
href
pittwire
innovation
and
research
data
drupal
link
system
path
node
innovation
and
research
href
pittwire
our
cityour
campus
data
drupal
link
system
path
node
our
city
our
campus
href
pittwire
pittmagazine
data
drupal
link
system
path
pittwire
pittmagazine
pitt
magazine
explore
by
category
href
pittwire
news
features
articles
features
amp
articles
href
pittwire
news
accolades
honors
accolades
amp
honors
href
pittwire
news
ones
to
watch
ones
to
watch
href
pittwire
news
announcements
and
updates
announcements
and
updates
pittwire
other
links
href
https://calendar.pitt.edu/
target
blank
event
calendar
href
https://www.pitt.edu/social
target
blank
social
media
directory
modal
header
modal
dismiss
close
modal
body
search
pitt
search
cse
markup
href
https://find.pitt.edu
class
arrow
search
for
people
modal
header
modal
dismiss
close
modal
body
global
menu
href
https://admissions.pitt.edu/apply/
class
data
gtm
utilitynavkpi
data
contenttitle
apply
apply
href
class
data
gtm
utilitynavkpi
data
contenttitle
visit
visit
href
gid
2
amp
pgid
class
data
gtm
utilitynavkpi
data
contenttitle
give
give
href
pittwire
class
data
gtm
utilitynavkpi
data
contenttitle
pittwire
pittwire
href
http://calendar.pitt.edu/
class
data
gtm
utilitynavkpi
data
contenttitle
events
events
navigation
navigation
href
about
class
data
gtm
utilitynavcategory
data
contenttitle
about
about
href
academics
class
data
gtm
utilitynavcategory
data
contenttitle
academics
academics
href
admissions
class
data
gtm
utilitynavcategory
data
contenttitle
admissions
admissions
href
research
class
data
gtm
utilitynavcategory
data
contenttitle
research
research
href
student
life
class
data
gtm
utilitynavcategory
data
contenttitle
life
at
pitt
life
at
pitt
href
http://pittsburghpanthers.com/
class
data
gtm
utilitynavcategory
data
contenttitle
athletics
athletics
colleges
amp
schools
colleges
amp
schools
href
https://www.as.pitt.edu
class
data
gtm
utilitynavcategory
data
contenttitle
arts
amp
sciences
arts
amp
sciences
href
https://www.business.pitt.edu
class
data
gtm
utilitynavcategory
data
contenttitle
business
business
href
https://www.sci.pitt.edu
class
data
gtm
utilitynavcategory
data
contenttitle
computing
amp
information
computing
amp
information
href
https://www.dental.pitt.edu
class
data
gtm
utilitynavcategory
data
contenttitle
dental
medicine
dental
medicine
href
https://www.education.pitt.edu
class
data
gtm
utilitynavcategory
data
contenttitle
education
education
href
https://www.engineering.pitt.edu
class
data
gtm
utilitynavcategory
data
contenttitle
engineering
engineering
href
https://www.cgs.pitt.edu
class
data
gtm
utilitynavcategory
data
contenttitle
general
studies
general
studies
href
https://www.shrs.pitt.edu
class
data
gtm
utilitynavcategory
data
contenttitle
health
amp
rehabilitation
health
amp
rehabilitation
href
https://www.honors.pitt.edu
class
data
gtm
utilitynavcategory
data
contenttitle
honors
college
honors
college
href
https://www.law.pitt.edu
class
data
gtm
utilitynavcategory
data
contenttitle
law
law
href
https://www.medschool.pitt.edu
class
data
gtm
utilitynavcategory
data
contenttitle
medicine
medicine
href
https://www.nursing.pitt.edu
class
data
gtm
utilitynavcategory
data
contenttitle
nursing
nursing
href
https://www.pharmacy.pitt.edu
class
data
gtm
utilitynavcategory
data
contenttitle
pharmacy
pharmacy
href
https://www.gspia.pitt.edu
class
data
gtm
utilitynavcategory
data
contenttitle
public
amp
intl
affairs
public
amp
intl
affairs
href
https://publichealth.pitt.edu/
class
data
gtm
utilitynavcategory
data
contenttitle
public
health
public
health
href
https://www.socialwork.pitt.edu/
class
data
gtm
utilitynavcategory
data
contenttitle
social
work
social
work
info
for
info
for
href
http://coronavirus.pitt.edu/
class
data
gtm
utilitynavcategory
data
contenttitle
covid
19
response
covid
19
response
href
gid
2
amp
pgid
class
data
gtm
utilitynavcategory
data
contenttitle
alumni
alumni
href
https://www.community.pitt.edu/
class
data
gtm
utilitynavcategory
data
contenttitle
community
community
href
global
class
data
gtm
utilitynavcategory
data
contenttitle
global
global
href
https://www.sustainable.pitt.edu/
class
data
gtm
utilitynavcategory
data
contenttitle
sustainability
sustainability
class
social
media
link
icon
twitter
href
https://www.twitter.com/PittTweet
twitter
class
social
media
link
icon
instagram
href
https://www.instagram.com/pittofficial
instagram
class
social
media
link
icon
facebook
href
https://www.facebook.com/upitt
facebook
class
social
media
link
icon
youtube
href
https://www.youtube.com/user/pittweb
youtube
modal
header
modal
dismiss
close
modal
body
search
pittwire
search
cse
markup
div
class
gcse
searchbox
only
data
enablehistory
true
data
autocompletemaxcompletions
5
data
autocompletematchtype
any
data
resultsurl
pittwire
search
results
href
https://www.pitt.edu/search-results
class
arrow
search
www
pitt
edu
main
container
main
content
layout
level
left
column
explore
sections
href
pittwire
health
and
wellness
data
drupal
link
system
path
node
21
health
and
wellness
href
pittwire
technology
and
science
data
drupal
link
system
path
node
technology
and
science
href
pittwire
arts
and
humanities
data
drupal
link
system
path
node
arts
and
humanities
href
pittwire
community
impact
data
drupal
link
system
path
node
community
impact
href
pittwire
diversity
equity
and
inclusion
data
drupal
link
system
path
node
diversity
equity
and
inclusion
href
pittwire
global
data
drupal
link
system
path
node
global
href
pittwire
innovation
and
research
data
drupal
link
system
path
node
innovation
and
research
href
pittwire
our
cityour
campus
data
drupal
link
system
path
node
our
city
our
campus
href
pittwire
pittmagazine
data
drupal
link
system
path
pittwire
pittmagazine
pitt
magazine
target
blank
rel
noopener
noreferrer
class
twitter
share
href
https://twitter.com/intent/tweet
url
amp
hashtags
hashtag
title
share
on
twitter
opens
in
new
window
img
alt
share
on
twitter
opens
in
new
window
src
target
blank
rel
noopener
noreferrer
class
facebook
share
share
href
http://www.facebook.com/share.php
amp
title
career
in
indycar
has
taken
this
pitt
alumna
for
wild
ride
title
share
on
facebook
opens
in
new
window
img
alt
share
on
facebook
opens
in
new
window
src
class
email
share
href
mailto
subject
career
in
indycar
has
taken
this
pitt
alumna
for
wild
ride
amp
body
check
out
this
site
title
share
via
email
img
alt
share
via
email
src
img
alt
pitt
magazine
winter
cover
data
entity
type
file
data
entity
uuid
da
1
bb
da
9
data
image
style
unrestricted
loading
lazy
src
sites
default
files
styles
unrestricted
public
inline
images
pittmag
subscribe
winter
png
itok
mfr
xa
typeof
foaf
image
class
image
style
unrestricted
href
https://www.pittmag.pitt.edu/subscriptions
subscribe
to
br
pitt
magazine
main
content
div
role
article
about
pittwire
pittmagazine
features
articles
indycar
engineer
kate
gundlach
class
content
well
href
pittwire
pitt
magazine
img
alt
pitt
magazine
src
sites
default
files
inline
images
pittmag
ribbon
png
career
in
indycar
has
taken
this
pitt
alumna
for
wild
ride
september
18
by
href
pittwire
pittmagazine
authors
april
johnston
hreflang
en
april
johnston
img
alt
gundlach
holds
tablet
while
standing
on
racetrack
data
entity
type
file
data
entity
uuid
dfb
dd
data
image
style
pittmag
fullwidth
loading
lazy
src
sites
default
files
styles
pittmag
fullwidth
public
inline
images
ta
nascar
indycar
magfull
jpg
itok
fxng
typeof
foaf
image
class
image
style
pittmag
fullwidth
kate
gundlach
has
been
an
indycar
engineer
for
more
than
decade
photo
bytom
altany
pitt
photography
kate
gundlach
stands
on
the
sunbaked
track
at
indianapolis
motor
speedway
bracing
tablet
against
her
hip
shes
debating
with
driver
pato
oward
about
the
merits
of
maintaining
momentum
through
turn
seven
she
knows
laying
off
the
brakes
is
gamble
drivers
have
crashed
out
for
less
but
it
may
be
just
what
oward
needs
to
shave
those
precious
tenths
of
second
off
his
time
and
challenge
the
rest
of
the
ntt
indycar
series
for
the
coveted
pole
position
the
most
advantageous
starting
position
on
the
track
on
href
qualifying
day
at
the
gallagher
grand
prix
thats
playing
with
fire
bro
oward
says
grinning
and
peering
down
at
gundlachs
tablet
how
much
are
we
losing
its
just
tenth
gundlach
assures
him
oward
sighs
and
grabs
the
brim
of
his
baseball
cap
with
both
hands
still
unsure
gotta
pick
your
fights
you
know
gundlach
does
know
shes
been
an
indycar
engineer
since
and
owards
performance
engineer
at
team
arrow
mclaren
for
nearly
four
years
her
job
is
to
use
data
and
driving
simulations
to
devise
strategies
that
will
improve
his
lap
time
and
ultimately
notch
wins
together
she
and
the
fiery
unpredictable
24
year
old
racing
phenom
have
been
through
some
really
high
highs
like
contending
for
the
series
championship
in
and
some
pretty
low
lows
like
crashing
out
at
the
indianapolis
on
this
very
track
in
may
every
decision
every
tweak
every
tap
of
the
brakes
could
be
the
difference
between
landing
on
the
podium
or
heading
back
to
the
pit
in
this
seesawing
season
theyre
intimately
familiar
with
both
outcomes
cool
oward
finally
declares
after
long
silence
seemingly
having
made
his
decision
but
giving
gundlach
no
indication
of
what
hell
do
gundlach
is
unbothered
being
performance
engineer
is
as
much
about
psychology
as
it
is
about
mechanics
and
though
its
taken
time
shes
reached
level
of
communication
with
oward
that
doesnt
always
require
words
she
can
decipher
his
body
language
and
silences
in
way
that
few
others
can
and
she
trusts
his
instincts
so
after
making
her
pitch
she
simply
follows
him
back
to
the
teams
track
cart
and
climbs
aboard
ready
to
continue
their
prerace
inspection
of
the
course
just
let
pato
be
pato
she
says
the
more
pato
is
pato
the
better
we
are
every
time
oward
punches
the
gas
and
the
cart
takes
off
with
sudden
lurch
his
surprised
passengers
quickly
brace
themselves
to
keep
from
tumbling
onto
the
track
everyone
but
gundlach
that
is
she
doesnt
even
flinch
gundlachs
interest
in
racing
started
at
young
age
img
alt
toddler
on
someone
lap
on
motorbike
data
entity
type
file
data
entity
uuid
81
eeb
09
00
eb
41
ba
9
bc
data
image
style
pittmag
inset
loading
lazy
src
sites
default
files
styles
pittmag
inset
public
inline
images
kate
toddler
maginline
jpg
itok
ajzmipbl
typeof
foaf
image
class
image
style
pittmag
inset
gundlach
as
toddler
her
father
hails
from
family
of
tinkerers
with
love
of
motorbikes
he
was
never
particularly
quick
in
the
drivers
seat
but
he
knew
how
to
get
the
most
out
of
an
engine
she
relished
the
days
she
got
to
follow
him
to
tracks
near
their
suburban
pittsburgh
home
and
listen
to
him
explain
the
limits
and
possibilities
of
machinery
it
didnt
take
long
before
she
too
became
captivated
by
anything
on
two
wheels
as
gundlach
began
looking
at
colleges
and
considering
career
in
racing
her
father
tempered
that
infatuation
with
some
very
dad
like
advice
think
theres
more
money
in
four
wheels
he
wasnt
wrong
indycar
which
races
sleek
open
wheel
vehicles
sometimes
called
formula
style
that
reach
speeds
of
mph
has
an
estimated
annual
revenue
of
15
million
its
rambunctious
cousin
nascar
which
uses
slower
sturdier
vehicles
designed
to
take
bumps
from
other
drivers
can
pull
in
more
than
million
per
year
fortunately
pitt
provided
the
perfect
combination
for
gundlach
engr
06
the
swanson
school
of
engineering
offers
mechanical
engineering
degree
and
fields
student
team
through
sae
international
formerly
known
as
society
of
automotive
engineers
that
href
designs
builds
and
races
open
wheel
cars
powered
by
motorcycle
engines
img
alt
teenage
gundlach
uses
wrench
on
motorbike
data
entity
type
file
data
entity
uuid
af
59
ac
2
bc
de
7
ee
data
image
style
pittmag
inset
loading
lazy
src
sites
default
files
styles
pittmag
inset
public
inline
images
kate
working
maginline
jpg
itok
0
qgajcm
typeof
foaf
image
class
image
style
pittmag
inset
shebegan
working
on
motorbikes
as
teenager
while
younger
kate
as
gundlach
refers
to
her
college
era
self
knew
she
made
the
right
choice
when
it
came
to
picking
university
she
made
maybe
not
the
best
decisions
when
it
came
to
work
life
balance
over
her
four
years
on
campus
she
tended
to
favor
the
garage
over
the
classroom
philosophy
that
brought
her
success
on
the
track
with
panther
racing
and
local
formula
team
but
didnt
earn
her
standout
transcript
that
proved
to
be
bit
of
hinderance
as
she
neared
graduation
race
teams
employ
more
than
just
daredevil
drivers
each
team
also
enlists
15
to
20
engineers
to
generate
and
analyze
vast
amounts
of
data
including
speed
brake
pressure
throttle
percentage
and
even
steering
wheel
position
and
then
turn
those
numbers
into
ideas
and
simulations
that
will
make
the
car
perform
better
and
go
faster
if
youre
looking
to
join
an
indycar
team
right
out
of
college
gundlach
says
youd
better
be
high
achiever
with
stellar
grades
pitt
instilled
the
former
but
because
she
still
lacked
the
latter
gundlach
would
have
to
spend
her
early
days
toiling
in
racings
lower
ranks
so
while
her
former
classmates
were
taking
full
time
jobs
with
pittsburgh
based
companies
like
westinghouse
and
airgas
she
used
her
dads
connections
to
land
an
internship
with
small
race
team
out
of
trafford
pennsylvania
it
wasnt
glamorous
my
first
desk
was
cardboard
box
but
it
gave
her
big
picture
view
of
the
motorsports
world
in
two
years
there
she
worked
alongside
mechanics
data
analysts
and
race
engineers
and
eventually
graduated
to
real
desk
she
even
got
to
participate
in
what
was
then
called
the
star
mazda
championship
an
open
wheel
racing
series
that
served
as
rung
on
the
ladder
to
the
big
leagues
but
breaking
into
the
elite
ranks
of
auto
racing
isnt
linear
process
its
as
much
about
what
you
know
as
it
is
about
who
you
know
and
when
you
know
them
fortunately
for
gundlach
she
happened
upon
the
right
person
mechanic
with
indycar
just
as
his
team
was
looking
for
data
engineer
in
the
spring
of
she
joined
driver
simona
de
silvestros
team
at
hvm
racing
that
was
the
year
de
silvestro
piloted
the
green
and
white
no
78
car
with
what
turned
out
to
be
an
underpowered
lotus
engine
the
results
were
disappointing
de
silvestro
was
black
flagged
or
disqualified
from
multiple
races
for
not
maintaining
the
minimum
speed
and
finished
24
th
in
the
series
standings
it
ended
up
being
very
challenging
season
gundlach
says
but
it
was
character
building
when
the
team
disbanded
at
the
end
of
the
season
gundlach
left
with
better
understanding
of
indycars
fickle
nature
while
that
kind
of
unpredictability
could
frustrate
purely
analytical
being
gundlach
is
an
artist
at
heart
she
loves
all
things
messy
and
creative
and
chaotic
her
homes
walls
are
painted
in
vibrant
oranges
and
purples
live
plants
cover
her
tables
and
dried
flowers
hang
from
the
rafters
she
lives
with
turtle
four
dogs
and
tanks
of
fish
the
uncertainty
of
racing
plays
to
her
strengths
art
is
quite
an
intuitive
study
she
says
you
don
know
all
the
answers
going
into
it
and
same
with
engineering
you
don
know
you
re
given
tools
and
sometimes
the
tools
are
brand
new
so
you
don
know
exactly
how
to
use
the
tools
and
youre
trying
to
solve
problems
you
don
know
the
answer
to
with
tools
you
don
really
know
how
to
use
but
you
start
to
figure
it
out
you
ask
ok
what
does
my
gut
say
she
took
that
artists
intuition
to
rahal
letterman
lanigan
racing
team
as
systems
engineer
in
and
year
later
to
series
stalwart
chip
ganassi
racing
as
an
assistant
engineer
it
was
there
that
she
won
her
first
ntt
indycar
series
title
with
driver
scott
dixon
making
her
and
teammate
danielle
shepherd
href
the
first
female
engineers
to
accomplish
the
feat
the
experience
was
shot
of
pure
adrenaline
when
you
win
the
championship
you
feel
like
ive
finally
done
it
the
job
is
done
we
are
the
best
gundlach
says
but
that
feeling
is
fleeting
each
new
year
and
each
new
race
brings
fresh
challenges
unexpected
obstacles
and
maddening
flukes
you
may
have
control
over
where
youre
going
but
youll
never
be
able
to
predict
what
will
happen
once
you
get
there
sometimes
you
win
the
championship
and
sometimes
you
drag
the
lotus
into
24
th
place
img
src
sites
default
files
styles
video
cover
image
public
ta
nascar
indycar
still
jpg
9
fd
amp
itok
iib
8
eee
alt
two
racers
look
at
gundlach
tablet
as
she
points
at
the
track
loading
lazy
typeof
foaf
image
class
image
style
video
cover
image
modal
video
close
iframe
src
media
oembed
url
https
3
www
youtube
com
watch
3
fv
avdl
8
mxw
amp
max
width
0
amp
max
height
0
amp
hash
0
kvpueeavhveisxtkcycovjhdlel
0
twh
fnehoic
amp
media
oembed
control
5
bprovider
name
5
youtube
frameborder
0
allowtransparency
width
height
class
media
oembed
content
title
track
star
kate
gundlach
is
not
pleased
its
qualifying
day
at
the
indianapolis
motor
speedway
and
oward
has
just
finished
an
anemic
eighth
in
the
first
practice
run
she
hops
down
from
the
timing
stand
in
the
pit
grabs
her
tablet
and
immediately
heads
for
the
arrow
mclaren
garage
shes
surprisingly
fast
for
someone
who
stands
barely
five
feet
tall
we
have
lot
of
work
to
do
in
two
hours
she
says
thats
when
the
qualifying
race
that
will
determine
starting
position
for
the
gallagher
grand
prix
begins
shes
still
hoping
oward
can
win
the
pole
and
if
he
doesnt
id
take
third
but
nothing
less
she
says
gundlachs
intensity
and
refusal
to
fail
is
change
from
her
early
days
in
indycar
back
then
she
stayed
quiet
afraid
asking
questions
or
offering
suggestions
would
reveal
an
inadequacy
or
weakness
its
taken
time
and
experience
to
overcome
the
imposter
syndrome
but
shes
arrived
at
place
where
she
trusts
her
ability
to
dissect
and
solve
any
problem
that
faces
her
and
then
to
offer
her
unreserved
opinion
fellow
engineer
calls
her
approach
very
thorough
it
has
to
be
because
indycar
leaves
so
little
space
for
error
but
also
because
the
track
has
traditionally
functioned
as
boys
club
where
women
especially
women
engineers
are
novelty
lauren
gaudion
the
director
of
communications
for
arrow
mclaren
counts
16
women
among
the
teams
or
so
employees
but
estimates
thats
nearly
double
any
other
team
at
indycar
in
part
thanks
to
gundlach
shes
made
it
her
responsibility
to
recruit
and
support
women
in
racing
lizzie
todd
is
one
of
those
women
she
was
systems
engineer
for
andretti
autosport
when
gundlach
texted
her
about
an
opening
at
arrow
mclaren
though
it
was
technically
lateral
move
she
saw
it
as
step
up
both
because
arrow
mclaren
is
known
to
promote
from
within
and
because
she
would
get
to
work
alongside
gundlach
the
two
have
known
each
other
since
todd
joined
indycar
in
and
gundlach
adopted
her
shes
phenomenal
todd
says
shes
super
goal
oriented
she
knows
where
she
wants
to
go
she
knows
what
she
wants
to
be
but
shes
also
so
willing
to
be
helpful
standing
next
to
her
on
the
timing
stand
has
changed
the
way
look
at
data
shes
taught
me
different
ways
to
approach
things
which
has
made
me
more
efficient
and
allowed
me
to
take
on
more
the
mentorship
is
even
more
remarkable
when
you
realize
gundlach
is
training
todd
to
reach
the
next
rung
on
the
indycar
engineering
ladder
which
just
happens
to
be
gundlachs
own
job
women
have
different
set
of
expectations
and
different
pressures
on
them
gundlach
says
and
one
of
those
pressures
is
the
perception
that
you
are
not
in
control
that
you
don
have
the
means
to
operate
at
that
level
that
you
need
someone
permission
to
do
that
ve
suffered
through
that
quite
bit
see
lot
of
women
come
into
the
sport
and
trying
to
communicate
this
to
them
so
that
they
dont
make
the
same
mistakes
did
and
maybe
they
can
accelerate
little
bit
faster
gundlachs
career
acceleration
meanwhile
shows
no
signs
of
slowing
down
shes
already
performance
engineer
shes
leading
team
and
thats
not
even
the
top
trajectory
of
her
career
gaudion
says
gundlach
has
two
primary
goals
in
her
sights
the
first
is
to
become
race
engineer
the
pressure
filled
top
engineering
spot
on
the
team
responsible
for
working
alongside
the
driver
on
race
day
and
making
all
final
decisions
on
car
related
issues
gundlachs
other
goal
is
to
win
the
sports
most
beloved
race
the
indianapolis
img
alt
the
orange
no
5
car
races
alone
on
the
track
data
entity
type
file
data
entity
uuid
12
bfb
data
image
style
pittmag
fullwidth
loading
lazy
src
sites
default
files
styles
pittmag
fullwidth
public
inline
images
ta
nascar
indycar
magfull
jpg
itok
pkuduxug
typeof
foaf
image
class
image
style
pittmag
fullwidth
ward
takes
practice
run
ahead
of
the
gallagher
grand
prix
at
indianapolis
motor
speedway
as
hisno
5
car
rockets
pastthe
checkered
flag
and
the
ear
splitting
chest
searing
roar
of
the
engine
finally
fades
pato
owards
headset
crackles
to
life
3
buddy
3
great
drive
man
really
proud
of
you
the
oward
teams
brickyard
weekend
has
ended
with
third
place
finish
in
the
gallagher
grand
prix
its
the
teams
seventh
top
five
finish
of
the
season
and
their
sixth
trip
to
the
podium
its
enough
to
move
oward
into
fifth
place
in
the
ntt
indycar
series
standings
but
it
just
barely
surpasses
gundlachs
self
imposed
minimum
standard
winning
is
such
hard
thing
to
do
because
the
series
is
so
tight
she
says
everything
has
to
go
your
way
and
that
only
happens
once
in
blue
moon
fortunately
gundlach
believes
owards
future
is
full
of
blue
moons
on
clear
nights
as
shes
leaving
the
garage
and
walking
to
her
car
she
tips
her
head
back
to
stare
into
starry
sky
and
imagines
what
it
might
be
like
to
watch
oward
take
the
podium
at
the
indianapolis
knowing
she
had
hand
in
getting
him
there
she
may
even
take
celebratory
chug
of
milk
one
of
those
odd
and
endearing
indy
traditions
that
began
in
when
driver
louis
meyer
guzzled
bottle
of
buttermilk
in
victory
lane
but
because
this
is
kate
gundlach
shell
have
to
do
it
her
own
way
of
course
id
drink
oat
milk
main
content
img
src
sites
default
files
styles
footer
background
public
img
bridge
png
itok
ycj
wgw
3
alt
bridge
icon
loading
lazy
typeof
foaf
image
class
image
style
footer
background
logo
and
links
href
title
university
of
pittsburgh
rel
home
class
site
logo
img
src
themes
custom
pitt
pittwire
logo
svg
alt
university
of
pittsburgh
global
menu
href
https://admissions.pitt.edu/apply/
apply
href
visit
href
gid
2
amp
pgid
give
href
pittwire
data
drupal
link
system
path
node
18
pittwire
href
http://calendar.pitt.edu/
events
footer
main
menu
href
about
class
data
gtm
footerlinkscategory
about
href
academics
class
data
gtm
footerlinkscategory
academics
href
admissions
class
data
gtm
footerlinkscategory
admissions
href
research
class
data
gtm
footerlinkscategory
research
href
student
life
class
data
gtm
footerlinkscategory
life
at
pitt
href
http://pittsburghpanthers.com/
class
data
gtm
footerlinkscategory
athletics
end
main
menu
quick
links
and
contact
info
quick
links
collapse
item
quick
links
amp
resources
quick
links
amp
resources
href
class
data
gtm
footerlinkskpi
accessibility
statement
href
https://www.affordability.pitt.edu/
class
data
gtm
footerlinkskpi
affordability
href
https://www.join.pitt.edu/
class
data
gtm
footerlinkskpi
careers
href
about
general
info
class
data
gtm
footerlinkskpi
consumer
info
achievement
href
contact
class
data
gtm
footerlinkskpi
contact
us
href
https://www.academics.pitt.edu/programs/a-z
class
data
gtm
footerlinkskpi
departments
href
https://www.diversity.pitt.edu/
class
data
gtm
footerlinkskpi
diversity
equity
and
inclusion
href
https://find.pitt.edu/
class
data
gtm
footerlinkskpi
find
people
href
https://www.technology.pitt.edu/
class
data
gtm
footerlinkskpi
information
technology
href
https://www.lgbtq.pitt.edu/
class
data
gtm
footerlinkskpi
lgbtq
href
class
data
gtm
footerlinkskpi
nondiscrimination
and
anti
harassment
policy
href
https://www.pitt.edu/privacy-policy
class
data
gtm
footerlinkskpi
privacy
policy
href
https://www.pitt.edu/accountability
class
data
gtm
footerlinkskpi
promoting
accountability
and
trust
href
http://my.pitt.edu
class
data
gtm
footerlinkskpi
my
pitt
collapse
item
regional
campuses
regional
campuses
href
https://upb.pitt.edu/
class
data
gtm
footerlinkskpi
bradford
href
http://www.greensburg.pitt.edu/
class
data
gtm
footerlinkskpi
greensburg
href
https://www.johnstown.pitt.edu/
class
data
gtm
footerlinkskpi
johnstown
href
https://www.titusville.pitt.edu/
class
data
gtm
footerlinkskpi
titusville
collapse
item
colleges
amp
schools
colleges
amp
schools
href
https://www.as.pitt.edu
class
data
gtm
footerlinkskpi
arts
amp
sciences
href
https://www.business.pitt.edu
class
data
gtm
footerlinkskpi
business
href
https://www.sci.pitt.edu
class
data
gtm
footerlinkskpi
computing
amp
information
href
https://www.dental.pitt.edu
class
data
gtm
footerlinkskpi
dental
medicine
href
https://www.education.pitt.edu
class
data
gtm
footerlinkskpi
education
href
https://www.engineering.pitt.edu
class
data
gtm
footerlinkskpi
engineering
href
https://www.cgs.pitt.edu
class
data
gtm
footerlinkskpi
general
studies
href
https://www.shrs.pitt.edu
class
data
gtm
footerlinkskpi
health
amp
rehabilitation
href
https://www.honors.pitt.edu
class
data
gtm
footerlinkskpi
honors
college
href
https://www.law.pitt.edu
class
data
gtm
footerlinkskpi
law
href
https://www.medschool.pitt.edu
class
data
gtm
footerlinkskpi
medicine
href
https://www.nursing.pitt.edu
class
data
gtm
footerlinkskpi
nursing
href
https://www.pharmacy.pitt.edu
class
data
gtm
footerlinkskpi
pharmacy
href
https://www.gspia.pitt.edu
class
data
gtm
footerlinkskpi
public
amp
intl
affairs
href
https://publichealth.pitt.edu/
class
data
gtm
footerlinkskpi
public
health
href
https://www.socialwork.pitt.edu/
class
data
gtm
footerlinkskpi
social
work
fifth
ave
pittsburgh
pa
united
states
class
social
media
link
icon
twitter
href
https://www.twitter.com/PittTweet
target
blank
twitter
class
social
media
link
icon
instagram
href
https://www.instagram.com/pittofficial
target
blank
instagram
class
social
media
link
icon
facebook
href
https://www.facebook.com/upitt
target
blank
facebook
class
social
media
link
icon
youtube
href
https://www.youtube.com/user/pittweb
target
blank
youtube
script
type
application
json
data
drupal
selector
drupal
settings
json
path
baseurl
scriptpath
null
pathprefix
currentpath
node
currentpathisadmin
false
isfront
false
currentlanguage
en
pluraldelimiter
suppressdeprecationerrors
true
ajaxpagestate
libraries
core
drupal
ajax
entity
overlay
entity
overlay
behaviors
extlink
drupal
extlink
filter
caption
media
oembed
formatter
micon
micon
paragraphs
drupal
paragraphs
unpublished
pitt
default
global
styling
pitt
default
media
item
pitt
default
modal
social
media
basic
social
media
links
social
media
links
theme
system
base
views
views
module
zenny
base
zensource
front
end
classy
messages
zensource
front
end
global
styling
theme
pitt
pittwire
theme
token
mkw
0
pexi
17
siqp
0
bzq
oeddixaagzhb
6
oovjpw
ajaxtrustedurl
data
extlink
exttarget
false
exttargetnooverride
false
extnofollow
false
extnoreferrer
true
extfollownooverride
false
extclass
0
extlabel
link
is
external
extimgclass
false
extsubdomains
true
extexclude
extinclude
extcssexclude
block
socialmedialinks
extcssexplicit
extalert
false
extalerttext
this
link
will
take
you
to
an
external
web
site
we
are
not
responsible
for
their
content
mailtoclass
0
mailtolabel
link
sends
email
extusefontawesome
false
exticonplacement
append
extfalinkclasses
fa
fa
external
link
extfamailtoclasses
fa
fa
envelope
whitelisteddomains
entity
overlay
media
overlay
url
entity
overlay
load
nojs
media
modal
path
match
media
media
dialog
type
core
modal
user
uid
0
permissionshash
fba
ed
fb
3
cf
47
script
src
themes
custom
pitt
default
js
gsap
dist
gsap
min
js
21
script
src
themes
custom
pitt
default
js
gsap
dist
scrolltrigger
min
js
21
script
src
core
assets
vendor
jquery
jquery
min
js
0
script
src
core
misc
polyfills
element
matches
js
21
script
src
core
misc
polyfills
object
assign
js
21
script
src
core
assets
vendor
css
escape
css
escape
js
1
script
src
core
assets
vendor
once
once
min
js
1
script
src
core
assets
vendor
jquery
once
jquery
once
min
js
3
script
src
core
misc
drupalsettingsloader
js
21
script
src
core
misc
drupal
js
21
script
src
core
misc
drupal
init
js
21
script
src
core
assets
vendor
tabbable
index
umd
min
js
1
script
src
core
misc
debounce
js
21
script
src
themes
custom
pitt
default
js
collapse
native
js
21
script
src
themes
custom
pitt
default
js
collapse
js
21
script
src
themes
custom
pitt
default
js
transition
js
21
script
src
themes
custom
pitt
default
js
hoverintent
min
js
21
script
src
themes
custom
pitt
default
js
navigation
js
21
script
src
themes
custom
pitt
default
js
userinterface
js
21
script
src
themes
contrib
zensource
front
end
js
global
js
21
script
src
core
misc
jquery
once
bc
js
21
script
src
modules
contrib
extlink
extlink
js
21
script
src
modules
contrib
entity
overlay
js
behaviors
js
21
script
src
core
misc
progress
js
21
script
src
core
modules
responsive
image
js
responsive
image
ajax
js
21
script
src
core
misc
ajax
js
21
script
src
themes
custom
pitt
default
js
media
item
js
shklz
9
script
src
themes
custom
pitt
default
js
modal
native
js
shklz
9
script
src
themes
custom
pitt
default
js
modal
js
shklz
9
script
type
text
javascript
window
nreum
nreum
nreum
info
beacon
bam
nr
data
net
licensekey
nrjs
32
db
applicationid
transactionname
naaayunycbfxveddvw
1
ki
1
zfuakmgudsu
bgnwwvw
queuetime
0
applicationtime
21
atts
gecdfwtcgx
8
errorbeacon
bam
nr
data
net
agent
