doctype
html
html
lang
en
dir
ltr
prefix
content
http://purl.org/rss/1.0/modules/content/
dc
http://purl.org/dc/terms/
foaf
http://xmlns.com/foaf/0.1/
og
http://ogp.me/ns
rdfs
http://www.w3.org/2000/01/rdf-schema
schema
http://schema.org/
sioc
http://rdfs.org/sioc/ns
sioct
http://rdfs.org/sioc/types
skos
http://www.w3.org/2004/02/skos/core
xsd
http://www.w3.org/2001/XMLSchema
meta
charset
utf
8
script
async
src
sites
default
files
google
analytics
gtag
js
sik
window
datalayer
window
datalayer
function
gtag
datalayer
push
arguments
gtag
js
new
date
gtag
set
developer
id
dmdhkmt
true
gtag
config
ua
groups
default
anonymize
ip
true
page
placeholder
placeholder
page
path
link
attribution
true
allow
ad
personalization
signals
false
custom
map
dimension
1
audience
dimension
2
page
level
dimension
3
content
type
gtag
config
9
pqcg
groups
default
page
placeholder
placeholder
page
location
link
attribution
true
allow
ad
personalization
signals
false
gtag
event
custom
audience
page
level
2
content
type
landing
page
meta
property
og
site
name
content
princeton
university
meta
property
og
type
content
website
meta
property
og
url
content
meta
property
og
title
content
engineering
research
meta
property
og
description
content
through
teaching
and
research
we
educate
people
who
will
contribute
to
society
and
develop
knowledge
that
will
make
difference
in
the
world
meta
property
og
image
content
meta
property
fb
app
id
content
meta
name
twitter
card
content
summary
meta
name
twitter
description
content
through
teaching
and
research
we
educate
people
who
will
contribute
to
society
and
develop
knowledge
that
will
make
difference
in
the
world
meta
name
twitter
site
content
princeton
meta
name
twitter
title
content
engineering
research
meta
name
twitter
image
content
meta
name
twitter
image
alt
content
nassau
hall
meta
name
google
site
verification
content
atvweizck
1
ntnn
lkyf
37
srevxxky
gdhucy
meta
name
generator
content
drupal
10
https://www.drupal.org
meta
name
mobileoptimized
content
width
meta
name
handheldfriendly
content
true
meta
name
viewport
content
width
device
width
initial
scale
link
rel
apple
touch
icon
href
themes
custom
hobbes
icons
apple
touch
icon
png
link
rel
icon
type
image
png
href
themes
custom
hobbes
icons
favicon
png
sizes
link
rel
icon
type
image
png
href
themes
custom
hobbes
icons
favicon
png
sizes
link
rel
manifest
href
themes
custom
hobbes
icons
manifest
json
link
rel
mask
icon
href
themes
custom
hobbes
icons
safari
pinned
tab
svg
color
meta
name
msapplication
config
content
themes
custom
hobbes
icons
browserconfig
xml
meta
name
theme
color
content
ffffff
link
rel
icon
href
profiles
contrib
lightning
favicon
ico
type
image
vnd
microsoft
icon
link
rel
canonical
href
link
rel
shortlink
href
https://www.princeton.edu/node/20396
engineering
research
princeton
university
link
rel
stylesheet
media
all
href
sites
default
files
css
css
80
tuzrmm
30
pk
2
gt
3
nxtfedjvxy
7
gx
9
egq
1
qvk
css
delta
0
amp
language
en
amp
theme
hobbes
amp
include
ejxdjeeohsambs
ecitzqg
2
gfqgfi
57
ejeqnfzkzybiunpcccok
1
rgrdnzdatfjpccrgjyjws
4
knd
cmq
9
mg
30
jjk
tbkflic
7
hwun
5
lbzi
0
kqodt
7
nakcsxgbsvko
94
link
rel
stylesheet
media
all
href
https://use.typekit.net/stk8lop.css
link
rel
stylesheet
media
all
href
sites
default
files
css
css
vcdepgqitoo
8
bsjue
8
ar
2
pyidgefbfroqi
jt
30
qens
css
delta
2
amp
language
en
amp
theme
hobbes
amp
include
ejxdjeeohsambs
ecitzqg
2
gfqgfi
57
ejeqnfzkzybiunpcccok
1
rgrdnzdatfjpccrgjyjws
4
knd
cmq
9
mg
30
jjk
tbkflic
7
hwun
5
lbzi
0
kqodt
7
nakcsxgbsvko
94
script
src
sites
default
files
js
js
5
lufvinbgdyvby
1
hxejvxg
zyzygsr
2
ktn
6
uqyhm
js
scope
header
amp
delta
0
amp
language
en
amp
theme
hobbes
amp
include
ejxdjeeohsambs
ecitzqg
2
gfqgfi
57
ejeqnfzkzybiunpcccok
1
rgrdnzdatfjpccrgjyjws
4
knd
cmq
9
mg
30
jjk
tbkflic
7
hwun
5
lbzi
0
kqodt
7
nakcsxgbsvko
94
meta
name
google
site
verification
content
hcfmwexbgyfnjtwfcwqmuhwebymzpzuelokf
8
rm
link
rel
alternate
type
application
rss
xml
title
princeton
university
news
href
feed
link
rel
alternate
type
application
rss
xml
title
princeton
research
news
href
feed
research
link
rel
alternate
type
application
rss
xml
title
princeton
public
events
href
feed
events
skip
to
main
content
href
title
home
rel
home
class
site
logo
princeton
university
menu
href
research
class
menu
item
active
trail
data
drupal
link
system
path
node
51
research
research
submenu
href
research
engineering
and
applied
science
aria
current
page
data
drupal
link
system
path
node
class
is
active
engineering
amp
applied
science
href
research
humanities
data
drupal
link
system
path
node
humanities
href
research
natural
sciences
data
drupal
link
system
path
node
natural
sciences
href
research
social
sciences
data
drupal
link
system
path
node
social
sciences
href
research
office
dean
research
data
drupal
link
system
path
node
dean
for
research
office
href
research
interdisciplinary
approach
data
drupal
link
system
path
node
interdisciplinary
approach
href
research
external
partnerships
data
drupal
link
system
path
node
external
partnerships
href
research
facilities
labs
data
drupal
link
system
path
node
facilities
amp
labs
search
form
action
search
method
get
id
pu
header
search
accept
charset
utf
8
hidden
search
sites
amp
people
times
article
about
research
engineering
and
applied
science
img
loading
eager
srcset
sites
default
files
styles
third
1
crop
public
images
engineeringfreshyr
dkc
img
29
jpg
itok
hforawyr
sites
default
files
styles
half
1
crop
public
images
engineeringfreshyr
dkc
img
29
jpg
itok
hlxhqy
sites
default
files
styles
half
public
images
engineeringfreshyr
dkc
img
29
jpg
itok
qj
4
elfqk
sites
default
files
styles
1
full
2
half
crop
public
images
engineeringfreshyr
dkc
img
29
jpg
itok
1
rkizppc
sites
default
files
styles
crop
ipad
public
images
engineeringfreshyr
dkc
img
29
jpg
itok
6
nsz
sites
default
files
styles
full
2
crop
public
images
engineeringfreshyr
dkc
img
29
jpg
itok
3
ig
79
sizes
vw
width
height
src
sites
default
files
styles
1
full
2
half
crop
public
images
engineeringfreshyr
dkc
img
29
jpg
itok
1
rkizppc
alt
faculty
member
addressing
students
in
tiered
lecture
hall
typeof
foaf
image
engineering
research
engineering
amp
applied
science
research
princeton
engineers
create
knowledge
and
technologies
educate
tomorrow
leaders
and
serve
society
through
discovery
design
and
invention
within
cross
disciplinary
environment
and
liberal
arts
setting
our
six
departments
href
http://www.princeton.edu/cbe/
img
loading
lazy
srcset
sites
default
files
styles
third
1
crop
public
images
jpg
itok
obodt
92
sites
default
files
styles
half
1
crop
public
images
jpg
itok
vm
96
oxi
sizes
min
width
em
vw
min
width
em
25
vw
vw
width
height
src
sites
default
files
styles
half
1
crop
public
images
jpg
itok
vm
96
oxi
alt
professor
clifford
brangwynne
and
graduate
students
stephanie
weber
and
marina
feric
typeof
foaf
image
chemical
and
biological
chemical
and
biological
engineering
addresses
range
of
problems
in
human
health
energy
production
materials
science
and
industrial
processes
areas
of
excellence
at
princeton
include
applied
and
computational
mathematics
bioengineering
environmental
and
energy
science
and
technology
materials
synthesis
and
processing
process
engineering
and
science
thermodynamics
and
statistical
mechanics
and
transport
phenomena
learn
more
href
http://www.princeton.edu/cee/
img
loading
lazy
srcset
sites
default
files
styles
third
1
crop
public
images
unknown
1
png
itok
4
kh
4
bx
sites
default
files
styles
half
1
crop
public
images
unknown
1
png
itok
olo
14
dqx
sizes
min
width
em
vw
min
width
em
25
vw
vw
width
height
src
sites
default
files
styles
half
1
crop
public
images
unknown
1
png
itok
olo
14
dqx
alt
professor
maria
garlock
shows
students
model
of
skyscraper
typeof
foaf
image
civil
and
environmental
civil
and
environmental
engineering
research
addresses
fundamental
questions
associated
with
the
built
environment
the
natural
environment
and
interactions
between
the
two
focus
areas
include
design
of
civil
engineering
systems
water
resources
and
the
hydrologic
cycle
civil
engineering
materials
environmental
and
structural
monitoring
air
quality
and
water
quality
urban
environments
including
smart
cities
the
impacts
of
climate
change
on
water
resources
and
natural
hazards
impacts
of
energy
technology
on
the
environment
and
structural
art
and
design
learn
more
href
http://www.cs.princeton.edu
img
loading
lazy
srcset
sites
default
files
styles
third
1
crop
public
images
jpg
itok
nrdmfrtn
sites
default
files
styles
half
1
crop
public
images
jpg
itok
cufcubmc
sizes
min
width
em
vw
min
width
em
25
vw
vw
width
height
src
sites
default
files
styles
half
1
crop
public
images
jpg
itok
cufcubmc
alt
computer
scientistbarbara
engelhardt
center
leads
research
group
that
is
deciphering
gene
expression
data
typeof
foaf
image
computer
science
princeton
has
been
at
the
forefront
of
computing
since
alan
turing
alonzo
church
and
john
von
neumann
were
among
its
residents
the
department
now
in
period
of
major
growth
has
strong
groups
in
artificial
intelligence
and
machine
learning
theory
programming
languages
graphics
and
vision
systems
and
networking
computer
architecture
computational
biology
and
neuroscience
security
privacy
and
information
technology
policy
learn
more
href
https://ece.princeton.edu/
img
loading
lazy
srcset
sites
default
files
styles
third
1
crop
public
images
jpg
itok
bgzbmpu
sites
default
files
styles
half
1
crop
public
images
jpg
itok
qzoa
3
sizes
min
width
em
vw
min
width
em
25
vw
vw
width
height
src
sites
default
files
styles
half
1
crop
public
images
jpg
itok
qzoa
3
alt
professor
claire
gmachl
with
graduate
students
sabbir
liakat
and
kevin
bors
typeof
foaf
image
electrical
and
computer
engineering
princeton
electrical
and
computer
engineering
program
started
in
as
one
of
the
first
in
the
united
states
remains
at
the
forefront
of
the
field
with
research
aimed
at
improving
human
health
energy
and
environmental
systems
computing
and
communications
and
security
specific
areas
of
research
include
the
physics
of
semiconductors
electronic
and
optical
devices
the
design
of
computers
and
networks
materials
science
and
nanotechnologies
algorithms
and
structures
for
information
and
biological
technologies
learn
more
href
http://mae.princeton.edu
img
loading
lazy
srcset
sites
default
files
styles
third
1
crop
public
images
jpg
itok
qk
zxq
sites
default
files
styles
half
1
crop
public
images
jpg
itok
eski
3
wiv
sizes
min
width
em
vw
min
width
em
25
vw
vw
width
height
src
sites
default
files
styles
half
1
crop
public
images
jpg
itok
eski
3
wiv
alt
professor
howard
stone
and
graduate
student
jie
feng
typeof
foaf
image
mechanical
and
aerospace
mechanical
and
aerospace
engineers
at
princeton
have
played
leading
roles
in
propulsion
combustion
fluid
modeling
and
measurement
laser
technology
and
materials
environmental
science
and
aerospace
dynamics
over
the
past
half
century
with
ties
to
many
other
areas
of
science
and
engineering
mae
faculty
also
have
major
impact
in
pollution
and
alternative
fuels
energy
use
and
storage
materials
science
satellite
technology
and
propulsion
stability
and
control
of
vehicles
aircraft
performance
and
instrumentation
learn
more
href
https://orfe.princeton.edu
img
loading
lazy
srcset
sites
default
files
styles
third
1
crop
public
images
liza
20
rebrova
20
and
20
students
jpg
itok
4
jkhr
7
qd
sites
default
files
styles
half
1
crop
public
images
liza
20
rebrova
20
and
20
students
jpg
itok
rdwwk
7
hk
sizes
min
width
em
vw
min
width
em
25
vw
vw
width
height
src
sites
default
files
styles
half
1
crop
public
images
liza
20
rebrova
20
and
20
students
jpg
itok
rdwwk
7
hk
alt
liza
rebrova
and
students
typeof
foaf
image
operations
research
and
financial
engineering
the
operations
research
and
financial
engineering
department
research
teaching
and
professional
service
focuses
on
the
foundations
of
data
science
probabilistic
modeling
and
optimal
decision
making
under
uncertainty
with
principal
applications
in
communications
finance
energy
and
the
environment
social
behavioral
physical
and
biological
sciences
robotics
and
cyberphysical
systems
social
networks
and
transportation
learn
more
interdisciplinary
research
centers
href
http://acee.princeton.edu
img
loading
lazy
srcset
sites
default
files
styles
third
1
crop
public
images
construction
update
andlinger
jpg
itok
2
dvwz
sites
default
files
styles
half
1
crop
public
images
construction
update
andlinger
jpg
itok
6
rntqhky
sizes
min
width
em
vw
min
width
em
25
vw
vw
width
height
src
sites
default
files
styles
half
1
crop
public
images
construction
update
andlinger
jpg
itok
6
rntqhky
alt
andlinger
center
for
energy
and
the
environment
typeof
foaf
image
andlinger
center
for
energy
and
the
environment
the
nbsp
andlinger
center
for
energy
and
the
environment
nbsp
supports
vibrant
and
expanding
program
of
research
and
teaching
in
the
areas
of
sustainable
energy
technology
development
energy
efficiency
and
environmental
protection
and
remediation
chief
goal
of
the
center
is
to
translate
fundamental
knowledge
into
practical
solutions
that
enable
sustainable
energy
production
and
the
protection
of
the
environment
and
global
climate
from
energy
related
anthropogenic
change
learn
more
href
http://citp.princeton.edu
img
loading
lazy
srcset
sites
default
files
styles
third
1
crop
public
images
orfe
23
jpg
itok
ptzrr
mx
sites
default
files
styles
half
1
crop
public
images
orfe
23
jpg
itok
rqeefelr
sizes
min
width
em
vw
min
width
em
25
vw
vw
width
height
src
sites
default
files
styles
half
1
crop
public
images
orfe
23
jpg
itok
rqeefelr
alt
through
the
glass
at
sherrerd
hall
typeof
foaf
image
center
for
information
technology
policy
the
center
for
information
technology
policy
is
nexus
of
expertise
in
technology
engineering
public
policy
and
the
social
sciences
in
keeping
with
the
university
tradition
of
service
the
center
research
teaching
and
events
address
digital
technologies
as
they
interact
with
society
it
produces
leading
research
as
well
as
practical
demonstrations
of
issues
at
the
crossroads
of
technology
and
policy
citp
integrates
graduate
and
undergraduate
students
at
all
levels
of
its
work
including
an
undergraduate
certificate
offered
in
cooperation
with
the
keller
center
learn
more
href
https://materials.princeton.edu
img
loading
lazy
srcset
sites
default
files
styles
third
1
crop
public
images
42
yao
high
res
jpg
itok
ynyf
6
eka
sites
default
files
styles
half
1
crop
public
images
42
yao
high
res
jpg
itok
dfigl
ty
sizes
min
width
em
vw
min
width
em
25
vw
vw
width
height
src
sites
default
files
styles
half
1
crop
public
images
42
yao
high
res
jpg
itok
dfigl
ty
alt
quot
twin
birds
quot
typeof
foaf
image
princeton
materials
institute
princeton
is
one
of
the
premier
locations
world
wide
for
materials
science
and
education
due
to
its
unique
integration
of
long
term
curiosity
driven
research
and
high
impact
innovation
and
engagement
with
industry
research
at
the
princeton
materials
institute
pmi
pushes
the
boundaries
of
not
only
the
performance
of
new
materials
but
the
fundamental
knowledge
that
underlies
future
advances
the
institute
integrates
academia
nbsp
and
nbsp
industry
and
educates
the
next
generation
of
leaders
nbsp
in
nbsp
the
nbsp
field
learn
more
engineering
research
highlights
img
loading
lazy
srcset
sites
default
files
styles
third
1
public
images
stone
lab
panorama
jpg
itok
zfscac
sites
default
files
styles
half
1
public
images
stone
lab
panorama
jpg
itok
ljylouwg
sites
default
files
styles
scale
public
images
stone
lab
panorama
jpg
itok
dxt
0
pnoh
sites
default
files
styles
half
2
public
images
stone
lab
panorama
jpg
itok
nr
3
ztc
sizes
min
width
em
50
vw
vw
width
height
src
sites
default
files
styles
half
1
public
images
stone
lab
panorama
jpg
itok
ljylouwg
alt
panorama
of
howard
stone
lab
typeof
foaf
image
in
the
laboratory
led
by
howard
stone
professor
in
the
school
of
engineering
and
applied
science
the
flow
of
creativity
among
the
postdoctoral
researchers
graduate
students
and
undergraduates
leads
to
findings
with
the
potential
to
benefit
society
how
everyday
things
inspire
breakthroughs
in
fluid
dynamics
in
howard
stone
lab
cup
of
coffee
gelatin
nbsp
and
ice
nbsp
act
nbsp
as
model
systems
to
study
pattern
formation
in
liquids
nbsp
href
read
more
href
img
loading
lazy
srcset
sites
default
files
styles
third
1
crop
public
images
screen
20
shot
at
pm
png
itok
2
bxwnwa
sites
default
files
styles
half
1
crop
public
images
screen
20
shot
at
pm
png
itok
fpbfbozx
sizes
min
width
em
vw
min
width
em
25
vw
vw
width
height
src
sites
default
files
styles
half
1
crop
public
images
screen
20
shot
at
pm
png
itok
fpbfbozx
alt
portrait
of
kelsey
hatzell
in
laboratory
typeof
foaf
image
looking
toward
mars
kelsey
hatzell
is
working
to
develop
new
rechargeable
batteries
for
solar
powered
orbital
missions
and
missions
to
the
surface
of
mars
learn
more
href
img
loading
lazy
srcset
sites
default
files
styles
third
1
crop
public
images
img
jpg
itok
xw
77
qm
6
sites
default
files
styles
half
1
crop
public
images
img
jpg
itok
cvb
6
eliw
sizes
min
width
em
vw
min
width
em
25
vw
vw
width
height
src
sites
default
files
styles
half
1
crop
public
images
img
jpg
itok
cvb
6
eliw
alt
ben
raphael
typeof
foaf
image
3
genetic
mapping
of
cancer
new
method
integrates
genetic
data
from
multiple
slices
taken
from
the
same
tissue
sample
providing
3
view
of
healthy
and
diseased
cells
including
cancerous
cells
read
more
href
img
loading
lazy
srcset
sites
default
files
styles
third
1
crop
public
images
scaled
jpg
itok
ll
3
bdb
6
sites
default
files
styles
half
1
crop
public
images
scaled
jpg
itok
4
zvb
sizes
min
width
em
vw
min
width
em
25
vw
vw
width
height
src
sites
default
files
styles
half
1
crop
public
images
scaled
jpg
itok
4
zvb
alt
man
points
as
he
speaks
to
students
typeof
foaf
image
policy
program
gives
students
close
up
view
of
government
princetons
center
for
information
technology
policy
gives
students
the
opportunity
to
learn
the
workings
of
local
state
and
federal
government
in
the
public
interest
technology
summer
fellowship
program
nbsp
read
more
img
loading
lazy
srcset
sites
default
files
styles
third
1
public
images
imgp
jpg
itok
tbvzjprp
sites
default
files
styles
half
1
public
images
imgp
jpg
itok
hkhuls
9
sites
default
files
styles
scale
public
images
imgp
jpg
itok
64
blifx
sites
default
files
styles
half
2
public
images
imgp
jpg
itok
lkasa
9
sizes
vw
width
height
src
sites
default
files
styles
half
2
public
images
imgp
jpg
itok
lkasa
9
alt
engineers
without
borders
princeton
university
chapter
in
peru
typeof
foaf
image
areas
of
impact
these
are
some
of
the
areas
in
which
we
connect
multiple
disciplines
to
solve
societal
problems
href
bioengineering
and
health
href
data
science
href
entrepreneurship
href
energy
and
environment
href
future
cities
href
robotics
and
cyberphysical
systems
img
loading
lazy
srcset
sites
default
files
styles
third
1
public
images
campuslife
bo
jpg
itok
5
prnf
sites
default
files
styles
half
1
public
images
campuslife
bo
jpg
itok
akrzb
5
sites
default
files
styles
scale
public
images
campuslife
bo
jpg
itok
qsqijn
4
sites
default
files
styles
half
2
public
images
campuslife
bo
jpg
itok
2
sites
default
files
styles
full
2
public
images
campuslife
bo
jpg
itok
cw
3
zno
sizes
vw
width
height
src
sites
default
files
styles
half
2
public
images
campuslife
bo
jpg
itok
2
alt
female
student
walks
by
sherrerd
hall
typeof
foaf
image
engineering
at
princeton
our
nbsp
programs
nbsp
solve
important
problems
nbsp
by
nbsp
emphasizing
nbsp
fundamental
principles
of
engineering
with
their
connections
to
society
href
https://engineering.princeton.edu
visit
the
school
of
engineering
and
applied
science
href
https://engineering-tours.princeton.edu/
tour
of
the
quad
research
at
princeton
href
research
engineering
and
applied
science
data
drupal
link
system
path
node
class
is
active
engineering
amp
applied
science
href
research
humanities
data
drupal
link
system
path
node
humanities
href
research
natural
sciences
data
drupal
link
system
path
node
natural
sciences
href
research
social
sciences
data
drupal
link
system
path
node
social
sciences
href
research
office
dean
research
data
drupal
link
system
path
node
dean
for
research
office
href
research
interdisciplinary
approach
data
drupal
link
system
path
node
interdisciplinary
approach
href
research
external
partnerships
data
drupal
link
system
path
node
external
partnerships
href
research
facilities
labs
data
drupal
link
system
path
node
facilities
amp
labs
href
title
home
rel
home
class
site
logo
princeton
university
main
navigation
href
meet
princeton
data
drupal
link
system
path
node
meet
princeton
submenu
for
meet
princeton
href
meet
princeton
service
humanity
data
drupal
link
system
path
node
in
service
of
humanity
href
meet
princeton
facts
figures
data
drupal
link
system
path
node
facts
amp
figures
href
meet
princeton
history
data
drupal
link
system
path
node
history
href
meet
princeton
honors
awards
data
drupal
link
system
path
node
honors
amp
awards
href
meet
princeton
contact
us
data
drupal
link
system
path
node
contact
us
href
meet
princeton
visit
us
data
drupal
link
system
path
node
visit
us
href
meet
princeton
our
faculty
data
drupal
link
system
path
node
our
faculty
href
meet
princeton
our
students
data
drupal
link
system
path
node
our
students
href
meet
princeton
our
alumni
data
drupal
link
system
path
node
our
alumni
href
meet
princeton
our
staff
data
drupal
link
system
path
node
our
staff
href
meet
princeton
our
leadership
data
drupal
link
system
path
node
our
leadership
href
meet
princeton
academic
freedom
and
free
expression
data
drupal
link
system
path
node
academic
freedom
and
free
expression
href
meet
princeton
princetons
strategic
planning
framework
data
drupal
link
system
path
node
strategic
planning
framework
href
academics
data
drupal
link
system
path
node
46
academics
submenu
for
academics
href
academics
studying
princeton
data
drupal
link
system
path
node
76
studying
at
princeton
href
academics
library
data
drupal
link
system
path
node
library
href
academics
areas
of
study
data
drupal
link
system
path
academics
areas
of
study
areas
of
study
href
academics
areas
of
study
humanities
data
drupal
link
system
path
academics
areas
of
study
humanities
humanities
href
academics
areas
of
study
social
sciences
data
drupal
link
system
path
academics
areas
of
study
social
sciences
social
sciences
href
academics
areas
of
study
engineering
data
drupal
link
system
path
academics
areas
of
study
engineering
engineering
href
academics
areas
of
study
natural
sciences
data
drupal
link
system
path
academics
areas
of
study
natural
sciences
natural
sciences
href
academics
advising
data
drupal
link
system
path
node
advising
href
academic
calendar
href
academics
course
tools
data
drupal
link
system
path
node
course
tools
href
academics
learning
abroad
data
drupal
link
system
path
node
learning
abroad
href
academics
career
development
data
drupal
link
system
path
node
career
development
href
academics
continuing
education
data
drupal
link
system
path
node
continuing
education
href
academics
innovative
learning
data
drupal
link
system
path
node
innovative
learning
href
research
data
drupal
link
system
path
node
51
research
submenu
for
research
href
research
engineering
and
applied
science
data
drupal
link
system
path
node
class
is
active
engineering
amp
applied
science
href
research
humanities
data
drupal
link
system
path
node
humanities
href
research
natural
sciences
data
drupal
link
system
path
node
natural
sciences
href
research
social
sciences
data
drupal
link
system
path
node
social
sciences
href
research
office
dean
research
data
drupal
link
system
path
node
dean
for
research
office
href
research
interdisciplinary
approach
data
drupal
link
system
path
node
interdisciplinary
approach
href
research
external
partnerships
data
drupal
link
system
path
node
external
partnerships
href
research
facilities
labs
data
drupal
link
system
path
node
facilities
amp
labs
href
one
community
data
drupal
link
system
path
node
56
one
community
submenu
for
one
community
href
one
community
lifelong
connections
data
drupal
link
system
path
node
lifelong
connections
href
one
community
student
life
data
drupal
link
system
path
node
student
life
href
one
community
arts
culture
data
drupal
link
system
path
node
arts
amp
culture
href
one
community
athletics
data
drupal
link
system
path
node
athletics
href
one
community
living
princeton
nj
data
drupal
link
system
path
node
living
in
princeton
href
one
community
housing
dining
data
drupal
link
system
path
node
housing
amp
dining
href
one
community
activities
organizations
data
drupal
link
system
path
node
activities
amp
organizations
href
one
community
cultural
affinity
groups
data
drupal
link
system
path
node
cultural
amp
affinity
groups
href
one
community
health
wellness
data
drupal
link
system
path
node
health
amp
wellness
href
one
community
religious
life
data
drupal
link
system
path
node
religious
life
href
one
community
serving
public
good
data
drupal
link
system
path
node
serving
the
public
good
href
one
community
families
data
drupal
link
system
path
node
families
href
admission
aid
data
drupal
link
system
path
node
61
admission
amp
aid
submenu
for
admission
amp
aid
href
admission
aid
affordable
all
data
drupal
link
system
path
node
affordable
for
all
href
https://admission.princeton.edu/cost-aid
about
financial
aid
href
https://finaid.princeton.edu
current
undergraduate
financial
aid
href
https://admission.princeton.edu
undergraduate
admission
href
admission
aid
graduate
admission
data
drupal
link
system
path
node
graduate
admission
href
admission
aid
international
students
data
drupal
link
system
path
node
for
international
students
href
https://alumni.princeton.edu/venture-forward
dare
to
venture
img
loading
lazy
srcset
sites
default
files
styles
third
1
crop
public
images
venture
forward
3
png
itok
ld
5
hu
sites
default
files
styles
half
1
crop
public
images
venture
forward
3
png
itok
qaduptd
sizes
min
width
em
vw
min
width
em
25
vw
vw
width
height
src
sites
default
files
styles
half
1
crop
public
images
venture
forward
3
png
itok
qaduptd
5
alt
typeof
foaf
image
from
the
present
to
the
possible
href
https://goprincetontigers.com/
athletics
img
loading
lazy
srcset
sites
default
files
styles
third
1
crop
public
images
logo
main
0
png
itok
vmrk
sites
default
files
styles
half
1
crop
public
images
logo
main
0
png
itok
ue
2
ocwki
sizes
min
width
em
vw
min
width
em
25
vw
vw
width
height
src
sites
default
files
styles
half
1
crop
public
images
logo
main
0
png
itok
ue
2
ocwki
alt
typeof
foaf
image
go
princeton
tigers
utility
menu
href
news
data
drupal
link
system
path
news
news
href
events
data
drupal
link
system
path
node
events
href
work
work
princeton
data
drupal
link
system
path
node
work
at
princeton
href
links
students
data
drupal
link
system
path
node
student
links
href
https://alumni.princeton.edu
alumni
href
https://alumni.princeton.edu/give
giving
href
inside
princeton
contact
links
href
meet
princeton
contact
us
data
drupal
link
system
path
node
contact
us
href
accessibility
help
href
search
people
advanced
data
drupal
link
system
path
search
people
advanced
directory
visiting
links
href
meet
princeton
visit
us
data
drupal
link
system
path
node
plan
visit
href
meet
princeton
visit
us
campus
maps
data
drupal
link
system
path
node
maps
amp
shuttles
href
http://www.goprincetontigers.com
varsity
athletics
href
http://giving.princeton.edu
giving
to
princeton
academic
links
href
http://library.princeton.edu
library
href
academic
calendar
href
links
students
data
drupal
link
system
path
node
student
links
href
faculty
amp
staff
links
footer
social
media
href
https://www.facebook.com/princetonu
facebook
href
https://twitter.com/princeton
twitter
href
https://www.instagram.com/princeton/
instagram
href
https://www.snapchat.com/add/princetonu
snapchat
href
https://www.linkedin.com/school/157313/
linkedin
href
https://www.youtube.com/princeton
youtube
href
http://socialmedia.princeton.edu/accounts
social
media
directory
equal
opportunity
and
nondiscrimination
at
princeton
university
princeton
university
believes
that
commitment
to
principles
of
fairness
and
respect
for
all
is
favorable
to
the
free
and
open
exchange
of
ideas
and
the
university
seeks
to
reach
out
as
widely
as
possible
in
order
to
attract
the
ablest
individuals
as
students
faculty
and
staff
in
applying
this
policy
the
university
is
committed
to
nondiscrimination
on
the
basis
of
personal
beliefs
or
characteristics
such
as
political
views
religion
national
origin
ancestry
race
color
sex
sexual
orientation
gender
identity
or
expression
pregnancy
childbirth
age
marital
or
domestic
partnership
status
veteran
status
disability
genetic
information
and
or
other
characteristics
protected
by
applicable
law
in
any
phase
of
its
education
or
employment
programs
or
activities
in
addition
pursuant
to
title
ix
of
the
education
amendments
of
and
supporting
regulations
princeton
does
not
discriminate
on
the
basis
of
sex
in
the
education
programs
or
activities
that
it
operates
this
extends
to
admission
and
employment
inquiries
about
the
application
of
title
ix
and
its
supporting
regulations
may
be
directed
to
the
assistant
secretary
for
civil
rights
office
for
civil
rights
department
of
education
or
to
the
universitys
sexual
misconduct
title
ix
coordinator
see
princetons
full
href
https://rrr.princeton.edu/eop
equal
opportunity
policy
and
nondiscrimination
statement
href
http://www.princeton.edu
img
alt
src
themes
custom
hobbes
images
logo
white
svg
princeton
university
princeton
nj
operator
copy
the
trustees
of
princeton
nbsp
university
subfooter
links
href
content
copyright
infringement
data
drupal
link
system
path
node
copyright
infringement
href
privacy
notice
data
drupal
link
system
path
node
privacy
notice
do
not
remove
this
comment
the
ultradns
service
tests
for
the
following
string
to
confirm
that
the
site
is
available
ultradns
test
string
script
type
application
json
data
drupal
selector
drupal
settings
json
path
baseurl
pathprefix
currentpath
node
currentpathisadmin
false
isfront
false
currentlanguage
en
pluraldelimiter
suppressdeprecationerrors
true
google
analytics
account
ua
trackoutbound
true
trackmailto
true
tracktel
true
trackdownload
true
trackdownloadextensions
7
aac
arc
arj
asf
asx
avi
bin
csv
doc
dot
exe
flv
gif
gz
gzip
hqx
jar
jpe
js
mp
4
mov
ie
msi
msp
pdf
phps
png
ppt
pot
pps
ppam
sld
thmx
qtm
ra
sea
sit
tar
tgz
torrent
txt
wav
wma
wmv
wpd
xls
xlt
xlam
xml
zip
data
extlink
exttarget
false
exttargetnooverride
false
extnofollow
false
extnoreferrer
false
extfollownooverride
false
extclass
ext
extlabel
link
is
external
extimgclass
false
extsubdomains
false
extexclude
extinclude
extcssexclude
share
icons
flashcard
extcssexplicit
main
block
hobbes
main
menu
crumby
list
extalert
false
extalerttext
this
link
will
take
you
to
an
external
web
site
we
are
not
responsible
for
their
content
mailtoclass
mailto
mailtolabel
link
sends
email
extusefontawesome
false
exticonplacement
append
extfalinkclasses
fa
fa
external
link
extfamailtoclasses
fa
fa
envelope
whitelisteddomains
ajax
user
uid
0
permissionshash
70
cecf
cc
fc
5
bbbbabad
fae
9
fcc
8
ed
script
src
sites
default
files
js
js
cdsdzbuhbp
50
rztez
osduljmfgj
4
hiqbqqw
ts
js
scope
footer
amp
delta
0
amp
language
en
amp
theme
hobbes
amp
include
ejxdjeeohsambs
ecitzqg
2
gfqgfi
57
ejeqnfzkzybiunpcccok
1
rgrdnzdatfjpccrgjyjws
4
knd
cmq
9
mg
30
jjk
tbkflic
7
hwun
5
lbzi
0
kqodt
7
nakcsxgbsvko
94
