doctype
html
html
lang
en
dir
ltr
prefix
content
http://purl.org/rss/1.0/modules/content/
dc
http://purl.org/dc/terms/
foaf
http://xmlns.com/foaf/0.1/
og
http://ogp.me/ns
rdfs
http://www.w3.org/2000/01/rdf-schema
schema
http://schema.org/
sioc
http://rdfs.org/sioc/ns
sioct
http://rdfs.org/sioc/types
skos
http://www.w3.org/2004/02/skos/core
xsd
http://www.w3.org/2001/XMLSchema
meta
charset
utf
8
script
async
src
sites
default
files
google
analytics
gtag
js
sitev
1
window
datalayer
window
datalayer
function
gtag
datalayer
push
arguments
gtag
js
new
date
gtag
set
developer
id
dmdhkmt
true
gtag
config
ua
groups
default
anonymize
ip
true
page
placeholder
placeholder
page
path
link
attribution
true
allow
ad
personalization
signals
false
custom
map
dimension
1
audience
dimension
2
page
level
dimension
3
content
type
gtag
config
9
pqcg
groups
default
page
placeholder
placeholder
page
location
link
attribution
true
allow
ad
personalization
signals
false
gtag
event
custom
audience
page
level
1
content
type
landing
page
meta
name
description
content
through
teaching
and
research
we
educate
people
who
will
contribute
to
society
and
develop
knowledge
that
will
make
difference
in
the
world
link
rel
canonical
href
https://www.princeton.edu/
link
rel
shortlink
href
https://www.princeton.edu/
meta
property
og
site
name
content
princeton
university
meta
property
og
type
content
website
meta
property
og
url
content
https://www.princeton.edu/home
meta
property
og
title
content
princeton
university
meta
property
og
description
content
through
teaching
and
research
we
educate
people
who
will
contribute
to
society
and
develop
knowledge
that
will
make
difference
in
the
world
meta
property
og
image
content
meta
property
fb
app
id
content
meta
name
twitter
card
content
summary
meta
name
twitter
description
content
through
teaching
and
research
we
educate
people
who
will
contribute
to
society
and
develop
knowledge
that
will
make
difference
in
the
world
meta
name
twitter
site
content
princeton
meta
name
twitter
title
content
princeton
university
meta
name
twitter
image
content
meta
name
twitter
image
alt
content
nassau
hall
meta
name
google
site
verification
content
atvweizck
1
ntnn
lkyf
37
srevxxky
gdhucy
meta
name
generator
content
drupal
10
https://www.drupal.org
meta
name
mobileoptimized
content
width
meta
name
handheldfriendly
content
true
meta
name
viewport
content
width
device
width
initial
scale
link
rel
apple
touch
icon
href
themes
custom
hobbes
icons
apple
touch
icon
png
link
rel
icon
type
image
png
href
themes
custom
hobbes
icons
favicon
png
sizes
link
rel
icon
type
image
png
href
themes
custom
hobbes
icons
favicon
png
sizes
link
rel
manifest
href
themes
custom
hobbes
icons
manifest
json
link
rel
mask
icon
href
themes
custom
hobbes
icons
safari
pinned
tab
svg
color
meta
name
msapplication
config
content
themes
custom
hobbes
icons
browserconfig
xml
meta
name
theme
color
content
ffffff
link
rel
icon
href
profiles
contrib
lightning
favicon
ico
type
image
vnd
microsoft
icon
home
princeton
university
link
rel
stylesheet
media
all
href
sites
default
files
css
css
teytrdofvgvrepfwcdhnqstszaxd
7
yv
1
cadgojq
vuw
css
delta
0
amp
language
en
amp
theme
hobbes
amp
include
ejxdjleowiaqrc
uhmgc
1
qt
4
wwuiunn
2
msrn
8
mew
8
zklogemgdtxacmlcn
1
aypnfqliruznasgmt
4
jgsiyr
lkdoap
1
ufo
0
fpl
1
rfvseihllar
lvplpne
8
mpp
9
bbz
5
rrm
35
fbyc
16
rr
0
kgjnwt
5
pyjaeia
0
xsnrga
5
zg
eaovxmvzoa
link
rel
stylesheet
media
all
href
https://use.typekit.net/stk8lop.css
link
rel
stylesheet
media
all
href
sites
default
files
css
css
qvgimrqebcseokeqrqdgunxlogxng
47
sokdg
9
eeqszu
css
delta
2
amp
language
en
amp
theme
hobbes
amp
include
ejxdjleowiaqrc
uhmgc
1
qt
4
wwuiunn
2
msrn
8
mew
8
zklogemgdtxacmlcn
1
aypnfqliruznasgmt
4
jgsiyr
lkdoap
1
ufo
0
fpl
1
rfvseihllar
lvplpne
8
mpp
9
bbz
5
rrm
35
fbyc
16
rr
0
kgjnwt
5
pyjaeia
0
xsnrga
5
zg
eaovxmvzoa
script
src
sites
default
files
js
js
5
lufvinbgdyvby
1
hxejvxg
zyzygsr
2
ktn
6
uqyhm
js
scope
header
amp
delta
0
amp
language
en
amp
theme
hobbes
amp
include
ejxdjleowiaqrc
uhmgc
1
qt
4
wwuiunn
2
msrn
8
mew
8
zklogemgdtxacmlcn
1
aypnfqliruznasgmt
4
jgsiyr
lkdoap
1
ufo
0
fpl
1
rfvseihllar
lvplpne
8
mpp
9
bbz
5
rrm
35
fbyc
16
rr
0
kgjnwt
5
pyjaeia
0
xsnrga
5
zg
eaovxmvzoa
meta
name
google
site
verification
content
hcfmwexbgyfnjtwfcwqmuhwebymzpzuelokf
8
rm
link
rel
alternate
type
application
rss
xml
title
princeton
university
news
href
feed
link
rel
alternate
type
application
rss
xml
title
princeton
research
news
href
feed
research
link
rel
alternate
type
application
rss
xml
title
princeton
public
events
href
feed
events
skip
to
main
content
href
title
home
rel
home
class
site
logo
princeton
university
menu
search
form
action
search
method
get
id
pu
header
search
accept
charset
utf
8
hidden
search
sites
amp
people
times
article
about
home
div
about
news
02
summer
reads
class
image
cover
container
hero
overlay
crop
middle
no
chevron
hero
mobile
overlay
img
loading
eager
srcset
sites
default
files
styles
third
1
crop
public
images
summerreads
jpg
itok
8
ab
9
hmz
sites
default
files
styles
half
1
crop
public
images
summerreads
jpg
itok
akwj
5
yyb
sites
default
files
styles
half
public
images
summerreads
jpg
itok
0
nzpgpaf
sites
default
files
styles
1
full
2
half
crop
public
images
summerreads
jpg
itok
0
xywcp
sites
default
files
styles
crop
ipad
public
images
summerreads
jpg
itok
fxcx
69
ou
sites
default
files
styles
full
2
crop
public
images
summerreads
jpg
itok
fqujgkg
sizes
vw
width
height
src
sites
default
files
styles
1
full
2
half
crop
public
images
summerreads
jpg
itok
0
xywcp
07
alt
typeof
foaf
image
href
news
02
summer
reads
summer
reads
princeton
professors
share
whats
on
their
lists
including
new
fiction
titles
history
philosophy
poetry
american
politics
and
essential
ai
reading
from
one
of
the
fields
leading
lights
article
about
news
09
indigenous
students
hone
their
policymaking
skills
annual
santa
fe
indian
school
class
card
news
teaser
news
teaser
standard
content
tile
flashcard
content
tile
set
item
href
news
09
indigenous
students
hone
their
policymaking
skills
annual
santa
fe
indian
school
class
teaser
card
wrapper
img
loading
eager
srcset
sites
default
files
styles
third
1
crop
public
images
santafelunchandawards
mr
web
jpeg
itok
itxfuyn
sites
default
files
styles
half
1
crop
public
images
santafelunchandawards
mr
web
jpeg
itok
0
cahz
3
sizes
min
width
em
26
vw
min
width
40
em
45
vw
90
vw
width
height
src
sites
default
files
styles
half
1
crop
public
images
santafelunchandawards
mr
web
jpeg
itok
0
cahz
3
alt
santa
fe
students
stand
shoulder
to
shoulder
as
group
typeof
foaf
image
expanding
opportunity
indigenous
students
honed
their
policymaking
skills
at
the
annual
santa
fe
indian
school
leadership
institute
summer
academy
article
about
news
22
summer
support
and
success
high
school
public
college
first
generation
lower
income
class
card
news
teaser
news
teaser
standard
content
tile
flashcard
content
tile
set
item
href
news
22
summer
support
and
success
high
school
public
college
first
generation
lower
income
class
teaser
card
wrapper
img
loading
eager
srcset
sites
default
files
styles
third
1
crop
public
images
asapsummerprgm
mr
jpg
itok
jjq
2
hizl
sites
default
files
styles
half
1
crop
public
images
asapsummerprgm
mr
jpg
itok
ssfagwh
sizes
min
width
em
26
vw
min
width
40
em
45
vw
90
vw
width
height
src
sites
default
files
styles
half
1
crop
public
images
asapsummerprgm
mr
jpg
itok
ssfagwh
6
alt
student
and
an
organizer
of
the
emma
bloomberg
summer
programs
say
their
goodbyes
at
closing
event
typeof
foaf
image
support
for
college
access
and
success
the
emma
bloomberg
center
hosted
high
school
public
college
first
gen
lower
income
and
transfer
students
in
its
summer
programs
university
news
href
news
class
curated
news
list
tile
link
curated
news
list
tile
link
desktop
arrow
view
all
news
article
about
news
14
authors
princeton
ties
bring
nj
its
first
freedom
libraries
class
card
news
teaser
news
teaser
standard
content
tile
flashcard
content
tile
set
item
href
news
14
authors
princeton
ties
bring
nj
its
first
freedom
libraries
class
teaser
card
wrapper
img
loading
eager
srcset
sites
default
files
styles
third
1
crop
public
images
blj
px
jpg
itok
kq
4
presf
sites
default
files
styles
half
1
crop
public
images
blj
px
jpg
itok
zw
2
baowq
sizes
min
width
em
26
vw
min
width
40
em
45
vw
90
vw
width
height
src
sites
default
files
styles
half
1
crop
public
images
blj
px
jpg
itok
zw
2
baowq
alt
reginald
dwayne
betts
performing
in
quot
felon
an
american
washi
tale
quot
typeof
foaf
image
authors
princeton
ties
bring
its
first
freedom
libraries
the
acclaimed
poet
reginald
dwayne
betts
runs
the
nonprofit
freedom
reads
which
brings
libraries
into
prisons
three
have
been
installed
at
the
garden
state
youth
correctional
facility
in
chesterfield
with
support
from
princeton
university
library
article
about
news
23
ilana
witten
named
hhmi
investigator
class
card
news
teaser
news
teaser
standard
content
tile
flashcard
content
tile
set
item
href
news
23
ilana
witten
named
hhmi
investigator
class
teaser
card
wrapper
img
loading
eager
srcset
sites
default
files
styles
third
1
crop
public
images
ilanawitten
lp
jpg
itok
db
2
kwdzg
sites
default
files
styles
half
1
crop
public
images
ilanawitten
lp
jpg
itok
lz
96
cdpl
sizes
min
width
em
26
vw
min
width
40
em
45
vw
90
vw
width
height
src
sites
default
files
styles
half
1
crop
public
images
ilanawitten
lp
jpg
itok
lz
96
cdpl
alt
typeof
foaf
image
ilana
witten
named
hhmi
investigator
the
prestigious
award
supports
blue
sky
biological
nbsp
and
biomedical
science
nbsp
research
witten
is
neuroscientist
and
class
of
alum
article
about
news
12
pci
symposium
assembles
cutting
edge
researchers
spark
innovation
class
card
news
teaser
news
teaser
standard
content
tile
flashcard
content
tile
set
item
href
news
12
pci
symposium
assembles
cutting
edge
researchers
spark
innovation
class
teaser
card
wrapper
img
loading
eager
srcset
sites
default
files
styles
third
1
crop
public
images
catalysissymposium
pm
et
cropped
jpg
itok
lewkq
6
sites
default
files
styles
half
1
crop
public
images
catalysissymposium
pm
et
cropped
jpg
itok
wpoqs
sizes
min
width
em
26
vw
min
width
40
em
45
vw
90
vw
width
height
src
sites
default
files
styles
half
1
crop
public
images
catalysissymposium
pm
et
cropped
jpg
itok
wpoqs
alt
speaker
addressing
seated
crowd
in
an
auditorium
typeof
foaf
image
pci
symposium
assembles
cutting
edge
researchers
to
spark
innovation
the
annual
event
challenges
faculty
to
tell
their
best
research
stories
in
under
eight
minutes
put
them
together
you
get
lightbulbs
an
industry
partner
says
href
news
class
mobile
arrow
arrow
view
all
news
img
loading
lazy
srcset
sites
default
files
styles
third
1
public
images
adobestock
crp
10
new
0
jpg
itok
zihu
6
la
sites
default
files
styles
half
1
public
images
adobestock
crp
10
new
0
jpg
itok
xs
vx
sites
default
files
styles
scale
public
images
adobestock
crp
10
new
0
jpg
itok
ivhbqmtg
sizes
vw
width
height
src
sites
default
files
styles
half
2
public
images
adobestock
crp
10
new
0
jpg
itok
znqunqoz
alt
typeof
foaf
image
the
quantum
future
meeting
the
moment
princetons
quantum
scientists
and
engineers
are
working
to
manipulate
the
strange
behaviors
of
particles
mindbending
realities
like
quantum
entanglement
and
superposition
to
advance
knowledge
and
produce
technologies
in
fields
as
far
ranging
as
computing
communications
medicine
energy
finance
and
cryptography
our
expanded
quantum
initiative
and
new
ph
program
carry
forward
spirit
of
discovery
on
our
campus
that
reaches
back
to
einstein
href
topics
matter
quantum
future
follow
our
latest
breakthroughs
and
meet
our
forward
thinkers
exceptional
faculty
princeton
faculty
members
are
all
exceptional
scholars
in
their
disciplines
who
are
expected
to
teach
as
well
as
engage
in
research
faculty
work
closely
with
undergraduates
in
the
supervision
of
junior
year
independent
work
and
senior
theses
img
loading
lazy
srcset
sites
default
files
styles
third
1
crop
public
images
annecheng
web
1
jpeg
itok
8
behbck
sites
default
files
styles
half
1
crop
public
images
annecheng
web
1
jpeg
itok
cfqsod
sites
default
files
styles
half
public
images
annecheng
web
1
jpeg
itok
dl
8
chj
sites
default
files
styles
1
full
2
half
crop
public
images
annecheng
web
1
jpeg
itok
uocvixtf
sizes
min
width
40
em
50
vw
vw
width
height
src
sites
default
files
styles
1
full
2
half
crop
public
images
annecheng
web
1
jpeg
itok
uocvixtf
alt
anne
cheng
looking
at
the
camera
wearing
white
button
up
shirt
typeof
foaf
image
img
loading
lazy
srcset
sites
default
files
styles
third
1
public
images
ornamentalismbookcoverstroked
3
jpg
itok
igkym
sites
default
files
styles
half
1
public
images
ornamentalismbookcoverstroked
3
jpg
itok
bibtsolw
sites
default
files
styles
scale
public
images
ornamentalismbookcoverstroked
3
jpg
itok
2
vp
5
zbi
sizes
min
width
px
33
em
min
width
40
em
22
vw
vw
width
height
src
sites
default
files
styles
third
1
public
images
ornamentalismbookcoverstroked
3
jpg
itok
igkym
alt
ornamentalism
book
cover
red
dress
with
intricate
pattern
typeof
foaf
image
href
class
title
link
anne
cheng
english
chengs
ornamentalism
advances
groundbreaking
theory
about
asiatic
femininity
in
western
culture
and
is
an
impetus
for
an
upcoming
exhibit
at
the
metropolitan
museum
called
monstrous
beauty
opening
march
img
loading
lazy
srcset
sites
default
files
styles
third
1
crop
public
images
okeke
aguluc
rt
2
dja
copy
web
0
jpeg
itok
cywgpfks
sites
default
files
styles
half
1
crop
public
images
okeke
aguluc
rt
2
dja
copy
web
0
jpeg
itok
88
johe
sites
default
files
styles
half
public
images
okeke
aguluc
rt
2
dja
copy
web
0
jpeg
itok
nruwrdc
sites
default
files
styles
1
full
2
half
crop
public
images
okeke
aguluc
rt
2
dja
copy
web
0
jpeg
itok
lnl
7
woyn
sizes
min
width
40
em
50
vw
vw
width
height
src
sites
default
files
styles
1
full
2
half
crop
public
images
okeke
aguluc
rt
2
dja
copy
web
0
jpeg
itok
lnl
7
woyn
alt
chika
looking
at
the
camera
wearing
hat
typeof
foaf
image
href
class
title
link
chika
okeke
agulu
art
and
archaeology
okeke
agulu
is
celebrated
artist
critic
curator
and
historian
of
african
and
african
diaspora
art
he
is
director
of
princetons
africa
world
initiative
img
loading
lazy
srcset
sites
default
files
styles
third
1
crop
public
images
adriaenssenss
jpg
itok
csrfkyu
sites
default
files
styles
half
1
crop
public
images
adriaenssenss
jpg
itok
za
3
mnnjn
sites
default
files
styles
half
public
images
adriaenssenss
jpg
itok
jnbxg
9
sites
default
files
styles
1
full
2
half
crop
public
images
adriaenssenss
jpg
itok
ce
ktub
sizes
min
width
40
em
50
vw
vw
width
height
src
sites
default
files
styles
1
full
2
half
crop
public
images
adriaenssenss
jpg
itok
ce
ktub
9
alt
sigrid
adriaenssens
holding
woven
basket
typeof
foaf
image
href
class
title
link
sigrid
adriaenssens
civil
and
environmental
engineering
adriaenssens
is
an
engineering
innovator
designing
lightweight
elegant
and
resilient
structures
for
sustainable
buildings
bridges
and
other
infrastructure
img
loading
lazy
srcset
sites
default
files
styles
third
1
crop
public
images
profile
20
photo
highres
credit
20
cyndi
20
shattuck
extnd
2
jpg
itok
nptgrfx
sites
default
files
styles
half
1
crop
public
images
profile
20
photo
highres
credit
20
cyndi
20
shattuck
extnd
2
jpg
itok
mao
qoe
sites
default
files
styles
half
public
images
profile
20
photo
highres
credit
20
cyndi
20
shattuck
extnd
2
jpg
itok
9
upens
3
sites
default
files
styles
1
full
2
half
crop
public
images
profile
20
photo
highres
credit
20
cyndi
20
shattuck
extnd
2
jpg
itok
sogjidcr
sizes
min
width
40
em
50
vw
vw
width
height
src
sites
default
files
styles
1
full
2
half
crop
public
images
profile
20
photo
highres
credit
20
cyndi
20
shattuck
extnd
2
jpg
itok
sogjidcr
alt
ruha
benjamin
typeof
foaf
image
img
loading
lazy
srcset
sites
default
files
styles
third
1
public
images
sl
jpg
itok
wvgnvf
7
sites
default
files
styles
half
1
public
images
sl
jpg
itok
rzl
5
ykt
sites
default
files
styles
scale
public
images
sl
jpg
itok
3
fp
sizes
min
width
px
33
em
min
width
40
em
22
vw
vw
width
height
src
sites
default
files
styles
third
1
public
images
sl
jpg
itok
wvgnvf
7
alt
ruha
benjamin
book
cover
typeof
foaf
image
href
class
title
link
ruha
benjamin
african
american
studies
benjamins
scholarship
explores
the
relationship
between
technological
innovation
and
social
equity
she
is
the
author
of
viral
justice
and
the
new
imagination
manifesto
img
loading
lazy
srcset
sites
default
files
styles
third
1
crop
public
images
curriej
dja
efs
jpg
itok
gnizlypi
sites
default
files
styles
half
1
crop
public
images
curriej
dja
efs
jpg
itok
1
nqby
5
sites
default
files
styles
half
public
images
curriej
dja
efs
jpg
itok
xi
8
czfw
sites
default
files
styles
1
full
2
half
crop
public
images
curriej
dja
efs
jpg
itok
qpve
7
mtw
sizes
min
width
40
em
50
vw
vw
width
height
src
sites
default
files
styles
1
full
2
half
crop
public
images
curriej
dja
efs
jpg
itok
qpve
7
mtw
alt
janet
currie
typeof
foaf
image
href
class
title
link
janet
currie
princeton
school
of
public
and
international
affairs
currie
nbsp
applies
economics
expertise
to
childrens
health
development
and
well
being
nbsp
img
loading
lazy
srcset
sites
default
files
styles
third
1
crop
public
images
naryanana
dja
ppi
jpg
itok
fjqfmdvs
sites
default
files
styles
half
1
crop
public
images
naryanana
dja
ppi
jpg
itok
jraazn
6
sites
default
files
styles
half
public
images
naryanana
dja
ppi
jpg
itok
df
yeo
sites
default
files
styles
1
full
2
half
crop
public
images
naryanana
dja
ppi
jpg
itok
prjuj
0
ij
sizes
min
width
40
em
50
vw
vw
width
height
src
sites
default
files
styles
1
full
2
half
crop
public
images
naryanana
dja
ppi
jpg
itok
prjuj
0
ij
alt
arvind
narayanan
typeof
foaf
image
href
class
title
link
arvind
narayanan
computer
science
and
the
center
for
information
technology
policy
narayanan
studies
the
societal
impact
of
artificial
intelligence
and
machine
learning
img
loading
lazy
srcset
sites
default
files
styles
third
1
crop
public
images
marinarustow
crp
4
jpg
itok
fhaa
sites
default
files
styles
half
1
crop
public
images
marinarustow
crp
4
jpg
itok
ovdt
77
af
sites
default
files
styles
half
public
images
marinarustow
crp
4
jpg
itok
eowplhig
sites
default
files
styles
1
full
2
half
crop
public
images
marinarustow
crp
4
jpg
itok
3
zds
09
sizes
min
width
40
em
50
vw
vw
width
height
src
sites
default
files
styles
1
full
2
half
crop
public
images
marinarustow
crp
4
jpg
itok
3
zds
09
alt
marina
rustow
typeof
foaf
image
href
class
title
link
marina
rustow
near
eastern
studies
and
history
rustow
uses
machine
learning
to
decipher
thousands
of
arabic
and
hebrew
fragments
preserved
in
medieval
cairo
synagogue
that
open
new
window
onto
premodern
history
img
loading
lazy
srcset
sites
default
files
styles
third
1
crop
public
images
wantchekonl
dja
efs
jpg
itok
bjxpo
38
sites
default
files
styles
half
1
crop
public
images
wantchekonl
dja
efs
jpg
itok
cj
2
dz
7
iw
sites
default
files
styles
half
public
images
wantchekonl
dja
efs
jpg
itok
orznkvq
sites
default
files
styles
1
full
2
half
crop
public
images
wantchekonl
dja
efs
jpg
itok
ia
8
hbkcu
sizes
min
width
40
em
50
vw
vw
width
height
src
sites
default
files
styles
1
full
2
half
crop
public
images
wantchekonl
dja
efs
jpg
itok
ia
8
hbkcu
alt
leonard
wantchekon
typeof
foaf
image
href
class
title
link
leonard
wantchekon
politics
global
economy
prize
winner
wantchekon
came
of
age
as
pro
democracy
student
activist
in
benin
nbsp
princeton
in
the
news
href
princeton
university
offers
stem
program
to
formerly
incarcerated
individuals
svg
focusable
false
class
ext
role
img
aria
label
link
is
external
xmlns
http://www.w3.org/2000/svg
viewbox
sfw
xmlns
http://ns.adobe.com/SaveForWeb/1.0/
link
is
external
featured
jill
stockwell
whyy
aug
22
href
the
world
changing
killer
app
for
ai
could
be
nuclear
fusion
svg
focusable
false
class
ext
role
img
aria
label
link
is
external
xmlns
http://www.w3.org/2000/svg
viewbox
sfw
xmlns
http://ns.adobe.com/SaveForWeb/1.0/
link
is
external
by
steven
cowley
the
washington
post
aug
20
href
us
should
reuse
captured
co
2
for
concrete
aviation
fuel
report
svg
focusable
false
class
ext
role
img
aria
label
link
is
external
xmlns
http://www.w3.org/2000/svg
viewbox
sfw
xmlns
http://ns.adobe.com/SaveForWeb/1.0/
link
is
external
featured
emily
carter
politico
aug
19
img
loading
lazy
srcset
sites
default
files
styles
third
1
public
images
vf
png
itok
yha
8
macr
sites
default
files
styles
scale
public
images
vf
png
itok
uazwgi
3
sizes
min
width
em
50
vw
vw
width
height
src
sites
default
files
styles
half
1
public
images
vf
png
itok
tgchdc
71
alt
typeof
foaf
image
ventureforward
through
the
venture
forward
campaign
princeton
is
making
audacious
bets
on
talent
and
potential
that
will
have
transformative
impact
on
the
future
of
humanity
href
https://alumni.princeton.edu/venture-forward
dare
to
venture
img
loading
lazy
srcset
sites
default
files
styles
third
1
public
images
cl
dja
crp
2
jpg
itok
wqpjbn
8
sites
default
files
styles
half
1
public
images
cl
dja
crp
2
jpg
itok
fnrarbjq
sites
default
files
styles
scale
public
images
cl
dja
crp
2
jpg
itok
fyl
0
vvqu
sites
default
files
styles
half
2
public
images
cl
dja
crp
2
jpg
itok
hcowj
9
vq
sizes
vw
width
height
src
sites
default
files
styles
half
2
public
images
cl
dja
crp
2
jpg
itok
hcowj
9
vq
alt
students
walking
on
campus
during
fall
typeof
foaf
image
student
life
at
princeton
princeton
brings
together
undergraduate
and
graduate
students
from
all
backgrounds
and
every
corner
of
the
earth
to
share
their
experiences
and
perspectives
with
one
another
make
your
mark
as
part
of
our
vibrant
community
href
learn
more
upcoming
events
href
events
view
all
href
events
princeton
university
concerts
library
book
group
pianist
syria
aeham
ahmad
hreflang
en
princeton
university
concerts
at
the
library
book
group
quot
the
pianist
from
syria
quot
by
aeham
ahmad
aug
28
princeton
public
library
65
witherspoon
st
princeton
href
events
swing
dance
club
weekly
meeting
9
hreflang
en
swing
dance
club
weekly
meeting
aug
29
friend
center
convocation
room
href
events
worship
service
hreflang
en
worship
service
sep
1
chapel
href
events
class
arrow
mobile
arrow
view
all
events
img
loading
lazy
srcset
sites
default
files
styles
third
1
public
images
connollym
pronine
dja
jpg
itok
eokgxbk
sites
default
files
styles
half
1
public
images
connollym
pronine
dja
jpg
itok
0
pmihih
sites
default
files
styles
scale
public
images
connollym
pronine
dja
jpg
itok
mrwhvwrz
sites
default
files
styles
half
2
public
images
connollym
pronine
dja
jpg
itok
5
geud
2
cy
sites
default
files
styles
full
2
public
images
connollym
pronine
dja
jpg
itok
euiyidmk
sizes
vw
width
height
src
sites
default
files
styles
half
2
public
images
connollym
pronine
dja
jpg
itok
5
geud
2
cy
alt
student
at
laptop
conferring
with
professor
typeof
foaf
image
study
at
princeton
our
approach
to
learning
combines
nbsp
the
best
aspects
of
great
research
university
and
an
outstanding
liberal
arts
college
href
academics
areas
of
study
areas
of
study
href
academics
learning
abroad
learning
abroad
href
http://admission.princeton.edu
undergraduate
admission
href
admission
aid
graduate
admission
graduate
admission
img
loading
lazy
srcset
sites
default
files
styles
third
1
public
images
servicelunch
sml
new
2
jpg
itok
6
pcd
5
uba
sites
default
files
styles
half
1
public
images
servicelunch
sml
new
2
jpg
itok
dmt
ninv
sites
default
files
styles
scale
public
images
servicelunch
sml
new
2
jpg
itok
ftjdpae
sites
default
files
styles
half
2
public
images
servicelunch
sml
new
2
jpg
itok
lnjs
3
cxu
sizes
vw
width
height
src
sites
default
files
styles
half
2
public
images
servicelunch
sml
new
2
jpg
itok
lnjs
3
cxu
alt
nadia
julien
bowser
poses
with
the
princeton
tiger
typeof
foaf
image
work
at
princeton
every
employee
nbsp
has
the
opportunity
to
make
an
impact
nbsp
supporting
our
mission
nbsp
of
teaching
and
research
href
http://dof.princeton.edu/academicjobs
faculty
and
academic
positions
href
https://careers.princeton.edu/
staff
positions
media
print
screen
and
max
width
em
content
tile
homepage
featured
faculty
slick
slider
slick
slide
paragraph
type
featured
faculty
sec
image
height
0
video
disambiguate
html
event
details
href
title
home
rel
home
class
site
logo
princeton
university
main
navigation
href
meet
princeton
data
drupal
link
system
path
node
meet
princeton
submenu
for
meet
princeton
href
meet
princeton
service
humanity
data
drupal
link
system
path
node
in
service
of
humanity
href
meet
princeton
facts
figures
data
drupal
link
system
path
node
facts
amp
figures
href
meet
princeton
history
data
drupal
link
system
path
node
history
href
meet
princeton
honors
awards
data
drupal
link
system
path
node
honors
amp
awards
href
meet
princeton
contact
us
data
drupal
link
system
path
node
contact
us
href
meet
princeton
visit
us
data
drupal
link
system
path
node
visit
us
href
meet
princeton
our
faculty
data
drupal
link
system
path
node
our
faculty
href
meet
princeton
our
students
data
drupal
link
system
path
node
our
students
href
meet
princeton
our
alumni
data
drupal
link
system
path
node
our
alumni
href
meet
princeton
our
staff
data
drupal
link
system
path
node
our
staff
href
meet
princeton
our
leadership
data
drupal
link
system
path
node
our
leadership
href
meet
princeton
academic
freedom
and
free
expression
data
drupal
link
system
path
node
academic
freedom
and
free
expression
href
meet
princeton
princetons
strategic
planning
framework
data
drupal
link
system
path
node
strategic
planning
framework
href
academics
data
drupal
link
system
path
node
46
academics
submenu
for
academics
href
academics
studying
princeton
data
drupal
link
system
path
node
76
studying
at
princeton
href
academics
library
data
drupal
link
system
path
node
library
href
academics
areas
of
study
data
drupal
link
system
path
academics
areas
of
study
areas
of
study
href
academics
areas
of
study
humanities
data
drupal
link
system
path
academics
areas
of
study
humanities
humanities
href
academics
areas
of
study
social
sciences
data
drupal
link
system
path
academics
areas
of
study
social
sciences
social
sciences
href
academics
areas
of
study
engineering
data
drupal
link
system
path
academics
areas
of
study
engineering
engineering
href
academics
areas
of
study
natural
sciences
data
drupal
link
system
path
academics
areas
of
study
natural
sciences
natural
sciences
href
academics
advising
data
drupal
link
system
path
node
advising
href
academic
calendar
href
academics
course
tools
data
drupal
link
system
path
node
course
tools
href
academics
learning
abroad
data
drupal
link
system
path
node
learning
abroad
href
academics
career
development
data
drupal
link
system
path
node
career
development
href
academics
continuing
education
data
drupal
link
system
path
node
continuing
education
href
academics
innovative
learning
data
drupal
link
system
path
node
innovative
learning
href
research
data
drupal
link
system
path
node
51
research
submenu
for
research
href
research
engineering
and
applied
science
data
drupal
link
system
path
node
engineering
amp
applied
science
href
research
humanities
data
drupal
link
system
path
node
humanities
href
research
natural
sciences
data
drupal
link
system
path
node
natural
sciences
href
research
social
sciences
data
drupal
link
system
path
node
social
sciences
href
research
office
dean
research
data
drupal
link
system
path
node
dean
for
research
office
href
research
interdisciplinary
approach
data
drupal
link
system
path
node
interdisciplinary
approach
href
research
external
partnerships
data
drupal
link
system
path
node
external
partnerships
href
research
facilities
labs
data
drupal
link
system
path
node
facilities
amp
labs
href
one
community
data
drupal
link
system
path
node
56
one
community
submenu
for
one
community
href
one
community
lifelong
connections
data
drupal
link
system
path
node
lifelong
connections
href
one
community
student
life
data
drupal
link
system
path
node
student
life
href
one
community
arts
culture
data
drupal
link
system
path
node
arts
amp
culture
href
one
community
athletics
data
drupal
link
system
path
node
athletics
href
one
community
living
princeton
nj
data
drupal
link
system
path
node
living
in
princeton
href
one
community
housing
dining
data
drupal
link
system
path
node
housing
amp
dining
href
one
community
activities
organizations
data
drupal
link
system
path
node
activities
amp
organizations
href
one
community
cultural
affinity
groups
data
drupal
link
system
path
node
cultural
amp
affinity
groups
href
one
community
health
wellness
data
drupal
link
system
path
node
health
amp
wellness
href
one
community
religious
life
data
drupal
link
system
path
node
religious
life
href
one
community
serving
public
good
data
drupal
link
system
path
node
serving
the
public
good
href
one
community
families
data
drupal
link
system
path
node
families
href
admission
aid
data
drupal
link
system
path
node
61
admission
amp
aid
submenu
for
admission
amp
aid
href
admission
aid
affordable
all
data
drupal
link
system
path
node
affordable
for
all
href
https://admission.princeton.edu/cost-aid
about
financial
aid
href
https://finaid.princeton.edu
current
undergraduate
financial
aid
href
https://admission.princeton.edu
undergraduate
admission
href
admission
aid
graduate
admission
data
drupal
link
system
path
node
graduate
admission
href
admission
aid
international
students
data
drupal
link
system
path
node
for
international
students
href
https://alumni.princeton.edu/venture-forward
dare
to
venture
img
loading
lazy
srcset
sites
default
files
styles
third
1
crop
public
images
venture
forward
3
png
itok
ld
5
hu
sites
default
files
styles
half
1
crop
public
images
venture
forward
3
png
itok
qaduptd
sizes
min
width
em
vw
min
width
em
25
vw
vw
width
height
src
sites
default
files
styles
half
1
crop
public
images
venture
forward
3
png
itok
qaduptd
5
alt
typeof
foaf
image
from
the
present
to
the
possible
href
https://goprincetontigers.com/
athletics
img
loading
lazy
srcset
sites
default
files
styles
third
1
crop
public
images
logo
main
0
png
itok
vmrk
sites
default
files
styles
half
1
crop
public
images
logo
main
0
png
itok
ue
2
ocwki
sizes
min
width
em
vw
min
width
em
25
vw
vw
width
height
src
sites
default
files
styles
half
1
crop
public
images
logo
main
0
png
itok
ue
2
ocwki
alt
typeof
foaf
image
go
princeton
tigers
utility
menu
href
news
data
drupal
link
system
path
news
news
href
events
data
drupal
link
system
path
node
events
href
work
work
princeton
data
drupal
link
system
path
node
work
at
princeton
href
links
students
data
drupal
link
system
path
node
student
links
href
https://alumni.princeton.edu
alumni
href
https://alumni.princeton.edu/give
giving
href
inside
princeton
contact
links
href
meet
princeton
contact
us
data
drupal
link
system
path
node
contact
us
href
accessibility
help
href
search
people
advanced
data
drupal
link
system
path
search
people
advanced
directory
visiting
links
href
meet
princeton
visit
us
data
drupal
link
system
path
node
plan
visit
href
meet
princeton
visit
us
campus
maps
data
drupal
link
system
path
node
maps
amp
shuttles
href
http://www.goprincetontigers.com
varsity
athletics
href
http://giving.princeton.edu
giving
to
princeton
academic
links
href
http://library.princeton.edu
library
href
academic
calendar
href
links
students
data
drupal
link
system
path
node
student
links
href
faculty
amp
staff
links
footer
social
media
href
https://www.facebook.com/princetonu
facebook
href
https://twitter.com/princeton
twitter
href
https://www.instagram.com/princeton/
instagram
href
https://www.snapchat.com/add/princetonu
snapchat
href
https://www.linkedin.com/school/157313/
linkedin
href
https://www.youtube.com/princeton
youtube
href
http://socialmedia.princeton.edu/accounts
social
media
directory
equal
opportunity
and
nondiscrimination
at
princeton
university
princeton
university
believes
that
commitment
to
principles
of
fairness
and
respect
for
all
is
favorable
to
the
free
and
open
exchange
of
ideas
and
the
university
seeks
to
reach
out
as
widely
as
possible
in
order
to
attract
the
ablest
individuals
as
students
faculty
and
staff
in
applying
this
policy
the
university
is
committed
to
nondiscrimination
on
the
basis
of
personal
beliefs
or
characteristics
such
as
political
views
religion
national
origin
ancestry
race
color
sex
sexual
orientation
gender
identity
or
expression
pregnancy
childbirth
age
marital
or
domestic
partnership
status
veteran
status
disability
genetic
information
and
or
other
characteristics
protected
by
applicable
law
in
any
phase
of
its
education
or
employment
programs
or
activities
in
addition
pursuant
to
title
ix
of
the
education
amendments
of
and
supporting
regulations
princeton
does
not
discriminate
on
the
basis
of
sex
in
the
education
programs
or
activities
that
it
operates
this
extends
to
admission
and
employment
inquiries
about
the
application
of
title
ix
and
its
supporting
regulations
may
be
directed
to
the
assistant
secretary
for
civil
rights
office
for
civil
rights
department
of
education
or
to
the
universitys
sexual
misconduct
title
ix
coordinator
see
princetons
full
href
https://rrr.princeton.edu/eop
equal
opportunity
policy
and
nondiscrimination
statement
href
http://www.princeton.edu
img
alt
src
themes
custom
hobbes
images
logo
white
svg
princeton
university
princeton
nj
operator
copy
the
trustees
of
princeton
nbsp
university
subfooter
links
href
content
copyright
infringement
data
drupal
link
system
path
node
copyright
infringement
href
privacy
notice
data
drupal
link
system
path
node
privacy
notice
do
not
remove
this
comment
the
ultradns
service
tests
for
the
following
string
to
confirm
that
the
site
is
available
ultradns
test
string
script
type
application
json
data
drupal
selector
drupal
settings
json
path
baseurl
pathprefix
currentpath
node
currentpathisadmin
false
isfront
true
currentlanguage
en
pluraldelimiter
suppressdeprecationerrors
true
ajaxpagestate
libraries
ejxdjleowiaubc
9
ey
5
hmuryffs
2
eb
ehnnnfqzyuzmy
3
luidvn
tiyzoqbzzlsirxgg
qaj
7
wotkhnu
6
waofmfumkbenb
2
lv
sqmhcnm
1
fbohxltk
9
ohlehztebbupcdnn
zmxbbk
6
ibnqjxstx
rd
7
wthxhh
8
idx
5
jnwcjchzoa
theme
hobbes
theme
token
null
ajaxtrustedurl
google
analytics
account
ua
trackoutbound
true
trackmailto
true
tracktel
true
trackdownload
true
trackdownloadextensions
7
aac
arc
arj
asf
asx
avi
bin
csv
doc
dot
exe
flv
gif
gz
gzip
hqx
jar
jpe
js
mp
4
mov
ie
msi
msp
pdf
phps
png
ppt
pot
pps
ppam
sld
thmx
qtm
ra
sea
sit
tar
tgz
torrent
txt
wav
wma
wmv
wpd
xls
xlt
xlam
xml
zip
data
extlink
exttarget
false
exttargetnooverride
false
extnofollow
false
extnoreferrer
false
extfollownooverride
false
extclass
ext
extlabel
link
is
external
extimgclass
false
extsubdomains
false
extexclude
extinclude
extcssexclude
share
icons
flashcard
extcssexplicit
main
block
hobbes
main
menu
crumby
list
extalert
false
extalerttext
this
link
will
take
you
to
an
external
web
site
we
are
not
responsible
for
their
content
mailtoclass
mailto
mailtolabel
link
sends
email
extusefontawesome
false
exticonplacement
append
extfalinkclasses
fa
fa
external
link
extfamailtoclasses
fa
fa
envelope
whitelisteddomains
views
ajax
path
views
ajax
ajaxviews
views
dom
id
91
ca
40
ef
ef
bda
view
name
events
view
display
id
featured
events
view
args
view
path
node
view
base
path
null
view
dom
id
91
ca
40
ef
ef
bda
pager
element
0
ajax
user
uid
0
permissionshash
70
cecf
cc
fc
5
bbbbabad
fae
9
fcc
8
ed
script
src
sites
default
files
js
js
kxomuapifq
2
shji
2
shutue
7
rz
89
kloa
ze
zxa
js
scope
footer
amp
delta
0
amp
language
en
amp
theme
hobbes
amp
include
ejxdjleowiaqrc
uhmgc
1
qt
4
wwuiunn
2
msrn
8
mew
8
zklogemgdtxacmlcn
1
aypnfqliruznasgmt
4
jgsiyr
lkdoap
1
ufo
0
fpl
1
rfvseihllar
lvplpne
8
mpp
9
bbz
5
rrm
35
fbyc
16
rr
0
kgjnwt
5
pyjaeia
0
xsnrga
5
zg
eaovxmvzoa
