doctype
html
html
lang
en
dir
ltr
prefix
content
http://purl.org/rss/1.0/modules/content/
dc
http://purl.org/dc/terms/
foaf
http://xmlns.com/foaf/0.1/
og
http://ogp.me/ns
rdfs
http://www.w3.org/2000/01/rdf-schema
schema
http://schema.org/
sioc
http://rdfs.org/sioc/ns
sioct
http://rdfs.org/sioc/types
skos
http://www.w3.org/2004/02/skos/core
xsd
http://www.w3.org/2001/XMLSchema
meta
charset
utf
8
script
async
src
sites
default
files
google
analytics
gtag
js
sitev
1
window
datalayer
window
datalayer
function
gtag
datalayer
push
arguments
gtag
js
new
date
gtag
set
developer
id
dmdhkmt
true
gtag
config
ua
groups
default
anonymize
ip
true
page
placeholder
placeholder
page
path
link
attribution
true
allow
ad
personalization
signals
false
custom
map
dimension
1
audience
dimension
2
page
level
dimension
3
content
type
gtag
config
9
pqcg
groups
default
page
placeholder
placeholder
page
location
link
attribution
true
allow
ad
personalization
signals
false
gtag
event
custom
audience
page
level
2
content
type
landing
page
meta
property
og
site
name
content
princeton
university
meta
property
og
type
content
website
meta
property
og
url
content
meta
property
og
title
content
religious
life
meta
property
og
description
content
through
teaching
and
research
we
educate
people
who
will
contribute
to
society
and
develop
knowledge
that
will
make
difference
in
the
world
meta
property
og
image
content
meta
property
fb
app
id
content
meta
name
twitter
card
content
summary
meta
name
twitter
description
content
through
teaching
and
research
we
educate
people
who
will
contribute
to
society
and
develop
knowledge
that
will
make
difference
in
the
world
meta
name
twitter
site
content
princeton
meta
name
twitter
title
content
religious
life
meta
name
twitter
image
content
meta
name
twitter
image
alt
content
nassau
hall
meta
name
google
site
verification
content
atvweizck
1
ntnn
lkyf
37
srevxxky
gdhucy
meta
name
generator
content
drupal
10
https://www.drupal.org
meta
name
mobileoptimized
content
width
meta
name
handheldfriendly
content
true
meta
name
viewport
content
width
device
width
initial
scale
link
rel
apple
touch
icon
href
themes
custom
hobbes
icons
apple
touch
icon
png
link
rel
icon
type
image
png
href
themes
custom
hobbes
icons
favicon
png
sizes
link
rel
icon
type
image
png
href
themes
custom
hobbes
icons
favicon
png
sizes
link
rel
manifest
href
themes
custom
hobbes
icons
manifest
json
link
rel
mask
icon
href
themes
custom
hobbes
icons
safari
pinned
tab
svg
color
meta
name
msapplication
config
content
themes
custom
hobbes
icons
browserconfig
xml
meta
name
theme
color
content
ffffff
link
rel
icon
href
profiles
contrib
lightning
favicon
ico
type
image
vnd
microsoft
icon
link
rel
canonical
href
link
rel
shortlink
href
https://www.princeton.edu/node/20481
religious
life
princeton
university
link
rel
stylesheet
media
all
href
sites
default
files
css
css
thriboppriejxrs
16
ktgldfxs
1
di
5
tqodcvhfo
7
zfxk
css
delta
0
amp
language
en
amp
theme
hobbes
amp
include
ejxdjfekwyaqbs
pfkja
6
dkpiaqg
9
fsfucv
15
mdpwyilr
4
citzm
vgnje
7
tok
0
nhunfe
qu
orc
wldg
5
vk
6
kp
1
cg
2
qklx
zl
95
dq
8
scaedxz
02
qgxlb
44
ojh
7
hu
4
mcbzba
8
nkf
fgc
3
hei
link
rel
stylesheet
media
all
href
https://use.typekit.net/stk8lop.css
link
rel
stylesheet
media
all
href
sites
default
files
css
css
vcdepgqitoo
8
bsjue
8
ar
2
pyidgefbfroqi
jt
30
qens
css
delta
2
amp
language
en
amp
theme
hobbes
amp
include
ejxdjfekwyaqbs
pfkja
6
dkpiaqg
9
fsfucv
15
mdpwyilr
4
citzm
vgnje
7
tok
0
nhunfe
qu
orc
wldg
5
vk
6
kp
1
cg
2
qklx
zl
95
dq
8
scaedxz
02
qgxlb
44
ojh
7
hu
4
mcbzba
8
nkf
fgc
3
hei
script
src
sites
default
files
js
js
5
lufvinbgdyvby
1
hxejvxg
zyzygsr
2
ktn
6
uqyhm
js
scope
header
amp
delta
0
amp
language
en
amp
theme
hobbes
amp
include
ejxdjfekwyaqbs
pfkja
6
dkpiaqg
9
fsfucv
15
mdpwyilr
4
citzm
vgnje
7
tok
0
nhunfe
qu
orc
wldg
5
vk
6
kp
1
cg
2
qklx
zl
95
dq
8
scaedxz
02
qgxlb
44
ojh
7
hu
4
mcbzba
8
nkf
fgc
3
hei
meta
name
google
site
verification
content
hcfmwexbgyfnjtwfcwqmuhwebymzpzuelokf
8
rm
link
rel
alternate
type
application
rss
xml
title
princeton
university
news
href
feed
link
rel
alternate
type
application
rss
xml
title
princeton
research
news
href
feed
research
link
rel
alternate
type
application
rss
xml
title
princeton
public
events
href
feed
events
skip
to
main
content
href
title
home
rel
home
class
site
logo
princeton
university
menu
href
one
community
class
menu
item
active
trail
data
drupal
link
system
path
node
56
one
community
one
community
submenu
href
one
community
lifelong
connections
data
drupal
link
system
path
node
lifelong
connections
href
one
community
student
life
data
drupal
link
system
path
node
student
life
href
one
community
arts
culture
data
drupal
link
system
path
node
arts
amp
culture
href
one
community
athletics
data
drupal
link
system
path
node
athletics
href
one
community
living
princeton
nj
data
drupal
link
system
path
node
living
in
princeton
href
one
community
housing
dining
data
drupal
link
system
path
node
housing
amp
dining
href
one
community
activities
organizations
data
drupal
link
system
path
node
activities
amp
organizations
href
one
community
cultural
affinity
groups
data
drupal
link
system
path
node
cultural
amp
affinity
groups
href
one
community
health
wellness
data
drupal
link
system
path
node
health
amp
wellness
href
one
community
religious
life
aria
current
page
data
drupal
link
system
path
node
class
is
active
religious
life
href
one
community
serving
public
good
data
drupal
link
system
path
node
serving
the
public
good
href
one
community
families
data
drupal
link
system
path
node
families
search
form
action
search
method
get
id
pu
header
search
accept
charset
utf
8
hidden
search
sites
amp
people
times
article
about
one
community
religious
life
img
loading
eager
srcset
sites
default
files
styles
third
1
crop
public
images
dewali
jpg
itok
53
drnby
sites
default
files
styles
half
1
crop
public
images
dewali
jpg
itok
sna
7
gbau
sites
default
files
styles
half
public
images
dewali
jpg
itok
30
ui
70
sites
default
files
styles
1
full
2
half
crop
public
images
dewali
jpg
itok
gtmcyg
sites
default
files
styles
crop
ipad
public
images
dewali
jpg
itok
67
mwakoy
sites
default
files
styles
full
2
crop
public
images
dewali
jpg
itok
iwzj
4
sizes
vw
width
height
src
sites
default
files
styles
1
full
2
half
crop
public
images
dewali
jpg
itok
gtmcyg
alt
diwali
dancers
in
the
university
chapel
typeof
foaf
image
religious
life
at
princeton
we
learn
from
each
other
through
what
makes
us
different
we
refract
the
content
of
our
courses
and
daily
interactions
through
the
lens
of
our
life
experiences
and
those
things
we
believe
or
dont
they
are
the
foundation
for
the
richest
kind
of
intellectual
spiritual
and
personal
growth
the
rev
dr
alison
boden
dean
of
religious
life
and
the
chapel
img
loading
lazy
srcset
sites
default
files
styles
squarish
halfish
small
public
images
alisonlboden
jpg
itok
3
rjkog
sites
default
files
styles
squarish
halfish
1
public
images
alisonlboden
jpg
itok
pdvip
3
bv
sites
default
files
styles
squarish
halfish
2
public
images
alisonlboden
jpg
itok
7
tglr
sizes
min
width
em
vw
vw
width
height
src
sites
default
files
styles
squarish
halfish
1
public
images
alisonlboden
jpg
itok
pdvip
3
bv
alt
dean
alison
boden
posing
in
her
office
before
bookshelves
typeof
foaf
image
img
loading
lazy
srcset
sites
default
files
styles
squarish
halfish
small
public
images
jpg
itok
kpt
ik
sites
default
files
styles
squarish
halfish
1
public
images
jpg
itok
ravk
yog
sites
default
files
styles
squarish
halfish
2
public
images
jpg
itok
4
qtktupu
sizes
min
width
em
vw
vw
width
height
src
sites
default
files
styles
squarish
halfish
1
public
images
jpg
itok
ravk
yog
alt
dalai
lama
with
students
typeof
foaf
image
religious
life
at
princeton
place
for
all
this
sentiment
is
behind
all
that
we
do
at
princeton
to
support
the
religious
and
secular
communities
on
campus
princeton
is
nonsectarian
and
religious
life
here
is
characterized
by
its
depth
and
diversity
reflecting
our
community
of
people
from
around
the
world
and
their
interest
in
seeking
meaning
in
their
lives
nbsp
along
with
providing
spiritual
counseling
the
office
of
religious
life
will
support
you
in
the
broadest
kinds
of
exploration
of
religion
ethics
public
policy
and
community
well
being
the
office
based
in
murray
dodge
hall
brings
community
members
together
for
interfaith
programming
and
variety
of
chaplaincies
and
student
groups
allow
you
to
further
your
spiritual
growth
and
learn
about
other
traditions
nbsp
nbsp
href
http://religiouslife.princeton.edu/
learn
more
img
loading
lazy
srcset
sites
default
files
styles
squarish
halfish
small
public
images
cl
dja
jpg
itok
vfs
3
jduh
sites
default
files
styles
squarish
halfish
1
public
images
cl
dja
jpg
itok
8
xd
6
mbkc
sites
default
files
styles
squarish
halfish
2
public
images
cl
dja
jpg
itok
vywnypmi
sizes
min
width
em
vw
vw
width
height
src
sites
default
files
styles
squarish
halfish
1
public
images
cl
dja
jpg
itok
8
xd
6
mbkc
alt
stained
glass
window
and
pillar
inside
university
chapel
typeof
foaf
image
programs
amp
events
you
will
have
many
ways
to
engage
with
faith
at
princeton
interfaith
councils
for
undergraduates
and
graduate
students
worship
services
musical
choirs
and
concerts
meditation
study
of
sacred
texts
and
trips
to
explore
how
religion
is
practiced
in
other
cultures
the
campus
celebrates
many
spiritual
events
within
the
soaring
walls
of
the
princeton
university
chapel
from
its
annual
interfaith
baccalaureate
service
for
graduating
seniors
and
weekly
christian
services
to
the
hindu
celebration
of
diwali
other
places
for
gathering
and
reflecting
on
campus
include
the
murray
dodge
caf
open
noon
to
midnight
for
free
cookies
and
tea
tuesday
through
sunday
and
3
to
midnight
monday
prayer
rooms
in
murray
dodge
hall
the
center
for
jewish
life
and
gardens
and
natural
spaces
class
arrow
href
learn
more
img
loading
lazy
srcset
sites
default
files
styles
third
1
crop
public
images
religious
20
life
20
video
plp
jpg
itok
hrn
ei
sites
default
files
styles
half
1
crop
public
images
religious
20
life
20
video
plp
jpg
itok
mitdiie
sites
default
files
styles
half
public
images
religious
20
life
20
video
plp
jpg
itok
sj
8
gag
1
sites
default
files
styles
1
full
2
half
crop
public
images
religious
20
life
20
video
plp
jpg
itok
zfwormxp
sites
default
files
styles
crop
ipad
public
images
religious
20
life
20
video
plp
jpg
itok
bzqetqfh
sites
default
files
styles
full
2
crop
public
images
religious
20
life
20
video
plp
jpg
itok
yivs
2
gko
sizes
vw
width
height
src
sites
default
files
styles
1
full
2
half
crop
public
images
religious
20
life
20
video
plp
jpg
itok
zfwormxp
alt
students
singing
in
murray
dodge
hall
typeof
foaf
image
princeton
university
office
of
religious
life
supports
all
faith
traditions
and
dialogue
div
class
vimeo
async
video
async
id
httpsplayervimeocomvideo
data
vimeo
url
https://player.vimeo.com/video/146432818
data
vimeo
color
ed
data
vimeo
byline
0
data
vimeo
portrait
0
class
if
no
js
href
https://player.vimeo.com/video/146432818
play
video
princeton
university
office
of
religious
life
supports
community
of
many
faiths
through
care
counseling
and
activities
in
variety
of
campus
spaces
chaplaincies
amp
groups
the
university
17
chaplaincies
and
numerous
student
groups
are
among
the
most
vibrant
centers
of
faith
on
campus
the
faiths
represented
include
baha
buddhism
christianity
hinduism
judaism
islam
sikhism
and
unitarian
universalism
nbsp
href
view
all
href
http://hillel.princeton.edu
img
loading
lazy
srcset
sites
default
files
styles
third
1
crop
public
images
cjl
bh
jpg
itok
22
nwesb
sites
default
files
styles
half
1
crop
public
images
cjl
bh
jpg
itok
3
okhiva
sizes
min
width
em
vw
min
width
em
25
vw
vw
width
height
src
sites
default
files
styles
half
1
crop
public
images
cjl
bh
jpg
itok
3
okhiva
alt
jewish
life
students
holding
jewish
star
flag
typeof
foaf
image
center
for
jewish
life
hillel
princeton
center
for
jewish
life
supports
jewish
students
of
all
backgrounds
and
political
viewpoints
as
well
as
the
campus
as
whole
in
exploring
judaism
and
jewish
culture
the
center
includes
kosher
dining
hall
learn
more
href
http://www.princeton.edu/muslimlife/
img
loading
lazy
srcset
sites
default
files
styles
third
1
crop
public
images
muslimlife
still
0
png
itok
jjzw
3
kl
sites
default
files
styles
half
1
crop
public
images
muslimlife
still
0
png
itok
mlux
rlh
sizes
min
width
em
vw
min
width
em
25
vw
vw
width
height
src
sites
default
files
styles
half
1
crop
public
images
muslimlife
still
0
png
itok
mlux
rlh
alt
students
posing
for
photographer
at
muslim
life
event
typeof
foaf
image
muslim
life
program
the
muslim
life
program
chaplaincy
in
the
office
of
religious
life
helps
students
practice
their
faith
fosters
community
partners
on
interfaith
relations
and
education
and
encourages
service
learn
more
one
community
href
one
community
lifelong
connections
data
drupal
link
system
path
node
lifelong
connections
href
one
community
student
life
data
drupal
link
system
path
node
student
life
href
one
community
arts
culture
data
drupal
link
system
path
node
arts
amp
culture
href
one
community
athletics
data
drupal
link
system
path
node
athletics
href
one
community
living
princeton
nj
data
drupal
link
system
path
node
living
in
princeton
href
one
community
housing
dining
data
drupal
link
system
path
node
housing
amp
dining
href
one
community
activities
organizations
data
drupal
link
system
path
node
activities
amp
organizations
href
one
community
cultural
affinity
groups
data
drupal
link
system
path
node
cultural
amp
affinity
groups
href
one
community
health
wellness
data
drupal
link
system
path
node
health
amp
wellness
href
one
community
religious
life
data
drupal
link
system
path
node
class
is
active
religious
life
href
one
community
serving
public
good
data
drupal
link
system
path
node
serving
the
public
good
href
one
community
families
data
drupal
link
system
path
node
families
href
title
home
rel
home
class
site
logo
princeton
university
main
navigation
href
meet
princeton
data
drupal
link
system
path
node
meet
princeton
submenu
for
meet
princeton
href
meet
princeton
service
humanity
data
drupal
link
system
path
node
in
service
of
humanity
href
meet
princeton
facts
figures
data
drupal
link
system
path
node
facts
amp
figures
href
meet
princeton
history
data
drupal
link
system
path
node
history
href
meet
princeton
honors
awards
data
drupal
link
system
path
node
honors
amp
awards
href
meet
princeton
contact
us
data
drupal
link
system
path
node
contact
us
href
meet
princeton
visit
us
data
drupal
link
system
path
node
visit
us
href
meet
princeton
our
faculty
data
drupal
link
system
path
node
our
faculty
href
meet
princeton
our
students
data
drupal
link
system
path
node
our
students
href
meet
princeton
our
alumni
data
drupal
link
system
path
node
our
alumni
href
meet
princeton
our
staff
data
drupal
link
system
path
node
our
staff
href
meet
princeton
our
leadership
data
drupal
link
system
path
node
our
leadership
href
meet
princeton
academic
freedom
and
free
expression
data
drupal
link
system
path
node
academic
freedom
and
free
expression
href
meet
princeton
princetons
strategic
planning
framework
data
drupal
link
system
path
node
strategic
planning
framework
href
academics
data
drupal
link
system
path
node
46
academics
submenu
for
academics
href
academics
studying
princeton
data
drupal
link
system
path
node
76
studying
at
princeton
href
academics
library
data
drupal
link
system
path
node
library
href
academics
areas
of
study
data
drupal
link
system
path
academics
areas
of
study
areas
of
study
href
academics
areas
of
study
humanities
data
drupal
link
system
path
academics
areas
of
study
humanities
humanities
href
academics
areas
of
study
social
sciences
data
drupal
link
system
path
academics
areas
of
study
social
sciences
social
sciences
href
academics
areas
of
study
engineering
data
drupal
link
system
path
academics
areas
of
study
engineering
engineering
href
academics
areas
of
study
natural
sciences
data
drupal
link
system
path
academics
areas
of
study
natural
sciences
natural
sciences
href
academics
advising
data
drupal
link
system
path
node
advising
href
academic
calendar
href
academics
course
tools
data
drupal
link
system
path
node
course
tools
href
academics
learning
abroad
data
drupal
link
system
path
node
learning
abroad
href
academics
career
development
data
drupal
link
system
path
node
career
development
href
academics
continuing
education
data
drupal
link
system
path
node
continuing
education
href
academics
innovative
learning
data
drupal
link
system
path
node
innovative
learning
href
research
data
drupal
link
system
path
node
51
research
submenu
for
research
href
research
engineering
and
applied
science
data
drupal
link
system
path
node
engineering
amp
applied
science
href
research
humanities
data
drupal
link
system
path
node
humanities
href
research
natural
sciences
data
drupal
link
system
path
node
natural
sciences
href
research
social
sciences
data
drupal
link
system
path
node
social
sciences
href
research
office
dean
research
data
drupal
link
system
path
node
dean
for
research
office
href
research
interdisciplinary
approach
data
drupal
link
system
path
node
interdisciplinary
approach
href
research
external
partnerships
data
drupal
link
system
path
node
external
partnerships
href
research
facilities
labs
data
drupal
link
system
path
node
facilities
amp
labs
href
one
community
data
drupal
link
system
path
node
56
one
community
submenu
for
one
community
href
one
community
lifelong
connections
data
drupal
link
system
path
node
lifelong
connections
href
one
community
student
life
data
drupal
link
system
path
node
student
life
href
one
community
arts
culture
data
drupal
link
system
path
node
arts
amp
culture
href
one
community
athletics
data
drupal
link
system
path
node
athletics
href
one
community
living
princeton
nj
data
drupal
link
system
path
node
living
in
princeton
href
one
community
housing
dining
data
drupal
link
system
path
node
housing
amp
dining
href
one
community
activities
organizations
data
drupal
link
system
path
node
activities
amp
organizations
href
one
community
cultural
affinity
groups
data
drupal
link
system
path
node
cultural
amp
affinity
groups
href
one
community
health
wellness
data
drupal
link
system
path
node
health
amp
wellness
href
one
community
religious
life
data
drupal
link
system
path
node
class
is
active
religious
life
href
one
community
serving
public
good
data
drupal
link
system
path
node
serving
the
public
good
href
one
community
families
data
drupal
link
system
path
node
families
href
admission
aid
data
drupal
link
system
path
node
61
admission
amp
aid
submenu
for
admission
amp
aid
href
admission
aid
affordable
all
data
drupal
link
system
path
node
affordable
for
all
href
https://admission.princeton.edu/cost-aid
about
financial
aid
href
https://finaid.princeton.edu
current
undergraduate
financial
aid
href
https://admission.princeton.edu
undergraduate
admission
href
admission
aid
graduate
admission
data
drupal
link
system
path
node
graduate
admission
href
admission
aid
international
students
data
drupal
link
system
path
node
for
international
students
href
https://alumni.princeton.edu/venture-forward
dare
to
venture
img
loading
lazy
srcset
sites
default
files
styles
third
1
crop
public
images
venture
forward
3
png
itok
ld
5
hu
sites
default
files
styles
half
1
crop
public
images
venture
forward
3
png
itok
qaduptd
sizes
min
width
em
vw
min
width
em
25
vw
vw
width
height
src
sites
default
files
styles
half
1
crop
public
images
venture
forward
3
png
itok
qaduptd
5
alt
typeof
foaf
image
from
the
present
to
the
possible
href
https://goprincetontigers.com/
athletics
img
loading
lazy
srcset
sites
default
files
styles
third
1
crop
public
images
logo
main
0
png
itok
vmrk
sites
default
files
styles
half
1
crop
public
images
logo
main
0
png
itok
ue
2
ocwki
sizes
min
width
em
vw
min
width
em
25
vw
vw
width
height
src
sites
default
files
styles
half
1
crop
public
images
logo
main
0
png
itok
ue
2
ocwki
alt
typeof
foaf
image
go
princeton
tigers
utility
menu
href
news
data
drupal
link
system
path
news
news
href
events
data
drupal
link
system
path
node
events
href
work
work
princeton
data
drupal
link
system
path
node
work
at
princeton
href
links
students
data
drupal
link
system
path
node
student
links
href
https://alumni.princeton.edu
alumni
href
https://alumni.princeton.edu/give
giving
href
inside
princeton
contact
links
href
meet
princeton
contact
us
data
drupal
link
system
path
node
contact
us
href
accessibility
help
href
search
people
advanced
data
drupal
link
system
path
search
people
advanced
directory
visiting
links
href
meet
princeton
visit
us
data
drupal
link
system
path
node
plan
visit
href
meet
princeton
visit
us
campus
maps
data
drupal
link
system
path
node
maps
amp
shuttles
href
http://www.goprincetontigers.com
varsity
athletics
href
http://giving.princeton.edu
giving
to
princeton
academic
links
href
http://library.princeton.edu
library
href
academic
calendar
href
links
students
data
drupal
link
system
path
node
student
links
href
faculty
amp
staff
links
footer
social
media
href
https://www.facebook.com/princetonu
facebook
href
https://twitter.com/princeton
twitter
href
https://www.instagram.com/princeton/
instagram
href
https://www.snapchat.com/add/princetonu
snapchat
href
https://www.linkedin.com/school/157313/
linkedin
href
https://www.youtube.com/princeton
youtube
href
http://socialmedia.princeton.edu/accounts
social
media
directory
equal
opportunity
and
nondiscrimination
at
princeton
university
princeton
university
believes
that
commitment
to
principles
of
fairness
and
respect
for
all
is
favorable
to
the
free
and
open
exchange
of
ideas
and
the
university
seeks
to
reach
out
as
widely
as
possible
in
order
to
attract
the
ablest
individuals
as
students
faculty
and
staff
in
applying
this
policy
the
university
is
committed
to
nondiscrimination
on
the
basis
of
personal
beliefs
or
characteristics
such
as
political
views
religion
national
origin
ancestry
race
color
sex
sexual
orientation
gender
identity
or
expression
pregnancy
childbirth
age
marital
or
domestic
partnership
status
veteran
status
disability
genetic
information
and
or
other
characteristics
protected
by
applicable
law
in
any
phase
of
its
education
or
employment
programs
or
activities
in
addition
pursuant
to
title
ix
of
the
education
amendments
of
and
supporting
regulations
princeton
does
not
discriminate
on
the
basis
of
sex
in
the
education
programs
or
activities
that
it
operates
this
extends
to
admission
and
employment
inquiries
about
the
application
of
title
ix
and
its
supporting
regulations
may
be
directed
to
the
assistant
secretary
for
civil
rights
office
for
civil
rights
department
of
education
or
to
the
universitys
sexual
misconduct
title
ix
coordinator
see
princetons
full
href
https://rrr.princeton.edu/eop
equal
opportunity
policy
and
nondiscrimination
statement
href
http://www.princeton.edu
img
alt
src
themes
custom
hobbes
images
logo
white
svg
princeton
university
princeton
nj
operator
copy
the
trustees
of
princeton
nbsp
university
subfooter
links
href
content
copyright
infringement
data
drupal
link
system
path
node
copyright
infringement
href
privacy
notice
data
drupal
link
system
path
node
privacy
notice
do
not
remove
this
comment
the
ultradns
service
tests
for
the
following
string
to
confirm
that
the
site
is
available
ultradns
test
string
script
type
application
json
data
drupal
selector
drupal
settings
json
path
baseurl
pathprefix
currentpath
node
currentpathisadmin
false
isfront
false
currentlanguage
en
pluraldelimiter
suppressdeprecationerrors
true
google
analytics
account
ua
trackoutbound
true
trackmailto
true
tracktel
true
trackdownload
true
trackdownloadextensions
7
aac
arc
arj
asf
asx
avi
bin
csv
doc
dot
exe
flv
gif
gz
gzip
hqx
jar
jpe
js
mp
4
mov
ie
msi
msp
pdf
phps
png
ppt
pot
pps
ppam
sld
thmx
qtm
ra
sea
sit
tar
tgz
torrent
txt
wav
wma
wmv
wpd
xls
xlt
xlam
xml
zip
data
extlink
exttarget
false
exttargetnooverride
false
extnofollow
false
extnoreferrer
false
extfollownooverride
false
extclass
ext
extlabel
link
is
external
extimgclass
false
extsubdomains
false
extexclude
extinclude
extcssexclude
share
icons
flashcard
extcssexplicit
main
block
hobbes
main
menu
crumby
list
extalert
false
extalerttext
this
link
will
take
you
to
an
external
web
site
we
are
not
responsible
for
their
content
mailtoclass
mailto
mailtolabel
link
sends
email
extusefontawesome
false
exticonplacement
append
extfalinkclasses
fa
fa
external
link
extfamailtoclasses
fa
fa
envelope
whitelisteddomains
ajax
user
uid
0
permissionshash
70
cecf
cc
fc
5
bbbbabad
fae
9
fcc
8
ed
script
src
sites
default
files
js
js
xlsacic
mdftsv
3
ufdmq
uxjd
2
xp
dhwpizm
js
scope
footer
amp
delta
0
amp
language
en
amp
theme
hobbes
amp
include
ejxdjfekwyaqbs
pfkja
6
dkpiaqg
9
fsfucv
15
mdpwyilr
4
citzm
vgnje
7
tok
0
nhunfe
qu
orc
wldg
5
vk
6
kp
1
cg
2
qklx
zl
95
dq
8
scaedxz
02
qgxlb
44
ojh
7
hu
4
mcbzba
8
nkf
fgc
3
hei
