doctype
html
html
xmlns
http://www.w3.org/1999/xhtml
lang
en
meta
content
text
html
charset
utf
8
http
equiv
content
type
meta
charset
utf
8
meta
content
ie
edge
http
equiv
ua
compatible
meta
content
width
device
width
initial
scale
1
name
viewport
meta
content
review
the
timely
warnings
maintained
by
the
purdue
university
police
department
name
description
meta
content
purdue
university
police
department
timely
warnings
clery
act
name
keywords
meta
content
purdue
university
administrative
operations
communications
name
author
timely
warnings
police
department
purdue
university
link
href
rel
shortcut
icon
link
href
rel
apple
touch
icon
sizes
link
href
rel
apple
touch
icon
sizes
link
href
rel
apple
touch
icon
sizes
link
href
rel
apple
touch
icon
sizes
link
href
rel
stylesheet
united
sans
link
href
rel
stylesheet
link
href
rel
stylesheet
type
text
css
style
type
text
css
tr
nth
child
even
background
color
2
script
async
true
src
www
purdue
edu
purdue
globals
js
modernizr
min
js
type
text
javascript
script
src
www
purdue
edu
purdue
js
jquery
2
min
js
type
text
javascript
script
src
type
text
javascript
script
src
https://www.purdue.edu/purdue/js/pGA.js
type
text
javascript
script
type
text
javascript
var
mcode
var
scodes
setanalytics
mcode
scodes
google
tag
manager
noscript
end
google
tag
manager
noscript
iframe
height
0
src
https://www.googletagmanager.com/ns.html
id
gtm
wwgmn
6
style
display
none
visibility
hidden
title
gtm
noscript
width
0
skip
to
main
content
nbsp
quick
links
find
info
for
find
info
for
href
role
menuitem
academics
href
role
menuitem
admissions
href
role
menuitem
current
students
href
role
menuitem
athletics
href
role
menuitem
about
href
role
menuitem
careers
href
role
menuitem
prospective
students
href
role
menuitem
research
and
partnerships
href
role
menuitem
entrepreneurship
and
commercialization
href
https://www.purdue.edu/engagement/
role
menuitem
office
of
engagement
quick
links
href
role
menuitem
apply
href
https://www.purdue.edu/newsroom/
role
menuitem
news
href
https://www.purdue.edu/president/
role
menuitem
president
href
https://purdueteamstore.com/home
role
menuitem
shop
href
https://www.purdue.edu/visit
role
menuitem
visit
href
https://www.purdue.edu/purdue/giveNow.html
role
menuitem
give
href
https://www.purdue.edu/emergency/
role
menuitem
emergency
search
function
var
cx
mjxnqnpskjk
var
gcse
document
createelement
script
gcse
type
text
javascript
gcse
async
true
gcse
src
https://cse.google.com/cse.js
cx
cx
var
document
getelementsbytagname
script
0
parentnode
insertbefore
gcse
gcse
searchbox
only
id
cse
search
form
resultsurl
https://www.purdue.edu/purdue/search.php
queryparametername
loading
aria
label
purdue
logo
class
header
signature
logo
href
https://www.purdue.edu
id
purduelogo
object
aria
labelledby
purduelogo
data
tabindex
1
type
image
svg
xml
aria
label
police
department
href
index
php
id
sitename
police
department
menu
href
index
php
role
menuitem
home
aria
expanded
false
aria
haspopup
true
class
dropdown
button
href
about
index
php
role
menuitem
about
us
href
about
index
php
role
menuitem
about
us
href
about
directory
php
role
menuitem
staff
directory
href
about
careers
php
role
menuitem
career
opportunities
href
about
internships
php
role
menuitem
student
internships
aria
expanded
false
aria
haspopup
true
class
dropdown
button
href
statistics
policies
index
php
role
menuitem
statistics
and
policies
href
statistics
policies
index
php
role
menuitem
statistics
and
policies
href
statistics
policies
security
reports
php
role
menuitem
annual
security
reports
href
statistics
policies
drugs
alcohol
php
role
menuitem
drugs
and
alcohol
policy
href
statistics
policies
crime
security
procedures
php
role
menuitem
operating
procedures
for
gathering
and
reporting
crime
statistics
href
statistics
policies
persona
non
grata
php
role
menuitem
persona
non
grata
href
statistics
policies
weapons
policies
php
role
menuitem
weapons
possession
on
campus
aria
expanded
false
aria
haspopup
true
class
dropdown
button
href
campus
safety
tips
index
php
role
menuitem
campus
safety
tips
href
campus
safety
tips
index
php
role
menuitem
campus
safety
tips
href
campus
safety
tips
sex
offender
php
role
menuitem
indiana
sex
and
violent
offender
registry
href
campus
safety
tips
victims
rights
php
role
menuitem
notice
of
victims
rights
href
campus
safety
tips
online
safety
index
php
role
menuitem
online
safety
href
campus
safety
tips
property
crimes
index
php
role
menuitem
property
crimes
href
campus
safety
tips
violent
crimes
index
php
role
menuitem
violent
crimes
aria
expanded
false
aria
haspopup
true
class
dropdown
button
href
community
services
index
php
role
menuitem
community
services
href
community
services
index
php
role
menuitem
community
services
href
community
services
outreach
programs
index
php
role
menuitem
outreach
programs
href
community
services
services
index
php
role
menuitem
safety
and
security
services
timely
warnings
aria
expanded
false
aria
haspopup
true
class
dropdown
button
href
contact
index
php
role
menuitem
contact
us
href
contact
index
php
role
menuitem
contact
us
href
contact
confidential
reporting
php
role
menuitem
confidential
reporting
href
contact
designated
offices
php
role
menuitem
designated
campus
offices
to
receive
crime
reports
href
contact
extra
patrol
php
role
menuitem
extra
patrol
request
form
href
contact
report
crime
php
role
menuitem
how
to
report
crime
href
contact
report
theft
php
role
menuitem
online
theft
reporting
system
href
contact
contact
form
php
role
menuitem
contact
and
feedback
form
timely
warnings
timely
warnings
timely
warnings
timely
warnings
timely
warning
messages
are
part
of
purdue
university
commitment
to
provide
campus
area
crime
information
in
compliance
with
the
federal
jeanne
clery
disclosure
of
campus
security
policy
and
campus
crime
statistics
act
commonly
known
as
the
clery
act
this
page
is
not
layer
of
the
university
timely
warning
or
emergency
notification
policy
or
procedure
but
is
maintained
for
transparency
safety
and
educational
purposes
incidents
href
timely
warnings
reports
arson
earhart
php
title
arson
april
18
arson
resources
communication
href
https://one.purdue.edu
onecampus
portal
href
https://purdue.brightspace.com
rel
noopener
target
blank
brightspace
href
https://www.purdue.edu/boilerconnect/
boilerconnect
href
https://portal.office.com/
office
href
https://outlook.office.com/
outlook
href
https://mypurdue.purdue.edu
mypurdue
campus
href
faculty
and
staff
href
https://www.purdue.edu/hr/
human
resources
href
careers
href
colleges
and
schools
href
https://www.purdue.edu/directory/
directory
href
https://www.purdue.edu/campus-map/
campus
map
information
href
https://www.purdue.edu/newsroom/purduetoday/
purdue
today
href
https://events.purdue.edu/
events
href
https://www.lib.purdue.edu/
libraries
href
construction
href
tuition
calculator
href
https://www.purdue.edu/hr/CHL/
center
for
healthy
living
people
href
https://www.purdue.edu/hotline/
purdue
hotline
href
https://www.purdue.edu/diversity-inclusion/
diversity
and
inclusion
href
https://www.purdue.edu/ethics/
ethics
and
compliance
href
https://it.purdue.edu/
information
technology
href
annual
security
report
href
timely
warnings
svg
class
horizontal
xmlns
http://www.w3.org/2000/svg
xmlns
xlink
http://www.w3.org/1999/xlink
0
px
0
px
viewbox
style
enable
background
new
xml
space
preserve
style
type
text
css
st
0
fill
ffffff
st
1
fill
cfb
st
2
fill
purdue
university
logo
path
class
st
0
6
8
path
class
st
0
16
27
27
16
7
path
class
st
0
8
path
class
st
0
3
path
class
st
0
path
class
st
0
path
class
st
0
2
2
path
class
st
0
path
class
st
0
5
path
class
st
0
2
4
1
1
path
class
st
0
2
2
4
0
8
path
class
st
0
3
path
class
st
0
polygon
class
st
0
points
7
27
5
path
class
st
0
3
2
path
class
st
0
3
2
path
class
st
1
3
9
7
9
4
path
class
st
2
9
7
path
4
9
1
path
class
st
0
0
1
1
path
class
st
0
1
1
5
3
svg
class
vertical
version
id
layer
1
xmlns
http://www.w3.org/2000/svg
xmlns
xlink
http://www.w3.org/1999/xlink
0
px
0
px
viewbox
style
enable
background
new
xml
space
preserve
style
type
text
css
st
0
fill
cfb
st
1
fill
st
2
fill
ffffff
purdue
university
logo
path
class
st
0
54
path
class
st
1
8
8
18
path
4
path
class
st
2
14
78
9
path
class
st
2
14
78
2
1
9
path
class
st
2
78
9
9
path
class
st
2
7
path
class
st
2
5
1
7
path
class
st
2
5
6
path
class
st
2
5
path
class
st
2
7
path
class
st
2
2
8
path
class
st
2
5
4
5
path
class
st
2
0
9
path
class
st
2
2
9
path
class
st
2
5
polygon
class
st
2
points
9
path
class
st
2
2
6
78
path
class
st
2
2
78
6
path
class
st
2
5
0
4
4
path
class
st
2
6
4
4
href
https://www.facebook.com/PurdueUniversity/
rel
noopener
target
blank
facebook
href
https://twitter.com/lifeatpurdue
rel
noopener
target
blank
twitter
href
rel
noopener
target
blank
youtube
href
https://www.instagram.com/lifeatpurdue/
rel
noopener
target
blank
instagram
href
https://www.pinterest.com/lifeatpurdue/
rel
noopener
target
blank
pinterest
href
https://www.snapchat.com/add/lifeatpurdue
rel
noopener
target
blank
snapchat
href
rel
noopener
target
blank
linkedin
purdue
university
purdue
mall
west
lafayette
in
href
https://www.purdue.edu/purdue/disclaimer.php
target
blank
copy
purdue
university
href
target
blank
an
equal
access
equal
opportunity
university
href
target
blank
integrity
statement
href
target
blank
copyright
complaints
href
https://www.purdue.edu/brand/
target
blank
brand
toolkit
maintained
by
purdue
university
police
department
contact
href
contact
index
php
rel
noopener
target
blank
purdue
university
police
department
for
accessibility
issues
with
this
page
href
https://www.purdue.edu/disabilityresources/
accessibility
resources
href
contact
index
php
contact
us
script
src
type
text
javascript
