doctype
html
todays
top
5
from
purdue
university
2
news
link
rel
profile
href
http://gmpg.org/xfn/11
google
tag
manager
for
wordpress
by
gtm
4
wp
com
var
gtm
4
wp
datalayer
name
datalayer
var
datalayer
datalayer
end
google
tag
manager
for
wordpress
by
gtm
4
wp
com
the
seo
framework
by
sybre
waaijer
meta
name
robots
content
max
snippet
1
max
image
preview
large
max
video
preview
1
link
rel
canonical
href
meta
name
description
content
purdue
is
welcoming
back
thousands
of
boilermakers
across
campus
and
just
formed
new
partnership
with
industry
leader
eli
lilly
and
company
dont
miss
those
stories
and
more
meta
property
og
type
content
article
meta
property
og
locale
content
en
us
meta
property
og
site
name
content
news
meta
property
og
title
content
todays
top
5
from
purdue
university
meta
property
og
description
content
purdue
is
welcoming
back
thousands
of
boilermakers
across
campus
and
just
formed
new
partnership
with
industry
leader
eli
lilly
and
company
dont
miss
those
stories
and
more
meta
property
og
url
content
meta
property
og
image
content
meta
property
og
image
width
content
meta
property
og
image
height
content
meta
property
og
image
alt
content
photo
of
the
john
purdue
statue
taken
from
behind
as
it
looks
over
the
universitys
memorial
mall
meta
property
article
published
time
content
meta
property
article
modified
time
content
meta
name
twitter
card
content
summary
large
image
meta
name
twitter
title
content
todays
top
5
from
purdue
university
meta
name
twitter
description
content
purdue
is
welcoming
back
thousands
of
boilermakers
across
campus
and
just
formed
new
partnership
with
industry
leader
eli
lilly
and
company
dont
miss
those
stories
and
more
meta
name
twitter
image
content
meta
name
twitter
image
alt
content
photo
of
the
john
purdue
statue
taken
from
behind
as
it
looks
over
the
universitys
memorial
mall
script
type
application
ld
json
context
https://schema.org
graph
type
website
id
https://www.purdue.edu/newsroom/
schema
website
url
https://www.purdue.edu/newsroom/
name
news
inlanguage
en
us
potentialaction
type
searchaction
target
type
entrypoint
urltemplate
https://www.purdue.edu/newsroom/search/
search
term
string
query
input
required
name
search
term
string
publisher
type
organization
id
https://www.purdue.edu/newsroom/
schema
organization
name
news
url
https://www.purdue.edu/newsroom/
type
webpage
id
url
name
todays
top
5
from
purdue
university
2
news
description
purdue
is
welcoming
back
thousands
of
boilermakers
across
campus
and
just
formed
new
partnership
with
industry
leader
eli
lilly
and
company
dont
miss
those
stories
and
more
inlanguage
en
us
ispartof
id
https://www.purdue.edu/newsroom/
schema
website
breadcrumb
type
breadcrumblist
id
https://www.purdue.edu/newsroom/
schema
breadcrumblist
itemlistelement
type
listitem
position
1
item
https://www.purdue.edu/newsroom/
name
news
type
listitem
position
2
item
name
category
more
purdue
type
listitem
position
3
name
todays
top
5
from
purdue
university
potentialaction
type
readaction
target
datepublished
datemodified
author
type
person
id
https://www.purdue.edu/newsroom/
schema
person
cfce
ce
name
larry
farr
the
seo
framework
by
sybre
waaijer
ms
meta
ms
boot
link
rel
dns
prefetch
href
use
typekit
net
link
rel
dns
prefetch
href
fonts
googleapis
com
link
rel
dns
prefetch
href
use
fontawesome
com
link
rel
alternate
type
application
rss
xml
title
news
raquo
todays
top
5
from
purdue
university
comments
feed
href
script
type
text
javascript
cdata
window
wpemojisettings
baseurl
https
org
images
core
emoji
3
ext
png
svgurl
https
org
images
core
emoji
3
svg
svgext
svg
source
concatemoji
https
www
purdue
edu
newsroom
wp
includes
js
wp
emoji
release
min
js
ver
1
this
file
is
auto
generated
function
var
function
try
var
supporttests
timestamp
new
date
valueof
sessionstorage
setitem
json
stringify
catch
function
clearrect
canvas
width
canvas
height
filltext
var
new
uint
32
array
getimagedata
canvas
width
canvas
height
data
clearrect
canvas
width
canvas
height
filltext
new
uint
32
array
getimagedata
canvas
width
canvas
height
data
return
every
function
return
function
switch
case
flag
return
ud
83
udff
3
ufe
0
ufe
0
ud
83
udff
3
ufe
0
ufe
0
1
ud
83
uddfa
ud
83
uddf
3
ud
83
uddfa
ud
83
uddf
3
ud
83
udff
4
udb
40
udc
67
udb
40
udc
62
udb
40
udc
65
udb
40
udc
6
udb
40
udc
67
udb
40
udc
7
ud
83
udff
4
udb
40
udc
67
udb
40
udc
62
udb
40
udc
65
udb
40
udc
6
udb
40
udc
67
udb
40
udc
7
case
emoji
return
ud
83
udc
26
ud
83
udc
26
return
1
function
var
undefined
typeof
workerglobalscope
self
instanceof
workerglobalscope
new
offscreencanvas
createelement
canvas
getcontext
2
willreadfrequently
0
textbaseline
top
font
px
arial
return
foreach
function
function
var
createelement
script
src
defer
0
head
appendchild
undefined
typeof
promise
wpemojisettingssupports
flag
emoji
supports
everything
0
everythingexceptflag
0
new
promise
function
addeventlistener
domcontentloaded
once
0
new
promise
function
var
function
try
var
json
parse
sessionstorage
getitem
if
object
typeof
number
typeof
timestamp
new
date
valueof
timestamp
object
typeof
supporttests
return
supporttests
catch
return
null
if
if
undefined
typeof
worker
undefined
typeof
offscreencanvas
undefined
typeof
url
url
createobjecturl
undefined
typeof
blob
try
var
postmessage
tostring
json
stringify
tostring
tostring
join
new
blob
type
text
javascript
new
worker
url
createobjecturl
name
wptestemojisupports
return
void
onmessage
function
data
terminate
catch
then
function
for
var
in
supports
supports
everything
supports
everything
supports
flag
supports
everythingexceptflag
supports
everythingexceptflag
supports
supports
everythingexceptflag
supports
everythingexceptflag
supports
flag
domready
1
readycallback
function
domready
0
then
function
return
then
function
var
supports
everything
readycallback
source
concatemoji
concatemoji
wpemoji
twemoji
twemoji
wpemoji
window
document
window
wpemojisettings
style
id
wp
emoji
styles
inline
css
type
text
css
img
wp
smiley
img
emoji
display
inline
important
border
none
important
box
shadow
none
important
height
1
em
important
width
1
em
important
margin
07
em
important
vertical
align
em
important
background
none
important
padding
0
important
link
rel
stylesheet
id
wp
block
library
css
href
ver
1
type
text
css
media
all
link
rel
stylesheet
id
classic
theme
styles
css
href
ver
1
type
text
css
media
all
link
rel
stylesheet
id
brandfonts
css
href
https://use.typekit.net/ghc8hdz.css
ver
1
type
text
css
media
all
link
rel
stylesheet
id
unitedsans
css
href
ver
1
type
text
css
media
all
link
rel
stylesheet
id
sourceserif
css
href
https://fonts.googleapis.com/css2
family
source
serif
pro
3
awght
display
swap
ver
1
type
text
css
media
all
link
rel
stylesheet
id
purduethemechild
style
css
href
ver
0
type
text
css
media
link
rel
stylesheet
id
load
fa
css
href
ver
1
type
text
css
media
all
link
rel
stylesheet
id
purduebrand
style
css
href
ver
1
type
text
css
media
all
link
rel
stylesheet
id
purduebrand
brand
style
css
href
ver
81
dc
cbfd
eed
type
text
css
media
link
rel
stylesheet
id
purdue
quick
links
style
css
css
href
ver
81
dc
cbfd
eed
type
text
css
media
all
script
type
text
javascript
src
ver
1
id
jquery
core
js
script
type
text
javascript
src
ver
1
id
jquery
migrate
js
link
rel
https://api.w.org/
href
https://www.purdue.edu/newsroom/wp-json/
link
rel
alternate
title
json
type
application
json
href
link
rel
edituri
type
application
rsd
xml
title
rsd
href
https://www.purdue.edu/newsroom/xmlrpc.php
rsd
link
rel
alternate
title
oembed
json
type
application
json
oembed
href
url
https
3
2
2
fwww
purdue
edu
2
fnewsroom
2
fq
ftodays
top
5
from
purdue
university
65
link
rel
alternate
title
oembed
xml
type
text
xml
oembed
href
url
https
3
2
2
fwww
purdue
edu
2
fnewsroom
2
fq
ftodays
top
5
from
purdue
university
65
format
xml
link
rel
shortcut
icon
href
type
image
icon
link
rel
apple
touch
icon
sizes
href
link
rel
apple
touch
icon
sizes
href
link
rel
apple
touch
icon
sizes
href
link
rel
apple
touch
icon
sizes
href
link
rel
apple
touch
icon
sizes
href
link
rel
apple
touch
icon
sizes
href
link
rel
apple
touch
icon
sizes
href
link
rel
apple
touch
icon
sizes
href
link
rel
apple
touch
icon
sizes
href
link
rel
icon
type
image
png
sizes
href
link
rel
icon
type
image
png
sizes
href
link
rel
icon
type
image
png
sizes
href
link
rel
icon
type
image
png
sizes
href
link
rel
manifest
href
meta
name
msapplication
tileimage
content
google
tag
manager
for
wordpress
by
gtm
4
wp
com
gtm
container
placement
set
to
automatic
var
datalayer
content
pageposttype
post
pageposttype
2
single
post
pagecategory
general
pagepostauthor
larry
farr
datalayer
push
datalayer
content
function
push
gtm
start
new
date
gettime
event
gtm
js
var
getelementsbytagname
0
createelement
dl
datalayer
async
true
src
www
googletagmanager
com
gtm
js
id
dl
parentnode
insertbefore
window
document
script
datalayer
gtm
wwgmn
6
end
google
tag
manager
for
wordpress
by
gtm
4
wp
com
gtm
container
placement
set
to
automatic
google
tag
manager
noscript
iframe
src
https://www.googletagmanager.com/ns.html
id
gtm
wwgmn
6
height
0
width
0
style
display
none
visibility
hidden
aria
hidden
true
end
google
tag
manager
noscript
skip
to
content
href
https://www.purdue.edu/
class
navbar
item
rel
home
img
src
alt
purdue
logo
href
https://www.purdue.edu/newsroom
class
navbar
site
name
rel
home
news
img
src
aria
hidden
true
alt
class
burger
icon
img
src
aria
hidden
true
alt
class
close
icon
title
home
href
https://www.purdue.edu/newsroom/
home
title
articles
href
https://www.purdue.edu/newsroom/articles/
articles
title
topics
href
https://www.purdue.edu/newsroom/all-topics/
topics
title
faculty
and
staff
news
href
faculty
and
staff
news
title
media
resources
href
https://www.purdue.edu/newsroom/media/
media
resources
class
purdue
home
button
purdue
home
button
black
purdue
header
cta
button
href
newsroom
purdue
news
weekly
purdue
news
weekly
close
img
src
aria
hidden
true
alt
class
close
icon
news
form
action
https://www.purdue.edu/newsroom/search
name
searchform
method
get
class
search
form
search
title
home
href
https://www.purdue.edu/newsroom/
home
title
articles
href
https://www.purdue.edu/newsroom/articles/
articles
title
topics
href
https://www.purdue.edu/newsroom/all-topics/
topics
title
faculty
and
staff
news
href
faculty
and
staff
news
title
media
resources
href
https://www.purdue.edu/newsroom/media/
media
resources
class
purdue
home
button
purdue
home
button
black
purdue
header
cta
button
href
newsroom
purdue
news
weekly
purdue
news
weekly
helpful
links
href
research
excellence
href
purdue
computes
href
daniels
school
of
business
href
purdue
university
in
indianapolis
quick
links
target
blank
rel
noopener
href
https://stories.purdue.edu/
the
persistent
pursuit
target
blank
rel
noopener
href
https://www.youtube.com/
purdueuniversitynews
purdue
news
on
youtube
href
purdue
in
the
news
target
blank
rel
noopener
href
https://events.purdue.edu/
purdue
university
events
todays
top
5
from
purdue
university
img
width
height
src
class
post
content
thumbnail
image
wp
post
image
alt
photo
of
the
john
purdue
statue
taken
from
behind
as
it
looks
over
the
universitys
memorial
mall
decoding
async
fetchpriority
high
srcset
sizes
max
width
px
vw
px
august
16
class
post
author
individual
href
title
posts
by
purdue
news
purdue
news
share
class
icon
is
medium
href
https://www.facebook.com/sharer/sharer.php
facebook
svg
xmlns
http://www.w3.org/2000/svg
height
1
em
viewbox
font
awesome
free
2
by
fontawesome
https://fontawesome.com
license
https://fontawesome.com/license
commercial
license
copyright
fonticons
inc
path
63
69
48
class
icon
is
medium
href
https://twitter.com/intent/tweet
url
twitter
svg
xmlns
http://www.w3.org/2000/svg
height
1
em
viewbox
font
awesome
free
2
by
fontawesome
https://fontawesome.com
license
https://fontawesome.com/license
commercial
license
copyright
fonticons
inc
path
zm
zm
class
icon
is
medium
href
https://www.linkedin.com/shareArticle
mini
true
url
linkedin
svg
xmlns
http://www.w3.org/2000/svg
height
1
em
viewbox
font
awesome
free
2
by
fontawesome
https://fontawesome.com
license
https://fontawesome.com/license
commercial
license
copyright
fonticons
inc
path
zm
zm
5
zm
class
icon
is
medium
href
mailto
placeholder
placeholder
com
body
email
svg
xmlns
http://www.w3.org/2000/svg
height
1
em
viewbox
font
awesome
free
2
by
fontawesome
https://fontawesome.com
license
https://fontawesome.com/license
commercial
license
copyright
fonticons
inc
path
zm
7
8
zm
96
9
print
svg
width
24
height
24
viewbox
fill
none
xmlns
http://www.w3.org/2000/svg
path
08
fill
path
zm
zm
zm
fill
white
rect
width
24
height
24
fill
white
href
https://www.youtube.com/watch
6
vqfnz
data
type
link
data
id
https://www.youtube.com/watch
6
vqfnz
target
blank
rel
noreferrer
noopener
purdue
news
now
purdue
is
welcoming
back
thousands
of
boilermakers
across
campus
and
just
formed
new
partnership
with
industry
leader
eli
lilly
and
company
trevor
peters
has
those
stories
and
more
in
this
weeks
purdue
news
now
plus
check
out
five
good
stories
below
you
may
have
missed
nbsp
href
data
type
link
data
id
target
blank
rel
noreferrer
noopener
purdue
and
lilly
formalize
collaboration
to
expand
the
development
of
new
technology
and
accelerate
the
pace
of
delivering
medicines
to
patients
purdue
university
and
eli
lilly
and
company
are
strengthening
their
long
standing
strategic
research
collaboration
with
the
announcement
of
the
href
https://lprc.research.purdue.edu/
target
blank
rel
noreferrer
noopener
eli
lilly
and
company
and
purdue
university
research
alliance
center
lprc
the
partnership
advances
bold
science
through
discovery
innovation
education
and
technology
transfer
to
improve
health
outcomes
around
the
world
the
lprc
will
serve
as
an
essential
hub
for
collaborative
exploration
of
new
technologies
that
enhance
every
phase
of
pharmaceutical
research
from
discovery
to
delivery
media
contact
amy
raley
araley
purdue
edu
href
data
type
link
data
id
target
blank
rel
noreferrer
noopener
more
than
new
purdue
students
will
participate
in
on
campus
orientation
programs
in
west
lafayette
and
indianapolis
as
purdue
prepares
to
welcome
its
largest
ever
incoming
class
of
boilermakers
to
the
west
lafayette
campus
staff
and
faculty
are
encouraged
to
plan
accordingly
for
heavier
pedestrian
and
vehicular
traffic
during
move
in
days
as
well
as
throughout
orientation
programming
purdue
is
projected
to
welcome
its
most
selective
class
of
undergraduate
students
for
the
upcoming
academic
year
as
part
of
the
universitys
10
th
straight
year
of
record
applicants
media
contact
trevor
peters
peter
purdue
edu
href
data
type
link
data
id
president
chiang
visits
purdue
university
fort
wayne
and
seven
counties
in
northwest
and
central
indiana
purdue
president
mung
chiang
is
continuing
to
canvass
the
state
of
indiana
visiting
purdues
regional
campuses
and
meeting
with
purdue
extension
staff
in
each
of
indianas
92
counties
last
week
chiang
and
other
members
of
his
administrative
team
traveled
to
northeast
indianas
adams
delaware
jay
madison
tipton
and
wells
counties
and
to
purdue
university
fort
wayne
the
statewide
tour
which
began
in
august
illustrates
purdues
commitment
to
meet
with
groups
of
residents
and
community
leaders
to
discuss
how
indianas
land
grant
institution
can
be
vital
resource
and
partner
in
agriculture
health
youth
development
and
economic
growth
media
contact
wes
mills
wemills
purdue
edu
href
hpsectionid
eb
amp
st
hpsection
amp
mediatype
all
amp
daterange
anytime
amp
totalcount
41
amp
currentitemno
11
data
type
link
data
id
hpsectionid
eb
amp
st
hpsection
amp
mediatype
all
amp
daterange
anytime
amp
totalcount
41
amp
currentitemno
11
target
blank
rel
noreferrer
noopener
ap
video
how
to
stop
germs
as
kids
head
back
to
school
libby
richards
professor
in
the
school
of
nursing
at
purdue
university
explains
how
people
can
keep
themselves
and
kids
from
getting
sick
as
the
back
to
school
season
begins
around
80
percent
of
infectious
diseases
are
spread
through
touch
and
classrooms
are
full
of
high
touch
surfaces
such
as
desks
light
switches
and
shared
school
supplies
children
also
tend
to
not
be
good
at
handwashing
but
are
very
good
at
putting
their
hands
and
other
objects
in
their
mouths
as
result
surge
in
infectious
disease
spread
is
very
common
at
the
start
of
school
year
media
contact
trevor
peters
peter
purdue
edu
href
https://www.purdue.edu/newsroom/
data
type
link
data
id
https://www.purdue.edu/newsroom/
target
blank
rel
noreferrer
noopener
your
new
home
for
purdue
university
news
is
here
revamped
hub
for
purdue
university
news
was
launched
earlier
this
week
for
media
to
utilize
the
site
features
all
the
latest
happenings
at
purdue
with
top
stories
research
excellence
articles
and
our
purdue
news
now
weekly
video
archive
full
suite
of
media
resources
is
also
available
media
contact
trevor
peters
peter
purdue
edu
nbsp
more
recent
ap
video
stories
the
nbsp
href
target
blank
rel
noreferrer
noopener
ap
newsroom
nbsp
for
ap
members
and
nbsp
href
target
blank
rel
noreferrer
noopener
purdue
news
youtube
channel
nbsp
for
all
reporters
provide
comments
from
purdue
experts
on
timely
topics
watch
them
here
class
quick
link
link
href
itemid
eb
2
cea
ace
bed
amp
ga
target
blank
food
satisfaction
steady
as
inflation
slows
class
quick
link
link
href
itemid
51
fb
fb
target
blank
back
to
school
understanding
gifted
education
class
quick
link
link
href
itemid
af
amp
ga
target
blank
inflation
down
labor
market
normalizing
about
purdue
university
purdue
university
is
public
research
institution
demonstrating
excellence
at
scale
ranked
among
top
10
public
universities
and
with
two
colleges
in
the
top
four
in
the
united
states
purdue
discovers
and
disseminates
knowledge
with
quality
and
at
scale
second
to
none
more
than
students
study
at
purdue
across
modalities
and
locations
including
nearly
in
person
on
the
west
lafayette
campus
committed
to
affordability
and
accessibility
purdues
main
campus
has
frozen
tuition
13
years
in
row
see
how
purdue
never
stops
in
the
persistent
pursuit
of
the
next
giant
leap
including
its
first
comprehensive
urban
campus
in
indianapolis
the
mitch
daniels
school
of
business
purdue
computes
and
the
one
health
initiative
at
nbsp
href
target
blank
rel
noreferrer
noopener
more
purdue
news
class
purdue
home
news
events
list
href
target
self
img
class
purdue
home
background
image
alt
digital
display
superimposed
on
fingers
typing
on
keyboard
on
the
right
the
words
online
masters
in
data
science
src
purdues
online
data
science
masters
addresses
burgeoning
demand
for
trained
data
scientists
august
26
class
purdue
home
news
events
list
href
target
self
img
class
purdue
home
background
image
alt
src
purdue
alum
olympic
amp
paralympic
committee
executive
julie
dussliere
named
president
and
chief
executive
officer
of
purdue
for
life
foundation
august
26
class
purdue
home
news
events
list
href
target
self
img
class
purdue
home
background
image
alt
flowers
growing
beneath
purdue
universitys
gateway
to
the
future
arch
on
sunny
summer
day
src
todays
top
5
from
purdue
university
august
23
class
purdue
home
news
events
list
href
target
self
img
class
purdue
home
background
image
alt
src
purdues
entrepreneurial
ecosystem
undergoes
record
breaking
growth
in
august
22
site
content
content
footer
id
colophon
role
contentinfo
class
footer
style
background
image
url
href
https://www.purdue.edu/
rel
home
img
src
alt
purdue
logo
href
https://www.google.com/maps/search/
api
1
query
purdue
university
purdue
mall
2
cwest
lafayette
2
cin
target
blank
purdue
university
br
purdue
mall
br
west
lafayette
in
href
tel
class
purdue
home
button
purdue
home
button
black
href
target
self
systemwide
campuses
follow
us
title
facebook
href
https://www.facebook.com/PurdueUniversity/
target
blank
facebook
svg
xmlns
http://www.w3.org/2000/svg
height
1
em
viewbox
font
awesome
free
2
by
fontawesome
https://fontawesome.com
license
https://fontawesome.com/license
commercial
license
copyright
fonticons
inc
path
63
69
48
title
twitter
href
https://www.twitter.com/LifeAtPurdue
target
blank
twitter
svg
xmlns
http://www.w3.org/2000/svg
height
1
em
viewbox
font
awesome
free
2
by
fontawesome
https://fontawesome.com
license
https://fontawesome.com/license
commercial
license
copyright
fonticons
inc
path
zm
zm
title
linkedin
href
target
blank
linkedin
svg
xmlns
http://www.w3.org/2000/svg
height
1
em
viewbox
font
awesome
free
2
by
fontawesome
https://fontawesome.com
license
https://fontawesome.com/license
commercial
license
copyright
fonticons
inc
path
zm
zm
5
zm
title
instagram
href
https://www.instagram.com/lifeatpurdue/
target
blank
instagram
svg
xmlns
http://www.w3.org/2000/svg
height
1
em
viewbox
font
awesome
free
2
by
fontawesome
https://fontawesome.com
license
https://fontawesome.com/license
commercial
license
copyright
fonticons
inc
path
66
zm
41
67
zm
zm
zm
zm
67
85
85
67
title
youtube
href
https://www.youtube.com/purdueuniversity
target
blank
youtube
svg
xmlns
http://www.w3.org/2000/svg
height
1
em
viewbox
font
awesome
free
2
by
fontawesome
https://fontawesome.com
license
https://fontawesome.com/license
commercial
license
copyright
fonticons
inc
path
zm
zm
7
1
title
snapchat
href
https://www.snapchat.com/add/lifeatpurdue
target
blank
snapchat
svg
xmlns
http://www.w3.org/2000/svg
height
1
em
viewbox
font
awesome
free
2
by
fontawesome
https://fontawesome.com
license
https://fontawesome.com/license
commercial
license
copyright
fonticons
inc
path
zm
76
83
1
zm
class
purdue
home
button
purdue
home
button
black
href
target
self
systemwide
campuses
explore
svg
aria
hidden
true
class
accordion
icon
accordion
icon
plus
width
52
px
height
52
px
viewbox
version
xmlns
http://www.w3.org/2000/svg
xmlns
xlink
http://www.w3.org/1999/xlink
plus
icon
href
https://www.purdue.edu/campus-map/
west
lafayette
map
href
careers
href
https://www.purdue.edu/hr/CHL/
center
for
healthy
living
href
colleges
and
schools
href
https://www.purdue.edu/directory/
directory
href
entrepreneurship
and
commercialization
href
https://www.purdue.edu/hr/
human
resources
href
https://www.lib.purdue.edu/
libraries
information
svg
aria
hidden
true
class
accordion
icon
accordion
icon
plus
width
52
px
height
52
px
viewbox
version
xmlns
http://www.w3.org/2000/svg
xmlns
xlink
http://www.w3.org/1999/xlink
plus
icon
href
https://www.purdue.edu/diversity-inclusion/
diversity
inclusion
and
belonging
href
https://www.purdue.edu/ethics/
ethics
and
compliance
href
https://events.purdue.edu/
events
href
https://connect.purdue.edu/s/givenow
give
href
lost
and
found
href
https://www.purdue.edu/engagement/
office
of
engagement
href
https://www.purdue.edu/president/
president
href
tuition
calculator
resources
svg
aria
hidden
true
class
accordion
icon
accordion
icon
plus
width
52
px
height
52
px
viewbox
version
xmlns
http://www.w3.org/2000/svg
xmlns
xlink
http://www.w3.org/1999/xlink
plus
icon
href
https://www.purdue.edu/boilerconnect/
boilerconnect
href
https://purdue.brightspace.com/
brightspace
href
current
students
href
faculty
and
staff
href
https://mypurdue.purdue.edu/
mypurdue
href
https://portal.office.com/
office
href
https://one.purdue.edu/
onecampus
portal
href
https://outlook.office.com/
outlook
communication
svg
aria
hidden
true
class
accordion
icon
accordion
icon
plus
width
52
px
height
52
px
viewbox
version
xmlns
http://www.w3.org/2000/svg
xmlns
xlink
http://www.w3.org/1999/xlink
plus
icon
href
annual
security
report
href
construction
href
https://www.purdue.edu/emergency/
emergency
href
https://www.it.purdue.edu/
information
technology
href
https://marcom.purdue.edu/
marketing
and
communications
href
https://www.purdue.edu/newsroom/
purdue
news
href
https://www.purdue.edu/hotline/
purdue
hotline
href
timely
warnings
href
target
blank
copyright
copy
purdue
university
all
rights
reserved
br
href
target
blank
accessibility
href
target
blank
ea
eo
university
href
target
blank
integrity
statement
href
https://www.purdue.edu/home/free-speech/
target
blank
free
expression
href
https://collegescorecard.ed.gov/school/
purdue
university
main
campus
target
blank
college
scorecard
ed
gov
href
target
blank
privacy
policy
href
contact
us
colophon
page
link
rel
stylesheet
id
wp
block
heading
css
href
ver
1
type
text
css
media
all
link
rel
stylesheet
id
wp
block
paragraph
css
href
ver
1
type
text
css
media
all
link
rel
stylesheet
id
wp
block
embed
css
href
ver
1
type
text
css
media
all
style
id
global
styles
inline
css
type
text
css
root
wp
preset
aspect
ratio
square
1
wp
preset
aspect
ratio
wp
preset
aspect
ratio
wp
preset
aspect
ratio
wp
preset
aspect
ratio
wp
preset
aspect
ratio
wp
preset
aspect
ratio
wp
preset
color
black
wp
preset
color
cyan
bluish
gray
abb
wp
preset
color
white
ffffff
wp
preset
color
pale
pink
78
da
7
wp
preset
color
vivid
red
cf
wp
preset
color
luminous
vivid
orange
ff
wp
preset
color
luminous
vivid
amber
fcb
wp
preset
color
light
green
cyan
7
bdcb
5
wp
preset
color
vivid
green
cyan
wp
preset
color
pale
cyan
blue
8
ed
1
fc
wp
preset
color
vivid
cyan
blue
wp
preset
color
vivid
purple
0
wp
preset
color
boiler
gold
cfb
wp
preset
color
aged
gold
3
wp
preset
color
dust
gold
ebd
99
wp
preset
color
field
gold
ddb
wp
preset
color
rush
gold
daaa
00
wp
preset
color
steel
gray
wp
preset
color
cool
gray
wp
preset
color
railway
gray
wp
preset
color
steam
gray
4
bfc
0
wp
preset
color
opaque
rgba
65
wp
preset
color
transparent
rgba
wp
preset
gradient
vivid
cyan
blue
to
vivid
purple
linear
gradient
deg
rgba
0
rgb
wp
preset
gradient
light
green
cyan
to
vivid
green
cyan
linear
gradient
deg
rgb
0
rgb
wp
preset
gradient
luminous
vivid
amber
to
luminous
vivid
orange
linear
gradient
deg
rgba
0
rgba
wp
preset
gradient
luminous
vivid
orange
to
vivid
red
linear
gradient
deg
rgba
0
rgb
46
wp
preset
gradient
very
light
gray
to
cyan
bluish
gray
linear
gradient
deg
rgb
0
rgb
wp
preset
gradient
cool
to
warm
spectrum
linear
gradient
deg
rgb
0
rgb
20
rgb
40
rgb
60
rgb
98
80
rgb
76
wp
preset
gradient
blush
light
purple
linear
gradient
deg
rgb
0
rgb
wp
preset
gradient
blush
bordeaux
linear
gradient
deg
rgb
0
rgb
45
50
rgb
62
wp
preset
gradient
luminous
dusk
linear
gradient
deg
rgb
0
rgb
50
rgb
wp
preset
gradient
pale
ocean
linear
gradient
deg
rgb
0
rgb
50
rgb
wp
preset
gradient
electric
grass
linear
gradient
deg
rgb
0
rgb
wp
preset
gradient
midnight
linear
gradient
deg
rgb
0
rgb
wp
preset
font
size
small
13
px
wp
preset
font
size
medium
20
px
wp
preset
font
size
large
36
px
wp
preset
font
size
large
42
px
wp
preset
spacing
20
rem
wp
preset
spacing
30
rem
wp
preset
spacing
40
1
rem
wp
preset
spacing
50
rem
wp
preset
spacing
60
rem
wp
preset
spacing
70
rem
wp
preset
spacing
80
rem
wp
preset
shadow
natural
6
px
6
px
9
px
rgba
0
0
0
wp
preset
shadow
deep
12
px
12
px
50
px
rgba
0
0
0
wp
preset
shadow
sharp
6
px
6
px
0
px
rgba
0
0
0
wp
preset
shadow
outlined
6
px
6
px
0
px
3
px
rgba
1
6
px
6
px
rgba
0
0
0
1
wp
preset
shadow
crisp
6
px
6
px
0
px
rgba
0
0
0
1
where
is
layout
flex
gap
em
where
is
layout
grid
gap
em
body
is
layout
flex
display
flex
is
layout
flex
flex
wrap
wrap
align
items
center
is
layout
flex
is
div
margin
0
body
is
layout
grid
display
grid
is
layout
grid
is
div
margin
0
where
wp
block
columns
is
layout
flex
gap
2
em
where
wp
block
columns
is
layout
grid
gap
2
em
where
wp
block
post
template
is
layout
flex
gap
em
where
wp
block
post
template
is
layout
grid
gap
em
has
black
color
color
var
wp
preset
color
black
important
has
cyan
bluish
gray
color
color
var
wp
preset
color
cyan
bluish
gray
important
has
white
color
color
var
wp
preset
color
white
important
has
pale
pink
color
color
var
wp
preset
color
pale
pink
important
has
vivid
red
color
color
var
wp
preset
color
vivid
red
important
has
luminous
vivid
orange
color
color
var
wp
preset
color
luminous
vivid
orange
important
has
luminous
vivid
amber
color
color
var
wp
preset
color
luminous
vivid
amber
important
has
light
green
cyan
color
color
var
wp
preset
color
light
green
cyan
important
has
vivid
green
cyan
color
color
var
wp
preset
color
vivid
green
cyan
important
has
pale
cyan
blue
color
color
var
wp
preset
color
pale
cyan
blue
important
has
vivid
cyan
blue
color
color
var
wp
preset
color
vivid
cyan
blue
important
has
vivid
purple
color
color
var
wp
preset
color
vivid
purple
important
has
black
background
color
background
color
var
wp
preset
color
black
important
has
cyan
bluish
gray
background
color
background
color
var
wp
preset
color
cyan
bluish
gray
important
has
white
background
color
background
color
var
wp
preset
color
white
important
has
pale
pink
background
color
background
color
var
wp
preset
color
pale
pink
important
has
vivid
red
background
color
background
color
var
wp
preset
color
vivid
red
important
has
luminous
vivid
orange
background
color
background
color
var
wp
preset
color
luminous
vivid
orange
important
has
luminous
vivid
amber
background
color
background
color
var
wp
preset
color
luminous
vivid
amber
important
has
light
green
cyan
background
color
background
color
var
wp
preset
color
light
green
cyan
important
has
vivid
green
cyan
background
color
background
color
var
wp
preset
color
vivid
green
cyan
important
has
pale
cyan
blue
background
color
background
color
var
wp
preset
color
pale
cyan
blue
important
has
vivid
cyan
blue
background
color
background
color
var
wp
preset
color
vivid
cyan
blue
important
has
vivid
purple
background
color
background
color
var
wp
preset
color
vivid
purple
important
has
black
border
color
border
color
var
wp
preset
color
black
important
has
cyan
bluish
gray
border
color
border
color
var
wp
preset
color
cyan
bluish
gray
important
has
white
border
color
border
color
var
wp
preset
color
white
important
has
pale
pink
border
color
border
color
var
wp
preset
color
pale
pink
important
has
vivid
red
border
color
border
color
var
wp
preset
color
vivid
red
important
has
luminous
vivid
orange
border
color
border
color
var
wp
preset
color
luminous
vivid
orange
important
has
luminous
vivid
amber
border
color
border
color
var
wp
preset
color
luminous
vivid
amber
important
has
light
green
cyan
border
color
border
color
var
wp
preset
color
light
green
cyan
important
has
vivid
green
cyan
border
color
border
color
var
wp
preset
color
vivid
green
cyan
important
has
pale
cyan
blue
border
color
border
color
var
wp
preset
color
pale
cyan
blue
important
has
vivid
cyan
blue
border
color
border
color
var
wp
preset
color
vivid
cyan
blue
important
has
vivid
purple
border
color
border
color
var
wp
preset
color
vivid
purple
important
has
vivid
cyan
blue
to
vivid
purple
gradient
background
background
var
wp
preset
gradient
vivid
cyan
blue
to
vivid
purple
important
has
light
green
cyan
to
vivid
green
cyan
gradient
background
background
var
wp
preset
gradient
light
green
cyan
to
vivid
green
cyan
important
has
luminous
vivid
amber
to
luminous
vivid
orange
gradient
background
background
var
wp
preset
gradient
luminous
vivid
amber
to
luminous
vivid
orange
important
has
luminous
vivid
orange
to
vivid
red
gradient
background
background
var
wp
preset
gradient
luminous
vivid
orange
to
vivid
red
important
has
very
light
gray
to
cyan
bluish
gray
gradient
background
background
var
wp
preset
gradient
very
light
gray
to
cyan
bluish
gray
important
has
cool
to
warm
spectrum
gradient
background
background
var
wp
preset
gradient
cool
to
warm
spectrum
important
has
blush
light
purple
gradient
background
background
var
wp
preset
gradient
blush
light
purple
important
has
blush
bordeaux
gradient
background
background
var
wp
preset
gradient
blush
bordeaux
important
has
luminous
dusk
gradient
background
background
var
wp
preset
gradient
luminous
dusk
important
has
pale
ocean
gradient
background
background
var
wp
preset
gradient
pale
ocean
important
has
electric
grass
gradient
background
background
var
wp
preset
gradient
electric
grass
important
has
midnight
gradient
background
background
var
wp
preset
gradient
midnight
important
has
small
font
size
font
size
var
wp
preset
font
size
small
important
has
medium
font
size
font
size
var
wp
preset
font
size
medium
important
has
large
font
size
font
size
var
wp
preset
font
size
large
important
has
large
font
size
font
size
var
wp
preset
font
size
large
important
script
type
text
javascript
src
ver
0
id
purduethemechild
mainscript
js
script
type
text
javascript
id
purduebrand
mainscript
js
before
cdata
var
sitehomeurl
https
www
purdue
edu
newsroom
script
type
text
javascript
src
ver
81
dc
cbfd
eed
id
purduebrand
mainscript
js
script
type
text
javascript
src
ver
1
id
comment
reply
js
async
async
data
wp
strategy
async
script
type
text
javascript
src
ver
cc
dd
id
glide
esm
js
dynamic
page
generated
in
seconds
cached
page
generated
by
wp
super
cache
on
super
cache
