doctype
html
meta
content
text
html
charset
utf
8
http
equiv
content
type
meta
charset
utf
8
meta
content
ie
edge
http
equiv
ua
compatible
meta
content
width
device
width
initial
scale
1
name
viewport
human
resources
human
resources
purdue
university
link
href
rel
shortcut
icon
link
href
rel
apple
touch
icon
sizes
link
href
rel
apple
touch
icon
sizes
link
href
rel
apple
touch
icon
sizes
link
href
rel
apple
touch
icon
sizes
united
sans
link
href
rel
stylesheet
link
href
rel
stylesheet
link
href
rel
stylesheet
type
text
css
tr
td
vertical
align
top
border
1
px
solid
ddd
text
align
left
padding
2
px
th
background
bebebe
text
align
center
border
1
px
solid
ddd
font
weight
bold
tbltext
font
family
trebuchet
ms
arial
helvetica
sans
serif
font
size
14
px
introcontainer
min
height
px
padding
top
10
px
featurelinkscontainer
padding
top
5
px
padding
bottom
5
px
linkscontainer
padding
top
5
px
padding
bottom
5
px
div
font
size
style
type
text
css
introcontainer
min
height
px
padding
top
10
px
featurelinkscontainer
padding
top
5
px
padding
bottom
5
px
linkscontainer
padding
top
5
px
padding
bottom
5
px
div
font
size
med
mybtn
display
none
position
fixed
bottom
20
px
right
30
px
index
99
font
size
18
px
border
none
outline
none
background
color
red
color
white
cursor
pointer
padding
15
px
border
radius
4
px
mybtn
hover
background
color
head
scripts
get
the
button
let
mybutton
document
getelementbyid
mybtn
when
the
user
scrolls
down
20
px
from
the
top
of
the
document
show
the
button
window
onscroll
function
scrollfunction
function
scrollfunction
if
document
body
scrolltop
gt
20
document
documentelement
scrolltop
gt
20
mybutton
style
display
block
else
mybutton
style
display
none
when
the
user
clicks
on
the
button
scroll
to
the
top
of
the
document
function
topfunction
document
body
scrolltop
0
document
documentelement
scrolltop
0
script
async
true
src
www
purdue
edu
purdue
globals
js
modernizr
min
js
type
text
javascript
script
src
www
purdue
edu
purdue
js
jquery
2
min
js
type
text
javascript
script
src
type
text
javascript
script
src
type
text
javascript
html
5
shim
and
respond
js
ie
8
support
of
html
5
elements
and
media
queries
if
lt
ie
9
script
src
www
purdue
edu
purdue
js
html
5
shiv
js
script
src
www
purdue
edu
purdue
js
respond
min
js
endif
script
src
get
the
button
let
mybutton
document
getelementbyid
mybtn
when
the
user
scrolls
down
20
px
from
the
top
of
the
document
show
the
button
window
onscroll
function
scrollfunction
function
scrollfunction
if
document
body
scrolltop
gt
20
document
documentelement
scrolltop
gt
20
mybutton
style
display
block
else
mybutton
style
display
none
when
the
user
clicks
on
the
button
scroll
to
the
top
of
the
document
function
topfunction
document
body
scrolltop
0
document
documentelement
scrolltop
0
script
src
https://www.purdue.edu/purdue/js/pGA.js
type
text
javascript
script
type
text
javascript
var
mcode
var
scodes
scodes
push
nt
2
rtndfwn
scodes
push
2
yzmjrr
6
xn
setanalytics
mcode
scodes
quick
links
search
search
function
var
cx
mjxnqnpskjk
var
gcse
document
createelement
script
gcse
type
text
javascript
gcse
async
true
gcse
src
https://cse.google.com/cse.js
cx
cx
var
document
getelementsbytagname
script
0
parentnode
insertbefore
gcse
gcse
searchbox
only
id
cse
search
form
resultsurl
https://www.purdue.edu/purdue/search.php
queryparametername
loading
find
info
for
find
info
for
class
findinfolink
href
academics
class
findinfolink
href
admissions
class
findinfolink
href
current
students
class
findinfolink
href
athletics
class
findinfolink
href
about
class
findinfolink
href
careers
class
findinfolink
href
prospective
students
class
findinfolink
href
research
and
partnerships
class
findinfolink
href
entrepreneurship
and
commercialization
class
findinfolink
href
https://www.purdue.edu/engagement/
office
of
engagement
quick
links
href
apply
href
https://www.purdue.edu/newsroom/
news
href
https://www.purdue.edu/president/
president
href
https://purdueteamstore.com/home
shop
href
https://www.purdue.edu/visit
visit
href
https://www.purdue.edu/purdue/giveNow.html
give
href
https://www.purdue.edu/emergency/
emergency
class
svglinkcontainer
href
https://www.purdue.edu
object
aria
label
purdue
logo
class
svgcontainer
data
tabindex
1
title
purdue
logo
type
image
svg
xml
img
alt
purdue
university
src
human
resources
mission
vision
and
strategic
goals
for
you
menu
home
href
buspur
index
php
business
purdue
href
benewell
index
php
benefits
wellness
href
https://careers.purdue.edu/
target
blank
careers
purdue
href
hiring
index
php
hiring
purdue
href
mgrres
index
php
supervising
purdue
href
workpurdue
index
php
working
purdue
style
type
text
css
media
min
width
px
introcontainer
background
image
url
workpurdue
supportingdocs
watpheadlg
png
media
min
width
px
and
max
width
px
introcontainer
background
image
url
workpurdue
supportingdocs
watpheadlg
png
media
min
width
px
and
max
width
px
introcontainer
background
image
url
workpurdue
supportingdocs
watpheadlg
png
media
min
width
px
and
max
width
px
introcontainer
background
image
url
workpurdue
supportingdocs
watpheadlg
png
media
max
width
px
introcontainer
background
image
url
workpurdue
supportingdocs
watpheadlg
png
human
resources
developing
engaging
and
retaining
innovative
talent
we
support
our
employees
through
recruitment
compensation
program
benefits
career
development
and
more
we
support
our
managers
with
tools
and
resources
so
they
can
keep
tackling
the
next
giant
leap
class
facultystaff
href
aboutus
index
php
target
blank
hr
contacts
amp
support
class
news
href
neo
index
php
target
blank
new
purdue
resources
amp
program
class
facultystaff
href
target
blank
benefit
eligibility
amp
enrollment
class
admissions
href
workpurdue
workess
php
target
blank
successfactors
healthy
boiler
pillars
href
target
blank
behavioral
health
href
target
blank
financial
wellness
href
target
blank
physical
health
href
target
blank
social
wellness
href
target
blank
work
life
integration
href
target
blank
healthy
boiler
guide
employee
resources
href
https://www.purdue.edu/hr/CHL/
target
blank
center
for
healthy
living
href
hr
initiatives
one
hour
with
hr
php
one
hour
with
hr
href
https://www.purdue.edu/hr/global/
target
blank
purdue
global
employee
resources
href
workpurdue
awardrec
index
php
the
bravo
award
program
and
other
recognitions
href
mngcareer
perfmerit
index
php
target
blank
performance
appraisals
development
resources
href
workpurdue
empdev
php
employee
development
href
target
blank
educational
benefits
href
workpurdue
developmentopp
php
target
blank
career
development
href
desturl
https
3
2
2
fpurdueuniv
plateau
com
2
flearning
2
fuser
2
fdeeplink
redirect
jsp
3
flinkid
3
dhome
page
26
pageid
3
dstudent
20
home
26
fromsf
3
dy
amp
company
purdueuniv
target
blank
successfactors
learning
our
training
library
href
mngcareer
carpath
index
php
career
paths
administrative
resources
href
hiring
onboarding
php
target
blank
onboarding
new
hires
href
target
blank
faculty
dual
career
and
relocation
services
href
target
blank
supervisor
toolkit
href
target
blank
compensation
guidelines
href
paytimepractices
index
php
target
blank
timekeeping
and
time
off
source
media
min
width
px
srcset
supportingdocs
worklifesm
png
source
media
min
width
px
srcset
supportingdocs
worklifexsm
png
source
media
min
width
px
srcset
supportingdocs
worklifemed
png
source
media
min
width
px
srcset
supportingdocs
worklifelg
png
source
srcset
supportingdocs
worklifelg
png
img
alt
work
life
src
supportingdocs
worklifelg
png
work
life
integration
button
27
appearance
none
background
color
cfb
border
2
px
solid
cfb
border
radius
15
px
box
sizing
border
box
color
1
cursor
pointer
display
inline
block
font
size
14
px
font
weight
line
height
normal
margin
0
min
height
60
px
min
width
0
outline
none
padding
16
px
24
px
text
align
center
text
decoration
none
transition
all
ms
cubic
bezier
23
1
1
user
select
none
webkit
user
select
none
touch
action
manipulation
width
will
change
transform
button
27
disabled
pointer
events
none
button
27
hover
box
shadow
rgba
0
0
0
px
15
px
transform
translatey
2
px
button
27
active
box
shadow
none
transform
translatey
0
you
are
your
best
self
when
you
have
work
life
integration
as
part
of
our
healthy
boiler
program
we
offer
several
resources
to
help
working
families
balance
the
needs
of
both
home
and
work
check
out
the
following
resources
view
our
href
rel
noopener
target
blank
title
work
life
integration
work
life
integration
benefits
and
resources
purdue
offers
href
rel
noopener
target
blank
paid
parental
leave
allowing
eligible
employees
up
to
hours
6
weeks
various
data
auth
notapplicable
data
linkindex
0
href
childcare
options
are
conveniently
offered
on
the
west
lafayette
campus
visit
href
workremotely
index
php
rel
noopener
target
blank
working
remotely
purdue
to
request
flexible
work
arrangement
or
access
resources
specific
to
remote
work
start
planning
for
life
after
purdue
and
review
our
available
href
rel
noopener
target
blank
retirement
programs
we
ve
partnered
with
href
rel
noopener
target
blank
curalinc
healthcare
to
expand
the
university
behavioral
health
assistance
source
media
min
width
px
srcset
supportingdocs
pic
1
jpg
source
media
min
width
px
srcset
supportingdocs
pic
1
jpg
source
srcset
supportingdocs
pic
1
jpg
img
alt
src
supportingdocs
pic
1
jpg
source
media
min
width
px
srcset
supportingdocs
pic
2
jpg
source
media
min
width
px
srcset
supportingdocs
pic
2
jpg
source
srcset
supportingdocs
pic
2
jpg
img
alt
src
supportingdocs
pic
2
jpg
source
media
min
width
px
srcset
supportingdocs
pic
3
jpg
source
media
min
width
px
srcset
supportingdocs
pic
3
jpg
source
srcset
supportingdocs
pic
3
jpg
img
alt
src
supportingdocs
pic
3
jpg
source
media
min
width
px
srcset
supportingdocs
pic
7
jpg
source
media
min
width
px
srcset
supportingdocs
pic
7
jpg
source
srcset
supportingdocs
pic
7
jpg
img
alt
src
supportingdocs
pic
7
jpg
resources
communication
href
https://one.purdue.edu
onecampus
portal
href
https://purdue.brightspace.com
rel
noopener
target
blank
brightspace
href
https://www.purdue.edu/boilerconnect/
boilerconnect
href
https://portal.office.com/
office
href
https://outlook.office.com/
outlook
href
https://mypurdue.purdue.edu
mypurdue
campus
href
faculty
and
staff
href
https://www.purdue.edu/hr/
human
resources
href
careers
href
colleges
and
schools
href
https://www.purdue.edu/directory/
directory
href
https://www.purdue.edu/campus-map/
campus
map
information
href
https://www.purdue.edu/newsroom/purduetoday/
purdue
today
href
https://events.purdue.edu/
events
href
https://www.lib.purdue.edu/
libraries
href
construction
href
tuition
calculator
href
https://www.purdue.edu/hr/CHL/
center
for
healthy
living
people
href
https://www.purdue.edu/hotline/
purdue
hotline
href
https://www.purdue.edu/diversity-inclusion/
diversity
and
inclusion
href
https://www.purdue.edu/ethics/
ethics
and
compliance
href
https://it.purdue.edu/
information
technology
href
annual
security
report
href
timely
warnings
svg
class
horizontal
xmlns
http://www.w3.org/2000/svg
xmlns
xlink
http://www.w3.org/1999/xlink
0
px
0
px
viewbox
style
enable
background
new
xml
space
preserve
style
type
text
css
st
0
fill
ffffff
st
1
fill
cfb
st
2
fill
purdue
university
logo
path
class
st
0
6
8
path
class
st
0
16
27
27
16
7
path
class
st
0
8
path
class
st
0
3
path
class
st
0
path
class
st
0
path
class
st
0
2
2
path
class
st
0
path
class
st
0
5
path
class
st
0
2
4
1
1
path
class
st
0
2
2
4
0
8
path
class
st
0
3
path
class
st
0
polygon
class
st
0
points
7
27
5
path
class
st
0
3
2
path
class
st
0
3
2
path
class
st
1
3
9
7
9
4
path
class
st
2
9
7
path
4
9
1
path
class
st
0
0
1
1
path
class
st
0
1
1
5
3
svg
class
vertical
version
id
layer
1
xmlns
http://www.w3.org/2000/svg
xmlns
xlink
http://www.w3.org/1999/xlink
0
px
0
px
viewbox
style
enable
background
new
xml
space
preserve
style
type
text
css
st
0
fill
cfb
st
1
fill
st
2
fill
ffffff
purdue
university
logo
path
class
st
0
54
path
class
st
1
8
8
18
path
4
path
class
st
2
14
78
9
path
class
st
2
14
78
2
1
9
path
class
st
2
78
9
9
path
class
st
2
7
path
class
st
2
5
1
7
path
class
st
2
5
6
path
class
st
2
5
path
class
st
2
7
path
class
st
2
2
8
path
class
st
2
5
4
5
path
class
st
2
0
9
path
class
st
2
2
9
path
class
st
2
5
polygon
class
st
2
points
9
path
class
st
2
2
6
78
path
class
st
2
2
78
6
path
class
st
2
5
0
4
4
path
class
st
2
6
4
4
href
https://www.facebook.com/PurdueUniversity/
rel
noopener
target
blank
facebook
href
https://twitter.com/lifeatpurdue
rel
noopener
target
blank
twitter
href
rel
noopener
target
blank
youtube
href
https://www.instagram.com/lifeatpurdue/
rel
noopener
target
blank
instagram
href
https://www.pinterest.com/lifeatpurdue/
rel
noopener
target
blank
pinterest
href
https://www.snapchat.com/add/lifeatpurdue
rel
noopener
target
blank
snapchat
href
rel
noopener
target
blank
linkedin
northwestern
ave
suite
west
lafayette
in
href
https://www.purdue.edu/purdue/disclaimer.php
copy
purdue
university
href
an
equal
access
equal
opportunity
university
href
integrity
statement
href
target
blank
copyright
complaints
href
https://www.purdue.edu/brand/
target
blank
brand
toolkit
maintained
by
oe
web
contact
href
https://www.purdue.edu/disabilityresources/
rel
noopener
target
blank
oe
web
for
accessibility
issues
with
this
page
href
https://www.purdue.edu/disabilityresources/
accessibility
resources
href
https://www.purdue.edu/purdue/contact-us
contact
us
href
purdue
university
main
campus
target
blank
doe
degree
scorecards
script
src
type
text
javascript
get
the
button
let
mybutton
document
getelementbyid
mybtn
when
the
user
scrolls
down
20
px
from
the
top
of
the
document
show
the
button
window
onscroll
function
scrollfunction
function
scrollfunction
if
document
body
scrolltop
gt
20
document
documentelement
scrolltop
gt
20
mybutton
style
display
block
else
mybutton
style
display
none
when
the
user
clicks
on
the
button
scroll
to
the
top
of
the
document
function
topfunction
document
body
scrolltop
0
document
documentelement
scrolltop
0
