doctype
html
indianapolis
link
rel
profile
href
http://gmpg.org/xfn/11
style
type
text
css
purdue
home
cta
card
purdue
home
cta
card
link
display
none
purdue
home
quote
purdue
home
quote
content
max
width
important
media
only
screen
and
max
width
px
purdue
home
rtb
row
purdue
home
rtb
horizontal
highlight
font
size
14
vw
important
google
tag
manager
for
wordpress
by
gtm
4
wp
com
var
gtm
4
wp
datalayer
name
datalayer
var
datalayer
datalayer
const
gtm
4
wp
scrollerscript
debugmode
false
const
gtm
4
wp
scrollerscript
callbacktime
const
gtm
4
wp
scrollerscript
readerlocation
const
gtm
4
wp
scrollerscript
contentelementid
content
const
gtm
4
wp
scrollerscript
scannertime
60
end
google
tag
manager
for
wordpress
by
gtm
4
wp
com
the
seo
framework
by
sybre
waaijer
meta
name
robots
content
max
snippet
1
max
image
preview
large
max
video
preview
1
meta
name
description
content
our
new
urban
campus
extends
purdue
rsquo
mission
and
impact
with
first
of
its
kind
hard
tech
corridor
stretching
between
indianapolis
and
our
flagship
west
meta
property
og
image
content
meta
property
og
image
width
content
meta
property
og
image
height
content
meta
property
og
locale
content
en
us
meta
property
og
type
content
website
meta
property
og
title
content
indianapolis
meta
property
og
description
content
our
new
urban
campus
extends
purdue
rsquo
mission
and
impact
with
first
of
its
kind
hard
tech
corridor
stretching
between
indianapolis
and
our
flagship
west
lafayette
campus
we
rsquo
re
building
the
future
meta
property
og
url
content
meta
property
og
site
name
content
indianapolis
meta
name
twitter
card
content
summary
large
image
meta
name
twitter
title
content
indianapolis
meta
name
twitter
description
content
our
new
urban
campus
extends
purdue
rsquo
mission
and
impact
with
first
of
its
kind
hard
tech
corridor
stretching
between
indianapolis
and
our
flagship
west
lafayette
campus
we
rsquo
re
building
the
future
meta
name
twitter
image
content
link
rel
canonical
href
script
type
application
ld
json
context
https://schema.org
type
website
url
name
indianapolis
potentialaction
type
searchaction
target
type
entrypoint
urltemplate
search
term
string
query
input
required
name
search
term
string
script
type
application
ld
json
context
https://schema.org
type
organization
url
name
indianapolis
the
seo
framework
by
sybre
waaijer
ms
meta
ms
boot
link
rel
dns
prefetch
href
use
typekit
net
link
rel
dns
prefetch
href
fonts
googleapis
com
link
rel
dns
prefetch
href
use
fontawesome
com
script
type
text
javascript
cdata
window
wpemojisettings
baseurl
https
org
images
core
emoji
3
ext
png
svgurl
https
org
images
core
emoji
3
svg
svgext
svg
source
concatemoji
https
www
purdue
edu
campuses
indianapolis
wp
includes
js
wp
emoji
release
min
js
ver
1
this
file
is
auto
generated
function
var
function
try
var
supporttests
timestamp
new
date
valueof
sessionstorage
setitem
json
stringify
catch
function
clearrect
canvas
width
canvas
height
filltext
var
new
uint
32
array
getimagedata
canvas
width
canvas
height
data
clearrect
canvas
width
canvas
height
filltext
new
uint
32
array
getimagedata
canvas
width
canvas
height
data
return
every
function
return
function
switch
case
flag
return
ud
83
udff
3
ufe
0
ufe
0
ud
83
udff
3
ufe
0
ufe
0
1
ud
83
uddfa
ud
83
uddf
3
ud
83
uddfa
ud
83
uddf
3
ud
83
udff
4
udb
40
udc
67
udb
40
udc
62
udb
40
udc
65
udb
40
udc
6
udb
40
udc
67
udb
40
udc
7
ud
83
udff
4
udb
40
udc
67
udb
40
udc
62
udb
40
udc
65
udb
40
udc
6
udb
40
udc
67
udb
40
udc
7
case
emoji
return
ud
83
udc
26
ud
83
udc
26
return
1
function
var
undefined
typeof
workerglobalscope
self
instanceof
workerglobalscope
new
offscreencanvas
createelement
canvas
getcontext
2
willreadfrequently
0
textbaseline
top
font
px
arial
return
foreach
function
function
var
createelement
script
src
defer
0
head
appendchild
undefined
typeof
promise
wpemojisettingssupports
flag
emoji
supports
everything
0
everythingexceptflag
0
new
promise
function
addeventlistener
domcontentloaded
once
0
new
promise
function
var
function
try
var
json
parse
sessionstorage
getitem
if
object
typeof
number
typeof
timestamp
new
date
valueof
timestamp
object
typeof
supporttests
return
supporttests
catch
return
null
if
if
undefined
typeof
worker
undefined
typeof
offscreencanvas
undefined
typeof
url
url
createobjecturl
undefined
typeof
blob
try
var
postmessage
tostring
json
stringify
tostring
tostring
join
new
blob
type
text
javascript
new
worker
url
createobjecturl
name
wptestemojisupports
return
void
onmessage
function
data
terminate
catch
then
function
for
var
in
supports
supports
everything
supports
everything
supports
flag
supports
everythingexceptflag
supports
everythingexceptflag
supports
supports
everythingexceptflag
supports
everythingexceptflag
supports
flag
domready
1
readycallback
function
domready
0
then
function
return
then
function
var
supports
everything
readycallback
source
concatemoji
concatemoji
wpemoji
twemoji
twemoji
wpemoji
window
document
window
wpemojisettings
style
id
wp
emoji
styles
inline
css
type
text
css
img
wp
smiley
img
emoji
display
inline
important
border
none
important
box
shadow
none
important
height
1
em
important
width
1
em
important
margin
07
em
important
vertical
align
em
important
background
none
important
padding
0
important
link
rel
stylesheet
id
wp
block
library
css
href
ver
1
type
text
css
media
all
link
rel
stylesheet
id
classic
theme
styles
css
href
ver
1
type
text
css
media
all
link
rel
stylesheet
id
brandfonts
css
href
https://use.typekit.net/ghc8hdz.css
ver
1
type
text
css
media
all
link
rel
stylesheet
id
unitedsans
css
href
ver
1
type
text
css
media
all
link
rel
stylesheet
id
sourceserif
css
href
https://fonts.googleapis.com/css2
family
source
serif
pro
3
awght
display
swap
ver
1
type
text
css
media
all
link
rel
stylesheet
id
wpa
style
css
href
ver
0
type
text
css
media
all
style
id
wpa
style
inline
css
type
text
css
root
admin
bar
top
7
px
link
rel
stylesheet
id
load
fa
css
href
ver
1
type
text
css
media
all
link
rel
stylesheet
id
purduebrand
style
css
href
ver
1
type
text
css
media
all
link
rel
stylesheet
id
purduebrand
brand
style
css
href
ver
ee
92
type
text
css
media
link
rel
stylesheet
id
purdue
diagonal
hero
style
css
css
href
ver
ee
92
type
text
css
media
all
link
rel
stylesheet
id
purdue
featured
story
style
css
css
href
ver
ee
92
type
text
css
media
all
link
rel
stylesheet
id
purdue
news
and
events
style
css
css
href
ver
ee
92
type
text
css
media
all
link
rel
stylesheet
id
purdue
rtb
row
style
css
css
href
ver
ee
92
type
text
css
media
all
link
rel
stylesheet
id
purdue
purdue
quote
style
css
css
href
ver
ee
92
type
text
css
media
all
script
type
text
javascript
src
ver
1
id
jquery
core
js
script
type
text
javascript
src
ver
1
id
jquery
migrate
js
script
type
text
javascript
src
ver
1
id
gtm
4
wp
scroll
tracking
js
script
type
text
javascript
src
ver
0
id
wpa
fingerprintjs
js
link
rel
https://api.w.org/
href
link
rel
alternate
title
json
type
application
json
href
link
rel
edituri
type
application
rsd
xml
title
rsd
href
rsd
link
rel
alternate
title
oembed
json
type
application
json
oembed
href
url
https
3
2
2
fwww
purdue
edu
2
fcampuses
2
findianapolis
2
link
rel
alternate
title
oembed
xml
type
text
xml
oembed
href
url
https
3
2
2
fwww
purdue
edu
2
fcampuses
2
findianapolis
2
format
xml
link
rel
shortcut
icon
href
type
image
icon
link
rel
apple
touch
icon
sizes
href
link
rel
apple
touch
icon
sizes
href
link
rel
apple
touch
icon
sizes
href
link
rel
apple
touch
icon
sizes
href
link
rel
apple
touch
icon
sizes
href
link
rel
apple
touch
icon
sizes
href
link
rel
apple
touch
icon
sizes
href
link
rel
apple
touch
icon
sizes
href
link
rel
apple
touch
icon
sizes
href
link
rel
icon
type
image
png
sizes
href
link
rel
icon
type
image
png
sizes
href
link
rel
icon
type
image
png
sizes
href
link
rel
icon
type
image
png
sizes
href
link
rel
manifest
href
meta
name
msapplication
tileimage
content
google
tag
manager
for
wordpress
by
gtm
4
wp
com
gtm
container
placement
set
to
automatic
var
datalayer
content
pageposttype
frontpage
pageposttype
2
single
page
pagepostauthor
yanhua
zong
datalayer
push
datalayer
content
function
push
gtm
start
new
date
gettime
event
gtm
js
var
getelementsbytagname
0
createelement
dl
datalayer
async
true
src
www
googletagmanager
com
gtm
js
id
dl
parentnode
insertbefore
window
document
script
datalayer
gtm
wwgmn
6
end
google
tag
manager
end
google
tag
manager
for
wordpress
by
gtm
4
wp
com
gtm
container
placement
set
to
automatic
google
tag
manager
noscript
iframe
src
https://www.googletagmanager.com/ns.html
id
gtm
wwgmn
6
height
0
width
0
style
display
none
visibility
hidden
aria
hidden
true
end
google
tag
manager
noscript
skip
to
content
href
https://www.purdue.edu/
class
navbar
item
rel
home
img
src
alt
purdue
logo
href
https://www.purdue.edu/campuses/indianapolis
class
navbar
site
name
rel
home
indianapolis
img
src
aria
hidden
true
alt
class
burger
icon
img
src
aria
hidden
true
alt
class
close
icon
title
home
href
home
title
faq
href
faq
title
leadership
href
leadership
title
news
href
news
title
undergraduate
majors
href
undergraduate
majors
title
graduate
programs
href
graduate
programs
class
purdue
home
button
purdue
home
button
black
purdue
header
cta
button
href
target
blank
apply
now
close
img
src
aria
hidden
true
alt
class
close
icon
indianapolis
form
action
name
searchform
method
get
class
search
form
search
title
home
href
home
title
faq
href
faq
title
leadership
href
leadership
title
news
href
news
title
undergraduate
majors
href
undergraduate
majors
title
graduate
programs
href
graduate
programs
class
purdue
home
button
purdue
home
button
black
purdue
header
cta
button
href
target
blank
apply
now
helpful
links
target
blank
rel
noopener
href
home
current
students
current
students
target
blank
rel
noopener
href
home
faculty
staff
faculty
and
staff
target
blank
rel
noopener
href
https://connect.purdue.edu/s/givenow
give
target
blank
rel
noopener
href
https://events.purdue.edu/
events
calendar
target
blank
rel
noopener
href
newsroom
purdue
news
target
blank
rel
noopener
href
http://purdueteamstore.com/
shop
quick
links
href
campuses
indianapolis
apply
become
student
target
blank
rel
noopener
href
engineering
target
blank
rel
noopener
href
polytechnic
institute
target
blank
rel
noopener
href
https://www.purdue.edu/science/
science
target
blank
rel
noopener
href
indianapolis
campus
map
href
operations
purdue
university
in
indianapolis
our
new
urban
campus
is
preparing
career
ready
students
for
the
jobs
of
tomorrow
strong
industry
partnerships
accelerate
hands
on
learning
opportunities
internships
and
co
ops
class
purdue
home
button
href
campuses
indianapolis
apply
target
self
become
student
class
purdue
home
button
purdue
home
button
black
href
target
blank
become
partner
source
src
top
10
most
innovative
university
in
the
6
years
running
news
amp
world
report
graduates
excel
in
competitive
high
demand
industries
majors
in
leading
and
emerging
stem
fields
img
decoding
async
class
purdue
home
background
image
alt
purdue
university
in
indianapolis
our
first
comprehensive
urban
campus
src
watch
video
img
decoding
async
class
cta
icon
cta
icon
play
src
alt
div
class
youtube
video
id
szigcx
si
data
title
building
the
future
thumbnail
data
src
https://www.youtube.com/embed/SziGcX0f4SI
rel
0
autoplay
1
enablejsapi
1
mute
1
origin
https://www.purdue.edu
building
the
future
our
new
urban
campus
extends
purdues
mission
and
impact
with
first
of
its
kind
hard
tech
corridor
stretching
between
indianapolis
and
our
flagship
west
lafayette
campus
were
building
the
future
by
linking
industry
to
our
world
class
educators
researchers
and
students
class
purdue
home
button
href
https://www.youtube.com/watch
szigcx
si
target
blank
watch
video
class
purdue
home
button
purdue
home
button
black
href
target
blank
indianapolis
campus
map
fueling
transformationalgrowth
purdue
universitys
first
comprehensive
urban
campus
will
offer
unique
opportunities
for
boilermaker
students
and
faculty
we
will
expand
enrollment
we
will
build
startups
we
will
create
new
knowledge
we
will
connect
talents
and
industry
wewill
maximize
indys
unique
strengths
such
as
sports
and
biomedical
technology
purdue
campuses
now
bookend
the
hard
tech
corridor
65
miles
connecting
indy
and
west
lafayette
with
leap
innovation
district
at
the
midpoint
we
will
generate
talents
jobs
and
innovation
together
in
americas
heartland
mung
chiang
president
purdue
university
img
decoding
async
class
purdue
home
background
image
alt
downtown
indianapolis
src
frequently
asked
questions
wondering
whats
next
learn
more
about
purdue
university
in
indianapolis
including
helpful
answers
for
students
faculty
and
staff
class
purdue
home
button
href
campuses
indianapolis
faq
target
self
read
faq
top
news
img
decoding
async
class
purdue
home
background
image
alt
monument
circle
downtown
indianapolis
src
class
purdue
home
news
events
content
href
target
blank
purdue
university
in
indianapolis
opens
today
july
1
img
decoding
async
class
purdue
home
background
image
alt
rendering
of
onehealth
district
src
class
column
href
target
blank
purdue
and
elanco
animal
health
announce
one
health
innovation
district
in
indianapolis
may
23
img
decoding
async
class
purdue
home
background
image
alt
the
dallara
indycar
factory
src
class
column
href
target
blank
purdue
motorsports
program
in
indianapolis
partners
with
dallara
may
23
img
decoding
async
class
purdue
home
background
image
alt
sarah
papabathini
src
class
column
href
target
blank
community
involvement
inspires
student
at
purdue
university
in
indianapolis
may
8
class
purdue
home
button
purdue
home
news
events
list
button
href
campuses
indianapolis
news
target
self
view
all
purdue
university
in
indianapolis
news
print
iframes
site
content
content
footer
id
colophon
role
contentinfo
class
footer
style
background
image
url
href
https://www.purdue.edu/
rel
home
img
src
alt
purdue
logo
href
https://www.google.com/maps/search/
api
1
query
purdue
university
purdue
mall
2
cwest
lafayette
2
cin
target
blank
purdue
university
br
purdue
mall
br
west
lafayette
in
href
tel
class
purdue
home
button
purdue
home
button
black
href
target
self
systemwide
campuses
follow
us
title
facebook
href
https://www.facebook.com/PurdueUniversity/
target
blank
facebook
svg
xmlns
http://www.w3.org/2000/svg
height
1
em
viewbox
font
awesome
free
2
by
fontawesome
https://fontawesome.com
license
https://fontawesome.com/license
commercial
license
copyright
fonticons
inc
path
63
69
48
title
twitter
href
https://www.twitter.com/LifeAtPurdue
target
blank
twitter
svg
xmlns
http://www.w3.org/2000/svg
height
1
em
viewbox
font
awesome
free
2
by
fontawesome
https://fontawesome.com
license
https://fontawesome.com/license
commercial
license
copyright
fonticons
inc
path
zm
zm
title
linkedin
href
target
blank
linkedin
svg
xmlns
http://www.w3.org/2000/svg
height
1
em
viewbox
font
awesome
free
2
by
fontawesome
https://fontawesome.com
license
https://fontawesome.com/license
commercial
license
copyright
fonticons
inc
path
zm
zm
5
zm
title
instagram
href
https://www.instagram.com/lifeatpurdue/
target
blank
instagram
svg
xmlns
http://www.w3.org/2000/svg
height
1
em
viewbox
font
awesome
free
2
by
fontawesome
https://fontawesome.com
license
https://fontawesome.com/license
commercial
license
copyright
fonticons
inc
path
66
zm
41
67
zm
zm
zm
zm
67
85
85
67
title
youtube
href
https://www.youtube.com/purdueuniversity
target
blank
youtube
svg
xmlns
http://www.w3.org/2000/svg
height
1
em
viewbox
font
awesome
free
2
by
fontawesome
https://fontawesome.com
license
https://fontawesome.com/license
commercial
license
copyright
fonticons
inc
path
zm
zm
7
1
title
snapchat
href
https://www.snapchat.com/add/lifeatpurdue
target
blank
snapchat
svg
xmlns
http://www.w3.org/2000/svg
height
1
em
viewbox
font
awesome
free
2
by
fontawesome
https://fontawesome.com
license
https://fontawesome.com/license
commercial
license
copyright
fonticons
inc
path
zm
76
83
1
zm
class
purdue
home
button
purdue
home
button
black
href
target
self
systemwide
campuses
explore
svg
aria
hidden
true
class
accordion
icon
accordion
icon
plus
width
52
px
height
52
px
viewbox
version
xmlns
http://www.w3.org/2000/svg
xmlns
xlink
http://www.w3.org/1999/xlink
plus
icon
target
blank
rel
noopener
href
indianapolis
campus
map
href
careers
href
https://www.purdue.edu/hr/CHL/
center
for
healthy
living
href
colleges
and
schools
href
https://www.purdue.edu/directory/
directory
href
entrepreneurship
and
commercialization
href
https://www.purdue.edu/hr/
human
resources
href
https://www.lib.purdue.edu/
libraries
information
svg
aria
hidden
true
class
accordion
icon
accordion
icon
plus
width
52
px
height
52
px
viewbox
version
xmlns
http://www.w3.org/2000/svg
xmlns
xlink
http://www.w3.org/1999/xlink
plus
icon
href
https://www.purdue.edu/diversity-inclusion/
diversity
inclusion
and
belonging
href
https://www.purdue.edu/ethics/
ethics
and
compliance
href
https://events.purdue.edu/
events
href
https://connect.purdue.edu/s/givenow
give
href
lost
and
found
href
https://www.purdue.edu/engagement/
office
of
engagement
href
https://www.purdue.edu/president/
president
href
tuition
calculator
resources
svg
aria
hidden
true
class
accordion
icon
accordion
icon
plus
width
52
px
height
52
px
viewbox
version
xmlns
http://www.w3.org/2000/svg
xmlns
xlink
http://www.w3.org/1999/xlink
plus
icon
href
https://www.purdue.edu/boilerconnect/
boilerconnect
href
https://purdue.brightspace.com/
brightspace
href
current
students
href
faculty
and
staff
href
https://mypurdue.purdue.edu/
mypurdue
href
https://portal.office.com/
office
href
https://one.purdue.edu/
onecampus
portal
href
https://outlook.office.com/
outlook
communication
svg
aria
hidden
true
class
accordion
icon
accordion
icon
plus
width
52
px
height
52
px
viewbox
version
xmlns
http://www.w3.org/2000/svg
xmlns
xlink
http://www.w3.org/1999/xlink
plus
icon
href
annual
security
report
href
construction
href
https://www.purdue.edu/emergency/
emergency
href
https://www.it.purdue.edu/
information
technology
href
https://marcom.purdue.edu/
marketing
and
communications
href
https://www.purdue.edu/newsroom/
purdue
news
href
https://www.purdue.edu/hotline/
purdue
hotline
href
timely
warnings
href
target
blank
copyright
copy
purdue
university
all
rights
reserved
br
href
target
blank
accessibility
href
target
blank
ea
eo
university
href
target
blank
integrity
statement
href
https://www.purdue.edu/home/free-speech/
target
blank
free
expression
href
https://collegescorecard.ed.gov/school/
purdue
university
main
campus
target
blank
college
scorecard
ed
gov
href
target
blank
privacy
policy
href
contact
us
colophon
page
link
rel
stylesheet
id
wp
block
paragraph
css
href
ver
1
type
text
css
media
all
style
id
global
styles
inline
css
type
text
css
root
wp
preset
aspect
ratio
square
1
wp
preset
aspect
ratio
wp
preset
aspect
ratio
wp
preset
aspect
ratio
wp
preset
aspect
ratio
wp
preset
aspect
ratio
wp
preset
aspect
ratio
wp
preset
color
black
wp
preset
color
cyan
bluish
gray
abb
wp
preset
color
white
ffffff
wp
preset
color
pale
pink
78
da
7
wp
preset
color
vivid
red
cf
wp
preset
color
luminous
vivid
orange
ff
wp
preset
color
luminous
vivid
amber
fcb
wp
preset
color
light
green
cyan
7
bdcb
5
wp
preset
color
vivid
green
cyan
wp
preset
color
pale
cyan
blue
8
ed
1
fc
wp
preset
color
vivid
cyan
blue
wp
preset
color
vivid
purple
0
wp
preset
color
boiler
gold
cfb
wp
preset
color
aged
gold
3
wp
preset
color
dust
gold
ebd
99
wp
preset
color
field
gold
ddb
wp
preset
color
rush
gold
daaa
00
wp
preset
color
steel
gray
wp
preset
color
cool
gray
wp
preset
color
railway
gray
wp
preset
color
steam
gray
4
bfc
0
wp
preset
color
opaque
rgba
65
wp
preset
color
transparent
rgba
wp
preset
gradient
vivid
cyan
blue
to
vivid
purple
linear
gradient
deg
rgba
0
rgb
wp
preset
gradient
light
green
cyan
to
vivid
green
cyan
linear
gradient
deg
rgb
0
rgb
wp
preset
gradient
luminous
vivid
amber
to
luminous
vivid
orange
linear
gradient
deg
rgba
0
rgba
wp
preset
gradient
luminous
vivid
orange
to
vivid
red
linear
gradient
deg
rgba
0
rgb
46
wp
preset
gradient
very
light
gray
to
cyan
bluish
gray
linear
gradient
deg
rgb
0
rgb
wp
preset
gradient
cool
to
warm
spectrum
linear
gradient
deg
rgb
0
rgb
20
rgb
40
rgb
60
rgb
98
80
rgb
76
wp
preset
gradient
blush
light
purple
linear
gradient
deg
rgb
0
rgb
wp
preset
gradient
blush
bordeaux
linear
gradient
deg
rgb
0
rgb
45
50
rgb
62
wp
preset
gradient
luminous
dusk
linear
gradient
deg
rgb
0
rgb
50
rgb
wp
preset
gradient
pale
ocean
linear
gradient
deg
rgb
0
rgb
50
rgb
wp
preset
gradient
electric
grass
linear
gradient
deg
rgb
0
rgb
wp
preset
gradient
midnight
linear
gradient
deg
rgb
0
rgb
wp
preset
font
size
small
13
px
wp
preset
font
size
medium
20
px
wp
preset
font
size
large
36
px
wp
preset
font
size
large
42
px
wp
preset
spacing
20
rem
wp
preset
spacing
30
rem
wp
preset
spacing
40
1
rem
wp
preset
spacing
50
rem
wp
preset
spacing
60
rem
wp
preset
spacing
70
rem
wp
preset
spacing
80
rem
wp
preset
shadow
natural
6
px
6
px
9
px
rgba
0
0
0
wp
preset
shadow
deep
12
px
12
px
50
px
rgba
0
0
0
wp
preset
shadow
sharp
6
px
6
px
0
px
rgba
0
0
0
wp
preset
shadow
outlined
6
px
6
px
0
px
3
px
rgba
1
6
px
6
px
rgba
0
0
0
1
wp
preset
shadow
crisp
6
px
6
px
0
px
rgba
0
0
0
1
where
is
layout
flex
gap
em
where
is
layout
grid
gap
em
body
is
layout
flex
display
flex
is
layout
flex
flex
wrap
wrap
align
items
center
is
layout
flex
is
div
margin
0
body
is
layout
grid
display
grid
is
layout
grid
is
div
margin
0
where
wp
block
columns
is
layout
flex
gap
2
em
where
wp
block
columns
is
layout
grid
gap
2
em
where
wp
block
post
template
is
layout
flex
gap
em
where
wp
block
post
template
is
layout
grid
gap
em
has
black
color
color
var
wp
preset
color
black
important
has
cyan
bluish
gray
color
color
var
wp
preset
color
cyan
bluish
gray
important
has
white
color
color
var
wp
preset
color
white
important
has
pale
pink
color
color
var
wp
preset
color
pale
pink
important
has
vivid
red
color
color
var
wp
preset
color
vivid
red
important
has
luminous
vivid
orange
color
color
var
wp
preset
color
luminous
vivid
orange
important
has
luminous
vivid
amber
color
color
var
wp
preset
color
luminous
vivid
amber
important
has
light
green
cyan
color
color
var
wp
preset
color
light
green
cyan
important
has
vivid
green
cyan
color
color
var
wp
preset
color
vivid
green
cyan
important
has
pale
cyan
blue
color
color
var
wp
preset
color
pale
cyan
blue
important
has
vivid
cyan
blue
color
color
var
wp
preset
color
vivid
cyan
blue
important
has
vivid
purple
color
color
var
wp
preset
color
vivid
purple
important
has
black
background
color
background
color
var
wp
preset
color
black
important
has
cyan
bluish
gray
background
color
background
color
var
wp
preset
color
cyan
bluish
gray
important
has
white
background
color
background
color
var
wp
preset
color
white
important
has
pale
pink
background
color
background
color
var
wp
preset
color
pale
pink
important
has
vivid
red
background
color
background
color
var
wp
preset
color
vivid
red
important
has
luminous
vivid
orange
background
color
background
color
var
wp
preset
color
luminous
vivid
orange
important
has
luminous
vivid
amber
background
color
background
color
var
wp
preset
color
luminous
vivid
amber
important
has
light
green
cyan
background
color
background
color
var
wp
preset
color
light
green
cyan
important
has
vivid
green
cyan
background
color
background
color
var
wp
preset
color
vivid
green
cyan
important
has
pale
cyan
blue
background
color
background
color
var
wp
preset
color
pale
cyan
blue
important
has
vivid
cyan
blue
background
color
background
color
var
wp
preset
color
vivid
cyan
blue
important
has
vivid
purple
background
color
background
color
var
wp
preset
color
vivid
purple
important
has
black
border
color
border
color
var
wp
preset
color
black
important
has
cyan
bluish
gray
border
color
border
color
var
wp
preset
color
cyan
bluish
gray
important
has
white
border
color
border
color
var
wp
preset
color
white
important
has
pale
pink
border
color
border
color
var
wp
preset
color
pale
pink
important
has
vivid
red
border
color
border
color
var
wp
preset
color
vivid
red
important
has
luminous
vivid
orange
border
color
border
color
var
wp
preset
color
luminous
vivid
orange
important
has
luminous
vivid
amber
border
color
border
color
var
wp
preset
color
luminous
vivid
amber
important
has
light
green
cyan
border
color
border
color
var
wp
preset
color
light
green
cyan
important
has
vivid
green
cyan
border
color
border
color
var
wp
preset
color
vivid
green
cyan
important
has
pale
cyan
blue
border
color
border
color
var
wp
preset
color
pale
cyan
blue
important
has
vivid
cyan
blue
border
color
border
color
var
wp
preset
color
vivid
cyan
blue
important
has
vivid
purple
border
color
border
color
var
wp
preset
color
vivid
purple
important
has
vivid
cyan
blue
to
vivid
purple
gradient
background
background
var
wp
preset
gradient
vivid
cyan
blue
to
vivid
purple
important
has
light
green
cyan
to
vivid
green
cyan
gradient
background
background
var
wp
preset
gradient
light
green
cyan
to
vivid
green
cyan
important
has
luminous
vivid
amber
to
luminous
vivid
orange
gradient
background
background
var
wp
preset
gradient
luminous
vivid
amber
to
luminous
vivid
orange
important
has
luminous
vivid
orange
to
vivid
red
gradient
background
background
var
wp
preset
gradient
luminous
vivid
orange
to
vivid
red
important
has
very
light
gray
to
cyan
bluish
gray
gradient
background
background
var
wp
preset
gradient
very
light
gray
to
cyan
bluish
gray
important
has
cool
to
warm
spectrum
gradient
background
background
var
wp
preset
gradient
cool
to
warm
spectrum
important
has
blush
light
purple
gradient
background
background
var
wp
preset
gradient
blush
light
purple
important
has
blush
bordeaux
gradient
background
background
var
wp
preset
gradient
blush
bordeaux
important
has
luminous
dusk
gradient
background
background
var
wp
preset
gradient
luminous
dusk
important
has
pale
ocean
gradient
background
background
var
wp
preset
gradient
pale
ocean
important
has
electric
grass
gradient
background
background
var
wp
preset
gradient
electric
grass
important
has
midnight
gradient
background
background
var
wp
preset
gradient
midnight
important
has
small
font
size
font
size
var
wp
preset
font
size
small
important
has
medium
font
size
font
size
var
wp
preset
font
size
medium
important
has
large
font
size
font
size
var
wp
preset
font
size
large
important
has
large
font
size
font
size
var
wp
preset
font
size
large
important
script
type
text
javascript
id
purduebrand
mainscript
js
before
cdata
var
sitehomeurl
https
www
purdue
edu
campuses
indianapolis
script
type
text
javascript
src
ver
ee
92
id
purduebrand
mainscript
js
script
type
text
javascript
src
ver
dbbb
8
de
46
dba
5
id
glide
esm
js
script
type
text
javascript
id
wpa
longdesc
js
extra
cdata
var
wpald
url
https
www
purdue
edu
campuses
indianapolis
wp
json
wp
2
media
type
jquery
text
span
long
description
span
script
type
text
javascript
src
ver
0
id
wpa
longdesc
js
script
type
text
javascript
id
wp
accessibility
js
extra
cdata
var
wpa
skiplinks
enabled
false
output
target
tabindex
1
underline
enabled
false
target
dir
ltr
lang
en
us
titles
1
labels
1
wpalabels
search
author
name
email
email
url
website
comment
comment
current
errors
tracking
1
ajaxurl
https
www
purdue
edu
campuses
indianapolis
wp
admin
admin
ajax
php
security
00
bcc
action
wpa
stats
action
url
https
www
purdue
edu
campuses
indianapolis
post
id
6
script
type
text
javascript
src
ver
0
id
wp
accessibility
js
script
type
text
javascript
src
ver
ee
92
id
purdue
diagonal
hero
view
script
js
js
script
type
text
javascript
src
ver
ee
92
id
purdue
news
and
events
view
script
js
js
script
type
text
javascript
src
ver
ee
92
id
purdue
purdue
quote
view
script
js
js
script
type
text
javascript
cdata
document
queryselectorall
ul
nav
menu
foreach
ulist
if
ulist
queryselectorall
li
length
0
ulist
style
display
none
script
type
text
javascript
installation
script
generated
by
ad
analytics
included
on
fact
sheet
faq
and
main
function
var
id
spdt
capture
script
if
getelementbyid
id
spdt
spdt
function
spdt
spdt
push
arguments
var
createelement
id
id
async
1
src
https://pixel.byspotify.com/ping.min.js
var
getelementsbytagname
0
parentnode
insertbefore
spdt
conf
key
60
ce
efe
ff
spdt
view
window
document
dynamic
page
generated
in
seconds
cached
page
generated
by
wp
super
cache
on
super
cache
