doctype
html
meta
content
supports
purdue
university
in
fulfilling
its
mission
and
commitments
to
the
highest
standards
of
ethics
and
integrity
and
to
the
principles
of
equal
access
and
equal
opportunity
name
description
meta
content
ethics
equal
opportunity
whistleblower
name
keywords
home
vice
president
for
ethics
and
compliance
purdue
university
link
href
rel
shortcut
icon
link
href
rel
apple
touch
icon
sizes
link
href
rel
apple
touch
icon
sizes
link
href
rel
apple
touch
icon
sizes
link
href
rel
apple
touch
icon
sizes
script
src
https://www.purdue.edu/purdue/js/pGA.js
type
text
javascript
script
type
text
javascript
var
mcode
var
scodes
setanalytics
mcode
scodes
meta
content
0
url
reporting
clery
index
php
http
equiv
refresh
this
page
has
been
moved
to
new
href
reporting
clery
index
php
location
