doctype
html
purdue
in
indianapolis
campus
map
bootstrap
core
css
link
href
maxcdn
bootstrapcdn
com
bootstrap
1
css
bootstrap
min
css
rel
stylesheet
custom
styles
for
this
map
link
rel
stylesheet
href
link
rel
stylesheet
href
https://js.arcgis.com/3.15/esri/css/esri.css
link
href
purdue
css
home
css
rel
stylesheet
bootstrap
map
js
link
rel
stylesheet
type
text
css
href
css
bootstrapmap
css
google
tag
manager
gtm
wwgm
6
function
push
gtm
start
new
date
gettime
event
gtm
js
var
getelementsbytagname
0
createelement
dl
datalayer
async
true
src
https://www.googletagmanager.com/gtm.js
id
dl
parentnode
insertbefore
window
document
script
datalayer
gtm
wwgmn
6
style
type
text
css
all
css
here
is
just
amends
to
outsourced
css
files
body
html
width
height
margin
0
padding
0
map
height
width
margin
0
px
index
20
padding
top
71
px
search
display
block
position
absolute
index
2
top
20
px
left
74
px
padding
top
71
px
layer
list
dropdown
layerlist
background
color
color
fff
position
absolute
important
index
99
padding
10
px
layerlist
input
layerlist
li
display
inline
block
layerlist
li
width
px
change
color
of
icons
to
match
bar
chart
and
selection
symbol
esriviewpopup
gallery
margin
0
auto
div
bottom
position
absolute
bottom
0
px
width
height
85
px
index
60
color
eeeeee
background
color
font
size
8
em
div
bottom
color
eeeeee
text
decoration
underline
div
bottom
hover
color
ffffff
div
esricontrolsbr
visibility
hidden
esripopup
light
titlepane
height
inherit
esripopup
light
titlepane
title
margin
right
30
px
esripopup
contentpane
img
width
90
mainsection
esripopup
contentpane
line
height
20
px
purdue
logo
logo
width
px
margin
top
10
px
nav
bar
navbar
inverse
background
color
border
color
height
71
px
navbar
inverse
navbar
nav
active
navbar
inverse
navbar
nav
active
hover
navbar
inverse
navbar
nav
active
focus
visited
link
text
decoration
none
start
of
mobile
media
max
width
px
map
height
width
margin
0
px
index
4
padding
top
51
px
search
padding
top
51
px
arcgissearch
searchgroup
searchinput
width
px
logo
width
px
margin
top
15
px
layerlist
ul
width
98
height
50
px
layerlist
li
width
px
height
div
bottom
height
px
html
5
shim
and
respond
js
ie
8
support
of
html
5
elements
and
media
queries
if
lt
ie
9
script
src
bootstrap
3
docs
assets
js
html
5
shiv
js
script
src
bootstrap
3
docs
assets
js
respond
min
js
endif
google
tag
manager
noscript
iframe
height
0
src
https://www.googletagmanager.com/ns.html
id
gtm
wwgmn
6
style
display
none
visibility
hidden
width
0
end
google
tag
manager
noscript
class
navbar
brand
href
https://www.purdue.edu/
img
src
alt
purdue
university
class
logo
map
features
href
graphics
indycampusmap
pdf
printable
map
href
https://www.purdue.edu/campus-map/
west
lafayette
campus
map
nav
collapse
bootstrap
map
js
purdue
university
purdue
mall
west
lafayette
in
href
https://www.purdue.edu/purdue/disclaimer.php
purdue
university
href
an
equal
access
equal
opportunity
university
href
integrity
statement
href
copyright
complaints
href
maintained
by
facilities
information
services
trouble
with
this
page
disability
related
href
https://www.purdue.edu/disabilityresources/
accessibility
issue
please
contact
us
at
gisbis
purdue
edu
so
we
can
help
map
data
openstreetmap
contributors
cc
by
sa
script
type
text
javascript
var
dojoconfig
parseonload
true
script
src
https://js.arcgis.com/3.15/
var
map
require
esri
dijit
scalebar
esri
map
esri
dijit
popup
esri
dijit
popuptemplate
esri
dijit
popupmobile
esri
dijit
infowindow
esri
tasks
query
esri
tasks
querytask
esri
arcgis
utils
esri
layers
featurelayer
esri
symbols
simplefillsymbol
esri
color
esri
dijit
search
esri
infotemplate
dojo
dom
class
dojo
base
array
dojo
dom
construct
dojo
on
dojo
dom
style
dojo
domready
these
modules
must
be
in
line
with
what
is
called
in
the
function
map
with
map
etc
function
map
scalebar
popup
popuptemplate
popupmobile
infowindow
query
querytask
arcgisutils
featurelayer
simplefillsymbol
color
search
infotemplate
domclass
array
domconstruct
on
domstyle
edit
this
for
map
update
this
is
the
id
from
the
the
purdue
campus
buildings
incomplete
on
arcgis
online
allows
you
to
have
many
layers
on
one
map
can
toggle
found
at
the
end
of
the
url
in
arcgis
var
webmapitemid
aa
infotemplate
for
popups
change
image
url
when
published
this
shows
up
as
the
search
popup
can
be
different
than
the
online
popup
infotemplate
new
infotemplate
building
pu
abbr
img
src
pu
abbr
jpg
br
add
full
br
indianapolis
in
post
code
br
href
https://www.google.com/maps/dir//
building
add
full
target
blank
get
directions
google
maps
br
this
is
the
feature
layer
from
oct
this
is
used
for
the
search
function
also
var
layer
new
featurelayer
infotemplate
template
outfields
building
pu
abbr
add
full
post
comm
post
code
enableinfowindow
true
makes
the
pop
ups
happen
end
edit
for
map
update
popup
var
fill
new
simplefillsymbol
solid
null
new
color
var
popup
new
popup
fillsymbol
fill
titleinbody
false
domconstruct
create
div
add
the
dark
theme
which
is
customized
further
in
the
tag
at
the
top
of
this
page
domclass
add
popup
domnode
light
var
template
new
popuptemplate
title
building
description
description
for
adding
different
things
to
popups
sample
popup
chart
map
setup
var
mapoptions
basemap
topo
many
options
autoresize
true
center
lon
lat
elpi
minzoom
15
maxzoom
18
enableinfowindow
true
infowindow
popup
slider
true
sliderstyle
small
this
allows
the
map
the
map
options
and
the
web
id
to
be
loaded
within
the
same
frame
without
complications
very
important
deferred
arcgisutils
createmap
webmapitemid
map
mapoptions
mapoptions
allows
async
search
widgets
response
is
used
for
autocomplete
in
search
deferred
then
function
response
map
response
map
toggle
maps
layer
var
operationallayers
response
iteminfo
itemdata
operationallayers
array
foreach
operationallayers
function
layer
create
checkbox
and
label
for
each
layer
in
the
map
var
cbox
label
domconstruct
create
li
htmlfor
layer
title
innerhtml
layer
title
layerlist
var
cbox
domconstruct
create
input
type
checkbox
name
layer
title
value
layer
id
checked
layer
visibility
layerlist
when
the
checkbox
is
clicked
change
the
layer
visibility
on
cbox
click
function
evt
find
the
layer
based
on
the
layer
id
var
layerid
evt
target
value
console
log
layerid
var
layer
map
getlayer
layerid
console
log
layer
name
layer
setvisibility
evt
target
checked
end
toggle
search
function
map
response
map
var
search
new
search
map
response
map
sources
zoomscale
still
figuring
this
out
doesn
do
what
thought
it
did
search
sets
the
sources
to
the
source
search
var
sources
search
sources
sources
can
be
multiple
if
needed
please
see
below
sources
push
featurelayer
layer
placeholder
search
campus
enablelabel
false
searchfields
building
pu
abbr
suggestiontemplate
building
pu
abbr
add
full
post
comm
in
post
code
displayfield
building
name
indianapolisbuildingshapes
exactmatch
false
outfields
building
pu
abbr
add
full
post
comm
post
code
maxresults
6
maxsuggestions
6
infotemplate
infotemplate
var
infotemplate
information
goes
here
enablesuggestions
true
mincharacters
0
set
the
sources
above
to
the
search
widget
search
set
sources
sources
starts
the
widget
search
startup
function
error
console
log
error
error
code
message
error
message
deferred
cancel
end
of
deferred
end
of
require
and
modules
bootstrap
core
javascript
placed
at
the
end
of
the
document
so
the
pages
load
faster
script
src
https://code.jquery.com/jquery-1.11.1.min.js
script
src
maxcdn
bootstrapcdn
com
bootstrap
1
js
bootstrap
min
js
switch
is
the
next
thing
to
impliment
on
the
checkboxes
in
the
menu
