doctype
html
var
ewww
webp
supported
1
function
check
webp
feature
var
void
0
function
ewww
webp
supported
ewww
webp
supported
new
image
onload
function
ewww
webp
supported
0
width
0
height
ewww
webp
supported
onerror
function
1
src
data
image
webp
base
64
alpha
uklgrkoaaabxrujqvla
4
waoaaaaqaaaaaaaaaaaaquxqsawaaaarbxar
9
erp
8
daabwudgggaaaabqbaj
0
bkgeaaqaaap
4
aaa
3
aap
7
mtqaaaa
check
webp
feature
alpha
var
arrive
function
use
strict
if
mutationobserver
undefined
typeof
htmlelement
var
0
htmlelement
prototype
matches
htmlelement
prototype
webkitmatchesselector
htmlelement
prototype
mozmatchesselector
htmlelement
prototype
msmatchesselector
matchesselector
function
return
instanceof
htmlelement
call
addmethod
function
var
function
return
length
arguments
length
apply
this
arguments
function
typeof
apply
this
arguments
void
0
callcallbacks
function
options
onceonly
1
firedelems
length
0
for
var
0
callback
callback
call
elem
elem
options
onceonly
1
firedelems
length
me
unbindeventwithselectorandcallback
call
target
selector
callback
checkchildnodesrecursively
function
for
var
0
push
callback
callback
elem
0
childnodes
length
checkchildnodesrecursively
childnodes
mergearrays
function
var
for
in
hasownproperty
for
in
hasownproperty
return
toelementsarray
function
return
void
0
number
typeof
length
prototype
addevent
function
target
selector
options
callback
firedelems
return
this
beforeadding
this
beforeadding
this
eventsbucket
push
prototype
removeevent
function
for
var
this
eventsbucket
length
1
this
eventsbucket
this
beforeremoving
this
beforeremoving
this
eventsbucket
splice
1
length
0
callback
null
prototype
beforeadding
function
this
beforeadding
prototype
beforeremoving
function
this
beforeremoving
function
var
new
this
fireonattributesmodification
1
return
beforeadding
function
var
target
document
document
getelementsbytagname
html
0
var
new
mutationobserver
function
call
this
options
observe
observer
me
beforeremoving
function
observer
disconnect
this
bindevent
function
mergearrays
for
var
toelementsarray
this
0
length
addevent
this
unbindevent
function
var
toelementsarray
this
removeevent
function
for
var
0
length
if
this
target
return
0
return
1
this
unbindeventwithselectororcallback
function
var
toelementsarray
this
function
typeof
function
for
var
0
length
if
this
target
callback
return
0
return
1
function
for
var
0
length
if
this
target
selector
return
0
return
1
removeevent
this
unbindeventwithselectorandcallback
function
var
toelementsarray
this
removeevent
function
for
var
0
length
if
this
target
selector
callback
return
0
return
1
this
new
function
var
fireonattributesmodification
1
onceonly
1
existing
1
function
return
matchesselector
selector
id
id
1
firedelems
indexof
id
firedelems
push
id
0
var
new
function
var
attributes
1
childlist
0
subtree
0
return
fireonattributesmodification
attributes
0
function
foreach
function
var
addednodes
target
null
0
length
checkchildnodesrecursively
attributes
type
push
callback
callback
elem
callcallbacks
bindevent
return
bindevent
function
void
0
mergearrays
var
toelementsarray
this
if
existing
for
var
0
length
for
var
queryselectorall
0
length
push
callback
elem
if
onceonly
length
return
call
0
elem
0
elem
settimeout
callcallbacks
1
call
this
new
function
var
function
return
matchesselector
selector
var
new
function
return
childlist
0
subtree
0
function
foreach
function
var
removednodes
null
0
length
checkchildnodesrecursively
callcallbacks
bindevent
return
bindevent
function
void
0
mergearrays
call
this
htmlelement
prototype
nodelist
prototype
htmlcollection
prototype
htmldocument
prototype
window
prototype
var
return
unbindallarrive
unbindallleave
function
this
eventsbucket
this
beforeadding
null
this
beforeremoving
null
function
addmethod
unbindevent
addmethod
unbindeventwithselectororcallback
addmethod
unbindeventwithselectorandcallback
function
arrive
bindevent
unbindarrive
leave
bindevent
unbindleave
window
void
0
ewww
webp
supported
1
function
check
webp
feature
var
ewww
webp
supported
ewww
webp
supported
new
image
onload
function
ewww
webp
supported
0
width
0
height
ewww
webp
supported
onerror
function
1
src
data
image
webp
base
64
alpha
uklgrkoaaabxrujqvla
4
waoaaaaqaaaaaaaaaaaaquxqsawaaaarbxar
9
erp
8
daabwudgggaaaabqbaj
0
bkgeaaqaaap
4
aaa
3
aap
7
mtqaaaa
animation
uklgrliaaabxrujqvla
4
waoaaaasaaaaaaaaaaaaqu
5
jtqyaaad
aabbtk
1
gjgaaaaaaaaaaaaaaaaaaagqaaabwudhmdqaaac
8
aaaaqbxareyii
gca
function
ewwwloadimages
if
for
var
document
queryselectorall
batch
image
img
image
wrapper
ngg
pro
masonry
item
ngg
galleria
offscreen
seo
wrapper
0
length
ewwwattr
data
src
getattribute
data
webp
ewwwattr
data
thumbnail
getattribute
data
webp
thumbnail
for
var
document
queryselectorall
div
woocommerce
product
gallery
image
0
length
ewwwattr
data
thumb
getattribute
data
webp
thumb
for
var
document
queryselectorall
video
0
length
ewwwattr
poster
getattribute
data
poster
webp
getattribute
data
poster
image
for
var
document
queryselectorall
img
ewww
webp
lazy
load
0
length
ewwwattr
data
lazy
srcset
getattribute
data
lazy
srcset
webp
ewwwattr
data
srcset
getattribute
data
srcset
webp
ewwwattr
data
lazy
src
getattribute
data
lazy
src
webp
ewwwattr
data
src
getattribute
data
src
webp
ewwwattr
data
orig
file
getattribute
data
webp
orig
file
ewwwattr
data
medium
file
getattribute
data
webp
medium
file
ewwwattr
data
large
file
getattribute
data
webp
large
file
null
getattribute
srcset
1
includes
0
lgod
ewwwattr
src
getattribute
data
lazy
src
webp
classname
classname
replace
bewww
webp
lazy
load
for
var
document
queryselectorall
ewww
webp
0
length
ewwwattr
srcset
getattribute
data
srcset
webp
ewwwattr
src
getattribute
data
src
webp
ewwwattr
data
orig
file
getattribute
data
webp
orig
file
ewwwattr
data
medium
file
getattribute
data
webp
medium
file
ewwwattr
data
large
file
getattribute
data
webp
large
file
ewwwattr
data
large
image
getattribute
data
webp
large
image
ewwwattr
data
src
getattribute
data
webp
src
ewwwattr
srcset
getattribute
data
srcset
img
ewwwattr
src
getattribute
data
src
img
classname
classname
replace
bewww
webp
ewww
webp
loaded
window
jquery
jquery
fn
isotope
jquery
fn
imagesloaded
jquery
fusion
posts
container
infinite
imagesloaded
function
jquery
fusion
posts
container
infinite
hasclass
isotope
jquery
fusion
posts
container
infinite
isotope
jquery
fusion
portfolio
not
fusion
recent
works
fusion
portfolio
wrapper
imagesloaded
function
jquery
fusion
portfolio
not
fusion
recent
works
fusion
portfolio
wrapper
isotope
function
ewwwwebpinit
ewwwloadimages
ewwwnggloadgalleries
document
arrive
ewww
webp
function
ewwwloadimages
document
arrive
ewww
webp
lazy
load
function
ewwwloadimages
document
arrive
videos
function
ewwwloadimages
loading
document
readystate
document
addeventlistener
domcontentloaded
ewwwjsonparserinit
undefined
typeof
galleries
ewwwnggparsegalleries
ewwwwooparsevariations
function
ewwwattr
null
1
setattribute
function
ewwwjsonparserinit
undefined
typeof
galleries
check
webp
feature
alpha
ewwwnggparsegalleries
check
webp
feature
alpha
ewwwwooparsevariations
function
ewwwwooparsevariations
if
for
var
document
queryselectorall
form
variations
form
0
length
var
getattribute
data
product
variations
1
try
for
var
in
json
parse
void
0
void
0
image
void
0
image
src
webp
image
src
image
src
webp
0
void
0
image
srcset
webp
image
srcset
image
srcset
webp
0
void
0
image
full
src
webp
image
full
src
image
full
src
webp
0
void
0
image
gallery
thumbnail
src
webp
image
gallery
thumbnail
src
image
gallery
thumbnail
src
webp
0
void
0
image
thumb
src
webp
image
thumb
src
image
thumb
src
webp
0
ewwwattr
data
product
variations
json
stringify
catch
function
ewwwnggparsegalleries
if
for
var
in
galleries
var
galleries
galleries
images
list
ewwwnggparseimagelist
images
list
function
ewwwnggloadgalleries
document
addeventlistener
ngg
galleria
themeadded
function
window
ngg
galleria
create
backup
window
ngg
galleria
create
window
ngg
galleria
create
function
var
data
id
return
galleries
gallery
images
list
ewwwnggparseimagelist
galleries
gallery
images
list
window
ngg
galleria
create
backup
function
ewwwnggparseimagelist
for
var
in
var
if
void
0
image
webp
image
image
webp
delete
image
webp
void
0
thumb
webp
thumb
thumb
webp
delete
thumb
webp
void
0
full
image
webp
full
image
full
image
webp
delete
full
image
webp
void
0
srcsets
for
var
in
srcsets
nggsrcset
srcsets
void
0
srcsets
webp
srcsets
srcsets
webp
delete
srcsets
webp
if
void
0
full
srcsets
for
var
in
full
srcsets
nggfsrcset
full
srcsets
void
0
full
srcsets
webp
full
srcsets
full
srcsets
webp
delete
full
srcsets
webp
return
check
webp
feature
alpha
ewwwwebpinit
meta
name
robots
content
index
follow
max
image
preview
large
max
snippet
1
max
video
preview
1
this
site
is
optimized
with
the
yoast
seo
plugin
https://yoast.com/wordpress/plugins/seo/
health
promotion
office
university
health
service
link
rel
canonical
href
meta
property
og
locale
content
en
us
meta
property
og
type
content
article
meta
property
og
title
content
health
promotion
office
university
health
service
meta
property
og
url
content
meta
property
og
site
name
content
university
health
service
meta
property
article
modified
time
content
meta
property
og
image
content
meta
property
og
image
width
content
meta
property
og
image
height
content
meta
property
og
image
type
content
image
jpeg
meta
name
twitter
card
content
summary
large
image
script
type
application
ld
json
class
yoast
schema
graph
context
https://schema.org
graph
type
webpage
id
url
name
health
promotion
office
university
health
service
ispartof
id
http://www.rochester.edu/uhs/
website
datepublished
datemodified
breadcrumb
id
breadcrumb
inlanguage
en
us
potentialaction
type
readaction
target
type
breadcrumblist
id
breadcrumb
itemlistelement
type
listitem
position
1
name
home
item
https://www.rochester.edu/uhs/
type
listitem
position
2
name
health
promotion
office
type
website
id
http://www.rochester.edu/uhs/
website
url
http://www.rochester.edu/uhs/
name
university
health
service
description
university
of
rochester
potentialaction
type
searchaction
target
type
entrypoint
urltemplate
http://www.rochester.edu/uhs/
search
term
string
query
input
required
name
search
term
string
inlanguage
en
us
yoast
seo
plugin
link
rel
dns
prefetch
href
unpkg
com
link
rel
dns
prefetch
href
use
typekit
net
link
rel
dns
prefetch
href
pro
fontawesome
com
style
id
classic
theme
styles
inline
css
type
text
css
this
file
is
auto
generated
wp
block
button
link
color
fff
background
color
border
radius
px
box
shadow
none
text
decoration
none
padding
calc
em
2
px
calc
em
2
px
font
size
em
wp
block
file
button
background
color
fff
text
decoration
none
style
id
global
styles
inline
css
type
text
css
root
wp
preset
aspect
ratio
square
1
wp
preset
aspect
ratio
wp
preset
aspect
ratio
wp
preset
aspect
ratio
wp
preset
aspect
ratio
wp
preset
aspect
ratio
wp
preset
aspect
ratio
wp
preset
color
black
wp
preset
color
cyan
bluish
gray
abb
wp
preset
color
white
ffffff
wp
preset
color
pale
pink
78
da
7
wp
preset
color
vivid
red
cf
wp
preset
color
luminous
vivid
orange
ff
wp
preset
color
luminous
vivid
amber
fcb
wp
preset
color
light
green
cyan
7
bdcb
5
wp
preset
color
vivid
green
cyan
wp
preset
color
pale
cyan
blue
8
ed
1
fc
wp
preset
color
vivid
cyan
blue
wp
preset
color
vivid
purple
0
wp
preset
gradient
vivid
cyan
blue
to
vivid
purple
linear
gradient
deg
rgba
0
rgb
wp
preset
gradient
light
green
cyan
to
vivid
green
cyan
linear
gradient
deg
rgb
0
rgb
wp
preset
gradient
luminous
vivid
amber
to
luminous
vivid
orange
linear
gradient
deg
rgba
0
rgba
wp
preset
gradient
luminous
vivid
orange
to
vivid
red
linear
gradient
deg
rgba
0
rgb
46
wp
preset
gradient
very
light
gray
to
cyan
bluish
gray
linear
gradient
deg
rgb
0
rgb
wp
preset
gradient
cool
to
warm
spectrum
linear
gradient
deg
rgb
0
rgb
20
rgb
40
rgb
60
rgb
98
80
rgb
76
wp
preset
gradient
blush
light
purple
linear
gradient
deg
rgb
0
rgb
wp
preset
gradient
blush
bordeaux
linear
gradient
deg
rgb
0
rgb
45
50
rgb
62
wp
preset
gradient
luminous
dusk
linear
gradient
deg
rgb
0
rgb
50
rgb
wp
preset
gradient
pale
ocean
linear
gradient
deg
rgb
0
rgb
50
rgb
wp
preset
gradient
electric
grass
linear
gradient
deg
rgb
0
rgb
wp
preset
gradient
midnight
linear
gradient
deg
rgb
0
rgb
wp
preset
font
size
small
13
px
wp
preset
font
size
medium
20
px
wp
preset
font
size
large
36
px
wp
preset
font
size
large
42
px
wp
preset
spacing
20
rem
wp
preset
spacing
30
rem
wp
preset
spacing
40
1
rem
wp
preset
spacing
50
rem
wp
preset
spacing
60
rem
wp
preset
spacing
70
rem
wp
preset
spacing
80
rem
wp
preset
shadow
natural
6
px
6
px
9
px
rgba
0
0
0
wp
preset
shadow
deep
12
px
12
px
50
px
rgba
0
0
0
wp
preset
shadow
sharp
6
px
6
px
0
px
rgba
0
0
0
wp
preset
shadow
outlined
6
px
6
px
0
px
3
px
rgba
1
6
px
6
px
rgba
0
0
0
1
wp
preset
shadow
crisp
6
px
6
px
0
px
rgba
0
0
0
1
where
is
layout
flex
gap
em
where
is
layout
grid
gap
em
body
is
layout
flex
display
flex
is
layout
flex
flex
wrap
wrap
align
items
center
is
layout
flex
is
div
margin
0
body
is
layout
grid
display
grid
is
layout
grid
is
div
margin
0
where
wp
block
columns
is
layout
flex
gap
2
em
where
wp
block
columns
is
layout
grid
gap
2
em
where
wp
block
post
template
is
layout
flex
gap
em
where
wp
block
post
template
is
layout
grid
gap
em
has
black
color
color
var
wp
preset
color
black
important
has
cyan
bluish
gray
color
color
var
wp
preset
color
cyan
bluish
gray
important
has
white
color
color
var
wp
preset
color
white
important
has
pale
pink
color
color
var
wp
preset
color
pale
pink
important
has
vivid
red
color
color
var
wp
preset
color
vivid
red
important
has
luminous
vivid
orange
color
color
var
wp
preset
color
luminous
vivid
orange
important
has
luminous
vivid
amber
color
color
var
wp
preset
color
luminous
vivid
amber
important
has
light
green
cyan
color
color
var
wp
preset
color
light
green
cyan
important
has
vivid
green
cyan
color
color
var
wp
preset
color
vivid
green
cyan
important
has
pale
cyan
blue
color
color
var
wp
preset
color
pale
cyan
blue
important
has
vivid
cyan
blue
color
color
var
wp
preset
color
vivid
cyan
blue
important
has
vivid
purple
color
color
var
wp
preset
color
vivid
purple
important
has
black
background
color
background
color
var
wp
preset
color
black
important
has
cyan
bluish
gray
background
color
background
color
var
wp
preset
color
cyan
bluish
gray
important
has
white
background
color
background
color
var
wp
preset
color
white
important
has
pale
pink
background
color
background
color
var
wp
preset
color
pale
pink
important
has
vivid
red
background
color
background
color
var
wp
preset
color
vivid
red
important
has
luminous
vivid
orange
background
color
background
color
var
wp
preset
color
luminous
vivid
orange
important
has
luminous
vivid
amber
background
color
background
color
var
wp
preset
color
luminous
vivid
amber
important
has
light
green
cyan
background
color
background
color
var
wp
preset
color
light
green
cyan
important
has
vivid
green
cyan
background
color
background
color
var
wp
preset
color
vivid
green
cyan
important
has
pale
cyan
blue
background
color
background
color
var
wp
preset
color
pale
cyan
blue
important
has
vivid
cyan
blue
background
color
background
color
var
wp
preset
color
vivid
cyan
blue
important
has
vivid
purple
background
color
background
color
var
wp
preset
color
vivid
purple
important
has
black
border
color
border
color
var
wp
preset
color
black
important
has
cyan
bluish
gray
border
color
border
color
var
wp
preset
color
cyan
bluish
gray
important
has
white
border
color
border
color
var
wp
preset
color
white
important
has
pale
pink
border
color
border
color
var
wp
preset
color
pale
pink
important
has
vivid
red
border
color
border
color
var
wp
preset
color
vivid
red
important
has
luminous
vivid
orange
border
color
border
color
var
wp
preset
color
luminous
vivid
orange
important
has
luminous
vivid
amber
border
color
border
color
var
wp
preset
color
luminous
vivid
amber
important
has
light
green
cyan
border
color
border
color
var
wp
preset
color
light
green
cyan
important
has
vivid
green
cyan
border
color
border
color
var
wp
preset
color
vivid
green
cyan
important
has
pale
cyan
blue
border
color
border
color
var
wp
preset
color
pale
cyan
blue
important
has
vivid
cyan
blue
border
color
border
color
var
wp
preset
color
vivid
cyan
blue
important
has
vivid
purple
border
color
border
color
var
wp
preset
color
vivid
purple
important
has
vivid
cyan
blue
to
vivid
purple
gradient
background
background
var
wp
preset
gradient
vivid
cyan
blue
to
vivid
purple
important
has
light
green
cyan
to
vivid
green
cyan
gradient
background
background
var
wp
preset
gradient
light
green
cyan
to
vivid
green
cyan
important
has
luminous
vivid
amber
to
luminous
vivid
orange
gradient
background
background
var
wp
preset
gradient
luminous
vivid
amber
to
luminous
vivid
orange
important
has
luminous
vivid
orange
to
vivid
red
gradient
background
background
var
wp
preset
gradient
luminous
vivid
orange
to
vivid
red
important
has
very
light
gray
to
cyan
bluish
gray
gradient
background
background
var
wp
preset
gradient
very
light
gray
to
cyan
bluish
gray
important
has
cool
to
warm
spectrum
gradient
background
background
var
wp
preset
gradient
cool
to
warm
spectrum
important
has
blush
light
purple
gradient
background
background
var
wp
preset
gradient
blush
light
purple
important
has
blush
bordeaux
gradient
background
background
var
wp
preset
gradient
blush
bordeaux
important
has
luminous
dusk
gradient
background
background
var
wp
preset
gradient
luminous
dusk
important
has
pale
ocean
gradient
background
background
var
wp
preset
gradient
pale
ocean
important
has
electric
grass
gradient
background
background
var
wp
preset
gradient
electric
grass
important
has
midnight
gradient
background
background
var
wp
preset
gradient
midnight
important
has
small
font
size
font
size
var
wp
preset
font
size
small
important
has
medium
font
size
font
size
var
wp
preset
font
size
medium
important
has
large
font
size
font
size
var
wp
preset
font
size
large
important
has
large
font
size
font
size
var
wp
preset
font
size
large
important
where
wp
block
post
template
is
layout
flex
gap
em
where
wp
block
post
template
is
layout
grid
gap
em
where
wp
block
columns
is
layout
flex
gap
2
em
where
wp
block
columns
is
layout
grid
gap
2
em
root
where
wp
block
pullquote
font
size
em
line
height
link
rel
stylesheet
id
core
theme
fonts
css
href
https://use.typekit.net/ziq2akc.css
ver
1
type
text
css
media
all
link
rel
stylesheet
id
swiper
style
css
href
type
text
css
media
all
link
rel
stylesheet
id
core
theme
base
css
href
ver
type
text
css
media
all
link
rel
stylesheet
id
core
theme
print
css
href
ver
type
text
css
media
print
link
rel
stylesheet
id
font
awesome
official
css
href
type
text
css
media
all
integrity
sha
rqn
26
ag
5
pj
86
af
4
so
72
rk
5
fyefcq
32
dnqfchxwvbxiyxfeplektwd
18
fez
kqu
crossorigin
anonymous
link
rel
stylesheet
id
font
awesome
official
4
shim
css
href
type
text
css
media
all
integrity
sha
skqho
niio
wnutvfpiitv
8
qjg
6
he
15
hthujv
3
ssixugt
4
vaoagymou
5
crossorigin
anonymous
style
id
font
awesome
official
4
shim
inline
css
type
text
css
font
face
font
family
fontawesome
font
display
block
src
url
url
iefix
format
embedded
opentype
url
format
woff
2
url
format
woff
url
format
truetype
url
fontawesome
format
svg
font
face
font
family
fontawesome
font
display
block
src
url
url
iefix
format
embedded
opentype
url
format
woff
2
url
format
woff
url
format
truetype
url
fontawesome
format
svg
font
face
font
family
fontawesome
font
display
block
src
url
url
iefix
format
embedded
opentype
url
format
woff
2
url
format
woff
url
format
truetype
url
fontawesome
format
svg
unicode
range
02
03
06
07
07
09
0
eb
0
fe
11
11
14
14
14
15
15
1
ad
1
cd
1
ea
20
24
25
25
28
28
2
bb
2
bd
2
dc
2
ed
35
4
ad
script
type
text
javascript
src
ver
1
id
jquery
core
js
script
type
text
javascript
src
ver
1
id
swiper
js
link
rel
https://api.w.org/
href
https://www.rochester.edu/uhs/wp-json/
link
rel
alternate
title
json
type
application
json
href
link
rel
edituri
type
application
rsd
xml
title
rsd
href
https://www.rochester.edu/uhs/xmlrpc.php
rsd
meta
name
generator
content
wordpress
1
link
rel
shortlink
href
https://www.rochester.edu/uhs/
link
rel
alternate
title
oembed
json
type
application
json
oembed
href
url
https
3
2
2
fwww
rochester
edu
2
fuhs
2
fhealthpromotion
2
link
rel
alternate
title
oembed
xml
type
text
xml
oembed
href
url
https
3
2
2
fwww
rochester
edu
2
fuhs
2
fhealthpromotion
2
format
xml
google
tag
manager
function
push
gtm
start
new
date
gettime
event
gtm
js
var
getelementsbytagname
0
createelement
dl
datalayer
async
true
src
https://www.googletagmanager.com/gtm.js
id
dl
parentnode
insertbefore
window
document
script
datalayer
gtm
tt
7
pp
8
end
google
tag
manager
lazyload
data
src
display
none
important
lazyload
background
image
none
important
lazyload
before
background
image
none
important
style
type
text
css
id
wp
custom
css
page
id
46
content
header
display
none
important
page
id
breadcrumb
display
none
important
single
post
meta
date
padding
left
0
important
text
transform
uppercase
important
letter
spacing
1
px
mission
media
text
module
text
inner
padding
top
1
rem
important
mission
media
text
module
media
padding
top
1
rem
important
page
id
46
content
header
has
hero
margin
bottom
0
rem
contact
before
content
important
page
id
46
module
type
interstitial
module
layout
inline
padding
top
rem
important
padding
bottom
rem
important
page
id
46
module
type
interstitial
module
layout
inline
interstitial
module
content
padding
top
6
px
sidebar
title
display
none
post
meta
post
author
display
none
important
posts
display
none
page
id
uhs
icon
margin
top
2
rem
important
latest
news
and
updates
page
page
id
breadcrumb
display
none
important
page
id
module
type
query
text
white
cards
background
ffffff
important
page
id
module
type
query
text
white
cards
column
3
loop
item
background
4
important
page
id
module
type
query
text
white
cards
column
3
loop
item
loop
item
inner
background
4
important
page
id
landing
social
padding
bottom
rem
important
page
id
content
class
button
content
button
class
button
margin
top
20
px
important
hide
content
display
none
if
typeof
ewww
webp
supported
undefined
var
ewww
webp
supported
1
if
ewww
webp
supported
document
body
classlist
add
webp
support
skip
to
content
class
logo
wrap
href
https://www.rochester.edu
rel
home
title
university
of
rochester
homepage
img
class
logo
lazyload
src
data
image
gif
base
64
0
lgodlhaqabaaaaach
5
baekaaealaaaaaabaaeaaaictaeaow
alt
university
of
rochester
data
src
decoding
async
img
class
logo
src
alt
university
of
rochester
data
eio
search
href
https://www.rochester.edu/uhs
university
health
service
href
https://www.rochester.edu/provost/
office
of
the
provost
menu
href
https://www.rochester.edu/uhs/primary-care/
id
menu
item
class
nav
primary
action
nav
primary
action
depth
0
nav
primary
action
has
children
nav
primary
action
has
button
primary
care
primary
care
health
service
provides
confidential
high
quality
health
care
services
for
students
and
other
members
of
the
university
community
href
uhs
primary
care
class
ghost
button
blue
see
services
patients
href
id
menu
item
class
nav
primary
action
nav
primary
action
depth
2
health
requirements
for
students
href
id
menu
item
class
nav
primary
action
nav
primary
action
depth
2
locations
and
hours
href
id
menu
item
class
nav
primary
action
nav
primary
action
depth
2
appointments
href
id
menu
item
class
nav
primary
action
nav
primary
action
depth
2
policies
and
forms
href
uhs
primary
care
id
menu
item
class
nav
primary
action
nav
primary
action
depth
2
services
href
id
menu
item
class
nav
primary
action
nav
primary
action
depth
2
sexual
gender
health
connect
with
uhs
href
id
menu
item
class
nav
primary
action
nav
primary
action
depth
2
about
us
href
id
menu
item
class
nav
primary
action
nav
primary
action
depth
2
contact
university
health
service
href
https://www.rochester.edu/uhs/uhs-feedback/
id
menu
item
class
nav
primary
action
nav
primary
action
depth
2
concerns
and
praise
resources
href
https://www.rochester.edu/uhs/uhsconnect/
id
menu
item
class
nav
primary
action
nav
primary
action
depth
2
uhsconnect
href
https://pay.instamed.com/UHS
id
menu
item
class
nav
primary
action
nav
primary
action
depth
2
pay
your
uhs
bill
href
id
menu
item
class
nav
primary
action
nav
primary
action
depth
0
nav
primary
action
has
children
nav
primary
action
has
button
occupational
health
occupational
health
the
university
health
service
works
to
improve
the
health
and
safety
of
the
university
community
through
variety
of
occupational
health
services
provided
to
employees
and
departments
that
are
non
hospital
based
href
uhs
primary
care
employee
services
class
ghost
button
blue
learn
more
resources
href
id
menu
item
class
nav
primary
action
nav
primary
action
depth
2
blood
body
fluid
exposures
href
id
menu
item
class
nav
primary
action
nav
primary
action
depth
2
health
requirements
for
entering
students
href
id
menu
item
class
nav
primary
action
nav
primary
action
depth
2
policies
and
forms
href
https://www.rochester.edu/uhs/ucc/
id
menu
item
class
nav
primary
action
nav
primary
action
depth
0
nav
primary
action
has
children
nav
primary
action
has
button
counseling
center
counseling
center
the
counseling
center
provides
assessments
and
treatment
plans
to
members
of
the
university
of
rochester
community
href
uhs
ucc
class
ghost
button
blue
get
started
href
id
menu
item
class
nav
primary
action
nav
primary
action
depth
1
nav
primary
action
has
children
about
us
href
uhs
ucc
our
staff
id
menu
item
class
nav
primary
action
nav
primary
action
depth
2
our
staff
href
uhs
ucc
ucc
feedback
id
menu
item
class
nav
primary
action
nav
primary
action
depth
2
concerns
and
praise
href
uhs
ucc
services
id
menu
item
class
nav
primary
action
nav
primary
action
depth
1
nav
primary
action
has
children
services
href
id
menu
item
class
nav
primary
action
nav
primary
action
depth
2
crisis
services
href
id
menu
item
class
nav
primary
action
nav
primary
action
depth
2
appointments
href
uhs
ucc
referring
student
to
ucc
id
menu
item
class
nav
primary
action
nav
primary
action
depth
2
referring
student
href
uhs
ucc
resources
for
self
help
friends
or
family
id
menu
item
class
nav
primary
action
nav
primary
action
depth
1
nav
primary
action
has
children
resources
href
uhs
ucc
outreach
special
programs
and
consultation
id
menu
item
class
nav
primary
action
nav
primary
action
depth
2
outreach
special
programs
and
consultation
href
uhs
ucc
online
screening
resources
id
menu
item
class
nav
primary
action
nav
primary
action
depth
2
online
screening
resources
href
uhs
ucc
professional
training
programs
id
menu
item
class
nav
primary
action
nav
primary
action
depth
2
professional
training
programs
href
id
menu
item
class
nav
primary
action
nav
primary
action
depth
0
nav
primary
action
has
children
nav
primary
action
has
button
health
promotion
office
health
promotion
the
uhs
health
promotion
office
leads
campus
wide
health
promotion
action
to
advance
culture
of
well
being
cultivate
student
flourishing
and
positively
influence
student
health
href
uhs
healthpromotion
class
ghost
button
blue
learn
more
about
us
href
id
menu
item
class
nav
primary
action
nav
primary
action
depth
2
mission
overview
href
id
menu
item
class
nav
primary
action
nav
primary
action
depth
2
our
people
href
id
menu
item
class
nav
primary
action
nav
primary
action
depth
2
our
work
href
id
menu
item
class
nav
primary
action
nav
primary
action
depth
2
contact
student
well
being
href
id
menu
item
class
nav
primary
action
nav
primary
action
depth
2
focus
areas
href
id
menu
item
class
nav
primary
action
nav
primary
action
depth
2
eastman
student
well
being
href
id
menu
item
class
nav
primary
action
nav
primary
action
depth
2
graduate
student
well
being
href
uhs
healthpromotion
request
presentation
id
menu
item
class
nav
primary
action
nav
primary
action
depth
2
request
presentation
campus
well
being
href
id
menu
item
class
nav
primary
action
nav
primary
action
depth
2
health
equity
href
id
menu
item
class
nav
primary
action
nav
primary
action
depth
2
supportive
environments
href
id
menu
item
class
nav
primary
action
nav
primary
action
depth
2
well
being
for
life
and
learning
href
id
menu
item
class
nav
primary
action
nav
primary
action
depth
2
surveys
and
data
href
class
nav
secondary
action
nav
secondary
action
depth
0
student
resources
href
class
nav
secondary
action
nav
secondary
action
depth
0
contact
close
form
role
search
aria
label
search
site
method
get
class
search
form
data
js
search
form
action
https://www.rochester.edu/uhs
search
university
health
service
input
type
search
id
66
ccd
6
ed
data
js
search
query
class
form
control
search
form
query
name
value
placeholder
search
university
health
service
autofocus
search
explore
areas
of
university
health
service
href
uhs
primary
care
class
action
action
depth
0
primary
care
services
href
uhs
ucc
class
action
action
depth
0
counseling
center
href
uhs
healthpromotion
aria
current
page
class
action
action
depth
0
health
promotion
office
img
src
data
image
png
base
64
ivborw
0
kggoaaaansuheugaab
4
aaaauaaqaaaaco
9
nkaaaaaanrstlmaahatztgaaafcsurbvhja
7
cebdqaaamkg
aagrq
3
nkaaaaaelftksuqmcc
alt
students
enjoy
stir
fry
data
src
decoding
async
class
lazyload
ewww
webp
lazy
load
width
height
data
eio
rwidth
data
eio
rheight
data
src
webp
img
src
alt
students
enjoy
stir
fry
data
eio
advancing
ever
better
well
being
health
promotion
office
the
uhs
health
promotion
office
leads
campus
wide
health
promotion
action
to
advance
culture
of
well
being
cultivate
student
flourishing
and
positively
influence
student
health
href
https://www.rochester.edu/uhs/
home
health
promotion
office
resources
to
support
student
well
being
href
http://www.rochester.edu/mindful
class
card
grid
module
wrapping
link
target
mindful
university
project
href
class
card
grid
module
wrapping
link
target
well
being
for
life
and
learning
href
class
card
grid
module
wrapping
link
target
safe
sex
express
href
class
card
grid
module
wrapping
link
target
sti
hiv
testing
href
class
card
grid
module
wrapping
link
target
graduate
student
well
being
href
class
card
grid
module
wrapping
link
target
eastman
student
well
being
img
alt
students
walk
past
rush
rhees
library
towards
susan
anthony
hall
src
data
image
png
base
64
ivborw
0
kggoaaaansuheugaabaaaaakraqaaaabhbci
5
aaaaanrstlmaahatztgaaabssurbvhja
7
cexaqaaamkg
tdb
aaaaasuvork
5
cyii
data
src
decoding
async
data
srcset
data
sizes
auto
class
lazyload
ewww
webp
lazy
load
width
height
data
eio
rwidth
data
eio
rheight
data
src
webp
data
srcset
webp
img
class
alt
students
walk
past
rush
rhees
library
towards
susan
anthony
hall
src
sizes
min
width
px
px
vw
srcset
data
eio
ever
better
well
being
campus
wide
approach
to
health
promotion
at
the
uhs
health
promotion
office
we
know
that
promoting
positive
well
being
is
fundamental
to
students
academic
success
we
aim
to
support
the
needs
of
our
diverse
student
population
and
advance
comprehensive
inclusive
and
progressive
student
wellness
model
which
creates
the
conditions
for
all
students
to
flourish
href
class
button
ghost
button
white
learn
about
our
approach
like
and
follow
the
health
promotion
office
follow
on
rel
noopener
target
blank
class
sticky
header
list
link
href
facebook
follow
on
facebook
rel
noopener
target
blank
class
sticky
header
list
link
href
https://www.instagram.com/urhpo/
svg
xmlns
http://www.w3.org/2000/svg
width
24
height
24
fill
none
preserveaspectratio
none
path
transform
scale
5
zm
98
zm
5
zm
instagram
follow
on
instagram
class
button
ghost
button
blue
href
https://www.rochester.edu/uhs/subscribe/
subscribe
to
our
newsletter
our
focus
areas
href
class
card
grid
module
wrapping
link
target
div
role
img
aria
label
hpo
drugs
style
class
card
item
image
lazyload
data
back
data
back
webp
alcohol
and
other
drugs
explore
ways
that
we
work
with
the
assistant
director
of
alcohol
and
other
drug
education
to
encourage
safer
substance
use
href
class
card
grid
module
wrapping
link
target
div
role
img
aria
label
icon
with
line
drawing
of
face
with
heart
where
the
brain
would
be
style
class
card
item
image
lazyload
data
back
data
back
webp
mental
well
being
are
you
feeling
stressed
or
overwhelmed
check
out
paws
flourish
festival
destress
fest
and
more
href
class
card
grid
module
wrapping
link
target
div
role
img
aria
label
icon
with
line
drawing
of
an
apple
style
class
card
item
image
lazyload
data
back
data
back
webp
nourishment
and
body
image
learn
how
to
fuel
your
body
and
mind
even
as
busy
college
student
href
class
card
grid
module
wrapping
link
target
div
role
img
aria
label
hpo
style
class
card
item
image
lazyload
data
back
data
back
webp
physical
activity
through
partnerships
with
the
goergen
athletic
center
we
give
you
more
opportunities
to
move
your
body
href
class
card
grid
module
wrapping
link
target
div
role
img
aria
label
icon
with
line
drawing
of
heart
style
class
card
item
image
lazyload
data
back
data
back
webp
sexual
health
from
sti
prevention
and
birth
control
to
answers
to
all
your
sexual
health
questions
weve
got
you
covered
href
class
card
grid
module
wrapping
link
target
div
role
img
aria
label
icon
with
line
drawing
of
moon
and
stars
style
class
card
item
image
lazyload
data
back
data
back
webp
sleep
do
you
have
trouble
getting
quality
sleep
want
to
find
places
to
take
naps
on
campus
check
out
our
resources
health
promotion
blog
img
width
height
src
data
image
png
base
64
ivborw
0
kggoaaaansuheugaaaeaaaahoaqaaaac
5
afvaaaaanrstlmaahatztgaaaa
0
surbvhja
7
cexaqaaamkg
tcj
gaaaaaaaaaaaaaaaaaaaaaaaaaaaaaaaaaaaaaic
3
axriaahtkvt
9
aaaaaelftksuqmcc
class
attachment
post
thumbnail
size
post
thumbnail
wp
post
image
lazyload
ewww
webp
lazy
load
alt
wellness
on
demand
vending
machine
decoding
async
fetchpriority
high
data
src
data
srcset
data
sizes
auto
data
eio
rwidth
data
eio
rheight
data
src
webp
data
srcset
webp
img
width
height
src
class
attachment
post
thumbnail
size
post
thumbnail
wp
post
image
alt
wellness
on
demand
vending
machine
decoding
async
fetchpriority
high
srcset
sizes
max
width
px
vw
px
data
eio
href
health
promotion
april
9
featured
article
su
needs
to
implement
emergency
contraceptive
vending
machines
at
barnes
img
width
height
src
data
image
png
base
64
ivborw
0
kggoaaaansuheugaab
4
aaaaq
4
aqaaaadaqpzuaaaaanrstlmaahatztgaaaetsurbvhja
7
cebdqaaamkg
45
qab
ogp
gaaaabjru
5
erkjggg
class
attachment
post
thumbnail
size
post
thumbnail
wp
post
image
lazyload
ewww
webp
lazy
load
alt
banner
displaying
the
words
quot
spring
flourish
festival
health
promotion
office
friday
march
22
nd
quot
with
dandelions
in
the
background
and
photos
of
students
meditating
on
campus
decoding
async
data
src
data
srcset
data
sizes
auto
data
eio
rwidth
data
eio
rheight
data
src
webp
data
srcset
webp
img
width
height
src
class
attachment
post
thumbnail
size
post
thumbnail
wp
post
image
alt
banner
displaying
the
words
quot
spring
flourish
festival
health
promotion
office
friday
march
22
nd
quot
with
dandelions
in
the
background
and
photos
of
students
meditating
on
campus
decoding
async
srcset
sizes
max
width
px
vw
px
data
eio
href
health
promotion
march
27
rochester
students
take
day
to
learn
about
wellness
and
flourishing
on
friday
march
22
the
uhs
health
promotion
office
hosted
their
second
annual
flourish
festival
this
all
day
event
offers
students
diverse
range
of
wellness
and
mindfulness
activities
including
hellip
img
width
height
src
data
image
png
base
64
ivborw
0
kggoaaaansuheugaaapoaaaf
3
aqaaaackzmsiaaaaanrstlmaahatztgaaaaisurbvgje
7
cebaqaaaiig
69
useabaaaaaaaaaaaaaacnbjbxaahtu
aaaaaelftksuqmcc
class
attachment
post
thumbnail
size
post
thumbnail
wp
post
image
lazyload
ewww
webp
lazy
load
alt
graduation
cap
decoding
async
data
src
data
srcset
data
sizes
auto
data
eio
rwidth
data
eio
rheight
data
src
webp
data
srcset
webp
img
width
height
src
class
attachment
post
thumbnail
size
post
thumbnail
wp
post
image
alt
graduation
cap
decoding
async
srcset
sizes
max
width
px
vw
px
data
eio
href
health
promotion
march
27
seniors
join
our
upcoming
health
insurance
literacy
panel
discussion
are
you
graduating
this
spring
do
you
feel
ready
to
navigate
the
us
health
insurance
system
do
you
feel
little
or
very
overwhelmed
when
it
comes
to
health
insurance
hellip
campus
well
being
resource
map
the
university
of
rochester
offers
wide
range
of
resources
to
support
your
well
being
and
help
you
thrive
explore
our
student
support
resource
map
below
to
discover
all
the
available
services
iframe
loading
lazy
width
height
data
src
https://www.google.com/maps/d/u/1/embed
mid
14
jdcs
nz
5
srvq
9
xkp
7
ikhue
47
krnejw
amp
ehbc
class
lazyload
health
promotion
event
calendar
script
defer
type
text
javascript
src
https://events.rochester.edu/widget/view
schools
rochester
groups
university
health
service
days
90
num
50
target
blank
1
container
localist
widget
template
card
style
margin
left
auto
margin
right
auto
display
block
width
81
px
margin
top
10
px
title
widget
powered
by
localist
event
calendar
software
href
https://www.localist.com
utm
source
widget
utm
campaign
widget
footer
utm
medium
branded
20
link
img
src
data
image
png
base
64
ivborw
0
kggoaaaansuheugaaafeaaaaxaqaaaabb
qaaaaanrstlmaahatztgaaaansurbvbjty
2
aybegaaaeuaaeki
aaaaaelftksuqmcc
alt
localist
online
calendar
software
style
vertical
align
middle
width
81
height
23
data
src
4
bcbhmj
8
cloudfront
net
assets
platforms
default
about
widget
footer
png
decoding
async
class
lazyload
data
eio
rwidth
81
data
eio
rheight
23
img
src
4
bcbhmj
8
cloudfront
net
assets
platforms
default
about
widget
footer
png
alt
localist
online
calendar
software
style
vertical
align
middle
width
81
height
23
data
eio
return
to
the
top
of
the
page
boundless
possibility
svg
class
dashedcurvewide
xmlns
http://www.w3.org/2000/svg
width
height
viewbox
fill
none
path
stroke
ffc
70
stroke
width
3
stroke
dasharray
svg
class
dashedcurvenormal
xmlns
http://www.w3.org/2000/svg
width
height
viewbox
fill
none
path
stroke
ffc
70
stroke
width
3
stroke
dasharray
svg
class
dashedcurvemobile
xmlns
http://www.w3.org/2000/svg
width
height
62
viewbox
fill
none
path
2
stroke
ffc
70
stroke
width
3
stroke
dasharray
href
https://boundless.rochester.edu/
class
strategicplanlink
explore
our
strategic
plan
class
logo
wrap
logo
wrap
footer
href
https://www.rochester.edu
rel
home
title
university
of
rochester
homepage
img
class
logo
lazyload
src
data
image
gif
base
64
0
lgodlhaqabaaaaach
5
baekaaealaaaaaabaaeaaaictaeaow
alt
university
of
rochester
data
src
decoding
async
img
class
logo
src
alt
university
of
rochester
data
eio
href
https://www.rochester.edu/maps/
class
contact
info
link
contact
info
link
map
see
maps
and
directions
rochester
ny
form
method
get
class
search
form
data
js
search
form
action
https://www.rochester.edu/search/index.php
search
rochester
edu
input
type
text
id
66
ccd
def
4
class
search
input
name
data
js
search
query
placeholder
search
rochester
edu
href
https://www.rochester.edu/accessibility.html
accessibility
href
nondiscrimination
href
https://www.rochester.edu/copyright.html
copyright
href
https://www.rochester.edu/emergency/
emergency
information
href
vision
amp
values
copy
university
of
rochester
wrapper
google
tag
manager
noscript
iframe
src
https://www.googletagmanager.com/ns.html
id
gtm
tt
7
pp
8
height
0
width
0
style
display
none
visibility
hidden
end
google
tag
manager
noscript
script
type
text
javascript
id
eio
lazy
load
js
before
cdata
var
eio
lazy
vars
exactdn
domain
skip
autoscale
0
threshold
0
script
type
text
javascript
src
ver
id
eio
lazy
load
js
async
async
data
wp
strategy
async
script
type
text
javascript
src
ver
id
core
theme
scripts
js
