doctype
html
visit
university
of
rochester
meta
name
description
content
schedule
campus
tour
interview
or
visit
at
the
university
of
rochester
link
rel
stylesheet
type
text
css
href
https://fonts.googleapis.com/css
family
open
sans
link
rel
stylesheet
href
templatefiles
css
style
min
css
link
rel
stylesheet
href
templatefiles
css
global
custom
css
link
rel
stylesheet
media
print
href
templatefiles
rwd
css
print
css
script
type
text
javascript
src
https://code.jquery.com/jquery-3.7.0.min.js
script
type
text
javascript
src
templatefiles
rwd
js
vendor
custom
modernizr
js
script
type
text
javascript
src
templatefiles
rwd
js
vendor
respond
min
js
link
rel
stylesheet
href
https://use.typekit.net/zcp7miu.css
link
rel
stylesheet
href
templatefiles
css
search
css
if
lte
ie
7
link
rel
stylesheet
href
templatefiles
rwd
css
ie
7
below
css
endif
copy
tools
nav
document
ready
function
tools
clone
removeclass
tools
addclass
tools
top
appendto
top
toolbar
search
clone
removeclass
search
addclass
search
top
appendto
top
toolbar
google
tag
manager
function
push
gtm
start
new
date
gettime
event
gtm
js
var
getelementsbytagname
0
createelement
dl
datalayer
async
true
src
https://www.googletagmanager.com/gtm.js
id
dl
parentnode
insertbefore
window
document
script
datalayer
gtm
tt
7
pp
8
end
google
tag
manager
link
rel
stylesheet
href
css
main
css
script
type
text
javascript
src
templatefiles
scripts
js
url
min
js
script
type
text
javascript
src
templatefiles
rwd
js
pictures
js
script
type
text
javascript
src
templatefiles
js
home
js
script
src
cdnjs
cloudflare
com
ajax
libs
waypoints
3
waypoints
min
js
script
type
text
javascript
src
templatefiles
js
jquery
counterup
js
link
rel
stylesheet
href
integrity
sha
bx
4
pythkytdy
3
ajkjgkgohpt
3
tvv
6
zlwwjc
3
iqn
7
ktaiemldpqlszyts
2
ojkcbx
1
crossorigin
anonymous
meta
property
og
locale
content
en
us
meta
property
og
type
content
website
meta
property
og
title
content
visit
the
university
of
rochester
meta
property
og
description
content
schedule
campus
tour
interview
or
visit
at
the
university
of
rochester
meta
property
og
image
content
meta
property
og
url
content
https://www.rochester.edu/visit/
meta
property
og
site
name
content
university
of
rochester
meta
name
twitter
site
content
uofr
meta
name
twitter
creator
content
uofr
meta
name
twitter
card
content
summary
large
image
meta
property
twitter
title
content
visit
the
university
of
rochester
meta
property
twitter
description
content
schedule
campus
tour
interview
or
visit
at
the
university
of
rochester
meta
property
twitter
image
content
skip
to
content
href
title
university
of
rochester
homepage
img
src
assets
images
ur
logo
svg
alt
university
of
rochester
logo
site
header
identity
search
close
menu
close
site
header
menu
control
href
academics
academics
href
research
research
href
admissions
admissions
href
campus
life
campus
life
href
medicine
medicine
href
about
about
site
header
nav
primary
href
working
work
here
href
visit
visit
href
advancement
give
search
site
header
search
control
site
header
nav
secondary
site
header
nav
container
site
header
img
src
assets
hero
images
visit
hero
jpg
alt
above
view
of
the
university
quad
visit
the
university
of
rochester
discover
rochester
for
yourself
the
university
of
rochester
is
special
place
to
study
live
work
and
of
course
visit
miles
from
toronto
miles
from
new
york
city
miles
from
boston
campus
and
virtual
visits
img
src
assets
images
visit
campus
tours
jpg
alt
front
view
of
rush
rhees
library
on
campus
tour
and
visit
opportunities
have
returned
for
prospective
students
in
addition
virtual
tour
options
are
still
available
learn
about
visiting
options
href
campus
visits
office
of
admissions
on
river
campus
href
virtual
visits
office
of
admissions
on
river
campus
href
www
esm
rochester
edu
admissions
visiting
eastman
school
of
music
getting
here
were
closer
to
toronto
than
new
york
city
so
plan
your
travels
accordingly
the
rochester
metro
area
is
easily
navigable
and
our
main
campuses
are
short
drive
or
rideshare
from
the
greater
rochester
international
airport
train
station
or
bus
station
href
www
rochester
edu
maps
class
cta
sub
find
us
on
the
map
img
src
assets
images
visit
getting
here
aerial
jpg
alt
aerial
image
over
rochester
tier
one
research
university
our
campuses
youll
find
the
universitys
main
campus
the
river
campus
and
the
medical
center
located
about
two
miles
south
of
downtown
rochester
the
eastman
school
of
music
and
the
memorial
art
gallery
are
pillars
of
the
arts
scene
and
festival
circuit
in
the
citys
east
end
and
neighborhood
of
the
arts
img
src
assets
images
visit
river
campus
jpg
alt
university
of
rochester
aerial
image
river
campus
the
acre
river
campusthe
universitys
main
academic
campus
and
the
home
of
the
river
campus
librariesis
located
about
two
miles
south
of
downtown
rochester
by
bend
in
the
genesee
river
mailing
address
joseph
wilson
boulevard
br
rochester
ny
gps
maps
address
elmwood
avenue
br
rochester
ny
href
www
rochester
edu
parking
visitors
university
river
campus
parking
img
src
assets
images
visit
medical
center
jpg
alt
entrance
to
university
of
rochester
medical
center
for
quality
healthcare
medical
center
nucleus
of
medical
research
education
and
patient
care
the
medical
center
includes
the
school
of
medicine
and
dentistry
the
school
of
nursing
strong
memorial
hospital
golisano
childrens
hospital
the
areas
only
childrens
hospital
wilmot
cancer
institute
and
eastman
institute
for
oral
health
elmwood
avenue
br
rochester
ny
href
www
rochester
edu
parking
medical
center
visitor
guide
medical
center
parking
href
www
urmc
rochester
edu
about
us
directions
aspx
directions
to
medical
center
locations
img
src
assets
images
visit
eastman
school
of
music
jpg
alt
eastman
school
of
music
building
with
music
school
name
eastman
school
of
music
the
eastman
schools
downtown
campus
anchors
the
citys
cultural
district
known
as
the
east
end
expect
to
find
musiciansand
music
fansof
all
stripes
in
and
around
this
architectural
gem
for
classes
festivals
jam
sessions
kaffeeklatsches
and
more
26
gibbs
street
br
rochester
ny
href
www
esm
rochester
edu
concerts
maps
eastman
school
parking
img
src
assets
images
visit
memorial
art
gallery
jpg
alt
memorial
art
gallery
exterior
showing
cutler
union
tower
memorial
art
gallery
memorial
art
gallery
attracts
nearly
visitors
year
known
locally
as
mag
the
gallerys
permanent
collection
of
plus
works
spans
50
centuries
of
world
art
from
antiquities
to
the
avant
garde
university
avenue
br
rochester
ny
href
mag
rochester
edu
visit
mag
directions
and
parking
img
src
assets
images
visit
lle
omega
ep
jpg
alt
omega
laser
at
laboratory
for
laser
energetics
lle
of
the
university
of
rochester
laboratory
for
laser
energetics
south
campus
the
quest
to
unlock
controlled
nuclear
fusion
is
happening
right
here
at
the
laboratory
for
laser
energetics
the
largest
university
based
us
department
of
energy
program
in
the
nation
tours
of
the
laser
lab
as
its
colloquially
known
are
available
to
the
public
east
river
road
br
rochester
ny
href
lle
map
and
href
tours
want
to
learn
more
before
you
visit
href
admissions
class
section
navigation
inner
admissions
img
src
assets
images
apply
apply
2
jpg
alt
student
laboratory
at
rochester
tier
one
research
university
how
to
apply
find
more
information
about
how
to
apply
to
our
graduate
and
undergraduate
programs
and
get
details
about
financial
aid
and
tuition
href
about
community
html
class
section
navigation
inner
our
city
img
src
assets
images
apply
visit
2
jpg
alt
aerial
image
of
university
of
rochester
with
rochester
skyline
in
background
discover
our
community
theres
much
to
love
about
rochester
explore
the
city
we
call
home
href
research
class
section
navigation
inner
research
img
src
assets
images
chang
chawnshang
1
jpg
alt
chang
chawnshang
does
research
at
university
of
rochester
explore
our
research
our
students
faculty
and
staff
are
at
the
forefront
of
cutting
edge
work
scroll
to
the
top
of
the
page
end
canvas
jquery
document
ready
function
play
pause
button
click
function
body
addclass
open
video
close
button
click
function
body
removeclass
open
video
boundless
possibility
svg
class
dashedcurvewide
xmlns
http://www.w3.org/2000/svg
width
height
viewbox
fill
none
path
stroke
ffc
70
stroke
width
3
stroke
dasharray
svg
class
dashedcurvenormal
xmlns
http://www.w3.org/2000/svg
width
height
viewbox
fill
none
path
stroke
ffc
70
stroke
width
3
stroke
dasharray
svg
class
dashedcurvemobile
xmlns
http://www.w3.org/2000/svg
width
height
62
viewbox
fill
none
path
2
stroke
ffc
70
stroke
width
3
stroke
dasharray
href
https://boundless.rochester.edu/
class
strategicplanlink
explore
our
strategic
plan
href
www
rochester
edu
newscenter
class
footer
events
link
news
href
events
rochester
edu
class
footer
events
link
events
href
uofrathletics
com
class
footer
events
link
athletics
href
www
rochester
edu
arts
class
footer
events
link
arts
resources
for
href
admissions
class
footer
link
prospective
students
href
students
class
footer
link
current
students
href
parents
families
class
footer
link
parents
families
href
working
class
footer
link
faculty
staff
href
rochester
edu
alumni
class
footer
link
alumni
bottom
footer
column
one
columns
helpful
links
href
www
rochester
edu
contact
class
footer
link
contact
href
https://onlinedirectory.ur.rochester.edu/
class
footer
link
directory
href
www
rochester
edu
human
resources
class
footer
link
human
resources
href
tech
rochester
edu
services
ur
mobile
class
footer
link
ur
mobile
app
href
www
rochester
edu
parking
class
footer
link
parking
shuttles
href
tech
rochester
edu
class
footer
link
information
technology
href
learn
rochester
edu
class
footer
link
blackboard
href
www
rochester
edu
hrms
class
footer
link
hrms
href
mypath
rochester
edu
class
footer
link
mypath
bottom
footer
column
two
columns
libraries
collections
href
libraries
class
footer
link
university
libraries
href
mag
rochester
edu
class
footer
link
memorial
art
gallery
bottom
footer
column
two
ever
better
href
www
rochester
edu
global
class
footer
link
global
engagement
href
www
rochester
edu
accessibility
html
class
footer
link
accessibility
href
www
rochester
edu
about
values
html
class
footer
link
vision
values
href
www
rochester
edu
diversity
class
footer
link
diversity
equity
inclusion
href
www
rochester
edu
eoc
nondiscrimination
statement
class
footer
link
nondiscrimination
title
ix
bottom
footer
column
two
columns
schools
amp
divisions
href
www
sas
rochester
edu
class
footer
link
school
of
arts
sciences
href
www
hajim
rochester
edu
class
footer
link
hajim
school
of
engineering
href
www
esm
rochester
edu
class
footer
link
eastman
school
of
music
href
www
urmc
rochester
edu
smd
class
footer
link
school
of
medicine
dentistry
href
www
son
rochester
edu
class
footer
link
school
of
nursing
href
https://simon.rochester.edu/
class
footer
link
simon
business
school
href
www
rochester
edu
warner
class
footer
link
warner
school
of
education
href
https://www.lle.rochester.edu/
class
footer
link
laboratory
for
laser
energetics
bottom
footer
column
three
columns
bottom
footer
row
bottom
footer
top
img
src
assets
images
insta
insta
one
webp
alt
young
woman
with
long
dark
hair
wears
black
graduation
cap
with
yellow
tassel
and
gown
she
stands
at
podium
with
microphone
appearing
to
give
speech
the
background
is
blurred
emphasizing
her
as
the
focal
point
class
social
image
columns
img
src
assets
images
insta
insta
two
webp
alt
person
is
mid
air
performing
backflip
on
grassy
field
with
large
stately
building
with
columns
and
dome
in
the
background
the
sky
is
partly
cloudy
and
there
are
several
people
and
trees
in
the
vicinity
class
social
image
columns
img
src
assets
images
insta
insta
three
webp
alt
person
with
short
hair
stands
outdoors
against
lush
green
wall
of
foliage
they
are
wearing
light
colored
long
sleeve
shirt
and
are
looking
slightly
to
the
side
with
calm
expression
the
lighting
casts
soft
shadow
creating
warm
natural
ambiance
class
social
image
columns
href
aria
label
facebook
facebook
href
aria
label
youtube
youtube
href
https://www.twitter.com/UofR
aria
label
twitter
twitter
href
https://www.tiktok.com/
urochester
aria
label
tiktok
tiktok
href
https://www.instagram.com/urochester/
aria
label
instagram
svg
xmlns
http://www.w3.org/2000/svg
width
16
height
16
viewbox
fill
none
path
5
zm
98
zm
5
zm
fill
white
instagram
href
aria
label
linkedin
linkedin
href
https://www.threads.net/urochester
aria
label
threads
threads
href
https://www.rochester.edu/social/
aria
label
follow
rochester
class
follow
rochester
follow
rochester
columns
img
src
assets
images
insta
insta
four
webp
alt
group
of
smiling
young
adults
sits
at
table
each
wearing
white
sunglasses
and
matching
blue
hats
they
are
surrounded
by
gift
boxes
pamphlets
and
floral
arrangements
the
setting
appears
to
be
casual
event
or
gathering
class
social
image
columns
img
src
assets
images
insta
insta
five
webp
alt
close
up
view
of
neoclassical
government
building
with
large
columns
and
facade
made
of
stone
several
flags
including
the
american
flag
are
visible
in
front
of
the
building
against
clear
blue
sky
class
social
image
columns
img
src
assets
images
insta
insta
six
webp
alt
person
smiling
broadly
holds
large
colorful
geometric
object
with
clear
panels
in
an
event
tent
other
attendees
are
visible
in
the
background
engaged
in
activities
and
discussions
the
tent
is
decorated
with
string
lights
class
social
image
columns
bottom
footer
row
bottom
footer
social
img
src
assets
images
logo
white
svg
alt
university
of
rochester
logo
in
white
href
www
rochester
edu
contact
class
contact
information
container
contact
us
href
www
rochester
edu
maps
class
contact
information
container
see
maps
and
directions
rochester
ny
form
class
search
method
get
action
search
id
site
search
aria
label
sitewide
input
type
hidden
name
cx
value
bzshgmx
input
type
hidden
name
cof
value
forid
10
input
type
hidden
name
ie
value
utf
8
input
type
text
id
search
placeholder
search
rochester
edu
name
accesskey
input
type
submit
value
search
class
site
search
submit
title
footer
search
rochester
edu
href
www
rochester
edu
copyright
html
copyright
href
www
rochester
edu
emergency
emergency
information
bottom
footer
bottom
site
footer
copy
university
of
rochester
form
class
search
method
get
action
search
aria
label
sitewide
role
search
input
type
hidden
name
cx
value
fereqgm
input
type
hidden
name
cof
value
forid
10
input
type
hidden
name
ie
value
utf
8
input
type
text
id
search
main
placeholder
search
rochester
edu
aria
label
search
rochester
edu
name
title
search
rochester
edu
from
header
input
type
submit
value
search
class
site
search
submit
helpful
links
href
https://onlinedirectory.ur.rochester.edu/
directory
href
academic
calendar
href
https://learn.rochester.edu/
blackboard
href
https://www.rochester.edu/libraries/
libraries
href
https://events.rochester.edu/
events
href
https://www.rochester.edu/working/emergency/
emergency
information
href
https://tech.rochester.edu/
it
services
href
https://www.rochester.edu/working/hr/
human
resources
href
https://mypath.rochester.edu/
mypath
href
https://www.rochester.edu/hrms
hrms
href
https://www.rochester.edu/parking/
parking
href
https://www.rochester.edu/contact/
contact
us
resources
for
href
admissions
prospective
students
href
students
current
students
href
working
faculty
and
staff
site
search
script
src
https://kit.fontawesome.com/946be89fe3.js
crossorigin
anonymous
hotjar
tracking
code
for
www
rochester
edu
function
hj
hj
function
hj
hj
push
arguments
hjsettings
hjid
hjsv
6
getelementsbytagname
head
0
createelement
script
async
1
src
hjsettings
hjid
hjsettings
hjsv
appendchild
window
document
https://static.hotjar.com/c/hotjar-
js
sv
google
tag
manager
noscript
iframe
src
https://www.googletagmanager.com/ns.html
id
gtm
tt
7
pp
8
height
0
width
0
style
display
none
visibility
hidden
end
google
tag
manager
noscript
