doctype
html
meta
http
equiv
content
type
content
text
html
charset
utf
8
function
push
gtm
start
new
date
gettime
event
gtm
js
var
getelementsbytagname
0
createelement
dl
datalayer
async
true
src
https://www.googletagmanager.com/gtm.js
id
dl
parentnode
insertbefore
window
document
script
datalayer
gtm
hw
redboxbox
border
5
px
white
solid
padding
40
px
font
size
18
px
section
uared
position
relative
overflow
hidden
permalink
use
to
edit
and
share
this
gradient
https://colorzilla.com/gradient-editor/
background
padding
top
30
px
padding
bottom
20
px
margin
top
15
px
margin
bottom
35
px
color
white
section
uared
before
section
uared
after
left
4
px
top
auto
bottom
21
px
background
webkit
box
shadow
0
5
px
11
px
moz
box
shadow
0
5
px
11
px
1
box
shadow
0
5
px
11
px
section
uared
section
uared
2
section
uared
3
color
white
text
align
left
leadimage
textwrapper
color
fff
index
8
opacity
overflow
hidden
webkit
box
sizing
border
box
moz
box
sizing
border
box
box
sizing
border
box
margin
px
auto
0
auto
section
uared
col
sm
4
margin
bottom
20
px
calloutimagerow
img
margin
bottom
10
px
video
container
padding
top
0
px
important
newsarticles
3
font
size
rem
newsarticles
3
text
decoration
none
callouts
card
min
height
px
callouts
card
card
img
overlay
top
auto
padding
rem
callouts
card
card
img
overlay
height
callouts
card
color
fff
callouts
card
title
font
size
30
px
color
ffffff
text
shadow
0
px
0
px
5
px
rgb
0
card
img
overlay
text
decoration
none
applynowcallout
background
color
applynowcallout
span
fa
display
none
applynowcallout
font
size
14
px
important
margin
bottom
5
px
applynowcallout
font
size
12
px
applynowcallout
span
color
bf
important
margin
right
5
px
text
shadow
0
px
0
px
5
px
rgba
0
0
0
1
applynowcallout
col
md
6
margin
right
5
px
applynowcallout
3
color
ffffff
important
applynowcallout
3
light
font
weight
applynowcallout
3
color
ffffff
important
applynowcallout
color
fff
text
decoration
underline
font
size
16
px
font
weight
applynowcallout
hover
text
decoration
none
card
overlay
padding
0
card
overlay
img
object
fit
cover
min
height
px
newsarticles
3
text
decoration
none
media
left
media
body
display
table
cell
vertical
align
top
media
left
padding
right
10
px
newslink
ul
margin
bottom
rem
newslink
ul
li
list
style
none
gray
container
padding
top
var
bs
gutter
75
rem
is
this
supplanted
by
art
work
start
of
margin
top
declarations
to
apply
properly
to
and
card
layouts
media
min
width
px
callouts
div
nth
child
1
card
margin
top
rem
applynowcallout
span
fa
display
inline
block
adding
top
margin
only
to
first
two
cards
in
layout
media
min
width
px
callouts
div
nth
child
3
card
margin
top
0
callouts
div
nth
child
2
card
margin
top
rem
applynowcallout
span
fa
display
none
adding
top
margin
to
all
four
cards
in
4
across
layout
media
min
width
px
callouts
div
nth
child
4
card
margin
top
rem
media
min
width
px
applynowcallout
span
fa
display
inline
block
media
min
width
px
newsarticles
3
media
heading
newsarticles
newsarticles
img
border
left
5
px
solid
3
media
heading
padding
8
px
margin
bottom
0
newsarticles
margin
left
12
px
margin
top
0
margin
bottom
30
px
padding
left
8
px
leadimage
textwrapper
display
block
margin
top
0
px
padding
bottom
20
px
padding
top
10
px
background
color
rgba
div
leadimage
margin
bottom
20
px
leadimage
3
font
size
26
px
background
color
initial
padding
bottom
0
px
leadimage
bigcopy
font
size
16
px
important
width
90
background
color
initial
div
leadimagecopy
width
div
leadimageplaybutton
float
right
width
34
px
margin
80
px
10
px
leadimage
background
color
newslink
margin
top
20
px
media
min
width
px
div
leadimageplaybutton
width
40
px
margin
top
83
px
newsarticles
margin
top
30
px
media
min
width
px
newsarticles
3
media
heading
newsarticles
newsarticles
img
border
left
none
newsarticles
3
media
heading
newsarticles
padding
left
0
padding
top
0
div
leadimage
margin
bottom
20
px
leadimage
3
font
size
26
px
background
color
initial
padding
bottom
0
px
leadimage
bigcopy
font
size
20
px
important
width
div
leadimagecopy
float
left
width
80
div
leadimageplaybutton
float
left
width
52
px
margin
top
17
px
video
container
iframe
border
none
leadimage
textwrapper
padding
bottom
20
px
padding
top
10
px
leadimage
background
color
newslink
margin
top
70
px
media
min
width
px
leadimage
textwrapper
margin
px
auto
0
px
auto
padding
left
0
padding
bottom
10
px
padding
top
10
px
background
color
rgba
0
7
height
px
leadimage
3
font
size
40
px
div
leadimagecopy
width
80
div
leadimageplaybutton
width
57
px
margin
top
15
px
video
container
padding
top
19
px
important
media
min
width
px
div
leadimagecopy
width
70
leadimage
textwrapper
padding
left
0
leadimage
bigcopy
font
size
21
px
important
div
leadimageplaybutton
width
57
px
margin
top
15
px
div
leadimageplaybutton
fa
fa
chevron
right
font
size
50
px
redboxh
3
text
transform
uppercase
font
size
28
px
for
google
search
console
meta
charset
utf
8
meta
content
ie
edge
http
equiv
ua
compatible
meta
content
width
device
width
initial
scale
1
shrink
to
fit
no
name
viewport
university
of
arkansas
script
async
async
src
link
rel
stylesheet
href
integrity
sha
dyz
88
mc
6
up
2
uqs
4
krghuoegwbcd
4
ng
9
sip
4
diry
0
extlnuz
47
vawmegwvchigm
crossorigin
anonymous
link
crossorigin
anonymous
rel
stylesheet
href
jquery
and
bootstrap
loaded
in
xsl
common
xsl
file
script
src
https://code.jquery.com/jquery-3.6.0.min.js
integrity
sha
xuj
3
oju
5
yexlq
6
gsygshk
7
tpxikyns
7
ogevdej
4
crossorigin
anonymous
script
src
https://cdn.jsdelivr.net/npm/bootstrap
3
dist
js
bootstrap
bundle
min
js
integrity
sha
ka
7
sk
0
gln
4
gmtz
2
mlqnikt
1
wxgysog
omhup
ilrh
9
senbo
0
lrn
5
8
nbtov
crossorigin
anonymous
script
src
script
src
university
of
arkansas
https://uark.edu
link
rel
shortcut
icon
href
link
rel
icon
type
image
png
sizes
href
link
rel
icon
type
image
png
sizes
href
link
rel
icon
type
image
png
sizes
href
link
rel
manifest
href
meta
name
mobile
web
app
capable
content
yes
meta
name
theme
color
content
fff
meta
name
application
name
content
uark
link
rel
apple
touch
icon
sizes
href
link
rel
apple
touch
icon
sizes
href
link
rel
apple
touch
icon
sizes
href
link
rel
apple
touch
icon
sizes
href
link
rel
apple
touch
icon
sizes
href
link
rel
apple
touch
icon
sizes
href
link
rel
apple
touch
icon
sizes
href
link
rel
apple
touch
icon
sizes
href
link
rel
apple
touch
icon
sizes
href
link
rel
apple
touch
icon
sizes
href
link
rel
apple
touch
icon
sizes
href
meta
name
apple
mobile
web
app
capable
content
yes
meta
name
apple
mobile
web
app
status
bar
style
content
black
translucent
meta
name
apple
mobile
web
app
title
content
uark
script
defer
defer
src
script
defer
defer
src
link
href
rel
stylesheet
meta
property
og
image
content
resources
images
old
main
about
jpg
meta
property
og
url
content
https://www.uark.edu
meta
name
google
site
verification
content
mubhnaez
4
fd
6
jnl
9
vtqlnaqsexwelyjpid
je
link
href
https://unpkg.com/aos
1
dist
aos
css
rel
stylesheet
script
src
https://unpkg.com/aos
1
dist
aos
js
script
type
application
ld
json
context
https://schema.org
type
organization
name
university
of
arkansas
url
sameas
https://www.facebook.com/UofArkansas
https://twitter.com/uarkansas
https://www.instagram.com/uarkansas/
script
type
text
javascript
function
function
push
arguments
createelement
async
1
src
https://www.clarity.ms/tag/
getelementsbytagname
0
parentnode
insertbefore
window
document
clarity
script
93
vhnpfwh
section
div
col
sm
3
3
section
div
col
sm
3
3
color
font
size
24
px
line
height
em
text
align
center
text
transform
uppercase
section
not
gray
card
background
color
fff
accent
left
border
left
15
px
solid
var
bs
primary
accent
right
border
right
15
px
solid
var
bs
primary
accent
top
border
top
15
px
solid
var
bs
primary
accent
bottom
border
bottom
15
px
solid
var
bs
primary
accent
wrapper
bottom
accent
wrapper
top
accent
wrapper
left
accent
wrapper
right
position
relative
display
inline
block
accent
wrapper
bottom
after
accent
wrapper
top
after
accent
wrapper
left
after
accent
wrapper
right
after
content
position
absolute
left
0
top
0
width
height
display
inline
block
accent
wrapper
bottom
after
background
linear
gradient
rgba
34
53
0
25
rgba
34
54
border
bottom
9
px
solid
var
bs
primary
accent
wrapper
top
after
background
linear
gradient
to
top
rgba
34
53
0
25
rgba
34
54
border
top
9
px
solid
var
bs
primary
accent
wrapper
left
after
background
linear
gradient
to
left
rgba
34
53
0
25
rgba
34
54
border
left
9
px
solid
var
bs
primary
accent
wrapper
right
after
background
linear
gradient
to
right
rgba
34
53
0
25
rgba
34
54
border
right
9
px
solid
var
bs
primary
accent
wrapper
bottom
img
accent
wrapper
top
img
accent
wrapper
left
img
accent
wrapper
right
img
display
block
iframe
src
https://www.googletagmanager.com/ns.html
id
gtm
hw
height
0
width
0
style
display
none
visibility
hidden
skip
to
content
close
nbsp
form
action
https://search.uark.edu/s/search.html
method
get
name
gsa
class
flex
justify
content
left
id
uark
mobile
search
form
funnelback
global
uark
collection
repo
input
type
hidden
name
collection
value
uark
search
search
input
name
query
id
uark
search
mobile
type
text
title
site
search
class
form
control
mb
1
mr
sm
1
data
toggle
dropdown
aria
haspopup
true
aria
expanded
true
placeholder
search
this
site
dynamically
gets
subdomain
from
current
url
in
browser
window
var
hostname
window
location
hostname
if
not
main
domain
pass
the
subdomain
scope
if
hostname
www
uark
edu
hostname
arkansas
edu
hostname
uark
edu
document
write
input
type
hidden
name
scope
value
hostname
search
id
navbardarkdropdownmenulink
class
nav
link
dropdown
toggle
role
button
href
https://www.uark.edu/admissions/index.php
data
bs
toggle
dropdown
aria
expanded
false
admissions
class
dropdown
item
href
https://www.uark.edu/admissions/index.php
undergraduate
admissions
request
information
class
dropdown
item
href
take
virtual
tour
class
dropdown
item
href
https://www.uark.edu/admissions/index.php
funding
your
education
funding
your
education
id
navbardarkdropdownmenulink
2
class
nav
link
dropdown
toggle
role
button
href
https://www.uark.edu/academics/index.php
data
bs
toggle
dropdown
aria
expanded
false
academics
class
dropdown
item
href
https://www.uark.edu/academics/majors.php
majors
class
dropdown
item
href
https://online.uark.edu/
online
programs
class
dropdown
item
href
https://www.uark.edu/about/index.php
colleges
schools
colleges
amp
schools
class
dropdown
item
href
academic
support
class
dropdown
item
href
https://libraries.uark.edu/
libraries
id
navbardarkdropdownmenulink
3
class
nav
link
dropdown
toggle
role
button
href
https://www.uark.edu/campus-life/index.php
data
bs
toggle
dropdown
aria
expanded
false
campus
life
class
dropdown
item
href
https://www.uark.edu/campus-life/index.php
things
to
do
things
to
do
class
dropdown
item
href
https://www.uark.edu/campus-life/index.php
get
involved
get
involved
class
dropdown
item
href
https://www.uark.edu/campus-life/index.php
stay
healthy
health
amp
recreation
class
dropdown
item
href
https://calendars.uark.edu/
events
id
navbardarkdropdownmenulink
4
class
nav
link
dropdown
toggle
role
button
href
https://www.uark.edu/research/index.php
data
bs
toggle
dropdown
aria
expanded
false
research
class
dropdown
item
href
https://www.uark.edu/research/index.php
resources
resources
class
dropdown
item
href
https://research.uark.edu/
research
and
innovation
id
navbardarkdropdownmenulink
5
class
nav
link
dropdown
toggle
role
button
href
https://www.uark.edu/athletics/index.php
data
bs
toggle
dropdown
aria
expanded
false
athletics
class
dropdown
item
href
https://www.arkansasrazorbacks.com/
intercollegiate
athletics
class
dropdown
item
href
https://www.arkansasrazorbacks.com/gameday/
game
day
guides
class
dropdown
item
href
traditions
class
dropdown
item
href
https://www.uark.edu/athletics/index.php
university
recreation
recreational
sports
id
navbardarkdropdownmenulink
6
class
nav
link
dropdown
toggle
role
button
href
https://www.uark.edu/about/index.php
data
bs
toggle
dropdown
aria
expanded
false
about
class
dropdown
item
href
visit
campus
class
dropdown
item
href
https://www.uark.edu/about/quick-facts.php
quick
facts
class
dropdown
item
href
https://www.uark.edu/about/history.php
history
class
dropdown
item
href
https://www.uark.edu/about/index.php
administration
administration
class
dropdown
item
href
https://www.uark.edu/about/index.php
great
place
to
work
employment
class
dropdown
item
href
https://www.uark.edu/contact-us.php
contact
us
href
https://onlinegiving.uark.edu
gift
give
href
https://www.uark.edu/a-to-z.php
index
href
https://learn.uark.edu
blackboard
learn
href
https://campusmaps.uark.edu/
campus
map
href
https://UAConnect.uark.edu/
uaconnect
href
https://directory.uark.edu/
directory
href
https://outlook.office.com
email
href
https://myapps.microsoft.com/
myapps
href
workday
source
type
image
webp
srcset
source
type
image
jpeg
srcset
img
src
alt
href
https://uark.edu
id
uark
logo
container
img
alt
university
of
arkansas
id
uark
logo
src
form
class
form
inline
flex
justify
content
left
action
https://search.uark.edu/s/search.html
method
get
name
gsa
quick
links
university
of
arkansas
href
https://www.uark.edu/a-to-z.php
index
href
https://learn.uark.edu
blackboard
learn
href
https://campusmaps.uark.edu/
campus
map
href
https://UAConnect.uark.edu/
uaconnect
href
https://directory.uark.edu/
directory
href
https://outlook.office.com
email
href
https://myapps.microsoft.com/
myapps
href
workday
search
var
hostname
window
location
hostname
if
hostname
www
uark
edu
hostname
arkansas
edu
hostname
uark
edu
document
write
input
type
hidden
name
scope
value
hostname
search
menu
id
navbardarkdropdownmenulink
class
nav
link
dropdown
toggle
role
button
href
https://www.uark.edu/admissions/index.php
data
bs
toggle
dropdown
aria
expanded
false
admissions
class
dropdown
item
href
https://www.uark.edu/admissions/index.php
undergraduate
admissions
request
information
class
dropdown
item
href
take
virtual
tour
class
dropdown
item
href
https://www.uark.edu/admissions/index.php
funding
your
education
funding
your
education
id
navbardarkdropdownmenulink
2
class
nav
link
dropdown
toggle
role
button
href
https://www.uark.edu/academics/index.php
data
bs
toggle
dropdown
aria
expanded
false
academics
class
dropdown
item
href
https://www.uark.edu/academics/majors.php
majors
class
dropdown
item
href
https://online.uark.edu/
online
programs
class
dropdown
item
href
https://www.uark.edu/about/index.php
colleges
schools
colleges
amp
schools
class
dropdown
item
href
academic
support
class
dropdown
item
href
https://libraries.uark.edu/
libraries
id
navbardarkdropdownmenulink
3
class
nav
link
dropdown
toggle
role
button
href
https://www.uark.edu/campus-life/index.php
data
bs
toggle
dropdown
aria
expanded
false
campus
life
class
dropdown
item
href
https://www.uark.edu/campus-life/index.php
things
to
do
things
to
do
class
dropdown
item
href
https://www.uark.edu/campus-life/index.php
get
involved
get
involved
class
dropdown
item
href
https://www.uark.edu/campus-life/index.php
stay
healthy
health
amp
recreation
class
dropdown
item
href
https://calendars.uark.edu/
events
id
navbardarkdropdownmenulink
4
class
nav
link
dropdown
toggle
role
button
href
https://www.uark.edu/research/index.php
data
bs
toggle
dropdown
aria
expanded
false
research
class
dropdown
item
href
https://www.uark.edu/research/index.php
resources
resources
class
dropdown
item
href
https://research.uark.edu/
research
and
innovation
id
navbardarkdropdownmenulink
5
class
nav
link
dropdown
toggle
role
button
href
https://www.uark.edu/athletics/index.php
data
bs
toggle
dropdown
aria
expanded
false
athletics
class
dropdown
item
href
https://www.arkansasrazorbacks.com/
intercollegiate
athletics
class
dropdown
item
href
https://www.arkansasrazorbacks.com/gameday/
game
day
guides
class
dropdown
item
href
traditions
class
dropdown
item
href
https://www.uark.edu/athletics/index.php
university
recreation
recreational
sports
id
navbardarkdropdownmenulink
6
class
nav
link
dropdown
toggle
role
button
href
https://www.uark.edu/about/index.php
data
bs
toggle
dropdown
aria
expanded
false
about
class
dropdown
item
href
visit
campus
class
dropdown
item
href
https://www.uark.edu/about/quick-facts.php
quick
facts
class
dropdown
item
href
https://www.uark.edu/about/history.php
history
class
dropdown
item
href
https://www.uark.edu/about/index.php
administration
administration
class
dropdown
item
href
https://www.uark.edu/about/index.php
great
place
to
work
employment
class
dropdown
item
href
https://www.uark.edu/contact-us.php
contact
us
href
https://onlinegiving.uark.edu
gift
give
start
notification
script
src
www
uark
edu
resources
js
ensblue
js
type
text
javascript
inclement
weather
updated
10
am
due
to
inclement
weather
the
university
of
arkansas
fayetteville
campus
will
have
delayed
opening
today
monday
jan
22
campus
will
open
and
on
campus
classes
will
resume
at
razorback
transit
will
begin
operations
at
see
the
href
https://safety.uark.edu/inclement-weather/
inclement
weather
homepage
for
more
information
and
hours
of
operation
razorback
transit
and
saferide
operations
will
also
not
be
in
service
during
the
closure
find
out
how
you
can
href
get
this
alert
on
your
phone
href
https://uark.passiogo.com/
bus
routes
and
alerts
snow
amp
ice
removal
href
priority
list
frequently
asked
questions
href
students
href
faculty
and
staff
policies
and
procedures
href
https://safety.uark.edu/inclement-weather/
preparing
for
inclement
weather
href
inclement
weather
procedure
href
inclement
weather
policy
end
notification
href
utm
source
uarkhomepage
amp
utm
medium
window
amp
utm
campaign
urel
home
amp
utm
id
home
urel
img
class
img
fluid
src
alt
width
wooo
pig
sooie
perfect
your
hog
call
before
this
weeks
game
img
class
homeplaybutton
src
resources
images
play
circle
png
alt
watch
video
begin
big
red
box
video
section
summer
on
the
hill
it
not
too
late
to
sign
up
for
summer
classes
and
get
head
start
on
the
fall
semester
class
href
https://summer.uark.edu/
register
today
br
state
br
of
the
br
university
watch
chancellor
robinsons
href
https://www.youtube.com/watch
jtfcb
9
yde
9
state
of
the
university
address
br
br
end
red
section
how
to
apply
href
https://admissions.uark.edu/apply/index.php
undergraduate
href
graduate
href
law
school
href
https://online.uark.edu
online
programs
class
housinghotspot
href
https://housing.uark.edu/
img
class
card
img
img
fluid
src
width
height
alt
student
walks
across
campus
at
the
start
of
fall
leaves
from
the
tree
overhead
are
turning
yellow
and
red
housing
housing
class
housinghotspot
href
img
class
card
img
img
fluid
src
width
height
alt
exterior
photo
of
university
of
arkansas
student
housing
visit
campus
visit
campus
class
housinghotspot
href
https://www.uark.edu/short-takes/index.php
img
class
card
img
img
fluid
src
width
height
alt
nbsp
short
takes
short
takes
video
series
href
https://arkansasresearch.uark.edu/
img
class
img
fluid
src
alt
arkansas
research
and
economic
development
publication
width
href
https://determined.uark.edu/
img
class
img
fluid
src
alt
determined
stories
highlighting
our
people
work
and
impact
width
href
https://partner.uark.edu/
img
class
img
fluid
src
alt
partner
with
of
width
news
amp
events
href
https://news.uark.edu/
more
news
gt
script
type
text
javascript
function
ajax
url
campusdata
uark
edu
apiv
2
articles
articlescommon
orderby
publishdate
desc
filter
commons
any
id
eq
1
top
3
data
contenttype
application
json
charset
utf
8
datatype
jsonp
jsonpcallback
articles
async
true
cache
true
success
function
articles
datadisplay
each
articles
function
key
var
brieftext
image
var
date
new
date
publishdate
date
date
todatestring
if
brief
null
brief
brieftext
brief
brieftext
brieftext
replace
if
updatedimage
null
updatedimage
image
updatedimage
else
image
image
datadisplay
href
https://news.uark.edu/articles/
id
img
class
img
fluid
alt
headline
src
campusdata
uark
edu
resources
images
articles
image
href
https://news.uark.edu/articles/
id
headline
brieftext
newsarticles
append
datadisplay
title
university
of
arkansas
home
page
href
https://www.uark.edu
university
of
arkansas
title
university
of
arkansas
admissions
href
https://www.uark.edu/admissions/index.php
admissions
title
university
of
arkansas
academics
href
https://www.uark.edu/academics/index.php
academics
title
campus
life
at
the
university
of
arkansas
href
https://www.uark.edu/campus-life/index.php
campus
life
title
university
of
arkansas
research
href
https://www.uark.edu/research/index.php
research
title
university
of
arkansas
athletics
href
https://www.uark.edu/athletics/index.php
athletics
title
about
the
university
of
arkansas
href
https://www.uark.edu/about/index.php
about
href
https://www.facebook.com/UofArkansas
like
us
on
facebook
href
https://twitter.com/uarkansas
follow
us
on
twitter
href
watch
us
on
youtube
href
https://instagram.com/uarkansas
see
us
on
instagram
href
connect
with
us
on
linkedin
hr
class
border
border
0
title
view
campus
maps
href
https://campusmaps.uark.edu/
1
university
of
arkansas
br
fayetteville
ar
br
class
inline
block
lg
none
title
view
campus
maps
href
https://campusmaps.uark.edu/
view
campus
maps
br
class
block
lg
none
class
none
lg
block
title
view
campus
maps
href
https://campusmaps.uark.edu/
img
class
img
responsive
src
www
uark
edu
resources
img
map
png
alt
map
of
university
of
arkansas
campus
href
https://news.uark.edu/
news
function
parsenews
campusdata
uark
edu
apiv
2
articles
articlescommon
orderby
publishdate
desc
filter
commons
any
28
id
eq
top
3
function
parsenews
url
ajax
url
url
data
contenttype
application
json
charset
utf
8
datatype
jsonp
jsonpcallback
articles
async
true
cache
true
success
function
articles
var
list
data
each
articles
function
key
var
headline
headline
headline
headline
replace
replace
replace
replace
list
data
href
https://news.uark.edu/articles/
id
onclick
gasendevent
this
href
footer
global
links
news
uark
edu
articles
id
headline
list
data
appendto
newsfooter
href
https://calendars.uark.edu/
upcoming
events
script
defer
true
type
text
javascript
src
https://calendars.uark.edu/widget/view
schools
uark
amp
exclude
types
amp
days
31
amp
num
4
amp
hidedesc
1
amp
hideimage
1
amp
show
times
0
amp
show
view
all
cta
0
amp
hide
past
1
amp
experience
inperson
amp
container
localist
widget
style
none
class
btn
btn
light
btn
lg
text
dark
text
left
href
https://application.uark.edu/
apply
online
class
btn
btn
light
btn
lg
text
dark
text
left
href
https://visit.uark.edu/
schedule
visit
class
btn
btn
light
btn
lg
text
dark
text
left
href
https://onlinegiving.uark.edu/
make
gift
hr
href
https://emergency.uark.edu/
emergency
information
href
https://report.uark.edu/
report
concern
href
https://titleix.uark.edu/
title
ix
href
https://accessibility.uark.edu/
accessibility
href
privacy
policy
href
https://www.uark.edu/contact-us.php
contact
us
href
https://jobs.uark.edu
jobs
var
current
path
index
php
rel
nofollow
id
oudirectedit
href
https://a.cms.omniupdate.com/11/
skin
uark
amp
account
www
amp
site
www
amp
action
de
amp
path
index
pcf
edit
webpage
script
type
text
javascript
function
directedit
var
link
document
getelementbyid
oudirectedit
if
link
var
html
link
parentnode
innerhtml
var
anchor
html
replace
copyright
of
university
of
arkansas
anchor
anchor
replace
oudirectedit
none
document
getelementbyid
directedit
footer
innerhtml
anchor
console
log
anchor
window
onload
function
directedit
javascripts
that
don
need
to
go
in
the
head
can
go
here
window
addeventlistener
load
function
3
2
html
function
oldvalue
return
oldvalue
replace
of
of
ally
script
data
ally
loader
data
ally
platform
name
web
data
ally
client
id
data
ally
af
style
none
src
respond
js
enables
media
queries
in
some
unsupported
browsers
script
src
type
text
javascript
placed
at
the
end
of
the
document
so
the
pages
load
faster
script
src
js
amp
nivo
jquery
nivo
slider
pack
js
bootstrap
min
js
oucampus
js
type
text
javascript
script
type
text
javascript
document
ready
function
slider
nivoslider
effect
fade
pausetime
how
long
each
slide
will
show
pauseonhover
true
stop
animation
while
hovering
script
src
www
uark
edu
inc
js
tablesorter
jquery
tablesorter
min
js
type
text
javascript
function
table
tablesorter
addclass
table
striped
tablesorter
js
and
css
for
search
and
mobile
menu
script
type
text
javascript
function
form
search
on
click
function
selectedvalue
form
search
name
sitesearch
checked
val
if
selectedvalue
http://uark.edu
label
for
radiolabela
removeclass
searchselected
label
for
radiolabelb
addclass
searchselected
searchbox
attr
placeholder
search
all
uark
edu
else
if
type
selectedvalue
string
label
for
radiolabela
addclass
searchselected
label
for
radiolabelb
removeclass
searchselected
searchbox
attr
placeholder
search
this
site
end
js
and
css
for
search
and
mobile
menu
script
src
www
uark
edu
resources
js
oucampus
2
js
type
text
javascript
