pdf
obj
linearized
1
5
endobj
xref
trailer
size
root
info
id
34
ff
dd
bc
ef
0
acfb
acbb
bdc
prev
xrefstm
startxref
0
eof
obj
filter
flatedecode
length
stream
hb
cc
ty
9
9
dl
26
0
uf
3
nn
3
11
zz
xb
0
9
3
0
33
1
lj
9
3
fj
tf
9
vw
05
aneu
9
is
endstream
endobj
obj
decodeparms
columns
3
predictor
12
filter
flatedecode
index
length
61
size
type
xref
1
stream
ha
gc
zc
endstream
endobj
obj
lang
en
us
markinfo
metadata
names
openaction
outlines
pages
structtreeroot
type
catalog
viewerpreferences
direction
2
endobj
obj
fit
goto
endobj
obj
endobj
obj
annots
artbox
bleedbox
contents
cropbox
mediabox
parent
resources
extgstate
gs
0
gs
0
gs
0
gs
0
font
procset
pdf
text
xobject
rotate
0
structparents
0
trimbox
type
page
pieceinfo
indesign
lastmodified
numberofpageitemsinpage
40
numberofpages
1
originaldocumentid
pageitemuidtolocationdatamap
0
6
10
11
12
13
14
15
16
17
18
19
2
20
21
22
23
24
25
26
27
28
29
3
30
31
32
33
34
35
36
37
38
39
4
5
6
7
8
9
pagetransformationmatrixlist
0
pageuidlist
pagewidthlist
0
endobj
obj
endobj
obj
bs
type
border
0
border
0
rect
subtype
link
type
annot
endobj
obj
bs
type
border
0
border
0
rect
subtype
link
type
annot
endobj
obj
bs
type
border
0
border
0
rect
subtype
link
type
annot
endobj
obj
bs
type
border
0
border
0
rect
subtype
link
type
annot
endobj
obj
bs
type
border
0
border
0
rect
subtype
link
type
annot
endobj
obj
bs
type
border
0
border
0
rect
subtype
link
type
annot
endobj
obj
bs
type
border
0
border
0
rect
subtype
link
type
annot
endobj
obj
bs
type
border
0
border
0
rect
subtype
link
type
annot
endobj
obj
basefont
rpdxdz
helveticaltstd
boldcond
encoding
winansiencoding
firstchar
32
fontdescriptor
lastchar
subtype
type
1
tounicode
type
font
widths
endobj
obj
filter
flatedecode
length
stream
yyb
pz
le
rd
2
6
mfp
kfy
qgu
7
on
6
9
nb
zd
ksv
6
xe
kr
5
nhg
la
0
3
la
0
slv
uuu
7
mps
7
mf
gb
sj
61
7
endstream
endobj
obj
ascent
capheight
charset
comma
period
space
descent
flags
32
fontbbox
fontfamily
helvetica
lt
std
cond
fontfile
0
fontname
rpdxdz
helveticaltstd
boldcond
fontstretch
condensed
fontweight
italicangle
0
stemv
type
fontdescriptor
xheight
endobj
obj
ais
false
bm
normal
ca
op
false
opm
1
sa
true
smask
none
type
extgstate
ca
op
false
endobj
obj
ais
false
bm
normal
ca
op
true
opm
1
sa
true
smask
none
type
extgstate
ca
op
true
endobj
obj
filter
flatedecode
length
stream
1
xwbhmbqd
4
0
sy
nn
zk
pz
am
8
ywzwer
1
8
3
of
0
xlrde
ztns
il
1
8
hz
ww
5
ucplui
hkhh
3
1
uq
euw
2
endstream
endobj
obj
basefont
rpdxdz
myriadpro
light
encoding
winansiencoding
firstchar
32
fontdescriptor
lastchar
subtype
type
1
tounicode
type
font
widths
endobj
obj
filter
flatedecode
length
stream
hmk
0
wdnorh
umv
4
5
yg
1
sp
7
op
1
8
4
bvdg
6
0
3
sy
2
1
ns
1
eurvh
7
5
jt
xm
0
nb
tv
qc
90
2
wp
jr
01
ybe
7
dn
do
endstream
endobj
obj
filter
flatedecode
length
stream
hryk
1
uzi
mq
9
ei
zd
8
5
ggshpz
4
fv
jnc
9
fk
8
hw
gb
xd
vz
uvj
tsi
hn
5
1
1
vh
mw
3
bm
tw
6
yn
9
0
mn
af
endstream
endobj
obj
filter
flatedecode
length
stream
ew
hbmm
dsc
ft
nzh
eu
lo
0
pdpkv
dq
lq
hcu
ec
umt
tx
endstream
endobj
obj
filter
flatedecode
length
stream
xc
1
imh
soia
0
rob
1
0
mfc
4
mo
nm
9
vrktpm
jb
leq
nfh
vw
tsxo
nro
6
oh
6
endstream
endobj
obj
filter
flatedecode
length
stream
0
pu
wyz
1
4
oqrteu
0
zmtd
wk
7
qj
7
ug
2
6
en
8
ov
pl
tns
sz
2
jz
uv
9
gqemn
ym
endstream
endobj
obj
ais
false
bm
normal
ca
op
true
opm
1
sa
false
smask
none
type
extgstate
ca
op
true
endobj
obj
ais
false
bm
normal
ca
op
false
opm
1
sa
false
smask
none
type
extgstate
ca
op
false
endobj
obj
basefont
rpdxdz
helveticaltstd
cond
encoding
winansiencoding
firstchar
32
fontdescriptor
lastchar
subtype
type
1
tounicode
type
font
widths
endobj
obj
ascent
capheight
charset
space
parenleft
parenright
period
descent
flags
32
fontbbox
fontfamily
helvetica
lt
std
cond
light
fontfile
0
fontname
rpdxdz
helveticaltstd
lightcond
fontstretch
condensed
fontweight
italicangle
0
stemv
60
type
fontdescriptor
xheight
endobj
obj
filter
flatedecode
length
stream
0
ja
lk
dn
37
dg
8
yob
75
vgbsn
3
os
4
vu
wz
xm
5
nk
toa
7
rc
1
tf
yf
an
ll
0
9
ydrm
yyygn
2
uy
9
usk
7
endstream
endobj
obj
basefont
rpdxdz
helveticaltstd
lightcond
encoding
winansiencoding
firstchar
32
fontdescriptor
lastchar
subtype
type
1
tounicode
type
font
widths
endobj
obj
ascent
capheight
charset
ampersand
comma
five
four
hyphen
one
parenleft
parenright
period
plus
six
slash
space
three
two
zero
descent
flags
32
fontbbox
fontfamily
helvetica
lt
std
cond
fontfile
0
fontname
rpdxdz
helveticaltstd
cond
fontstretch
condensed
fontweight
italicangle
0
stemv
80
type
fontdescriptor
xheight
endobj
obj
filter
flatedecode
length
stream
qo
4
6
af
8
wo
qharoc
kf
fyz
su
6
spat
hku
nbse
pb
7
xk
wrj
kr
vm
3
cb
9
cd
0
zzzxzzzxzzzxzzzxzzzxzzzxzzzx
pw
2
pvd
1
vbo
7
7
5
endstream
endobj
obj
filter
flatedecode
length
stream
it
xh
9
bz
tpp
bj
6
loh
hy
5
8
we
endstream
endobj
obj
filter
flatedecode
length
stream
hj
hvg
ik
zbw
ihwfei
3
2
kc
0
btu
wqhvims
6
cp
ai
hy
0
uzax
hmvt
wl
4
cl
eo
0
go
0
9
2
2
zm
qznvf
oajhh
wa
gu
nv
fx
4
4
endstream
endobj
obj
filter
flatedecode
length
subtype
type
1
stream
ht
6
2
qa
aq
jhb
qjhu
8
3
6
xm
8
8
9
qom
tifv
3
nql
da
5
eg
45
70
hv
2
ycm
dc
0
wgok
8
8
fvoiz
ae
dx
lj
zpph
2
ek
pnh
1
xa
gr
4
hw
1
byhy
tyy
yz
ldo
6
jt
le
kc
zn
nfcsb
zcsb
1
ga
ra
8
wi
hrhc
gq
vf
5
ry
6
mjd
vm
8
boy
ck
wyu
43
7
jv
yv
oh
3
5
2
oc
6
2
of
1
0
vs
rvz
ot
qhd
0
cs
ap
ab
ifv
oz
8
2
6
orf
8
0
ynz
6
si
0
2
jku
89
ro
ht
2
kr
0
mm
0
7
8
vzhr
4
nu
zv
lz
5
xjdjue
ua
0
3
2
sgd
ek
0
co
tr
58
of
vc
ix
qc
vyvsmx
9
qv
xls
hl
0
jdrwl
7
jduav
gk
2
ugk
fr
jrmvn
lsto
0
0
9
wb
krbh
5
9
sqj
0
3
wyl
agh
2
kvkqi
1
xr
tldsl
66
3
mz
61
potvq
lbj
cpd
jov
47
nl
elu
5
1
st
bx
hbx
nbhsq
lwv
6
dr
1
eyo
wm
3
ibg
gjr
po
gz
8
ci
ny
nw
le
6
5
tuiff
vq
1
7
iv
nmu
ii
loi
44
knx
2
qoto
qo
hf
5
5
skuj
5
hi
2
6
2
rfu
oz
6
6
4
9
3
clsobezzp
sj
lh
tmv
7
xn
sm
yk
2
yejw
bq
6
qr
4
tu
yt
pcscn
fed
rm
1
sby
0
2
pm
ery
zs
7
4
wy
rmjz
ui
5
9
uzug
dwf
7
4
ns
4
oe
1
zxr
jp
7
endstream
endobj
obj
filter
flatedecode
length
subtype
type
1
stream
htktsw
gep
by
5
at
1
0
3
ez
oh
3
4
nip
gbw
5
5
6
6
ln
lbd
azf
ey
fgfh
joallje
tf
0
7
hrrbf
4
1
ha
fa
up
8
bt
7
japhdsq
avr
kuu
yrzv
iv
up
xh
9
cc
1
5
hjxm
3
xq
nzxqz
rz
ux
qfq
5
jslr
ugg
yr
px
qd
2
1
0
1
6
xlq
bk
1
oc
yt
6
kvo
gkii
1
4
4
xzh
fs
ap
xzwt
zim
ild
6
ew
qwzm
dd
zl
isi
sh
uwp
2
3
bo
dl
ygg
gho
4
ewm
8
qkc
rn
fd
fz
su
mt
0
lzho
xxc
mtli
4
qaui
dj
wpnj
waj
cv
xiyn
un
zfb
7
vd
uu
4
rtk
tu
8
qt
qewm
07
0
uza
5
5
ni
yyj
dm
zf
5
vzzi
wpfpoc
1
bqd
fypp
wd
bf
to
8
6
9
7
5
83
hp
cqmmk
ep
8
3
4
tinn
qo
nl
13
udt
tdp
0
eejmit
zj
77
61
vcrmpp
99
me
0
fw
1
sx
nd
4
aik
6
maj
9
bg
97
sw
1
7
8
4
zee
3
gr
na
ch
qa
vevd
7
hkvfqr
2
uy
ji
1
ea
8
xy
8
2
jni
nc
ts
hu
vupb
5
id
ht
squ
67
8
rtibq
lc
7
nk
8
gxg
8
7
isqq
0
ynf
dc
ibo
7
nke
uajhirm
4
uz
qe
lfxo
1
0
2
ja
0
gd
uq
7
ce
0
ja
3
brcf
3
hf
8
co
5
8
tfz
1
xvi
3
ms
oz
6
jobczb
5
nr
2
fe
2
5
mq
1
4
5
cm
5
oj
vwr
6
4
uodh
kf
70
8
ie
6
lmi
di
cs
pzpz
0
3
tmxl
av
yce
rx
ohl
eej
an
gy
du
8
ux
0
tnxo
sfbp
hd
30
lx
na
ki
ng
eg
8
cx
xghs
jrq
5
5
2
oz
9
oui
xk
tykrc
xu
oqtwxm
mci
zq
ey
cxn
co
fla
2
bc
iv
38
wgh
vwv
iv
8
ds
ruyg
7
wnc
9
gz
5
gpcnq
endstream
endobj
obj
filter
flatedecode
length
subtype
type
1
stream
ht
psg
7
asim
4
uq
ure
zg
3
tg
bx
8
skv
ph
pw
8
je
rq
acqxbqa
9
qxlp
19
pu
td
1
bb
stxv
mn
1
9
pbq
6
zl
gxbt
fsy
yr
9
asr
5
6
rjowz
ya
1
af
0
lf
hi
0
ke
or
tlt
0
0
4
0
ie
0
fho
0
cb
1
tdb
vf
4
jp
yl
3
jdh
pm
7
7
kj
ps
2
dto
00
hg
mf
4
hyeq
hp
0
2
vigyz
br
dy
kv
2
dg
3
skh
hd
tqpkp
hw
dk
9
hz
oa
3
nk
vt
ls
aom
11
5
vr
ui
3
7
hhwns
va
2
me
0
3
bj
6
hakp
ux
qzq
1
vpj
3
lgoaezz
wt
to
glkh
3
2
8
an
5
upmvl
81
0
4
fcm
jcpcnfq
ahm
jc
5
mf
4
jys
2
yo
3
vh
wqf
8
bj
5
gnbze
1
ahdn
6
rbz
myv
bs
yxa
myhy
ltz
2
4
isk
6
07
6
1
9
os
bdo
0
rf
czk
jdg
8
bw
3
vjr
kgx
lgu
tmtlha
endstream
endobj
obj
lab
blackpoint
range
whitepoint
endobj
obj
separation
pantone
0
0
domain
functiontype
2
range
endobj
obj
filter
flatedecode
length
subtype
type
1
stream
rkp
dk
qp
6
hq
ir
3
9
cp
qpf
6
im
lv
7
eyz
6
yjuk
2
pgvnlpd
lj
fj
lff
fb
rurfu
jlg
bu
rxh
ece
8
3
dt
vz
vb
fx
ci
pg
nj
7
sv
6
iii
bx
1
nw
ev
xm
rns
uv
1
4
5
vn
dd
txc
5
nv
ap
3
rs
0
7
0
omc
xx
4
qe
2
gq
0
pc
2
7
ze
lj
cjekbjv
zhnkp
8
wyq
sw
ix
jb
0
ex
ee
4
1
yhbd
uk
aq
9
dj
5
dh
xo
zxm
iqwei
jku
wxb
56
pc
slsmz
endstream
endobj
obj
ascent
capheight
charset
space
two
three
four
five
descent
flags
32
fontbbox
fontfamily
myriad
pro
light
fontfile
0
fontname
rpdxdz
myriadpro
light
fontstretch
normal
fontweight
italicangle
0
stemv
48
type
fontdescriptor
xheight
endobj
obj
filter
flatedecode
length
stream
0
ey
3
kjet
tzz
ytw
0
nn
yv
tko
wn
8
0
8
7
2
endstream
endobj
obj
filter
flatedecode
length
stream
1
ik
hu
kc
9
tq
qhl
2
rrniw
3
mn
5
psu
0
rt
8
hu
9
pe
bg
wwooq
6
sdokpd
endstream
endobj
obj
basefont
rpdxdz
helveticaltstd
boldcond
encoding
winansiencoding
firstchar
32
fontdescriptor
lastchar
subtype
type
1
tounicode
type
font
widths
endobj
obj
filter
flatedecode
length
stream
0
cpi
4
pofqu
moj
ff
di
ww
0
0
3
eqq
eb
ji
go
9
gyr
9
qz
9
wq
5
woyf
4
ia
4
ws
2
boj
uwxu
endstream
endobj
obj
basefont
rpdxdz
helveticaltstd
cond
encoding
winansiencoding
firstchar
32
fontdescriptor
lastchar
subtype
type
1
tounicode
type
font
widths
endobj
obj
length
subtype
xml
type
metadata
stream
xpacket
begin
id
mpcehihzreszntczkc
9
xmpmeta
xmlns
adobe
ns
meta
xmptk
adobe
xmp
core
2
dac
rdf
rdf
xmlns
rdf
http://www.w3.org/1999/02/22-rdf-syntax-ns
rdf
description
rdf
about
xmlns
dc
http://purl.org/dc/elements/1.1/
xmlns
xmp
http://ns.adobe.com/xap/1.0/
xmlns
xmpmm
http://ns.adobe.com/xap/1.0/mm/
xmlns
stref
xmlns
stevt
xmlns
illustrator
http://ns.adobe.com/illustrator/1.0/
xmlns
xmptpg
http://ns.adobe.com/xap/1.0/t/pg/
xmlns
stdim
http://ns.adobe.com/xap/1.0/sType/Dimensions
xmlns
xmpg
http://ns.adobe.com/xap/1.0/g/
xmlns
pdf
http://ns.adobe.com/pdf/1.3/
application
postscript
ua
logo
horizontal
reversed
rcordell
adobe
illustrator
cs
6
macintosh
00
00
00
xmp
did
8
xmp
iid
8
proof
pdf
uuid
72
ee
feadd
cd
bb
fd
2
xmp
iid
8
xmp
did
8
uuid
72
ee
feadd
cd
bb
fd
2
proof
pdf
saved
xmp
iid
8
adobe
illustrator
cs
6
macintosh
saved
xmp
iid
8
00
adobe
illustrator
cs
6
macintosh
converted
from
application
postscript
to
application
vnd
adobe
illustrator
converted
from
application
postscript
to
application
vnd
adobe
illustrator
converted
from
application
postscript
to
application
vnd
adobe
illustrator
converted
from
application
postscript
to
application
vnd
adobe
illustrator
print
1
false
false
inches
black
pantone
default
swatch
group
0
white
cmyk
process
black
cmyk
process
cmyk
red
cmyk
process
cmyk
yellow
cmyk
process
cmyk
green
cmyk
process
cmyk
cyan
cmyk
process
cmyk
blue
cmyk
process
cmyk
magenta
cmyk
process
15
90
10
cmyk
process
0
90
85
0
cmyk
process
0
80
95
0
cmyk
process
0
50
0
cmyk
process
0
35
85
0
cmyk
process
5
0
90
0
cmyk
process
20
0
0
cmyk
process
50
0
0
cmyk
process
75
0
0
cmyk
process
85
10
10
cmyk
process
90
30
95
30
cmyk
process
75
0
75
0
cmyk
process
80
10
45
0
cmyk
process
70
15
0
0
cmyk
process
85
50
0
0
cmyk
process
95
5
0
cmyk
process
25
25
cmyk
process
75
0
0
cmyk
process
50
0
0
cmyk
process
35
35
10
cmyk
process
10
50
0
cmyk
process
0
95
20
0
cmyk
process
25
25
40
0
cmyk
process
40
45
50
5
cmyk
process
50
50
60
25
cmyk
process
55
60
65
40
cmyk
process
25
40
65
0
cmyk
process
30
50
75
10
cmyk
process
35
60
80
25
cmyk
process
40
65
90
35
cmyk
process
40
70
50
cmyk
process
50
70
80
70
cmyk
process
pantone
spot
lab
53
23
print
color
group
1
0
30
70
0
cmyk
process
5
70
90
0
cmyk
process
5
90
75
0
cmyk
process
30
0
95
0
cmyk
process
60
5
95
0
cmyk
process
30
0
10
0
cmyk
process
60
10
5
0
cmyk
process
80
5
10
0
cmyk
process
grayscale
1
gray
process
90
gray
process
80
gray
process
70
gray
process
60
gray
process
50
gray
process
40
gray
process
30
gray
process
76
20
gray
process
50
10
gray
process
25
5
gray
process
12
adobe
pdf
library
xpacket
end
endstream
endobj
obj
endobj
obj
bbox
filter
flatedecode
length
matrix
resources
colorspace
extgstate
font
procset
pdf
text
properties
subtype
form
stream
hwn
2
3
tf
1
8
uji
5
2
ovy
fx
9
8
sy
wys
5
jkr
7
gp
xu
2
rf
vi
fqpg
8
kbf
1
ji
lrn
sxx
9
rej
yktnh
3
at
gc
pue
4
eh
3
ta
1
ez
co
09
cn
cw
8
ma
6
ak
2
yg
6
8
wox
5
vhiixvq
ab
1
5
9
88
caac
3
bc
dpy
1
gtez
hk
3
1
pl
iq
zr
6
ek
yu
ox
kpk
fe
9
hp
tf
6
vag
4
qq
aqxds
ng
1
np
0
eh
byu
2
pv
am
1
jum
noua
4
1
3
gppt
mmv
20
tk
4
5
mtb
0
0
orn
2
ya
6
if
7
xew
jl
zlue
bo
fo
4
5
2
ypxvqb
xz
6
fvvj
1
szk
yn
rly
4
73
ovxl
vgs
yz
nz
pv
hes
uzn
vv
li
9
tv
46
qq
le
fw
kd
pyf
zch
htjbo
at
8
ay
4
ut
8
vaz
3
jpn
0
7
emb
fng
28
9
di
nm
pc
5
6
cqrmk
6
wy
8
oba
1
oo
4
hm
salye
1
9
up
0
fdah
abf
okio
4
7
5
qjf
rdu
9
deqx
rp
4
6
3
ac
qz
jse
ffb
3
uhw
3
iv
0
5
05
shq
5
2
1
yxxi
9
1
ym
cpe
61
hvhuz
rxldo
9
uq
7
fi
9
zn
08
bxy
0
7
9
ebkw
cy
ry
iww
5
lk
mw
jief
je
xrwz
8
xf
8
3
wzft
cmtv
vz
7
dg
9
ki
9
ze
askp
au
vmlk
1
igz
5
dti
ak
it
8
bd
8
8
7
lko
1
mq
qpv
5
nsq
7
dvsgk
yd
ly
6
szwem
7
ck
hkz
8
ttex
2
dyf
9
sd
5
rn
jx
0
crb
sx
7
jr
1
jo
4
qbv
mrb
1
yq
kjf
gxs
0
iw
8
3
7
tk
5
pv
9
vx
9
ke
iw
ct
6
ix
ac
rh
7
fh
pn
1
mt
hd
nz
45
kteq
pmd
igny
zw
lv
3
2
8
so
ns
hs
kc
0
6
oq
1
gq
bycvt
6
da
nxw
uy
7
5
rgc
kp
0
1
kfl
0
ag
05
0
vp
8
vr
0
pne
7
eeo
5
tqw
ty
7
dai
tod
clg
9
czxzy
mc
6
4
6
kw
9
9
4
ws
za
keos
1
2
bkl
he
8
1
zxu
yy
6
oj
6
rou
0
7
an
ll
xu
ia
4
rd
gi
veg
2
rwg
0
yu
4
kl
9
6
uuw
ud
oup
gx
2
gq
os
ym
mlrlc
xg
7
cs
kl
4
yv
rqp
uz
or
6
it
mu
3
jt
sy
1
2
kh
wf
ohcf
qy
5
7
tzycm
gw
5
5
3
bv
oe
5
7
1
xj
xv
49
kq
ek
qs
bz
jq
xj
gk
jn
46
9
cf
6
lv
mk
2
lds
5
rh
grh
0
qp
6
tv
6
cc
iah
4
2
af
5
va
dmjgg
bhd
umb
lcp
rr
2
pw
xdv
8
qn
zx
sf
yt
ep
fk
4
1
fb
64
qx
cf
en
nus
49
ugxv
xj
dl
16
3
5
9
5
qs
qrl
7
nnqfyw
9
6
ih
jl
3
oc
7
4
rbeneo
mwy
tjskr
qaa
ckc
2
4
2
qk
7
sogr
6
ze
ydvm
kwx
zg
oh
le
9
gcw
hakdt
7
gck
0
nz
rz
4
9
tbe
ja
vona
dz
3
rhi
qoex
ny
imf
zj
09
gxwpnk
6
ntqc
pl
6
pq
boe
2
rg
hsc
5
oqq
kj
gh
tx
le
3
ve
ke
6
gj
2
iig
4
0
mcs
xkebz
1
be
8
ozf
zeued
ooezyj
irznxk
4
juj
mc
cjc
kjv
ap
tl
yi
0
krq
rv
0
ayrj
1
vnn
sl
7
3
jdu
dp
6
utpi
3
zod
tcxf
uu
5
fbtv
35
by
alm
5
cp
5
4
fr
lcmk
6
0
9
lk
jir
7
wlyb
2
bbm
zqcjd
2
ncsuq
ke
9
2
sqlsfe
qj
rc
mobs
nt
8
kq
okg
jcf
61
cg
gqft
ejzm
wf
uj
fa
yz
6
0
lg
geal
5
9
zsfg
tg
tv
8
6
dh
4
nq
6
il
ey
hhgbe
hr
10
hf
97
7
8
rf
mw
syg
kg
1
lm
4
ocvq
0
mng
lf
0
sz
1
7
lz
5
cif
3
fr
zk
zs
mfso
6
yzbgs
cw
bsz
1
jq
sd
th
kro
dquul
8
4
mlr
gm
8
ss
uqj
5
vi
cxn
97
bn
9
ur
5
um
2
xl
kft
ymf
ad
7
lhoha
9
yc
xd
dvh
8
yk
95
9
84
9
4
jrg
9
mn
5
jn
8
ln
wnco
jw
7
4
6
9
4
mlh
hc
wb
zsoxo
zh
bd
qf
8
7
7
jd
jc
2
1
db
2
dfqmcg
9
snb
pm
8
ltmt
2
cy
5
zrqd
tt
meewp
3
ik
fv
78
0
rt
6
qd
0
rz
xa
ro
jzb
3
hy
8
ya
2
pvou
hm
qx
ac
ev
zz
tdu
kopf
nu
9
ar
8
wj
lpwhfnyg
6
uxtj
3
aqeo
guo
8
7
uy
zs
3
avk
vldo
khxw
zwr
nz
0
rn
4
ko
3
ti
12
bw
cxuoz
2
0
xy
1
lni
2
gzmu
9
6
kj
qs
3
xc
2
jz
7
4
fx
9
6
xta
vz
3
1
3
qu
6
il
8
5
hp
xd
cmpb
9
7
wn
4
xbo
7
0
pdpuoya
bpz
fb
5
otk
1
6
7
hj
7
zf
6
uc
ov
1
1
crx
6
qy
io
0
vtot
3
2
rr
pno
wv
3
oil
lx
vj
nl
7
cl
3
9
ri
7
lvnq
ib
ur
gw
rdaf
flp
rgg
16
rc
2
njm
kf
ccfp
72
qb
hi
tv
pmt
ro
7
vkfjfl
ky
yu
1
7
bmrfejq
vj
hq
lfl
9
rys
3
1
7
7
rq
6
yvso
id
ig
omt
pcqy
yv
ry
6
zbcl
4
qi
lc
qjkd
95
4
lli
0
rd
0
wrr
pn
nxeg
38
zx
2
xkf
2
8
1
bd
bo
koybl
2
xch
uo
ft
8
3
hm
4
ow
6
7
vq
ma
5
tx
0
1
gk
2
xc
3
kg
id
7
7
ign
7
keq
6
nyjhy
5
ur
ty
uco
4
yu
vm
azwy
6
mmf
pxq
kjjr
4
ih
zf
1
3
px
5
qih
ym
0
ak
6
gsc
qwv
cal
2
mkgq
7
jnt
im
4
vby
ann
2
5
7
ppq
pa
6
9
an
va
9
jx
bal
tlq
6
th
4
tb
ej
3
8
gc
cn
4
tpe
5
aduf
2
dwf
bibj
7
ne
6
mec
5
pif
4
ju
7
qc
xg
bh
nq
nc
kur
lkt
dq
xe
bycd
ot
4
2
1
lh
bu
2
vj
9
9
4
dfgo
5
qj
kylakz
7
et
ga
7
6
jh
4
log
nh
hm
51
iu
yezu
bsdqsej
kv
lna
6
rgley
4
kig
pq
1
qv
gj
bo
bu
8
au
mf
up
xeu
etxv
qrd
nefceef
1
wlso
ixgr
7
hnat
7
0
nuz
2
2
odh
hy
1
pu
qpe
9
jsc
8
eg
xgfe
tv
fws
3
hfdw
8
wfpx
gso
vv
9
1
cwcu
unoy
5
guoh
19
ag
kt
5
endstream
endobj
obj
uofa
organizational
chart
indd
goto
endobj
obj
uofa
organizational
chart
indd
goto
endobj
obj
uofa
organizational
chart
indd
goto
endobj
obj
uofa
organizational
chart
indd
goto
endobj
obj
uofa
organizational
chart
indd
goto
endobj
obj
uofa
organizational
chart
indd
goto
endobj
obj
uofa
organizational
chart
indd
goto
endobj
obj
uofa
organizational
chart
indd
goto
endobj
obj
annots
artbox
bleedbox
contents
cropbox
mediabox
parent
resources
extgstate
gs
0
gs
0
gs
0
gs
0
font
procset
pdf
text
xobject
rotate
0
structparents
1
trimbox
type
page
pieceinfo
indesign
lastmodified
numberofpageitemsinpage
64
numberofpages
1
originaldocumentid
pageitemuidtolocationdatamap
0
6
0
0
0
0
0
0
0
17
18
19
0
20
21
22
23
24
25
26
27
28
29
0
30
31
32
33
34
35
36
37
38
39
0
40
41
42
43
44
45
46
47
48
49
0
50
51
52
53
54
55
56
57
58
59
0
60
61
62
63
0
0
5
pagetransformationmatrixlist
0
pageuidlist
pagewidthlist
0
endobj
obj
endobj
obj
bs
type
border
0
border
0
rect
subtype
link
type
annot
endobj
obj
bs
type
border
0
border
0
rect
subtype
link
type
annot
endobj
obj
bs
type
border
0
border
0
rect
subtype
link
type
annot
endobj
obj
bs
type
border
0
border
0
rect
subtype
link
type
annot
endobj
obj
filter
flatedecode
length
stream
hwrf
astrubzq
elit
9
og
on
8
hehn
rd
wmz
pe
4
3
ub
8
woy
wb
lj
5
qz
9
rc
pd
1
bu
84
4
80
mn
ltv
et
pk
epo
8
md
erxfy
ff
gldsy
wh
3
dsj
0
9
juy
3
muvnxt
57
bm
zh
9
6
mp
oe
avc
eu
5
tc
8
bw
6
pc
jx
1
fngez
rlkm
rgaa
fc
hx
1
5
mzq
eyzv
eoo
yanv
wawy
9
hfx
9
wovx
ma
7
9
zr
bprxd
jwbx
bq
lld
6
qp
kd
5
xcj
lp
52
kim
gd
ow
8
qaft
ht
lp
cu
jw
fs
9
ecljd
2
zh
iev
og
tyfs
nu
4
mw
7
in
iwj
zf
4
xiw
4
ttk
mf
uccsgkt
3
vf
yc
hn
jn
rn
qpz
yt
ag
yxx
dl
ptei
ls
pdl
mmav
1
0
oqlw
6
ti
0
4
9
ck
tv
8
ry
uwa
0
vv
2
nj
eg
9
or
aovkr
3
dwr
2
qp
zs
6
1
3
to
uj
85
3
xg
gq
0
wqyg
ir
cz
ms
6
gm
1
4
bul
ml
8
knl
jk
6
5
uo
rmd
8
ch
9
viq
kt
ktw
fk
tap
xe
rhdl
mhl
9
sqwexzx
by
lb
8
mxc
kz
ksp
xz
1
yqu
al
ros
5
1
gb
pgu
lxs
zq
rb
0
05
8
ps
qg
4
qf
yn
xs
7
htiw
jn
dc
8
nrb
cy
uisl
6
qom
4
mw
arwa
kf
9
oooy
3
kn
ig
1
9
ogi
it
3
mv
rb
yne
dm
hnxu
ubt
7
wm
5
oyql
uii
vw
8
lszi
ln
irg
om
ykc
dd
8
md
0
1
st
we
0
0
2
kpn
hfs
6
rr
jz
6
8
yyyq
bhnrk
mz
0
wa
6
rs
zd
le
wt
gq
wc
6
qb
zbjj
fb
hj
npi
hlmot
loz
0
endstream
endobj
obj
uofa
organizational
chart
indd
goto
endobj
obj
uofa
organizational
chart
indd
goto
endobj
obj
uofa
organizational
chart
indd
goto
endobj
obj
uofa
organizational
chart
indd
goto
endobj
obj
annots
artbox
bleedbox
contents
cropbox
mediabox
parent
resources
extgstate
gs
0
gs
0
gs
0
gs
0
font
procset
pdf
text
xobject
rotate
0
structparents
3
trimbox
type
page
pieceinfo
indesign
lastmodified
numberofpageitemsinpage
46
numberofpages
1
originaldocumentid
pageitemuidtolocationdatamap
0
0
0
0
0
0
0
0
0
0
0
0
0
0
0
0
0
0
0
6
0
0
0
0
0
0
14
14
0
0
0
0
0
0
0
0
44
45
0
0
0
0
0
pagetransformationmatrixlist
0
pageuidlist
pagewidthlist
0
endobj
obj
endobj
obj
bs
type
border
0
border
0
rect
subtype
link
type
annot
endobj
obj
bs
type
border
0
border
0
rect
subtype
link
type
annot
endobj
obj
bs
type
border
0
border
0
rect
subtype
link
type
annot
endobj
obj
filter
flatedecode
length
stream
hwnh
pd
lj
nk
4
5
bdi
lm
oq
6
1
qh
9
ug
xwy
qqq
2
qr
xqn
gtxg
lg
vo
7
adb
3
3
3
xo
4
1
9
smvpjy
3
to
9
syh
io
1
8
iiq
pip
1
wx
hpj
ynli
mljd
igq
8
3
va
3
ec
6
zskg
owb
jxe
ffn
1
mecvyj
0
sdu
he
ztqnw
plty
8
8
xz
3
7
kja
7
2
hv
2
oh
64
kv
38
eqm
gmbeir
hltpz
0
6
gat
2
obzii
6
cl
4
ai
64
0
ya
61
bs
vz
no
0
4
qu
8
lda
3
xhg
7
zi
1
jf
6
nuplj
6
ztl
wa
1
qo
cr
dup
8
flr
4
qabaw
9
dzblr
4
cs
hw
oadcl
3
0
5
ydd
upe
2
kacvyakdn
qam
2
fv
3
th
4
yfo
uq
dk
84
deu
0
4
cf
8
yoety
zv
5
8
5
uq
zqyoj
3
ujp
5
kzan
nr
rr
xg
pjo
9
wm
1
9
tx
6
xkk
jqwwwsry
8
st
7
hn
zz
bg
0
ov
uk
yz
8
ua
pe
1
3
riz
bodt
54
bwu
5
6
aw
9
wht
mh
6
wn
vjc
7
hh
9
dgp
6
pn
jcs
5
fgd
lxo
nd
2
7
gd
nf
ik
78
cn
dxxxn
knx
xs
1
ym
4
nu
8
dgsw
8
kr
5
ojs
7
qx
3
5
7
1
2
ohc
6
au
ktrt
fnbzu
ad
23
5
lxd
9
ma
hmfon
ubz
aydg
nn
xy
6
ac
aa
fkm
wj
cg
dr
oml
8
vuah
vcu
ck
8
ph
xn
cs
uq
0
5
cc
lyxxu
pc
9
mrk
bv
zkd
fy
2
cw
joh
3
tuuly
8
6
4
3
vg
ud
3
92
6
hm
4
meomvgb
nsj
75
37
fg
nli
dug
bzlln
6
bicc
4
9
87
6
cu
we
1
yvjned
5
lv
1
5
yd
2
5
gp
xcbj
icib
kki
fap
6
2
1
ew
auxk
mr
id
2
xciu
1
tu
zh
hs
0
dw
2
akby
4
dp
2
fz
fref
yb
3
le
pcet
5
0
mql
ym
4
zw
7
sa
5
dd
xx
iuttkjzs
qr
fr
4
fcsm
vf
fj
1
7
78
5
sd
qo
3
8
xh
89
dk
fh
sefu
qc
bg
ui
3
sac
yqvi
7
lja
5
2
0
fq
0
le
5
fm
mq
wtroqbduy
ww
1
4
lf
uqd
7
eqh
6
5
mm
qpkn
rh
4
su
3
0
mbjutd
cm
8
ylg
wj
9
rh
2
vr
1
qg
3
sph
rrk
32
hz
7
hl
8
endstream
endobj
obj
uofa
organizational
chart
indd
goto
endobj
obj
uofa
organizational
chart
indd
goto
endobj
obj
uofa
organizational
chart
indd
goto
endobj
obj
annots
artbox
bleedbox
contents
cropbox
mediabox
parent
resources
extgstate
gs
0
gs
0
gs
0
gs
0
font
procset
pdf
text
xobject
rotate
0
structparents
5
trimbox
type
page
pieceinfo
indesign
lastmodified
numberofpageitemsinpage
40
numberofpages
1
originaldocumentid
pageitemuidtolocationdatamap
0
6
0
0
0
0
0
0
0
0
0
0
0
0
22
23
24
25
26
27
28
29
0
30
31
32
33
34
35
36
37
38
39
0
0
0
0
0
0
pagetransformationmatrixlist
0
pageuidlist
pagewidthlist
0
endobj
obj
endobj
obj
bs
type
border
0
border
0
rect
subtype
link
type
annot
endobj
obj
bs
type
border
0
border
0
rect
subtype
link
type
annot
endobj
obj
bs
type
border
0
border
0
rect
subtype
link
type
annot
endobj
obj
filter
flatedecode
length
stream
hw
3
ki
6
ttx
anv
qv
37
ruz
awzqhk
8
3
0
lhhq
vmd
je
rs
tj
2
ays
es
3
2
yz
fe
tn
3
5
iuc
rjh
kp
8
4
in
mh
jd
hq
ce
ar
dj
mme
2
ml
oh
tcceae
yv
pmm
8
dt
6
6
7
iv
4
gwt
nym
4
ewe
nc
wv
5
yx
qojtz
tuf
6
rix
oe
06
or
mpn
jt
qp
eq
3
dinhd
7
pcvq
5
cyr
gwffg
5
ng
4
79
mvzk
1
iz
nbg
tq
sxv
mf
jnerlkdh
tw
suv
2
lcio
cu
9
osg
pd
3
jd
6
dg
jaq
1
fj
hz
6
9
5
iy
edmvd
tvl
ws
2
0
1
lk
ry
56
ig
nk
1
zq
84
fn
el
is
gn
ap
hgd
0
dj
5
1
ac
5
sjb
gy
nhv
12
lllme
gv
2
cq
6
ht
1
lupm
flks
yu
sow
5
we
3
bo
5
4
kiima
4
ya
wm
3
ma
3
ypemzw
9
kd
hm
gm
vk
ajkl
1
rt
js
um
gcfx
8
3
yl
qyd
esx
bg
9
8
7
qwi
glzd
ng
4
3
0
4
tjz
ng
6
ey
jyg
dty
0
rr
czdd
8
1
loy
btyj
5
6
qr
tx
kb
46
rf
ta
5
wx
5
nli
bnxwwmcxil
ps
cnad
6
uyj
9
kas
4
22
3
oi
jijl
dh
2
0
bqj
bih
kvq
3
zpz
fmwu
wb
bw
kvh
ff
mgj
th
isnffgt
pmb
yz
0
ep
aon
vse
mm
9
zro
ru
wyl
4
xca
wt
1
4
lr
wp
0
go
ag
7
cj
2
qrj
vu
7
vi
rbh
9
jdd
5
zst
iam
3
cl
pon
9
pd
3
ft
8
jlz
cx
6
zc
endstream
endobj
obj
uofa
organizational
chart
indd
goto
endobj
obj
uofa
organizational
chart
indd
goto
endobj
obj
uofa
organizational
chart
indd
goto
endobj
obj
annots
artbox
bleedbox
contents
cropbox
mediabox
parent
resources
extgstate
gs
0
gs
0
gs
0
gs
0
font
procset
pdf
text
xobject
rotate
0
structparents
7
trimbox
type
page
pieceinfo
indesign
lastmodified
numberofpageitemsinpage
88
numberofpages
1
originaldocumentid
pageitemuidtolocationdatamap
0
6
0
0
0
0
0
0
0
0
0
0
20
21
22
23
24
25
26
27
28
29
0
30
31
32
33
34
35
36
37
38
39
40
41
42
43
44
45
46
47
48
49
0
50
51
52
53
54
55
56
57
58
59
0
60
61
62
63
64
65
66
67
68
69
0
70
71
72
73
74
75
76
77
78
79
0
80
81
82
83
84
85
86
87
0
pagetransformationmatrixlist
0
pageuidlist
pagewidthlist
0
endobj
obj
endobj
obj
bs
type
border
0
border
0
rect
subtype
link
type
annot
endobj
obj
bs
type
border
0
border
0
rect
subtype
link
type
annot
endobj
obj
bs
type
border
0
border
0
rect
subtype
link
type
annot
endobj
obj
bs
type
border
0
border
0
rect
subtype
link
type
annot
endobj
obj
bs
type
border
0
border
0
rect
subtype
link
type
annot
endobj
obj
filter
flatedecode
length
stream
hwnh
olc
2
gmmfm
6
9
zkzd
mt
qtyf
4
fp
rat
nkj
tfsi
dt
hf
0
9
wa
qhqq
ndm
7
sz
or
43
re
jui
gw
fl
jiypp
9
2
36
rc
3
xpdfc
zi
deq
2
vcqp
1
2
6
zppn
jdvrg
8
5
wsuq
9
veok
1
av
fz
8
qze
xa
zuqv
xom
9
zd
7
ob
9
dks
oc
ln
ue
ww
aw
9
6
xou
zug
4
gyv
1
hmfc
5
pp
jhuwb
02
wq
0
0
cct
oeo
8
gm
8
xa
wq
4
ys
qu
9
vn
66
ltl
uc
jb
3
gc
qvhz
2
ph
6
msk
0
lol
lga
qe
8
iu
1
2
0
lnh
zbx
jz
7
ngum
nq
fl
4
2
2
ruv
ih
2
9
7
xp
uh
uh
bn
djc
uu
0
dp
gsqww
7
nut
uj
tc
ns
xi
2
fu
dn
ti
vc
2
ps
1
lro
jte
sgq
oo
6
ki
nw
kwz
1
1
nzkou
fff
rfnu
9
6
23
pwc
2
xj
bvv
fgc
gv
2
zf
2
pho
rj
uf
6
tae
02
xl
0
vd
udharw
2
vi
mz
2
2
2
4
4
io
6
0
ua
kk
7
yquif
7
3
jr
iy
msd
8
yg
8
9
opc
3
wy
ew
tv
5
nk
2
axm
1
1
rx
lp
amszc
9
yw
2
7
ngk
4
ar
3
gyk
0
qd
ydl
cd
el
8
bjjcs
4
eo
8
4
wiwq
3
fh
3
7
msu
6
15
em
kab
ocm
vo
9
vx
1
vts
dl
ma
7
mav
0
nj
2
6
1
5
alo
2
ed
zg
runhl
34
lfp
9
ng
dmzxwlk
nl
0
gbi
xfx
xs
3
ix
8
endstream
endobj
obj
uofa
organizational
chart
indd
goto
endobj
obj
uofa
organizational
chart
indd
goto
endobj
obj
uofa
organizational
chart
indd
goto
endobj
obj
uofa
organizational
chart
indd
goto
endobj
obj
uofa
organizational
chart
indd
goto
endobj
obj
bbox
filter
flatedecode
length
matrix
resources
colorspace
extgstate
font
procset
pdf
text
properties
subtype
form
stream
hwn
lc
1
3
tf
1
8
uji
5
2
ovy
9
xwfx
9
8
sy
oyg
nog
97
8
9
om
0
ono
kj
hx
ww
qo
fozg
kn
1
2
1
sy
8
ch
39
5
9
exk
98
ocuad
wvr
jq
1
ci
cvb
ss
yl
9
jdz
0
pa
rg
on
8
ji
qu
8
2
vxdk
88
pf
be
0
hy
xm
nc
ne
7
vg
7
ho
vlh
7
4
mfeu
ck
9
sd
7
fm
yrk
nuzid
9
pb
nz
iy
ry
gyhlcs
2
mf
gep
um
sx
ya
1
8
cyi
6
jln
7
ggimyd
edaf
kkz
57
ik
nndr
udtd
0
lkw
ctk
mmjkmuceu
iby
pf
jslp
6
za
ylj
ky
3
8
sv
im
wsa
1
5
suq
3
fs
vu
3
fim
tl
sl
bkg
gznm
xy
ty
1
wx
2
dom
xt
1
hv
nk
8
ax
jgs
9
4
rc
6
dmcsxycr
im
9
9
ulwot
texa
3
sa
ymykg
bmexf
bi
wjq
6
jh
mrs
7
rvd
yu
qogv
7
ol
shr
5
vx
ui
6
amwg
2
yljy
wfq
ar
0
zs
if
6
4
ml
rfh
hxshh
1
1
3
ir
7
2
bo
adeq
hw
3
ac
2
gnrga
1
7
jfx
iv
2
0
jf
tn
nqi
pt
4
4
plryxxa
9
1
9
cqe
61
te
ukv
rx
hdo
ijg
9
tqn
ch
4
mk
hw
qe
7
gndgnw
tkhol
ef
24
0
3
kq
9
ncwgre
ct
xm
zn
wry
bot
1
uhv
hxo
zwd
3
di
0
jj
ij
ch
jv
szwk
tgj
rmet
fyf
cf
4
1
pfmc
06
aoi
njyz
5
lkv
0
sj
7
wtyvzioz
2
qs
rgk
wk
wr
8
fl
4
6
uzwa
5
8
kuujv
fo
68
gk
cyo
eo
zd
3
gl
eqq
janogj
0
mn
1
scd
69
8
nn
fo
2
9
1
qyi
rsc
zc
9
7
ue
pmd
qy
7
ylj
8
ht
pl
oc
9
tm
4
6
eaz
8
dl
0
dy
pzl
pqp
4
ii
ma
0
mcq
wo
2
fi
0
ln
do
bhj
0
5
lo
0
gv
pn
xj
pne
7
ozb
4
3
7
2
3
zzw
6
qfa
4
npf
2
ig
4
fi
5
exxr
0
jn
7
nqj
ux
zlcd
0
yv
gs
hl
9
vwu
8
6
vmmb
3
zh
aj
1
uc
7
hm
2
gw
1
zt
0
7
ad
6
wfrpuj
6
pa
4
yhfu
3
ohu
yzb
ps
0
wr
2
1
lk
sf
lda
dl
6
7
zzag
9
mo
3
7
fjmn
7
uon
6
nv
ngu
2
8
1
lr
1
lsqs
7
kl
6
6
uw
ud
ou
9
gxrfq
ewt
6
ce
3
2
llf
92
ldb
8
prlxq
xj
edk
pj
4
wge
6
be
0
6
3
8
9
jcbw
6
bw
0
yp
oca
9
6
zwwlo
2
zpg
9
9
zk
31
vjsubvi
3
tz
65
am
rvw
uw
4
pska
8
mf
ff
gcsa
ss
ff
zd
5
6
6
3
dw
yae
sbnx
2
qif
rx
vp
3
6
0
38
sh
6
wl
5
xf
jxu
fg
onuhpcpaw
go
ir
qv
ns
ns
0
xr
ev
4
kr
93
gj
zmh
sal
rfwa
xf
yh
2
cf
ilo
5
bpqg
4
4
ji
sq
8
6
4
nk
rg
vt
3
eu
6
vlfqx
6
5
rdz
5
djyhf
zko
ynq
0
plr
dk
xu
ckc
kx
7
lx
kbu
hfs
5
jn
hx
0
ctx
jp
4
0
ptq
9
9
zqyf
qhveq
1
eg
bw
5
cy
9
uqr
0
6
7
4
qs
6
3
eewp
ty
qt
5
lw
7
cs
3
tbp
vz
4
hl
eu
ll
5
cfj
oddfs
3
kddb
ux
7
pg
dcna
kex
jwu
tj
9
8
oy
xw
of
rki
95
vuv
3
bd
65
oz
8
uu
ah
abzg
6
9
ze
wm
lbe
2
xkk
wsbdo
4
xfw
bbxnbs
3
5
gf
cf
dh
1
uvm
ad
4
sy
rjs
zi
bs
yhot
ffg
wf
2
xhit
75
nl
5
kyad
2
4
1
vvj
et
1
ychk
2
qp
kjl
3
vx
4
if
kyfq
fd
9
3
zqf
mrr
0
4
3
revcn
tej
0
xp
2
zl
cli
4
mvl
gfnx
eythg
3
2
in
eig
el
0
yk
vv
aa
kn
it
wk
4
zo
2
mr
6
dy
kd
3
2
80
0
1
fst
qd
1
5
wtk
1
1
lqx
wupym
5
xyr
om
ja
kz
fl
0
1
vv
3
xxnf
0
7
az
5
eyi
1
cy
4
ja
8
hdn
yh
ii
8
79
ge
mv
0
xy
1
3
5
87
iw
rw
usj
crgtj
fe
9
3
dsm
6
2
oy
6
rn
nxvb
5
of
ka
2
3
iom
xo
1
us
bp
8
ak
2
8
ei
ck
4
8
haf
td
vam
dm
mnehkh
5
3
ky
3
xk
6
kd
yrr
8
pfr
4
mb
kauq
bcdau
rae
5
le
xd
zii
he
8
ea
lqe
7
hkuf
pq
lkhl
db
hb
1
iacub
jw
ut
pz
qk
les
iq
lz
8
0
7
tc
dmziq
ulfxe
av
vldo
qsa
wwh
po
tnv
3
pyy
um
rn
6
evfg
8
gs
gjz
ml
uea
1
tz
ncr
qa
4
qta
7
ti
mm
1
7
ys
2
ab
jdgy
7
7
iz
na
1
mzhepjs
7
efm
mb
6
8
mq
8
osd
vkcav
jn
0
rdpuog
bpe
fa
5
ot
9
6
fotx
3
hf
nm
6
dg
6
8
6
yc
5
zqy
6
7
14
nz
vg
4
5
tyqd
9
dvz
np
7
fz
4
af
4
5
cm
6
ti
zn
8
yz
2
zs
4
8
ha
zlesrb
um
4
4
9
pzb
nmkv
1
zk
is
hyig
sa
lyv
mw
fz
uap
9
7
tvokic
3
8
0
ua
gvi
5
asj
fzlnhnt
2
rn
jc
6
zto
fb
0
ws
yu
wty
jav
4
5
un
8
uekz
9
om
eptnoi
7
jrz
wk
7
7
lkr
1
bd
hf
3
ig
sd
sfa
aompyt
0
zgbfm
1
btpfiu
usi
5
46
yrdw
5
em
0
inz
yfyzq
jbm
7
9
kj
gasn
rlmzi
7
mt
mr
tu
8
ovsb
rlli
gmekyvz
gui
nbzw
qf
mc
dpx
ga
70
ohb
1
kq
cm
osiec
6
ub
7
zo
bk
ilf
lrao
ou
9
yb
1
sf
45
dr
ks
4
qk
6
0
9
suytu
egwh
wixo
qzu
1
dq
xq
6
qi
rr
otcy
ofl
9
hpu
aywe
gz
kpsxwh
18
lvyfi
4
7
nh
fu
yz
io
91
4
ez
ao
9
ux
uizibv
51
ew
hp
4
6
zsarn
wmv
4
qwhb
8
dvh
56
hjlgae
yl
0
2
9
dyh
3
vd
0
1
vubgq
vjj
ine
7
9
nak
oh
1
ifo
ci
tr
5
vb
xt
zqjc
ngd
5
ce
3
cq
oo
4
awy
tb
fx
tz
2
7
erfcba
nh
df
ml
8
gr
ki
lsob
wsf
bb
9
7
eqn
4
aje
4
eoig
75
oi
lu
qra
9
2
3
hie
ex
3
8
lro
0
gw
3
gpr
sv
fe
7
drj
jwvt
1
vyyoj
2
oddvfkh
6
rfiw
0
ihbt
0
eaca
6
55
6
lg
ku
8
vt
jhbreyz
qs
7
zy
9
bs
8
sa
nvmwwg
jim
0
lbxdw
2
ye
ya
fs
wcdju
tqdw
8
0
fo
mm
gw
2
rmw
8
riqw
0
5
sxefe
9
gq
8
3
ge
qck
7
ta
76
endstream
endobj
obj
endobj
obj
length
subtype
xml
type
metadata
stream
xpacket
begin
id
mpcehihzreszntczkc
9
xmpmeta
xmlns
adobe
ns
meta
xmptk
adobe
xmp
core
2
dac
rdf
rdf
xmlns
rdf
http://www.w3.org/1999/02/22-rdf-syntax-ns
rdf
description
rdf
about
xmlns
dc
http://purl.org/dc/elements/1.1/
xmlns
xmp
http://ns.adobe.com/xap/1.0/
xmlns
xmpmm
http://ns.adobe.com/xap/1.0/mm/
xmlns
stref
xmlns
stevt
xmlns
illustrator
http://ns.adobe.com/illustrator/1.0/
xmlns
xmptpg
http://ns.adobe.com/xap/1.0/t/pg/
xmlns
stdim
http://ns.adobe.com/xap/1.0/sType/Dimensions
xmlns
xmpg
http://ns.adobe.com/xap/1.0/g/
xmlns
pdf
http://ns.adobe.com/pdf/1.3/
application
postscript
ua
logo
horizontal
reversed
rcordell
adobe
illustrator
cs
6
macintosh
00
00
00
xmp
did
8
xmp
iid
8
proof
pdf
uuid
72
ee
feadd
cd
bb
fd
2
xmp
iid
8
xmp
did
8
uuid
72
ee
feadd
cd
bb
fd
2
proof
pdf
saved
xmp
iid
8
adobe
illustrator
cs
6
macintosh
saved
xmp
iid
8
00
adobe
illustrator
cs
6
macintosh
converted
from
application
postscript
to
application
vnd
adobe
illustrator
converted
from
application
postscript
to
application
vnd
adobe
illustrator
converted
from
application
postscript
to
application
vnd
adobe
illustrator
converted
from
application
postscript
to
application
vnd
adobe
illustrator
print
1
false
false
inches
black
pantone
default
swatch
group
0
white
cmyk
process
black
cmyk
process
cmyk
red
cmyk
process
cmyk
yellow
cmyk
process
cmyk
green
cmyk
process
cmyk
cyan
cmyk
process
cmyk
blue
cmyk
process
cmyk
magenta
cmyk
process
15
90
10
cmyk
process
0
90
85
0
cmyk
process
0
80
95
0
cmyk
process
0
50
0
cmyk
process
0
35
85
0
cmyk
process
5
0
90
0
cmyk
process
20
0
0
cmyk
process
50
0
0
cmyk
process
75
0
0
cmyk
process
85
10
10
cmyk
process
90
30
95
30
cmyk
process
75
0
75
0
cmyk
process
80
10
45
0
cmyk
process
70
15
0
0
cmyk
process
85
50
0
0
cmyk
process
95
5
0
cmyk
process
25
25
cmyk
process
75
0
0
cmyk
process
50
0
0
cmyk
process
35
35
10
cmyk
process
10
50
0
cmyk
process
0
95
20
0
cmyk
process
25
25
40
0
cmyk
process
40
45
50
5
cmyk
process
50
50
60
25
cmyk
process
55
60
65
40
cmyk
process
25
40
65
0
cmyk
process
30
50
75
10
cmyk
process
35
60
80
25
cmyk
process
40
65
90
35
cmyk
process
40
70
50
cmyk
process
50
70
80
70
cmyk
process
pantone
spot
lab
53
23
print
color
group
1
0
30
70
0
cmyk
process
5
70
90
0
cmyk
process
5
90
75
0
cmyk
process
30
0
95
0
cmyk
process
60
5
95
0
cmyk
process
30
0
10
0
cmyk
process
60
10
5
0
cmyk
process
80
5
10
0
cmyk
process
grayscale
1
gray
process
90
gray
process
80
gray
process
70
gray
process
60
gray
process
50
gray
process
40
gray
process
30
gray
process
76
20
gray
process
50
10
gray
process
25
5
gray
process
12
adobe
pdf
library
xpacket
end
endstream
endobj
obj
basefont
rpdxdz
helveticaltstd
cond
encoding
winansiencoding
firstchar
32
fontdescriptor
lastchar
subtype
type
1
tounicode
type
font
widths
endobj
obj
filter
flatedecode
length
stream
0
bzy
hb
ise
lghqlz
qca
fx
5
mg
4
ghn
17
gje
nb
rg
sg
xvvi
uv
7
iw
4
endstream
endobj
obj
basefont
rpdxdz
helveticaltstd
boldcond
encoding
winansiencoding
firstchar
32
fontdescriptor
lastchar
subtype
type
1
tounicode
type
font
widths
endobj
obj
filter
flatedecode
length
stream
1
ik
hu
kc
9
tq
qhl
2
rrniw
3
mn
5
psu
0
rt
8
hu
9
pe
bg
wwooq
6
sdokpd
endstream
endobj
obj
basefont
rpdxdz
myriadpro
condit
encoding
winansiencoding
firstchar
32
fontdescriptor
lastchar
subtype
type
1
tounicode
type
font
widths
endobj
obj
filter
flatedecode
length
stream
0
mk
0
fkj
wy
oj
2
rs
arb
8
6
gn
rd
eerz
3
rwkkl
2
2
0
vx
1
ka
3
4
km
6
5
10
endstream
endobj
obj
ascent
capheight
charset
space
two
three
descent
flags
96
fontbbox
fontfamily
myriad
pro
cond
fontfile
0
fontname
rpdxdz
myriadpro
condit
fontstretch
condensed
fontweight
italicangle
11
stemv
72
type
fontdescriptor
xheight
endobj
obj
filter
flatedecode
length
subtype
type
1
stream
tmpt
fkz
3
0
7
6
fh
dg
8
wyjx
vk
iv
6
mk
5
zof
yjdit
rv
btw
4
rt
mlcke
4
dwk
hs
uqtdjt
3
llrj
pl
bx
58
3
1
5
2
rdilx
yi
uy
oer
ybx
5
38
wfeta
rq
dn
knf
fes
6
9
ggq
zf
qzdrunp
ig
9
ohc
0
jt
ddh
uj
8
vk
cr
propl
5
euf
kz
bkflhrjzul
6
hq
5
12
tvw
1
wf
4
gi
ud
vgfdy
fph
6
bvsj
dfg
wtv
spg
7
5
dnm
9
arj
kf
duc
yf
wb
gwv
efv
bid
1
8
7
1
0
0
xv
8
7
tra
9
4
jvwqn
pnb
6
sk
0
endstream
endobj
obj
count
0
type
outlines
endobj
obj
filter
flatedecode
first
length
type
objstm
stream
xf
gmcgx
23
is
lq
8
rqone
8
lt
yo
8
wor
9
7
yq
rb
dn
8
jj
7
1
8
rhj
8
wz
boq
3
gi
urlbi
tl
gk
meh
io
5
ct
9
pf
1
8
8
nf
zc
nnf
7
con
7
za
qn
ns
xzrr
1
ia
ewzpse
3
bku
4
nxu
on
lg
4
zg
fin
9
ki
si
5
hz
0
0
5
9
7
2
4
tbu
tbu
yoeedh
xxzcj
9
jpvj
48
ix
1
an
3
ymqxxx
wy
8
vtzw
4
sw
8
wll
pg
4
nidix
sk
9
db
lf
bg
bp
2
vyr
zjdo
cl
4
qnx
nd
ex
8
az
hd
2
kgj
yg
erh
eo
2
zu
5
2
ua
ux
dajrf
ls
ju
qcb
3
4
urpa
5
9
mjw
uhutq
55
zjd
6
yvh
gj
6
ukx
wa
4
5
svp
juw
wu
5
7
yjm
8
blro
8
bk
3
mp
45
0
lp
dq
4
yl
lz
ii
6
mqs
dm
2
cdj
ysyd
lf
5
4
fx
endstream
endobj
obj
extends
filter
flatedecode
first
length
type
objstm
stream
svvv
2
ncse
vb
na
vbo
ma
gw
ey
hj
9
rn
yf
5
0
bm
qe
wjz
9
prder
1
jex
ph
4
xl
ezr
jr
9
41
hw
2
4
nj
zaao
cw
nyj
es
cr
8
gp
4
pq
cc
sm
rt
9
9
tq
mg
2
9
vv
pz
oy
5
bx
to
74
qv
hg
ps
0
fyu
el
2
ex
tu
3
9
cl
9
cd
9
dcd
9
61
bd
ss
3
55
smmfd
ekgjjj
6
xq
6
jjjv
0
vx
dc
8
zx
endstream
endobj
obj
extends
filter
flatedecode
first
length
type
objstm
stream
3
5
brc
ii
ocyy
euj
mv
7
ta
2
eivnkv
iq
79
pf
9
xzt
lvn
wfgb
zpj
6
1
fa
wv
6
irq
ueu
kql
2
mf
93
lsktac
9
fzfezfxhpg
thaop
3
1
6
0
jn
2
8
os
bvms
oea
bbekfr
8
cn
1
9
gcf
endstream
endobj
obj
extends
filter
flatedecode
first
length
type
objstm
stream
2
9
hn
if
bxgo
3
9
8
qv
jg
3
cr
nf
hl
jw
1
zsn
4
0
js
8
4
bybl
8
9
ho
yu
qtr
goql
kme
6
bs
4
3
wxh
1
ul
wn
0
abt
bu
4
vesyw
qx
fce
cad
6
mv
0
6
mv
4
4
50
dt
ya
iv
kv
tbjr
6
5
fi
6
av
dg
bcj
eh
epx
3
on
0
ucf
endstream
endobj
obj
extends
filter
flatedecode
first
length
type
objstm
stream
0
9
fqxs
5
wy
be
gx
7
mz
kl
jo
cx
3
66
7
yc
rh
0
4
cvk
nq
6
8
typ
jw
ext
yz
8
8
we
38
5
7
bj
5
ac
2
vnk
6
wn
0
xt
rgj
5
cbfuwy
oeo
3
fw
fw
2
ez
ou
kf
91
rwp
5
dhkr
jizzxz
tr
8
vr
yz
8
2
gr
rb
rp
4
3
of
3
by
ha
89
fxm
4
gfe
zl
lv
4
tbf
4
xm
6
iap
46
an
gc
10
aib
4
zjfc
kftqk
8
dma
wu
9
wsmv
56
xli
1
edt
66
fi
4
omc
8
yvoo
hed
mx
ddd
1
kayx
0
mw
endstream
endobj
obj
extends
filter
flatedecode
first
length
type
objstm
stream
nr
feg
tlt
eez
7
cb
78
9
hi
3
bdnde
yd
4
yibl
ky
9
cxaj
uc
3
ax
9
zy
04
5
kxvq
3
tr
2
gd
3
wn
0
ii
6
ta
eb
yhgg
3
6
wc
av
3
ybx
evu
fxb
3
pes
ftpsei
9
ap
yc
5
bx
ghxm
62
rx
8
4
fkhfkv
8
9
9
ni
8
vy
pa
7
ej
oii
9
gy
vskq
jmcsm
pal
6
qh
7
os
gw
ihzb
fqlm
rr
2
awl
0
4
fh
4
ck
1
pj
9
ivf
0
sw
6
vh
7
kbw
2
vf
mbi
icv
ay
3
1
zma
5
ej
7
0
vn
endstream
endobj
obj
extends
filter
flatedecode
first
length
type
objstm
stream
xfss
cw
6
vj
zu
8
ltms
hz
1
7
4
wcn
pa
nq
deaq
dcn
ul
5
fwqt
1
tupu
7
llcl
li
ke
0
yf
vn
dzbe
pch
5
gg
km
4
6
pcrsnsa
qglcr
dc
fi
aa
8
gca
35
0
7
vos
9
gg
ov
orlh
13
jcm
ec
4
zz
5
qz
aki
abas
al
9
rp
8
2
uqbxm
kl
om
az
hge
ivj
fea
8
vf
5
cc
nk
prc
jo
1
vqa
5
ya
0
yb
fkhiosdq
bn
5
3
xq
fq
kiwp
0
cdf
6
3
bpz
2
luc
1
endstream
endobj
obj
extends
filter
flatedecode
first
length
type
objstm
stream
3
nf
xx
zc
fe
5
6
op
0
hs
ui
ur
7
wc
rt
7
kq
3
sa
hx
uy
di
ma
jbpta
vcc
clu
pkjp
hr
rb
5
9
ahmv
jp
wn
0
mzii
je
xb
9
5
mo
6
1
plen
rs
2
ym
1
sx
usi
zq
4
im
9
ct
8
zcf
wdl
1
3
tgyp
ynw
9
st
fe
zhjq
1
gz
gz
no
vn
9
9
9
zi
hze
ka
vx
ru
sfb
97
2
2
tb
lr
9
ko
endstream
endobj
obj
extends
filter
flatedecode
first
length
type
objstm
stream
0
wqd
6
4
89
okl
3
vh
cg
3
qg
mr
br
2
38
0
by
6
vxgwx
3
of
luwtw
9
wn
0
at
dpgiy
luu
wcsz
kk
6
6
ya
bgs
6
bgg
frl
ms
ludkl
2
id
en
0
li
wk
li
7
el
rzcz
pfl
1
yt
8
xqpm
3
ww
ysn
jcxtk
6
pn
od
ltufz
cw
3
on
1
jah
8
oxs
xg
adbz
zp
0
fa
ci
9
at
pftl
eg
95
3
uqq
zmookcf
2
no
5
8
rs
qfth
rybqxw
8
endstream
endobj
obj
extends
filter
flatedecode
first
length
type
objstm
stream
7
2
kl
wm
ur
mu
9
ybp
7
7
gtz
ijhj
0
aq
texq
hls
4
cy
pd
hd
chp
3
4
iv
hgz
vd
wn
1
ub
mp
3
wu
jo
ayy
9
xw
3
doc
2
20
js
69
6
bi
7
iynr
4
emi
6
8
xfgktx
hy
61
efy
8
kiwn
7
3
pa
6
uh
cm
fss
df
32
xso
8
7
bei
yg
vil
94
uhk
lw
cm
9
dj
fba
wltyip
0
endstream
endobj
obj
extends
filter
flatedecode
first
length
type
objstm
stream
cwa
qc
6
qu
sd
3
ztb
4
0
re
2
jl
2
wy
2
exrnj
uq
8
wrc
wx
uw
9
2
nfx
pe
26
6
5
rq
7
nx
xl
ei
fu
fx
2
rpiy
9
5
bs
6
vz
1
bd
0
qri
ei
ta
fw
0
ra
4
lgt
6
0
cc
avyz
hskm
qpl
3
uvx
3
4
2
ln
4
feqvqy
eeq
etl
ft
ln
3
0
ar
yc
lm
7
na
endstream
endobj
obj
extends
filter
flatedecode
first
length
89
type
objstm
stream
sa
oh
xazj
gw
rfq
ys
2
hj
be
tfj
8
wn
9
vx
4
bj
pp
js
0
yd
9
dd
9
hv
in
nu
gg
do
ai
5
tk
gv
bk
xg
3
2
jn
1
qb
toq
4
4
8
dj
3
0
ggi
vln
0
as
1
qy
ymet
dctab
gy
3
flq
yxb
5
qglb
5
fu
6
yxr
1
ed
7
ww
rq
hmfrl
zn
hm
7
ws
2
gmn
cwfou
2
ki
0
lo
ls
st
bq
6
ljjqmm
pb
0
vma
endstream
endobj
obj
names
uofa
organizational
chart
indd
xyz
null
null
null
uofa
organizational
chart
indd
xyz
null
null
null
uofa
organizational
chart
indd
xyz
null
null
null
uofa
organizational
chart
indd
xyz
null
null
null
uofa
organizational
chart
indd
xyz
null
null
null
uofa
organizational
chart
indd
xyz
null
null
null
uofa
organizational
chart
indd
xyz
null
null
null
uofa
organizational
chart
indd
xyz
null
null
null
uofa
organizational
chart
indd
xyz
null
null
null
uofa
organizational
chart
indd
xyz
null
null
null
uofa
organizational
chart
indd
xyz
null
null
null
uofa
organizational
chart
indd
xyz
null
null
null
uofa
organizational
chart
indd
xyz
null
null
null
uofa
organizational
chart
indd
xyz
null
null
null
uofa
organizational
chart
indd
xyz
null
null
null
uofa
organizational
chart
indd
xyz
null
null
null
uofa
organizational
chart
indd
xyz
null
null
null
uofa
organizational
chart
indd
xyz
null
null
null
uofa
organizational
chart
indd
xyz
null
null
null
uofa
organizational
chart
indd
xyz
null
null
null
uofa
organizational
chart
indd
xyz
null
null
null
uofa
organizational
chart
indd
xyz
null
null
null
uofa
organizational
chart
indd
xyz
null
null
null
uofa
organizational
chart
indd
xyz
null
null
null
uofa
organizational
chart
indd
xyz
null
null
null
uofa
organizational
chart
indd
xyz
null
null
null
uofa
organizational
chart
indd
xyz
null
null
null
uofa
organizational
chart
indd
xyz
null
null
null
uofa
organizational
chart
indd
xyz
null
null
null
endobj
obj
count
5
kids
type
pages
endobj
obj
length
subtype
xml
type
metadata
stream
xpacket
begin
id
mpcehihzreszntczkc
9
xmpmeta
xmlns
adobe
ns
meta
xmptk
adobe
xmp
core
2
dac
rdf
rdf
xmlns
rdf
http://www.w3.org/1999/02/22-rdf-syntax-ns
rdf
description
rdf
about
xmlns
xmp
http://ns.adobe.com/xap/1.0/
xmlns
xmpmm
http://ns.adobe.com/xap/1.0/mm/
xmlns
stref
xmlns
stevt
xmlns
dc
http://purl.org/dc/elements/1.1/
xmlns
pdf
http://ns.adobe.com/pdf/1.3/
adobe
indesign
macintosh
uuid
3
af
dc
71
df
49
adf
9
bb
6
adobe
docid
indd
2
af
de
xmp
id
8
ba
63
16
proof
pdf
xmp
iid
bcc
8
bfd
2
ebd
bb
xmp
did
6
daca
43
cfbe
bde
0
adobe
docid
indd
2
af
de
default
converted
from
application
indesign
to
application
pdf
adobe
indesign
macintosh
application
pdf
adobe
pdf
library
false
xpacket
end
endstream
endobj
obj
creationdate
00
creator
adobe
indesign
macintosh
moddate
00
producer
adobe
pdf
library
trapped
false
endobj
xref
trailer
size
id
34
ff
dd
bc
ef
0
acfb
acbb
bdc
startxref
eof
