doctype
html
meta
http
equiv
content
type
content
text
html
charset
utf
8
function
push
gtm
start
new
date
gettime
event
gtm
js
var
getelementsbytagname
0
createelement
dl
datalayer
async
true
src
https://www.googletagmanager.com/gtm.js
id
dl
parentnode
insertbefore
window
document
script
datalayer
gtm
hw
meta
charset
utf
8
meta
content
ie
edge
http
equiv
ua
compatible
meta
content
width
device
width
initial
scale
1
shrink
to
fit
no
name
viewport
website
privacy
policy
university
of
arkansas
script
async
async
src
link
rel
stylesheet
href
integrity
sha
dyz
88
mc
6
up
2
uqs
4
krghuoegwbcd
4
ng
9
sip
4
diry
0
extlnuz
47
vawmegwvchigm
crossorigin
anonymous
link
crossorigin
anonymous
rel
stylesheet
href
jquery
and
bootstrap
loaded
in
xsl
common
xsl
file
script
src
https://code.jquery.com/jquery-3.6.0.min.js
integrity
sha
xuj
3
oju
5
yexlq
6
gsygshk
7
tpxikyns
7
ogevdej
4
crossorigin
anonymous
script
src
https://cdn.jsdelivr.net/npm/bootstrap
3
dist
js
bootstrap
bundle
min
js
integrity
sha
ka
7
sk
0
gln
4
gmtz
2
mlqnikt
1
wxgysog
omhup
ilrh
9
senbo
0
lrn
5
8
nbtov
crossorigin
anonymous
script
src
script
src
university
of
arkansas
https://uark.edu
link
rel
shortcut
icon
href
link
rel
icon
type
image
png
sizes
href
link
rel
icon
type
image
png
sizes
href
link
rel
icon
type
image
png
sizes
href
link
rel
manifest
href
meta
name
mobile
web
app
capable
content
yes
meta
name
theme
color
content
fff
meta
name
application
name
content
uark
link
rel
apple
touch
icon
sizes
href
link
rel
apple
touch
icon
sizes
href
link
rel
apple
touch
icon
sizes
href
link
rel
apple
touch
icon
sizes
href
link
rel
apple
touch
icon
sizes
href
link
rel
apple
touch
icon
sizes
href
link
rel
apple
touch
icon
sizes
href
link
rel
apple
touch
icon
sizes
href
link
rel
apple
touch
icon
sizes
href
link
rel
apple
touch
icon
sizes
href
link
rel
apple
touch
icon
sizes
href
meta
name
apple
mobile
web
app
capable
content
yes
meta
name
apple
mobile
web
app
status
bar
style
content
black
translucent
meta
name
apple
mobile
web
app
title
content
uark
script
defer
defer
src
script
defer
defer
src
link
href
rel
stylesheet
meta
property
og
image
content
resources
images
old
main
about
jpg
meta
property
og
url
content
https://www.uark.edu
meta
name
google
site
verification
content
mubhnaez
4
fd
6
jnl
9
vtqlnaqsexwelyjpid
je
link
href
https://unpkg.com/aos
1
dist
aos
css
rel
stylesheet
script
src
https://unpkg.com/aos
1
dist
aos
js
script
type
application
ld
json
context
https://schema.org
type
organization
name
university
of
arkansas
url
sameas
https://www.facebook.com/UofArkansas
https://twitter.com/uarkansas
https://www.instagram.com/uarkansas/
script
type
text
javascript
function
function
push
arguments
createelement
async
1
src
https://www.clarity.ms/tag/
getelementsbytagname
0
parentnode
insertbefore
window
document
clarity
script
93
vhnpfwh
section
div
col
sm
3
3
section
div
col
sm
3
3
color
font
size
24
px
line
height
em
text
align
center
text
transform
uppercase
section
not
gray
card
background
color
fff
accent
left
border
left
15
px
solid
var
bs
primary
accent
right
border
right
15
px
solid
var
bs
primary
accent
top
border
top
15
px
solid
var
bs
primary
accent
bottom
border
bottom
15
px
solid
var
bs
primary
accent
wrapper
bottom
accent
wrapper
top
accent
wrapper
left
accent
wrapper
right
position
relative
display
inline
block
accent
wrapper
bottom
after
accent
wrapper
top
after
accent
wrapper
left
after
accent
wrapper
right
after
content
position
absolute
left
0
top
0
width
height
display
inline
block
accent
wrapper
bottom
after
background
linear
gradient
rgba
34
53
0
25
rgba
34
54
border
bottom
9
px
solid
var
bs
primary
accent
wrapper
top
after
background
linear
gradient
to
top
rgba
34
53
0
25
rgba
34
54
border
top
9
px
solid
var
bs
primary
accent
wrapper
left
after
background
linear
gradient
to
left
rgba
34
53
0
25
rgba
34
54
border
left
9
px
solid
var
bs
primary
accent
wrapper
right
after
background
linear
gradient
to
right
rgba
34
53
0
25
rgba
34
54
border
right
9
px
solid
var
bs
primary
accent
wrapper
bottom
img
accent
wrapper
top
img
accent
wrapper
left
img
accent
wrapper
right
img
display
block
iframe
src
https://www.googletagmanager.com/ns.html
id
gtm
hw
height
0
width
0
style
display
none
visibility
hidden
skip
to
content
close
nbsp
form
action
https://search.uark.edu/s/search.html
method
get
name
gsa
class
flex
justify
content
left
id
uark
mobile
search
form
funnelback
global
uark
collection
repo
input
type
hidden
name
collection
value
uark
search
search
input
name
query
id
uark
search
mobile
type
text
title
site
search
class
form
control
mb
1
mr
sm
1
data
toggle
dropdown
aria
haspopup
true
aria
expanded
true
placeholder
search
this
site
dynamically
gets
subdomain
from
current
url
in
browser
window
var
hostname
window
location
hostname
if
not
main
domain
pass
the
subdomain
scope
if
hostname
www
uark
edu
hostname
arkansas
edu
hostname
uark
edu
document
write
input
type
hidden
name
scope
value
hostname
search
id
navbardarkdropdownmenulink
class
nav
link
dropdown
toggle
role
button
href
https://www.uark.edu/admissions/index.php
data
bs
toggle
dropdown
aria
expanded
false
admissions
class
dropdown
item
href
https://www.uark.edu/admissions/index.php
undergraduate
admissions
request
information
class
dropdown
item
href
take
virtual
tour
class
dropdown
item
href
https://www.uark.edu/admissions/index.php
funding
your
education
funding
your
education
id
navbardarkdropdownmenulink
2
class
nav
link
dropdown
toggle
role
button
href
https://www.uark.edu/academics/index.php
data
bs
toggle
dropdown
aria
expanded
false
academics
class
dropdown
item
href
https://www.uark.edu/academics/majors.php
majors
class
dropdown
item
href
https://online.uark.edu/
online
programs
class
dropdown
item
href
https://www.uark.edu/about/index.php
colleges
schools
colleges
amp
schools
class
dropdown
item
href
academic
support
class
dropdown
item
href
https://libraries.uark.edu/
libraries
id
navbardarkdropdownmenulink
3
class
nav
link
dropdown
toggle
role
button
href
https://www.uark.edu/campus-life/index.php
data
bs
toggle
dropdown
aria
expanded
false
campus
life
class
dropdown
item
href
https://www.uark.edu/campus-life/index.php
things
to
do
things
to
do
class
dropdown
item
href
https://www.uark.edu/campus-life/index.php
get
involved
get
involved
class
dropdown
item
href
https://www.uark.edu/campus-life/index.php
stay
healthy
health
amp
recreation
class
dropdown
item
href
https://calendars.uark.edu/
events
id
navbardarkdropdownmenulink
4
class
nav
link
dropdown
toggle
role
button
href
https://www.uark.edu/research/index.php
data
bs
toggle
dropdown
aria
expanded
false
research
class
dropdown
item
href
https://www.uark.edu/research/index.php
resources
resources
class
dropdown
item
href
https://research.uark.edu/
research
and
innovation
id
navbardarkdropdownmenulink
5
class
nav
link
dropdown
toggle
role
button
href
https://www.uark.edu/athletics/index.php
data
bs
toggle
dropdown
aria
expanded
false
athletics
class
dropdown
item
href
https://www.arkansasrazorbacks.com/
intercollegiate
athletics
class
dropdown
item
href
https://www.arkansasrazorbacks.com/gameday/
game
day
guides
class
dropdown
item
href
traditions
class
dropdown
item
href
https://www.uark.edu/athletics/index.php
university
recreation
recreational
sports
id
navbardarkdropdownmenulink
6
class
nav
link
dropdown
toggle
role
button
href
https://www.uark.edu/about/index.php
data
bs
toggle
dropdown
aria
expanded
false
about
class
dropdown
item
href
visit
campus
class
dropdown
item
href
https://www.uark.edu/about/quick-facts.php
quick
facts
class
dropdown
item
href
https://www.uark.edu/about/history.php
history
class
dropdown
item
href
https://www.uark.edu/about/index.php
administration
administration
class
dropdown
item
href
https://www.uark.edu/about/index.php
great
place
to
work
employment
class
dropdown
item
href
https://www.uark.edu/contact-us.php
contact
us
href
https://onlinegiving.uark.edu
gift
give
href
https://www.uark.edu/a-to-z.php
index
href
https://learn.uark.edu
blackboard
learn
href
https://campusmaps.uark.edu/
campus
map
href
https://UAConnect.uark.edu/
uaconnect
href
https://directory.uark.edu/
directory
href
https://outlook.office.com
email
href
https://myapps.microsoft.com/
myapps
href
workday
source
type
image
webp
srcset
source
type
image
jpeg
srcset
img
src
alt
href
https://uark.edu
id
uark
logo
container
img
alt
university
of
arkansas
id
uark
logo
src
form
class
form
inline
flex
justify
content
left
action
https://search.uark.edu/s/search.html
method
get
name
gsa
quick
links
university
of
arkansas
href
https://www.uark.edu/a-to-z.php
index
href
https://learn.uark.edu
blackboard
learn
href
https://campusmaps.uark.edu/
campus
map
href
https://UAConnect.uark.edu/
uaconnect
href
https://directory.uark.edu/
directory
href
https://outlook.office.com
email
href
https://myapps.microsoft.com/
myapps
href
workday
search
var
hostname
window
location
hostname
if
hostname
www
uark
edu
hostname
arkansas
edu
hostname
uark
edu
document
write
input
type
hidden
name
scope
value
hostname
search
menu
id
navbardarkdropdownmenulink
class
nav
link
dropdown
toggle
role
button
href
https://www.uark.edu/admissions/index.php
data
bs
toggle
dropdown
aria
expanded
false
admissions
class
dropdown
item
href
https://www.uark.edu/admissions/index.php
undergraduate
admissions
request
information
class
dropdown
item
href
take
virtual
tour
class
dropdown
item
href
https://www.uark.edu/admissions/index.php
funding
your
education
funding
your
education
id
navbardarkdropdownmenulink
2
class
nav
link
dropdown
toggle
role
button
href
https://www.uark.edu/academics/index.php
data
bs
toggle
dropdown
aria
expanded
false
academics
class
dropdown
item
href
https://www.uark.edu/academics/majors.php
majors
class
dropdown
item
href
https://online.uark.edu/
online
programs
class
dropdown
item
href
https://www.uark.edu/about/index.php
colleges
schools
colleges
amp
schools
class
dropdown
item
href
academic
support
class
dropdown
item
href
https://libraries.uark.edu/
libraries
id
navbardarkdropdownmenulink
3
class
nav
link
dropdown
toggle
role
button
href
https://www.uark.edu/campus-life/index.php
data
bs
toggle
dropdown
aria
expanded
false
campus
life
class
dropdown
item
href
https://www.uark.edu/campus-life/index.php
things
to
do
things
to
do
class
dropdown
item
href
https://www.uark.edu/campus-life/index.php
get
involved
get
involved
class
dropdown
item
href
https://www.uark.edu/campus-life/index.php
stay
healthy
health
amp
recreation
class
dropdown
item
href
https://calendars.uark.edu/
events
id
navbardarkdropdownmenulink
4
class
nav
link
dropdown
toggle
role
button
href
https://www.uark.edu/research/index.php
data
bs
toggle
dropdown
aria
expanded
false
research
class
dropdown
item
href
https://www.uark.edu/research/index.php
resources
resources
class
dropdown
item
href
https://research.uark.edu/
research
and
innovation
id
navbardarkdropdownmenulink
5
class
nav
link
dropdown
toggle
role
button
href
https://www.uark.edu/athletics/index.php
data
bs
toggle
dropdown
aria
expanded
false
athletics
class
dropdown
item
href
https://www.arkansasrazorbacks.com/
intercollegiate
athletics
class
dropdown
item
href
https://www.arkansasrazorbacks.com/gameday/
game
day
guides
class
dropdown
item
href
traditions
class
dropdown
item
href
https://www.uark.edu/athletics/index.php
university
recreation
recreational
sports
id
navbardarkdropdownmenulink
6
class
nav
link
dropdown
toggle
role
button
href
https://www.uark.edu/about/index.php
data
bs
toggle
dropdown
aria
expanded
false
about
class
dropdown
item
href
visit
campus
class
dropdown
item
href
https://www.uark.edu/about/quick-facts.php
quick
facts
class
dropdown
item
href
https://www.uark.edu/about/history.php
history
class
dropdown
item
href
https://www.uark.edu/about/index.php
administration
administration
class
dropdown
item
href
https://www.uark.edu/about/index.php
great
place
to
work
employment
class
dropdown
item
href
https://www.uark.edu/contact-us.php
contact
us
href
https://onlinegiving.uark.edu
gift
give
img
class
img
fluid
title
silas
hunt
and
old
main
src
resources
images
silashunt
oldmain
jpg
alt
silas
hunt
and
old
main
width
website
privacy
policy
overview
this
policy
defines
the
official
websites
of
the
university
of
arkansas
addresses
collection
and
use
of
information
in
connection
with
such
websites
and
describes
under
what
circumstances
the
university
may
disclose
such
information
consistent
with
ark
code
the
university
adheres
to
all
applicable
federal
and
state
laws
as
well
as
general
university
policies
that
are
applicable
to
the
use
of
computing
resources
these
include
but
are
not
limited
to
the
laws
and
policies
contained
in
appendix
official
university
websites
except
as
noted
the
information
in
this
privacy
policy
applies
to
all
official
university
of
arkansas
websites
which
are
defined
as
those
administered
through
the
university
content
management
system
such
as
university
colleges
and
schools
main
departments
divisions
or
other
units
typically
reporting
to
or
deemed
official
by
the
chancellor
provost
vice
chancellors
deans
directors
and
or
department
heads
chairs
these
sites
comply
with
the
university
template
graphics
and
web
standards
as
managed
by
the
office
of
university
relations
certain
official
websites
may
have
their
own
or
supplementary
privacy
policies
appropriate
to
their
function
or
as
required
by
law
other
websites
within
the
university
domain
uark
edu
are
various
websites
that
are
not
maintained
by
the
university
these
unofficial
sites
include
but
are
not
limited
to
rso
sites
personal
websites
of
faculty
staff
or
students
and
other
campus
entities
this
privacy
policy
only
applies
to
official
university
websites
access
information
collected
the
university
while
reserving
its
right
to
monitor
communications
via
university
websites
for
legal
policy
or
business
reasons
including
security
and
functionality
will
not
monitor
the
content
of
communications
as
matter
of
normal
business
practice
however
the
fact
that
communication
occurred
such
as
when
user
visits
university
website
or
utilizes
university
websites
to
search
for
information
or
submit
form
may
be
routinely
logged
as
normal
business
practice
common
information
logged
includes
but
is
not
limited
to
the
following
nbsp
the
ip
address
of
the
users
computer
nbsp
the
date
and
time
users
computer
accessed
our
site
nbsp
the
ip
address
and
url
of
referring
website
nbsp
the
page
the
user
requested
from
the
universitys
site
nbsp
the
information
that
users
web
browser
software
sends
which
typically
identifies
the
browser
software
and
may
also
indicate
the
operating
system
and
type
of
cpu
used
in
the
users
computer
nbsp
in
the
case
of
email
the
sender
and
recipient
email
addresses
google
analytics
some
university
websites
use
google
analytics
web
analytics
service
provided
by
google
inc
to
collect
information
such
as
urls
internet
domain
and
host
names
browser
software
date
and
time
site
visited
etc
voluntary
information
services
are
provided
through
university
websites
via
forms
admissions
financial
aid
requests
job
applications
surveys
etc
whereby
individuals
are
required
to
enter
personal
information
in
order
to
process
the
request
such
as
name
physical
and
email
addresses
phone
numbers
and
financial
data
if
information
requested
is
not
entered
the
services
and
or
requests
cannot
be
accomplished
online
how
personal
data
is
used
as
general
rule
the
university
does
not
track
individual
visitor
profiles
this
data
is
used
to
analyze
aggregate
traffic
access
information
for
resource
management
site
planning
advertising
and
marketing
when
personally
identifiable
information
is
entered
through
university
websites
typically
the
information
requested
and
collected
is
only
used
to
provide
the
information
or
services
sought
by
the
requester
just
as
person
might
provide
such
information
when
visiting
university
office
in
person
or
submitting
the
information
via
paper
for
example
an
application
for
admission
however
the
university
may
also
use
any
information
gathered
through
university
websites
or
exchange
such
information
with
other
entities
in
order
to
carry
out
normal
university
business
operations
including
marketing
and
subcontractor
services
legal
requirements
concerning
use
and
disclosure
of
sensitive
information
will
be
applied
to
information
maintained
with
these
resources
to
the
same
extent
that
the
requirements
are
applied
to
other
records
kept
or
maintained
by
the
university
the
university
does
not
sell
information
collected
through
university
websites
to
other
entities
cookies
websites
can
use
cookies
to
provide
the
user
with
tailored
information
from
website
cookie
is
an
element
of
data
that
website
can
send
to
browser
which
may
then
store
it
on
the
users
system
some
applications
may
require
the
user
to
accept
cookies
in
order
for
the
application
to
work
properly
two
types
of
cookies
exist
session
cookies
and
persistent
cookies
session
cookies
contain
data
through
which
the
web
application
the
visitor
is
using
can
maintain
the
continuity
and
state
of
session
session
cookies
expire
upon
user
logout
closing
of
the
browser
or
timed
out
sessions
persistent
cookies
contain
information
that
may
be
useful
across
multiple
sessions
such
as
identifying
the
user
or
other
persistent
attributes
and
are
typically
not
deleted
data
from
cookies
may
also
be
used
to
identify
user
trends
and
patterns
provide
services
and
record
session
information
web
browsers
can
be
configured
to
refuse
cookies
accept
cookies
disable
cookies
and
remove
cookies
as
needed
or
desired
commerce
the
university
has
several
sites
that
enable
encrypted
online
payments
the
confidential
information
entered
for
these
payment
transactions
is
only
to
be
used
for
purposes
defined
within
for
the
transaction
some
transactions
are
isolated
from
campus
systems
and
managed
by
third
party
childrens
online
activities
some
university
websites
may
present
university
sponsored
information
or
activities
that
are
specifically
designed
for
children
however
any
such
websites
are
intended
to
be
used
only
by
adults
to
voluntarily
share
information
online
so
that
child
who
is
under
the
age
of
13
can
participate
in
these
activities
camps
and
enrichment
programs
or
so
that
the
child
can
receive
information
from
the
university
when
parent
or
legal
guardian
voluntarily
signs
up
his
or
her
child
for
one
of
these
programs
the
parent
may
be
asked
to
provide
nbsp
the
childs
name
nbsp
mailing
address
nbsp
phone
number
nbsp
date
of
birth
nbsp
school
and
grade
level
nbsp
email
address
nbsp
parent
or
legal
guardians
name
and
email
address
the
university
through
its
websites
does
not
make
participation
conditional
in
any
university
online
activities
on
the
disclosure
of
more
information
than
is
reasonably
necessary
to
participate
this
information
will
not
be
disclosed
to
third
party
unless
disclosure
is
integral
to
the
site
or
service
and
will
not
be
used
for
other
purposes
parents
or
guardians
have
the
right
to
review
such
personal
information
that
has
been
recorded
by
university
website
about
their
child
to
refuse
to
allow
further
collection
of
the
information
to
require
the
deletion
of
any
information
that
has
been
recorded
third
party
applications
and
links
university
of
arkansas
websites
contains
links
to
third
party
applications
and
websites
that
may
or
may
not
be
hosted
on
university
servers
the
university
cannot
warrant
or
be
responsible
for
the
privacy
policies
of
such
sites
users
are
encouraged
to
become
familiar
with
the
privacy
policies
of
third
party
or
off
campus
sites
security
in
addition
to
complying
with
all
applicable
laws
and
regulations
the
university
strives
to
implement
and
maintain
systems
and
policies
to
protect
the
confidentiality
and
integrity
of
personal
information
provided
by
users
despite
these
security
measures
the
university
does
not
represent
or
warrant
that
personal
information
will
be
protected
against
loss
misuse
or
alteration
by
third
parties
disclosure
of
data
collected
the
university
is
required
to
comply
with
the
arkansas
freedom
of
information
act
foia
ark
code
ann
et
seq
and
may
be
required
to
disclose
records
maintained
in
the
daily
operations
of
the
university
unless
such
records
are
exempt
from
disclosure
under
federal
or
state
law
therefore
some
data
collected
through
university
websites
may
be
subject
to
disclosure
upon
receipt
of
valid
foia
request
additionally
at
times
the
university
may
be
legally
required
to
disclose
information
collected
through
university
websites
in
response
to
valid
subpoena
or
court
order
or
to
comply
with
legally
permitted
inquiry
by
governmental
agency
or
regulatory
body
subject
to
governing
law
and
other
applicable
university
policies
the
university
reserves
the
right
to
disclose
information
collected
on
its
websites
to
governmental
authorities
in
connection
with
suspected
unlawful
activity
or
to
aid
an
investigation
into
suspected
unlawful
activity
in
addition
the
university
reserves
the
right
to
release
information
collected
on
university
websites
to
appropriate
governmental
authorities
if
university
officials
determine
in
their
sole
judgment
that
university
policies
have
been
violated
or
that
release
of
information
is
necessary
to
protect
the
rights
health
safety
or
property
of
persons
or
the
university
or
to
protect
the
integrity
of
university
computer
networks
further
the
university
reserves
the
right
to
disclose
information
as
university
officials
believe
necessary
to
exercise
the
universitys
legal
rights
to
defend
against
actual
or
potential
legal
claims
or
as
otherwise
permitted
or
required
by
university
policy
including
but
not
limited
to
the
code
of
computing
practices
as
it
may
be
amended
or
modified
from
time
to
time
the
european
union
general
data
protection
regulation
gdpr
places
additional
obligations
on
organizations
that
control
or
process
personally
identifiable
information
about
people
in
the
european
union
some
ua
activities
may
be
covered
by
the
gdpr
and
the
university
has
updated
its
policies
on
how
it
collects
stores
and
processes
certain
types
of
data
further
details
as
well
as
description
of
protective
measures
undertaken
by
the
university
data
retention
and
breach
notification
are
available
in
the
href
https://www.uark.edu/privacy-policy/gdpr.php
campus
gdpr
policy
questions
for
more
information
regarding
this
policy
please
contact
the
office
of
university
relations
at
or
email
urelinfo
uark
edu
updates
this
policy
is
subject
to
periodic
review
and
update
by
university
officials
february
5
website
privacy
policy
appendix
the
university
adheres
to
all
applicable
federal
and
state
laws
as
well
as
general
university
policies
that
are
applicable
to
the
use
of
computing
resources
state
and
federal
laws
family
education
rights
and
privacy
act
ferpa
electronic
communications
privacy
act
of
gramm
leach
bliley
act
health
insurance
portability
and
accountability
act
hipaa
usa
patriot
act
childrens
online
privacy
protection
rule
arkansas
freedom
of
information
act
18
ark
code
et
seq
ark
code
et
seq
ark
code
university
policies
href
university
of
arkansas
policies
and
procedures
href
university
of
arkansas
board
of
trustee
policies
href
it
services
computing
policies
web
scraping
policy
you
agree
that
any
information
collected
through
robots
crawlers
or
scrapers
will
not
be
sold
transferred
or
redistributed
for
monetary
gain
because
this
content
is
protect
by
our
copyright
in
gathering
data
you
agree
to
use
your
legitimate
ip
address
you
also
agree
to
not
use
these
tools
to
attempt
to
uncover
personal
information
including
applications
student
financial
information
or
any
information
protected
by
law
under
ferpa
or
any
information
secured
by
login
finally
do
not
crawl
or
scrape
rotbots
txt
files
this
title
university
of
arkansas
home
page
href
https://www.uark.edu
university
of
arkansas
title
university
of
arkansas
admissions
href
https://www.uark.edu/admissions/index.php
admissions
title
university
of
arkansas
academics
href
https://www.uark.edu/academics/index.php
academics
title
campus
life
at
the
university
of
arkansas
href
https://www.uark.edu/campus-life/index.php
campus
life
title
university
of
arkansas
research
href
https://www.uark.edu/research/index.php
research
title
university
of
arkansas
athletics
href
https://www.uark.edu/athletics/index.php
athletics
title
about
the
university
of
arkansas
href
https://www.uark.edu/about/index.php
about
href
https://www.facebook.com/UofArkansas
like
us
on
facebook
href
https://twitter.com/uarkansas
follow
us
on
twitter
href
watch
us
on
youtube
href
https://instagram.com/uarkansas
see
us
on
instagram
href
connect
with
us
on
linkedin
hr
class
border
border
0
title
view
campus
maps
href
https://campusmaps.uark.edu/
1
university
of
arkansas
br
fayetteville
ar
br
class
inline
block
lg
none
title
view
campus
maps
href
https://campusmaps.uark.edu/
view
campus
maps
br
class
block
lg
none
class
none
lg
block
title
view
campus
maps
href
https://campusmaps.uark.edu/
img
class
img
responsive
src
www
uark
edu
resources
img
map
png
alt
map
of
university
of
arkansas
campus
href
https://news.uark.edu/
news
function
parsenews
campusdata
uark
edu
apiv
2
articles
articlescommon
orderby
publishdate
desc
filter
commons
any
28
id
eq
top
3
function
parsenews
url
ajax
url
url
data
contenttype
application
json
charset
utf
8
datatype
jsonp
jsonpcallback
articles
async
true
cache
true
success
function
articles
var
list
data
each
articles
function
key
var
headline
headline
headline
headline
replace
replace
replace
replace
list
data
href
https://news.uark.edu/articles/
id
onclick
gasendevent
this
href
footer
global
links
news
uark
edu
articles
id
headline
list
data
appendto
newsfooter
href
https://calendars.uark.edu/
upcoming
events
script
defer
true
type
text
javascript
src
https://calendars.uark.edu/widget/view
schools
uark
amp
exclude
types
amp
days
31
amp
num
4
amp
hidedesc
1
amp
hideimage
1
amp
show
times
0
amp
show
view
all
cta
0
amp
hide
past
1
amp
experience
inperson
amp
container
localist
widget
style
none
class
btn
btn
light
btn
lg
text
dark
text
left
href
https://application.uark.edu/
apply
online
class
btn
btn
light
btn
lg
text
dark
text
left
href
https://visit.uark.edu/
schedule
visit
class
btn
btn
light
btn
lg
text
dark
text
left
href
https://onlinegiving.uark.edu/
make
gift
hr
href
https://emergency.uark.edu/
emergency
information
href
https://report.uark.edu/
report
concern
href
https://titleix.uark.edu/
title
ix
href
https://accessibility.uark.edu/
accessibility
href
privacy
policy
href
https://www.uark.edu/contact-us.php
contact
us
href
https://jobs.uark.edu
jobs
var
current
path
privacy
policy
index
php
92
rel
nofollow
id
oudirectedit
href
https://a.cms.omniupdate.com/11/
skin
uark
amp
account
www
amp
site
www
amp
action
de
amp
path
privacy
policy
index
pcf
edit
webpage
script
type
text
javascript
function
directedit
var
link
document
getelementbyid
oudirectedit
if
link
var
html
link
parentnode
innerhtml
var
anchor
html
replace
copyright
of
university
of
arkansas
anchor
anchor
replace
oudirectedit
none
document
getelementbyid
directedit
footer
innerhtml
anchor
console
log
anchor
window
onload
function
directedit
javascripts
that
don
need
to
go
in
the
head
can
go
here
window
addeventlistener
load
function
3
2
html
function
oldvalue
return
oldvalue
replace
of
of
ally
script
data
ally
loader
data
ally
platform
name
web
data
ally
client
id
data
ally
af
style
none
src
respond
js
enables
media
queries
in
some
unsupported
browsers
script
src
type
text
javascript
placed
at
the
end
of
the
document
so
the
pages
load
faster
script
src
js
amp
nivo
jquery
nivo
slider
pack
js
bootstrap
min
js
oucampus
js
type
text
javascript
script
type
text
javascript
document
ready
function
slider
nivoslider
effect
fade
pausetime
how
long
each
slide
will
show
pauseonhover
true
stop
animation
while
hovering
script
src
www
uark
edu
inc
js
tablesorter
jquery
tablesorter
min
js
type
text
javascript
function
table
tablesorter
addclass
table
striped
tablesorter
js
and
css
for
search
and
mobile
menu
script
type
text
javascript
function
form
search
on
click
function
selectedvalue
form
search
name
sitesearch
checked
val
if
selectedvalue
http://uark.edu
label
for
radiolabela
removeclass
searchselected
label
for
radiolabelb
addclass
searchselected
searchbox
attr
placeholder
search
all
uark
edu
else
if
type
selectedvalue
string
label
for
radiolabela
addclass
searchselected
label
for
radiolabelb
removeclass
searchselected
searchbox
attr
placeholder
search
this
site
end
js
and
css
for
search
and
mobile
menu
script
src
www
uark
edu
resources
js
oucampus
2
js
type
text
javascript
