doctype
html
meta
charset
utf
8
meta
content
width
device
width
initial
scale
1
name
viewport
meta
content
uci
administrative
departments
and
offices
name
description
link
href
rel
icon
type
image
icon
link
href
rel
apple
touch
icon
administrative
offices
uc
irvine
global
css
link
href
rel
stylesheet
link
href
rel
stylesheet
link
href
rel
stylesheet
link
href
rel
stylesheet
site
css
link
href
css
uci
css
rel
stylesheet
link
href
js
campaign
button
campaign
button
css
rel
stylesheet
page
css
global
js
site
js
script
async
async
src
js
uci
edu
google
tag
js
page
js
skip
to
main
content
toggle
primary
navigation
class
navbar
brand
href
https://uci.edu/
uc
irvine
homepage
class
btn
href
about
index
php
about
toggle
dropdown
about
href
about
index
php
about
us
href
http://chancellor.uci.edu
chancellor
href
university
facts
index
php
university
facts
href
http://strategicplan.uci.edu
strategic
plan
href
university
facts
faculty
awards
php
faculty
honors
href
http://ucirvinesports.com/anteater/
peter
the
anteater
href
diversity
index
php
diversity
resources
href
administration
index
php
administrative
offices
href
http://www.senate.uci.edu
academic
senate
href
http://directory.uci.edu
directory
href
visit
index
php
visit
href
about
employment
php
work
at
uc
irvine
href
http://give.uci.edu
support
uc
irvine
href
smoke
free
campus
class
btn
href
admissions
index
php
admissions
toggle
dropdown
admissions
href
http://www.admissions.uci.edu/
undergraduate
admission
href
http://www.grad.uci.edu/admissions/
graduate
admission
hr
professional
programs
href
http://merage.uci.edu/
business
href
http://www.law.uci.edu/admission/
law
href
medicine
hr
href
undergraduate
international
admissions
href
informationforinternationalstudents
graduate
international
admissions
hr
href
http://www.ofas.uci.edu/
financial
aid
href
http://housing.uci.edu/
housing
class
btn
href
academics
index
php
academics
toggle
dropdown
academics
href
http://www.arts.uci.edu/
arts
href
http://www.bio.uci.edu/
biological
sciences
href
http://merage.uci.edu/
business
href
http://education.uci.edu/
education
href
http://www.eng.uci.edu/
engineering
href
http://www.humanities.uci.edu/
humanities
href
http://ics.uci.edu/
information
amp
computer
sciences
href
interdisciplinary
studies
href
http://law.uci.edu/
law
href
http://medschool.uci.edu/
medicine
href
http://www.nursing.uci.edu/
nursing
science
href
http://pharmsci.uci.edu/
pharmacy
amp
pharmaceutical
sciences
href
https://ps.uci.edu/
physical
sciences
href
http://publichealth.uci.edu/
public
health
href
http://socialecology.uci.edu/
social
ecology
href
http://www.socsci.uci.edu/
social
sciences
hr
href
https://catalogue.uci.edu/
general
catalogue
href
majors
amp
minors
href
http://websoc.reg.uci.edu/perl/WebSoc/
schedule
of
classes
href
http://www.due.uci.edu/uu/
undergraduate
undeclared
href
https://academicadvising.uci.edu/
academic
advising
href
http://www.due.uci.edu/
division
of
undergraduate
education
href
http://www.grad.uci.edu/
graduate
division
href
http://ce.uci.edu/
division
of
continuing
education
href
http://honors.uci.edu/
campuswide
honors
program
href
http://urop.uci.edu/
undergraduate
research
href
http://calteach.uci.edu/
uci
calteach
href
http://lib.uci.edu/
libraries
href
http://www.cie.uci.edu/
study
abroad
center
href
http://summer.uci.edu/
summer
session
href
academic
calendars
href
http://www.senate.uci.edu/
academic
senate
class
btn
href
research
index
php
research
toggle
dropdown
research
href
http://www.research.uci.edu/
office
of
research
href
http://faculty.uci.edu/
faculty
profiles
href
postdoctoral
scholars
href
http://innovation.uci.edu/
applied
innovation
href
http://www.ota.uci.edu/
invention
transfer
group
href
http://urop.uci.edu/
undergraduate
research
href
graduate
research
href
http://research.uci.edu/centers-institutes/
research
centers
amp
units
href
http://ucop.edu/research-graduate-studies/
ucop
office
of
research
class
btn
href
community
index
php
community
toggle
dropdown
community
href
community
anteater
crossing
php
anteatercrossing
href
http://www.arts.uci.edu/calendar/
arts
href
http://ucirvinesports.com/
athletics
href
12
programs
href
summer
programs
href
http://today.uci.edu/
campus
events
calendar
href
http://conferencecenter.uci.edu/
conference
amp
event
services
href
https://imca.uci.edu/
langson
imca
href
http://www.ucirvinehealth.org/
hospital
href
medical
services
href
clinical
trials
toggle
dropdown
find
information
for
href
http://admissions.uci.edu/
prospective
students
href
http://students.uci.edu/
current
students
href
http://alumni.uci.edu/
alumni
href
https://portal.uci.edu/
faculty
amp
staff
href
http://parents.uci.edu/
parents
class
btn
navbar
btn
href
http://registertovote.ca.gov/
register
to
vote
href
img
src
img
ucirvine
wordmark
svg
alt
university
of
california
irvine
form
action
https://search.uci.edu/
class
form
inline
method
get
input
name
collection
type
hidden
value
uci
full
search
input
class
form
control
id
search
text
name
placeholder
search
type
text
web
people
hr
href
home
administration
administrative
offices
office
listing
img
alt
administrative
offices
src
img
about
administration
jpg
href
https://www.reg.uci.edu/addl/advising.html
academic
counseling
undergraduate
href
http://www.ap.uci.edu/
academic
personnel
href
http://www.senate.uci.edu/
academic
senate
irvine
division
href
http://www.accounting.uci.edu/
accounting
amp
fiscal
services
href
http://www.policies.uci.edu/
administrative
policies
amp
records
href
http://www.admissions.uci.edu/
admissions
amp
relations
with
schools
href
http://www.alumni.uci.edu/
alumni
association
hr
href
https://uci.bncollege.com/
bookstore
href
http://www.bren.uci.edu/
bren
events
center
href
https://www.budgetoffice.uci.edu/
budget
office
hr
href
https://care.uci.edu/
campus
assault
resources
amp
education
care
href
https://www.reg.uci.edu/fees/billing.html
campus
billing
services
href
http://campuscounsel.uci.edu
title
office
of
campus
counsel
campus
counsel
office
of
href
https://covp.uci.edu/
campus
organizations
amp
volunteer
programs
office
of
href
https://planningandsustainability.uci.edu/
campus
planning
amp
sustainability
href
http://www.campusrec.uci.edu/
campus
recreation
href
http://www.career.uci.edu/
career
center
href
career
center
mba
href
http://www.cfep.uci.edu/
center
for
educational
partnerships
href
https://www.reg.uci.edu/addl/cashier.html
central
cashier
href
http://chancellor.uci.edu/
chancellor
href
http://www.childcare.uci.edu/
child
care
services
href
http://ce.uci.edu/
continuing
education
division
of
extension
href
counseling
center
faculty
amp
staff
href
counseling
center
students
href
http://www.ccc.uci.edu/
cross
cultural
center
hr
href
http://dos.uci.edu/
dean
of
students
student
life
amp
leadership
href
http://www.designandconstruction.uci.edu/
design
amp
construction
services
href
https://food.uci.edu/
dining
services
href
http://disability.uci.edu/
disability
services
center
students
hr
href
employee
assistance
program
href
http://www.ehs.uci.edu/
environmental
health
amp
safety
href
https://deoc.uci.edu/
equal
opportunity
and
compliance
hr
href
http://www.fm.uci.edu/
facilities
management
href
http://fa.uci.edu/
finance
and
administration
division
of
href
http://www.ofas.uci.edu/content/
financial
aid
and
scholarships
href
http://www.fs.uci.edu/
financial
services
students
href
http://www.grad.uci.edu/
graduate
division
href
title
graduate
student
resource
center
graduate
student
resources
hr
href
https://healthaffairs.uci.edu/
health
affairs
href
http://www.hr.uci.edu/
human
resources
hr
href
http://www.icha.uci.edu/
icha
faculty
amp
staff
housing
href
http://inclusion.uci.edu/
inclusive
excellence
office
of
href
http://www.oit.uci.edu/
information
technology
office
of
href
https://irap.uci.edu/
institutional
research
assessment
and
planning
href
http://www.audit.uci.edu/
internal
audit
services
href
pp
cmsuri
public
2
faccounting
2
fbusinesspracticesprinciples
2
finfopageinternalcontroloverview
xml
internal
controls
href
http://www.ic.uci.edu/
international
center
hr
hr
hr
href
http://www.lgbtrc.uci.edu/
lesbian
gay
bisexual
transgender
resource
center
href
loan
services
hr
href
mediation
programs
href
http://www.ucihealth.org/
medical
center
hr
hr
href
http://www.ombuds.uci.edu/
ombudsman
office
of
the
href
organization
charts
hr
href
http://www.police.uci.edu/
police
href
http://www.policies.uci.edu/
policies
amp
procedures
href
http://procurement.uci.edu
procurement
services
href
https://provost.uci.edu/
provost
amp
executive
vice
chancellor
href
http://www.reg.uci.edu/
registrar
href
http://www.research.uci.edu/
research
office
of
hr
href
escorts
safety
escort
services
href
https://www.oeod.uci.edu/sho/about.php
sexual
harassment
title
ix
officer
href
http://www.parking.uci.edu/services/event/
special
event
parking
href
http://www.staffassembly.uci.edu/
staff
assembly
href
http://www.communications.uci.edu/
strategic
communications
href
http://conferencecenter.uci.edu/
student
center
amp
event
services
href
http://www.vcsa.uci.edu/
student
affairs
href
http://www.shs.uci.edu/
student
health
center
href
http://www.housing.uci.edu/
student
housing
href
http://www.studentlife.uci.edu/
student
life
amp
leadership
dean
of
students
href
http://www.sustainability.uci.edu/
sustainability
hr
href
https://dtei.uci.edu/
teaching
excellence
and
innovation
division
of
href
http://www.trademarks.uci.edu/
trademark
amp
licensing
href
transfer
student
information
href
http://www.parking.uci.edu/
transportation
amp
distribution
services
hr
href
http://www.ucifoundation.org/
uci
foundation
href
http://www.due.uci.edu/
undergraduate
education
division
of
href
http://advancement.uci.edu/
university
advancement
amp
alumni
relations
href
http://www.uclub.uci.edu/
university
club
hr
hr
hr
hr
hr
href
https://www.facebook.com/UCIrvine
facebook
href
https://twitter.com/ucirvine
twitter
href
https://www.youtube.com/user/ucirvine
youtube
href
http://instagram.com/ucirvine
instagram
href
linkedin
href
http://mail.google.com/a/uci.edu
uc
irvine
gmail
href
http://eee.uci.edu/
eee
href
about
employment
php
work
at
uc
irvine
href
http://em.uci.edu/
emergency
preparedness
href
http://disability.uci.edu/
disability
services
href
http://chancellor.uci.edu/
office
of
the
chancellor
href
http://universityofcalifornia.edu/
university
of
california
href
privacy
index
php
privacy
and
cookie
notice
href
media
inquiries
href
http://www.accreditation.uci.edu/
accreditation
information
href
https://www.police.uci.edu/clery/
clery
act
university
of
california
irvine
br
irvine
ca
br
img
alt
uci
seal
src
href
uci
edu
copyright
uc
regents
global
js
script
src
code
jquery
com
jquery
4
min
js
script
src
maxcdn
bootstrapcdn
com
bootstrap
4
js
bootstrap
min
js
script
src
site
js
script
src
js
campaign
button
campaign
button
js
page
js
