doctype
html
meta
charset
utf
8
meta
content
width
device
width
initial
scale
1
name
viewport
meta
content
virtual
game
animal
crossing
reimagined
by
uci
name
description
link
href
rel
icon
type
image
icon
link
href
rel
apple
touch
icon
anteatercrossing
uci
global
css
link
href
rel
stylesheet
link
href
rel
stylesheet
link
href
rel
stylesheet
link
href
rel
stylesheet
site
css
link
href
css
uci
css
rel
stylesheet
link
href
js
campaign
button
campaign
button
css
rel
stylesheet
page
css
global
js
site
js
script
async
async
src
js
uci
edu
google
tag
js
page
js
skip
to
main
content
toggle
primary
navigation
class
navbar
brand
href
https://uci.edu/
uc
irvine
homepage
class
btn
href
about
index
php
about
toggle
dropdown
about
href
about
index
php
about
us
href
http://chancellor.uci.edu
chancellor
href
university
facts
index
php
university
facts
href
http://strategicplan.uci.edu
strategic
plan
href
university
facts
faculty
awards
php
faculty
honors
href
http://ucirvinesports.com/anteater/
peter
the
anteater
href
diversity
index
php
diversity
resources
href
administration
index
php
administrative
offices
href
http://www.senate.uci.edu
academic
senate
href
http://directory.uci.edu
directory
href
visit
index
php
visit
href
about
employment
php
work
at
uc
irvine
href
http://give.uci.edu
support
uc
irvine
href
smoke
free
campus
class
btn
href
admissions
index
php
admissions
toggle
dropdown
admissions
href
http://www.admissions.uci.edu/
undergraduate
admission
href
http://www.grad.uci.edu/admissions/
graduate
admission
hr
professional
programs
href
http://merage.uci.edu/
business
href
http://www.law.uci.edu/admission/
law
href
medicine
hr
href
undergraduate
international
admissions
href
informationforinternationalstudents
graduate
international
admissions
hr
href
http://www.ofas.uci.edu/
financial
aid
href
http://housing.uci.edu/
housing
class
btn
href
academics
index
php
academics
toggle
dropdown
academics
href
http://www.arts.uci.edu/
arts
href
http://www.bio.uci.edu/
biological
sciences
href
http://merage.uci.edu/
business
href
http://education.uci.edu/
education
href
http://www.eng.uci.edu/
engineering
href
http://www.humanities.uci.edu/
humanities
href
http://ics.uci.edu/
information
amp
computer
sciences
href
interdisciplinary
studies
href
http://law.uci.edu/
law
href
http://medschool.uci.edu/
medicine
href
http://www.nursing.uci.edu/
nursing
science
href
http://pharmsci.uci.edu/
pharmacy
amp
pharmaceutical
sciences
href
https://ps.uci.edu/
physical
sciences
href
http://publichealth.uci.edu/
public
health
href
http://socialecology.uci.edu/
social
ecology
href
http://www.socsci.uci.edu/
social
sciences
hr
href
https://catalogue.uci.edu/
general
catalogue
href
majors
amp
minors
href
http://websoc.reg.uci.edu/perl/WebSoc/
schedule
of
classes
href
http://www.due.uci.edu/uu/
undergraduate
undeclared
href
https://academicadvising.uci.edu/
academic
advising
href
http://www.due.uci.edu/
division
of
undergraduate
education
href
http://www.grad.uci.edu/
graduate
division
href
http://ce.uci.edu/
division
of
continuing
education
href
http://honors.uci.edu/
campuswide
honors
program
href
http://urop.uci.edu/
undergraduate
research
href
http://calteach.uci.edu/
uci
calteach
href
http://lib.uci.edu/
libraries
href
http://www.cie.uci.edu/
study
abroad
center
href
http://summer.uci.edu/
summer
session
href
academic
calendars
href
http://www.senate.uci.edu/
academic
senate
class
btn
href
research
index
php
research
toggle
dropdown
research
href
http://www.research.uci.edu/
office
of
research
href
http://faculty.uci.edu/
faculty
profiles
href
postdoctoral
scholars
href
http://innovation.uci.edu/
applied
innovation
href
http://www.ota.uci.edu/
invention
transfer
group
href
http://urop.uci.edu/
undergraduate
research
href
graduate
research
href
http://research.uci.edu/centers-institutes/
research
centers
amp
units
href
http://ucop.edu/research-graduate-studies/
ucop
office
of
research
class
btn
href
community
index
php
community
toggle
dropdown
community
href
community
anteater
crossing
php
anteatercrossing
href
http://www.arts.uci.edu/calendar/
arts
href
http://ucirvinesports.com/
athletics
href
12
programs
href
summer
programs
href
http://today.uci.edu/
campus
events
calendar
href
http://conferencecenter.uci.edu/
conference
amp
event
services
href
https://imca.uci.edu/
langson
imca
href
http://www.ucirvinehealth.org/
hospital
href
medical
services
href
clinical
trials
toggle
dropdown
find
information
for
href
http://admissions.uci.edu/
prospective
students
href
http://students.uci.edu/
current
students
href
http://alumni.uci.edu/
alumni
href
https://portal.uci.edu/
faculty
amp
staff
href
http://parents.uci.edu/
parents
class
btn
navbar
btn
href
http://registertovote.ca.gov/
register
to
vote
div
class
jumbotron
data
aspect
ratio
style
background
image
url
community
img
anteater
crossing
zots
jpg
href
img
src
img
ucirvine
wordmark
svg
alt
university
of
california
irvine
form
action
https://search.uci.edu/
class
form
inline
method
get
input
name
collection
type
hidden
value
uci
full
search
input
class
form
control
id
search
text
name
placeholder
search
type
text
web
people
hr
href
home
href
community
community
anteatercrossing
anteatercrossing
welcome
to
anteatercrossing
welcome
to
anteatercrossing
where
you
can
explore
uci
in
everyone
favorite
virtual
playground
animal
crossing
embark
on
new
horizons
visit
campus
landmarks
like
aldrich
park
the
anteater
recreation
center
and
more
rep
uci
branded
swag
while
gameplaying
hang
out
with
peter
the
anteater
and
vice
chancellor
for
student
affairs
willie
banks
jr
meet
zots
proud
anteater
that
loves
boba
tacos
and
gets
little
camera
shy
during
zoom
calls
participate
in
in
game
events
for
the
anteater
community
to
visit
uci
land
use
dream
code
da
img
alt
animal
crossing
with
uci
land
src
img
animal
crossing
3
jpg
iframe
allowfullscreen
allowfullscreen
class
embed
responsive
item
src
https://www.youtube.com/embed/D1RPdJrIc8E
rel
0
amp
showinfo
0
title
embedded
video
amp
virtual
cultures
in
pandemic
times
with
our
recent
launch
of
uci
land
in
animal
crossing
we
decided
to
highlight
some
of
the
uci
research
happening
around
the
game
sandy
chandra
and
evan
are
three
grad
student
researchers
looking
into
animal
crossing
along
with
professor
tom
boellstorff
iframe
allowfullscreen
allowfullscreen
class
embed
responsive
item
src
https://www.youtube.com/embed/uUDFgC8j9FE
rel
0
amp
showinfo
0
title
embedded
video
img
alt
animal
crossing
image
src
img
animal
crossing
2
jpg
class
chooser
textbox
display
icon
file
href
type
page
amp
id
ad
cd
aff
9
ce
id
linkiconstructureddatainfo
fileid
title
choose
file
img
alt
animal
crossing
image
src
img
animal
crossing
4
jpg
href
https://www.facebook.com/UCIrvine
facebook
href
https://twitter.com/ucirvine
twitter
href
https://www.youtube.com/user/ucirvine
youtube
href
http://instagram.com/ucirvine
instagram
href
linkedin
href
http://mail.google.com/a/uci.edu
uc
irvine
gmail
href
http://eee.uci.edu/
eee
href
about
employment
php
work
at
uc
irvine
href
http://em.uci.edu/
emergency
preparedness
href
http://disability.uci.edu/
disability
services
href
http://chancellor.uci.edu/
office
of
the
chancellor
href
http://universityofcalifornia.edu/
university
of
california
href
privacy
index
php
privacy
and
cookie
notice
href
media
inquiries
href
http://www.accreditation.uci.edu/
accreditation
information
href
https://www.police.uci.edu/clery/
clery
act
university
of
california
irvine
br
irvine
ca
br
img
alt
uci
seal
src
href
uci
edu
copyright
uc
regents
global
js
script
src
code
jquery
com
jquery
4
min
js
script
src
maxcdn
bootstrapcdn
com
bootstrap
4
js
bootstrap
min
js
script
src
site
js
script
src
js
campaign
button
campaign
button
js
page
js
