doctype
html
meta
charset
utf
8
meta
content
width
device
width
initial
scale
1
name
viewport
meta
content
uci
community
information
name
description
link
href
rel
icon
type
image
icon
link
href
rel
apple
touch
icon
our
community
uci
global
css
link
href
rel
stylesheet
link
href
rel
stylesheet
link
href
rel
stylesheet
link
href
rel
stylesheet
site
css
link
href
css
uci
css
rel
stylesheet
link
href
js
campaign
button
campaign
button
css
rel
stylesheet
page
css
global
js
site
js
script
async
async
src
js
uci
edu
google
tag
js
page
js
skip
to
main
content
toggle
primary
navigation
class
navbar
brand
href
https://uci.edu/
uc
irvine
homepage
class
btn
href
about
index
php
about
toggle
dropdown
about
href
about
index
php
about
us
href
http://chancellor.uci.edu
chancellor
href
university
facts
index
php
university
facts
href
http://strategicplan.uci.edu
strategic
plan
href
university
facts
faculty
awards
php
faculty
honors
href
http://ucirvinesports.com/anteater/
peter
the
anteater
href
diversity
index
php
diversity
resources
href
administration
index
php
administrative
offices
href
http://www.senate.uci.edu
academic
senate
href
http://directory.uci.edu
directory
href
visit
index
php
visit
href
about
employment
php
work
at
uc
irvine
href
http://give.uci.edu
support
uc
irvine
href
smoke
free
campus
class
btn
href
admissions
index
php
admissions
toggle
dropdown
admissions
href
http://www.admissions.uci.edu/
undergraduate
admission
href
http://www.grad.uci.edu/admissions/
graduate
admission
hr
professional
programs
href
http://merage.uci.edu/
business
href
http://www.law.uci.edu/admission/
law
href
medicine
hr
href
undergraduate
international
admissions
href
informationforinternationalstudents
graduate
international
admissions
hr
href
http://www.ofas.uci.edu/
financial
aid
href
http://housing.uci.edu/
housing
class
btn
href
academics
index
php
academics
toggle
dropdown
academics
href
http://www.arts.uci.edu/
arts
href
http://www.bio.uci.edu/
biological
sciences
href
http://merage.uci.edu/
business
href
http://education.uci.edu/
education
href
http://www.eng.uci.edu/
engineering
href
http://www.humanities.uci.edu/
humanities
href
http://ics.uci.edu/
information
amp
computer
sciences
href
interdisciplinary
studies
href
http://law.uci.edu/
law
href
http://medschool.uci.edu/
medicine
href
http://www.nursing.uci.edu/
nursing
science
href
http://pharmsci.uci.edu/
pharmacy
amp
pharmaceutical
sciences
href
https://ps.uci.edu/
physical
sciences
href
http://publichealth.uci.edu/
public
health
href
http://socialecology.uci.edu/
social
ecology
href
http://www.socsci.uci.edu/
social
sciences
hr
href
https://catalogue.uci.edu/
general
catalogue
href
majors
amp
minors
href
http://websoc.reg.uci.edu/perl/WebSoc/
schedule
of
classes
href
http://www.due.uci.edu/uu/
undergraduate
undeclared
href
https://academicadvising.uci.edu/
academic
advising
href
http://www.due.uci.edu/
division
of
undergraduate
education
href
http://www.grad.uci.edu/
graduate
division
href
http://ce.uci.edu/
division
of
continuing
education
href
http://honors.uci.edu/
campuswide
honors
program
href
http://urop.uci.edu/
undergraduate
research
href
http://calteach.uci.edu/
uci
calteach
href
http://lib.uci.edu/
libraries
href
http://www.cie.uci.edu/
study
abroad
center
href
http://summer.uci.edu/
summer
session
href
academic
calendars
href
http://www.senate.uci.edu/
academic
senate
class
btn
href
research
index
php
research
toggle
dropdown
research
href
http://www.research.uci.edu/
office
of
research
href
http://faculty.uci.edu/
faculty
profiles
href
postdoctoral
scholars
href
http://innovation.uci.edu/
applied
innovation
href
http://www.ota.uci.edu/
invention
transfer
group
href
http://urop.uci.edu/
undergraduate
research
href
graduate
research
href
http://research.uci.edu/centers-institutes/
research
centers
amp
units
href
http://ucop.edu/research-graduate-studies/
ucop
office
of
research
class
btn
href
community
index
php
community
toggle
dropdown
community
href
community
anteater
crossing
php
anteatercrossing
href
http://www.arts.uci.edu/calendar/
arts
href
http://ucirvinesports.com/
athletics
href
12
programs
href
summer
programs
href
http://today.uci.edu/
campus
events
calendar
href
http://conferencecenter.uci.edu/
conference
amp
event
services
href
https://imca.uci.edu/
langson
imca
href
http://www.ucirvinehealth.org/
hospital
href
medical
services
href
clinical
trials
toggle
dropdown
find
information
for
href
http://admissions.uci.edu/
prospective
students
href
http://students.uci.edu/
current
students
href
http://alumni.uci.edu/
alumni
href
https://portal.uci.edu/
faculty
amp
staff
href
http://parents.uci.edu/
parents
class
btn
navbar
btn
href
http://registertovote.ca.gov/
register
to
vote
href
img
src
img
ucirvine
wordmark
svg
alt
university
of
california
irvine
form
action
https://search.uci.edu/
class
form
inline
method
get
input
name
collection
type
hidden
value
uci
full
search
input
class
form
control
id
search
text
name
placeholder
search
type
text
web
people
hr
href
home
community
our
community
engagement
areas
uci
students
faculty
and
staff
reach
beyond
the
classrooms
and
laboratories
to
address
social
issues
and
improve
the
human
condition
major
intellectual
and
cultural
center
uci
engages
the
community
through
many
public
activities
and
events
alumni
href
https://engage.alumni.uci.edu/s/
img
alt
alumni
src
img
com
alumni
jpg
founded
in
the
uci
alumni
association
offers
an
enriching
and
supportive
hub
for
graduates
fosters
lifelong
anteater
pride
and
welcomes
non
alumni
community
participation
arts
href
http://www.arts.uci.edu/calendar/
img
alt
arts
src
img
com
arts
jpg
each
year
the
claire
trevor
school
of
the
arts
offers
more
than
student
performances
and
exhibitions
brings
hundreds
of
orange
county
12
students
through
our
classes
and
facilities
and
partners
with
numerous
local
arts
cultural
educational
and
civic
organizations
athletics
href
http://ucirvinesports.com/
img
alt
athletics
src
img
com
athletics
jpg
in
ncaa
division
competition
uci
sponsors
18
intercollegiate
athletic
teams
nine
men
teams
and
nine
women
teams
the
anteaters
have
won
27
national
team
championships
in
nine
different
sports
since
and
have
had
63
individual
national
champions
campus
events
href
https://today.uci.edu/
img
alt
campus
events
src
img
com
specevents
jpg
there
always
something
interesting
going
on
at
uci
enlightening
classes
engaging
public
lectures
captivating
performances
and
exciting
athletic
events
take
place
nearly
year
round
event
services
href
http://conferencecenter.uci.edu/
img
alt
event
services
src
img
com
studentcenter
jpg
student
center
and
event
services
provides
the
campus
community
and
its
guests
with
variety
of
services
and
venues
for
social
recreational
cultural
and
educational
pursuits
12
programs
href
img
alt
12
programs
src
img
com
12
jpg
uci
academic
preparation
programs
touch
the
lives
of
tens
of
thousands
of
12
students
in
california
each
year
and
many
serve
as
national
models
hospital
href
http://www.ucirvinehealth.org/
img
alt
hospital
src
img
com
hospital
jpg
orange
county
only
university
hospital
and
level
trauma
center
uc
irvine
medical
center
has
been
ranked
among
the
nation
best
hospitals
by
news
amp
world
report
for
12
consecutive
years
medical
services
href
img
alt
medical
services
src
img
com
medservices
jpg
uci
health
provides
the
highest
quality
healthcare
to
orange
county
and
surrounding
communities
through
its
world
class
physicians
surgeons
and
clinical
staff
clinical
trials
href
img
alt
clinical
trials
src
img
com
clinicaltrials
jpg
uci
health
offers
patients
access
to
some
of
the
most
innovative
approaches
to
address
various
conditions
and
diseases
href
https://www.facebook.com/UCIrvine
facebook
href
https://twitter.com/ucirvine
twitter
href
https://www.youtube.com/user/ucirvine
youtube
href
http://instagram.com/ucirvine
instagram
href
linkedin
href
http://mail.google.com/a/uci.edu
uc
irvine
gmail
href
http://eee.uci.edu/
eee
href
about
employment
php
work
at
uc
irvine
href
http://em.uci.edu/
emergency
preparedness
href
http://disability.uci.edu/
disability
services
href
http://chancellor.uci.edu/
office
of
the
chancellor
href
http://universityofcalifornia.edu/
university
of
california
href
privacy
index
php
privacy
and
cookie
notice
href
media
inquiries
href
http://www.accreditation.uci.edu/
accreditation
information
href
https://www.police.uci.edu/clery/
clery
act
university
of
california
irvine
br
irvine
ca
br
img
alt
uci
seal
src
href
uci
edu
copyright
uc
regents
global
js
script
src
code
jquery
com
jquery
4
min
js
script
src
maxcdn
bootstrapcdn
com
bootstrap
4
js
bootstrap
min
js
script
src
site
js
script
src
js
campaign
button
campaign
button
js
page
js
