doctype
html
meta
charset
utf
8
meta
content
width
device
width
initial
scale
1
name
viewport
meta
content
uci
academic
schools
and
programs
name
description
link
href
rel
icon
type
image
icon
link
href
rel
apple
touch
icon
academic
units
uci
global
css
link
href
rel
stylesheet
link
href
rel
stylesheet
link
href
rel
stylesheet
link
href
rel
stylesheet
site
css
link
href
css
uci
css
rel
stylesheet
link
href
js
campaign
button
campaign
button
css
rel
stylesheet
page
css
global
js
site
js
script
async
async
src
js
uci
edu
google
tag
js
page
js
skip
to
main
content
toggle
primary
navigation
class
navbar
brand
href
https://uci.edu/
uc
irvine
homepage
class
btn
href
about
index
php
about
toggle
dropdown
about
href
about
index
php
about
us
href
http://chancellor.uci.edu
chancellor
href
university
facts
index
php
university
facts
href
http://strategicplan.uci.edu
strategic
plan
href
university
facts
faculty
awards
php
faculty
honors
href
http://ucirvinesports.com/anteater/
peter
the
anteater
href
diversity
index
php
diversity
resources
href
administration
index
php
administrative
offices
href
http://www.senate.uci.edu
academic
senate
href
http://directory.uci.edu
directory
href
visit
index
php
visit
href
about
employment
php
work
at
uc
irvine
href
http://give.uci.edu
support
uc
irvine
href
smoke
free
campus
class
btn
href
admissions
index
php
admissions
toggle
dropdown
admissions
href
http://www.admissions.uci.edu/
undergraduate
admission
href
http://www.grad.uci.edu/admissions/
graduate
admission
hr
professional
programs
href
http://merage.uci.edu/
business
href
http://www.law.uci.edu/admission/
law
href
medicine
hr
href
undergraduate
international
admissions
href
informationforinternationalstudents
graduate
international
admissions
hr
href
http://www.ofas.uci.edu/
financial
aid
href
http://housing.uci.edu/
housing
class
btn
href
academics
index
php
academics
toggle
dropdown
academics
href
http://www.arts.uci.edu/
arts
href
http://www.bio.uci.edu/
biological
sciences
href
http://merage.uci.edu/
business
href
http://education.uci.edu/
education
href
http://www.eng.uci.edu/
engineering
href
http://www.humanities.uci.edu/
humanities
href
http://ics.uci.edu/
information
amp
computer
sciences
href
interdisciplinary
studies
href
http://law.uci.edu/
law
href
http://medschool.uci.edu/
medicine
href
http://www.nursing.uci.edu/
nursing
science
href
http://pharmsci.uci.edu/
pharmacy
amp
pharmaceutical
sciences
href
https://ps.uci.edu/
physical
sciences
href
http://publichealth.uci.edu/
public
health
href
http://socialecology.uci.edu/
social
ecology
href
http://www.socsci.uci.edu/
social
sciences
hr
href
https://catalogue.uci.edu/
general
catalogue
href
majors
amp
minors
href
http://websoc.reg.uci.edu/perl/WebSoc/
schedule
of
classes
href
http://www.due.uci.edu/uu/
undergraduate
undeclared
href
https://academicadvising.uci.edu/
academic
advising
href
http://www.due.uci.edu/
division
of
undergraduate
education
href
http://www.grad.uci.edu/
graduate
division
href
http://ce.uci.edu/
division
of
continuing
education
href
http://honors.uci.edu/
campuswide
honors
program
href
http://urop.uci.edu/
undergraduate
research
href
http://calteach.uci.edu/
uci
calteach
href
http://lib.uci.edu/
libraries
href
http://www.cie.uci.edu/
study
abroad
center
href
http://summer.uci.edu/
summer
session
href
academic
calendars
href
http://www.senate.uci.edu/
academic
senate
class
btn
href
research
index
php
research
toggle
dropdown
research
href
http://www.research.uci.edu/
office
of
research
href
http://faculty.uci.edu/
faculty
profiles
href
postdoctoral
scholars
href
http://innovation.uci.edu/
applied
innovation
href
http://www.ota.uci.edu/
invention
transfer
group
href
http://urop.uci.edu/
undergraduate
research
href
graduate
research
href
http://research.uci.edu/centers-institutes/
research
centers
amp
units
href
http://ucop.edu/research-graduate-studies/
ucop
office
of
research
class
btn
href
community
index
php
community
toggle
dropdown
community
href
community
anteater
crossing
php
anteatercrossing
href
http://www.arts.uci.edu/calendar/
arts
href
http://ucirvinesports.com/
athletics
href
12
programs
href
summer
programs
href
http://today.uci.edu/
campus
events
calendar
href
http://conferencecenter.uci.edu/
conference
amp
event
services
href
https://imca.uci.edu/
langson
imca
href
http://www.ucirvinehealth.org/
hospital
href
medical
services
href
clinical
trials
toggle
dropdown
find
information
for
href
http://admissions.uci.edu/
prospective
students
href
http://students.uci.edu/
current
students
href
http://alumni.uci.edu/
alumni
href
https://portal.uci.edu/
faculty
amp
staff
href
http://parents.uci.edu/
parents
class
btn
navbar
btn
href
http://registertovote.ca.gov/
register
to
vote
href
img
src
img
ucirvine
wordmark
svg
alt
university
of
california
irvine
form
action
https://search.uci.edu/
class
form
inline
method
get
input
name
collection
type
hidden
value
uci
full
search
input
class
form
control
id
search
text
name
placeholder
search
type
text
web
people
hr
href
home
academics
academic
units
unit
listing
uci
is
center
for
quality
education
that
fosters
passionate
enthusiastic
and
ongoing
expansion
of
knowledge
and
approaches
to
scholarship
graduates
are
prepared
to
be
global
citizens
equipped
with
the
tools
of
analysis
expression
and
cultural
understanding
required
for
leadership
in
today
world
img
alt
arts
src
img
acad
arts
jpg
arts
arts
fact
sheet
class
btn
btn
primary
href
http://www.arts.uci.edu/
arts
website
img
alt
biological
sciences
src
img
acad
biosci
jpg
biological
sciences
biological
sciences
fact
sheet
class
btn
btn
primary
href
http://www.bio.uci.edu/
biological
sciences
website
img
alt
business
src
img
acad
business
jpg
business
business
fact
sheet
class
btn
btn
primary
href
https://merage.uci.edu/
utm
source
uciedu
amp
utm
medium
referral
business
website
img
alt
education
src
img
fact
sheet
edu
jpg
education
education
fact
sheet
class
btn
btn
primary
href
http://education.uci.edu/
education
website
img
alt
engineering
src
img
acad
enginnering
jpg
engineering
engineering
fact
sheet
class
btn
btn
primary
href
http://www.eng.uci.edu/
engineering
website
img
alt
humanities
src
img
acad
humanities
jpg
humanities
humanities
fact
sheet
class
btn
btn
primary
href
http://www.humanities.uci.edu/
humanities
website
img
alt
information
amp
computer
sciences
src
img
acad
ics
jpg
information
amp
computer
sciences
information
amp
computer
sciences
fact
sheet
class
btn
btn
primary
href
http://www.ics.uci.edu/
information
amp
computer
sciences
website
img
alt
interdisciplinary
studies
src
img
acad
interdisc
jpg
interdisciplinary
studies
class
btn
btn
primary
href
interdisciplinary
studies
website
img
alt
law
src
img
acad
law
jpg
law
law
fact
sheet
class
btn
btn
primary
href
http://www.law.uci.edu/
law
website
img
alt
physical
sciences
src
img
acad
physci
jpg
physical
sciences
physical
sciences
fact
sheet
class
btn
btn
primary
href
https://ps.uci.edu/
physical
sciences
website
img
alt
social
ecology
src
img
acad
soceco
jpg
social
ecology
social
ecology
fact
sheet
class
btn
btn
primary
href
http://socialecology.uci.edu/
social
ecology
website
img
alt
social
sciences
src
img
acad
socsci
jpg
social
sciences
social
sciences
fact
sheet
class
btn
btn
primary
href
http://www.socsci.uci.edu/
social
sciences
website
susan
amp
henry
samueli
college
of
health
sciences
in
september
uci
announced
that
orange
county
philanthropists
and
business
leaders
susan
and
henry
samueli
committed
million
to
name
its
college
of
health
sciences
and
establish
new
integrative
health
research
institute
the
college
consists
of
the
school
of
medicine
the
sue
and
bill
gross
school
of
nursing
the
school
of
pharmacy
amp
pharmaceutical
sciences
and
the
school
of
population
health
currently
the
program
in
public
health
at
the
college
core
is
the
susan
samueli
integrative
health
institute
learn
more
href
http://cohs.uci.edu
here
img
alt
medicine
src
img
acad
med
jpg
medicine
medicine
fact
sheet
class
btn
btn
primary
href
http://medschool.uci.edu/
medicine
website
img
alt
nursing
src
img
acad
nursing
jpg
nursing
nursing
fact
sheet
class
btn
btn
primary
href
http://www.nursing.uci.edu/
nursing
website
img
alt
pharmacy
amp
pharmaceutical
sciences
src
img
acad
pharmsci
jpg
pharmacy
amp
pharmaceutical
sciences
pharmacy
amp
pharmaceutical
sciences
fact
sheet
class
btn
btn
primary
href
http://www.pharmsci.uci.edu/
pharmacy
amp
pharmaceutical
sciences
website
img
alt
public
health
src
img
acad
pubichealth
jpg
public
health
public
health
fact
sheet
class
btn
btn
primary
href
http://publichealth.uci.edu/
public
health
website
related
links
href
http://provost.uci.edu/
title
office
of
the
provost
amp
executive
vice
chancellor
office
of
the
provost
amp
executive
vice
chancellor
href
https://catalogue.uci.edu/
title
general
catalogue
general
catalogue
href
type
major
title
list
of
majors
amp
minors
list
of
majors
amp
minors
href
http://websoc.reg.uci.edu/perl/WebSoc
title
schedule
of
classes
schedule
of
classes
href
http://www.due.uci.edu/uu/
title
undecided
undeclared
undergraduate
undeclared
href
http://www.due.uci.edu/
title
division
of
undergraduate
education
division
of
undergraduate
education
href
http://www.grad.uci.edu/
title
graduate
division
graduate
division
href
http://ce.uci.edu/
title
continuing
education
division
of
continuing
education
href
http://honors.uci.edu/
title
campuswide
honors
program
campuswide
honors
program
href
http://www.urop.uci.edu/
title
undergraduate
research
opportunities
program
undergraduate
research
href
http://calteach.uci.edu/
uci
calteach
href
http://lib.uci.edu/
title
uc
irvine
libraries
libraries
href
http://www.cie.uci.edu/
title
study
abroad
center
study
abroad
center
href
http://summer.uci.edu/
title
summer
session
summer
session
href
academic
calendars
href
http://www.senate.uci.edu/
title
academic
senate
academic
senate
href
https://www.facebook.com/UCIrvine
facebook
href
https://twitter.com/ucirvine
twitter
href
https://www.youtube.com/user/ucirvine
youtube
href
http://instagram.com/ucirvine
instagram
href
linkedin
href
http://mail.google.com/a/uci.edu
uc
irvine
gmail
href
http://eee.uci.edu/
eee
href
about
employment
php
work
at
uc
irvine
href
http://em.uci.edu/
emergency
preparedness
href
http://disability.uci.edu/
disability
services
href
http://chancellor.uci.edu/
office
of
the
chancellor
href
http://universityofcalifornia.edu/
university
of
california
href
privacy
index
php
privacy
and
cookie
notice
href
media
inquiries
href
http://www.accreditation.uci.edu/
accreditation
information
href
https://www.police.uci.edu/clery/
clery
act
university
of
california
irvine
br
irvine
ca
br
img
alt
uci
seal
src
href
uci
edu
copyright
uc
regents
global
js
script
src
code
jquery
com
jquery
4
min
js
script
src
maxcdn
bootstrapcdn
com
bootstrap
4
js
bootstrap
min
js
script
src
site
js
script
src
js
campaign
button
campaign
button
js
page
js
