doctype
html
google
tag
manager
function
push
gtm
start
new
date
gettime
event
gtm
js
var
getelementsbytagname
0
createelement
dl
datalayer
async
true
src
https://www.googletagmanager.com/gtm.js
id
dl
parentnode
insertbefore
window
document
script
datalayer
gtm
phdtbth
end
google
tag
manager
script
src
https://www.youtube.com/iframe_api
our
universitys
facts
and
figures
at
glance
ucla
ucla
link
rel
apple
touch
icon
href
img
apple
touch
icon
png
place
favicon
ico
in
the
root
directory
link
rel
icon
href
favicon
ico
main
css
link
rel
stylesheet
type
text
css
href
link
href
css
app
css
ver
rel
stylesheet
type
text
css
link
rel
stylesheet
type
text
css
href
link
rel
canonical
href
https://www.ucla.edu/about/facts-and-figures
skip
to
navigation
skip
to
navigation
skip
to
search
skip
to
search
skip
to
main
content
skip
to
footer
links
google
tag
manager
noscript
iframe
src
https://www.googletagmanager.com/ns.html
id
gtm
phdtbth
height
0
width
0
style
display
none
visibility
hidden
title
google
tag
manager
aria
hidden
true
end
google
tag
manager
noscript
if
lte
ie
9
you
are
using
an
outdated
browser
please
href
https://browsehappy.com/
upgrade
your
browser
to
improve
your
experience
and
security
endif
href
img
src
img
logo
ucla
svg
alt
ucla
logo
class
btn
btn
tertiary
header
components
button
href
https://community.ucla.edu
events
class
btn
btn
tertiary
header
components
button
href
https://newsroom.ucla.edu
newsroom
class
btn
btn
tertiary
header
components
button
href
https://newsroom.ucla.edu/magazine
magazine
class
btn
btn
tertiary
header
components
button
href
https://alumni.ucla.edu/
alumni
class
btn
btn
tertiary
header
components
button
href
https://goarts.ucla.edu/
arts
class
btn
btn
tertiary
header
components
button
href
careers
careers
class
btn
btn
lightbg
header
components
button
give
href
https://giveto.ucla.edu
give
var
adasearchfix
function
img
gsc
branding
img
attr
alt
google
custom
search
branding
input
gsc
search
button
attr
alt
google
custom
search
button
search
ucla
edu
insertbefore
input
gsc
input
window
gcse
callback
adasearchfix
function
var
cx
hr
0
gvmjar
8
var
gcse
document
createelement
script
gcse
type
text
javascript
gcse
async
true
gcse
src
https://cse.google.com/cse.js
cx
cx
var
document
getelementsbytagname
script
0
parentnode
insertbefore
gcse
document
addeventlistener
domcontentloaded
function
settimeout
function
var
gscel
gsc
id
1
if
gscel
length
gscel
attr
role
search
type
search
window
onload
function
var
search
mobile
document
getelementbyid
gsc
id
1
search
mobile
placeholder
search
for
search
mobile
title
search
var
search
desktop
document
getelementbyid
gsc
id
2
search
desktop
placeholder
search
for
search
desktop
title
search
gcse
searchbox
only
enableautocomplete
false
resultsurl
search
about
start
id
about
menu
href
about
class
primary
nav
top
level
link
aria
haspopup
true
aria
expanded
false
about
about
href
about
class
primary
nav
second
level
link
about
overview
general
info
href
about
facts
and
figures
class
primary
nav
second
level
link
facts
amp
figures
href
about
leadership
class
primary
nav
second
level
link
leadership
href
https://www.senate.ucla.edu
class
primary
nav
second
level
link
academic
senate
href
about
rankings
class
primary
nav
second
level
link
rankings
href
https://alumni.ucla.edu/uclas-story
class
primary
nav
second
level
link
history
mission
amp
values
href
about
mission
and
values
class
primary
nav
second
level
link
mission
amp
values
href
https://strategic-plan.ucla.edu/
class
primary
nav
second
level
link
strategic
plan
href
https://equity.ucla.edu/
class
primary
nav
second
level
link
equity
diversity
and
inclusion
impact
href
https://100.ucla.edu/timeline
mode
time
nodeid
xl
5
anbaaab
2
class
primary
nav
second
level
link
contributions
amp
discoveries
href
economic
impact
class
primary
nav
second
level
link
external
link
blue
local
amp
economic
impact
href
https://www.global.ucla.edu/home
class
primary
nav
second
level
link
global
engagement
recognition
href
about
awards
and
honors
class
primary
nav
second
level
link
awards
honors
href
about
athletics
championships
and
medals
class
primary
nav
second
level
link
athletic
championships
amp
medals
href
https://optimism.ucla.edu/profiles/
class
primary
nav
second
level
link
notable
alumni
class
stack
img
link
href
about
rankings
img
src
img
nav
cta
about
janns
png
alt
jann
steps
ucla
ranked
no
1
public
university
ucla
tops
all
public
universities
in
the
news
amp
world
report
rankings
admission
start
id
admission
menu
href
admission
class
primary
nav
top
level
link
aria
haspopup
true
aria
expanded
false
admission
admission
href
admission
class
primary
nav
second
level
link
admission
overview
undergraduate
href
https://admission.ucla.edu/
class
primary
nav
second
level
link
undergraduate
admission
href
class
primary
nav
second
level
link
undergraduate
tuition
fees
href
class
primary
nav
second
level
link
undergraduate
financial
aid
href
https://admission.ucla.edu/tours.htm
class
primary
nav
second
level
link
undergraduate
tours
graduate
href
admission
graduate
admission
class
primary
nav
second
level
link
graduate
admission
href
https://grad.ucla.edu/funding/tuition
class
primary
nav
second
level
link
graduate
tuition
fees
href
https://grad.ucla.edu
class
primary
nav
second
level
link
graduate
funding
href
class
primary
nav
second
level
link
graduate
tours
additional
information
href
admission
international
applicants
class
primary
nav
second
level
link
international
applicants
href
class
primary
nav
second
level
link
extension
program
href
https://summer.ucla.edu
class
primary
nav
second
level
link
summer
sessions
academics
start
href
academics
class
primary
nav
top
level
link
aria
haspopup
true
aria
expanded
false
academics
academics
href
academics
class
primary
nav
second
level
link
academics
overview
explore
href
academics
programs
and
majors
class
primary
nav
second
level
link
degree
programs
majors
href
academics
college
and
schools
class
primary
nav
second
level
link
college
professional
schools
education
href
academics
undergraduate
education
class
primary
nav
second
level
link
undergraduate
education
href
academics
graduate
and
professional
education
class
primary
nav
second
level
link
graduate
professional
education
href
https://www.uclaextension.edu/
class
primary
nav
second
level
link
extension
courses
certificates
href
https://summer.ucla.edu/
class
primary
nav
second
level
link
summer
sessions
href
https://ieo.ucla.edu/
class
primary
nav
second
level
link
study
abroad
href
academics
continuing
education
class
primary
nav
second
level
link
continuing
education
support
href
https://career.ucla.edu
class
primary
nav
second
level
link
career
preparation
href
class
primary
nav
second
level
link
academic
advising
href
https://firsttogo.ucla.edu/
class
primary
nav
second
level
link
first
generation
href
https://newstudents.ucla.edu/
class
primary
nav
second
level
link
new
student
programs
href
http://www.honors.ucla.edu
class
primary
nav
second
level
link
honors
advanced
study
href
academics
support
entrepreneurship
class
primary
nav
second
level
link
entrepreneurship
hub
resources
href
academics
libraries
class
primary
nav
second
level
link
libraries
href
class
primary
nav
second
level
link
academic
calendar
href
https://sa.ucla.edu/ro/public/soc
class
primary
nav
second
level
link
course
schedule
href
https://catalog.registrar.ucla.edu/
class
primary
nav
second
level
link
course
catalogue
research
start
href
research
class
primary
nav
top
level
link
aria
haspopup
true
aria
expanded
false
research
research
href
research
class
primary
nav
second
level
link
research
campus
resources
href
https://research.ucla.edu/about/campus
class
primary
nav
second
level
link
research
across
campus
href
https://tdg.ucla.edu/
class
primary
nav
second
level
link
technology
innovation
href
https://research.ucla.edu/entrepreneurship
class
primary
nav
second
level
link
investments
partnerships
href
academics
libraries
class
primary
nav
second
level
link
libraries
student
research
href
https://grad.ucla.edu/academics/research/
class
primary
nav
second
level
link
graduate
research
href
https://admission.ucla.edu/explore/research
class
primary
nav
second
level
link
undergraduate
research
campus
life
start
id
campus
life
menu
href
campus
life
class
primary
nav
top
level
link
aria
haspopup
true
aria
expanded
false
campus
life
campus
life
href
campus
life
class
primary
nav
second
level
link
campus
life
overview
campus
href
https://portal.housing.ucla.edu
class
primary
nav
second
level
link
housing
href
https://reslife.ucla.edu/
class
primary
nav
second
level
link
residential
life
href
class
primary
nav
second
level
link
dining
href
https://www.studenthealth.ucla.edu/
class
primary
nav
second
level
link
health
wellness
href
https://www.sustain.ucla.edu/
class
primary
nav
second
level
link
sustainability
student
life
href
campus
life
clubs
organizations
and
recreation
class
primary
nav
second
level
link
clubs
organizations
href
https://www.recreation.ucla.edu/
class
primary
nav
second
level
link
sports
recreation
href
campus
life
arts
and
performance
class
primary
nav
second
level
link
arts
performance
href
https://volunteer.ucla.edu/
class
primary
nav
second
level
link
volunteering
service
href
https://bewellbruin.ucla.edu/
class
primary
nav
second
level
link
be
well
bruin
href
https://directory.ucla.edu/
id
directory
menu
class
primary
nav
top
level
mobile
link
directory
href
class
primary
nav
top
level
mobile
link
academic
calendar
href
https://map.ucla.edu/
class
primary
nav
top
level
mobile
link
maps
directions
href
class
primary
nav
top
level
mobile
link
parking
href
class
primary
nav
top
level
mobile
link
campus
shuttles
href
id
public
transit
menu
class
primary
nav
top
level
mobile
link
public
transit
href
https://newsroom.ucla.edu/
class
primary
nav
top
level
mobile
link
newsroom
href
https://newsroom.ucla.edu/magazine
class
primary
nav
top
level
mobile
link
magazine
href
https://alumni.ucla.edu/
class
primary
nav
top
level
mobile
link
alumni
href
https://goarts.ucla.edu/
class
primary
nav
top
level
mobile
link
arts
href
careers
class
primary
nav
top
level
mobile
link
careers
class
btn
btn
lightbg
mx
24
give
href
https://giveto.ucla.edu/
utm
campaign
ucla
gateway
utm
source
gateway
header
utm
medium
website
utm
content
give
now
button
ga
class
give
btn
id
give
btn
give
toggle
search
field
var
adasearchfix
function
img
gsc
branding
img
attr
alt
google
custom
search
branding
input
gsc
search
button
attr
alt
google
custom
search
button
search
ucla
edu
insertbefore
input
gsc
input
window
gcse
callback
adasearchfix
function
var
cx
hr
0
gvmjar
8
var
gcse
document
createelement
script
gcse
type
text
javascript
gcse
async
true
gcse
src
https://cse.google.com/cse.js
cx
cx
var
document
getelementsbytagname
script
0
parentnode
insertbefore
gcse
window
onload
function
var
search
mobile
document
getelementbyid
gsc
id
1
search
mobile
placeholder
search
for
search
mobile
title
search
var
search
desktop
document
getelementbyid
gsc
id
2
search
desktop
placeholder
search
for
search
desktop
title
search
gcse
searchbox
only
enableautocomplete
false
resultsurl
search
href
home
href
about
about
hide
current
page
in
breadcrumb
nav
facts
amp
figures
facts
figures
an
overview
of
the
data
that
makes
ucla
unique
one
of
our
greatest
values
as
university
lies
in
our
ability
to
positively
impact
society
by
bringing
together
diverse
minds
from
around
the
world
and
celebrating
different
points
of
view
here
we
take
pride
in
providing
opportunity
regardless
of
socioeconomic
background
we
also
cherish
the
href
https://equity.ucla.edu/
diversity
of
our
community
an
inclusive
environment
that
welcomes
and
values
people
from
all
walks
of
life
and
prepares
students
to
be
successful
in
todays
global
society
the
following
statistics
and
facts
illustrate
the
range
and
depth
of
the
university
of
california
los
angeles
undergraduate
students
graduate
students
international
students
faculty
members
countries
represented
by
students
29
first
generation
undergraduates
international
undergraduates
28
undergraduates
receive
pell
grants
diversity
student
diversity
by
ethnicity
ethnicity
among
undergraduate
and
graduate
students
ethnicity
undergraduate
graduate
african
american
american
indian
lt
lt
asian
amp
pacific
islander
22
hispanic
22
white
25
27
other
domestic
or
unknown
3
student
diversity
by
residency
residency
among
undergraduate
and
graduate
students
residency
undergraduate
graduate
ca
residents
domestic
non
residents
13
international
non
residents
unknown
student
diversity
by
gender
gender
among
undergraduate
and
graduate
students
gender
undergraduate
graduate
male
49
female
non
binary
enrollment
student
enrollment
in
the
college
college
of
letters
and
science
enrollment
among
undergraduate
and
graduate
students
college
of
letters
and
science
undergraduate
graduate
total
arts
amp
humanities
life
sciences
physical
sciences
math
social
sciences
institute
of
the
environment
33
international
institute
38
general
total
student
enrollment
in
professional
schools
professional
schools
enrollment
among
undergraduate
and
graduate
students
professional
schools
undergraduate
graduate
total
architecture
44
arts
amp
humanities
education
engineering
law
management
music
public
affairs
theater
film
and
television
total
total
student
enrollment
in
the
college
and
professional
schools
general
campus
enrollment
among
undergraduate
and
graduate
students
general
campus
undergraduate
graduate
total
total
college
and
professional
schools
student
enrollment
in
health
sciences
health
sciences
enrollment
among
undergraduate
and
graduate
students
health
sciences
undergraduate
graduate
total
biomedical
dentistry
medicine
nursing
public
health
interns
and
residents
total
professional
schools
total
student
enrollment
at
ucla
total
enrollment
among
undergraduate
and
graduate
students
ucla
total
enrollment
if
youd
like
to
dig
deeper
into
the
numbers
the
statistics
on
this
page
were
sourced
here
href
university
of
california
fall
statistics
href
ucla
campus
statistics
and
href
ucla
faculty
and
staff
related
href
profile
of
admitted
freshmen
href
profile
of
admitted
transfers
href
undergraduate
profiles
by
year
href
academic
statistics
script
type
application
ld
json
context
https://schema.org
type
webpage
name
facts
figures
description
an
overview
of
the
data
that
makes
ucla
unique
we
take
pride
in
diversity
and
in
providing
opportunity
breadcrumb
about
facts
figures
url
https://ucla.edu/about/facts-and-figures
img
class
department
logo
mb
24
mr
md
24
src
img
logo
ucla
white
svg
alt
ucla
los
angeles
contact
class
li
links
list
link
dark
href
https://directory.ucla.edu/
directory
class
li
links
list
link
dark
href
academic
calendar
class
li
links
list
link
dark
href
careers
careers
class
li
links
list
link
dark
href
contact
contact
us
website
feedback
class
li
links
list
link
dark
href
media
amp
journalists
campus
class
li
links
list
link
dark
href
https://map.ucla.edu
campus
map
class
li
links
list
link
dark
href
parking
class
li
links
list
link
dark
href
campus
shuttles
class
li
links
list
link
dark
href
public
transit
class
li
links
list
link
dark
href
https://covid-19.ucla.edu/
covid
19
community
class
li
links
list
link
dark
href
https://alumni.ucla.edu/
alumni
class
li
links
list
link
dark
href
https://alumni.ucla.edu/parents/
parents
amp
families
class
li
links
list
link
dark
href
https://apo.ucla.edu/
faculty
class
li
links
list
link
dark
href
https://campusservices.ucla.edu/
staff
class
li
links
list
link
dark
href
https://errc.ucla.edu
emeriti
amp
retirees
venue
amp
events
class
li
links
list
link
dark
href
https://luskinconferencecenter.ucla.edu/
conference
center
amp
hotel
class
li
links
list
link
dark
href
film
production
class
li
links
list
link
dark
href
https://events.ucla.edu/
event
planning
related
sites
class
li
links
list
link
dark
href
https://uclabruins.com/
athletics
class
li
links
list
link
dark
href
https://www.uclaextension.edu/
extension
class
li
links
list
link
dark
href
https://www.uclahealth.org/
utm
source
ucla
edu
health
class
li
links
list
link
dark
href
https://www.uclastore.com
store
class
li
links
list
link
dark
href
https://giveto.ucla.edu/
giving
class
li
links
list
link
dark
href
https://100.ucla.edu/
centennial
the
arts
class
li
links
list
link
dark
href
https://goarts.ucla.edu/
campus
arts
offerings
class
li
links
list
link
dark
href
https://hammer.ucla.edu/
hammer
museum
class
li
links
list
link
dark
href
https://fowler.ucla.edu/
fowler
museum
class
li
links
list
link
dark
href
https://cap.ucla.edu/
center
for
the
art
of
performance
class
li
links
list
link
dark
href
https://www.cinema.ucla.edu/
film
television
archive
global
footer
class
social
icon
href
https://www.facebook.com/UCLA/
facebook
href
https://www.instagram.com/ucla/
instagram
href
https://www.linkedin.com/school/ucla
linked
href
https://twitter.com/ucla
href
https://www.youtube.com/user/UCLA
youtube
href
https://www.tiktok.com/
ucla
lang
en
tiktok
href
https://www.threads.net/
ucla
threads
copy
regents
of
the
class
copy
link
dark
href
http://www.universityofcalifornia.edu/
university
of
california
class
global
foot
legal
link
href
https://www.bso.ucla.edu/
emergency
class
global
foot
legal
link
href
accessibility
accessibility
class
global
foot
legal
link
href
report
misconduct
communication
preferences
class
global
foot
legal
link
href
terms
of
use
privacy
amp
terms
of
use
cookie
policy
we
use
cookies
to
understand
how
you
use
our
site
and
to
improve
your
experience
including
personalizing
content
and
to
store
your
content
preferences
if
you
would
prefer
you
may
set
your
browser
to
refuse
cookies
or
alert
you
when
cookies
are
being
sent
however
it
is
possible
that
some
parts
of
our
sites
will
not
function
properly
if
you
do
so
by
continuing
to
use
our
sites
you
accept
our
use
of
cookies
and
revised
class
cookie
link
light
href
terms
of
use
privacy
policy
nbsp
accept
script
type
text
javascript
src
js
vendor
jquery
min
js
script
type
text
javascript
src
script
type
text
javascript
src
js
vendor
jquery
hideseek
min
js
script
type
text
javascript
src
js
vendor
stupidtable
min
js
script
type
text
javascript
src
js
vendor
jquery
scrollto
min
js
script
type
text
javascript
src
js
vendor
masonry
pkgd
min
js
script
type
text
javascript
src
script
type
text
javascript
src
js
vendor
lazyload
min
js
script
type
text
javascript
src
js
main
js
ver
script
type
text
javascript
var
jquery
noconflict
fancybox
fancybox
script
async
src
3
dist
lazyload
min
js
