doctype
html
google
tag
manager
function
push
gtm
start
new
date
gettime
event
gtm
js
var
getelementsbytagname
0
createelement
dl
datalayer
async
true
src
https://www.googletagmanager.com/gtm.js
id
dl
parentnode
insertbefore
window
document
script
datalayer
gtm
phdtbth
end
google
tag
manager
script
src
https://www.youtube.com/iframe_api
ucla
student
and
alumni
awards
amp
honors
recipients
ucla
ucla
link
rel
apple
touch
icon
href
img
apple
touch
icon
png
place
favicon
ico
in
the
root
directory
link
rel
icon
href
favicon
ico
main
css
link
rel
stylesheet
type
text
css
href
link
href
css
app
css
ver
rel
stylesheet
type
text
css
link
rel
stylesheet
type
text
css
href
link
rel
canonical
href
skip
to
navigation
skip
to
navigation
skip
to
search
skip
to
search
skip
to
main
content
skip
to
footer
links
google
tag
manager
noscript
iframe
src
https://www.googletagmanager.com/ns.html
id
gtm
phdtbth
height
0
width
0
style
display
none
visibility
hidden
title
google
tag
manager
aria
hidden
true
end
google
tag
manager
noscript
if
lte
ie
9
you
are
using
an
outdated
browser
please
href
https://browsehappy.com/
upgrade
your
browser
to
improve
your
experience
and
security
endif
href
img
src
img
logo
ucla
svg
alt
ucla
logo
class
btn
btn
tertiary
header
components
button
href
https://community.ucla.edu
events
class
btn
btn
tertiary
header
components
button
href
https://newsroom.ucla.edu
newsroom
class
btn
btn
tertiary
header
components
button
href
https://newsroom.ucla.edu/magazine
magazine
class
btn
btn
tertiary
header
components
button
href
https://alumni.ucla.edu/
alumni
class
btn
btn
tertiary
header
components
button
href
https://goarts.ucla.edu/
arts
class
btn
btn
tertiary
header
components
button
href
careers
careers
class
btn
btn
lightbg
header
components
button
give
href
https://giveto.ucla.edu
give
var
adasearchfix
function
img
gsc
branding
img
attr
alt
google
custom
search
branding
input
gsc
search
button
attr
alt
google
custom
search
button
search
ucla
edu
insertbefore
input
gsc
input
window
gcse
callback
adasearchfix
function
var
cx
hr
0
gvmjar
8
var
gcse
document
createelement
script
gcse
type
text
javascript
gcse
async
true
gcse
src
https://cse.google.com/cse.js
cx
cx
var
document
getelementsbytagname
script
0
parentnode
insertbefore
gcse
document
addeventlistener
domcontentloaded
function
settimeout
function
var
gscel
gsc
id
1
if
gscel
length
gscel
attr
role
search
type
search
window
onload
function
var
search
mobile
document
getelementbyid
gsc
id
1
search
mobile
placeholder
search
for
search
mobile
title
search
var
search
desktop
document
getelementbyid
gsc
id
2
search
desktop
placeholder
search
for
search
desktop
title
search
gcse
searchbox
only
enableautocomplete
false
resultsurl
search
about
start
id
about
menu
href
about
class
primary
nav
top
level
link
aria
haspopup
true
aria
expanded
false
about
about
href
about
class
primary
nav
second
level
link
about
overview
general
info
href
about
facts
and
figures
class
primary
nav
second
level
link
facts
amp
figures
href
about
leadership
class
primary
nav
second
level
link
leadership
href
https://www.senate.ucla.edu
class
primary
nav
second
level
link
academic
senate
href
about
rankings
class
primary
nav
second
level
link
rankings
href
https://alumni.ucla.edu/uclas-story
class
primary
nav
second
level
link
history
mission
amp
values
href
about
mission
and
values
class
primary
nav
second
level
link
mission
amp
values
href
https://strategic-plan.ucla.edu/
class
primary
nav
second
level
link
strategic
plan
href
https://equity.ucla.edu/
class
primary
nav
second
level
link
equity
diversity
and
inclusion
impact
href
https://100.ucla.edu/timeline
mode
time
nodeid
xl
5
anbaaab
2
class
primary
nav
second
level
link
contributions
amp
discoveries
href
economic
impact
class
primary
nav
second
level
link
external
link
blue
local
amp
economic
impact
href
https://www.global.ucla.edu/home
class
primary
nav
second
level
link
global
engagement
recognition
href
about
awards
and
honors
class
primary
nav
second
level
link
awards
honors
href
about
athletics
championships
and
medals
class
primary
nav
second
level
link
athletic
championships
amp
medals
href
https://optimism.ucla.edu/profiles/
class
primary
nav
second
level
link
notable
alumni
class
stack
img
link
href
about
rankings
img
src
img
nav
cta
about
janns
png
alt
jann
steps
ucla
ranked
no
1
public
university
ucla
tops
all
public
universities
in
the
news
amp
world
report
rankings
admission
start
id
admission
menu
href
admission
class
primary
nav
top
level
link
aria
haspopup
true
aria
expanded
false
admission
admission
href
admission
class
primary
nav
second
level
link
admission
overview
undergraduate
href
https://admission.ucla.edu/
class
primary
nav
second
level
link
undergraduate
admission
href
class
primary
nav
second
level
link
undergraduate
tuition
fees
href
class
primary
nav
second
level
link
undergraduate
financial
aid
href
https://admission.ucla.edu/tours.htm
class
primary
nav
second
level
link
undergraduate
tours
graduate
href
admission
graduate
admission
class
primary
nav
second
level
link
graduate
admission
href
https://grad.ucla.edu/funding/tuition
class
primary
nav
second
level
link
graduate
tuition
fees
href
https://grad.ucla.edu
class
primary
nav
second
level
link
graduate
funding
href
class
primary
nav
second
level
link
graduate
tours
additional
information
href
admission
international
applicants
class
primary
nav
second
level
link
international
applicants
href
class
primary
nav
second
level
link
extension
program
href
https://summer.ucla.edu
class
primary
nav
second
level
link
summer
sessions
academics
start
href
academics
class
primary
nav
top
level
link
aria
haspopup
true
aria
expanded
false
academics
academics
href
academics
class
primary
nav
second
level
link
academics
overview
explore
href
academics
programs
and
majors
class
primary
nav
second
level
link
degree
programs
majors
href
academics
college
and
schools
class
primary
nav
second
level
link
college
professional
schools
education
href
academics
undergraduate
education
class
primary
nav
second
level
link
undergraduate
education
href
academics
graduate
and
professional
education
class
primary
nav
second
level
link
graduate
professional
education
href
https://www.uclaextension.edu/
class
primary
nav
second
level
link
extension
courses
certificates
href
https://summer.ucla.edu/
class
primary
nav
second
level
link
summer
sessions
href
https://ieo.ucla.edu/
class
primary
nav
second
level
link
study
abroad
href
academics
continuing
education
class
primary
nav
second
level
link
continuing
education
support
href
https://career.ucla.edu
class
primary
nav
second
level
link
career
preparation
href
class
primary
nav
second
level
link
academic
advising
href
https://firsttogo.ucla.edu/
class
primary
nav
second
level
link
first
generation
href
https://newstudents.ucla.edu/
class
primary
nav
second
level
link
new
student
programs
href
http://www.honors.ucla.edu
class
primary
nav
second
level
link
honors
advanced
study
href
academics
support
entrepreneurship
class
primary
nav
second
level
link
entrepreneurship
hub
resources
href
academics
libraries
class
primary
nav
second
level
link
libraries
href
class
primary
nav
second
level
link
academic
calendar
href
https://sa.ucla.edu/ro/public/soc
class
primary
nav
second
level
link
course
schedule
href
https://catalog.registrar.ucla.edu/
class
primary
nav
second
level
link
course
catalogue
research
start
href
research
class
primary
nav
top
level
link
aria
haspopup
true
aria
expanded
false
research
research
href
research
class
primary
nav
second
level
link
research
campus
resources
href
https://research.ucla.edu/about/campus
class
primary
nav
second
level
link
research
across
campus
href
https://tdg.ucla.edu/
class
primary
nav
second
level
link
technology
innovation
href
https://research.ucla.edu/entrepreneurship
class
primary
nav
second
level
link
investments
partnerships
href
academics
libraries
class
primary
nav
second
level
link
libraries
student
research
href
https://grad.ucla.edu/academics/research/
class
primary
nav
second
level
link
graduate
research
href
https://admission.ucla.edu/explore/research
class
primary
nav
second
level
link
undergraduate
research
campus
life
start
id
campus
life
menu
href
campus
life
class
primary
nav
top
level
link
aria
haspopup
true
aria
expanded
false
campus
life
campus
life
href
campus
life
class
primary
nav
second
level
link
campus
life
overview
campus
href
https://portal.housing.ucla.edu
class
primary
nav
second
level
link
housing
href
https://reslife.ucla.edu/
class
primary
nav
second
level
link
residential
life
href
class
primary
nav
second
level
link
dining
href
https://www.studenthealth.ucla.edu/
class
primary
nav
second
level
link
health
wellness
href
https://www.sustain.ucla.edu/
class
primary
nav
second
level
link
sustainability
student
life
href
campus
life
clubs
organizations
and
recreation
class
primary
nav
second
level
link
clubs
organizations
href
https://www.recreation.ucla.edu/
class
primary
nav
second
level
link
sports
recreation
href
campus
life
arts
and
performance
class
primary
nav
second
level
link
arts
performance
href
https://volunteer.ucla.edu/
class
primary
nav
second
level
link
volunteering
service
href
https://bewellbruin.ucla.edu/
class
primary
nav
second
level
link
be
well
bruin
href
https://directory.ucla.edu/
id
directory
menu
class
primary
nav
top
level
mobile
link
directory
href
class
primary
nav
top
level
mobile
link
academic
calendar
href
https://map.ucla.edu/
class
primary
nav
top
level
mobile
link
maps
directions
href
class
primary
nav
top
level
mobile
link
parking
href
class
primary
nav
top
level
mobile
link
campus
shuttles
href
id
public
transit
menu
class
primary
nav
top
level
mobile
link
public
transit
href
https://newsroom.ucla.edu/
class
primary
nav
top
level
mobile
link
newsroom
href
https://newsroom.ucla.edu/magazine
class
primary
nav
top
level
mobile
link
magazine
href
https://alumni.ucla.edu/
class
primary
nav
top
level
mobile
link
alumni
href
https://goarts.ucla.edu/
class
primary
nav
top
level
mobile
link
arts
href
careers
class
primary
nav
top
level
mobile
link
careers
class
btn
btn
lightbg
mx
24
give
href
https://giveto.ucla.edu/
utm
campaign
ucla
gateway
utm
source
gateway
header
utm
medium
website
utm
content
give
now
button
ga
class
give
btn
id
give
btn
give
toggle
search
field
var
adasearchfix
function
img
gsc
branding
img
attr
alt
google
custom
search
branding
input
gsc
search
button
attr
alt
google
custom
search
button
search
ucla
edu
insertbefore
input
gsc
input
window
gcse
callback
adasearchfix
function
var
cx
hr
0
gvmjar
8
var
gcse
document
createelement
script
gcse
type
text
javascript
gcse
async
true
gcse
src
https://cse.google.com/cse.js
cx
cx
var
document
getelementsbytagname
script
0
parentnode
insertbefore
gcse
window
onload
function
var
search
mobile
document
getelementbyid
gsc
id
1
search
mobile
placeholder
search
for
search
mobile
title
search
var
search
desktop
document
getelementbyid
gsc
id
2
search
desktop
placeholder
search
for
search
desktop
title
search
gcse
searchbox
only
enableautocomplete
false
resultsurl
search
href
home
href
about
about
href
about
awards
and
honors
awards
amp
honors
hide
current
page
in
breadcrumb
nav
alumni
amp
student
honors
alumni
and
student
honors
ucla
students
and
alumni
earn
wide
range
of
honors
and
awards
including
the
highest
achievements
in
the
sciences
arts
social
sciences
and
leadership
on
this
page
we
list
some
of
their
especially
noteworthy
accomplishments
start
nobel
laureates
nobel
laureates
img
class
person
card
image
src
img
about
students
nobel
patapoutian
jpg
alt
href
ardem
patapoutian
physiology
or
medicine
90
molecular
cellular
and
developmental
biology
img
class
person
card
image
src
img
about
students
nobel
schekman
jpg
alt
href
randy
schekman
physiology
or
medicine
71
individual
field
of
concentration
in
molecular
biology
img
class
person
card
image
src
img
about
students
nobel
heck
jpg
alt
href
richard
heck
chemistry
52
ph
54
chemistry
img
class
person
card
image
src
img
about
students
nobel
ostrom
jpg
alt
href
elinor
ostrom
economic
sciences
54
62
ph
65
political
science
img
class
person
card
image
src
img
about
students
nobel
sharpe
jpg
alt
href
william
sharpe
economic
sciences
55
56
ph
61
economics
img
class
person
card
image
src
img
about
students
nobel
merrifield
jpg
alt
href
bruce
merrifield
chemistry
42
ph
49
chemistry
img
class
person
card
image
src
img
about
students
seaborg
jpg
alt
href
glenn
seaborg
chemistry
34
chemistry
img
class
person
card
image
src
img
about
students
nobel
bunche
jpg
alt
href
ralph
bunche
peace
27
political
science
end
nobel
laureates
start
macarthur
foundation
fellows
macarthur
foundation
fellows
img
class
person
card
image
src
img
about
students
macarthur
de
leon
jpg
alt
href
https://www.macfound.org/fellows/986/
jason
de
len
anthropologist
01
anthropology
img
class
person
card
image
src
img
about
students
macarthur
barth
jpg
alt
href
https://www.macfound.org/fellows/859/
uta
barth
conceptual
photographer
85
art
photo
credit
john
catherine
macarthur
foundation
img
class
person
card
image
src
img
about
students
macarthur
breuer
jpg
alt
href
https://www.macfound.org/fellows/549/
lee
breuer
playwright
and
theater
director
58
english
img
class
person
card
image
src
img
about
students
macarthur
mazmanian
jpg
alt
href
https://www.macfound.org/fellows/869/
sarkis
mazmanian
medical
microbiologist
95
microbiology
molecular
genetics
ph
02
microbiology
immunology
photo
credit
john
catherine
macarthur
foundation
img
class
person
card
image
src
img
about
students
macarthur
ryan
jpg
alt
href
https://www.macfound.org/fellows/15/
kay
ryan
poet
67
68
english
img
class
person
card
image
src
img
about
students
macarthur
martinez
jpg
alt
href
https://www.macfound.org/fellows/766/
todd
martnez
theoretical
chemist
ph
94
chemistry
photo
credit
john
catherine
macarthur
foundation
img
class
person
card
image
src
img
about
students
macarthur
murphy
jpg
alt
href
https://www.macfound.org/fellows/768/
kevin
murphy
economist
81
economics
photo
credit
john
catherine
macarthur
foundation
img
class
person
card
image
src
img
about
students
macarthur
khedoori
jpg
alt
href
https://www.macfound.org/fellows/687/
toba
khedoori
painter
94
art
photo
credit
john
catherine
macarthur
foundation
img
class
person
card
image
src
img
about
students
macarthur
redfield
jamison
jpg
alt
href
https://www.macfound.org/fellows/672/
kay
redfield
jamison
psychologist
71
71
ph
75
psychology
img
class
person
card
image
src
img
about
students
vacant
jpg
alt
href
https://www.macfound.org/fellows/604/
shawn
carlson
science
educator
83
ph
89
physics
img
class
person
card
image
src
img
about
students
vacant
jpg
alt
href
https://www.macfound.org/fellows/577/
michael
ryan
davis
historian
76
78
history
img
class
person
card
image
src
img
about
students
macarthur
kwoh
jpg
alt
href
https://www.macfound.org/fellows/586/
stewart
kwoh
human
rights
leader
70
psychology
74
law
img
class
person
card
image
src
img
about
students
macarthur
celmins
jpg
alt
href
https://www.macfound.org/fellows/550/
vija
celmins
painter
and
sculptor
65
art
img
class
person
card
image
src
img
about
students
macarthur
uri
treisman
jpg
alt
href
https://www.macfound.org/fellows/480/
philip
uri
treisman
mathematics
educator
70
mathematics
img
class
person
card
image
src
img
about
students
macarthur
locke
jpg
alt
href
https://www.macfound.org/fellows/440/
patricia
locke
tribal
rights
leader
and
educator
51
education
img
class
person
card
image
src
img
about
students
macarthur
burnett
jpg
alt
href
https://www.macfound.org/fellows/329/
charles
burnett
filmmaker
70
73
film
img
class
person
card
image
src
img
about
students
vacant
jpg
alt
href
https://www.macfound.org/fellows/350/
noel
swerdlow
historian
of
science
64
history
img
class
person
card
image
src
img
about
students
macarthur
raven
jpg
alt
href
https://www.macfound.org/fellows/260/
peter
raven
botanist
and
conservationist
ph
60
botany
end
macarthur
foundation
fellows
start
national
medal
of
science
national
medal
of
science
img
class
person
card
image
src
img
about
students
natl
science
tapia
jpg
alt
href
https://www.nsf.gov/od/nms/recip_details.jsp
recip
id
richard
tapia
mathematics
61
66
ph
67
mathematics
photo
credit
courtesy
of
the
national
science
technology
medals
foundation
img
class
person
card
image
src
img
about
students
seaborg
jpg
alt
href
https://www.nsf.gov/od/nms/recip_details.jsp
recip
id
glenn
seaborg
chemistry
34
chemistry
end
national
medal
of
science
start
pulitzer
prize
pulitzer
prize
img
class
person
card
image
src
img
about
students
ryan
jpg
alt
href
kay
ryan
poetry
67
68
english
img
class
person
card
image
src
img
about
students
pulitzer
gold
jpg
alt
href
jonathan
gold
criticism
82
music
img
class
person
card
image
src
img
about
students
pulitzer
sherwin
jpg
alt
href
martin
sherwin
biography
or
autobiography
ph
71
history
img
class
person
card
image
src
img
about
students
pulitzer
auth
jpg
alt
href
tony
auth
editorial
cartooning
65
individual
field
of
concentration
in
biological
illustration
end
pulitzer
prize
start
turing
award
turing
award
img
class
person
card
image
src
img
about
students
turing
cerf
jpg
alt
href
vinton
cerf
70
ph
72
computer
science
end
turing
award
start
poet
laureate
poet
laureates
img
class
person
card
image
src
img
about
students
poet
felipe
herrera
jpg
alt
href
http://www.loc.gov/poetry/more_herrera.html
juan
felipe
herrera
72
anthropology
img
class
person
card
image
src
img
about
students
ryan
jpg
alt
href
http://www.loc.gov/poetry/more_ryan.html
kay
ryan
67
68
english
end
poet
laureate
start
rhodes
scholar
rhodes
scholars
img
class
person
card
image
src
img
about
students
rhodes
fouksman
jpg
alt
elizaveta
fouksman
08
history
img
class
person
card
image
src
img
about
students
rhodes
joseph
jpg
alt
chris
joseph
ncaa
athlete
football
08
geography
img
class
person
card
image
src
img
about
students
rhodes
hugo
jpg
alt
scott
hugo
09
history
political
science
img
class
person
card
image
src
img
about
students
vacant
jpg
alt
annette
salmeen
ncaa
athlete
swimming
97
chemistry
img
class
person
card
image
src
img
about
students
vacant
jpg
alt
spencer
eth
76
medicine
img
class
person
card
image
src
img
about
students
vacant
jpg
alt
george
rosa
71
english
french
img
class
person
card
image
src
img
about
students
vacant
jpg
alt
harold
griffin
ncaa
athlete
football
69
political
science
img
class
person
card
image
src
img
about
students
vacant
jpg
alt
william
zeltonoga
ncaa
athlete
wrestling
philosophy
major
wrestling
team
img
class
person
card
image
src
img
about
students
vacant
jpg
alt
david
maxwell
anatomy
ph
60
anatomy
img
class
person
card
image
src
img
about
students
rhodes
muller
jpg
alt
steven
muller
48
political
science
img
class
person
card
image
src
img
about
students
vacant
jpg
alt
thomas
lambert
graduated
from
oxford
university
end
rhodes
scholar
start
marshall
scholar
marshall
scholars
img
class
person
card
image
src
img
about
students
marshall
clawson
jpg
alt
matthew
clawson
10
economics
political
science
img
class
person
card
image
src
img
about
students
marshall
clarke
jpg
alt
william
thomas
clarke
07
molecular
cell
and
developmental
biology
end
marshall
scholar
start
uc
student
regent
uc
student
regents
img
class
person
card
image
src
img
about
students
vacant
jpg
alt
devon
graves
16
education
img
class
person
card
image
src
img
about
students
regent
oved
jpg
alt
abraham
avi
oved
16
economics
img
class
person
card
image
src
img
about
students
regent
scorza
jpg
alt
dartagnan
scorza
07
study
of
religion
ph
13
education
img
class
person
card
image
src
img
about
students
regent
ledesma
jpg
alt
maria
ledesma
ph
07
education
img
class
person
card
image
src
img
about
students
vacant
jpg
alt
jodi
lynette
anderson
02
ph
06
education
img
class
person
card
image
src
img
about
students
vacant
jpg
alt
tracy
davis
95
anthropology
00
ph
08
education
img
class
person
card
image
src
img
about
students
regent
fong
jpg
alt
justin
fong
04
public
policy
img
class
person
card
image
src
img
about
students
regent
espinoza
jpg
alt
max
espinoza
99
history
chicana
studies
img
class
person
card
image
src
img
about
students
regent
hoffman
jpg
alt
david
hoffman
88
economics
img
class
person
card
image
src
img
about
students
vacant
jpg
alt
fred
gaines
81
economics
political
science
img
class
person
card
image
src
img
about
students
vacant
jpg
alt
richard
anderson
79
ph
93
psychology
img
class
person
card
image
src
img
about
students
vacant
jpg
alt
david
neuman
83
communication
studies
img
class
person
card
image
src
img
about
students
vacant
jpg
alt
leslie
lurie
81
communication
studies
political
science
84
law
img
class
person
card
image
src
img
about
students
vacant
jpg
alt
renee
turkell
79
english
83
law
end
uc
student
regent
end
accordion
section
this
listing
includes
ucla
alumni
and
students
we
make
every
effort
to
keep
these
listings
current
and
accurate
last
updated
august
img
class
department
logo
mb
24
mr
md
24
src
img
logo
ucla
white
svg
alt
ucla
los
angeles
contact
class
li
links
list
link
dark
href
https://directory.ucla.edu/
directory
class
li
links
list
link
dark
href
academic
calendar
class
li
links
list
link
dark
href
careers
careers
class
li
links
list
link
dark
href
contact
contact
us
website
feedback
class
li
links
list
link
dark
href
media
amp
journalists
campus
class
li
links
list
link
dark
href
https://map.ucla.edu
campus
map
class
li
links
list
link
dark
href
parking
class
li
links
list
link
dark
href
campus
shuttles
class
li
links
list
link
dark
href
public
transit
class
li
links
list
link
dark
href
https://covid-19.ucla.edu/
covid
19
community
class
li
links
list
link
dark
href
https://alumni.ucla.edu/
alumni
class
li
links
list
link
dark
href
https://alumni.ucla.edu/parents/
parents
amp
families
class
li
links
list
link
dark
href
https://apo.ucla.edu/
faculty
class
li
links
list
link
dark
href
https://campusservices.ucla.edu/
staff
class
li
links
list
link
dark
href
https://errc.ucla.edu
emeriti
amp
retirees
venue
amp
events
class
li
links
list
link
dark
href
https://luskinconferencecenter.ucla.edu/
conference
center
amp
hotel
class
li
links
list
link
dark
href
film
production
class
li
links
list
link
dark
href
https://events.ucla.edu/
event
planning
related
sites
class
li
links
list
link
dark
href
https://uclabruins.com/
athletics
class
li
links
list
link
dark
href
https://www.uclaextension.edu/
extension
class
li
links
list
link
dark
href
https://www.uclahealth.org/
utm
source
ucla
edu
health
class
li
links
list
link
dark
href
https://www.uclastore.com
store
class
li
links
list
link
dark
href
https://giveto.ucla.edu/
giving
class
li
links
list
link
dark
href
https://100.ucla.edu/
centennial
the
arts
class
li
links
list
link
dark
href
https://goarts.ucla.edu/
campus
arts
offerings
class
li
links
list
link
dark
href
https://hammer.ucla.edu/
hammer
museum
class
li
links
list
link
dark
href
https://fowler.ucla.edu/
fowler
museum
class
li
links
list
link
dark
href
https://cap.ucla.edu/
center
for
the
art
of
performance
class
li
links
list
link
dark
href
https://www.cinema.ucla.edu/
film
television
archive
global
footer
class
social
icon
href
https://www.facebook.com/UCLA/
facebook
href
https://www.instagram.com/ucla/
instagram
href
https://www.linkedin.com/school/ucla
linked
href
https://twitter.com/ucla
href
https://www.youtube.com/user/UCLA
youtube
href
https://www.tiktok.com/
ucla
lang
en
tiktok
href
https://www.threads.net/
ucla
threads
copy
regents
of
the
class
copy
link
dark
href
http://www.universityofcalifornia.edu/
university
of
california
class
global
foot
legal
link
href
https://www.bso.ucla.edu/
emergency
class
global
foot
legal
link
href
accessibility
accessibility
class
global
foot
legal
link
href
report
misconduct
communication
preferences
class
global
foot
legal
link
href
terms
of
use
privacy
amp
terms
of
use
cookie
policy
we
use
cookies
to
understand
how
you
use
our
site
and
to
improve
your
experience
including
personalizing
content
and
to
store
your
content
preferences
if
you
would
prefer
you
may
set
your
browser
to
refuse
cookies
or
alert
you
when
cookies
are
being
sent
however
it
is
possible
that
some
parts
of
our
sites
will
not
function
properly
if
you
do
so
by
continuing
to
use
our
sites
you
accept
our
use
of
cookies
and
revised
class
cookie
link
light
href
terms
of
use
privacy
policy
nbsp
accept
script
type
text
javascript
src
js
vendor
jquery
min
js
script
type
text
javascript
src
script
type
text
javascript
src
js
vendor
jquery
hideseek
min
js
script
type
text
javascript
src
js
vendor
stupidtable
min
js
script
type
text
javascript
src
js
vendor
jquery
scrollto
min
js
script
type
text
javascript
src
js
vendor
masonry
pkgd
min
js
script
type
text
javascript
src
script
type
text
javascript
src
js
vendor
lazyload
min
js
script
type
text
javascript
src
js
main
js
ver
script
type
text
javascript
var
jquery
noconflict
fancybox
fancybox
script
async
src
3
dist
lazyload
min
js
