doctype
html
google
tag
manager
function
push
gtm
start
new
date
gettime
event
gtm
js
var
getelementsbytagname
0
createelement
dl
datalayer
async
true
src
https://www.googletagmanager.com/gtm.js
id
dl
parentnode
insertbefore
window
document
script
datalayer
gtm
phdtbth
end
google
tag
manager
script
src
https://www.youtube.com/iframe_api
ucla
meta
property
twitter
card
content
summary
meta
property
twitter
id
content
ucla
meta
property
og
title
content
ucla
meta
property
og
type
content
website
meta
property
og
url
content
https://www.ucla.edu
meta
property
og
description
content
ucla
advances
knowledge
addresses
pressing
societal
needs
and
creates
university
enriched
by
diverse
perspectives
where
all
individuals
can
flourish
meta
property
og
image
secure
url
content
https://ucla.edu/img/ucla_gateway.jpg
meta
property
og
image
alt
content
photo
of
the
front
of
royce
hall
link
rel
apple
touch
icon
href
img
apple
touch
icon
png
place
favicon
ico
in
the
root
directory
link
rel
icon
href
favicon
ico
main
css
link
rel
stylesheet
type
text
css
href
link
href
css
app
css
ver
rel
stylesheet
type
text
css
link
rel
stylesheet
type
text
css
href
link
rel
canonical
href
https://www.ucla.edu/
skip
to
navigation
skip
to
navigation
skip
to
search
skip
to
search
skip
to
main
content
skip
to
footer
links
google
tag
manager
noscript
iframe
src
https://www.googletagmanager.com/ns.html
id
gtm
phdtbth
height
0
width
0
style
display
none
visibility
hidden
title
google
tag
manager
aria
hidden
true
end
google
tag
manager
noscript
if
lte
ie
9
you
are
using
an
outdated
browser
please
href
https://browsehappy.com/
upgrade
your
browser
to
improve
your
experience
and
security
endif
href
img
src
img
logo
ucla
svg
alt
ucla
logo
class
btn
btn
tertiary
header
components
button
href
https://community.ucla.edu
events
class
btn
btn
tertiary
header
components
button
href
https://newsroom.ucla.edu
newsroom
class
btn
btn
tertiary
header
components
button
href
https://newsroom.ucla.edu/magazine
magazine
class
btn
btn
tertiary
header
components
button
href
https://alumni.ucla.edu/
alumni
class
btn
btn
tertiary
header
components
button
href
https://goarts.ucla.edu/
arts
class
btn
btn
tertiary
header
components
button
href
careers
careers
class
btn
btn
lightbg
header
components
button
give
href
https://giveto.ucla.edu
give
var
adasearchfix
function
img
gsc
branding
img
attr
alt
google
custom
search
branding
input
gsc
search
button
attr
alt
google
custom
search
button
search
ucla
edu
insertbefore
input
gsc
input
window
gcse
callback
adasearchfix
function
var
cx
hr
0
gvmjar
8
var
gcse
document
createelement
script
gcse
type
text
javascript
gcse
async
true
gcse
src
https://cse.google.com/cse.js
cx
cx
var
document
getelementsbytagname
script
0
parentnode
insertbefore
gcse
document
addeventlistener
domcontentloaded
function
settimeout
function
var
gscel
gsc
id
1
if
gscel
length
gscel
attr
role
search
type
search
window
onload
function
var
search
mobile
document
getelementbyid
gsc
id
1
search
mobile
placeholder
search
for
search
mobile
title
search
var
search
desktop
document
getelementbyid
gsc
id
2
search
desktop
placeholder
search
for
search
desktop
title
search
gcse
searchbox
only
enableautocomplete
false
resultsurl
search
about
start
id
about
menu
href
about
class
primary
nav
top
level
link
aria
haspopup
true
aria
expanded
false
about
about
href
about
class
primary
nav
second
level
link
about
overview
general
info
href
about
facts
and
figures
class
primary
nav
second
level
link
facts
amp
figures
href
about
leadership
class
primary
nav
second
level
link
leadership
href
https://www.senate.ucla.edu
class
primary
nav
second
level
link
academic
senate
href
about
rankings
class
primary
nav
second
level
link
rankings
href
https://alumni.ucla.edu/uclas-story
class
primary
nav
second
level
link
history
mission
amp
values
href
about
mission
and
values
class
primary
nav
second
level
link
mission
amp
values
href
https://strategic-plan.ucla.edu/
class
primary
nav
second
level
link
strategic
plan
href
https://equity.ucla.edu/
class
primary
nav
second
level
link
equity
diversity
and
inclusion
impact
href
https://100.ucla.edu/timeline
mode
time
nodeid
xl
5
anbaaab
2
class
primary
nav
second
level
link
contributions
amp
discoveries
href
economic
impact
class
primary
nav
second
level
link
external
link
blue
local
amp
economic
impact
href
https://www.global.ucla.edu/home
class
primary
nav
second
level
link
global
engagement
recognition
href
about
awards
and
honors
class
primary
nav
second
level
link
awards
honors
href
about
athletics
championships
and
medals
class
primary
nav
second
level
link
athletic
championships
amp
medals
href
https://optimism.ucla.edu/profiles/
class
primary
nav
second
level
link
notable
alumni
class
stack
img
link
href
about
rankings
img
src
img
nav
cta
about
janns
png
alt
jann
steps
ucla
ranked
no
1
public
university
ucla
tops
all
public
universities
in
the
news
amp
world
report
rankings
admission
start
id
admission
menu
href
admission
class
primary
nav
top
level
link
aria
haspopup
true
aria
expanded
false
admission
admission
href
admission
class
primary
nav
second
level
link
admission
overview
undergraduate
href
https://admission.ucla.edu/
class
primary
nav
second
level
link
undergraduate
admission
href
class
primary
nav
second
level
link
undergraduate
tuition
fees
href
class
primary
nav
second
level
link
undergraduate
financial
aid
href
https://admission.ucla.edu/tours.htm
class
primary
nav
second
level
link
undergraduate
tours
graduate
href
admission
graduate
admission
class
primary
nav
second
level
link
graduate
admission
href
https://grad.ucla.edu/funding/tuition
class
primary
nav
second
level
link
graduate
tuition
fees
href
https://grad.ucla.edu
class
primary
nav
second
level
link
graduate
funding
href
class
primary
nav
second
level
link
graduate
tours
additional
information
href
admission
international
applicants
class
primary
nav
second
level
link
international
applicants
href
class
primary
nav
second
level
link
extension
program
href
https://summer.ucla.edu
class
primary
nav
second
level
link
summer
sessions
academics
start
href
academics
class
primary
nav
top
level
link
aria
haspopup
true
aria
expanded
false
academics
academics
href
academics
class
primary
nav
second
level
link
academics
overview
explore
href
academics
programs
and
majors
class
primary
nav
second
level
link
degree
programs
majors
href
academics
college
and
schools
class
primary
nav
second
level
link
college
professional
schools
education
href
academics
undergraduate
education
class
primary
nav
second
level
link
undergraduate
education
href
academics
graduate
and
professional
education
class
primary
nav
second
level
link
graduate
professional
education
href
https://www.uclaextension.edu/
class
primary
nav
second
level
link
extension
courses
certificates
href
https://summer.ucla.edu/
class
primary
nav
second
level
link
summer
sessions
href
https://ieo.ucla.edu/
class
primary
nav
second
level
link
study
abroad
href
academics
continuing
education
class
primary
nav
second
level
link
continuing
education
support
href
https://career.ucla.edu
class
primary
nav
second
level
link
career
preparation
href
class
primary
nav
second
level
link
academic
advising
href
https://firsttogo.ucla.edu/
class
primary
nav
second
level
link
first
generation
href
https://newstudents.ucla.edu/
class
primary
nav
second
level
link
new
student
programs
href
http://www.honors.ucla.edu
class
primary
nav
second
level
link
honors
advanced
study
href
academics
support
entrepreneurship
class
primary
nav
second
level
link
entrepreneurship
hub
resources
href
academics
libraries
class
primary
nav
second
level
link
libraries
href
class
primary
nav
second
level
link
academic
calendar
href
https://sa.ucla.edu/ro/public/soc
class
primary
nav
second
level
link
course
schedule
href
https://catalog.registrar.ucla.edu/
class
primary
nav
second
level
link
course
catalogue
research
start
href
research
class
primary
nav
top
level
link
aria
haspopup
true
aria
expanded
false
research
research
href
research
class
primary
nav
second
level
link
research
campus
resources
href
https://research.ucla.edu/about/campus
class
primary
nav
second
level
link
research
across
campus
href
https://tdg.ucla.edu/
class
primary
nav
second
level
link
technology
innovation
href
https://research.ucla.edu/entrepreneurship
class
primary
nav
second
level
link
investments
partnerships
href
academics
libraries
class
primary
nav
second
level
link
libraries
student
research
href
https://grad.ucla.edu/academics/research/
class
primary
nav
second
level
link
graduate
research
href
https://admission.ucla.edu/explore/research
class
primary
nav
second
level
link
undergraduate
research
campus
life
start
id
campus
life
menu
href
campus
life
class
primary
nav
top
level
link
aria
haspopup
true
aria
expanded
false
campus
life
campus
life
href
campus
life
class
primary
nav
second
level
link
campus
life
overview
campus
href
https://portal.housing.ucla.edu
class
primary
nav
second
level
link
housing
href
https://reslife.ucla.edu/
class
primary
nav
second
level
link
residential
life
href
class
primary
nav
second
level
link
dining
href
https://www.studenthealth.ucla.edu/
class
primary
nav
second
level
link
health
wellness
href
https://www.sustain.ucla.edu/
class
primary
nav
second
level
link
sustainability
student
life
href
campus
life
clubs
organizations
and
recreation
class
primary
nav
second
level
link
clubs
organizations
href
https://www.recreation.ucla.edu/
class
primary
nav
second
level
link
sports
recreation
href
campus
life
arts
and
performance
class
primary
nav
second
level
link
arts
performance
href
https://volunteer.ucla.edu/
class
primary
nav
second
level
link
volunteering
service
href
https://bewellbruin.ucla.edu/
class
primary
nav
second
level
link
be
well
bruin
href
https://directory.ucla.edu/
id
directory
menu
class
primary
nav
top
level
mobile
link
directory
href
class
primary
nav
top
level
mobile
link
academic
calendar
href
https://map.ucla.edu/
class
primary
nav
top
level
mobile
link
maps
directions
href
class
primary
nav
top
level
mobile
link
parking
href
class
primary
nav
top
level
mobile
link
campus
shuttles
href
id
public
transit
menu
class
primary
nav
top
level
mobile
link
public
transit
href
https://newsroom.ucla.edu/
class
primary
nav
top
level
mobile
link
newsroom
href
https://newsroom.ucla.edu/magazine
class
primary
nav
top
level
mobile
link
magazine
href
https://alumni.ucla.edu/
class
primary
nav
top
level
mobile
link
alumni
href
https://goarts.ucla.edu/
class
primary
nav
top
level
mobile
link
arts
href
careers
class
primary
nav
top
level
mobile
link
careers
class
btn
btn
lightbg
mx
24
give
href
https://giveto.ucla.edu/
utm
campaign
ucla
gateway
utm
source
gateway
header
utm
medium
website
utm
content
give
now
button
ga
class
give
btn
id
give
btn
give
toggle
search
field
var
adasearchfix
function
img
gsc
branding
img
attr
alt
google
custom
search
branding
input
gsc
search
button
attr
alt
google
custom
search
button
search
ucla
edu
insertbefore
input
gsc
input
window
gcse
callback
adasearchfix
function
var
cx
hr
0
gvmjar
8
var
gcse
document
createelement
script
gcse
type
text
javascript
gcse
async
true
gcse
src
https://cse.google.com/cse.js
cx
cx
var
document
getelementsbytagname
script
0
parentnode
insertbefore
gcse
window
onload
function
var
search
mobile
document
getelementbyid
gsc
id
1
search
mobile
placeholder
search
for
search
mobile
title
search
var
search
desktop
document
getelementbyid
gsc
id
2
search
desktop
placeholder
search
for
search
desktop
title
search
gcse
searchbox
only
enableautocomplete
false
resultsurl
search
ucla
top
stories
class
box
1
link
has
white
text
href
img
class
box
1
img
src
img
feed
cache
gateway
jpg
alt
portrait
of
man
wearing
navy
blue
suit
blue
striped
tie
and
small
pin
darnell
hunt
begins
his
tenure
as
uclas
interim
chancellor
class
box
2
link
has
white
text
mr
md
24
href
img
class
box
2
img
src
img
feed
cache
untitled
design
jpg
alt
image
of
team
of
football
athletes
celebrating
after
win
ucla
officially
joins
big
ten
conference
class
box
3
link
has
white
text
href
utm
source
ucla
gateway
amp
utm
medium
banner
amp
utm
content
pfmohnstory
img
class
box
3
img
src
img
feed
cache
mila
akinsanya
kambon
installation
view
photo
charles
white
jpg
alt
bright
gallery
space
with
row
of
six
paintings
hanging
on
back
wall
four
sculptures
in
foreground
gift
to
the
hammer
celebrates
the
best
in
art
news
and
features
href
tabindex
1
img
class
story
featured
image
src
img
feed
cache
brain
mri
jpg
alt
technician
holds
up
brain
mri
august
13
class
link
href
molecule
restores
cognition
and
memory
in
alzheimers
disease
mouse
study
compound
jump
started
memory
circuitry
in
mice
and
could
treat
several
disorders
if
proven
effective
in
humans
source
href
https://newsroom.ucla.edu
ucla
newsroom
class
story
secondary
card
link
href
img
class
story
secondary
card
image
src
img
feed
cache
venting
jpg
alt
two
people
speaking
while
seated
on
couch
august
14
venting
your
frustrations
can
make
friends
like
you
better
if
you
do
it
right
psychologists
find
it
isnt
cathartic
but
can
strengthen
bonds
that
might
pay
off
in
the
future
source
href
https://newsroom.ucla.edu/
class
story
secondary
card
link
source
ucla
newsroom
class
story
secondary
card
link
href
img
class
story
secondary
card
image
src
img
feed
cache
royce
bcrop
hero
jpg
alt
royce
hall
thermal
infrared
image
reveals
radiant
heat
august
08
researchers
discover
new
mechanism
to
cool
buildings
while
saving
energy
low
cost
approach
regulates
heat
with
common
building
materials
that
absorb
or
radiate
heat
source
href
https://newsroom.ucla.edu/
class
story
secondary
card
link
source
ucla
newsroom
class
story
secondary
card
link
href
img
class
story
secondary
card
image
src
img
feed
cache
janss
bsteps
admissions
mid
jpg
alt
view
from
behind
of
people
walking
down
janss
steps
july
31
ucla
admits
more
california
residents
underrepresented
students
for
fall
the
socioeconomic
diversity
of
admitted
freshman
and
transfer
students
also
remained
strong
source
href
https://newsroom.ucla.edu
class
story
secondary
card
link
source
ucla
newsroom
href
https://newsroom.ucla.edu/
all
news
features
chancellor
quote
block
img
src
img
feed
cache
chancellor
hunt
jpg
alt
interim
chancellor
darnell
hunt
headshot
it
is
an
honor
to
be
entrusted
with
leading
ucla
as
we
prepare
for
the
arrival
of
chancellor
designate
julio
frenk
my
belief
in
the
power
and
promise
of
this
institution
stretches
back
to
my
days
as
student
here
and
am
committed
to
working
with
our
community
to
steward
ucla
as
best
can
rdquo
mdash
interim
chancellor
hunt
class
btn
btn
secondary
btn
transparent
href
read
more
about
interim
chancellor
hunt
cheer
on
our
world
class
athletics
stay
up
to
date
with
your
favorite
ucla
teams
wherever
you
are
all
baseball
cross
country
football
general
gymnastics
men
basketball
men
golf
men
soccer
men
volleyball
men
tennis
men
water
polo
softball
swimming
diving
track
field
women
basketball
women
golf
women
rowing
women
soccer
women
tennis
women
volleyball
women
water
polo
img
src
img
loading
svg
alt
preloading
animation
class
img
link
href
tabindex
1
img
class
story
featured
image
src
thumb
prefix
rp
primary
image
path
images
25
pya
jpg
alt
bruins
celebrate
sofia
cook
game
winner
august
25
class
link
href
bruins
blank
broncos
sofia
cook
scored
the
game
winner
in
the
42
nd
minute
class
story
secondary
card
link
href
img
class
story
secondary
card
image
src
thumb
prefix
rp
primary
image
path
images
25
3
at
jpg
alt
andre
ochoa
no
21
ucla
draws
with
no
18
jmu
class
story
secondary
card
link
href
img
class
story
secondary
card
image
src
thumb
prefix
rp
primary
image
path
images
24
cheatham
taylor
wsoc
pya
jpg
alt
taylor
cheatham
no
6
ucla
hosts
no
11
santa
clara
sund
hellip
class
story
secondary
card
link
href
img
class
story
secondary
card
image
src
thumb
prefix
rp
primary
image
path
images
23
trk
new
hire
mcglaston
jpg
alt
mecca
mcglaston
mecca
mcglaston
joins
track
field
coac
hellip
class
story
secondary
card
link
href
https://admin.uclabruins.com/calendar.aspx
game
id
sport
id
20
next
game
ucla
vs
byu
time
pm
location
los
angeles
ca
wallis
annenberg
stadium
full
calendar
href
https://uclabruins.com/
class
btn
btn
lightbg
ucla
bruins
events
class
calendar
link
href
https://community.ucla.edu/
full
calendar
svg
width
40
height
40
viewbox
fill
none
xmlns
http://www.w3.org/2000/svg
rect
width
40
height
40
transform
translate
5
path
fill
rule
evenodd
clip
rule
evenodd
09
fill
white
svg
width
40
height
40
viewbox
fill
none
xmlns
http://www.w3.org/2000/svg
rect
width
40
height
40
transform
translate
5
path
fill
rule
evenodd
clip
rule
evenodd
fill
white
class
calendar
link
href
https://community.ucla.edu/
full
calendar
svg
width
40
height
40
viewbox
fill
none
xmlns
http://www.w3.org/2000/svg
rect
width
40
height
40
transform
translate
5
fill
path
fill
rule
evenodd
clip
rule
evenodd
09
fill
white
svg
width
40
height
40
viewbox
fill
none
xmlns
http://www.w3.org/2000/svg
rect
width
40
height
40
transform
translate
5
fill
path
fill
rule
evenodd
clip
rule
evenodd
fill
white
class
event
card
link
href
wednesday
august
28
ucla
women
soccer
vs
byu
img
src
img
events
time
icon
svg
class
ml
0
alt
pm
to
pm
img
src
img
events
location
icon
svg
alt
wallis
annenberg
stadium
cheer
on
the
bruins
as
they
face
off
against
byu
for
our
pride
match
class
event
card
link
href
friday
august
30
ucla
men
soccer
vs
portland
img
src
img
events
time
icon
svg
class
ml
0
alt
pm
to
pm
img
src
img
events
location
icon
svg
alt
wallis
annenberg
stadium
cheer
on
the
bruins
as
they
face
off
against
portland
class
event
card
link
href
sunday
september
1
labor
day
holiday
img
src
img
events
time
icon
svg
class
ml
0
alt
pm
img
src
img
events
location
icon
svg
alt
class
event
card
link
href
thursday
september
5
ucla
men
soccer
vs
cal
state
fullerton
img
src
img
events
time
icon
svg
class
ml
0
alt
pm
to
pm
img
src
img
events
location
icon
svg
alt
wallis
annenberg
stadium
cheer
on
the
bruins
as
they
face
off
against
cal
state
fullerton
class
event
card
link
href
saturday
september
7
botanical
garden
tour
img
src
img
events
time
icon
svg
class
ml
0
alt
am
to
am
img
src
img
events
location
icon
svg
alt
ucla
mathias
botanical
garden
explore
our
living
museum
featuring
collections
of
plants
from
around
the
globe
join
our
garden
guides
for
free
guided
tour
of
the
garden
well
hear
the
stories
of
sel
hellip
class
event
card
link
href
monday
september
9
ucla
men
soccer
vs
denver
img
src
img
events
time
icon
svg
class
ml
0
alt
pm
to
pm
img
src
img
events
location
icon
svg
alt
wallis
annenberg
stadium
cheer
on
the
bruins
as
they
take
on
denver
class
event
card
link
href
friday
september
13
university
housing
move
in
img
src
img
events
time
icon
svg
class
ml
0
alt
pm
img
src
img
events
location
icon
svg
alt
welcome
home
bruins
ucla
housing
move
in
begins
residents
are
greeted
and
welcomed
into
their
new
residential
communities
class
event
card
link
href
saturday
september
14
ucla
football
vs
indiana
img
src
img
events
time
icon
svg
class
ml
0
alt
am
to
am
img
src
img
events
location
icon
svg
alt
rose
bowl
stadium
celebrate
the
inaugural
big
ten
season
as
football
hosts
their
first
big
ten
opponent
indiana
create
an
electric
atmosphere
for
the
1
matchup
class
event
card
link
href
sunday
september
15
graduate
student
orientation
img
src
img
events
time
icon
svg
class
ml
0
alt
pm
img
src
img
events
location
icon
svg
alt
kickstart
your
graduate
journey
by
connecting
with
peers
and
discovering
essential
resources
at
graduate
student
orientation
class
event
card
link
href
thursday
september
19
third
thursdays
img
src
img
events
time
icon
svg
class
ml
0
alt
am
to
pm
img
src
img
events
location
icon
svg
alt
ucla
mathias
botanical
garden
see
the
sunset
from
the
garden
at
third
thursdays
our
summer
twilight
series
meet
new
friends
at
the
wine
bar
then
kick
back
and
enjoy
live
music
br
br
admission
fo
hellip
class
calendar
link
href
https://community.ucla.edu
full
calendar
nbsp
ucla
right
now
let
get
social
follow
us
on
social
media
to
keep
up
with
our
latest
events
news
and
so
much
more
its
the
best
way
to
stay
connected
dont
miss
out
on
what
weve
got
bruin
social
media
post
tiles
class
social
block
link
has
media
href
https://www.instagram.com/p/C-sl-gFtqUP/
img
class
social
block
author
image
src
img
ucla
social
profile
png
alt
ucla
ucla
ucla
img
class
social
block
logo
src
alt
instagram
img
class
social
block
media
src
alt
ucla
magazine
john
harlow
trekked
through
the
jungles
of
cameroon
to
report
on
ucla
congo
basin
institute
an
ambitious
program
to
map
africa
rainforests
here
what
he
saw
read
quot
the
promise
of
cameroon
quot
at
our
link
in
bio
1
week
ago
class
social
block
link
has
media
href
https://www.instagram.com/p/C-qpjFnSiIW/
img
class
social
block
author
image
src
img
ucla
social
profile
png
alt
ucla
ucla
ucla
img
class
social
block
logo
src
alt
instagram
img
class
social
block
media
src
alt
feeling
mindful
feeling
demure
1
week
ago
class
social
block
link
has
media
href
https://www.instagram.com/reel/C-qZMImyBx1/
img
class
social
block
author
image
src
img
ucla
social
profile
png
alt
ucla
ucla
ucla
img
class
social
block
logo
src
alt
instagram
img
class
social
block
media
src
alt
obsessed
with
joe
amp
josie
bruin
doing
the
apple
dance
charli
xcx
ucla
charlixcx
brat
mascots
explore
1
week
ago
class
social
block
link
has
media
href
https://www.instagram.com/p/C-lvAVNSVe-/
img
class
social
block
author
image
src
img
ucla
social
profile
png
alt
ucla
ucla
ucla
img
class
social
block
logo
src
alt
instagram
img
class
social
block
media
src
alt
keeping
it
real
with
joe
and
josie
follow
us
on
bereal
for
more
1
week
ago
class
social
block
link
has
media
href
https://www.instagram.com/p/C-dW3aFsbMe/
img
class
social
block
author
image
src
img
ucla
social
profile
png
alt
ucla
ucla
ucla
img
class
social
block
logo
src
alt
instagram
img
class
social
block
media
src
alt
have
you
visited
the
fowlermuseums
sangre
de
nopal
blood
of
the
nopal
this
exhibition
is
part
of
the
upcoming
pstinla
art
amp
science
collide
showing
works
from
fiber
artists
tanya
aguiiga
and
porfirio
gutirrez
alongside
oaxacan
textiles
from
the
fowler
collection
sangre
de
nopal
blood
of
the
nopal
explor
2
weeks
ago
class
social
block
link
has
media
href
https://www.instagram.com/reel/C-bM7yrShES/
img
class
social
block
author
image
src
img
ucla
social
profile
png
alt
ucla
ucla
ucla
img
class
social
block
logo
src
alt
instagram
img
class
social
block
media
src
alt
new
mountain
lion
in
griffith
park
uclas
seth
riley
shared
what
this
rare
sighting
means
for
the
future
of
wildlife
ucla
mountainlions
wildlife
research
nature
losangeles
explore
2
weeks
ago
class
social
block
link
has
media
href
https://www.instagram.com/reel/C-YZR7kMJp2/
img
class
social
block
author
image
src
img
ucla
social
profile
png
alt
ucla
ucla
ucla
img
class
social
block
logo
src
alt
instagram
img
class
social
block
media
src
alt
ever
noticed
the
squirrels
frolicking
on
campus
have
moment
of
zen
with
this
cute
little
friend
and
enjoy
the
full
video
at
the
link
in
bio
2
weeks
ago
class
social
block
link
has
media
href
https://www.instagram.com/reel/C-LFieiPsDu/
img
class
social
block
author
image
src
img
ucla
social
profile
png
alt
ucla
ucla
ucla
img
class
social
block
logo
src
alt
instagram
img
class
social
block
media
src
alt
the
big
ten
just
got
bigger
ucla
is
now
part
of
the
conference
bringing
our
storied
history
cutting
edge
research
and
top
tier
athletics
head
to
our
link
in
bio
to
learn
more
about
this
game
changing
move
gobru
1
ns
ucla
bigten
college
athletics
losangeles
explore
3
weeks
ago
class
social
block
link
has
media
href
https://www.instagram.com/reel/C-I1tKBs6LE/
img
class
social
block
author
image
src
img
ucla
social
profile
png
alt
ucla
ucla
ucla
img
class
social
block
logo
src
alt
instagram
img
class
social
block
media
src
alt
whats
it
like
to
be
an
olympian
and
bruin
meet
athlete
and
art
major
daniellaaramirezzz
who
will
compete
with
the
womens
artistic
swimming
team
catch
their
competition
on
august
5
at
10
am
pt
and
read
her
story
at
the
link
in
bio
paris
gobruins
uclaolympians
olympiansm
3
weeks
ago
class
social
block
link
has
media
href
https://www.instagram.com/reel/C-G259XSJYJ/
img
class
social
block
author
image
src
img
ucla
social
profile
png
alt
ucla
ucla
ucla
img
class
social
block
logo
src
alt
instagram
img
class
social
block
media
src
alt
ready
for
the
bigten
coach
deshaun
foster
sure
is
he
answers
ten
big
questions
to
get
us
hyped
for
the
move
ucla
gobru
1
ns
uclafootball
explore
3
weeks
ago
class
social
block
link
has
media
href
https://www.instagram.com/p/C-DxDjQvE1c/
img
class
social
block
author
image
src
img
ucla
social
profile
png
alt
ucla
ucla
ucla
img
class
social
block
logo
src
alt
instagram
img
class
social
block
media
src
alt
bruins
who
love
bruins
who
become
besties
ucla
meileentaw
elvis
mostafa
ddjerdjerian
30
sudeeeekshaaaaa
on
instagram
3
weeks
ago
class
social
block
link
has
media
href
https://www.instagram.com/p/C-DlxsSRBhd/
img
class
social
block
author
image
src
img
ucla
social
profile
png
alt
ucla
ucla
ucla
img
class
social
block
logo
src
alt
instagram
img
class
social
block
media
src
alt
bruins
who
love
bruins
who
become
besties
ucla
meileentaw
elvis
mostafa
ddjerdjerian
30
sudeeeekshaaaaa
on
instagram
3
weeks
ago
class
social
block
link
has
media
href
https://www.instagram.com/p/C927NdOtKJp/
img
class
social
block
author
image
src
img
ucla
social
profile
png
alt
ucla
ucla
ucla
img
class
social
block
logo
src
alt
instagram
img
class
social
block
media
src
alt
basking
in
the
sunny
campus
vibes
cfentiman
1
month
ago
class
social
block
link
has
media
href
https://www.instagram.com/p/C90LKXCStNV/
img
class
social
block
author
image
src
img
ucla
social
profile
png
alt
ucla
ucla
ucla
img
class
social
block
logo
src
alt
instagram
img
class
social
block
media
src
alt
were
still
daydreaming
about
uclas
commencement
ceremonies
ucla
magazine
grabbed
some
shots
of
one
of
our
favorite
traditions
decorated
mortarboards
that
showcase
our
trademark
bruin
creativity
we
collected
few
highlights
as
we
await
the
start
of
fall
quarter
read
message
boards
at
our
link
in
bi
1
month
ago
class
social
block
link
has
media
href
https://www.instagram.com/reel/C9yMsfhhaqd/
img
class
social
block
author
image
src
img
ucla
social
profile
png
alt
ucla
ucla
ucla
img
class
social
block
logo
src
alt
instagram
img
class
social
block
media
src
alt
where
summer
and
bruins
shine
bright
ucla
studentlife
college
uclastudent
explore
1
month
ago
class
social
block
link
has
media
href
https://www.instagram.com/reel/C9p9xy0yDJu/
img
class
social
block
author
image
src
img
ucla
social
profile
png
alt
ucla
ucla
ucla
img
class
social
block
logo
src
alt
instagram
img
class
social
block
media
src
alt
the
moon
does
more
than
light
up
our
nightsit
helps
sustain
life
on
earth
on
international
moon
day
astrophysics
ph
candidate
dakotah
tyler
shares
5
stellar
facts
about
the
only
other
celestial
body
humans
have
ever
set
foot
on
follow
dtstarkid
for
more
space
content
ucla
moon
space
science
edut
1
month
ago
class
social
block
link
has
media
href
https://www.instagram.com/p/C9h4aaqsI1H/
img
class
social
block
author
image
src
img
ucla
social
profile
png
alt
ucla
ucla
ucla
img
class
social
block
logo
src
alt
instagram
img
class
social
block
media
src
alt
drop
when
you
see
it
worldemojiday
1
month
ago
class
social
block
link
has
media
href
https://www.tiktok.com/
ucla
video
utm
campaign
tt
4
open
api
amp
utm
source
awdbe
0
aa
3
brf
img
class
social
block
author
image
src
img
ucla
social
profile
png
alt
ucla
ucla
ucla
img
class
social
block
logo
src
alt
tiktok
img
class
social
block
media
src
alt
buzzing
with
excitement
this
summer
the
bruin
beekeepers
celebrated
their
first
honey
harvest
since
the
group
formation
in
visit
our
link
in
bio
to
read
more
about
their
sweet
success
ucla
beekeeping
honey
fyp
1
month
ago
class
social
block
link
has
media
href
https://www.instagram.com/p/C9QFy2JvhRc/
img
class
social
block
author
image
src
img
ucla
social
profile
png
alt
ucla
ucla
ucla
img
class
social
block
logo
src
alt
instagram
img
class
social
block
media
src
alt
as
students
fan
out
across
the
globe
for
summer
break
youll
still
see
blue
polo
clad
guides
educating
future
bruins
about
campus
landmarks
and
hidden
histories
check
out
fountains
of
youth
ucla
magazines
love
letter
to
our
very
own
ucla
tour
guides
at
our
link
in
bio
1
month
ago
class
social
block
link
has
media
href
https://www.tiktok.com/
ucla
video
utm
campaign
tt
4
open
api
amp
utm
source
awdbe
0
aa
3
brf
img
class
social
block
author
image
src
img
ucla
social
profile
png
alt
ucla
ucla
ucla
img
class
social
block
logo
src
alt
tiktok
img
class
social
block
media
src
alt
bruins
are
everywhere
cant
wait
to
8
clap
it
up
again
in
the
den
this
fall
ucla
8
clap
travel
college
fyp
ucla
alumni
ucla
athletics
1
month
ago
class
social
block
link
has
media
href
https://www.tiktok.com/
ucla
video
utm
campaign
tt
4
open
api
amp
utm
source
awdbe
0
aa
3
brf
img
class
social
block
author
image
src
img
ucla
social
profile
png
alt
ucla
ucla
ucla
img
class
social
block
logo
src
alt
tiktok
img
class
social
block
media
src
alt
what
spot
should
we
sort
next
studentlife
harrypotter
uclabruins
hogwarts
ucla
1
month
ago
class
social
block
link
has
media
href
https://www.tiktok.com/
ucla
video
utm
campaign
tt
4
open
api
amp
utm
source
awdbe
0
aa
3
brf
img
class
social
block
author
image
src
img
ucla
social
profile
png
alt
ucla
ucla
ucla
img
class
social
block
logo
src
alt
tiktok
img
class
social
block
media
src
alt
summer
at
ucla
gt
gt
gt
studentlife
bruins
ucla
uclabruins
fyp
1
month
ago
class
social
block
link
has
media
href
https://www.instagram.com/p/C8vNChMMJC6/
img
class
social
block
author
image
src
img
ucla
social
profile
png
alt
ucla
ucla
ucla
img
class
social
block
logo
src
alt
instagram
img
class
social
block
media
src
alt
the
crossover
you
didnt
know
you
needed
2
months
ago
class
social
block
link
has
media
href
https://www.tiktok.com/
ucla
video
utm
campaign
tt
4
open
api
amp
utm
source
awdbe
0
aa
3
brf
img
class
social
block
author
image
src
img
ucla
social
profile
png
alt
ucla
ucla
ucla
img
class
social
block
logo
src
alt
tiktok
img
class
social
block
media
src
alt
democracy
thrives
where
love
and
acceptance
flourish
ucla
law
ari
shaw
explains
how
strong
lgbtq
rights
foster
stronger
democracies
and
economic
prosperity
ucla
pridemonth
democracy
fyp
2
months
ago
class
social
block
link
has
media
href
https://www.tiktok.com/
ucla
video
utm
campaign
tt
4
open
api
amp
utm
source
awdbe
0
aa
3
brf
img
class
social
block
author
image
src
img
ucla
social
profile
png
alt
ucla
ucla
ucla
img
class
social
block
logo
src
alt
tiktok
img
class
social
block
media
src
alt
civil
rights
leader
and
trailblazing
mental
health
advocate
kiyoshi
patrick
okura
was
the
first
asian
american
to
earn
master
degree
in
psychology
at
ucla
surviving
imprisonment
in
world
war
ii
internment
camp
he
went
on
to
dedicate
his
life
to
helping
others
ucla
alumni
ucla
civilrights
ment
2
months
ago
load
more
if
window
jquery
var
jquery
noconflict
document
ready
function
social
tile
container
masonry
options
itemselector
social
block
columnwidth
social
block
gutter
24
img
class
department
logo
mb
24
mr
md
24
src
img
logo
ucla
white
svg
alt
ucla
los
angeles
contact
class
li
links
list
link
dark
href
https://directory.ucla.edu/
directory
class
li
links
list
link
dark
href
academic
calendar
class
li
links
list
link
dark
href
careers
careers
class
li
links
list
link
dark
href
contact
contact
us
website
feedback
class
li
links
list
link
dark
href
media
amp
journalists
campus
class
li
links
list
link
dark
href
https://map.ucla.edu
campus
map
class
li
links
list
link
dark
href
parking
class
li
links
list
link
dark
href
campus
shuttles
class
li
links
list
link
dark
href
public
transit
class
li
links
list
link
dark
href
https://covid-19.ucla.edu/
covid
19
community
class
li
links
list
link
dark
href
https://alumni.ucla.edu/
alumni
class
li
links
list
link
dark
href
https://alumni.ucla.edu/parents/
parents
amp
families
class
li
links
list
link
dark
href
https://apo.ucla.edu/
faculty
class
li
links
list
link
dark
href
https://campusservices.ucla.edu/
staff
class
li
links
list
link
dark
href
https://errc.ucla.edu
emeriti
amp
retirees
venue
amp
events
class
li
links
list
link
dark
href
https://luskinconferencecenter.ucla.edu/
conference
center
amp
hotel
class
li
links
list
link
dark
href
film
production
class
li
links
list
link
dark
href
https://events.ucla.edu/
event
planning
related
sites
class
li
links
list
link
dark
href
https://uclabruins.com/
athletics
class
li
links
list
link
dark
href
https://www.uclaextension.edu/
extension
class
li
links
list
link
dark
href
https://www.uclahealth.org/
utm
source
ucla
edu
health
class
li
links
list
link
dark
href
https://www.uclastore.com
store
class
li
links
list
link
dark
href
https://giveto.ucla.edu/
giving
class
li
links
list
link
dark
href
https://100.ucla.edu/
centennial
the
arts
class
li
links
list
link
dark
href
https://goarts.ucla.edu/
campus
arts
offerings
class
li
links
list
link
dark
href
https://hammer.ucla.edu/
hammer
museum
class
li
links
list
link
dark
href
https://fowler.ucla.edu/
fowler
museum
class
li
links
list
link
dark
href
https://cap.ucla.edu/
center
for
the
art
of
performance
class
li
links
list
link
dark
href
https://www.cinema.ucla.edu/
film
television
archive
global
footer
class
social
icon
href
https://www.facebook.com/UCLA/
facebook
href
https://www.instagram.com/ucla/
instagram
href
https://www.linkedin.com/school/ucla
linked
href
https://twitter.com/ucla
href
https://www.youtube.com/user/UCLA
youtube
href
https://www.tiktok.com/
ucla
lang
en
tiktok
href
https://www.threads.net/
ucla
threads
copy
regents
of
the
class
copy
link
dark
href
http://www.universityofcalifornia.edu/
university
of
california
class
global
foot
legal
link
href
https://www.bso.ucla.edu/
emergency
class
global
foot
legal
link
href
accessibility
accessibility
class
global
foot
legal
link
href
report
misconduct
communication
preferences
class
global
foot
legal
link
href
terms
of
use
privacy
amp
terms
of
use
cookie
policy
we
use
cookies
to
understand
how
you
use
our
site
and
to
improve
your
experience
including
personalizing
content
and
to
store
your
content
preferences
if
you
would
prefer
you
may
set
your
browser
to
refuse
cookies
or
alert
you
when
cookies
are
being
sent
however
it
is
possible
that
some
parts
of
our
sites
will
not
function
properly
if
you
do
so
by
continuing
to
use
our
sites
you
accept
our
use
of
cookies
and
revised
class
cookie
link
light
href
terms
of
use
privacy
policy
nbsp
accept
script
type
text
javascript
src
js
vendor
jquery
min
js
script
type
text
javascript
src
script
type
text
javascript
src
js
vendor
jquery
hideseek
min
js
script
type
text
javascript
src
js
vendor
stupidtable
min
js
script
type
text
javascript
src
js
vendor
jquery
scrollto
min
js
script
type
text
javascript
src
js
vendor
masonry
pkgd
min
js
script
type
text
javascript
src
script
type
text
javascript
src
js
vendor
lazyload
min
js
script
type
text
javascript
src
js
main
js
ver
script
type
text
javascript
var
jquery
noconflict
fancybox
fancybox
script
async
src
3
dist
lazyload
min
js
