doctype
html
google
tag
manager
function
push
gtm
start
new
date
gettime
event
gtm
js
var
getelementsbytagname
0
createelement
dl
datalayer
async
true
src
https://www.googletagmanager.com/gtm.js
id
dl
parentnode
insertbefore
window
document
script
datalayer
gtm
phdtbth
end
google
tag
manager
script
src
https://www.youtube.com/iframe_api
clubs
organizations
and
recreation
ucla
link
rel
apple
touch
icon
href
img
apple
touch
icon
png
place
favicon
ico
in
the
root
directory
link
rel
icon
href
favicon
ico
main
css
link
rel
stylesheet
type
text
css
href
link
href
css
app
css
ver
rel
stylesheet
type
text
css
link
rel
stylesheet
type
text
css
href
link
rel
canonical
href
skip
to
navigation
skip
to
navigation
skip
to
search
skip
to
search
skip
to
main
content
skip
to
footer
links
google
tag
manager
noscript
iframe
src
https://www.googletagmanager.com/ns.html
id
gtm
phdtbth
height
0
width
0
style
display
none
visibility
hidden
title
google
tag
manager
aria
hidden
true
end
google
tag
manager
noscript
if
lte
ie
9
you
are
using
an
outdated
browser
please
href
https://browsehappy.com/
upgrade
your
browser
to
improve
your
experience
and
security
endif
href
img
src
img
logo
ucla
svg
alt
ucla
logo
class
btn
btn
tertiary
header
components
button
href
https://community.ucla.edu
events
class
btn
btn
tertiary
header
components
button
href
https://newsroom.ucla.edu
newsroom
class
btn
btn
tertiary
header
components
button
href
https://newsroom.ucla.edu/magazine
magazine
class
btn
btn
tertiary
header
components
button
href
https://alumni.ucla.edu/
alumni
class
btn
btn
tertiary
header
components
button
href
https://goarts.ucla.edu/
arts
class
btn
btn
tertiary
header
components
button
href
careers
careers
class
btn
btn
lightbg
header
components
button
give
href
https://giveto.ucla.edu
give
var
adasearchfix
function
img
gsc
branding
img
attr
alt
google
custom
search
branding
input
gsc
search
button
attr
alt
google
custom
search
button
search
ucla
edu
insertbefore
input
gsc
input
window
gcse
callback
adasearchfix
function
var
cx
hr
0
gvmjar
8
var
gcse
document
createelement
script
gcse
type
text
javascript
gcse
async
true
gcse
src
https://cse.google.com/cse.js
cx
cx
var
document
getelementsbytagname
script
0
parentnode
insertbefore
gcse
document
addeventlistener
domcontentloaded
function
settimeout
function
var
gscel
gsc
id
1
if
gscel
length
gscel
attr
role
search
type
search
window
onload
function
var
search
mobile
document
getelementbyid
gsc
id
1
search
mobile
placeholder
search
for
search
mobile
title
search
var
search
desktop
document
getelementbyid
gsc
id
2
search
desktop
placeholder
search
for
search
desktop
title
search
gcse
searchbox
only
enableautocomplete
false
resultsurl
search
about
start
id
about
menu
href
about
class
primary
nav
top
level
link
aria
haspopup
true
aria
expanded
false
about
about
href
about
class
primary
nav
second
level
link
about
overview
general
info
href
about
facts
and
figures
class
primary
nav
second
level
link
facts
amp
figures
href
about
leadership
class
primary
nav
second
level
link
leadership
href
https://www.senate.ucla.edu
class
primary
nav
second
level
link
academic
senate
href
about
rankings
class
primary
nav
second
level
link
rankings
href
https://alumni.ucla.edu/uclas-story
class
primary
nav
second
level
link
history
mission
amp
values
href
about
mission
and
values
class
primary
nav
second
level
link
mission
amp
values
href
https://strategic-plan.ucla.edu/
class
primary
nav
second
level
link
strategic
plan
href
https://equity.ucla.edu/
class
primary
nav
second
level
link
equity
diversity
and
inclusion
impact
href
https://100.ucla.edu/timeline
mode
time
nodeid
xl
5
anbaaab
2
class
primary
nav
second
level
link
contributions
amp
discoveries
href
economic
impact
class
primary
nav
second
level
link
external
link
blue
local
amp
economic
impact
href
https://www.global.ucla.edu/home
class
primary
nav
second
level
link
global
engagement
recognition
href
about
awards
and
honors
class
primary
nav
second
level
link
awards
honors
href
about
athletics
championships
and
medals
class
primary
nav
second
level
link
athletic
championships
amp
medals
href
https://optimism.ucla.edu/profiles/
class
primary
nav
second
level
link
notable
alumni
class
stack
img
link
href
about
rankings
img
src
img
nav
cta
about
janns
png
alt
jann
steps
ucla
ranked
no
1
public
university
ucla
tops
all
public
universities
in
the
news
amp
world
report
rankings
admission
start
id
admission
menu
href
admission
class
primary
nav
top
level
link
aria
haspopup
true
aria
expanded
false
admission
admission
href
admission
class
primary
nav
second
level
link
admission
overview
undergraduate
href
https://admission.ucla.edu/
class
primary
nav
second
level
link
undergraduate
admission
href
class
primary
nav
second
level
link
undergraduate
tuition
fees
href
class
primary
nav
second
level
link
undergraduate
financial
aid
href
https://admission.ucla.edu/tours.htm
class
primary
nav
second
level
link
undergraduate
tours
graduate
href
admission
graduate
admission
class
primary
nav
second
level
link
graduate
admission
href
https://grad.ucla.edu/funding/tuition
class
primary
nav
second
level
link
graduate
tuition
fees
href
https://grad.ucla.edu
class
primary
nav
second
level
link
graduate
funding
href
class
primary
nav
second
level
link
graduate
tours
additional
information
href
admission
international
applicants
class
primary
nav
second
level
link
international
applicants
href
class
primary
nav
second
level
link
extension
program
href
https://summer.ucla.edu
class
primary
nav
second
level
link
summer
sessions
academics
start
href
academics
class
primary
nav
top
level
link
aria
haspopup
true
aria
expanded
false
academics
academics
href
academics
class
primary
nav
second
level
link
academics
overview
explore
href
academics
programs
and
majors
class
primary
nav
second
level
link
degree
programs
majors
href
academics
college
and
schools
class
primary
nav
second
level
link
college
professional
schools
education
href
academics
undergraduate
education
class
primary
nav
second
level
link
undergraduate
education
href
academics
graduate
and
professional
education
class
primary
nav
second
level
link
graduate
professional
education
href
https://www.uclaextension.edu/
class
primary
nav
second
level
link
extension
courses
certificates
href
https://summer.ucla.edu/
class
primary
nav
second
level
link
summer
sessions
href
https://ieo.ucla.edu/
class
primary
nav
second
level
link
study
abroad
href
academics
continuing
education
class
primary
nav
second
level
link
continuing
education
support
href
https://career.ucla.edu
class
primary
nav
second
level
link
career
preparation
href
class
primary
nav
second
level
link
academic
advising
href
https://firsttogo.ucla.edu/
class
primary
nav
second
level
link
first
generation
href
https://newstudents.ucla.edu/
class
primary
nav
second
level
link
new
student
programs
href
http://www.honors.ucla.edu
class
primary
nav
second
level
link
honors
advanced
study
href
academics
support
entrepreneurship
class
primary
nav
second
level
link
entrepreneurship
hub
resources
href
academics
libraries
class
primary
nav
second
level
link
libraries
href
class
primary
nav
second
level
link
academic
calendar
href
https://sa.ucla.edu/ro/public/soc
class
primary
nav
second
level
link
course
schedule
href
https://catalog.registrar.ucla.edu/
class
primary
nav
second
level
link
course
catalogue
research
start
href
research
class
primary
nav
top
level
link
aria
haspopup
true
aria
expanded
false
research
research
href
research
class
primary
nav
second
level
link
research
campus
resources
href
https://research.ucla.edu/about/campus
class
primary
nav
second
level
link
research
across
campus
href
https://tdg.ucla.edu/
class
primary
nav
second
level
link
technology
innovation
href
https://research.ucla.edu/entrepreneurship
class
primary
nav
second
level
link
investments
partnerships
href
academics
libraries
class
primary
nav
second
level
link
libraries
student
research
href
https://grad.ucla.edu/academics/research/
class
primary
nav
second
level
link
graduate
research
href
https://admission.ucla.edu/explore/research
class
primary
nav
second
level
link
undergraduate
research
campus
life
start
id
campus
life
menu
href
campus
life
class
primary
nav
top
level
link
aria
haspopup
true
aria
expanded
false
campus
life
campus
life
href
campus
life
class
primary
nav
second
level
link
campus
life
overview
campus
href
https://portal.housing.ucla.edu
class
primary
nav
second
level
link
housing
href
https://reslife.ucla.edu/
class
primary
nav
second
level
link
residential
life
href
class
primary
nav
second
level
link
dining
href
https://www.studenthealth.ucla.edu/
class
primary
nav
second
level
link
health
wellness
href
https://www.sustain.ucla.edu/
class
primary
nav
second
level
link
sustainability
student
life
href
campus
life
clubs
organizations
and
recreation
class
primary
nav
second
level
link
clubs
organizations
href
https://www.recreation.ucla.edu/
class
primary
nav
second
level
link
sports
recreation
href
campus
life
arts
and
performance
class
primary
nav
second
level
link
arts
performance
href
https://volunteer.ucla.edu/
class
primary
nav
second
level
link
volunteering
service
href
https://bewellbruin.ucla.edu/
class
primary
nav
second
level
link
be
well
bruin
href
https://directory.ucla.edu/
id
directory
menu
class
primary
nav
top
level
mobile
link
directory
href
class
primary
nav
top
level
mobile
link
academic
calendar
href
https://map.ucla.edu/
class
primary
nav
top
level
mobile
link
maps
directions
href
class
primary
nav
top
level
mobile
link
parking
href
class
primary
nav
top
level
mobile
link
campus
shuttles
href
id
public
transit
menu
class
primary
nav
top
level
mobile
link
public
transit
href
https://newsroom.ucla.edu/
class
primary
nav
top
level
mobile
link
newsroom
href
https://newsroom.ucla.edu/magazine
class
primary
nav
top
level
mobile
link
magazine
href
https://alumni.ucla.edu/
class
primary
nav
top
level
mobile
link
alumni
href
https://goarts.ucla.edu/
class
primary
nav
top
level
mobile
link
arts
href
careers
class
primary
nav
top
level
mobile
link
careers
class
btn
btn
lightbg
mx
24
give
href
https://giveto.ucla.edu/
utm
campaign
ucla
gateway
utm
source
gateway
header
utm
medium
website
utm
content
give
now
button
ga
class
give
btn
id
give
btn
give
toggle
search
field
var
adasearchfix
function
img
gsc
branding
img
attr
alt
google
custom
search
branding
input
gsc
search
button
attr
alt
google
custom
search
button
search
ucla
edu
insertbefore
input
gsc
input
window
gcse
callback
adasearchfix
function
var
cx
hr
0
gvmjar
8
var
gcse
document
createelement
script
gcse
type
text
javascript
gcse
async
true
gcse
src
https://cse.google.com/cse.js
cx
cx
var
document
getelementsbytagname
script
0
parentnode
insertbefore
gcse
window
onload
function
var
search
mobile
document
getelementbyid
gsc
id
1
search
mobile
placeholder
search
for
search
mobile
title
search
var
search
desktop
document
getelementbyid
gsc
id
2
search
desktop
placeholder
search
for
search
desktop
title
search
gcse
searchbox
only
enableautocomplete
false
resultsurl
search
href
home
href
campus
life
exploring
campus
life
at
ucla
hide
current
page
in
breadcrumb
nav
clubs
organizations
and
recreation
clubs
organizations
and
recreation
something
extraordinary
for
everyone
ucla
is
mosaic
of
culture
and
activity
with
more
than
clubs
and
student
organizations
youll
find
ample
opportunities
to
discover
new
interests
and
make
friends
with
like
minded
bruins
class
btn
btn
secondary
lightbg
mb
24
href
https://community.ucla.edu/discover
search
clubs
amp
organizations
img
class
img
wide
img
wide
src
img
campus
life
clubs
hero
desktop
jpg
alt
collage
shows
students
engage
in
martial
arts
student
holding
red
dragon
mask
rugby
player
and
swimmer
sports
and
recreation
whether
its
for
competition
or
simply
for
fun
students
are
active
in
just
about
every
imaginable
sport
or
recreational
activity
with
15
multipurpose
workout
facilities
and
six
pools
spread
throughout
campus
href
https://recreation.ucla.edu/
ucla
recreation
sponsors
instructional
classes
an
intramural
sports
program
that
consists
of
30
leagues
tournaments
meets
and
special
events
and
50
club
sports
the
ucla
marina
aquatic
center
located
in
marina
del
rey
offers
instruction
and
equipment
for
rowing
kayaking
sailing
surfing
windsurfing
and
paddleboarding
class
btn
btn
secondary
lightbg
mb
24
href
https://recreation.ucla.edu/
visit
ucla
recreation
img
src
img
campus
life
clubs
sportsrec
desktop
jpg
alt
two
female
wrestlers
grapple
with
each
other
and
male
surfer
looks
out
to
sea
class
img
wide
img
align
left
img
hide
on
mobile
img
src
img
campus
life
clubs
sportsrec
mobile
jpg
alt
two
female
wrestlers
grapple
with
each
other
and
male
surfer
looks
out
to
sea
class
img
wide
img
show
on
mobile
only
student
government
ucla
is
home
to
strong
tradition
of
student
government
and
students
play
an
active
role
in
determining
what
happens
on
campus
the
href
https://usac.ucla.edu/
undergraduate
students
association
and
the
href
https://gsa.asucla.ucla.edu/
graduate
student
association
empower
students
to
allocate
budgets
found
new
clubs
and
develop
campus
that
reflects
their
values
74
of
undergraduates
participate
in
student
clubs
or
organizations
arts
and
culture
there
are
myriad
ways
to
get
involved
in
arts
and
culture
on
campus
as
spectator
and
as
creator
students
are
djs
for
href
https://uclaradio.com/
campus
radio
theyre
writers
and
editors
at
the
href
https://dailybruin.com/
daily
bruin
and
they
enjoy
films
together
at
href
melnitz
movies
student
run
repertory
cinema
program
the
href
https://www.sca.ucla.edu/
student
committee
for
the
arts
at
ucla
is
the
student
branch
of
the
world
renowned
center
for
the
art
of
performance
at
ucla
students
involved
with
sca
work
frequently
with
the
cap
ucla
staff
to
promote
the
performing
arts
on
campus
and
produce
events
that
showcase
student
artists
img
src
img
campus
life
clubs
artsculture
desktop
jpg
alt
female
student
holds
up
an
artistic
representation
of
human
heart
for
display
in
class
class
img
wide
img
align
left
img
hide
on
mobile
img
src
img
campus
life
clubs
artsculture
mobile
jpg
alt
female
student
holds
up
an
artistic
representation
of
human
heart
for
display
in
class
class
img
wide
img
align
right
img
show
on
mobile
only
business
and
entrepreneur
shy
ship
ucla
students
are
the
driving
force
behind
vibrant
culture
of
business
and
entrepreneurship
with
an
annual
membership
of
over
the
href
https://www.uclaubsbruins.com/
undergraduate
business
society
is
the
largest
student
organization
at
ucla
students
have
many
opportunities
to
gain
real
world
knowledge
and
experience
including
href
https://startupucla.com/
startup
uclas
summer
accelerator
10
week
program
designed
to
help
entrepreneurial
students
succeed
at
developing
their
own
businesses
volunteering
through
the
href
https://volunteer.ucla.edu/
ucla
volunteer
center
bruins
embody
one
of
uclas
core
values
service
volunteer
day
event
kicks
off
the
academic
year
with
more
than
bruins
serving
at
sites
across
los
angeles
throughout
the
year
bruin
volunteers
partner
with
local
organizations
to
support
our
community
in
multitude
of
ways
from
providing
healthcare
and
services
to
the
homeless
to
serving
meals
to
veterans
on
thanksgiving
img
src
img
campus
life
clubs
volunteering
desktop
jpg
alt
female
student
with
paint
on
her
hands
stands
in
front
of
wall
that
is
covered
by
her
hand
prints
class
img
wide
img
align
left
img
hide
on
mobile
img
src
img
campus
life
clubs
volunteering
mobile
jpg
alt
female
student
with
paint
on
her
hands
stands
in
front
of
wall
that
is
covered
by
her
hand
prints
class
img
wide
img
show
on
mobile
only
script
type
application
ld
json
context
https://schema.org
type
webpage
name
clubs
organizations
and
recreation
description
explore
your
interests
at
ucla
with
clubs
and
organizations
at
your
fingertips
get
involved
with
sports
student
government
volunteer
work
and
more
breadcrumb
campus
life
clubs
organizations
and
recreation
url
img
class
department
logo
mb
24
mr
md
24
src
img
logo
ucla
white
svg
alt
ucla
los
angeles
contact
class
li
links
list
link
dark
href
https://directory.ucla.edu/
directory
class
li
links
list
link
dark
href
academic
calendar
class
li
links
list
link
dark
href
careers
careers
class
li
links
list
link
dark
href
contact
contact
us
website
feedback
class
li
links
list
link
dark
href
media
amp
journalists
campus
class
li
links
list
link
dark
href
https://map.ucla.edu
campus
map
class
li
links
list
link
dark
href
parking
class
li
links
list
link
dark
href
campus
shuttles
class
li
links
list
link
dark
href
public
transit
class
li
links
list
link
dark
href
https://covid-19.ucla.edu/
covid
19
community
class
li
links
list
link
dark
href
https://alumni.ucla.edu/
alumni
class
li
links
list
link
dark
href
https://alumni.ucla.edu/parents/
parents
amp
families
class
li
links
list
link
dark
href
https://apo.ucla.edu/
faculty
class
li
links
list
link
dark
href
https://campusservices.ucla.edu/
staff
class
li
links
list
link
dark
href
https://errc.ucla.edu
emeriti
amp
retirees
venue
amp
events
class
li
links
list
link
dark
href
https://luskinconferencecenter.ucla.edu/
conference
center
amp
hotel
class
li
links
list
link
dark
href
film
production
class
li
links
list
link
dark
href
https://events.ucla.edu/
event
planning
related
sites
class
li
links
list
link
dark
href
https://uclabruins.com/
athletics
class
li
links
list
link
dark
href
https://www.uclaextension.edu/
extension
class
li
links
list
link
dark
href
https://www.uclahealth.org/
utm
source
ucla
edu
health
class
li
links
list
link
dark
href
https://www.uclastore.com
store
class
li
links
list
link
dark
href
https://giveto.ucla.edu/
giving
class
li
links
list
link
dark
href
https://100.ucla.edu/
centennial
the
arts
class
li
links
list
link
dark
href
https://goarts.ucla.edu/
campus
arts
offerings
class
li
links
list
link
dark
href
https://hammer.ucla.edu/
hammer
museum
class
li
links
list
link
dark
href
https://fowler.ucla.edu/
fowler
museum
class
li
links
list
link
dark
href
https://cap.ucla.edu/
center
for
the
art
of
performance
class
li
links
list
link
dark
href
https://www.cinema.ucla.edu/
film
television
archive
global
footer
class
social
icon
href
https://www.facebook.com/UCLA/
facebook
href
https://www.instagram.com/ucla/
instagram
href
https://www.linkedin.com/school/ucla
linked
href
https://twitter.com/ucla
href
https://www.youtube.com/user/UCLA
youtube
href
https://www.tiktok.com/
ucla
lang
en
tiktok
href
https://www.threads.net/
ucla
threads
copy
regents
of
the
class
copy
link
dark
href
http://www.universityofcalifornia.edu/
university
of
california
class
global
foot
legal
link
href
https://www.bso.ucla.edu/
emergency
class
global
foot
legal
link
href
accessibility
accessibility
class
global
foot
legal
link
href
report
misconduct
communication
preferences
class
global
foot
legal
link
href
terms
of
use
privacy
amp
terms
of
use
cookie
policy
we
use
cookies
to
understand
how
you
use
our
site
and
to
improve
your
experience
including
personalizing
content
and
to
store
your
content
preferences
if
you
would
prefer
you
may
set
your
browser
to
refuse
cookies
or
alert
you
when
cookies
are
being
sent
however
it
is
possible
that
some
parts
of
our
sites
will
not
function
properly
if
you
do
so
by
continuing
to
use
our
sites
you
accept
our
use
of
cookies
and
revised
class
cookie
link
light
href
terms
of
use
privacy
policy
nbsp
accept
script
type
text
javascript
src
js
vendor
jquery
min
js
script
type
text
javascript
src
script
type
text
javascript
src
js
vendor
jquery
hideseek
min
js
script
type
text
javascript
src
js
vendor
stupidtable
min
js
script
type
text
javascript
src
js
vendor
jquery
scrollto
min
js
script
type
text
javascript
src
js
vendor
masonry
pkgd
min
js
script
type
text
javascript
src
script
type
text
javascript
src
js
vendor
lazyload
min
js
script
type
text
javascript
src
js
main
js
ver
script
type
text
javascript
var
jquery
noconflict
fancybox
fancybox
script
async
src
3
dist
lazyload
min
js
