doctype
html
meta
charset
utf
8
script
async
src
https://www.googletagmanager.com/gtag/js
id
gt
window
datalayer
window
datalayer
function
gtag
datalayer
push
arguments
gtag
js
new
date
gtag
set
developer
id
dmdhkmt
true
gtag
config
gt
groups
default
page
placeholder
placeholder
page
location
link
rel
canonical
href
https://prepare.umd.edu/
link
rel
shortlink
href
https://prepare.umd.edu/
meta
name
generator
content
drupal
10
https://www.drupal.org
meta
name
mobileoptimized
content
width
meta
name
handheldfriendly
content
true
meta
name
viewport
content
width
device
width
initial
scale
link
rel
icon
href
themes
contrib
umd
terp
favicon
ico
type
image
vnd
microsoft
icon
home
office
of
emergency
management
and
business
continuity
link
rel
stylesheet
media
all
href
sites
default
files
css
css
qnnsmq
3
dahmvhuhktxuk
7
ofduvzvghf
5
hypsl
mfe
css
delta
0
amp
language
en
amp
theme
umd
prepare
theme
amp
include
ejx
1
zeskxdama
9
allezixkleu
8
jh
it
28
odlnpl
9
jdssscluq
2
blnlcqieo
cmiefaqfzt
8
ydv
8
keuxkhuk
7
lpljpw
0
gvzyckbraam
wieoitw
79
evx
2
jk
5
jdzsn
1
kvsne
link
rel
stylesheet
media
all
href
sites
default
files
css
css
ogryk
3
jaw
5
tbpzbbwdjxzvch
6
mp
1
3
lxs
7
qqxs
css
delta
1
amp
language
en
amp
theme
umd
prepare
theme
amp
include
ejx
1
zeskxdama
9
allezixkleu
8
jh
it
28
odlnpl
9
jdssscluq
2
blnlcqieo
cmiefaqfzt
8
ydv
8
keuxkhuk
7
lpljpw
0
gvzyckbraam
wieoitw
79
evx
2
jk
5
jdzsn
1
kvsne
link
rel
stylesheet
media
print
href
sites
default
files
css
css
gpjew
54
dzf
2
odmj
1
avmi
rxrxbmmdb
8
mhzaossdqi
css
delta
2
amp
language
en
amp
theme
umd
prepare
theme
amp
include
ejx
1
zeskxdama
9
allezixkleu
8
jh
it
28
odlnpl
9
jdssscluq
2
blnlcqieo
cmiefaqfzt
8
ydv
8
keuxkhuk
7
lpljpw
0
gvzyckbraam
wieoitw
79
evx
2
jk
5
jdzsn
1
kvsne
link
rel
stylesheet
media
all
href
sites
default
files
css
css
muzu
3
cgvheywapdnwswmipoghrrrnn
mir
rrnganha
css
delta
3
amp
language
en
amp
theme
umd
prepare
theme
amp
include
ejx
1
zeskxdama
9
allezixkleu
8
jh
it
28
odlnpl
9
jdssscluq
2
blnlcqieo
cmiefaqfzt
8
ydv
8
keuxkhuk
7
lpljpw
0
gvzyckbraam
wieoitw
79
evx
2
jk
5
jdzsn
1
kvsne
link
rel
dns
prefetch
href
https://fonts.googleapis.com
link
rel
preconnect
href
https://fonts.gstatic.com/
crossorigin
link
href
https://fonts.googleapis.com/css
family
crimson
text
source
sans
pro
display
swap
rel
stylesheet
document
documentelement
classlist
add
js
if
window
msinputmethodcontext
document
documentmode
document
documentelement
classlist
add
is
ie
11
skip
to
main
content
window
gtranslatesettings
switcher
horizontal
position
inline
switcher
vertical
position
inline
horizontal
position
inline
vertical
position
inline
float
switcher
open
direction
top
switcher
open
direction
bottom
default
language
en
native
language
names
1
detect
browser
language
1
add
new
line
1
select
language
label
select
language
flag
size
32
flag
style
2
globe
size
60
alt
flags
wrapper
selector
gtranslate
wrapper
url
structure
none
custom
domains
null
languages
en
fr
es
vi
ht
am
custom
css
gtranslate
wrapper
text
align
right
nselect
gt
selector
notranslate
border
color
color
nselect
focus
visible
focus
visible
outline
none
function
var
js
document
createelement
script
js
setattribute
src
js
setattribute
data
gt
orig
url
js
setattribute
data
gt
orig
domain
prepare
umd
edu
document
body
appendchild
js
class
site
header
logo
href
img
src
sites
default
files
oembc
logo
black
02
png
alt
office
of
emergency
management
and
business
continuity
logo
main
menu
href
https://prepare.umd.edu/epr
emergency
preparedness
resources
href
apps
data
drupal
link
system
path
node
29
apps
href
plans
data
drupal
link
system
path
node
31
plans
href
online
data
drupal
link
system
path
node
33
online
resources
href
print
data
drupal
link
system
path
node
32
print
materials
href
videos
data
drupal
link
system
path
node
34
videos
href
afn
data
drupal
link
system
path
node
35
access
and
functional
needs
href
employees
data
drupal
link
system
path
node
6
umd
employees
href
target
blank
campus
incident
coordination
group
href
campus
incident
strategy
group
href
node
24
title
continuity
of
operations
data
drupal
link
system
path
node
24
continuity
of
operations
href
target
blank
program
advisors
href
https://prepare.umd.edu/get-involved
get
involved
href
contact
data
drupal
link
system
path
node
7
our
team
who
to
call
if
it
an
emergency
href
https://dps.umd.edu/
police
fire
or
medical
emergency
including
crime
hazard
traffic
accident
chemical
spill
or
leak
crime
in
progress
img
src
sites
default
files
alert
20
icon
svg
alt
alert
icon
loading
lazy
nbsp
or
nbsp
nbsp
nbsp
nbsp
nbsp
nbsp
nbsp
nbsp
nbsp
nbsp
nbsp
nbsp
nbsp
nbsp
nbsp
nbsp
umpd
nbsp
img
src
sites
default
files
phone
20
alert
20
icon
svg
alt
phone
alert
icon
loading
lazy
href
https://alert.umd.edu/
get
umd
alerts
on
your
mobile
device
important
university
resources
href
https://health.umd.edu/
university
health
center
img
src
sites
default
files
phone
20
icon
svg
alt
phone
icon
loading
lazy
urgent
or
routine
health
matters
img
src
sites
default
files
clock
20
icon
svg
alt
clock
icon
loading
lazy
after
hours
nurse
line
after
weekends
nbsp
href
http://facilities.umd.edu/
facilities
management
academic
or
administration
buildings
and
campus
grounds
img
src
sites
default
files
phone
20
icon
svg
alt
phone
icon
loading
lazy
nbsp
href
http://drf.umd.edu/
residential
facilities
residence
halls
fraternity
sorority
chapter
houses
img
src
sites
default
files
phone
20
icon
svg
alt
phone
icon
loading
lazy
accessibility
needs
img
src
sites
default
files
inline
images
accessible
png
data
entity
uuid
bfa
cbc
8
ac
ca
0
data
entity
type
file
alt
accessibility
icon
width
32
height
34
loading
lazy
you
should
feel
empowered
to
share
your
need
for
assistance
during
an
emergency
with
colleague
peer
or
faculty
staff
member
be
specific
about
the
assistance
you
need
nbsp
visit
the
nbsp
href
accessibility
page
nbsp
for
more
information
call
nbsp
nbsp
if
you
need
emergency
assistance
emergency
guide
img
src
sites
default
files
bomb
20
icon
svg
alt
bomb
icon
loading
lazy
bomb
threat
if
you
receive
the
call
gather
as
much
information
as
possible
from
the
caller
who
what
when
where
why
and
how
report
this
information
to
or
img
src
sites
default
files
shield
20
lock
20
icon
svg
alt
shield
lock
icon
loading
lazy
cyber
security
report
any
suspicious
activity
to
dit
at
nbsp
img
src
sites
default
files
earthquake
20
icon
svg
alt
earthquake
icon
loading
lazy
earthquake
find
cover
under
sturdy
table
desk
until
the
shaking
stops
if
unable
to
drop
to
the
ground
cover
your
head
with
your
arms
do
not
evacuate
the
building
unless
you
notice
large
structural
cracks
or
are
instructed
to
do
so
by
emergency
personnel
watch
for
falling
debris
as
you
exit
img
src
sites
default
files
fire
20
icon
svg
alt
fire
icon
loading
lazy
fire
if
you
smell
smoke
or
see
fire
pull
the
closest
fire
alarm
evacuate
using
the
nearest
stairwell
exit
and
proceed
to
safe
location
away
from
the
building
do
not
use
elevators
when
evacuating
if
you
are
unable
to
evacuate
seek
location
that
provides
refuge
and
call
to
alert
emergency
responders
to
your
location
img
src
sites
default
files
flood
20
icon
svg
alt
flood
icon
loading
lazy
flood
if
the
flooding
is
outside
seek
higher
ground
and
do
not
walk
or
drive
through
floodwater
if
the
flooding
is
inside
the
building
leave
the
area
and
report
to
facilities
management
at
img
src
sites
default
files
waste
20
icon
svg
alt
waste
icon
loading
lazy
hazardous
material
spill
avoid
and
isolate
the
spill
area
report
an
emergency
spill
to
umd
police
at
img
src
sites
default
files
medical
20
icon
svg
alt
medical
icon
loading
lazy
medical
emergency
call
or
perform
cpr
and
use
aed
as
trained
img
src
sites
default
files
power
20
icon
svg
alt
power
icon
loading
lazy
power
outage
power
down
equipment
and
report
the
outage
to
facilities
management
at
img
src
sites
default
files
weather
20
icon
svg
alt
weather
icon
loading
lazy
severe
weather
tornado
warning
when
directed
by
umd
alerts
seek
shelter
in
windowless
room
lowest
level
of
the
building
or
interior
stairwell
without
windows
or
exit
doors
stay
in
that
location
for
the
duration
of
the
warning
img
src
sites
default
files
package
20
icon
svg
alt
package
icon
loading
lazy
suspicious
package
do
not
move
or
handle
the
package
evacuate
the
area
and
call
umd
police
at
img
src
sites
default
files
run
20
icon
svg
alt
run
icon
loading
lazy
active
shooter
run
away
from
the
attacker
or
hide
in
locked
room
behind
large
object
fight
the
attacker
if
you
are
in
immediate
danger
and
are
unable
to
run
or
hide
featured
drawing
of
the
month
visitors
who
stopped
by
the
oembc
tent
on
maryland
day
drew
picture
of
weather
conditions
or
natural
disaster
one
drawing
is
showcased
here
each
month
august
drawing
sunny
day
by
evelyn
age
4
img
src
sites
default
files
styles
optimized
public
sunnyday
1
png
itok
koqnuc
3
alt
sunny
day
href
20
drawings
pdf
previous
months
drawings
have
question
get
in
touch
with
the
emergency
management
team
href
contact
class
alert
cta
btn
target
self
ask
us
xml
version
encoding
utf
8
svg
id
xmlns
http://www.w3.org/2000/svg
xmlns
xlink
http://www.w3.org/1999/xlink
viewbox
ci
mask
url
cj
ck
fill
none
ck
cl
stroke
stroke
width
25
px
cm
fill
cm
cn
co
cp
cq
cr
fill
rule
evenodd
cn
fill
4
co
fill
cp
fill
fff
cq
fill
ffd
path
id
class
cp
2
path
id
class
cp
18
18
path
id
class
cj
2
path
id
class
cn
96
22
22
path
id
class
cq
0
09
35
38
74
62
68
4
13
11
23
36
27
69
27
95
2
74
54
37
12
45
path
id
class
cm
97
97
98
66
37
12
11
05
21
05
44
05
66
path
id
class
cm
41
97
08
56
path
id
class
cm
37
54
72
65
48
22
path
id
class
cm
44
07
42
23
27
48
48
74
25
86
35
07
path
id
class
cm
66
23
36
66
67
14
2
03
22
33
path
id
class
cm
2
74
87
5
47
01
69
path
id
class
cm
96
07
path
id
class
co
01
07
51
07
13
38
65
02
85
99
55
53
2
31
31
66
31
71
42
09
91
12
01
24
01
path
id
class
co
74
23
63
93
56
73
13
05
25
11
35
2
43
07
24
54
28
2
07
89
47
66
66
42
12
07
12
15
56
12
path
id
class
co
0
55
15
76
6
7
45
09
17
17
34
22
52
08
22
13
45
14
44
31
44
6
31
1
73
8
7
41
13
68
32
06
59
72
48
66
13
47
path
id
class
co
0
51
27
37
92
41
52
95
13
05
73
34
12
09
25
17
38
3
59
65
06
76
99
49
6
63
81
88
94
28
04
96
27
2
26
51
73
63
path
id
class
co
01
14
01
04
03
07
05
1
02
04
06
07
1
1
2
12
81
5
28
09
64
27
87
42
11
04
21
1
3
17
24
03
48
08
72
15
44
14
87
29
5
46
15
15
98
11
06
14
09
69
73
2
44
74
78
path
id
aa
class
co
29
37
91
05
03
11
05
17
06
65
13
43
58
79
91
79
7
41
13
58
25
08
11
29
44
28
24
47
62
path
id
ab
class
co
17
53
8
64
85
38
9
96
07
13
98
31
8
37
91
17
77
5
27
91
16
59
09
73
07
48
47
97
48
28
path
id
ac
class
cq
0
11
23
53
5
58
22
88
07
13
1
02
08
15
71
43
12
13
67
41
9
07
02
path
id
ad
class
cm
93
89
28
41
16
83
26
71
5
28
73
86
22
18
55
96
path
id
ae
class
cm
66
3
88
76
21
38
path
id
af
class
cm
11
7
31
97
path
id
ag
class
cm
86
11
56
51
22
53
74
49
25
path
id
ah
class
cm
32
12
6
14
9
path
id
ai
class
cm
42
83
path
id
aj
class
cm
66
29
14
7
21
27
47
49
77
64
path
id
ak
class
cm
54
21
72
path
id
al
class
cm
28
66
82
67
path
id
am
class
cr
82
37
18
44
38
26
76
22
11
49
22
11
17
3
27
39
43
39
18
02
36
08
51
42
7
68
02
7
04
1
09
19
15
28
19
51
67
22
9
25
02
48
1
69
22
84
3
15
34
29
18
63
11
22
11
68
22
11
14
28
22
36
35
36
1
01
2
04
29
78
89
25
13
53
2
81
2
75
41
23
61
79
92
53
1
08
22
15
34
2
path
id
an
class
cl
82
37
18
44
38
26
76
22
11
49
22
11
17
3
27
39
43
39
18
02
36
08
51
42
7
68
02
7
04
1
09
19
15
28
19
51
67
22
9
25
02
48
1
69
22
84
3
15
34
29
18
63
11
22
11
68
22
11
14
28
22
36
35
36
1
01
2
04
29
78
89
25
13
53
2
81
2
75
41
23
61
79
92
53
1
08
22
15
34
2
path
id
ao
class
cr
0
1
06
22
26
45
19
31
18
16
22
25
33
33
44
33
11
02
21
07
29
49
2
75
88
19
16
14
17
34
29
55
13
19
16
25
64
05
06
19
3
19
16
21
25
33
34
45
34
2
05
37
2
31
17
49
07
02
12
06
16
12
path
id
ap
class
cl
0
1
06
22
26
45
19
31
18
16
22
25
33
33
44
33
11
02
21
07
29
49
2
75
88
19
16
14
17
34
29
55
13
19
16
25
64
05
06
19
3
19
16
21
25
33
34
45
34
2
05
37
2
31
17
49
07
02
12
06
16
12
path
id
aq
class
cr
1
1
23
17
37
19
19
06
33
23
27
33
22
46
09
72
16
1
16
19
09
08
21
13
33
15
18
06
3
23
28
33
28
69
16
13
16
19
07
04
path
id
ar
class
cl
1
1
23
17
37
19
19
06
33
23
27
33
22
46
09
72
16
1
16
19
09
08
21
13
33
15
18
06
3
23
28
33
28
69
16
13
16
19
07
04
path
id
as
class
cr
0
13
46
85
12
21
16
13
37
22
58
23
12
04
15
1
06
13
09
26
11
41
92
1
07
14
14
14
19
15
26
45
44
13
62
96
13
21
1
07
21
11
33
12
25
07
45
45
36
21
93
06
63
29
8
path
id
at
class
cl
0
13
46
85
12
21
16
13
37
22
58
23
12
04
15
1
06
13
09
26
11
41
92
1
07
14
14
14
19
15
26
45
44
13
62
96
13
21
1
07
21
11
33
12
25
07
45
45
36
21
93
06
63
29
8
path
id
au
class
cr
62
05
79
46
93
95
34
18
21
23
07
35
06
01
13
01
2
06
35
37
22
07
33
22
07
1
48
17
54
37
3
45
14
27
05
5
5
22
07
37
07
09
23
2
06
09
03
18
05
28
05
25
09
34
36
72
06
2
07
39
07
09
18
18
43
27
23
09
09
22
07
22
03
path
id
av
class
cl
62
05
79
46
93
95
34
18
21
23
07
35
06
01
13
01
2
06
35
37
22
07
33
22
07
1
48
17
54
37
3
45
14
27
05
5
5
22
07
37
07
09
23
2
06
09
03
18
05
28
05
25
09
34
36
72
06
2
07
39
07
09
18
18
43
27
23
09
09
22
07
22
03
path
id
aw
class
cr
05
58
17
81
23
25
55
39
89
41
35
13
28
86
3
39
zm
51
38
51
6
47
25
2
5
38
77
55
47
21
76
7
22
1
79
07
58
07
85
12
28
57
1
05
25
35
32
06
36
44
43
06
51
43
57
17
04
25
25
37
34
06
37
41
07
8
26
15
5
31
74
5
5
39
57
41
19
59
05
23
09
02
path
id
ax
class
cl
05
58
17
81
23
25
55
39
89
41
35
13
28
86
3
39
92
zm
51
38
51
6
47
25
2
5
38
77
55
47
21
76
7
22
1
79
07
58
07
85
12
28
57
1
05
25
35
32
06
36
44
43
06
51
43
57
17
04
25
25
37
34
06
37
41
07
8
26
15
5
31
74
5
5
39
57
41
19
59
05
23
09
02
path
id
ay
class
cr
47
34
91
67
07
33
55
75
52
47
05
86
39
98
84
03
22
05
99
26
09
04
2
05
3
04
21
1
44
16
67
17
62
23
35
91
65
5
54
44
96
69
13
06
44
47
74
91
68
03
25
06
19
07
01
19
06
24
09
48
16
74
19
15
67
28
07
07
76
61
path
id
class
cl
47
34
91
67
07
33
55
75
52
47
05
86
39
98
84
03
22
05
99
26
09
04
2
05
3
04
21
1
44
16
67
17
62
23
35
91
65
5
54
44
96
69
13
06
44
47
74
91
68
03
25
06
19
07
01
19
06
24
09
48
16
74
19
15
67
28
07
07
76
61
path
id
ba
class
cr
0
35
1
43
2
35
52
84
09
37
16
44
35
44
26
73
37
05
25
05
34
11
39
19
05
12
05
38
83
07
34
18
41
36
41
31
25
37
26
path
id
bb
class
cl
0
35
1
43
2
35
52
84
09
37
16
44
35
44
26
73
37
05
25
05
34
11
39
19
05
12
05
38
83
07
34
18
41
36
41
31
25
37
26
path
id
bc
class
cr
12
11
06
21
09
07
22
09
22
38
37
52
53
52
07
1
25
2
3
31
3
2
03
29
07
3
15
1
13
83
09
23
29
12
19
07
29
15
33
23
05
11
05
07
42
2
09
28
22
15
82
22
09
18
21
09
03
15
path
id
bd
class
cl
12
11
06
21
09
07
22
09
22
38
37
52
53
52
07
1
25
2
3
31
3
2
03
29
07
3
15
1
13
83
09
23
29
12
19
07
29
15
33
23
05
11
05
07
42
2
09
28
22
15
82
22
09
18
21
09
03
15
path
id
be
class
cr
0
18
12
27
21
27
29
09
14
23
21
79
0
29
06
29
1
29
13
03
25
09
35
17
14
07
14
2
33
23
42
37
39
23
52
78
19
29
34
3
64
09
16
11
13
07
14
2
12
09
16
11
25
2
27
12
03
24
11
33
55
09
81
14
08
3
12
46
13
34
06
49
15
14
38
92
07
21
path
id
bf
class
cl
0
18
12
27
21
27
29
09
14
23
21
79
0
29
06
29
1
29
13
03
25
09
35
17
14
07
14
2
33
23
42
37
39
23
52
78
19
29
34
3
64
09
16
11
13
07
14
2
12
09
16
11
25
2
27
12
03
24
11
33
55
09
81
14
08
3
12
46
13
34
06
49
15
14
38
92
07
21
path
id
bg
class
cr
09
57
09
43
37
3
82
29
48
91
18
61
63
89
12
75
02
01
04
03
06
04
37
28
82
28
46
92
2
6
31
38
44
87
36
03
zm
36
47
0
59
15
57
45
07
44
5
98
25
23
03
03
06
07
09
path
id
bh
class
cl
09
57
09
43
37
3
82
29
48
91
18
61
63
89
12
75
02
01
04
03
06
04
37
28
82
28
46
92
2
6
31
38
44
87
36
03
zm
36
47
0
59
15
57
45
07
44
5
98
25
23
03
03
06
07
09
1
path
id
bi
class
cr
22
11
05
18
38
06
47
33
66
13
08
28
13
44
15
18
06
31
29
22
11
6
22
11
05
09
13
13
29
11
09
11
15
29
29
62
07
12
25
12
41
23
59
1
16
59
1
2
25
1
39
05
49
14
34
64
07
16
34
1
5
23
67
1
21
83
77
path
id
bj
class
cl
22
11
05
18
38
06
47
33
66
13
08
28
13
44
15
18
06
31
29
22
11
6
22
11
05
09
13
13
29
11
09
11
15
29
29
62
07
12
25
12
41
23
59
1
16
59
1
2
25
1
39
05
49
14
34
64
07
16
34
1
5
23
67
1
21
83
77
path
id
bk
class
cr
37
23
26
9
14
47
14
1
37
51
53
2
81
49
31
6
42
31
88
13
1
78
89
07
13
1
28
33
38
46
62
27
62
51
58
57
07
14
81
14
1
23
33
57
59
92
04
97
11
17
path
id
bl
class
ck
37
23
26
9
14
47
14
1
37
51
53
2
81
49
31
6
42
31
88
13
1
78
89
07
13
1
28
33
38
46
62
27
62
51
58
57
07
14
81
14
1
23
33
57
59
92
04
97
11
17
path
id
bm
class
cr
62
02
12
06
24
13
34
15
19
32
13
73
16
18
14
1
42
1
14
33
17
47
57
31
97
63
43
2
67
45
81
27
14
1
17
1
13
12
09
38
28
51
49
37
67
14
13
3
25
47
22
06
zm
11
39
15
05
path
id
bn
class
ck
62
02
12
06
24
13
34
15
19
32
13
73
16
18
14
1
42
1
14
33
17
47
57
31
97
63
43
2
67
45
81
27
14
1
17
1
13
12
09
38
28
51
49
37
67
14
13
3
25
47
22
06
zm
11
39
15
05
path
id
bo
class
cr
42
16
57
18
23
34
43
69
07
35
74
33
88
15
6
08
4
42
88
18
41
39
8
18
67
31
56
94
3
84
24
53
19
7
07
34
36
11
85
07
32
05
16
18
07
48
17
57
36
38
88
19
54
42
62
9
45
14
05
33
82
05
16
19
07
46
16
61
35
44
85
48
zm
42
26
93
2
73
67
96
11
03
22
07
32
13
17
05
34
12
5
19
7
path
id
bp
class
ck
42
16
57
18
23
34
43
69
07
35
74
33
88
15
6
08
4
42
88
18
41
39
8
18
67
31
56
94
3
84
24
53
19
7
07
34
36
11
85
07
32
05
16
18
07
48
17
57
36
38
88
19
54
42
62
9
45
14
05
33
82
05
16
19
07
46
16
61
35
44
85
48
zm
42
26
93
2
73
67
96
11
03
22
07
32
13
17
05
34
12
5
19
7
path
id
bq
class
cr
32
46
17
62
38
66
96
17
16
46
04
91
14
6
46
11
66
64
71
12
19
2
16
16
72
14
75
56
54
36
7
55
12
91
31
2
16
67
06
74
11
5
path
id
br
class
ck
32
46
17
62
38
66
96
17
16
46
04
91
14
6
46
11
66
64
71
12
19
2
16
16
72
14
75
56
54
36
7
55
12
91
31
2
16
67
06
74
11
5
path
id
bs
class
cr
7
16
28
39
07
52
22
45
66
91
07
46
25
62
79
53
12
53
43
16
32
05
55
1
69
18
61
72
22
15
3
39
26
21
5
09
63
15
16
37
path
id
bt
class
ck
7
16
28
39
07
52
22
45
66
91
07
46
25
62
79
53
12
53
43
16
32
05
55
1
69
18
61
72
22
15
3
39
26
21
5
09
63
15
16
37
path
id
bu
class
cr
11
08
21
19
28
31
1
22
05
34
51
53
21
09
06
21
92
06
15
32
2
73
11
94
2
7
29
15
15
93
16
06
86
78
06
15
13
05
44
18
68
19
02
19
02
58
62
72
zm
29
3
58
56
path
id
bv
class
ck
11
08
21
19
28
31
1
22
05
34
51
53
21
09
06
21
92
06
15
32
2
73
11
94
2
7
29
15
15
93
16
06
86
78
06
15
13
05
44
18
68
19
02
19
02
58
62
72
zm
29
3
58
56
path
id
bw
class
cr
88
39
48
59
11
29
11
13
42
34
44
6
18
91
26
02
51
13
7
3
11
07
89
68
34
41
52
11
25
11
13
5
42
53
6
32
75
22
15
path
id
bx
class
ck
88
39
48
59
11
29
11
13
42
34
44
6
18
91
26
02
51
13
7
3
11
07
89
68
34
41
52
11
25
11
13
5
42
53
6
32
75
22
15
path
id
by
class
cr
43
28
42
52
16
92
09
13
14
17
18
04
03
08
06
13
21
74
38
25
39
52
83
25
07
14
09
1
15
28
43
48
48
95
02
zm
0
1
16
3
35
61
37
49
68
38
95
43
59
01
62
16
8
62
23
37
58
49
53
79
34
path
id
class
ck
43
28
42
52
16
92
09
13
14
17
18
04
03
08
06
13
21
74
38
25
39
52
83
25
07
14
09
1
15
28
43
48
48
95
02
zm
0
1
16
3
35
61
37
49
68
38
95
43
59
01
62
16
8
62
23
37
58
49
53
79
34
path
id
ca
class
cr
0
25
23
25
36
12
12
35
25
07
25
26
24
21
51
39
8
53
09
39
27
75
07
95
16
02
path
id
cb
class
ck
0
25
23
25
36
12
12
35
25
07
25
26
24
21
51
39
8
53
09
39
27
75
07
95
16
02
path
id
cc
class
cr
01
37
21
7
53
89
83
07
07
96
01
41
35
74
77
73
02
42
01
78
32
79
05
02
zm
07
57
59
16
93
61
13
44
28
77
07
63
26
94
61
07
04
64
07
02
67
22
49
29
83
14
58
25
86
55
86
zm
28
02
47
35
87
82
88
48
01
87
41
86
43
26
82
66
98
75
05
path
id
cd
class
ck
01
37
21
7
53
89
83
07
07
96
01
41
35
74
77
73
02
42
01
78
32
79
05
02
zm
07
57
59
16
93
61
13
44
28
77
07
63
26
94
61
07
04
64
07
02
67
22
49
29
83
14
58
25
86
55
86
99
zm
28
02
47
35
87
82
88
48
01
87
41
86
43
26
82
66
98
75
05
05
path
id
ce
class
cr
19
09
12
07
5
21
11
45
17
69
16
72
31
32
02
78
38
94
18
94
11
09
2
2
2
01
47
45
88
45
52
09
89
54
07
05
53
01
06
49
09
68
26
06
07
path
id
cf
class
ck
19
09
12
07
5
21
11
45
17
69
16
72
31
32
02
78
38
94
18
94
11
09
2
2
2
01
47
45
88
45
52
09
89
54
07
05
53
01
06
49
09
68
26
06
07
path
id
cg
class
cr
99
68
7
26
3
01
64
18
67
14
92
37
13
93
99
07
1
zm
72
13
13
88
36
43
01
13
01
39
23
22
53
36
85
38
46
01
78
38
path
id
ch
class
ck
99
68
7
26
3
01
64
18
67
14
92
37
13
93
99
07
1
zm
72
13
13
88
36
43
01
13
01
39
23
22
53
36
85
38
46
01
78
38
08
path
27
zm
17
12
path
07
3
36
36
05
0
74
27
04
99
69
37
07
9
08
09
86
48
37
09
84
01
path
07
3
36
36
05
0
74
27
04
99
69
37
07
9
08
09
86
48
37
09
84
01
path
36
26
36
07
11
16
0
73
01
36
path
16
07
26
09
46
09
69
51
9
45
18
03
24
09
34
23
41
5
99
41
26
path
36
93
0
89
45
36
92
9
03
36
07
28
11
13
93
03
71
37
09
96
08
0
84
11
97
8
37
12
path
27
zm
17
12
path
07
3
36
36
05
0
74
27
04
99
69
37
07
9
08
09
86
48
37
09
84
01
path
36
93
0
89
45
36
92
9
03
36
07
28
11
13
93
03
71
37
09
96
08
0
84
11
97
8
37
12
path
32
97
2
38
38
5
36
92
16
86
78
14
05
69
31
11
74
36
7
98
03
46
03
44
51
36
3
36
path
36
93
0
89
45
36
92
9
03
36
07
28
11
13
93
03
71
37
09
96
08
0
84
11
97
8
37
12
path
16
34
36
13
26
16
0
88
09
36
1
93
09
72
38
65
2
22
15
8
01
93
88
86
38
32
62
72
72
69
69
89
3
39
03
85
zm
16
09
01
35
04
43
8
42
15
17
53
03
65
23
path
5
62
58
36
27
04
35
15
48
41
88
73
45
0
93
05
04
36
93
55
71
path
36
93
0
89
45
36
92
9
03
36
07
28
11
13
93
03
71
37
09
96
08
0
84
11
97
8
37
12
path
05
32
36
36
97
13
16
32
28
62
13
43
36
01
16
27
36
93
73
path
16
07
26
09
46
09
69
51
9
45
18
03
24
09
34
23
41
5
99
41
26
path
67
97
09
06
36
95
15
95
18
11
4
46
44
31
5
45
77
45
3
26
42
86
42
17
36
99
23
67
17
36
22
path
32
97
2
38
38
5
36
92
16
86
78
14
05
69
31
11
74
36
7
98
03
46
03
44
51
36
3
36
path
91
08
7
11
04
05
22
36
36
14
05
36
19
72
67
8
09
26
13
43
13
39
27
35
53
36
36
zm
path
05
32
36
36
97
13
16
32
28
62
13
43
36
01
16
27
36
93
73
path
91
08
7
11
04
05
22
36
36
14
05
36
19
72
67
8
09
26
13
43
13
39
27
35
53
36
36
zm
path
5
62
58
36
27
04
35
15
48
41
88
73
45
0
93
05
04
36
93
55
71
path
36
93
0
89
45
36
92
9
03
36
07
28
11
13
93
03
71
37
09
96
08
0
84
11
97
8
37
12
path
32
97
2
38
38
5
36
92
16
86
78
14
05
69
31
11
74
36
7
98
03
46
03
44
51
36
3
36
path
36
93
0
89
45
36
92
9
03
36
07
28
11
13
93
03
71
37
09
96
08
0
84
11
97
8
37
12
path
05
32
36
36
97
13
16
32
28
62
13
43
36
01
16
27
36
93
73
path
37
05
09
09
16
22
19
12
03
31
04
66
71
8
03
88
23
36
32
39
4
49
0
92
07
36
07
49
39
32
path
78
31
89
71
11
46
63
1
66
7
84
2
16
26
8
28
7
34
78
07
26
26
27
82
27
92
72
08
43
16
27
zm
8
93
69
97
99
51
63
zm
0
61
07
07
85
37
85
86
22
5
51
38
76
8
3
path
0
9
36
46
37
86
05
51
32
8
88
73
34
49
93
zm
47
74
5
01
8
16
zm
35
05
57
path
37
9
65
05
16
27
37
23
0
82
03
37
path
4
95
97
77
04
11
27
05
49
11
72
11
27
04
38
16
34
09
41
72
81
24
27
04
37
15
32
34
path
37
26
36
07
11
16
0
73
01
37
path
05
32
36
36
97
13
16
32
28
62
13
43
36
01
16
27
37
93
73
path
36
93
0
89
45
36
92
9
03
36
07
28
11
13
93
03
71
37
09
96
08
0
84
11
97
8
37
12
path
4
95
97
77
04
11
27
05
49
11
72
11
27
04
38
16
34
09
41
72
81
24
27
04
37
15
32
34
path
4
95
97
77
04
11
27
05
49
11
72
11
27
04
38
16
34
09
41
72
81
24
27
04
37
15
32
34
path
16
07
26
09
46
09
69
51
9
45
18
03
24
09
34
23
41
5
99
41
25
path
27
zm
17
12
path
05
32
36
36
97
13
16
32
28
62
13
43
36
01
16
27
37
93
73
path
37
05
09
09
16
22
19
12
03
31
04
66
71
8
03
88
23
36
32
39
41
49
0
92
07
36
07
49
39
32
path
37
26
36
07
11
16
0
73
01
37
path
05
32
36
36
97
13
16
32
28
62
13
43
36
01
16
27
37
93
73
path
37
9
65
05
16
27
37
23
0
82
03
37
path
37
26
36
07
11
16
0
73
01
37
path
37
05
09
09
16
22
19
12
03
31
04
66
71
8
03
88
23
36
32
39
41
49
0
92
07
36
07
49
39
32
path
67
97
09
06
37
95
15
95
17
11
4
46
44
31
5
45
77
45
3
26
42
86
42
17
37
99
23
67
17
36
22
office
of
emergency
management
and
business
continuity
artemesia
bldg
baltimore
ave
ste
college
park
md
nbsp
nbsp
prepare
umd
edu
href
https://twitter.com/UofMaryland
target
blank
visit
our
twitter
href
https://www.facebook.com/UnivofMaryland
target
blank
visit
our
facebook
href
https://www.instagram.com/univofmaryland/
target
blank
visit
our
instagram
href
target
blank
visit
our
youtube
back
to
top
script
type
application
json
data
drupal
selector
drupal
settings
json
path
baseurl
pathprefix
currentpath
node
1
currentpathisadmin
false
isfront
true
currentlanguage
en
pluraldelimiter
suppressdeprecationerrors
true
google
analytics
account
gt
trackoutbound
true
trackmailto
true
tracktel
true
trackdownload
true
trackdownloadextensions
7
aac
arc
arj
asf
asx
avi
bin
csv
doc
dot
exe
flv
gif
gz
gzip
hqx
jar
jpe
js
mp
4
mov
ie
msi
msp
pdf
phps
png
ppt
pot
pps
ppam
sld
thmx
qtm
ra
sea
sit
tar
tgz
torrent
txt
wav
wma
wmv
wpd
xls
xlt
xlam
xml
zip
user
uid
0
permissionshash
bd
da
ae
fa
be
script
src
sites
default
files
js
js
dlfz
9
eio
9
lwebdzvl
qvv
5
wjylghv
hbjlrq
02
js
scope
footer
amp
delta
0
amp
language
en
amp
theme
umd
prepare
theme
amp
include
ejxlz
89
pz
0
mnt
8
xlzkksyuwu
he
9
apzu
2
jl
0
ktktbpz
8
lpsswb
84
utm
lzc
8
ozu
1
ljm
1
itu
1
kl
9
egiecyavcsgqw
script
src
https://umd-header.umd.edu/build/bundle.js
search
1
amp
search
domain
purchase
amp
events
0
amp
news
0
amp
schools
0
amp
admissions
0
amp
support
0
amp
support
url
amp
wrapper
amp
sticky
0
