doctype
html
directories
the
university
of
maryland
meta
name
viewport
content
width
device
width
initial
scale
1
meta
http
equiv
content
type
content
text
html
charset
utf
8
link
rel
shortcut
icon
href
type
image
vnd
microsoft
icon
meta
name
description
content
university
of
maryland
directories
including
faculty
staff
and
student
directory
departments
and
programs
emergency
and
service
and
full
system
directory
meta
name
generator
content
drupal
7
http://drupal.org
link
rel
canonical
href
https://www.umd.edu/directories
link
rel
shortlink
href
https://www.umd.edu/node/16
meta
property
og
title
content
directories
meta
property
og
updated
time
content
meta
property
og
image
content
meta
property
og
image
type
content
image
png
meta
property
og
image
width
content
meta
property
og
image
height
content
meta
name
twitter
title
content
directories
meta
property
article
published
time
content
meta
property
article
modified
time
content
meta
name
viewport
content
width
device
width
initial
scale
meta
http
equiv
ua
compatible
content
ie
edge
link
type
text
css
rel
stylesheet
href
media
all
link
type
text
css
rel
stylesheet
href
media
all
link
type
text
css
rel
stylesheet
href
media
all
link
type
text
css
rel
stylesheet
href
maxcdn
bootstrapcdn
com
bootstrap
7
css
bootstrap
min
css
media
all
link
type
text
css
rel
stylesheet
href
media
screen
link
type
text
css
rel
stylesheet
href
media
print
script
type
text
javascript
src
script
type
text
javascript
src
ajax
googleapis
com
ajax
libs
jquery
2
jquery
min
js
script
type
text
javascript
cdata
window
jquery
document
write
script
src
sites
umd
edu
modules
jquery
update
replace
jquery
jquery
min
js
3
script
script
type
text
javascript
src
script
type
text
javascript
src
script
type
text
javascript
cdata
jquery
extend
drupal
settings
basepath
pathprefix
sethasjscookie
0
ajaxpagestate
theme
umd
theme
token
fbipt
6
nnbhd
6
jtiqalewazybepnw
ldqdmjxtdky
js
sites
default
themes
umd
build
js
main
min
js
1
maxcdn
bootstrapcdn
com
bootstrap
7
js
bootstrap
min
js
1
public
google
tag
google
tag
script
js
1
ajax
googleapis
com
ajax
libs
jquery
2
jquery
min
js
1
0
1
misc
jquery
extend
0
js
1
misc
jquery
html
prefilter
0
backport
js
1
misc
jquery
once
js
1
misc
drupal
js
1
sites
umd
edu
modules
admin
menu
admin
devel
admin
devel
js
1
sites
umd
edu
modules
user
alert
js
user
alert
js
1
css
modules
system
system
base
css
1
modules
system
system
menus
css
1
modules
system
system
messages
css
1
modules
system
system
theme
css
1
modules
aggregator
aggregator
css
1
modules
comment
comment
css
1
modules
field
theme
field
css
1
sites
umd
edu
modules
google
appliance
theme
google
appliance
css
1
modules
node
node
css
1
modules
user
user
css
1
sites
umd
edu
modules
user
alert
css
user
alert
css
1
sites
umd
edu
modules
views
css
views
css
1
sites
umd
edu
modules
ckeditor
css
ckeditor
css
1
sites
umd
edu
modules
ctools
css
ctools
css
1
maxcdn
bootstrapcdn
com
bootstrap
7
css
bootstrap
min
css
1
sites
umd
edu
themes
umd
build
css
styles
css
1
sites
umd
edu
themes
umd
build
css
print
css
1
user
alert
url
prefix
hotjar
tracking
code
for
https://umd.edu
function
hj
hj
function
hj
hj
push
arguments
hjsettings
hjid
hjsv
6
getelementsbytagname
head
0
createelement
script
async
1
src
hjsettings
hjid
hjsettings
hjsv
appendchild
window
document
https://static.hotjar.com/c/hotjar-
js
sv
meta
name
google
site
verification
content
vnjiawe
7
jyiq
1
kmhgpvsvwk
5
khodnqb
89
pagd
nws
iframe
src
https://www.googletagmanager.com/ns.html
id
gtm
kkdtndw
height
0
width
0
style
display
none
visibility
hidden
skip
to
main
content
class
identity
href
img
src
sites
umd
edu
themes
umd
build
images
logo
svg
alt
university
of
maryland
toggle
navigation
search
inside
umd
news
events
admissions
support
umd
href
https://www.youtube.com/user/UMD2101
youtube
youtube
href
https://www.facebook.com/UnivofMaryland
facebook
facebook
href
https://twitter.com/UofMaryland
twitter
twitter
href
https://www.instagram.com/univofmaryland/
instagram
instagram
div
class
page
mobile
card
active
hidden
style
background
image
url
href
home
directories
directories
directory
assistance
dial
from
on
campus
or
from
off
campus
br
repair
service
problems
from
on
campus
or
from
off
campus
br
tty
tdd
tt
md
relay
service
from
on
campus
hr
university
directories
href
https://identity.umd.edu/search
faculty
staff
and
student
directory
this
online
directory
includes
current
employees
students
faculty
with
emeritus
status
and
university
affiliates
please
note
to
search
for
student
you
must
be
member
of
the
university
community
href
academic
departments
and
programs
academic
departments
and
programs
href
colleges
and
schools
colleges
and
schools
href
http://www.umd.edu/emergencypreparedness/
emergency
and
service
information
href
administrative
departments
and
campus
services
services
and
administrative
departments
hr
href
https://www.usmd.edu/usm/staff_directory/
target
blank
university
system
of
maryland
directory
hr
other
university
system
of
maryland
universities
href
http://www.bowiestate.edu/
bowie
state
university
href
http://www.coppin.edu/
coppin
state
university
href
http://www.frostburg.edu/
frostburg
state
university
href
http://www.salisbury.edu/
salisbury
university
href
http://www.towson.edu/
towson
university
href
http://www.ubalt.edu/
university
of
baltimore
href
http://www.umaryland.edu/
university
of
maryland
baltimore
href
http://www.umbc.edu/
university
of
maryland
baltimore
county
href
http://www.umes.edu/
university
of
maryland
eastern
shore
href
https://www.umgc.edu/
target
blank
university
of
maryland
global
campus
href
http://www.umces.edu/
target
blank
university
of
maryland
center
for
environmental
science
hr
regional
higher
education
centers
href
http://www.shadygrove.umd.edu/
universities
at
shady
grove
href
http://www.hagerstown.usmd.edu/
university
system
of
maryland
at
hagerstown
href
https://usmsm.umd.edu/
target
blank
university
system
of
maryland
at
southern
maryland
interstitial
navigation
href
https://president.umd.edu/administration
target
blank
administration
href
https://alumni.umd.edu
target
blank
alumni
association
href
https://www.diversity.umd.edu
target
blank
diversity
amp
inclusion
href
https://prepare.umd.edu/
target
blank
emergency
management
href
https://strategicplan.umd.edu/
target
blank
fearlessly
forward
the
umd
strategic
plan
href
heoa
consumer
information
faqs
href
https://www.umd.edu/history-and-mission
history
amp
mission
href
http://shop.umterps.com
target
blank
maryland
merchandise
href
http://mpower.maryland.edu/
target
blank
mpowering
the
state
href
https://www.umd.edu/rankings-and-fast-facts
rankings
and
fast
facts
href
https://sustainability.umd.edu/
target
blank
sustainability
href
https://www.umd.edu/virtual-tour
virtual
tour
href
visitors
parents
and
families
main
content
about
the
university
of
maryland
college
park
is
the
state
flagship
university
and
one
of
the
nation
preeminent
public
research
universities
global
leader
in
research
entrepreneurship
and
innovation
the
university
is
home
to
more
than
students
faculty
and
staff
and
nearly
alumni
all
dedicated
to
the
pursuit
of
fearless
ideas
located
just
outside
washington
we
discover
and
share
new
knowledge
every
day
through
our
renowned
research
enterprise
and
programs
in
academics
the
arts
and
athletics
and
we
are
committed
to
social
entrepreneurship
as
the
nations
first
do
good
campus
sidebar
content
img
src
class
img
responsive
alt
do
good
introducing
the
nation
first
aria
label
do
good
href
http://dogood.umd.edu
target
blank
do
good
campus
transforming
idealism
into
impact
interstitial
navigation
href
http://www.provost.umd.edu/calendar/
target
blank
academic
calendar
href
https://tltc.umd.edu
teaching
amp
learning
transformation
center
href
http://www.scholars.umd.edu
target
blank
college
park
scholars
href
https://marylandglobal.umd.edu/
maryland
global
href
http://www.honors.umd.edu
target
blank
honors
college
href
http://www.lib.umd.edu/
target
blank
libraries
href
target
blank
majors
and
minors
href
https://exst.umd.edu/
target
blank
extended
studies
href
http://www.provost.umd.edu
target
blank
provost
href
http://www.registrar.umd.edu
target
blank
registrar
href
https://ugst.umd.edu/llsop/index.html
target
blank
special
academic
programs
href
http://www.testudo.umd.edu
target
blank
testudo
student
portal
href
https://admissions.umd.edu
target
blank
undergraduate
admissions
href
https://gradschool.umd.edu
target
blank
graduate
school
main
content
academics
spanning
12
schools
and
colleges
maryland
offers
more
than
degree
granting
programs
many
of
them
ranked
among
the
best
in
the
country
our
faculty
includes
two
nobel
laureates
three
pulitzer
prize
winners
58
members
of
the
national
academies
and
scores
of
fulbright
scholars
and
our
students
who
include
the
highest
achievers
in
the
state
and
nation
enjoy
experiences
unique
to
our
location
just
outside
the
nations
capital
including
internships
research
and
leadership
and
service
opportunities
sidebar
content
schools
and
colleges
href
http://agnr.umd.edu/
target
1
agriculture
and
natural
resources
href
http://www.arch.umd.edu/
target
1
architecture
planning
and
preservation
href
http://www.arhu.umd.edu/
target
1
arts
and
humanities
href
http://www.bsos.umd.edu/
target
1
behavioral
and
social
sciences
href
http://www.smith.umd.edu/
target
1
business
robert
smith
href
http://www.cmns.umd.edu/
target
1
computer
mathematical
and
natural
sciences
href
http://www.education.umd.edu/
target
1
education
href
https://eng.umd.edu/
target
1
engineering
james
clark
href
http://www.gradschool.umd.edu/
target
1
graduate
school
href
http://www.journalism.umd.edu/
target
1
journalism
philip
merrill
href
http://www.ischool.umd.edu/
target
1
information
studies
href
http://www.sph.umd.edu/
target
1
public
health
href
https://spp.umd.edu
target
1
public
policy
href
http://www.ugst.umd.edu/
target
1
undergraduate
studies
interstitial
navigation
href
http://innovation.umd.edu
target
blank
academy
for
innovation
and
entrepreneurship
href
https://www.umd.edu/colleges-and-schools
colleges
and
schools
href
http://www.research.umd.edu
target
blank
division
of
research
href
https://fire.umd.edu
target
blank
fire
the
first
year
innovation
amp
research
experience
href
https://innovate.umd.edu
target
blank
innovation
gateway
main
content
research
and
innovation
the
university
of
maryland
is
one
of
the
worlds
premier
research
institutions
with
our
strategic
location
and
scores
of
partnerships
with
government
and
businesses
umd
conducts
groundbreaking
research
on
some
of
the
biggest
challenges
facing
our
global
community
including
cybersecurity
and
terrorism
bioengineering
public
health
equity
food
safety
and
climate
change
we
strive
to
discover
new
knowledge
and
put
it
to
work
through
innovation
and
entrepreneurship
advancing
economic
development
and
transforming
lives
hr
the
newly
launched
href
https://innovate.umd.edu
target
blank
innovation
gateway
will
guide
you
to
the
resources
programs
partners
and
spaces
you
need
to
activate
and
scale
your
fearless
ideas
into
innovations
that
launch
new
ventures
catalyze
growth
and
advance
economic
development
sidebar
content
interstitial
navigation
href
https://www.arhu.umd.edu
target
blank
college
of
arts
and
humanities
href
https://www.music.umd.edu
target
blank
school
of
music
href
http://tdps.umd.edu
target
blank
school
of
theatre
dance
and
performance
studies
href
http://theclarice.umd.edu
target
blank
the
clarice
smith
performing
arts
center
href
http://www.lib.umd.edu/mspal
target
blank
michelle
smith
performing
arts
library
href
http://www.arch.umd.edu/
target
blank
school
of
architecture
planning
amp
preservation
href
http://www.driskellcenter.umd.edu
target
blank
david
driskell
center
href
http://devosinstitute.umd.edu
target
blank
devos
institute
of
arts
management
href
https://www.umd.edu/galleries
galleries
href
http://thestamp.umd.edu/art_learning_center
the
art
amp
learning
center
at
stamp
main
content
arts
at
the
university
of
maryland
the
arts
the
humanities
and
the
sciences
intersect
to
address
important
societal
issues
and
shed
new
light
on
the
human
experience
our
vibrant
campus
arts
community
collaborates
with
local
and
national
cultural
organizations
such
as
the
phillips
collection
kennedy
center
and
folger
shakespeare
library
student
and
faculty
artists
designers
historians
writers
and
performers
are
exploring
new
media
presenting
new
perspectives
investigating
new
techniques
and
engaging
new
audiences
sidebar
content
href
events
interstitial
navigation
href
http://www.umterps.com
target
blank
intercollegiate
athletics
href
https://www.golf.umd.edu
target
blank
university
of
maryland
golf
course
href
http://recwell.umd.edu
target
blank
university
recreation
and
wellness
main
content
athletics
home
of
the
terrapins
the
university
of
maryland
has
one
of
the
nations
most
recognizable
and
successful
athletics
programs
more
than
student
athletes
compete
each
year
in
20
intercollegiate
sports
12
for
women
and
eight
for
men
since
alone
maryland
has
won
19
national
championships
including
ncaa
titles
in
womens
basketball
mens
soccer
men
lacrosse
womens
lacrosse
and
field
hockey
since
joining
the
big
ten
conference
in
umd
has
won
combined
32
regular
season
and
tournament
championships
fear
the
turtle
sidebar
content
interstitial
navigation
href
target
blank
book
center
href
http://www.careercenter.umd.edu
target
blank
career
center
href
http://www.counseling.umd.edu/
counseling
center
href
http://dining.umd.edu
target
blank
dining
services
href
http://greek.umd.edu
target
blank
fraternity
and
sorority
life
href
http://health.umd.edu
target
blank
health
center
href
target
blank
memorial
chapel
href
http://och.umd.edu
target
blank
off
campus
housing
href
http://reslife.umd.edu/
resident
life
href
http://thestamp.umd.edu
target
blank
stamp
student
union
href
http://studentaffairs.umd.edu
target
blank
student
affairs
href
https://terplink.umd.edu/organizations
target
blank
student
clubs
href
https://transportation.umd.edu
target
blank
transportation
services
href
https://recwell.umd.edu/
target
blank
university
recreation
and
wellness
main
content
student
life
the
terp
experience
extends
beyond
classrooms
labs
and
studios
it
encompasses
residence
halls
and
dining
halls
clubs
and
sports
fraternities
and
sororities
campus
events
and
performances
and
countless
off
campus
destinations
maryland
touts
plus
student
organizations
dozens
of
prestigious
living
and
learning
communities
and
countless
other
ways
to
get
involved
students
here
can
create
unique
identity
and
grow
as
individuals
even
as
theyre
part
of
close
knit
and
diverse
community
sidebar
content
interstitial
navigation
href
jsessionid
dd
2
deb
2
af
faa
3
cbf
bf
93
target
blank
calendar
href
https://www.umd.edu/directories
directories
href
http://maps.umd.edu/map/
target
blank
map
main
content
on
campus
img
typeof
foaf
image
src
alt
summer
session
gt
target
blank
href
http://summer.umd.edu/
summer
session
keep
learning
earn
credits
satisfy
major
requirement
and
stay
on
track
for
graduation
classes
meet
in
person
or
online
convenient
3
or
6
week
sessions
may
28
august
16
href
https://summer.umd.edu/
learn
more
at
summer
umd
edu
class
carousel
cta
target
blank
href
http://summer.umd.edu/
read
more
sidebar
content
navigation
href
https://alert.umd.edu
target
blank
campus
alerts
href
http://calendar.umd.edu/
target
blank
campus
calendar
href
resources
for
news
media
href
http://www.terp.umd.edu
target
blank
terp
magazine
href
http://www.umdrightnow.umd.edu
target
blank
umd
right
now
href
https://umd.edu/weather
target
blank
inclement
weather
faqs
main
content
news
events
news
latest
news
at
href
https://today.umd.edu
maryland
today
for
media
releases
visit
href
https://www.umdrightnow.umd.edu/latest-news
umd
right
now
sidebar
content
events
class
view
more
feed
href
http://calendar.umd.edu
target
blank
explore
events
on
the
campus
calendar
navigation
main
content
admissions
iframe
class
embed
responsive
item
src
https://www.youtube.com/embed/sN4ynr6QbtA
rel
0
allowfullscreen
terps
are
bold
smart
curious
and
proud
we
do
good
in
our
communities
and
out
in
the
world
we
are
fearless
and
we
are
always
looking
to
expand
our
ranks
interested
in
becoming
university
of
maryland
student
this
is
where
to
start
sidebar
content
href
https://www.admissions.umd.edu/
target
blank
undergraduate
admissions
href
https://admissions.umd.edu/how-to-apply
requirements
href
frequently
asked
questions
href
https://admissions.umd.edu/programs
undergraduate
majors
href
https://www.gradschool.umd.edu/
target
blank
graduate
admissions
href
https://gradschool.umd.edu/admissions
target
1
admissions
process
href
https://gradschool.umd.edu/graduate-programs
target
1
graduate
programs
href
http://www.financialaid.umd.edu/
target
1
financial
aid
href
target
1
terrapin
commitment
href
https://www.admissions.umd.edu/visit/
target
1
visit
href
https://www.umd.edu/contact-us
target
1
contact
us
navigation
main
content
search
form
action
https://search.umd.edu
method
get
id
umd
search
search
form
accept
charset
utf
8
target
blank
search
keyword
or
phrase
sidebar
content
campus
resources
href
accessibility
href
http://calendar.umd.edu/
target
1
campus
calendar
href
http://maps.umd.edu/map/
target
1
campus
map
href
https://www.umd.edu/directories
directories
href
https://uhr.umd.edu
target
1
human
resources
href
https://www.umd.edu/policies-and-procedures
policies
and
procedures
student
resources
href
https://www.provost.umd.edu/calendar/
target
1
academic
calendar
href
http://www.registrar.umd.edu/
target
1
registrar
href
http://www.testudo.umd.edu
target
1
testudo
student
portal
technical
support
href
target
1
change
password
href
http://it.umd.edu
target
1
division
of
it
href
https://umd.service-now.com/itsc
target
1
get
it
support
navigation
main
content
giving
to
maryland
give
to
maryland
giving
back
is
fearless
terp
tradition
and
there
are
many
ways
you
can
not
only
keep
it
alive
but
also
make
an
instant
impact
href
https://giving.umd.edu/giving/
target
blank
img
alt
circle
on
the
university
of
maryland
campus
src
sites
umd
edu
files
them
sc
jpg
style
width
href
https://giving.umd.edu/giving/
class
btn
btn
primary
btn
default
give
now
sidebar
content
href
https://promise.umd.edu/
target
blank
img
alt
maryland
promise
students
src
sites
umd
edu
files
marylandpromise
square
png
style
width
href
https://promise.umd.edu/
support
the
clark
challenge
for
the
maryland
promise
scholarship
and
double
your
impact
through
the
clark
challenge
hr
href
https://promise.umd.edu/
img
alt
clark
challenge
for
the
maryland
promise
src
sites
umd
edu
files
mpp
workmark
png
style
width
img
class
img
responsive
src
sites
default
themes
umd
build
images
logo
inverted
svg
alt
university
of
maryland
href
https://www.youtube.com/user/UMD2101
youtube
university
of
maryland
on
youtube
href
https://www.facebook.com/UnivofMaryland
facebook
university
of
maryland
on
facebook
href
https://twitter.com/UofMaryland
twitter
university
of
maryland
on
twitter
href
https://www.instagram.com/univofmaryland/
instagram
university
of
maryland
on
instagram
href
http://www.usmd.edu
the
flagship
institution
of
the
state
of
maryland
br
college
park
md
usa
href
information
visitors
parents
and
families
information
for
visitors
parents
and
families
href
faqs
heoaconsumer
information
title
faqs
heoa
consumer
information
href
contact
us
contact
us
href
https://ejobs.umd.edu
title
careers
href
https://www.ocrsm.umd.edu
title
office
of
civil
rights
amp
sexual
misconduct
href
http://www.umpd.umd.edu
title
umd
police
department
href
web
accessibility
title
information
about
web
accessibility
at
umd
web
accessibility
href
policies
and
procedures
policies
and
procedures
href
administration
public
information
request
title
public
records
request
href
privacy
notice
title
privacy
notice
href
https://accessibility.umd.edu
title
accessibility
at
umd
href
title
report
fraud
and
waste
href
http://mpower.maryland.edu/
mpowering
the
state
blank
modal
to
populate
times
script
type
text
javascript
src
script
type
text
javascript
src
maxcdn
bootstrapcdn
com
bootstrap
7
js
bootstrap
min
js
washington
post
digital
ad
script
src
https://js.adsrvr.org/up_loader.1.1.0.js
type
text
javascript
script
type
text
javascript
function
global
if
typeof
ttduniversalpixelapi
function
var
universalpixelapi
new
ttduniversalpixelapi
universalpixelapi
init
das
0
vmi
jbh
https://insight.adsrvr.org/track/up
ttduniversalpixeltagd
faa
64
fdba
this
