doctype
html
meta
content
ie
edge
http
equiv
ua
compatible
meta
charset
utf
8
meta
name
viewport
content
width
device
width
initial
scale
viewport
fit
cover
link
rel
icon
type
image
png
href
favicon
ico
link
rel
apple
touch
icon
href
icons
apple
touch
icon
png
link
rel
manifest
crossorigin
use
credentials
href
manifest
webmanifest
prevent
display
before
css
loads
header
umd
hero
main
footer
display
none
office
of
diversity
and
inclusion
unit
homepage
window
datalayer
window
datalayer
function
gtag
datalayer
push
arguments
gtag
js
new
date
gtag
config
6
ph
9
tzzspj
send
page
view
true
anonymize
ip
false
link
attribution
false
allow
display
features
false
meta
content
https://accessibility.umd.edu/
property
og
url
link
href
https://accessibility.umd.edu
rel
canonical
link
href
https://accessibility.umd.edu
rel
home
link
type
text
plain
href
https://accessibility.umd.edu/humans.txt
rel
author
link
href
https://terrapinstrong.umd.edu
rel
alternate
hreflang
en
us
link
href
https://omse.umd-staging.com
rel
alternate
hreflang
en
us
link
href
https://nyumburu.umd.edu
rel
alternate
hreflang
en
us
link
href
https://lgbtq.umd.edu
rel
alternate
hreflang
en
us
link
href
https://eeo.umd-staging.com
rel
alternate
hreflang
en
us
link
href
https://dte.umd.edu
rel
alternate
hreflang
en
us
link
href
https://css.umd-staging.com
rel
alternate
hreflang
en
us
link
href
https://biassupport.umd.edu
rel
alternate
hreflang
en
us
link
href
https://accessibility.umd.edu
rel
alternate
hreflang
en
us
script
async
src
https://www.googletagmanager.com/gtag/js
id
6
ph
9
tzzspj
skip
navigation
skip
to
content
id
logo
href
https://diversity.umd.edu/
img
src
logos
odi
logo
inverse
svg
alt
office
of
diversity
and
inclusion
data
utility
link
report
href
https://diversity.umd.edu/report-an-incident
svg
class
warning
svg
version
xmlns
http://www.w3.org/2000/svg
width
32
height
32
viewbox
report
an
incident
svg
class
svg
style
enable
background
new
version
viewbox
xml
space
preserve
xmlns
http://www.w3.org/2000/svg
xmlns
xlink
http://www.w3.org/1999/xlink
path
3
9
1
1
our
team
href
https://diversity.umd.edu/our-team
diversity
and
inclusion
staff
href
diversity
officers
href
equity
council
resources
href
https://diversity.umd.edu/resources
resources
library
data
icons
true
href
https://accessibility.umd.edu
rel
noopener
target
blank
accessibility
accessibility
svg
xmlns
http://www.w3.org/2000/svg
height
24
viewbox
width
24
path
0
fill
none
path
5
2
7
zm
59
7
href
bias
resources
bias
resources
data
icons
true
href
https://irpa.umd.edu/CampusCounts/index.html
rel
noopener
target
blank
campus
demographic
data
view
the
campus
demographic
data
on
irpa
umd
edu
svg
xmlns
http://www.w3.org/2000/svg
height
24
viewbox
width
24
path
0
fill
none
path
5
2
7
zm
59
7
href
enslavement
acknowledgement
enslavement
acknowledgement
href
land
acknowledgement
data
icons
true
href
https://ocrsm.umd.edu/
rel
noopener
target
blank
office
of
civil
rights
and
sexual
misconduct
svg
xmlns
http://www.w3.org/2000/svg
height
24
viewbox
width
24
path
0
fill
none
path
5
2
7
zm
59
7
bias
support
data
icons
true
href
https://biassupport.umd.edu
rel
noopener
target
blank
biss
home
bias
incident
support
services
home
svg
xmlns
http://www.w3.org/2000/svg
height
24
viewbox
width
24
path
0
fill
none
path
5
2
7
zm
59
7
data
icons
true
href
rel
noopener
target
blank
bias
incident
response
protocol
bias
incident
response
protocol
svg
xmlns
http://www.w3.org/2000/svg
height
24
viewbox
width
24
path
0
fill
none
path
5
2
7
zm
59
7
data
icons
true
href
rel
noopener
target
blank
stop
the
hate
trainings
stop
the
hate
trainings
svg
xmlns
http://www.w3.org/2000/svg
height
24
viewbox
width
24
path
0
fill
none
path
5
2
7
zm
59
7
data
icons
true
href
rel
noopener
target
blank
campus
partners
campus
partners
svg
xmlns
http://www.w3.org/2000/svg
height
24
viewbox
width
24
path
0
fill
none
path
5
2
7
zm
59
7
data
icons
true
href
https://biassupport.umd.edu/faqs
rel
noopener
target
blank
frequently
asked
questions
frequently
asked
questions
about
bias
svg
xmlns
http://www.w3.org/2000/svg
height
24
viewbox
width
24
path
0
fill
none
path
5
2
7
zm
59
7
href
bias
resources
bias
resources
data
icons
true
href
https://umd.edu/bias-reporting-dashboard
rel
noopener
target
blank
visit
the
bias
dashboard
svg
xmlns
http://www.w3.org/2000/svg
height
24
viewbox
width
24
path
0
fill
none
path
5
2
7
zm
59
7
data
icons
true
href
rel
noopener
target
blank
training
amp
initiatives
request
svg
xmlns
http://www.w3.org/2000/svg
height
24
viewbox
width
24
path
0
fill
none
path
5
2
7
zm
59
7
training
amp
education
href
training
amp
consultation
training
amp
consultation
href
words
of
engagement
href
training
education
anti
racism
series
rel
noopener
anti
racism
teach
in
series
href
rel
noopener
anti
racism
toolkit
href
https://diversity.umd.edu/resources/jia
jewish
identities
and
antisemitism
programming
series
jewish
identities
and
antisemitism
programming
series
data
icons
true
href
https://terrapinstrong.umd.edu
rel
noopener
target
blank
terrapinstrong
svg
xmlns
http://www.w3.org/2000/svg
height
24
viewbox
width
24
path
0
fill
none
path
5
2
7
zm
59
7
reports
href
critical
issues
from
black
student
leaders
data
icons
true
href
dm
rel
noopener
target
blank
campus
climate
study
final
report
download
pdf
of
the
campus
climate
study
final
report
svg
xmlns
http://www.w3.org/2000/svg
enable
background
new
height
24
viewbox
width
24
rect
fill
none
height
24
width
24
path
83
41
7
17
7
13
data
icons
true
href
https://reports.umd.edu/tableaupublic/1818
rel
noopener
target
blank
climate
study
interactive
results
svg
xmlns
http://www.w3.org/2000/svg
height
24
viewbox
width
24
path
0
fill
none
path
5
2
7
zm
59
7
data
icons
true
href
dm
rel
noopener
target
blank
recommendations
and
commonalities
svg
xmlns
http://www.w3.org/2000/svg
enable
background
new
height
24
viewbox
width
24
rect
fill
none
height
24
width
24
path
83
41
7
17
7
13
data
icons
true
href
dm
rel
noopener
target
blank
climate
study
preliminary
report
svg
xmlns
http://www.w3.org/2000/svg
enable
background
new
height
24
viewbox
width
24
rect
fill
none
height
24
width
24
path
83
41
7
17
7
13
data
icons
true
href
dm
rel
noopener
target
blank
joint
task
force
report
svg
xmlns
http://www.w3.org/2000/svg
enable
background
new
height
24
viewbox
width
24
rect
fill
none
height
24
width
24
path
83
41
7
17
7
13
data
icons
true
href
dm
rel
noopener
target
blank
self
study
report
svg
xmlns
http://www.w3.org/2000/svg
enable
background
new
height
24
viewbox
width
24
rect
fill
none
height
24
width
24
path
83
41
7
17
7
13
news
amp
events
href
https://diversity.umd.edu/events
events
href
https://diversity.umd.edu/news
odi
news
href
dei
news
around
campus
href
https://diversity.umd.edu/collaborate
request
event
sponsorship
data
icons
true
href
https://go.umd.edu/odisubscribe
rel
noopener
target
blank
subscribe
to
the
odi
newsletter
subscribe
to
the
odi
newsletter
on
mailchimp
svg
xmlns
http://www.w3.org/2000/svg
height
24
viewbox
width
24
path
0
fill
none
path
5
2
7
zm
59
7
about
href
https://diversity.umd.edu/odi-mission-vision
mission
amp
vision
data
icons
true
href
https://accessibility.umd.edu/ada-compliance
rel
noopener
target
blank
ada
compliance
ada
compliance
svg
xmlns
http://www.w3.org/2000/svg
height
24
viewbox
width
24
path
0
fill
none
path
5
2
7
zm
59
7
data
icons
true
href
https://lgbtq.umd.edu/
rel
noopener
target
blank
lgbtq
equity
center
svg
xmlns
http://www.w3.org/2000/svg
height
24
viewbox
width
24
path
0
fill
none
path
5
2
7
zm
59
7
data
icons
true
href
http://nyumburu.umd.edu/
rel
noopener
target
blank
nyumburu
cultural
center
svg
xmlns
http://www.w3.org/2000/svg
height
24
viewbox
width
24
path
0
fill
none
path
5
2
7
zm
59
7
data
icons
true
href
https://omse.umd.edu/
rel
noopener
target
blank
office
of
multi
ethnic
student
education
svg
xmlns
http://www.w3.org/2000/svg
height
24
viewbox
width
24
path
0
fill
none
path
5
2
7
zm
59
7
href
for
prospective
students
data
icons
true
href
appid
aebf
acaba
04
rel
noopener
target
blank
black
history
tour
svg
xmlns
http://www.w3.org/2000/svg
height
24
viewbox
width
24
path
0
fill
none
path
5
2
7
zm
59
7
data
icons
true
href
rel
noopener
target
blank
bsu
umd
social
justice
alliance
external
link
to
the
bowie
state
university
of
maryland
social
justice
alliance
webpage
svg
xmlns
http://www.w3.org/2000/svg
height
24
viewbox
width
24
path
0
fill
none
path
5
2
7
zm
59
7
id
unit
name
href
https://accessibility.umd.edu/
accessibility
svg
class
svg
style
enable
background
new
version
viewbox
xml
space
preserve
xmlns
http://www.w3.org/2000/svg
xmlns
xlink
http://www.w3.org/1999/xlink
path
3
9
1
1
href
https://accessibility.umd.edu/accommodations
accommodations
accommodations
href
technology
electronic
amp
information
technology
teaching
href
responsibilities
responsibilities
href
legal
information
legal
information
href
fundamental
alterations
fundamental
alterations
href
making
classes
accessible
making
classes
accessible
href
how
faculty
can
help
how
faculty
can
help
href
service
animals
in
labs
service
animals
in
labs
href
teaching
resources
faculty
teaching
resources
href
event
access
event
accessibility
on
campus
href
https://accessibility.umd.edu/campus-areas
campus
areas
campus
areas
href
physical
access
campus
physical
access
href
transportation
transportation
href
visitors
to
campus
visitors
to
campus
href
emergency
preparedness
emergency
preparedness
for
persons
with
disability
data
icons
true
href
rel
noopener
target
blank
students
with
disabilities
abroad
students
with
disabilities
abroad
link
svg
xmlns
http://www.w3.org/2000/svg
height
24
viewbox
width
24
path
0
fill
none
path
5
2
7
zm
59
7
href
student
organizations
student
organizations
href
campus
disability
working
groups
amp
departments
campus
disability
working
groups
amp
departments
policies
href
policies
amp
procedures
policies
amp
procedures
data
icons
true
href
rel
noopener
target
blank
umd
disability
and
accessibility
policy
and
procedures
umd
disability
and
accessibility
policy
and
procedures
svg
xmlns
http://www.w3.org/2000/svg
height
24
viewbox
width
24
path
0
fill
none
path
5
2
7
zm
59
7
data
icons
true
href
rel
noopener
target
blank
umd
web
accessibility
policy
umd
web
accessibility
policy
svg
xmlns
http://www.w3.org/2000/svg
height
24
viewbox
width
24
path
0
fill
none
path
5
2
7
zm
59
7
data
icons
true
href
https://itsupport.umd.edu/itsupport
id
kb
article
view
amp
sysparm
article
kb
rel
noopener
target
blank
umd
video
captioning
standard
dit
video
captioning
standard
svg
xmlns
http://www.w3.org/2000/svg
height
24
viewbox
width
24
path
0
fill
none
path
5
2
7
zm
59
7
href
support
amp
service
animals
support
amp
service
animals
href
student
disability
resolution
procedures
student
disability
resolution
procedures
href
faculty
and
staff
disability
resolution
procedures
faculty
and
staff
disability
resolution
procedures
about
href
ada
coordinator
ada
coordinator
href
general
disability
information
general
disability
information
href
demystifying
disability
demystifying
disability
href
ableism
and
how
to
be
better
ally
ableism
and
how
to
be
better
ally
href
disability
awareness
month
podcasts
disability
awareness
month
podcasts
data
utility
link
back
href
https://diversity.umd.edu/
aria
label
return
to
office
of
diversity
and
inclusion
main
site
svg
xmlns
http://www.w3.org/2000/svg
height
48
width
48
viewbox
path
back
to
odi
central
data
utility
link
report
href
https://diversity.umd.edu/report-an-incident
svg
class
warning
svg
version
xmlns
http://www.w3.org/2000/svg
width
32
height
32
viewbox
report
an
incident
prettier
ignore
prettier
ignore
div
data
alt
cherry
blossom
tree
in
bloom
over
someone
sitting
on
low
wall
in
front
of
small
stone
pillar
indicating
an
accessible
walkway
background
image
data
hero
image
style
background
image
url
amp
amp
auto
compress
2
cformat
amp
fit
crop
amp
crop
focalpoint
amp
fp
amp
fp
amp
dm
amp
fd
5
ad
9
de
aa
59
background
position
accessibility
welcome
maryland
is
wonderful
and
diverse
community
diversity
is
one
of
our
core
values
and
our
campus
is
strengthened
and
enriched
by
people
with
disabilities
accessibility
is
an
approach
to
communication
and
engagement
that
recognizes
the
intersectional
identities
experiences
and
needs
of
our
entire
campus
community
it
goes
beyond
legal
accommodations
for
students
staff
and
faculty
with
disabilities
we
work
towards
making
this
community
where
we
each
can
bring
our
whole
self
to
campus
where
we
each
have
the
opportunity
to
thrive
we
do
this
in
three
main
ways
1
by
working
towards
building
strong
community
of
people
with
disabilities
on
our
campus
2
by
interrupting
structural
attitudinal
and
institutional
barriers
that
hinder
equal
access
to
university
sponsored
programs
and
activities
3
by
being
community
that
values
all
persons
with
disabilities
as
integral
members
of
our
campus
community
data
icons
true
href
vc
0
amp
0
amp
1
amp
flr
0
class
call
to
action
rel
noopener
target
blank
data
color
red
data
style
outlined
report
disability
access
concerns
to
the
ada
coordinator
report
disability
access
concerns
to
the
ada
coordinator
via
google
form
svg
xmlns
http://www.w3.org/2000/svg
height
24
viewbox
width
24
path
0
fill
none
path
5
2
7
zm
59
7
svg
version
xmlns
http://www.w3.org/2000/svg
width
32
height
32
viewbox
being
disabled
should
not
mean
being
disqualified
from
having
access
to
every
aspect
of
life
svg
version
xmlns
http://www.w3.org/2000/svg
width
32
height
32
viewbox
emma
thompson
href
rel
noopener
target
blank
data
citation
link
wecapable
wecapable
website
quick
links
href
https://accessibility.umd.edu/accommodations
accommodations
accommodations
href
digital
accessibility
electronic
amp
information
technology
href
making
classes
accessible
making
classes
accessible
href
making
events
accessible
event
accessibility
href
physical
accessibility
on
campus
campus
physical
access
href
accessible
transportation
transportation
href
disability
student
organizations
student
organizations
href
accessibility
policies
and
procedures
policies
amp
procedures
href
general
disability
information
general
disability
information
href
vc
0
amp
0
amp
1
amp
flr
0
rel
noopener
target
blank
report
an
accessibility
issue
report
disability
access
concerns
to
the
ada
coordinator
via
google
form
svg
version
xmlns
http://www.w3.org/2000/svg
width
32
height
32
viewbox
just
because
man
lacks
the
use
of
his
eyes
doesnt
mean
he
lacks
vision
svg
version
xmlns
http://www.w3.org/2000/svg
width
32
height
32
viewbox
stevie
wonder
href
rel
noopener
target
blank
data
citation
link
wecapable
wecapable
website
about
the
ada
coordinator
the
ada
coordinator
office
guides
the
university
efforts
to
move
beyond
compliance
and
toward
seamless
access
as
the
university
focal
point
for
disability
related
initiatives
the
ada
coordinator
office
collaborates
with
university
offices
government
agencies
and
advocacy
groups
to
inform
decision
making
and
ensure
university
compliance
with
state
and
federal
mandates
the
office
addresses
accessibility
issues
and
reports
of
disability
based
discrimination
on
campus
to
contact
the
ada
coordinators
office
phone
email
adacoordinator
umd
edu
we
welcome
you
to
our
campus
and
we
are
thrilled
you
are
part
of
our
community
data
icons
true
href
vc
0
amp
0
amp
1
amp
flr
0
class
call
to
action
rel
noopener
target
blank
data
color
red
data
style
outlined
report
disability
access
concerns
to
the
ada
coordinator
report
disability
access
concerns
to
the
ada
coordinator
via
google
form
svg
xmlns
http://www.w3.org/2000/svg
height
24
viewbox
width
24
path
0
fill
none
path
5
2
7
zm
59
7
umd
footer
small
instagram
https://instagram.com/diverseterps
twitter
https://twitter.com/diverseterps
facebook
https://facebook.com/diversityumd
youtube
https://www.youtube.com/
diverseterps
href
https://accessibility.umd.edu/
data
address
title
ada
compliance
ada
coordinators
office
lee
building
college
park
md
adacoordinator
umd
edu
call
class
call
to
action
href
https://diversity.umd.edu/
data
color
red
data
style
underlined
return
to
the
office
of
diversity
and
inclusion
main
site
unit
of
the
office
of
diversity
amp
inclusion
feedback
link
rel
stylesheet
type
text
css
href
unit
css
script
type
text
javascript
src
unit
js
script
type
application
ld
json
context
http://schema.org
graph
type
webpage
author
id
identity
copyrightholder
id
identity
copyrightyear
creator
id
creator
datemodified
datepublished
headline
unit
homepage
inlanguage
en
us
mainentityofpage
https://accessibility.umd.edu/
name
unit
homepage
publisher
id
creator
url
https://accessibility.umd.edu
id
identity
type
organization
id
creator
type
organization
type
breadcrumblist
description
breadcrumbs
list
itemlistelement
type
listitem
item
https://accessibility.umd.edu
name
unit
homepage
position
1
name
breadcrumbs
script
src
main
js
