doctype
html
meta
http
equiv
content
type
content
text
html
charset
utf
8
meta
name
description
content
more
than
any
other
university
we
have
the
potential
to
be
so
much
more
than
the
sum
of
our
many
excellent
parts
it
rsquo
this
potential
to
have
positive
impact
on
the
society
we
serve
that
represents
our
greatest
value
as
university
here
are
few
facts
and
figures
that
help
illustrate
the
breadth
and
depth
of
the
university
of
michigan
facts
amp
figures
rsaquo
university
of
michigan
mmmmmmmm
mmmmmmmmmmmmmmmmm
mmmmmmmmm
mmmmmmmm
mmmmmmmmmmmmmmm
mmmmmmmmm
mmmmmmmm
mmmmmmmmmmm
mmmmmmmmm
mmmmmmmm
mmmmmmmmm
mmmmmmmmm
mmmmmmmm
mmmmmmm
mmmmmmmmm
mmmmmmmmmmmm
mmmmm
mmmmmmmmmmmm
mmmmmmmmmmmm
mmm
mmmmmmmmmmmm
mmmmmmmmmmmm
mmmmmmmmmmmm
mmmmmmmmmmmm
mmmmmmmmmmmm
mmmmmmmmmmmm
mmmmmmmmmmmm
mmmmmmmmmmmm
mm
mm
mmmmmmmmmmmm
mmmmmmmmmmmm
mmmm
mmmm
mmmmmmmmmmmm
mmmmmmmmmmmm
mmmmm
mmmmm
mmmmmmmmmmmm
mmmmmmmmmmmm
mmmmmm
mmmmmm
mmmmmmmmmmmm
mmmmmmmm
mmmm
mmmm
mmmmmmmmm
mmmmmmmm
mmmmmvmmmmm
mmmmmmmmm
mmmmmmmm
mmmmmmmmmmm
mmmmmmmmm
mmmmmmmm
mmmmmmmmmmm
mmmmmmmmm
mmmmmmmm
mmmmmmmmmmm
mmmmmmmmm
base
href
https://umich.edu/
link
rel
shortcut
icon
href
favicon
ico
link
rel
stylesheet
href
skins
um
styles
skin
css
type
text
css
link
rel
stylesheet
href
styles
facts
figures
css
type
text
css
meta
document
createelement
meta
meta
name
apple
mobile
web
app
title
meta
content
document
getelementsbytagname
head
0
appendchild
meta
link
rel
apple
touch
icon
precomposed
href
skins
um
media
images
touch
icon
iphone
png
link
rel
apple
touch
icon
precomposed
sizes
href
skins
um
media
images
touch
icon
ipad
png
link
rel
apple
touch
icon
precomposed
sizes
href
skins
um
media
images
touch
icon
iphone
retina
png
link
rel
apple
touch
icon
precomposed
sizes
href
skins
um
media
images
touch
icon
ipad
retina
png
meta
property
og
url
content
http://umich.edu
meta
property
og
title
content
university
of
michigan
meta
property
og
image
content
meta
property
og
image
url
content
meta
property
og
image
secure
url
content
meta
property
og
description
content
university
of
michigan
is
one
of
the
top
universities
of
the
world
diverse
public
institution
of
higher
learning
fostering
excellence
in
research
provides
outstanding
undergraduate
graduate
and
professional
education
serving
the
local
regional
national
and
international
communities
meta
name
google
site
verification
content
pqd
3
knqp
9
jks
58
znh
ieyplcytjuubzi
0
es
ll
8
script
async
src
https://www.googletagmanager.com/gtag/js
id
rbncnz
window
datalayer
window
datalayer
function
gtag
datalayer
push
arguments
gtag
consent
default
ad
storage
denied
analytics
storage
denied
functionality
storage
denied
personalization
storage
denied
security
storage
denied
ad
user
data
denied
ad
personalization
denied
wait
for
update
gtag
js
new
date
gtag
config
rbncnz
script
src
type
text
javascript
charset
utf
8
data
domain
script
55
aa
20
da
script
type
text
javascript
function
optanonwrapper
performance
if
onetrustactivegroups
includes
gtag
consent
update
um
triggered
true
analytics
storage
granted
functional
if
onetrustactivegroups
includes
gtag
consent
update
um
triggered
true
functional
storage
granted
targeting
if
onetrustactivegroups
includes
gtag
consent
update
um
triggered
true
ad
storage
granted
ad
user
data
granted
ad
personalization
granted
personalization
storage
granted
else
document
cookie
split
foreach
cookie
const
name
cookie
split
if
name
trim
match
ga
console
log
status
removing
cookie
name
document
cookie
name
path
domain
window
location
host
replace
2
expires
thu
01
jan
gmt
script
type
text
javascript
settimeout
function
var
document
createelement
script
var
document
getelementsbytagname
script
0
src
document
location
protocol
script
crazyegg
com
pages
scripts
js
math
floor
new
date
gettime
async
true
type
text
javascript
parentnode
insertbefore
1
skip
global
navigation
start
header
of
logo
href
university
of
michigan
href
https://report.ecrt.umich.edu/
report
sexual
misconduct
discrimination
and
harassment
start
search
form
method
get
action
search
class
wrapper
role
search
search
for
search
end
search
quick
links
input
type
checkbox
id
quick
links
action
class
hidden
aria
hidden
true
quick
links
href
https://ro.umich.edu/calendars
academic
calendar
href
https://canvas.umich.edu
canvas
href
https://mcommunity.umich.edu/
directory
href
https://email.umich.edu
email
href
https://www.office.com
email
mdash
umhs
href
https://search.lib.umich.edu/catalog
library
catalog
href
https://campusinfo.umich.edu/maps-wayfinding
maps
amp
directions
href
schools
colleges
schools
amp
colleges
href
https://wolverineaccess.umich.edu
wolverine
access
audience
navigation
for
href
prospective
students
prospective
students
href
current
students
current
students
href
faculty
staff
faculty
amp
staff
href
parents
parents
href
alumni
alumni
start
main
navigation
main
menu
href
home
href
about
about
href
academics
academics
href
life
at
michigan
life
at
michigan
href
athletics
athletics
href
research
research
href
health
medicine
health
amp
medicine
href
initiatives
initiatives
href
giving
giving
end
main
navigation
end
header
facts
amp
figures
more
than
any
other
university
we
have
the
potential
to
be
so
much
more
than
the
sum
of
our
many
excellent
parts
it
rsquo
this
potential
to
have
positive
impact
on
the
society
we
serve
that
represents
our
greatest
value
as
university
here
are
few
facts
and
figures
that
help
illustrate
the
breadth
and
depth
of
the
university
of
michigan
infographics
ann
arbor
campus
ann
arbor
campus
href
https://obp.umich.edu/almanac_ch12
class
clear
3
national
undergraduate
public
universities
news
amp
world
report
href
citysize
rankings
class
clear
1
best
small
college
towns
in
america
wallethub
href
class
clear
1
public
university
qs
world
university
rankings
href
class
clear
18
world
reputation
rankings
times
higher
ed
href
class
research
research
href
https://ncsesdata.nsf.gov/profiles/site
method
rankingbysource
ds
herd
fnote
5
2
in
research
volume
among
research
universities
href
1
in
annual
federally
sponsored
research
href
https://lsa.umich.edu/urop/about-us.html
students
participated
in
the
undergraduate
research
opportunity
program
href
research
expenditures
href
innovation
partnerships
href
new
inventions
reported
href
25
new
business
startups
href
entering
class
href
https://ro.umich.edu/reports/enrollment
average
high
school
gpa
href
https://ro.umich.edu/reports/enrollment
average
act
href
https://ro.umich.edu/reports/enrollment
average
sat
range
href
athletics
href
all
time
big
10
athletic
championships
href
https://thisismichigan.com/
student
athletes
href
29
ncaa
division
teams
href
https://umich.edu/academics/
academics
href
https://obp.umich.edu/almanac_ch12
grad
programs
in
the
top
10
news
amp
world
report
href
97
first
year
student
retention
rate
href
93
of
students
graduate
within
six
years
href
https://umich.edu/schools-colleges/
19
schools
and
colleges
href
degree
programs
href
student
to
faculty
ratio
href
https://admissions.umich.edu/costs-aid
affordability
href
2
of
3
first
year
students
receive
financial
aid
href
https://finaid.umich.edu/
more
than
in
scholarships
and
fellowships
awarded
to
students
href
money
magazine
ranks
no
1
for
value
infographics
go
blue
guarantee
go
blue
guarantee
href
https://goblueguarantee.umich.edu
img
src
media
images
facts
figures
gbg
banner
rev
png
alt
go
blue
guarantee
width
height
href
https://goblueguarantee.umich.edu/ann-arbor/
free
tuition
for
families
with
incomes
amp
under
assets
below
ann
arbor
campus
href
https://goblueguarantee.umich.edu
tuition
support
for
some
families
earning
more
four
years
for
qualifying
in
state
students
br
href
https://goblueguarantee.umich.edu/ann-arbor/
ann
arbor
href
https://umdearborn.edu/go-blue-guarantee
dearborn
amp
href
https://www.umflint.edu/go-blue-guarantee/
flint
campuses
href
https://goblueguarantee.umich.edu
1
out
of
4
in
state
undergraduates
pay
no
tuition
due
to
financial
aid
infographics
3
campuses
the
university
of
michigan
ann
arbor
dearborn
flint
campuses
in
michigan
students
came
from
href
https://obp.umich.edu/almanac_ch2
83
all
michigan
counties
href
50
states
href
99
countries
michigan
medicine
href
1
best
hospital
in
michigan
href
1
childrens
hospital
in
michigan
href
honor
roll
of
best
hospitals
news
amp
world
report
href
ranked
nationally
in
13
adult
specialties
10
children
rsquo
specialties
news
amp
world
report
three
hospitals
and
health
clinics
centers
employment
patient
visits
impact
href
https://finance.umich.edu/analysis
more
than
total
revenue
for
operating
activities
href
one
of
the
state
rsquo
top
5
employers
crains
detroit
business
href
https://alumni.umich.edu/
more
than
living
alumni
worldwide
href
total
employment
href
university
research
corridor
economic
impact
on
the
state
of
michigan
fall
href
https://ro.umich.edu/reports/enrollment
title
ann
arbor
registrar
ann
arbor
href
title
dearborn
registrar
dearborn
href
title
flint
registrar
flint
undergraduate
enrollment
in
state
out
of
state
graduate
enrollment
student
organizations
href
title
ann
arbor
tuition
information
ann
arbor
href
title
dearborn
tuition
information
dearborn
href
title
flint
tuition
information
flint
tuition
fees
in
state
out
of
state
room
board
average
nbsp
university
of
michigan
health
does
not
include
medical
school
costs
for
an
lsa
undergraduate
nbsp
based
on
15
credit
semester
course
load
updated
december
start
footer
of
logo
href
university
of
michigan
href
ann
arbor
href
https://umdearborn.edu/
dearborn
href
https://umflint.edu/
flint
copy
href
http://regents.umich.edu/
the
regents
of
the
university
of
michigan
state
street
ann
arbor
mi
usa
href
about
privacy
privacy
notice
phone
1
href
contact
contact
us
href
https://careers.umich.edu/
careers
href
http://espanol.umich.edu/
lang
es
portal
en
espaol
href
http://news.umich.edu/zh-hans/
lang
zh
hans
href
http://news.umich.edu/pt-br/
lang
pt
br
portugus
href
http://news.umich.edu/hi/
lang
hi
href
https://facebook.com/universityofmichigan
facebook
href
https://twitter.com/umich
twitter
href
https://www.youtube.com/user/um
youtube
href
https://instagram.com/uofmichigan
instagram
href
linkedin
href
title
budget
and
performance
transparency
reporting
img
title
budget
and
performance
transparency
reporting
src
skins
um
media
images
trans
reporting
logo
png
alt
budget
and
performance
transparency
reporting
href
title
campus
safety
information
and
resources
img
title
campus
safety
information
and
resources
src
skins
um
media
images
campussafetylogo
jpg
alt
campus
safety
information
and
resources
end
footer
script
type
text
javascript
src
skins
um
scripts
skin
js
script
type
text
javascript
src
scripts
facts
figures
js
script
type
text
javascript
src
apis
umalerts
umalerts
js
function
function
var
contentdocument
contentwindow
document
if
var
createelement
script
innerhtml
window
cf
cv
params
cafaa
mtcyndy
5
otmymi
4
wmdawmda
var
document
createelement
script
nonce
src
cdn
cgi
challenge
platform
scripts
jsd
main
js
document
getelementsbytagname
head
0
appendchild
getelementsbytagname
head
0
appendchild
if
document
body
var
document
createelement
iframe
height
1
width
1
style
position
absolute
style
top
0
style
left
0
style
border
none
style
visibility
hidden
document
body
appendchild
if
loading
document
readystate
else
if
window
addeventlistener
document
addeventlistener
domcontentloaded
else
var
document
onreadystatechange
function
document
onreadystatechange
function
loading
document
readystate
document
onreadystatechange
