doctype
html
meta
http
equiv
content
type
content
text
html
charset
utf
8
meta
name
description
content
the
chronicle
of
higher
education
says
is
one
of
the
best
university
workplaces
in
the
us
and
our
employees
agree
our
faculty
and
staff
make
the
michigan
difference
faculty
and
staff
rsaquo
university
of
michigan
mmmmmmmm
mmmmmmmmmmmmmmmmm
mmmmmmmmm
mmmmmmmm
mmmmmmmmmmmmmmm
mmmmmmmmm
mmmmmmmm
mmmmmmmmmmm
mmmmmmmmm
mmmmmmmm
mmmmmmmmm
mmmmmmmmm
mmmmmmmm
mmmmmmm
mmmmmmmmm
mmmmmmmmmmmm
mmmmm
mmmmmmmmmmmm
mmmmmmmmmmmm
mmm
mmmmmmmmmmmm
mmmmmmmmmmmm
mmmmmmmmmmmm
mmmmmmmmmmmm
mmmmmmmmmmmm
mmmmmmmmmmmm
mmmmmmmmmmmm
mmmmmmmmmmmm
mm
mm
mmmmmmmmmmmm
mmmmmmmmmmmm
mmmm
mmmm
mmmmmmmmmmmm
mmmmmmmmmmmm
mmmmm
mmmmm
mmmmmmmmmmmm
mmmmmmmmmmmm
mmmmmm
mmmmmm
mmmmmmmmmmmm
mmmmmmmm
mmmm
mmmm
mmmmmmmmm
mmmmmmmm
mmmmmvmmmmm
mmmmmmmmm
mmmmmmmm
mmmmmmmmmmm
mmmmmmmmm
mmmmmmmm
mmmmmmmmmmm
mmmmmmmmm
mmmmmmmm
mmmmmmmmmmm
mmmmmmmmm
base
href
https://umich.edu/
link
rel
shortcut
icon
href
favicon
ico
link
rel
stylesheet
href
skins
um
styles
skin
css
type
text
css
link
rel
stylesheet
href
includes
panels
sharing
our
stories
styles
index
css
type
text
css
link
rel
stylesheet
href
includes
panels
infographics
styles
index
css
type
text
css
meta
document
createelement
meta
meta
name
apple
mobile
web
app
title
meta
content
document
getelementsbytagname
head
0
appendchild
meta
link
rel
apple
touch
icon
precomposed
href
skins
um
media
images
touch
icon
iphone
png
link
rel
apple
touch
icon
precomposed
sizes
href
skins
um
media
images
touch
icon
ipad
png
link
rel
apple
touch
icon
precomposed
sizes
href
skins
um
media
images
touch
icon
iphone
retina
png
link
rel
apple
touch
icon
precomposed
sizes
href
skins
um
media
images
touch
icon
ipad
retina
png
meta
property
og
url
content
http://umich.edu
meta
property
og
title
content
university
of
michigan
meta
property
og
image
content
meta
property
og
image
url
content
meta
property
og
image
secure
url
content
meta
property
og
description
content
university
of
michigan
is
one
of
the
top
universities
of
the
world
diverse
public
institution
of
higher
learning
fostering
excellence
in
research
provides
outstanding
undergraduate
graduate
and
professional
education
serving
the
local
regional
national
and
international
communities
meta
name
google
site
verification
content
pqd
3
knqp
9
jks
58
znh
ieyplcytjuubzi
0
es
ll
8
script
async
src
https://www.googletagmanager.com/gtag/js
id
rbncnz
window
datalayer
window
datalayer
function
gtag
datalayer
push
arguments
gtag
consent
default
ad
storage
denied
analytics
storage
denied
functionality
storage
denied
personalization
storage
denied
security
storage
denied
ad
user
data
denied
ad
personalization
denied
wait
for
update
gtag
js
new
date
gtag
config
rbncnz
script
src
type
text
javascript
charset
utf
8
data
domain
script
55
aa
20
da
script
type
text
javascript
function
optanonwrapper
performance
if
onetrustactivegroups
includes
gtag
consent
update
um
triggered
true
analytics
storage
granted
functional
if
onetrustactivegroups
includes
gtag
consent
update
um
triggered
true
functional
storage
granted
targeting
if
onetrustactivegroups
includes
gtag
consent
update
um
triggered
true
ad
storage
granted
ad
user
data
granted
ad
personalization
granted
personalization
storage
granted
else
document
cookie
split
foreach
cookie
const
name
cookie
split
if
name
trim
match
ga
console
log
status
removing
cookie
name
document
cookie
name
path
domain
window
location
host
replace
2
expires
thu
01
jan
gmt
script
type
text
javascript
settimeout
function
var
document
createelement
script
var
document
getelementsbytagname
script
0
src
document
location
protocol
script
crazyegg
com
pages
scripts
js
math
floor
new
date
gettime
async
true
type
text
javascript
parentnode
insertbefore
1
skip
global
navigation
start
header
of
logo
href
university
of
michigan
href
https://report.ecrt.umich.edu/
report
sexual
misconduct
discrimination
and
harassment
start
search
form
method
get
action
search
class
wrapper
role
search
search
for
search
end
search
quick
links
input
type
checkbox
id
quick
links
action
class
hidden
aria
hidden
true
quick
links
href
https://ro.umich.edu/calendars
academic
calendar
href
https://canvas.umich.edu
canvas
href
https://mcommunity.umich.edu/
directory
href
https://email.umich.edu
email
href
https://www.office.com
email
mdash
umhs
href
https://search.lib.umich.edu/catalog
library
catalog
href
https://campusinfo.umich.edu/maps-wayfinding
maps
amp
directions
href
schools
colleges
schools
amp
colleges
href
https://wolverineaccess.umich.edu
wolverine
access
audience
navigation
for
href
prospective
students
prospective
students
href
current
students
current
students
href
faculty
staff
aria
current
page
faculty
amp
staff
href
parents
parents
href
alumni
alumni
start
main
navigation
main
menu
href
home
href
about
about
href
academics
academics
href
life
at
michigan
life
at
michigan
href
athletics
athletics
href
research
research
href
health
medicine
health
amp
medicine
href
initiatives
initiatives
href
giving
giving
end
main
navigation
end
header
faculty
and
staff
is
considered
one
of
the
best
university
workplaces
in
the
according
to
the
chronicle
of
higher
education
we
place
high
priority
on
creating
an
environment
that
enables
faculty
and
staff
to
do
their
best
work
and
values
the
contributions
of
all
employees
in
making
michigan
top
public
university
tools
href
https://wolverineaccess.umich.edu
wolverine
access
href
https://email.umich.edu
email
href
https://www.office.com
email
mdash
umhs
href
https://canvas.umich.edu/
canvas
href
https://mcommunity.umich.edu
mcommunity
directory
href
https://its.umich.edu/computing/ai
its
ai
services
href
https://search.lib.umich.edu/catalog
library
catalog
href
https://compliancehotline.umich.edu/
compliance
hotline
href
https://childrenoncampus.umich.edu/
children
on
campus
registration
employment
amp
careers
href
https://careers.umich.edu
job
postings
href
https://careernavigator.umjobs.org
career
navigator
faculty
amp
staff
services
href
https://benefits.umich.edu
benefits
href
emergency
alert
sign
up
href
https://hr.umich.edu
human
resources
href
https://accessibility.umich.edu/
it
accessibility
href
https://ltp.umich.edu
logistics
transportation
amp
parking
href
https://facultyombuds.umich.edu/
office
of
the
faculty
ombuds
href
https://staffombuds.umich.edu/
office
of
the
staff
ombuds
href
https://finance.umich.edu/finops/payroll
payroll
href
https://procurement.umich.edu
procurement
services
href
https://socialmedia.umich.edu/
social
media
resources
href
https://healthresponse.umich.edu/
health
response
href
https://record.umich.edu
class
italic
university
record
faculty
amp
staff
news
href
https://wellbeing.umich.edu
well
being
collective
teaching
amp
publication
resources
href
https://ai.umich.edu/
center
for
academic
innovation
href
https://crlt.umich.edu
center
for
research
on
learning
amp
teaching
href
https://ttc.iss.lsa.umich.edu/ttc/
teaching
with
technology
collaborative
href
faculty
handbook
href
https://publishing.umich.edu
michigan
publishing
calendars
href
https://ro.umich.edu/calendars
academic
calendar
href
https://events.umich.edu
events
calendar
href
holiday
schedule
administration
href
https://regents.umich.edu
board
of
regents
href
https://president.umich.edu
office
of
the
president
href
https://provost.umich.edu
office
of
the
provost
input
type
checkbox
id
dropdown
action
1
class
hidden
aria
hidden
true
executive
offices
href
https://bf.umich.edu/
business
and
finance
href
https://vpcomm.umich.edu/
communications
href
https://leadersandbest.umich.edu/
development
href
https://ogc.umich.edu/
general
counsel
href
https://govrel.umich.edu/
government
relations
href
https://it.umich.edu/
information
technology
href
https://evpma.med.umich.edu/
medical
affairs
href
research
href
https://regents.umich.edu/ovp.html
secretary
of
the
university
href
https://studentlife.umich.edu/
student
life
href
https://umdearborn.edu/
university
of
michigan
dearborn
href
https://umflint.edu/
university
of
michigan
flint
href
key
issues
img
src
media
images
sidebar
images
facstaff
mhealthy
jpg
alt
be
at
your
best
discover
how
mhealthy
health
and
wellness
programs
can
add
more
well
being
at
work
be
at
your
best
discover
how
mhealthy
health
and
wellness
programs
can
add
more
well
being
at
work
href
https://mhealthy.umich.edu/
learn
more
about
mhealthy
rsquo
programs
and
services
sharing
our
stories
div
class
background
image
cell
style
background
image
url
includes
image
type
gallery
id
71
name
dil
6
aug
13
slideshow
jpg
width
class
with
students
learning
in
the
elementary
mathematics
laboratory
conducted
by
the
school
of
education
start
footer
of
logo
href
university
of
michigan
href
ann
arbor
href
https://umdearborn.edu/
dearborn
href
https://umflint.edu/
flint
copy
href
http://regents.umich.edu/
the
regents
of
the
university
of
michigan
state
street
ann
arbor
mi
usa
href
about
privacy
privacy
notice
phone
1
href
contact
contact
us
href
https://careers.umich.edu/
careers
href
http://espanol.umich.edu/
lang
es
portal
en
espaol
href
http://news.umich.edu/zh-hans/
lang
zh
hans
href
http://news.umich.edu/pt-br/
lang
pt
br
portugus
href
http://news.umich.edu/hi/
lang
hi
href
https://facebook.com/universityofmichigan
facebook
href
https://twitter.com/umich
twitter
href
https://www.youtube.com/user/um
youtube
href
https://instagram.com/uofmichigan
instagram
href
linkedin
href
title
budget
and
performance
transparency
reporting
img
title
budget
and
performance
transparency
reporting
src
skins
um
media
images
trans
reporting
logo
png
alt
budget
and
performance
transparency
reporting
href
title
campus
safety
information
and
resources
img
title
campus
safety
information
and
resources
src
skins
um
media
images
campussafetylogo
jpg
alt
campus
safety
information
and
resources
end
footer
script
type
text
javascript
src
skins
um
scripts
skin
js
script
type
text
javascript
src
includes
panels
sharing
our
stories
scripts
index
js
script
type
text
javascript
src
includes
panels
infographics
scripts
index
js
script
type
text
javascript
src
apis
umalerts
umalerts
js
function
function
var
contentdocument
contentwindow
document
if
var
createelement
script
innerhtml
window
cf
cv
params
ea
mtcyndy
5
oti
5
ni
4
wmdawmda
var
document
createelement
script
nonce
src
cdn
cgi
challenge
platform
scripts
jsd
main
js
document
getelementsbytagname
head
0
appendchild
getelementsbytagname
head
0
appendchild
if
document
body
var
document
createelement
iframe
height
1
width
1
style
position
absolute
style
top
0
style
left
0
style
border
none
style
visibility
hidden
document
body
appendchild
if
loading
document
readystate
else
if
window
addeventlistener
document
addeventlistener
domcontentloaded
else
var
document
onreadystatechange
function
document
onreadystatechange
function
loading
document
readystate
document
onreadystatechange
