doctype
html
html
lang
en
dir
ltr
prefix
content
http://purl.org/rss/1.0/modules/content/
dc
http://purl.org/dc/terms/
foaf
http://xmlns.com/foaf/0.1/
og
http://ogp.me/ns
rdfs
http://www.w3.org/2000/01/rdf-schema
schema
http://schema.org/
sioc
http://rdfs.org/sioc/ns
sioct
http://rdfs.org/sioc/types
skos
http://www.w3.org/2004/02/skos/core
xsd
http://www.w3.org/2001/XMLSchema
meta
charset
utf
8
body
backtotop
background
5
border
color
5
color
ffffff
body
backtotop
hover
background
border
color
meta
name
description
content
of
students
used
their
spring
break
to
explore
the
history
of
the
civil
rights
movement
and
its
present
day
effects
on
social
justice
meta
name
geo
region
content
us
mn
link
rel
canonical
href
meta
http
equiv
content
language
content
en
meta
property
og
site
name
content
university
of
minnesota
meta
property
og
type
content
news
meta
property
og
url
content
meta
property
og
title
content
for
these
students
the
past
is
urgent
meta
property
og
description
content
of
students
used
their
spring
break
to
explore
the
history
of
the
civil
rights
movement
and
its
present
day
effects
on
social
justice
meta
property
og
image
content
meta
property
og
image
url
content
meta
property
og
image
secure
url
content
meta
property
og
image
type
content
image
jpeg
meta
property
og
image
width
content
meta
property
og
image
height
content
meta
property
og
image
alt
content
the
driveway
of
medgar
evans
featuring
small
one
story
green
and
brick
home
meta
name
twitter
card
content
summary
large
image
meta
name
twitter
description
content
of
students
used
their
spring
break
to
explore
the
history
of
the
civil
rights
movement
and
its
present
day
effects
on
social
justice
meta
name
twitter
title
content
for
these
students
the
past
is
urgent
meta
name
twitter
site
id
content
umnews
meta
name
twitter
creator
content
umnews
meta
name
twitter
url
content
meta
name
twitter
image
content
meta
name
twitter
image
alt
content
the
driveway
of
medgar
evans
featuring
small
one
story
green
and
brick
home
meta
name
twitter
image
height
content
meta
name
twitter
image
width
content
meta
name
google
site
verification
content
3
apd
7
qrcrs
lzz
qmgsunacndwssrmpj
8
kafjg
link
rel
manifest
href
manifest
json
meta
name
theme
color
content
ffffff
meta
name
apple
mobile
web
app
capable
content
yes
meta
name
apple
mobile
web
app
status
bar
style
content
default
meta
name
generator
content
drupal
10
https://www.drupal.org
meta
name
mobileoptimized
content
width
meta
name
handheldfriendly
content
true
meta
name
viewport
content
width
device
width
initial
scale
script
type
application
ld
json
context
https://schema.org
graph
type
article
headline
for
these
students
the
past
is
urgent
name
for
these
students
the
past
is
urgent
description
of
students
used
their
spring
break
to
explore
the
history
of
the
civil
rights
movement
and
its
present
day
effects
on
social
justice
image
type
imageobject
representativeofpage
true
url
sites
twin
cities
umn
edu
files
evers
home
jpg
width
height
datepublished
datemodified
isaccessibleforfree
true
author
id
https://twin-cities.umn.edu/
name
university
of
minnesota
url
https://twin-cities.umn.edu/
logo
type
imageobject
representativeofpage
false
url
sites
twin
cities
umn
edu
files
block
gold
bg
png
width
height
publisher
type
collegeoruniversity
id
https://twin-cities.umn.edu/
name
university
of
minnesota
url
https://twin-cities.umn.edu/
logo
type
imageobject
representativeofpage
false
url
sites
twin
cities
umn
edu
files
block
gold
bg
png
width
height
mainentityofpage
type
collegeoruniversity
id
https://twin-cities.umn.edu/
description
university
of
minnesota
twin
cities
name
university
of
minnesota
twin
cities
sameas
https://www.facebook.com/UofMN
https://twitter.com/umnews
https://instagram.com/umnpics
url
https://twin-cities.umn.edu/
telephone
image
type
imageobject
representativeofpage
false
url
width
height
logo
type
imageobject
representativeofpage
false
url
width
height
type
webpage
id
https://twin-cities.umn.edu/
breadcrumb
type
breadcrumblist
itemlistelement
type
listitem
position
1
name
home
item
https://twin-cities.umn.edu/
type
listitem
position
2
name
news
events
item
https://twin-cities.umn.edu/news-events
type
listitem
position
3
name
for
these
students
the
past
is
urgent
item
type
website
id
https://twin-cities.umn.edu/
name
university
of
minnesota
url
https://twin-cities.umn.edu/
function
if
fbq
return
fbq
function
callmethod
callmethod
apply
arguments
queue
push
arguments
if
fbq
fbq
push
loaded
0
version
queue
createelement
async
0
src
getelementsbytagname
0
parentnode
insertbefore
window
document
script
fbq
init
fbq
track
pageview
img
height
1
width
1
style
display
none
src
https://www.facebook.com/tr
id
ev
pageview
noscript
1
function
if
fbq
return
fbq
function
callmethod
callmethod
apply
arguments
queue
push
arguments
if
fbq
fbq
push
loaded
0
version
queue
createelement
async
0
src
getelementsbytagname
0
parentnode
insertbefore
window
document
script
fbq
init
fbq
track
pageview
img
height
1
width
1
style
display
none
src
https://www.facebook.com/tr
id
ev
pageview
noscript
1
link
rel
apple
touch
icon
sizes
href
link
href
iphone
5
splash
png
media
device
width
px
and
device
height
px
and
webkit
device
pixel
ratio
2
rel
apple
touch
startup
image
link
href
iphone
6
splash
png
media
device
width
px
and
device
height
px
and
webkit
device
pixel
ratio
2
rel
apple
touch
startup
image
link
href
iphoneplus
splash
png
media
device
width
px
and
device
height
px
and
webkit
device
pixel
ratio
3
rel
apple
touch
startup
image
link
href
iphonex
splash
png
media
device
width
px
and
device
height
px
and
webkit
device
pixel
ratio
3
rel
apple
touch
startup
image
link
href
iphonexr
splash
png
media
device
width
px
and
device
height
px
and
webkit
device
pixel
ratio
2
rel
apple
touch
startup
image
link
href
iphonexsmax
splash
png
media
device
width
px
and
device
height
px
and
webkit
device
pixel
ratio
3
rel
apple
touch
startup
image
link
href
ipad
splash
png
media
device
width
px
and
device
height
px
and
webkit
device
pixel
ratio
2
rel
apple
touch
startup
image
link
href
ipadpro
1
splash
png
media
device
width
px
and
device
height
px
and
webkit
device
pixel
ratio
2
rel
apple
touch
startup
image
link
href
ipadpro
2
splash
png
media
device
width
px
and
device
height
px
and
webkit
device
pixel
ratio
2
rel
apple
touch
startup
image
link
href
ipadpro
3
splash
png
media
device
width
px
and
device
height
px
and
webkit
device
pixel
ratio
2
rel
apple
touch
startup
image
link
rel
icon
href
sites
twin
cities
umn
edu
files
favicon
ico
type
image
vnd
microsoft
icon
window
2
config
window
2
config
2
config
callbacks
2
config
overlays
2
config
templates
for
these
students
the
past
is
urgent
university
of
minnesota
link
rel
stylesheet
media
all
href
sites
twin
cities
umn
edu
files
css
css
jkgu
0
uhja
1
fxks
2
bm
5
rfuzonfm
eti
jqwcim
css
delta
0
amp
language
en
amp
theme
homesite
amp
include
ejx
9
uqfuwyam
bant
0
iocqinwqybpp
39
unet
6
zrnqujod
7
axgwlshny
38
atdxdmrgcgvtrmfyg
yxevpsfgmzmbakch
5
touzzhx
7
heodnmiop
57
daxg
38
wj
7
auqfjrxpzympeb
5
nwwfh
4
yt
2
gafzwn
aietmpuzgboswpbqd
64
rvpukxm
3
ixxdrhfzrlt
5
woaapxchqrvvpmwqtmqnjhdtzoeqcqfvmbrnb
71
rqj
xrp
9
ao
pja
6
rdzfpu
dto
0
dj
3
yhf
stcipg
50
ikdfbqnhj
5
qwspnwsm
5
rfpswn
oip
8
gtvggnwfuct
3
vj
bvev
cyal
5
aq
link
rel
stylesheet
media
all
href
fonts
googleapis
com
css
family
open
sans
amp
display
swap
link
rel
stylesheet
media
all
href
stackpath
bootstrapcdn
com
font
awesome
0
css
font
awesome
min
css
link
rel
stylesheet
media
all
href
sites
twin
cities
umn
edu
files
css
css
rbhgv
1
hm
4
qunvgjqgyirtivkbor
7
punrjdecbhalwva
css
delta
3
amp
language
en
amp
theme
homesite
amp
include
ejx
9
uqfuwyam
bant
0
iocqinwqybpp
39
unet
6
zrnqujod
7
axgwlshny
38
atdxdmrgcgvtrmfyg
yxevpsfgmzmbakch
5
touzzhx
7
heodnmiop
57
daxg
38
wj
7
auqfjrxpzympeb
5
nwwfh
4
yt
2
gafzwn
aietmpuzgboswpbqd
64
rvpukxm
3
ixxdrhfzrlt
5
woaapxchqrvvpmwqtmqnjhdtzoeqcqfvmbrnb
71
rqj
xrp
9
ao
pja
6
rdzfpu
dto
0
dj
3
yhf
stcipg
50
ikdfbqnhj
5
qwspnwsm
5
rfpswn
oip
8
gtvggnwfuct
3
vj
bvev
cyal
5
aq
link
rel
stylesheet
media
all
href
cdn
knightlab
com
libs
juxtapose
latest
css
juxtapose
css
link
rel
stylesheet
media
all
href
sites
twin
cities
umn
edu
files
css
css
ycnws
8
txm
7
jxwetegsotznquehf
1
adepfp
24
oitpps
css
delta
5
amp
language
en
amp
theme
homesite
amp
include
ejx
9
uqfuwyam
bant
0
iocqinwqybpp
39
unet
6
zrnqujod
7
axgwlshny
38
atdxdmrgcgvtrmfyg
yxevpsfgmzmbakch
5
touzzhx
7
heodnmiop
57
daxg
38
wj
7
auqfjrxpzympeb
5
nwwfh
4
yt
2
gafzwn
aietmpuzgboswpbqd
64
rvpukxm
3
ixxdrhfzrlt
5
woaapxchqrvvpmwqtmqnjhdtzoeqcqfvmbrnb
71
rqj
xrp
9
ao
pja
6
rdzfpu
dto
0
dj
3
yhf
stcipg
50
ikdfbqnhj
5
qwspnwsm
5
rfpswn
oip
8
gtvggnwfuct
3
vj
bvev
cyal
5
aq
script
src
use
fontawesome
com
releases
2
js
all
js
defer
crossorigin
anonymous
integrity
sha
nhxszw
9
pdeovg
8
bk
3
souxxtzormr
4
ncl
ogurt
6
kqgjavjaj
4
lfhjd
8
qxtol
script
src
use
fontawesome
com
releases
2
js
4
shims
js
defer
crossorigin
anonymous
integrity
sha
qx
63
xmht
9
mnrp
09
qomevrrxzomnz
1
cka
07
kyef
8
nq
qc
fndzroxdpmzplvjed
meta
name
facebook
domain
verification
content
kqxysnt
58
xt
32
fecchq
pdprr
94
skip
to
main
content
iframe
src
https://www.googletagmanager.com/ns.html
id
gtm
mmsdvqv
height
0
width
0
style
display
none
visibility
hidden
class
wordmark
anchor
href
title
wordmark
of
the
university
of
minnesota
twin
cities
alt
link
to
front
page
block
wordmark
of
the
university
of
minnesota
twin
cities
svg
class
block
svg
exp
xmlns
http://www.w3.org/2000/svg
viewbox
path
class
block
svg
path
fill
ffcd
33
1
1
zm
0
zm
91
0
32
zm
0
1
zm
0
7
basic
text
href
news
events
class
news
events
fake
1
news
and
events
basic
text
utility
menu
href
https://myu.umn.edu
title
myu
class
utility
menu
menu
link
myu
href
https://onestop.umn.edu
class
utility
menu
menu
link
one
stop
href
class
utility
menu
menu
link
jobs
svg
class
header
toggles
icon
svg
search
xmlns
http://www.w3.org/2000/svg
viewbox
path
zm
svg
class
header
toggles
icon
svg
close
xmlns
http://www.w3.org/2000/svg
viewbox
path
45
search
svg
class
header
toggles
icon
svg
menu
xmlns
http://www.w3.org/2000/svg
viewbox
path
zm
16
16
zm
16
16
svg
class
header
toggles
icon
svg
close
xmlns
http://www.w3.org/2000/svg
viewbox
path
45
menu
basic
text
svg
class
header
toggles
icon
svg
search
xmlns
http://www.w3.org/2000/svg
viewbox
path
zm
svg
class
header
toggles
icon
svg
close
xmlns
http://www.w3.org/2000/svg
viewbox
path
45
search
svg
class
header
toggles
icon
svg
menu
xmlns
http://www.w3.org/2000/svg
viewbox
path
zm
16
16
zm
16
16
svg
class
header
toggles
icon
svg
close
xmlns
http://www.w3.org/2000/svg
viewbox
path
45
menu
basic
text
close
search
area
svg
class
header
toggles
icon
svg
close
xmlns
http://www.w3.org/2000/svg
viewbox
path
45
basic
text
form
class
search
form
form
id
search
form
name
gs
role
search
action
https://usearch.umn.edu/
may
not
need
this
label
wave
is
flagging
it
as
an
orphaned
label
search
the
university
of
minnesota
twin
cities
campus
search
input
text
area
search
svg
class
search
form
button
icon
xmlns
http://www.w3.org/2000/svg
viewbox
path
zm
basic
text
common
search
terms
href
https://housing.umn.edu/
class
common
search
terms
menu
link
housing
href
https://lib.umn.edu/
class
common
search
terms
menu
link
libraries
href
https://bookstores.umn.edu/
class
common
search
terms
menu
link
bookstore
href
class
common
search
terms
menu
link
tuition
cost
href
https://onestop.umn.edu/dates-and-deadlines
class
common
search
terms
menu
link
academic
calendar
news
section
menu
href
news
events
class
news
menu
menu
link
data
drupal
link
system
path
node
topics
href
news
events
story
archive
class
news
menu
menu
link
data
drupal
link
system
path
node
story
archive
href
news
events
for
journalists
class
news
menu
menu
link
data
drupal
link
system
path
node
for
journalists
href
https://events.tc.umn.edu/
class
news
menu
menu
link
events
task
list
href
https://myu.umn.edu
class
task
list
menu
link
myu
href
https://onestop.umn.edu/
class
task
list
menu
link
one
stop
href
class
task
list
menu
link
jobs
href
news
events
class
sf
depth
1
menuparent
aria
haspopup
true
aria
expanded
false
topics
href
news
events
topic
agriculture
environment
class
sf
depth
2
agriculture
amp
environment
href
news
events
topic
architecture
design
class
sf
depth
2
architecture
amp
design
href
news
events
topic
arts
humanities
class
sf
depth
2
arts
amp
humanities
href
news
events
topic
business
management
class
sf
depth
2
business
amp
management
href
news
events
topic
campus
affairs
class
sf
depth
2
campus
affairs
href
news
events
topic
education
class
sf
depth
2
education
href
news
events
topic
health
class
sf
depth
2
health
href
news
events
topic
law
policy
class
sf
depth
2
law
amp
policy
href
news
events
topic
science
technology
class
sf
depth
2
science
amp
technology
href
news
events
topic
social
sciences
class
sf
depth
2
social
sciences
href
news
events
topic
sports
recreation
class
sf
depth
2
sports
amp
recreation
href
news
events
story
archive
class
sf
depth
1
story
archive
href
news
events
for
journalists
class
sf
depth
1
for
journalists
href
https://events.tc.umn.edu/
class
sf
depth
1
sf
external
events
breadcrumb
href
home
href
news
events
news
amp
events
for
these
students
the
past
is
urgent
article
about
news
events
these
students
past
urgent
class
node
node
news
node
view
mode
full
news
type
feature
equity
and
diversity
arts
and
humanities
data
news
article
topic
arts
and
humanities
data
news
article
type
feature
data
news
article
feature
level
feature
level
2
class
news
type
href
news
events
story
archive
type
feature
for
these
students
the
past
is
urgent
may
15
img
loading
lazy
itemprop
image
src
sites
twin
cities
umn
edu
files
evers
home
jpg
width
height
alt
the
driveway
of
medgar
evans
featuring
small
one
story
green
and
brick
home
loading
lazy
typeof
foaf
image
the
home
of
civil
rights
activists
medgar
and
myrlie
evans
now
national
monument
photo
by
alec
zadra
students
in
the
of
ms
college
of
liberal
arts
enrolled
in
the
mlk
civil
rights
research
and
social
justice
experience
immersion
course
recently
traveled
to
the
southern
during
spring
break
to
deepen
their
understanding
of
the
civil
rights
movement
and
its
social
economic
and
political
impactseffects
which
still
reverberate
throughout
society
the
students
visited
museums
and
historical
sites
in
six
cities
over
six
days
that
were
foundational
to
the
civil
rights
movement
and
in
many
cases
students
were
able
to
hear
and
see
firsthand
accounts
from
survivors
of
some
of
those
events
as
well
as
past
and
present
day
civil
rights
leaders
meeting
people
who
have
actually
lived
these
experiences
thats
not
just
something
you
can
know
says
first
year
student
zacharius
khan
have
lot
more
to
learn
thats
why
coming
on
this
trip
was
important
mlk
instructor
ezra
hyland
says
that
the
courses
theme
of
the
past
is
now
is
appropriate
history
is
not
the
past
history
is
current
event
says
hyland
this
has
been
wonderful
opportunity
for
us
to
see
how
we
got
here
its
something
think
that
everyone
in
america
should
try
and
do
the
course
is
offered
through
the
href
of
ms
mlk
program
which
provides
educational
experiences
that
foster
students
engagement
with
issues
of
power
privilege
and
social
justice
two
hubbard
school
of
journalism
students
first
year
student
alec
zadra
and
junior
calli
hadler
reported
on
the
trip
from
start
to
finish
with
hadler
detailing
the
students
activities
through
video
and
zadra
through
text
as
they
traveled
to
sites
in
memphis
tn
selma
birmingham
and
montgomery
al
and
jackson
and
philadelphia
ms
much
of
this
story
is
drawn
from
their
experiences
documented
in
this
href
series
for
the
college
of
liberal
arts
in
memphis
the
students
visited
the
national
civil
rights
museum
built
around
the
site
of
martin
luther
king
jr
assassination
at
the
lorraine
motel
as
well
as
the
am
man
plaza
where
in
nearly
sanitation
workers
marched
twice
daily
to
city
hall
fighting
for
equal
pay
and
better
working
conditions
img
loading
lazy
itemprop
image
src
sites
twin
cities
umn
edu
files
am
man
plaza
jpg
width
height
alt
mlk
students
at
am
man
plaza
in
memphis
photo
by
alec
zadra
typeof
foaf
image
mlk
students
at
am
man
plaza
in
memphis
in
selma
the
students
learned
about
the
selma
to
montgomery
marcha
watershed
moment
in
the
fight
for
black
americans
voting
rightsand
took
tour
of
the
city
with
joanne
bland
co
founder
and
former
director
of
the
national
voting
rights
museum
who
had
been
arrested
13
times
by
the
time
she
was
11
for
participating
in
civil
rights
protests
just
think
its
super
important
to
immerse
ourselves
into
the
space
that
were
learning
about
says
first
year
student
issac
wahl
learning
about
something
from
book
or
lecture
is
helpful
but
only
to
certain
extent
betty
mae
fikes
singer
and
activist
known
as
the
voice
of
selma
later
joined
the
class
and
along
with
bland
led
the
students
to
live
oak
cemetery
where
they
viewed
monument
for
nathan
bedford
forrest
confederate
general
slave
trader
and
the
first
ku
klux
klan
grand
wizard
with
plaque
that
reads
defender
of
selma
wizard
of
the
saddle
untutored
genius
the
first
with
the
most
students
also
visited
the
16
th
street
baptist
church
in
birmingham
the
site
of
klan
bombing
that
killed
four
children
later
hearing
from
sarah
collins
rudolph
the
lone
survivor
of
the
bombing
whose
sister
addie
mae
collins
was
killed
september
15
th
is
day
will
never
forget
collins
rudolph
told
the
students
evan
johnson
senior
advisor
with
the
mlk
program
says
the
trips
purpose
is
for
students
to
have
the
opportunity
to
learn
about
the
connection
between
past
and
present
the
past
is
very
alive
and
present
and
connected
with
us
today
says
johnson
and
until
you
understand
it
history
you
cant
be
released
from
it
nor
be
informed
on
how
you
want
to
change
it
students
even
heard
directly
from
university
of
minnesota
graduate
horace
huntley
one
of
the
leaders
of
the
href
takeover
of
the
of
administration
building
that
protest
eventually
led
to
the
creation
of
the
universitys
href
https://cla.umn.edu/aaas
department
of
african
american
and
african
studies
and
the
mlk
programthe
very
program
that
brought
the
students
on
their
journey
today
students
interested
in
taking
the
mlk
immersive
experience
course
in
future
year
can
email
href
cdn
cgi
email
protection
81
ecedeae
2
eac
ecefafe
4
email
protected
class
emphasis
href
see
the
full
series
by
alec
zadra
and
calli
hadler
at
the
college
of
liberal
arts
categories
href
news
events
topic
arts
humanities
hreflang
en
arts
and
humanities
href
taxonomy
term
hreflang
en
equity
and
diversity
share
this
story
href
https://twitter.com/intent/tweet
text
20
of
20
20
students
20
used
20
their
20
spring
20
break
20
to
20
explore
20
the
20
history
20
of
20
the
20
civil
20
rights
20
movement
20
and
20
its
20
present
day
20
effects
20
on
20
social
20
justice
20
https
3
2
2
ftwin
cities
umn
edu
2
fnews
events
2
fthese
students
past
urgent
class
social
sharing
link
aria
label
twitter
link
to
share
current
story
on
twitter
svg
class
social
sharing
icon
tw
xmlns
http://www.w3.org/2000/svg
viewbox
aria
hidden
true
focusable
false
path
zm
8
4
href
https://www.facebook.com/sharer/sharer.php
class
social
sharing
link
aria
label
facebook
link
to
share
current
story
on
facebook
svg
class
social
sharing
icon
fb
xmlns
http://www.w3.org/2000/svg
viewbox
aria
hidden
true
focusable
false
path
48
7
48
href
cdn
cgi
email
protection
3
fcb
7
fe
85
acb
7
aba
6
adb
aba
3
aab
adb
2
aeb
1
aca
7
bafe
aca
ee
adb
7
aba
6
aab
1
aaada
7
ace
bbb
3
afacb
aba
abaab
acb
1
bae
3
aca
7
aba
0
aab
5
aaafe
aaa
4
abb
3
aeacb
aea
6
adb
2
ada
aab
adb
7
eea
bae
3
acade
aca
0
aaa
2
afe
7
aaa
ede
abb
9
ececb
aaadeea
0
aab
7
aaa
edb
6
aeadeda
6
ecada
0
eea
6
adb
ecb
7
aba
6
eeb
6
adb
eeb
eeb
adb
7
class
social
sharing
link
aria
label
email
link
to
share
current
story
via
email
svg
class
social
sharing
icon
em
xmlns
http://www.w3.org/2000/svg
viewbox
aria
hidden
true
focusable
false
path
zm
zm
88
more
stories
in
href
news
events
topic
arts
humanities
hreflang
en
arts
and
humanities
article
about
news
events
umn
smsc
indigenous
education
for
all
class
node
node
news
news
teaser
culture
and
diversity
arts
and
humanities
campus
affairs
data
news
article
topic
arts
and
humanities
data
news
article
type
news
release
data
news
article
feature
level
class
news
teaser
main
image
href
news
events
umn
smsc
indigenous
education
for
all
source
srcset
sites
twin
cities
umn
edu
files
styles
mobile
public
jpg
itok
nl
3
jjx
1
media
screen
and
min
width
px
type
image
jpeg
width
height
source
srcset
sites
twin
cities
umn
edu
files
styles
small
mobile
px
public
jpg
itok
7
oe
1
type
image
jpeg
width
height
img
loading
lazy
itemprop
image
loading
eager
src
sites
twin
cities
umn
edu
files
styles
crop
to
px
public
jpg
itok
ek
width
height
alt
student
studying
outside
with
laptop
typeof
foaf
image
news
release
href
news
events
umn
smsc
indigenous
education
for
all
rel
bookmark
university
of
minnesota
and
shakopee
mdewakanton
sioux
community
collaborate
to
develop
free
indigenous
education
for
all
online
course
this
new
course
expected
to
launch
in
mid
aims
to
increase
awareness
and
knowledge
of
tribal
nations
in
minnesota
their
history
and
traditions
and
contemporary
tribal
life
and
governance
article
about
news
events
best
books
give
holidays
class
node
node
news
news
teaser
arts
and
humanities
data
news
article
topic
arts
and
humanities
data
news
article
type
expert
alert
data
news
article
feature
level
class
news
teaser
main
image
href
news
events
best
books
give
holidays
source
srcset
sites
twin
cities
umn
edu
files
styles
mobile
public
unews
20
image
20
templates
copy
jpg
itok
4
drjmkpa
1
media
screen
and
min
width
px
type
image
jpeg
width
height
source
srcset
sites
twin
cities
umn
edu
files
styles
small
mobile
px
public
unews
20
image
20
templates
copy
jpg
itok
4
szd
1
type
image
jpeg
width
height
img
loading
lazy
itemprop
image
loading
eager
src
sites
twin
cities
umn
edu
files
styles
crop
to
px
public
unews
20
image
20
templates
copy
jpg
itok
9
rpw
7
aog
width
height
alt
three
childrens
books
on
wooden
table
the
books
are
we
are
branches
from
and
paul
bunyan
the
invention
of
an
american
legend
typeof
foaf
image
expert
alert
href
news
events
best
books
give
holidays
rel
bookmark
best
books
to
give
for
the
holidays
in
if
you
plan
to
follow
the
four
gift
rule
this
holiday
season
something
they
want
something
they
need
something
to
wear
and
something
to
read
experts
from
the
university
of
minnesota
libraries
recommend
choosing
books
from
wide
range
of
new
releases
nbsp
nbsp
editor
picks
article
about
news
events
technicolor
world
life
after
glaciers
class
node
node
news
news
teaser
climate
change
science
and
technology
data
news
article
topic
science
and
technology
data
news
article
type
feature
data
news
article
feature
level
feature
level
2
class
news
teaser
main
image
href
news
events
technicolor
world
life
after
glaciers
source
srcset
sites
twin
cities
umn
edu
files
styles
mobile
public
marianacardenas
cayambe
volcano
ecuador
0
jpg
itok
0
fadm
1
media
screen
and
min
width
px
type
image
jpeg
width
height
source
srcset
sites
twin
cities
umn
edu
files
styles
small
mobile
px
public
marianacardenas
cayambe
volcano
ecuador
0
jpg
itok
qsozfb
6
1
type
image
jpeg
width
height
img
loading
lazy
itemprop
image
loading
eager
src
sites
twin
cities
umn
edu
files
styles
crop
to
px
public
marianacardenas
cayambe
volcano
ecuador
0
jpg
itok
cry
65
mx
8
width
height
alt
mariana
cardenas
against
gray
andes
landscape
typeof
foaf
image
feature
href
news
events
technicolor
world
life
after
glaciers
rel
bookmark
the
technicolor
world
of
life
after
glaciers
as
the
andean
glaciers
retreat
mariana
cardenas
studies
how
lichens
pave
the
way
for
new
ecosystems
article
about
news
events
changing
minds
about
substance
use
class
node
node
news
news
teaser
health
conditions
health
data
news
article
topic
health
data
news
article
type
feature
data
news
article
feature
level
feature
level
2
class
news
teaser
main
image
href
news
events
changing
minds
about
substance
use
source
srcset
sites
twin
cities
umn
edu
files
styles
mobile
public
madelyn
blake
jpg
itok
wggpchif
1
media
screen
and
min
width
px
type
image
jpeg
width
height
source
srcset
sites
twin
cities
umn
edu
files
styles
small
mobile
px
public
madelyn
blake
jpg
itok
ihusqeng
1
type
image
jpeg
width
height
img
loading
lazy
itemprop
image
loading
eager
src
sites
twin
cities
umn
edu
files
styles
crop
to
px
public
madelyn
blake
jpg
itok
5
nwhxnmy
width
height
alt
madelyn
blake
in
black
typeof
foaf
image
feature
href
news
events
changing
minds
about
substance
use
rel
bookmark
changing
minds
about
substance
use
new
graduate
helped
launch
nonprofit
to
educate
high
school
students
about
addiction
article
about
news
events
twelve
great
things
do
fair
class
node
node
news
news
teaser
campus
affairs
data
news
article
topic
campus
affairs
data
news
article
type
feature
data
news
article
feature
level
feature
level
2
class
news
teaser
main
image
href
news
events
twelve
great
things
do
fair
source
srcset
sites
twin
cities
umn
edu
files
styles
mobile
public
statefair
png
itok
nchoy
6
cp
1
media
screen
and
min
width
px
type
image
png
width
height
source
srcset
sites
twin
cities
umn
edu
files
styles
small
mobile
px
public
statefair
png
itok
wasdwnhj
1
type
image
png
width
height
img
loading
lazy
itemprop
image
loading
eager
src
sites
twin
cities
umn
edu
files
styles
crop
to
px
public
statefair
png
itok
zeekaow
2
width
height
alt
of
alumni
marching
band
at
the
state
fair
typeof
foaf
image
feature
href
news
events
twelve
great
things
do
fair
rel
bookmark
twelve
great
of
things
to
do
at
the
fair
the
university
of
minnesota
is
mainstay
at
the
minnesota
state
fair
here
are
dozen
attractions
that
highlight
the
us
countless
contributions
to
the
state
article
about
news
events
making
most
pseo
class
node
node
news
news
teaser
finance
business
and
management
data
news
article
topic
business
and
management
data
news
article
type
feature
data
news
article
feature
level
feature
level
2
class
news
teaser
main
image
href
news
events
making
most
pseo
source
srcset
sites
twin
cities
umn
edu
files
styles
mobile
public
yinebeb
kebede
png
itok
4
ignbo
1
media
screen
and
min
width
px
type
image
png
width
height
source
srcset
sites
twin
cities
umn
edu
files
styles
small
mobile
px
public
yinebeb
kebede
png
itok
etrnnvyp
1
type
image
png
width
height
img
loading
lazy
itemprop
image
loading
eager
src
sites
twin
cities
umn
edu
files
styles
crop
to
px
public
yinebeb
kebede
png
itok
xjokljxg
width
height
alt
yinebeb
kebede
stands
in
the
carlson
school
atrium
typeof
foaf
image
feature
href
news
events
making
most
pseo
rel
bookmark
making
the
most
of
pseo
because
of
the
college
credits
he
earned
in
high
school
through
the
post
secondary
enrollment
options
pseo
program
senior
yinebeb
kebede
is
pursuing
four
majors
and
maintaining
manageable
credit
load
each
semester
class
homesite
btn
href
news
events
story
archive
see
all
stories
svg
xmlns
http://www.w3.org/2000/svg
class
system
campus
map
footer
mn
campus
map
id
footer
map
data
name
footer
map
viewbox
defs
path
class
footer
map
mn
1
35
23
37
57
49
24
8
43
52
17
79
8
14
1
58
62
19
48
15
1
37
56
09
5
68
58
37
76
69
23
11
44
5
1
07
6
13
13
77
17
78
41
8
43
47
47
14
75
36
8
77
61
2
94
47
5
19
83
34
78
81
7
71
33
22
56
58
19
09
48
1
48
34
9
0
1
33
16
38
92
16
2
36
11
5
61
08
75
34
44
9
35
51
5
44
49
48
13
17
1
6
2
0
51
94
76
44
14
66
0
23
2
59
79
77
5
13
8
8
52
42
91
69
0
43
1
77
2
58
41
2
1
6
34
52
1
51
17
64
09
68
3
92
65
2
34
58
64
86
47
1
0
1
7
26
44
52
32
67
18
51
37
19
92
55
24
72
21
83
68
92
36
43
11
68
15
29
0
91
19
4
73
5
12
59
52
25
43
5
29
0
63
01
89
transform
translate
15
fill
fec
class
footer
map
crookston
xlink
href
https://crk.umn.edu
href
https://crk.umn.edu
title
university
of
minnesota
crookston
umn
crookston
circle
cx
cy
class
footer
map
morris
href
https://www4.morris.umn.edu
xlink
href
https://www4.morris.umn.edu
title
university
of
minnesota
morris
umn
morris
circle
cx
cy
class
footer
map
duluth
href
https://d.umn.edu
xlink
href
https://d.umn.edu
title
university
of
minnesota
duluth
umn
duluth
circle
cx
cy
href
https://twin-cities.umn.edu
xlink
href
https://twin-cities.umn.edu
class
footer
map
tc
title
university
of
minnesota
twin
cities
umn
twin
cities
circle
cx
cy
xlink
href
https://r.umn.edu
href
https://r.umn.edu
class
footer
map
rochester
title
university
of
minnesota
rochester
umn
rochester
circle
cx
cy
system
campuses
href
https://system.umn.edu
class
campus
list
link
system
website
href
https://www.crk.umn.edu/
class
campus
list
link
crookston
href
https://www.d.umn.edu/
class
campus
list
link
duluth
href
https://morris.umn.edu/
class
campus
list
link
morris
href
https://r.umn.edu/
class
campus
list
link
rochester
href
https://twin-cities.umn.edu
class
campus
list
link
twin
cities
basic
text
for
journalists
href
news
events
expert
search
class
for
journalists
menu
link
data
drupal
link
system
path
node
find
an
expert
href
news
events
for
journalists
class
for
journalists
menu
link
data
drupal
link
system
path
node
for
journalists
href
news
events
guidelines
journalists
class
for
journalists
menu
link
data
drupal
link
system
path
node
guidelines
for
journalists
href
news
events
meet
twin
cities
public
relations
team
class
for
journalists
menu
link
data
drupal
link
system
path
node
meet
the
pr
team
contact
class
news
contact
email
href
cdn
cgi
email
protection
email
protected
basic
text
all
that
we
do
we
do
for
you
class
btn
bg
maroon
btn
dearmn
href
https://system.umn.edu/dearmn
dear
minnesota
campaign
basic
text
connect
with
us
class
social
menu
link
fb
href
https://www.facebook.com/UofMN
link
to
of
facebook
page
class
social
menu
link
in
href
https://www.instagram.com/umntwincities
link
to
of
instagram
page
class
social
menu
link
li
href
link
to
of
linkedin
page
class
social
menu
link
tiktok
href
https://www.tiktok.com/
umntwincities
link
to
of
tiktok
account
class
social
menu
link
tw
href
https://twitter.com/umnews
link
to
of
twitter
page
class
social
menu
link
yt
href
link
to
of
youtube
page
basic
text
class
wordmark
anchor
href
title
wordmark
of
the
university
of
minnesota
twin
cities
alt
link
to
front
page
mobile
wordmark
wordmark
of
the
university
of
minnesota
twin
cities
svg
class
wordmark
mobile
xmlns
http://www.w3.org/2000/svg
data
name
wordmark
mobile
viewbox
path
class
wordmark
system
block
1
1
1
1
91
1
54
7
1
zm
0
57
9
0
0
0
85
59
31
zm
1
1
1
0
0
0
13
22
36
36
31
12
11
74
4
zm
49
1
1
1
1
1
48
1
zm
0
path
class
wordmark
system
umn
42
76
47
zm
11
zm
76
zm
71
1
1
0
82
52
81
zm
zm
14
76
44
88
76
0
16
71
8
77
zm
78
1
71
07
87
94
zm
15
94
43
7
42
19
7
77
zm
15
94
43
7
7
77
zm
78
5
86
5
zm
76
77
73
77
zm
11
zm
76
zm
77
77
88
77
0
16
72
zm
46
72
76
23
72
46
zm
51
77
76
9
3
09
39
77
0
1
0
16
69
03
58
27
zm
77
6
1
71
07
87
3
94
zm
77
77
55
3
zm
14
77
44
88
77
0
16
71
8
77
51
zm
49
52
77
6
zm
32
zm
76
77
73
zm
77
77
6
21
77
6
1
06
zm
78
91
64
zm
15
94
43
7
19
7
77
full
wordmark
svg
class
wordmark
system
left
aligned
xmlns
http://www.w3.org/2000/svg
viewbox
38
path
class
wordmark
system
2
4
zm
2
zm
1
2
zm
8
zm
zm
6
59
zm
38
zm
zm
0
9
zm
0
1
0
9
7
zm
2
zm
7
zm
4
zm
zm
zm
zm
8
1
5
5
8
6
0
zm
6
6
2
zm
zm
0
zm
2
zm
2
9
2
zm
zm
3
1
2
path
class
wordmark
system
umn
5
8
8
4
9
3
5
2
zm
3
zm
zm
1
9
2
4
1
2
5
9
3
9
7
4
2
6
1
0
4
8
2
4
zm
3
zm
8
2
8
6
5
0
7
4
4
9
3
9
8
3
1
zm
3
2
8
2
7
5
1
1
7
7
2
8
5
6
4
1
zm
4
1
4
0
8
5
5
4
4
5
zm
4
1
2
8
5
5
4
4
zm
5
4
5
7
6
5
5
6
zm
9
3
4
5
zm
7
zm
zm
5
9
3
5
6
5
5
0
4
5
zm
4
8
1
5
0
9
3
4
5
4
8
zm
5
1
6
1
0
5
3
1
2
7
1
3
6
5
4
2
1
5
5
zm
3
2
8
1
1
8
7
5
1
1
7
7
2
8
5
6
4
1
zm
9
3
4
5
5
zm
8
2
8
6
5
7
4
9
3
9
8
zm
2
7
5
9
3
2
5
2
4
5
zm
3
zm
9
3
4
5
zm
0
1
8
1
4
1
1
4
4
5
1
5
zm
5
zm
5
1
2
8
5
4
5
href
https://www.crk.umn.edu/
class
campus
menu
link
campus
crookston
crookston
href
https://www.d.umn.edu/
class
campus
menu
link
campus
duluth
duluth
href
https://morris.umn.edu/
class
campus
menu
link
campus
morris
morris
href
https://r.umn.edu/
class
campus
menu
link
campus
rochester
rochester
href
class
campus
menu
link
campus
tc
campus
highlight
twin
cities
basic
text
script
data
cfasync
false
src
cdn
cgi
scripts
dd
cloudflare
static
email
decode
min
js
document
write
new
date
getfullyear
regents
of
the
university
of
minnesota
all
rights
reserved
the
university
of
minnesota
is
an
equal
opportunity
educator
and
employer
href
node
class
privacy
statement
link
privacy
statement
href
ref
url
https://twin-cities.umn.edu/content/home
class
privacy
statement
link
report
web
disability
related
issue
basic
text
class
footer
feedback
href
https://umn.qualtrics.com/SE/
sid
sv
6
fgtbwzdtu
4
lhxj
page
for
these
students
the
past
is
urgent
website
feedback
script
type
application
json
data
drupal
selector
drupal
settings
json
path
baseurl
pathprefix
currentpath
node
currentpathisadmin
false
isfront
false
currentlanguage
en
pluraldelimiter
suppressdeprecationerrors
true
gtm
tagid
null
settings
data
layer
datalayer
include
classes
false
allowlist
classes
blocklist
classes
include
environment
false
environment
id
environment
token
tagids
gtm
mmsdvqv
gtag
tagid
consentmode
false
otherids
events
additionalconfiginfo
ajaxpagestate
libraries
ejx
9
uqtuwyamvranr
0
iocqirwqyb
qov
6
mbjjyhofy
6
whlisy
5
kufo
5
jwylnndp
7
slmcp
9
gw
7
nturyowzk
6
ejnpqxdgrgj
ppgcu
5
jlskd
7
ioj
2
pkcxrvtzwphylpgk
4
wttvugonnc
4
en
yratccybcgwabbjln
5
gay
7
vyjlbmcbr
nyaqai
3
fj
4
oif
4
bjqjxinm
8
nqzdnln
4
yiivpnwiwdxsip
18
la
0
cjalgxvmhj
26
zvwm
pnzpscty
1
ymyfyg
zr
1
yhvqqrvvikmi
1
crtgnjxu
0
lwx
37
ym
9
nj
2
nde
6
pr
4
ayrfhurlpa
theme
homesite
theme
token
null
ajaxtrustedurl
back
to
top
back
to
top
button
trigger
back
to
top
prevent
on
mobile
true
back
to
top
prevent
in
admin
false
back
to
top
button
type
text
back
to
top
button
text
back
to
top
pwa
service
worker
cache
version
0
beta
2
1
installpath
service
worker
data
scope
superfish
superfish
news
menu
id
superfish
news
menu
sf
animation
opacity
show
height
show
speed
fast
dropshadows
false
plugins
touchscreen
behaviour
1
mode
always
active
smallscreen
mode
window
width
title
news
section
menu
supposition
true
supersubs
true
ajax
user
uid
0
permissionshash
5
fc
bbd
fcffdfa
06
dd
ebb
bb
da
script
src
sites
twin
cities
umn
edu
files
js
optimized
js
dxivcwvq
00
owlgougptfryxu
5
rnj
8
xi
0
cxfb
3
kn
58
jqt
3
sqfawrcv
bihpthkbvs
0
oevtffmqpf
lyi
cxo
js
1
script
src
sites
twin
cities
umn
edu
files
js
optimized
js
0
io
3
no
0
csyhgjmryebhwpkh
5
zx
dhvawbt
4
ufwya
hrn
4
fplp
kdvbjquv
0
fegthdkwrmza
2
zbldv
1
jy
js
1
script
src
sites
twin
cities
umn
edu
files
js
optimized
js
hpe
5
jrmukxrv
4
hstmapxjsnbxraagchurtjxkwwkqy
oqqd
idevojmcfaqtgs
4
scq
gaqcikr
js
7
script
src
sites
twin
cities
umn
edu
files
js
optimized
js
1
orq
kjlxbzaeklotpue
0
rs
94
hj
3
gsqxkikc
lnsctcfrblythm
5
cd
96
fiidykhzyrbif
4
cboucr
5
fxc
js
7
script
src
sites
twin
cities
umn
edu
files
js
optimized
js
krjtvzl
6
uujb
23
sf
6
dqocbqg
ej
ru
9
bgsg
kjk
12
bmqygwzhtltsh
40
oafzj
1
jsdd
0
rpt
9
uk
js
7
script
src
sites
twin
cities
umn
edu
files
js
optimized
js
mjv
4
qhov
eqeypzwvwqhcmokp
3
cu
36
uhh
9
trnxfy
cjf
84
dv
0
pjh
3
kpaqgwzs
njs
45
qpbxavepb
7
uaw
uh
8
js
7
script
src
sites
twin
cities
umn
edu
files
js
optimized
js
wmhavmnc
xz
9
vlx
51
qtrqft
74
puvzximwnnuypbm
hmklreeyciv
9
gnfhxv
81
wuxqmj
cjeqgyjrzlxrtw
js
0
script
src
static
addtoany
com
menu
page
js
async
script
src
sites
twin
cities
umn
edu
files
js
optimized
js
yklxvkp
5
rvcarvrf
36
wqkum
3
dkr
3
rl
1
qumystw
ikup
2
su
4
ibyhfahx
4
rmmy
3
bfadu
rdntq
5
xxsrcx
2
js
7
script
src
sites
twin
cities
umn
edu
files
js
optimized
js
ipoi
2
elc
eqvsphdmitrofl
dttzkyje
1
olvfj
8
cm
1
qsoecohgiwjouz
8
awl
4
gdoct
9
pvthtpbttqc
4
orweo
js
7
script
src
sites
twin
cities
umn
edu
files
js
optimized
js
yukbifzarwbwwtsedwvfh
43
pxffutzkzlwajd
9
sy
1
ye
sddct
7
elhwr
pbdqr
4
klo
3
if
rprimlrs
7
eg
js
7
script
src
use
fontawesome
com
releases
2
js
all
js
script
src
sites
twin
cities
umn
edu
files
js
optimized
js
prlh
7
lw
4
ajcwqmsbrndhnilvq
uzdqu
3
vezhm
hxdswjtetar
8
pa
4
rlmt
4
hzjpoxx
2
sqjlmtwd
ov
7
js
7
script
src
sites
twin
cities
umn
edu
files
js
optimized
js
lwyke
47
qw
amibwnnasiaxp
32
bauvr
70
yofgkss
mpqykw
4
ke
27
ebwtsspfoafur
6
hbkpwgtf
vcnvn
0
ed
4
js
7
script
src
sites
twin
cities
umn
edu
files
js
optimized
js
wdpftkw
4
ciapaanfzaqu
9
az
uwdz
4
sjf
7
pohbmcok
4
jh
78
xenptk
65
eskgingltlvy
3
cx
1
ld
uylkfny
js
7
script
src
cdn
knightlab
com
libs
juxtapose
latest
js
juxtapose
min
js
script
src
cdnjs
cloudflare
com
ajax
libs
gsap
3
tweenmax
min
js
script
src
unpkg
com
imagesloaded
0
imagesloaded
pkgd
min
js
script
src
cdnjs
cloudflare
com
ajax
libs
gsap
3
plugins
textplugin
min
js
script
src
cdnjs
cloudflare
com
ajax
libs
waypoints
5
waypoints
min
js
script
src
modules
contrib
google
tag
js
gtm
js
shhslp
script
src
modules
contrib
google
tag
js
gtag
js
shhslp
script
src
sites
twin
cities
umn
edu
files
js
optimized
js
5
lyegtuyzfbknt
sxbvgy
6
woebhn
68
zcragr
5
wijc
pydd
31
qeavwnz
7
zmvfzer
7
rdslytsa
96
bj
0
rpa
js
7
script
src
sites
twin
cities
umn
edu
files
js
optimized
js
1
wovutyaotc
9
db
19
bvtyerq
3
zrwbax
8
iy
9
2
qom
nnbqb
3
vfud
32
jsfc
12
wcjrwacycbaxfkslo
jtkcvzo
js
0
script
src
sites
twin
cities
umn
edu
files
js
optimized
js
ezwjb
8
qjkn
2
widyxtft
5
dfoo
fgzxig
9
saik
5
psoh
1
vyjs
66
hsw
yknanaakoqz
0
lw
4
gurnmvpngmcs
js
7
script
src
sites
twin
cities
umn
edu
files
js
optimized
js
8
podnjjosxkvo
rve
4
79
me
43
bocp
5
ohhwf
87
koc
6
ocrm
1
dahj
iejv
6
edahv
3
qln
1
zkjiky
1
bhauqinm
js
7
script
src
sites
twin
cities
umn
edu
files
js
optimized
js
rplv
segkaobnxixvzkxrlefolhpa
03
lpgt
46
bjeg
qzvu
5
wfhdgvmfnm
yzj
3
rumc
9
aexvlxnyntyfrip
4
js
7
script
src
sites
twin
cities
umn
edu
files
js
optimized
js
7
ktjnevpj
5
uzl
6
uievknolqib
6
eap
eowotmibg
2
zvy
9
weuuyaqn
jbsfcsq
fpqkpgxbj
8
az
60
txdww
8
js
7
script
src
sites
twin
cities
umn
edu
files
js
optimized
js
mfzukjuxstqghc
8
ag
7
xrbdl
6
fe
1
pci
6
eingqseiwhqc
cyj
wves
2
oy
7
yjw
htzvg
8
iisuhu
awps
bde
js
shhslp
script
src
sites
twin
cities
umn
edu
files
js
optimized
js
za
dqv
4
cvtldcf
3
mygbzylap
8
xublk
7
hl
5
pk
empr
jl
fh
1
zzduchagmybzu
uhmcahghv
1
wrw
js
script
src
sites
twin
cities
umn
edu
files
js
optimized
js
ikln
0
fknoakju
6
cksgds
6
rgwwxgezynai
1
myaswld
80
okuqpdlh
6
zmwht
0
kcnssuffx
vcekaqug
8
awjh
0
js
shhslp
script
src
sites
twin
cities
umn
edu
files
js
optimized
js
5
hnw
vmitjfeliptlac
4
zz
7
ey
7
jejvnjnkujy
30
iuhznnxsxsmbexxb
pnl
kh
xu
7
tiojbwk
17
fs
js
shhslp
script
src
sites
twin
cities
umn
edu
files
js
optimized
js
ehtnme
5
vakyeytdgos
6
qlbrappurrnu
8
skxwyj
8
rpurybzrgrw
mssqojtpgooukjkt
9
ivo
6
vmusxy
0
js
shhslp
script
src
sites
twin
cities
umn
edu
files
js
optimized
js
qjevrnaidaznrou
9
akthi
1
sm
9
pgiplg
2
acjbkxopezy
vudoqp
2
efkk
07
jjfqkhs
pdfuvp
3
df
29
gz
6
vucionlm
js
shhslp
script
src
sites
twin
cities
umn
edu
files
js
optimized
js
gke
pyycccbbk
1
hhyejayrqatcndvwd
0
nyg
0
84
ykjyk
0
nbifd
42
njwwor
emv
kyodnfhqmb
2
wvs
js
7
script
src
sites
twin
cities
umn
edu
files
js
optimized
js
20
arj
0
xej
qwnf
ao
4
utdtemjhxcrcrbeh
0
wzpdnsc
cremvwbln
4
wesnwil
9
jjrfr
7
jtcdueucoe
3
aif
3
js
shhslp
script
src
sites
twin
cities
umn
edu
files
js
optimized
js
8
rho
gtde
7
zbb
2
ryev
9
sjhrfcvqdc
3
eo
ojo
5
ii
bj
opflmthb
3
wcklsqi
94
js
shhslp
