doctype
html
html
lang
en
dir
ltr
prefix
content
http://purl.org/rss/1.0/modules/content/
dc
http://purl.org/dc/terms/
foaf
http://xmlns.com/foaf/0.1/
og
http://ogp.me/ns
rdfs
http://www.w3.org/2000/01/rdf-schema
schema
http://schema.org/
sioc
http://rdfs.org/sioc/ns
sioct
http://rdfs.org/sioc/types
skos
http://www.w3.org/2004/02/skos/core
xsd
http://www.w3.org/2001/XMLSchema
meta
charset
utf
8
body
backtotop
background
5
border
color
5
color
ffffff
body
backtotop
hover
background
border
color
meta
name
description
content
looking
for
major
simply
type
in
your
key
word
in
the
search
bar
the
list
of
results
will
narrow
as
you
type
meta
name
geo
region
content
us
mn
link
rel
canonical
href
meta
http
equiv
content
language
content
en
link
rel
image
src
href
meta
property
og
site
name
content
university
of
minnesota
meta
property
og
type
content
website
meta
property
og
url
content
meta
property
og
title
content
all
program
search
meta
property
og
description
content
looking
for
major
simply
type
in
your
key
word
in
the
search
bar
the
list
of
results
will
narrow
as
you
type
meta
property
og
image
content
meta
property
og
image
url
content
meta
property
og
image
secure
url
content
meta
name
twitter
card
content
summary
large
image
meta
name
twitter
description
content
looking
for
major
simply
type
in
your
key
word
in
the
search
bar
the
list
of
results
will
narrow
as
you
type
meta
name
twitter
title
content
all
program
search
meta
name
twitter
site
id
content
umnews
meta
name
twitter
creator
content
umnews
meta
name
twitter
url
content
meta
name
twitter
image
content
meta
name
google
site
verification
content
3
apd
7
qrcrs
lzz
qmgsunacndwssrmpj
8
kafjg
link
rel
manifest
href
manifest
json
meta
name
theme
color
content
ffffff
meta
name
apple
mobile
web
app
capable
content
yes
meta
name
apple
mobile
web
app
status
bar
style
content
default
meta
name
generator
content
drupal
10
https://www.drupal.org
meta
name
mobileoptimized
content
width
meta
name
handheldfriendly
content
true
meta
name
viewport
content
width
device
width
initial
scale
script
type
application
ld
json
context
https://schema.org
graph
type
collegeoruniversity
id
https://twin-cities.umn.edu/
description
university
of
minnesota
twin
cities
name
university
of
minnesota
twin
cities
sameas
https://www.facebook.com/UofMN
https://twitter.com/umnews
https://instagram.com/umnpics
url
https://twin-cities.umn.edu/
telephone
image
type
imageobject
representativeofpage
false
url
width
height
logo
type
imageobject
representativeofpage
false
url
width
height
type
webpage
id
https://twin-cities.umn.edu/
breadcrumb
type
breadcrumblist
itemlistelement
type
listitem
position
1
name
home
item
https://twin-cities.umn.edu/
type
listitem
position
2
name
academics
and
admissions
item
type
listitem
position
3
name
all
program
search
item
type
website
id
https://twin-cities.umn.edu/
name
university
of
minnesota
url
https://twin-cities.umn.edu/
function
if
fbq
return
fbq
function
callmethod
callmethod
apply
arguments
queue
push
arguments
if
fbq
fbq
push
loaded
0
version
queue
createelement
async
0
src
getelementsbytagname
0
parentnode
insertbefore
window
document
script
fbq
init
fbq
track
pageview
img
height
1
width
1
style
display
none
src
https://www.facebook.com/tr
id
ev
pageview
noscript
1
function
if
fbq
return
fbq
function
callmethod
callmethod
apply
arguments
queue
push
arguments
if
fbq
fbq
push
loaded
0
version
queue
createelement
async
0
src
getelementsbytagname
0
parentnode
insertbefore
window
document
script
fbq
init
fbq
track
pageview
img
height
1
width
1
style
display
none
src
https://www.facebook.com/tr
id
ev
pageview
noscript
1
link
rel
apple
touch
icon
sizes
href
link
href
iphone
5
splash
png
media
device
width
px
and
device
height
px
and
webkit
device
pixel
ratio
2
rel
apple
touch
startup
image
link
href
iphone
6
splash
png
media
device
width
px
and
device
height
px
and
webkit
device
pixel
ratio
2
rel
apple
touch
startup
image
link
href
iphoneplus
splash
png
media
device
width
px
and
device
height
px
and
webkit
device
pixel
ratio
3
rel
apple
touch
startup
image
link
href
iphonex
splash
png
media
device
width
px
and
device
height
px
and
webkit
device
pixel
ratio
3
rel
apple
touch
startup
image
link
href
iphonexr
splash
png
media
device
width
px
and
device
height
px
and
webkit
device
pixel
ratio
2
rel
apple
touch
startup
image
link
href
iphonexsmax
splash
png
media
device
width
px
and
device
height
px
and
webkit
device
pixel
ratio
3
rel
apple
touch
startup
image
link
href
ipad
splash
png
media
device
width
px
and
device
height
px
and
webkit
device
pixel
ratio
2
rel
apple
touch
startup
image
link
href
ipadpro
1
splash
png
media
device
width
px
and
device
height
px
and
webkit
device
pixel
ratio
2
rel
apple
touch
startup
image
link
href
ipadpro
2
splash
png
media
device
width
px
and
device
height
px
and
webkit
device
pixel
ratio
2
rel
apple
touch
startup
image
link
href
ipadpro
3
splash
png
media
device
width
px
and
device
height
px
and
webkit
device
pixel
ratio
2
rel
apple
touch
startup
image
link
rel
icon
href
sites
twin
cities
umn
edu
files
favicon
ico
type
image
vnd
microsoft
icon
window
2
config
window
2
config
2
config
callbacks
2
config
overlays
2
config
templates
all
program
search
university
of
minnesota
link
rel
stylesheet
media
all
href
sites
twin
cities
umn
edu
files
css
css
1
rgvps
fgowhvigzevvsc
9
kbzbz
ayth
mbp
3
wrs
css
delta
0
amp
language
en
amp
theme
homesite
amp
include
ejx
9
unfuwyam
cespgk
51
kukblpslobvi
7
puy
kh
ufpzzzzidlcfvfl
5
gpffoaibwi
1
puvewou
1
nesop
3
nwemhktocyqcmavy
71
4
bqmozxphoh
4
ptzozsw
6
rqx
4
letmhxa
lbuacie
0
ozzklxzsrrnezeodj
1
hv
0
anrxbes
9
kw
mjfnffoplmgufvwiog
3
ee
9
agulhmwqtmqnjjbhs
0
auq
vmrzrj
ek
3
efhm
6
td
86
sokzqwylcqiq
5
aewh
link
rel
stylesheet
media
all
href
fonts
googleapis
com
css
family
open
sans
amp
display
swap
link
rel
stylesheet
media
all
href
stackpath
bootstrapcdn
com
font
awesome
0
css
font
awesome
min
css
link
rel
stylesheet
media
all
href
sites
twin
cities
umn
edu
files
css
css
34
fyip
7
rpczacmdrzksakgxmbwlj
0
hc
53
ceptmjaxm
css
delta
3
amp
language
en
amp
theme
homesite
amp
include
ejx
9
unfuwyam
cespgk
51
kukblpslobvi
7
puy
kh
ufpzzzzidlcfvfl
5
gpffoaibwi
1
puvewou
1
nesop
3
nwemhktocyqcmavy
71
4
bqmozxphoh
4
ptzozsw
6
rqx
4
letmhxa
lbuacie
0
ozzklxzsrrnezeodj
1
hv
0
anrxbes
9
kw
mjfnffoplmgufvwiog
3
ee
9
agulhmwqtmqnjjbhs
0
auq
vmrzrj
ek
3
efhm
6
td
86
sokzqwylcqiq
5
aewh
link
rel
stylesheet
media
all
href
cdn
knightlab
com
libs
juxtapose
latest
css
juxtapose
css
link
rel
stylesheet
media
all
href
sites
twin
cities
umn
edu
files
css
css
mzo
9
gkt
5
ob
6
dlufbvabaoj
4
thuqfsx
2
iasuk
4
rdk
0
bs
css
delta
5
amp
language
en
amp
theme
homesite
amp
include
ejx
9
unfuwyam
cespgk
51
kukblpslobvi
7
puy
kh
ufpzzzzidlcfvfl
5
gpffoaibwi
1
puvewou
1
nesop
3
nwemhktocyqcmavy
71
4
bqmozxphoh
4
ptzozsw
6
rqx
4
letmhxa
lbuacie
0
ozzklxzsrrnezeodj
1
hv
0
anrxbes
9
kw
mjfnffoplmgufvwiog
3
ee
9
agulhmwqtmqnjjbhs
0
auq
vmrzrj
ek
3
efhm
6
td
86
sokzqwylcqiq
5
aewh
script
src
use
fontawesome
com
releases
2
js
all
js
defer
crossorigin
anonymous
integrity
sha
nhxszw
9
pdeovg
8
bk
3
souxxtzormr
4
ncl
ogurt
6
kqgjavjaj
4
lfhjd
8
qxtol
script
src
use
fontawesome
com
releases
2
js
4
shims
js
defer
crossorigin
anonymous
integrity
sha
qx
63
xmht
9
mnrp
09
qomevrrxzomnz
1
cka
07
kyef
8
nq
qc
fndzroxdpmzplvjed
meta
name
facebook
domain
verification
content
kqxysnt
58
xt
32
fecchq
pdprr
94
skip
to
main
content
iframe
src
https://www.googletagmanager.com/ns.html
id
gtm
mmsdvqv
height
0
width
0
style
display
none
visibility
hidden
class
wordmark
anchor
href
title
wordmark
of
the
university
of
minnesota
twin
cities
alt
link
to
front
page
mobile
wordmark
wordmark
of
the
university
of
minnesota
twin
cities
svg
class
wordmark
wordmark
mobile
xmlns
http://www.w3.org/2000/svg
xmlns
xlink
http://www.w3.org/1999/xlink
version
id
wordmark
mobile
0
px
0
px
viewbox
style
enable
background
new
xml
space
preserve
style
type
text
css
fill
dark
gray
fill
stroke
stroke
width
stroke
miterlimit
10
fill
maroon
fill
path
class
fill
maroon
73
19
45
17
86
36
4
26
16
polygon
class
fill
maroon
points
03
path
class
fill
dark
gray
45
62
4
path
class
fill
dark
gray
73
path
class
fill
dark
gray
41
7
15
path
class
fill
dark
gray
0
85
42
42
path
class
fill
dark
gray
69
53
62
62
11
path
class
fill
dark
gray
17
path
class
fill
dark
gray
17
path
class
fill
dark
gray
15
7
7
path
class
fill
dark
gray
62
33
7
74
path
class
fill
dark
gray
46
64
path
class
fill
dark
gray
42
67
path
class
fill
dark
gray
45
62
4
path
class
fill
dark
gray
2
45
62
path
class
fill
dark
gray
69
62
62
27
path
class
fill
dark
gray
62
33
02
76
path
class
fill
dark
gray
0
85
42
path
class
fill
dark
gray
24
7
62
72
69
path
class
fill
dark
gray
62
33
7
74
path
class
fill
dark
gray
29
path
class
fill
dark
gray
97
61
3
28
path
class
fill
dark
gray
17
full
wordmark
svg
class
wordmark
wordmark
full
xmlns
http://www.w3.org/2000/svg
xmlns
xlink
http://www.w3.org/1999/xlink
version
id
wordmark
full
0
px
0
px
viewbox
style
enable
background
new
xml
space
preserve
style
type
text
css
fill
maroon
fill
fill
dark
gray
fill
stroke
stroke
width
stroke
miterlimit
10
path
class
fill
maroon
35
path
class
fill
dark
gray
38
17
03
path
class
fill
dark
gray
28
86
path
class
fill
dark
gray
71
path
class
fill
dark
gray
0
72
67
36
path
class
fill
dark
gray
43
52
52
92
14
path
class
fill
dark
gray
38
path
class
fill
dark
gray
38
path
class
fill
dark
gray
6
31
94
path
class
fill
dark
gray
48
06
26
24
path
class
fill
dark
gray
48
63
path
class
fill
dark
gray
48
path
class
fill
dark
gray
38
19
03
path
class
fill
dark
gray
02
38
48
path
class
fill
dark
gray
43
52
52
92
95
path
class
fill
dark
gray
5
06
26
26
path
class
fill
dark
gray
0
72
67
36
path
class
fill
dark
gray
75
09
28
path
class
fill
dark
gray
48
06
26
24
path
class
fill
dark
gray
25
path
class
fill
dark
gray
06
05
95
62
31
05
path
class
fill
dark
gray
38
path
class
fill
maroon
path
class
fill
maroon
32
55
path
class
fill
maroon
6
8
path
class
fill
maroon
path
class
fill
maroon
56
94
path
class
fill
maroon
62
41
29
path
class
fill
maroon
97
77
path
class
fill
maroon
15
01
01
77
path
class
fill
maroon
path
class
fill
maroon
6
8
path
class
fill
maroon
49
77
4
path
class
fill
maroon
5
path
class
fill
maroon
15
01
01
77
path
class
fill
maroon
path
class
fill
maroon
56
94
path
class
fill
maroon
32
55
path
class
fill
maroon
15
3
71
27
35
57
64
38
41
26
href
https://www.crk.umn.edu/
class
campus
menu
link
campus
crookston
crookston
href
https://www.d.umn.edu/
class
campus
menu
link
campus
duluth
duluth
href
https://morris.umn.edu/
class
campus
menu
link
campus
morris
morris
href
https://r.umn.edu/
class
campus
menu
link
campus
rochester
rochester
href
class
campus
menu
link
campus
tc
campus
highlight
twin
cities
basic
text
utility
menu
href
https://myu.umn.edu
title
myu
class
utility
menu
menu
link
myu
href
https://onestop.umn.edu
class
utility
menu
menu
link
one
stop
href
class
utility
menu
menu
link
jobs
svg
class
header
toggles
icon
svg
search
xmlns
http://www.w3.org/2000/svg
viewbox
path
zm
svg
class
header
toggles
icon
svg
close
xmlns
http://www.w3.org/2000/svg
viewbox
path
45
search
svg
class
header
toggles
icon
svg
menu
xmlns
http://www.w3.org/2000/svg
viewbox
path
zm
16
16
zm
16
16
svg
class
header
toggles
icon
svg
close
xmlns
http://www.w3.org/2000/svg
viewbox
path
45
menu
basic
text
svg
class
header
toggles
icon
svg
search
xmlns
http://www.w3.org/2000/svg
viewbox
path
zm
svg
class
header
toggles
icon
svg
close
xmlns
http://www.w3.org/2000/svg
viewbox
path
45
search
svg
class
header
toggles
icon
svg
menu
xmlns
http://www.w3.org/2000/svg
viewbox
path
zm
16
16
zm
16
16
svg
class
header
toggles
icon
svg
close
xmlns
http://www.w3.org/2000/svg
viewbox
path
45
menu
basic
text
close
search
area
svg
class
header
toggles
icon
svg
close
xmlns
http://www.w3.org/2000/svg
viewbox
path
45
basic
text
form
class
search
form
form
id
search
form
name
gs
role
search
action
https://usearch.umn.edu/
may
not
need
this
label
wave
is
flagging
it
as
an
orphaned
label
search
the
university
of
minnesota
twin
cities
campus
search
input
text
area
search
svg
class
search
form
button
icon
xmlns
http://www.w3.org/2000/svg
viewbox
path
zm
basic
text
common
search
terms
href
https://housing.umn.edu/
class
common
search
terms
menu
link
housing
href
https://lib.umn.edu/
class
common
search
terms
menu
link
libraries
href
https://bookstores.umn.edu/
class
common
search
terms
menu
link
bookstore
href
class
common
search
terms
menu
link
tuition
cost
href
https://onestop.umn.edu/dates-and-deadlines
class
common
search
terms
menu
link
academic
calendar
main
navigation
href
academics
admissions
class
main
menu
link
data
drupal
link
system
path
node
academics
amp
admissions
href
student
life
class
main
menu
link
data
drupal
link
system
path
node
student
life
href
research
class
main
menu
link
data
drupal
link
system
path
node
research
href
health
sciences
class
main
menu
link
data
drupal
link
system
path
node
health
sciences
href
gopher
athletics
class
main
menu
link
data
drupal
link
system
path
node
gopher
athletics
href
news
events
class
main
menu
link
data
drupal
link
system
path
node
news
amp
events
href
about
us
class
main
menu
link
data
drupal
link
system
path
node
about
us
task
list
href
https://myu.umn.edu
class
task
list
menu
link
myu
href
https://onestop.umn.edu/
class
task
list
menu
link
one
stop
href
class
task
list
menu
link
jobs
main
navigation
href
academics
admissions
class
main
menu
link
data
drupal
link
system
path
node
academics
amp
admissions
href
student
life
class
main
menu
link
data
drupal
link
system
path
node
student
life
href
research
class
main
menu
link
data
drupal
link
system
path
node
research
href
health
sciences
class
main
menu
link
data
drupal
link
system
path
node
health
sciences
href
gopher
athletics
class
main
menu
link
data
drupal
link
system
path
node
gopher
athletics
href
news
events
class
main
menu
link
data
drupal
link
system
path
node
news
amp
events
href
about
us
class
main
menu
link
data
drupal
link
system
path
node
about
us
breadcrumb
href
home
href
academics
admissions
academics
and
admissions
all
program
search
all
program
search
article
about
academics
admissions
majors
programs
class
node
node
type
page
node
view
mode
full
program
search
page
majors
and
programs
looking
for
major
simply
type
in
your
key
word
in
the
search
bar
the
list
of
results
will
narrow
as
you
type
input
id
program
search
type
text
model
search
placeholder
search
program
title
or
keyword
search
program
title
program
type
program
type
item
delivery
class
type
item
undergrad
or
grad
undergraduate
or
graduate
programs
degree
type
item
hybrid
or
online
hybrid
or
online
classes
class
type
item
item
title
program
type
item
degree
type
college
school
item
unit
delivery
type
item
class
type
no
search
results
tips
make
sure
you
spelled
the
term
correctly
this
search
tool
doesn
allow
wildcards
or
other
advanced
search
characters
like
or
etc
end
results
wrapper
end
app
script
src
script
src
https://cdn.jsdelivr.net/npm/vue
12
var
search
getqueryvariable
function
variable
var
query
window
location
search
substring
1
var
vars
query
split
for
var
0
vars
length
var
pair
vars
split
if
pair
0
variable
return
pair
1
return
false
sendvar
function
var
search
getqueryvariable
query
if
return
search
cleanvar
return
else
console
log
no
query
return
cleanvar
function
var
20
gi
var
20
if
indexof
1
console
log
query
has
20
var
replace
console
log
cleaned
query
return
else
console
log
query
does
not
have
20
return
grad
function
var
search
getqueryvariable
grad
if
grad
return
graduate
and
professional
else
if
return
else
console
log
no
grad
query
return
hybrid
function
var
search
getqueryvariable
hybrid
if
yes
return
hybrid
online
else
console
log
no
hybrid
query
return
var
app
new
vue
el
app
delimiters
data
search
search
sendvar
search
type
type
school
campus
twin
cities
delivery
grad
search
grad
hybrid
search
hybrid
orderby
title
programs
mounted
function
dev
link
fetch
sites
default
files
tc
programs
json
prod
link
fetch
sites
twin
cities
umn
edu
files
programs
tc
json
fetch
sites
twin
cities
umn
edu
files
tc
programs
json
fetch
sites
twin
cities
umn
edu
files
tc
programs
json
fetch
sites
twin
cities
umn
edu
files
tc
programs
json
fetch
sites
twin
cities
umn
edu
files
tc
programs
json
fetch
sites
twin
cities
umn
edu
files
tc
programs
json
fetch
sites
twin
cities
umn
edu
files
tc
programs
json
fetch
sites
twin
cities
umn
edu
files
tc
programs
json
then
response
response
json
then
data
this
programs
data
computed
program
type
function
return
new
set
this
programs
map
degree
type
program
delivery
function
return
new
set
this
programs
map
class
type
program
campus
function
return
new
set
this
programs
map
campus
program
hybrid
function
return
new
set
this
programs
map
hybrid
online
program
grad
function
return
new
set
this
programs
map
undergrad
grad
program
school
function
return
new
set
this
programs
map
college
program
search
function
return
this
programs
filter
item
return
item
search
terms
tolowercase
includes
this
search
tolowercase
return
item
field
college
school
tolowercase
includes
this
search
tolowercase
sort
sort
using
this
orderby
const
first
this
orderby
tolowercase
const
next
this
orderby
tolowercase
if
first
next
return
1
if
first
next
return
1
return
0
svg
xmlns
http://www.w3.org/2000/svg
class
system
campus
map
footer
mn
campus
map
id
footer
map
data
name
footer
map
viewbox
defs
path
class
footer
map
mn
1
35
23
37
57
49
24
8
43
52
17
79
8
14
1
58
62
19
48
15
1
37
56
09
5
68
58
37
76
69
23
11
44
5
1
07
6
13
13
77
17
78
41
8
43
47
47
14
75
36
8
77
61
2
94
47
5
19
83
34
78
81
7
71
33
22
56
58
19
09
48
1
48
34
9
0
1
33
16
38
92
16
2
36
11
5
61
08
75
34
44
9
35
51
5
44
49
48
13
17
1
6
2
0
51
94
76
44
14
66
0
23
2
59
79
77
5
13
8
8
52
42
91
69
0
43
1
77
2
58
41
2
1
6
34
52
1
51
17
64
09
68
3
92
65
2
34
58
64
86
47
1
0
1
7
26
44
52
32
67
18
51
37
19
92
55
24
72
21
83
68
92
36
43
11
68
15
29
0
91
19
4
73
5
12
59
52
25
43
5
29
0
63
01
89
transform
translate
15
fill
fec
class
footer
map
crookston
xlink
href
https://crk.umn.edu
href
https://crk.umn.edu
title
university
of
minnesota
crookston
umn
crookston
circle
cx
cy
class
footer
map
morris
href
https://www4.morris.umn.edu
xlink
href
https://www4.morris.umn.edu
title
university
of
minnesota
morris
umn
morris
circle
cx
cy
class
footer
map
duluth
href
https://d.umn.edu
xlink
href
https://d.umn.edu
title
university
of
minnesota
duluth
umn
duluth
circle
cx
cy
href
https://twin-cities.umn.edu
xlink
href
https://twin-cities.umn.edu
class
footer
map
tc
title
university
of
minnesota
twin
cities
umn
twin
cities
circle
cx
cy
xlink
href
https://r.umn.edu
href
https://r.umn.edu
class
footer
map
rochester
title
university
of
minnesota
rochester
umn
rochester
circle
cx
cy
system
campuses
href
https://system.umn.edu
class
campus
list
link
system
website
href
https://www.crk.umn.edu/
class
campus
list
link
crookston
href
https://www.d.umn.edu/
class
campus
list
link
duluth
href
https://morris.umn.edu/
class
campus
list
link
morris
href
https://r.umn.edu/
class
campus
list
link
rochester
href
https://twin-cities.umn.edu
class
campus
list
link
twin
cities
basic
text
find
href
https://usearch.umn.edu
class
footer
utility
menu
menu
link
search
href
https://www.lib.umn.edu/
class
footer
utility
menu
menu
link
libraries
href
https://onestop.umn.edu/dates-and-deadlines
class
footer
utility
menu
menu
link
academic
calendar
href
https://humanresources.umn.edu/jobs
class
footer
utility
menu
menu
link
employment
href
alumni
class
footer
utility
menu
menu
link
data
drupal
link
system
path
node
alumni
resources
twin
cities
campus
href
contact
class
utility
links
menu
link
data
drupal
link
system
path
node
contact
us
href
https://campusmaps.umn.edu/
class
utility
links
menu
link
maps
href
https://www.pts.umn.edu/
class
utility
links
menu
link
parking
amp
transportation
href
https://diversity.umn.edu/
class
utility
links
menu
link
office
of
equity
amp
diversity
href
https://safe-campus.umn.edu/
class
utility
links
menu
link
safe
campus
fund
the
minds
of
tomorrow
class
btn
bg
maroon
href
https://makingagift.umn.edu/give/fund.html
id
give
basic
text
connect
with
us
class
social
menu
link
fb
href
https://www.facebook.com/UofMN
link
to
of
facebook
page
class
social
menu
link
in
href
https://www.instagram.com/umntwincities
link
to
of
instagram
page
class
social
menu
link
li
href
link
to
of
linkedin
page
class
social
menu
link
tiktok
href
https://www.tiktok.com/
umntwincities
link
to
of
tiktok
account
class
social
menu
link
tw
href
https://twitter.com/umnews
link
to
of
twitter
page
class
social
menu
link
yt
href
link
to
of
youtube
page
basic
text
class
wordmark
anchor
href
title
wordmark
of
the
university
of
minnesota
twin
cities
alt
link
to
front
page
mobile
wordmark
wordmark
of
the
university
of
minnesota
twin
cities
svg
class
wordmark
wordmark
mobile
xmlns
http://www.w3.org/2000/svg
xmlns
xlink
http://www.w3.org/1999/xlink
version
id
wordmark
mobile
0
px
0
px
viewbox
style
enable
background
new
xml
space
preserve
style
type
text
css
fill
dark
gray
fill
stroke
stroke
width
stroke
miterlimit
10
fill
maroon
fill
path
class
fill
maroon
73
19
45
17
86
36
4
26
16
polygon
class
fill
maroon
points
03
path
class
fill
dark
gray
45
62
4
path
class
fill
dark
gray
73
path
class
fill
dark
gray
41
7
15
path
class
fill
dark
gray
0
85
42
42
path
class
fill
dark
gray
69
53
62
62
11
path
class
fill
dark
gray
17
path
class
fill
dark
gray
17
path
class
fill
dark
gray
15
7
7
path
class
fill
dark
gray
62
33
7
74
path
class
fill
dark
gray
46
64
path
class
fill
dark
gray
42
67
path
class
fill
dark
gray
45
62
4
path
class
fill
dark
gray
2
45
62
path
class
fill
dark
gray
69
62
62
27
path
class
fill
dark
gray
62
33
02
76
path
class
fill
dark
gray
0
85
42
path
class
fill
dark
gray
24
7
62
72
69
path
class
fill
dark
gray
62
33
7
74
path
class
fill
dark
gray
29
path
class
fill
dark
gray
97
61
3
28
path
class
fill
dark
gray
17
full
wordmark
svg
class
wordmark
wordmark
full
xmlns
http://www.w3.org/2000/svg
xmlns
xlink
http://www.w3.org/1999/xlink
version
id
wordmark
full
0
px
0
px
viewbox
style
enable
background
new
xml
space
preserve
style
type
text
css
fill
maroon
fill
fill
dark
gray
fill
stroke
stroke
width
stroke
miterlimit
10
path
class
fill
maroon
35
path
class
fill
dark
gray
38
17
03
path
class
fill
dark
gray
28
86
path
class
fill
dark
gray
71
path
class
fill
dark
gray
0
72
67
36
path
class
fill
dark
gray
43
52
52
92
14
path
class
fill
dark
gray
38
path
class
fill
dark
gray
38
path
class
fill
dark
gray
6
31
94
path
class
fill
dark
gray
48
06
26
24
path
class
fill
dark
gray
48
63
path
class
fill
dark
gray
48
path
class
fill
dark
gray
38
19
03
path
class
fill
dark
gray
02
38
48
path
class
fill
dark
gray
43
52
52
92
95
path
class
fill
dark
gray
5
06
26
26
path
class
fill
dark
gray
0
72
67
36
path
class
fill
dark
gray
75
09
28
path
class
fill
dark
gray
48
06
26
24
path
class
fill
dark
gray
25
path
class
fill
dark
gray
06
05
95
62
31
05
path
class
fill
dark
gray
38
path
class
fill
maroon
path
class
fill
maroon
32
55
path
class
fill
maroon
6
8
path
class
fill
maroon
path
class
fill
maroon
56
94
path
class
fill
maroon
62
41
29
path
class
fill
maroon
97
77
path
class
fill
maroon
15
01
01
77
path
class
fill
maroon
path
class
fill
maroon
6
8
path
class
fill
maroon
49
77
4
path
class
fill
maroon
5
path
class
fill
maroon
15
01
01
77
path
class
fill
maroon
path
class
fill
maroon
56
94
path
class
fill
maroon
32
55
path
class
fill
maroon
15
3
71
27
35
57
64
38
41
26
href
https://www.crk.umn.edu/
class
campus
menu
link
campus
crookston
crookston
href
https://www.d.umn.edu/
class
campus
menu
link
campus
duluth
duluth
href
https://morris.umn.edu/
class
campus
menu
link
campus
morris
morris
href
https://r.umn.edu/
class
campus
menu
link
campus
rochester
rochester
href
class
campus
menu
link
campus
tc
campus
highlight
twin
cities
basic
text
document
write
new
date
getfullyear
regents
of
the
university
of
minnesota
all
rights
reserved
the
university
of
minnesota
is
an
equal
opportunity
educator
and
employer
href
node
class
privacy
statement
link
privacy
statement
href
ref
url
https://twin-cities.umn.edu/content/home
class
privacy
statement
link
report
web
disability
related
issue
basic
text
class
footer
feedback
href
https://umn.qualtrics.com/SE/
sid
sv
6
fgtbwzdtu
4
lhxj
page
all
program
search
website
feedback
script
type
application
json
data
drupal
selector
drupal
settings
json
path
baseurl
pathprefix
currentpath
node
currentpathisadmin
false
isfront
false
currentlanguage
en
currentquery
grad
grad
query
pluraldelimiter
suppressdeprecationerrors
true
gtm
tagid
null
settings
data
layer
datalayer
include
classes
false
allowlist
classes
blocklist
classes
include
environment
false
environment
id
environment
token
tagids
gtm
mmsdvqv
gtag
tagid
consentmode
false
otherids
events
additionalconfiginfo
ajaxpagestate
libraries
ejx
9
uatuwyamvrajr
0
kgupteyiad
0
tx
qou
2
bmomwdb
7
wm
4
xjrhrjbeih
52
rio
8
rbwpzyq
2
gn
2
xpkt
7
uxjk
6
ernauxlbomi
pbhbkxg
5
nekbihg
7
rbwphclpqr
4
xgokhquzmgpejz
7
5
zayicyrcfwabrztn
59
hgcdpmzvbsjckad
1
xwccpksl
0
mexe
cs
6
uyrxw
8
wcjopno
4
nspjawqm
2
ewroorcvm
33
rd
2
zkf
pi
4
dp
9
tsl
0
theme
homesite
theme
token
null
ajaxtrustedurl
back
to
top
back
to
top
button
trigger
back
to
top
prevent
on
mobile
true
back
to
top
prevent
in
admin
false
back
to
top
button
type
text
back
to
top
button
text
back
to
top
pwa
service
worker
cache
version
0
beta
2
1
installpath
service
worker
data
scope
ajax
user
uid
0
permissionshash
5
fc
bbd
fcffdfa
06
dd
ebb
bb
da
script
src
sites
twin
cities
umn
edu
files
js
optimized
js
dxivcwvq
00
owlgougptfryxu
5
rnj
8
xi
0
cxfb
3
kn
58
jqt
3
sqfawrcv
bihpthkbvs
0
oevtffmqpf
lyi
cxo
js
1
script
src
sites
twin
cities
umn
edu
files
js
optimized
js
0
io
3
no
0
csyhgjmryebhwpkh
5
zx
dhvawbt
4
ufwya
hrn
4
fplp
kdvbjquv
0
fegthdkwrmza
2
zbldv
1
jy
js
1
script
src
sites
twin
cities
umn
edu
files
js
optimized
js
hpe
5
jrmukxrv
4
hstmapxjsnbxraagchurtjxkwwkqy
oqqd
idevojmcfaqtgs
4
scq
gaqcikr
js
7
script
src
sites
twin
cities
umn
edu
files
js
optimized
js
1
orq
kjlxbzaeklotpue
0
rs
94
hj
3
gsqxkikc
lnsctcfrblythm
5
cd
96
fiidykhzyrbif
4
cboucr
5
fxc
js
7
script
src
sites
twin
cities
umn
edu
files
js
optimized
js
krjtvzl
6
uujb
23
sf
6
dqocbqg
ej
ru
9
bgsg
kjk
12
bmqygwzhtltsh
40
oafzj
1
jsdd
0
rpt
9
uk
js
7
script
src
sites
twin
cities
umn
edu
files
js
optimized
js
mjv
4
qhov
eqeypzwvwqhcmokp
3
cu
36
uhh
9
trnxfy
cjf
84
dv
0
pjh
3
kpaqgwzs
njs
45
qpbxavepb
7
uaw
uh
8
js
7
script
src
sites
twin
cities
umn
edu
files
js
optimized
js
wmhavmnc
xz
9
vlx
51
qtrqft
74
puvzximwnnuypbm
hmklreeyciv
9
gnfhxv
81
wuxqmj
cjeqgyjrzlxrtw
js
0
script
src
static
addtoany
com
menu
page
js
async
script
src
sites
twin
cities
umn
edu
files
js
optimized
js
yklxvkp
5
rvcarvrf
36
wqkum
3
dkr
3
rl
1
qumystw
ikup
2
su
4
ibyhfahx
4
rmmy
3
bfadu
rdntq
5
xxsrcx
2
js
7
script
src
sites
twin
cities
umn
edu
files
js
optimized
js
ipoi
2
elc
eqvsphdmitrofl
dttzkyje
1
olvfj
8
cm
1
qsoecohgiwjouz
8
awl
4
gdoct
9
pvthtpbttqc
4
orweo
js
7
script
src
sites
twin
cities
umn
edu
files
js
optimized
js
yukbifzarwbwwtsedwvfh
43
pxffutzkzlwajd
9
sy
1
ye
sddct
7
elhwr
pbdqr
4
klo
3
if
rprimlrs
7
eg
js
7
script
src
use
fontawesome
com
releases
2
js
all
js
script
src
sites
twin
cities
umn
edu
files
js
optimized
js
prlh
7
lw
4
ajcwqmsbrndhnilvq
uzdqu
3
vezhm
hxdswjtetar
8
pa
4
rlmt
4
hzjpoxx
2
sqjlmtwd
ov
7
js
7
script
src
sites
twin
cities
umn
edu
files
js
optimized
js
lwyke
47
qw
amibwnnasiaxp
32
bauvr
70
yofgkss
mpqykw
4
ke
27
ebwtsspfoafur
6
hbkpwgtf
vcnvn
0
ed
4
js
7
script
src
sites
twin
cities
umn
edu
files
js
optimized
js
wdpftkw
4
ciapaanfzaqu
9
az
uwdz
4
sjf
7
pohbmcok
4
jh
78
xenptk
65
eskgingltlvy
3
cx
1
ld
uylkfny
js
7
script
src
cdn
knightlab
com
libs
juxtapose
latest
js
juxtapose
min
js
script
src
cdnjs
cloudflare
com
ajax
libs
gsap
3
tweenmax
min
js
script
src
unpkg
com
imagesloaded
0
imagesloaded
pkgd
min
js
script
src
cdnjs
cloudflare
com
ajax
libs
gsap
3
plugins
textplugin
min
js
script
src
cdnjs
cloudflare
com
ajax
libs
waypoints
5
waypoints
min
js
script
src
modules
contrib
google
tag
js
gtm
js
shhslp
script
src
modules
contrib
google
tag
js
gtag
js
shhslp
script
src
sites
twin
cities
umn
edu
files
js
optimized
js
5
lyegtuyzfbknt
sxbvgy
6
woebhn
68
zcragr
5
wijc
pydd
31
qeavwnz
7
zmvfzer
7
rdslytsa
96
bj
0
rpa
js
7
script
src
sites
twin
cities
umn
edu
files
js
optimized
js
1
wovutyaotc
9
db
19
bvtyerq
3
zrwbax
8
iy
9
2
qom
nnbqb
3
vfud
32
jsfc
12
wcjrwacycbaxfkslo
jtkcvzo
js
0
script
src
sites
twin
cities
umn
edu
files
js
optimized
js
ezwjb
8
qjkn
2
widyxtft
5
dfoo
fgzxig
9
saik
5
psoh
1
vyjs
66
hsw
yknanaakoqz
0
lw
4
gurnmvpngmcs
js
7
script
src
sites
twin
cities
umn
edu
files
js
optimized
js
8
podnjjosxkvo
rve
4
79
me
43
bocp
5
ohhwf
87
koc
6
ocrm
1
dahj
iejv
6
edahv
3
qln
1
zkjiky
1
bhauqinm
js
7
script
src
sites
twin
cities
umn
edu
files
js
optimized
js
rplv
segkaobnxixvzkxrlefolhpa
03
lpgt
46
bjeg
qzvu
5
wfhdgvmfnm
yzj
3
rumc
9
aexvlxnyntyfrip
4
js
7
script
src
sites
twin
cities
umn
edu
files
js
optimized
js
7
ktjnevpj
5
uzl
6
uievknolqib
6
eap
eowotmibg
2
zvy
9
weuuyaqn
jbsfcsq
fpqkpgxbj
8
az
60
txdww
8
js
7
script
src
sites
twin
cities
umn
edu
files
js
optimized
js
mfzukjuxstqghc
8
ag
7
xrbdl
6
fe
1
pci
6
eingqseiwhqc
cyj
wves
2
oy
7
yjw
htzvg
8
iisuhu
awps
bde
js
shhslp
