doctype
html
html
lang
en
dir
ltr
prefix
content
http://purl.org/rss/1.0/modules/content/
dc
http://purl.org/dc/terms/
foaf
http://xmlns.com/foaf/0.1/
og
http://ogp.me/ns
rdfs
http://www.w3.org/2000/01/rdf-schema
schema
http://schema.org/
sioc
http://rdfs.org/sioc/ns
sioct
http://rdfs.org/sioc/types
skos
http://www.w3.org/2004/02/skos/core
xsd
http://www.w3.org/2001/XMLSchema
link
rel
dns
prefetch
href
static
addtoany
com
link
rel
dns
prefetch
href
use
fontawesome
com
link
rel
dns
prefetch
href
cdn
knightlab
com
link
rel
dns
prefetch
href
cdnjs
cloudflare
com
link
rel
dns
prefetch
href
unpkg
com
meta
charset
utf
8
body
backtotop
background
5
border
color
5
color
ffffff
body
backtotop
hover
background
border
color
meta
name
description
content
search
our
story
archive
of
official
news
events
and
announcements
about
education
research
and
outreach
at
the
university
of
minnesota
meta
name
geo
region
content
us
mn
link
rel
canonical
href
meta
http
equiv
content
language
content
en
link
rel
image
src
href
meta
property
og
site
name
content
university
of
minnesota
meta
property
og
type
content
website
meta
property
og
url
content
meta
property
og
title
content
story
archive
meta
property
og
description
content
search
our
story
archive
of
official
news
events
and
announcements
about
education
research
and
outreach
at
the
university
of
minnesota
meta
property
og
image
content
meta
property
og
image
url
content
meta
property
og
image
secure
url
content
meta
property
og
image
alt
content
umn
twin
cities
banners
hanging
on
campus
meta
name
twitter
card
content
summary
meta
name
twitter
description
content
search
our
story
archive
of
official
news
events
and
announcements
about
education
research
and
outreach
at
the
university
of
minnesota
meta
name
twitter
title
content
story
archive
meta
name
twitter
site
id
content
umnews
meta
name
twitter
creator
content
umnews
meta
name
twitter
url
content
meta
name
twitter
image
content
meta
name
google
site
verification
content
3
apd
7
qrcrs
lzz
qmgsunacndwssrmpj
8
kafjg
link
rel
manifest
href
manifest
json
meta
name
theme
color
content
ffffff
meta
name
apple
mobile
web
app
capable
content
yes
meta
name
apple
mobile
web
app
status
bar
style
content
default
meta
name
generator
content
drupal
10
https://www.drupal.org
meta
name
mobileoptimized
content
width
meta
name
handheldfriendly
content
true
meta
name
viewport
content
width
device
width
initial
scale
script
type
application
ld
json
context
https://schema.org
graph
type
collegeoruniversity
id
https://twin-cities.umn.edu/
description
university
of
minnesota
twin
cities
name
university
of
minnesota
twin
cities
sameas
https://www.facebook.com/UofMN
https://twitter.com/umnews
https://instagram.com/umnpics
url
https://twin-cities.umn.edu/
telephone
image
type
imageobject
representativeofpage
false
url
width
height
logo
type
imageobject
representativeofpage
false
url
width
height
type
webpage
id
https://twin-cities.umn.edu/
breadcrumb
type
breadcrumblist
itemlistelement
type
listitem
position
1
name
home
item
https://twin-cities.umn.edu/
type
listitem
position
2
name
news
events
item
https://twin-cities.umn.edu/news-events
type
listitem
position
3
name
story
archive
item
type
website
id
https://twin-cities.umn.edu/
name
university
of
minnesota
url
https://twin-cities.umn.edu/
function
if
fbq
return
fbq
function
callmethod
callmethod
apply
arguments
queue
push
arguments
if
fbq
fbq
push
loaded
0
version
queue
createelement
async
0
src
getelementsbytagname
0
parentnode
insertbefore
window
document
script
fbq
init
fbq
track
pageview
img
height
1
width
1
style
display
none
src
https://www.facebook.com/tr
id
ev
pageview
noscript
1
function
if
fbq
return
fbq
function
callmethod
callmethod
apply
arguments
queue
push
arguments
if
fbq
fbq
push
loaded
0
version
queue
createelement
async
0
src
getelementsbytagname
0
parentnode
insertbefore
window
document
script
fbq
init
fbq
track
pageview
img
height
1
width
1
style
display
none
src
https://www.facebook.com/tr
id
ev
pageview
noscript
1
link
rel
apple
touch
icon
sizes
href
link
href
iphone
5
splash
png
media
device
width
px
and
device
height
px
and
webkit
device
pixel
ratio
2
rel
apple
touch
startup
image
link
href
iphone
6
splash
png
media
device
width
px
and
device
height
px
and
webkit
device
pixel
ratio
2
rel
apple
touch
startup
image
link
href
iphoneplus
splash
png
media
device
width
px
and
device
height
px
and
webkit
device
pixel
ratio
3
rel
apple
touch
startup
image
link
href
iphonex
splash
png
media
device
width
px
and
device
height
px
and
webkit
device
pixel
ratio
3
rel
apple
touch
startup
image
link
href
iphonexr
splash
png
media
device
width
px
and
device
height
px
and
webkit
device
pixel
ratio
2
rel
apple
touch
startup
image
link
href
iphonexsmax
splash
png
media
device
width
px
and
device
height
px
and
webkit
device
pixel
ratio
3
rel
apple
touch
startup
image
link
href
ipad
splash
png
media
device
width
px
and
device
height
px
and
webkit
device
pixel
ratio
2
rel
apple
touch
startup
image
link
href
ipadpro
1
splash
png
media
device
width
px
and
device
height
px
and
webkit
device
pixel
ratio
2
rel
apple
touch
startup
image
link
href
ipadpro
2
splash
png
media
device
width
px
and
device
height
px
and
webkit
device
pixel
ratio
2
rel
apple
touch
startup
image
link
href
ipadpro
3
splash
png
media
device
width
px
and
device
height
px
and
webkit
device
pixel
ratio
2
rel
apple
touch
startup
image
link
rel
icon
href
sites
twin
cities
umn
edu
files
favicon
ico
type
image
vnd
microsoft
icon
window
2
config
window
2
config
2
config
callbacks
2
config
overlays
2
config
templates
story
archive
university
of
minnesota
link
rel
stylesheet
media
all
href
sites
twin
cities
umn
edu
files
css
css
6
cwvft
6
vmlzdawwpbo
2
tr
03
hx
4
rzc
36
wnggikbug
css
delta
0
amp
language
en
amp
theme
homesite
amp
include
ejx
9
ugfuwyam
bant
0
iocqirwqybpp
39
wnu
12
zroqujozx
82
anokdplq
4
qgguxjwm
4
it
yfvjcwlmplpqylnorxomfxst
6
if
4
brgoczzpbbxozbysip
6
bkx
4
letmhxcflbu
2
fe
5
od
3
iqnfyndblezmogtrcu
0
apbuj
ge
9
mynxuux
9
degz
9
fkjijyqj
0
an
0
svfhexgdor
93
gcdpt
8
uwl
8
wadcxl
4
jst
fun
ulfqgqkprf
7
frbarpekahl
0
kaksubk
1
oib
2
ns
jj
trmpdjtetfvjkik
1
eglsodk
5
kidig
2
ysqk
2
pqimooeifgh
7
rcbhfmhes
4
fvyorswsq
9
pmcde
yw
7
mrz
ilbxijvn
7
ix
7
qkvr
ef
xfewhlm
link
rel
stylesheet
media
all
href
fonts
googleapis
com
css
family
open
sans
amp
display
swap
link
rel
stylesheet
media
all
href
stackpath
bootstrapcdn
com
font
awesome
0
css
font
awesome
min
css
link
rel
stylesheet
media
all
href
sites
twin
cities
umn
edu
files
css
css
rbhgv
1
hm
4
qunvgjqgyirtivkbor
7
punrjdecbhalwva
css
delta
3
amp
language
en
amp
theme
homesite
amp
include
ejx
9
ugfuwyam
bant
0
iocqirwqybpp
39
wnu
12
zroqujozx
82
anokdplq
4
qgguxjwm
4
it
yfvjcwlmplpqylnorxomfxst
6
if
4
brgoczzpbbxozbysip
6
bkx
4
letmhxcflbu
2
fe
5
od
3
iqnfyndblezmogtrcu
0
apbuj
ge
9
mynxuux
9
degz
9
fkjijyqj
0
an
0
svfhexgdor
93
gcdpt
8
uwl
8
wadcxl
4
jst
fun
ulfqgqkprf
7
frbarpekahl
0
kaksubk
1
oib
2
ns
jj
trmpdjtetfvjkik
1
eglsodk
5
kidig
2
ysqk
2
pqimooeifgh
7
rcbhfmhes
4
fvyorswsq
9
pmcde
yw
7
mrz
ilbxijvn
7
ix
7
qkvr
ef
xfewhlm
link
rel
stylesheet
media
all
href
cdn
knightlab
com
libs
juxtapose
latest
css
juxtapose
css
link
rel
stylesheet
media
all
href
sites
twin
cities
umn
edu
files
css
css
8
bb
axdfmyolfyzm
6
jeuu
9
lw
5
qhar
2
xhlhunao
css
delta
5
amp
language
en
amp
theme
homesite
amp
include
ejx
9
ugfuwyam
bant
0
iocqirwqybpp
39
wnu
12
zroqujozx
82
anokdplq
4
qgguxjwm
4
it
yfvjcwlmplpqylnorxomfxst
6
if
4
brgoczzpbbxozbysip
6
bkx
4
letmhxcflbu
2
fe
5
od
3
iqnfyndblezmogtrcu
0
apbuj
ge
9
mynxuux
9
degz
9
fkjijyqj
0
an
0
svfhexgdor
93
gcdpt
8
uwl
8
wadcxl
4
jst
fun
ulfqgqkprf
7
frbarpekahl
0
kaksubk
1
oib
2
ns
jj
trmpdjtetfvjkik
1
eglsodk
5
kidig
2
ysqk
2
pqimooeifgh
7
rcbhfmhes
4
fvyorswsq
9
pmcde
yw
7
mrz
ilbxijvn
7
ix
7
qkvr
ef
xfewhlm
script
src
use
fontawesome
com
releases
2
js
all
js
defer
crossorigin
anonymous
integrity
sha
nhxszw
9
pdeovg
8
bk
3
souxxtzormr
4
ncl
ogurt
6
kqgjavjaj
4
lfhjd
8
qxtol
script
src
use
fontawesome
com
releases
2
js
4
shims
js
defer
crossorigin
anonymous
integrity
sha
qx
63
xmht
9
mnrp
09
qomevrrxzomnz
1
cka
07
kyef
8
nq
qc
fndzroxdpmzplvjed
meta
name
facebook
domain
verification
content
kqxysnt
58
xt
32
fecchq
pdprr
94
skip
to
main
content
iframe
src
https://www.googletagmanager.com/ns.html
id
gtm
mmsdvqv
height
0
width
0
style
display
none
visibility
hidden
class
wordmark
anchor
href
title
wordmark
of
the
university
of
minnesota
twin
cities
alt
link
to
front
page
block
wordmark
of
the
university
of
minnesota
twin
cities
svg
class
block
svg
exp
xmlns
http://www.w3.org/2000/svg
viewbox
path
class
block
svg
path
fill
ffcd
33
1
1
zm
0
zm
91
0
32
zm
0
1
zm
0
7
basic
text
href
news
events
class
news
events
fake
1
news
and
events
basic
text
utility
menu
href
https://myu.umn.edu
title
myu
class
utility
menu
menu
link
myu
href
https://onestop.umn.edu
class
utility
menu
menu
link
one
stop
href
class
utility
menu
menu
link
jobs
svg
class
header
toggles
icon
svg
search
xmlns
http://www.w3.org/2000/svg
viewbox
path
zm
svg
class
header
toggles
icon
svg
close
xmlns
http://www.w3.org/2000/svg
viewbox
path
45
search
svg
class
header
toggles
icon
svg
menu
xmlns
http://www.w3.org/2000/svg
viewbox
path
zm
16
16
zm
16
16
svg
class
header
toggles
icon
svg
close
xmlns
http://www.w3.org/2000/svg
viewbox
path
45
menu
basic
text
svg
class
header
toggles
icon
svg
search
xmlns
http://www.w3.org/2000/svg
viewbox
path
zm
svg
class
header
toggles
icon
svg
close
xmlns
http://www.w3.org/2000/svg
viewbox
path
45
search
svg
class
header
toggles
icon
svg
menu
xmlns
http://www.w3.org/2000/svg
viewbox
path
zm
16
16
zm
16
16
svg
class
header
toggles
icon
svg
close
xmlns
http://www.w3.org/2000/svg
viewbox
path
45
menu
basic
text
close
search
area
svg
class
header
toggles
icon
svg
close
xmlns
http://www.w3.org/2000/svg
viewbox
path
45
basic
text
form
class
search
form
form
id
search
form
name
gs
role
search
action
https://usearch.umn.edu/
may
not
need
this
label
wave
is
flagging
it
as
an
orphaned
label
search
the
university
of
minnesota
twin
cities
campus
search
input
text
area
search
svg
class
search
form
button
icon
xmlns
http://www.w3.org/2000/svg
viewbox
path
zm
basic
text
common
search
terms
href
https://housing.umn.edu/
class
common
search
terms
menu
link
housing
href
https://lib.umn.edu/
class
common
search
terms
menu
link
libraries
href
https://bookstores.umn.edu/
class
common
search
terms
menu
link
bookstore
href
class
common
search
terms
menu
link
tuition
cost
href
https://onestop.umn.edu/dates-and-deadlines
class
common
search
terms
menu
link
academic
calendar
news
section
menu
href
news
events
class
news
menu
menu
link
data
drupal
link
system
path
node
topics
href
news
events
story
archive
class
news
menu
menu
link
data
drupal
link
system
path
node
story
archive
href
news
events
for
journalists
class
news
menu
menu
link
data
drupal
link
system
path
node
for
journalists
href
https://events.tc.umn.edu/
class
news
menu
menu
link
events
task
list
href
https://myu.umn.edu
class
task
list
menu
link
myu
href
https://onestop.umn.edu/
class
task
list
menu
link
one
stop
href
class
task
list
menu
link
jobs
href
news
events
class
sf
depth
1
menuparent
aria
haspopup
true
aria
expanded
false
topics
href
news
events
topic
agriculture
environment
class
sf
depth
2
agriculture
amp
environment
href
news
events
topic
architecture
design
class
sf
depth
2
architecture
amp
design
href
news
events
topic
arts
humanities
class
sf
depth
2
arts
amp
humanities
href
news
events
topic
business
management
class
sf
depth
2
business
amp
management
href
news
events
topic
campus
affairs
class
sf
depth
2
campus
affairs
href
news
events
topic
education
class
sf
depth
2
education
href
news
events
topic
health
class
sf
depth
2
health
href
news
events
topic
law
policy
class
sf
depth
2
law
amp
policy
href
news
events
topic
science
technology
class
sf
depth
2
science
amp
technology
href
news
events
topic
social
sciences
class
sf
depth
2
social
sciences
href
news
events
topic
sports
recreation
class
sf
depth
2
sports
amp
recreation
href
news
events
story
archive
class
is
active
sf
depth
1
story
archive
href
news
events
for
journalists
class
sf
depth
1
for
journalists
href
https://events.tc.umn.edu/
class
sf
depth
1
sf
external
events
breadcrumb
href
home
href
news
events
news
amp
events
story
archive
article
about
news
events
story
archive
class
node
node
type
for
journalists
node
promoted
node
view
mode
full
for
journalists
story
archive
displaying
1
20
of
form
class
views
exposed
form
bef
exposed
form
data
bef
auto
submit
full
form
data
bef
auto
submit
data
bef
auto
submit
delay
data
drupal
selector
views
exposed
form
news
archive
embed
1
action
news
events
story
archive
method
get
id
views
exposed
form
news
archive
embed
1
accept
charset
utf
8
input
data
bef
auto
submit
exclude
data
drupal
selector
edit
search
type
text
id
edit
search
name
search
value
size
30
maxlength
class
form
text
category
agriculture
and
environment
architecture
and
design
arts
and
humanities
business
and
management
campus
affairs
education
health
law
and
policy
science
and
technology
social
sciences
sports
and
recreation
news
type
expert
alert
feature
news
release
research
brief
talking
with
of
input
data
bef
auto
submit
click
data
drupal
selector
edit
submit
news
archive
type
submit
id
edit
submit
news
archive
value
search
class
button
js
form
submit
form
submit
article
about
news
events
changing
minds
about
substance
use
class
node
node
news
news
teaser
small
health
conditions
health
data
news
article
topic
health
data
news
article
type
feature
data
news
article
feature
level
feature
level
2
class
news
teaser
main
image
href
news
events
changing
minds
about
substance
use
source
srcset
sites
twin
cities
umn
edu
files
styles
mobile
public
madelyn
blake
jpg
itok
wggpchif
1
media
screen
and
min
width
px
type
image
jpeg
width
height
source
srcset
data
image
gif
base
64
0
lgodlhaqabaiabap
waaach
5
baekaaealaaaaaabaaeaaaictaeaow
1
type
image
gif
width
1
height
1
img
loading
lazy
itemprop
image
loading
eager
src
data
image
gif
base
64
0
lgodlhaqabaiabap
waaach
5
baekaaealaaaaaabaaeaaaictaeaow
width
1
height
1
alt
madelyn
blake
in
black
typeof
foaf
image
feature
href
news
events
changing
minds
about
substance
use
rel
bookmark
changing
minds
about
substance
use
new
graduate
helped
launch
nonprofit
to
educate
high
school
students
about
addiction
article
about
news
events
study
uncovers
basis
covid
19
related
brain
fog
class
node
node
news
news
teaser
small
covid
19
health
data
news
article
topic
health
data
news
article
type
research
brief
data
news
article
feature
level
class
news
teaser
main
image
href
news
events
study
uncovers
basis
covid
19
related
brain
fog
source
srcset
sites
twin
cities
umn
edu
files
styles
mobile
public
unews
20
image
20
templates
29
jpg
itok
fgbypi
1
1
media
screen
and
min
width
px
type
image
jpeg
width
height
source
srcset
data
image
gif
base
64
0
lgodlhaqabaiabap
waaach
5
baekaaealaaaaaabaaeaaaictaeaow
1
type
image
gif
width
1
height
1
img
loading
lazy
itemprop
image
loading
eager
src
data
image
gif
base
64
0
lgodlhaqabaiabap
waaach
5
baekaaealaaaaaabaaeaaaictaeaow
width
1
height
1
alt
microscopic
view
of
the
virus
that
causes
covid
19
quot
image
size
for
web
75
scale
in
email
typeof
foaf
image
research
brief
href
news
events
study
uncovers
basis
covid
19
related
brain
fog
rel
bookmark
study
uncovers
the
basis
of
covid
19
related
brain
fog
nbsp
neurological
symptoms
have
been
widely
observed
in
covid
19
patients
with
many
survivors
exhibiting
persistent
neurological
and
cognitive
impairment
new
research
from
the
university
of
minnesota
found
that
covid
19
triggers
inflammation
in
the
brain
which
is
linked
to
many
covid
related
symptoms
such
as
fatigue
and
brain
fog
article
about
news
events
talking
back
school
nutrition
class
node
node
news
news
teaser
small
food
health
data
news
article
topic
health
data
news
article
type
talking
with
of
data
news
article
feature
level
class
news
teaser
main
image
href
news
events
talking
back
school
nutrition
source
srcset
sites
twin
cities
umn
edu
files
styles
mobile
public
unews
20
image
20
templates
jpg
itok
bl
jbxci
1
media
screen
and
min
width
px
type
image
jpeg
width
height
source
srcset
data
image
gif
base
64
0
lgodlhaqabaiabap
waaach
5
baekaaealaaaaaabaaeaaaictaeaow
1
type
image
gif
width
1
height
1
img
loading
lazy
itemprop
image
loading
eager
src
data
image
gif
base
64
0
lgodlhaqabaiabap
waaach
5
baekaaealaaaaaabaaeaaaictaeaow
width
1
height
1
alt
photo
of
healthy
lunch
box
for
children
and
backpack
with
school
supplies
on
wooden
table
next
to
head
shot
image
of
joanne
slavin
typeof
foaf
image
talking
with
of
href
news
events
talking
back
school
nutrition
rel
bookmark
talking
back
to
school
nutrition
with
of
back
to
school
means
new
schedules
and
routines
for
the
whole
family
and
meal
times
are
no
exception
nbsp
nbsp
article
about
news
events
new
kind
physician
pipeline
class
node
node
news
news
teaser
small
health
data
news
article
topic
health
data
news
article
type
feature
data
news
article
feature
level
feature
level
2
class
news
teaser
main
image
href
news
events
new
kind
physician
pipeline
source
srcset
sites
twin
cities
umn
edu
files
styles
mobile
public
physician
pipeline
jpg
itok
shiuuunp
1
media
screen
and
min
width
px
type
image
jpeg
width
height
source
srcset
data
image
gif
base
64
0
lgodlhaqabaiabap
waaach
5
baekaaealaaaaaabaaeaaaictaeaow
1
type
image
gif
width
1
height
1
img
loading
lazy
itemprop
image
loading
eager
src
data
image
gif
base
64
0
lgodlhaqabaiabap
waaach
5
baekaaealaaaaaabaaeaaaictaeaow
width
1
height
1
alt
recent
graduates
of
the
ba
md
scholars
program
7
total
typeof
foaf
image
feature
href
news
events
new
kind
physician
pipeline
rel
bookmark
new
kind
of
physician
pipeline
the
ba
md
scholars
program
provides
unique
pathway
for
students
to
become
physicians
article
about
news
events
new
study
finds
cell
donors
socioeconomic
status
shapes
cancer
treatment
outcomes
class
node
node
news
news
teaser
small
health
conditions
health
data
news
article
topic
health
data
news
article
type
news
release
data
news
article
feature
level
class
news
teaser
main
image
href
news
events
new
study
finds
cell
donors
socioeconomic
status
shapes
cancer
treatment
outcomes
source
srcset
sites
twin
cities
umn
edu
files
styles
mobile
public
unnamed
4
jpg
itok
jkwbgbg
media
screen
and
min
width
px
type
image
jpeg
width
height
source
srcset
data
image
gif
base
64
0
lgodlhaqabaiabap
waaach
5
baekaaealaaaaaabaaeaaaictaeaow
1
type
image
gif
width
1
height
1
img
loading
lazy
itemprop
image
loading
eager
src
data
image
gif
base
64
0
lgodlhaqabaiabap
waaach
5
baekaaealaaaaaabaaeaaaictaeaow
width
1
height
1
alt
digital
rendering
of
blood
cells
typeof
foaf
image
news
release
href
news
events
new
study
finds
cell
donors
socioeconomic
status
shapes
cancer
treatment
outcomes
rel
bookmark
new
study
finds
cell
donors
socioeconomic
status
shapes
cancer
treatment
outcomes
of
medical
school
research
found
the
socioeconomic
status
of
donors
affects
the
health
outcomes
of
blood
cancer
patients
who
underwent
hematopoietic
cell
transplantation
nbsp
article
about
news
events
geographic
racial
imbalances
investigations
sudden
unexpected
infant
death
class
node
node
news
news
teaser
small
population
health
health
data
news
article
topic
health
data
news
article
type
research
brief
data
news
article
feature
level
class
news
teaser
main
image
href
news
events
geographic
racial
imbalances
investigations
sudden
unexpected
infant
death
source
srcset
sites
twin
cities
umn
edu
files
styles
mobile
public
unews
20
image
20
templates
png
itok
za
13
wjiu
1
media
screen
and
min
width
px
type
image
png
width
height
source
srcset
data
image
gif
base
64
0
lgodlhaqabaiabap
waaach
5
baekaaealaaaaaabaaeaaaictaeaow
1
type
image
gif
width
1
height
1
img
loading
lazy
itemprop
image
loading
eager
src
data
image
gif
base
64
0
lgodlhaqabaiabap
waaach
5
baekaaealaaaaaabaaeaaaictaeaow
width
1
height
1
alt
grey
chair
next
to
cream
crib
in
bedroom
typeof
foaf
image
research
brief
href
news
events
geographic
racial
imbalances
investigations
sudden
unexpected
infant
death
rel
bookmark
geographic
racial
imbalances
in
investigations
of
sudden
unexpected
infant
death
about
infants
die
suddenly
and
unexpectedly
in
the
every
year
but
these
tragic
events
do
not
fall
evenly
across
populations
deaths
are
notably
higher
among
indigenous
and
black
infants
compared
with
white
infants
and
rural
areas
have
some
of
the
nations
highest
unexpected
death
rates
nbsp
article
about
news
events
cidrap
releases
roadmap
producing
tools
combat
lassa
fever
class
node
node
news
news
teaser
small
infectious
diseases
health
data
news
article
topic
health
data
news
article
type
news
release
data
news
article
feature
level
class
news
teaser
main
image
href
news
events
cidrap
releases
roadmap
producing
tools
combat
lassa
fever
source
srcset
sites
twin
cities
umn
edu
files
styles
mobile
public
lassa
20
20
niaid
20
20
cover
jpeg
itok
dhcjlzqq
1
media
screen
and
min
width
px
type
image
jpeg
width
height
source
srcset
data
image
gif
base
64
0
lgodlhaqabaiabap
waaach
5
baekaaealaaaaaabaaeaaaictaeaow
1
type
image
gif
width
1
height
1
img
loading
lazy
itemprop
image
loading
eager
src
data
image
gif
base
64
0
lgodlhaqabaiabap
waaach
5
baekaaealaaaaaabaaeaaaictaeaow
width
1
height
1
alt
scanning
electron
micrograph
of
lassa
virus
budding
off
cell
typeof
foaf
image
news
release
href
news
events
cidrap
releases
roadmap
producing
tools
combat
lassa
fever
rel
bookmark
cidrap
releases
amp
roadmap
for
producing
tools
to
combat
lassa
fever
roadmap
prioritizes
medical
countermeasuresspecifically
diagnostics
therapeutics
and
vaccinesagainst
lassa
fever
article
about
news
events
cidrap
releases
roadmap
developing
tools
combat
nipah
virus
class
node
node
news
news
teaser
small
infectious
diseases
health
data
news
article
topic
health
data
news
article
type
news
release
data
news
article
feature
level
class
news
teaser
main
image
href
news
events
cidrap
releases
roadmap
developing
tools
combat
nipah
virus
source
srcset
sites
twin
cities
umn
edu
files
styles
mobile
public
nipah
cover
jpg
itok
dull
5
ic
1
media
screen
and
min
width
px
type
image
jpeg
width
height
source
srcset
data
image
gif
base
64
0
lgodlhaqabaiabap
waaach
5
baekaaealaaaaaabaaeaaaictaeaow
1
type
image
gif
width
1
height
1
img
loading
lazy
itemprop
image
loading
eager
src
data
image
gif
base
64
0
lgodlhaqabaiabap
waaach
5
baekaaealaaaaaabaaeaaaictaeaow
width
1
height
1
alt
colorized
transmission
electron
micrograph
of
mature
extracellular
nipah
virus
particles
teal
near
the
periphery
of
an
infected
vero
cell
purple
typeof
foaf
image
news
release
href
news
events
cidrap
releases
roadmap
developing
tools
combat
nipah
virus
rel
bookmark
cidrap
releases
amp
roadmap
for
developing
tools
to
combat
nipah
virus
roadmap
will
accelerate
the
development
of
medical
countermeasures
to
enable
effective
and
timely
emergency
response
to
nipah
virus
outbreaks
nbsp
article
about
news
events
naloxone
witnessed
overdoses
could
reduce
opioid
related
deaths
class
node
node
news
news
teaser
small
health
policy
health
data
news
article
topic
health
data
news
article
type
research
brief
data
news
article
feature
level
class
news
teaser
main
image
href
news
events
naloxone
witnessed
overdoses
could
reduce
opioid
related
deaths
source
srcset
sites
twin
cities
umn
edu
files
styles
mobile
public
unews
20
image
20
templates
99
png
itok
tqaoixct
1
media
screen
and
min
width
px
type
image
png
width
height
source
srcset
data
image
gif
base
64
0
lgodlhaqabaiabap
waaach
5
baekaaealaaaaaabaaeaaaictaeaow
1
type
image
gif
width
1
height
1
img
loading
lazy
itemprop
image
loading
eager
src
data
image
gif
base
64
0
lgodlhaqabaiabap
waaach
5
baekaaealaaaaaabaaeaaaictaeaow
width
1
height
1
alt
five
adults
sitting
in
circle
typeof
foaf
image
research
brief
href
news
events
naloxone
witnessed
overdoses
could
reduce
opioid
related
deaths
rel
bookmark
naloxone
witnessed
overdoses
could
reduce
opioid
related
deaths
new
study
finds
increased
access
to
naloxone
combined
with
strategies
to
address
solitary
drug
use
nbsp
can
more
significantly
reduce
opioid
related
deaths
article
about
news
events
talking
wisdom
teeth
class
node
node
news
news
teaser
small
medical
health
data
news
article
topic
health
data
news
article
type
talking
with
of
data
news
article
feature
level
class
news
teaser
main
image
href
news
events
talking
wisdom
teeth
source
srcset
sites
twin
cities
umn
edu
files
styles
mobile
public
wisdom
20
teeth
jpg
itok
lv
6
dxmhh
1
media
screen
and
min
width
px
type
image
jpeg
width
height
source
srcset
data
image
gif
base
64
0
lgodlhaqabaiabap
waaach
5
baekaaealaaaaaabaaeaaaictaeaow
1
type
image
gif
width
1
height
1
img
loading
lazy
itemprop
image
loading
eager
src
data
image
gif
base
64
0
lgodlhaqabaiabap
waaach
5
baekaaealaaaaaabaaeaaaictaeaow
width
1
height
1
alt
an
image
of
three
removed
intact
molar
teeth
on
piece
of
white
gauze
chrome
mirror
tool
and
other
dental
tools
are
in
the
background
typeof
foaf
image
talking
with
of
href
news
events
talking
wisdom
teeth
rel
bookmark
talking
wisdom
teeth
with
of
dr
james
swift
with
the
school
of
dentistry
discusses
wisdom
teeth
why
theyre
often
removed
and
what
to
expect
if
removal
is
suggested
for
you
or
someone
you
know
article
about
news
events
why
mental
health
care
providers
decide
practice
rural
communities
class
node
node
news
news
teaser
small
health
policy
health
data
news
article
topic
health
data
news
article
type
research
brief
data
news
article
feature
level
class
news
teaser
main
image
href
news
events
why
mental
health
care
providers
decide
practice
rural
communities
source
srcset
sites
twin
cities
umn
edu
files
styles
mobile
public
unews
20
image
20
templates
98
png
itok
fkmrlj
5
1
media
screen
and
min
width
px
type
image
png
width
height
source
srcset
data
image
gif
base
64
0
lgodlhaqabaiabap
waaach
5
baekaaealaaaaaabaaeaaaictaeaow
1
type
image
gif
width
1
height
1
img
loading
lazy
itemprop
image
loading
eager
src
data
image
gif
base
64
0
lgodlhaqabaiabap
waaach
5
baekaaealaaaaaabaaeaaaictaeaow
width
1
height
1
alt
woman
with
curly
brown
hair
wearing
blue
sweater
holding
pen
and
clipboard
and
sitting
in
chair
typeof
foaf
image
research
brief
href
news
events
why
mental
health
care
providers
decide
practice
rural
communities
rel
bookmark
why
mental
health
care
providers
decide
to
practice
in
rural
communities
americans
living
in
rural
communities
experience
higher
rates
of
depression
and
suicide
than
people
who
live
in
urban
areas
these
long
standing
mental
health
inequities
are
attributed
to
wide
range
of
factors
including
affordability
accessibility
and
lingering
stigmas
around
receiving
care
nbsp
article
about
news
events
talking
mental
health
meds
class
node
node
news
news
teaser
small
pharmaceutical
health
data
news
article
topic
health
data
news
article
type
talking
with
of
data
news
article
feature
level
class
news
teaser
main
image
href
news
events
talking
mental
health
meds
source
srcset
sites
twin
cities
umn
edu
files
styles
mobile
public
mental
20
health
20
medications
jpg
itok
mnfnisk
1
media
screen
and
min
width
px
type
image
jpeg
width
height
source
srcset
data
image
gif
base
64
0
lgodlhaqabaiabap
waaach
5
baekaaealaaaaaabaaeaaaictaeaow
1
type
image
gif
width
1
height
1
img
loading
lazy
itemprop
image
loading
eager
src
data
image
gif
base
64
0
lgodlhaqabaiabap
waaach
5
baekaaealaaaaaabaaeaaaictaeaow
width
1
height
1
alt
the
hands
of
someone
wearing
white
lab
coat
are
holding
two
different
blister
packages
of
medications
underneath
there
is
an
open
drawer
with
other
medical
supplies
typeof
foaf
image
talking
with
of
href
news
events
talking
mental
health
meds
rel
bookmark
talking
mental
health
meds
with
of
dr
mark
schneiderhan
with
the
umd
college
of
pharmacy
talks
misconceptions
about
mental
health
medication
and
strategies
to
ensure
every
patient
receives
optimized
individualized
care
article
about
news
events
how
supply
chain
management
advances
health
care
women
rural
communities
class
node
node
news
news
teaser
small
health
policy
health
data
news
article
topic
health
data
news
article
type
research
brief
data
news
article
feature
level
class
news
teaser
main
image
href
news
events
how
supply
chain
management
advances
health
care
women
rural
communities
source
srcset
sites
twin
cities
umn
edu
files
styles
mobile
public
gettyimages
jpg
itok
6
rerkbda
1
media
screen
and
min
width
px
type
image
jpeg
width
height
source
srcset
data
image
gif
base
64
0
lgodlhaqabaiabap
waaach
5
baekaaealaaaaaabaaeaaaictaeaow
1
type
image
gif
width
1
height
1
img
loading
lazy
itemprop
image
loading
eager
src
data
image
gif
base
64
0
lgodlhaqabaiabap
waaach
5
baekaaealaaaaaabaaeaaaictaeaow
width
1
height
1
alt
close
up
of
hands
wearing
medical
gloves
handing
box
labeled
quot
pharmacy
quot
to
woman
typeof
foaf
image
research
brief
href
news
events
how
supply
chain
management
advances
health
care
women
rural
communities
rel
bookmark
how
supply
chain
management
advances
health
care
for
women
in
rural
communities
study
of
health
care
distribution
models
in
senegal
by
the
carlson
school
of
management
has
lessons
for
rural
care
providers
worldwide
article
about
news
events
ready
set
go
class
node
node
news
news
teaser
small
agriculture
and
environment
health
data
news
article
topic
agriculture
and
environment
data
news
article
type
feature
data
news
article
feature
level
feature
level
2
class
news
teaser
main
image
href
news
events
ready
set
go
source
srcset
sites
twin
cities
umn
edu
files
styles
mobile
public
michelle
20
bennett
2
20
wolfskull
20
creative
jpg
itok
ye
9
fitbl
1
media
screen
and
min
width
px
type
image
jpeg
width
height
source
srcset
data
image
gif
base
64
0
lgodlhaqabaiabap
waaach
5
baekaaealaaaaaabaaeaaaictaeaow
1
type
image
gif
width
1
height
1
img
loading
lazy
itemprop
image
loading
eager
src
data
image
gif
base
64
0
lgodlhaqabaiabap
waaach
5
baekaaealaaaaaabaaeaaaictaeaow
width
1
height
1
alt
koushik
sampath
photo
by
michelle
bennett
wolfskull
creative
typeof
foaf
image
feature
href
news
events
ready
set
go
rel
bookmark
ready
set
go
from
revolutionary
new
paper
drying
technique
to
new
take
on
cancer
therapy
the
3
minute
thesis
competition
offers
glimpse
into
outstanding
graduate
student
research
article
about
news
events
chicken
and
egg
class
node
node
news
news
teaser
small
agriculture
and
environment
health
data
news
article
topic
agriculture
and
environment
data
news
article
type
feature
data
news
article
feature
level
feature
level
2
class
news
teaser
main
image
href
news
events
chicken
and
egg
source
srcset
sites
twin
cities
umn
edu
files
styles
mobile
public
photo
20
by
20
shelly
20
mosman
jpg
itok
hdqr
1
knx
1
media
screen
and
min
width
px
type
image
jpeg
width
height
source
srcset
data
image
gif
base
64
0
lgodlhaqabaiabap
waaach
5
baekaaealaaaaaabaaeaaaictaeaow
1
type
image
gif
width
1
height
1
img
loading
lazy
itemprop
image
loading
eager
src
data
image
gif
base
64
0
lgodlhaqabaiabap
waaach
5
baekaaealaaaaaabaaeaaaictaeaow
width
1
height
1
alt
myah
walker
in
bright
red
dress
holding
chicken
with
decorative
rug
background
photo
by
shelly
mosman
typeof
foaf
image
feature
href
news
events
chicken
and
egg
rel
bookmark
the
chicken
and
the
egg
myah
walker
spent
years
working
in
commercial
egg
production
and
now
serves
with
the
minnesota
board
of
animal
health
article
about
news
events
new
study
reveals
stark
partisan
differences
perceptions
covid
19
disparities
us
class
node
node
news
news
teaser
small
health
policy
health
data
news
article
topic
health
data
news
article
type
research
brief
data
news
article
feature
level
class
news
teaser
main
image
href
news
events
new
study
reveals
stark
partisan
differences
perceptions
covid
19
disparities
us
source
srcset
sites
twin
cities
umn
edu
files
styles
mobile
public
partisan
covid
jpg
itok
zif
cqga
1
media
screen
and
min
width
px
type
image
jpeg
width
height
source
srcset
data
image
gif
base
64
0
lgodlhaqabaiabap
waaach
5
baekaaealaaaaaabaaeaaaictaeaow
1
type
image
gif
width
1
height
1
img
loading
lazy
itemprop
image
loading
eager
src
data
image
gif
base
64
0
lgodlhaqabaiabap
waaach
5
baekaaealaaaaaabaaeaaaictaeaow
width
1
height
1
alt
three
people
wearing
medical
masks
on
street
approach
the
camera
typeof
foaf
image
research
brief
href
news
events
new
study
reveals
stark
partisan
differences
perceptions
covid
19
disparities
us
rel
bookmark
new
study
reveals
stark
partisan
differences
in
perceptions
of
covid
19
disparities
in
the
democrats
and
republicans
are
increasingly
divided
in
their
views
of
public
health
department
authority
to
reduce
the
spread
of
pandemics
and
the
root
causes
of
inequities
article
about
news
events
light
end
long
dark
night
class
node
node
news
news
teaser
small
health
conditions
health
data
news
article
topic
health
data
news
article
type
feature
data
news
article
feature
level
feature
level
2
class
news
teaser
main
image
href
news
events
light
end
long
dark
night
source
srcset
sites
twin
cities
umn
edu
files
styles
mobile
public
albott
steffens
jpg
itok
vowg
0
eev
1
media
screen
and
min
width
px
type
image
jpeg
width
height
source
srcset
data
image
gif
base
64
0
lgodlhaqabaiabap
waaach
5
baekaaealaaaaaabaaeaaaictaeaow
1
type
image
gif
width
1
height
1
img
loading
lazy
itemprop
image
loading
eager
src
data
image
gif
base
64
0
lgodlhaqabaiabap
waaach
5
baekaaealaaaaaabaaeaaaictaeaow
width
1
height
1
alt
becky
steffens
and
cristina
albott
typeof
foaf
image
feature
href
news
events
light
end
long
dark
night
rel
bookmark
light
at
the
end
of
long
dark
night
after
decades
of
battling
depression
patient
finds
the
right
doctor
at
the
of
article
about
news
events
talking
loneliness
class
node
node
news
news
teaser
small
health
policy
health
data
news
article
topic
health
data
news
article
type
talking
with
of
data
news
article
feature
level
class
news
teaser
main
image
href
news
events
talking
loneliness
source
srcset
sites
twin
cities
umn
edu
files
styles
mobile
public
unews
20
image
20
templates
67
png
itok
1
nnwud
media
screen
and
min
width
px
type
image
png
width
height
source
srcset
data
image
gif
base
64
0
lgodlhaqabaiabap
waaach
5
baekaaealaaaaaabaaeaaaictaeaow
1
type
image
gif
width
1
height
1
img
loading
lazy
itemprop
image
loading
eager
src
data
image
gif
base
64
0
lgodlhaqabaiabap
waaach
5
baekaaealaaaaaabaaeaaaictaeaow
width
1
height
1
alt
portrait
of
carrie
henning
smith
smith
wearing
grey
cardigan
leaning
against
tree
typeof
foaf
image
talking
with
of
href
news
events
talking
loneliness
rel
bookmark
talking
loneliness
with
of
the
surgeon
general
recently
declared
loneliness
an
epidemic
and
threat
to
public
health
and
estimates
note
about
half
of
the
population
is
experiencing
loneliness
associate
professor
carrie
henning
smith
from
the
university
of
minnesota
school
of
public
health
answers
questions
about
loneliness
and
steps
people
can
take
if
theyre
experiencing
it
nbsp
article
about
news
events
talking
hearing
loss
and
aging
class
node
node
news
news
teaser
small
health
conditions
health
data
news
article
topic
health
data
news
article
type
talking
with
of
data
news
article
feature
level
class
news
teaser
main
image
href
news
events
talking
hearing
loss
and
aging
source
srcset
sites
twin
cities
umn
edu
files
styles
mobile
public
unews
20
image
20
templates
95
png
itok
otcrfemo
1
media
screen
and
min
width
px
type
image
png
width
height
source
srcset
data
image
gif
base
64
0
lgodlhaqabaiabap
waaach
5
baekaaealaaaaaabaaeaaaictaeaow
1
type
image
gif
width
1
height
1
img
loading
lazy
itemprop
image
loading
eager
src
data
image
gif
base
64
0
lgodlhaqabaiabap
waaach
5
baekaaealaaaaaabaaeaaaictaeaow
width
1
height
1
alt
woman
in
her
60
wearing
hearing
aid
typeof
foaf
image
talking
with
of
href
news
events
talking
hearing
loss
and
aging
rel
bookmark
talking
hearing
loss
and
aging
with
of
many
minnesotans
experience
changes
to
hearing
and
speech
as
they
age
one
third
of
adults
over
65
have
hearing
loss
that
significantly
affects
their
lives
article
about
news
events
envisioning
future
without
brain
tumors
class
node
node
news
news
teaser
small
animals
health
data
news
article
topic
health
data
news
article
type
feature
data
news
article
feature
level
feature
level
2
class
news
teaser
main
image
href
news
events
envisioning
future
without
brain
tumors
source
srcset
sites
twin
cities
umn
edu
files
styles
mobile
public
urel
24
arnold
zp
jpg
itok
3
dbqcd
media
screen
and
min
width
px
type
image
jpeg
width
height
source
srcset
data
image
gif
base
64
0
lgodlhaqabaiabap
waaach
5
baekaaealaaaaaabaaeaaaictaeaow
1
type
image
gif
width
1
height
1
img
loading
lazy
itemprop
image
loading
eager
src
data
image
gif
base
64
0
lgodlhaqabaiabap
waaach
5
baekaaealaaaaaabaaeaaaictaeaow
width
1
height
1
alt
susan
arnold
poses
for
photo
typeof
foaf
image
feature
href
news
events
envisioning
future
without
brain
tumors
rel
bookmark
envisioning
future
without
brain
tumors
triumph
and
tragedy
inspired
career
shift
for
one
veterinary
professor
pagination
current
page
1
page
2
page
3
page
4
page
5
page
6
page
7
hellip
next
page
next
last
page
last
svg
xmlns
http://www.w3.org/2000/svg
class
system
campus
map
footer
mn
campus
map
id
footer
map
data
name
footer
map
viewbox
defs
path
class
footer
map
mn
1
35
23
37
57
49
24
8
43
52
17
79
8
14
1
58
62
19
48
15
1
37
56
09
5
68
58
37
76
69
23
11
44
5
1
07
6
13
13
77
17
78
41
8
43
47
47
14
75
36
8
77
61
2
94
47
5
19
83
34
78
81
7
71
33
22
56
58
19
09
48
1
48
34
9
0
1
33
16
38
92
16
2
36
11
5
61
08
75
34
44
9
35
51
5
44
49
48
13
17
1
6
2
0
51
94
76
44
14
66
0
23
2
59
79
77
5
13
8
8
52
42
91
69
0
43
1
77
2
58
41
2
1
6
34
52
1
51
17
64
09
68
3
92
65
2
34
58
64
86
47
1
0
1
7
26
44
52
32
67
18
51
37
19
92
55
24
72
21
83
68
92
36
43
11
68
15
29
0
91
19
4
73
5
12
59
52
25
43
5
29
0
63
01
89
transform
translate
15
fill
fec
class
footer
map
crookston
xlink
href
https://crk.umn.edu
href
https://crk.umn.edu
title
university
of
minnesota
crookston
umn
crookston
circle
cx
cy
class
footer
map
morris
href
https://www4.morris.umn.edu
xlink
href
https://www4.morris.umn.edu
title
university
of
minnesota
morris
umn
morris
circle
cx
cy
class
footer
map
duluth
href
https://d.umn.edu
xlink
href
https://d.umn.edu
title
university
of
minnesota
duluth
umn
duluth
circle
cx
cy
href
https://twin-cities.umn.edu
xlink
href
https://twin-cities.umn.edu
class
footer
map
tc
title
university
of
minnesota
twin
cities
umn
twin
cities
circle
cx
cy
xlink
href
https://r.umn.edu
href
https://r.umn.edu
class
footer
map
rochester
title
university
of
minnesota
rochester
umn
rochester
circle
cx
cy
system
campuses
href
https://system.umn.edu
class
campus
list
link
system
website
href
https://www.crk.umn.edu/
class
campus
list
link
crookston
href
https://www.d.umn.edu/
class
campus
list
link
duluth
href
https://morris.umn.edu/
class
campus
list
link
morris
href
https://r.umn.edu/
class
campus
list
link
rochester
href
https://twin-cities.umn.edu
class
campus
list
link
twin
cities
basic
text
for
journalists
href
news
events
expert
search
class
for
journalists
menu
link
data
drupal
link
system
path
node
find
an
expert
href
news
events
for
journalists
class
for
journalists
menu
link
data
drupal
link
system
path
node
for
journalists
href
news
events
guidelines
journalists
class
for
journalists
menu
link
data
drupal
link
system
path
node
guidelines
for
journalists
href
news
events
meet
twin
cities
public
relations
team
class
for
journalists
menu
link
data
drupal
link
system
path
node
meet
the
pr
team
contact
class
news
contact
email
href
cdn
cgi
email
protection
email
protected
basic
text
all
that
we
do
we
do
for
you
class
btn
bg
maroon
btn
dearmn
href
https://system.umn.edu/dearmn
dear
minnesota
campaign
basic
text
connect
with
us
class
social
menu
link
fb
href
https://www.facebook.com/UofMN
link
to
of
facebook
page
class
social
menu
link
in
href
https://www.instagram.com/umntwincities
link
to
of
instagram
page
class
social
menu
link
li
href
link
to
of
linkedin
page
class
social
menu
link
tiktok
href
https://www.tiktok.com/
umntwincities
link
to
of
tiktok
account
class
social
menu
link
tw
href
https://twitter.com/umnews
link
to
of
twitter
page
class
social
menu
link
yt
href
link
to
of
youtube
page
basic
text
class
wordmark
anchor
href
title
wordmark
of
the
university
of
minnesota
twin
cities
alt
link
to
front
page
mobile
wordmark
wordmark
of
the
university
of
minnesota
twin
cities
svg
class
wordmark
mobile
xmlns
http://www.w3.org/2000/svg
data
name
wordmark
mobile
viewbox
path
class
wordmark
system
block
1
1
1
1
91
1
54
7
1
zm
0
57
9
0
0
0
85
59
31
zm
1
1
1
0
0
0
13
22
36
36
31
12
11
74
4
zm
49
1
1
1
1
1
48
1
zm
0
path
class
wordmark
system
umn
42
76
47
zm
11
zm
76
zm
71
1
1
0
82
52
81
zm
zm
14
76
44
88
76
0
16
71
8
77
zm
78
1
71
07
87
94
zm
15
94
43
7
42
19
7
77
zm
15
94
43
7
7
77
zm
78
5
86
5
zm
76
77
73
77
zm
11
zm
76
zm
77
77
88
77
0
16
72
zm
46
72
76
23
72
46
zm
51
77
76
9
3
09
39
77
0
1
0
16
69
03
58
27
zm
77
6
1
71
07
87
3
94
zm
77
77
55
3
zm
14
77
44
88
77
0
16
71
8
77
51
zm
49
52
77
6
zm
32
zm
76
77
73
zm
77
77
6
21
77
6
1
06
zm
78
91
64
zm
15
94
43
7
19
7
77
full
wordmark
svg
class
wordmark
system
left
aligned
xmlns
http://www.w3.org/2000/svg
viewbox
38
path
class
wordmark
system
2
4
zm
2
zm
1
2
zm
8
zm
zm
6
59
zm
38
zm
zm
0
9
zm
0
1
0
9
7
zm
2
zm
7
zm
4
zm
zm
zm
zm
8
1
5
5
8
6
0
zm
6
6
2
zm
zm
0
zm
2
zm
2
9
2
zm
zm
3
1
2
path
class
wordmark
system
umn
5
8
8
4
9
3
5
2
zm
3
zm
zm
1
9
2
4
1
2
5
9
3
9
7
4
2
6
1
0
4
8
2
4
zm
3
zm
8
2
8
6
5
0
7
4
4
9
3
9
8
3
1
zm
3
2
8
2
7
5
1
1
7
7
2
8
5
6
4
1
zm
4
1
4
0
8
5
5
4
4
5
zm
4
1
2
8
5
5
4
4
zm
5
4
5
7
6
5
5
6
zm
9
3
4
5
zm
7
zm
zm
5
9
3
5
6
5
5
0
4
5
zm
4
8
1
5
0
9
3
4
5
4
8
zm
5
1
6
1
0
5
3
1
2
7
1
3
6
5
4
2
1
5
5
zm
3
2
8
1
1
8
7
5
1
1
7
7
2
8
5
6
4
1
zm
9
3
4
5
5
zm
8
2
8
6
5
7
4
9
3
9
8
zm
2
7
5
9
3
2
5
2
4
5
zm
3
zm
9
3
4
5
zm
0
1
8
1
4
1
1
4
4
5
1
5
zm
5
zm
5
1
2
8
5
4
5
href
https://www.crk.umn.edu/
class
campus
menu
link
campus
crookston
crookston
href
https://www.d.umn.edu/
class
campus
menu
link
campus
duluth
duluth
href
https://morris.umn.edu/
class
campus
menu
link
campus
morris
morris
href
https://r.umn.edu/
class
campus
menu
link
campus
rochester
rochester
href
class
campus
menu
link
campus
tc
campus
highlight
twin
cities
basic
text
script
data
cfasync
false
src
cdn
cgi
scripts
dd
cloudflare
static
email
decode
min
js
document
write
new
date
getfullyear
regents
of
the
university
of
minnesota
all
rights
reserved
the
university
of
minnesota
is
an
equal
opportunity
educator
and
employer
href
node
class
privacy
statement
link
privacy
statement
href
ref
url
https://twin-cities.umn.edu/content/home
class
privacy
statement
link
report
web
disability
related
issue
basic
text
class
footer
feedback
href
https://umn.qualtrics.com/SE/
sid
sv
6
fgtbwzdtu
4
lhxj
page
story
archive
website
feedback
script
type
application
json
data
drupal
selector
drupal
settings
json
path
baseurl
pathprefix
currentpath
node
currentpathisadmin
false
isfront
false
currentlanguage
en
currentquery
title
topic
pluraldelimiter
suppressdeprecationerrors
true
gtm
tagid
null
settings
data
layer
datalayer
include
classes
false
allowlist
classes
blocklist
classes
include
environment
false
environment
id
environment
token
tagids
gtm
mmsdvqv
gtag
tagid
consentmode
false
otherids
events
additionalconfiginfo
ajaxpagestate
libraries
ejx
9
ugfuwyam
bcfjyghoitvyizn
ro
3
abkonixtno
07
gaposdoxi
0
riomsacvfjy
yfvjcxzoieq
2
dyekwvofkk
0
qdjowyr
9
yumtjwlbbmqwpg
2
jfobcuwbrct
0
anxmgtxswug
yu
1
en
vjurk
morchsiz
3
qu
2
cor
avbwle
1
kjosj
0
ji
ycx
9
3
mzh
0
jkhtdrbyohwkkhcn
1
og
8
lek
9
ab
9
elprkf
9
ykbdcsinpnxtubui
7
ubqiyupkkd
2
kcu
4
ubwk
vmwvtu
uzmxz
sdmlgh
7
jdstm
7
vtgtmpvzlcceyajvwjbrob
7
il
ycvsqoqa
sebywhiryjf
1
hm
4
ycjmp
6
lf
ozlm
5
oavzpxxebee
6
exzfyesw
theme
homesite
theme
token
null
ajaxtrustedurl
news
events
story
archive
true
back
to
top
back
to
top
button
trigger
back
to
top
prevent
on
mobile
true
back
to
top
prevent
in
admin
false
back
to
top
button
type
text
back
to
top
button
text
back
to
top
pwa
service
worker
cache
version
0
beta
2
1
installpath
service
worker
data
scope
superfish
superfish
news
menu
id
superfish
news
menu
sf
animation
opacity
show
height
show
speed
fast
dropshadows
false
plugins
touchscreen
behaviour
1
mode
always
active
smallscreen
mode
window
width
title
news
section
menu
supposition
true
supersubs
true
ajax
user
uid
0
permissionshash
5
fc
bbd
fcffdfa
06
dd
ebb
bb
da
script
src
sites
twin
cities
umn
edu
files
js
optimized
js
dxivcwvq
00
owlgougptfryxu
5
rnj
8
xi
0
cxfb
3
kn
58
jqt
3
sqfawrcv
bihpthkbvs
0
oevtffmqpf
lyi
cxo
js
1
script
src
sites
twin
cities
umn
edu
files
js
optimized
js
0
io
3
no
0
csyhgjmryebhwpkh
5
zx
dhvawbt
4
ufwya
hrn
4
fplp
kdvbjquv
0
fegthdkwrmza
2
zbldv
1
jy
js
1
script
src
sites
twin
cities
umn
edu
files
js
optimized
js
hpe
5
jrmukxrv
4
hstmapxjsnbxraagchurtjxkwwkqy
oqqd
idevojmcfaqtgs
4
scq
gaqcikr
js
7
script
src
sites
twin
cities
umn
edu
files
js
optimized
js
1
orq
kjlxbzaeklotpue
0
rs
94
hj
3
gsqxkikc
lnsctcfrblythm
5
cd
96
fiidykhzyrbif
4
cboucr
5
fxc
js
7
script
src
sites
twin
cities
umn
edu
files
js
optimized
js
krjtvzl
6
uujb
23
sf
6
dqocbqg
ej
ru
9
bgsg
kjk
12
bmqygwzhtltsh
40
oafzj
1
jsdd
0
rpt
9
uk
js
7
script
src
sites
twin
cities
umn
edu
files
js
optimized
js
mjv
4
qhov
eqeypzwvwqhcmokp
3
cu
36
uhh
9
trnxfy
cjf
84
dv
0
pjh
3
kpaqgwzs
njs
45
qpbxavepb
7
uaw
uh
8
js
7
script
src
sites
twin
cities
umn
edu
files
js
optimized
js
wmhavmnc
xz
9
vlx
51
qtrqft
74
puvzximwnnuypbm
hmklreeyciv
9
gnfhxv
81
wuxqmj
cjeqgyjrzlxrtw
js
0
script
src
static
addtoany
com
menu
page
js
async
script
src
sites
twin
cities
umn
edu
files
js
optimized
js
yklxvkp
5
rvcarvrf
36
wqkum
3
dkr
3
rl
1
qumystw
ikup
2
su
4
ibyhfahx
4
rmmy
3
bfadu
rdntq
5
xxsrcx
2
js
7
script
src
sites
twin
cities
umn
edu
files
js
optimized
js
ipoi
2
elc
eqvsphdmitrofl
dttzkyje
1
olvfj
8
cm
1
qsoecohgiwjouz
8
awl
4
gdoct
9
pvthtpbttqc
4
orweo
js
7
script
src
sites
twin
cities
umn
edu
files
js
optimized
js
yukbifzarwbwwtsedwvfh
43
pxffutzkzlwajd
9
sy
1
ye
sddct
7
elhwr
pbdqr
4
klo
3
if
rprimlrs
7
eg
js
7
script
src
use
fontawesome
com
releases
2
js
all
js
script
src
sites
twin
cities
umn
edu
files
js
optimized
js
prlh
7
lw
4
ajcwqmsbrndhnilvq
uzdqu
3
vezhm
hxdswjtetar
8
pa
4
rlmt
4
hzjpoxx
2
sqjlmtwd
ov
7
js
7
script
src
sites
twin
cities
umn
edu
files
js
optimized
js
lwyke
47
qw
amibwnnasiaxp
32
bauvr
70
yofgkss
mpqykw
4
ke
27
ebwtsspfoafur
6
hbkpwgtf
vcnvn
0
ed
4
js
7
script
src
sites
twin
cities
umn
edu
files
js
optimized
js
wdpftkw
4
ciapaanfzaqu
9
az
uwdz
4
sjf
7
pohbmcok
4
jh
78
xenptk
65
eskgingltlvy
3
cx
1
ld
uylkfny
js
7
script
src
cdn
knightlab
com
libs
juxtapose
latest
js
juxtapose
min
js
script
src
cdnjs
cloudflare
com
ajax
libs
gsap
3
tweenmax
min
js
script
src
unpkg
com
imagesloaded
0
imagesloaded
pkgd
min
js
script
src
cdnjs
cloudflare
com
ajax
libs
gsap
3
plugins
textplugin
min
js
script
src
cdnjs
cloudflare
com
ajax
libs
waypoints
5
waypoints
min
js
script
src
modules
contrib
google
tag
js
gtm
js
shhslp
script
src
modules
contrib
google
tag
js
gtag
js
shhslp
script
src
sites
twin
cities
umn
edu
files
js
optimized
js
5
lyegtuyzfbknt
sxbvgy
6
woebhn
68
zcragr
5
wijc
pydd
31
qeavwnz
7
zmvfzer
7
rdslytsa
96
bj
0
rpa
js
7
script
src
sites
twin
cities
umn
edu
files
js
optimized
js
1
wovutyaotc
9
db
19
bvtyerq
3
zrwbax
8
iy
9
2
qom
nnbqb
3
vfud
32
jsfc
12
wcjrwacycbaxfkslo
jtkcvzo
js
0
script
src
sites
twin
cities
umn
edu
files
js
optimized
js
ezwjb
8
qjkn
2
widyxtft
5
dfoo
fgzxig
9
saik
5
psoh
1
vyjs
66
hsw
yknanaakoqz
0
lw
4
gurnmvpngmcs
js
7
script
src
sites
twin
cities
umn
edu
files
js
optimized
js
8
podnjjosxkvo
rve
4
79
me
43
bocp
5
ohhwf
87
koc
6
ocrm
1
dahj
iejv
6
edahv
3
qln
1
zkjiky
1
bhauqinm
js
7
script
src
sites
twin
cities
umn
edu
files
js
optimized
js
rplv
segkaobnxixvzkxrlefolhpa
03
lpgt
46
bjeg
qzvu
5
wfhdgvmfnm
yzj
3
rumc
9
aexvlxnyntyfrip
4
js
7
script
src
sites
twin
cities
umn
edu
files
js
optimized
js
7
ktjnevpj
5
uzl
6
uievknolqib
6
eap
eowotmibg
2
zvy
9
weuuyaqn
jbsfcsq
fpqkpgxbj
8
az
60
txdww
8
js
7
script
src
sites
twin
cities
umn
edu
files
js
optimized
js
mfzukjuxstqghc
8
ag
7
xrbdl
6
fe
1
pci
6
eingqseiwhqc
cyj
wves
2
oy
7
yjw
htzvg
8
iisuhu
awps
bde
js
shhslp
script
src
sites
twin
cities
umn
edu
files
js
optimized
js
wkgyeoelialqenjya
5
hhropr
4
vkoklibuepi
nwvbbm
pwgokv
csjapxbnkshsf
jx
2
kptrfcl
peu
oy
4
wc
js
6
script
src
sites
twin
cities
umn
edu
files
js
optimized
js
vfm
6
ra
8
tahp
tzy
agcnbafqmp
3
hapthnkpito
8
4
qffoiysqk
jfxydvxqcbeckohtb
ubukomvjtm
js
6
script
src
sites
twin
cities
umn
edu
files
js
optimized
js
pdn
4
6
jigb
9
ggx
6
nlkmirrioekywqiitxbb
2
uox
0
fnsimbslhdrk
5
rzsvqdvyoymw
6
hkyaavzbntgn
7
js
1
script
src
sites
twin
cities
umn
edu
files
js
optimized
js
za
dqv
4
cvtldcf
3
mygbzylap
8
xublk
7
hl
5
pk
empr
jl
fh
1
zzduchagmybzu
uhmcahghv
1
wrw
js
script
src
sites
twin
cities
umn
edu
files
js
optimized
js
ikln
0
fknoakju
6
cksgds
6
rgwwxgezynai
1
myaswld
80
okuqpdlh
6
zmwht
0
kcnssuffx
vcekaqug
8
awjh
0
js
shhslp
script
src
sites
twin
cities
umn
edu
files
js
optimized
js
5
hnw
vmitjfeliptlac
4
zz
7
ey
7
jejvnjnkujy
30
iuhznnxsxsmbexxb
pnl
kh
xu
7
tiojbwk
17
fs
js
shhslp
script
src
sites
twin
cities
umn
edu
files
js
optimized
js
ehtnme
5
vakyeytdgos
6
qlbrappurrnu
8
skxwyj
8
rpurybzrgrw
mssqojtpgooukjkt
9
ivo
6
vmusxy
0
js
shhslp
script
src
sites
twin
cities
umn
edu
files
js
optimized
js
qjevrnaidaznrou
9
akthi
1
sm
9
pgiplg
2
acjbkxopezy
vudoqp
2
efkk
07
jjfqkhs
pdfuvp
3
df
29
gz
6
vucionlm
js
shhslp
script
src
sites
twin
cities
umn
edu
files
js
optimized
js
gke
pyycccbbk
1
hhyejayrqatcndvwd
0
nyg
0
84
ykjyk
0
nbifd
42
njwwor
emv
kyodnfhqmb
2
wvs
js
7
script
src
sites
twin
cities
umn
edu
files
js
optimized
js
20
arj
0
xej
qwnf
ao
4
utdtemjhxcrcrbeh
0
wzpdnsc
cremvwbln
4
wesnwil
9
jjrfr
7
jtcdueucoe
3
aif
3
js
shhslp
script
src
sites
twin
cities
umn
edu
files
js
optimized
js
8
rho
gtde
7
zbb
2
ryev
9
sjhrfcvqdc
3
eo
ojo
5
ii
bj
opflmthb
3
wcklsqi
94
js
shhslp
