doctype
html
document
documentelement
classname
document
documentelement
classname
replace
bno
js
js
meta
charset
utf
8
meta
name
description
content
students
arrive
for
move
in
nearly
students
are
moving
into
the
13
college
houses
this
week
link
rel
canonical
href
https://president.upenn.edu/home
meta
name
google
content
wmvhrhq
0
fnh
9
etgcvvg
kxypgcfnbglky
4
tgxr
7
yo
meta
property
fb
pages
content
meta
name
facebook
domain
verification
content
8
abfjuxvt
0
wvpf
pslz
0
nzbeph
5
meta
name
generator
content
drupal
10
https://www.drupal.org
meta
name
mobileoptimized
content
width
meta
name
handheldfriendly
content
true
meta
name
viewport
content
width
device
width
initial
scale
link
rel
icon
href
themes
custom
penn
global
assets
img
simplified
shield
ico
type
image
vnd
microsoft
icon
office
of
the
interim
president
office
of
the
president
link
rel
stylesheet
media
all
href
sites
default
files
css
css
lqe
3
zjywi
nxemmvung
9
bsflpjhkkb
8
rvnczvu
vu
css
delta
0
amp
language
en
amp
theme
penn
starter
amp
include
ejwliwsogzamxi
5
uyjfqsj
htoldswdr
7
sfgjy
3
zpj
1
qkbmjdbs
2
hdozk
71
apkzko
97
lwrywuiowfsfmcjzt
3
udfzsg
68
od
cs
oaauwjnedjbugrfp
4
dr
7
evu
ahhldcg
link
rel
stylesheet
media
all
href
sites
default
files
css
css
cczh
82
ntdc
zggmuiw
ycr
ojwqtmuglxvi
css
delta
1
amp
language
en
amp
theme
penn
starter
amp
include
ejwliwsogzamxi
5
uyjfqsj
htoldswdr
7
sfgjy
3
zpj
1
qkbmjdbs
2
hdozk
71
apkzko
97
lwrywuiowfsfmcjzt
3
udfzsg
68
od
cs
oaauwjnedjbugrfp
4
dr
7
evu
ahhldcg
script
type
application
json
data
drupal
selector
drupal
settings
json
path
baseurl
pathprefix
currentpath
node
2
currentpathisadmin
false
isfront
false
currentlanguage
en
pluraldelimiter
gtm
tagid
null
settings
data
layer
datalayer
include
classes
false
allowlist
classes
google
nnongooglepixels
nnongooglescripts
nnongoogleiframes
blocklist
classes
customscripts
ncustompixels
include
environment
false
environment
id
environment
token
tagids
gtm
lwc
gtag
tagid
consentmode
false
otherids
events
additionalconfiginfo
suppressdeprecationerrors
true
ajaxpagestate
libraries
ejx
9
iksowyamrc
ujigow
6
brxhnym
37
yervfu
rzbruxzygtyqkzvmppjksoyjsgqk
45
gwu
8
dipza
3
ye
lgwywol
8
vkan
9
imyvbn
rhfkiftu
3
iffxeh
1
efovbduc
5
tupxu
23
slm
huybio
ry
4
zjcef
1
otwwhqskbmpcnxxyavlufz
vu
theme
penn
starter
theme
token
null
ajaxtrustedurl
user
uid
0
permissionshash
fefd
af
ce
ff
cfe
af
bbb
0
script
src
sites
default
files
js
js
tqxdwlqwul
98
fabuuntrh
7
clobxz
lk
7
xrhsi
js
scope
header
amp
delta
0
amp
language
en
amp
theme
penn
starter
amp
include
ejx
9
zfekhdamhoelwxukenmy
2
zu
2
psmot
1
ej
fbp
gd
4
5
volawhrvcs
69
toetzkczbinibe
8
3
zl
4
pxtlzcyrdenyiocxaty
7
crjl
ka
lbatk
3
aghpqye
script
src
modules
contrib
google
tag
js
gtm
js
sit
9
ea
script
src
modules
contrib
google
tag
js
gtag
js
sit
9
ea
script
src
sites
default
files
js
js
xft
3
oqq
9
ltoy
7
wldujnzap
ore
9
pgmkvennfseee
8
js
scope
header
amp
delta
3
amp
language
en
amp
theme
penn
starter
amp
include
ejx
9
zfekhdamhoelwxukenmy
2
zu
2
psmot
1
ej
fbp
gd
4
5
volawhrvcs
69
toetzkczbinibe
8
3
zl
4
pxtlzcyrdenyiocxaty
7
crjl
ka
lbatk
3
aghpqye
link
href
https://fonts.googleapis.com/css
family
eb
garamond
roboto
display
swap
rel
stylesheet
iframe
src
https://www.googletagmanager.com/ns.html
id
gtm
lwc
height
0
width
0
style
display
none
visibility
hidden
skip
to
main
content
go
to
site
search
go
to
primary
navigation
go
to
resources
navigation
path
0
3
zm
4
7
3
zm
3
fill
rule
nonzero
path
65
zm
fill
rule
nonzero
path
fill
rule
nonzero
path
32
zm
fill
rule
nonzero
href
class
header
logo
svg
id
layer
data
name
lt
layer
gt
xmlns
http://www.w3.org/2000/svg
width
height
88
viewbox
cls
1
fill
cls
2
fill
fff
cls
3
fill
penn
home
path
class
cls
1
4
zm
8
path
class
cls
1
5
7
zm
path
class
cls
1
4
path
class
cls
1
1
9
4
path
class
cls
2
1
4
1
path
class
cls
3
2
2
zm
1
0
3
0
0
3
5
3
3
1
1
4
3
3
0
3
1
0
3
5
3
3
1
2
4
3
3
0
4
2
7
1
3
1
7
0
1
0
3
0
16
zm
9
5
3
1
2
6
7
2
1
1
2
1
4
1
4
1
1
1
1
2
1
2
1
2
2
5
5
1
1
7
1
1
1
2
3
2
1
1
1
2
1
1
9
1
1
1
3
1
6
1
0
3
zm
1
0
3
0
9
0
3
5
3
3
1
1
4
3
3
0
3
1
0
3
5
3
3
1
1
4
3
3
0
3
2
7
1
3
1
6
0
1
0
3
0
16
path
class
cls
1
1
3
2
path
class
cls
1
1
9
5
2
7
8
2
1
1
1
5
0
2
1
1
1
2
1
3
2
6
6
8
1
3
1
1
0
0
9
9
8
0
1
1
2
6
7
0
zm
1
0
0
0
7
0
0
0
1
1
1
9
zm
0
3
1
2
4
9
0
8
1
0
4
0
0
0
1
5
1
1
2
2
1
4
1
3
3
1
1
3
path
class
cls
1
7
2
1
2
3
1
1
5
path
class
cls
1
2
1
2
2
2
8
1
1
2
1
6
4
8
4
2
1
3
2
2
3
2
1
1
3
6
9
9
2
2
1
1
1
1
7
1
1
1
2
1
9
1
2
1
6
3
8
2
1
7
4
1
2
1
2
1
2
1
1
16
path
class
cls
1
0
1
2
1
2
1
3
1
2
4
2
7
3
9
4
2
2
2
2
1
1
1
2
2
1
1
1
9
2
2
1
1
1
2
3
1
path
class
cls
1
2
1
3
2
3
4
3
3
0
2
4
2
2
1
3
2
3
1
7
2
1
2
0
1
0
5
0
1
0
5
0
4
3
3
1
4
2
zm
0
2
2
2
1
5
1
7
2
7
3
7
zm
6
3
1
9
5
zm
1
4
1
0
5
7
1
1
2
1
2
2
1
1
1
1
3
1
1
0
5
7
1
1
2
1
2
2
1
1
1
1
3
1
2
0
5
7
6
1
0
1
0
1
0
1
path
class
cls
1
2
1
3
2
3
4
3
3
1
4
2
5
3
3
2
1
3
2
3
1
7
2
1
3
1
2
1
0
5
0
1
0
5
0
4
3
3
1
4
2
zm
7
6
0
2
2
2
1
5
1
7
2
7
3
7
zm
7
1
9
5
3
zm
7
1
8
1
0
5
7
1
1
2
1
2
2
1
1
1
1
3
1
1
0
5
7
1
1
2
1
2
2
1
1
1
1
3
1
7
0
1
0
1
0
1
path
class
cls
1
9
zm
zm
zm
6
zm
zm
4
zm
2
path
class
cls
1
2
zm
57
path
class
cls
1
4
4
4
4
8
path
class
cls
1
4
4
4
4
path
class
cls
1
9
0
3
4
3
4
zm
4
3
50
path
class
cls
1
0
2
0
6
5
6
path
class
cls
1
2
0
6
zm
8
path
class
cls
1
zm
0
0
60
path
class
cls
1
4
4
4
4
8
path
class
cls
1
3
7
9
path
class
cls
1
4
4
4
0
3
1
3
4
4
5
7
path
class
cls
1
2
0
6
zm
8
path
class
cls
1
9
5
8
9
3
4
7
4
5
zm
path
class
cls
1
2
8
3
4
5
3
3
3
3
path
class
cls
1
2
0
6
zm
8
path
class
cls
1
6
0
1
7
8
0
6
2
0
4
4
path
class
cls
1
0
3
3
4
zm
4
3
71
path
class
cls
1
3
4
1
3
5
4
zm
0
path
class
cls
1
2
0
6
zm
8
path
class
cls
1
3
4
3
9
6
3
4
5
4
3
0
6
3
3
path
class
cls
1
3
7
9
toggle
site
navigation
toggle
site
search
href
meet
president
role
menuitem
class
nav
menu
link
nav
menu
link
children
data
level
0
about
interim
president
jameson
more
about
interim
president
jameson
href
meet
president
news
highlights
class
nav
menu
link
role
menuitem
news
highlights
href
event
galleries
class
nav
menu
link
role
menuitem
event
galleries
href
meet
president
announcements
role
menuitem
class
nav
menu
link
data
level
0
messages
amp
statements
href
initiatives
role
menuitem
class
nav
menu
link
nav
menu
link
children
data
level
0
initiatives
more
initiatives
href
https://in-principle-and-practice.upenn.edu/
class
nav
menu
link
role
menuitem
in
principle
and
practice
href
https://pennpip.upenn.edu/
class
nav
menu
link
role
menuitem
president
innovation
prize
href
https://antisemitism-action-plan.upenn.edu/
class
nav
menu
link
role
menuitem
penns
action
plan
to
combat
antisemitism
more
penns
action
plan
to
combat
antisemitism
href
class
nav
menu
link
role
menuitem
final
report
href
https://pennpep.upenn.edu/
class
nav
menu
link
role
menuitem
president
engagement
prizes
href
initiatives
presidential
commission
class
nav
menu
link
role
menuitem
presidential
commission
more
presidential
commission
href
initiatives
presidential
commission
membership
class
nav
menu
link
role
menuitem
membership
href
ver
1
class
nav
menu
link
role
menuitem
final
report
href
university
leadership
role
menuitem
class
nav
menu
link
nav
menu
link
children
data
level
0
university
leadership
more
university
leadership
href
university
leadership
presidents
center
class
nav
menu
link
role
menuitem
president
center
href
university
leadership
university
deans
class
nav
menu
link
role
menuitem
provost
amp
deans
href
university
leadership
senior
administrators
class
nav
menu
link
role
menuitem
senior
administrators
href
university
leadership
history
class
nav
menu
link
role
menuitem
history
of
the
presidency
toggle
site
search
resources
href
class
nav
menu
link
current
students
href
https://portal.apps.upenn.edu/penn_portal/u
penn
php
class
nav
menu
link
faculty
amp
staff
href
https://www.upenn.edu/parents
class
nav
menu
link
parents
href
https://www.alumni.upenn.edu
class
nav
menu
link
alumni
href
https://www.upenn.edu/visitors
class
nav
menu
link
visitors
href
https://www.upenn.edu/penn-a-z
class
nav
menu
link
href
https://www.upenn.edu/directories
class
nav
menu
link
directory
href
class
nav
menu
link
webmail
href
https://www.upenn.edu/services
class
nav
menu
link
services
href
https://www.upenn.edu
class
btn
btn
outline
btn
square
penn
home
form
class
search
form
action
search
search
search
close
office
of
the
interim
president
nbsp
img
loading
lazy
src
sites
default
files
move
in
larry
jameson
and
students
jpg
width
height
alt
some
members
of
the
class
of
standing
with
interim
president
larry
jameson
under
move
in
celebration
balloons
students
arrive
for
move
in
nearly
students
are
moving
into
the
13
college
houses
this
week
class
btn
btn
outline
href
learn
more
img
src
themes
custom
penn
global
assets
img
svg
icon
contact
building
gray
svg
alt
contact
building
icon
class
contact
information
icon
office
of
the
president
contact
1
college
hall
rm
philadelphia
pa
president
upenn
edu
href
https://www.upenn.edu/
title
university
of
pennsylvania
img
src
themes
custom
penn
starter
assets
img
upenn
logo
svg
alt
university
of
pennsylvania
class
footer
logo
href
https://www.upenn.edu/about/disclaimer
class
footer
link
disclaimer
href
https://www.publicsafety.upenn.edu/contact/
class
footer
link
emergency
services
href
https://www.upenn.edu/about/privacy-policy
class
footer
link
privacy
policy
href
class
footer
link
report
accessibility
issues
and
get
help
href
class
footer
link
report
copyright
infringement
philadelphia
pa
telephone
script
src
sites
default
files
js
js
mg
0
bdxrgyzapzuw
6
hvc
9
dgje
4
epcxoovqzuyqqqtbxg
js
scope
footer
amp
delta
0
amp
language
en
amp
theme
penn
starter
amp
include
ejx
9
zfekhdamhoelwxukenmy
2
zu
2
psmot
1
ej
fbp
gd
4
5
volawhrvcs
69
toetzkczbinibe
8
3
zl
4
pxtlzcyrdenyiocxaty
7
crjl
ka
lbatk
3
aghpqye
window
site
new
site
