doctype
html
document
documentelement
classname
document
documentelement
classname
replace
bno
js
js
meta
charset
utf
8
meta
name
description
content
medical
service
providers
university
of
pennsylvania
health
system
penn
medici
link
rel
canonical
href
meta
name
google
content
wmvhrhq
0
fnh
9
etgcvvg
kxypgcfnbglky
4
tgxr
7
yo
meta
property
fb
pages
content
meta
name
facebook
domain
verification
content
8
abfjuxvt
0
wvpf
pslz
0
nzbeph
5
meta
name
generator
content
drupal
10
https://www.drupal.org
meta
name
mobileoptimized
content
width
meta
name
handheldfriendly
content
true
meta
name
viewport
content
width
device
width
initial
scale
link
rel
icon
href
themes
custom
penn
global
assets
img
simplified
shield
ico
type
image
vnd
microsoft
icon
health
amp
wellness
university
of
pennsylvania
link
rel
stylesheet
media
all
href
sites
default
files
css
css
84
dzy
80
cynlobvovtwsqwgizqje
4
bqvveajm
fkvze
css
delta
0
amp
language
en
amp
theme
penn
starter
amp
include
ejwliwsogzamxi
5
uyjfqsj
htoldswdr
7
sfgjy
3
zpj
1
qkbmjdbs
2
hdozk
71
apkzko
97
lwrywuiowfsfmcjzt
3
udfzsg
68
od
cs
oaauwjnedjbugrfp
4
dr
7
evu
ahhldcg
link
rel
stylesheet
media
all
href
sites
default
files
css
css
yxg
dityo
1
clqaxlw
5
ny
7
6
vylwu
5
vlvza
css
delta
1
amp
language
en
amp
theme
penn
starter
amp
include
ejwliwsogzamxi
5
uyjfqsj
htoldswdr
7
sfgjy
3
zpj
1
qkbmjdbs
2
hdozk
71
apkzko
97
lwrywuiowfsfmcjzt
3
udfzsg
68
od
cs
oaauwjnedjbugrfp
4
dr
7
evu
ahhldcg
script
type
application
json
data
drupal
selector
drupal
settings
json
path
baseurl
pathprefix
currentpath
node
92
currentpathisadmin
false
isfront
false
currentlanguage
en
pluraldelimiter
gtm
tagid
null
settings
data
layer
datalayer
include
classes
false
allowlist
classes
google
nnongooglepixels
nnongooglescripts
nnongoogleiframes
blocklist
classes
customscripts
ncustompixels
include
environment
false
environment
id
environment
token
tagids
gtm
lwc
gtag
tagid
consentmode
false
otherids
events
additionalconfiginfo
suppressdeprecationerrors
true
ajaxpagestate
libraries
ejx
9
iksowyamrc
ujigow
6
brxhnym
37
yervfu
rzbruxzygtyqkzvmppjksoyjsgqk
45
gwu
8
dipza
3
ye
lgwywol
8
vkan
9
imyvbn
rhfkiftu
3
iffxeh
1
efovbduc
5
tupxu
23
slm
huybio
ry
4
zjcef
1
otwwhqskbmpcnxxyavlufz
vu
theme
penn
starter
theme
token
null
ajaxtrustedurl
user
uid
0
permissionshash
9
cfbd
32
ef
8
eaa
5
afc
ac
fd
0
ae
script
src
sites
default
files
js
js
9
tvw
6
cdok
wxhmsyteazwbjazyqprapbjoj
3
lkfi
js
scope
header
amp
delta
0
amp
language
en
amp
theme
penn
starter
amp
include
ejx
9
zfekhdamhoelwxukenmy
2
zu
2
psmot
1
ej
fbp
gd
4
5
volawhrvcs
69
toetzkczbinibe
8
3
zl
4
pxtlzcyrdenyiocxaty
7
crjl
ka
lbatk
3
aghpqye
script
src
modules
contrib
google
tag
js
gtm
js
siu
1
bv
script
src
modules
contrib
google
tag
js
gtag
js
siu
1
bv
script
src
sites
default
files
js
js
uztn
2
ua
mdte
7
wpt
3
ddyed
yduke
js
scope
header
amp
delta
3
amp
language
en
amp
theme
penn
starter
amp
include
ejx
9
zfekhdamhoelwxukenmy
2
zu
2
psmot
1
ej
fbp
gd
4
5
volawhrvcs
69
toetzkczbinibe
8
3
zl
4
pxtlzcyrdenyiocxaty
7
crjl
ka
lbatk
3
aghpqye
link
href
https://fonts.googleapis.com/css
family
eb
garamond
roboto
display
swap
rel
stylesheet
skip
to
main
content
go
to
site
search
go
to
primary
navigation
go
to
resources
navigation
path
0
3
zm
4
7
3
zm
3
fill
rule
nonzero
path
65
zm
fill
rule
nonzero
path
fill
rule
nonzero
path
32
zm
fill
rule
nonzero
iframe
src
https://www.googletagmanager.com/ns.html
id
gtm
lwc
height
0
width
0
style
display
none
visibility
hidden
href
class
header
logo
svg
xmlns
http://www.w3.org/2000/svg
viewbox
width
height
88
cls
1
fill
fff
cls
2
fill
cls
3
fill
penn
home
path
class
cls
3
zm
21
15
path
class
cls
3
zm
2
3
path
class
cls
3
12
6
75
path
class
cls
3
86
33
6
75
path
class
cls
3
08
72
07
47
52
13
34
0
54
34
path
class
cls
3
0
0
05
27
82
06
18
69
0
06
36
4
07
55
49
27
0
path
class
cls
3
0
1
7
27
91
89
73
27
path
class
cls
3
1
16
1
27
0
23
52
44
09
4
76
27
path
class
cls
3
91
89
64
27
1
75
85
91
88
16
6
4
5
26
83
5
27
path
class
cls
3
84
82
49
31
zm
67
13
1
15
1
27
27
92
89
27
path
class
cls
3
1
08
37
66
0
1
path
class
cls
3
0
1
27
27
92
89
73
27
path
class
cls
3
0
1
27
27
92
4
91
23
25
61
56
26
33
67
23
51
path
class
cls
3
91
35
33
66
62
08
91
58
27
34
91
58
91
09
27
0
1
27
27
path
class
cls
3
37
76
zm
path
class
cls
3
3
3
11
16
76
path
class
cls
3
23
31
34
18
13
16
14
path
class
cls
3
91
92
89
64
26
11
75
85
92
6
4
5
26
83
5
27
path
class
cls
3
0
0
1
27
82
06
18
69
0
06
36
4
07
55
49
27
0
path
class
cls
3
0
0
27
27
82
07
18
69
0
07
36
39
06
55
48
27
0
path
class
cls
3
07
37
66
0
1
path
class
cls
3
92
35
33
66
61
08
91
27
34
91
58
91
09
27
0
1
27
27
path
class
cls
3
92
89
74
27
0
41
5
26
83
5
27
path
class
cls
3
1
16
1
19
27
0
23
52
44
09
4
76
27
path
class
cls
3
0
zm
38
36
0
27
27
0
73
5
44
46
57
27
27
7
78
31
path
class
cls
3
0
56
27
27
82
06
17
69
0
06
55
05
36
39
06
55
48
27
0
path
class
cls
3
0
1
27
27
91
89
73
27
path
class
cls
3
zm
38
36
0
27
27
0
73
5
44
46
57
27
27
69
78
31
path
class
cls
1
75
38
08
path
class
cls
2
22
16
35
33
31
3
31
3
17
22
16
34
33
31
12
44
17
09
67
1
3
1
1
1
1
0
48
zm
0
86
47
32
64
7
21
09
35
09
1
4
18
23
2
49
53
0
09
09
67
1
0
0
1
0
07
0
85
1
1
07
24
0
zm
0
22
16
35
33
3
0
3
3
17
22
16
34
33
3
13
13
9
17
09
67
1
3
1
1
1
1
0
48
zm
2
2
path
class
cls
3
1
1
56
28
18
1
34
68
path
class
cls
3
08
1
38
0
79
1
0
0
0
11
47
1
58
33
23
53
22
0
4
1
1
29
35
12
1
33
zm
23
15
1
0
27
44
1
89
19
24
28
49
56
72
1
0
1
1
64
39
zm
1
69
76
23
1
1
07
44
16
25
21
55
59
74
1
1
0
3
1
0
84
89
76
1
1
19
58
65
path
class
cls
3
1
1
2
25
1
path
class
cls
3
1
11
79
14
0
15
1
27
61
38
77
4
1
18
05
93
34
22
23
27
1
21
0
1
21
0
21
21
69
1
1
12
17
12
9
1
1
16
1
1
2
41
0
1
1
16
1
1
path
class
cls
3
0
1
18
23
09
82
28
11
23
13
23
4
24
25
91
4
18
19
15
1
1
07
1
08
87
1
1
1
1
1
0
34
path
class
cls
3
1
1
0
28
1
1
24
08
1
08
26
0
45
88
0
45
24
08
1
08
24
45
72
12
10
1
0
1
1
0
1
1
0
0
1
1
0
zm
0
72
1
7
45
67
2
zm
0
23
2
21
67
0
93
3
zm
9
17
14
27
23
27
34
0
34
33
17
13
27
22
27
65
1
29
1
0
14
0
0
0
0
0
14
0
0
0
0
0
34
15
15
34
32
path
class
cls
3
1
1
0
9
1
0
45
24
07
1
07
24
45
88
0
45
24
07
1
07
24
45
72
10
1
0
1
1
0
1
1
0
0
1
1
0
zm
0
72
1
67
2
zm
0
23
2
21
68
0
94
3
zm
9
18
14
28
23
28
33
15
15
33
33
18
13
28
22
28
1
65
1
29
1
7
14
0
0
14
0
0
0
0
0
33
15
15
33
32
path
class
cls
3
zm
78
zm
zm
33
62
25
zm
zm
44
zm
56
86
43
toggle
site
navigation
toggle
site
search
href
academics
role
menuitem
class
nav
menu
link
nav
menu
link
children
data
level
0
academics
more
academics
href
academics
undergraduate
class
nav
menu
link
role
menuitem
undergraduate
href
academics
graduate
class
nav
menu
link
role
menuitem
graduate
href
academics
schools
class
nav
menu
link
role
menuitem
schools
href
academics
global
initiatives
class
nav
menu
link
role
menuitem
global
initiatives
href
academics
interdisciplinary
class
nav
menu
link
role
menuitem
interdisciplinary
href
academics
online
learning
class
nav
menu
link
role
menuitem
online
learning
href
academics
off
campus
learning
class
nav
menu
link
role
menuitem
off
campus
learning
href
https://www.library.upenn.edu/
class
nav
menu
link
role
menuitem
libraries
href
admissions
role
menuitem
class
nav
menu
link
data
level
0
admissions
amp
aid
href
athletics
and
recreation
role
menuitem
class
nav
menu
link
data
level
0
athletics
href
research
and
innovation
role
menuitem
class
nav
menu
link
nav
menu
link
children
data
level
0
research
amp
innovation
more
research
amp
innovation
href
research
and
innovation
research
enterprise
class
nav
menu
link
role
menuitem
research
enterprise
href
research
and
innovation
research
news
class
nav
menu
link
role
menuitem
research
news
href
life
at
penn
role
menuitem
class
nav
menu
link
nav
menu
link
children
data
level
0
life
at
penn
more
life
at
penn
href
life
at
penn
arts
class
nav
menu
link
role
menuitem
arts
amp
culture
href
life
at
penn
community
class
nav
menu
link
role
menuitem
community
involvement
more
community
involvement
href
life
at
penn
philadelphia
class
nav
menu
link
role
menuitem
penn
amp
philadelphia
href
life
at
penn
diversity
class
nav
menu
link
role
menuitem
diversity
href
life
at
penn
groups
and
organizations
class
nav
menu
link
role
menuitem
groups
amp
organizations
href
life
at
penn
housing
and
dining
class
nav
menu
link
role
menuitem
housing
amp
dining
href
life
at
penn
health
and
wellness
class
nav
menu
link
role
menuitem
health
amp
wellness
href
life
at
penn
safety
class
nav
menu
link
role
menuitem
safety
amp
security
more
safety
amp
security
href
life
at
penn
safety
emergency
phone
numbers
class
nav
menu
link
role
menuitem
emergency
contacts
href
life
at
penn
safety
emergency
preparedness
class
nav
menu
link
role
menuitem
emergency
preparedness
href
life
at
penn
religion
class
nav
menu
link
role
menuitem
spirituality
amp
religion
href
about
role
menuitem
class
nav
menu
link
nav
menu
link
children
data
level
0
about
more
about
href
https://president.upenn.edu/
class
nav
menu
link
role
menuitem
office
of
the
president
href
about
trustees
and
administration
class
nav
menu
link
role
menuitem
trustees
amp
administration
href
https://in-principle-and-practice.upenn.edu/
class
nav
menu
link
role
menuitem
in
principle
and
practice
href
about
history
class
nav
menu
link
role
menuitem
history
href
about
sustainability
class
nav
menu
link
role
menuitem
securing
sustainable
future
more
securing
sustainable
future
href
about
sustainability
climate
investments
class
nav
menu
link
role
menuitem
climate
investments
href
about
sustainability
sustainability
initiatives
class
nav
menu
link
role
menuitem
sustainability
initiatives
href
about
sustainability
research
and
teaching
class
nav
menu
link
role
menuitem
research
amp
teaching
href
about
sustainability
news
and
announcements
class
nav
menu
link
role
menuitem
news
amp
announcements
href
about
communications
class
nav
menu
link
role
menuitem
news
media
amp
communication
services
href
about
faq
class
nav
menu
link
role
menuitem
faq
href
about
policies
class
nav
menu
link
role
menuitem
policies
href
about
facts
class
nav
menu
link
role
menuitem
facts
toggle
site
search
resources
href
https://path.at.upenn.edu/student/landing
class
nav
menu
link
current
students
href
https://portal.apps.upenn.edu/penn_portal/u
penn
php
class
nav
menu
link
faculty
amp
staff
href
parents
class
nav
menu
link
parents
href
https://www.alumni.upenn.edu
class
nav
menu
link
alumni
href
visitors
class
nav
menu
link
visitors
href
penn
class
nav
menu
link
href
directories
class
nav
menu
link
directory
href
class
nav
menu
link
webmail
href
services
class
nav
menu
link
services
href
https://giving.aws.cloud.upenn.edu/
appeal
upnweb
class
btn
btn
secondary
btn
square
give
to
penn
form
class
search
form
action
search
search
search
close
breadcrumb
href
home
href
life
at
penn
life
at
penn
health
amp
wellness
health
amp
wellness
home
to
world
class
medical
dental
nursing
and
veterinary
school
penn
is
deeply
dedicated
to
high
quality
patient
care
research
and
the
advancement
of
interdisciplinary
science
the
university
is
also
committed
to
providing
the
support
resources
and
practical
tools
to
ensure
the
wellness
of
its
community
img
loading
lazy
src
sites
default
files
styles
default
public
master
jpg
itok
qfirluuj
width
height
alt
woman
in
lab
in
front
of
microscope
medical
service
providers
href
https://www.pennmedicine.org/
university
of
pennsylvania
health
system
penn
medicines
central
source
for
information
including
physician
directories
directions
to
facilities
online
appointment
scheduling
and
health
advice
from
one
of
the
best
hospital
systems
in
the
href
https://www.dental.upenn.edu/
penn
dental
medicine
penn
dental
provides
compassionate
comprehensive
dental
care
with
dentists
in
every
specialty
read
more
about
making
an
appointment
fees
and
insurance
how
clinics
work
and
much
more
href
https://www.nursing.upenn.edu/
penn
nursing
ranked
as
the
best
nursing
school
in
the
world
penn
nursing
advances
the
entire
nursing
profession
from
research
and
practice
to
policy
and
delivers
high
quality
health
services
through
community
engagement
throughout
the
region
href
https://www.oncolink.org/
oncolink
the
award
winning
comprehensive
online
cancer
resource
from
the
abramson
cancer
center
at
penn
veterinary
care
facilities
href
matthew
ryan
veterinary
hospital
penn
vets
ryan
hospital
provides
clinical
services
and
around
the
clock
emergency
care
for
dogs
cats
and
other
domestic
companion
animals
href
new
bolton
center
penn
vets
large
animal
facility
features
one
of
the
worlds
biggest
equine
surgical
facilities
critical
care
center
dairy
laboratory
for
aquatic
animal
research
and
one
of
pennsylvanias
three
animal
diagnostic
laboratories
href
https://wellness.upenn.edu/
wellness
nbsp
at
penn
wellness
at
penn
is
dedicated
to
caring
for
students
during
their
academic
journey
while
creating
campus
wide
community
of
care
our
team
is
committed
to
offering
wide
range
of
opportunities
to
access
support
clinical
resources
and
practical
tools
to
meaningfully
engage
with
one
health
and
wellbeing
nbsp
nbsp
our
vision
is
simple
we
want
to
create
campus
experience
that
integrates
the
science
theory
and
practice
of
wellness
we
will
accomplish
this
by
infusing
wellness
across
its
eight
domains
throughout
the
penn
experience
through
inclusive
innovative
and
impactful
initiatives
the
eight
domains
of
wellness
include
physical
emotional
social
intellectual
environmental
financial
occupational
and
spiritual
wellness
all
of
our
initiatives
are
grounded
in
collaboration
and
fueled
by
care
compassion
accessibility
respect
and
empowerment
our
organization
is
built
upon
two
pillars
that
operate
nbsp
collaboratively
to
create
campus
community
centered
on
wellness
href
student
health
and
counseling
caring
for
students
during
their
academic
journey
student
health
and
counseling
formerly
shs
and
caps
is
the
primary
care
and
psychological
care
division
of
wellness
at
penn
our
state
of
the
art
medical
and
counseling
centers
are
designed
to
provide
high
quality
compassionate
care
for
undergraduate
graduate
and
professional
students
during
their
academic
journey
student
health
and
counseling
is
committed
to
providing
safe
accessible
cost
effective
culturally
sensitive
and
student
focused
care
our
team
provides
care
for
acute
and
chronic
health
problems
preventative
health
services
as
well
as
mental
health
and
counseling
crisis
management
and
consultations
nbsp
href
public
health
and
wellbeing
creating
community
of
care
wellness
at
penns
nbsp
public
health
nbsp
and
nbsp
wellbeing
nbsp
formerly
campus
health
division
seeks
to
create
community
of
care
through
advocacy
education
and
action
our
dedicated
staff
focuses
on
wide
variety
of
healthy
living
topics
including
sleep
hygiene
stress
reduction
nutrition
exercise
and
sexual
health
public
health
and
wellbeing
also
consists
of
immunization
and
insurance
compliance
img
src
themes
custom
penn
global
assets
img
svg
icon
contact
building
gray
svg
alt
contact
building
icon
class
contact
information
icon
href
https://wellness.upenn.edu/
class
contact
information
title
link
contact
us
wellness
at
penn
market
street
philadelphia
pa
wellness
news
href
class
grid
card
image
link
source
srcset
amp
itok
lpnektrw
media
min
width
px
source
srcset
amp
itok
lpnektrw
media
min
width
px
img
src
amp
itok
lpnektrw
alt
members
of
the
penn
medicine
community
play
basketball
with
kids
at
the
roberto
clemente
park
class
grid
card
image
href
class
grid
card
link
penn
medicine
76
ers
restore
community
basketball
court
august
22
href
class
grid
card
image
link
source
srcset
amp
itok
52
sqxrv
4
media
min
width
px
source
srcset
amp
itok
52
sqxrv
4
media
min
width
px
img
src
amp
itok
52
sqxrv
4
alt
kenya
pitt
class
grid
card
image
href
class
grid
card
link
this
hr
leader
hears
heeds
and
helps
those
who
heal
others
july
19
href
class
grid
card
image
link
source
srcset
ca
2
amp
itok
2
fvvqhzm
media
min
width
px
source
srcset
ca
2
amp
itok
2
fvvqhzm
media
min
width
px
img
src
ca
2
amp
itok
2
fvvqhzm
alt
person
with
sledgehammer
working
on
the
breathing
room
courtyard
class
grid
card
image
href
class
grid
card
link
an
empty
outdoor
space
is
transformed
into
social
garden
july
15
href
class
grid
card
image
link
source
srcset
fe
5
amp
itok
2
ecnz
9
hh
media
min
width
px
source
srcset
fe
5
amp
itok
2
ecnz
9
hh
media
min
width
px
img
src
fe
5
amp
itok
2
ecnz
9
hh
alt
kandi
wiens
class
grid
card
image
href
class
grid
card
link
protecting
against
burnout
july
9
href
class
btn
btn
outline
more
wellness
news
link
grid
image
active
link
grid
image
44
link
grid
image
loading
link
grid
image
44
background
image
url
sites
default
files
styles
crop
public
africa
galleries
0
jpeg
dfede
amp
itok
bno
5
ntu
link
grid
image
active
link
grid
image
link
grid
image
loading
link
grid
image
background
image
url
link
grid
image
active
link
grid
image
link
grid
image
loading
link
grid
image
background
image
url
link
grid
image
active
link
grid
image
link
grid
image
loading
link
grid
image
background
image
url
link
grid
image
active
link
grid
image
link
grid
image
loading
link
grid
image
background
image
url
link
grid
image
active
link
grid
image
link
grid
image
loading
link
grid
image
background
image
url
link
grid
image
active
link
grid
image
link
grid
image
loading
link
grid
image
background
image
url
link
grid
image
active
link
grid
image
link
grid
image
loading
link
grid
image
background
image
url
link
grid
image
active
link
grid
image
link
grid
image
loading
link
grid
image
background
image
url
explore
life
at
penn
href
life
at
penn
arts
class
link
grid
link
data
grid
link
grid
image
44
arts
amp
culture
href
life
at
penn
community
class
link
grid
link
data
grid
link
grid
image
community
involvement
href
life
at
penn
diversity
class
link
grid
link
data
grid
link
grid
image
diversity
href
life
at
penn
groups
and
organizations
class
link
grid
link
data
grid
link
grid
image
groups
amp
organizations
href
life
at
penn
health
and
wellness
class
link
grid
link
data
grid
link
grid
image
health
amp
wellness
href
life
at
penn
housing
and
dining
class
link
grid
link
data
grid
link
grid
image
housing
amp
dining
href
life
at
penn
philadelphia
class
link
grid
link
data
grid
link
grid
image
penn
amp
philadelphia
href
life
at
penn
safety
class
link
grid
link
data
grid
link
grid
image
safety
amp
security
href
life
at
penn
religion
class
link
grid
link
data
grid
link
grid
image
spirituality
amp
religion
img
src
themes
custom
penn
starter
assets
img
upenn
logo
svg
alt
university
of
pennsylvania
class
footer
logo
philadelphia
pa
telephone
href
about
contact
class
footer
link
contact
us
href
https://www.facilities.upenn.edu/maps
class
footer
link
maps
href
class
footer
link
parking
navigate
href
https://www.alumni.upenn.edu
class
footer
link
alumni
href
https://pennathletics.com/
class
footer
link
athletics
href
https://diversity.upenn.edu/
class
footer
link
diversity
href
life
at
penn
health
and
wellness
class
footer
link
health
care
href
https://www.library.upenn.edu/
class
footer
link
libraries
href
https://platform.onlinelearning.upenn.edu/
class
footer
link
online
learning
href
https://global.upenn.edu/
class
footer
link
penn
global
penn
heritage
as
americas
first
university
penn
has
history
that
dates
back
to
and
shares
many
ties
with
the
colonial
city
of
philadelphia
and
the
birth
of
our
nation
href
about
class
btn
btn
outline
white
our
history
href
about
disclaimer
class
footer
link
disclaimer
href
https://www.publicsafety.upenn.edu/contact/
class
footer
link
emergency
services
href
class
footer
link
nondiscrimination
href
about
privacy
policy
class
footer
link
privacy
policy
href
class
footer
link
report
accessibility
issues
and
get
help
href
about
report
copyright
infringement
class
footer
link
report
copyright
infringement
svg
width
14
px
height
16
px
viewbox
version
xmlns
http://www.w3.org/2000/svg
xmlns
xlink
http://www.w3.org/1999/xlink
back
to
top
script
src
sites
default
files
js
js
3
pkiclt
jbemudf
ktma
5
ilrjpagvy
2
to
js
scope
footer
amp
delta
0
amp
language
en
amp
theme
penn
starter
amp
include
ejx
9
zfekhdamhoelwxukenmy
2
zu
2
psmot
1
ej
fbp
gd
4
5
volawhrvcs
69
toetzkczbinibe
8
3
zl
4
pxtlzcyrdenyiocxaty
7
crjl
ka
lbatk
3
aghpqye
window
site
new
site
