doctype
html
html
class
no
js
loading
xmlns
http://www.w3.org/1999/xhtml
lang
en
xml
lang
en
version
xhtml
rdfa
dir
ltr
xmlns
fb
https://ogp.me/ns/fb
xmlns
og
https://ogp.me/ns
head
profile
http://www.w3.org/1999/xhtml/vocab
meta
http
equiv
content
type
content
text
html
charset
utf
8
script
type
text
javascript
window
nreum
nreum
init
ajax
deny
list
bam
nr
data
net
window
nreum
nreum
loader
config
licensekey
applicationid
for
license
information
please
see
nr
loader
rum
0
min
js
license
txt
var
use
strict
0
gd
vp
fr
jd
hr
xn
1
an
var
const
beacon
nt
beacon
errorbeacon
nt
errorbeacon
licensekey
void
0
applicationid
void
0
sa
void
0
queuetime
void
0
applicationtime
void
0
ttguid
void
0
user
void
0
account
void
0
product
void
0
extra
void
0
jsattributes
userattributes
void
0
atts
void
0
transactionname
void
0
tnameplain
void
0
function
if
throw
new
error
all
info
objects
require
an
agent
identifier
if
throw
new
error
info
for
concat
was
never
set
return
function
if
throw
new
error
all
info
objects
require
an
agent
identifier
0
const
0
ny
info
var
const
if
string
typeof
return
1
try
document
createdocumentfragment
queryselector
catch
return
1
return
0
var
const
data
nr
mask
const
mask
selector
block
selector
data
nr
block
mask
input
options
color
1
date
1
datetime
local
1
email
1
month
1
number
1
range
1
search
1
tel
1
text
1
time
1
url
1
week
1
textarea
1
select
1
password
0
return
ajax
deny
list
void
0
block
internal
0
enabled
0
harvesttimeseconds
10
autostart
0
distributed
tracing
enabled
void
0
exclude
newrelic
header
void
0
cors
use
newrelic
header
void
0
cors
use
tracecontext
headers
void
0
allowed
origins
void
0
feature
flags
generic
events
enabled
0
harvesttimeseconds
30
autostart
0
harvest
toomanyrequestsdelay
60
jserrors
enabled
0
harvesttimeseconds
10
autostart
0
logging
enabled
0
harvesttimeseconds
10
autostart
0
level
info
metrics
enabled
0
autostart
0
obfuscate
void
0
page
action
enabled
0
page
view
event
enabled
0
autostart
0
page
view
timing
enabled
0
harvesttimeseconds
30
long
task
1
autostart
0
privacy
cookies
enabled
0
proxy
assets
void
0
beacon
void
0
session
expiresms
wk
inactivems
bb
session
replay
autostart
0
enabled
1
harvesttimeseconds
60
preload
1
sampling
rate
10
error
sampling
rate
collect
fonts
1
inline
images
1
inline
stylesheet
0
fix
stylesheets
0
mask
all
inputs
0
get
mask
text
selector
return
mask
selector
set
mask
text
selector
mask
selector
concat
concat
null
mask
selector
0
5
get
block
class
return
nr
block
get
ignore
class
return
nr
ignore
get
mask
text
class
return
nr
mask
get
block
selector
return
block
selector
set
block
selector
block
selector
concat
0
6
get
mask
input
options
return
mask
input
options
set
mask
input
options
object
typeof
mask
input
options
password
0
0
7
session
trace
enabled
0
harvesttimeseconds
10
autostart
0
soft
navigations
enabled
0
harvesttimeseconds
10
autostart
0
spa
enabled
0
harvesttimeseconds
10
autostart
0
ssl
void
0
all
configuration
objects
require
an
agent
identifier
function
if
throw
new
error
if
throw
new
error
configuration
for
concat
was
never
set
return
function
if
throw
new
error
0
const
0
ny
init
function
if
throw
new
error
var
if
for
var
split
0
use
strict
var
function
try
if
object
typeof
return
0
3
if
object
typeof
return
0
4
const
object
create
object
getprototypeof
object
getownpropertydescriptors
0
object
keys
length
for
let
in
if
void
0
try
if
null
null
continue
array
isarray
array
isarray
array
from
new
set
object
typeof
object
typeof
catch
0
1
return
catch
0
2
use
strict
3
xs
xv
const
0
prod
cdn
use
strict
of
ri
vr
wn
bv
gm
mw
sb
var
const
undefined
typeof
window
window
document
undefined
typeof
workerglobalscope
undefined
typeof
self
self
instanceof
workerglobalscope
self
navigator
instanceof
workernavigator
undefined
typeof
globalthis
globalthis
instanceof
workerglobalscope
globalthis
navigator
instanceof
workernavigator
window
undefined
typeof
workerglobalscope
undefined
typeof
self
self
instanceof
workerglobalscope
self
undefined
typeof
globalthis
globalthis
instanceof
workerglobalscope
globalthis
boolean
hidden
document
visibilitystate
ipad
iphone
ipod
test
navigator
useragent
undefined
typeof
sharedworker
const
navigator
useragent
match
firefox
array
isarray
length
2
1
navigator
sendbeacon
date
now
0
use
strict
var
const
agentidentifier
ee
void
0
class
constructor
try
if
object
typeof
return
0
8
this
sharedcontext
object
assign
this
sharedcontext
object
entries
foreach
let
object
keys
includes
this
sharedcontext
catch
0
9
use
strict
ak
ze
3
var
const
function
const
staged
1
priority
0
get
set
function
get
delete
1
size
function
if
throw
new
error
agentidentifier
required
new
map
function
let
arguments
length
0
void
0
arguments
0
arguments
0
arguments
length
1
void
0
arguments
1
arguments
1
feature
arguments
length
2
void
0
arguments
2
arguments
2
if
get
return
get
staged
0
function
const
array
from
every
let
return
staged
sort
1
priority
1
priority
foreach
let
delete
function
let
arguments
length
2
void
0
arguments
2
arguments
2
const
ee
get
ee
handlers
if
aborted
backlog
if
const
backlog
if
for
let
0
let
object
values
foreach
0
on
1
isolatedbacklog
delete
backlog
null
emit
drain
function
var
1
object
values
foreach
var
0
if
0
var
1
3
2
apply
use
strict
ee
var
const
nr
context
concat
function
var
1
try
16
length
0
fr
isolatedbacklog
catch
var
on
addeventlistener
removeeventlistener
function
var
if
return
for
var
0
let
in
abort
function
aborted
0
object
keys
backlog
foreach
delete
backlog
isbuffering
function
return
debugid
backlog
object
typeof
backlog
backlog
isolatedbacklog
return
object
defineproperty
aborted
get
let
aborted
1
return
aborted
function
return
instanceof
0
new
new
function
concat
function
return
function
return
function
return
backlog
void
0
globalee
0
zm
ee
ee
use
strict
class
constructor
this
contextid
use
strict
var
ee
get
handle
function
buffer
emit
buffer
emit
use
strict
var
on
var
handlers
function
function
feature
var
push
use
strict
dd
jt
sp
var
let
1
1
try
const
get
passive
return
0
1
get
signal
return
0
1
gm
addeventlistener
test
null
gm
removeeventlistener
test
null
catch
function
return
capture
passive
signal
function
let
arguments
length
2
void
0
arguments
2
arguments
2
arguments
length
3
arguments
3
void
0
window
addeventlistener
function
let
arguments
length
2
void
0
arguments
2
arguments
2
arguments
length
3
arguments
3
void
0
document
addeventlistener
use
strict
const
0
bz
use
strict
la
bz
var
const
xxxxxxxx
xxxx
4
xxx
yxxx
xxxxxxxxxxxx
function
return
15
16
math
random
0
function
const
gm
crypto
gm
mscrypto
let
0
return
getrandomvalues
getrandomvalues
new
uint
8
array
30
split
map
tostring
16
3
8
tostring
16
join
function
const
gm
crypto
gm
mscrypto
let
0
getrandomvalues
getrandomvalues
new
uint
8
array
const
for
var
0
use
strict
bb
3
il
ts
uh
wk
const
nrba
session
started
session
started
pause
session
pause
reset
session
reset
resume
session
resume
update
session
update
same
tab
same
tab
cross
tab
cross
tab
off
0
full
1
error
2
use
strict
function
return
math
floor
performance
now
use
strict
function
function
typeof
console
debug
console
debug
new
relic
warning
concat
use
strict
var
const
newrelic
const
new
set
function
const
ee
get
object
typeof
has
emit
rumresp
add
function
let
arguments
length
0
void
0
arguments
0
arguments
0
try
gm
dispatchevent
new
customevent
detail
catch
loaded
0
use
strict
var
object
prototype
hasownproperty
function
if
call
return
var
if
object
defineproperty
object
keys
try
return
object
defineproperty
value
writable
0
enumerable
1
catch
return
use
strict
function
var
this
let
arguments
length
1
void
0
arguments
1
arguments
1
arguments
length
2
void
0
arguments
2
arguments
2
const
leading
1
let
return
function
for
var
arguments
length
new
array
0
cleartimeout
cleartimeout
settimeout
apply
function
var
this
let
1
return
function
if
0
for
var
arguments
length
new
array
0
use
strict
gg
sb
var
function
return
undefined
typeof
document
complete
document
readystate
function
if
return
0
sp
load
function
if
return
0
dd
domcontentloaded
use
strict
nt
us
zm
bq
dv
ny
pv
var
const
beacon
bam
nr
data
net
errorbeacon
bam
nr
data
net
function
return
gm
nreum
gm
nreum
void
0
gm
newrelic
gm
newrelic
gm
nreum
gm
nreum
function
let
return
st
gm
settimeout
si
gm
setimmediate
ct
gm
cleartimeout
xhr
gm
xmlhttprequest
req
gm
request
ev
gm
event
pr
gm
promise
mo
gm
mutationobserver
fetch
gm
fetch
function
let
initializedagents
initializedat
ms
0
date
new
date
initializedagents
function
let
return
initializedagents
function
function
return
function
let
const
info
info
beacon
beacon
errorbeacon
errorbeacon
function
let
const
init
init
function
let
const
loader
config
loader
config
use
strict
var
function
let
arguments
length
1
void
0
arguments
1
arguments
1
arguments
length
2
arguments
2
void
0
arguments
length
3
arguments
3
void
0
0
dd
visibilitychange
function
if
return
void
hidden
document
visibilitystate
document
visibilitystate
use
strict
ym
var
const
nr
original
concat
var
object
prototype
hasownproperty
1
function
return
ee
inplace
function
const
charat
0
for
let
0
use
strict
et
var
const
error
error
warn
warn
info
info
debug
debug
trace
trace
log
logging
use
strict
tz
xg
rs
xv
const
metrics
sm
cm
storesupportabilitymetrics
storeeventmetrics
use
strict
const
pageviewevent
use
strict
const
pageviewtiming
use
strict
4
var
sessionreplay
const
record
recordreplay
pause
pausereplay
replay
running
replayrunning
error
during
replay
errorduringreplay
error
full
off
use
strict
var
class
constructor
this
agentidentifier
this
aggregator
this
ee
ee
get
this
featurename
this
blocked
1
use
strict
var
const
seterrorhandler
finished
addtotrace
addrelease
addpageaction
setcurrentroutename
setpageviewname
setcustomattribute
interaction
noticeerror
setuserid
setapplicationversion
start
4
record
4
pause
log
wraplogger
seterrorhandler
finished
addtotrace
addrelease
var
var
function
if
object
typeof
string
typeof
function
typeof
return
0
29
const
function
return
ee
get
logger
0
ym
new
return
level
level
customattributes
customattributes
inplace
wrap
logger
function
const
0
pv
foreach
function
for
var
arguments
length
new
array
0
1
1
api
exposed
api
push
api
0
38
length
1
0
const
function
let
arguments
length
2
void
0
arguments
2
arguments
2
0
ak
api
const
var
ee
get
get
tracer
off
on
4
replay
running
var
api
ixn
function
const
0
vp
return
null
delete
jsattributes
0
1
jsattributes
jsattributes
0
null
session
void
0
function
log
function
let
customattributes
level
info
arguments
length
1
void
0
arguments
1
arguments
1
0
xv
api
log
called
void
0
metrics
function
let
arguments
length
2
void
0
arguments
2
arguments
2
arguments
length
3
void
0
arguments
3
arguments
3
info
0
xv
api
logging
concat
tolowercase
called
void
0
metrics
0
et
0
void
0
logging
wraplogger
function
let
customattributes
level
info
arguments
length
2
void
0
arguments
2
arguments
2
0
xv
api
wraplogger
called
void
0
metrics
customattributes
level
foreach
0
api
addpageaction
addpageaction
0
genericevents
setpageviewname
function
if
string
typeof
return
charat
0
0
fr
customtransaction
http://custom.transa
ction
setpageviewname
0
setcustomattribute
function
let
arguments
length
2
void
0
arguments
2
arguments
2
if
string
typeof
if
string
number
boolean
includes
typeof
null
return
setcustomattribute
0
40
typeof
else
0
39
typeof
setuserid
function
if
string
typeof
null
return
enduser
id
setuserid
0
0
41
typeof
setapplicationversion
function
if
string
typeof
null
return
application
version
setapplicationversion
1
0
42
typeof
start
try
0
xv
api
start
called
void
0
metrics
emit
manual
start
all
catch
0
23
4
record
function
0
xv
api
recordreplay
called
void
0
metrics
0
4
record
void
0
sessionreplay
4
pause
function
0
xv
api
pausereplay
called
void
0
metrics
0
4
pause
void
0
sessionreplay
interaction
function
return
new
get
object
typeof
const
prototype
createtracer
function
var
this
function
typeof
return
0
xv
api
createtracer
called
void
0
metrics
0
tracer
0
spa
function
if
emit
no
fn
start
0
try
return
apply
this
arguments
catch
const
string
typeof
new
error
throw
emit
fn
err
arguments
this
finally
emit
fn
end
0
function
return
function
return
0
xv
api
called
void
0
metrics
0
0
arguments
null
this
void
0
this
function
then
bind
then
let
setapi
0
ze
api
catch
0
27
abort
return
actiontext
setname
setattribute
save
ignore
onend
getcontext
end
get
foreach
void
0
softnav
spa
setcurrentroutename
routename
void
0
softnav
routename
0
spa
noticeerror
function
string
typeof
new
error
0
xv
api
noticeerror
called
void
0
metrics
0
err
0
1
void
0
jserrors
ri
0
gg
0
var
const
const
startswith
http
https
let
1
function
let
arguments
length
1
void
0
arguments
1
arguments
1
arguments
length
2
arguments
2
void
0
arguments
length
3
arguments
3
void
0
init
info
loader
config
runtime
exposed
0
loadertype
const
0
pv
init
info
loader
config
0
xn
agentidentifier
0
an
agentidentifier
jsattributes
bv
jsattributes
isworker
0
0
1
agentidentifier
const
0
0
agentidentifier
beacon
errorbeacon
proxy
assets
proxy
assets
push
proxy
assets
proxy
beacon
push
proxy
beacon
0
us
activatedfeatures
runsoftnavoverspa
0
soft
navigations
enabled
feature
flags
includes
soft
nav
denylist
ajax
deny
list
ajax
block
internal
ptid
agentidentifier
0
agentidentifier
ee
ee
get
agentidentifier
void
0
api
api
agentidentifier
runsoftnavoverspa
void
0
exposed
exposed
0
nc
try
return
document
currentscript
nonce
catch
return
use
strict
const
ajax
ajax
genericevents
generic
events
jserrors
jserrors
logging
logging
metrics
metrics
pageaction
page
action
pageviewevent
page
view
event
pageviewtiming
page
view
timing
sessionreplay
session
replay
sessiontrace
session
trace
softnav
soft
navigations
spa
spa
pageviewevent
1
pageviewtiming
2
metrics
3
jserrors
4
spa
5
ajax
6
sessiontrace
7
softnav
8
sessionreplay
9
logging
10
genericevents
11
function
var
if
void
0
return
exports
var
exports
return
exports
exports
for
var
in
object
defineproperty
enumerable
0
get
promise
all
object
keys
reduce
nr
rum
0
min
js
object
prototype
hasownproperty
call
nrba
0
prod
if
push
else
var
if
void
0
for
var
document
getelementsbytagname
script
0
length
var
if
getattribute
src
getattribute
data
webpack
break
if
0
var
sha
jftcbnpzpe
6
tx
1
oowgtdxgtxjpzczbrsumxw
iz
7
06
ssfloejuidps
4
xhjv
4
xx
4
uardele
2
dq
0
bhqlw
document
createelement
script
charset
utf
8
timeout
nc
setattribute
nonce
nc
setattribute
data
webpack
src
0
src
indexof
window
location
origin
crossorigin
anonymous
integrity
var
onerror
onload
null
cleartimeout
var
if
delete
parentnode
parentnode
removechild
foreach
return
settimeout
bind
null
void
0
type
timeout
target
onerror
bind
null
onerror
onload
bind
null
onload
document
head
appendchild
undefined
typeof
symbol
symbol
tostringtag
object
defineproperty
symbol
tostringtag
value
module
object
defineproperty
esmodule
value
0
https://js-agent.newrelic.com/
var
var
void
0
if
0
if
push
2
else
var
new
promise
push
2
var
new
error
if
0
void
0
var
load
type
missing
type
target
target
src
message
loading
chunk
failed
name
chunkloaderror
type
request
1
chunk
var
var
0
if
some
0
for
in
if
for
use
strict
var
class
agentidentifier
constructor
let
arguments
length
0
void
0
arguments
0
arguments
0
0
la
16
this
agentidentifier
for
var
arguments
length
new
array
1
1
function
return
0
0
gd
concat
enabled
var
var
const
ri
0
0
gd
privacy
cookies
enabled
function
return
hr
mo
0
0
gd
session
trace
enabled
var
class
extends
constructor
let
arguments
length
3
void
0
arguments
3
arguments
3
super
this
auto
this
aborthandler
void
0
this
feataggregate
void
0
this
onaggregateimported
void
0
1
0
gd
this
agentidentifier
concat
this
featurename
autostart
this
auto
1
this
auto
0
ak
this
ee
on
manual
start
all
0
0
ak
this
agentidentifier
this
featurename
this
auto
0
this
importaggregator
importaggregator
let
arguments
length
0
void
0
arguments
0
arguments
0
if
this
feataggregate
this
auto
return
this
onaggregateimported
new
promise
const
async
let
try
if
this
agentidentifier
const
setupagentsession
await
then
bind
this
agentidentifier
catch
0
20
this
ee
emit
internal
error
this
featurename
sessionreplay
this
aborthandler
try
if
this
this
featurename
return
0
ze
this
agentidentifier
this
featurename
void
1
const
lazyfeatureloader
await
then
bind
aggregate
await
this
featurename
aggregate
this
feataggregate
new
this
agentidentifier
this
aggregator
0
catch
0
34
this
aborthandler
0
ze
this
agentidentifier
this
featurename
0
1
this
ee
this
ee
abort
ri
0
gg
0
switch
case
sessionreplay
return
this
agentidentifier
case
sessiontrace
return
default
return
0
var
class
extends
static
featurename
constructor
let
arguments
length
2
void
0
arguments
2
arguments
2
super
this
importaggregator
var
class
extends
constructor
super
this
aggregateddata
store
var
this
getbucket
return
metrics
function
count
0
return
count
1
object
entries
foreach
let
metrics
merge
var
this
getbucket
if
metrics
var
metrics
count
count
object
keys
foreach
if
count
var
function
if
return
return
min
math
min
min
min
max
math
max
max
max
sos
sos
else
metrics
storemetric
var
this
getbucket
return
stats
stats
getbucket
this
aggregateddata
this
aggregateddata
var
this
aggregateddata
return
this
aggregateddata
params
custom
get
return
this
aggregateddata
this
aggregateddata
this
aggregateddata
take
for
var
1
0
max
max
constructor
let
arguments
length
2
void
0
arguments
2
arguments
2
super
ri
0
0
dochidden
0
void
0
this
ee
0
0
sp
pagehide
0
winpagehide
0
void
0
this
ee
this
importaggregator
var
class
extends
static
featurename
tz
constructor
let
arguments
length
2
void
0
arguments
2
arguments
2
super
tz
this
importaggregator
new
class
extends
constructor
super
gm
this
sharedaggregator
new
agentidentifier
this
agentidentifier
this
features
0
bq
this
agentidentifier
this
this
desiredfeatures
new
set
features
this
desiredfeatures
add
this
runsoftnavoverspa
this
desiredfeatures
some
featurename
softnav
0
this
loadertype
agent
this
run
0
21
get
config
return
info
this
info
init
this
init
loader
config
this
loader
config
runtime
this
runtime
run
try
const
this
agentidentifier
this
desiredfeatures
sort
featurename
featurename
foreach
if
featurename
featurename
pageviewevent
return
if
this
runsoftnavoverspa
featurename
spa
return
if
this
runsoftnavoverspa
featurename
softnav
return
function
switch
case
ajax
return
jserrors
case
sessiontrace
return
ajax
pageviewevent
case
sessionreplay
return
sessiontrace
case
pageviewtiming
return
pageviewevent
default
return
featurename
every
in
this
features
0
36
featurename
this
features
featurename
new
this
agentidentifier
this
sharedaggregator
catch
0
22
for
const
in
this
features
this
features
aborthandler
const
0
zm
delete
initializedagents
this
agentidentifier
api
delete
initializedagents
this
agentidentifier
features
delete
this
sharedaggregator
return
ee
get
this
agentidentifier
abort
1
features
loadertype
lite
link
rel
shortcut
icon
href
https://www.isc.upenn.edu/favicon.ico
type
image
vnd
microsoft
icon
script
type
application
ld
json
context
http
schema
org
type
breadcrumblist
itemlistelement
type
listitem
position
1
item
name
services
id
https
www
isc
upenn
edu
services
type
listitem
position
2
item
name
email
calendaring
amp
collaboration
id
https
www
isc
upenn
edu
email
calendaring
collaboration
meta
name
description
content
overviewpennbox
is
cloud
based
collaboration
service
for
securely
managing
and
sharing
files
and
folders
within
the
penn
community
and
externally
users
can
access
create
manage
and
distribute
content
across
various
device
types
and
operating
systems
meta
name
keywords
content
penn
box
meta
name
generator
content
drupal
7
https://www.drupal.org
link
rel
canonical
href
https://www.isc.upenn.edu/pennbox
link
rel
shortlink
href
https://www.isc.upenn.edu/node/612
meta
property
og
site
name
content
upenn
isc
meta
property
og
type
content
article
meta
property
og
title
content
pennbox
meta
property
og
url
content
https://www.isc.upenn.edu/pennbox
meta
property
og
description
content
overviewpennbox
is
cloud
based
collaboration
service
for
securely
managing
and
sharing
files
and
folders
within
the
penn
community
and
externally
users
can
access
create
manage
and
distribute
content
across
various
device
types
and
operating
systems
meta
property
og
updated
time
content
meta
property
og
image
content
meta
name
twitter
card
content
summary
meta
name
twitter
url
content
https://www.isc.upenn.edu/pennbox
meta
name
twitter
title
content
pennbox
meta
name
twitter
description
content
overviewpennbox
is
cloud
based
collaboration
service
for
securely
managing
and
sharing
files
and
folders
within
the
penn
community
and
externally
users
can
access
create
manage
and
distribute
meta
property
article
published
time
content
meta
property
article
modified
time
content
pennbox
upenn
isc
link
rel
apple
touch
icon
sizes
href
apple
touch
icon
png
link
rel
apple
touch
icon
sizes
href
apple
touch
icon
png
link
rel
apple
touch
icon
sizes
href
apple
touch
icon
png
link
rel
apple
touch
icon
sizes
href
apple
touch
icon
png
link
rel
apple
touch
icon
sizes
href
apple
touch
icon
png
link
rel
apple
touch
icon
sizes
href
apple
touch
icon
png
link
rel
apple
touch
icon
sizes
href
apple
touch
icon
png
link
rel
apple
touch
icon
sizes
href
apple
touch
icon
png
link
rel
apple
touch
icon
sizes
href
apple
touch
icon
png
link
rel
icon
type
image
png
href
favicon
png
sizes
link
rel
icon
type
image
png
href
favicon
png
sizes
link
rel
icon
type
image
png
href
favicon
png
sizes
link
rel
icon
type
image
png
href
favicon
png
sizes
link
rel
icon
type
image
png
href
favicon
png
sizes
meta
name
msapplication
tileimage
content
mstile
png
style
type
text
css
media
all
import
url
siu
8
zl
import
url
siu
8
zl
import
url
siu
8
zl
import
url
siu
8
zl
style
type
text
css
media
all
import
url
siu
8
zl
import
url
siu
8
zl
import
url
siu
8
zl
import
url
siu
8
zl
import
url
siu
8
zl
import
url
siu
8
zl
style
type
text
css
media
all
import
url
siu
8
zl
style
type
text
css
media
all
import
url
siu
8
zl
if
lte
ie
9
style
type
text
css
media
all
import
url
siu
8
zl
endif
if
lt
ie
9
style
type
text
css
media
all
import
url
siu
8
zl
import
url
siu
8
zl
endif
if
lt
ie
9
script
src
cdnjs
cloudflare
com
ajax
libs
html
5
shiv
2
html
5
shiv
min
js
script
src
cdnjs
cloudflare
com
ajax
libs
selectivizr
2
selectivizr
min
js
endif
skip
to
main
content
iframe
src
https://www.googletagmanager.com/ns.html
id
gtm
mrhx
4
tw
height
0
width
0
style
display
none
visibility
hidden
class
logo
link
href
img
class
logo
src
sites
all
themes
isc
img
penn
logo
png
srcset
sites
all
themes
isc
img
penn
logo
png
1
sites
all
themes
isc
img
penn
logo
2
png
2
alt
penn
information
systems
amp
computing
systems
home
form
action
pennbox
method
post
id
search
block
form
2
accept
charset
utf
8
search
form
search
isc
input
title
enter
the
terms
you
wish
to
search
for
placeholder
search
isc
type
text
id
edit
search
block
form
4
name
search
block
form
value
size
15
maxlength
class
form
text
input
type
submit
id
edit
submit
3
name
op
value
search
class
form
submit
search
input
type
hidden
name
form
build
id
value
form
zel
cq
8
zgao
6
lwkikhsleo
0
lso
3
blgbt
3
yyww
input
type
hidden
name
form
id
value
search
block
form
href
https://status.isc.upenn.edu
target
blank
getting
system
status
menu
close
href
get
started
title
get
started
get
started
href
resources
it
staff
it
staff
href
resources
faculty
faculty
href
resources
staff
staff
href
resources
students
students
href
resources
alumni
guests
alumni
amp
guests
href
https://inside.isc.upenn.edu
title
resources
for
isc
staff
isc
staff
href
services
title
services
class
active
trail
services
href
services
services
to
href
accounts
access
security
accounts
access
amp
security
href
access
management
services
title
provides
authentication
and
authorization
services
for
all
university
wide
digital
resources
access
management
services
href
active
directory
title
defines
and
manages
authorization
and
authentication
for
centralized
microsoft
based
applications
and
services
active
directory
href
identity
management
services
title
provides
wide
range
of
user
identity
and
account
offerings
for
entities
accessing
penns
digital
resources
identity
management
services
href
information
security
services
title
information
security
consultation
incident
management
and
response
training
and
awareness
and
vulnerability
scanning
information
security
services
href
applications
data
analytics
title
applications
amp
data
analytics
href
enterprise
application
development
delivery
title
software
solutions
for
widely
distributed
key
business
functions
processes
application
development
amp
delivery
href
data
analytics
title
query
tools
amp
analysis
of
penns
administrative
information
assets
data
analytics
href
data
analytics
penn
data
analytics
at
penn
href
integration
title
sharing
of
key
university
processes
amp
data
among
applications
integration
development
amp
delivery
href
backup
storage
platforms
title
backup
storage
amp
platforms
href
backitup
title
fully
configurable
backup
for
those
who
manage
servers
but
don
want
to
maintain
backup
infrastructure
backitup
href
cloud
solutions
title
helps
it
service
providers
across
campus
to
deploy
and
run
systems
in
amazon
web
services
aws
and
on
other
public
cloud
providers
and
assists
their
faculty
and
staff
in
making
use
of
cloud
services
directly
cloud
solutions
href
data
center
title
provides
university
constituents
reliable
and
secure
space
to
house
their
it
assets
data
center
amp
colocation
solutions
href
database
application
platform
support
consulting
title
an
array
of
database
service
offerings
that
provide
maximum
flexibility
for
our
clients
across
the
university
database
amp
application
platform
support
amp
consulting
href
endpoint
management
title
centralized
management
of
workstations
and
servers
allowing
remote
installation
of
applications
patches
and
other
software
fixes
endpoint
management
href
recovery
solutions
title
enabling
the
protection
amp
recovery
of
vital
infrastructure
recovery
solutions
href
storage
0
title
provides
network
attached
file
level
storage
to
its
clients
storage
href
virtual
desktop
title
hosting
desktop
operating
system
within
virtual
machine
running
on
centralized
server
virtual
desktop
href
virtual
server
hosting
title
virtualization
for
server
consolidation
amp
it
resource
optimization
virtual
server
hosting
href
community
support
learning
title
community
support
amp
learning
href
classroom
technology
services
title
av
amp
other
technology
for
provosts
central
pool
classrooms
classroom
technology
services
href
desktop
engineering
title
resources
and
tools
for
local
it
support
providers
desktop
engineering
href
it
community
events
title
collaborative
learning
events
for
penn
it
community
it
community
events
href
linkedinlearning
title
industry
leader
in
online
training
providing
access
to
hundreds
of
courses
linkedin
learning
href
tech
center
title
computing
help
for
students
living
off
campus
in
greek
houses
sansom
place
east
west
tech
center
href
consulting
professional
services
title
consulting
amp
professional
services
href
brokered
products
title
provides
schools
and
centers
with
access
to
enterprise
level
licensing
and
third
party
service
contracts
brokered
products
href
hireit
title
full
time
local
it
support
without
adding
full
time
staff
hireit
href
systems
consulting
title
systems
administration
consulting
with
in
depth
knowledge
of
the
penn
it
environment
systems
support
amp
consulting
href
technology
forecasting
title
working
collaboratively
with
penn
it
partners
to
identify
and
evaluate
new
services
provide
technology
roadmaps
and
to
develop
recommendations
and
best
practices
technology
forecasting
href
email
calendaring
collaboration
title
class
active
trail
email
calendaring
amp
collaboration
href
classlists
title
class
mailing
list
service
for
all
courses
taught
in
participating
schools
classlists
href
penn
email
routing
title
provides
front
end
application
and
back
end
infrastructure
for
routing
email
to
email
service
providers
such
as
penno
google
apps
and
other
bespoke
email
service
providers
penn
email
routing
href
pennbox
title
collaboration
service
for
securely
storing
amp
sharing
data
class
active
trail
active
pennbox
href
pennnet
mailing
lists
title
self
managed
mailing
list
application
that
allows
requestor
to
setup
and
maintain
subscriptions
to
an
electronic
mailing
list
pennnet
mailing
lists
href
penno
title
the
universitys
cloud
based
email
amp
calendaring
service
available
to
every
school
amp
center
on
an
opt
in
basis
penno
href
pennzoom
title
an
enterprise
video
conferencing
tool
that
provides
remote
meeting
collaboration
capabilities
and
classroom
instruction
for
small
and
large
groups
pennzoom
href
smtp
relay
title
support
for
devices
like
faxes
or
copy
machines
to
enable
their
email
features
smtp
relay
href
secure
share
title
secure
exchange
of
sensitive
data
files
within
penn
secure
share
href
networks
connectivity
title
networks
amp
connectivity
href
firewall
services
title
automated
security
tools
used
to
filter
out
known
malicious
network
traffic
and
protect
server
and
end
user
networks
firewall
services
href
network
design
installation
title
industry
standard
network
consultation
design
amp
installation
network
design
amp
installation
href
pennnet
title
the
universitys
enterprise
data
network
permitting
network
access
for
faculty
staff
and
students
in
all
campus
buildings
and
residence
halls
pennnet
href
network
names
numbers
title
provides
resources
under
the
upenn
edu
domain
name
and
in
pennnet
ip
space
that
enable
penn
to
exist
on
the
internet
network
names
amp
numbers
href
magpi
title
high
bandwidth
access
to
internet
2
amp
86
partners
magpi
penn
internet
2
regional
optical
network
href
pennnet
ethernet
ports
title
wired
connectivity
to
resources
at
penn
amp
across
the
world
pennnet
ethernet
ports
href
wireless
at
penn
title
the
universitys
campus
wide
wireless
network
wireless
at
penn
href
phone
tv
video
title
phone
tv
amp
video
href
contact
center
title
automated
distribution
of
incoming
telephone
calls
and
other
types
of
contacts
contact
center
href
live
video
streaming
title
full
service
support
for
webcasts
of
live
events
live
video
streaming
href
penn
video
network
title
video
service
streaming
television
programming
and
movies
to
on
campus
residence
halls
schools
and
centers
penn
video
network
href
pennflex
phone
title
pennflex
phone
is
the
universitys
cloud
based
telephony
service
supporting
business
operations
for
the
campus
pennflex
phone
href
traditional
telephony
title
legacy
telephone
service
provided
by
our
telecommunication
carriers
central
office
traditional
telephony
href
video
content
management
title
offers
video
capture
and
storage
at
the
user
or
classroom
level
integrating
with
the
canvas
platform
video
content
management
href
video
production
title
provides
broadcast
quality
editing
and
recording
services
to
the
campus
community
video
production
href
producing
video
content
producing
video
content
href
web
development
web
hosting
href
web
services
title
suite
of
web
hosting
service
offerings
for
university
clients
web
hosting
service
href
service
rates
service
rates
href
slas
service
level
agreements
href
security
title
security
security
href
security
overview
office
of
information
security
href
security
services
title
security
services
href
security
projects
special
projects
href
information
security
policies
procedures
policies
amp
procedures
href
security
aware
training
amp
awareness
href
penn
secureit
program
penn
secureit
program
href
collaborations
title
collaborations
collaborations
href
https://www.isc.upenn.edu/computing-policies
title
computing
policies
href
collaborations
engaging
penn
99
it
community
engaging
penns
it
community
href
collaborations
identity
access
management
identity
amp
access
management
href
collaborations
penn
it
strategic
plan
penn
it
strategic
plan
href
collaborations
cloud
first
cloud
first
href
collaborations
next
generation
unified
communications
next
generation
unified
communications
href
collaborations
penn
bot
penn
bot
href
collaborations
it
advisory
groups
it
advisory
groups
href
collaborations
common
solutions
common
solutions
href
collaborations
it
roundtable
it
roundtable
href
collaborations
network
policy
committee
network
policy
committee
href
collaborations
penn
technology
investment
committee
title
penn
technology
investment
committee
ptic
href
about
penn
technology
investment
committee
about
ptic
href
ptic
it
development
fund
the
ptic
it
development
fund
href
collaborations
special
interest
groups
sigs
special
interest
groups
sigs
href
collaborations
audio
visual
special
interest
group
audio
visual
av
sig
href
collaborations
cloud
computing
special
interest
group
cloud
computing
cloud
sig
href
collaborations
data
visualization
special
interest
group
data
visualization
dataviz
sig
href
collaborations
developer
special
interest
group
developer
sig
dev
sig
href
collaborations
high
performance
computing
special
interest
group
high
performance
computing
hpc
sig
href
collaborations
instructional
technology
special
interest
group
instructional
technology
sig
href
collaborations
linux
special
interest
group
linux
sig
href
collaborations
macintosh
networking
group
macintosh
networking
group
macnet
href
collaborations
mobile
technologies
special
interest
group
mobile
technologies
mobile
sig
href
collaborations
special
interest
group
special
interest
group
href
collaborations
pc
networking
group
pc
networking
group
pc
net
href
collaborations
project
partners
special
interest
group
project
partners
sig
href
collaborations
security
special
interest
group
security
sig
href
collaborations
social
media
special
interest
group
social
media
sig
href
collaborations
splunk
special
interest
group
splunk
special
interest
group
href
collaborations
super
user
group
super
user
group
sug
href
collaborations
web
developers
special
interest
group
web
sig
href
collaborations
technology
services
strategy
review
board
technology
services
strategy
review
board
href
news
title
news
news
href
events
title
events
events
href
about
title
about
about
href
overview
overview
href
leadership
groups
leadership
amp
groups
href
isc
purpose
values
purpose
amp
values
href
isc
strategic
goals
strategic
goals
href
isc
99
key
program
employee
recognition
recognition
href
staff
profiles
staff
profiles
href
tech
jobs
penn
tech
jobs
penn
href
contact
us
contact
us
href
hot
topics
hot
topics
href
get
it
help
title
get
it
help
get
it
help
href
student
support
directory
help
for
students
href
facultystaff
support
directory
help
for
faculty
amp
staff
href
alumni
support
directory
title
help
for
alumni
href
guest
support
directory
title
help
for
guests
amp
others
href
clientcare
resources
for
it
staff
you
are
here
href
homepage
home
raquo
href
services
services
raquo
href
email
calendaring
collaboration
email
calendaring
amp
collaboration
raquo
pennbox
href
get
started
title
get
started
get
started
href
resources
it
staff
it
staff
href
resources
faculty
faculty
href
resources
staff
staff
href
resources
students
students
href
resources
alumni
guests
alumni
amp
guests
href
https://inside.isc.upenn.edu
title
resources
for
isc
staff
isc
staff
href
services
title
services
class
active
trail
active
trail
services
href
services
services
to
href
accounts
access
security
accounts
access
amp
security
href
access
management
services
title
provides
authentication
and
authorization
services
for
all
university
wide
digital
resources
access
management
services
href
active
directory
title
defines
and
manages
authorization
and
authentication
for
centralized
microsoft
based
applications
and
services
active
directory
href
identity
management
services
title
provides
wide
range
of
user
identity
and
account
offerings
for
entities
accessing
penns
digital
resources
identity
management
services
href
information
security
services
title
information
security
consultation
incident
management
and
response
training
and
awareness
and
vulnerability
scanning
information
security
services
href
applications
data
analytics
title
applications
amp
data
analytics
href
enterprise
application
development
delivery
title
software
solutions
for
widely
distributed
key
business
functions
processes
application
development
amp
delivery
href
data
analytics
title
query
tools
amp
analysis
of
penns
administrative
information
assets
data
analytics
href
data
analytics
penn
data
analytics
at
penn
href
integration
title
sharing
of
key
university
processes
amp
data
among
applications
integration
development
amp
delivery
href
backup
storage
platforms
title
backup
storage
amp
platforms
href
backitup
title
fully
configurable
backup
for
those
who
manage
servers
but
don
want
to
maintain
backup
infrastructure
backitup
href
cloud
solutions
title
helps
it
service
providers
across
campus
to
deploy
and
run
systems
in
amazon
web
services
aws
and
on
other
public
cloud
providers
and
assists
their
faculty
and
staff
in
making
use
of
cloud
services
directly
cloud
solutions
href
data
center
title
provides
university
constituents
reliable
and
secure
space
to
house
their
it
assets
data
center
amp
colocation
solutions
href
database
application
platform
support
consulting
title
an
array
of
database
service
offerings
that
provide
maximum
flexibility
for
our
clients
across
the
university
database
amp
application
platform
support
amp
consulting
href
endpoint
management
title
centralized
management
of
workstations
and
servers
allowing
remote
installation
of
applications
patches
and
other
software
fixes
endpoint
management
href
recovery
solutions
title
enabling
the
protection
amp
recovery
of
vital
infrastructure
recovery
solutions
href
storage
0
title
provides
network
attached
file
level
storage
to
its
clients
storage
href
virtual
desktop
title
hosting
desktop
operating
system
within
virtual
machine
running
on
centralized
server
virtual
desktop
href
virtual
server
hosting
title
virtualization
for
server
consolidation
amp
it
resource
optimization
virtual
server
hosting
href
community
support
learning
title
community
support
amp
learning
href
classroom
technology
services
title
av
amp
other
technology
for
provosts
central
pool
classrooms
classroom
technology
services
href
desktop
engineering
title
resources
and
tools
for
local
it
support
providers
desktop
engineering
href
it
community
events
title
collaborative
learning
events
for
penn
it
community
it
community
events
href
linkedinlearning
title
industry
leader
in
online
training
providing
access
to
hundreds
of
courses
linkedin
learning
href
tech
center
title
computing
help
for
students
living
off
campus
in
greek
houses
sansom
place
east
west
tech
center
href
consulting
professional
services
title
consulting
amp
professional
services
href
brokered
products
title
provides
schools
and
centers
with
access
to
enterprise
level
licensing
and
third
party
service
contracts
brokered
products
href
hireit
title
full
time
local
it
support
without
adding
full
time
staff
hireit
href
systems
consulting
title
systems
administration
consulting
with
in
depth
knowledge
of
the
penn
it
environment
systems
support
amp
consulting
href
technology
forecasting
title
working
collaboratively
with
penn
it
partners
to
identify
and
evaluate
new
services
provide
technology
roadmaps
and
to
develop
recommendations
and
best
practices
technology
forecasting
href
email
calendaring
collaboration
title
class
active
trail
active
trail
email
calendaring
amp
collaboration
href
classlists
title
class
mailing
list
service
for
all
courses
taught
in
participating
schools
classlists
href
penn
email
routing
title
provides
front
end
application
and
back
end
infrastructure
for
routing
email
to
email
service
providers
such
as
penno
google
apps
and
other
bespoke
email
service
providers
penn
email
routing
href
pennbox
title
collaboration
service
for
securely
storing
amp
sharing
data
class
active
trail
active
trail
active
pennbox
href
pennnet
mailing
lists
title
self
managed
mailing
list
application
that
allows
requestor
to
setup
and
maintain
subscriptions
to
an
electronic
mailing
list
pennnet
mailing
lists
href
penno
title
the
universitys
cloud
based
email
amp
calendaring
service
available
to
every
school
amp
center
on
an
opt
in
basis
penno
href
pennzoom
title
an
enterprise
video
conferencing
tool
that
provides
remote
meeting
collaboration
capabilities
and
classroom
instruction
for
small
and
large
groups
pennzoom
href
smtp
relay
title
support
for
devices
like
faxes
or
copy
machines
to
enable
their
email
features
smtp
relay
href
secure
share
title
secure
exchange
of
sensitive
data
files
within
penn
secure
share
href
networks
connectivity
title
networks
amp
connectivity
href
firewall
services
title
automated
security
tools
used
to
filter
out
known
malicious
network
traffic
and
protect
server
and
end
user
networks
firewall
services
href
network
design
installation
title
industry
standard
network
consultation
design
amp
installation
network
design
amp
installation
href
pennnet
title
the
universitys
enterprise
data
network
permitting
network
access
for
faculty
staff
and
students
in
all
campus
buildings
and
residence
halls
pennnet
href
network
names
numbers
title
provides
resources
under
the
upenn
edu
domain
name
and
in
pennnet
ip
space
that
enable
penn
to
exist
on
the
internet
network
names
amp
numbers
href
magpi
title
high
bandwidth
access
to
internet
2
amp
86
partners
magpi
penn
internet
2
regional
optical
network
href
pennnet
ethernet
ports
title
wired
connectivity
to
resources
at
penn
amp
across
the
world
pennnet
ethernet
ports
href
wireless
at
penn
title
the
universitys
campus
wide
wireless
network
wireless
at
penn
href
phone
tv
video
title
phone
tv
amp
video
href
contact
center
title
automated
distribution
of
incoming
telephone
calls
and
other
types
of
contacts
contact
center
href
live
video
streaming
title
full
service
support
for
webcasts
of
live
events
live
video
streaming
href
penn
video
network
title
video
service
streaming
television
programming
and
movies
to
on
campus
residence
halls
schools
and
centers
penn
video
network
href
pennflex
phone
title
pennflex
phone
is
the
universitys
cloud
based
telephony
service
supporting
business
operations
for
the
campus
pennflex
phone
href
traditional
telephony
title
legacy
telephone
service
provided
by
our
telecommunication
carriers
central
office
traditional
telephony
href
video
content
management
title
offers
video
capture
and
storage
at
the
user
or
classroom
level
integrating
with
the
canvas
platform
video
content
management
href
video
production
title
provides
broadcast
quality
editing
and
recording
services
to
the
campus
community
video
production
href
producing
video
content
producing
video
content
href
web
development
web
hosting
href
web
services
title
suite
of
web
hosting
service
offerings
for
university
clients
web
hosting
service
href
service
rates
service
rates
href
slas
service
level
agreements
href
security
title
security
security
href
security
overview
office
of
information
security
href
security
services
title
security
services
href
security
projects
special
projects
href
information
security
policies
procedures
policies
amp
procedures
href
security
aware
training
amp
awareness
href
penn
secureit
program
penn
secureit
program
href
collaborations
title
collaborations
collaborations
href
https://www.isc.upenn.edu/computing-policies
title
computing
policies
href
collaborations
engaging
penn
99
it
community
engaging
penns
it
community
href
collaborations
identity
access
management
identity
amp
access
management
href
collaborations
penn
it
strategic
plan
penn
it
strategic
plan
href
collaborations
cloud
first
cloud
first
href
collaborations
next
generation
unified
communications
next
generation
unified
communications
href
collaborations
penn
bot
penn
bot
href
collaborations
it
advisory
groups
it
advisory
groups
href
collaborations
common
solutions
common
solutions
href
collaborations
it
roundtable
it
roundtable
href
collaborations
network
policy
committee
network
policy
committee
href
collaborations
penn
technology
investment
committee
title
penn
technology
investment
committee
ptic
href
about
penn
technology
investment
committee
about
ptic
href
ptic
it
development
fund
the
ptic
it
development
fund
href
collaborations
special
interest
groups
sigs
special
interest
groups
sigs
href
collaborations
audio
visual
special
interest
group
audio
visual
av
sig
href
collaborations
cloud
computing
special
interest
group
cloud
computing
cloud
sig
href
collaborations
data
visualization
special
interest
group
data
visualization
dataviz
sig
href
collaborations
developer
special
interest
group
developer
sig
dev
sig
href
collaborations
high
performance
computing
special
interest
group
high
performance
computing
hpc
sig
href
collaborations
instructional
technology
special
interest
group
instructional
technology
sig
href
collaborations
linux
special
interest
group
linux
sig
href
collaborations
macintosh
networking
group
macintosh
networking
group
macnet
href
collaborations
mobile
technologies
special
interest
group
mobile
technologies
mobile
sig
href
collaborations
special
interest
group
special
interest
group
href
collaborations
pc
networking
group
pc
networking
group
pc
net
href
collaborations
project
partners
special
interest
group
project
partners
sig
href
collaborations
security
special
interest
group
security
sig
href
collaborations
social
media
special
interest
group
social
media
sig
href
collaborations
splunk
special
interest
group
splunk
special
interest
group
href
collaborations
super
user
group
super
user
group
sug
href
collaborations
web
developers
special
interest
group
web
sig
href
collaborations
technology
services
strategy
review
board
technology
services
strategy
review
board
href
news
title
news
news
href
events
title
events
events
href
about
title
about
about
href
overview
overview
href
leadership
groups
leadership
amp
groups
href
service
management
office
service
management
office
href
isc
purpose
values
purpose
amp
values
href
isc
strategic
goals
strategic
goals
href
isc
99
key
program
employee
recognition
recognition
href
staff
profiles
staff
profiles
href
staf
profiles
aleks
aleks
href
staff
profiles
ali
ali
href
staff
profiles
andre
andre
href
staff
profiles
angela
angela
href
staff
profiles
anita
anita
href
staff
profiles
beth
beth
href
staff
profiles
brian
brian
href
staff
profiles
caroline
caroline
href
staff
profiles
dan
dan
href
staff
profiles
dan
dan
href
staff
profiles
danielle
danielle
href
staff
profiles
dave
dave
href
staff
profiles
david
david
href
staff
profiles
diane
diane
href
staff
profiles
eero
eero
href
staff
profiles
erica
erica
href
staff
profiles
ernie
ernie
href
staff
profiles
jeanette
jeanette
href
staff
profiles
joe
joe
href
staff
profiles
kalyani
kalyani
href
staff
profiles
kara
kara
href
staff
profiles
maureen
maureen
href
staff
profiles
maurice
9
cmo
9
maurice
mo
href
staff
profiles
mayumi
mayumi
href
staff
profiles
mike
mike
href
staff
profiles
mike
mike
href
staff
profiles
rae
rae
href
staff
profiles
raminderjit
raminderjit
href
staff
profiles
sean
sean
href
staff
profiles
sherry
sherry
href
staff
profiles
stephanie
stephanie
href
staff
profiles
steve
steve
href
staff
profiles
tamara
tamara
href
staff
profiles
tomo
tomo
href
staff
profiles
victor
victor
href
staff
profiles
wiam
wiam
href
tech
jobs
penn
tech
jobs
penn
href
contact
us
contact
us
href
hot
topics
hot
topics
href
https://2019review.isc.upenn.edu/
title
isc
year
in
review
href
modernize
secure
transform
information
technology
penn
modernize
secure
amp
transform
information
technology
at
penn
href
positioning
penn
future
it
positioning
penn
for
the
future
of
it
href
security
privacy
tip
what
do
if
you
99
ve
been
hacked
security
amp
privacy
tip
what
to
do
if
youve
been
hacked
href
security
privacy
tip
two
factor
global
traveler
tip
security
amp
privacy
tip
two
factor
global
traveler
tip
href
security
privacy
tip
celebrate
data
privacy
month
security
amp
privacy
tip
celebrate
data
privacy
month
href
security
privacy
tip
year
review
security
amp
privacy
tip
year
in
review
href
security
privacy
tip
traveling
securely
security
amp
privacy
tip
traveling
securely
href
security
privacy
tip
mobile
device
security
security
amp
privacy
tip
mobile
device
security
href
get
it
help
title
get
it
help
get
it
help
href
student
support
directory
help
for
students
href
facultystaff
support
directory
help
for
faculty
amp
staff
href
alumni
support
directory
title
help
for
alumni
href
guest
support
directory
title
help
for
guests
amp
others
href
clientcare
resources
for
it
staff
if
ie
9
endif
source
srcset
itok
gvoux
3
ki
1
itok
0
qujt
ws
2
media
min
width
px
if
ie
9
endif
if
lt
ie
9
img
src
itok
0
qujt
ws
alt
endif
if
lt
ie
9
img
srcset
itok
gvoux
3
ki
alt
endif
pennbox
overview
href
http://upenn.box.com/
target
blank
pennbox
is
cloud
based
collaboration
service
for
securely
managing
and
sharing
files
and
folders
within
the
penn
community
and
externally
users
can
access
create
manage
and
distribute
content
across
various
device
types
and
operating
systems
pennbox
also
ensures
that
university
data
and
intellectual
property
are
securely
protected
benefits
single
sign
on
using
pennkey
end
to
end
data
encryption
document
sharing
and
collaboration
with
penn
users
and
external
colleagues
built
in
discussion
forum
commenting
and
task
tracking
and
version
control
tools
accessible
from
variety
of
operating
systems
browsers
and
handheld
devices
who
can
benefit
from
this
service
to
provision
pennbox
account
you
must
have
pennkey
and
at
least
one
of
the
following
active
affiliations
in
penncommunity
student
stu
staff
staf
faculty
fac
temporary
temp
contingent
worker
ctwk
emeritus
retired
faculty
erf
service
provider
active
serv
students
listed
in
pennant
as
being
on
medical
leave
will
also
maintain
access
to
the
service
additional
information
and
resources
href
https://www.isc.upenn.edu/how-to/pennbox-faq
target
blank
pennbox
faq
href
target
blank
data
types
that
can
be
stored
on
pennbox
href
commonly
used
data
storage
options
at
penn
href
penngroups
and
pennbox
integration
faq
href
managing
shared
links
on
pennbox
href
protecting
privacy
amp
security
on
pennbox
includes
best
practices
href
https://upenn.box.com/v/PennBoxEnabledApps
target
blank
third
party
applications
enabled
in
pennbox
pennkey
protected
href
https://www.isc.upenn.edu/get-it-help
find
my
lsp
aria
label
link
box
support
articles
class
fui
link
1
qmgydl
3
rmtva
1
ewtqcl
fyind
8
fduh
gpdv
fk
6
fouc
fjoy
figsok
6
1
hu
3
pq
6
11
qmguv
twv
1
tyq
0
we
7
ka
fhxju
0
1
qch
9
an
1
cnd
47
fqv
5
qza
1
vmzxwi
av
13
mvf
36
1
cmlufx
di
6
1
ids
18
1
tx
3
yz
7
1
deo
86
1
eh
1
iescvh
ftqa
4
ok
2
hkw
1
fhgqx
19
1
olyrje
eir
hb
77
10
aw
75
fsle
3
fq
href
https://support.box.com/hc/en-us
rel
noreferrer
noopener
style
overflow
wrap
break
word
target
blank
title
https://support.box.com/hc/en-us
box
support
articles
href
title
visit
isc
on
linkedin
visit
isc
on
linkedin
visit
isc
on
linkedin
class
facebook
href
https://www.facebook.com/sharer/sharer.php
title
facebook
share
link
facebook
class
twitter
href
https://twitter.com/share
title
twitter
share
link
twitter
class
google
plus
href
https://plus.google.com/share
title
google
plus
share
link
google
print
class
btn
btn
primary
btn
with
icon
btn
with
icon
arrow
href
http://www.upenn.edu/computing/box/
get
service
questions
support
href
help
isc
client
care
href
http://www.med.upenn.edu/pmacs/
perelman
school
of
medicine
support
pmacs
href
http://uphsxnet.uphs.upenn.edu/is/
hospital
of
university
of
pennsylvania
support
uphs
href
http://upenn.box.com/
pennbox
login
href
https://upenn.box.com/v/PennBox--SLA
target
blank
pennbox
sla
href
https://status.box.com
target
blank
box
com
service
status
rates
href
pennbox
rates
receives
funding
through
ptic
with
charges
for
accts
over
1
tb
starting
fy
24
related
services
href
central
authentication
authorization
central
authentication
amp
authorization
href
pennkey
pennkey
href
pennnet
pennnet
services
href
computing
policies
title
computing
policies
href
tech
jobs
penn
title
tech
jobs
penn
copy
href
https://www.upenn.edu
target
blank
the
university
of
pennsylvania
walnut
street
philadelphia
pa
href
target
blank
report
accessibility
issues
and
get
help
href
https://inside.isc.upenn.edu
for
isc
staff
script
type
text
javascript
src
script
type
text
javascript
src
ajax
googleapis
com
ajax
libs
jquery
4
jquery
min
js
script
type
text
javascript
cdata
window
jquery
document
write
script
src
sites
all
modules
contrib
jquery
update
replace
jquery
jquery
min
js
3
script
script
type
text
javascript
src
script
type
text
javascript
src
script
type
text
javascript
src
script
type
text
javascript
src
script
type
text
javascript
cdata
jquery
extend
drupal
settings
basepath
pathprefix
sethasjscookie
0
ajaxpagestate
theme
isc
theme
token
ez
87
hb
gpwygace
htfpy
cvizzt
rzh
9
kvq
js
https
www
isc
upenn
edu
sites
default
files
google
tag
isc
website
google
tag
script
js
1
ajax
googleapis
com
ajax
libs
jquery
4
jquery
min
js
1
0
1
misc
jquery
extend
0
js
1
misc
jquery
html
prefilter
0
backport
js
1
misc
jquery
once
js
1
misc
drupal
js
1
sites
all
modules
contrib
jquery
update
js
jquery
browser
js
1
misc
form
single
submit
js
1
sites
all
modules
contrib
entityreference
js
entityreference
js
1
sites
all
themes
isc
js
functionality
min
js
1
sites
all
themes
isc
js
plugins
min
js
1
css
modules
system
system
base
css
1
modules
system
system
menus
css
1
modules
system
system
messages
css
1
modules
system
system
theme
css
1
sites
all
modules
contrib
calendar
css
calendar
multiday
css
1
modules
field
theme
field
css
1
modules
node
node
css
1
modules
search
search
css
1
modules
user
user
css
1
sites
all
modules
contrib
views
css
views
css
1
sites
all
modules
contrib
ctools
css
ctools
css
1
sites
all
themes
isc
css
style
css
1
sites
all
themes
isc
css
ie
all
css
1
sites
all
themes
isc
css
no
mq
css
1
sites
all
themes
isc
css
ie
8
css
1
urlisajaxtrusted
pennbox
true
better
exposed
filters
views
status
bar
displays
default
filters
if
lt
ie
9
script
src
sites
all
themes
isc
js
ie
js
endif
script
src
statushub
widget
targetelement
widget
container
accesstoken
35
fa
bf
ce
view
all
script
type
text
javascript
settimeout
function
var
document
createelement
script
var
document
getelementsbytagname
script
0
src
document
location
protocol
script
crazyegg
com
pages
scripts
js
math
floor
new
date
gettime
async
true
type
text
javascript
parentnode
insertbefore
1
script
src
script
type
text
javascript
window
nreum
nreum
nreum
info
beacon
bam
nr
data
net
licensekey
applicationid
transactionname
zlcgy
0
qfwuafukdadv
8
dmuvfsxhaclvws
0
xbwhq
queuetime
0
applicationtime
atts
shaffqwfsk
4
errorbeacon
bam
nr
data
net
agent
