doctype
html
html
lang
en
dir
ltr
prefix
og
https://ogp.me/ns
meta
charset
utf
8
link
rel
canonical
href
https://hr.utexas.edu/current/new
meta
name
twitter
title
content
new
employees
human
resources
meta
name
generator
content
drupal
10
https://www.drupal.org
meta
name
mobileoptimized
content
width
meta
name
handheldfriendly
content
true
meta
name
viewport
content
width
device
width
initial
scale
link
rel
manifest
href
site
webmanifest
link
rel
apple
touch
icon
sizes
href
apple
touch
icon
png
link
rel
icon
sizes
href
favicon
ico
link
rel
icon
sizes
href
favicon
png
link
rel
icon
sizes
href
favicon
png
link
rel
icon
sizes
href
mstile
png
link
rel
icon
sizes
href
android
chrome
png
link
rel
icon
sizes
href
android
chrome
png
link
rel
mask
icon
sizes
href
safari
pinned
tab
svg
color
bf
link
rel
icon
href
favicon
ico
type
image
vnd
microsoft
icon
meta
name
application
name
content
ut
drupal
kit
version
3
link
rel
icon
href
sites
default
files
favicon
ico
type
image
vnd
microsoft
icon
window
2
config
window
2
config
2
config
callbacks
2
config
overlays
2
config
templates
2
config
icon
color
bf
new
employees
human
resources
link
rel
stylesheet
media
all
href
sites
default
files
css
css
5
bfsrxy
0
hglwqhljs
3
bc
uacjvuxqfed
5
ff
4
vxayk
css
delta
0
amp
language
en
amp
theme
hr
theme
amp
include
ejyft
9
fywyam
6
fqpmepnagxsgdogxmrfz
sjfub
vkmzlengvbkvr
2
mhlylrkqr
0
kzm
nqllm
7
amvydelli
ddjzlwvnmij
77
rjueidmuadqsnoixjpy
yewylfp
9
prtsjmuntuhbctfih
80
ssrwgzqpeiaercdpifquqzvwcn
3
uthebjavxirkruy
56
idi
cbo
1
krq
sjh
6
bb
1
dtr
8
wie
qjaz
8
pw
8
lfqrv
1
gz
22
lyynubtreppjb
29
yojeldnbg
gazs
1
hody
jgmgqkqlcg
58
omixw
wx
link
rel
stylesheet
media
all
href
sites
default
files
css
css
pcdkrwxzpmalnnnakvdndbxhbka
7
im
8
pqnungyvohim
css
delta
1
amp
language
en
amp
theme
hr
theme
amp
include
ejyft
9
fywyam
6
fqpmepnagxsgdogxmrfz
sjfub
vkmzlengvbkvr
2
mhlylrkqr
0
kzm
nqllm
7
amvydelli
ddjzlwvnmij
77
rjueidmuadqsnoixjpy
yewylfp
9
prtsjmuntuhbctfih
80
ssrwgzqpeiaercdpifquqzvwcn
3
uthebjavxirkruy
56
idi
cbo
1
krq
sjh
6
bb
1
dtr
8
wie
qjaz
8
pw
8
lfqrv
1
gz
22
lyynubtreppjb
29
yojeldnbg
gazs
1
hody
jgmgqkqlcg
58
omixw
wx
script
type
text
javascript
window
monsido
window
monsido
token
vdy
1
bwe
7
mfa
pvjsq
statistics
enabled
true
cookielesstracking
false
documenttracking
enabled
false
documentcls
monsido
download
documentignorecls
monsido
ignore
download
documentext
script
type
text
javascript
async
src
svg
aria
hidden
true
style
position
absolute
width
0
height
0
overflow
hidden
version
xmlns
http://www.w3.org/2000/svg
xmlns
xlink
http://www.w3.org/1999/xlink
retweet
icon
bullhorn
icon
reply
icon
info
icon
flickr
icon
tumblr
icon
vimeo
icon
reddit
icon
podcast
icon
angle
down
icon
angle
left
icon
angle
right
icon
angle
up
icon
ban
icon
hamburger
icon
book
icon
bookmark
icon
bug
icon
caret
down
icon
caret
left
icon
caret
right
icon
caret
up
icon
chain
icon
check
icon
check
circle
icon
chevron
down
icon
chevron
left
icon
chevron
right
icon
chevron
up
icon
circle
icon
circle
icon
clone
icon
close
icon
download
cloud
icon
code
icon
download
icon
ellipsis
icon
envelope
icon
warning
icon
external
link
icon
eye
icon
eye
slash
icon
facebook
icon
github
icon
google
plus
icon
heart
icon
heart
icon
home
icon
info
circle
icon
instagram
icon
linkedin
icon
lock
icon
medium
icon
minus
circle
icon
send
icon
pause
circle
icon
play
circle
icon
plus
circle
icon
question
circle
icon
quote
left
icon
quote
right
icon
rss
square
icon
search
icon
share
alt
icon
slack
icon
snapchat
icon
ticket
icon
twitter
icon
wheelchair
icon
youtube
icon
skip
to
main
content
iframe
src
https://www.googletagmanager.com/ns.html
id
gtm
ljh
height
0
width
0
style
display
none
visibility
hidden
href
https://www.utexas.edu
class
ut
logo
shieldtexas
img
src
themes
custom
forty
acres
images
utexas
brandbar
shield
svg
alt
university
of
texas
at
austin
home
href
title
home
rel
home
img
class
img
fluid
ut
logo
main
src
sites
default
files
logo
hr
svg
alt
human
resources
home
menu
window
gtranslatesettings
switcher
horizontal
position
left
switcher
vertical
position
bottom
horizontal
position
inline
vertical
position
inline
float
switcher
open
direction
top
switcher
open
direction
bottom
default
language
en
native
language
names
1
detect
browser
language
0
add
new
line
1
select
language
label
select
language
flag
size
32
flag
style
2
globe
size
60
alt
flags
wrapper
selector
gtranslate
wrapper
url
structure
none
custom
domains
null
languages
en
ar
bg
zh
cn
zh
tw
hr
cs
da
nl
fi
fr
de
el
hi
it
ja
ko
no
pl
pt
ro
ru
es
sv
ca
tl
iw
id
lv
lt
sr
sk
sl
uk
vi
sq
et
gl
hu
mt
th
tr
fa
af
ms
sw
ga
cy
be
is
mk
yi
hy
az
eu
ka
ht
ur
bn
bs
ceb
eo
gu
ha
hmn
ig
jw
kn
km
lo
la
mi
mr
mn
ne
pa
so
ta
te
yo
zu
my
ny
kk
mg
ml
si
st
su
tg
uz
am
co
haw
ku
ky
lb
ps
sm
gd
sn
sd
fy
xh
custom
css
function
var
js
document
createelement
script
js
setattribute
src
js
setattribute
data
gt
orig
url
current
new
js
setattribute
data
gt
orig
domain
hr
utexas
edu
document
body
appendchild
js
form
data
block
block
hr
theme
search
form
action
search
google
method
get
id
search
block
form
accept
charset
utf
8
search
input
title
enter
the
terms
you
wish
to
search
for
placeholder
search
the
site
data
drupal
selector
edit
keys
type
search
id
edit
keys
name
keys
value
size
15
maxlength
class
form
search
input
data
drupal
selector
edit
submit
type
submit
id
edit
submit
value
search
class
button
js
form
submit
form
submit
href
current
class
main
menu
link
data
drupal
link
system
path
node
7
current
employee
href
current
career
applying
university
vacancies
class
main
menu
link
subnav
data
drupal
link
system
path
node
31
applying
for
university
vacancies
href
current
career
class
main
menu
link
subnav
data
drupal
link
system
path
node
8
career
management
href
current
compensation
class
main
menu
link
subnav
data
drupal
link
system
path
node
9
compensation
href
current
compliance
class
main
menu
link
subnav
data
drupal
link
system
path
node
compliance
href
current
services
conflict
management
and
dispute
resolution
office
class
main
menu
link
subnav
data
drupal
link
system
path
node
3
conflict
management
href
current
workplace
changes
transitions
class
main
menu
link
subnav
data
drupal
link
system
path
node
dealing
with
workplace
changes
or
job
transitions
href
https://eap.utexas.edu
title
class
main
menu
link
subnav
employee
assistance
program
eap
href
current
employee
information
system
class
main
menu
link
subnav
data
drupal
link
system
path
node
29
employee
information
system
href
current
services
class
main
menu
link
subnav
data
drupal
link
system
path
node
12
employee
services
href
current
forms
class
main
menu
link
subnav
data
drupal
link
system
path
node
13
forms
href
current
insurance
class
main
menu
link
subnav
data
drupal
link
system
path
node
14
insurance
href
learning
development
class
main
menu
link
subnav
data
drupal
link
system
path
node
5
learning
amp
development
href
current
new
class
main
menu
link
subnav
is
active
data
drupal
link
system
path
node
15
new
employees
href
current
services
occupational
health
program
title
class
main
menu
link
subnav
data
drupal
link
system
path
node
occupational
health
program
href
retiree
retirement
checklist
class
main
menu
link
subnav
data
drupal
link
system
path
node
25
pre
retirement
checklist
href
current
retirement
class
main
menu
link
subnav
data
drupal
link
system
path
node
16
retirement
programs
href
title
class
main
menu
link
subnav
staff
awards
href
current
staff
work
arrangements
class
main
menu
link
subnav
data
drupal
link
system
path
node
staff
work
arrangements
href
current
sporadic
employment
class
main
menu
link
subnav
data
drupal
link
system
path
node
sporadic
employment
href
current
leave
class
main
menu
link
subnav
data
drupal
link
system
path
node
17
time
off
href
current
trends
staff
data
class
main
menu
link
subnav
data
drupal
link
system
path
node
trends
in
staff
data
href
current
utemps
employee
class
main
menu
link
subnav
data
drupal
link
system
path
node
18
utemps
href
https://healthpoint.utexas.edu/
title
class
main
menu
link
subnav
wellness
href
prospective
class
main
menu
link
data
drupal
link
system
path
node
19
prospective
employee
href
prospective
austin
class
main
menu
link
subnav
data
drupal
link
system
path
node
20
about
austin
href
prospective
apply
class
main
menu
link
subnav
data
drupal
link
system
path
node
21
applying
href
prospective
benefits
class
main
menu
link
subnav
data
drupal
link
system
path
node
32
benefits
href
prospective
compensation
class
main
menu
link
subnav
data
drupal
link
system
path
node
22
compensation
href
learning
development
title
class
main
menu
link
subnav
data
drupal
link
system
path
node
5
learning
amp
development
href
prospective
utemps
class
main
menu
link
subnav
data
drupal
link
system
path
node
23
temporary
employment
href
retiree
class
main
menu
link
data
drupal
link
system
path
node
24
retired
employee
href
retiree
retirement
checklist
class
main
menu
link
subnav
data
drupal
link
system
path
node
25
pre
retirement
checklist
href
retiree
employment
after
retirement
class
main
menu
link
subnav
data
drupal
link
system
path
node
33
employment
after
retirement
href
retiree
forms
retired
employees
class
main
menu
link
subnav
data
drupal
link
system
path
node
37
forms
for
retired
employees
href
retiree
insurance
benefits
retired
employees
class
main
menu
link
subnav
data
drupal
link
system
path
node
26
insurance
href
retiree
work
class
main
menu
link
subnav
data
drupal
link
system
path
node
27
part
time
work
href
retiree
services
class
main
menu
link
subnav
data
drupal
link
system
path
node
28
support
amp
services
href
student
class
main
menu
link
data
drupal
link
system
path
node
2
student
employee
href
student
student
academic
employment
class
main
menu
link
subnav
data
drupal
link
system
path
node
43
academic
employment
href
student
celebrate
student
employees
class
main
menu
link
subnav
data
drupal
link
system
path
node
celebrate
student
employees
href
student
student
employee
compensation
class
main
menu
link
subnav
data
drupal
link
system
path
node
41
compensation
href
student
eligibility
work
class
main
menu
link
subnav
data
drupal
link
system
path
node
eligibility
to
work
href
student
student
employee
insurance
benefits
class
main
menu
link
subnav
data
drupal
link
system
path
node
42
employee
insurance
amp
benefits
href
student
student
employment
resources
class
main
menu
link
subnav
data
drupal
link
system
path
node
46
employment
resources
href
student
finding
student
job
class
main
menu
link
subnav
data
drupal
link
system
path
node
39
finding
student
job
href
student
forms
student
employees
class
main
menu
link
subnav
data
drupal
link
system
path
node
47
forms
for
student
employees
href
learning
development
title
class
main
menu
link
subnav
data
drupal
link
system
path
node
5
learning
amp
development
href
student
managing
student
employees
class
main
menu
link
subnav
data
drupal
link
system
path
node
45
managing
student
employees
href
student
new
student
employee
checklist
class
main
menu
link
subnav
data
drupal
link
system
path
node
38
new
student
employee
checklist
href
student
student
non
academic
employment
class
main
menu
link
subnav
data
drupal
link
system
path
node
44
non
academic
employment
href
student
student
employee
orientation
training
class
main
menu
link
subnav
data
drupal
link
system
path
node
40
orientation
amp
training
href
student
seed
class
main
menu
link
subnav
data
drupal
link
system
path
node
student
employee
excellence
amp
development
seed
href
student
student
employment
qa
class
main
menu
link
subnav
data
drupal
link
system
path
node
student
employment
questions
and
answers
href
student
supervisor
checklist
hiring
student
employee
class
main
menu
link
subnav
data
drupal
link
system
path
node
supervisors
checklist
for
hiring
new
student
employee
href
manager
class
main
menu
link
data
drupal
link
system
path
node
51
manager
amp
hr
pro
href
manager
compensation
class
main
menu
link
subnav
data
drupal
link
system
path
node
52
compensation
href
manager
department
compliance
class
main
menu
link
subnav
data
drupal
link
system
path
node
53
departmental
compliance
href
manager
forms
class
main
menu
link
subnav
data
drupal
link
system
path
node
forms
for
managers
href
manager
hiring
class
main
menu
link
subnav
data
drupal
link
system
path
node
59
hiring
and
separation
href
manager
hrcollaborative
class
main
menu
link
subnav
data
drupal
link
system
path
node
60
hr
collaborative
href
manager
hiring
form
9
everify
resources
class
main
menu
link
subnav
data
drupal
link
system
path
node
50
9
and
verify
resources
href
learning
development
title
class
main
menu
link
subnav
data
drupal
link
system
path
node
5
learning
amp
development
href
manager
management
tools
class
main
menu
link
subnav
data
drupal
link
system
path
node
61
management
tools
href
manager
oe
class
main
menu
link
subnav
data
drupal
link
system
path
node
organization
effectiveness
href
current
employee
staff
work
arrangements
out
state
and
international
work
class
main
menu
link
subnav
data
drupal
link
system
path
node
out
of
state
and
international
work
href
manager
performance
management
title
class
main
menu
link
subnav
data
drupal
link
system
path
node
62
performance
management
href
current
staff
work
arrangements
class
main
menu
link
subnav
data
drupal
link
system
path
node
staff
work
arrangements
href
manager
timekeeping
title
class
main
menu
link
subnav
data
drupal
link
system
path
node
63
timekeeping
href
manager
training
hr
professionals
class
main
menu
link
subnav
data
drupal
link
system
path
node
training
for
hr
professionals
href
manager
training
managers
class
main
menu
link
subnav
data
drupal
link
system
path
node
training
for
managers
href
manager
wci
class
main
menu
link
subnav
data
drupal
link
system
path
node
workers
compensation
insurance
for
managers
href
about
class
main
menu
link
data
drupal
link
system
path
node
about
href
about
partnerships
class
main
menu
link
subnav
data
drupal
link
system
path
node
hr
partnerships
href
sites
default
files
org
chart
hr
pdf
class
main
menu
link
subnav
organizational
chart
href
about
our
organization
class
main
menu
link
subnav
data
drupal
link
system
path
node
our
organization
href
about
directory
class
main
menu
link
subnav
data
drupal
link
system
path
node
68
staff
directory
href
contact
class
main
menu
link
data
drupal
link
system
path
node
contact
href
contact
directions
class
main
menu
link
subnav
data
drupal
link
system
path
node
directions
href
hrpro
lookup
class
main
menu
link
subnav
data
drupal
link
system
path
node
find
your
hr
representative
href
contact
need
help
class
main
menu
link
subnav
data
drupal
link
system
path
node
56
need
help
breadcrumb
href
home
href
current
current
employee
new
employees
new
employees
on
behalf
of
the
university
of
texas
at
austin
welcome
this
webpage
is
designed
to
provide
you
with
information
to
help
you
transition
into
your
life
as
university
employee
new
employee
welcome
and
orientation
newo
class
ut
btn
href
data
entity
type
node
data
entity
uuid
1
cc
bd
data
entity
substitution
canonical
title
new
employee
welcome
page
visit
the
welcome
page
we
strongly
encourage
you
to
view
the
new
employee
welcome
and
orientation
on
your
first
day
of
work
new
employee
checklist
class
ut
btn
href
data
entity
type
node
data
entity
uuid
fa
4
bc
aa
ccb
data
entity
substitution
canonical
title
new
employee
checklist
view
the
checklist
this
checklist
shows
you
everything
you
need
to
take
care
of
your
first
day
first
week
and
first
month
of
employment
attend
the
new
employee
orientation
to
get
head
start
new
employee
resources
class
ut
btn
href
data
entity
type
node
data
entity
uuid
cbe
ffc
df
ec
data
entity
substitution
canonical
title
new
employee
resources
view
resources
read
about
insurance
retirement
time
off
and
other
benefits
and
services
available
to
you
you
can
also
check
out
list
of
important
online
resources
for
completing
many
necessary
employee
functions
timesheets
paycheck
information
etc
transfer
of
prior
state
service
credit
and
leave
balances
class
ut
btn
href
data
entity
type
node
data
entity
uuid
fc
4
fd
data
entity
substitution
canonical
title
transfer
of
prior
state
service
credit
and
leave
balances
transfer
balances
now
because
annual
leave
and
longevity
pay
are
based
on
state
service
it
important
that
you
make
sure
your
state
service
record
is
complete
and
correct
use
this
resource
to
find
out
how
to
confirm
your
prior
state
service
credit
and
leave
balances
quick
links
href
data
entity
substitution
canonical
data
entity
type
node
data
entity
uuid
cc
be
6
2
ef
4
title
new
employee
welcome
and
orientation
registration
for
managers
hiring
managers
register
your
new
employee
for
newo
human
resource
service
center
href
https://hr.utexas.edu/contact/need-help
data
entity
substitution
canonical
data
entity
type
node
data
entity
uuid
fbb
8
aa
abd
title
need
help
need
help
href
current
class
menu
item
active
trail
data
drupal
link
system
path
node
7
current
employee
href
current
career
applying
university
vacancies
data
drupal
link
system
path
node
31
applying
for
university
vacancies
href
current
career
data
drupal
link
system
path
node
8
career
management
href
current
compensation
data
drupal
link
system
path
node
9
compensation
href
current
compliance
data
drupal
link
system
path
node
compliance
href
current
services
conflict
management
and
dispute
resolution
office
data
drupal
link
system
path
node
3
conflict
management
href
current
workplace
changes
transitions
data
drupal
link
system
path
node
dealing
with
workplace
changes
or
job
transitions
href
https://eap.utexas.edu
title
employee
assistance
program
eap
href
current
employee
information
system
data
drupal
link
system
path
node
29
employee
information
system
href
current
services
data
drupal
link
system
path
node
12
employee
services
href
current
forms
data
drupal
link
system
path
node
13
forms
href
current
insurance
data
drupal
link
system
path
node
14
insurance
href
learning
development
data
drupal
link
system
path
node
5
learning
amp
development
href
current
new
data
drupal
link
system
path
node
15
class
is
active
new
employees
href
current
insurance
new
employee
benefits
checklist
data
drupal
link
system
path
node
new
employee
benefits
enrollment
checklist
href
current
new
new
employee
checklist
data
drupal
link
system
path
node
49
new
employee
checklist
href
current
new
new
employee
resources
data
drupal
link
system
path
node
69
new
employee
resources
href
current
new
transfer
prior
service
data
drupal
link
system
path
node
70
transfer
of
prior
state
service
credit
and
leave
balances
href
current
new
new
employee
welcome
orientation
data
drupal
link
system
path
node
48
welcome
and
orientation
href
current
services
occupational
health
program
title
data
drupal
link
system
path
node
occupational
health
program
href
retiree
retirement
checklist
data
drupal
link
system
path
node
25
pre
retirement
checklist
href
current
retirement
data
drupal
link
system
path
node
16
retirement
programs
href
title
staff
awards
href
current
staff
work
arrangements
data
drupal
link
system
path
node
staff
work
arrangements
href
current
sporadic
employment
data
drupal
link
system
path
node
sporadic
employment
href
current
leave
data
drupal
link
system
path
node
17
time
off
href
current
trends
staff
data
data
drupal
link
system
path
node
trends
in
staff
data
href
current
utemps
employee
data
drupal
link
system
path
node
18
utemps
href
https://healthpoint.utexas.edu/
title
wellness
href
title
home
rel
home
img
class
img
fluid
ut
logo
main
src
sites
default
files
logo
hr
svg
alt
human
resources
home
human
resource
service
center
guadalupe
st
suite
austin
tx
phone
hrsc
phone
toll
free
fax
href
website
comment
form
href
ux
research
privacy
statement
href
https://www.facebook.com/UTAustinHRS/
class
block
ut
social
links
link
aria
label
find
us
on
facebook
svg
xmlns
http://www.w3.org/2000/svg
viewbox
role
img
alt
find
us
on
facebook
facebook
find
us
on
facebook
path
15
1
20
footer
menu
href
https://translate.google.com/translate
hl
en
amp
sl
en
amp
tl
es
amp
https
3
hr
utexas
edu
title
google
translate
en
espaol
href
contact
need
help
title
data
drupal
link
system
path
node
56
need
help
href
hrpro
lookup
title
data
drupal
link
system
path
node
find
your
hr
representative
href
about
directory
title
data
drupal
link
system
path
node
68
hr
staff
directory
hrsc
austin
utexas
edu
href
https://workday.utexas.edu/login
title
workday
is
the
university
of
texas
at
austin
system
for
human
capital
management
and
payroll
hcm
payroll
workday
href
sitemap
data
drupal
link
system
path
sitemap
sitemap
href
https://www.utexas.edu
class
required
links
link
ut
cta
link
external
ut
austin
home
href
https://emergency.utexas.edu
class
required
links
link
ut
cta
link
external
emergency
information
href
https://www.utexas.edu/site-policies
class
required
links
link
ut
cta
link
external
site
policies
href
class
required
links
link
ut
cta
link
external
web
accessibility
policy
href
https://www.utexas.edu/web-privacy-policy
class
required
links
link
ut
cta
link
external
web
privacy
policy
href
https://get.adobe.com/reader/
class
required
links
link
ut
cta
link
external
adobe
reader
the
university
of
texas
at
austin
script
type
text
javascript
src
referrerpolicy
no
referrer
when
downgrade
async
script
type
application
json
data
drupal
selector
drupal
settings
json
path
baseurl
pathprefix
currentpath
node
15
currentpathisadmin
false
isfront
false
currentlanguage
en
pluraldelimiter
suppressdeprecationerrors
true
gtm
tagid
null
settings
data
layer
datalayer
include
classes
false
allowlist
classes
blocklist
classes
include
environment
false
environment
id
environment
token
tagids
gtm
ljh
gtag
tagid
hfvqvzj
consentmode
false
otherids
events
additionalconfiginfo
ajaxpagestate
libraries
ejyfuntuwyam
afqpmepyiblwabhttgavx
9
rgqllpe
4
fnrvhbohrcdpm
4
qlud
6
am
ynwebuwwq
5
kfmisgvdehqhncgl
1
dkcry
8
uo
3
ezivk
0
ziu
abf
8
pgr
1
mlmpznwfa
42
ejivku
6
biw
3
nmkmitv
6
ejy
64
gpeqlcy
0
mjmlkfmivsuyt
2
fiq
2
frvofwukeqobiru
ow
4
fdbz
7
gps
1
nx
5
nkteprzrvzey
8
equm
wtjr
7
mhoxznfdiai
4
ln
5
omemfftxr
7
sfd
8
degpbsqnwjfmclqtup
qwiaweoy
pz
3
cmq
theme
hr
theme
theme
token
null
ajaxtrustedurl
search
google
true
googlepse
language
en
displaywatermark
0
user
uid
0
permissionshash
cde
dac
bea
cb
script
src
sites
default
files
js
js
1
uzhqgdcxlatuhduultoj
9
jvirk
67
rzfdd
9
dje
6
vu
js
scope
footer
amp
delta
0
amp
language
en
amp
theme
hr
theme
amp
include
ejyft
9
fywyam
6
fqpmepnagxsgdogxmrfz
sjfub
vkmzlengvbkvr
2
mhlylrkqr
0
kzm
nqllm
7
amvydelli
ddjzlwvnmij
77
rjueidmuadqsnoixjpy
yewylfp
9
prtsjmuntuhbctfih
80
ssrwgzqpeiaercdpifquqzvwcn
3
uthebjavxirkruy
56
idi
cbo
1
krq
sjh
6
bb
1
dtr
8
wie
qjaz
8
pw
8
lfqrv
1
gz
22
lyynubtreppjb
29
yojeldnbg
gazs
1
hody
jgmgqkqlcg
58
omixw
wx
script
src
https://static.addtoany.com/menu/page.js
async
script
src
sites
default
files
js
js
cxo
sk
rr
5
ke
3
ngc
38
eybdm
4
yzzw
7
yfqkij
js
scope
footer
amp
delta
2
amp
language
en
amp
theme
hr
theme
amp
include
ejyft
9
fywyam
6
fqpmepnagxsgdogxmrfz
sjfub
vkmzlengvbkvr
2
mhlylrkqr
0
kzm
nqllm
7
amvydelli
ddjzlwvnmij
77
rjueidmuadqsnoixjpy
yewylfp
9
prtsjmuntuhbctfih
80
ssrwgzqpeiaercdpifquqzvwcn
3
uthebjavxirkruy
56
idi
cbo
1
krq
sjh
6
bb
1
dtr
8
wie
qjaz
8
pw
8
lfqrv
1
gz
22
lyynubtreppjb
29
yojeldnbg
gazs
1
hody
jgmgqkqlcg
58
omixw
wx
script
src
modules
contrib
google
tag
js
gtm
js
si
script
src
modules
contrib
google
tag
js
gtag
js
si
script
src
sites
default
files
js
js
jwycj
8
jxh
1
vayyvnshkgxi
6
dew
8
dze
8
bptocsomhkau
js
scope
footer
amp
delta
5
amp
language
en
amp
theme
hr
theme
amp
include
ejyft
9
fywyam
6
fqpmepnagxsgdogxmrfz
sjfub
vkmzlengvbkvr
2
mhlylrkqr
0
kzm
nqllm
7
amvydelli
ddjzlwvnmij
77
rjueidmuadqsnoixjpy
yewylfp
9
prtsjmuntuhbctfih
80
ssrwgzqpeiaercdpifquqzvwcn
3
uthebjavxirkruy
56
idi
cbo
1
krq
sjh
6
bb
1
dtr
8
wie
qjaz
8
pw
8
lfqrv
1
gz
22
lyynubtreppjb
29
yojeldnbg
gazs
1
hody
jgmgqkqlcg
58
omixw
wx
