doctype
html
meta
charset
utf
8
meta
name
viewport
content
width
device
width
initial
scale
1
meta
name
robots
content
noindex
nofollow
style
type
text
css
slide
excerpt
width
35
slide
excerpt
bottom
0
slide
excerpt
right
0
flexslider
max
width
px
max
height
px
slide
image
max
height
px
this
site
is
optimized
with
the
yoast
seo
plugin
https://yoast.com/wordpress/plugins/seo/
about
the
center
for
community
engagement
the
center
for
community
engagement
meta
property
og
locale
content
en
us
meta
property
og
type
content
website
meta
property
og
title
content
about
the
center
for
community
engagement
the
center
for
community
engagement
meta
property
og
description
content
the
center
for
community
engagement
offers
students
volunteer
and
service
learning
opportunities
programs
and
services
are
designed
for
students
faculty
staff
and
community
partners
helping
to
connect
university
resources
with
community
needs
the
university
also
serves
the
community
through
programs
and
resources
housed
in
the
historic
john
and
drucie
hellip
nbsp
read
more
nbsp
meta
property
og
url
content
meta
property
og
site
name
content
the
center
for
community
engagement
meta
property
article
modified
time
content
meta
name
twitter
card
content
summary
large
image
script
type
application
ld
json
class
yoast
schema
graph
context
https://schema.org
graph
type
webpage
id
url
name
about
the
center
for
community
engagement
the
center
for
community
engagement
ispartof
id
website
datepublished
datemodified
breadcrumb
id
breadcrumb
inlanguage
en
us
potentialaction
type
readaction
target
type
breadcrumblist
id
breadcrumb
itemlistelement
type
listitem
position
1
name
home
type
website
id
website
url
name
the
center
for
community
engagement
description
what
starts
here
changes
the
world
potentialaction
type
searchaction
target
type
entrypoint
urltemplate
search
term
string
query
input
required
name
search
term
string
inlanguage
en
us
yoast
seo
plugin
link
rel
dns
prefetch
href
communityengagement
studentaffairs
utexas
edu
link
rel
dns
prefetch
href
fonts
googleapis
com
link
rel
stylesheet
href
ver
0
link
rel
stylesheet
href
ver
0
link
rel
stylesheet
href
ver
1
link
rel
stylesheet
href
ver
4
style
id
classic
theme
styles
inline
css
type
text
css
this
file
is
auto
generated
wp
block
button
link
color
fff
background
color
border
radius
px
box
shadow
none
text
decoration
none
padding
calc
em
2
px
calc
em
2
px
font
size
em
wp
block
file
button
background
color
fff
text
decoration
none
style
id
global
styles
inline
css
type
text
css
root
wp
preset
aspect
ratio
square
1
wp
preset
aspect
ratio
wp
preset
aspect
ratio
wp
preset
aspect
ratio
wp
preset
aspect
ratio
wp
preset
aspect
ratio
wp
preset
aspect
ratio
wp
preset
color
black
wp
preset
color
cyan
bluish
gray
abb
wp
preset
color
white
ffffff
wp
preset
color
pale
pink
78
da
7
wp
preset
color
vivid
red
cf
wp
preset
color
luminous
vivid
orange
ff
wp
preset
color
luminous
vivid
amber
fcb
wp
preset
color
light
green
cyan
7
bdcb
5
wp
preset
color
vivid
green
cyan
wp
preset
color
pale
cyan
blue
8
ed
1
fc
wp
preset
color
vivid
cyan
blue
wp
preset
color
vivid
purple
0
wp
preset
gradient
vivid
cyan
blue
to
vivid
purple
linear
gradient
deg
rgba
0
rgb
wp
preset
gradient
light
green
cyan
to
vivid
green
cyan
linear
gradient
deg
rgb
0
rgb
wp
preset
gradient
luminous
vivid
amber
to
luminous
vivid
orange
linear
gradient
deg
rgba
0
rgba
wp
preset
gradient
luminous
vivid
orange
to
vivid
red
linear
gradient
deg
rgba
0
rgb
46
wp
preset
gradient
very
light
gray
to
cyan
bluish
gray
linear
gradient
deg
rgb
0
rgb
wp
preset
gradient
cool
to
warm
spectrum
linear
gradient
deg
rgb
0
rgb
20
rgb
40
rgb
60
rgb
98
80
rgb
76
wp
preset
gradient
blush
light
purple
linear
gradient
deg
rgb
0
rgb
wp
preset
gradient
blush
bordeaux
linear
gradient
deg
rgb
0
rgb
45
50
rgb
62
wp
preset
gradient
luminous
dusk
linear
gradient
deg
rgb
0
rgb
50
rgb
wp
preset
gradient
pale
ocean
linear
gradient
deg
rgb
0
rgb
50
rgb
wp
preset
gradient
electric
grass
linear
gradient
deg
rgb
0
rgb
wp
preset
gradient
midnight
linear
gradient
deg
rgb
0
rgb
wp
preset
font
size
small
13
px
wp
preset
font
size
medium
20
px
wp
preset
font
size
large
36
px
wp
preset
font
size
large
42
px
wp
preset
spacing
20
rem
wp
preset
spacing
30
rem
wp
preset
spacing
40
1
rem
wp
preset
spacing
50
rem
wp
preset
spacing
60
rem
wp
preset
spacing
70
rem
wp
preset
spacing
80
rem
wp
preset
shadow
natural
6
px
6
px
9
px
rgba
0
0
0
wp
preset
shadow
deep
12
px
12
px
50
px
rgba
0
0
0
wp
preset
shadow
sharp
6
px
6
px
0
px
rgba
0
0
0
wp
preset
shadow
outlined
6
px
6
px
0
px
3
px
rgba
1
6
px
6
px
rgba
0
0
0
1
wp
preset
shadow
crisp
6
px
6
px
0
px
rgba
0
0
0
1
where
is
layout
flex
gap
em
where
is
layout
grid
gap
em
body
is
layout
flex
display
flex
is
layout
flex
flex
wrap
wrap
align
items
center
is
layout
flex
is
div
margin
0
body
is
layout
grid
display
grid
is
layout
grid
is
div
margin
0
where
wp
block
columns
is
layout
flex
gap
2
em
where
wp
block
columns
is
layout
grid
gap
2
em
where
wp
block
post
template
is
layout
flex
gap
em
where
wp
block
post
template
is
layout
grid
gap
em
has
black
color
color
var
wp
preset
color
black
important
has
cyan
bluish
gray
color
color
var
wp
preset
color
cyan
bluish
gray
important
has
white
color
color
var
wp
preset
color
white
important
has
pale
pink
color
color
var
wp
preset
color
pale
pink
important
has
vivid
red
color
color
var
wp
preset
color
vivid
red
important
has
luminous
vivid
orange
color
color
var
wp
preset
color
luminous
vivid
orange
important
has
luminous
vivid
amber
color
color
var
wp
preset
color
luminous
vivid
amber
important
has
light
green
cyan
color
color
var
wp
preset
color
light
green
cyan
important
has
vivid
green
cyan
color
color
var
wp
preset
color
vivid
green
cyan
important
has
pale
cyan
blue
color
color
var
wp
preset
color
pale
cyan
blue
important
has
vivid
cyan
blue
color
color
var
wp
preset
color
vivid
cyan
blue
important
has
vivid
purple
color
color
var
wp
preset
color
vivid
purple
important
has
black
background
color
background
color
var
wp
preset
color
black
important
has
cyan
bluish
gray
background
color
background
color
var
wp
preset
color
cyan
bluish
gray
important
has
white
background
color
background
color
var
wp
preset
color
white
important
has
pale
pink
background
color
background
color
var
wp
preset
color
pale
pink
important
has
vivid
red
background
color
background
color
var
wp
preset
color
vivid
red
important
has
luminous
vivid
orange
background
color
background
color
var
wp
preset
color
luminous
vivid
orange
important
has
luminous
vivid
amber
background
color
background
color
var
wp
preset
color
luminous
vivid
amber
important
has
light
green
cyan
background
color
background
color
var
wp
preset
color
light
green
cyan
important
has
vivid
green
cyan
background
color
background
color
var
wp
preset
color
vivid
green
cyan
important
has
pale
cyan
blue
background
color
background
color
var
wp
preset
color
pale
cyan
blue
important
has
vivid
cyan
blue
background
color
background
color
var
wp
preset
color
vivid
cyan
blue
important
has
vivid
purple
background
color
background
color
var
wp
preset
color
vivid
purple
important
has
black
border
color
border
color
var
wp
preset
color
black
important
has
cyan
bluish
gray
border
color
border
color
var
wp
preset
color
cyan
bluish
gray
important
has
white
border
color
border
color
var
wp
preset
color
white
important
has
pale
pink
border
color
border
color
var
wp
preset
color
pale
pink
important
has
vivid
red
border
color
border
color
var
wp
preset
color
vivid
red
important
has
luminous
vivid
orange
border
color
border
color
var
wp
preset
color
luminous
vivid
orange
important
has
luminous
vivid
amber
border
color
border
color
var
wp
preset
color
luminous
vivid
amber
important
has
light
green
cyan
border
color
border
color
var
wp
preset
color
light
green
cyan
important
has
vivid
green
cyan
border
color
border
color
var
wp
preset
color
vivid
green
cyan
important
has
pale
cyan
blue
border
color
border
color
var
wp
preset
color
pale
cyan
blue
important
has
vivid
cyan
blue
border
color
border
color
var
wp
preset
color
vivid
cyan
blue
important
has
vivid
purple
border
color
border
color
var
wp
preset
color
vivid
purple
important
has
vivid
cyan
blue
to
vivid
purple
gradient
background
background
var
wp
preset
gradient
vivid
cyan
blue
to
vivid
purple
important
has
light
green
cyan
to
vivid
green
cyan
gradient
background
background
var
wp
preset
gradient
light
green
cyan
to
vivid
green
cyan
important
has
luminous
vivid
amber
to
luminous
vivid
orange
gradient
background
background
var
wp
preset
gradient
luminous
vivid
amber
to
luminous
vivid
orange
important
has
luminous
vivid
orange
to
vivid
red
gradient
background
background
var
wp
preset
gradient
luminous
vivid
orange
to
vivid
red
important
has
very
light
gray
to
cyan
bluish
gray
gradient
background
background
var
wp
preset
gradient
very
light
gray
to
cyan
bluish
gray
important
has
cool
to
warm
spectrum
gradient
background
background
var
wp
preset
gradient
cool
to
warm
spectrum
important
has
blush
light
purple
gradient
background
background
var
wp
preset
gradient
blush
light
purple
important
has
blush
bordeaux
gradient
background
background
var
wp
preset
gradient
blush
bordeaux
important
has
luminous
dusk
gradient
background
background
var
wp
preset
gradient
luminous
dusk
important
has
pale
ocean
gradient
background
background
var
wp
preset
gradient
pale
ocean
important
has
electric
grass
gradient
background
background
var
wp
preset
gradient
electric
grass
important
has
midnight
gradient
background
background
var
wp
preset
gradient
midnight
important
has
small
font
size
font
size
var
wp
preset
font
size
small
important
has
medium
font
size
font
size
var
wp
preset
font
size
medium
important
has
large
font
size
font
size
var
wp
preset
font
size
large
important
has
large
font
size
font
size
var
wp
preset
font
size
large
important
where
wp
block
post
template
is
layout
flex
gap
em
where
wp
block
post
template
is
layout
grid
gap
em
where
wp
block
columns
is
layout
flex
gap
2
em
where
wp
block
columns
is
layout
grid
gap
2
em
root
where
wp
block
pullquote
font
size
em
line
height
link
rel
stylesheet
href
ver
1
link
rel
stylesheet
href
ver
9
style
id
wpa
style
inline
css
type
text
css
root
admin
bar
top
7
px
link
rel
stylesheet
href
ver
1
link
rel
stylesheet
href
fonts
googleapis
com
css
family
open
sans
italic
italic
italic
italic
italic
ver
0
link
rel
stylesheet
href
ver
0
link
rel
stylesheet
href
ver
1
script
type
text
javascript
src
ver
1
id
jquery
core
js
script
type
text
javascript
src
ver
1
id
touch
js
script
type
text
javascript
src
ver
1
id
stop
user
enumeration
js
script
type
text
javascript
src
ver
0
id
education
responsive
menu
js
script
type
text
javascript
src
ver
9
id
wpa
fingerprintjs
js
link
rel
https://api.w.org/
href
link
rel
alternate
title
json
type
application
json
href
responsive
menu
pro
overflow
auto
height
auto
responsive
menu
pro
responsive
menu
pro
opened
position
fixed
bottom
0
responsive
menu
pro
header
bar
display
none
responsive
menu
pro
header
bar
logo
responsive
menu
pro
header
search
display
inline
media
only
screen
and
max
width
px
responsive
menu
pro
header
bar
left
float
left
responsive
menu
pro
header
bar
right
float
right
responsive
menu
pro
header
bar
display
block
responsive
menu
pro
header
bar
position
fixed
top
0
left
0
right
0
index
background
ffffff
responsive
menu
pro
header
bar
responsive
menu
pro
header
bar
left
responsive
menu
pro
disable
scrolling
height
50
px
responsive
menu
pro
header
bar
left
line
height
50
px
responsive
menu
pro
header
bar
logo
height
50
px
padding
left
2
padding
top
44
px
padding
bottom
44
px
responsive
menu
pro
header
bar
logo
responsive
menu
pro
header
bar
logo
image
responsive
menu
pro
header
bar
logo
img
height
38
px
responsive
menu
pro
header
search
display
none
responsive
menu
pro
responsive
menu
pro
additional
content
responsive
menu
pro
responsive
menu
pro
append
link
display
block
responsive
menu
pro
responsive
menu
pro
append
link
responsive
menu
pro
responsive
menu
pro
menu
li
responsive
menu
pro
responsive
menu
pro
title
responsive
menu
pro
responsive
menu
pro
menu
responsive
menu
pro
div
responsive
menu
pro
responsive
menu
pro
menu
li
responsive
menu
pro
box
sizing
content
box
moz
box
sizing
content
box
webkit
box
sizing
content
box
box
sizing
content
box
responsive
menu
pro
push
open
width
overflow
hidden
height
responsive
menu
pro
push
slide
position
relative
right
30
responsive
menu
pro
position
fixed
overflow
auto
bottom
0
px
width
30
right
30
top
0
px
background
index
box
shadow
0
px
1
px
8
px
font
size
13
px
max
width
px
display
none
min
width
px
responsive
menu
pro
style
responsive
menu
pro
responsive
menu
pro
admin
bar
showing
padding
top
32
px
responsive
menu
pro
header
bar
responsive
menu
pro
admin
bar
showing
responsive
menu
pro
button
responsive
menu
pro
admin
bar
showing
margin
top
32
px
responsive
menu
pro
header
bar
responsive
menu
pro
button
responsive
menu
pro
admin
bar
showing
margin
top
0
responsive
menu
pro
responsive
menu
pro
additional
content
padding
10
px
5
width
90
color
ffffff
responsive
menu
pro
responsive
menu
pro
append
link
right
0
px
position
absolute
border
1
px
solid
padding
12
px
10
px
color
ffffff
background
height
20
px
line
height
20
px
border
right
0
px
responsive
menu
pro
responsive
menu
pro
append
link
hover
cursor
pointer
background
color
ffffff
responsive
menu
pro
responsive
menu
pro
menu
responsive
menu
pro
div
responsive
menu
pro
responsive
menu
pro
menu
li
responsive
menu
pro
text
align
left
responsive
menu
pro
responsive
menu
title
image
vertical
align
middle
margin
right
10
px
display
inline
block
responsive
menu
pro
responsive
menu
pro
opened
responsive
menu
pro
responsive
menu
pro
input
responsive
menu
pro
responsive
menu
pro
title
width
95
font
size
16
px
padding
20
px
0
px
20
px
5
margin
left
0
px
background
white
space
nowrap
responsive
menu
pro
responsive
menu
pro
title
responsive
menu
pro
responsive
menu
pro
title
color
ffffff
text
decoration
none
overflow
hidden
responsive
menu
pro
responsive
menu
pro
title
hover
color
ffffff
text
decoration
none
responsive
menu
pro
responsive
menu
pro
append
link
responsive
menu
pro
responsive
menu
pro
menu
li
responsive
menu
pro
responsive
menu
pro
title
transition
all
webkit
transition
all
moz
transition
all
transition
all
responsive
menu
pro
responsive
menu
pro
menu
width
list
style
type
none
margin
0
px
responsive
menu
pro
responsive
menu
pro
menu
li
current
menu
item
responsive
menu
pro
responsive
menu
pro
menu
li
current
menu
item
responsive
menu
pro
append
link
responsive
menu
pro
responsive
menu
pro
menu
li
current
page
item
responsive
menu
pro
responsive
menu
pro
menu
li
current
page
item
responsive
menu
pro
append
link
background
color
ffffff
responsive
menu
pro
responsive
menu
pro
menu
li
current
menu
item
hover
responsive
menu
pro
responsive
menu
pro
menu
li
current
menu
item
responsive
menu
pro
append
link
hover
responsive
menu
pro
responsive
menu
pro
menu
li
current
page
item
hover
responsive
menu
pro
responsive
menu
pro
menu
li
current
page
item
responsive
menu
pro
append
link
hover
background
color
ffffff
responsive
menu
pro
responsive
menu
pro
menu
ul
margin
left
0
px
responsive
menu
pro
responsive
menu
pro
menu
li
list
style
type
none
position
relative
responsive
menu
pro
responsive
menu
pro
menu
ul
li
last
child
padding
bottom
0
px
responsive
menu
pro
responsive
menu
pro
menu
li
padding
12
px
0
px
12
px
5
width
95
display
block
height
20
px
line
height
20
px
overflow
hidden
white
space
nowrap
color
ffffff
border
top
1
px
solid
text
decoration
none
white
space
nowrap
responsive
menu
pro
button
text
align
center
cursor
pointer
font
size
12
px
position
fixed
display
none
right
2
top
44
px
color
bf
padding
5
px
index
responsive
menu
pro
responsive
menu
pro
search
display
block
width
95
padding
left
5
border
top
1
px
solid
clear
both
padding
top
10
px
padding
bottom
10
px
line
height
40
px
responsive
menu
pro
responsive
menu
pro
search
submit
display
none
responsive
menu
pro
responsive
menu
pro
search
input
width
91
padding
5
px
0
px
5
px
3
webkit
appearance
none
border
radius
2
px
border
1
px
solid
responsive
menu
pro
responsive
menu
pro
menu
responsive
menu
pro
div
responsive
menu
pro
responsive
menu
pro
menu
li
width
margin
left
0
px
padding
left
0
px
responsive
menu
pro
responsive
menu
pro
menu
li
li
padding
left
10
width
90
overflow
hidden
responsive
menu
pro
responsive
menu
pro
menu
li
li
li
padding
left
15
width
85
overflow
hidden
responsive
menu
pro
responsive
menu
pro
menu
li
li
li
li
padding
left
20
width
80
overflow
hidden
responsive
menu
pro
responsive
menu
pro
menu
li
li
li
li
li
padding
left
25
width
75
overflow
hidden
responsive
menu
pro
responsive
menu
pro
menu
li
hover
background
color
ffffff
list
style
type
none
text
decoration
none
responsive
menu
pro
button
responsive
menu
display
none
font
size
24
px
line
height
20
px
height
20
px
color
bf
responsive
menu
pro
button
responsive
menu
pro
button
lines
width
28
px
height
20
px
margin
auto
responsive
menu
pro
button
responsive
menu
pro
button
lines
responsive
menu
pro
button
line
height
4
px
margin
bottom
4
px
background
bf
width
responsive
menu
pro
button
responsive
menu
pro
button
lines
responsive
menu
pro
button
line
last
margin
bottom
0
px
media
only
screen
and
min
width
0
px
and
max
width
px
responsive
menu
pro
button
display
block
site
header
display
none
important
site
container
nav
secondary
wrap
responsive
menu
pro
header
bar
left
position
relative
left
0
px
responsive
menu
pro
menu
li
text
transform
uppercase
font
size
13
px
font
weight
bold
responsive
menu
pro
menu
li
font
size
12
px
responsive
menu
pro
menu
li
ul
li
text
transform
none
font
weight
normal
font
size
14
px
responsive
menu
pro
responsive
menu
pro
search
width
responsive
menu
pro
responsive
menu
pro
menu
li
current
page
item
responsive
menu
pro
append
link
hover
responsive
menu
pro
responsive
menu
pro
menu
li
current
page
item
responsive
menu
pro
append
active
responsive
menu
pro
responsive
menu
pro
append
link
hover
responsive
menu
pro
responsive
menu
pro
append
active
background
color
responsive
menu
pro
responsive
menu
pro
menu
li
current
page
item
hover
responsive
menu
pro
responsive
menu
pro
menu
li
hover
background
color
color
bf
responsive
menu
pro
header
bar
logo
responsive
menu
pro
header
bar
logo
image
responsive
menu
pro
header
bar
logo
img
height
40
px
position
relative
top
2
px
responsive
menu
pro
header
bar
top
34
px
border
bottom
1
px
solid
ebe
responsive
menu
position
relative
responsive
menu
pro
responsive
menu
pro
title
width
80
font
size
1
rem
white
space
normal
padding
right
5
responsive
menu
pro
header
bar
responsive
menu
pro
button
responsive
menu
pro
admin
bar
showing
margin
top
32
px
responsive
menu
pro
header
bar
logo
responsive
menu
pro
header
bar
logo
image
responsive
menu
pro
header
bar
logo
img
height
auto
max
width
83
max
height
91
top
3
px
media
only
screen
and
max
width
px
responsive
menu
pro
header
bar
top
0
px
responsive
menu
pro
button
top
10
px
media
only
screen
and
max
width
px
responsive
menu
pro
header
bar
logo
responsive
menu
pro
header
bar
logo
image
responsive
menu
pro
header
bar
logo
img
top
4
px
media
only
screen
and
max
width
px
responsive
menu
pro
header
bar
logo
responsive
menu
pro
header
bar
logo
image
responsive
menu
pro
header
bar
logo
img
top
3
px
media
only
screen
and
max
width
px
responsive
menu
pro
header
bar
logo
responsive
menu
pro
header
bar
logo
image
responsive
menu
pro
header
bar
logo
img
top
2
px
link
rel
icon
href
link
rel
pingback
href
style
type
text
css
id
wp
custom
css
ut
logo
main
width
max
width
25
em
href
https://www.utexas.edu
title
the
university
of
texas
at
austin
alt
the
university
of
texas
at
austin
img
alt
ut
shield
src
class
logo
style
max
height
25
px
width
px
href
the
center
for
community
engagement
href
img
class
ut
logo
main
alt
the
center
for
community
engagement
src
what
starts
here
changes
the
world
form
class
search
form
method
get
action
role
search
search
this
website
meta
content
href
programs
href
john
and
drucie
chase
building
href
https://give.utexas.edu/
menu
ogpixvs
support
our
work
img
src
alt
about
us
end
slide
image
end
ul
slides
end
flexslider
end
genesis
responsive
slider
about
the
center
for
community
engagement
the
center
for
community
engagement
offers
students
volunteer
and
service
learning
opportunities
programs
and
services
are
designed
for
students
faculty
staff
and
community
partners
helping
to
connect
university
resources
with
community
needs
the
university
also
serves
the
community
through
programs
and
resources
housed
in
the
historic
john
and
drucie
chase
building
the
chase
building
href
img
src
alt
the
john
and
drucie
chase
building
read
about
this
historic
building
find
out
more
about
href
building
history
href
john
chase
href
drucie
chase
volunteerut
img
loading
lazy
decoding
async
class
alignnone
size
full
wp
image
src
alt
width
height
srcset
sizes
max
width
px
vw
px
nbsp
your
link
to
direct
service
in
the
austin
community
sign
up
for
service
and
track
your
volunteer
hours
or
bring
group
to
one
of
our
planned
days
of
service
nbsp
br
follow
us
on
instagram
volunteer
ut
or
sign
up
for
our
weekly
newsletter
for
volunteer
opportunities
every
day
of
the
week
contact
us
center
for
community
engagement
west
dean
keeton
st
br
student
services
building
ssb
suite
br
john
amp
drucie
chase
building
br
navasota
street
br
utcce
austin
utexas
edu
copy
href
https://utexas.edu
the
university
of
texas
at
austin
href
https://emergency.utexas.edu/
emergency
information
href
https://www.utexas.edu/site-policies
site
policies
href
web
accessibility
policy
href
web
privacy
policy
added
by
responsive
menu
pro
plugin
for
wordpress
http://responsive.menu
href
img
id
responsive
menu
pro
header
bar
logo
image
alt
responsive
menu
pro
header
bar
logo
src
added
by
responsive
menu
pro
plugin
for
wordpress
http://responsive.menu
href
communityengagement
target
self
center
for
community
engagement
form
action
id
responsive
menu
pro
search
method
get
role
search
href
programs
href
john
and
drucie
chase
building
href
https://give.utexas.edu/
menu
ogpixvs
support
our
work
var
responsive
menu
pro
jquery
jquery
noconflict
responsive
menu
pro
jquery
document
ready
function
responsive
menu
pro
jquery
document
bind
vclick
function
if
which
2
responsive
menu
pro
jquery
target
closest
responsive
menu
pro
responsive
menu
pro
button
length
closerm
var
isopen
false
responsive
menu
pro
jquery
document
on
click
responsive
menu
pro
button
function
isopen
openrm
closerm
function
openrm
responsive
menu
pro
jquery
responsive
menu
pro
css
right
responsive
menu
pro
jquery
body
addclass
responsive
menu
pro
push
open
responsive
menu
pro
jquery
site
container
nav
secondary
wrap
responsive
menu
pro
header
bar
left
addclass
responsive
menu
pro
push
slide
var
menuwidth
responsive
menu
pro
jquery
responsive
menu
pro
width
responsive
menu
pro
jquery
site
container
nav
secondary
wrap
responsive
menu
pro
header
bar
left
animate
left
menuwidth
linear
responsive
menu
pro
jquery
responsive
menu
pro
button
responsive
menu
pro
three
lines
css
display
none
responsive
menu
pro
jquery
responsive
menu
pro
button
responsive
menu
css
display
block
responsive
menu
pro
jquery
responsive
menu
pro
css
display
block
responsive
menu
pro
jquery
responsive
menu
pro
addclass
responsive
menu
pro
opened
responsive
menu
pro
jquery
responsive
menu
pro
button
addclass
responsive
menu
pro
button
active
responsive
menu
pro
jquery
responsive
menu
pro
stop
animate
right
0
linear
function
isopen
true
function
closerm
responsive
menu
pro
jquery
site
container
nav
secondary
wrap
responsive
menu
pro
header
bar
left
animate
left
0
linear
responsive
menu
pro
jquery
responsive
menu
pro
animate
right
responsive
menu
pro
jquery
responsive
menu
pro
width
linear
function
responsive
menu
pro
jquery
body
removeclass
responsive
menu
pro
push
open
responsive
menu
pro
jquery
site
container
nav
secondary
wrap
responsive
menu
pro
header
bar
left
removeclass
responsive
menu
pro
push
slide
responsive
menu
pro
jquery
responsive
menu
pro
button
responsive
menu
css
display
none
responsive
menu
pro
jquery
responsive
menu
pro
button
responsive
menu
pro
three
lines
css
display
block
responsive
menu
pro
jquery
responsive
menu
pro
css
display
none
responsive
menu
pro
jquery
responsive
menu
pro
removeclass
responsive
menu
pro
opened
responsive
menu
pro
jquery
responsive
menu
pro
button
removeclass
responsive
menu
pro
button
active
isopen
false
responsive
menu
pro
jquery
window
resize
function
responsive
menu
pro
jquery
responsive
menu
pro
stop
true
true
if
responsive
menu
pro
jquery
window
width
if
responsive
menu
pro
jquery
responsive
menu
pro
css
right
responsive
menu
pro
jquery
responsive
menu
pro
width
closerm
var
clicklink
var
clickedlink
responsive
menu
pro
jquery
responsive
menu
pro
responsive
menu
pro
menu
li
each
function
if
responsive
menu
pro
jquery
this
children
ul
length
0
if
responsive
menu
pro
jquery
this
find
ul
css
display
none
responsive
menu
pro
jquery
this
prepend
clicklink
else
responsive
menu
pro
jquery
this
prepend
clickedlink
responsive
menu
pro
jquery
responsive
menu
pro
append
link
on
click
function
responsive
menu
pro
jquery
this
nextall
responsive
menu
pro
ul
ul
slidetoggle
function
responsive
menu
pro
jquery
this
html
responsive
menu
pro
jquery
this
hasclass
responsive
menu
pro
append
active
responsive
menu
pro
jquery
this
toggleclass
responsive
menu
pro
append
active
responsive
menu
pro
append
inactive
responsive
menu
pro
jquery
responsive
menu
parent
click
disabled
on
click
function
responsive
menu
pro
jquery
this
nextall
responsive
menu
pro
ul
ul
slidetoggle
function
responsive
menu
pro
jquery
this
siblings
responsive
menu
pro
append
link
html
responsive
menu
pro
jquery
this
hasclass
responsive
menu
pro
append
active
responsive
menu
pro
jquery
this
toggleclass
responsive
menu
pro
append
active
responsive
menu
pro
append
inactive
responsive
menu
pro
jquery
responsive
menu
pro
append
inactive
siblings
ul
css
display
none
instagram
feed
js
script
type
text
javascript
var
sbiajaxurl
script
type
text
javascript
jquery
document
ready
function
flexslider
flexslider
controlscontainer
genesis
responsive
slider
animation
slide
directionnav
0
controlnav
0
animationduration
slideshowspeed
script
type
text
javascript
src
ver
4
id
awsm
ead
pdf
object
js
script
type
text
javascript
id
awsm
ead
public
js
extra
cdata
var
eadpublic
script
type
text
javascript
src
ver
4
id
awsm
ead
public
js
script
type
text
javascript
src
ver
1
id
flexslider
js
script
type
text
javascript
id
wpa
longdesc
js
extra
cdata
var
wpald
url
https
communityengagement
studentaffairs
utexas
edu
wp
json
wp
2
media
type
jquery
text
span
long
description
span
script
type
text
javascript
src
ver
9
id
wpa
longdesc
js
script
type
text
javascript
id
wp
accessibility
js
extra
cdata
var
wpa
skiplinks
enabled
false
output
target
1
tabindex
1
underline
enabled
false
target
dir
ltr
lang
en
us
titles
1
labels
1
wpalabels
search
author
name
email
email
url
website
comment
comment
current
errors
tracking
1
ajaxurl
https
communityengagement
studentaffairs
utexas
edu
wp
admin
admin
ajax
php
security
be
action
wpa
stats
action
url
https
communityengagement
studentaffairs
utexas
edu
post
id
script
type
text
javascript
src
ver
9
id
wp
accessibility
js
