doctype
html
script
type
text
javascript
function
push
gtm
start
new
date
gettime
event
gtm
js
var
getelementsbytagname
0
var
createelement
var
dl
datalayer
src
https://www.googletagmanager.com/gtm.js
id
dl
async
true
parentnode
insertbefore
window
document
script
datalayer
gtm
2
fkxc
meta
http
equiv
content
type
content
text
html
charset
utf
8
script
type
text
javascript
window
nreum
nreum
init
ajax
deny
list
bam
nr
data
net
window
nreum
nreum
loader
config
licensekey
applicationid
for
license
information
please
see
nr
loader
rum
0
min
js
license
txt
var
use
strict
0
gd
vp
fr
jd
hr
xn
1
an
var
const
beacon
nt
beacon
errorbeacon
nt
errorbeacon
licensekey
void
0
applicationid
void
0
sa
void
0
queuetime
void
0
applicationtime
void
0
ttguid
void
0
user
void
0
account
void
0
product
void
0
extra
void
0
jsattributes
userattributes
void
0
atts
void
0
transactionname
void
0
tnameplain
void
0
function
if
throw
new
error
all
info
objects
require
an
agent
identifier
if
throw
new
error
info
for
concat
was
never
set
return
function
if
throw
new
error
all
info
objects
require
an
agent
identifier
0
const
0
ny
info
var
const
if
string
typeof
return
1
try
document
createdocumentfragment
queryselector
catch
return
1
return
0
var
const
data
nr
mask
const
mask
selector
block
selector
data
nr
block
mask
input
options
color
1
date
1
datetime
local
1
email
1
month
1
number
1
range
1
search
1
tel
1
text
1
time
1
url
1
week
1
textarea
1
select
1
password
0
return
ajax
deny
list
void
0
block
internal
0
enabled
0
harvesttimeseconds
10
autostart
0
distributed
tracing
enabled
void
0
exclude
newrelic
header
void
0
cors
use
newrelic
header
void
0
cors
use
tracecontext
headers
void
0
allowed
origins
void
0
feature
flags
generic
events
enabled
0
harvesttimeseconds
30
autostart
0
harvest
toomanyrequestsdelay
60
jserrors
enabled
0
harvesttimeseconds
10
autostart
0
logging
enabled
0
harvesttimeseconds
10
autostart
0
level
info
metrics
enabled
0
autostart
0
obfuscate
void
0
page
action
enabled
0
page
view
event
enabled
0
autostart
0
page
view
timing
enabled
0
harvesttimeseconds
30
long
task
1
autostart
0
privacy
cookies
enabled
0
proxy
assets
void
0
beacon
void
0
session
expiresms
wk
inactivems
bb
session
replay
autostart
0
enabled
1
harvesttimeseconds
60
preload
1
sampling
rate
10
error
sampling
rate
collect
fonts
1
inline
images
1
inline
stylesheet
0
fix
stylesheets
0
mask
all
inputs
0
get
mask
text
selector
return
mask
selector
set
mask
text
selector
mask
selector
concat
concat
null
mask
selector
0
5
get
block
class
return
nr
block
get
ignore
class
return
nr
ignore
get
mask
text
class
return
nr
mask
get
block
selector
return
block
selector
set
block
selector
block
selector
concat
0
6
get
mask
input
options
return
mask
input
options
set
mask
input
options
object
typeof
mask
input
options
password
0
0
7
session
trace
enabled
0
harvesttimeseconds
10
autostart
0
soft
navigations
enabled
0
harvesttimeseconds
10
autostart
0
spa
enabled
0
harvesttimeseconds
10
autostart
0
ssl
void
0
all
configuration
objects
require
an
agent
identifier
function
if
throw
new
error
if
throw
new
error
configuration
for
concat
was
never
set
return
function
if
throw
new
error
0
const
0
ny
init
function
if
throw
new
error
var
if
for
var
split
0
use
strict
var
function
try
if
object
typeof
return
0
3
if
object
typeof
return
0
4
const
object
create
object
getprototypeof
object
getownpropertydescriptors
0
object
keys
length
for
let
in
if
void
0
try
if
null
null
continue
array
isarray
array
isarray
array
from
new
set
object
typeof
object
typeof
catch
0
1
return
catch
0
2
use
strict
3
xs
xv
const
0
prod
cdn
use
strict
of
ri
vr
wn
bv
gm
mw
sb
var
const
undefined
typeof
window
window
document
undefined
typeof
workerglobalscope
undefined
typeof
self
self
instanceof
workerglobalscope
self
navigator
instanceof
workernavigator
undefined
typeof
globalthis
globalthis
instanceof
workerglobalscope
globalthis
navigator
instanceof
workernavigator
window
undefined
typeof
workerglobalscope
undefined
typeof
self
self
instanceof
workerglobalscope
self
undefined
typeof
globalthis
globalthis
instanceof
workerglobalscope
globalthis
boolean
hidden
document
visibilitystate
ipad
iphone
ipod
test
navigator
useragent
undefined
typeof
sharedworker
const
navigator
useragent
match
firefox
array
isarray
length
2
1
navigator
sendbeacon
date
now
0
use
strict
var
const
agentidentifier
ee
void
0
class
constructor
try
if
object
typeof
return
0
8
this
sharedcontext
object
assign
this
sharedcontext
object
entries
foreach
let
object
keys
includes
this
sharedcontext
catch
0
9
use
strict
ak
ze
3
var
const
function
const
staged
1
priority
0
get
set
function
get
delete
1
size
function
if
throw
new
error
agentidentifier
required
new
map
function
let
arguments
length
0
void
0
arguments
0
arguments
0
arguments
length
1
void
0
arguments
1
arguments
1
feature
arguments
length
2
void
0
arguments
2
arguments
2
if
get
return
get
staged
0
function
const
array
from
every
let
return
staged
sort
1
priority
1
priority
foreach
let
delete
function
let
arguments
length
2
void
0
arguments
2
arguments
2
const
ee
get
ee
handlers
if
aborted
backlog
if
const
backlog
if
for
let
0
let
object
values
foreach
0
on
1
isolatedbacklog
delete
backlog
null
emit
drain
function
var
1
object
values
foreach
var
0
if
0
var
1
3
2
apply
use
strict
ee
var
const
nr
context
concat
function
var
1
try
16
length
0
fr
isolatedbacklog
catch
var
on
addeventlistener
removeeventlistener
function
var
if
return
for
var
0
let
in
abort
function
aborted
0
object
keys
backlog
foreach
delete
backlog
isbuffering
function
return
debugid
backlog
object
typeof
backlog
backlog
isolatedbacklog
return
object
defineproperty
aborted
get
let
aborted
1
return
aborted
function
return
instanceof
0
new
new
function
concat
function
return
function
return
function
return
backlog
void
0
globalee
0
zm
ee
ee
use
strict
class
constructor
this
contextid
use
strict
var
ee
get
handle
function
buffer
emit
buffer
emit
use
strict
var
on
var
handlers
function
function
feature
var
push
use
strict
dd
jt
sp
var
let
1
1
try
const
get
passive
return
0
1
get
signal
return
0
1
gm
addeventlistener
test
null
gm
removeeventlistener
test
null
catch
function
return
capture
passive
signal
function
let
arguments
length
2
void
0
arguments
2
arguments
2
arguments
length
3
arguments
3
void
0
window
addeventlistener
function
let
arguments
length
2
void
0
arguments
2
arguments
2
arguments
length
3
arguments
3
void
0
document
addeventlistener
use
strict
const
0
bz
use
strict
la
bz
var
const
xxxxxxxx
xxxx
4
xxx
yxxx
xxxxxxxxxxxx
function
return
15
16
math
random
0
function
const
gm
crypto
gm
mscrypto
let
0
return
getrandomvalues
getrandomvalues
new
uint
8
array
30
split
map
tostring
16
3
8
tostring
16
join
function
const
gm
crypto
gm
mscrypto
let
0
getrandomvalues
getrandomvalues
new
uint
8
array
const
for
var
0
use
strict
bb
3
il
ts
uh
wk
const
nrba
session
started
session
started
pause
session
pause
reset
session
reset
resume
session
resume
update
session
update
same
tab
same
tab
cross
tab
cross
tab
off
0
full
1
error
2
use
strict
function
return
math
floor
performance
now
use
strict
function
function
typeof
console
debug
console
debug
new
relic
warning
concat
use
strict
var
const
newrelic
const
new
set
function
const
ee
get
object
typeof
has
emit
rumresp
add
function
let
arguments
length
0
void
0
arguments
0
arguments
0
try
gm
dispatchevent
new
customevent
detail
catch
loaded
0
use
strict
var
object
prototype
hasownproperty
function
if
call
return
var
if
object
defineproperty
object
keys
try
return
object
defineproperty
value
writable
0
enumerable
1
catch
return
use
strict
function
var
this
let
arguments
length
1
void
0
arguments
1
arguments
1
arguments
length
2
void
0
arguments
2
arguments
2
const
leading
1
let
return
function
for
var
arguments
length
new
array
0
cleartimeout
cleartimeout
settimeout
apply
function
var
this
let
1
return
function
if
0
for
var
arguments
length
new
array
0
use
strict
gg
sb
var
function
return
undefined
typeof
document
complete
document
readystate
function
if
return
0
sp
load
function
if
return
0
dd
domcontentloaded
use
strict
nt
us
zm
bq
dv
ny
pv
var
const
beacon
bam
nr
data
net
errorbeacon
bam
nr
data
net
function
return
gm
nreum
gm
nreum
void
0
gm
newrelic
gm
newrelic
gm
nreum
gm
nreum
function
let
return
st
gm
settimeout
si
gm
setimmediate
ct
gm
cleartimeout
xhr
gm
xmlhttprequest
req
gm
request
ev
gm
event
pr
gm
promise
mo
gm
mutationobserver
fetch
gm
fetch
function
let
initializedagents
initializedat
ms
0
date
new
date
initializedagents
function
let
return
initializedagents
function
function
return
function
let
const
info
info
beacon
beacon
errorbeacon
errorbeacon
function
let
const
init
init
function
let
const
loader
config
loader
config
use
strict
var
function
let
arguments
length
1
void
0
arguments
1
arguments
1
arguments
length
2
arguments
2
void
0
arguments
length
3
arguments
3
void
0
0
dd
visibilitychange
function
if
return
void
hidden
document
visibilitystate
document
visibilitystate
use
strict
ym
var
const
nr
original
concat
var
object
prototype
hasownproperty
1
function
return
ee
inplace
function
const
charat
0
for
let
0
use
strict
et
var
const
error
error
warn
warn
info
info
debug
debug
trace
trace
log
logging
use
strict
tz
xg
rs
xv
const
metrics
sm
cm
storesupportabilitymetrics
storeeventmetrics
use
strict
const
pageviewevent
use
strict
const
pageviewtiming
use
strict
4
var
sessionreplay
const
record
recordreplay
pause
pausereplay
replay
running
replayrunning
error
during
replay
errorduringreplay
error
full
off
use
strict
var
class
constructor
this
agentidentifier
this
aggregator
this
ee
ee
get
this
featurename
this
blocked
1
use
strict
var
const
seterrorhandler
finished
addtotrace
addrelease
addpageaction
setcurrentroutename
setpageviewname
setcustomattribute
interaction
noticeerror
setuserid
setapplicationversion
start
4
record
4
pause
log
wraplogger
seterrorhandler
finished
addtotrace
addrelease
var
var
function
if
object
typeof
string
typeof
function
typeof
return
0
29
const
function
return
ee
get
logger
0
ym
new
return
level
level
customattributes
customattributes
inplace
wrap
logger
function
const
0
pv
foreach
function
for
var
arguments
length
new
array
0
1
1
api
exposed
api
push
api
0
38
length
1
0
const
function
let
arguments
length
2
void
0
arguments
2
arguments
2
0
ak
api
const
var
ee
get
get
tracer
off
on
4
replay
running
var
api
ixn
function
const
0
vp
return
null
delete
jsattributes
0
1
jsattributes
jsattributes
0
null
session
void
0
function
log
function
let
customattributes
level
info
arguments
length
1
void
0
arguments
1
arguments
1
0
xv
api
log
called
void
0
metrics
function
let
arguments
length
2
void
0
arguments
2
arguments
2
arguments
length
3
void
0
arguments
3
arguments
3
info
0
xv
api
logging
concat
tolowercase
called
void
0
metrics
0
et
0
void
0
logging
wraplogger
function
let
customattributes
level
info
arguments
length
2
void
0
arguments
2
arguments
2
0
xv
api
wraplogger
called
void
0
metrics
customattributes
level
foreach
0
api
addpageaction
addpageaction
0
genericevents
setpageviewname
function
if
string
typeof
return
charat
0
0
fr
customtransaction
http://custom.transa
ction
setpageviewname
0
setcustomattribute
function
let
arguments
length
2
void
0
arguments
2
arguments
2
if
string
typeof
if
string
number
boolean
includes
typeof
null
return
setcustomattribute
0
40
typeof
else
0
39
typeof
setuserid
function
if
string
typeof
null
return
enduser
id
setuserid
0
0
41
typeof
setapplicationversion
function
if
string
typeof
null
return
application
version
setapplicationversion
1
0
42
typeof
start
try
0
xv
api
start
called
void
0
metrics
emit
manual
start
all
catch
0
23
4
record
function
0
xv
api
recordreplay
called
void
0
metrics
0
4
record
void
0
sessionreplay
4
pause
function
0
xv
api
pausereplay
called
void
0
metrics
0
4
pause
void
0
sessionreplay
interaction
function
return
new
get
object
typeof
const
prototype
createtracer
function
var
this
function
typeof
return
0
xv
api
createtracer
called
void
0
metrics
0
tracer
0
spa
function
if
emit
no
fn
start
0
try
return
apply
this
arguments
catch
const
string
typeof
new
error
throw
emit
fn
err
arguments
this
finally
emit
fn
end
0
function
return
function
return
0
xv
api
called
void
0
metrics
0
0
arguments
null
this
void
0
this
function
then
bind
then
let
setapi
0
ze
api
catch
0
27
abort
return
actiontext
setname
setattribute
save
ignore
onend
getcontext
end
get
foreach
void
0
softnav
spa
setcurrentroutename
routename
void
0
softnav
routename
0
spa
noticeerror
function
string
typeof
new
error
0
xv
api
noticeerror
called
void
0
metrics
0
err
0
1
void
0
jserrors
ri
0
gg
0
var
const
const
startswith
http
https
let
1
function
let
arguments
length
1
void
0
arguments
1
arguments
1
arguments
length
2
arguments
2
void
0
arguments
length
3
arguments
3
void
0
init
info
loader
config
runtime
exposed
0
loadertype
const
0
pv
init
info
loader
config
0
xn
agentidentifier
0
an
agentidentifier
jsattributes
bv
jsattributes
isworker
0
0
1
agentidentifier
const
0
0
agentidentifier
beacon
errorbeacon
proxy
assets
proxy
assets
push
proxy
assets
proxy
beacon
push
proxy
beacon
0
us
activatedfeatures
runsoftnavoverspa
0
soft
navigations
enabled
feature
flags
includes
soft
nav
denylist
ajax
deny
list
ajax
block
internal
ptid
agentidentifier
0
agentidentifier
ee
ee
get
agentidentifier
void
0
api
api
agentidentifier
runsoftnavoverspa
void
0
exposed
exposed
0
nc
try
return
document
currentscript
nonce
catch
return
use
strict
const
ajax
ajax
genericevents
generic
events
jserrors
jserrors
logging
logging
metrics
metrics
pageaction
page
action
pageviewevent
page
view
event
pageviewtiming
page
view
timing
sessionreplay
session
replay
sessiontrace
session
trace
softnav
soft
navigations
spa
spa
pageviewevent
1
pageviewtiming
2
metrics
3
jserrors
4
spa
5
ajax
6
sessiontrace
7
softnav
8
sessionreplay
9
logging
10
genericevents
11
function
var
if
void
0
return
exports
var
exports
return
exports
exports
for
var
in
object
defineproperty
enumerable
0
get
promise
all
object
keys
reduce
nr
rum
0
min
js
object
prototype
hasownproperty
call
nrba
0
prod
if
push
else
var
if
void
0
for
var
document
getelementsbytagname
script
0
length
var
if
getattribute
src
getattribute
data
webpack
break
if
0
var
sha
jftcbnpzpe
6
tx
1
oowgtdxgtxjpzczbrsumxw
iz
7
06
ssfloejuidps
4
xhjv
4
xx
4
uardele
2
dq
0
bhqlw
document
createelement
script
charset
utf
8
timeout
nc
setattribute
nonce
nc
setattribute
data
webpack
src
0
src
indexof
window
location
origin
crossorigin
anonymous
integrity
var
onerror
onload
null
cleartimeout
var
if
delete
parentnode
parentnode
removechild
foreach
return
settimeout
bind
null
void
0
type
timeout
target
onerror
bind
null
onerror
onload
bind
null
onload
document
head
appendchild
undefined
typeof
symbol
symbol
tostringtag
object
defineproperty
symbol
tostringtag
value
module
object
defineproperty
esmodule
value
0
https://js-agent.newrelic.com/
var
var
void
0
if
0
if
push
2
else
var
new
promise
push
2
var
new
error
if
0
void
0
var
load
type
missing
type
target
target
src
message
loading
chunk
failed
name
chunkloaderror
type
request
1
chunk
var
var
0
if
some
0
for
in
if
for
use
strict
var
class
agentidentifier
constructor
let
arguments
length
0
void
0
arguments
0
arguments
0
0
la
16
this
agentidentifier
for
var
arguments
length
new
array
1
1
function
return
0
0
gd
concat
enabled
var
var
const
ri
0
0
gd
privacy
cookies
enabled
function
return
hr
mo
0
0
gd
session
trace
enabled
var
class
extends
constructor
let
arguments
length
3
void
0
arguments
3
arguments
3
super
this
auto
this
aborthandler
void
0
this
feataggregate
void
0
this
onaggregateimported
void
0
1
0
gd
this
agentidentifier
concat
this
featurename
autostart
this
auto
1
this
auto
0
ak
this
ee
on
manual
start
all
0
0
ak
this
agentidentifier
this
featurename
this
auto
0
this
importaggregator
importaggregator
let
arguments
length
0
void
0
arguments
0
arguments
0
if
this
feataggregate
this
auto
return
this
onaggregateimported
new
promise
const
async
let
try
if
this
agentidentifier
const
setupagentsession
await
then
bind
this
agentidentifier
catch
0
20
this
ee
emit
internal
error
this
featurename
sessionreplay
this
aborthandler
try
if
this
this
featurename
return
0
ze
this
agentidentifier
this
featurename
void
1
const
lazyfeatureloader
await
then
bind
aggregate
await
this
featurename
aggregate
this
feataggregate
new
this
agentidentifier
this
aggregator
0
catch
0
34
this
aborthandler
0
ze
this
agentidentifier
this
featurename
0
1
this
ee
this
ee
abort
ri
0
gg
0
switch
case
sessionreplay
return
this
agentidentifier
case
sessiontrace
return
default
return
0
var
class
extends
static
featurename
constructor
let
arguments
length
2
void
0
arguments
2
arguments
2
super
this
importaggregator
var
class
extends
constructor
super
this
aggregateddata
store
var
this
getbucket
return
metrics
function
count
0
return
count
1
object
entries
foreach
let
metrics
merge
var
this
getbucket
if
metrics
var
metrics
count
count
object
keys
foreach
if
count
var
function
if
return
return
min
math
min
min
min
max
math
max
max
max
sos
sos
else
metrics
storemetric
var
this
getbucket
return
stats
stats
getbucket
this
aggregateddata
this
aggregateddata
var
this
aggregateddata
return
this
aggregateddata
params
custom
get
return
this
aggregateddata
this
aggregateddata
this
aggregateddata
take
for
var
1
0
max
max
constructor
let
arguments
length
2
void
0
arguments
2
arguments
2
super
ri
0
0
dochidden
0
void
0
this
ee
0
0
sp
pagehide
0
winpagehide
0
void
0
this
ee
this
importaggregator
var
class
extends
static
featurename
tz
constructor
let
arguments
length
2
void
0
arguments
2
arguments
2
super
tz
this
importaggregator
new
class
extends
constructor
super
gm
this
sharedaggregator
new
agentidentifier
this
agentidentifier
this
features
0
bq
this
agentidentifier
this
this
desiredfeatures
new
set
features
this
desiredfeatures
add
this
runsoftnavoverspa
this
desiredfeatures
some
featurename
softnav
0
this
loadertype
agent
this
run
0
21
get
config
return
info
this
info
init
this
init
loader
config
this
loader
config
runtime
this
runtime
run
try
const
this
agentidentifier
this
desiredfeatures
sort
featurename
featurename
foreach
if
featurename
featurename
pageviewevent
return
if
this
runsoftnavoverspa
featurename
spa
return
if
this
runsoftnavoverspa
featurename
softnav
return
function
switch
case
ajax
return
jserrors
case
sessiontrace
return
ajax
pageviewevent
case
sessionreplay
return
sessiontrace
case
pageviewtiming
return
pageviewevent
default
return
featurename
every
in
this
features
0
36
featurename
this
features
featurename
new
this
agentidentifier
this
sharedaggregator
catch
0
22
for
const
in
this
features
this
features
aborthandler
const
0
zm
delete
initializedagents
this
agentidentifier
api
delete
initializedagents
this
agentidentifier
features
delete
this
sharedaggregator
return
ee
get
this
agentidentifier
abort
1
features
loadertype
lite
meta
name
google
site
verification
content
xomjj
4
rfda
fosaht
fmnugb
59
sr
5
ovd
9
kuho
link
rel
apple
touch
icon
sizes
href
https://www.utexas.edu/apple-touch-icon.png
link
rel
shortcut
icon
sizes
href
https://www.utexas.edu/favicon-16x16.png
link
rel
shortcut
icon
sizes
href
https://www.utexas.edu/favicon-32x32.png
link
rel
manifest
href
https://www.utexas.edu/manifest.json
link
rel
mask
icon
href
color
bf
meta
name
theme
color
content
ffffff
meta
name
viewport
content
width
device
width
initial
scale
1
meta
name
apple
mobile
web
app
title
content
ut
austin
jobs
the
university
of
texas
at
austin
link
type
text
css
rel
stylesheet
href
media
all
link
type
text
css
rel
stylesheet
href
media
all
link
type
text
css
rel
stylesheet
href
media
all
link
type
text
css
rel
stylesheet
href
media
all
link
type
text
css
rel
stylesheet
href
media
print
script
type
text
javascript
src
iframe
src
https://www.googletagmanager.com/ns.html
id
gtm
2
fkxc
height
0
width
0
style
display
none
visibility
hidden
skip
to
main
content
href
https://www.utexas.edu
class
ut
logo
link
the
university
of
texas
at
austin
menu
logo
header
helpful
links
href
https://my.utexas.edu/
title
class
nav
link
current
students
href
faculty
and
staff
resources
class
nav
link
faculty
amp
staff
href
alumni
resources
class
nav
link
alumni
href
family
and
visitor
resources
title
class
nav
link
families
amp
visitors
search
form
action
search
results
method
get
id
cse
mobile
searchbox
class
cse
searchbox
search
href
http://maps.utexas.edu/
title
class
nav
link
maps
href
https://directory.utexas.edu/
title
class
nav
link
directory
href
https://utdirect.utexas.edu
title
class
nav
link
ut
direct
href
https://giving.utexas.edu
utm
source
main
amp
utm
medium
top
nav
title
class
nav
link
nav
link
button
give
href
apply
class
nav
link
nav
link
button
apply
search
form
action
search
results
method
get
id
cse
desktop
searchbox
class
cse
searchbox
search
topnav
href
content
about
texas
class
nav
link
about
academics
href
academics
academic
experience
class
sub
nav
link
academic
experience
href
academics
areas
of
study
class
sub
nav
link
areas
of
study
href
http://extendedcampus.utexas.edu
class
sub
nav
link
extended
campus
href
cockrell
utexas
edu
class
sub
nav
link
cockrell
school
of
engineering
href
education
utexas
edu
class
sub
nav
link
college
of
education
href
https://finearts.utexas.edu/
class
sub
nav
link
college
of
fine
arts
href
https://liberalarts.utexas.edu/
class
sub
nav
link
college
of
liberal
arts
href
https://cns.utexas.edu/
class
sub
nav
link
college
of
natural
sciences
href
https://pharmacy.utexas.edu/
class
sub
nav
link
college
of
pharmacy
href
https://dellmed.utexas.edu/
class
sub
nav
link
dell
medical
school
href
https://gradschool.utexas.edu/
class
sub
nav
link
graduate
school
href
http://www.jsg.utexas.edu/
class
sub
nav
link
jackson
school
of
geosciences
href
https://lbj.utexas.edu/
class
sub
nav
link
lbj
school
of
public
affairs
href
https://www.mccombs.utexas.edu/
class
sub
nav
link
mccombs
school
of
business
href
https://moody.utexas.edu/
class
sub
nav
link
moody
college
of
communication
href
https://soa.utexas.edu/
class
sub
nav
link
school
of
architecture
href
https://civicleadership.utexas.edu
class
sub
nav
link
school
of
civic
leadership
href
https://www.ischool.utexas.edu/
class
sub
nav
link
school
of
information
href
https://law.utexas.edu/
class
sub
nav
link
school
of
law
href
https://nursing.utexas.edu/
class
sub
nav
link
school
of
nursing
href
https://socialwork.utexas.edu/
class
sub
nav
link
steve
hicks
school
of
social
work
href
https://ugs.utexas.edu/
class
sub
nav
link
undergraduate
college
admissions
amp
aid
img
class
utexas
flex
content
area
image
typeof
foaf
image
src
itok
4
ikkopxn
alt
image
of
happy
long
horn
student
holding
longhorn
banner
be
longhorn
what
starts
here
changes
the
world
it
more
than
motto
its
what
we
prove
each
and
every
day
as
texas
and
its
exes
advance
discovery
and
innovation
on
global
stage
join
us
nbsp
href
http://admissions.utexas.edu/
class
sub
nav
link
undergraduate
admissions
href
http://gradschool.utexas.edu/admissions
class
sub
nav
link
graduate
admissions
href
http://law.utexas.edu/admissions/
class
sub
nav
link
school
of
law
admissions
href
class
sub
nav
link
dell
medical
school
admissions
href
class
sub
nav
link
tuition
amp
costs
href
class
sub
nav
link
financial
aid
href
http://admissions.utexas.edu/visit
class
sub
nav
link
campus
visits
campus
amp
community
img
class
utexas
flex
content
area
image
typeof
foaf
image
src
itok
zkv
alt
honor
the
horns
navigation
graphic
honor
the
horns
honesty
integrity
and
respect
three
words
that
embody
the
longhorn
spirit
and
help
make
ut
austin
one
of
the
best
universities
in
the
world
href
https://utexas.edu/honor-the-horns
class
cta
feature
cta
learn
more
href
campus
life
arts
and
culture
class
sub
nav
link
arts
amp
culture
href
campus
life
campus
destinations
class
sub
nav
link
campus
destinations
href
campus
life
entrepreneurship
and
innovation
class
sub
nav
link
entrepreneurship
amp
innovation
href
campus
life
health
and
wellness
class
sub
nav
link
health
amp
well
being
href
campus
life
housing
and
dining
class
sub
nav
link
housing
amp
dining
href
campus
life
life
in
austin
class
sub
nav
link
life
in
austin
href
campus
life
medical
center
class
sub
nav
link
medical
center
href
campus
life
report
misconduct
class
sub
nav
link
report
misconduct
href
campus
life
safety
and
security
class
sub
nav
link
safety
amp
security
href
campus
life
student
involvement
class
sub
nav
link
student
involvement
research
img
class
utexas
flex
content
area
image
typeof
foaf
image
src
itok
cffqbnbq
alt
researcher
working
in
lab
wearing
protective
gear
change
the
world
longhorns
are
passionate
about
making
the
world
better
place
united
by
the
nbsp
belief
that
creating
and
sharing
nbsp
knowledge
can
save
lives
and
transform
society
come
explore
our
vast
research
enterprise
or
better
yet
create
innovate
and
discover
with
us
href
research
overview
class
sub
nav
link
overview
href
research
student
research
class
sub
nav
link
student
research
href
research
units
and
centers
class
sub
nav
link
units
amp
centers
href
research
off
campus
research
sites
class
sub
nav
link
off
campus
research
sites
href
research
libraries
class
sub
nav
link
libraries
href
http://experts.utexas.edu/
class
sub
nav
link
experts
guide
href
https://texassports.com/
class
nav
link
athletics
href
https://news.utexas.edu/
class
nav
link
news
href
home
jobs
jobs
img
class
utexas
hero
photo
typeof
foaf
image
src
itok
cz
5
fqhfz
alt
staff
member
at
table
presenting
work
to
teammates
pass
new
class
to
content
top
right
template
when
on
the
front
page
quick
links
href
https://facultyjobs.utexas.edu/
class
cta
link
sans
quick
links
cta
faculty
jobs
href
https://hr.utexas.edu/prospective/apply
class
cta
link
sans
quick
links
cta
staff
jobs
href
class
cta
link
sans
quick
links
cta
student
jobs
href
https://hr.utexas.edu
class
cta
link
sans
quick
links
cta
human
resources
href
http://provost.utexas.edu/faculty-affairs/
class
cta
link
sans
quick
links
cta
faculty
affairs
href
class
cta
link
sans
quick
links
cta
executive
searches
the
university
of
texas
at
austin
is
nationally
ranked
tier
one
research
institution
and
one
of
the
largest
employers
in
central
texas
offering
thousands
of
career
opportunities
in
wide
variety
of
fields
utis
located
in
the
heart
of
austin
vibrant
city
that
frequently
appears
onlists
of
best
cities
to
live
and
work
committed
to
recruiting
and
retaining
diverse
and
talented
workforce
the
university
offers
competitive
salaries
and
benefits
an
extensive
support
network
and
above
all
an
enriching
and
highly
collaborative
community
that
is
deeply
passionate
about
our
vision
for
higher
education
and
public
service
href
http://www.utexas.edu/hr/current/insurance/
insurance
br
eligible
university
employees
enjoy
variety
of
insurance
options
including
employer
paid
medical
coverage
for
full
time
employees
and
50
percentemployer
paid
medical
coverage
for
part
time
employees
eligible
employees
may
also
select
dental
vision
short
and
long
term
disability
coverage
and
more
href
http://www.utexas.edu/hr/current/retirement/
retirement
br
the
state
of
texas
offers
eligible
ut
austin
employees
two
retirement
program
options
both
of
which
include
generous
employer
contributions
href
http://www.utexas.edu/hr/current/leave/
time
off
br
eligible
employees
who
work
at
least
20
hours
per
week
for
continuous
months
are
entitled
to
multiple
paid
leave
options
including
annual
leave
paid
holiday
leaveand
sick
leave
certain
employees
may
also
earn
compensatory
time
off
in
accordance
with
texas
state
law
href
http://provost.utexas.edu/faculty-affairs/
rel
nofollow
faculty
affairs
br
the
university
offers
numerous
policies
servicesand
resources
to
support
our
faculty
in
an
inclusive
climate
of
advancement
and
growth
href
employee
educational
benefit
br
ut
austin
supports
the
continued
professional
development
of
our
employees
coveringthe
cost
of
tuition
for
one
eligible
university
of
texas
at
austin
course
per
semester
for
eligible
employees
href
employee
perks
and
campus
resources
br
enjoy
wide
range
of
additional
perks
sponsored
by
human
resources
including
careersmart
professional
development
and
learning
healthpoint
work
life
balance
and
wellness
programs
lynda
com
online
learning
and
more
in
addition
employees
haveaccess
to
extensive
ut
resources
and
free
or
discounted
admission
to
certain
museums
centersand
events
img
class
utexas
flex
content
area
image
typeof
foaf
image
src
itok
zk
0
ndyia
width
height
alt
lecturer
speaking
to
business
class
href
https://facultyjobs.utexas.edu/
class
headline
link
faculty
jobs
search
for
tenured
tenure
track
and
non
tenure
track
faculty
positions
at
ut
austin
href
https://facultyjobs.utexas.edu/
class
cta
utexas
flex
content
cta
aria
hidden
true
tabindex
1
faculty
jobs
img
class
utexas
flex
content
area
image
typeof
foaf
image
src
itok
sfjjp
8
width
height
alt
meeting
at
kut
href
https://hr.utexas.edu/prospective/apply
class
headline
link
staff
jobs
search
for
full
time
part
time
and
temporary
staff
positions
at
ut
austin
href
https://hr.utexas.edu/prospective/apply
class
cta
utexas
flex
content
cta
aria
hidden
true
tabindex
1
staff
jobs
img
class
utexas
flex
content
area
image
typeof
foaf
image
src
itok
syp
width
height
alt
href
class
headline
link
student
jobs
ut
austin
employs
more
than
students
each
semester
with
academic
non
academic
federal
work
study
and
non
work
study
jobs
href
class
cta
utexas
flex
content
cta
aria
hidden
true
tabindex
1
search
connect
with
ut
austin
href
class
cta
sidebar
cta
subscribe
to
our
newsletter
href
http://www.facebook.com/UTAustinTX
class
connect
link
facebook
href
http://twitter.com/utaustin
class
connect
link
twitter
href
https://instagram.com/utaustintx
class
connect
link
instagram
href
class
connect
link
linkedin
href
http://www.youtube.com/utaustintexas
class
connect
link
youtube
href
https://giving.utexas.edu/what-starts-here
utm
source
main
utm
medium
footer
logo
starts
with
you
footer
helpful
links
href
title
class
helpful
link
access
course
syllabi
and
instructor
cvs
href
campus
carry
title
class
helpful
link
campus
carry
href
contact
us
class
helpful
link
contact
href
https://cmhc.utexas.edu/
title
class
helpful
link
counseling
and
mental
health
href
title
class
helpful
link
disability
resources
href
http://emergency.utexas.edu/
class
helpful
link
emergency
information
href
fraud
waste
or
abuse
title
class
helpful
link
fraud
waste
or
abuse
href
https://hazing.utexas.edu
title
class
helpful
link
hazing
prevention
and
response
href
title
class
helpful
link
heerf
cares
act
compliance
href
jobs
class
helpful
link
active
jobs
href
https://apps.highered.texas.gov/resumes/
title
class
helpful
link
online
institutional
resumes
href
public
forum
title
class
helpful
link
public
forum
on
campus
href
site
policies
class
helpful
link
site
policies
href
https://www.texas.gov
title
class
helpful
link
state
of
texas
href
https://www.tsl.texas.gov/trail/index.html
class
helpful
link
statewide
search
href
http://gov.texas.gov/
class
helpful
link
texas
homeland
security
href
https://veterans.portal.texas.gov/
title
class
helpful
link
texas
veterans
portal
href
https://titleix.utexas.edu/file-a-report/
title
class
helpful
link
title
ix
reporting
sexual
misconduct
href
http://www.utsystem.edu/
class
helpful
link
ut
system
href
title
class
helpful
link
web
accessibility
policy
href
https://www.utexas.edu/web-privacy-policy
title
class
helpful
link
web
privacy
policy
copy
the
university
of
texas
at
austin
if
lt
ie
9
script
src
sites
all
themes
utexas
js
polyfill
min
js
endif
script
type
text
javascript
src
script
type
text
javascript
cdata
window
jquery
document
write
script
src
sites
all
modules
custom
utexas
admin
js
replace
backup
jquery
min
js
3
script
script
type
text
javascript
src
script
type
text
javascript
src
script
type
text
javascript
src
script
type
text
javascript
cdata
jquery
extend
drupal
settings
basepath
pathprefix
sethasjscookie
0
ajaxpagestate
theme
utexas
theme
token
cb
3
oayrnnnkzaj
xmgxrblbnym
09
lgtczwqzok
js
https
ajax
googleapis
com
ajax
libs
jquery
2
jquery
min
js
1
0
1
misc
jquery
extend
0
js
1
misc
jquery
html
prefilter
0
backport
js
1
misc
jquery
once
js
1
misc
drupal
js
1
sites
all
modules
contrib
entityreference
js
entityreference
js
1
sites
all
modules
custom
utexas
google
cse
js
utexas
google
cse
js
1
sites
all
themes
utexas
js
custom
accordion
js
1
css
modules
system
system
base
css
1
modules
system
system
menus
css
1
modules
system
system
messages
css
1
modules
system
system
theme
css
1
sites
all
modules
custom
features
content
types
content
type
contact
info
content
type
contact
info
css
1
sites
all
modules
custom
features
content
types
content
type
twitter
widget
theme
twitter
widget
css
1
modules
field
theme
field
css
1
sites
all
modules
custom
localist
integration
css
localist
css
1
modules
node
node
css
1
modules
user
user
css
1
sites
all
modules
custom
utexas
fonts
css
fonts
css
1
sites
all
modules
custom
utexas
google
cse
css
utexas
google
cse
css
1
sites
all
modules
contrib
video
filter
video
filter
css
1
sites
all
modules
custom
features
views
views
utexas
localist
widget
theme
utexas
localist
widget
css
1
sites
all
modules
contrib
views
css
views
css
1
sites
all
modules
custom
utexas
tablesaw
filter
theme
utexas
tablesaw
filter
css
1
sites
all
libraries
tablesaw
dist
stackonly
tablesaw
stackonly
css
1
sites
all
themes
utexas
css
base
css
1
sites
all
themes
utexas
css
core
css
1
sites
all
modules
contrib
ckeditor
css
ckeditor
css
1
sites
all
modules
contrib
ctools
css
ctools
css
1
sites
all
modules
contrib
context
field
context
field
css
1
sites
all
themes
utexas
css
core
pages
css
1
sites
all
themes
utexas
css
foundation
accordion
css
1
sites
all
modules
custom
utexas
hero
photo
theme
utexas
hero
photo
css
1
sites
all
modules
custom
utexas
quick
links
theme
utexas
quick
links
css
1
sites
all
modules
custom
utexas
flex
content
areas
utexas
flex
content
areas
css
1
sites
all
themes
utexas
css
temporary
css
css
1
sites
all
themes
utexas
css
custom
accordion
css
1
sites
all
themes
utexas
css
print
css
1
cseid
etsxpcor
8
wm
video
filter
url
ckeditor
video
filter
dashboard
ckeditor
instructions
url
video
filter
instructions
modulepath
sites
all
modules
contrib
video
filter
script
type
text
javascript
src
script
type
text
javascript
src
script
type
text
javascript
window
nreum
nreum
nreum
info
beacon
bam
nr
data
net
licensekey
applicationid
transactionname
nvbabrdudricwkwiwwwabusmgkwidv
1
dgrosxug
queuetime
0
applicationtime
atts
grdzg
19
ohhw
errorbeacon
bam
nr
data
net
agent
