doctype
html
var
searchmethod
var
vuwpurl
https://www.vanderbilt.edu/projectsafe/
var
brandbarschool
dos
google
tag
manager
function
push
gtm
start
new
date
gettime
event
gtm
js
var
getelementsbytagname
0
createelement
ad
datalayer
async
true
src
https://www.googletagmanager.com/gtm.js
id
ad
parentnode
insertbefore
window
document
script
datalayer
gtm
mh
87
fl
project
safe
resources
and
support
for
victims
of
sexual
harassment
and
intimate
partner
violence
vanderbilt
university
meta
charset
utf
8
meta
http
equiv
ua
compatible
content
ie
edge
meta
name
viewport
content
width
device
width
initial
scale
1
meta
name
description
content
home
meta
name
keywords
content
vanderbilt
vanderbilt
university
nashville
research
university
news
meta
name
robots
content
max
image
preview
large
link
rel
dns
prefetch
href
use
fontawesome
com
link
rel
dns
prefetch
href
maxcdn
bootstrapcdn
com
link
rel
dns
prefetch
href
cdn
vanderbilt
edu
link
rel
dns
prefetch
href
7
addthis
com
link
rel
dns
prefetch
href
fonts
googleapis
com
link
rel
dns
prefetch
href
org
meta
property
og
title
content
home
meta
property
og
type
content
article
meta
property
og
url
content
https://www.vanderbilt.edu/projectsafe/
meta
property
og
description
content
project
safe
is
located
in
the
cumberland
house
on
west
side
row
project
safe
is
available
24
hours
day
via
our
crisis
support
hotline
for
non
urgent
matters
please
call
our
office
line
or
email
projectsafe
vanderbilt
edu
advocacy
appointments
are
available
during
our
usual
business
hours
of
monday
friday
8
am
to
5
pm
meta
property
og
site
name
content
vanderbilt
university
meta
name
twitter
url
content
https://www.vanderbilt.edu/projectsafe/
meta
name
twitter
title
content
home
meta
name
twitter
description
content
project
safe
is
located
in
the
cumberland
house
on
west
side
row
project
safe
is
available
24
hours
day
via
our
crisis
support
hotline
for
non
urgent
matters
please
call
our
office
line
or
email
projectsafe
vanderbilt
edu
advocacy
appointments
are
available
during
our
usual
business
hours
of
monday
friday
8
am
to
5
pm
meta
name
twitter
site
content
vanderbiltu
meta
name
twitter
creator
content
vanderbiltu
meta
property
og
image
content
meta
name
twitter
image
src
content
script
type
application
ld
json
context
http://schema.org
type
newsarticle
mainentityofpage
type
webpage
id
https://www.vanderbilt.edu/projectsafe/
headline
home
datepublished
20
nov
datemodified
20
nov
author
type
person
name
webcomm
publisher
type
organization
name
vanderbilt
university
logo
type
imageobject
url
https://news.vanderbilt.edu/i/VU-Square.jpg
height
width
image
type
imageobject
url
height
width
description
project
safe
is
located
in
the
cumberland
house
on
west
side
row
project
safe
is
available
24
hours
day
via
our
crisis
support
hotline
for
non
urgent
matters
please
call
our
office
line
or
email
projectsafe
vanderbilt
edu
advocacy
appointments
are
available
during
our
usual
business
hours
of
monday
friday
8
am
to
5
pm
script
type
text
javascript
window
wpemojisettings
baseurl
https
org
images
core
emoji
0
ext
png
svgurl
https
org
images
core
emoji
0
svg
svgext
svg
source
concatemoji
https
www
vanderbilt
edu
projectsafe
wp
includes
js
wp
emoji
release
min
js
ver
function
var
createelement
canvas
getcontext
getcontext
2
function
var
string
fromcharcode
clearrect
width
height
filltext
apply
this
todataurl
return
clearrect
width
height
filltext
apply
this
todataurl
function
var
createelement
script
src
defer
type
text
javascript
getelementsbytagname
head
0
appendchild
for
array
flag
emoji
supports
everything
0
everythingexceptflag
0
0
length
supports
function
if
filltext
return
1
switch
textbaseline
top
font
px
arial
case
flag
return
1
case
emoji
return
return
1
supports
everything
supports
everything
supports
flag
supports
everythingexceptflag
supports
everythingexceptflag
supports
supports
everythingexceptflag
supports
everythingexceptflag
supports
flag
domready
1
readycallback
function
domready
0
supports
everything
function
readycallback
addeventlistener
addeventlistener
domcontentloaded
1
addeventlistener
load
1
attachevent
onload
attachevent
onreadystatechange
function
complete
readystate
readycallback
source
concatemoji
concatemoji
wpemoji
twemoji
twemoji
wpemoji
window
document
window
wpemojisettings
style
type
text
css
img
wp
smiley
img
emoji
display
inline
important
border
none
important
box
shadow
none
important
height
1
em
important
width
1
em
important
margin
0
07
em
important
vertical
align
em
important
background
none
important
padding
0
important
link
rel
stylesheet
id
safety
styles
css
href
ver
type
text
css
media
all
link
rel
stylesheet
id
wolf
gram
css
href
ver
6
type
text
css
media
all
link
rel
stylesheet
id
fancybox
css
href
ver
5
type
text
css
media
all
link
rel
stylesheet
id
cdn
bootstrap
css
href
ver
type
text
css
media
all
link
rel
stylesheet
id
google
fonts
css
href
https://fonts.googleapis.com/css
family
roboto
7
csource
sans
pro
display
swap
ver
0
type
text
css
media
all
link
rel
stylesheet
id
vanderbilt
css
href
ver
1
type
text
css
media
all
link
rel
stylesheet
id
vanderbilt
parent
css
href
ver
4
type
text
css
media
all
link
rel
stylesheet
id
vanderbilt
child
css
href
ver
2
type
text
css
media
all
script
type
text
javascript
src
https://use.fontawesome.com/178eb0d5fa.js
ver
id
cdn
fontawesome
js
link
rel
https://api.w.org/
href
link
rel
alternate
type
application
json
href
link
rel
canonical
href
https://www.vanderbilt.edu/projectsafe/
link
rel
shortlink
href
https://www.vanderbilt.edu/projectsafe/
link
rel
alternate
type
application
json
oembed
href
url
https
3
2
2
fwww
vanderbilt
edu
2
fprojectsafe
2
link
rel
alternate
type
text
xml
oembed
href
url
https
3
2
2
fwww
vanderbilt
edu
2
fprojectsafe
2
format
xml
link
rel
shortcut
icon
href
link
rel
dns
prefetch
href
cdn
vanderbilt
edu
style
type
text
css
broken
link
broken
link
text
decoration
line
through
style
type
text
css
id
wp
custom
css
header
background
1
line
height
rem
important
padding
top
6
rem
header
background
small
color
white
display
block
padding
10
px
0
px
0
px
0
px
home
vu
main
content
1
border
bottom
0
px
ps
callout
1
border
bottom
0
important
sidebar
right
4
background
color
fff
padding
20
px
quick
exit
position
fixed
bottom
0
left
0
index
background
red
padding
10
px
color
white
font
weight
bold
font
size
letter
spacing
1
px
text
decoration
none
header
background
background
url
top
center
background
size
cover
media
only
screen
and
webkit
min
device
pixel
ratio
only
screen
and
min
device
pixel
ratio
3
2
only
screen
and
min
moz
device
pixel
ratio
only
screen
and
min
device
pixel
ratio
header
background
background
image
url
background
size
cover
google
tag
manager
iframe
src
https://www.googletagmanager.com/ns.html
id
gtm
mh
87
fl
height
0
width
0
style
display
none
visibility
hidden
skip
to
main
content
script
type
text
javascript
src
href
rel
nofollow
style
display
none
aria
hidden
true
link
href
https://www.vanderbilt.edu/projectsafe/
aria
current
page
home
href
about
us
href
get
help
href
advocacy
services
href
prevention
programs
href
supporting
survivors
href
faculty
amp
staff
resources
href
https://www.vanderbilt.edu/projectsafe/saam/
sexual
assault
awareness
month
href
https://www.vanderbilt.edu/projectsafe/
project
safe
br
center
for
sexual
misconduct
prevention
and
response
href
https://www.google.com
class
quick
exit
quick
exit
24
hour
crisis
support
hotline
safe
section
id
hero
style
background
url
no
repeat
center
center
background
size
cover
project
safe
is
here
for
those
impacted
by
gender
and
sexual
harassment
sexual
assault
intimate
partner
violence
stalking
and
more
class
btn
href
http://vanderbilt.edu/projectsafe/staff/
learn
more
project
safe
is
located
in
the
cumberland
house
on
west
side
row
project
safe
is
available
24
hours
day
via
our
crisis
support
hotline
for
non
urgent
matters
please
call
our
office
line
or
email
projectsafe
vanderbilt
edu
advocacy
appointments
are
available
during
our
usual
business
hours
of
monday
friday
8
am
to
5
pm
if
you
are
already
connected
with
victim
resource
specialist
please
feel
free
to
communicate
with
them
directly
via
email
otherwise
call
or
email
to
request
an
appointment
our
physical
address
is
vanderbilt
place
nashville
tn
additional
information
and
quick
links
april
is
sexual
assault
awareness
month
href
https://www.vanderbilt.edu/projectsafe/saam
view
our
full
schedule
of
events
apply
to
be
href
peer
educator
paid
student
position
one
page
resource
list
on
href
vanderbilt
sexual
misconduct
support
and
resources
href
https://www.surveymonkey.com/r/J5H5H8D
join
our
listserv
only
emails
per
month
the
university
href
sexual
misconduct
policy
and
href
formal
grievance
protocol
browse
full
list
of
our
upcoming
programs
on
href
https://www.facebook.com/VUProjectSafe/
facebook
or
href
anchor
link
faculty
and
staff
mandatory
reporters
may
file
reports
of
sexual
misconduct
using
the
university
href
online
incident
reporting
form
nbsp
nbsp
class
btn
btn
block
btn
lg
btn
primary
href
http://www.google.com
quick
exit
in
an
emergency
the
following
services
are
available
24
hours
day
7
days
week
project
safe
support
hotline
safe
vanderbilt
university
police
or
href
vanderbilt
project
safe
staff
are
available
at
the
project
safe
center
in
the
cumberland
house
on
west
side
row
monday
friday
8
5
vanderbilt
university
medical
center
emergency
services
nashville
sexual
assault
center
hotline
ywca
crisis
and
information
line
upcoming
events
script
type
text
javascript
id
lw
lwcw
src
events
vanderbilt
edu
livewhale
theme
core
scripts
lwcw
js
href
https://events.vanderbilt.edu/
view
all
tags
project
safe
more
raquo
href
http://social.vanderbilt.edu
connect
with
project
safe
target
blank
href
http://www.twitter.com/vuprojectsafe
title
follow
us
on
twitter
twitter
target
blank
href
https://www.facebook.com/VUProjectSafe/
title
follow
us
on
facebook
facebook
target
blank
href
http://www.instagram.com/vuprojectsafe
title
follow
us
on
instagram
instagram
href
https://www.vanderbilt.edu/projectsafe/feed/
title
subscribe
to
rss
feed
rss
feed
your
vanderbilt
href
http://www.vanderbilt.edu/alumni/
alumni
href
https://www.vanderbilt.edu/student/
current
students
href
https://www.vanderbilt.edu/faculty-staff/
faculty
staff
href
http://www.vanderbilt.edu/isss/
international
students
href
https://news.vanderbilt.edu/
media
href
http://www.vanderbilt.edu/families/
parents
family
href
https://www.vanderbilt.edu/prospective/
prospective
students
href
https://research.vanderbilt.edu/
researchers
href
http://www.vucommodores.com
sports
fans
href
https://www.vanderbilt.edu/community/
visitors
neighbors
iframe
src
https://www.youtube.com/embed/
list
plb
1
epeyuwa
4
kr
gephaypr
7
sdto
rel
0
controls
0
showinfo
0
width
height
frameborder
0
video
contact
us
projectsafe
vanderbilt
edu
office
phone
br
24
hour
crisis
hotline
br
safe
vanderbilt
place
br
cumberland
house
on
west
side
row
br
nashville
tn
href
redirect
to
https
3
2
2
fwww
vanderbilt
edu
2
fprojectsafe
2
copy
script
type
text
javascript
date
new
date
year
date
getfullyear
document
write
year
vanderbilt
university
middot
all
rights
reserved
href
http://web.vanderbilt.edu/
site
development
digital
strategies
division
of
communications
br
vanderbilt
university
is
committed
to
the
principle
of
equal
opportunity
class
credits
link
href
https://www.vanderbilt.edu/accessibility/
accessibility
information
br
vanderbilt
reg
vanderbilt
university
reg
oak
leaf
design
reg
star
design
reg
and
anchor
down
reg
are
trademarks
of
the
vanderbilt
university
script
type
text
javascript
src
ver
0
id
jquery
core
js
script
type
text
javascript
src
ver
2
id
jquery
migrate
js
script
type
text
javascript
src
ver
6
id
wolf
gram
js
script
type
text
javascript
src
ver
id
cdn
bootstrap
js
script
type
text
javascript
src
ver
id
vanderbilt
scripts
js
script
type
text
javascript
src
ver
pubid
ra
id
cdn
addthis
js
script
type
text
javascript
src
ver
7
id
page
links
to
js
script
type
text
javascript
src
ver
id
wp
embed
js
