doctype
html
if
lt
ie
9
html
class
no
js
no
svg
ie
lt
ie
9
lt
ie
8
lt
ie
7
lang
en
us
xmlns
og
http://opengraphprotocol.org/schema/
xmlns
fb
http://www.facebook.com/2008/fbml
endif
if
ie
9
html
class
no
js
no
svg
ie
ie
9
lt
ie
9
lt
ie
8
lang
en
us
xmlns
og
http://opengraphprotocol.org/schema/
xmlns
fb
http://www.facebook.com/2008/fbml
endif
if
gt
ie
9
html
class
no
js
no
svg
lang
en
us
xmlns
og
http://opengraphprotocol.org/schema/
xmlns
fb
http://www.facebook.com/2008/fbml
endif
var
searchmethod
var
vuwpurl
https://www.vanderbilt.edu/global
google
tag
manager
function
push
gtm
start
new
date
gettime
event
gtm
js
var
getelementsbytagname
0
createelement
ad
datalayer
async
true
src
https://www.googletagmanager.com/gtm.js
id
ad
parentnode
insertbefore
window
document
script
datalayer
gtm
mh
87
fl
research
new
global
at
vanderbilt
vanderbilt
university
link
rel
icon
href
data
href
light
data
href
dark
meta
http
equiv
content
type
content
text
html
charset
utf
8
link
rel
author
href
link
rel
pingback
href
https://www.vanderbilt.edu/global/xmlrpc.php
link
rel
profile
href
http://gmpg.org/xfn/11
meta
name
robots
content
max
image
preview
large
link
rel
dns
prefetch
href
www
vanderbilt
edu
link
rel
dns
prefetch
href
cdn
jsdelivr
net
link
rel
dns
prefetch
href
cdn
vanderbilt
edu
link
rel
dns
prefetch
href
cdnjs
cloudflare
com
meta
property
og
title
content
research
new
meta
property
og
type
content
article
meta
property
og
url
content
https://www.vanderbilt.edu/global/research/
meta
property
og
description
content
initiatives
to
encourage
research
amp
amp
innovation
discovery
vanderbilt
this
initiative
will
catalyze
vanderbilt
transformative
research
and
discovery
by
nbsp
committing
major
resources
to
dramatically
increase
faculty
student
and
staff
engagement
and
success
in
pursuing
bold
new
ideas
through
disciplined
rigorous
inquiry
immersion
vanderbilt
the
immersion
vanderbilt
funding
initiative
will
provide
financial
support
to
faculty
members
mentoring
small
amp
hellip
meta
property
og
site
name
content
vanderbilt
university
meta
name
twitter
url
content
https://www.vanderbilt.edu/global/research/
meta
name
twitter
title
content
research
new
meta
name
twitter
description
content
initiatives
to
encourage
research
amp
amp
innovation
discovery
vanderbilt
this
initiative
will
catalyze
vanderbilt
transformative
research
and
discovery
by
nbsp
committing
major
resources
to
dramatically
increase
faculty
student
and
staff
engagement
and
success
in
pursuing
bold
new
ideas
through
disciplined
rigorous
inquiry
immersion
vanderbilt
the
immersion
vanderbilt
funding
initiative
will
provide
financial
support
to
faculty
members
mentoring
small
amp
hellip
meta
name
twitter
site
content
vanderbiltu
meta
name
twitter
creator
content
vanderbiltu
meta
property
og
image
content
meta
name
twitter
image
src
content
script
type
application
ld
json
context
http://schema.org
type
newsarticle
mainentityofpage
type
webpage
id
https://www.vanderbilt.edu/global/research/
headline
research
new
datepublished
9
may
datemodified
9
may
author
type
person
name
kevin
webb
publisher
type
organization
name
vanderbilt
university
logo
type
imageobject
url
http://news.vanderbilt.edu/i/VU-Square.jpg
height
width
image
type
imageobject
url
height
width
description
initiatives
to
encourage
research
amp
amp
innovation
discovery
vanderbilt
this
initiative
will
catalyze
vanderbilt
transformative
research
and
discovery
by
nbsp
committing
major
resources
to
dramatically
increase
faculty
student
and
staff
engagement
and
success
in
pursuing
bold
new
ideas
through
disciplined
rigorous
inquiry
immersion
vanderbilt
the
immersion
vanderbilt
funding
initiative
will
provide
financial
support
to
faculty
members
mentoring
small
amp
hellip
script
type
text
javascript
window
wpemojisettings
baseurl
https
org
images
core
emoji
0
ext
png
svgurl
https
org
images
core
emoji
0
svg
svgext
svg
source
concatemoji
https
www
vanderbilt
edu
global
wp
includes
js
wp
emoji
release
min
js
ver
5
this
file
is
auto
generated
function
var
function
try
var
supporttests
timestamp
new
date
valueof
sessionstorage
setitem
json
stringify
catch
function
clearrect
canvas
width
canvas
height
filltext
var
new
uint
32
array
getimagedata
canvas
width
canvas
height
data
clearrect
canvas
width
canvas
height
filltext
new
uint
32
array
getimagedata
canvas
width
canvas
height
data
return
every
function
return
function
switch
case
flag
return
ud
83
udff
3
ufe
0
ufe
0
ud
83
udff
3
ufe
0
ufe
0
1
ud
83
uddfa
ud
83
uddf
3
ud
83
uddfa
ud
83
uddf
3
ud
83
udff
4
udb
40
udc
67
udb
40
udc
62
udb
40
udc
65
udb
40
udc
6
udb
40
udc
67
udb
40
udc
7
ud
83
udff
4
udb
40
udc
67
udb
40
udc
62
udb
40
udc
65
udb
40
udc
6
udb
40
udc
67
udb
40
udc
7
case
emoji
return
ud
83
udef
1
ud
83
udffb
ud
83
udef
2
ud
83
udfff
ud
83
udef
1
ud
83
udffb
ud
83
udef
2
ud
83
udfff
return
1
function
var
undefined
typeof
workerglobalscope
self
instanceof
workerglobalscope
new
offscreencanvas
createelement
canvas
getcontext
2
willreadfrequently
0
textbaseline
top
font
px
arial
return
foreach
function
function
var
createelement
script
src
defer
0
head
appendchild
undefined
typeof
promise
wpemojisettingssupports
flag
emoji
supports
everything
0
everythingexceptflag
0
new
promise
function
addeventlistener
domcontentloaded
once
0
new
promise
function
var
function
try
var
json
parse
sessionstorage
getitem
if
object
typeof
number
typeof
timestamp
new
date
valueof
timestamp
object
typeof
supporttests
return
supporttests
catch
return
null
if
if
undefined
typeof
worker
undefined
typeof
offscreencanvas
undefined
typeof
url
url
createobjecturl
undefined
typeof
blob
try
var
postmessage
tostring
json
stringify
tostring
tostring
join
new
blob
type
text
javascript
new
worker
url
createobjecturl
name
wptestemojisupports
return
void
onmessage
function
data
terminate
catch
then
function
for
var
in
supports
supports
everything
supports
everything
supports
flag
supports
everythingexceptflag
supports
everythingexceptflag
supports
supports
everythingexceptflag
supports
everythingexceptflag
supports
flag
domready
1
readycallback
function
domready
0
then
function
return
then
function
var
supports
everything
readycallback
source
concatemoji
concatemoji
wpemoji
twemoji
twemoji
wpemoji
window
document
window
wpemojisettings
style
type
text
css
img
wp
smiley
img
emoji
display
inline
important
border
none
important
box
shadow
none
important
height
1
em
important
width
1
em
important
margin
07
em
important
vertical
align
em
important
background
none
important
padding
0
important
link
rel
stylesheet
id
wp
block
library
css
href
ver
5
type
text
css
media
all
style
id
classic
theme
styles
inline
css
type
text
css
this
file
is
auto
generated
wp
block
button
link
color
fff
background
color
border
radius
px
box
shadow
none
text
decoration
none
padding
calc
em
2
px
calc
em
2
px
font
size
em
wp
block
file
button
background
color
fff
text
decoration
none
style
id
global
styles
inline
css
type
text
css
body
wp
preset
color
black
wp
preset
color
cyan
bluish
gray
abb
wp
preset
color
white
ffffff
wp
preset
color
pale
pink
78
da
7
wp
preset
color
vivid
red
cf
wp
preset
color
luminous
vivid
orange
ff
wp
preset
color
luminous
vivid
amber
fcb
wp
preset
color
light
green
cyan
7
bdcb
5
wp
preset
color
vivid
green
cyan
wp
preset
color
pale
cyan
blue
8
ed
1
fc
wp
preset
color
vivid
cyan
blue
wp
preset
color
vivid
purple
0
wp
preset
gradient
vivid
cyan
blue
to
vivid
purple
linear
gradient
deg
rgba
0
rgb
wp
preset
gradient
light
green
cyan
to
vivid
green
cyan
linear
gradient
deg
rgb
0
rgb
wp
preset
gradient
luminous
vivid
amber
to
luminous
vivid
orange
linear
gradient
deg
rgba
0
rgba
wp
preset
gradient
luminous
vivid
orange
to
vivid
red
linear
gradient
deg
rgba
0
rgb
46
wp
preset
gradient
very
light
gray
to
cyan
bluish
gray
linear
gradient
deg
rgb
0
rgb
wp
preset
gradient
cool
to
warm
spectrum
linear
gradient
deg
rgb
0
rgb
20
rgb
40
rgb
60
rgb
98
80
rgb
76
wp
preset
gradient
blush
light
purple
linear
gradient
deg
rgb
0
rgb
wp
preset
gradient
blush
bordeaux
linear
gradient
deg
rgb
0
rgb
45
50
rgb
62
wp
preset
gradient
luminous
dusk
linear
gradient
deg
rgb
0
rgb
50
rgb
wp
preset
gradient
pale
ocean
linear
gradient
deg
rgb
0
rgb
50
rgb
wp
preset
gradient
electric
grass
linear
gradient
deg
rgb
0
rgb
wp
preset
gradient
midnight
linear
gradient
deg
rgb
0
rgb
wp
preset
font
size
small
13
px
wp
preset
font
size
medium
20
px
wp
preset
font
size
large
36
px
wp
preset
font
size
large
42
px
wp
preset
spacing
20
rem
wp
preset
spacing
30
rem
wp
preset
spacing
40
1
rem
wp
preset
spacing
50
rem
wp
preset
spacing
60
rem
wp
preset
spacing
70
rem
wp
preset
spacing
80
rem
wp
preset
shadow
natural
6
px
6
px
9
px
rgba
0
0
0
wp
preset
shadow
deep
12
px
12
px
50
px
rgba
0
0
0
wp
preset
shadow
sharp
6
px
6
px
0
px
rgba
0
0
0
wp
preset
shadow
outlined
6
px
6
px
0
px
3
px
rgba
1
6
px
6
px
rgba
0
0
0
1
wp
preset
shadow
crisp
6
px
6
px
0
px
rgba
0
0
0
1
where
is
layout
flex
gap
em
where
is
layout
grid
gap
em
body
is
layout
flow
alignleft
float
left
margin
inline
start
0
margin
inline
end
2
em
body
is
layout
flow
alignright
float
right
margin
inline
start
2
em
margin
inline
end
0
body
is
layout
flow
aligncenter
margin
left
auto
important
margin
right
auto
important
body
is
layout
constrained
alignleft
float
left
margin
inline
start
0
margin
inline
end
2
em
body
is
layout
constrained
alignright
float
right
margin
inline
start
2
em
margin
inline
end
0
body
is
layout
constrained
aligncenter
margin
left
auto
important
margin
right
auto
important
body
is
layout
constrained
where
not
alignleft
not
alignright
not
alignfull
max
width
var
wp
style
global
content
size
margin
left
auto
important
margin
right
auto
important
body
is
layout
constrained
alignwide
max
width
var
wp
style
global
wide
size
body
is
layout
flex
display
flex
body
is
layout
flex
flex
wrap
wrap
align
items
center
body
is
layout
flex
margin
0
body
is
layout
grid
display
grid
body
is
layout
grid
margin
0
where
wp
block
columns
is
layout
flex
gap
2
em
where
wp
block
columns
is
layout
grid
gap
2
em
where
wp
block
post
template
is
layout
flex
gap
em
where
wp
block
post
template
is
layout
grid
gap
em
has
black
color
color
var
wp
preset
color
black
important
has
cyan
bluish
gray
color
color
var
wp
preset
color
cyan
bluish
gray
important
has
white
color
color
var
wp
preset
color
white
important
has
pale
pink
color
color
var
wp
preset
color
pale
pink
important
has
vivid
red
color
color
var
wp
preset
color
vivid
red
important
has
luminous
vivid
orange
color
color
var
wp
preset
color
luminous
vivid
orange
important
has
luminous
vivid
amber
color
color
var
wp
preset
color
luminous
vivid
amber
important
has
light
green
cyan
color
color
var
wp
preset
color
light
green
cyan
important
has
vivid
green
cyan
color
color
var
wp
preset
color
vivid
green
cyan
important
has
pale
cyan
blue
color
color
var
wp
preset
color
pale
cyan
blue
important
has
vivid
cyan
blue
color
color
var
wp
preset
color
vivid
cyan
blue
important
has
vivid
purple
color
color
var
wp
preset
color
vivid
purple
important
has
black
background
color
background
color
var
wp
preset
color
black
important
has
cyan
bluish
gray
background
color
background
color
var
wp
preset
color
cyan
bluish
gray
important
has
white
background
color
background
color
var
wp
preset
color
white
important
has
pale
pink
background
color
background
color
var
wp
preset
color
pale
pink
important
has
vivid
red
background
color
background
color
var
wp
preset
color
vivid
red
important
has
luminous
vivid
orange
background
color
background
color
var
wp
preset
color
luminous
vivid
orange
important
has
luminous
vivid
amber
background
color
background
color
var
wp
preset
color
luminous
vivid
amber
important
has
light
green
cyan
background
color
background
color
var
wp
preset
color
light
green
cyan
important
has
vivid
green
cyan
background
color
background
color
var
wp
preset
color
vivid
green
cyan
important
has
pale
cyan
blue
background
color
background
color
var
wp
preset
color
pale
cyan
blue
important
has
vivid
cyan
blue
background
color
background
color
var
wp
preset
color
vivid
cyan
blue
important
has
vivid
purple
background
color
background
color
var
wp
preset
color
vivid
purple
important
has
black
border
color
border
color
var
wp
preset
color
black
important
has
cyan
bluish
gray
border
color
border
color
var
wp
preset
color
cyan
bluish
gray
important
has
white
border
color
border
color
var
wp
preset
color
white
important
has
pale
pink
border
color
border
color
var
wp
preset
color
pale
pink
important
has
vivid
red
border
color
border
color
var
wp
preset
color
vivid
red
important
has
luminous
vivid
orange
border
color
border
color
var
wp
preset
color
luminous
vivid
orange
important
has
luminous
vivid
amber
border
color
border
color
var
wp
preset
color
luminous
vivid
amber
important
has
light
green
cyan
border
color
border
color
var
wp
preset
color
light
green
cyan
important
has
vivid
green
cyan
border
color
border
color
var
wp
preset
color
vivid
green
cyan
important
has
pale
cyan
blue
border
color
border
color
var
wp
preset
color
pale
cyan
blue
important
has
vivid
cyan
blue
border
color
border
color
var
wp
preset
color
vivid
cyan
blue
important
has
vivid
purple
border
color
border
color
var
wp
preset
color
vivid
purple
important
has
vivid
cyan
blue
to
vivid
purple
gradient
background
background
var
wp
preset
gradient
vivid
cyan
blue
to
vivid
purple
important
has
light
green
cyan
to
vivid
green
cyan
gradient
background
background
var
wp
preset
gradient
light
green
cyan
to
vivid
green
cyan
important
has
luminous
vivid
amber
to
luminous
vivid
orange
gradient
background
background
var
wp
preset
gradient
luminous
vivid
amber
to
luminous
vivid
orange
important
has
luminous
vivid
orange
to
vivid
red
gradient
background
background
var
wp
preset
gradient
luminous
vivid
orange
to
vivid
red
important
has
very
light
gray
to
cyan
bluish
gray
gradient
background
background
var
wp
preset
gradient
very
light
gray
to
cyan
bluish
gray
important
has
cool
to
warm
spectrum
gradient
background
background
var
wp
preset
gradient
cool
to
warm
spectrum
important
has
blush
light
purple
gradient
background
background
var
wp
preset
gradient
blush
light
purple
important
has
blush
bordeaux
gradient
background
background
var
wp
preset
gradient
blush
bordeaux
important
has
luminous
dusk
gradient
background
background
var
wp
preset
gradient
luminous
dusk
important
has
pale
ocean
gradient
background
background
var
wp
preset
gradient
pale
ocean
important
has
electric
grass
gradient
background
background
var
wp
preset
gradient
electric
grass
important
has
midnight
gradient
background
background
var
wp
preset
gradient
midnight
important
has
small
font
size
font
size
var
wp
preset
font
size
small
important
has
medium
font
size
font
size
var
wp
preset
font
size
medium
important
has
large
font
size
font
size
var
wp
preset
font
size
large
important
has
large
font
size
font
size
var
wp
preset
font
size
large
important
wp
block
navigation
where
not
wp
element
button
color
inherit
where
wp
block
post
template
is
layout
flex
gap
em
where
wp
block
post
template
is
layout
grid
gap
em
where
wp
block
columns
is
layout
flex
gap
2
em
where
wp
block
columns
is
layout
grid
gap
2
em
wp
block
pullquote
font
size
em
line
height
link
rel
stylesheet
id
cookieconsent
css
href
https://cdn.jsdelivr.net/npm/cookieconsent
3
build
cookieconsent
min
css
ver
0
type
text
css
media
all
link
rel
stylesheet
id
fontawesome
css
href
ver
0
type
text
css
media
all
link
rel
stylesheet
id
futurevu
css
href
ver
12
type
text
css
media
all
link
rel
stylesheet
id
futurevu
parent
css
href
ver
0
type
text
css
media
all
link
rel
stylesheet
id
primary
nav
children
css
css
href
ver
0
type
text
css
media
all
link
rel
canonical
href
https://www.vanderbilt.edu/global/research/
link
rel
dns
prefetch
href
cdn
vanderbilt
edu
style
type
text
css
id
wp
custom
css
rich
text
img
width
auto
max
width
height
auto
google
tag
manager
iframe
src
https://www.googletagmanager.com/ns.html
id
gtm
mh
87
fl
height
0
width
0
style
display
none
visibility
hidden
svg
display
none
width
0
height
0
version
xmlns
xlink
http://www.w3.org/1999/xlink
path
fill
rule
evenodd
clip
rule
evenodd
zm
fill
currentcolor
path
fill
currentcolor
path
fill
currentcolor
12
12
15
15
24
24
15
15
12
12
6
6
12
path
5
zm
fill
currentcolor
path
fill
currentcolor
5
15
5
15
5
39
15
39
39
15
15
5
15
5
15
5
path
fill
currentcolor
path
fill
currentcolor
path
fill
currentcolor
path
fill
rule
evenodd
clip
rule
evenodd
16
zm
zm
5
fill
currentcolor
path
fill
currentcolor
path
fill
currentcolor
48
zm
88
8
svg
id
tiktok
xmlns
http://www.w3.org/2000/svg
viewbox
shape
rendering
geometricprecision
text
rendering
geometricprecision
image
rendering
optimizequality
fill
rule
evenodd
clip
rule
evenodd
path
fill
currentcolor
svg
id
pinterest
xmlns
http://www.w3.org/2000/svg
xmlns
xlink
http://www.w3.org/1999/xlink
0
px
0
px
fill
currentcolor
viewbox
style
enable
background
new
xml
space
preserve
path
5
svg
id
snapchat
xmlns
http://www.w3.org/2000/svg
viewbox
path
96
69
fill
currentcolor
path
5
9
8
8
6
path
9
path
zm
fill
currentcolor
path
zm
fill
currentcolor
path
fill
currentcolor
path
fill
currentcolor
path
fill
currentcolor
path
fill
currentcolor
path
fill
currentcolor
path
fill
currentcolor
path
fill
currentcolor
path
fill
currentcolor
path
fill
currentcolor
path
zm
zm
fill
currentcolor
path
fill
currentcolor
path
zm
fill
currentcolor
path
fill
currentcolor
path
zm
fill
currentcolor
path
fill
currentcolor
path
zm
zm
fill
currentcolor
path
fill
currentcolor
path
fill
currentcolor
path
zm
fill
currentcolor
path
fill
currentcolor
path
zm
zm
zm
fill
currentcolor
path
fill
rule
evenodd
clip
rule
evenodd
rect
width
30
height
1
fill
currentcolor
rect
6
width
30
height
1
fill
currentcolor
rect
12
width
30
height
1
fill
currentcolor
circle
cx
cy
path
path
path
transform
rotate
6
path
zm
path
path
path
fill
currentcolor
path
22
22
zm
22
2
22
22
07
zm
zm
22
86
79
42
86
22
92
zm
0
42
5
zm
zm
42
79
42
22
zm
22
42
22
72
7
zm
38
zm
42
zm
zm
zm
42
22
22
zm
0
42
22
zm
42
22
42
42
94
svg
xmlns
http://www.w3.org/2000/svg
id
mail
viewbox
fill
none
path
fill
currentcolor
18
24
zm
zm
zm
zm
path
zm
zm
zm
8
zm
0
zm
zm
65
7
71
21
03
zm
07
24
48
8
zm
zm
21
zm
zm
zm
24
zm
0
zm
zm
zm
8
zm
0
24
48
zm
zm
7
04
zm
8
zm
zm
0
zm
24
zm
62
zm
2
svg
version
id
graduate
cap
xmlns
http://www.w3.org/2000/svg
xmlns
xlink
http://www.w3.org/1999/xlink
viewbox
fill
currentcolor
path
path
path
polygon
points
class
primary
nav
logo
link
href
https://www.vanderbilt.edu/
svg
viewbox
fill
none
xmlns
http://www.w3.org/2000/svg
aria
hidden
true
focusable
false
path
46
fill
url
path
fill
url
path
76
46
fill
url
path
fill
url
stop
stop
color
feeeb
6
stop
offset
1
stop
color
stop
stop
color
feeeb
6
stop
offset
1
stop
color
stop
stop
color
feeeb
6
stop
offset
1
stop
color
stop
stop
color
feeeb
6
stop
offset
1
stop
color
vanderbilt
university
class
primary
nav
logo
text
href
https://www.vanderbilt.edu/
vanderbilt
university
form
action
https://www.vanderbilt.edu/search/
class
js
nav
search
form
method
get
role
search
input
class
primary
nav
search
input
js
nav
search
input
type
text
name
aria
label
search
menu
href
https://www.vanderbilt.edu/global
class
primary
nav
site
link
global
href
https://www.vanderbilt.edu/global
class
target
home
href
https://www.vanderbilt.edu/global/research/
class
target
research
and
innovation
href
https://www.vanderbilt.edu/global/community/
class
target
community
href
class
target
global
safety
and
health
href
class
target
vice
provost
for
global
engagement
close
menu
href
svg
viewbox
fill
none
xmlns
http://www.w3.org/2000/svg
aria
hidden
true
focusable
false
path
46
fill
url
path
fill
url
path
76
46
fill
url
path
fill
url
stop
stop
color
feeeb
6
stop
offset
1
stop
color
stop
stop
color
feeeb
6
stop
offset
1
stop
color
stop
stop
color
feeeb
6
stop
offset
1
stop
color
stop
stop
color
feeeb
6
stop
offset
1
stop
color
vanderbilt
university
form
action
https://www.vanderbilt.edu/search/
class
mega
menu
search
form
js
mega
menu
search
form
method
get
role
search
input
class
mega
menu
search
input
js
mega
menu
search
input
type
text
placeholder
search
name
aria
label
search
global
all
vanderbilt
class
mega
menu
list
item
link
href
https://www.vanderbilt.edu/global
home
class
mega
menu
list
item
link
href
https://www.vanderbilt.edu/global/research/
research
and
innovation
class
mega
menu
list
item
link
href
https://www.vanderbilt.edu/global/community/
community
class
mega
menu
list
item
link
href
global
safety
and
health
class
mega
menu
list
item
link
href
vice
provost
for
global
engagement
class
mega
menu
list
item
link
href
https://www.vanderbilt.edu/about/
aria
haspopup
true
about
href
this
is
vanderbilt
href
quick
facts
href
university
leadership
href
https://www.vanderbilt.edu/diversity/
equity
diversity
inclusion
href
https://www.vanderbilt.edu/about/history/
history
href
https://www.vanderbilt.edu/about/contact/
contact
href
https://www.vanderbilt.edu/atoz/
to
class
mega
menu
list
item
link
href
https://www.vanderbilt.edu/admissions/
aria
haspopup
true
admissions
href
https://admissions.vanderbilt.edu
undergraduate
admissions
href
graduate
amp
professional
school
admissions
href
financial
aid
class
mega
menu
list
item
link
href
https://www.vanderbilt.edu/academics/
aria
haspopup
true
academics
href
program
finder
href
https://www.vanderbilt.edu/academics/
schools
colleges
schools
colleges
href
residential
colleges
href
https://www.vanderbilt.edu/academics/
global
edu
study
abroad
href
https://www.library.vanderbilt.edu
libraries
href
https://www.vanderbilt.edu/strategicplan/
strategic
plan
class
mega
menu
list
item
link
href
https://www.vanderbilt.edu/research/
aria
haspopup
true
research
href
https://www.vanderbilt.edu/atoz/
centers
centers
institutes
href
https://news.vanderbilt.edu/research/
research
news
href
undergraduate
research
href
https://gradschool.vanderbilt.edu/research/
graduate
school
research
href
https://www.vumc.org/oor/welcome
vumc
research
class
mega
menu
list
item
link
href
https://www.vanderbilt.edu/student-life/
aria
haspopup
true
campus
life
href
housing
dining
href
health
safety
href
organizations
identity
centers
href
https://vucommodores.com
athletics
href
https://www.vanderbilt.edu/nashville/
our
hometown
nashville
class
mega
menu
list
item
link
href
https://www.vanderbilt.edu/news-events/
aria
haspopup
true
news
events
href
https://news.vanderbilt.edu
vanderbilt
news
href
https://news.vanderbilt.edu/research
research
news
href
vanderbilt
magazine
href
https://events.vanderbilt.edu
events
research
and
innovation
continually
advocating
research
academic
study
and
innovation
across
the
globe
throughout
our
community
vanderbilt
is
top
ranked
research
university
within
the
united
states
initiatives
to
encourage
research
amp
innovation
rich
text
href
class
story
list
mini
item
image
link
img
decoding
async
src
alt
discovery
logo
href
discovery
vanderbilt
this
initiative
will
catalyze
vanderbilt
transformative
research
and
discovery
by
committing
major
resources
to
dramatically
increase
faculty
student
and
staff
engagement
and
success
in
pursuing
bold
new
ideas
through
disciplined
rigorous
inquiry
href
class
story
list
mini
item
image
link
img
decoding
async
src
alt
immersion
logo
href
immersion
vanderbilt
the
immersion
vanderbilt
funding
initiative
will
provide
financial
support
to
faculty
members
mentoring
small
groups
of
students
outside
the
classroom
as
they
complete
their
culminating
projects
global
engagement
funding
div
class
features
image
features
block
style
background
image
url
role
img
aria
label
west
end
tower
global
scholars
in
residence
the
global
scholars
in
residence
program
provides
financial
support
to
faculty
seeking
to
host
visiting
scholar
of
group
of
scholars
from
recognized
non
institution
of
higher
education
or
other
non
non
profit
educational
and
or
research
mission
driven
entity
class
features
feature
cta
text
link
href
target
self
learn
more
div
class
features
image
features
block
style
background
image
url
role
img
aria
label
travel
grant
global
engagement
travel
grant
theglobal
engagement
travel
grantsprogram
provides
financial
support
to
facultytraveling
internationally
to
academic
conferencesand
professional
development
meetings
workshops
class
features
feature
cta
text
link
href
target
self
learn
more
div
class
features
image
features
block
style
background
image
url
role
img
aria
label
seed
grant
global
engagement
research
seed
grant
theglobal
engagement
research
seed
grants
br
support
new
and
innovative
faculty
research
endeavors
that
involve
global
engagement
the
grants
are
meant
to
seed
projects
with
larger
funding
capacities
class
features
feature
cta
text
link
href
target
self
learn
more
div
class
features
image
features
block
style
background
image
url
role
img
aria
label
kirkland
big
questions
fund
the
vice
provost
office
of
arts
libraries
amp
global
engagement
will
fund
annually
twobig
questionscolloquiums
summits
workshops
or
summer
schoolsto
address
pressing
societal
challenges
of
global
interests
class
features
feature
cta
text
link
href
target
self
learn
more
faculty
research
spotlight
href
img
decoding
async
src
alt
faculty
research
spotlight
or
me
this
grant
represents
the
culmination
of
my
long
held
desire
to
conduct
research
that
benefits
our
global
community
very
excited
about
this
aspect
of
this
project
which
was
made
possible
because
of
the
access
to
world
class
researchers
in
various
departments
who
can
bring
their
perspectives
to
complex
problem
requir
ing
multiple
ways
of
attack
in
order
to
get
it
don
audrey
bowden
class
story
tease
cta
link
href
read
the
story
research
centers
and
institutes
vanderbilt
sponsors
and
supports
diverse
set
of
centers
institutes
programs
and
departments
that
are
focused
on
variety
of
international
and
global
endeavors
rich
text
href
class
button
button
standard
target
explore
centers
institutes
hr
div
class
story
list
story
list
row
story
list
align
standard
id
data
component
story
list
data
source
news
data
container
id
data
cats
data
tags
research
data
num
posts
6
data
posts
url
https://news.vanderbilt.edu/wp-json
data
sitefeed
link
data
style
row
data
show
date
yes
data
excerpt
flag
0
data
order
desc
data
order
by
date
data
author
data
short
title
no
research
at
vanderbilt
hr
the
vanderbilt
global
voices
fellowship
isdesigned
to
expand
vanderbilt
global
reach
by
amplifying
the
impact
of
faculty
research
through
media
training
and
enhanced
strategic
communications
rich
text
href
class
button
button
standard
target
learn
more
details
page
columns
content
wrapper
class
site
footer
logo
link
href
https://www.vanderbilt.edu/
svg
viewbox
fill
none
xmlns
http://www.w3.org/2000/svg
aria
hidden
true
focusable
false
path
7
7
zm
6
04
7
7
zm
zm
7
7
1
7
zm
0
7
7
5
zm
zm
34
7
zm
7
7
7
76
zm
16
zm
7
66
zm
zm
zm
7
7
7
zm
0
7
7
zm
26
06
zm
7
1
1
zm
7
1
63
zm
0
7
zm
26
7
7
zm
93
7
zm
7
zm
zm
zm
7
zm
zm
35
7
path
fill
url
lockup
path
fill
url
lockup
path
fill
url
lockup
path
fill
url
lockup
stop
stop
color
feeeb
6
stop
offset
1
stop
color
stop
stop
color
feeeb
6
stop
offset
1
stop
color
stop
stop
color
feeeb
6
stop
offset
1
stop
color
stop
stop
color
feeeb
6
stop
offset
1
stop
color
vanderbilt
university
href
university
leadership
href
residential
colleges
href
https://www.vanderbilt.edu/diversity
equity
diversity
and
inclusion
href
this
is
vanderbilt
href
https://news.vanderbilt.edu/research/
research
vanderbilt
href
working
at
vanderbilt
href
https://events.vanderbilt.edu/
events
href
https://www.vanderbilt.edu/logins/
logins
href
https://www.vanderbilt.edu/map/
campus
map
href
media
resources
site
footer
link
sets
href
https://goo.gl/maps/TU8FgZp3VKWpSK1H8
nashville
tennessee
href
https://www.vanderbilt.edu/about/contact/
contact
us
href
https://www.vanderbilt.edu/about/privacy/
vanderbilt
universitys
online
privacy
notice
class
site
footer
social
link
href
http://twitter.com/vanderbiltu
twitter
class
site
footer
social
link
href
http://www.facebook.com/vanderbilt
facebook
class
site
footer
social
link
href
linkedin
class
site
footer
social
link
href
http://www.instagram.com/vanderbiltu/
instagram
class
site
footer
social
link
href
https://www.youtube.com/vanderbilt
youtube
class
site
footer
social
link
href
https://www.tiktok.com/
vanderbiltu
tiktok
class
site
footer
social
link
href
https://www.flickr.com/digitalvu/
flickr
site
comm
links
site
footer
links
site
footer
primary
vanderbilt
university
is
committed
to
the
principle
of
equal
opportunity
vanderbilt
university
does
not
discriminate
against
individuals
on
the
basis
of
their
race
sex
sexual
orientation
gender
identity
religion
color
national
or
ethnic
origin
age
disability
military
service
or
genetic
information
in
its
administration
of
educational
policies
programs
or
activities
admissions
policies
scholarship
and
loan
programs
athletic
or
other
university
administered
programs
or
employment
href
accessibility
information
vanderbilt
vanderbilt
university
and
the
vanderbilt
logos
are
trademarks
of
the
vanderbilt
university
href
http://web.vanderbilt.edu/
site
development
digital
strategies
communications
and
marketing
href
redirect
to
https
3
2
2
fwww
vanderbilt
edu
2
fglobal
2
fresearch
2
copy
site
footer
secondary
script
type
text
javascript
src
ver
0
id
jquery
core
js
script
type
text
javascript
src
ver
1
id
jquery
migrate
js
script
type
text
javascript
src
ver
db
20
id
fl
builder
layout
js
script
type
text
javascript
src
https://cdn.jsdelivr.net/npm/cookieconsent
3
build
cookieconsent
min
js
ver
id
cookieconsent
js
script
type
text
javascript
src
ver
id
story
list
js
script
type
text
javascript
src
ver
id
futurevu
js
performance
optimized
by
3
total
cache
learn
more
https://www.boldgrid.com/w3-total-cache/
page
caching
using
memcached
database
caching
using
memcached
served
from
wpfsx
vanderbilt
edu
by
3
total
cache
