doctype
html
if
lt
ie
9
html
class
no
js
no
svg
ie
lt
ie
9
lt
ie
8
lt
ie
7
lang
en
us
xmlns
og
http://opengraphprotocol.org/schema/
xmlns
fb
http://www.facebook.com/2008/fbml
endif
if
ie
9
html
class
no
js
no
svg
ie
ie
9
lt
ie
9
lt
ie
8
lang
en
us
xmlns
og
http://opengraphprotocol.org/schema/
xmlns
fb
http://www.facebook.com/2008/fbml
endif
if
gt
ie
9
html
class
no
js
no
svg
lang
en
us
xmlns
og
http://opengraphprotocol.org/schema/
xmlns
fb
http://www.facebook.com/2008/fbml
endif
var
searchmethod
var
vuwpurl
https://www.vanderbilt.edu/welcome
google
tag
manager
function
push
gtm
start
new
date
gettime
event
gtm
js
var
getelementsbytagname
0
createelement
ad
datalayer
async
true
src
https://www.googletagmanager.com/gtm.js
id
ad
parentnode
insertbefore
window
document
script
datalayer
gtm
mh
87
fl
new
student
welcome
site
vanderbilt
university
link
rel
icon
href
data
href
light
data
href
dark
meta
http
equiv
content
type
content
text
html
charset
utf
8
link
rel
author
href
link
rel
pingback
href
link
rel
profile
href
http://gmpg.org/xfn/11
meta
name
robots
content
max
image
preview
large
link
rel
dns
prefetch
href
cdn
jsdelivr
net
link
rel
dns
prefetch
href
cdn
vanderbilt
edu
link
rel
dns
prefetch
href
cdnjs
cloudflare
com
link
rel
dns
prefetch
href
org
meta
property
og
title
content
welcome
to
vanderbilt
meta
property
og
type
content
article
meta
property
og
url
content
https://www.vanderbilt.edu/welcome/
meta
property
og
description
content
quick
guide
first
year
students
international
students
transfer
students
parents
amp
families
move
in
commonvu
orientation
housing
the
martha
rivers
ingram
commons
academics
messages
next
steps
program
at
vanderbilt
prepare
for
your
transition
to
college
explore
campus
life
and
review
helpful
resources
orientation
overview
general
info
move
in
international
student
orientation
housing
academics
messages
as
you
begin
planning
amp
hellip
meta
property
og
site
name
content
vanderbilt
university
meta
name
twitter
url
content
https://www.vanderbilt.edu/welcome/
meta
name
twitter
title
content
welcome
to
vanderbilt
meta
name
twitter
description
content
quick
guide
first
year
students
international
students
transfer
students
parents
amp
families
move
in
commonvu
orientation
housing
the
martha
rivers
ingram
commons
academics
messages
next
steps
program
at
vanderbilt
prepare
for
your
transition
to
college
explore
campus
life
and
review
helpful
resources
orientation
overview
general
info
move
in
international
student
orientation
housing
academics
messages
as
you
begin
planning
amp
hellip
meta
name
twitter
site
content
vanderbiltu
meta
name
twitter
creator
content
vanderbiltu
meta
property
og
image
content
meta
name
twitter
image
src
content
script
type
application
ld
json
context
http://schema.org
type
newsarticle
mainentityofpage
type
webpage
id
https://www.vanderbilt.edu/welcome/
headline
welcome
to
vanderbilt
datepublished
5
apr
datemodified
5
apr
author
type
person
name
vanderbilt
publisher
type
organization
name
vanderbilt
university
logo
type
imageobject
url
http://news.vanderbilt.edu/i/VU-Square.jpg
height
width
image
type
imageobject
url
height
width
description
quick
guide
first
year
students
international
students
transfer
students
parents
amp
families
move
in
commonvu
orientation
housing
the
martha
rivers
ingram
commons
academics
messages
next
steps
program
at
vanderbilt
prepare
for
your
transition
to
college
explore
campus
life
and
review
helpful
resources
orientation
overview
general
info
move
in
international
student
orientation
housing
academics
messages
as
you
begin
planning
amp
hellip
script
type
text
javascript
window
wpemojisettings
baseurl
https
org
images
core
emoji
0
ext
png
svgurl
https
org
images
core
emoji
0
svg
svgext
svg
source
concatemoji
https
www
vanderbilt
edu
welcome
wp
includes
js
wp
emoji
release
min
js
ver
function
var
createelement
canvas
getcontext
getcontext
2
function
var
string
fromcharcode
clearrect
width
height
filltext
apply
this
todataurl
return
clearrect
width
height
filltext
apply
this
todataurl
function
var
createelement
script
src
defer
type
text
javascript
getelementsbytagname
head
0
appendchild
for
array
flag
emoji
supports
everything
0
everythingexceptflag
0
0
length
supports
function
if
filltext
return
1
switch
textbaseline
top
font
px
arial
case
flag
return
1
case
emoji
return
return
1
supports
everything
supports
everything
supports
flag
supports
everythingexceptflag
supports
everythingexceptflag
supports
supports
everythingexceptflag
supports
everythingexceptflag
supports
flag
domready
1
readycallback
function
domready
0
supports
everything
function
readycallback
addeventlistener
addeventlistener
domcontentloaded
1
addeventlistener
load
1
attachevent
onload
attachevent
onreadystatechange
function
complete
readystate
readycallback
source
concatemoji
concatemoji
wpemoji
twemoji
twemoji
wpemoji
window
document
window
wpemojisettings
style
type
text
css
img
wp
smiley
img
emoji
display
inline
important
border
none
important
box
shadow
none
important
height
1
em
important
width
1
em
important
margin
0
07
em
important
vertical
align
em
important
background
none
important
padding
0
important
link
rel
stylesheet
id
futurevu
css
href
ver
12
type
text
css
media
all
link
rel
stylesheet
id
futurevu
parent
css
href
ver
0
type
text
css
media
all
link
rel
stylesheet
id
vu
welcome
style
css
href
ver
2
type
text
css
media
all
link
rel
stylesheet
id
cookieconsent
css
href
https://cdn.jsdelivr.net/npm/cookieconsent
3
build
cookieconsent
min
css
ver
0
type
text
css
media
all
link
rel
stylesheet
id
fontawesome
css
href
ver
0
type
text
css
media
all
link
rel
stylesheet
id
primary
nav
children
css
css
href
ver
0
type
text
css
media
all
link
rel
canonical
href
https://www.vanderbilt.edu/welcome/
link
rel
dns
prefetch
href
cdn
vanderbilt
edu
google
tag
manager
iframe
src
https://www.googletagmanager.com/ns.html
id
gtm
mh
87
fl
height
0
width
0
style
display
none
visibility
hidden
svg
display
none
width
0
height
0
version
xmlns
xlink
http://www.w3.org/1999/xlink
path
fill
rule
evenodd
clip
rule
evenodd
zm
fill
currentcolor
path
fill
currentcolor
path
fill
currentcolor
12
12
15
15
24
24
15
15
12
12
6
6
12
path
5
zm
fill
currentcolor
path
fill
currentcolor
5
15
5
15
5
39
15
39
39
15
15
5
15
5
15
5
path
fill
currentcolor
path
fill
currentcolor
path
fill
currentcolor
path
fill
rule
evenodd
clip
rule
evenodd
16
zm
zm
5
fill
currentcolor
path
fill
currentcolor
path
fill
currentcolor
48
zm
88
8
svg
id
tiktok
xmlns
http://www.w3.org/2000/svg
viewbox
shape
rendering
geometricprecision
text
rendering
geometricprecision
image
rendering
optimizequality
fill
rule
evenodd
clip
rule
evenodd
path
fill
currentcolor
svg
id
pinterest
xmlns
http://www.w3.org/2000/svg
xmlns
xlink
http://www.w3.org/1999/xlink
0
px
0
px
fill
currentcolor
viewbox
style
enable
background
new
xml
space
preserve
path
5
svg
id
snapchat
xmlns
http://www.w3.org/2000/svg
viewbox
path
96
69
fill
currentcolor
path
5
9
8
8
6
path
9
path
zm
fill
currentcolor
path
zm
fill
currentcolor
path
fill
currentcolor
path
fill
currentcolor
path
fill
currentcolor
path
fill
currentcolor
path
fill
currentcolor
path
fill
currentcolor
path
fill
currentcolor
path
fill
currentcolor
path
fill
currentcolor
path
zm
zm
fill
currentcolor
path
fill
currentcolor
path
zm
fill
currentcolor
path
fill
currentcolor
path
zm
fill
currentcolor
path
fill
currentcolor
path
zm
zm
fill
currentcolor
path
fill
currentcolor
path
fill
currentcolor
path
zm
fill
currentcolor
path
fill
currentcolor
path
zm
zm
zm
fill
currentcolor
path
fill
rule
evenodd
clip
rule
evenodd
rect
width
30
height
1
fill
currentcolor
rect
6
width
30
height
1
fill
currentcolor
rect
12
width
30
height
1
fill
currentcolor
circle
cx
cy
path
path
path
transform
rotate
6
path
zm
path
path
path
fill
currentcolor
path
22
22
zm
22
2
22
22
07
zm
zm
22
86
79
42
86
22
92
zm
0
42
5
zm
zm
42
79
42
22
zm
22
42
22
72
7
zm
38
zm
42
zm
zm
zm
42
22
22
zm
0
42
22
zm
42
22
42
42
94
svg
xmlns
http://www.w3.org/2000/svg
id
mail
viewbox
fill
none
path
fill
currentcolor
18
24
zm
zm
zm
zm
path
zm
zm
zm
8
zm
0
zm
zm
65
7
71
21
03
zm
07
24
48
8
zm
zm
21
zm
zm
zm
24
zm
0
zm
zm
zm
8
zm
0
24
48
zm
zm
7
04
zm
8
zm
zm
0
zm
24
zm
62
zm
2
svg
version
id
graduate
cap
xmlns
http://www.w3.org/2000/svg
xmlns
xlink
http://www.w3.org/1999/xlink
viewbox
fill
currentcolor
path
path
path
polygon
points
news
grid
news
grid
item
js
story
tease
image
news
grid
item
js
story
list
mini
image
width
padding
top
75
news
grid
item
js
story
tease
image
img
news
grid
item
js
story
list
mini
image
img
position
absolute
top
0
right
0
bottom
0
left
0
height
overflow
hidden
margin
0
auto
object
fit
cover
class
primary
nav
logo
link
href
https://www.vanderbilt.edu/
svg
viewbox
fill
none
xmlns
http://www.w3.org/2000/svg
aria
hidden
true
focusable
false
path
46
fill
url
path
fill
url
path
76
46
fill
url
path
fill
url
stop
stop
color
feeeb
6
stop
offset
1
stop
color
stop
stop
color
feeeb
6
stop
offset
1
stop
color
stop
stop
color
feeeb
6
stop
offset
1
stop
color
stop
stop
color
feeeb
6
stop
offset
1
stop
color
vanderbilt
university
href
class
target
important
dates
and
next
steps
getting
started
href
target
accessing
university
systems
href
target
academic
resources
href
target
housing
href
https://www.vanderbilt.edu/welcome/move-in/
target
move
in
href
target
orientation
href
target
international
students
href
https://www.vanderbilt.edu/welcome/transfer/
target
transfer
students
living
on
campus
href
target
campus
mail
href
target
commodore
card
href
target
community
href
https://www.vanderbilt.edu/welcome/dining/
target
dining
href
target
health
wellbeing
href
target
parking
transportation
parents
family
href
https://www.vanderbilt.edu/welcome/families/
target
overview
href
target
advice
conversation
starters
resources
href
target
helpful
links
href
https://www.vanderbilt.edu/welcome/contact/
target
contact
href
target
incoming
student
communications
href
https://mydigimag.rrd.com/publication/
target
the
road
to
vanderbilt
form
action
https://www.vanderbilt.edu/search/
class
js
nav
search
form
method
get
role
search
input
class
primary
nav
search
input
js
nav
search
input
type
text
name
aria
label
search
menu
close
menu
href
svg
viewbox
fill
none
xmlns
http://www.w3.org/2000/svg
aria
hidden
true
focusable
false
path
46
fill
url
path
fill
url
path
76
46
fill
url
path
fill
url
stop
stop
color
feeeb
6
stop
offset
1
stop
color
stop
stop
color
feeeb
6
stop
offset
1
stop
color
stop
stop
color
feeeb
6
stop
offset
1
stop
color
stop
stop
color
feeeb
6
stop
offset
1
stop
color
vanderbilt
university
form
action
https://www.vanderbilt.edu/search/
class
mega
menu
search
form
js
mega
menu
search
form
method
get
role
search
input
class
mega
menu
search
input
js
mega
menu
search
input
type
text
placeholder
search
name
aria
label
search
new
students
all
vanderbilt
class
mega
menu
list
item
link
href
important
dates
and
next
steps
getting
started
href
accessing
university
systems
href
academic
resources
href
housing
href
https://www.vanderbilt.edu/welcome/move-in/
move
in
href
orientation
href
international
students
href
https://www.vanderbilt.edu/welcome/transfer/
transfer
students
living
on
campus
href
campus
mail
href
commodore
card
href
community
href
https://www.vanderbilt.edu/welcome/dining/
dining
href
health
wellbeing
href
parking
transportation
parents
family
href
https://www.vanderbilt.edu/welcome/families/
overview
href
advice
conversation
starters
resources
href
helpful
links
href
https://www.vanderbilt.edu/welcome/contact/
contact
href
incoming
student
communications
href
https://mydigimag.rrd.com/publication/
the
road
to
vanderbilt
class
mega
menu
list
item
link
href
https://www.vanderbilt.edu/about/
aria
haspopup
true
about
href
this
is
vanderbilt
href
quick
facts
href
university
leadership
href
https://www.vanderbilt.edu/diversity/
equity
diversity
inclusion
href
https://www.vanderbilt.edu/about/history/
history
href
https://www.vanderbilt.edu/about/contact/
contact
href
https://www.vanderbilt.edu/atoz/
to
class
mega
menu
list
item
link
href
https://www.vanderbilt.edu/admissions/
aria
haspopup
true
admissions
href
https://admissions.vanderbilt.edu
undergraduate
admissions
href
graduate
amp
professional
school
admissions
href
financial
aid
class
mega
menu
list
item
link
href
https://www.vanderbilt.edu/academics/
aria
haspopup
true
academics
href
program
finder
href
https://www.vanderbilt.edu/academics/
schools
colleges
schools
colleges
href
residential
colleges
href
https://www.vanderbilt.edu/academics/
global
edu
study
abroad
href
https://www.library.vanderbilt.edu
libraries
href
https://www.vanderbilt.edu/strategicplan/
strategic
plan
class
mega
menu
list
item
link
href
https://www.vanderbilt.edu/research/
aria
haspopup
true
research
href
https://www.vanderbilt.edu/atoz/
centers
centers
institutes
href
https://news.vanderbilt.edu/research/
research
news
href
undergraduate
research
href
https://gradschool.vanderbilt.edu/research/
graduate
school
research
href
https://www.vumc.org/oor/welcome
vumc
research
class
mega
menu
list
item
link
href
https://www.vanderbilt.edu/student-life/
aria
haspopup
true
campus
life
href
housing
dining
href
health
safety
href
organizations
identity
centers
href
https://vucommodores.com
athletics
href
https://www.vanderbilt.edu/nashville/
our
hometown
nashville
class
mega
menu
list
item
link
href
https://www.vanderbilt.edu/news-events/
aria
haspopup
true
news
events
href
https://news.vanderbilt.edu
vanderbilt
news
href
https://news.vanderbilt.edu/research
research
news
href
vanderbilt
magazine
href
https://events.vanderbilt.edu
events
img
class
topper
home
editorial
bg
img
src
alt
welcome
home
topper
welcome
to
vanderbilt
get
ready
to
embark
upon
lifelong
journey
of
belonging
discovery
and
growth
href
class
topper
home
editorial
cta
important
dates
the
countdown
is
on
and
soon
youll
be
vanderbilt
student
nbsp
know
before
you
go
find
out
what
to
expect
for
href
https://www.vanderbilt.edu/welcome/move-in/
move
in
days
and
href
orientation
href
https://www.vanderbilt.edu/welcome/move-in/
quick
guide
first
year
students
international
students
transfer
students
parents
families
href
https://www.vanderbilt.edu/welcome/move-in/
move
in
href
commonvu
orientation
href
housing
href
the
martha
rivers
ingram
commons
href
academics
href
messages
href
https://peabody.vanderbilt.edu/nextsteps/
next
steps
program
at
vanderbilt
prepare
for
your
transition
to
college
explore
campus
life
and
review
helpful
resources
href
orientation
overview
img
src
alt
first
year
students
attending
their
first
football
game
class
quick
guide
cta
img
href
general
info
href
move
in
move
in
href
international
student
orientation
international
student
orientation
href
housing
href
academics
href
messages
as
you
begin
planning
for
your
journey
to
nashville
and
vanderbilt
review
important
dates
resources
and
information
for
your
next
steps
href
international
student
overview
img
src
alt
international
student
overview
class
quick
guide
cta
img
href
https://www.vanderbilt.edu/welcome/transfer/
general
info
href
https://www.vanderbilt.edu/welcome/transfer/
move
in
move
in
href
transfer
student
orientation
transfer
student
orientation
href
housing
href
academics
href
messages
explore
important
dates
guidance
about
your
transition
into
the
university
and
the
many
opportunities
and
resources
at
vanderbilt
href
https://www.vanderbilt.edu/welcome/transfer/
transfer
student
overview
img
src
alt
transfer
student
overview
class
quick
guide
cta
img
href
https://www.vanderbilt.edu/welcome/families/
getting
started
href
https://www.vanderbilt.edu/welcome/families/
connect
with
the
vanderbilt
community
connect
href
advice
convo
starters
get
familiar
with
the
support
resources
available
for
your
student
what
you
can
do
this
summer
to
help
prepare
your
student
for
move
in
and
check
out
advice
from
other
vanderbilt
families
href
https://www.vanderbilt.edu/welcome/families/
explore
resources
img
src
alt
explore
resources
for
families
class
quick
guide
cta
img
the
chancellor
welcomes
you
new
students
rich
text
hear
words
of
welcome
and
congratulations
from
vanderbilt
university
chancellor
daniel
diermeier
and
learn
about
the
approach
to
university
life
we
call
the
vanderbilt
way
rich
text
iframe
src
https://youtube.com/embed/PMaVJM7KeLw
allowfullscreen
allowtransparency
allow
autoplay
chancellor
diermeier
welcomes
new
students
page
style
content
wrapper
class
site
footer
logo
link
href
https://www.vanderbilt.edu/
svg
viewbox
fill
none
xmlns
http://www.w3.org/2000/svg
aria
hidden
true
focusable
false
path
7
7
zm
6
04
7
7
zm
zm
7
7
1
7
zm
0
7
7
5
zm
zm
34
7
zm
7
7
7
76
zm
16
zm
7
66
zm
zm
zm
7
7
7
zm
0
7
7
zm
26
06
zm
7
1
1
zm
7
1
63
zm
0
7
zm
26
7
7
zm
93
7
zm
7
zm
zm
zm
7
zm
zm
35
7
path
fill
url
lockup
path
fill
url
lockup
path
fill
url
lockup
path
fill
url
lockup
stop
stop
color
feeeb
6
stop
offset
1
stop
color
stop
stop
color
feeeb
6
stop
offset
1
stop
color
stop
stop
color
feeeb
6
stop
offset
1
stop
color
stop
stop
color
feeeb
6
stop
offset
1
stop
color
vanderbilt
university
vanderbilt
is
private
research
university
in
href
https://www.vanderbilt.edu/nashville/
nashville
tennessee
it
offers
more
than
70
href
degrees
bachelors
undergraduate
majors
and
full
range
of
href
degrees
masters
2
cdoctoral
2
conline
graduate
and
professional
degrees
across
10
schools
and
colleges
all
on
beautiful
campusan
accredited
arboretumcomplete
with
href
https://vucommodores.com/
athletic
facilities
and
state
of
the
art
laboratories
vanderbilt
is
optimized
to
href
inspire
and
nurture
cross
disciplinary
href
https://www.vanderbilt.edu/research/
research
that
fosters
discoveries
that
have
global
impact
href
university
leadership
href
residential
colleges
href
https://www.vanderbilt.edu/diversity
equity
diversity
and
inclusion
href
this
is
vanderbilt
href
https://news.vanderbilt.edu/research/
research
vanderbilt
href
working
at
vanderbilt
href
https://events.vanderbilt.edu/
events
href
https://www.vanderbilt.edu/logins/
logins
href
https://www.vanderbilt.edu/map/
campus
map
href
media
resources
site
footer
link
sets
class
site
footer
social
link
href
http://twitter.com/vanderbiltu
twitter
class
site
footer
social
link
href
http://www.facebook.com/vanderbilt
facebook
class
site
footer
social
link
href
linkedin
class
site
footer
social
link
href
http://www.instagram.com/vanderbiltu/
instagram
class
site
footer
social
link
href
https://www.youtube.com/vanderbilt
youtube
class
site
footer
social
link
href
https://www.tiktok.com/
vanderbiltu
tiktok
class
site
footer
social
link
href
https://www.flickr.com/digitalvu/
flickr
site
comm
links
site
footer
links
site
footer
primary
href
https://goo.gl/maps/TU8FgZp3VKWpSK1H8
nashville
tennessee
href
https://www.vanderbilt.edu/about/contact/
contact
us
href
https://www.vanderbilt.edu/about/privacy/
vanderbilt
universitys
online
privacy
notice
vanderbilt
university
is
committed
to
the
principle
of
equal
opportunity
vanderbilt
university
does
not
discriminate
against
individuals
on
the
basis
of
their
race
sex
sexual
orientation
gender
identity
religion
color
national
or
ethnic
origin
age
disability
military
service
or
genetic
information
in
its
administration
of
educational
policies
programs
or
activities
admissions
policies
scholarship
and
loan
programs
athletic
or
other
university
administered
programs
or
employment
href
accessibility
information
vanderbilt
vanderbilt
university
and
the
vanderbilt
logos
are
trademarks
of
the
vanderbilt
university
href
http://web.vanderbilt.edu/
site
development
digital
strategies
communications
and
marketing
href
redirect
to
https
3
2
2
fwww
vanderbilt
edu
2
fwelcome
2
copy
site
footer
secondary
script
type
text
javascript
src
ver
0
id
jquery
core
js
script
type
text
javascript
src
ver
2
id
jquery
migrate
js
script
type
text
javascript
src
ver
db
2
bfc
id
fl
builder
layout
js
script
type
text
javascript
src
https://cdn.jsdelivr.net/npm/cookieconsent
3
build
cookieconsent
min
js
ver
id
cookieconsent
js
script
type
text
javascript
src
ver
id
futurevu
js
script
type
text
javascript
src
ver
id
wp
embed
js
