doctype
html
if
lt
ie
9
html
class
no
js
no
svg
ie
lt
ie
9
lt
ie
8
lt
ie
7
lang
en
us
xmlns
og
http://opengraphprotocol.org/schema/
xmlns
fb
http://www.facebook.com/2008/fbml
endif
if
ie
9
html
class
no
js
no
svg
ie
ie
9
lt
ie
9
lt
ie
8
lang
en
us
xmlns
og
http://opengraphprotocol.org/schema/
xmlns
fb
http://www.facebook.com/2008/fbml
endif
if
gt
ie
9
html
class
no
js
no
svg
lang
en
us
xmlns
og
http://opengraphprotocol.org/schema/
xmlns
fb
http://www.facebook.com/2008/fbml
endif
var
searchmethod
var
vuwpurl
https://www.vanderbilt.edu
google
tag
manager
function
push
gtm
start
new
date
gettime
event
gtm
js
var
getelementsbytagname
0
createelement
ad
datalayer
async
true
src
https://www.googletagmanager.com/gtm.js
id
ad
parentnode
insertbefore
window
document
script
datalayer
gtm
mh
87
fl
vanderbilt
university
link
rel
icon
href
data
href
light
data
href
dark
meta
http
equiv
content
type
content
text
html
charset
utf
8
link
rel
author
href
link
rel
pingback
href
https://www.vanderbilt.edu/xmlrpc.php
link
rel
profile
href
http://gmpg.org/xfn/11
meta
name
robots
content
max
image
preview
large
link
rel
dns
prefetch
href
cdn
jsdelivr
net
link
rel
dns
prefetch
href
cdn
vanderbilt
edu
link
rel
dns
prefetch
href
cdnjs
cloudflare
com
meta
property
og
title
content
vanderbilt
university
meta
property
og
type
content
article
meta
property
og
url
content
https://www.vanderbilt.edu/
meta
property
og
description
content
vanderbilt
is
private
research
university
in
nashville
tennessee
it
offers
70
undergraduate
majors
and
full
range
of
graduate
and
professional
degrees
across
10
schools
and
colleges
meta
property
og
site
name
content
vanderbilt
university
meta
name
twitter
url
content
https://www.vanderbilt.edu/
meta
name
twitter
title
content
vanderbilt
university
meta
name
twitter
description
content
vanderbilt
is
private
research
university
in
nashville
tennessee
it
offers
70
undergraduate
majors
and
full
range
of
graduate
and
professional
degrees
across
10
schools
and
colleges
meta
name
twitter
site
content
vanderbiltu
meta
name
twitter
creator
content
vanderbiltu
meta
property
og
image
content
meta
name
twitter
image
src
content
script
type
application
ld
json
context
http://schema.org
type
newsarticle
mainentityofpage
type
webpage
id
https://www.vanderbilt.edu/
headline
vanderbilt
university
datepublished
2
jun
datemodified
2
jun
author
type
person
name
linkja
publisher
type
organization
name
vanderbilt
university
logo
type
imageobject
url
http://news.vanderbilt.edu/i/VU-Square.jpg
height
width
image
type
imageobject
url
height
width
description
vanderbilt
is
private
research
university
in
nashville
tennessee
it
offers
70
undergraduate
majors
and
full
range
of
graduate
and
professional
degrees
across
10
schools
and
colleges
link
rel
stylesheet
id
wp
block
library
css
href
ver
7
type
text
css
media
all
link
rel
stylesheet
id
classic
theme
styles
css
href
ver
1
type
text
css
media
all
style
id
global
styles
inline
css
type
text
css
body
wp
preset
color
black
wp
preset
color
cyan
bluish
gray
abb
wp
preset
color
white
ffffff
wp
preset
color
pale
pink
78
da
7
wp
preset
color
vivid
red
cf
wp
preset
color
luminous
vivid
orange
ff
wp
preset
color
luminous
vivid
amber
fcb
wp
preset
color
light
green
cyan
7
bdcb
5
wp
preset
color
vivid
green
cyan
wp
preset
color
pale
cyan
blue
8
ed
1
fc
wp
preset
color
vivid
cyan
blue
wp
preset
color
vivid
purple
0
wp
preset
gradient
vivid
cyan
blue
to
vivid
purple
linear
gradient
deg
rgba
0
rgb
wp
preset
gradient
light
green
cyan
to
vivid
green
cyan
linear
gradient
deg
rgb
0
rgb
wp
preset
gradient
luminous
vivid
amber
to
luminous
vivid
orange
linear
gradient
deg
rgba
0
rgba
wp
preset
gradient
luminous
vivid
orange
to
vivid
red
linear
gradient
deg
rgba
0
rgb
46
wp
preset
gradient
very
light
gray
to
cyan
bluish
gray
linear
gradient
deg
rgb
0
rgb
wp
preset
gradient
cool
to
warm
spectrum
linear
gradient
deg
rgb
0
rgb
20
rgb
40
rgb
60
rgb
98
80
rgb
76
wp
preset
gradient
blush
light
purple
linear
gradient
deg
rgb
0
rgb
wp
preset
gradient
blush
bordeaux
linear
gradient
deg
rgb
0
rgb
45
50
rgb
62
wp
preset
gradient
luminous
dusk
linear
gradient
deg
rgb
0
rgb
50
rgb
wp
preset
gradient
pale
ocean
linear
gradient
deg
rgb
0
rgb
50
rgb
wp
preset
gradient
electric
grass
linear
gradient
deg
rgb
0
rgb
wp
preset
gradient
midnight
linear
gradient
deg
rgb
0
rgb
wp
preset
duotone
dark
grayscale
url
wp
duotone
dark
grayscale
wp
preset
duotone
grayscale
url
wp
duotone
grayscale
wp
preset
duotone
purple
yellow
url
wp
duotone
purple
yellow
wp
preset
duotone
blue
red
url
wp
duotone
blue
red
wp
preset
duotone
midnight
url
wp
duotone
midnight
wp
preset
duotone
magenta
yellow
url
wp
duotone
magenta
yellow
wp
preset
duotone
purple
green
url
wp
duotone
purple
green
wp
preset
duotone
blue
orange
url
wp
duotone
blue
orange
wp
preset
font
size
small
13
px
wp
preset
font
size
medium
20
px
wp
preset
font
size
large
36
px
wp
preset
font
size
large
42
px
wp
preset
spacing
20
rem
wp
preset
spacing
30
rem
wp
preset
spacing
40
1
rem
wp
preset
spacing
50
rem
wp
preset
spacing
60
rem
wp
preset
spacing
70
rem
wp
preset
spacing
80
rem
where
is
layout
flex
gap
em
body
is
layout
flow
alignleft
float
left
margin
inline
start
0
margin
inline
end
2
em
body
is
layout
flow
alignright
float
right
margin
inline
start
2
em
margin
inline
end
0
body
is
layout
flow
aligncenter
margin
left
auto
important
margin
right
auto
important
body
is
layout
constrained
alignleft
float
left
margin
inline
start
0
margin
inline
end
2
em
body
is
layout
constrained
alignright
float
right
margin
inline
start
2
em
margin
inline
end
0
body
is
layout
constrained
aligncenter
margin
left
auto
important
margin
right
auto
important
body
is
layout
constrained
where
not
alignleft
not
alignright
not
alignfull
max
width
var
wp
style
global
content
size
margin
left
auto
important
margin
right
auto
important
body
is
layout
constrained
alignwide
max
width
var
wp
style
global
wide
size
body
is
layout
flex
display
flex
body
is
layout
flex
flex
wrap
wrap
align
items
center
body
is
layout
flex
margin
0
where
wp
block
columns
is
layout
flex
gap
2
em
has
black
color
color
var
wp
preset
color
black
important
has
cyan
bluish
gray
color
color
var
wp
preset
color
cyan
bluish
gray
important
has
white
color
color
var
wp
preset
color
white
important
has
pale
pink
color
color
var
wp
preset
color
pale
pink
important
has
vivid
red
color
color
var
wp
preset
color
vivid
red
important
has
luminous
vivid
orange
color
color
var
wp
preset
color
luminous
vivid
orange
important
has
luminous
vivid
amber
color
color
var
wp
preset
color
luminous
vivid
amber
important
has
light
green
cyan
color
color
var
wp
preset
color
light
green
cyan
important
has
vivid
green
cyan
color
color
var
wp
preset
color
vivid
green
cyan
important
has
pale
cyan
blue
color
color
var
wp
preset
color
pale
cyan
blue
important
has
vivid
cyan
blue
color
color
var
wp
preset
color
vivid
cyan
blue
important
has
vivid
purple
color
color
var
wp
preset
color
vivid
purple
important
has
black
background
color
background
color
var
wp
preset
color
black
important
has
cyan
bluish
gray
background
color
background
color
var
wp
preset
color
cyan
bluish
gray
important
has
white
background
color
background
color
var
wp
preset
color
white
important
has
pale
pink
background
color
background
color
var
wp
preset
color
pale
pink
important
has
vivid
red
background
color
background
color
var
wp
preset
color
vivid
red
important
has
luminous
vivid
orange
background
color
background
color
var
wp
preset
color
luminous
vivid
orange
important
has
luminous
vivid
amber
background
color
background
color
var
wp
preset
color
luminous
vivid
amber
important
has
light
green
cyan
background
color
background
color
var
wp
preset
color
light
green
cyan
important
has
vivid
green
cyan
background
color
background
color
var
wp
preset
color
vivid
green
cyan
important
has
pale
cyan
blue
background
color
background
color
var
wp
preset
color
pale
cyan
blue
important
has
vivid
cyan
blue
background
color
background
color
var
wp
preset
color
vivid
cyan
blue
important
has
vivid
purple
background
color
background
color
var
wp
preset
color
vivid
purple
important
has
black
border
color
border
color
var
wp
preset
color
black
important
has
cyan
bluish
gray
border
color
border
color
var
wp
preset
color
cyan
bluish
gray
important
has
white
border
color
border
color
var
wp
preset
color
white
important
has
pale
pink
border
color
border
color
var
wp
preset
color
pale
pink
important
has
vivid
red
border
color
border
color
var
wp
preset
color
vivid
red
important
has
luminous
vivid
orange
border
color
border
color
var
wp
preset
color
luminous
vivid
orange
important
has
luminous
vivid
amber
border
color
border
color
var
wp
preset
color
luminous
vivid
amber
important
has
light
green
cyan
border
color
border
color
var
wp
preset
color
light
green
cyan
important
has
vivid
green
cyan
border
color
border
color
var
wp
preset
color
vivid
green
cyan
important
has
pale
cyan
blue
border
color
border
color
var
wp
preset
color
pale
cyan
blue
important
has
vivid
cyan
blue
border
color
border
color
var
wp
preset
color
vivid
cyan
blue
important
has
vivid
purple
border
color
border
color
var
wp
preset
color
vivid
purple
important
has
vivid
cyan
blue
to
vivid
purple
gradient
background
background
var
wp
preset
gradient
vivid
cyan
blue
to
vivid
purple
important
has
light
green
cyan
to
vivid
green
cyan
gradient
background
background
var
wp
preset
gradient
light
green
cyan
to
vivid
green
cyan
important
has
luminous
vivid
amber
to
luminous
vivid
orange
gradient
background
background
var
wp
preset
gradient
luminous
vivid
amber
to
luminous
vivid
orange
important
has
luminous
vivid
orange
to
vivid
red
gradient
background
background
var
wp
preset
gradient
luminous
vivid
orange
to
vivid
red
important
has
very
light
gray
to
cyan
bluish
gray
gradient
background
background
var
wp
preset
gradient
very
light
gray
to
cyan
bluish
gray
important
has
cool
to
warm
spectrum
gradient
background
background
var
wp
preset
gradient
cool
to
warm
spectrum
important
has
blush
light
purple
gradient
background
background
var
wp
preset
gradient
blush
light
purple
important
has
blush
bordeaux
gradient
background
background
var
wp
preset
gradient
blush
bordeaux
important
has
luminous
dusk
gradient
background
background
var
wp
preset
gradient
luminous
dusk
important
has
pale
ocean
gradient
background
background
var
wp
preset
gradient
pale
ocean
important
has
electric
grass
gradient
background
background
var
wp
preset
gradient
electric
grass
important
has
midnight
gradient
background
background
var
wp
preset
gradient
midnight
important
has
small
font
size
font
size
var
wp
preset
font
size
small
important
has
medium
font
size
font
size
var
wp
preset
font
size
medium
important
has
large
font
size
font
size
var
wp
preset
font
size
large
important
has
large
font
size
font
size
var
wp
preset
font
size
large
important
wp
block
navigation
where
not
wp
element
button
color
inherit
where
wp
block
columns
is
layout
flex
gap
2
em
wp
block
pullquote
font
size
em
line
height
link
rel
stylesheet
id
futurevu
css
href
ver
12
type
text
css
media
all
link
rel
stylesheet
id
futurevu
parent
css
href
ver
0
type
text
css
media
all
link
rel
stylesheet
id
vu
big
style
css
href
ver
3
type
text
css
media
all
link
rel
stylesheet
id
cookieconsent
css
href
https://cdn.jsdelivr.net/npm/cookieconsent
3
build
cookieconsent
min
css
ver
0
type
text
css
media
all
link
rel
stylesheet
id
fontawesome
css
href
ver
0
type
text
css
media
all
link
rel
stylesheet
id
primary
nav
children
css
css
href
ver
0
type
text
css
media
all
link
rel
canonical
href
https://www.vanderbilt.edu/
link
rel
dns
prefetch
href
cdn
vanderbilt
edu
style
type
text
css
id
wp
custom
css
these
styles
were
created
to
move
the
research
image
next
to
undergrad
research
title
research
image
padding
top
px
media
only
screen
and
max
width
px
research
image
padding
0
px
temp
formatting
when
there
is
only
one
news
block
in
the
topper
home
latest
home
latest
news
flex
wrap
wrap
home
latest
home
latest
news
home
latest
news
col
width
media
min
width
px
home
latest
home
latest
news
flex
wrap
nowrap
home
latest
home
latest
news
home
latest
news
col
width
50
this
will
need
to
get
moved
to
vu
css
hp
promo
margin
1
em
8
px
padding
px
media
min
width
px
hp
promo
margin
1
em
vw
padding
75
vw
media
min
width
px
hp
promo
margin
1
em
calc
px
vw
padding
0
calc
vw
px
google
tag
manager
iframe
src
https://www.googletagmanager.com/ns.html
id
gtm
mh
87
fl
height
0
width
0
style
display
none
visibility
hidden
svg
display
none
width
0
height
0
version
xmlns
xlink
http://www.w3.org/1999/xlink
path
fill
rule
evenodd
clip
rule
evenodd
zm
fill
currentcolor
path
fill
currentcolor
path
fill
currentcolor
12
12
15
15
24
24
15
15
12
12
6
6
12
path
5
zm
fill
currentcolor
path
fill
currentcolor
5
15
5
15
5
39
15
39
39
15
15
5
15
5
15
5
path
fill
currentcolor
path
fill
currentcolor
path
fill
currentcolor
path
fill
rule
evenodd
clip
rule
evenodd
16
zm
zm
5
fill
currentcolor
path
fill
currentcolor
path
fill
currentcolor
48
zm
88
8
svg
id
tiktok
xmlns
http://www.w3.org/2000/svg
viewbox
shape
rendering
geometricprecision
text
rendering
geometricprecision
image
rendering
optimizequality
fill
rule
evenodd
clip
rule
evenodd
path
fill
currentcolor
svg
id
pinterest
xmlns
http://www.w3.org/2000/svg
xmlns
xlink
http://www.w3.org/1999/xlink
0
px
0
px
fill
currentcolor
viewbox
style
enable
background
new
xml
space
preserve
path
5
svg
id
snapchat
xmlns
http://www.w3.org/2000/svg
viewbox
path
96
69
fill
currentcolor
path
5
9
8
8
6
path
9
path
zm
fill
currentcolor
path
zm
fill
currentcolor
path
fill
currentcolor
path
fill
currentcolor
path
fill
currentcolor
path
fill
currentcolor
path
fill
currentcolor
path
fill
currentcolor
path
fill
currentcolor
path
fill
currentcolor
path
fill
currentcolor
path
zm
zm
fill
currentcolor
path
fill
currentcolor
path
zm
fill
currentcolor
path
fill
currentcolor
path
zm
fill
currentcolor
path
fill
currentcolor
path
zm
zm
fill
currentcolor
path
fill
currentcolor
path
fill
currentcolor
path
zm
fill
currentcolor
path
fill
currentcolor
path
zm
zm
zm
fill
currentcolor
path
fill
rule
evenodd
clip
rule
evenodd
rect
width
30
height
1
fill
currentcolor
rect
6
width
30
height
1
fill
currentcolor
rect
12
width
30
height
1
fill
currentcolor
circle
cx
cy
path
path
path
transform
rotate
6
path
zm
path
path
path
fill
currentcolor
path
22
22
zm
22
2
22
22
07
zm
zm
22
86
79
42
86
22
92
zm
0
42
5
zm
zm
42
79
42
22
zm
22
42
22
72
7
zm
38
zm
42
zm
zm
zm
42
22
22
zm
0
42
22
zm
42
22
42
42
94
svg
xmlns
http://www.w3.org/2000/svg
id
mail
viewbox
fill
none
path
fill
currentcolor
18
24
zm
zm
zm
zm
path
zm
zm
zm
8
zm
0
zm
zm
65
7
71
21
03
zm
07
24
48
8
zm
zm
21
zm
zm
zm
24
zm
0
zm
zm
zm
8
zm
0
24
48
zm
zm
7
04
zm
8
zm
zm
0
zm
24
zm
62
zm
2
svg
version
id
graduate
cap
xmlns
http://www.w3.org/2000/svg
xmlns
xlink
http://www.w3.org/1999/xlink
viewbox
fill
currentcolor
path
path
path
polygon
points
news
grid
news
grid
item
js
story
tease
image
news
grid
item
js
story
list
mini
image
width
padding
top
75
news
grid
item
js
story
tease
image
img
news
grid
item
js
story
list
mini
image
img
position
absolute
top
0
right
0
bottom
0
left
0
height
overflow
hidden
margin
0
auto
object
fit
cover
class
primary
nav
logo
link
href
https://www.vanderbilt.edu/
svg
viewbox
fill
none
xmlns
http://www.w3.org/2000/svg
aria
hidden
true
focusable
false
path
46
fill
url
path
fill
url
path
76
46
fill
url
path
fill
url
stop
stop
color
feeeb
6
stop
offset
1
stop
color
stop
stop
color
feeeb
6
stop
offset
1
stop
color
stop
stop
color
feeeb
6
stop
offset
1
stop
color
stop
stop
color
feeeb
6
stop
offset
1
stop
color
vanderbilt
university
href
https://www.vanderbilt.edu/about/
class
target
about
href
https://www.vanderbilt.edu/admissions/
class
target
admissions
href
https://www.vanderbilt.edu/academics/
class
target
academics
href
https://www.vanderbilt.edu/research/
class
target
research
href
https://www.vanderbilt.edu/student-life/
class
target
campus
life
href
https://www.vanderbilt.edu/news-events/
class
target
news
amp
events
href
https://giving.vanderbilt.edu
class
target
give
form
action
https://www.vanderbilt.edu/search/
class
js
nav
search
form
method
get
role
search
input
class
primary
nav
search
input
js
nav
search
input
type
text
name
aria
label
search
menu
close
menu
href
svg
viewbox
fill
none
xmlns
http://www.w3.org/2000/svg
aria
hidden
true
focusable
false
path
46
fill
url
path
fill
url
path
76
46
fill
url
path
fill
url
stop
stop
color
feeeb
6
stop
offset
1
stop
color
stop
stop
color
feeeb
6
stop
offset
1
stop
color
stop
stop
color
feeeb
6
stop
offset
1
stop
color
stop
stop
color
feeeb
6
stop
offset
1
stop
color
vanderbilt
university
form
action
https://www.vanderbilt.edu/search/
class
mega
menu
search
form
js
mega
menu
search
form
method
get
role
search
input
class
mega
menu
search
input
js
mega
menu
search
input
type
text
placeholder
search
name
aria
label
search
all
vanderbilt
class
mega
menu
list
item
link
href
https://www.vanderbilt.edu/about/
aria
haspopup
true
about
href
this
is
vanderbilt
href
quick
facts
href
university
leadership
href
https://www.vanderbilt.edu/diversity/
equity
diversity
inclusion
href
https://www.vanderbilt.edu/about/history/
history
href
https://www.vanderbilt.edu/about/contact/
contact
href
https://www.vanderbilt.edu/atoz/
to
class
mega
menu
list
item
link
href
https://www.vanderbilt.edu/admissions/
aria
haspopup
true
admissions
href
https://admissions.vanderbilt.edu
undergraduate
admissions
href
graduate
amp
professional
school
admissions
href
financial
aid
class
mega
menu
list
item
link
href
https://www.vanderbilt.edu/academics/
aria
haspopup
true
academics
href
program
finder
href
https://www.vanderbilt.edu/academics/
schools
colleges
schools
colleges
href
residential
colleges
href
https://www.vanderbilt.edu/academics/
global
edu
study
abroad
href
https://www.library.vanderbilt.edu
libraries
href
https://www.vanderbilt.edu/strategicplan/
strategic
plan
class
mega
menu
list
item
link
href
https://www.vanderbilt.edu/research/
aria
haspopup
true
research
href
https://www.vanderbilt.edu/atoz/
centers
centers
institutes
href
https://news.vanderbilt.edu/research/
research
news
href
undergraduate
research
href
https://gradschool.vanderbilt.edu/research/
graduate
school
research
href
https://www.vumc.org/oor/welcome
vumc
research
class
mega
menu
list
item
link
href
https://www.vanderbilt.edu/student-life/
aria
haspopup
true
campus
life
href
housing
dining
href
health
safety
href
organizations
identity
centers
href
https://vucommodores.com
athletics
href
https://www.vanderbilt.edu/nashville/
our
hometown
nashville
class
mega
menu
list
item
link
href
https://www.vanderbilt.edu/news-events/
aria
haspopup
true
news
events
href
https://news.vanderbilt.edu
vanderbilt
news
href
https://news.vanderbilt.edu/research
research
news
href
vanderbilt
magazine
href
https://events.vanderbilt.edu
events
hp
bgt
wrapper
background
color
var
bg
hp
bgt
wrapper
hp
bgt
background
background
url
no
repeat
center
top
background
size
cover
min
height
vw
display
flex
justify
content
center
align
items
center
hp
bgt
wrapper
hp
bgt
foreground
padding
80
px
px
0
hp
bgt
wrapper
hp
bgt
foreground
1
font
family
jannon
display
times
times
new
roman
serif
font
size
15
vw
line
height
em
font
weight
text
align
center
margin
15
px
auto
color
var
text
letter
spacing
em
vanderbilt
founded
in
vanderbilt
is
commemorating
the
people
places
and
programs
that
make
up
its
rich
history
href
https://www.vanderbilt.edu/150/
experience
years
of
vanderbilt
dare
to
grow
href
https://giving.vanderbilt.edu
explore
the
campaign
to
drive
bold
levels
of
growth
quick
guide
prospective
undergrads
prospective
grad
professional
current
students
faculty
staff
job
seekers
alumni
friends
href
https://admissions.vanderbilt.edu/
undergraduate
admissions
href
financial
aid
scholarships
href
https://www.vanderbilt.edu/academics/
academics
href
degrees
bachelors
find
your
major
href
https://www.vanderbilt.edu/academics/
schools
colleges
schools
colleges
href
https://www.vanderbilt.edu/student-life/
student
life
href
https://admissions.vanderbilt.edu/visit/
plan
visit
href
undergraduate
research
href
https://vucommodores.com
athletics
anchor
down
href
https://www.vanderbilt.edu/nashville/
our
city
nashville
href
https://www.vanderbilt.edu/diversity/
diversity
inclusion
href
residential
colleges
opportunity
vanderbilt
is
the
universitys
nationally
renowned
financial
aid
program
that
replaces
student
loans
with
grants
and
scholarships
href
learn
more
img
decoding
async
src
alt
students
on
lawn
class
quick
guide
cta
img
href
admissions
href
financial
aid
href
https://www.vanderbilt.edu/academics/
academics
href
https://www.vanderbilt.edu/academics/
schools
colleges
schools
colleges
href
degrees
masters
2
cdoctoral
2
ccertificate
2
conline
find
your
program
href
https://research.vanderbilt.edu
research
href
https://vucommodores.com
athletics
anchor
down
href
https://www.vanderbilt.edu/nashville/
our
city
nashville
href
https://www.vanderbilt.edu/diversity/
diversity
inclusion
href
graduate
and
professional
housing
vanderbilt
offers
advanced
degrees
in
medicine
engineering
social
sciences
humanities
religion
education
law
nursing
business
and
more
href
find
your
program
img
decoding
async
src
alt
students
on
lawn
class
quick
guide
cta
img
href
housing
and
residential
living
href
health
safety
and
wellness
href
student
life
and
involvement
href
undergraduate
education
resources
href
orientation
and
transition
programs
href
money
matters
href
https://www.vanderbilt.edu/career/
career
center
href
https://www.vanderbilt.edu/diversity/
equity
diversity
and
inclusion
href
https://www.vanderbilt.edu/deanofstudents/
dean
of
students
href
https://www.vanderbilt.edu/logins/
frequently
used
logins
experience
vanderbilt
is
student
led
initiative
that
provides
undergraduate
students
with
funding
for
extracurricular
activities
that
have
fees
href
learn
more
img
decoding
async
src
alt
students
sitting
at
table
together
class
quick
guide
cta
img
href
https://outlook.office.com/vanderbilt.edu
email
href
https://www.vanderbilt.edu/logins/
frequently
used
logins
href
http://vu.edu/directory
faculty
and
staff
directory
href
https://news.vanderbilt.edu/myvu/
myvu
news
href
https://hr.vanderbilt.edu/benefits/
benefits
href
https://www.vanderbilt.edu/faculty/
faculty
gateway
resources
href
child
and
family
center
href
https://www.vanderbilt.edu/diversity/
equity
diversity
and
inclusion
href
https://www.vanderbilt.edu/healthwellness/
health
and
wellness
href
https://hr.vanderbilt.edu
human
resources
href
university
leadership
team
the
well
being
navigator
engages
employees
through
innovative
programs
that
maximize
health
and
happiness
href
learn
more
img
decoding
async
src
alt
alt
text
class
quick
guide
cta
img
href
work
at
vanderbilt
href
benefits
and
perks
href
becoming
commodore
href
https://www.vanderbilt.edu/nashville/
our
city
nashville
href
quick
facts
about
vanderbilt
href
open
staff
positions
href
https://www.vanderbilt.edu/provost/jobs/
open
faculty
positions
href
student
employment
href
open
postdoc
positions
in
addition
to
offering
an
energetic
community
that
celebrates
learning
and
diversity
vanderbilt
provides
employees
with
comprehensive
benefits
href
learn
more
img
decoding
async
src
alt
alt
class
quick
guide
cta
img
href
https://www.vanderbilt.edu/alumni/
alumni
programs
and
resources
href
find
your
local
alumni
chapter
href
events
href
https://reunion.vanderbilt.edu/
reunion
homecoming
href
https://www.bkstr.com/vanderbiltstore/home
shop
commodores
gear
href
https://giving.vanderbilt.edu/
giving
campaign
dare
to
grow
href
https://giving.vanderbilt.edu/ways-to-give/
ways
to
give
href
https://www.vanderbilt.edu/families/
parents
and
family
program
href
volunteer
on
the
day
you
were
accepted
to
vanderbilt
you
began
lifelong
relationship
with
the
university
vanderbilt
was
committed
to
your
success
as
student
then
it
is
equally
committed
to
your
continued
success
today
href
https://www.vanderbilt.edu/alumni/
stay
connected
img
decoding
async
src
alt
photo
of
alumni
at
football
game
class
quick
guide
cta
img
what
sets
us
apart
href
class
home
statements
link
together
we
excel
collaborative
ethos
and
competitive
drive
makes
vanderbilt
the
nations
13
ranked
university
img
decoding
async
src
alt
collaborative
ethos
and
competitive
drive
makes
vanderbilt
the
nations
14
ranked
university
class
home
statements
img
collaborative
ethos
and
competitive
drive
makes
vanderbilt
the
nations
13
ranked
university
href
class
home
statements
link
acquire
knowledge
not
debt
benefit
from
financial
aid
that
replaces
student
loans
with
grants
and
scholarships
img
decoding
async
src
alt
benefit
from
financial
aid
that
replaces
student
loans
with
grants
and
scholarships
class
home
statements
img
benefit
from
financial
aid
that
replaces
student
loans
with
grants
and
scholarships
href
class
home
statements
link
an
immersive
academic
community
residential
colleges
are
distinct
communal
approach
to
higher
education
img
decoding
async
src
alt
residential
colleges
are
distinct
communal
approach
to
higher
education
class
home
statements
img
residential
colleges
are
distinct
communal
approach
to
higher
education
href
https://www.vanderbilt.edu/academics/
class
home
statements
link
the
faculty
attention
you
deserve
youll
thrive
with
our
student
to
highly
dedicated
faculty
ratio
img
decoding
async
src
alt
youll
thrive
with
our
student
to
highly
dedicated
faculty
ratio
class
home
statements
img
youll
thrive
with
our
student
to
highly
dedicated
faculty
ratio
href
https://www.vanderbilt.edu/nashville/
class
home
statements
link
the
heart
of
nashville
beautiful
intimate
campus
in
thriving
and
exciting
21
st
century
city
img
decoding
async
src
alt
beautiful
intimate
campus
in
thriving
and
exciting
21
st
century
city
class
home
statements
img
beautiful
intimate
campus
in
thriving
and
exciting
21
st
century
city
href
https://www.vanderbilt.edu/student-life/
class
home
statements
link
happy
you
re
here
were
ranked
2
on
princeton
review
list
of
happiest
college
students
img
decoding
async
src
alt
were
ranked
2
on
princeton
reviews
list
of
happiest
college
students
class
home
statements
img
were
ranked
2
on
princeton
review
list
of
happiest
college
students
vanderbilt
news
href
made
for
this
moment
href
img
src
alt
made
for
this
moment
stronger
than
at
any
other
time
in
our
history
we
are
positioned
to
do
more
than
just
meet
the
challenges
of
our
times
we
have
what
it
takes
to
thrive
and
leadto
define
and
become
the
great
university
of
this
century
class
story
tease
cta
link
href
read
more
latest
href
https://news.vanderbilt.edu/
view
all
stories
events
href
https://events.vanderbilt.edu/
view
more
events
href
events
on
demand
watch
this
in
focus
href
class
topics
list
list
item
link
curing
covid
href
https://www.vanderbilt.edu/unity/
class
topics
list
list
item
link
the
vanderbilt
project
on
unity
american
democracy
href
class
topics
list
list
item
link
engineering
technology
href
class
topics
list
list
item
link
health
medicine
href
class
topics
list
list
item
link
education
psychology
href
class
topics
list
list
item
link
law
business
politics
href
class
topics
list
list
item
link
life
earth
space
href
class
topics
list
list
item
link
nashville
community
href
class
topics
list
list
item
link
society
culture
on
social
class
site
footer
social
link
href
http://twitter.com/vanderbiltu
rel
noopener
noreferrer
target
blank
twitter
class
site
footer
social
link
href
http://www.facebook.com/vanderbilt
rel
noopener
noreferrer
target
blank
facebook
class
site
footer
social
link
href
rel
noopener
noreferrer
target
blank
linkedin
class
site
footer
social
link
href
http://www.instagram.com/vanderbiltu/
rel
noopener
noreferrer
target
blank
instagram
class
site
footer
social
link
href
https://www.youtube.com/vanderbilt
rel
noopener
noreferrer
target
blank
youtube
class
site
footer
social
link
href
https://www.tiktok.com/
vanderbiltu
rel
noopener
noreferrer
target
blank
tiktok
page
style
content
wrapper
class
site
footer
logo
link
href
https://www.vanderbilt.edu/
svg
viewbox
fill
none
xmlns
http://www.w3.org/2000/svg
aria
hidden
true
focusable
false
path
7
7
zm
6
04
7
7
zm
zm
7
7
1
7
zm
0
7
7
5
zm
zm
34
7
zm
7
7
7
76
zm
16
zm
7
66
zm
zm
zm
7
7
7
zm
0
7
7
zm
26
06
zm
7
1
1
zm
7
1
63
zm
0
7
zm
26
7
7
zm
93
7
zm
7
zm
zm
zm
7
zm
zm
35
7
path
fill
url
lockup
path
fill
url
lockup
path
fill
url
lockup
path
fill
url
lockup
stop
stop
color
feeeb
6
stop
offset
1
stop
color
stop
stop
color
feeeb
6
stop
offset
1
stop
color
stop
stop
color
feeeb
6
stop
offset
1
stop
color
stop
stop
color
feeeb
6
stop
offset
1
stop
color
vanderbilt
university
vanderbilt
is
private
research
university
in
href
https://www.vanderbilt.edu/nashville/
nashville
tennessee
it
offers
more
than
70
href
degrees
bachelors
undergraduate
majors
and
full
range
of
href
degrees
masters
2
cdoctoral
2
conline
graduate
and
professional
degrees
across
10
schools
and
colleges
all
on
beautiful
campusan
accredited
arboretumcomplete
with
href
https://vucommodores.com/
athletic
facilities
and
state
of
the
art
laboratories
vanderbilt
is
optimized
to
href
inspire
and
nurture
cross
disciplinary
href
https://www.vanderbilt.edu/research/
research
that
fosters
discoveries
that
have
global
impact
href
rel
noopener
noreferrer
target
blank
university
leadership
href
rel
noopener
noreferrer
target
blank
residential
colleges
href
https://www.vanderbilt.edu/diversity
rel
noopener
noreferrer
target
blank
equity
diversity
and
inclusion
href
rel
noopener
noreferrer
target
blank
health
and
safety
protocols
href
https://news.vanderbilt.edu/research/
rel
noopener
noreferrer
target
blank
research
vanderbilt
href
working
at
vanderbilt
href
https://events.vanderbilt.edu/
events
href
https://www.vanderbilt.edu/logins/
logins
href
https://www.vanderbilt.edu/map/
campus
map
href
media
resources
site
footer
link
sets
class
site
footer
social
link
href
http://twitter.com/vanderbiltu
twitter
class
site
footer
social
link
href
http://www.facebook.com/vanderbilt
facebook
class
site
footer
social
link
href
linkedin
class
site
footer
social
link
href
http://www.instagram.com/vanderbiltu/
instagram
class
site
footer
social
link
href
https://www.youtube.com/vanderbilt
youtube
class
site
footer
social
link
href
https://www.tiktok.com/
vanderbiltu
tiktok
class
site
footer
social
link
href
https://www.flickr.com/digitalvu/
flickr
site
comm
links
site
footer
links
site
footer
primary
href
https://goo.gl/maps/TU8FgZp3VKWpSK1H8
nashville
tennessee
href
https://www.vanderbilt.edu/about/contact/
contact
us
href
https://www.vanderbilt.edu/about/privacy/
vanderbilt
universitys
online
privacy
notice
vanderbilt
university
is
committed
to
the
principle
of
equal
opportunity
vanderbilt
university
does
not
discriminate
against
individuals
on
the
basis
of
their
race
sex
sexual
orientation
gender
identity
religion
color
national
or
ethnic
origin
age
disability
military
service
or
genetic
information
in
its
administration
of
educational
policies
programs
or
activities
admissions
policies
scholarship
and
loan
programs
athletic
or
other
university
administered
programs
or
employment
href
accessibility
information
vanderbilt
vanderbilt
university
and
the
vanderbilt
logos
are
trademarks
of
the
vanderbilt
university
href
http://web.vanderbilt.edu/
site
development
digital
strategies
communications
and
marketing
href
redirect
to
https
3
2
2
fdev
vanderbilt
edu
2
ftop
levels
2
copy
site
footer
secondary
script
type
text
javascript
src
ver
1
id
jquery
core
js
script
type
text
javascript
src
ver
2
id
jquery
migrate
js
script
type
text
javascript
src
ver
id
home
page
news
js
script
type
text
javascript
src
ver
ac
id
fl
builder
layout
js
script
type
text
javascript
src
https://cdn.jsdelivr.net/npm/cookieconsent
3
build
cookieconsent
min
js
ver
id
cookieconsent
js
script
type
text
javascript
src
ver
id
futurevu
js
script
type
text
javascript
src
ver
7
id
page
links
to
js
