doctype
html
if
lt
ie
9
html
class
no
js
no
svg
ie
lt
ie
9
lt
ie
8
lt
ie
7
lang
en
us
xmlns
og
http://opengraphprotocol.org/schema/
xmlns
fb
http://www.facebook.com/2008/fbml
endif
if
ie
9
html
class
no
js
no
svg
ie
ie
9
lt
ie
9
lt
ie
8
lang
en
us
xmlns
og
http://opengraphprotocol.org/schema/
xmlns
fb
http://www.facebook.com/2008/fbml
endif
if
gt
ie
9
html
class
no
js
no
svg
lang
en
us
xmlns
og
http://opengraphprotocol.org/schema/
xmlns
fb
http://www.facebook.com/2008/fbml
endif
var
searchmethod
google
search
appliance
var
vuwpurl
https://www.vanderbilt.edu/chancellor
google
tag
manager
function
push
gtm
start
new
date
gettime
event
gtm
js
var
getelementsbytagname
0
createelement
ad
datalayer
async
true
src
https://www.googletagmanager.com/gtm.js
id
ad
parentnode
insertbefore
window
document
script
datalayer
gtm
mh
87
fl
chancellor
lecture
series
office
of
the
chancellor
vanderbilt
university
link
rel
icon
href
data
href
light
data
href
dark
meta
http
equiv
content
type
content
text
html
charset
utf
8
link
rel
author
href
link
rel
pingback
href
link
rel
profile
href
http://gmpg.org/xfn/11
meta
name
robots
content
max
image
preview
large
link
rel
dns
prefetch
href
www
vanderbilt
edu
link
rel
dns
prefetch
href
cdn
jsdelivr
net
link
rel
dns
prefetch
href
cdn
vanderbilt
edu
link
rel
dns
prefetch
href
stats
wp
com
link
rel
dns
prefetch
href
cdnjs
cloudflare
com
meta
property
og
title
content
chancellor
lecture
series
meta
property
og
type
content
article
meta
property
og
url
content
meta
property
og
description
content
the
chancellor
rsquo
lecture
series
strives
to
connect
the
nbsp
vanderbilt
community
and
audiences
across
the
nation
and
the
world
with
leaders
and
visionaries
who
are
shaping
our
world
for
more
information
email
cls
vanderbilt
edu
join
our
mailing
list
raquo
view
previous
lecture
speakers
and
videos
raquo
the
covid
conundrum
what
next
nikky
finney
where
we
belong
amp
hellip
meta
property
og
site
name
content
vanderbilt
university
meta
name
twitter
url
content
meta
name
twitter
title
content
chancellor
lecture
series
meta
name
twitter
description
content
the
chancellor
rsquo
lecture
series
strives
to
connect
the
nbsp
vanderbilt
community
and
audiences
across
the
nation
and
the
world
with
leaders
and
visionaries
who
are
shaping
our
world
for
more
information
email
cls
vanderbilt
edu
join
our
mailing
list
raquo
view
previous
lecture
speakers
and
videos
raquo
the
covid
conundrum
what
next
nikky
finney
where
we
belong
amp
hellip
meta
name
twitter
site
content
vanderbiltu
meta
name
twitter
creator
content
vanderbiltu
meta
property
og
image
content
meta
name
twitter
image
src
content
script
type
application
ld
json
context
http://schema.org
type
newsarticle
mainentityofpage
type
webpage
id
headline
chancellor
lecture
series
datepublished
2
feb
datemodified
2
feb
author
type
person
name
webcomm
publisher
type
organization
name
vanderbilt
university
logo
type
imageobject
url
http://news.vanderbilt.edu/i/VU-Square.jpg
height
width
image
type
imageobject
url
height
width
description
the
chancellor
rsquo
lecture
series
strives
to
connect
the
nbsp
vanderbilt
community
and
audiences
across
the
nation
and
the
world
with
leaders
and
visionaries
who
are
shaping
our
world
for
more
information
email
cls
vanderbilt
edu
join
our
mailing
list
raquo
view
previous
lecture
speakers
and
videos
raquo
the
covid
conundrum
what
next
nikky
finney
where
we
belong
amp
hellip
script
type
text
javascript
window
wpemojisettings
baseurl
https
org
images
core
emoji
0
ext
png
svgurl
https
org
images
core
emoji
0
svg
svgext
svg
source
concatemoji
https
www
vanderbilt
edu
chancellor
wp
includes
js
wp
emoji
release
min
js
ver
5
this
file
is
auto
generated
function
var
function
try
var
supporttests
timestamp
new
date
valueof
sessionstorage
setitem
json
stringify
catch
function
clearrect
canvas
width
canvas
height
filltext
var
new
uint
32
array
getimagedata
canvas
width
canvas
height
data
clearrect
canvas
width
canvas
height
filltext
new
uint
32
array
getimagedata
canvas
width
canvas
height
data
return
every
function
return
function
switch
case
flag
return
ud
83
udff
3
ufe
0
ufe
0
ud
83
udff
3
ufe
0
ufe
0
1
ud
83
uddfa
ud
83
uddf
3
ud
83
uddfa
ud
83
uddf
3
ud
83
udff
4
udb
40
udc
67
udb
40
udc
62
udb
40
udc
65
udb
40
udc
6
udb
40
udc
67
udb
40
udc
7
ud
83
udff
4
udb
40
udc
67
udb
40
udc
62
udb
40
udc
65
udb
40
udc
6
udb
40
udc
67
udb
40
udc
7
case
emoji
return
ud
83
udef
1
ud
83
udffb
ud
83
udef
2
ud
83
udfff
ud
83
udef
1
ud
83
udffb
ud
83
udef
2
ud
83
udfff
return
1
function
var
undefined
typeof
workerglobalscope
self
instanceof
workerglobalscope
new
offscreencanvas
createelement
canvas
getcontext
2
willreadfrequently
0
textbaseline
top
font
px
arial
return
foreach
function
function
var
createelement
script
src
defer
0
head
appendchild
undefined
typeof
promise
wpemojisettingssupports
flag
emoji
supports
everything
0
everythingexceptflag
0
new
promise
function
addeventlistener
domcontentloaded
once
0
new
promise
function
var
function
try
var
json
parse
sessionstorage
getitem
if
object
typeof
number
typeof
timestamp
new
date
valueof
timestamp
object
typeof
supporttests
return
supporttests
catch
return
null
if
if
undefined
typeof
worker
undefined
typeof
offscreencanvas
undefined
typeof
url
url
createobjecturl
undefined
typeof
blob
try
var
postmessage
tostring
json
stringify
tostring
tostring
join
new
blob
type
text
javascript
new
worker
url
createobjecturl
name
wptestemojisupports
return
void
onmessage
function
data
terminate
catch
then
function
for
var
in
supports
supports
everything
supports
everything
supports
flag
supports
everythingexceptflag
supports
everythingexceptflag
supports
supports
everythingexceptflag
supports
everythingexceptflag
supports
flag
domready
1
readycallback
function
domready
0
then
function
return
then
function
var
supports
everything
readycallback
source
concatemoji
concatemoji
wpemoji
twemoji
twemoji
wpemoji
window
document
window
wpemojisettings
style
type
text
css
img
wp
smiley
img
emoji
display
inline
important
border
none
important
box
shadow
none
important
height
1
em
important
width
1
em
important
margin
07
em
important
vertical
align
em
important
background
none
important
padding
0
important
link
rel
stylesheet
id
wp
block
library
css
href
ver
5
type
text
css
media
all
style
id
wp
block
library
inline
css
type
text
css
has
text
align
justify
text
align
justify
link
rel
stylesheet
id
mediaelement
css
href
ver
17
type
text
css
media
all
link
rel
stylesheet
id
wp
mediaelement
css
href
ver
5
type
text
css
media
all
style
id
jetpack
sharing
buttons
style
inline
css
type
text
css
jetpack
sharing
buttons
services
list
display
flex
flex
direction
row
flex
wrap
wrap
gap
0
list
style
type
none
margin
5
px
padding
0
jetpack
sharing
buttons
services
list
has
small
icon
size
font
size
12
px
jetpack
sharing
buttons
services
list
has
normal
icon
size
font
size
16
px
jetpack
sharing
buttons
services
list
has
large
icon
size
font
size
24
px
jetpack
sharing
buttons
services
list
has
huge
icon
size
font
size
36
px
media
print
jetpack
sharing
buttons
services
list
display
none
important
editor
styles
wrapper
wp
block
jetpack
sharing
buttons
gap
0
padding
inline
start
0
ul
jetpack
sharing
buttons
services
list
has
background
padding
em
em
style
id
classic
theme
styles
inline
css
type
text
css
this
file
is
auto
generated
wp
block
button
link
color
fff
background
color
border
radius
px
box
shadow
none
text
decoration
none
padding
calc
em
2
px
calc
em
2
px
font
size
em
wp
block
file
button
background
color
fff
text
decoration
none
style
id
global
styles
inline
css
type
text
css
body
wp
preset
color
black
wp
preset
color
cyan
bluish
gray
abb
wp
preset
color
white
ffffff
wp
preset
color
pale
pink
78
da
7
wp
preset
color
vivid
red
cf
wp
preset
color
luminous
vivid
orange
ff
wp
preset
color
luminous
vivid
amber
fcb
wp
preset
color
light
green
cyan
7
bdcb
5
wp
preset
color
vivid
green
cyan
wp
preset
color
pale
cyan
blue
8
ed
1
fc
wp
preset
color
vivid
cyan
blue
wp
preset
color
vivid
purple
0
wp
preset
gradient
vivid
cyan
blue
to
vivid
purple
linear
gradient
deg
rgba
0
rgb
wp
preset
gradient
light
green
cyan
to
vivid
green
cyan
linear
gradient
deg
rgb
0
rgb
wp
preset
gradient
luminous
vivid
amber
to
luminous
vivid
orange
linear
gradient
deg
rgba
0
rgba
wp
preset
gradient
luminous
vivid
orange
to
vivid
red
linear
gradient
deg
rgba
0
rgb
46
wp
preset
gradient
very
light
gray
to
cyan
bluish
gray
linear
gradient
deg
rgb
0
rgb
wp
preset
gradient
cool
to
warm
spectrum
linear
gradient
deg
rgb
0
rgb
20
rgb
40
rgb
60
rgb
98
80
rgb
76
wp
preset
gradient
blush
light
purple
linear
gradient
deg
rgb
0
rgb
wp
preset
gradient
blush
bordeaux
linear
gradient
deg
rgb
0
rgb
45
50
rgb
62
wp
preset
gradient
luminous
dusk
linear
gradient
deg
rgb
0
rgb
50
rgb
wp
preset
gradient
pale
ocean
linear
gradient
deg
rgb
0
rgb
50
rgb
wp
preset
gradient
electric
grass
linear
gradient
deg
rgb
0
rgb
wp
preset
gradient
midnight
linear
gradient
deg
rgb
0
rgb
wp
preset
font
size
small
13
px
wp
preset
font
size
medium
20
px
wp
preset
font
size
large
36
px
wp
preset
font
size
large
42
px
wp
preset
spacing
20
rem
wp
preset
spacing
30
rem
wp
preset
spacing
40
1
rem
wp
preset
spacing
50
rem
wp
preset
spacing
60
rem
wp
preset
spacing
70
rem
wp
preset
spacing
80
rem
wp
preset
shadow
natural
6
px
6
px
9
px
rgba
0
0
0
wp
preset
shadow
deep
12
px
12
px
50
px
rgba
0
0
0
wp
preset
shadow
sharp
6
px
6
px
0
px
rgba
0
0
0
wp
preset
shadow
outlined
6
px
6
px
0
px
3
px
rgba
1
6
px
6
px
rgba
0
0
0
1
wp
preset
shadow
crisp
6
px
6
px
0
px
rgba
0
0
0
1
where
is
layout
flex
gap
em
where
is
layout
grid
gap
em
body
is
layout
flow
alignleft
float
left
margin
inline
start
0
margin
inline
end
2
em
body
is
layout
flow
alignright
float
right
margin
inline
start
2
em
margin
inline
end
0
body
is
layout
flow
aligncenter
margin
left
auto
important
margin
right
auto
important
body
is
layout
constrained
alignleft
float
left
margin
inline
start
0
margin
inline
end
2
em
body
is
layout
constrained
alignright
float
right
margin
inline
start
2
em
margin
inline
end
0
body
is
layout
constrained
aligncenter
margin
left
auto
important
margin
right
auto
important
body
is
layout
constrained
where
not
alignleft
not
alignright
not
alignfull
max
width
var
wp
style
global
content
size
margin
left
auto
important
margin
right
auto
important
body
is
layout
constrained
alignwide
max
width
var
wp
style
global
wide
size
body
is
layout
flex
display
flex
body
is
layout
flex
flex
wrap
wrap
align
items
center
body
is
layout
flex
margin
0
body
is
layout
grid
display
grid
body
is
layout
grid
margin
0
where
wp
block
columns
is
layout
flex
gap
2
em
where
wp
block
columns
is
layout
grid
gap
2
em
where
wp
block
post
template
is
layout
flex
gap
em
where
wp
block
post
template
is
layout
grid
gap
em
has
black
color
color
var
wp
preset
color
black
important
has
cyan
bluish
gray
color
color
var
wp
preset
color
cyan
bluish
gray
important
has
white
color
color
var
wp
preset
color
white
important
has
pale
pink
color
color
var
wp
preset
color
pale
pink
important
has
vivid
red
color
color
var
wp
preset
color
vivid
red
important
has
luminous
vivid
orange
color
color
var
wp
preset
color
luminous
vivid
orange
important
has
luminous
vivid
amber
color
color
var
wp
preset
color
luminous
vivid
amber
important
has
light
green
cyan
color
color
var
wp
preset
color
light
green
cyan
important
has
vivid
green
cyan
color
color
var
wp
preset
color
vivid
green
cyan
important
has
pale
cyan
blue
color
color
var
wp
preset
color
pale
cyan
blue
important
has
vivid
cyan
blue
color
color
var
wp
preset
color
vivid
cyan
blue
important
has
vivid
purple
color
color
var
wp
preset
color
vivid
purple
important
has
black
background
color
background
color
var
wp
preset
color
black
important
has
cyan
bluish
gray
background
color
background
color
var
wp
preset
color
cyan
bluish
gray
important
has
white
background
color
background
color
var
wp
preset
color
white
important
has
pale
pink
background
color
background
color
var
wp
preset
color
pale
pink
important
has
vivid
red
background
color
background
color
var
wp
preset
color
vivid
red
important
has
luminous
vivid
orange
background
color
background
color
var
wp
preset
color
luminous
vivid
orange
important
has
luminous
vivid
amber
background
color
background
color
var
wp
preset
color
luminous
vivid
amber
important
has
light
green
cyan
background
color
background
color
var
wp
preset
color
light
green
cyan
important
has
vivid
green
cyan
background
color
background
color
var
wp
preset
color
vivid
green
cyan
important
has
pale
cyan
blue
background
color
background
color
var
wp
preset
color
pale
cyan
blue
important
has
vivid
cyan
blue
background
color
background
color
var
wp
preset
color
vivid
cyan
blue
important
has
vivid
purple
background
color
background
color
var
wp
preset
color
vivid
purple
important
has
black
border
color
border
color
var
wp
preset
color
black
important
has
cyan
bluish
gray
border
color
border
color
var
wp
preset
color
cyan
bluish
gray
important
has
white
border
color
border
color
var
wp
preset
color
white
important
has
pale
pink
border
color
border
color
var
wp
preset
color
pale
pink
important
has
vivid
red
border
color
border
color
var
wp
preset
color
vivid
red
important
has
luminous
vivid
orange
border
color
border
color
var
wp
preset
color
luminous
vivid
orange
important
has
luminous
vivid
amber
border
color
border
color
var
wp
preset
color
luminous
vivid
amber
important
has
light
green
cyan
border
color
border
color
var
wp
preset
color
light
green
cyan
important
has
vivid
green
cyan
border
color
border
color
var
wp
preset
color
vivid
green
cyan
important
has
pale
cyan
blue
border
color
border
color
var
wp
preset
color
pale
cyan
blue
important
has
vivid
cyan
blue
border
color
border
color
var
wp
preset
color
vivid
cyan
blue
important
has
vivid
purple
border
color
border
color
var
wp
preset
color
vivid
purple
important
has
vivid
cyan
blue
to
vivid
purple
gradient
background
background
var
wp
preset
gradient
vivid
cyan
blue
to
vivid
purple
important
has
light
green
cyan
to
vivid
green
cyan
gradient
background
background
var
wp
preset
gradient
light
green
cyan
to
vivid
green
cyan
important
has
luminous
vivid
amber
to
luminous
vivid
orange
gradient
background
background
var
wp
preset
gradient
luminous
vivid
amber
to
luminous
vivid
orange
important
has
luminous
vivid
orange
to
vivid
red
gradient
background
background
var
wp
preset
gradient
luminous
vivid
orange
to
vivid
red
important
has
very
light
gray
to
cyan
bluish
gray
gradient
background
background
var
wp
preset
gradient
very
light
gray
to
cyan
bluish
gray
important
has
cool
to
warm
spectrum
gradient
background
background
var
wp
preset
gradient
cool
to
warm
spectrum
important
has
blush
light
purple
gradient
background
background
var
wp
preset
gradient
blush
light
purple
important
has
blush
bordeaux
gradient
background
background
var
wp
preset
gradient
blush
bordeaux
important
has
luminous
dusk
gradient
background
background
var
wp
preset
gradient
luminous
dusk
important
has
pale
ocean
gradient
background
background
var
wp
preset
gradient
pale
ocean
important
has
electric
grass
gradient
background
background
var
wp
preset
gradient
electric
grass
important
has
midnight
gradient
background
background
var
wp
preset
gradient
midnight
important
has
small
font
size
font
size
var
wp
preset
font
size
small
important
has
medium
font
size
font
size
var
wp
preset
font
size
medium
important
has
large
font
size
font
size
var
wp
preset
font
size
large
important
has
large
font
size
font
size
var
wp
preset
font
size
large
important
wp
block
navigation
where
not
wp
element
button
color
inherit
where
wp
block
post
template
is
layout
flex
gap
em
where
wp
block
post
template
is
layout
grid
gap
em
where
wp
block
columns
is
layout
flex
gap
2
em
where
wp
block
columns
is
layout
grid
gap
2
em
wp
block
pullquote
font
size
em
line
height
link
rel
stylesheet
id
cookieconsent
css
href
https://cdn.jsdelivr.net/npm/cookieconsent
3
build
cookieconsent
min
css
ver
0
type
text
css
media
all
link
rel
stylesheet
id
fontawesome
css
href
ver
0
type
text
css
media
all
link
rel
stylesheet
id
futurevu
css
href
ver
12
type
text
css
media
all
link
rel
stylesheet
id
futurevu
parent
css
href
ver
0
type
text
css
media
all
link
rel
stylesheet
id
primary
nav
children
css
css
href
ver
0
type
text
css
media
all
link
rel
canonical
href
img
wpstats
display
none
link
rel
dns
prefetch
href
cdn
vanderbilt
edu
style
type
text
css
id
wp
custom
css
post
article
page
meta
display
none
google
tag
manager
iframe
src
https://www.googletagmanager.com/ns.html
id
gtm
mh
87
fl
height
0
width
0
style
display
none
visibility
hidden
svg
display
none
width
0
height
0
version
xmlns
xlink
http://www.w3.org/1999/xlink
path
fill
rule
evenodd
clip
rule
evenodd
zm
fill
currentcolor
path
fill
currentcolor
path
fill
currentcolor
12
12
15
15
24
24
15
15
12
12
6
6
12
path
5
zm
fill
currentcolor
path
fill
currentcolor
5
15
5
15
5
39
15
39
39
15
15
5
15
5
15
5
path
fill
currentcolor
path
fill
currentcolor
path
fill
currentcolor
path
fill
rule
evenodd
clip
rule
evenodd
16
zm
zm
5
fill
currentcolor
path
fill
currentcolor
path
fill
currentcolor
48
zm
88
8
svg
id
tiktok
xmlns
http://www.w3.org/2000/svg
viewbox
shape
rendering
geometricprecision
text
rendering
geometricprecision
image
rendering
optimizequality
fill
rule
evenodd
clip
rule
evenodd
path
fill
currentcolor
svg
id
pinterest
xmlns
http://www.w3.org/2000/svg
xmlns
xlink
http://www.w3.org/1999/xlink
0
px
0
px
fill
currentcolor
viewbox
style
enable
background
new
xml
space
preserve
path
5
svg
id
snapchat
xmlns
http://www.w3.org/2000/svg
viewbox
path
96
69
fill
currentcolor
path
5
9
8
8
6
path
9
path
zm
fill
currentcolor
path
zm
fill
currentcolor
path
fill
currentcolor
path
fill
currentcolor
path
fill
currentcolor
path
fill
currentcolor
path
fill
currentcolor
path
fill
currentcolor
path
fill
currentcolor
path
fill
currentcolor
path
fill
currentcolor
path
zm
zm
fill
currentcolor
path
fill
currentcolor
path
zm
fill
currentcolor
path
fill
currentcolor
path
zm
fill
currentcolor
path
fill
currentcolor
path
zm
zm
fill
currentcolor
path
fill
currentcolor
path
fill
currentcolor
path
zm
fill
currentcolor
path
fill
currentcolor
path
zm
zm
zm
fill
currentcolor
path
fill
rule
evenodd
clip
rule
evenodd
rect
width
30
height
1
fill
currentcolor
rect
6
width
30
height
1
fill
currentcolor
rect
12
width
30
height
1
fill
currentcolor
circle
cx
cy
path
path
path
transform
rotate
6
path
zm
path
path
path
fill
currentcolor
path
22
22
zm
22
2
22
22
07
zm
zm
22
86
79
42
86
22
92
zm
0
42
5
zm
zm
42
79
42
22
zm
22
42
22
72
7
zm
38
zm
42
zm
zm
zm
42
22
22
zm
0
42
22
zm
42
22
42
42
94
svg
xmlns
http://www.w3.org/2000/svg
id
mail
viewbox
fill
none
path
fill
currentcolor
18
24
zm
zm
zm
zm
path
zm
zm
zm
8
zm
0
zm
zm
65
7
71
21
03
zm
07
24
48
8
zm
zm
21
zm
zm
zm
24
zm
0
zm
zm
zm
8
zm
0
24
48
zm
zm
7
04
zm
8
zm
zm
0
zm
24
zm
62
zm
2
svg
version
id
graduate
cap
xmlns
http://www.w3.org/2000/svg
xmlns
xlink
http://www.w3.org/1999/xlink
viewbox
fill
currentcolor
path
path
path
polygon
points
class
primary
nav
logo
link
href
https://www.vanderbilt.edu/
svg
viewbox
fill
none
xmlns
http://www.w3.org/2000/svg
aria
hidden
true
focusable
false
path
46
fill
url
path
fill
url
path
76
46
fill
url
path
fill
url
stop
stop
color
feeeb
6
stop
offset
1
stop
color
stop
stop
color
feeeb
6
stop
offset
1
stop
color
stop
stop
color
feeeb
6
stop
offset
1
stop
color
stop
stop
color
feeeb
6
stop
offset
1
stop
color
vanderbilt
university
class
primary
nav
logo
text
href
https://www.vanderbilt.edu/
vanderbilt
university
form
action
https://www.vanderbilt.edu/search/
class
js
nav
search
form
method
get
role
search
input
class
primary
nav
search
input
js
nav
search
input
type
text
name
aria
label
search
menu
href
https://www.vanderbilt.edu/chancellor
class
primary
nav
site
link
office
of
the
chancellor
href
class
target
biography
href
class
target
remarks
addresses
and
outreach
href
class
target
initiatives
href
class
target
leadership
team
href
https://www.vanderbilt.edu/chancellor/media/
class
target
media
href
class
target
history
href
class
target
contact
close
menu
href
svg
viewbox
fill
none
xmlns
http://www.w3.org/2000/svg
aria
hidden
true
focusable
false
path
46
fill
url
path
fill
url
path
76
46
fill
url
path
fill
url
stop
stop
color
feeeb
6
stop
offset
1
stop
color
stop
stop
color
feeeb
6
stop
offset
1
stop
color
stop
stop
color
feeeb
6
stop
offset
1
stop
color
stop
stop
color
feeeb
6
stop
offset
1
stop
color
vanderbilt
university
form
action
https://www.vanderbilt.edu/search/
class
mega
menu
search
form
js
mega
menu
search
form
method
get
role
search
input
class
mega
menu
search
input
js
mega
menu
search
input
type
text
placeholder
search
name
aria
label
search
all
vanderbilt
all
vanderbilt
class
mega
menu
list
item
link
href
biography
class
mega
menu
list
item
link
href
remarks
addresses
and
outreach
class
mega
menu
list
item
link
href
initiatives
class
mega
menu
list
item
link
href
leadership
team
class
mega
menu
list
item
link
href
https://www.vanderbilt.edu/chancellor/media/
media
class
mega
menu
list
item
link
href
history
class
mega
menu
list
item
link
href
contact
class
mega
menu
list
item
link
href
https://www.vanderbilt.edu/about/
aria
haspopup
true
about
href
this
is
vanderbilt
href
quick
facts
href
university
leadership
href
https://www.vanderbilt.edu/diversity/
equity
diversity
inclusion
href
https://www.vanderbilt.edu/about/history/
history
href
https://www.vanderbilt.edu/about/contact/
contact
href
https://www.vanderbilt.edu/atoz/
to
class
mega
menu
list
item
link
href
https://www.vanderbilt.edu/admissions/
aria
haspopup
true
admissions
href
https://admissions.vanderbilt.edu
undergraduate
admissions
href
graduate
amp
professional
school
admissions
href
financial
aid
class
mega
menu
list
item
link
href
https://www.vanderbilt.edu/academics/
aria
haspopup
true
academics
href
program
finder
href
https://www.vanderbilt.edu/academics/
schools
colleges
schools
colleges
href
residential
colleges
href
https://www.vanderbilt.edu/academics/
global
edu
study
abroad
href
https://www.library.vanderbilt.edu
libraries
href
https://www.vanderbilt.edu/strategicplan/
strategic
plan
class
mega
menu
list
item
link
href
https://www.vanderbilt.edu/research/
aria
haspopup
true
research
href
https://www.vanderbilt.edu/atoz/
centers
centers
institutes
href
https://news.vanderbilt.edu/research/
research
news
href
undergraduate
research
href
https://gradschool.vanderbilt.edu/research/
graduate
school
research
href
https://www.vumc.org/oor/welcome
vumc
research
class
mega
menu
list
item
link
href
https://www.vanderbilt.edu/student-life/
aria
haspopup
true
campus
life
href
housing
dining
href
health
safety
href
organizations
identity
centers
href
https://vucommodores.com
athletics
href
https://www.vanderbilt.edu/nashville/
our
hometown
nashville
class
mega
menu
list
item
link
href
https://www.vanderbilt.edu/news-events/
aria
haspopup
true
news
events
href
https://news.vanderbilt.edu
vanderbilt
news
href
https://news.vanderbilt.edu/research
research
news
href
vanderbilt
magazine
href
https://events.vanderbilt.edu
events
chancellor
lecture
series
img
decoding
async
class
size
full
wp
image
src
alt
vanderbilt
chancellor
lecture
series
width
the
chancellors
lecture
series
strives
to
connect
the
vanderbilt
community
and
audiences
across
the
nation
and
the
world
with
leaders
and
visionaries
who
are
shaping
our
world
for
more
information
email
cls
vanderbilt
edu
href
class
button
button
standard
target
self
join
our
mailing
list
href
class
button
button
standard
target
self
view
previous
lecture
speakers
and
videos
iframe
src
https://www.youtube.com/embed/r47901_4Uf0
allow
accelerometer
autoplay
encrypted
media
gyroscope
picture
in
picture
frameborder
0
the
covid
conundrum
what
next
iframe
src
https://www.youtube.com/embed/ux5P00jApw8
allow
accelerometer
autoplay
encrypted
media
gyroscope
picture
in
picture
frameborder
0
nikky
finney
where
we
belong
building
an
inclusive
community
iframe
src
https://www.youtube.com/embed/Iq5aext478k
allow
accelerometer
autoplay
encrypted
media
gyroscope
picture
in
picture
frameborder
0
nashville
through
the
decades
vanderbilt
chancellor
lecture
series
iframe
src
https://www.youtube.com/embed/mYNDMtbBofY
allow
accelerometer
autoplay
encrypted
media
gyroscope
picture
in
picture
frameborder
0
racial
justice
freedom
and
activism
in
nashville
and
beyond
then
and
now
symposium
iframe
src
https://www.youtube.com/embed/0AlYmAQxc_g
allow
accelerometer
autoplay
encrypted
media
gyroscope
picture
in
picture
frameborder
0
vanderbilt
in
the
vanguard
the
decades
long
journey
to
coronavirus
vaccine
iframe
src
https://www.youtube.com/embed/iIyajVBqAHU
allow
accelerometer
autoplay
encrypted
media
gyroscope
picture
in
picture
frameborder
0
martin
luther
king
commemorative
virtual
event
href
https://www.youtube.com/playlist
list
pl
1
ac
class
button
button
standard
target
watch
more
end
of
youtube
playlist
grid
hr
nbsp
cls
recent
news
href
img
decoding
async
src
width
class
img
responsive
alt
watch
experts
discuss
whats
next
in
the
covid
19
pandemic
style
margin
15
px
0
watch
experts
discuss
whats
next
in
the
covid
19
pandemic
href
img
decoding
async
src
width
class
img
responsive
alt
watch
billie
jean
king
and
candice
lee
discuss
progress
made
and
challenges
remaining
for
equality
in
sports
style
margin
15
px
0
watch
billie
jean
king
and
candice
lee
discuss
progress
made
and
challenges
remaining
for
equality
in
sports
href
img
decoding
async
src
width
class
img
responsive
alt
register
experts
to
discuss
what
comes
next
in
the
covid
19
pandemic
style
margin
15
px
0
register
experts
to
discuss
what
comes
next
in
the
covid
19
pandemic
href
img
decoding
async
src
width
class
img
responsive
alt
chancellors
lecture
series
hosts
billie
jean
king
and
candice
lee
discussing
new
era
of
equality
in
sports
style
margin
15
px
0
chancellors
lecture
series
hosts
billie
jean
king
and
candice
lee
discussing
new
era
of
equality
in
sports
href
img
decoding
async
src
width
class
img
responsive
alt
watch
poet
nikky
finney
honors
the
wisdom
of
black
women
at
virtual
mlk
day
keynote
event
style
margin
15
px
0
watch
poet
nikky
finney
honors
the
wisdom
of
black
women
at
virtual
mlk
day
keynote
event
href
img
decoding
async
src
width
class
img
responsive
alt
watch
author
and
new
york
times
columnist
margaret
renkl
fellow
writers
discuss
changes
in
nashville
and
the
south
style
margin
15
px
0
watch
author
and
new
york
times
columnist
margaret
renkl
fellow
writers
discuss
changes
in
nashville
and
the
south
href
img
decoding
async
src
width
class
img
responsive
alt
author
columnist
margaret
renkl
to
lead
panel
discussion
on
how
nashville
the
south
are
changing
style
margin
15
px
0
author
columnist
margaret
renkl
to
lead
panel
discussion
on
how
nashville
the
south
are
changing
href
img
decoding
async
src
width
class
img
responsive
alt
rev
james
lawson
joins
fellow
scholars
historians
and
activists
for
vanderbilt
symposium
on
racial
equity
style
margin
15
px
0
rev
james
lawson
joins
fellow
scholars
historians
and
activists
for
vanderbilt
symposium
on
racial
equity
href
img
decoding
async
src
width
class
img
responsive
alt
coronavirus
experts
discuss
importance
of
research
investments
lessons
learned
from
covid
19
at
chancellors
lecture
series
style
margin
15
px
0
coronavirus
experts
discuss
importance
of
research
investments
lessons
learned
from
covid
19
at
chancellors
lecture
series
class
btn
btn
primary
href
more
rich
text
details
page
columns
content
wrapper
class
site
footer
logo
link
href
https://www.vanderbilt.edu/
svg
viewbox
fill
none
xmlns
http://www.w3.org/2000/svg
aria
hidden
true
focusable
false
path
7
7
zm
6
04
7
7
zm
zm
7
7
1
7
zm
0
7
7
5
zm
zm
34
7
zm
7
7
7
76
zm
16
zm
7
66
zm
zm
zm
7
7
7
zm
0
7
7
zm
26
06
zm
7
1
1
zm
7
1
63
zm
0
7
zm
26
7
7
zm
93
7
zm
7
zm
zm
zm
7
zm
zm
35
7
path
fill
url
lockup
path
fill
url
lockup
path
fill
url
lockup
path
fill
url
lockup
stop
stop
color
feeeb
6
stop
offset
1
stop
color
stop
stop
color
feeeb
6
stop
offset
1
stop
color
stop
stop
color
feeeb
6
stop
offset
1
stop
color
stop
stop
color
feeeb
6
stop
offset
1
stop
color
vanderbilt
university
href
university
leadership
href
residential
colleges
href
https://www.vanderbilt.edu/diversity
equity
diversity
and
inclusion
href
this
is
vanderbilt
href
https://news.vanderbilt.edu/research/
research
vanderbilt
href
working
at
vanderbilt
href
https://events.vanderbilt.edu/
events
href
https://www.vanderbilt.edu/logins/
logins
href
https://www.vanderbilt.edu/map/
campus
map
href
media
resources
site
footer
link
sets
href
https://goo.gl/maps/TU8FgZp3VKWpSK1H8
nashville
tennessee
href
https://www.vanderbilt.edu/about/contact/
contact
us
href
https://www.vanderbilt.edu/about/privacy/
vanderbilt
universitys
online
privacy
notice
class
site
footer
social
link
href
http://twitter.com/vanderbiltu
twitter
class
site
footer
social
link
href
http://www.facebook.com/vanderbilt
facebook
class
site
footer
social
link
href
linkedin
class
site
footer
social
link
href
http://www.instagram.com/vanderbiltu/
instagram
class
site
footer
social
link
href
https://www.youtube.com/vanderbilt
youtube
class
site
footer
social
link
href
https://www.tiktok.com/
vanderbiltu
tiktok
class
site
footer
social
link
href
https://www.flickr.com/digitalvu/
flickr
site
comm
links
site
footer
links
site
footer
primary
vanderbilt
university
is
committed
to
the
principle
of
equal
opportunity
vanderbilt
university
does
not
discriminate
against
individuals
on
the
basis
of
their
race
sex
sexual
orientation
gender
identity
religion
color
national
or
ethnic
origin
age
disability
military
service
or
genetic
information
in
its
administration
of
educational
policies
programs
or
activities
admissions
policies
scholarship
and
loan
programs
athletic
or
other
university
administered
programs
or
employment
href
accessibility
information
vanderbilt
vanderbilt
university
and
the
vanderbilt
logos
are
trademarks
of
the
vanderbilt
university
href
http://web.vanderbilt.edu/
site
development
digital
strategies
communications
and
marketing
href
redirect
to
https
3
2
2
fwww
vanderbilt
edu
2
fchancellor
2
flecture
series
2
copy
site
footer
secondary
script
type
text
javascript
src
ver
0
id
jquery
core
js
script
type
text
javascript
src
ver
1
id
jquery
migrate
js
script
type
text
javascript
src
ver
bf
cb
id
fl
builder
layout
js
script
type
text
javascript
src
https://cdn.jsdelivr.net/npm/cookieconsent
3
build
cookieconsent
min
js
ver
id
cookieconsent
js
script
type
text
javascript
src
ver
id
futurevu
js
script
type
text
javascript
src
ver
7
id
page
links
to
js
script
type
text
javascript
src
https://stats.wp.com/e-202435.js
id
jetpack
stats
js
data
wp
strategy
defer
script
id
jetpack
stats
js
after
type
text
javascript
stq
window
stq
stq
push
view
json
parse
ext
blog
post
tz
0
srv
www
vanderbilt
edu
stq
push
clicktrackerinit
performance
optimized
by
3
total
cache
learn
more
https://www.boldgrid.com/w3-total-cache/
page
caching
using
memcached
database
caching
using
memcached
served
from
wpfsx
vanderbilt
edu
by
3
total
cache
