doctype
html
html
xmlns
http://www.w3.org/1999/xhtml
lang
en
xml
lang
en
class
no
js
leonor
fuller
board
of
regents
place
favicon
ico
and
apple
touch
icon
png
in
the
root
directory
meta
name
robots
content
max
image
preview
large
google
tag
manager
for
wordpress
by
gtm
4
wp
com
var
gtm
4
wp
datalayer
name
datalayer
var
datalayer
datalayer
end
google
tag
manager
for
wordpress
by
gtm
4
wp
com
link
rel
dns
prefetch
href
www
washington
edu
link
rel
dns
prefetch
href
fonts
googleapis
com
link
rel
alternate
type
application
rss
xml
title
board
of
regents
raquo
feed
href
https://www.washington.edu/regents/feed/
link
rel
alternate
type
application
rss
xml
title
board
of
regents
raquo
comments
feed
href
meta
property
og
image
content
meta
name
twitter
card
content
summary
meta
name
twitter
site
content
uw
meta
name
twitter
creator
content
uw
meta
name
twitter
card
content
summary
large
image
meta
property
og
title
content
leonor
fuller
meta
property
og
url
content
meta
property
og
site
name
content
board
of
regents
meta
property
og
description
content
leonor
fuller
has
deep
roots
at
the
university
of
washington
where
she
earned
her
and
juris
doctor
degrees
fuller
has
been
an
active
and
engaged
member
of
the
uw
school
of
law
leadership
link
rel
stylesheet
id
wp
block
library
css
href
www
washington
edu
wp
includes
css
dist
block
library
style
css
ver
2
type
text
css
media
all
style
id
classic
theme
styles
inline
css
type
text
css
these
rules
are
needed
for
backwards
compatibility
they
should
match
the
button
element
rules
in
the
base
theme
json
file
wp
block
button
link
color
ffffff
background
color
border
radius
px
causes
an
oval
but
any
explicit
but
really
high
value
retains
the
pill
shape
this
needs
low
specificity
so
it
won
override
the
rules
from
the
button
element
if
defined
in
theme
json
box
shadow
none
text
decoration
none
the
extra
2
px
are
added
to
size
solids
the
same
as
the
outline
versions
padding
calc
em
2
px
calc
em
2
px
font
size
em
wp
block
file
button
background
color
ffffff
text
decoration
none
style
id
global
styles
inline
css
type
text
css
body
wp
preset
color
black
wp
preset
color
cyan
bluish
gray
abb
wp
preset
color
white
ffffff
wp
preset
color
pale
pink
78
da
7
wp
preset
color
vivid
red
cf
wp
preset
color
luminous
vivid
orange
ff
wp
preset
color
luminous
vivid
amber
fcb
wp
preset
color
light
green
cyan
7
bdcb
5
wp
preset
color
vivid
green
cyan
wp
preset
color
pale
cyan
blue
8
ed
1
fc
wp
preset
color
vivid
cyan
blue
wp
preset
color
vivid
purple
0
wp
preset
gradient
vivid
cyan
blue
to
vivid
purple
linear
gradient
deg
rgba
0
rgb
wp
preset
gradient
light
green
cyan
to
vivid
green
cyan
linear
gradient
deg
rgb
0
rgb
wp
preset
gradient
luminous
vivid
amber
to
luminous
vivid
orange
linear
gradient
deg
rgba
0
rgba
wp
preset
gradient
luminous
vivid
orange
to
vivid
red
linear
gradient
deg
rgba
0
rgb
46
wp
preset
gradient
very
light
gray
to
cyan
bluish
gray
linear
gradient
deg
rgb
0
rgb
wp
preset
gradient
cool
to
warm
spectrum
linear
gradient
deg
rgb
0
rgb
20
rgb
40
rgb
60
rgb
98
80
rgb
76
wp
preset
gradient
blush
light
purple
linear
gradient
deg
rgb
0
rgb
wp
preset
gradient
blush
bordeaux
linear
gradient
deg
rgb
0
rgb
45
50
rgb
62
wp
preset
gradient
luminous
dusk
linear
gradient
deg
rgb
0
rgb
50
rgb
wp
preset
gradient
pale
ocean
linear
gradient
deg
rgb
0
rgb
50
rgb
wp
preset
gradient
electric
grass
linear
gradient
deg
rgb
0
rgb
wp
preset
gradient
midnight
linear
gradient
deg
rgb
0
rgb
wp
preset
font
size
small
13
px
wp
preset
font
size
medium
20
px
wp
preset
font
size
large
36
px
wp
preset
font
size
large
42
px
wp
preset
spacing
20
rem
wp
preset
spacing
30
rem
wp
preset
spacing
40
1
rem
wp
preset
spacing
50
rem
wp
preset
spacing
60
rem
wp
preset
spacing
70
rem
wp
preset
spacing
80
rem
wp
preset
shadow
natural
6
px
6
px
9
px
rgba
0
0
0
wp
preset
shadow
deep
12
px
12
px
50
px
rgba
0
0
0
wp
preset
shadow
sharp
6
px
6
px
0
px
rgba
0
0
0
wp
preset
shadow
outlined
6
px
6
px
0
px
3
px
rgba
1
6
px
6
px
rgba
0
0
0
1
wp
preset
shadow
crisp
6
px
6
px
0
px
rgba
0
0
0
1
where
is
layout
flex
gap
em
where
is
layout
grid
gap
em
body
is
layout
flow
alignleft
float
left
margin
inline
start
0
margin
inline
end
2
em
body
is
layout
flow
alignright
float
right
margin
inline
start
2
em
margin
inline
end
0
body
is
layout
flow
aligncenter
margin
left
auto
important
margin
right
auto
important
body
is
layout
constrained
alignleft
float
left
margin
inline
start
0
margin
inline
end
2
em
body
is
layout
constrained
alignright
float
right
margin
inline
start
2
em
margin
inline
end
0
body
is
layout
constrained
aligncenter
margin
left
auto
important
margin
right
auto
important
body
is
layout
constrained
where
not
alignleft
not
alignright
not
alignfull
max
width
var
wp
style
global
content
size
margin
left
auto
important
margin
right
auto
important
body
is
layout
constrained
alignwide
max
width
var
wp
style
global
wide
size
body
is
layout
flex
display
flex
body
is
layout
flex
flex
wrap
wrap
align
items
center
body
is
layout
flex
margin
0
body
is
layout
grid
display
grid
body
is
layout
grid
margin
0
where
wp
block
columns
is
layout
flex
gap
2
em
where
wp
block
columns
is
layout
grid
gap
2
em
where
wp
block
post
template
is
layout
flex
gap
em
where
wp
block
post
template
is
layout
grid
gap
em
has
black
color
color
var
wp
preset
color
black
important
has
cyan
bluish
gray
color
color
var
wp
preset
color
cyan
bluish
gray
important
has
white
color
color
var
wp
preset
color
white
important
has
pale
pink
color
color
var
wp
preset
color
pale
pink
important
has
vivid
red
color
color
var
wp
preset
color
vivid
red
important
has
luminous
vivid
orange
color
color
var
wp
preset
color
luminous
vivid
orange
important
has
luminous
vivid
amber
color
color
var
wp
preset
color
luminous
vivid
amber
important
has
light
green
cyan
color
color
var
wp
preset
color
light
green
cyan
important
has
vivid
green
cyan
color
color
var
wp
preset
color
vivid
green
cyan
important
has
pale
cyan
blue
color
color
var
wp
preset
color
pale
cyan
blue
important
has
vivid
cyan
blue
color
color
var
wp
preset
color
vivid
cyan
blue
important
has
vivid
purple
color
color
var
wp
preset
color
vivid
purple
important
has
black
background
color
background
color
var
wp
preset
color
black
important
has
cyan
bluish
gray
background
color
background
color
var
wp
preset
color
cyan
bluish
gray
important
has
white
background
color
background
color
var
wp
preset
color
white
important
has
pale
pink
background
color
background
color
var
wp
preset
color
pale
pink
important
has
vivid
red
background
color
background
color
var
wp
preset
color
vivid
red
important
has
luminous
vivid
orange
background
color
background
color
var
wp
preset
color
luminous
vivid
orange
important
has
luminous
vivid
amber
background
color
background
color
var
wp
preset
color
luminous
vivid
amber
important
has
light
green
cyan
background
color
background
color
var
wp
preset
color
light
green
cyan
important
has
vivid
green
cyan
background
color
background
color
var
wp
preset
color
vivid
green
cyan
important
has
pale
cyan
blue
background
color
background
color
var
wp
preset
color
pale
cyan
blue
important
has
vivid
cyan
blue
background
color
background
color
var
wp
preset
color
vivid
cyan
blue
important
has
vivid
purple
background
color
background
color
var
wp
preset
color
vivid
purple
important
has
black
border
color
border
color
var
wp
preset
color
black
important
has
cyan
bluish
gray
border
color
border
color
var
wp
preset
color
cyan
bluish
gray
important
has
white
border
color
border
color
var
wp
preset
color
white
important
has
pale
pink
border
color
border
color
var
wp
preset
color
pale
pink
important
has
vivid
red
border
color
border
color
var
wp
preset
color
vivid
red
important
has
luminous
vivid
orange
border
color
border
color
var
wp
preset
color
luminous
vivid
orange
important
has
luminous
vivid
amber
border
color
border
color
var
wp
preset
color
luminous
vivid
amber
important
has
light
green
cyan
border
color
border
color
var
wp
preset
color
light
green
cyan
important
has
vivid
green
cyan
border
color
border
color
var
wp
preset
color
vivid
green
cyan
important
has
pale
cyan
blue
border
color
border
color
var
wp
preset
color
pale
cyan
blue
important
has
vivid
cyan
blue
border
color
border
color
var
wp
preset
color
vivid
cyan
blue
important
has
vivid
purple
border
color
border
color
var
wp
preset
color
vivid
purple
important
has
vivid
cyan
blue
to
vivid
purple
gradient
background
background
var
wp
preset
gradient
vivid
cyan
blue
to
vivid
purple
important
has
light
green
cyan
to
vivid
green
cyan
gradient
background
background
var
wp
preset
gradient
light
green
cyan
to
vivid
green
cyan
important
has
luminous
vivid
amber
to
luminous
vivid
orange
gradient
background
background
var
wp
preset
gradient
luminous
vivid
amber
to
luminous
vivid
orange
important
has
luminous
vivid
orange
to
vivid
red
gradient
background
background
var
wp
preset
gradient
luminous
vivid
orange
to
vivid
red
important
has
very
light
gray
to
cyan
bluish
gray
gradient
background
background
var
wp
preset
gradient
very
light
gray
to
cyan
bluish
gray
important
has
cool
to
warm
spectrum
gradient
background
background
var
wp
preset
gradient
cool
to
warm
spectrum
important
has
blush
light
purple
gradient
background
background
var
wp
preset
gradient
blush
light
purple
important
has
blush
bordeaux
gradient
background
background
var
wp
preset
gradient
blush
bordeaux
important
has
luminous
dusk
gradient
background
background
var
wp
preset
gradient
luminous
dusk
important
has
pale
ocean
gradient
background
background
var
wp
preset
gradient
pale
ocean
important
has
electric
grass
gradient
background
background
var
wp
preset
gradient
electric
grass
important
has
midnight
gradient
background
background
var
wp
preset
gradient
midnight
important
has
small
font
size
font
size
var
wp
preset
font
size
small
important
has
medium
font
size
font
size
var
wp
preset
font
size
medium
important
has
large
font
size
font
size
var
wp
preset
font
size
large
important
has
large
font
size
font
size
var
wp
preset
font
size
large
important
wp
block
navigation
where
not
wp
element
button
color
inherit
where
wp
block
post
template
is
layout
flex
gap
em
where
wp
block
post
template
is
layout
grid
gap
em
where
wp
block
columns
is
layout
flex
gap
2
em
where
wp
block
columns
is
layout
grid
gap
2
em
wp
block
pullquote
font
size
em
line
height
link
rel
stylesheet
id
contact
form
7
css
href
www
washington
edu
wp
content
plugins
contact
form
7
includes
css
styles
css
ver
5
type
text
css
media
all
link
rel
stylesheet
id
uw
master
css
href
www
washington
edu
wp
content
themes
uw
style
css
ver
0
type
text
css
media
all
link
rel
stylesheet
id
google
font
open
css
href
https://fonts.googleapis.com/css
family
open
sans
italic
italic
ver
type
text
css
media
all
script
type
text
javascript
src
www
washington
edu
wp
includes
js
underscore
min
js
ver
4
id
underscore
js
script
type
text
javascript
src
www
washington
edu
wp
includes
js
jquery
jquery
js
ver
1
id
jquery
core
js
script
type
text
javascript
id
jquery
core
js
after
cdata
jquery
script
type
text
javascript
src
www
washington
edu
wp
includes
js
jquery
jquery
migrate
js
ver
1
id
jquery
migrate
js
script
type
text
javascript
src
www
washington
edu
wp
includes
js
backbone
min
js
ver
0
id
backbone
js
script
type
text
javascript
id
site
js
extra
cdata
var
style
dir
https
www
washington
edu
cms
regents
var
jetpackcarouselstrings
widths
is
logged
in
lang
en
ajaxurl
https
www
washington
edu
cms
regents
wp
admin
admin
ajax
php
nonce
display
exif
1
display
geo
background
color
white
download
original
view
full
size
0
span
1
span
camera
camera
aperture
aperture
shutter
speed
shutter
speed
focal
length
focal
length
require
name
email
1
login
url
https
www
washington
edu
cms
regents
wp
login
php
redirect
to
https
3
2
2
fwww
washington
edu
2
fcms
2
fregents
2
fofficers
2
fleonor
fuller
2
script
type
text
javascript
src
www
washington
edu
wp
content
themes
uw
js
site
js
ver
0
id
site
js
link
rel
edituri
type
application
rsd
xml
title
rsd
href
rsd
meta
name
generator
content
wordpress
2
link
rel
canonical
href
link
rel
shortlink
href
https://www.washington.edu/regents/
google
tag
manager
for
wordpress
by
gtm
4
wp
com
gtm
container
placement
set
to
automatic
var
datalayer
content
pageposttype
page
pageposttype
2
single
page
pagepostauthor
shelley
tennant
datalayer
push
datalayer
content
function
push
gtm
start
new
date
gettime
event
gtm
js
var
getelementsbytagname
0
createelement
dl
datalayer
async
true
src
www
googletagmanager
com
gtm
js
id
dl
parentnode
insertbefore
window
document
script
datalayer
gtm
kq
6
qqbt
end
google
tag
manager
end
google
tag
manager
for
wordpress
by
gtm
4
wp
com
if
lt
ie
9
script
src
www
washington
edu
wp
content
themes
uw
assets
ie
js
html
5
shiv
js
type
text
javascript
script
src
www
washington
edu
wp
content
themes
uw
assets
ie
js
respond
js
type
text
javascript
link
rel
stylesheet
href
www
washington
edu
wp
content
themes
uw
assets
ie
css
ie
css
type
text
css
media
all
endif
if
lt
ie
9
endif
if
gt
ie
8
endif
skip
to
main
content
href
https://my.uw.edu/
utm
source
quicklinks
utm
medium
click
utm
campaign
quicklinks
utm
term
myuw
tabindex
1
myuw
href
uw
edu
calendar
utm
source
quicklinks
utm
medium
click
utm
campaign
quicklinks
utm
term
calendar
tabindex
1
calendar
href
https://directory.uw.edu/
utm
source
quicklinks
utm
medium
click
utm
campaign
quicklinks
utm
term
directories
tabindex
1
directories
href
https://lib.uw.edu/
utm
source
quicklinks
utm
medium
click
utm
campaign
quicklinks
utm
term
libraries
tabindex
1
libraries
href
https://www.uwmedicine.org/
utm
source
quicklinks
utm
medium
click
utm
campaign
quicklinks
utm
term
uwmedicine
tabindex
1
uw
medicine
href
uw
edu
maps
utm
source
quicklinks
utm
medium
click
utm
campaign
quicklinks
utm
term
maps
tabindex
1
maps
href
uw
edu
news
utm
source
quicklinks
utm
medium
click
utm
campaign
quicklinks
utm
term
uwnews
tabindex
1
uw
news
helpful
links
href
https://itconnect.uw.edu/
utm
source
quicklinks
utm
medium
click
utm
campaign
quicklinks
utm
term
computingit
tabindex
1
computing
it
href
https://employeehelp.workday.uw.edu/
utm
source
quicklinks
utm
medium
click
utm
campaign
quicklinks
utm
term
workdayhcm
tabindex
1
workday
hcm
href
https://hfs.uw.edu/Husky-Card-Services/
utm
source
quicklinks
utm
medium
click
utm
campaign
quicklinks
utm
term
huskycard
tabindex
1
husky
card
href
https://www.uwb.edu/
utm
source
quicklinks
utm
medium
click
utm
campaign
quicklinks
utm
term
uwbothell
tabindex
1
uw
bothell
href
https://www.tacoma.uw.edu/
utm
source
quicklinks
utm
medium
click
utm
campaign
quicklinks
utm
term
uwtacoma
tabindex
1
uw
tacoma
href
https://www.facebook.com/UofWA
utm
source
quicklinks
utm
medium
click
utm
campaign
quicklinks
utm
term
uwfacebook
tabindex
1
uw
facebook
href
https://twitter.com/UW
utm
source
quicklinks
utm
medium
click
utm
campaign
quicklinks
utm
term
uwtwitter
tabindex
1
uw
twitter
href
http://uw.edu
title
university
of
washington
home
university
of
washington
university
of
washington
href
http://uw.edu/studentlife
title
students
students
href
http://uw.edu/parents
title
parents
parents
href
http://uw.edu/facultystaff
title
faculty
staff
faculty
staff
href
http://uw.edu/alumni
title
alumni
alumni
if
gt
ie
8
svg
version
xmlns
http://www.w3.org/2000/svg
xmlns
xlink
http://www.w3.org/1999/xlink
0
px
0
px
width
19
px
height
51
px
viewbox
enable
background
new
xml
space
preserve
focusable
false
path
fill
ffffff
rect
transform
matrix
fill
ffffff
width
height
path
fill
ffffff
0
0
endif
quick
links
svg
version
xmlns
http://www.w3.org/2000/svg
0
px
0
px
width
px
height
px
viewbox
enable
background
new
xml
space
preserve
focusable
false
polygon
fill
ffffff
points
78
polygon
fill
ffffff
points
href
https://www.washington.edu/regents/officers/
class
dropdown
toggle
title
officers
id
43
officers
href
https://www.washington.edu/regents/
page
id
tabindex
1
title
jay
cunningham
id
jay
cunningham
href
tabindex
1
title
leonard
forsman
id
leonard
forsman
href
tabindex
1
title
leonor
fuller
id
leonor
fuller
href
tabindex
1
title
alexes
harris
id
alexes
harris
href
tabindex
1
title
linden
rhoads
id
linden
rhoads
href
tabindex
1
title
constance
rice
id
constance
rice
href
tabindex
1
title
rogelio
riojas
id
rogelio
riojas
href
tabindex
1
title
blaine
tamaki
id
blaine
tamaki
href
tabindex
1
title
maggie
walker
id
maggie
walker
href
tabindex
1
title
david
zeeck
id
david
zeeck
href
tabindex
1
title
all
regents
present
id
42
all
regents
present
href
class
dropdown
toggle
title
meetings
id
meetings
href
tabindex
1
title
meeting
schedule
id
meeting
schedule
href
https://www.washington.edu/regents/minutes/
tabindex
1
title
meeting
minutes
id
meeting
minutes
href
tabindex
1
title
meeting
archives
id
meeting
archives
href
class
dropdown
toggle
title
governance
id
governance
href
tabindex
1
title
bylaws
id
by
laws
bylaws
href
tabindex
1
title
standing
orders
id
standing
orders
standing
orders
href
tabindex
1
title
selected
statutes
id
selected
statutes
href
http://apps.leg.wa.gov/rcw/default.aspx
cite
tabindex
1
title
open
public
meetings
id
open
public
meetings
open
public
meetings
href
title
invite
the
regents
id
invite
the
regents
href
https://www.washington.edu/regents/contact/
title
contact
id
contact
href
http://www.washington.edu/leadership/
title
university
leadership
id
university
leadership
university
leadership
div
class
uw
hero
image
style
background
image
url
www
washington
edu
wp
content
themes
uw
assets
headers
suzzallo
jpg
href
https://www.washington.edu/regents/
title
board
of
regents
board
of
regents
menu
href
https://www.washington.edu/regents/officers/
officers
href
https://www.washington.edu/regents/
page
id
jay
cunningham
href
leonard
forsman
href
aria
current
page
leonor
fuller
href
alexes
harris
href
linden
rhoads
href
constance
rice
href
rogelio
riojas
href
blaine
tamaki
href
maggie
walker
href
david
zeeck
href
all
regents
present
href
meetings
href
meeting
schedule
href
https://www.washington.edu/regents/minutes/
meeting
minutes
href
meeting
archives
href
governance
href
bylaws
href
standing
orders
href
selected
statutes
href
http://apps.leg.wa.gov/rcw/default.aspx
cite
open
public
meetings
href
invite
the
regents
href
https://www.washington.edu/regents/contact/
contact
href
http://www.washington.edu/leadership/
university
leadership
href
http://uw.edu
title
university
of
washington
home
href
https://www.washington.edu/regents/
title
board
of
regents
board
of
regents
href
https://www.washington.edu/regents/officers/
title
current
board
members
current
board
members
leonor
fuller
leonor
fuller
close
menu
href
https://www.washington.edu/regents
title
home
class
homelink
home
href
https://www.washington.edu/regents/officers/
current
board
members
href
leonard
forsman
leonor
fuller
href
alexes
harris
href
linden
rhoads
href
constance
rice
href
rogelio
riojas
href
keondra
rustan
href
david
schumacher
href
blaine
tamaki
href
maggie
walker
href
david
zeeck
href
all
regents
present
img
fetchpriority
high
decoding
async
class
alignleft
wp
image
src
alt
width
height
srcset
sizes
max
width
px
vw
px
leonor
fuller
has
deep
roots
at
the
university
of
washington
where
she
earned
her
and
juris
doctor
degrees
fuller
has
been
an
active
and
engaged
member
of
the
uw
school
of
law
leadership
council
for
many
years
fuller
was
one
of
the
longest
serving
community
college
trustees
in
the
state
and
was
twice
elected
chair
of
the
south
puget
sound
community
college
board
of
trustees
during
her
17
year
tenure
she
worked
to
help
promote
the
legislative
priorities
of
spscc
and
washingtons
community
college
system
in
the
spscc
board
of
trustees
unanimously
voted
to
name
the
colleges
art
gallery
the
leonor
fuller
gallery
to
acknowledge
leonors
legacy
of
compassion
commitment
and
support
of
the
college
and
her
advocacy
on
behalf
of
community
college
students
regent
fuller
retired
from
fuller
and
fuller
attorneys
in
olympia
in
after
36
years
of
practicing
law
she
began
her
legal
career
at
the
seattle
city
attorneys
office
as
prosecutor
and
civil
litigator
leonor
served
as
the
chair
of
the
women
of
the
washington
state
association
of
justice
and
was
founding
board
member
of
the
wsaj
foundation
fuller
strongly
believes
in
the
value
of
the
arts
in
society
she
was
chair
of
the
olympia
arts
commission
and
served
on
the
board
of
the
olympia
symphony
orchestra
leonor
shares
her
experience
as
community
leader
on
the
board
of
regents
of
leadership
thurston
county
which
is
program
like
those
in
other
cities
throughout
the
country
that
was
established
to
develop
community
leaders
fuller
speaks
three
languages
and
in
addition
continues
to
work
on
her
fluency
in
french
she
is
married
and
has
two
adult
sons
nbsp
appointed
by
governor
jay
inslee
from
april
26
to
september
30
confirmed
by
the
senate
on
april
20
href
https://www.washington.edu/regents
title
home
class
homelink
home
href
https://www.washington.edu/regents/officers/
current
board
members
href
leonard
forsman
leonor
fuller
href
alexes
harris
href
linden
rhoads
href
constance
rice
href
rogelio
riojas
href
keondra
rustan
href
david
schumacher
href
blaine
tamaki
href
maggie
walker
href
david
zeeck
href
all
regents
present
board
of
regents
href
https://www.washington.edu/regents/officers/
members
href
meeting
schedule
href
https://www.washington.edu/regents/minutes/
meeting
minutes
href
meeting
archives
href
governance
href
invite
the
regents
href
https://www.washington.edu/regents/contact/
contact
href
reserve
gerberding
address
gerberding
hall
br
box
br
seattle
wa
phone
br
regents
uw
edu
href
http://www.washington.edu
class
footer
wordmark
university
of
washington
href
http://www.washington.edu/boundless/
be
boundless
connect
with
us
class
facebook
href
http://www.facebook.com/UofWA
facebook
class
twitter
href
http://twitter.com/UW
twitter
class
instagram
href
http://instagram.com/uofwa
instagram
class
youtube
href
http://www.youtube.com/user/uwhuskies
youtube
class
linkedin
href
linkedin
class
pinterest
href
http://www.pinterest.com/uofwa/
pinterest
href
http://www.uw.edu/accessibility
accessibility
href
http://uw.edu/contact
contact
us
href
http://www.washington.edu/jobs
jobs
href
http://www.washington.edu/safety
campus
safety
href
http://my.uw.edu/
my
uw
href
http://www.washington.edu/rules/wac
rules
docket
href
http://www.washington.edu/online/privacy/
privacy
href
http://www.washington.edu/online/terms/
terms
href
http://www.washington.edu/newsletter/
newsletter
copy
university
of
washington
seattle
wa
uw
container
inner
uw
container
style
id
core
block
supports
inline
css
type
text
css
core
styles
block
supports
