doctype
html
img
lazy
min
height
1
px
link
rel
preload
href
as
script
research
centers
and
institutes
uw
research
meta
class
swiftype
data
type
text
name
st
description
content
the
university
of
washington
is
known
for
its
strategic
multidisciplinary
research
within
our
extensive
network
of
centers
and
institutes
uw
researchers
staff
and
students
work
across
meta
name
google
site
verification
content
mwmtp
8
xsxcwavyaacblfdz
rwwghlbj
8
zpfyrdm
meta
name
msvalidate
01
content
1
ea
9
cc
ff
script
type
text
javascript
function
swiftypeobject
function
push
arguments
createelement
getelementsbytagname
0
async
1
src
parentnode
insertbefore
window
document
script
swiftypecdn
com
install
2
st
js
st
st
install
hqns
6
szn
81
njviqtn
4
yw
0
place
favicon
ico
and
apple
touch
icon
png
in
the
root
directory
meta
name
robots
content
index
follow
max
image
preview
large
max
snippet
1
max
video
preview
1
google
tag
manager
for
wordpress
by
gtm
4
wp
com
var
gtm
4
wp
datalayer
name
datalayer
var
datalayer
datalayer
end
google
tag
manager
for
wordpress
by
gtm
4
wp
com
this
site
is
optimized
with
the
yoast
seo
plugin
https://yoast.com/wordpress/plugins/seo/
link
rel
canonical
href
meta
property
og
locale
content
en
us
meta
property
og
type
content
article
meta
property
og
title
content
research
centers
and
institutes
uw
research
meta
property
og
description
content
the
university
of
washington
is
known
for
its
strategic
multidisciplinary
research
within
our
extensive
network
of
centers
and
institutes
uw
researchers
staff
and
students
work
across
meta
property
og
url
content
meta
property
og
site
name
content
uw
research
meta
property
article
modified
time
content
meta
name
twitter
card
content
summary
large
image
meta
name
twitter
label
1
content
est
reading
time
meta
name
twitter
data
1
content
1
minute
script
type
application
ld
json
class
yoast
schema
graph
context
https://schema.org
graph
type
webpage
id
url
name
research
centers
and
institutes
uw
research
ispartof
id
https://www.washington.edu/research/
website
datepublished
datemodified
breadcrumb
id
breadcrumb
inlanguage
en
us
potentialaction
type
readaction
target
type
breadcrumblist
id
breadcrumb
itemlistelement
type
listitem
position
1
name
home
item
https://www.washington.edu/research/
type
listitem
position
2
name
research
centers
and
institutes
type
website
id
https://www.washington.edu/research/
website
url
https://www.washington.edu/research/
name
uw
research
description
potentialaction
type
searchaction
target
type
entrypoint
urltemplate
https://www.washington.edu/research/
search
term
string
query
input
required
name
search
term
string
inlanguage
en
us
yoast
seo
plugin
link
rel
dns
prefetch
href
www
washington
edu
link
rel
dns
prefetch
href
fonts
googleapis
com
link
rel
dns
prefetch
href
code
jquery
com
link
rel
dns
prefetch
href
maxcdn
bootstrapcdn
com
link
rel
alternate
type
application
rss
xml
title
uw
research
raquo
feed
href
https://www.washington.edu/research/feed/
link
rel
alternate
type
application
rss
xml
title
uw
research
raquo
comments
feed
href
meta
property
og
image
content
meta
name
twitter
card
content
summary
meta
name
twitter
site
content
uw
meta
name
twitter
creator
content
uw
meta
name
twitter
card
content
summary
large
image
meta
property
og
title
content
research
centers
and
institutes
meta
property
og
url
content
utm
source
whitebar
utm
medium
click
utm
campaign
research
utm
term
centers
institutes
meta
property
og
site
name
content
uw
research
meta
property
og
description
content
the
university
of
washington
is
known
for
its
strategic
multidisciplinary
research
within
our
extensive
network
of
centers
and
institutes
uw
researchers
staff
and
students
work
across
disciplines
script
type
text
javascript
cdata
window
wpemojisettings
baseurl
https
org
images
core
emoji
3
ext
png
svgurl
https
org
images
core
emoji
3
svg
svgext
svg
source
concatemoji
https
www
washington
edu
research
wp
includes
js
wp
emoji
release
min
js
ver
5
this
file
is
auto
generated
function
var
function
try
var
supporttests
timestamp
new
date
valueof
sessionstorage
setitem
json
stringify
catch
function
clearrect
canvas
width
canvas
height
filltext
var
new
uint
32
array
getimagedata
canvas
width
canvas
height
data
clearrect
canvas
width
canvas
height
filltext
new
uint
32
array
getimagedata
canvas
width
canvas
height
data
return
every
function
return
function
switch
case
flag
return
ud
83
udff
3
ufe
0
ufe
0
ud
83
udff
3
ufe
0
ufe
0
1
ud
83
uddfa
ud
83
uddf
3
ud
83
uddfa
ud
83
uddf
3
ud
83
udff
4
udb
40
udc
67
udb
40
udc
62
udb
40
udc
65
udb
40
udc
6
udb
40
udc
67
udb
40
udc
7
ud
83
udff
4
udb
40
udc
67
udb
40
udc
62
udb
40
udc
65
udb
40
udc
6
udb
40
udc
67
udb
40
udc
7
case
emoji
return
ud
83
udc
26
ud
83
udc
26
return
1
function
var
undefined
typeof
workerglobalscope
self
instanceof
workerglobalscope
new
offscreencanvas
createelement
canvas
getcontext
2
willreadfrequently
0
textbaseline
top
font
px
arial
return
foreach
function
function
var
createelement
script
src
defer
0
head
appendchild
undefined
typeof
promise
wpemojisettingssupports
flag
emoji
supports
everything
0
everythingexceptflag
0
new
promise
function
addeventlistener
domcontentloaded
once
0
new
promise
function
var
function
try
var
json
parse
sessionstorage
getitem
if
object
typeof
number
typeof
timestamp
new
date
valueof
timestamp
object
typeof
supporttests
return
supporttests
catch
return
null
if
if
undefined
typeof
worker
undefined
typeof
offscreencanvas
undefined
typeof
url
url
createobjecturl
undefined
typeof
blob
try
var
postmessage
tostring
json
stringify
tostring
tostring
join
new
blob
type
text
javascript
new
worker
url
createobjecturl
name
wptestemojisupports
return
void
onmessage
function
data
terminate
catch
then
function
for
var
in
supports
supports
everything
supports
everything
supports
flag
supports
everythingexceptflag
supports
everythingexceptflag
supports
supports
everythingexceptflag
supports
everythingexceptflag
supports
flag
domready
1
readycallback
function
domready
0
then
function
return
then
function
var
supports
everything
readycallback
source
concatemoji
concatemoji
wpemoji
twemoji
twemoji
wpemoji
window
document
window
wpemojisettings
style
id
wp
emoji
styles
inline
css
type
text
css
img
wp
smiley
img
emoji
display
inline
important
border
none
important
box
shadow
none
important
height
1
em
important
width
1
em
important
margin
07
em
important
vertical
align
em
important
background
none
important
padding
0
important
link
rel
stylesheet
id
wp
block
library
css
href
ver
5
type
text
css
media
all
style
id
classic
theme
styles
inline
css
type
text
css
this
file
is
auto
generated
wp
block
button
link
color
fff
background
color
border
radius
px
box
shadow
none
text
decoration
none
padding
calc
em
2
px
calc
em
2
px
font
size
em
wp
block
file
button
background
color
fff
text
decoration
none
style
id
global
styles
inline
css
type
text
css
body
wp
preset
color
black
wp
preset
color
cyan
bluish
gray
abb
wp
preset
color
white
ffffff
wp
preset
color
pale
pink
78
da
7
wp
preset
color
vivid
red
cf
wp
preset
color
luminous
vivid
orange
ff
wp
preset
color
luminous
vivid
amber
fcb
wp
preset
color
light
green
cyan
7
bdcb
5
wp
preset
color
vivid
green
cyan
wp
preset
color
pale
cyan
blue
8
ed
1
fc
wp
preset
color
vivid
cyan
blue
wp
preset
color
vivid
purple
0
wp
preset
gradient
vivid
cyan
blue
to
vivid
purple
linear
gradient
deg
rgba
0
rgb
wp
preset
gradient
light
green
cyan
to
vivid
green
cyan
linear
gradient
deg
rgb
0
rgb
wp
preset
gradient
luminous
vivid
amber
to
luminous
vivid
orange
linear
gradient
deg
rgba
0
rgba
wp
preset
gradient
luminous
vivid
orange
to
vivid
red
linear
gradient
deg
rgba
0
rgb
46
wp
preset
gradient
very
light
gray
to
cyan
bluish
gray
linear
gradient
deg
rgb
0
rgb
wp
preset
gradient
cool
to
warm
spectrum
linear
gradient
deg
rgb
0
rgb
20
rgb
40
rgb
60
rgb
98
80
rgb
76
wp
preset
gradient
blush
light
purple
linear
gradient
deg
rgb
0
rgb
wp
preset
gradient
blush
bordeaux
linear
gradient
deg
rgb
0
rgb
45
50
rgb
62
wp
preset
gradient
luminous
dusk
linear
gradient
deg
rgb
0
rgb
50
rgb
wp
preset
gradient
pale
ocean
linear
gradient
deg
rgb
0
rgb
50
rgb
wp
preset
gradient
electric
grass
linear
gradient
deg
rgb
0
rgb
wp
preset
gradient
midnight
linear
gradient
deg
rgb
0
rgb
wp
preset
font
size
small
13
px
wp
preset
font
size
medium
20
px
wp
preset
font
size
large
36
px
wp
preset
font
size
large
42
px
wp
preset
spacing
20
rem
wp
preset
spacing
30
rem
wp
preset
spacing
40
1
rem
wp
preset
spacing
50
rem
wp
preset
spacing
60
rem
wp
preset
spacing
70
rem
wp
preset
spacing
80
rem
wp
preset
shadow
natural
6
px
6
px
9
px
rgba
0
0
0
wp
preset
shadow
deep
12
px
12
px
50
px
rgba
0
0
0
wp
preset
shadow
sharp
6
px
6
px
0
px
rgba
0
0
0
wp
preset
shadow
outlined
6
px
6
px
0
px
3
px
rgba
1
6
px
6
px
rgba
0
0
0
1
wp
preset
shadow
crisp
6
px
6
px
0
px
rgba
0
0
0
1
where
is
layout
flex
gap
em
where
is
layout
grid
gap
em
body
is
layout
flex
display
flex
body
is
layout
flex
flex
wrap
wrap
align
items
center
body
is
layout
flex
margin
0
body
is
layout
grid
display
grid
body
is
layout
grid
margin
0
where
wp
block
columns
is
layout
flex
gap
2
em
where
wp
block
columns
is
layout
grid
gap
2
em
where
wp
block
post
template
is
layout
flex
gap
em
where
wp
block
post
template
is
layout
grid
gap
em
has
black
color
color
var
wp
preset
color
black
important
has
cyan
bluish
gray
color
color
var
wp
preset
color
cyan
bluish
gray
important
has
white
color
color
var
wp
preset
color
white
important
has
pale
pink
color
color
var
wp
preset
color
pale
pink
important
has
vivid
red
color
color
var
wp
preset
color
vivid
red
important
has
luminous
vivid
orange
color
color
var
wp
preset
color
luminous
vivid
orange
important
has
luminous
vivid
amber
color
color
var
wp
preset
color
luminous
vivid
amber
important
has
light
green
cyan
color
color
var
wp
preset
color
light
green
cyan
important
has
vivid
green
cyan
color
color
var
wp
preset
color
vivid
green
cyan
important
has
pale
cyan
blue
color
color
var
wp
preset
color
pale
cyan
blue
important
has
vivid
cyan
blue
color
color
var
wp
preset
color
vivid
cyan
blue
important
has
vivid
purple
color
color
var
wp
preset
color
vivid
purple
important
has
black
background
color
background
color
var
wp
preset
color
black
important
has
cyan
bluish
gray
background
color
background
color
var
wp
preset
color
cyan
bluish
gray
important
has
white
background
color
background
color
var
wp
preset
color
white
important
has
pale
pink
background
color
background
color
var
wp
preset
color
pale
pink
important
has
vivid
red
background
color
background
color
var
wp
preset
color
vivid
red
important
has
luminous
vivid
orange
background
color
background
color
var
wp
preset
color
luminous
vivid
orange
important
has
luminous
vivid
amber
background
color
background
color
var
wp
preset
color
luminous
vivid
amber
important
has
light
green
cyan
background
color
background
color
var
wp
preset
color
light
green
cyan
important
has
vivid
green
cyan
background
color
background
color
var
wp
preset
color
vivid
green
cyan
important
has
pale
cyan
blue
background
color
background
color
var
wp
preset
color
pale
cyan
blue
important
has
vivid
cyan
blue
background
color
background
color
var
wp
preset
color
vivid
cyan
blue
important
has
vivid
purple
background
color
background
color
var
wp
preset
color
vivid
purple
important
has
black
border
color
border
color
var
wp
preset
color
black
important
has
cyan
bluish
gray
border
color
border
color
var
wp
preset
color
cyan
bluish
gray
important
has
white
border
color
border
color
var
wp
preset
color
white
important
has
pale
pink
border
color
border
color
var
wp
preset
color
pale
pink
important
has
vivid
red
border
color
border
color
var
wp
preset
color
vivid
red
important
has
luminous
vivid
orange
border
color
border
color
var
wp
preset
color
luminous
vivid
orange
important
has
luminous
vivid
amber
border
color
border
color
var
wp
preset
color
luminous
vivid
amber
important
has
light
green
cyan
border
color
border
color
var
wp
preset
color
light
green
cyan
important
has
vivid
green
cyan
border
color
border
color
var
wp
preset
color
vivid
green
cyan
important
has
pale
cyan
blue
border
color
border
color
var
wp
preset
color
pale
cyan
blue
important
has
vivid
cyan
blue
border
color
border
color
var
wp
preset
color
vivid
cyan
blue
important
has
vivid
purple
border
color
border
color
var
wp
preset
color
vivid
purple
important
has
vivid
cyan
blue
to
vivid
purple
gradient
background
background
var
wp
preset
gradient
vivid
cyan
blue
to
vivid
purple
important
has
light
green
cyan
to
vivid
green
cyan
gradient
background
background
var
wp
preset
gradient
light
green
cyan
to
vivid
green
cyan
important
has
luminous
vivid
amber
to
luminous
vivid
orange
gradient
background
background
var
wp
preset
gradient
luminous
vivid
amber
to
luminous
vivid
orange
important
has
luminous
vivid
orange
to
vivid
red
gradient
background
background
var
wp
preset
gradient
luminous
vivid
orange
to
vivid
red
important
has
very
light
gray
to
cyan
bluish
gray
gradient
background
background
var
wp
preset
gradient
very
light
gray
to
cyan
bluish
gray
important
has
cool
to
warm
spectrum
gradient
background
background
var
wp
preset
gradient
cool
to
warm
spectrum
important
has
blush
light
purple
gradient
background
background
var
wp
preset
gradient
blush
light
purple
important
has
blush
bordeaux
gradient
background
background
var
wp
preset
gradient
blush
bordeaux
important
has
luminous
dusk
gradient
background
background
var
wp
preset
gradient
luminous
dusk
important
has
pale
ocean
gradient
background
background
var
wp
preset
gradient
pale
ocean
important
has
electric
grass
gradient
background
background
var
wp
preset
gradient
electric
grass
important
has
midnight
gradient
background
background
var
wp
preset
gradient
midnight
important
has
small
font
size
font
size
var
wp
preset
font
size
small
important
has
medium
font
size
font
size
var
wp
preset
font
size
medium
important
has
large
font
size
font
size
var
wp
preset
font
size
large
important
has
large
font
size
font
size
var
wp
preset
font
size
large
important
wp
block
navigation
where
not
wp
element
button
color
inherit
where
wp
block
post
template
is
layout
flex
gap
em
where
wp
block
post
template
is
layout
grid
gap
em
where
wp
block
columns
is
layout
flex
gap
2
em
where
wp
block
columns
is
layout
grid
gap
2
em
wp
block
pullquote
font
size
em
line
height
link
rel
stylesheet
id
uw
master
css
href
ver
0
type
text
css
media
all
link
rel
stylesheet
id
google
font
open
css
href
https://fonts.googleapis.com/css
family
open
sans
italic
italic
ver
type
text
css
media
all
link
rel
stylesheet
id
uw
style
css
href
ver
0
type
text
css
media
all
link
rel
stylesheet
id
jquery
ui
base
css
href
code
jquery
com
ui
4
themes
ui
lightness
jquery
ui
css
ver
5
type
text
css
media
all
link
rel
stylesheet
id
jquery
ui
combobox
css
href
ver
5
type
text
css
media
all
link
rel
stylesheet
id
font
awesome
css
href
maxcdn
bootstrapcdn
com
font
awesome
0
css
font
awesome
min
css
ver
5
type
text
css
media
all
script
type
text
javascript
src
ver
1
id
jquery
core
js
script
type
text
javascript
id
jquery
core
js
after
cdata
jquery
script
type
text
javascript
src
ver
1
id
jquery
migrate
js
script
type
text
javascript
src
ver
4
id
underscore
js
script
type
text
javascript
src
ver
0
id
backbone
js
script
type
text
javascript
id
site
js
extra
cdata
var
style
dir
url
https
www
washington
edu
research
var
jetpackcarouselstrings
widths
is
logged
in
lang
en
ajaxurl
https
www
washington
edu
research
wp
admin
admin
ajax
php
nonce
cc
1
display
exif
1
display
geo
background
color
white
download
original
view
full
size
0
span
1
span
camera
camera
aperture
aperture
shutter
speed
shutter
speed
focal
length
focal
length
require
name
email
0
login
url
https
www
washington
edu
research
wp
login
php
redirect
to
https
3
2
2
fwww
washington
edu
2
fresearch
2
fcenters
and
institutes
2
script
type
text
javascript
src
ver
0
id
site
js
script
type
text
javascript
src
ver
2
id
jquery
ui
core
js
script
type
text
javascript
src
ver
2
id
jquery
ui
menu
js
script
type
text
javascript
src
ver
2
id
wp
polyfill
inert
js
script
type
text
javascript
src
ver
0
id
regenerator
runtime
js
script
type
text
javascript
src
ver
0
id
wp
polyfill
js
script
type
text
javascript
src
ver
ff
fffea
id
wp
dom
ready
js
script
type
text
javascript
src
ver
dd
18
id
wp
hooks
js
script
type
text
javascript
src
ver
eb
6
id
wp
18
js
script
type
text
javascript
id
wp
18
js
after
cdata
wp
18
setlocaledata
text
direction
ltr
ltr
script
type
text
javascript
src
ver
90
eebea
09
bfd
5
id
wp
11
js
script
type
text
javascript
src
ver
2
id
jquery
ui
autocomplete
js
script
type
text
javascript
src
ver
2
id
jquery
ui
controlgroup
js
script
type
text
javascript
src
ver
2
id
jquery
ui
checkboxradio
js
script
type
text
javascript
src
ver
2
id
jquery
ui
button
js
script
type
text
javascript
src
ver
2
id
jquery
ui
tooltip
js
script
type
text
javascript
src
ver
1
id
jquery
ui
combobox
js
link
rel
https://api.w.org/
href
https://www.washington.edu/research/wp-json/
link
rel
alternate
type
application
json
href
link
rel
edituri
type
application
rsd
xml
title
rsd
href
rsd
meta
name
generator
content
wordpress
5
link
rel
shortlink
href
https://www.washington.edu/research/
link
rel
alternate
type
application
json
oembed
href
url
https
3
2
2
fwww
washington
edu
2
fresearch
2
fcenters
and
institutes
2
link
rel
alternate
type
text
xml
oembed
href
url
https
3
2
2
fwww
washington
edu
2
fresearch
2
fcenters
and
institutes
2
format
xml
google
tag
manager
for
wordpress
by
gtm
4
wp
com
gtm
container
placement
set
to
automatic
var
datalayer
content
pageposttype
page
pageposttype
2
single
page
pagepostauthor
david
bellard
datalayer
push
datalayer
content
function
push
gtm
start
new
date
gettime
event
gtm
js
var
getelementsbytagname
0
createelement
dl
datalayer
async
true
src
www
googletagmanager
com
gtm
js
id
dl
parentnode
insertbefore
window
document
script
datalayer
gtm
krjjzvb
end
google
tag
manager
for
wordpress
by
gtm
4
wp
com
style
type
text
css
id
wp
custom
css
ui
datepicker
ui
datepicker
title
color
page
id
statistic
box
min
height
px
if
lt
ie
9
script
src
type
text
javascript
script
src
type
text
javascript
link
rel
stylesheet
href
type
text
css
media
all
endif
if
lt
ie
9
endif
if
gt
ie
8
endif
skip
to
main
content
href
www
washington
edu
title
university
of
washington
home
class
uw
patch
university
of
washington
href
https://www.washington.edu/research/
title
research
website
home
class
uw
wordmark
research
href
contact
us
href
https://www.washington.edu/research/or/
about
office
of
research
href
announcements
href
http://uw.edu
uw
home
if
gt
ie
8
svg
version
xmlns
http://www.w3.org/2000/svg
xmlns
xlink
http://www.w3.org/1999/xlink
0
px
0
px
width
19
px
height
51
px
viewbox
enable
background
new
xml
space
preserve
focusable
false
path
fill
ffffff
rect
transform
matrix
fill
ffffff
width
height
path
fill
ffffff
0
0
endif
quick
links
svg
version
xmlns
http://www.w3.org/2000/svg
0
px
0
px
width
px
height
px
viewbox
enable
background
new
xml
space
preserve
focusable
false
polygon
fill
ffffff
points
78
polygon
fill
ffffff
points
href
title
myresearch
project
lifecycle
id
myresearch
project
lifecycle
href
class
dropdown
toggle
title
plan
propose
aria
controls
menu
aria
expanded
false
aria
haspopup
true
id
plan
propose
href
research
myresearch
lifecycle
plan
and
propose
plan
propose
href
develop
hypothesis
question
href
select
funding
source
href
conduct
literature
search
nbsp
href
sponsor
requirements
href
recruit
team
href
budget
nbsp
href
facilities
and
resources
href
write
proposal
href
submit
proposal
href
research
tools
tools
href
http://myresearch.washington.edu/
myresearch
href
sage
href
zipline
href
research
tools
more
tools
href
class
dropdown
toggle
title
setup
aria
controls
menu
aria
expanded
false
aria
haspopup
true
id
setup
href
research
myresearch
lifecycle
setup
setup
href
sponsor
requirements
href
facilities
and
resources
href
financials
nbsp
href
subawards
href
compliance
requirements
non
financial
href
records
and
documentation
nbsp
href
methods
href
collaborations
href
data
collection
href
research
tools
tools
href
http://myresearch.washington.edu/
myresearch
href
sage
href
zipline
href
research
tools
more
tools
href
class
dropdown
toggle
title
manage
aria
controls
menu
aria
expanded
false
aria
haspopup
true
id
manage
href
research
myresearch
lifecycle
manage
manage
href
financials
href
compliance
requirements
non
financial
href
facilities
and
resources
nbsp
href
collect
data
href
analyze
data
href
subawards
nbsp
href
award
changes
href
reporting
href
research
tools
tools
href
http://myresearch.washington.edu/
myresearch
href
sage
href
zipline
href
research
tools
more
tools
href
class
dropdown
toggle
title
closeout
aria
controls
menu
aria
expanded
false
aria
haspopup
true
id
closeout
href
research
myresearch
lifecycle
closeout
closeout
href
financials
href
subawards
href
equipment
and
materials
nbsp
href
reporting
href
dissemination
of
results
nbsp
href
data
sharing
href
records
retention
href
research
tools
tools
href
http://myresearch.washington.edu/
myresearch
href
sage
href
zipline
href
research
tools
more
tools
href
class
dropdown
toggle
title
resources
aria
controls
menu
aria
expanded
false
aria
haspopup
true
id
resources
popular
resources
href
https://www.washington.edu/research/faq/
faqs
href
forms
and
templates
href
glossary
href
honors
and
awards
href
institutional
facts
and
rates
href
policies
procedures
and
guidance
href
research
stats
rankings
href
workday
finance
research
pi
quick
links
href
funding
opportunities
href
new
to
uw
research
href
pi
resources
quick
start
href
proposal
development
resources
collaboration
href
agreement
types
href
guidance
for
nih
institutional
training
grants
href
aria
current
page
research
centers
and
institutes
href
research
expertise
href
shared
research
facilities
and
resources
tools
href
http://myresearch.washington.edu/
myresearch
href
sage
href
zipline
href
research
tools
more
tools
href
class
dropdown
toggle
title
units
partners
aria
controls
menu
units
partners
aria
expanded
false
aria
haspopup
true
id
units
partners
units
partners
support
offices
href
https://www.washington.edu/research/hsd/
human
subjects
division
hsd
href
https://www.washington.edu/aco3rs/
animal
care
outreach
and
3
rs
href
https://www.washington.edu/research/or/
office
of
research
central
orc
href
https://www.washington.edu/research/oris/
office
of
research
information
services
oris
href
https://www.washington.edu/research/osp/
office
of
sponsored
programs
osp
research
units
href
https://apl.uw.edu/
applied
physics
laboratory
apl
uw
href
https://www.wanprc.org/
washington
national
primate
research
center
wanprc
uw
research
partners
href
https://www.ehs.washington.edu/
environmental
health
and
safety
eh
href
https://comotion.uw.edu/
comotion
href
https://www.washington.edu/cfr/
corporate
and
foundation
relations
cfr
href
https://finance.uw.edu/gca/
grant
and
contract
accounting
gca
href
https://finance.uw.edu/maa/home
management
accounting
and
analysis
maa
href
post
award
fiscal
compliance
pafc
href
class
dropdown
toggle
title
compliance
aria
controls
menu
aria
expanded
false
aria
haspopup
true
id
compliance
office
of
research
compliance
href
https://oaw.uw.edu/
animal
welfare
href
human
embryo
and
embryonic
stem
cell
research
oversight
href
export
controls
href
financial
conflict
of
interest
href
foreign
interests
href
type
gims
topic
owner
grants
information
memoranda
gims
nbsp
href
https://www.washington.edu/research/hsd/
human
subjects
irb
href
policies
procedures
and
guidance
href
research
misconduct
href
required
research
training
href
responsible
conduct
of
research
uw
partner
compliance
href
biosafety
eh
href
environmental
health
and
safety
eh
href
fire
code
hazardous
materials
href
post
award
fiscal
compliance
pafc
href
radiation
safety
eh
href
https://depts.washington.edu/comply/
uw
medicine
compliance
href
class
dropdown
toggle
title
training
aria
controls
menu
aria
expanded
false
aria
haspopup
true
id
training
research
administration
href
all
research
administration
learning
resources
href
certificate
in
research
administration
href
research
training
core
collaborative
for
research
education
core
href
pi
resources
quick
start
research
compliance
href
https://www.ehs.washington.edu/training
environmental
health
safety
eh
training
href
financial
conflict
of
interest
fcoi
training
href
grants
management
for
investigators
gmi
href
human
subject
division
training
and
education
href
required
research
training
href
responsible
conduct
of
research
div
class
uw
hero
image
hero
research
small
hero
lazy
style
data
bg
url
href
https://www.washington.edu/research/
title
uw
research
uw
research
menu
href
myresearch
project
lifecycle
href
plan
propose
href
setup
href
manage
href
closeout
href
resources
href
units
partners
href
compliance
href
training
href
http://uw.edu
title
university
of
washington
home
href
https://www.washington.edu/research/
title
uw
research
uw
research
research
centers
and
institutes
research
centers
and
institutes
the
university
of
washington
is
known
for
its
strategic
multidisciplinary
research
within
our
extensive
network
of
centers
and
institutes
uw
researchers
staff
and
students
work
across
disciplines
to
extend
the
boundaries
of
knowledge
contact
melissa
cox
mdcox
uw
edu
find
center
or
institute
interested
in
learning
more
about
focused
work
in
specific
area
or
finding
collaborator
to
support
your
efforts
search
the
href
list
of
uw
research
centers
and
institutes
policy
regulation
and
guidance
href
https://uwnetid.sharepoint.com/
office
of
research
web
euc
5
bnrgn
5
fcojglhiu
5
ebkbi
0
ussxa
9
lgju
7
jrapjraxq
sxikth
title
guidelines
for
establishing
center
institute
target
blank
guidelines
for
establishing
center
institute
href
title
policy
for
requesting
matching
funds
policy
for
requesting
matching
funds
href
sourcedoc
7
bbe
acc
8
abf
8
cf
amp
file
orc
centers
and
institutes
handbook
doc
amp
action
default
title
handbook
for
leaders
of
organized
research
units
target
blank
handbook
for
leaders
of
organized
research
units
forms
href
id
wgkszobyqxqyl
shrjkpqvbow
6
hfvqspozuqkzgn
1
rxwu
9
vrtrymzjqotmxoutlqte
1
ssqlqcn
0
pwcu
title
form
for
new
center
institute
name
approval
target
blank
form
for
new
center
institute
name
approval
href
id
wgkszobyqxqyl
0
llv
gsllcm
8
etpxku
4
mnuqlhgvtgwnkuwwdeysvjnufrvn
0
vgs
0
pkqs
4
title
form
for
center
institute
name
change
target
blank
form
for
center
institute
name
change
href
title
form
for
matching
funds
request
form
for
matching
funds
request
href
id
wgkszobyqxqyl
0
llv
gsllcm
8
etpxku
4
mnumjzisle
lbwlm
3
ufc
2
rvnrs
01
rvelzws
4
title
form
for
sunsetting
center
institute
target
blank
form
for
sunsetting
center
institute
other
uw
center
and
institute
listings
href
school
of
public
health
centers
and
institutes
href
college
of
engineering
research
centers
and
institutes
href
department
of
environmental
amp
occupational
health
sciences
research
centers
amp
institutes
href
department
of
chemistry
centers
amp
institutes
href
http://www.psych.uw.edu/psych.php
department
of
psychology
centers
and
institutes
href
research
class
footer
wordmark
university
of
washington
office
of
research
tools
href
https://myresearch.washington.edu/
myresearch
href
sage
href
zipline
href
research
tools
more
tools
or
support
offices
href
research
hsd
human
subjects
division
hsd
href
https://oaw.uw.edu
office
of
animal
welfare
oaw
href
research
or
office
of
research
or
href
research
oris
office
of
research
information
services
oris
href
research
osp
office
of
sponsored
programs
osp
or
research
units
href
https://apl.uw.edu/
applied
physics
laboratory
apl
uw
href
https://www.wanprc.org/
wa
national
primate
research
center
wanprc
research
partner
offices
href
http://comotion.uw.edu/
comotion
href
http://www.washington.edu/cfr/
corporate
and
foundation
relations
cfr
href
http://www.ehs.washington.edu/
enivronmental
health
and
safety
eh
href
https://finance.uw.edu/gca/
grant
and
contract
accounting
gca
href
https://www.iths.org/
institute
of
translational
health
sciences
iths
href
https://finance.uw.edu/maa/
management
accounting
and
analysis
maa
href
https://finance.uw.edu/pafc/
post
award
fiscal
compliance
pafc
collaboration
href
aria
current
page
centers
and
institutes
href
collaborative
proposal
development
resources
about
href
research
fact
sheet
href
research
annual
report
href
stats
and
rankings
href
honors
and
awards
href
https://www.washington.edu/research/or/
office
of
research
href
research
contact
us
contact
us
href
research
manage
your
office
of
research
subscriptions
manage
subscriptions
gerberding
hall
80
box
seattle
wa
href
http://www.uw.edu/accessibility
accessibility
href
http://www.washington.edu/jobs
jobs
href
http://www.washington.edu/safety
campus
safety
href
http://myuw.washington.edu/
my
uw
href
http://www.washington.edu/online/privacy
privacy
href
http://www.washington.edu/online/terms
terms
copy
university
of
washington
seattle
wa
uw
container
inner
uw
container
script
type
text
javascript
id
wpfront
scroll
top
js
extra
cdata
var
wpfront
scroll
top
data
data
css
wpfront
scroll
top
container
display
none
position
fixed
cursor
pointer
index
opacity
0
wpfront
scroll
top
container
div
text
holder
padding
3
px
10
px
border
radius
3
px
webkit
border
radius
3
px
webkit
box
shadow
4
px
4
px
5
px
0
rgba
50
5
moz
box
shadow
4
px
4
px
5
px
0
rgba
50
5
box
shadow
4
px
4
px
5
px
0
rgba
50
5
wpfront
scroll
top
container
outline
style
none
box
shadow
none
text
decoration
none
wpfront
scroll
top
container
right
20
px
bottom
20
px
wpfront
scroll
top
container
img
width
70
px
height
70
px
html
img
src
https
www
washington
edu
research
wp
content
uploads
png
alt
top
title
div
data
hide
iframe
true
button
fade
duration
auto
hide
false
auto
hide
after
2
scroll
offset
button
opacity
button
action
top
button
action
element
selector
button
action
container
selector
html
body
button
action
element
offset
0
scroll
duration
script
src
ver
id
wpfront
scroll
top
js
async
async
defer
defer
window
3
tc
lazyload
1
window
lazyloadoptions
elements
selector
lazy
callback
loaded
function
var
try
new
customevent
3
tc
lazyload
loaded
detail
catch
document
createevent
customevent
initcustomevent
3
tc
lazyload
loaded
1
1
window
dispatchevent
script
async
src
performance
optimized
by
3
total
cache
learn
more
https://www.boldgrid.com/w3-total-cache/
page
caching
using
memcached
lazy
loading
database
caching
using
memcached
served
from
research
prod
ui
oris
washington
edu
by
3
total
cache
