doctype
html
html
xmlns
http://www.w3.org/1999/xhtml
lang
en
xml
lang
en
class
no
js
population
health
place
favicon
ico
and
apple
touch
icon
png
in
the
root
directory
meta
name
robots
content
max
image
preview
large
google
tag
manager
for
wordpress
by
gtm
4
wp
com
var
gtm
4
wp
datalayer
name
datalayer
var
datalayer
datalayer
end
google
tag
manager
for
wordpress
by
gtm
4
wp
com
link
rel
dns
prefetch
href
www
washington
edu
link
rel
dns
prefetch
href
fonts
googleapis
com
link
rel
alternate
type
application
rss
xml
title
population
health
raquo
feed
href
link
rel
alternate
type
application
rss
xml
title
population
health
raquo
comments
feed
href
meta
property
og
image
content
meta
name
twitter
card
content
summary
meta
name
twitter
site
content
uw
meta
name
twitter
creator
content
uw
meta
name
twitter
card
content
summary
large
image
meta
property
og
title
content
population
health
initiative
meta
property
og
url
content
https://www.washington.edu/populationhealth/
meta
property
og
site
name
content
population
health
meta
property
og
description
content
healthy
people
healthy
planet
link
rel
stylesheet
id
wp
block
library
css
href
www
washington
edu
wp
includes
css
dist
block
library
style
css
ver
2
type
text
css
media
all
style
id
classic
theme
styles
inline
css
type
text
css
these
rules
are
needed
for
backwards
compatibility
they
should
match
the
button
element
rules
in
the
base
theme
json
file
wp
block
button
link
color
ffffff
background
color
border
radius
px
causes
an
oval
but
any
explicit
but
really
high
value
retains
the
pill
shape
this
needs
low
specificity
so
it
won
override
the
rules
from
the
button
element
if
defined
in
theme
json
box
shadow
none
text
decoration
none
the
extra
2
px
are
added
to
size
solids
the
same
as
the
outline
versions
padding
calc
em
2
px
calc
em
2
px
font
size
em
wp
block
file
button
background
color
ffffff
text
decoration
none
style
id
global
styles
inline
css
type
text
css
body
wp
preset
color
black
wp
preset
color
cyan
bluish
gray
abb
wp
preset
color
white
ffffff
wp
preset
color
pale
pink
78
da
7
wp
preset
color
vivid
red
cf
wp
preset
color
luminous
vivid
orange
ff
wp
preset
color
luminous
vivid
amber
fcb
wp
preset
color
light
green
cyan
7
bdcb
5
wp
preset
color
vivid
green
cyan
wp
preset
color
pale
cyan
blue
8
ed
1
fc
wp
preset
color
vivid
cyan
blue
wp
preset
color
vivid
purple
0
wp
preset
gradient
vivid
cyan
blue
to
vivid
purple
linear
gradient
deg
rgba
0
rgb
wp
preset
gradient
light
green
cyan
to
vivid
green
cyan
linear
gradient
deg
rgb
0
rgb
wp
preset
gradient
luminous
vivid
amber
to
luminous
vivid
orange
linear
gradient
deg
rgba
0
rgba
wp
preset
gradient
luminous
vivid
orange
to
vivid
red
linear
gradient
deg
rgba
0
rgb
46
wp
preset
gradient
very
light
gray
to
cyan
bluish
gray
linear
gradient
deg
rgb
0
rgb
wp
preset
gradient
cool
to
warm
spectrum
linear
gradient
deg
rgb
0
rgb
20
rgb
40
rgb
60
rgb
98
80
rgb
76
wp
preset
gradient
blush
light
purple
linear
gradient
deg
rgb
0
rgb
wp
preset
gradient
blush
bordeaux
linear
gradient
deg
rgb
0
rgb
45
50
rgb
62
wp
preset
gradient
luminous
dusk
linear
gradient
deg
rgb
0
rgb
50
rgb
wp
preset
gradient
pale
ocean
linear
gradient
deg
rgb
0
rgb
50
rgb
wp
preset
gradient
electric
grass
linear
gradient
deg
rgb
0
rgb
wp
preset
gradient
midnight
linear
gradient
deg
rgb
0
rgb
wp
preset
font
size
small
13
px
wp
preset
font
size
medium
20
px
wp
preset
font
size
large
36
px
wp
preset
font
size
large
42
px
wp
preset
spacing
20
rem
wp
preset
spacing
30
rem
wp
preset
spacing
40
1
rem
wp
preset
spacing
50
rem
wp
preset
spacing
60
rem
wp
preset
spacing
70
rem
wp
preset
spacing
80
rem
wp
preset
shadow
natural
6
px
6
px
9
px
rgba
0
0
0
wp
preset
shadow
deep
12
px
12
px
50
px
rgba
0
0
0
wp
preset
shadow
sharp
6
px
6
px
0
px
rgba
0
0
0
wp
preset
shadow
outlined
6
px
6
px
0
px
3
px
rgba
1
6
px
6
px
rgba
0
0
0
1
wp
preset
shadow
crisp
6
px
6
px
0
px
rgba
0
0
0
1
where
is
layout
flex
gap
em
where
is
layout
grid
gap
em
body
is
layout
flow
alignleft
float
left
margin
inline
start
0
margin
inline
end
2
em
body
is
layout
flow
alignright
float
right
margin
inline
start
2
em
margin
inline
end
0
body
is
layout
flow
aligncenter
margin
left
auto
important
margin
right
auto
important
body
is
layout
constrained
alignleft
float
left
margin
inline
start
0
margin
inline
end
2
em
body
is
layout
constrained
alignright
float
right
margin
inline
start
2
em
margin
inline
end
0
body
is
layout
constrained
aligncenter
margin
left
auto
important
margin
right
auto
important
body
is
layout
constrained
where
not
alignleft
not
alignright
not
alignfull
max
width
var
wp
style
global
content
size
margin
left
auto
important
margin
right
auto
important
body
is
layout
constrained
alignwide
max
width
var
wp
style
global
wide
size
body
is
layout
flex
display
flex
body
is
layout
flex
flex
wrap
wrap
align
items
center
body
is
layout
flex
margin
0
body
is
layout
grid
display
grid
body
is
layout
grid
margin
0
where
wp
block
columns
is
layout
flex
gap
2
em
where
wp
block
columns
is
layout
grid
gap
2
em
where
wp
block
post
template
is
layout
flex
gap
em
where
wp
block
post
template
is
layout
grid
gap
em
has
black
color
color
var
wp
preset
color
black
important
has
cyan
bluish
gray
color
color
var
wp
preset
color
cyan
bluish
gray
important
has
white
color
color
var
wp
preset
color
white
important
has
pale
pink
color
color
var
wp
preset
color
pale
pink
important
has
vivid
red
color
color
var
wp
preset
color
vivid
red
important
has
luminous
vivid
orange
color
color
var
wp
preset
color
luminous
vivid
orange
important
has
luminous
vivid
amber
color
color
var
wp
preset
color
luminous
vivid
amber
important
has
light
green
cyan
color
color
var
wp
preset
color
light
green
cyan
important
has
vivid
green
cyan
color
color
var
wp
preset
color
vivid
green
cyan
important
has
pale
cyan
blue
color
color
var
wp
preset
color
pale
cyan
blue
important
has
vivid
cyan
blue
color
color
var
wp
preset
color
vivid
cyan
blue
important
has
vivid
purple
color
color
var
wp
preset
color
vivid
purple
important
has
black
background
color
background
color
var
wp
preset
color
black
important
has
cyan
bluish
gray
background
color
background
color
var
wp
preset
color
cyan
bluish
gray
important
has
white
background
color
background
color
var
wp
preset
color
white
important
has
pale
pink
background
color
background
color
var
wp
preset
color
pale
pink
important
has
vivid
red
background
color
background
color
var
wp
preset
color
vivid
red
important
has
luminous
vivid
orange
background
color
background
color
var
wp
preset
color
luminous
vivid
orange
important
has
luminous
vivid
amber
background
color
background
color
var
wp
preset
color
luminous
vivid
amber
important
has
light
green
cyan
background
color
background
color
var
wp
preset
color
light
green
cyan
important
has
vivid
green
cyan
background
color
background
color
var
wp
preset
color
vivid
green
cyan
important
has
pale
cyan
blue
background
color
background
color
var
wp
preset
color
pale
cyan
blue
important
has
vivid
cyan
blue
background
color
background
color
var
wp
preset
color
vivid
cyan
blue
important
has
vivid
purple
background
color
background
color
var
wp
preset
color
vivid
purple
important
has
black
border
color
border
color
var
wp
preset
color
black
important
has
cyan
bluish
gray
border
color
border
color
var
wp
preset
color
cyan
bluish
gray
important
has
white
border
color
border
color
var
wp
preset
color
white
important
has
pale
pink
border
color
border
color
var
wp
preset
color
pale
pink
important
has
vivid
red
border
color
border
color
var
wp
preset
color
vivid
red
important
has
luminous
vivid
orange
border
color
border
color
var
wp
preset
color
luminous
vivid
orange
important
has
luminous
vivid
amber
border
color
border
color
var
wp
preset
color
luminous
vivid
amber
important
has
light
green
cyan
border
color
border
color
var
wp
preset
color
light
green
cyan
important
has
vivid
green
cyan
border
color
border
color
var
wp
preset
color
vivid
green
cyan
important
has
pale
cyan
blue
border
color
border
color
var
wp
preset
color
pale
cyan
blue
important
has
vivid
cyan
blue
border
color
border
color
var
wp
preset
color
vivid
cyan
blue
important
has
vivid
purple
border
color
border
color
var
wp
preset
color
vivid
purple
important
has
vivid
cyan
blue
to
vivid
purple
gradient
background
background
var
wp
preset
gradient
vivid
cyan
blue
to
vivid
purple
important
has
light
green
cyan
to
vivid
green
cyan
gradient
background
background
var
wp
preset
gradient
light
green
cyan
to
vivid
green
cyan
important
has
luminous
vivid
amber
to
luminous
vivid
orange
gradient
background
background
var
wp
preset
gradient
luminous
vivid
amber
to
luminous
vivid
orange
important
has
luminous
vivid
orange
to
vivid
red
gradient
background
background
var
wp
preset
gradient
luminous
vivid
orange
to
vivid
red
important
has
very
light
gray
to
cyan
bluish
gray
gradient
background
background
var
wp
preset
gradient
very
light
gray
to
cyan
bluish
gray
important
has
cool
to
warm
spectrum
gradient
background
background
var
wp
preset
gradient
cool
to
warm
spectrum
important
has
blush
light
purple
gradient
background
background
var
wp
preset
gradient
blush
light
purple
important
has
blush
bordeaux
gradient
background
background
var
wp
preset
gradient
blush
bordeaux
important
has
luminous
dusk
gradient
background
background
var
wp
preset
gradient
luminous
dusk
important
has
pale
ocean
gradient
background
background
var
wp
preset
gradient
pale
ocean
important
has
electric
grass
gradient
background
background
var
wp
preset
gradient
electric
grass
important
has
midnight
gradient
background
background
var
wp
preset
gradient
midnight
important
has
small
font
size
font
size
var
wp
preset
font
size
small
important
has
medium
font
size
font
size
var
wp
preset
font
size
medium
important
has
large
font
size
font
size
var
wp
preset
font
size
large
important
has
large
font
size
font
size
var
wp
preset
font
size
large
important
wp
block
navigation
where
not
wp
element
button
color
inherit
where
wp
block
post
template
is
layout
flex
gap
em
where
wp
block
post
template
is
layout
grid
gap
em
where
wp
block
columns
is
layout
flex
gap
2
em
where
wp
block
columns
is
layout
grid
gap
2
em
wp
block
pullquote
font
size
em
line
height
link
rel
stylesheet
id
contact
form
7
css
href
www
washington
edu
wp
content
plugins
contact
form
7
includes
css
styles
css
ver
5
type
text
css
media
all
link
rel
stylesheet
id
uw
master
css
href
www
washington
edu
wp
content
themes
uw
style
css
ver
0
type
text
css
media
all
link
rel
stylesheet
id
google
font
open
css
href
https://fonts.googleapis.com/css
family
open
sans
italic
italic
ver
type
text
css
media
all
link
rel
stylesheet
id
uw
style
css
href
www
washington
edu
wp
content
themes
uw
hrc
style
css
ver
type
text
css
media
all
script
type
text
javascript
src
www
washington
edu
wp
includes
js
jquery
jquery
js
ver
1
id
jquery
core
js
script
type
text
javascript
id
jquery
core
js
after
cdata
jquery
script
type
text
javascript
src
www
washington
edu
wp
includes
js
jquery
jquery
migrate
js
ver
1
id
jquery
migrate
js
script
type
text
javascript
src
www
washington
edu
wp
content
plugins
uw
analytics
analytics
js
ver
id
analytics
js
js
script
type
text
javascript
src
www
washington
edu
wp
content
themes
uw
hrc
hrc
js
ver
id
custom
js
js
script
type
text
javascript
src
www
washington
edu
wp
includes
js
underscore
min
js
ver
4
id
underscore
js
script
type
text
javascript
src
www
washington
edu
wp
includes
js
backbone
min
js
ver
0
id
backbone
js
script
type
text
javascript
id
site
js
extra
cdata
var
style
dir
https
www
washington
edu
cms
populationhealth
var
jetpackcarouselstrings
widths
is
logged
in
lang
en
ajaxurl
https
www
washington
edu
cms
populationhealth
wp
admin
admin
ajax
php
nonce
9
fcb
1
display
exif
1
display
geo
background
color
white
download
original
view
full
size
0
span
1
span
camera
camera
aperture
aperture
shutter
speed
shutter
speed
focal
length
focal
length
require
name
email
1
login
url
https
www
washington
edu
cms
populationhealth
wp
login
php
redirect
to
https
3
2
2
fwww
washington
edu
2
fcms
2
fpopulationhealth
2
script
type
text
javascript
src
www
washington
edu
wp
content
themes
uw
js
site
js
ver
0
id
site
js
link
rel
edituri
type
application
rsd
xml
title
rsd
href
rsd
meta
name
generator
content
wordpress
2
link
rel
canonical
href
https://www.washington.edu/populationhealth/
link
rel
shortlink
href
https://www.washington.edu/populationhealth/
script
type
text
javascript
function
googleanalyticsobject
function
push
arguments
1
new
date
createelement
getelementsbytagname
0
async
1
src
parentnode
insertbefore
window
document
script
www
google
analytics
com
analytics
js
ga
ga
create
ua
auto
ga
require
linkid
linkid
js
ga
send
pageview
google
tag
manager
for
wordpress
by
gtm
4
wp
com
gtm
container
placement
set
to
automatic
var
datalayer
content
pageposttype
frontpage
pageposttype
2
single
page
pagepostauthor
sasha
im
datalayer
push
datalayer
content
function
push
gtm
start
new
date
gettime
event
gtm
js
var
getelementsbytagname
0
createelement
dl
datalayer
async
true
src
www
googletagmanager
com
gtm
js
id
dl
parentnode
insertbefore
window
document
script
datalayer
gtm
kq
6
qqbt
end
google
tag
manager
end
google
tag
manager
for
wordpress
by
gtm
4
wp
com
if
lt
ie
9
script
src
www
washington
edu
wp
content
themes
uw
assets
ie
js
html
5
shiv
js
type
text
javascript
script
src
www
washington
edu
wp
content
themes
uw
assets
ie
js
respond
js
type
text
javascript
link
rel
stylesheet
href
www
washington
edu
wp
content
themes
uw
assets
ie
css
ie
css
type
text
css
media
all
endif
if
lt
ie
9
endif
if
gt
ie
8
endif
skip
to
main
content
href
https://my.uw.edu/
utm
source
quicklinks
utm
medium
click
utm
campaign
quicklinks
utm
term
myuw
tabindex
1
myuw
href
uw
edu
calendar
utm
source
quicklinks
utm
medium
click
utm
campaign
quicklinks
utm
term
calendar
tabindex
1
calendar
href
https://directory.uw.edu/
utm
source
quicklinks
utm
medium
click
utm
campaign
quicklinks
utm
term
directories
tabindex
1
directories
href
https://lib.uw.edu/
utm
source
quicklinks
utm
medium
click
utm
campaign
quicklinks
utm
term
libraries
tabindex
1
libraries
href
https://www.uwmedicine.org/
utm
source
quicklinks
utm
medium
click
utm
campaign
quicklinks
utm
term
uwmedicine
tabindex
1
uw
medicine
href
uw
edu
maps
utm
source
quicklinks
utm
medium
click
utm
campaign
quicklinks
utm
term
maps
tabindex
1
maps
href
uw
edu
news
utm
source
quicklinks
utm
medium
click
utm
campaign
quicklinks
utm
term
uwnews
tabindex
1
uw
news
helpful
links
href
https://itconnect.uw.edu/
utm
source
quicklinks
utm
medium
click
utm
campaign
quicklinks
utm
term
computingit
tabindex
1
computing
it
href
https://employeehelp.workday.uw.edu/
utm
source
quicklinks
utm
medium
click
utm
campaign
quicklinks
utm
term
workdayhcm
tabindex
1
workday
hcm
href
https://hfs.uw.edu/Husky-Card-Services/
utm
source
quicklinks
utm
medium
click
utm
campaign
quicklinks
utm
term
huskycard
tabindex
1
husky
card
href
https://www.uwb.edu/
utm
source
quicklinks
utm
medium
click
utm
campaign
quicklinks
utm
term
uwbothell
tabindex
1
uw
bothell
href
https://www.tacoma.uw.edu/
utm
source
quicklinks
utm
medium
click
utm
campaign
quicklinks
utm
term
uwtacoma
tabindex
1
uw
tacoma
href
https://www.facebook.com/UofWA
utm
source
quicklinks
utm
medium
click
utm
campaign
quicklinks
utm
term
uwfacebook
tabindex
1
uw
facebook
href
https://twitter.com/UW
utm
source
quicklinks
utm
medium
click
utm
campaign
quicklinks
utm
term
uwtwitter
tabindex
1
uw
twitter
href
http://uw.edu
title
university
of
washington
home
university
of
washington
university
of
washington
href
http://uw.edu/studentlife
title
students
students
href
http://uw.edu/parents
title
parents
parents
href
http://uw.edu/facultystaff
title
faculty
staff
faculty
staff
href
http://uw.edu/alumni
title
alumni
alumni
if
gt
ie
8
svg
version
xmlns
http://www.w3.org/2000/svg
xmlns
xlink
http://www.w3.org/1999/xlink
0
px
0
px
width
19
px
height
51
px
viewbox
enable
background
new
xml
space
preserve
focusable
false
path
fill
ffffff
rect
transform
matrix
fill
ffffff
width
height
path
fill
ffffff
0
0
endif
quick
links
svg
version
xmlns
http://www.w3.org/2000/svg
0
px
0
px
width
px
height
px
viewbox
enable
background
new
xml
space
preserve
focusable
false
polygon
fill
ffffff
points
78
polygon
fill
ffffff
points
href
https://www.washington.edu/populationhealth/
title
home
id
home
2
home
href
class
dropdown
toggle
title
about
id
about
2
about
href
tabindex
1
title
overview
id
overview
overview
href
tabindex
1
title
leadership
id
leadership
href
tabindex
1
title
what
is
population
health
id
what
is
population
health
href
tabindex
1
title
our
approach
id
our
approach
href
tabindex
1
title
hans
rosling
center
id
hans
rosling
center
hans
rosling
center
href
tabindex
1
title
evaluation
id
evaluation
href
tabindex
1
title
contact
us
id
contact
us
href
class
dropdown
toggle
title
education
id
education
href
tabindex
1
title
undergraduate
courses
id
undergraduate
courses
href
tabindex
1
title
lets
talk
pop
health
id
lets
talk
pop
health
lets
talk
pop
health
href
tabindex
1
title
pop
health
academy
id
pop
health
academy
href
tabindex
1
title
graduate
certificate
in
humanitarian
response
id
graduate
certificate
in
humanitarian
response
href
tabindex
1
title
applied
research
fellowship
id
applied
research
fellowship
href
tabindex
1
title
social
entrepreneurship
fellowship
id
social
entrepreneurship
fellowship
href
tabindex
1
title
pop
health
how
tos
id
pop
health
how
tos
href
tabindex
1
title
other
education
and
training
id
other
education
and
training
href
class
dropdown
toggle
title
research
id
research
href
tabindex
1
title
bolstering
community
well
being
id
bolstering
community
well
being
href
tabindex
1
title
improving
vaccine
equity
in
the
id
improving
vaccine
equity
in
the
href
tabindex
1
title
improving
vaccine
equity
in
canada
id
improving
vaccine
equity
in
canada
href
tabindex
1
title
boosting
vaccination
coverage
id
boosting
vaccination
coverage
href
tabindex
1
title
understanding
vaccine
hesitancy
of
nurses
id
understanding
vaccine
hesitancy
of
nurses
href
tabindex
1
title
assessing
drivers
of
hpv
vaccine
hesitancy
id
assessing
drivers
of
hpv
vaccine
hesitancy
href
tabindex
1
title
funded
pilot
projects
id
funded
pilot
projects
href
tabindex
1
title
population
health
research
at
the
uw
id
population
health
research
at
the
uw
href
class
dropdown
toggle
title
resources
id
78
resources
href
tabindex
1
title
covid
19
id
covid
19
covid
19
href
tabindex
1
title
collaboration
support
id
collaboration
support
href
tabindex
1
title
grant
application
support
id
grant
application
support
href
tabindex
1
title
climate
change
experts
id
climate
change
experts
climate
change
experts
href
tabindex
1
title
disaster
and
humanitarian
experts
id
disaster
and
humanitarian
experts
href
tabindex
1
title
other
experts
id
other
experts
href
tabindex
1
title
mobile
and
digital
population
health
id
mobile
and
digital
population
health
href
tabindex
1
title
social
innovation
and
entrepreneurship
id
social
innovation
and
entrepreneurship
href
tabindex
1
title
event
and
room
reservations
id
event
and
room
reservations
href
tabindex
1
title
funding
and
awards
id
funding
and
awards
href
class
dropdown
toggle
title
news
id
news
href
tabindex
1
title
latest
news
and
updates
id
69
latest
news
and
updates
href
tabindex
1
title
subscribe
id
subscribe
href
tabindex
1
title
journal
articles
id
journal
articles
href
tabindex
1
title
media
coverage
id
media
coverage
href
class
dropdown
toggle
title
get
involved
id
get
involved
href
tabindex
1
title
give
id
give
href
tabindex
1
title
partner
id
partner
href
tabindex
1
title
volunteer
id
volunteer
href
tabindex
1
title
events
id
events
div
class
uw
hero
image
hero
height
2
style
background
image
url
population
health
initiative
href
https://www.washington.edu/populationhealth/
title
population
health
population
health
menu
href
https://www.washington.edu/populationhealth/
aria
current
page
home
href
about
href
overview
href
leadership
href
what
is
population
health
href
our
approach
href
hans
rosling
center
href
evaluation
href
contact
us
href
education
href
undergraduate
courses
href
lets
talk
pop
health
href
pop
health
academy
href
graduate
certificate
in
humanitarian
response
href
applied
research
fellowship
href
social
entrepreneurship
fellowship
href
pop
health
how
tos
href
other
education
and
training
href
research
href
bolstering
community
well
being
href
improving
vaccine
equity
in
the
href
improving
vaccine
equity
in
canada
href
boosting
vaccination
coverage
href
understanding
vaccine
hesitancy
of
nurses
href
assessing
drivers
of
hpv
vaccine
hesitancy
href
funded
pilot
projects
href
population
health
research
at
the
uw
href
resources
href
covid
19
href
collaboration
support
href
grant
application
support
href
climate
change
experts
href
disaster
and
humanitarian
experts
href
other
experts
href
mobile
and
digital
population
health
href
social
innovation
and
entrepreneurship
href
event
and
room
reservations
href
funding
and
awards
href
news
href
latest
news
and
updates
href
subscribe
href
journal
articles
href
media
coverage
href
get
involved
href
give
href
partner
href
volunteer
href
events
href
http://uw.edu
title
university
of
washington
home
href
https://www.washington.edu/populationhealth/
title
population
health
population
health
healthy
people
healthy
planet
healthier
communities
make
healthier
people
the
university
of
washington
is
at
the
forefront
of
addressing
the
interconnected
factors
that
influence
how
long
and
how
well
we
live
from
climate
change
and
poverty
to
systemic
inequities
and
access
to
medical
care
in
partnership
with
community
organizations
the
uw
transforms
research
into
concrete
actions
that
improve
and
save
lives
across
the
country
and
around
the
world
what
is
population
health
href
population
health
is
broad
concept
encompassing
not
only
the
elimination
of
diseases
and
injuries
but
also
the
intersecting
and
overlapping
factors
that
influence
health
the
uws
population
health
initiative
is
defined
by
three
major
pillars
human
health
environmental
resilience
and
social
and
economic
equity
our
work
addresses
the
challenges
that
arise
where
these
pillars
intersect
latest
news
class
widget
thumbnail
href
img
decoding
async
width
height
src
class
attachment
thumbnail
size
thumbnail
wp
post
image
alt
srcset
50
sizes
max
width
px
vw
px
data
attachment
id
data
orig
file
data
orig
size
data
comments
opened
data
image
meta
quot
aperture
quot
quot
0
quot
quot
credit
quot
quot
quot
quot
camera
quot
quot
quot
quot
caption
quot
quot
quot
quot
created
timestamp
quot
quot
0
quot
quot
copyright
quot
quot
quot
quot
focal
length
quot
quot
0
quot
quot
iso
quot
quot
0
quot
quot
shutter
speed
quot
quot
0
quot
quot
title
quot
quot
quot
quot
orientation
quot
quot
1
quot
quot
keywords
quot
data
image
title
women
meeting
data
image
description
data
medium
file
data
large
file
class
widget
link
href
uw
research
suggests
microinclusions
improve
womens
work
experiences
break
down
stigmas
august
22
class
widget
thumbnail
href
img
decoding
async
width
height
src
class
attachment
thumbnail
size
thumbnail
wp
post
image
alt
srcset
50
sizes
max
width
px
vw
px
data
attachment
id
data
orig
file
data
orig
size
data
comments
opened
data
image
meta
quot
aperture
quot
quot
11
quot
quot
credit
quot
quot
mark
stone
university
of
washing
quot
quot
camera
quot
quot
canon
eos
5
mark
iv
quot
quot
caption
quot
quot
quot
quot
created
timestamp
quot
quot
quot
quot
copyright
quot
quot
quot
quot
focal
length
quot
quot
24
quot
quot
iso
quot
quot
quot
quot
shutter
speed
quot
quot
quot
quot
title
quot
quot
campus
buildings
population
health
construction
and
red
suare
quot
quot
orientation
quot
quot
1
quot
quot
keywords
quot
quot
campus
buildings
population
health
construction
red
square
quot
data
image
title
campus
buildings
population
health
construction
and
red
suare
data
image
description
data
medium
file
data
large
file
class
widget
link
href
five
new
members
named
to
the
population
health
initiative
executive
council
august
20
class
widget
thumbnail
href
img
decoding
async
width
height
src
class
attachment
thumbnail
size
thumbnail
wp
post
image
alt
srcset
50
sizes
max
width
px
vw
px
data
attachment
id
data
orig
file
data
orig
size
data
comments
opened
data
image
meta
quot
aperture
quot
quot
0
quot
quot
credit
quot
quot
quot
quot
camera
quot
quot
quot
quot
caption
quot
quot
quot
quot
created
timestamp
quot
quot
0
quot
quot
copyright
quot
quot
quot
quot
focal
length
quot
quot
0
quot
quot
iso
quot
quot
0
quot
quot
shutter
speed
quot
quot
0
quot
quot
title
quot
quot
quot
quot
orientation
quot
quot
1
quot
quot
keywords
quot
data
image
title
community
co
design
data
image
description
data
medium
file
data
large
file
class
widget
link
href
initiative
funded
project
seeks
to
bridge
mental
health
care
gap
for
the
local
somali
community
august
14
class
uw
btn
btn
sm
btn
purple
href
more
news
hr
spotlight
on
key
issues
poverty
and
childhood
health
href
img
decoding
async
style
margin
bottom
15
px
src
br
your
early
years
set
the
stage
for
your
life
children
who
live
in
poverty
have
less
access
to
medical
care
nutrition
and
high
quality
early
education
the
foundations
for
lifelong
health
learn
how
the
uw
is
working
to
understand
the
ripple
effects
of
childhood
poverty
and
using
that
research
to
create
better
futures
for
all
children
class
uw
btn
btn
sm
btn
none
href
learn
more
location
and
lifespan
href
img
decoding
async
style
margin
bottom
15
px
src
br
how
long
we
live
is
affected
by
where
we
live
learn
what
the
uw
is
doing
to
understand
why
people
in
some
regions
of
the
united
states
and
the
world
have
shorter
expected
lifespan
and
how
the
university
is
using
that
research
to
improve
the
length
and
quality
of
everyones
lives
class
uw
btn
btn
sm
btn
none
href
learn
more
maternal
health
href
img
decoding
async
style
margin
bottom
15
px
border
1
px
solid
eeeeee
src
br
for
many
women
around
the
world
including
here
in
the
united
states
having
baby
isnt
as
safe
as
it
should
be
learn
what
the
uw
is
doing
to
better
understand
what
causes
disparities
in
pregnancy
risks
and
use
that
research
to
improve
the
health
of
mothers
everywhere
class
uw
btn
btn
sm
btn
none
href
learn
more
class
uw
btn
btn
sm
btn
purple
href
spotlight
issues
archive
hr
the
hans
rosling
center
for
population
health
href
img
decoding
async
src
href
the
hans
rosling
center
for
population
health
ushers
the
uw
into
new
era
of
collaboration
and
solutions
for
healthier
populations
with
spaces
for
collaborative
group
work
active
learning
offices
and
training
for
global
partners
and
multidisciplinary
work
in
population
health
across
the
uw
the
rosling
center
is
hub
for
addressing
critical
issues
like
poverty
equity
health
care
access
climate
change
and
government
policy
hr
events
calendar
script
type
text
javascript
src
www
trumba
com
scripts
spuds
js
script
type
text
javascript
id
trumba
44
trumba
addspud
webname
sea
popuhlt
spudtype
upcoming
bordercolor
ffffff
margintop
0
teaserbase
population
health
twitter
class
twitter
timeline
data
height
data
dnt
true
data
link
color
bb
href
https://twitter.com/UW_PHI
ref
src
twsrc
5
etfw
tweets
by
uw
phi
br
please
enable
javascript
to
view
this
widget
script
async
src
https://platform.twitter.com/widgets.js
charset
utf
8
href
http://www.washington.edu
class
footer
wordmark
university
of
washington
href
http://www.washington.edu/boundless/
be
boundless
connect
with
us
class
facebook
href
http://www.facebook.com/UofWA
facebook
class
twitter
href
http://twitter.com/UW
twitter
class
instagram
href
http://instagram.com/uofwa
instagram
class
youtube
href
http://www.youtube.com/user/uwhuskies
youtube
class
linkedin
href
linkedin
class
pinterest
href
http://www.pinterest.com/uofwa/
pinterest
href
http://www.uw.edu/accessibility
accessibility
href
http://uw.edu/contact
contact
us
href
http://www.washington.edu/jobs
jobs
href
http://www.washington.edu/safety
campus
safety
href
http://my.uw.edu/
my
uw
href
http://www.washington.edu/rules/wac
rules
docket
href
http://www.washington.edu/online/privacy/
privacy
href
http://www.washington.edu/online/terms/
terms
href
http://www.washington.edu/newsletter/
newsletter
copy
university
of
washington
seattle
wa
uw
container
inner
uw
container
style
id
core
block
supports
inline
css
type
text
css
core
styles
block
supports
