doctype
html
html
xmlns
http://www.w3.org/1999/xhtml
lang
en
xml
lang
en
class
no
js
types
of
aid
student
financial
aid
place
favicon
ico
and
apple
touch
icon
png
in
the
root
directory
meta
name
robots
content
max
image
preview
large
google
tag
manager
for
wordpress
by
gtm
4
wp
com
var
gtm
4
wp
datalayer
name
datalayer
var
datalayer
datalayer
end
google
tag
manager
for
wordpress
by
gtm
4
wp
com
link
rel
dns
prefetch
href
www
washington
edu
link
rel
dns
prefetch
href
fonts
googleapis
com
link
rel
alternate
type
application
rss
xml
title
student
financial
aid
raquo
feed
href
link
rel
alternate
type
application
rss
xml
title
student
financial
aid
raquo
comments
feed
href
link
rel
alternate
type
application
rss
xml
title
student
financial
aid
raquo
types
of
aid
comments
feed
href
meta
property
og
image
content
meta
name
twitter
card
content
summary
meta
name
twitter
site
content
uw
meta
name
twitter
creator
content
uw
meta
name
twitter
card
content
summary
large
image
meta
property
og
title
content
types
of
aid
meta
property
og
url
content
meta
property
og
site
name
content
student
financial
aid
meta
property
og
description
content
the
university
of
washington
helps
make
your
university
education
affordable
by
providing
financial
assistance
in
number
of
areas
from
grants
and
loans
to
scholarships
and
work
study
link
rel
stylesheet
id
wp
block
library
css
href
www
washington
edu
wp
includes
css
dist
block
library
style
css
ver
2
type
text
css
media
all
style
id
classic
theme
styles
inline
css
type
text
css
these
rules
are
needed
for
backwards
compatibility
they
should
match
the
button
element
rules
in
the
base
theme
json
file
wp
block
button
link
color
ffffff
background
color
border
radius
px
causes
an
oval
but
any
explicit
but
really
high
value
retains
the
pill
shape
this
needs
low
specificity
so
it
won
override
the
rules
from
the
button
element
if
defined
in
theme
json
box
shadow
none
text
decoration
none
the
extra
2
px
are
added
to
size
solids
the
same
as
the
outline
versions
padding
calc
em
2
px
calc
em
2
px
font
size
em
wp
block
file
button
background
color
ffffff
text
decoration
none
style
id
global
styles
inline
css
type
text
css
body
wp
preset
color
black
wp
preset
color
cyan
bluish
gray
abb
wp
preset
color
white
ffffff
wp
preset
color
pale
pink
78
da
7
wp
preset
color
vivid
red
cf
wp
preset
color
luminous
vivid
orange
ff
wp
preset
color
luminous
vivid
amber
fcb
wp
preset
color
light
green
cyan
7
bdcb
5
wp
preset
color
vivid
green
cyan
wp
preset
color
pale
cyan
blue
8
ed
1
fc
wp
preset
color
vivid
cyan
blue
wp
preset
color
vivid
purple
0
wp
preset
gradient
vivid
cyan
blue
to
vivid
purple
linear
gradient
deg
rgba
0
rgb
wp
preset
gradient
light
green
cyan
to
vivid
green
cyan
linear
gradient
deg
rgb
0
rgb
wp
preset
gradient
luminous
vivid
amber
to
luminous
vivid
orange
linear
gradient
deg
rgba
0
rgba
wp
preset
gradient
luminous
vivid
orange
to
vivid
red
linear
gradient
deg
rgba
0
rgb
46
wp
preset
gradient
very
light
gray
to
cyan
bluish
gray
linear
gradient
deg
rgb
0
rgb
wp
preset
gradient
cool
to
warm
spectrum
linear
gradient
deg
rgb
0
rgb
20
rgb
40
rgb
60
rgb
98
80
rgb
76
wp
preset
gradient
blush
light
purple
linear
gradient
deg
rgb
0
rgb
wp
preset
gradient
blush
bordeaux
linear
gradient
deg
rgb
0
rgb
45
50
rgb
62
wp
preset
gradient
luminous
dusk
linear
gradient
deg
rgb
0
rgb
50
rgb
wp
preset
gradient
pale
ocean
linear
gradient
deg
rgb
0
rgb
50
rgb
wp
preset
gradient
electric
grass
linear
gradient
deg
rgb
0
rgb
wp
preset
gradient
midnight
linear
gradient
deg
rgb
0
rgb
wp
preset
font
size
small
13
px
wp
preset
font
size
medium
20
px
wp
preset
font
size
large
36
px
wp
preset
font
size
large
42
px
wp
preset
spacing
20
rem
wp
preset
spacing
30
rem
wp
preset
spacing
40
1
rem
wp
preset
spacing
50
rem
wp
preset
spacing
60
rem
wp
preset
spacing
70
rem
wp
preset
spacing
80
rem
wp
preset
shadow
natural
6
px
6
px
9
px
rgba
0
0
0
wp
preset
shadow
deep
12
px
12
px
50
px
rgba
0
0
0
wp
preset
shadow
sharp
6
px
6
px
0
px
rgba
0
0
0
wp
preset
shadow
outlined
6
px
6
px
0
px
3
px
rgba
1
6
px
6
px
rgba
0
0
0
1
wp
preset
shadow
crisp
6
px
6
px
0
px
rgba
0
0
0
1
where
is
layout
flex
gap
em
where
is
layout
grid
gap
em
body
is
layout
flow
alignleft
float
left
margin
inline
start
0
margin
inline
end
2
em
body
is
layout
flow
alignright
float
right
margin
inline
start
2
em
margin
inline
end
0
body
is
layout
flow
aligncenter
margin
left
auto
important
margin
right
auto
important
body
is
layout
constrained
alignleft
float
left
margin
inline
start
0
margin
inline
end
2
em
body
is
layout
constrained
alignright
float
right
margin
inline
start
2
em
margin
inline
end
0
body
is
layout
constrained
aligncenter
margin
left
auto
important
margin
right
auto
important
body
is
layout
constrained
where
not
alignleft
not
alignright
not
alignfull
max
width
var
wp
style
global
content
size
margin
left
auto
important
margin
right
auto
important
body
is
layout
constrained
alignwide
max
width
var
wp
style
global
wide
size
body
is
layout
flex
display
flex
body
is
layout
flex
flex
wrap
wrap
align
items
center
body
is
layout
flex
margin
0
body
is
layout
grid
display
grid
body
is
layout
grid
margin
0
where
wp
block
columns
is
layout
flex
gap
2
em
where
wp
block
columns
is
layout
grid
gap
2
em
where
wp
block
post
template
is
layout
flex
gap
em
where
wp
block
post
template
is
layout
grid
gap
em
has
black
color
color
var
wp
preset
color
black
important
has
cyan
bluish
gray
color
color
var
wp
preset
color
cyan
bluish
gray
important
has
white
color
color
var
wp
preset
color
white
important
has
pale
pink
color
color
var
wp
preset
color
pale
pink
important
has
vivid
red
color
color
var
wp
preset
color
vivid
red
important
has
luminous
vivid
orange
color
color
var
wp
preset
color
luminous
vivid
orange
important
has
luminous
vivid
amber
color
color
var
wp
preset
color
luminous
vivid
amber
important
has
light
green
cyan
color
color
var
wp
preset
color
light
green
cyan
important
has
vivid
green
cyan
color
color
var
wp
preset
color
vivid
green
cyan
important
has
pale
cyan
blue
color
color
var
wp
preset
color
pale
cyan
blue
important
has
vivid
cyan
blue
color
color
var
wp
preset
color
vivid
cyan
blue
important
has
vivid
purple
color
color
var
wp
preset
color
vivid
purple
important
has
black
background
color
background
color
var
wp
preset
color
black
important
has
cyan
bluish
gray
background
color
background
color
var
wp
preset
color
cyan
bluish
gray
important
has
white
background
color
background
color
var
wp
preset
color
white
important
has
pale
pink
background
color
background
color
var
wp
preset
color
pale
pink
important
has
vivid
red
background
color
background
color
var
wp
preset
color
vivid
red
important
has
luminous
vivid
orange
background
color
background
color
var
wp
preset
color
luminous
vivid
orange
important
has
luminous
vivid
amber
background
color
background
color
var
wp
preset
color
luminous
vivid
amber
important
has
light
green
cyan
background
color
background
color
var
wp
preset
color
light
green
cyan
important
has
vivid
green
cyan
background
color
background
color
var
wp
preset
color
vivid
green
cyan
important
has
pale
cyan
blue
background
color
background
color
var
wp
preset
color
pale
cyan
blue
important
has
vivid
cyan
blue
background
color
background
color
var
wp
preset
color
vivid
cyan
blue
important
has
vivid
purple
background
color
background
color
var
wp
preset
color
vivid
purple
important
has
black
border
color
border
color
var
wp
preset
color
black
important
has
cyan
bluish
gray
border
color
border
color
var
wp
preset
color
cyan
bluish
gray
important
has
white
border
color
border
color
var
wp
preset
color
white
important
has
pale
pink
border
color
border
color
var
wp
preset
color
pale
pink
important
has
vivid
red
border
color
border
color
var
wp
preset
color
vivid
red
important
has
luminous
vivid
orange
border
color
border
color
var
wp
preset
color
luminous
vivid
orange
important
has
luminous
vivid
amber
border
color
border
color
var
wp
preset
color
luminous
vivid
amber
important
has
light
green
cyan
border
color
border
color
var
wp
preset
color
light
green
cyan
important
has
vivid
green
cyan
border
color
border
color
var
wp
preset
color
vivid
green
cyan
important
has
pale
cyan
blue
border
color
border
color
var
wp
preset
color
pale
cyan
blue
important
has
vivid
cyan
blue
border
color
border
color
var
wp
preset
color
vivid
cyan
blue
important
has
vivid
purple
border
color
border
color
var
wp
preset
color
vivid
purple
important
has
vivid
cyan
blue
to
vivid
purple
gradient
background
background
var
wp
preset
gradient
vivid
cyan
blue
to
vivid
purple
important
has
light
green
cyan
to
vivid
green
cyan
gradient
background
background
var
wp
preset
gradient
light
green
cyan
to
vivid
green
cyan
important
has
luminous
vivid
amber
to
luminous
vivid
orange
gradient
background
background
var
wp
preset
gradient
luminous
vivid
amber
to
luminous
vivid
orange
important
has
luminous
vivid
orange
to
vivid
red
gradient
background
background
var
wp
preset
gradient
luminous
vivid
orange
to
vivid
red
important
has
very
light
gray
to
cyan
bluish
gray
gradient
background
background
var
wp
preset
gradient
very
light
gray
to
cyan
bluish
gray
important
has
cool
to
warm
spectrum
gradient
background
background
var
wp
preset
gradient
cool
to
warm
spectrum
important
has
blush
light
purple
gradient
background
background
var
wp
preset
gradient
blush
light
purple
important
has
blush
bordeaux
gradient
background
background
var
wp
preset
gradient
blush
bordeaux
important
has
luminous
dusk
gradient
background
background
var
wp
preset
gradient
luminous
dusk
important
has
pale
ocean
gradient
background
background
var
wp
preset
gradient
pale
ocean
important
has
electric
grass
gradient
background
background
var
wp
preset
gradient
electric
grass
important
has
midnight
gradient
background
background
var
wp
preset
gradient
midnight
important
has
small
font
size
font
size
var
wp
preset
font
size
small
important
has
medium
font
size
font
size
var
wp
preset
font
size
medium
important
has
large
font
size
font
size
var
wp
preset
font
size
large
important
has
large
font
size
font
size
var
wp
preset
font
size
large
important
wp
block
navigation
where
not
wp
element
button
color
inherit
where
wp
block
post
template
is
layout
flex
gap
em
where
wp
block
post
template
is
layout
grid
gap
em
where
wp
block
columns
is
layout
flex
gap
2
em
where
wp
block
columns
is
layout
grid
gap
2
em
wp
block
pullquote
font
size
em
line
height
link
rel
stylesheet
id
contact
form
7
css
href
www
washington
edu
wp
content
plugins
contact
form
7
includes
css
styles
css
ver
5
type
text
css
media
all
link
rel
stylesheet
id
uw
master
css
href
www
washington
edu
wp
content
themes
uw
style
css
ver
0
type
text
css
media
all
link
rel
stylesheet
id
google
font
open
css
href
https://fonts.googleapis.com/css
family
open
sans
italic
italic
ver
type
text
css
media
all
script
type
text
javascript
src
www
washington
edu
wp
includes
js
jquery
jquery
js
ver
1
id
jquery
core
js
script
type
text
javascript
id
jquery
core
js
after
cdata
jquery
script
type
text
javascript
src
www
washington
edu
wp
includes
js
jquery
jquery
migrate
js
ver
1
id
jquery
migrate
js
script
type
text
javascript
src
www
washington
edu
wp
content
plugins
uw
analytics
analytics
js
ver
id
analytics
js
js
script
type
text
javascript
src
www
washington
edu
wp
includes
js
underscore
min
js
ver
4
id
underscore
js
script
type
text
javascript
src
www
washington
edu
wp
includes
js
backbone
min
js
ver
0
id
backbone
js
script
type
text
javascript
id
site
js
extra
cdata
var
style
dir
https
www
washington
edu
cms
financialaid
var
jetpackcarouselstrings
widths
is
logged
in
lang
en
ajaxurl
https
www
washington
edu
cms
financialaid
wp
admin
admin
ajax
php
nonce
9
fcb
1
display
exif
1
display
geo
background
color
white
download
original
view
full
size
0
span
1
span
camera
camera
aperture
aperture
shutter
speed
shutter
speed
focal
length
focal
length
require
name
email
1
login
url
https
www
washington
edu
cms
financialaid
wp
login
php
redirect
to
https
3
2
2
fwww
washington
edu
2
fcms
2
ffinancialaid
2
ftypes
of
aid
2
script
type
text
javascript
src
www
washington
edu
wp
content
themes
uw
js
site
js
ver
0
id
site
js
link
rel
edituri
type
application
rsd
xml
title
rsd
href
rsd
meta
name
generator
content
wordpress
2
link
rel
canonical
href
link
rel
shortlink
href
https://www.washington.edu/financialaid/
83
script
type
text
javascript
function
googleanalyticsobject
function
push
arguments
1
new
date
createelement
getelementsbytagname
0
async
1
src
parentnode
insertbefore
window
document
script
www
google
analytics
com
analytics
js
ga
ga
create
ua
auto
ga
require
linkid
linkid
js
ga
send
pageview
google
tag
manager
for
wordpress
by
gtm
4
wp
com
gtm
container
placement
set
to
automatic
var
datalayer
content
pageposttype
page
pageposttype
2
single
page
pagepostauthor
bristl
datalayer
push
datalayer
content
function
push
gtm
start
new
date
gettime
event
gtm
js
var
getelementsbytagname
0
createelement
dl
datalayer
async
true
src
www
googletagmanager
com
gtm
js
id
dl
parentnode
insertbefore
window
document
script
datalayer
gtm
kq
6
qqbt
end
google
tag
manager
end
google
tag
manager
for
wordpress
by
gtm
4
wp
com
if
lt
ie
9
script
src
www
washington
edu
wp
content
themes
uw
assets
ie
js
html
5
shiv
js
type
text
javascript
script
src
www
washington
edu
wp
content
themes
uw
assets
ie
js
respond
js
type
text
javascript
link
rel
stylesheet
href
www
washington
edu
wp
content
themes
uw
assets
ie
css
ie
css
type
text
css
media
all
endif
if
lt
ie
9
endif
if
gt
ie
8
endif
skip
to
main
content
href
https://my.uw.edu/
utm
source
quicklinks
utm
medium
click
utm
campaign
quicklinks
utm
term
myuw
tabindex
1
myuw
href
uw
edu
calendar
utm
source
quicklinks
utm
medium
click
utm
campaign
quicklinks
utm
term
calendar
tabindex
1
calendar
href
https://directory.uw.edu/
utm
source
quicklinks
utm
medium
click
utm
campaign
quicklinks
utm
term
directories
tabindex
1
directories
href
https://lib.uw.edu/
utm
source
quicklinks
utm
medium
click
utm
campaign
quicklinks
utm
term
libraries
tabindex
1
libraries
href
https://www.uwmedicine.org/
utm
source
quicklinks
utm
medium
click
utm
campaign
quicklinks
utm
term
uwmedicine
tabindex
1
uw
medicine
href
uw
edu
maps
utm
source
quicklinks
utm
medium
click
utm
campaign
quicklinks
utm
term
maps
tabindex
1
maps
href
uw
edu
news
utm
source
quicklinks
utm
medium
click
utm
campaign
quicklinks
utm
term
uwnews
tabindex
1
uw
news
helpful
links
href
https://itconnect.uw.edu/
utm
source
quicklinks
utm
medium
click
utm
campaign
quicklinks
utm
term
computingit
tabindex
1
computing
it
href
https://employeehelp.workday.uw.edu/
utm
source
quicklinks
utm
medium
click
utm
campaign
quicklinks
utm
term
workdayhcm
tabindex
1
workday
hcm
href
https://hfs.uw.edu/Husky-Card-Services/
utm
source
quicklinks
utm
medium
click
utm
campaign
quicklinks
utm
term
huskycard
tabindex
1
husky
card
href
https://www.uwb.edu/
utm
source
quicklinks
utm
medium
click
utm
campaign
quicklinks
utm
term
uwbothell
tabindex
1
uw
bothell
href
https://www.tacoma.uw.edu/
utm
source
quicklinks
utm
medium
click
utm
campaign
quicklinks
utm
term
uwtacoma
tabindex
1
uw
tacoma
href
https://www.facebook.com/UofWA
utm
source
quicklinks
utm
medium
click
utm
campaign
quicklinks
utm
term
uwfacebook
tabindex
1
uw
facebook
href
https://twitter.com/UW
utm
source
quicklinks
utm
medium
click
utm
campaign
quicklinks
utm
term
uwtwitter
tabindex
1
uw
twitter
href
http://uw.edu
title
university
of
washington
home
university
of
washington
university
of
washington
href
http://uw.edu/studentlife
title
students
students
href
http://uw.edu/parents
title
parents
parents
href
http://uw.edu/facultystaff
title
faculty
staff
faculty
staff
href
http://uw.edu/alumni
title
alumni
alumni
if
gt
ie
8
svg
version
xmlns
http://www.w3.org/2000/svg
xmlns
xlink
http://www.w3.org/1999/xlink
0
px
0
px
width
19
px
height
51
px
viewbox
enable
background
new
xml
space
preserve
focusable
false
path
fill
ffffff
rect
transform
matrix
fill
ffffff
width
height
path
fill
ffffff
0
0
endif
quick
links
svg
version
xmlns
http://www.w3.org/2000/svg
0
px
0
px
width
px
height
px
viewbox
enable
background
new
xml
space
preserve
focusable
false
polygon
fill
ffffff
points
78
polygon
fill
ffffff
points
href
https://www.washington.edu/financialaid/
title
financial
aid
home
id
fin
aid
home
financial
aid
home
href
class
dropdown
toggle
title
getting
started
id
getting
started
href
tabindex
1
title
eligibility
id
90
eligibility
href
tabindex
1
title
student
aid
index
id
student
aid
index
href
tabindex
1
title
how
need
is
determined
id
how
need
is
determined
href
tabindex
1
title
net
price
calculator
id
net
price
calculator
href
tabindex
1
title
student
budgets
id
student
budgets
href
http://www.washington.edu/huskypromise/
tabindex
1
title
husky
promise
id
husky
promise
husky
promise
href
class
dropdown
toggle
title
applying
for
aid
id
86
applying
for
aid
href
tabindex
1
title
key
dates
id
91
key
dates
href
tabindex
1
title
application
process
id
87
application
process
href
tabindex
1
title
aid
offer
process
id
88
aid
offer
process
href
tabindex
1
title
maintain
eligibility
id
maintain
eligibility
href
tabindex
1
title
summer
quarter
id
92
summer
quarter
href
class
dropdown
toggle
title
types
of
aid
id
96
types
of
aid
href
tabindex
1
title
scholarships
id
scholarships
href
tabindex
1
title
grants
id
99
grants
href
tabindex
1
title
work
study
id
work
study
href
tabindex
1
title
loans
id
loans
href
tabindex
1
title
childcare
assistance
program
id
97
childcare
assistance
program
href
tabindex
1
title
veterans
benefits
id
veterans
benefits
href
http://uw.edu/emergencyaid
tabindex
1
title
emergency
aid
id
emergency
aid
emergency
aid
href
tabindex
1
title
emergency
food
assistance
id
emergency
food
assistance
href
tabindex
1
title
other
assistance
id
98
other
assistance
href
tabindex
1
title
emergency
relief
fund
prior
years
id
emergency
relief
fund
prior
years
href
class
dropdown
toggle
title
receiving
aid
id
receiving
aid
href
tabindex
1
title
disbursement
id
89
disbursement
href
tabindex
1
title
appeals
and
special
circumstances
id
appeals
and
special
circumstances
href
tabindex
1
title
request
changes
to
your
aid
offer
id
request
changes
to
your
aid
offer
href
tabindex
1
title
satisfactory
academic
progress
id
satisfactory
academic
progress
href
class
dropdown
toggle
title
forms
amp
resources
id
forms
amp
resources
href
tabindex
1
title
forms
id
forms
forms
href
tabindex
1
title
consumer
information
id
consumer
information
consumer
information
href
tabindex
1
title
glossary
of
terms
for
aid
offer
notifications
id
glossary
of
terms
for
aid
offer
notifications
href
tabindex
1
title
loan
repayment
id
loan
repayment
href
tabindex
1
title
tax
benefits
id
tax
benefits
href
tabindex
1
title
withdrawal
and
refund
id
withdrawal
and
refund
href
tabindex
1
title
financial
aid
code
of
conduct
id
financial
aid
code
of
conduct
href
title
money
management
id
money
management
href
https://www.washington.edu/financialaid/faq/
title
faqs
id
faqs
href
title
processing
and
response
timelines
id
processing
and
response
timelines
href
title
contact
us
id
contact
us
href
title
my
financial
aid
id
my
financial
aid
my
financial
aid
types
of
aid
menu
href
https://www.washington.edu/financialaid/
financial
aid
home
href
getting
started
href
eligibility
href
student
aid
index
href
how
need
is
determined
href
net
price
calculator
href
student
budgets
href
http://www.washington.edu/huskypromise/
husky
promise
href
applying
for
aid
href
key
dates
href
application
process
href
aid
offer
process
href
maintain
eligibility
href
summer
quarter
href
aria
current
page
types
of
aid
href
scholarships
href
grants
href
work
study
href
loans
href
childcare
assistance
program
href
veterans
benefits
href
http://uw.edu/emergencyaid
emergency
aid
href
emergency
food
assistance
href
other
assistance
href
emergency
relief
fund
prior
years
href
receiving
aid
href
disbursement
href
appeals
and
special
circumstances
href
request
changes
to
your
aid
offer
href
satisfactory
academic
progress
href
forms
amp
resources
href
forms
href
consumer
information
href
glossary
of
terms
for
aid
offer
notifications
href
loan
repayment
href
tax
benefits
href
withdrawal
and
refund
href
financial
aid
code
of
conduct
href
money
management
href
https://www.washington.edu/financialaid/faq/
faqs
href
processing
and
response
timelines
href
contact
us
href
my
financial
aid
href
http://uw.edu
title
university
of
washington
home
href
https://www.washington.edu/financialaid/
title
student
financial
aid
student
financial
aid
types
of
aid
types
of
aid
href
https://www.washington.edu/financialaid
title
home
class
homelink
home
types
of
aid
href
scholarships
href
undergraduate
scholarships
href
grants
href
undergraduate
grants
href
graduate
and
professional
grants
href
teach
grant
href
work
study
href
loans
href
completing
paperwork
for
loans
href
federal
loans
href
student
loans
program
chart
href
parent
plus
loans
href
private
loans
href
short
term
loans
href
childcare
assistance
program
href
application
process
href
finding
childcare
providers
href
forms
and
resources
href
veterans
benefits
href
other
assistance
href
emergency
relief
fund
prior
years
the
university
of
washington
helps
make
your
university
education
affordable
by
providing
financial
assistance
in
number
of
areas
from
grants
and
loans
to
scholarships
and
work
study
opportunities
whatever
level
of
aid
you
require
you
re
sure
to
find
it
here
title
scholarships
href
scholarships
img
fetchpriority
high
decoding
async
class
alignnone
size
full
wp
image
src
alt
forest
field
researchers
width
height
title
scholarships
href
scholarships
scholarships
the
university
of
washington
seattle
has
many
scholarship
opportunities
available
to
our
students
we
provided
about
20
million
in
scholarships
to
about
of
our
undergraduate
students
in
the
past
year
class
uw
btn
btn
sm
btn
purple
href
scholarships
learn
more
href
grants
img
loading
lazy
decoding
async
class
alignnone
size
full
wp
image
src
alt
headergerberding
width
height
title
grants
href
grants
grants
the
university
of
washington
offers
various
federal
state
and
university
grant
opportunities
for
students
who
qualify
class
uw
btn
btn
sm
btn
purple
href
grants
learn
more
href
work
study
img
loading
lazy
decoding
async
class
alignnone
size
full
wp
image
src
alt
headerquadblossoms
width
height
title
work
study
href
work
study
work
study
the
federal
work
study
and
state
sponsored
washington
state
work
study
programs
give
you
the
opportunity
to
work
part
time
while
going
to
school
class
uw
btn
btn
sm
btn
purple
href
work
study
learn
more
href
loans
img
loading
lazy
decoding
async
class
alignnone
size
full
wp
image
src
alt
mg
width
height
title
loans
href
student
loans
the
university
of
washington
participates
in
the
major
federal
student
loan
programs
to
give
our
students
the
full
range
of
options
available
for
paying
for
college
class
uw
btn
btn
sm
btn
purple
href
loans
learn
more
href
child
care
assistance
img
loading
lazy
decoding
async
class
alignnone
size
full
wp
image
src
alt
headerumbrella
width
height
title
child
care
assistance
href
target
blank
rel
noopener
childcare
assistance
the
childcare
assistance
program
is
designed
to
assist
uw
seattle
campus
students
in
covering
the
costs
of
licensed
childcare
for
their
children
while
enrolled
in
an
eligible
program
of
study
learn
more
href
veterans
benefits
img
loading
lazy
decoding
async
class
alignnone
size
full
wp
image
src
alt
headerquadblossoms
width
height
title
veterans
benefits
href
veterans
benefits
veterans
benefits
the
veterans
education
benefits
office
staff
provides
students
with
information
about
va
educational
benefits
certifies
gi
bill
benefits
and
answers
questions
about
financial
aid
class
uw
btn
btn
sm
btn
purple
href
veterans
benefits
learn
more
href
food
stamps
img
loading
lazy
decoding
async
class
alignnone
size
full
wp
image
src
alt
headerreflection
width
height
title
other
assistance
href
food
stamps
other
assistance
in
addition
to
university
of
washington
resources
there
are
number
of
community
resources
available
to
help
students
class
uw
btn
btn
sm
btn
purple
href
food
stamps
learn
more
nbsp
href
https://www.washington.edu/financialaid
title
home
class
homelink
home
types
of
aid
href
scholarships
href
undergraduate
scholarships
href
grants
href
undergraduate
grants
href
graduate
and
professional
grants
href
teach
grant
href
work
study
href
loans
href
completing
paperwork
for
loans
href
federal
loans
href
student
loans
program
chart
href
parent
plus
loans
href
private
loans
href
short
term
loans
href
childcare
assistance
program
href
application
process
href
finding
childcare
providers
href
forms
and
resources
href
veterans
benefits
href
other
assistance
href
emergency
relief
fund
prior
years
resources
href
target
blank
rel
noopener
applying
for
financial
aid
href
target
blank
rel
noopener
parent
plus
loan
href
target
blank
rel
noopener
new
borrowers
of
federal
student
loans
contact
us
href
send
us
message
visit
href
contact
us
for
office
location
directions
and
mailing
address
federal
school
code
our
title
iv
federal
school
code
is
this
code
is
used
for
seattle
bothell
and
tacoma
campuses
about
us
our
mission
is
to
provide
educational
access
and
opportunity
for
all
students
we
promote
participation
in
higher
education
by
providing
programs
of
assistance
to
help
bridge
the
gap
between
the
cost
of
attending
the
university
and
the
family
own
resources
we
believe
students
from
all
economic
backgrounds
should
have
the
opportunity
to
attend
the
university
of
washington
finances
should
not
be
barrier
to
getting
world
class
education
href
http://www.washington.edu
class
footer
wordmark
university
of
washington
href
http://www.washington.edu/boundless/
be
boundless
connect
with
us
class
facebook
href
http://www.facebook.com/UofWA
facebook
class
twitter
href
http://twitter.com/UW
twitter
class
instagram
href
http://instagram.com/uofwa
instagram
class
youtube
href
http://www.youtube.com/user/uwhuskies
youtube
class
linkedin
href
linkedin
class
pinterest
href
http://www.pinterest.com/uofwa/
pinterest
href
http://www.uw.edu/accessibility
accessibility
href
http://uw.edu/contact
contact
us
href
http://www.washington.edu/jobs
jobs
href
http://www.washington.edu/safety
campus
safety
href
http://my.uw.edu/
my
uw
href
http://www.washington.edu/rules/wac
rules
docket
href
http://www.washington.edu/online/privacy/
privacy
href
http://www.washington.edu/online/terms/
terms
href
http://www.washington.edu/newsletter/
newsletter
copy
university
of
washington
seattle
wa
uw
container
inner
uw
container
style
id
core
block
supports
inline
css
type
text
css
core
styles
block
supports
