doctype
html
google
tag
manager
uw
global
function
push
gtm
start
new
date
gettime
event
gtm
js
var
getelementsbytagname
0
createelement
dl
datalayer
async
true
src
https://www.googletagmanager.com/gtm.js
id
dl
parentnode
insertbefore
window
document
script
datalayer
gtm
7
gfx
62
end
google
tag
manager
google
tag
manager
www
wisc
edu
function
push
gtm
start
new
date
gettime
event
gtm
js
var
getelementsbytagname
0
createelement
dl
datalayer
async
true
src
https://www.googletagmanager.com/gtm.js
id
dl
parentnode
insertbefore
window
document
script
datalayer
gtm
tq
8
dqj
4
end
google
tag
manager
gdpr
notice
university
of
wisconsinmadison
link
rel
preconnect
href
https://cdn.wisc.cloud
link
rel
stylesheet
crossorigin
type
text
css
href
uw
hide
on
load
display
none
no
js
uw
hide
on
load
display
block
link
rel
stylesheet
href
css
redesign
ffac
6
css
type
text
css
media
screen
function
classname
classname
replace
no
js
js
window
uwmediaquery
window
matchmedia
prefers
reduced
motion
reduce
if
window
uwmediaquery
matches
true
intersectionobserver
in
window
classlist
add
uw
animate
else
classlist
add
uw
no
animate
document
documentelement
window
is
home
false
global
site
tag
gtag
js
google
analytics
script
async
src
https://www.googletagmanager.com/gtag/js
id
04
hxceerg
window
datalayer
window
datalayer
function
gtag
datalayer
push
arguments
gtag
js
new
date
gtag
config
04
hxceerg
cookie
domain
www
wisc
edu
var
gatargets
04
hxceerg
plj
zy
82
begin
uw
madison
eloqua
tracking
code
var
elqq
elqq
elqq
push
elqsetsiteid
prod
elqq
push
elqtrackpageview
function
function
async
load
var
document
createelement
script
type
text
javascript
async
true
src
img
04
en
25
com
elqcfg
min
js
var
document
getelementsbytagname
script
0
parentnode
insertbefore
if
window
addeventlistener
window
addeventlistener
domcontentloaded
async
load
false
else
if
window
attachevent
window
attachevent
onload
async
load
end
uw
madison
eloqua
tracking
code
link
rel
stylesheet
href
css
print
ed
fc
7
ea
cd
ec
css
type
text
css
media
print
if
lt
ie
9
script
src
endif
link
rel
stylesheet
type
text
css
href
css
uw
alerts
fffc
ec
3
adb
css
meta
property
og
image
content
https://www.wisc.edu/images/social-card.jpg
skip
to
main
content
id
uw
crest
wordmark
aria
label
uwmadison
home
page
href
svg
aria
labelledby
uw
crest
svg
xmlns
http://www.w3.org/2000/svg
xmlns
xlink
http://www.w3.org/1999/xlink
viewbox
crest
logo
for
the
university
cls
12
fill
cls
1
fill
cls
2
fill
cls
fill
cls
30
fill
url
web
shield
blend
cls
4
fill
fff
stop
offset
stop
color
fff
stop
offset
stop
color
6
ede
4
stop
offset
stop
color
debe
9
stop
offset
stop
color
4
ac
7
path
class
cls
1
34
46
path
class
cls
1
28
83
path
class
cls
1
path
class
cls
1
43
37
path
class
cls
1
87
zm
39
path
class
cls
1
33
83
8
6
28
65
path
class
cls
1
2
11
path
class
cls
1
74
28
83
27
17
path
class
cls
1
33
27
8
28
27
path
class
cls
2
1
49
path
class
cls
2
09
68
18
05
81
91
58
path
class
cls
2
path
class
cls
2
38
1
path
class
cls
2
path
class
cls
2
67
zm
79
62
path
class
cls
2
38
4
2
path
class
cls
2
path
class
cls
2
path
class
cls
2
path
class
cls
2
81
zm
81
path
class
cls
2
31
path
class
cls
2
3
10
12
44
06
7
11
89
35
73
3
17
1
76
path
class
cls
2
path
class
cls
2
63
39
4
2
path
class
cls
2
06
1
path
class
cls
2
81
zm
81
path
class
cls
2
75
0
81
91
58
path
class
cls
2
63
39
4
2
path
class
cls
2
path
class
cls
2
75
68
81
91
58
path
class
cls
2
path
class
cls
2
09
4
12
69
42
1
91
path
class
cls
2
55
zm
54
12
3
27
78
44
13
07
path
class
cls
2
31
zm
77
path
class
cls
2
path
class
cls
2
63
39
4
2
path
class
cls
2
zm
path
class
cls
2
75
68
81
91
58
path
class
cls
30
1
15
0
64
83
32
31
06
33
81
9
path
class
cls
8
7
21
89
zm
1
12
12
48
zm
56
34
56
3
43
0
27
17
65
3
16
5
26
3
27
0
78
47
8
81
zm
0
74
zm
77
zm
35
zm
22
69
4
zm
4
46
zm
zm
48
59
zm
17
3
47
57
15
74
21
82
35
0
zm
1
1
53
36
11
zm
36
0
49
path
class
cls
12
2
2
63
31
path
class
cls
4
63
1
88
0
16
37
16
06
27
12
menu
menu
close
search
people
and
pages
id
uw
search
red
button
href
https://cse.google.com/cse/publicurl
cx
uu
2
tbvfp
4
za
aria
controls
uw
top
search
form
aria
expanded
false
search
close
open
search
form
id
uw
top
search
form
action
search
method
get
aria
hidden
true
aria
label
search
form
class
uw
search
form
maybe
transparent
is
transparent
this
search
returns
up
to
five
matches
as
you
type
the
matches
can
be
found
immediately
after
the
search
input
field
search
people
and
pages
search
main
menu
href
academics
academics
href
admissions
admissions
amp
aid
href
student
life
student
life
href
research
research
href
athletics
athletics
href
about
about
uw
utility
menu
aria
haspopup
true
href
https://my.wisc.edu/
myuw
open
dropdown
menu
close
dropdown
menu
href
https://my.wisc.edu/
myuw
home
href
https://email.wisc.edu/
email
calendar
href
https://canvas.wisc.edu/
canvas
href
https://uwmadison.app.box.com/
box
href
https://apps.google.wisc.edu/
google
apps
href
https://uwmadison.zoom.us/
zoom
href
https://www.library.wisc.edu/
libraries
href
https://map.wisc.edu/
map
href
https://news.wisc.edu/
news
href
visit
visit
href
admissions
apply
apply
href
https://jobs.wisc.edu/
jobs
href
https://secure.supportuw.org/give/
utm
source
wisc
amp
utm
medium
referral
amp
utm
content
topnav
amp
utm
campaign
campus
amp
channel
web
give
gdpr
notice
notice
specific
to
persons
within
the
european
union
and
european
economic
area
if
you
are
located
in
the
eu
or
eea
then
our
processing
of
your
personal
data
may
be
subject
to
the
href
uri
uriserv
oj
01
eng
general
data
protection
regulation
or
the
gdpr
gdpr
is
data
privacy
law
that
applies
to
personal
data
collected
in
or
from
the
eu
or
eea
in
addition
to
href
uwmadisons
general
privacy
notice
the
gdpr
supplemental
privacy
notice
outlines
the
collection
use
and
disclosure
of
personal
data
provided
to
uwmadison
by
individuals
while
located
in
the
eu
and
or
the
eea
including
but
not
limited
to
prospective
students
applicants
for
admission
enrolled
students
alumni
employees
prospective
current
and
former
research
subjects
donors
contractors
and
vendors
event
participants
customers
when
you
submit
information
to
uwmadison
or
use
uwmadisons
websites
and
or
other
electronic
services
you
consent
to
the
collection
use
and
disclosure
of
that
information
as
described
in
this
privacy
notice
please
also
see
our
href
gdpr
resources
webpage
for
more
information
personal
data
collected
below
are
the
categories
of
personal
data
as
defined
under
the
gdpr
which
uwmadison
collects
and
uses
in
relation
to
eu
eea
processing
activities
uwmadison
also
identifies
the
purposes
and
legal
bases
for
processing
personal
data
while
each
category
has
specific
identified
purposes
the
summary
of
how
we
use
data
in
section
ii
also
applies
websites
and
mobile
applications
we
collect
personal
data
from
visitors
and
users
of
any
of
uwmadisons
websites
and
mobile
applications
such
as
browser
and
device
type
ip
address
and
pages
visited
we
also
gather
the
data
that
is
entered
into
various
web
forms
the
personal
data
is
used
to
respond
to
your
inquiries
and
to
conduct
analytics
to
maintain
and
improve
our
websites
and
mobile
platforms
as
well
as
provide
you
with
relevant
marketing
and
other
communications
the
legal
basis
for
this
type
of
data
use
includes
1
facilitating
transactions
requested
by
you
and
to
meet
our
contractual
obligations
registering
participants
for
events
2
uwmadisons
legitimate
interests
such
as
analytics
3
your
consent
where
applicable
admissions
financial
aid
and
academic
services
we
collect
personal
data
from
prospective
and
enrolled
students
such
as
contact
information
demographic
information
race
gender
age
education
history
family
information
testing
history
personal
financial
information
and
payment
information
the
personal
data
collected
during
the
admissions
process
by
uwmadison
or
by
third
parties
on
the
universitys
behalf
is
primarily
used
for
the
purposes
of
considering
potential
students
candidacy
for
admission
to
the
relevant
school
college
program
or
course
evaluating
your
eligibility
for
financial
aid
if
applicable
and
if
you
are
admitted
and
enroll
facilitating
your
education
and
access
to
university
programs
and
services
the
legal
basis
for
this
type
of
data
use
includes
1
facilitating
transactions
requested
by
you
and
to
meet
our
contractual
obligations
processing
your
application
for
admission
2
uwmadisons
legitimate
interests
such
as
providing
educational
offerings
and
conducting
admissions
research
3
your
consent
where
applicable
alumni
and
donors
we
collect
personal
data
from
our
alumni
donors
and
prospective
donors
contact
and
demographic
information
financial
and
payment
information
education
history
and
employment
information
we
also
transfer
some
personal
student
data
to
our
alumni
organization
database
the
personal
data
collected
is
used
to
provide
opportunities
to
engage
with
uwmadison
alumni
and
students
facilitate
alumni
and
donor
communications
events
fundraising
and
operations
request
and
process
donations
and
share
information
about
other
giving
and
volunteer
opportunities
the
legal
basis
for
this
type
of
data
use
includes
1
facilitating
transactions
requested
by
you
and
to
meet
our
contractual
obligations
registration
for
events
or
processing
of
donations
2
uwmadisons
legitimate
interests
such
as
requesting
gifts
or
donations
3
complying
with
legal
obligation
and
4
your
consent
where
applicable
registration
for
campus
events
and
online
education
we
collect
personal
data
from
participants
who
register
for
uwmadison
campus
events
and
programs
and
enroll
in
online
courses
or
programs
the
personal
data
collected
includes
contact
and
payment
information
cookies
and
other
technology
data
education
history
course
engagement
and
assessment
data
and
possibly
data
related
to
health
for
accommodation
purposes
the
legal
basis
for
this
type
of
data
use
includes
1
facilitating
transactions
requested
by
you
and
to
meet
our
contractual
obligations
registration
for
events
or
online
courses
and
programs
2
uwmadisons
legitimate
interests
such
as
providing
educational
offerings
and
evaluating
your
performance
3
complying
with
legal
obligation
and
4
your
consent
where
applicable
employees
and
job
applicants
we
collect
personal
data
from
potential
current
and
former
employees
of
uwmadison
contact
and
biographical
information
employment
and
education
history
payment
and
tax
information
family
and
health
information
related
to
benefits
and
information
related
to
performance
at
work
the
personal
data
collected
is
used
to
evaluate
your
application
for
employment
or
other
work
relationship
and
communicate
hiring
decisions
as
well
as
administer
employmentrelated
processes
and
facilitate
employment
related
operations
including
payroll
processing
and
the
provision
of
employee
benefits
the
legal
basis
for
this
type
of
data
use
includes
1
facilitating
transactions
requested
by
you
and
to
meet
our
contractual
obligations
managing
employment
relationships
2
uwmadisons
legitimate
interests
such
as
managing
employment
relationship
and
administrative
responsibilities
3
complying
with
legal
obligation
providing
information
to
tax
authorities
and
4
your
consent
where
applicable
educational
programs
in
eea
we
collect
personal
data
from
participants
of
any
educational
programs
conducted
by
uwmadison
in
the
eu
eea
contact
and
demographic
information
education
and
employment
information
course
assessment
data
health
and
dietary
information
and
payment
information
this
personal
data
is
used
for
the
primary
purpose
of
administering
the
course
or
program
in
which
you
are
participating
including
sharing
information
about
you
with
other
participants
providing
academic
guidance
evaluating
your
performance
and
providing
you
with
related
services
such
as
lodging
and
dietary
or
medical
needs
the
legal
basis
for
this
type
of
data
use
includes
1
facilitating
transactions
requested
by
you
and
to
meet
our
contractual
obligations
provide
the
educational
programming
and
related
services
2
uwmadisons
legitimate
interests
such
as
evaluation
to
improve
program
offerings
3
complying
with
legal
obligation
and
4
your
consent
where
applicable
research
we
collect
personal
data
from
people
who
have
or
are
participating
as
research
subjects
at
uwmadison
with
the
personal
data
collected
about
you
varying
depending
on
the
specific
research
project
in
which
you
have
participated
or
are
participating
personal
data
collected
by
university
researchers
or
on
their
behalf
is
done
so
for
the
primary
purpose
of
furthering
research
and
understanding
in
fields
of
academic
study
university
researchers
will
generally
provide
you
with
consent
and
or
authorization
form
relating
to
the
specific
research
project
that
explains
the
types
of
data
collected
and
the
purposes
for
which
such
data
are
processed
and
shared
that
consent
or
authorization
form
supersedes
the
information
provided
in
this
notice
the
legal
basis
for
this
type
of
data
use
includes
1
facilitating
transactions
requested
by
you
and
to
meet
our
contractual
obligations
paying
faculty
employees
research
collaborators
and
research
consultants
2
uwmadisons
legitimate
interests
such
as
conducting
research
3
complying
with
legal
obligation
reporting
adverse
events
to
regulatory
authorities
that
oversee
the
safety
of
medical
products
and
research
4
processing
data
that
is
necessary
for
scientific
or
historical
research
purposes
and
is
performed
consistent
with
required
data
protection
safeguards
5
the
necessity
of
performing
tasks
that
are
in
the
public
interest
further
research
and
understanding
in
fields
of
academic
study
and
6
your
consent
where
applicable
ii
how
we
use
personal
data
we
use
personal
data
in
variety
of
ways
including
those
identified
above
in
connection
with
the
specific
categories
of
personal
data
below
is
summary
of
the
different
purposes
for
which
we
use
your
personal
data
that
includes
the
uses
above
as
well
as
some
additional
uses
under
certain
circumstances
these
additional
uses
may
be
based
on
your
consent
or
may
be
necessary
to
fulfill
our
contractual
commitments
to
you
for
legal
compliance
or
to
serve
our
legitimate
interest
in
the
following
operations
responding
to
your
requests
or
inquiries
carrying
out
our
business
operations
and
administering
our
educational
programs
and
services
administering
fellowships
grants
and
other
programs
in
support
of
individual
study
and
research
projects
acquiring
feedback
through
research
surveys
and
similar
inquiries
to
increase
our
understanding
of
trends
and
needs
individuals
using
our
websites
or
other
services
requesting
and
processing
gifts
and
donations
maintaining
compliance
with
accreditation
requirements
compiling
statistics
and
conducting
surveys
and
research
for
internal
and
statutory
reporting
purposes
issuing
safety
or
security
alerts
preventing
investigating
and
addressing
fraud
unlawful
or
criminal
activity
other
misconduct
security
or
technical
issues
or
unauthorized
access
to
or
use
of
personal
data
our
website
or
data
systems
meeting
legal
obligations
including
responding
to
subpoenas
court
orders
or
other
legal
process
enforcing
our
agreements
and
protecting
the
health
safety
rights
or
property
of
you
the
university
and
others
providing
communications
announcements
and
other
information
that
may
be
of
interest
to
you
processing
and
fulfilling
your
requests
to
purchase
uwmadison
merchandise
or
other
products
engaging
analytics
to
prepare
marketing
promotions
and
advertising
either
directly
or
through
third
parties
that
may
be
of
interest
to
you
iii
legal
bases
for
processing
legitimate
interests
under
gdpr
there
are
several
legal
bases
on
which
data
is
processed
at
uwmadison
as
noted
above
this
may
include
your
consent
where
it
is
necessary
for
entering
into
or
for
the
performance
of
contract
or
where
it
is
necessary
for
the
universitys
legitimate
interests
below
are
several
legitimate
interests
on
which
the
university
relies
in
using
and
sharing
your
personal
data
under
certain
circumstances
these
additional
uses
may
be
based
on
your
consent
or
may
be
necessary
to
fulfill
our
contractual
commitments
to
you
for
legal
compliance
or
to
serve
our
legitimate
interest
in
the
following
operations
promoting
the
success
of
our
current
and
former
students
faculty
staff
and
programs
providing
and
improving
our
educational
programs
furthering
research
and
understanding
in
fields
of
academic
study
engaging
alumni
donors
and
prospective
donors
and
connecting
them
with
others
conducting
and
growing
the
universitys
operations
ensuring
the
safety
and
security
of
members
of
the
campus
community
meeting
the
universitys
institutional
obligations
and
enforcing
our
legal
rights
evaluating
and
improving
our
online
platforms
and
user
experience
protecting
against
fraud
spam
harassment
intellectual
property
infringement
crime
and
security
risks
cybersecurity
providing
opportunities
to
volunteer
and
to
attend
university
events
iv
your
rights
in
light
of
uwmadisons
data
processing
activities
that
are
subject
to
gdpr
uwmadison
strives
to
facilitate
the
exercise
of
the
rights
granted
to
you
by
gdpr
in
timely
manner
this
includes
ensuring
the
rights
to
confirm
access
correct
and
other
requests
you
have
the
right
to
obtain
information
about
the
personal
data
we
process
about
you
as
well
as
copy
of
the
data
additionally
and
under
certain
circumstances
you
may
have
the
right
to
correct
or
update
any
of
your
personal
data
that
is
inaccurate
to
request
the
deletion
of
your
personal
data
to
restrict
or
limit
the
ways
in
which
we
use
your
data
and
to
request
transfer
of
your
personal
data
to
another
party
upon
reasonable
good
faith
request
we
will
provide
you
with
information
about
whether
we
hold
any
of
your
personal
data
as
part
of
our
eu
eea
processing
activities
to
the
extent
required
by
and
in
accordance
with
applicable
law
right
to
object
you
have
the
right
to
follow
opt
out
instructions
in
our
marketing
emails
and
to
object
to
any
processing
of
your
personal
data
based
on
your
specific
situation
in
the
latter
case
we
will
assess
your
request
and
provide
reply
in
timely
manner
according
to
our
legal
obligations
right
to
withdraw
consent
you
have
the
right
to
withdraw
your
consent
at
any
time
for
all
data
processing
operations
that
are
consent
based
and
we
will
stop
those
processing
operations
subject
to
certain
legal
limitations
in
some
cases
you
can
do
this
by
discontinuing
use
of
the
services
involved
in
the
eu
eea
processing
activities
this
may
include
closing
all
of
your
online
accounts
with
the
university
and
contacting
us
at
gdpr
program
wisc
edu
to
request
that
your
personal
data
be
deleted
if
you
withdraw
your
consent
to
the
use
or
sharing
of
your
personal
data
for
the
purposes
described
in
this
or
other
uwmadison
privacy
statements
that
link
to
or
expressly
adopt
this
privacy
notice
you
may
not
have
access
to
the
related
services
and
we
might
not
be
able
to
provide
you
all
or
any
of
the
services
note
in
certain
cases
we
may
continue
to
process
your
personal
data
after
you
have
withdrawn
consent
and
requested
that
we
delete
your
personal
data
if
there
is
legal
basis
to
do
so
for
example
we
may
retain
certain
data
if
we
need
to
do
so
to
comply
with
legal
obligation
if
we
still
need
the
data
for
the
lawful
purposes
for
which
we
obtained
the
data
or
if
it
is
necessary
to
do
so
to
pursue
our
legitimate
interest
in
keeping
our
services
and
operations
safe
and
secure
when
you
make
requests
based
on
the
rights
listed
above
you
may
be
asked
for
further
personal
information
to
confirm
your
identity
and
used
solely
for
the
purposes
of
responding
to
your
request
retention
period
personal
data
is
kept
on
record
at
uwmadison
only
as
long
as
necessary
for
the
purposes
it
was
collected
and
processed
the
disposition
of
your
information
is
subject
to
the
retention
periods
of
applicable
state
and
federal
law
retention
periods
vary
and
are
established
considering
our
legitimate
interests
and
all
applicable
legal
requirements
if
you
consented
to
the
use
of
your
information
you
have
the
right
to
withdraw
consent
without
affecting
the
universitys
lawful
use
of
the
information
prior
to
receiving
your
request
to
withdraw
consent
please
see
university
record
retention
schedules
and
disposition
at
href
vi
international
data
transfers
when
you
interact
with
uwmadison
either
directly
or
through
third
party
your
personal
information
is
transferred
to
the
united
states
the
united
states
currently
is
not
deemed
by
the
european
commission
to
have
an
adequate
level
of
legal
protections
for
personal
data
information
uwmadison
relies
on
appropriate
or
suitable
safeguards
or
specific
derogations
recognized
under
data
protection
laws
including
the
gdpr
in
particular
we
rely
on
your
explicit
consent
for
some
of
the
data
transfers
and
on
necessity
for
the
performance
of
contract
or
the
implementation
of
pre
contractual
measures
taken
at
your
request
for
the
transfer
of
personal
data
necessary
for
your
application
for
admission
to
the
university
we
may
also
use
standard
contractual
clauses
specifically
adopted
by
the
european
commission
to
provide
safeguards
for
personal
data
transferred
outside
of
the
eu
eea
vii
notice
updates
this
privacy
notice
may
be
periodically
updated
please
check
the
date
our
statement
was
last
updated
here
last
revision
date
december
2
viii
concerns
if
you
have
any
concerns
or
questions
regarding
your
personal
data
use
please
contact
the
office
of
legal
affairs
lissa
koop
wisc
edu
we
will
respond
to
your
request
in
timely
manner
and
will
do
our
best
to
address
your
concern
however
if
you
believe
we
have
not
been
able
to
deal
with
your
concern
appropriately
you
have
right
to
complain
to
your
local
data
protection
authority
as
granted
by
article
77
of
gdpr
you
also
have
the
right
to
submit
complaint
in
the
eu
eea
member
state
of
your
residence
place
of
work
or
of
an
alleged
infringement
of
gdpr
are
you
searching
for
something
specific
form
id
uw
bottom
search
form
action
search
method
get
aria
hidden
false
aria
label
search
form
class
uw
search
form
this
search
returns
up
to
five
matches
as
you
type
the
matches
can
be
found
immediately
after
the
search
input
field
search
people
and
pages
search
footer
links
popular
href
https://secfac.wisc.edu/academic-calendar/
academic
calendar
href
https://map.wisc.edu/
campus
map
href
directories
directory
search
href
about
facts
facts
and
figures
href
https://jobs.wisc.edu/
jobs
href
academics
majors
majors
and
certificates
href
https://bursar.wisc.edu/tuition-and-fees
tuition
and
fees
resources
href
https://www.uwalumni.com/
utm
source
wisc
amp
utm
medium
referral
amp
utm
content
footer
amp
utm
campaign
campus
alumni
href
https://obe.wisc.edu/
business
and
industry
href
https://working.wisc.edu/
faculty
and
staff
href
https://internationalresources.wisc.edu/
international
href
https://parent.wisc.edu/
parents
href
https://research.wisc.edu/
researchers
href
https://students.wisc.edu/
students
quick
links
href
https://accessible.wisc.edu/
accessibility
href
https://diversity.wisc.edu/
diversity
equity
amp
inclusion
href
https://free-expression.wisc.edu/
free
expression
href
governance
governance
href
https://policy.wisc.edu/
policies
href
https://uwpd.wisc.edu/
safety
href
https://www.supportuw.org/
utm
source
wisc
amp
utm
medium
referral
amp
utm
content
footer
amp
utm
campaign
campus
support
uw
href
https://compliance.wisc.edu/titleix/
title
ix
href
aria
label
link
to
main
university
website
footer
crest
path
23
6
path
6
7
path
9
8
7
path
2
path
9
9
path
11
8
2
path
9
8
7
path
6
path
11
8
2
path
7
7
path
0
path
path
49
path
59
3
path
1
63
4
path
9
2
3
3
path
83
path
3
path
7
2
path
6
9
9
path
path
0
path
6
path
9
2
3
2
path
5
path
6
9
9
path
0
path
9
2
3
1
path
path
0
path
path
9
6
path
0
path
path
path
9
2
3
3
path
6
9
path
0
path
52
8
7
0
1
1
0
7
8
8
5
2
5
4
1
3
6
2
2
2
9
2
6
1
10
1
5
9
9
2
8
4
2
2
4
6
5
5
4
9
9
4
5
3
7
3
3
4
3
8
3
3
1
4
path
3
1
4
5
0
href
https://www.wisconsin.edu/
class
uw
footer
stand
out
link
part
of
the
universities
of
wisconsin
href
contact
us
envelope
contact
us
aria
label
facebook
href
https://facebook.com/uwmadison
facebook
aria
label
twitter
href
https://x.com/uwmadison
svg
xmlns
http://www.w3.org/2000/svg
viewbox
twitter
aria
label
youtube
href
https://www.youtube.com/user/uwmadison
youtube
aria
label
linkedin
href
https://www.linkedin.com/school/4099/
linkedin
aria
label
instagram
href
https://www.instagram.com/uwmadison/
instagram
board
of
regents
of
the
university
of
wisconsin
system
href
privacy
notice
privacy
notice
feedback
nbsp
questions
nbsp
or
accessibility
nbsp
issues
nbsp
web
umark
wisc
edu
script
src
js
redesign
8
fb
ebaf
dfa
js
window
siteconfig
alerts
api
https://alerts.wisc.edu/syndicated.json
script
nomodule
src
js
polyfills
object
assign
js
script
src
js
uw
alerts
abd
da
8
ff
eb
js
google
tag
manager
noscript
uw
global
iframe
src
https://www.googletagmanager.com/ns.html
id
gtm
7
gfx
62
height
0
width
0
style
display
none
visibility
hidden
end
google
tag
manager
noscript
google
tag
manager
noscript
www
wisc
edu
iframe
src
https://www.googletagmanager.com/ns.html
id
gtm
tq
8
dqj
4
height
0
width
0
style
display
none
visibility
hidden
end
google
tag
manager
noscript
script
src
window
addeventlistener
load
function
window
cookieconsent
initialize
const
cookies
document
cookie
split
if
cookies
length
0
const
regexcookiestodelete
new
regexp
hjsession
ga
const
regexcookiestokeep
new
regexp
ga
plj
zy
82
cookies
foreach
cookie
if
regexcookiestodelete
test
cookie
regexcookiestokeep
test
cookie
const
cookie
split
cookie
split
document
cookie
cookie
split
0
path
domain
wisc
edu
expires
thu
01
jan
utc
