html
html
lang
en
dir
ltr
prefix
og
https://ogp.me/ns
class
no
js
itemscope
itemtype
http://schema.org/WebPage
header
class
header
id
header
itemscope
itemtype
http://schema.org/WPHeader
skip
to
main
content
div
class
logo
logo
header
logo
icon
itemscope
itemtype
http://schema.org/Organization
class
logo
link
itemprop
url
href
brown
university
use
xlink
href
themes
custom
brown
static
images
logo
svg
logo
white
meta
content
itemprop
logo
class
logo
label
link
href
news
news
from
brown
nav
class
js
main
nav
js
main
nav
lg
main
nav
main
nav
lg
aria
label
site
navigation
itemscope
itemtype
http://schema.org/SiteNavigationElement
site
navigation
class
main
nav
link
href
news
featured
events
itemprop
url
featured
events
class
main
nav
link
href
news
for
journalists
itemprop
url
for
journalists
use
xlink
href
themes
custom
brown
static
images
icons
svg
search
use
xlink
href
themes
custom
brown
static
images
icons
svg
close
search
use
xlink
href
themes
custom
brown
static
images
icons
svg
menu
use
xlink
href
themes
custom
brown
static
images
icons
svg
close
menu
news
about
undergraduate
research
at
brown
undergraduates
are
creators
leaders
and
doers
who
are
not
satisfied
with
merely
raising
questions
they
learn
to
confront
address
and
solve
problems
facing
society
the
nation
and
the
world
breadcrumb
ul
class
breadcrumb
list
itemscope
itemtype
http://schema.org/BreadcrumbList
aria
label
breadcrumb
li
class
breadcrumb
item
itemscope
itemprop
item
list
element
itemtype
http://schema.org/ListItem
class
breadcrumb
pill
breadcrumb
pill
link
href
itemprop
item
home
li
class
breadcrumb
item
itemscope
itemprop
item
list
element
itemtype
http://schema.org/ListItem
class
breadcrumb
pill
breadcrumb
pill
link
href
news
itemprop
item
news
from
brown
recent
articles
class
component
figure
link
href
news
21
lgbtq
journals
aria
hidden
true
tabindex
1
div
class
js
background
component
card
background
data
background
options
source
0
px
sites
default
files
styles
classic
xsml
public
group
jpg
5
amp
itok
5
lf
lazy
true
lazy
edge
alt
ellen
anna
and
anthony
read
through
journal
student
life
class
component
title
link
href
news
21
lgbtq
journals
student
curated
exhibition
explores
history
of
student
experiences
at
brown
june
21
quot
so
that
we
may
write
and
be
heard
quot
on
view
at
stonewall
house
unearths
and
expands
on
decades
old
collection
of
collaborative
journals
written
by
students
at
brown
and
adds
alumni
reflections
class
peak
details
simple
link
href
news
21
lgbtq
journals
read
article
use
xlink
href
themes
custom
brown
static
images
icons
svg
arrow
right
use
xlink
href
themes
custom
brown
static
images
icons
svg
link
open
details
for
student
curated
exhibition
explores
history
of
student
experiences
at
brown
use
xlink
href
themes
custom
brown
static
images
icons
svg
dots
use
xlink
href
themes
custom
brown
static
images
icons
svg
close
class
component
figure
link
href
news
15
andrews
house
aria
hidden
true
tabindex
1
div
class
js
background
component
card
background
data
background
options
source
0
px
sites
default
files
styles
classic
xsml
public
andrewshouse
jpg
amp
itok
34
lazy
true
lazy
edge
alt
students
review
documents
arts
and
humanities
class
component
title
link
href
news
15
andrews
house
student
research
sheds
light
on
history
of
andrews
house
on
brown
campus
may
15
as
browns
cogut
institute
for
the
humanities
prepares
to
move
into
andrews
house
the
institute
engaged
two
undergraduates
in
semester
long
research
internship
to
explore
the
buildings
history
and
significance
br
class
peak
details
simple
link
href
news
15
andrews
house
read
article
use
xlink
href
themes
custom
brown
static
images
icons
svg
arrow
right
use
xlink
href
themes
custom
brown
static
images
icons
svg
link
open
details
for
student
research
sheds
light
on
history
of
andrews
house
on
brown
campus
use
xlink
href
themes
custom
brown
static
images
icons
svg
dots
use
xlink
href
themes
custom
brown
static
images
icons
svg
close
class
component
figure
link
href
news
25
rural
public
health
aria
hidden
true
tabindex
1
div
class
js
background
component
card
background
data
background
options
source
0
px
sites
default
files
styles
classic
xsml
public
erica
20
walker
20
20
rural
20
public
20
health
20
class
0
jpg
58
afc
86
amp
itok
kvb
uj
zs
7
lazy
true
lazy
edge
alt
rural
public
health
class
health
and
medicine
class
component
title
link
href
news
25
rural
public
health
students
from
brown
university
and
tougaloo
college
investigate
public
health
challenges
in
rural
areas
april
25
an
innovative
course
is
bringing
together
students
in
rhode
island
and
mississippi
to
conduct
an
impactful
public
health
research
project
focused
on
rural
community
in
gloster
mississippi
class
peak
details
simple
link
href
news
25
rural
public
health
read
article
use
xlink
href
themes
custom
brown
static
images
icons
svg
arrow
right
use
xlink
href
themes
custom
brown
static
images
icons
svg
link
open
details
for
students
from
brown
university
and
tougaloo
college
investigate
public
health
challenges
in
rural
areas
use
xlink
href
themes
custom
brown
static
images
icons
svg
dots
use
xlink
href
themes
custom
brown
static
images
icons
svg
close
class
component
figure
link
href
news
18
scanfest
aria
hidden
true
tabindex
1
div
class
js
background
component
card
background
data
background
options
source
0
px
sites
default
files
styles
classic
xsml
public
thumbnail
jpg
bdbe
9
ddb
amp
itok
qf
kmv
lazy
true
lazy
edge
alt
mock
machine
health
and
medicine
class
component
title
link
href
news
18
scanfest
scan
fest
sessions
teach
students
the
ins
and
outs
of
using
an
machine
for
research
april
18
as
part
of
class
taught
by
brown
neuroscientist
david
badre
undergraduates
embrace
the
rare
opportunity
to
conduct
experiments
and
engage
in
research
with
state
of
the
art
technology
class
peak
details
simple
link
href
news
18
scanfest
read
article
use
xlink
href
themes
custom
brown
static
images
icons
svg
arrow
right
use
xlink
href
themes
custom
brown
static
images
icons
svg
link
open
details
for
scan
fest
sessions
teach
students
the
ins
and
outs
of
using
an
machine
for
research
use
xlink
href
themes
custom
brown
static
images
icons
svg
dots
use
xlink
href
themes
custom
brown
static
images
icons
svg
close
class
component
figure
link
href
news
02
nphw
aria
hidden
true
tabindex
1
div
class
js
background
component
card
background
data
background
options
source
0
px
sites
default
files
styles
classic
xsml
public
lead
public
20
health
20
research
20
day
jpg
bdbe
9
ddb
amp
itok
5
2
eu
lazy
true
lazy
edge
alt
student
gesturing
at
poster
at
national
public
health
week
health
and
medicine
class
component
title
link
href
news
02
nphw
research
showcase
brings
to
life
the
breadth
and
depth
of
public
health
research
at
brown
april
2
national
public
health
week
offered
students
at
browns
school
of
public
health
the
opportunity
to
discuss
the
impact
of
their
research
projects
and
learn
about
the
work
of
others
class
peak
details
simple
link
href
news
02
nphw
read
article
use
xlink
href
themes
custom
brown
static
images
icons
svg
arrow
right
use
xlink
href
themes
custom
brown
static
images
icons
svg
link
open
details
for
research
showcase
brings
to
life
the
breadth
and
depth
of
public
health
research
at
brown
use
xlink
href
themes
custom
brown
static
images
icons
svg
dots
use
xlink
href
themes
custom
brown
static
images
icons
svg
close
class
component
figure
link
href
news
26
dyer
labs
aria
hidden
true
tabindex
1
div
class
js
background
component
card
background
data
background
options
source
0
px
sites
default
files
styles
classic
xsml
public
dyerlabs
jpg
21
cf
amp
itok
2
ia
1
lazy
true
lazy
edge
alt
moving
into
the
new
lab
space
at
dyer
health
and
medicine
class
component
title
link
href
news
26
dyer
labs
open
for
leading
edge
science
new
brown
wet
labs
open
at
point
in
providence
march
26
the
sixth
floor
of
dyer
st
has
been
outfitted
with
much
needed
life
sciences
lab
space
to
welcome
brown
university
researchers
and
encourage
innovation
and
collaboration
class
peak
details
simple
link
href
news
26
dyer
labs
read
article
use
xlink
href
themes
custom
brown
static
images
icons
svg
arrow
right
use
xlink
href
themes
custom
brown
static
images
icons
svg
link
open
details
for
open
for
leading
edge
science
new
brown
wet
labs
open
at
point
in
providence
use
xlink
href
themes
custom
brown
static
images
icons
svg
dots
use
xlink
href
themes
custom
brown
static
images
icons
svg
close
class
component
figure
link
href
news
27
prison
closure
0
aria
hidden
true
tabindex
1
div
class
js
background
component
card
background
data
background
options
source
0
px
sites
default
files
styles
classic
xsml
public
adobe
stock
jpg
6
amp
itok
owfaa
lazy
true
lazy
edge
alt
photo
of
prison
door
being
locked
social
sciences
class
component
title
link
href
news
27
prison
closure
0
in
public
affairs
course
brown
students
offer
policy
recommendations
to
city
facing
prison
closure
february
27
john
easons
seminar
gave
18
seniors
the
opportunity
to
collaborate
with
city
officials
in
california
where
they
interviewed
residents
and
explored
ways
to
mitigate
the
negative
economic
impact
of
prison
closure
class
peak
details
simple
link
href
news
27
prison
closure
0
read
article
use
xlink
href
themes
custom
brown
static
images
icons
svg
arrow
right
use
xlink
href
themes
custom
brown
static
images
icons
svg
link
open
details
for
in
public
affairs
course
brown
students
offer
policy
recommendations
to
city
facing
prison
closure
use
xlink
href
themes
custom
brown
static
images
icons
svg
dots
use
xlink
href
themes
custom
brown
static
images
icons
svg
close
class
component
figure
link
href
news
23
churchill
aria
hidden
true
tabindex
1
div
class
js
background
component
card
background
data
background
options
source
0
px
sites
default
files
styles
classic
xsml
public
addie
headshot
jpg
5
amp
itok
8
pjmo
gk
lazy
true
lazy
edge
alt
maddie
mc
carthy
stands
in
front
of
university
hall
news
and
events
class
component
title
link
href
news
23
churchill
brown
senior
awarded
prestigious
kanders
churchill
scholarship
for
science
policy
january
23
maddie
mc
carthy
is
the
first
student
from
brown
to
earn
the
award
which
enables
graduate
study
at
the
university
of
cambridge
in
england
class
peak
details
simple
link
href
news
23
churchill
read
article
use
xlink
href
themes
custom
brown
static
images
icons
svg
arrow
right
use
xlink
href
themes
custom
brown
static
images
icons
svg
link
open
details
for
brown
senior
awarded
prestigious
kanders
churchill
scholarship
for
science
policy
use
xlink
href
themes
custom
brown
static
images
icons
svg
dots
use
xlink
href
themes
custom
brown
static
images
icons
svg
close
class
component
figure
link
href
news
06
archeology
aria
hidden
true
tabindex
1
div
class
js
background
component
card
background
data
background
options
source
0
px
sites
default
files
styles
classic
xsml
public
archaeologylist
jpg
75
ed
amp
itok
5
agq
lazy
true
lazy
edge
alt
students
pictured
at
excavation
site
arts
and
humanities
class
component
title
link
href
news
06
archeology
digging
into
providences
past
browns
in
demand
archaeology
of
college
hill
course
opens
new
site
december
6
after
seven
years
of
excavation
at
the
former
site
of
19
th
century
providence
family
home
brown
students
have
begun
searching
for
artifacts
at
new
location
on
campus
class
peak
details
simple
link
href
news
06
archeology
read
article
use
xlink
href
themes
custom
brown
static
images
icons
svg
arrow
right
use
xlink
href
themes
custom
brown
static
images
icons
svg
link
open
details
for
digging
into
providences
past
browns
in
demand
archaeology
of
college
hill
course
opens
new
site
use
xlink
href
themes
custom
brown
static
images
icons
svg
dots
use
xlink
href
themes
custom
brown
static
images
icons
svg
close
class
component
figure
link
href
news
06
environmental
studies
course
aria
hidden
true
tabindex
1
div
class
js
background
component
card
background
data
background
options
source
0
px
sites
default
files
styles
classic
xsml
public
lab
jpg
amp
itok
8
uwk
lazy
true
lazy
edge
alt
students
working
science
and
technology
class
component
title
link
href
news
06
environmental
studies
course
through
real
world
projects
brown
environmental
course
explores
contemporary
climate
issues
december
6
environmental
studies
is
both
an
introductory
course
on
environmental
change
in
the
21
st
century
and
hands
on
lab
where
students
engage
with
how
local
communities
and
the
natural
environment
intersect
br
class
peak
details
simple
link
href
news
06
environmental
studies
course
read
article
use
xlink
href
themes
custom
brown
static
images
icons
svg
arrow
right
use
xlink
href
themes
custom
brown
static
images
icons
svg
link
open
details
for
through
real
world
projects
brown
environmental
course
explores
contemporary
climate
issues
use
xlink
href
themes
custom
brown
static
images
icons
svg
dots
use
xlink
href
themes
custom
brown
static
images
icons
svg
close
class
component
figure
link
href
news
20
im
aria
hidden
true
tabindex
1
div
class
js
background
component
card
background
data
background
options
source
0
px
sites
default
files
styles
classic
xsml
public
alice
im
jpg
75
ed
amp
itok
7
gd
ts
lazy
true
lazy
edge
alt
alice
im
smiling
sits
across
the
table
from
betsy
shimberg
student
life
class
component
title
link
href
news
20
im
alice
im
called
to
advance
public
health
and
well
being
through
community
engagement
september
20
opportunities
through
browns
swearer
center
and
the
brown
tougaloo
partnership
ignited
the
brown
seniors
passion
for
engaged
community
research
and
focus
on
advancing
public
health
br
class
peak
details
simple
link
href
news
20
im
read
article
use
xlink
href
themes
custom
brown
static
images
icons
svg
arrow
right
use
xlink
href
themes
custom
brown
static
images
icons
svg
link
open
details
for
alice
im
called
to
advance
public
health
and
well
being
through
community
engagement
use
xlink
href
themes
custom
brown
static
images
icons
svg
dots
use
xlink
href
themes
custom
brown
static
images
icons
svg
close
class
component
figure
link
href
news
31
kyle
paul
aria
hidden
true
tabindex
1
div
class
js
background
component
card
background
data
background
options
source
0
px
sites
default
files
styles
classic
xsml
public
paul
20
india
20
research
20
stream
jpg
eda
amp
itok
hj
lazy
true
lazy
edge
alt
kyle
paul
research
science
and
technology
class
component
title
link
href
news
31
kyle
paul
kyle
paul
from
vienna
india
and
providence
advancing
understanding
of
amphibian
behavior
august
31
the
rising
brown
university
junior
and
pre
med
concentrator
was
eager
to
dive
into
field
research
to
study
how
frog
species
respond
to
stimuli
in
their
environment
class
peak
details
simple
link
href
news
31
kyle
paul
read
article
use
xlink
href
themes
custom
brown
static
images
icons
svg
arrow
right
use
xlink
href
themes
custom
brown
static
images
icons
svg
link
open
details
for
kyle
paul
from
vienna
india
and
providence
advancing
understanding
of
amphibian
behavior
use
xlink
href
themes
custom
brown
static
images
icons
svg
dots
use
xlink
href
themes
custom
brown
static
images
icons
svg
close
read
more
news
brown
is
leading
research
university
home
to
world
renowned
faculty
and
also
an
innovative
educational
institution
where
the
curiosity
creativity
and
intellectual
joy
of
students
drives
academic
excellence
class
action
link
href
news
more
news
use
xlink
href
themes
custom
brown
static
images
icons
svg
arrow
right
use
xlink
href
themes
custom
brown
static
images
icons
svg
link
footer
class
footer
id
footer
itemscope
itemtype
http://schema.org/WPFooter
div
class
address
itemscope
itemtype
http://schema.org/PostalAddress
brown
university
class
address
item
address
base
address
details
href
https://www.google.com/maps/dir/
api
1
amp
destination
brown
20
university
waterman
20
st
20
providence
20
target
blank
use
xlink
href
themes
custom
brown
static
images
icons
svg
marker
providence
use
xlink
href
themes
custom
brown
static
images
icons
svg
phone
nav
class
quick
nav
aria
label
quick
navigation
itemscope
itemtype
http://schema.org/SiteNavigationElement
quick
navigation
class
quick
nav
link
arrow
right
href
https://www.brown.edu/about/visit
itemprop
url
visit
brown
use
xlink
href
themes
custom
brown
static
images
icons
svg
arrow
right
use
xlink
href
themes
custom
brown
static
images
icons
svg
link
class
quick
nav
link
arrow
right
href
building
itemprop
url
campus
map
use
xlink
href
themes
custom
brown
static
images
icons
svg
arrow
right
use
xlink
href
themes
custom
brown
static
images
icons
svg
link
class
quick
nav
link
arrow
right
href
https://www.brown.edu/a-z
itemprop
url
to
use
xlink
href
themes
custom
brown
static
images
icons
svg
arrow
right
use
xlink
href
themes
custom
brown
static
images
icons
svg
link
class
quick
nav
link
arrow
right
href
https://www.brown.edu/about/contact-us
itemprop
url
contact
us
use
xlink
href
themes
custom
brown
static
images
icons
svg
arrow
right
use
xlink
href
themes
custom
brown
static
images
icons
svg
link
nav
class
footer
nav
aria
label
footer
navigation
itemscope
itemtype
http://schema.org/SiteNavigationElement
footer
navigation
class
footer
nav
link
arrow
right
href
https://www.brown.edu/news
itemprop
url
news
use
xlink
href
themes
custom
brown
static
images
icons
svg
arrow
right
use
xlink
href
themes
custom
brown
static
images
icons
svg
link
class
footer
nav
link
arrow
right
href
https://events.brown.edu/
itemprop
url
events
use
xlink
href
themes
custom
brown
static
images
icons
svg
arrow
right
use
xlink
href
themes
custom
brown
static
images
icons
svg
link
class
footer
nav
link
arrow
right
href
https://dps.brown.edu/
itemprop
url
campus
safety
use
xlink
href
themes
custom
brown
static
images
icons
svg
arrow
right
use
xlink
href
themes
custom
brown
static
images
icons
svg
link
class
footer
nav
link
arrow
right
href
https://www.brown.edu/website-accessibility
itemprop
url
accessibility
use
xlink
href
themes
custom
brown
static
images
icons
svg
arrow
right
use
xlink
href
themes
custom
brown
static
images
icons
svg
link
class
footer
nav
link
arrow
right
href
https://www.brown.edu/careers
itemprop
url
careers
at
brown
use
xlink
href
themes
custom
brown
static
images
icons
svg
arrow
right
use
xlink
href
themes
custom
brown
static
images
icons
svg
link
img
class
footer
give
logo
src
themes
custom
brown
static
images
logo
together
png
alt
brown
together
the
campaign
for
building
on
distinction
class
footer
give
link
href
http://alumni-friends.brown.edu/giving/
give
to
brown
use
xlink
href
themes
custom
brown
static
images
icons
svg
arrow
right
use
xlink
href
themes
custom
brown
static
images
icons
svg
link
div
class
social
nav
itemscope
itemtype
http://schema.org/Organization
link
itemprop
url
href
brown
edu
social
navigation
class
social
nav
link
href
https://www.facebook.com/BrownUniversity
target
blank
itemprop
same
as
use
xlink
href
themes
custom
brown
static
images
icons
svg
facebook
facebook
class
social
nav
link
href
https://instagram.com/brownu
target
blank
itemprop
same
as
use
xlink
href
themes
custom
brown
static
images
icons
svg
instagram
instagram
class
social
nav
link
href
https://www.linkedin.com/edu/school
id
target
blank
itemprop
same
as
use
xlink
href
themes
custom
brown
static
images
icons
svg
linkedin
linked
in
class
social
nav
link
href
https://www.snapchat.com/add/brown-u
target
blank
itemprop
same
as
use
xlink
href
themes
custom
brown
static
images
icons
svg
snapchat
snapchat
class
social
nav
link
href
https://twitter.com/BrownUniversity
target
blank
itemprop
same
as
use
xlink
href
themes
custom
brown
static
images
icons
svg
twitter
twitter
class
social
nav
link
href
https://www.youtube.com/brownuniversity
target
blank
itemprop
same
as
use
xlink
href
themes
custom
brown
static
images
icons
svg
youtube
you
tube
class
social
nav
link
href
https://www.brown.edu/social/
target
blank
itemprop
same
as
use
xlink
href
themes
custom
brown
static
images
icons
svg
arrow
right
social
media
directory
copy
brown
university
div
class
logo
logo
menu
logo
icon
itemscope
itemtype
http://schema.org/Organization
class
logo
link
itemprop
url
href
brown
university
use
xlink
href
themes
custom
brown
static
images
logo
svg
logo
meta
content
itemprop
logo
for
you
use
xlink
href
themes
custom
brown
static
images
icons
svg
chevron
down
class
flyout
for
your
dropdown
link
href
current
students
current
students
class
flyout
for
your
dropdown
link
href
faculty
faculty
class
flyout
for
your
dropdown
link
href
staff
staff
class
flyout
for
your
dropdown
link
href
families
parents
amp
families
class
flyout
for
your
dropdown
link
href
https://alumni-friends.brown.edu/
alumni
class
flyout
for
your
dropdown
link
href
friends
neighbors
friends
amp
neighbors
use
xlink
href
themes
custom
brown
static
images
icons
svg
search
use
xlink
href
themes
custom
brown
static
images
icons
svg
close
search
use
xlink
href
themes
custom
brown
static
images
icons
svg
menu
use
xlink
href
themes
custom
brown
static
images
icons
svg
close
menu
nav
class
js
main
nav
js
main
nav
sm
main
nav
main
nav
sm
aria
label
mobile
site
navigation
itemscope
itemtype
http://schema.org/SiteNavigationElement
mobile
site
navigation
nav
class
js
main
nav
js
main
nav
sm
main
nav
main
nav
sm
aria
label
mobile
site
navigation
itemscope
itemtype
http://schema.org/SiteNavigationElement
mobile
site
navigation
class
main
nav
link
href
news
featured
events
itemprop
url
featured
events
class
main
nav
link
href
news
for
journalists
itemprop
url
for
journalists
div
class
topic
list
itemscope
itemtype
http://schema.org/ItemList
topics
li
class
topic
list
item
itemscope
itemprop
item
list
element
itemtype
http://schema.org/ListItem
class
topic
list
link
href
taxonomy
term
itemprop
url
arts
and
humanities
li
class
topic
list
item
itemscope
itemprop
item
list
element
itemtype
http://schema.org/ListItem
class
topic
list
link
href
taxonomy
term
itemprop
url
environment
li
class
topic
list
item
itemscope
itemprop
item
list
element
itemtype
http://schema.org/ListItem
class
topic
list
link
href
taxonomy
term
itemprop
url
health
and
medicine
li
class
topic
list
item
itemscope
itemprop
item
list
element
itemtype
http://schema.org/ListItem
class
topic
list
link
href
taxonomy
term
itemprop
url
news
and
events
li
class
topic
list
item
itemscope
itemprop
item
list
element
itemtype
http://schema.org/ListItem
class
topic
list
link
href
taxonomy
term
itemprop
url
science
and
technology
li
class
topic
list
item
itemscope
itemprop
item
list
element
itemtype
http://schema.org/ListItem
class
topic
list
link
href
taxonomy
term
itemprop
url
social
sciences
li
class
topic
list
item
itemscope
itemprop
item
list
element
itemtype
http://schema.org/ListItem
class
topic
list
link
href
taxonomy
term
itemprop
url
student
life
li
class
topic
list
item
itemscope
itemprop
item
list
element
itemtype
http://schema.org/ListItem
class
topic
list
link
href
taxonomy
term
itemprop
url
university
initiatives
nav
class
secondary
nav
secondary
nav
sm
aria
label
mobile
secondary
navigation
itemscope
itemtype
http://schema.org/SiteNavigationElement
mobile
secondary
navigation
navigation
class
secondary
nav
link
href
about
itemprop
url
about
class
secondary
nav
link
href
https://events.brown.edu
itemprop
url
events
for
you
class
secondary
nav
link
special
href
https://alumni-friends.brown.edu/giving
itemprop
url
give
to
brown
use
xlink
href
themes
custom
brown
static
images
icons
svg
world
all
of
brown
edu
use
xlink
href
themes
custom
brown
static
images
icons
svg
user
people
use
xlink
href
themes
custom
brown
static
images
icons
svg
news
news
form
class
flyout
search
field
flyout
search
field
1
action
search
method
get
input
class
flyout
search
input
type
text
name
value
placeholder
search
keywords
aria
label
search
keywords
search
use
xlink
href
themes
custom
brown
static
images
icons
svg
arrow
right
form
class
flyout
search
field
flyout
search
field
2
action
search
people
method
get
input
class
flyout
search
input
type
text
name
value
placeholder
search
people
aria
label
search
people
search
people
use
xlink
href
themes
custom
brown
static
images
icons
svg
arrow
right
class
directory
info
title
link
href
https://directory.brown.edu/
advanced
search
use
xlink
href
themes
custom
brown
static
images
icons
svg
arrow
right
use
xlink
href
themes
custom
brown
static
images
icons
svg
link
form
class
flyout
search
field
flyout
search
field
3
action
search
news
method
get
input
class
flyout
search
input
type
text
name
value
placeholder
news
search
keywords
aria
label
search
keywords
search
use
xlink
href
themes
custom
brown
static
images
icons
svg
arrow
right
use
xlink
href
themes
custom
brown
static
images
icons
svg
close
close
search
class
component
title
link
href
news
about
undergraduate
research
open
details
for
news
about
undergraduate
research
use
xlink
href
themes
custom
brown
static
images
icons
svg
dots
use
xlink
href
themes
custom
brown
static
images
icons
svg
close
use
xlink
href
themes
custom
brown
static
images
icons
svg
bookmark
bookmark
this
page
var
var
themes
custom
brown
static
script
src
sites
default
files
js
js
cg
66
nb
pxdh
ku
4
yve
9
ew
9
5
tvi
xh
js
script
type
text
javascript
window
info
beacon
bam
nr
data
net
license
key
0
bd
application
transaction
name
ywd
yh
0
rc
vp
yk
5
xl
bx
ckc
queue
time
0
application
time
atts
0
4
eg
error
beacon
bam
nr
data
net
agent
