doctype
html
href
www
brown
edu
explore
brown
university
explore
brown
university
learn
more
href
www
brown
edu
brown
homepage
href
www
brown
edu
about
about
brown
href
www
brown
edu
academics
academics
href
www
brown
edu
admission
admission
href
www
brown
edu
research
research
href
www
brown
edu
campus
life
campus
life
find
href
www
brown
edu
to
to
index
href
directory
brown
edu
people
directory
information
for
href
www
brown
edu
gateway
current
students
students
href
www
brown
edu
gateway
faculty
faculty
href
www
brown
edu
gateway
staff
staff
href
www
brown
edu
gateway
families
families
href
www
brown
edu
gateway
alumni
alumni
href
www
brown
edu
gateway
friends
and
neighbors
friends
amp
neighbors
top
destinations
href
global
brown
href
http://watson.brown.edu/
watson
institute
href
http://brown.edu/web/providence
title
brown
supports
providence
brown
amp
providence
href
http://www.brown.edu/gradschool
graduate
school
href
http://med.brown.edu
alpert
medical
school
href
title
school
of
public
health
school
of
public
health
href
http://brown.edu/academics/engineering/
school
of
engineering
gcse
searchbox
only
query
parameter
name
query
results
url
academics
math
search
brown
enable
auto
complete
0
department
of
mathematics
department
of
mathematics
brown
university
box
nbsp
thayer
street
providence
phone
fax
email
class
email
href
cdn
cgi
email
protection
bdd
dbd
2
fdd
0
dcc
dfcfd
2
cad
email
protected
facebook
href
https://www.facebook.com/BrownMathematics/
ref
bookmarks
facebook
class
giving
footer
href
http://giving.brown.edu
giving
to
brown
brown
university
providence
rhode
island
phone
href
building
tabindex
maps
amp
href
tabindex
directions
href
http://www.brown.edu/contact
accesskey
9
tabindex
contact
us
href
https://www.brown.edu/website-accessibility/
accessibility
brown
university
connect
href
http://www.brown.edu/about/social-media/
title
get
connected
to
the
brown
community
social
brown
href
https://www.facebook.com/BrownUniversity
title
facebook
id
footer
facebook
facebook
href
https://twitter.com/BrownUniversity
title
twitter
id
footer
twitter
twitter
href
http://www.youtube.com/brownuniversity
title
you
tube
id
footer
youtube
you
tube
href
http://instagram.com/brownu
title
instagram
id
footer
instagram
instagram
href
ls
1
title
tunes
id
footer
itunesu
tunes
href
https://www.linkedin.com/edu/school
id
amp
trk
tyah
title
linked
in
id
footer
linkedin
linked
in
href
https://www.snapchat.com/add/brown-u
title
brown
on
snapchat
id
footer
snapchat
snap
chat
script
data
cfasync
false
src
cdn
cgi
scripts
dd
cloudflare
static
email
decode
min
js
script
src
2
script
src
2
script
src
2
script
src
script
src
ruuudi
document
create
element
picture
script
src
ruuudi
script
src
ruuudi
query
extend
drupal
settings
base
path
academics
math
path
prefix
set
has
js
cookie
0
ajax
page
state
theme
pawcatuck
theme
token
uq
0
ae
7
eq
6
tf
esc
duw
tt
vr
jn
gr
js
sites
all
modules
contrib
picture
picturefill
2
picturefill
min
js
1
sites
all
modules
contrib
picture
picture
min
js
1
sites
all
modules
custom
bs
2
search
js
bs
2
search
js
1
sites
all
modules
contrib
jquery
update
replace
jquery
jquery
min
js
1
misc
jquery
extend
0
js
1
misc
jquery
html
prefilter
0
backport
js
1
misc
jquery
once
js
1
misc
drupal
js
1
0
1
sites
all
themes
contrib
mothership
mothership
js
contextual
js
1
sites
all
themes
custom
pawcatuck
js
min
pawcatuck
min
js
1
css
modules
system
system
base
css
1
modules
system
system
menus
css
1
modules
system
system
messages
css
1
modules
system
system
theme
css
1
modules
comment
comment
css
1
sites
all
modules
contrib
date
date
api
date
css
1
modules
field
theme
field
css
1
modules
node
node
css
1
sites
all
modules
contrib
picture
picture
wysiwyg
css
1
modules
search
search
css
1
modules
user
user
css
1
sites
all
modules
contrib
views
css
views
css
1
sites
all
modules
contrib
ckeditor
css
ckeditor
css
1
sites
all
modules
contrib
ctools
css
ctools
css
1
sites
all
modules
contrib
shib
auth
shib
auth
css
1
sites
all
modules
custom
contact
info
theme
contact
info
css
1
sites
all
modules
contrib
node
embed
plugins
node
embed
node
embed
css
1
cloud
typography
com
css
fonts
css
1
sites
all
themes
custom
pawcatuck
css
pawcatuck
css
1
sites
all
themes
custom
pawcatuck
css
color
css
1
sites
all
themes
custom
pawcatuck
css
print
css
1
public
css
injector
css
injector
2
css
1
bs
2
search
cse
id
lwlrsw
9
qt
3
show
autocomplete
0
picture
mappings
thumb
thumb
square
square
half
column
half
column
full
column
full
column
billboard
billboard
not
set
not
set
label
image
size
required
current
path
node
74
current
path
is
admin
false
script
src
1
script
src
script
src
ruuudi
