html
html
lang
en
dir
ltr
prefix
og
https://ogp.me/ns
class
no
js
itemscope
itemtype
http://schema.org/WebPage
certificates
class
component
figure
link
href
aria
hidden
true
tabindex
1
div
class
js
background
component
card
background
data
background
options
source
0
px
sites
default
files
styles
classic
xsml
public
applied
jpg
ea
amp
itok
vt
1
60
lazy
true
lazy
edge
alt
diverse
group
of
professionals
applauding
class
component
title
link
href
applied
inclusive
leadership
certificate
brown
universitys
certificate
in
applied
inclusive
leadership
is
six
week
online
program
that
equips
you
with
practical
tools
to
foster
more
diverse
equitable
and
inclusive
workplace
class
peak
details
simple
link
href
visit
page
use
xlink
href
themes
custom
brown
static
images
icons
svg
arrow
right
use
xlink
href
themes
custom
brown
static
images
icons
svg
link
open
details
for
applied
inclusive
leadership
certificate
use
xlink
href
themes
custom
brown
static
images
icons
svg
dots
use
xlink
href
themes
custom
brown
static
images
icons
svg
close
class
component
figure
link
href
aria
hidden
true
tabindex
1
div
class
js
background
component
card
background
data
background
options
source
0
px
sites
default
files
styles
classic
xsml
public
woman
having
telemedicine
session
utc
29
jpg
amp
itok
1
lazy
true
lazy
edge
alt
woman
having
telemedicine
session
class
component
title
link
href
certificate
in
digital
health
innovation
the
online
digital
health
innovation
certificate
convenes
world
class
experts
from
our
school
of
public
health
school
of
engineering
and
the
warren
alpert
school
of
medicine
in
cross
disciplinary
program
to
equip
healthcare
professionals
engineers
researchers
regulators
and
entrepreneurs
with
the
network
and
skills
necessary
to
design
and
implement
impactful
digital
health
technologies
class
peak
details
simple
link
href
visit
page
use
xlink
href
themes
custom
brown
static
images
icons
svg
arrow
right
use
xlink
href
themes
custom
brown
static
images
icons
svg
link
open
details
for
certificate
in
digital
health
innovation
use
xlink
href
themes
custom
brown
static
images
icons
svg
dots
use
xlink
href
themes
custom
brown
static
images
icons
svg
close
class
component
figure
link
href
aria
hidden
true
tabindex
1
div
class
js
background
component
card
background
data
background
options
source
0
px
sites
default
files
styles
classic
xsml
public
untitled
png
3
amp
itok
vj
3
nu
0
lazy
true
lazy
edge
alt
students
sitting
in
classroom
class
component
title
link
href
certificate
in
mindfulness
based
stress
reduction
teaching
the
certificate
in
mindfulness
based
stress
reduction
teaching
is
an
evidence
based
training
pathway
to
become
certified
teacher
continue
your
mindfulness
journey
and
learn
how
to
teach
from
highly
experienced
instructors
and
trainers
class
peak
details
simple
link
href
visit
page
use
xlink
href
themes
custom
brown
static
images
icons
svg
arrow
right
use
xlink
href
themes
custom
brown
static
images
icons
svg
link
open
details
for
certificate
in
mindfulness
based
stress
reduction
teaching
use
xlink
href
themes
custom
brown
static
images
icons
svg
dots
use
xlink
href
themes
custom
brown
static
images
icons
svg
close
class
component
figure
link
href
aria
hidden
true
tabindex
1
div
class
js
background
component
card
background
data
background
options
source
0
px
sites
default
files
styles
classic
xsml
public
mental
health
concept
close
up
of
psychologist
co
utc
29
jpg
efbcf
9
cb
amp
itok
0
gm
ici
lazy
true
lazy
edge
alt
people
sitting
in
counseling
session
class
component
title
link
href
certificate
in
mindfulness
based
cognitive
therapy
teaching
the
certificate
in
mindfulness
based
cognitive
therapy
teaching
is
an
evidence
based
two
step
training
pathway
that
integrates
the
clinical
application
of
mindfulness
meditation
with
the
tools
of
cognitive
therapy
to
help
individuals
suffering
from
chronic
depression
class
peak
details
simple
link
href
visit
page
use
xlink
href
themes
custom
brown
static
images
icons
svg
arrow
right
use
xlink
href
themes
custom
brown
static
images
icons
svg
link
open
details
for
certificate
in
mindfulness
based
cognitive
therapy
teaching
use
xlink
href
themes
custom
brown
static
images
icons
svg
dots
use
xlink
href
themes
custom
brown
static
images
icons
svg
close
class
component
figure
link
href
aria
hidden
true
tabindex
1
div
class
js
background
component
card
background
data
background
options
source
0
px
sites
default
files
styles
classic
xsml
public
2
jpg
67
amp
itok
6
mc
lazy
true
lazy
edge
alt
two
men
and
one
woman
in
business
attire
walking
down
corporate
hallway
class
component
title
link
href
executive
program
for
general
managers
the
executive
program
for
general
managers
certificate
program
consists
of
3
online
courses
and
one
residential
week
at
brown
university
designed
to
prepare
managers
with
adaptive
and
effective
skills
to
lead
the
future
of
work
class
peak
details
simple
link
href
visit
page
use
xlink
href
themes
custom
brown
static
images
icons
svg
arrow
right
use
xlink
href
themes
custom
brown
static
images
icons
svg
link
open
details
for
executive
program
for
general
managers
use
xlink
href
themes
custom
brown
static
images
icons
svg
dots
use
xlink
href
themes
custom
brown
static
images
icons
svg
close
executive
education
open
enrollment
programs
class
component
figure
link
href
aria
hidden
true
tabindex
1
div
class
js
background
component
card
background
data
background
options
source
0
px
sites
default
files
styles
classic
xsml
public
shutterstock
png
dfc
amp
itok
1
te
lazy
true
lazy
edge
alt
online
leadership
computer
class
component
title
link
href
leader
as
coach
executive
program
the
eight
week
online
course
prepares
leaders
with
the
core
competencies
of
coaching
and
the
skill
set
to
empower
teams
build
trusting
relationships
and
maximize
results
in
real
time
class
peak
details
simple
link
href
visit
page
use
xlink
href
themes
custom
brown
static
images
icons
svg
arrow
right
use
xlink
href
themes
custom
brown
static
images
icons
svg
link
open
details
for
leader
as
coach
executive
program
use
xlink
href
themes
custom
brown
static
images
icons
svg
dots
use
xlink
href
themes
custom
brown
static
images
icons
svg
close
class
component
figure
link
href
aria
hidden
true
tabindex
1
div
class
js
background
component
card
background
data
background
options
source
0
px
sites
default
files
styles
classic
xsml
public
6
png
amp
itok
8
wke
nw
lazy
true
lazy
edge
alt
woman
teaching
class
component
title
link
href
effective
communication
inform
influence
and
inspire
the
four
week
interactive
live
online
public
speaking
course
is
designed
to
improve
your
communication
skills
to
become
more
dynamic
influential
leader
in
real
time
class
peak
details
simple
link
href
visit
page
use
xlink
href
themes
custom
brown
static
images
icons
svg
arrow
right
use
xlink
href
themes
custom
brown
static
images
icons
svg
link
open
details
for
effective
communication
inform
influence
and
inspire
use
xlink
href
themes
custom
brown
static
images
icons
svg
dots
use
xlink
href
themes
custom
brown
static
images
icons
svg
close
class
component
figure
link
href
aria
hidden
true
tabindex
1
div
class
js
background
component
card
background
data
background
options
source
0
px
sites
default
files
styles
classic
xsml
public
robin
teaching
29
jpg
dfc
amp
itok
73
lazy
true
lazy
edge
alt
teacher
in
classroom
class
component
title
link
href
leadership
and
performance
coaching
certification
the
eight
month
training
program
approved
for
level
1
accreditation
via
the
international
coaching
federation
is
critical
professional
development
skill
for
senior
leaders
you
will
learn
how
to
improve
employee
engagement
and
positively
impact
business
performance
and
client
satisfaction
class
peak
details
simple
link
href
visit
page
use
xlink
href
themes
custom
brown
static
images
icons
svg
arrow
right
use
xlink
href
themes
custom
brown
static
images
icons
svg
link
open
details
for
leadership
and
performance
coaching
certification
use
xlink
href
themes
custom
brown
static
images
icons
svg
dots
use
xlink
href
themes
custom
brown
static
images
icons
svg
close
custom
programs
for
organizations
brown
faculty
and
staff
work
collaboratively
with
companys
leadership
to
design
program
to
develop
talent
advance
corporate
goals
and
address
organizational
challenges
class
btn
outline
btn
single
href
https://professional.brown.edu/custom/
learn
more
about
custom
programs
for
organizations
pre
college
programs
div
class
js
background
image
item
background
data
background
options
source
0
px
sites
default
files
styles
wide
sml
public
footer
0
jpg
ebb
2
amp
itok
im
ak
px
sites
default
files
styles
wide
med
public
footer
0
jpg
ebb
2
amp
itok
px
sites
default
files
styles
wide
lrg
public
footer
0
jpg
ebb
2
amp
itok
cu
2
cu
3
lazy
true
lazy
edge
alt
students
walking
on
campus
each
summer
secondary
students
from
across
the
globe
participate
in
brown
university
pre
college
programs
each
summer
secondary
students
from
across
the
globe
choose
brown
university
pre
college
programs
to
experience
the
challenge
of
college
level
life
and
learning
the
wide
array
of
href
https://precollege.brown.edu/
academic
program
offerings
both
on
the
brown
campus
and
through
location
based
programs
in
the
and
abroad
are
designed
to
reflect
the
universitys
wide
reaching
curriculum
each
brings
together
students
who
share
common
intellectual
interest
and
invites
them
into
community
of
learners
where
they
will
find
an
exceptionally
diverse
array
of
intellectual
passions
among
their
peers
class
btn
single
btn
outline
href
https://precollege.brown.edu/
learn
more
about
pre
college
programs
no
cost
no
credit
online
courses
with
href
https://www.edx.org/school/brownx
courses
on
topics
ranging
from
the
intersection
of
art
and
medicine
to
mass
surveillance
to
the
ethics
of
memory
brown
offers
no
cost
no
credit
online
programs
that
bring
the
universitys
distinctive
approach
to
learners
across
the
globe
launched
in
partnership
with
ed
the
universitys
href
brown
initiative
showcases
the
best
of
brown
through
massive
open
online
courses
cs
accessible
on
global
scale
to
wide
variety
of
learners
footer
class
footer
id
footer
itemscope
itemtype
http://schema.org/WPFooter
div
class
address
itemscope
itemtype
http://schema.org/PostalAddress
brown
university
class
address
item
address
base
address
details
href
https://www.google.com/maps/dir/
api
1
amp
destination
brown
20
university
waterman
20
st
20
providence
20
target
blank
use
xlink
href
themes
custom
brown
static
images
icons
svg
marker
providence
use
xlink
href
themes
custom
brown
static
images
icons
svg
phone
nav
class
quick
nav
aria
label
quick
navigation
itemscope
itemtype
http://schema.org/SiteNavigationElement
quick
navigation
class
quick
nav
link
arrow
right
href
https://www.brown.edu/about/visit
itemprop
url
visit
brown
use
xlink
href
themes
custom
brown
static
images
icons
svg
arrow
right
use
xlink
href
themes
custom
brown
static
images
icons
svg
link
class
quick
nav
link
arrow
right
href
building
itemprop
url
campus
map
use
xlink
href
themes
custom
brown
static
images
icons
svg
arrow
right
use
xlink
href
themes
custom
brown
static
images
icons
svg
link
class
quick
nav
link
arrow
right
href
https://www.brown.edu/a-z
itemprop
url
to
use
xlink
href
themes
custom
brown
static
images
icons
svg
arrow
right
use
xlink
href
themes
custom
brown
static
images
icons
svg
link
class
quick
nav
link
arrow
right
href
https://www.brown.edu/about/contact-us
itemprop
url
contact
us
use
xlink
href
themes
custom
brown
static
images
icons
svg
arrow
right
use
xlink
href
themes
custom
brown
static
images
icons
svg
link
nav
class
footer
nav
aria
label
footer
navigation
itemscope
itemtype
http://schema.org/SiteNavigationElement
footer
navigation
class
footer
nav
link
arrow
right
href
https://www.brown.edu/news
itemprop
url
news
use
xlink
href
themes
custom
brown
static
images
icons
svg
arrow
right
use
xlink
href
themes
custom
brown
static
images
icons
svg
link
class
footer
nav
link
arrow
right
href
https://events.brown.edu/
itemprop
url
events
use
xlink
href
themes
custom
brown
static
images
icons
svg
arrow
right
use
xlink
href
themes
custom
brown
static
images
icons
svg
link
class
footer
nav
link
arrow
right
href
https://dps.brown.edu/
itemprop
url
campus
safety
use
xlink
href
themes
custom
brown
static
images
icons
svg
arrow
right
use
xlink
href
themes
custom
brown
static
images
icons
svg
link
class
footer
nav
link
arrow
right
href
https://www.brown.edu/website-accessibility
itemprop
url
accessibility
use
xlink
href
themes
custom
brown
static
images
icons
svg
arrow
right
use
xlink
href
themes
custom
brown
static
images
icons
svg
link
class
footer
nav
link
arrow
right
href
https://www.brown.edu/careers
itemprop
url
careers
at
brown
use
xlink
href
themes
custom
brown
static
images
icons
svg
arrow
right
use
xlink
href
themes
custom
brown
static
images
icons
svg
link
img
class
footer
give
logo
src
themes
custom
brown
static
images
logo
together
png
alt
brown
together
the
campaign
for
building
on
distinction
class
footer
give
link
href
http://alumni-friends.brown.edu/giving/
give
to
brown
use
xlink
href
themes
custom
brown
static
images
icons
svg
arrow
right
use
xlink
href
themes
custom
brown
static
images
icons
svg
link
div
class
social
nav
itemscope
itemtype
http://schema.org/Organization
link
itemprop
url
href
brown
edu
social
navigation
class
social
nav
link
href
https://www.facebook.com/BrownUniversity
target
blank
itemprop
same
as
use
xlink
href
themes
custom
brown
static
images
icons
svg
facebook
facebook
class
social
nav
link
href
https://instagram.com/brownu
target
blank
itemprop
same
as
use
xlink
href
themes
custom
brown
static
images
icons
svg
instagram
instagram
class
social
nav
link
href
https://www.linkedin.com/edu/school
id
target
blank
itemprop
same
as
use
xlink
href
themes
custom
brown
static
images
icons
svg
linkedin
linked
in
class
social
nav
link
href
https://www.snapchat.com/add/brown-u
target
blank
itemprop
same
as
use
xlink
href
themes
custom
brown
static
images
icons
svg
snapchat
snapchat
class
social
nav
link
href
https://twitter.com/BrownUniversity
target
blank
itemprop
same
as
use
xlink
href
themes
custom
brown
static
images
icons
svg
twitter
twitter
class
social
nav
link
href
https://www.youtube.com/brownuniversity
target
blank
itemprop
same
as
use
xlink
href
themes
custom
brown
static
images
icons
svg
youtube
you
tube
class
social
nav
link
href
https://www.brown.edu/social/
target
blank
itemprop
same
as
use
xlink
href
themes
custom
brown
static
images
icons
svg
arrow
right
social
media
directory
copy
brown
university
div
class
logo
logo
menu
logo
icon
itemscope
itemtype
http://schema.org/Organization
class
logo
link
itemprop
url
href
brown
university
use
xlink
href
themes
custom
brown
static
images
logo
svg
logo
meta
content
itemprop
logo
for
you
use
xlink
href
themes
custom
brown
static
images
icons
svg
chevron
down
class
flyout
for
your
dropdown
link
href
current
students
current
students
class
flyout
for
your
dropdown
link
href
faculty
faculty
class
flyout
for
your
dropdown
link
href
staff
staff
class
flyout
for
your
dropdown
link
href
families
parents
amp
families
class
flyout
for
your
dropdown
link
href
https://alumni-friends.brown.edu/
alumni
class
flyout
for
your
dropdown
link
href
friends
neighbors
friends
amp
neighbors
use
xlink
href
themes
custom
brown
static
images
icons
svg
search
use
xlink
href
themes
custom
brown
static
images
icons
svg
close
search
use
xlink
href
themes
custom
brown
static
images
icons
svg
menu
use
xlink
href
themes
custom
brown
static
images
icons
svg
close
menu
nav
class
js
main
nav
js
main
nav
sm
main
nav
main
nav
sm
aria
label
mobile
site
navigation
itemscope
itemtype
http://schema.org/SiteNavigationElement
mobile
site
navigation
nav
class
js
main
nav
js
main
nav
sm
main
nav
main
nav
sm
aria
label
mobile
site
navigation
itemscope
itemtype
http://schema.org/SiteNavigationElement
mobile
site
navigation
class
main
nav
link
href
academics
itemprop
url
aria
haspopup
true
aria
current
page
academics
use
xlink
href
themes
custom
brown
static
images
icons
svg
chevron
down
class
main
nav
child
link
href
academics
undergraduate
itemprop
url
undergraduate
class
main
nav
child
link
href
academics
graduate
itemprop
url
graduate
amp
professional
class
main
nav
child
link
href
academics
schools
colleges
itemprop
url
schools
amp
colleges
class
main
nav
child
link
href
academics
departments
itemprop
url
academic
departments
class
main
nav
child
link
href
academics
centers
institutes
itemprop
url
centers
amp
institutes
class
main
nav
child
link
href
academics
libraries
itemprop
url
libraries
amp
collections
class
main
nav
child
link
href
academics
global
itemprop
url
global
education
class
main
nav
child
link
href
academics
non
degree
itemprop
url
non
degree
programs
class
main
nav
link
href
admission
itemprop
url
aria
haspopup
true
aria
current
page
admission
amp
aid
use
xlink
href
themes
custom
brown
static
images
icons
svg
chevron
down
class
main
nav
child
link
href
http://admission.brown.edu/
itemprop
url
undergraduate
admission
class
main
nav
child
link
href
admission
graduate
itemprop
url
graduate
admission
class
main
nav
child
link
href
https://admission.med.brown.edu/
itemprop
url
medical
school
admission
class
main
nav
child
link
href
https://professional.brown.edu/admissions/
itemprop
url
executive
amp
professional
admission
class
main
nav
child
link
href
admission
tuition
aid
itemprop
url
tuition
amp
aid
class
main
nav
link
href
brown
research
itemprop
url
aria
haspopup
true
aria
current
page
research
use
xlink
href
themes
custom
brown
static
images
icons
svg
chevron
down
class
main
nav
child
link
href
https://vivo.brown.edu/
itemprop
url
find
researcher
class
main
nav
child
link
href
brown
research
industry
engagement
itemprop
url
industry
engagement
class
main
nav
child
link
href
itemprop
url
conducting
research
at
brown
class
main
nav
link
href
life
brown
itemprop
url
aria
haspopup
true
aria
current
page
life
at
brown
use
xlink
href
themes
custom
brown
static
images
icons
svg
chevron
down
class
main
nav
child
link
href
life
brown
athletics
recreation
itemprop
url
athletics
amp
recreation
class
main
nav
child
link
href
life
brown
community
itemprop
url
community
class
main
nav
child
link
href
life
brown
health
wellness
itemprop
url
health
amp
well
being
class
main
nav
child
link
href
life
brown
housing
dining
itemprop
url
housing
amp
dining
class
main
nav
child
link
href
life
brown
life
providence
itemprop
url
life
in
providence
class
main
nav
child
link
href
life
brown
student
organizations
itemprop
url
student
organizations
class
main
nav
child
link
href
life
brown
university
events
itemprop
url
university
events
class
main
nav
link
href
news
itemprop
url
aria
haspopup
true
aria
current
page
news
use
xlink
href
themes
custom
brown
static
images
icons
svg
chevron
down
class
main
nav
child
link
href
news
featured
events
itemprop
url
featured
events
class
main
nav
child
link
href
news
for
journalists
itemprop
url
for
journalists
nav
class
secondary
nav
secondary
nav
sm
aria
label
mobile
secondary
navigation
itemscope
itemtype
http://schema.org/SiteNavigationElement
mobile
secondary
navigation
navigation
class
secondary
nav
link
href
about
itemprop
url
about
class
secondary
nav
link
href
https://events.brown.edu
itemprop
url
events
for
you
class
secondary
nav
link
special
href
https://alumni-friends.brown.edu/giving
itemprop
url
give
to
brown
use
xlink
href
themes
custom
brown
static
images
icons
svg
world
all
of
brown
edu
use
xlink
href
themes
custom
brown
static
images
icons
svg
user
people
use
xlink
href
themes
custom
brown
static
images
icons
svg
news
news
form
class
flyout
search
field
flyout
search
field
1
action
search
method
get
input
class
flyout
search
input
type
text
name
value
placeholder
search
keywords
aria
label
search
keywords
search
use
xlink
href
themes
custom
brown
static
images
icons
svg
arrow
right
form
class
flyout
search
field
flyout
search
field
2
action
search
people
method
get
input
class
flyout
search
input
type
text
name
value
placeholder
search
people
aria
label
search
people
search
people
use
xlink
href
themes
custom
brown
static
images
icons
svg
arrow
right
class
directory
info
title
link
href
https://directory.brown.edu/
advanced
search
use
xlink
href
themes
custom
brown
static
images
icons
svg
arrow
right
use
xlink
href
themes
custom
brown
static
images
icons
svg
link
form
class
flyout
search
field
flyout
search
field
3
action
search
news
method
get
input
class
flyout
search
input
type
text
name
value
placeholder
news
search
keywords
aria
label
search
keywords
search
use
xlink
href
themes
custom
brown
static
images
icons
svg
arrow
right
use
xlink
href
themes
custom
brown
static
images
icons
svg
close
close
search
class
component
title
link
href
https://www.brown.edu/academics/non-degree
non
degree
programs
open
details
for
non
degree
programs
use
xlink
href
themes
custom
brown
static
images
icons
svg
dots
use
xlink
href
themes
custom
brown
static
images
icons
svg
close
use
xlink
href
themes
custom
brown
static
images
icons
svg
bookmark
bookmark
this
page
var
var
themes
custom
brown
static
script
src
sites
default
files
js
js
cg
66
nb
pxdh
ku
4
yve
9
ew
9
5
tvi
xh
js
script
type
text
javascript
window
info
beacon
bam
nr
data
net
license
key
0
bd
application
transaction
name
ywd
yh
0
rc
vp
ndl
cw
5
3
dmt
cw
ea
ww
5
ux
1
uz
0
mh
fg
5
qx
1
queue
time
0
application
time
atts
0
4
eg
error
beacon
bam
nr
data
net
agent
