html
html
lang
en
dir
ltr
prefix
og
https://ogp.me/ns
class
no
js
itemscope
itemtype
http://schema.org/WebPage
header
class
header
id
header
itemscope
itemtype
http://schema.org/WPHeader
skip
to
main
content
div
class
logo
logo
header
logo
icon
itemscope
itemtype
http://schema.org/Organization
class
logo
link
itemprop
url
href
brown
university
use
xlink
href
themes
custom
brown
static
images
logo
svg
logo
meta
content
itemprop
logo
nav
class
secondary
nav
secondary
nav
lg
aria
label
secondary
navigation
itemscope
itemtype
http://schema.org/SiteNavigationElement
secondary
navigation
navigation
class
secondary
nav
link
href
about
itemprop
url
about
class
secondary
nav
link
href
https://events.brown.edu
itemprop
url
events
for
you
use
xlink
href
themes
custom
brown
static
images
icons
svg
chevron
down
class
flyout
for
your
dropdown
link
href
current
students
current
students
class
flyout
for
your
dropdown
link
href
faculty
faculty
class
flyout
for
your
dropdown
link
href
staff
staff
class
flyout
for
your
dropdown
link
href
families
parents
amp
families
class
flyout
for
your
dropdown
link
href
https://alumni-friends.brown.edu/
alumni
class
flyout
for
your
dropdown
link
href
friends
neighbors
friends
amp
neighbors
class
secondary
nav
link
special
href
https://alumni-friends.brown.edu/giving
itemprop
url
give
to
brown
nav
class
js
main
nav
js
main
nav
lg
main
nav
main
nav
lg
aria
label
site
navigation
itemscope
itemtype
http://schema.org/SiteNavigationElement
site
navigation
class
main
nav
link
href
academics
itemprop
url
aria
haspopup
true
aria
current
page
academics
use
xlink
href
themes
custom
brown
static
images
icons
svg
chevron
down
class
main
nav
child
link
href
academics
undergraduate
itemprop
url
undergraduate
class
main
nav
child
link
href
academics
graduate
itemprop
url
graduate
amp
professional
class
main
nav
child
link
href
academics
schools
colleges
itemprop
url
schools
amp
colleges
class
main
nav
child
link
href
academics
departments
itemprop
url
academic
departments
class
main
nav
child
link
href
academics
centers
institutes
itemprop
url
centers
amp
institutes
class
main
nav
child
link
href
academics
libraries
itemprop
url
libraries
amp
collections
class
main
nav
child
link
href
academics
global
itemprop
url
global
education
class
main
nav
child
link
href
academics
non
degree
itemprop
url
non
degree
programs
class
main
nav
link
href
admission
itemprop
url
aria
haspopup
true
aria
current
page
admission
amp
aid
use
xlink
href
themes
custom
brown
static
images
icons
svg
chevron
down
class
main
nav
child
link
href
http://admission.brown.edu/
itemprop
url
undergraduate
admission
class
main
nav
child
link
href
admission
graduate
itemprop
url
graduate
admission
class
main
nav
child
link
href
https://admission.med.brown.edu/
itemprop
url
medical
school
admission
class
main
nav
child
link
href
https://professional.brown.edu/admissions/
itemprop
url
executive
amp
professional
admission
class
main
nav
child
link
href
admission
tuition
aid
itemprop
url
tuition
amp
aid
class
main
nav
link
href
brown
research
itemprop
url
aria
haspopup
true
aria
current
page
research
use
xlink
href
themes
custom
brown
static
images
icons
svg
chevron
down
class
main
nav
child
link
href
https://vivo.brown.edu/
itemprop
url
find
researcher
class
main
nav
child
link
href
brown
research
industry
engagement
itemprop
url
industry
engagement
class
main
nav
child
link
href
itemprop
url
conducting
research
at
brown
class
main
nav
link
href
campus
life
itemprop
url
aria
haspopup
true
aria
current
page
life
at
brown
use
xlink
href
themes
custom
brown
static
images
icons
svg
chevron
down
class
main
nav
child
link
href
life
brown
athletics
recreation
itemprop
url
athletics
amp
recreation
class
main
nav
child
link
href
life
brown
community
itemprop
url
community
class
main
nav
child
link
href
life
brown
health
wellness
itemprop
url
health
amp
well
being
class
main
nav
child
link
href
life
brown
housing
dining
itemprop
url
housing
amp
dining
class
main
nav
child
link
href
life
brown
life
providence
itemprop
url
life
in
providence
class
main
nav
child
link
href
life
brown
student
organizations
itemprop
url
student
organizations
class
main
nav
child
link
href
life
brown
university
events
itemprop
url
university
events
class
main
nav
link
href
news
itemprop
url
aria
haspopup
true
aria
current
page
news
use
xlink
href
themes
custom
brown
static
images
icons
svg
chevron
down
class
main
nav
child
link
href
news
featured
events
itemprop
url
featured
events
class
main
nav
child
link
href
news
for
journalists
itemprop
url
for
journalists
use
xlink
href
themes
custom
brown
static
images
icons
svg
search
use
xlink
href
themes
custom
brown
static
images
icons
svg
close
search
use
xlink
href
themes
custom
brown
static
images
icons
svg
menu
use
xlink
href
themes
custom
brown
static
images
icons
svg
close
menu
div
class
js
background
js
cover
background
hero
page
header
background
data
background
options
source
px
sites
default
files
styles
ultrawide
med
public
tellex
jpg
39
ca
4
ab
amp
itok
6
3
ve
px
sites
default
files
styles
wide
med
public
tellex
jpg
70
ba
amp
itok
vf
kjw
px
sites
default
files
styles
wide
lrg
public
tellex
jpg
70
ba
amp
itok
li
6
boo
px
sites
default
files
styles
wide
xlrg
public
tellex
jpg
70
ba
amp
itok
iz
jpdc
lazy
true
lazy
edge
alt
professor
teaching
mathematics
computer
science
students
may
opt
to
pursue
an
interdisciplinary
bachelor
of
science
degree
in
math
computer
science
concentration
administered
cooperatively
between
the
mathematics
and
computer
science
departments
degree
type
sc
department
href
http://cs.brown.edu/
class
degrees
info
title
link
department
of
computer
science
class
degrees
info
link
href
more
information
class
history
href
undergraduate
programs
use
xlink
href
themes
custom
brown
static
images
icons
svg
arrow
left
all
programs
code
the
classification
of
instructional
programs
was
developed
by
the
department
of
education
to
categorize
educational
programs
in
the
for
variety
of
reporting
purposes
each
program
at
brown
is
assigned
code
that
best
matches
its
academic
curriculum
href
current
eligible
codes
div
class
related
link
list
itemscope
itemtype
http://schema.org/ItemList
related
academic
areas
li
class
related
link
list
item
itemscope
itemprop
item
list
element
itemtype
http://schema.org/ListItem
class
related
link
list
link
href
itemprop
url
applied
mathematics
li
class
related
link
list
item
itemscope
itemprop
item
list
element
itemtype
http://schema.org/ListItem
class
related
link
list
link
href
http://cs.brown.edu/
itemprop
url
computer
science
li
class
related
link
list
item
itemscope
itemprop
item
list
element
itemtype
http://schema.org/ListItem
class
related
link
list
link
href
https://www.brown.edu/academics/math/
itemprop
url
mathematics
share
use
xlink
href
themes
custom
brown
static
images
icons
svg
facebook
facebook
use
xlink
href
themes
custom
brown
static
images
icons
svg
twitter
twitter
use
xlink
href
themes
custom
brown
static
images
icons
svg
linkedin
linkedin
use
xlink
href
themes
custom
brown
static
images
icons
svg
email
email
mathematics
computer
science
students
may
opt
to
pursue
an
interdisciplinary
bachelor
of
science
degree
in
math
computer
science
concentration
administered
cooperatively
between
the
mathematics
and
computer
science
departments
course
requirements
include
math
and
systems
oriented
computer
science
courses
as
well
as
computational
courses
in
applied
math
students
must
identify
series
of
electives
that
cohere
around
common
theme
as
with
other
concentrations
offered
by
the
computer
science
department
students
have
the
option
to
pursue
the
href
target
title
professional
track
of
the
sc
program
in
mathematics
computer
science
window
drupal
ctx
concentration
id
55
window
current
user
username
anonymous
roles
script
src
modules
custom
brown
8
react
integration
apps
ask
program
integration
js
footer
class
footer
id
footer
itemscope
itemtype
http://schema.org/WPFooter
div
class
address
itemscope
itemtype
http://schema.org/PostalAddress
brown
university
class
address
item
address
base
address
details
href
https://www.google.com/maps/dir/
api
1
amp
destination
brown
20
university
waterman
20
st
20
providence
20
target
blank
use
xlink
href
themes
custom
brown
static
images
icons
svg
marker
providence
use
xlink
href
themes
custom
brown
static
images
icons
svg
phone
nav
class
quick
nav
aria
label
quick
navigation
itemscope
itemtype
http://schema.org/SiteNavigationElement
quick
navigation
class
quick
nav
link
arrow
right
href
https://www.brown.edu/about/visit
itemprop
url
visit
brown
use
xlink
href
themes
custom
brown
static
images
icons
svg
arrow
right
use
xlink
href
themes
custom
brown
static
images
icons
svg
link
class
quick
nav
link
arrow
right
href
building
itemprop
url
campus
map
use
xlink
href
themes
custom
brown
static
images
icons
svg
arrow
right
use
xlink
href
themes
custom
brown
static
images
icons
svg
link
class
quick
nav
link
arrow
right
href
https://www.brown.edu/a-z
itemprop
url
to
use
xlink
href
themes
custom
brown
static
images
icons
svg
arrow
right
use
xlink
href
themes
custom
brown
static
images
icons
svg
link
class
quick
nav
link
arrow
right
href
https://www.brown.edu/about/contact-us
itemprop
url
contact
us
use
xlink
href
themes
custom
brown
static
images
icons
svg
arrow
right
use
xlink
href
themes
custom
brown
static
images
icons
svg
link
nav
class
footer
nav
aria
label
footer
navigation
itemscope
itemtype
http://schema.org/SiteNavigationElement
footer
navigation
class
footer
nav
link
arrow
right
href
https://www.brown.edu/news
itemprop
url
news
use
xlink
href
themes
custom
brown
static
images
icons
svg
arrow
right
use
xlink
href
themes
custom
brown
static
images
icons
svg
link
class
footer
nav
link
arrow
right
href
https://events.brown.edu/
itemprop
url
events
use
xlink
href
themes
custom
brown
static
images
icons
svg
arrow
right
use
xlink
href
themes
custom
brown
static
images
icons
svg
link
class
footer
nav
link
arrow
right
href
https://dps.brown.edu/
itemprop
url
campus
safety
use
xlink
href
themes
custom
brown
static
images
icons
svg
arrow
right
use
xlink
href
themes
custom
brown
static
images
icons
svg
link
class
footer
nav
link
arrow
right
href
https://www.brown.edu/website-accessibility
itemprop
url
accessibility
use
xlink
href
themes
custom
brown
static
images
icons
svg
arrow
right
use
xlink
href
themes
custom
brown
static
images
icons
svg
link
class
footer
nav
link
arrow
right
href
https://www.brown.edu/careers
itemprop
url
careers
at
brown
use
xlink
href
themes
custom
brown
static
images
icons
svg
arrow
right
use
xlink
href
themes
custom
brown
static
images
icons
svg
link
img
class
footer
give
logo
src
themes
custom
brown
static
images
logo
together
png
alt
brown
together
the
campaign
for
building
on
distinction
class
footer
give
link
href
http://alumni-friends.brown.edu/giving/
give
to
brown
use
xlink
href
themes
custom
brown
static
images
icons
svg
arrow
right
use
xlink
href
themes
custom
brown
static
images
icons
svg
link
div
class
social
nav
itemscope
itemtype
http://schema.org/Organization
link
itemprop
url
href
brown
edu
social
navigation
class
social
nav
link
href
https://www.facebook.com/BrownUniversity
target
blank
itemprop
same
as
use
xlink
href
themes
custom
brown
static
images
icons
svg
facebook
facebook
class
social
nav
link
href
https://instagram.com/brownu
target
blank
itemprop
same
as
use
xlink
href
themes
custom
brown
static
images
icons
svg
instagram
instagram
class
social
nav
link
href
https://www.linkedin.com/edu/school
id
target
blank
itemprop
same
as
use
xlink
href
themes
custom
brown
static
images
icons
svg
linkedin
linked
in
class
social
nav
link
href
https://www.snapchat.com/add/brown-u
target
blank
itemprop
same
as
use
xlink
href
themes
custom
brown
static
images
icons
svg
snapchat
snapchat
class
social
nav
link
href
https://twitter.com/BrownUniversity
target
blank
itemprop
same
as
use
xlink
href
themes
custom
brown
static
images
icons
svg
twitter
twitter
class
social
nav
link
href
https://www.youtube.com/brownuniversity
target
blank
itemprop
same
as
use
xlink
href
themes
custom
brown
static
images
icons
svg
youtube
you
tube
class
social
nav
link
href
https://www.brown.edu/social/
target
blank
itemprop
same
as
use
xlink
href
themes
custom
brown
static
images
icons
svg
arrow
right
social
media
directory
copy
brown
university
div
class
logo
logo
menu
logo
icon
itemscope
itemtype
http://schema.org/Organization
class
logo
link
itemprop
url
href
brown
university
use
xlink
href
themes
custom
brown
static
images
logo
svg
logo
meta
content
itemprop
logo
for
you
use
xlink
href
themes
custom
brown
static
images
icons
svg
chevron
down
class
flyout
for
your
dropdown
link
href
current
students
current
students
class
flyout
for
your
dropdown
link
href
faculty
faculty
class
flyout
for
your
dropdown
link
href
staff
staff
class
flyout
for
your
dropdown
link
href
families
parents
amp
families
class
flyout
for
your
dropdown
link
href
https://alumni-friends.brown.edu/
alumni
class
flyout
for
your
dropdown
link
href
friends
neighbors
friends
amp
neighbors
use
xlink
href
themes
custom
brown
static
images
icons
svg
search
use
xlink
href
themes
custom
brown
static
images
icons
svg
close
search
use
xlink
href
themes
custom
brown
static
images
icons
svg
menu
use
xlink
href
themes
custom
brown
static
images
icons
svg
close
menu
nav
class
js
main
nav
js
main
nav
sm
main
nav
main
nav
sm
aria
label
mobile
site
navigation
itemscope
itemtype
http://schema.org/SiteNavigationElement
mobile
site
navigation
nav
class
js
main
nav
js
main
nav
sm
main
nav
main
nav
sm
aria
label
mobile
site
navigation
itemscope
itemtype
http://schema.org/SiteNavigationElement
mobile
site
navigation
class
main
nav
link
href
academics
itemprop
url
aria
haspopup
true
aria
current
page
academics
use
xlink
href
themes
custom
brown
static
images
icons
svg
chevron
down
class
main
nav
child
link
href
academics
undergraduate
itemprop
url
undergraduate
class
main
nav
child
link
href
academics
graduate
itemprop
url
graduate
amp
professional
class
main
nav
child
link
href
academics
schools
colleges
itemprop
url
schools
amp
colleges
class
main
nav
child
link
href
academics
departments
itemprop
url
academic
departments
class
main
nav
child
link
href
academics
centers
institutes
itemprop
url
centers
amp
institutes
class
main
nav
child
link
href
academics
libraries
itemprop
url
libraries
amp
collections
class
main
nav
child
link
href
academics
global
itemprop
url
global
education
class
main
nav
child
link
href
academics
non
degree
itemprop
url
non
degree
programs
class
main
nav
link
href
admission
itemprop
url
aria
haspopup
true
aria
current
page
admission
amp
aid
use
xlink
href
themes
custom
brown
static
images
icons
svg
chevron
down
class
main
nav
child
link
href
http://admission.brown.edu/
itemprop
url
undergraduate
admission
class
main
nav
child
link
href
admission
graduate
itemprop
url
graduate
admission
class
main
nav
child
link
href
https://admission.med.brown.edu/
itemprop
url
medical
school
admission
class
main
nav
child
link
href
https://professional.brown.edu/admissions/
itemprop
url
executive
amp
professional
admission
class
main
nav
child
link
href
admission
tuition
aid
itemprop
url
tuition
amp
aid
class
main
nav
link
href
brown
research
itemprop
url
aria
haspopup
true
aria
current
page
research
use
xlink
href
themes
custom
brown
static
images
icons
svg
chevron
down
class
main
nav
child
link
href
https://vivo.brown.edu/
itemprop
url
find
researcher
class
main
nav
child
link
href
brown
research
industry
engagement
itemprop
url
industry
engagement
class
main
nav
child
link
href
itemprop
url
conducting
research
at
brown
class
main
nav
link
href
campus
life
itemprop
url
aria
haspopup
true
aria
current
page
life
at
brown
use
xlink
href
themes
custom
brown
static
images
icons
svg
chevron
down
class
main
nav
child
link
href
life
brown
athletics
recreation
itemprop
url
athletics
amp
recreation
class
main
nav
child
link
href
life
brown
community
itemprop
url
community
class
main
nav
child
link
href
life
brown
health
wellness
itemprop
url
health
amp
well
being
class
main
nav
child
link
href
life
brown
housing
dining
itemprop
url
housing
amp
dining
class
main
nav
child
link
href
life
brown
life
providence
itemprop
url
life
in
providence
class
main
nav
child
link
href
life
brown
student
organizations
itemprop
url
student
organizations
class
main
nav
child
link
href
life
brown
university
events
itemprop
url
university
events
class
main
nav
link
href
news
itemprop
url
aria
haspopup
true
aria
current
page
news
use
xlink
href
themes
custom
brown
static
images
icons
svg
chevron
down
class
main
nav
child
link
href
news
featured
events
itemprop
url
featured
events
class
main
nav
child
link
href
news
for
journalists
itemprop
url
for
journalists
nav
class
secondary
nav
secondary
nav
sm
aria
label
mobile
secondary
navigation
itemscope
itemtype
http://schema.org/SiteNavigationElement
mobile
secondary
navigation
navigation
class
secondary
nav
link
href
about
itemprop
url
about
class
secondary
nav
link
href
https://events.brown.edu
itemprop
url
events
for
you
class
secondary
nav
link
special
href
https://alumni-friends.brown.edu/giving
itemprop
url
give
to
brown
use
xlink
href
themes
custom
brown
static
images
icons
svg
world
all
of
brown
edu
use
xlink
href
themes
custom
brown
static
images
icons
svg
user
people
use
xlink
href
themes
custom
brown
static
images
icons
svg
news
news
form
class
flyout
search
field
flyout
search
field
1
action
search
method
get
input
class
flyout
search
input
type
text
name
value
placeholder
search
keywords
aria
label
search
keywords
search
use
xlink
href
themes
custom
brown
static
images
icons
svg
arrow
right
form
class
flyout
search
field
flyout
search
field
2
action
search
people
method
get
input
class
flyout
search
input
type
text
name
value
placeholder
search
people
aria
label
search
people
search
people
use
xlink
href
themes
custom
brown
static
images
icons
svg
arrow
right
class
directory
info
title
link
href
https://directory.brown.edu/
advanced
search
use
xlink
href
themes
custom
brown
static
images
icons
svg
arrow
right
use
xlink
href
themes
custom
brown
static
images
icons
svg
link
form
class
flyout
search
field
flyout
search
field
3
action
search
news
method
get
input
class
flyout
search
input
type
text
name
value
placeholder
news
search
keywords
aria
label
search
keywords
search
use
xlink
href
themes
custom
brown
static
images
icons
svg
arrow
right
use
xlink
href
themes
custom
brown
static
images
icons
svg
close
close
search
class
component
title
link
href
mathematics
computer
science
open
details
for
mathematics
computer
science
use
xlink
href
themes
custom
brown
static
images
icons
svg
dots
use
xlink
href
themes
custom
brown
static
images
icons
svg
close
use
xlink
href
themes
custom
brown
static
images
icons
svg
bookmark
bookmark
this
page
var
var
themes
custom
brown
static
script
src
sites
default
files
js
js
7
bbgj
9
8
92
15
uee
md
9
en
1
xduyy
0
js
script
type
text
javascript
window
info
beacon
bam
nr
data
net
license
key
0
bd
application
transaction
name
ywd
yh
0
rc
vp
yk
5
xl
bx
ckc
queue
time
0
application
time
39
atts
0
4
eg
error
beacon
bam
nr
data
net
agent
