html
html
lang
en
dir
ltr
prefix
og
https://ogp.me/ns
class
no
js
itemscope
itemtype
http://schema.org/WebPage
header
class
header
id
header
itemscope
itemtype
http://schema.org/WPHeader
skip
to
main
content
div
class
logo
logo
header
logo
icon
itemscope
itemtype
http://schema.org/Organization
class
logo
link
itemprop
url
href
brown
university
use
xlink
href
themes
custom
brown
static
images
logo
svg
logo
meta
content
itemprop
logo
nav
class
secondary
nav
secondary
nav
lg
aria
label
secondary
navigation
itemscope
itemtype
http://schema.org/SiteNavigationElement
secondary
navigation
navigation
class
secondary
nav
link
href
about
itemprop
url
about
class
secondary
nav
link
href
https://events.brown.edu
itemprop
url
events
for
you
use
xlink
href
themes
custom
brown
static
images
icons
svg
chevron
down
class
flyout
for
your
dropdown
link
href
current
students
current
students
class
flyout
for
your
dropdown
link
href
faculty
faculty
class
flyout
for
your
dropdown
link
href
staff
staff
class
flyout
for
your
dropdown
link
href
families
parents
amp
families
class
flyout
for
your
dropdown
link
href
https://alumni-friends.brown.edu/
alumni
class
flyout
for
your
dropdown
link
href
friends
neighbors
friends
amp
neighbors
class
secondary
nav
link
special
href
https://alumni-friends.brown.edu/giving
itemprop
url
give
to
brown
nav
class
js
main
nav
js
main
nav
lg
main
nav
main
nav
lg
aria
label
site
navigation
itemscope
itemtype
http://schema.org/SiteNavigationElement
site
navigation
class
main
nav
link
href
academics
itemprop
url
aria
haspopup
true
aria
current
page
academics
use
xlink
href
themes
custom
brown
static
images
icons
svg
chevron
down
class
main
nav
child
link
href
academics
undergraduate
itemprop
url
undergraduate
class
main
nav
child
link
href
academics
graduate
itemprop
url
graduate
amp
professional
class
main
nav
child
link
href
academics
schools
colleges
itemprop
url
schools
amp
colleges
class
main
nav
child
link
href
academics
departments
itemprop
url
academic
departments
class
main
nav
child
link
href
academics
centers
institutes
itemprop
url
centers
amp
institutes
class
main
nav
child
link
href
academics
libraries
itemprop
url
libraries
amp
collections
class
main
nav
child
link
href
academics
global
itemprop
url
global
education
class
main
nav
child
link
href
academics
non
degree
itemprop
url
non
degree
programs
class
main
nav
link
href
admission
itemprop
url
aria
haspopup
true
aria
current
page
admission
amp
aid
use
xlink
href
themes
custom
brown
static
images
icons
svg
chevron
down
class
main
nav
child
link
href
http://admission.brown.edu/
itemprop
url
undergraduate
admission
class
main
nav
child
link
href
admission
graduate
itemprop
url
graduate
admission
class
main
nav
child
link
href
https://admission.med.brown.edu/
itemprop
url
medical
school
admission
class
main
nav
child
link
href
https://professional.brown.edu/admissions/
itemprop
url
executive
amp
professional
admission
class
main
nav
child
link
href
admission
tuition
aid
itemprop
url
tuition
amp
aid
class
main
nav
link
href
brown
research
itemprop
url
aria
haspopup
true
aria
current
page
research
use
xlink
href
themes
custom
brown
static
images
icons
svg
chevron
down
class
main
nav
child
link
href
https://vivo.brown.edu/
itemprop
url
find
researcher
class
main
nav
child
link
href
brown
research
industry
engagement
itemprop
url
industry
engagement
class
main
nav
child
link
href
itemprop
url
conducting
research
at
brown
class
main
nav
link
href
campus
life
itemprop
url
aria
haspopup
true
aria
current
page
life
at
brown
use
xlink
href
themes
custom
brown
static
images
icons
svg
chevron
down
class
main
nav
child
link
href
life
brown
athletics
recreation
itemprop
url
athletics
amp
recreation
class
main
nav
child
link
href
life
brown
community
itemprop
url
community
class
main
nav
child
link
href
life
brown
health
wellness
itemprop
url
health
amp
well
being
class
main
nav
child
link
href
life
brown
housing
dining
itemprop
url
housing
amp
dining
class
main
nav
child
link
href
life
brown
life
providence
itemprop
url
life
in
providence
class
main
nav
child
link
href
life
brown
student
organizations
itemprop
url
student
organizations
class
main
nav
child
link
href
life
brown
university
events
itemprop
url
university
events
class
main
nav
link
href
news
itemprop
url
aria
haspopup
true
aria
current
page
news
use
xlink
href
themes
custom
brown
static
images
icons
svg
chevron
down
class
main
nav
child
link
href
news
featured
events
itemprop
url
featured
events
class
main
nav
child
link
href
news
for
journalists
itemprop
url
for
journalists
use
xlink
href
themes
custom
brown
static
images
icons
svg
search
use
xlink
href
themes
custom
brown
static
images
icons
svg
close
search
use
xlink
href
themes
custom
brown
static
images
icons
svg
menu
use
xlink
href
themes
custom
brown
static
images
icons
svg
close
menu
div
class
js
background
js
cover
background
mobile
fall
page
header
image
page
header
background
data
background
options
source
px
sites
default
files
styles
ultrawide
med
public
coheamarketing
64
jpg
28
amp
itok
ohu
ck
ic
px
sites
default
files
styles
wide
med
public
coheamarketing
64
jpg
0
abb
amp
itok
9
bh
lazy
true
lazy
edge
alt
main
green
div
class
js
background
js
cover
background
page
header
video
page
header
background
data
background
options
source
poster
sites
default
files
styles
wide
lrg
public
01
about
jpg
amp
itok
kl
im
cnb
mp
4
ac
67
fad
8
eae
75
amp
profile
id
lazy
true
lazy
edge
aria
hidden
true
button
class
page
header
paulay
aria
label
pause
play
background
video
title
pause
play
background
video
use
xlink
href
themes
custom
brown
static
images
icons
svg
pause
use
xlink
href
themes
custom
brown
static
images
icons
svg
play
about
brown
brown
is
nonprofit
leading
research
university
distinct
for
its
student
centered
learning
and
deep
sense
of
purpose
our
students
faculty
and
staff
are
driven
by
the
idea
that
their
work
will
have
an
impact
in
the
world
nav
class
sub
nav
aria
labelledby
subnav
heading
block
secondarynav
3
itemscope
itemtype
http://schema.org/SiteNavigationElement
sub
navigation
use
xlink
href
themes
custom
brown
static
images
icons
svg
chevron
down
in
this
section
class
sub
nav
link
href
about
brown
glance
itemprop
url
brown
at
glance
class
sub
nav
link
href
itemprop
url
history
class
sub
nav
link
href
about
leadership
itemprop
url
leadership
class
sub
nav
link
href
about
brown
and
providence
itemprop
url
brown
and
providence
class
sub
nav
link
href
about
visit
itemprop
url
visit
about
brown
brown
is
nonprofit
leading
research
university
distinct
for
its
student
centered
learning
and
deep
sense
of
purpose
our
students
faculty
and
staff
are
driven
by
the
idea
that
their
work
will
have
an
impact
in
the
world
founded
in
brown
is
nonprofit
leading
research
university
home
to
world
renowned
faculty
and
also
an
innovative
educational
institution
where
the
curiosity
creativity
and
intellectual
joy
of
students
drives
academic
excellence
the
spirit
of
the
undergraduate
href
open
curriculum
infuses
every
aspect
of
the
university
brown
is
place
where
rigorous
scholarship
complex
problem
solving
and
service
to
the
public
good
are
defined
by
intense
collaboration
intellectual
discovery
and
working
in
ways
that
transcend
traditional
boundaries
as
private
nonprofit
institution
the
university
advances
its
mission
through
support
from
community
invested
in
brown
commitment
to
advance
knowledge
and
make
positive
difference
locally
and
globally
providence
rhode
island
brown
home
for
more
than
two
and
half
centuries
is
vibrant
place
to
live
work
and
study
stimulating
hub
for
innovation
and
city
rich
in
cultural
diversity
undergraduate
students
graduate
students
medical
school
students
summer
visiting
and
online
students
full
time
faculty
solutions
to
critical
complex
problems
brown
students
and
faculty
are
tackling
the
nations
opioid
crisis
planning
the
next
mars
landing
site
uncovering
the
locations
of
ancient
civilizations
advising
world
leaders
on
new
political
models
exploring
new
frontiers
in
multimedia
arts
in
each
of
their
intellectual
endeavors
our
scholars
and
researchers
are
uncommonly
driven
by
the
belief
that
their
work
must
and
will
have
an
impact
in
their
communities
in
society
and
the
world
we
are
learning
community
grounded
in
commitment
of
respect
for
the
diversity
of
viewpoints
that
is
fundamentally
essential
to
intellectual
discovery
we
encourage
the
right
of
all
individuals
to
express
ideas
and
perspectives
and
we
embrace
the
value
of
vigorous
debate
in
pursuit
of
knowledge
class
component
figure
link
href
aria
hidden
true
tabindex
1
div
class
js
background
component
card
background
data
background
options
source
0
px
sites
default
files
styles
classic
xsml
public
wp
forum
jpg
cd
39
amp
itok
2
wo
lazy
true
lazy
edge
alt
class
component
title
link
href
president
paxson
on
freedom
of
expression
in
washington
post
forum
brown
president
christina
paxson
defended
the
role
that
academic
freedom
plays
in
advancing
knowledge
class
peak
details
simple
link
href
visit
page
use
xlink
href
themes
custom
brown
static
images
icons
svg
arrow
right
use
xlink
href
themes
custom
brown
static
images
icons
svg
link
open
details
for
president
paxson
on
freedom
of
expression
use
xlink
href
themes
custom
brown
static
images
icons
svg
dots
use
xlink
href
themes
custom
brown
static
images
icons
svg
close
class
component
figure
link
href
research
impact
aria
hidden
true
tabindex
1
div
class
js
background
component
card
background
data
background
options
source
0
px
sites
default
files
styles
classic
xsml
public
impact
cover
thumb
jpg
af
7
amp
itok
ol
lazy
true
lazy
edge
alt
class
component
title
link
href
research
impact
impact
research
at
brown
impact
is
magazine
devoted
solely
to
the
universitys
research
it
tells
the
stories
of
faculty
and
student
achievements
and
their
influence
in
solving
critical
problems
in
the
world
through
their
exploration
class
peak
details
simple
link
href
research
impact
visit
page
use
xlink
href
themes
custom
brown
static
images
icons
svg
arrow
right
use
xlink
href
themes
custom
brown
static
images
icons
svg
link
open
details
for
impact
research
at
brown
use
xlink
href
themes
custom
brown
static
images
icons
svg
dots
use
xlink
href
themes
custom
brown
static
images
icons
svg
close
class
component
figure
link
href
aria
hidden
true
tabindex
1
div
class
js
background
component
card
background
data
background
options
source
0
px
sites
default
files
styles
classic
xsml
public
elms
courses
20
of
20
study
20
journos
lead
jpg
da
4
amp
itok
mp
eqe
0
lazy
true
lazy
edge
alt
class
component
title
link
href
student
journalists
with
statewide
impact
an
undergrad
reported
series
on
elder
abuse
launched
in
the
providence
journal
may
influence
rhode
island
policy
class
peak
details
simple
link
href
visit
page
use
xlink
href
themes
custom
brown
static
images
icons
svg
arrow
right
use
xlink
href
themes
custom
brown
static
images
icons
svg
link
open
details
for
student
journalists
with
statewide
impact
use
xlink
href
themes
custom
brown
static
images
icons
svg
dots
use
xlink
href
themes
custom
brown
static
images
icons
svg
close
innovative
student
centered
learning
browns
academic
excellence
is
rooted
in
student
centered
model
of
learning
the
open
curriculum
is
flexible
but
rigorous
approach
to
education
that
pushes
students
to
be
creative
thinkers
intellectual
risk
takers
and
entrepreneurial
problem
solvers
brown
undergraduates
enjoy
the
freedom
to
study
what
they
choose
and
the
flexibility
to
discover
what
they
love
students
leave
brown
prepared
to
thrive
as
independent
innovative
leaders
no
matter
what
path
they
choose
browns
graduate
and
professional
programs
offer
intensive
learning
and
research
experiences
that
respect
and
develop
each
scholars
interests
and
ideas
within
their
intended
specialty
equipping
them
with
the
tools
they
need
to
become
the
next
generation
of
leaders
in
their
fields
class
component
figure
link
href
academics
undergraduate
open
curriculum
aria
hidden
true
tabindex
1
div
class
js
background
component
card
background
data
background
options
source
0
px
sites
default
files
styles
classic
xsml
public
chemsession
15
jpg
7
aaa
1
cbc
amp
itok
8
lazy
true
lazy
edge
alt
woman
writing
on
white
board
class
component
title
link
href
academics
undergraduate
open
curriculum
the
open
curriculum
browns
flexible
yet
rigorous
approach
to
education
pushes
undergraduates
to
be
deeply
creative
thinkers
intellectual
risk
takers
and
entrepreneurial
problem
solvers
class
peak
details
simple
link
href
academics
undergraduate
open
curriculum
visit
page
use
xlink
href
themes
custom
brown
static
images
icons
svg
arrow
right
use
xlink
href
themes
custom
brown
static
images
icons
svg
link
open
details
for
the
open
curriculum
use
xlink
href
themes
custom
brown
static
images
icons
svg
dots
use
xlink
href
themes
custom
brown
static
images
icons
svg
close
class
component
figure
link
href
news
undergraduate
research
aria
hidden
true
tabindex
1
div
class
js
background
component
card
background
data
background
options
source
0
px
sites
default
files
styles
classic
xsml
public
demanche
jpg
cf
8
amp
itok
omqa
lazy
true
lazy
edge
alt
student
on
boat
lifting
equipment
from
water
class
component
title
link
href
news
undergraduate
research
news
about
undergraduate
research
at
brown
undergraduates
are
creators
leaders
and
doers
who
are
not
satisfied
with
merely
raising
questions
they
learn
to
confront
address
and
solve
problems
facing
society
the
nation
and
the
world
class
peak
details
simple
link
href
news
undergraduate
research
visit
page
use
xlink
href
themes
custom
brown
static
images
icons
svg
arrow
right
use
xlink
href
themes
custom
brown
static
images
icons
svg
link
open
details
for
news
about
undergraduate
research
use
xlink
href
themes
custom
brown
static
images
icons
svg
dots
use
xlink
href
themes
custom
brown
static
images
icons
svg
close
class
component
figure
link
href
academics
undergraduate
aria
hidden
true
tabindex
1
div
class
js
background
component
card
background
data
background
options
source
0
px
sites
default
files
styles
classic
xsml
public
jinku
installation
jpg
3
amp
itok
yr
lazy
true
lazy
edge
alt
experimental
arts
space
class
component
title
link
href
academics
undergraduate
educational
innovation
brown
has
earned
global
reputation
for
its
innovative
undergraduate
educational
experience
class
peak
details
simple
link
href
academics
undergraduate
visit
page
use
xlink
href
themes
custom
brown
static
images
icons
svg
arrow
right
use
xlink
href
themes
custom
brown
static
images
icons
svg
link
open
details
for
educational
innovation
use
xlink
href
themes
custom
brown
static
images
icons
svg
dots
use
xlink
href
themes
custom
brown
static
images
icons
svg
close
scholarship
that
transcends
boundaries
brown
brings
people
together
in
creative
unexpected
ways
by
transcending
boundaries
between
fields
of
study
scholars
are
better
equipped
to
create
opportunities
address
challenges
and
explore
areas
of
inquiry
ripe
for
discovery
this
intensely
collaborative
culture
infuses
all
of
the
universitys
endeavors
these
are
just
few
illustrations
of
how
brown
convenes
the
diverse
range
of
perspectives
insights
and
expertise
that
todays
complex
scientific
and
societal
challenges
demand
img
class
action
image
src
sites
default
files
styles
square
xxsml
public
ifacility
jpg
ffa
5
amp
itok
de
ksj
np
alt
itemprop
image
carney
institute
with
researchers
from
departments
ranging
from
neurology
and
neurosurgery
to
engineering
computer
science
and
more
the
carney
institute
for
brain
science
is
deciphering
the
brain
and
pursuing
breakthroughs
for
some
of
the
worlds
most
devastating
diseases
such
as
and
alzheimers
class
action
link
href
carney
carney
institute
for
brain
science
use
xlink
href
themes
custom
brown
static
images
icons
svg
arrow
right
use
xlink
href
themes
custom
brown
static
images
icons
svg
link
img
class
action
image
src
sites
default
files
styles
square
xxsml
public
un
2
jpg
ffa
5
amp
itok
sp
51
alt
itemprop
image
watson
institute
for
international
and
public
affairs
economists
historians
political
scientists
and
sociologists
at
the
watson
institute
for
international
and
public
affairs
inform
each
others
efforts
to
craft
policy
solutions
that
can
change
systems
and
societies
for
the
better
class
action
link
href
https://watson.brown.edu
watson
institute
for
international
and
public
affairs
use
xlink
href
themes
custom
brown
static
images
icons
svg
arrow
right
use
xlink
href
themes
custom
brown
static
images
icons
svg
link
img
class
action
image
src
sites
default
files
styles
square
xxsml
public
jpg
ffa
5
amp
itok
vd
alt
itemprop
image
institute
at
brown
for
environment
and
society
at
the
institute
at
brown
for
environment
and
society
scholars
in
the
sciences
social
sciences
and
humanities
work
together
to
confront
the
causes
and
impacts
of
climate
change
class
action
link
href
http://ibes.brown.edu/
institute
at
brown
for
environment
and
society
use
xlink
href
themes
custom
brown
static
images
icons
svg
arrow
right
use
xlink
href
themes
custom
brown
static
images
icons
svg
link
research
at
brown
brown
is
leading
research
university
where
stellar
faculty
and
student
researchers
deploy
deep
contentknowledge
to
generate
new
discoveries
on
those
issues
and
many
more
what
sets
their
work
apart
collectively
brown
researchers
are
driven
by
the
idea
that
their
work
will
have
positive
impact
in
the
world
class
action
link
href
brown
research
learn
more
about
research
at
brown
use
xlink
href
themes
custom
brown
static
images
icons
svg
arrow
right
use
xlink
href
themes
custom
brown
static
images
icons
svg
link
footer
class
footer
id
footer
itemscope
itemtype
http://schema.org/WPFooter
div
class
address
itemscope
itemtype
http://schema.org/PostalAddress
brown
university
class
address
item
address
base
address
details
href
https://www.google.com/maps/dir/
api
1
amp
destination
brown
20
university
waterman
20
st
20
providence
20
target
blank
use
xlink
href
themes
custom
brown
static
images
icons
svg
marker
providence
use
xlink
href
themes
custom
brown
static
images
icons
svg
phone
nav
class
quick
nav
aria
label
quick
navigation
itemscope
itemtype
http://schema.org/SiteNavigationElement
quick
navigation
class
quick
nav
link
arrow
right
href
https://www.brown.edu/about/visit
itemprop
url
visit
brown
use
xlink
href
themes
custom
brown
static
images
icons
svg
arrow
right
use
xlink
href
themes
custom
brown
static
images
icons
svg
link
class
quick
nav
link
arrow
right
href
building
itemprop
url
campus
map
use
xlink
href
themes
custom
brown
static
images
icons
svg
arrow
right
use
xlink
href
themes
custom
brown
static
images
icons
svg
link
class
quick
nav
link
arrow
right
href
https://www.brown.edu/a-z
itemprop
url
to
use
xlink
href
themes
custom
brown
static
images
icons
svg
arrow
right
use
xlink
href
themes
custom
brown
static
images
icons
svg
link
class
quick
nav
link
arrow
right
href
https://www.brown.edu/about/contact-us
itemprop
url
contact
us
use
xlink
href
themes
custom
brown
static
images
icons
svg
arrow
right
use
xlink
href
themes
custom
brown
static
images
icons
svg
link
nav
class
footer
nav
aria
label
footer
navigation
itemscope
itemtype
http://schema.org/SiteNavigationElement
footer
navigation
class
footer
nav
link
arrow
right
href
https://www.brown.edu/news
itemprop
url
news
use
xlink
href
themes
custom
brown
static
images
icons
svg
arrow
right
use
xlink
href
themes
custom
brown
static
images
icons
svg
link
class
footer
nav
link
arrow
right
href
https://events.brown.edu/
itemprop
url
events
use
xlink
href
themes
custom
brown
static
images
icons
svg
arrow
right
use
xlink
href
themes
custom
brown
static
images
icons
svg
link
class
footer
nav
link
arrow
right
href
https://dps.brown.edu/
itemprop
url
campus
safety
use
xlink
href
themes
custom
brown
static
images
icons
svg
arrow
right
use
xlink
href
themes
custom
brown
static
images
icons
svg
link
class
footer
nav
link
arrow
right
href
https://www.brown.edu/website-accessibility
itemprop
url
accessibility
use
xlink
href
themes
custom
brown
static
images
icons
svg
arrow
right
use
xlink
href
themes
custom
brown
static
images
icons
svg
link
class
footer
nav
link
arrow
right
href
https://www.brown.edu/careers
itemprop
url
careers
at
brown
use
xlink
href
themes
custom
brown
static
images
icons
svg
arrow
right
use
xlink
href
themes
custom
brown
static
images
icons
svg
link
img
class
footer
give
logo
src
themes
custom
brown
static
images
logo
together
png
alt
brown
together
the
campaign
for
building
on
distinction
class
footer
give
link
href
http://alumni-friends.brown.edu/giving/
give
to
brown
use
xlink
href
themes
custom
brown
static
images
icons
svg
arrow
right
use
xlink
href
themes
custom
brown
static
images
icons
svg
link
div
class
social
nav
itemscope
itemtype
http://schema.org/Organization
link
itemprop
url
href
brown
edu
social
navigation
class
social
nav
link
href
https://www.facebook.com/BrownUniversity
target
blank
itemprop
same
as
use
xlink
href
themes
custom
brown
static
images
icons
svg
facebook
facebook
class
social
nav
link
href
https://instagram.com/brownu
target
blank
itemprop
same
as
use
xlink
href
themes
custom
brown
static
images
icons
svg
instagram
instagram
class
social
nav
link
href
https://www.linkedin.com/edu/school
id
target
blank
itemprop
same
as
use
xlink
href
themes
custom
brown
static
images
icons
svg
linkedin
linked
in
class
social
nav
link
href
https://www.snapchat.com/add/brown-u
target
blank
itemprop
same
as
use
xlink
href
themes
custom
brown
static
images
icons
svg
snapchat
snapchat
class
social
nav
link
href
https://twitter.com/BrownUniversity
target
blank
itemprop
same
as
use
xlink
href
themes
custom
brown
static
images
icons
svg
twitter
twitter
class
social
nav
link
href
https://www.youtube.com/brownuniversity
target
blank
itemprop
same
as
use
xlink
href
themes
custom
brown
static
images
icons
svg
youtube
you
tube
class
social
nav
link
href
https://www.brown.edu/social/
target
blank
itemprop
same
as
use
xlink
href
themes
custom
brown
static
images
icons
svg
arrow
right
social
media
directory
copy
brown
university
div
class
logo
logo
menu
logo
icon
itemscope
itemtype
http://schema.org/Organization
class
logo
link
itemprop
url
href
brown
university
use
xlink
href
themes
custom
brown
static
images
logo
svg
logo
meta
content
itemprop
logo
for
you
use
xlink
href
themes
custom
brown
static
images
icons
svg
chevron
down
class
flyout
for
your
dropdown
link
href
current
students
current
students
class
flyout
for
your
dropdown
link
href
faculty
faculty
class
flyout
for
your
dropdown
link
href
staff
staff
class
flyout
for
your
dropdown
link
href
families
parents
amp
families
class
flyout
for
your
dropdown
link
href
https://alumni-friends.brown.edu/
alumni
class
flyout
for
your
dropdown
link
href
friends
neighbors
friends
amp
neighbors
use
xlink
href
themes
custom
brown
static
images
icons
svg
search
use
xlink
href
themes
custom
brown
static
images
icons
svg
close
search
use
xlink
href
themes
custom
brown
static
images
icons
svg
menu
use
xlink
href
themes
custom
brown
static
images
icons
svg
close
menu
nav
class
js
main
nav
js
main
nav
sm
main
nav
main
nav
sm
aria
label
mobile
site
navigation
itemscope
itemtype
http://schema.org/SiteNavigationElement
mobile
site
navigation
nav
class
js
main
nav
js
main
nav
sm
main
nav
main
nav
sm
aria
label
mobile
site
navigation
itemscope
itemtype
http://schema.org/SiteNavigationElement
mobile
site
navigation
class
main
nav
link
href
academics
itemprop
url
aria
haspopup
true
aria
current
page
academics
use
xlink
href
themes
custom
brown
static
images
icons
svg
chevron
down
class
main
nav
child
link
href
academics
undergraduate
itemprop
url
undergraduate
class
main
nav
child
link
href
academics
graduate
itemprop
url
graduate
amp
professional
class
main
nav
child
link
href
academics
schools
colleges
itemprop
url
schools
amp
colleges
class
main
nav
child
link
href
academics
departments
itemprop
url
academic
departments
class
main
nav
child
link
href
academics
centers
institutes
itemprop
url
centers
amp
institutes
class
main
nav
child
link
href
academics
libraries
itemprop
url
libraries
amp
collections
class
main
nav
child
link
href
academics
global
itemprop
url
global
education
class
main
nav
child
link
href
academics
non
degree
itemprop
url
non
degree
programs
class
main
nav
link
href
admission
itemprop
url
aria
haspopup
true
aria
current
page
admission
amp
aid
use
xlink
href
themes
custom
brown
static
images
icons
svg
chevron
down
class
main
nav
child
link
href
http://admission.brown.edu/
itemprop
url
undergraduate
admission
class
main
nav
child
link
href
admission
graduate
itemprop
url
graduate
admission
class
main
nav
child
link
href
https://admission.med.brown.edu/
itemprop
url
medical
school
admission
class
main
nav
child
link
href
https://professional.brown.edu/admissions/
itemprop
url
executive
amp
professional
admission
class
main
nav
child
link
href
admission
tuition
aid
itemprop
url
tuition
amp
aid
class
main
nav
link
href
brown
research
itemprop
url
aria
haspopup
true
aria
current
page
research
use
xlink
href
themes
custom
brown
static
images
icons
svg
chevron
down
class
main
nav
child
link
href
https://vivo.brown.edu/
itemprop
url
find
researcher
class
main
nav
child
link
href
brown
research
industry
engagement
itemprop
url
industry
engagement
class
main
nav
child
link
href
itemprop
url
conducting
research
at
brown
class
main
nav
link
href
campus
life
itemprop
url
aria
haspopup
true
aria
current
page
life
at
brown
use
xlink
href
themes
custom
brown
static
images
icons
svg
chevron
down
class
main
nav
child
link
href
life
brown
athletics
recreation
itemprop
url
athletics
amp
recreation
class
main
nav
child
link
href
life
brown
community
itemprop
url
community
class
main
nav
child
link
href
life
brown
health
wellness
itemprop
url
health
amp
well
being
class
main
nav
child
link
href
life
brown
housing
dining
itemprop
url
housing
amp
dining
class
main
nav
child
link
href
life
brown
life
providence
itemprop
url
life
in
providence
class
main
nav
child
link
href
life
brown
student
organizations
itemprop
url
student
organizations
class
main
nav
child
link
href
life
brown
university
events
itemprop
url
university
events
class
main
nav
link
href
news
itemprop
url
aria
haspopup
true
aria
current
page
news
use
xlink
href
themes
custom
brown
static
images
icons
svg
chevron
down
class
main
nav
child
link
href
news
featured
events
itemprop
url
featured
events
class
main
nav
child
link
href
news
for
journalists
itemprop
url
for
journalists
nav
class
secondary
nav
secondary
nav
sm
aria
label
mobile
secondary
navigation
itemscope
itemtype
http://schema.org/SiteNavigationElement
mobile
secondary
navigation
navigation
class
secondary
nav
link
href
about
itemprop
url
about
class
secondary
nav
link
href
https://events.brown.edu
itemprop
url
events
for
you
class
secondary
nav
link
special
href
https://alumni-friends.brown.edu/giving
itemprop
url
give
to
brown
use
xlink
href
themes
custom
brown
static
images
icons
svg
world
all
of
brown
edu
use
xlink
href
themes
custom
brown
static
images
icons
svg
user
people
use
xlink
href
themes
custom
brown
static
images
icons
svg
news
news
form
class
flyout
search
field
flyout
search
field
1
action
search
method
get
input
class
flyout
search
input
type
text
name
value
placeholder
search
keywords
aria
label
search
keywords
search
use
xlink
href
themes
custom
brown
static
images
icons
svg
arrow
right
form
class
flyout
search
field
flyout
search
field
2
action
search
people
method
get
input
class
flyout
search
input
type
text
name
value
placeholder
search
people
aria
label
search
people
search
people
use
xlink
href
themes
custom
brown
static
images
icons
svg
arrow
right
class
directory
info
title
link
href
https://directory.brown.edu/
advanced
search
use
xlink
href
themes
custom
brown
static
images
icons
svg
arrow
right
use
xlink
href
themes
custom
brown
static
images
icons
svg
link
form
class
flyout
search
field
flyout
search
field
3
action
search
news
method
get
input
class
flyout
search
input
type
text
name
value
placeholder
news
search
keywords
aria
label
search
keywords
search
use
xlink
href
themes
custom
brown
static
images
icons
svg
arrow
right
use
xlink
href
themes
custom
brown
static
images
icons
svg
close
close
search
class
component
title
link
href
https://www.brown.edu/about
about
brown
open
details
for
about
brown
use
xlink
href
themes
custom
brown
static
images
icons
svg
dots
use
xlink
href
themes
custom
brown
static
images
icons
svg
close
use
xlink
href
themes
custom
brown
static
images
icons
svg
bookmark
bookmark
this
page
var
var
themes
custom
brown
static
script
src
sites
default
files
js
js
cg
66
nb
pxdh
ku
4
yve
9
ew
9
5
tvi
xh
js
script
type
text
javascript
window
info
beacon
bam
nr
data
net
license
key
0
bd
application
transaction
name
ywd
yh
0
rc
vp
ndl
cw
5
3
dmt
cw
ea
ww
5
ux
1
uz
0
mh
fg
5
qx
1
queue
time
0
application
time
atts
0
4
eg
error
beacon
bam
nr
data
net
agent
