html
meta
http
equiv
compatible
content
edge
research
centers
and
institutes
www
caltech
edu
link
rel
shortcut
icon
href
static
core
img
favicon
75
png
5
img
alt
class
header
search
icon
src
static
wagtail
menu
img
icon
search
png
form
id
search
form
class
header
search
form
action
search
method
search
input
class
header
search
form
query
type
search
name
value
autocorrect
off
autocapitalize
off
autocomplete
off
spellcheck
false
search
menu
img
aria
label
open
main
menu
class
slide
menu
burger
src
static
wagtail
menu
img
menu
burger
png
close
class
slide
menu
level
1
link
href
https://www.caltech.edu/about
about
open
about
submenu
class
slide
menu
level
1
link
href
https://www.caltech.edu/research
research
open
research
submenu
class
slide
menu
level
1
link
href
https://www.caltech.edu/academics
academics
open
academics
submenu
class
slide
menu
level
1
link
href
https://www.caltech.edu/admissions-aid
admissions
amp
aid
open
admissions
amp
aid
submenu
class
slide
menu
level
1
link
href
https://www.caltech.edu/campus-life-events
campus
life
amp
events
open
campus
life
amp
events
submenu
class
slide
menu
utility
menu
link
href
about
visit
plan
your
visit
visit
class
slide
menu
utility
menu
link
href
https://hr.caltech.edu/careers
careers
class
slide
menu
utility
menu
link
href
https://access.caltech.edu/
access
quick
links
class
slide
menu
utility
menu
submenu
link
href
quick
links
faculty
for
faculty
class
slide
menu
utility
menu
submenu
link
href
quick
links
students
for
students
class
slide
menu
utility
menu
submenu
link
href
quick
links
staff
for
staff
class
slide
menu
utility
menu
submenu
link
href
quick
links
alumni
for
alumni
class
slide
menu
utility
menu
link
href
https://directory.caltech.edu/
directory
class
slide
menu
utility
menu
link
href
campus
life
events
caltech
today
caltech
today
class
slide
menu
utility
menu
link
href
https://www.alumni.caltech.edu/
alumni
class
slide
menu
utility
menu
link
href
https://giving.caltech.edu/
about
caltech
back
class
slide
menu
level
2
link
href
https://www.caltech.edu/about/at-a-glance
at
glance
class
slide
menu
level
3
link
href
about
university
and
college
rankings
university
and
college
rankings
leadership
class
slide
menu
level
3
link
href
http://president.caltech.edu/
president
class
slide
menu
level
3
link
href
http://provost.caltech.edu/
provost
class
slide
menu
level
3
link
href
http://bot.caltech.edu/
board
of
trustees
class
slide
menu
level
3
link
href
https://www.caltech.edu/about/leadership/academic-and-administrative-leadership
academic
and
administrative
leadership
values
class
slide
menu
level
3
link
href
https://inclusive.caltech.edu/
diversity
equity
and
inclusion
class
slide
menu
level
3
link
href
https://sustainability.caltech.edu/
sustainability
class
slide
menu
level
3
link
href
about
values
freedom
expression
freedom
of
expression
class
slide
menu
level
3
link
href
https://www.deans.caltech.edu/HonorCode
honor
code
legacy
class
slide
menu
level
3
link
href
https://www.caltech.edu/about/legacy/history-milestones
history
amp
milestones
class
slide
menu
level
3
link
href
https://www.caltech.edu/about/legacy/awards-and-honors
awards
amp
honors
class
slide
menu
level
3
link
href
http://archives.caltech.edu/
caltech
archives
class
slide
menu
level
3
link
href
map
history
interactive
history
map
class
slide
menu
level
2
link
href
https://www.caltech.edu/about/news
news
publications
class
slide
menu
level
3
link
href
https://scienceexchange.caltech.edu/
caltech
science
exchange
class
slide
menu
level
3
link
href
https://thisis.caltech.edu
this
is
caltech
class
slide
menu
level
3
link
href
https://magazine.caltech.edu/
caltech
magazine
class
slide
menu
level
3
link
href
documents
10
periodic
table
of
caltech
pdf
periodic
table
of
caltech
visit
class
slide
menu
level
3
link
href
https://www.caltech.edu/about/visit/directions
directions
class
slide
menu
level
3
link
href
https://www.caltech.edu/about/visit/campus-maps
campus
maps
class
slide
menu
level
3
link
href
http://parking.caltech.edu/
parking
class
slide
menu
level
3
link
href
https://www.caltech.edu/about/visit/tours
tours
class
slide
menu
level
2
link
href
https://www.caltech.edu/about/offices-departments
administrative
offices
amp
departments
research
back
academic
divisions
class
slide
menu
level
3
link
href
http://www.bbe.caltech.edu/
biology
and
biological
engineering
class
slide
menu
level
3
link
href
http://www.cce.caltech.edu/
chemistry
and
chemical
engineering
class
slide
menu
level
3
link
href
http://eas.caltech.edu/
engineering
amp
applied
science
class
slide
menu
level
3
link
href
http://www.gps.caltech.edu/
geological
amp
planetary
sciences
class
slide
menu
level
3
link
href
http://www.hss.caltech.edu/
humanities
and
social
sciences
class
slide
menu
level
3
link
href
http://pma.caltech.edu/
physics
mathematics
and
astronomy
class
slide
menu
level
2
link
href
https://www.caltech.edu/research/jpl
jet
propulsion
laboratory
class
slide
menu
level
2
link
href
https://sfp.caltech.edu/
student
research
class
slide
menu
level
2
link
href
https://www.caltech.edu/research/centers-institutes
centers
amp
institutes
class
slide
menu
level
2
link
href
http://innovation.caltech.edu/
technology
transfer
amp
corporate
partnerships
class
slide
menu
level
2
link
href
http://researchadministration.caltech.edu/
sponsored
research
class
slide
menu
level
2
link
href
https://www.caltech.edu/research/research-facilities
research
facilities
class
slide
menu
level
2
link
href
https://www.caltech.edu/research/faculty-listing
faculty
listing
academics
back
class
slide
menu
level
2
link
href
https://www.deans.caltech.edu/
undergraduate
studies
class
slide
menu
level
2
link
href
http://www.gradoffice.caltech.edu/
graduate
studies
class
slide
menu
level
2
link
href
http://online.caltech.edu/courses
online
education
class
slide
menu
level
2
link
href
https://ctme.caltech.edu/
executive
education
class
slide
menu
level
2
link
href
http://ctlo.caltech.edu/
teaching
learning
amp
outreach
resources
class
slide
menu
level
3
link
href
http://www.registrar.caltech.edu/
registrar
class
slide
menu
level
3
link
href
http://www.catalog.caltech.edu/
catalog
class
slide
menu
level
3
link
href
https://www.caltech.edu/academics/resources/academic-calendar
academic
calendar
class
slide
menu
level
3
link
href
https://www.library.caltech.edu/
library
class
slide
menu
level
3
link
href
http://international.caltech.edu/
international
offices
class
slide
menu
level
3
link
href
http://career.caltech.edu/
career
development
admissions
amp
aid
back
undergraduate
admissions
class
slide
menu
level
3
link
href
http://www.admissions.caltech.edu/
apply
class
slide
menu
level
3
link
href
https://www.admissions.caltech.edu/afford
cost
amp
aid
graduate
admissions
class
slide
menu
level
3
link
href
http://www.gradoffice.caltech.edu/admissions
apply
class
slide
menu
level
3
link
href
http://www.gradoffice.caltech.edu/financialsupport
funding
amp
aid
campus
life
amp
events
back
class
slide
menu
level
2
link
href
https://www.caltech.edu/campus-life-events/calendar
institute
calendar
class
slide
menu
level
2
link
href
https://www.caltech.edu/campus-life-events/caltech-today
caltech
today
class
slide
menu
level
2
link
href
http://gocaltech.com/landing/index
athletics
amp
recreation
class
slide
menu
level
2
link
href
http://events.caltech.edu/
events
caltech
live
class
slide
menu
level
2
link
href
http://pva.caltech.edu/
performing
amp
visual
arts
class
slide
menu
level
2
link
href
http://housing.caltech.edu/
housing
class
slide
menu
level
2
link
href
http://dining.caltech.edu/
dining
class
slide
menu
level
2
link
href
https://www.caltechy.org/
caltech
class
slide
menu
level
2
link
href
http://wellness.caltech.edu/
wellness
services
class
slide
menu
level
2
link
href
http://diversity.caltech.edu/
diversity
center
class
slide
menu
level
2
link
href
http://security.caltech.edu/
security
class
slide
menu
level
2
link
href
https://www.caltech.edu/campus-life-events/emergency-information
emergency
information
img
alt
class
header
search
icon
src
static
wagtail
menu
img
icon
search
png
form
id
search
form
class
header
search
form
action
search
method
search
input
class
header
search
form
query
type
search
name
value
autocorrect
off
autocapitalize
off
autocomplete
off
spellcheck
false
search
source
srcset
https://caltech-prod.s3.amazonaws.com/main/images/Jorgensen-Hallw.2e16d0ba.fill-1600x900-c100.format-avif.avif
type
image
avif
media
min
width
px
source
srcset
https://caltech-prod.s3.amazonaws.com/main/images/Jorgensen-Hallway.2e16d0ba.fill-1600x900-c100.jpg
media
min
width
px
source
srcset
https://caltech-prod.s3.amazonaws.com/main/images/Jorgensen-Hallwa.2e16d0ba.fill-425x239-c100.format-avif.avif
type
image
avif
source
srcset
https://caltech-prod.s3.amazonaws.com/main/images/Jorgensen-Hallway.2e16d0ba.fill-425x239-c100.jpg
img
alt
jorgensen
laboratory
hallway
class
image
carousel
header
image
decoding
async
height
loading
lazy
src
https://caltech-prod.s3.amazonaws.com/main/images/Jorgensen-Hallway.2e16d0ba.fill-1600x900-c100.jpg
width
source
srcset
https://caltech-prod.s3.amazonaws.com/main/images/OVRO.2e16d0ba.fill-1600x900-c100.format-avif.avif
type
image
avif
media
min
width
px
source
srcset
https://caltech-prod.s3.amazonaws.com/main/images/OVRO.2e16d0ba.fill-1600x900-c100.jpg
media
min
width
px
source
srcset
https://caltech-prod.s3.amazonaws.com/main/images/OVRO.2e16d0ba.fill-425x239-c100.format-avif.avif
type
image
avif
source
srcset
https://caltech-prod.s3.amazonaws.com/main/images/OVRO.2e16d0ba.fill-425x239-c100.jpg
img
alt
owens
valley
radio
observatory
class
image
carousel
header
image
decoding
async
height
loading
lazy
src
https://caltech-prod.s3.amazonaws.com/main/images/OVRO.2e16d0ba.fill-1600x900-c100.jpg
width
source
srcset
https://caltech-prod.s3.amazonaws.com/main/images/GALCIT.2e16d0ba.fill-1600x900-c100.format-avif.avif
type
image
avif
media
min
width
px
source
srcset
https://caltech-prod.s3.amazonaws.com/main/images/GALCIT.2e16d0ba.fill-1600x900-c100.jpg
media
min
width
px
source
srcset
https://caltech-prod.s3.amazonaws.com/main/images/GALCIT.2e16d0ba.fill-425x239-c100.format-avif.avif
type
image
avif
source
srcset
https://caltech-prod.s3.amazonaws.com/main/images/GALCIT.2e16d0ba.fill-425x239-c100.jpg
img
alt
laboratory
class
image
carousel
header
image
decoding
async
height
loading
lazy
src
https://caltech-prod.s3.amazonaws.com/main/images/GALCIT.2e16d0ba.fill-1600x900-c100.jpg
width
source
srcset
https://caltech-prod.s3.amazonaws.com/main/images/Palomar-Observa.2e16d0ba.fill-1600x900-c100.format-avif.avif
type
image
avif
media
min
width
px
source
srcset
https://caltech-prod.s3.amazonaws.com/main/images/Palomar-Observatory.2e16d0ba.fill-1600x900-c100.jpg
media
min
width
px
source
srcset
https://caltech-prod.s3.amazonaws.com/main/images/Palomar-Observat.2e16d0ba.fill-425x239-c100.format-avif.avif
type
image
avif
source
srcset
https://caltech-prod.s3.amazonaws.com/main/images/Palomar-Observatory.2e16d0ba.fill-425x239-c100.jpg
img
alt
palomar
observatory
class
image
carousel
header
image
decoding
async
height
loading
lazy
src
https://caltech-prod.s3.amazonaws.com/main/images/Palomar-Observatory.2e16d0ba.fill-1600x900-c100.jpg
width
source
srcset
https://caltech-prod.s3.amazonaws.com/main/images/CAST-Media_Tour.2e16d0ba.fill-1600x900-c100.format-avif.avif
type
image
avif
media
min
width
px
source
srcset
https://caltech-prod.s3.amazonaws.com/main/images/CAST-Media_Tour-9768.2e16d0ba.fill-1600x900-c100.jpg
media
min
width
px
source
srcset
https://caltech-prod.s3.amazonaws.com/main/images/CAST-Media_Tour-.2e16d0ba.fill-425x239-c100.format-avif.avif
type
image
avif
source
srcset
https://caltech-prod.s3.amazonaws.com/main/images/CAST-Media_Tour-9768.2e16d0ba.fill-425x239-c100.jpg
img
alt
robotics
laboratory
class
image
carousel
header
image
decoding
async
height
loading
lazy
src
https://caltech-prod.s3.amazonaws.com/main/images/CAST-Media_Tour-9768.2e16d0ba.fill-1600x900-c100.jpg
width
research
centers
and
institutes
slide
1
slide
2
slide
3
slide
4
slide
5
autoplay
carousel
img
class
image
carousel
header
carousel
control
icon
src
static
airspace
img
icon
chevron
white
left
png
alt
previous
img
class
image
carousel
header
carousel
control
icon
src
static
airspace
img
icon
chevron
white
right
png
alt
next
related
pages
img
class
sidebar
menu
block
burger
src
static
wagtail
menu
img
menu
burger
png
alt
open
sidebar
menu
close
class
sidebar
menu
block
level
1
link
href
research
research
academic
divisions
img
class
sidebar
menu
block
level
2
submenu
control
chevron
orange
alt
open
academic
divisions
submenu
src
static
wagtail
menu
img
icon
chevron
orange
png
img
class
sidebar
menu
block
level
2
submenu
control
chevron
white
alt
close
academic
divisions
submenu
src
static
wagtail
menu
img
icon
chevron
white
png
class
sidebar
menu
block
level
3
link
href
http://www.bbe.caltech.edu/
biology
and
biological
engineering
class
sidebar
menu
block
level
3
link
href
http://www.cce.caltech.edu/
chemistry
and
chemical
engineering
class
sidebar
menu
block
level
3
link
href
http://eas.caltech.edu/
engineering
amp
applied
science
class
sidebar
menu
block
level
3
link
href
http://www.gps.caltech.edu/
geological
amp
planetary
sciences
class
sidebar
menu
block
level
3
link
href
http://www.hss.caltech.edu/
humanities
and
social
sciences
class
sidebar
menu
block
level
3
link
href
http://pma.caltech.edu/
physics
mathematics
and
astronomy
class
sidebar
menu
block
level
2
link
href
research
jpl
jet
propulsion
laboratory
class
sidebar
menu
block
level
2
link
href
https://sfp.caltech.edu/
student
research
class
sidebar
menu
block
level
2
link
href
research
centers
institutes
centers
amp
institutes
class
sidebar
menu
block
level
2
link
href
http://innovation.caltech.edu/
technology
transfer
amp
corporate
partnerships
class
sidebar
menu
block
level
2
link
href
http://researchadministration.caltech.edu/
sponsored
research
class
sidebar
menu
block
level
2
link
href
research
research
facilities
research
facilities
class
sidebar
menu
block
level
2
link
href
research
faculty
listing
faculty
listing
caltech
researchers
are
known
for
scientific
inquiry
that
is
bold
innovative
and
impactful
because
they
are
allowed
to
freely
explore
their
best
ideas
these
investigators
are
able
to
further
technology
theory
and
both
fundamental
and
applied
science
among
broad
range
of
research
areas
cross
disciplinary
research
centers
and
institutes
support
collaborations
that
develop
powerful
ideas
and
move
society
forward
astronomy
and
planetary
science
href
https://cpe.caltech.edu/
caltech
center
for
comparative
planetary
evolution
br
href
http://ccm.caltech.edu/
caltech
microanalysis
center
br
href
http://www.ipac.caltech.edu/
infrared
processing
and
analysis
center
br
href
http://kiss.caltech.edu/
keck
institute
for
space
studies
br
href
https://www.ligo.caltech.edu/
laser
interferometer
gravitational
wave
observatory
br
href
https://www.ovro.caltech.edu/
owens
valley
radio
observatory
br
href
http://www.astro.caltech.edu/palomar/homepage.html
palomar
observatory
br
href
http://www.srl.caltech.edu/
space
radiation
laboratory
br
href
http://www.keckobservatory.org/
keck
observatory
chemistry
href
http://beckmaninstitute.caltech.edu/
beckman
institute
br
href
http://cryoem.caltech.edu/
biological
and
cryogenic
transmission
electron
microscopy
br
href
https://clover.caltech.edu/
optogenetics
and
vector
engineering
research
center
br
href
https://fgrc.caltech.edu/index.html
functional
genomics
resource
center
br
href
https://beckmaninstitute.caltech.edu/laser-resource-center/
laser
resource
center
br
href
https://mmrc.caltech.edu/
molecular
materials
resource
center
br
href
http://www.molobs.caltech.edu/
molecular
observatory
br
href
https://beckmaninstitute.caltech.edu/programmable-molecular-technology-center/
programmable
molecular
technology
center
br
href
https://pel.caltech.edu/
proteome
exploration
laboratory
br
href
https://beckmaninstitute.caltech.edu/caltech-center-for-catalysis-and-chemical-synthesis/
center
for
catalysis
and
chemical
synthesis
br
href
https://cce.caltech.edu/research/research-centers/center-molecular-medicine
center
for
molecular
medicine
br
href
http://www.rosen.caltech.edu/
donna
and
benjamin
rosen
bioengineering
center
br
href
http://jacobsinstitute.caltech.edu/
jacobs
institute
for
molecular
engineering
for
medicine
br
href
http://solarfuelshub.org/
joint
center
for
artificial
photosynthesis
br
href
http://resnick.caltech.edu/
resnick
sustainability
institute
computing
and
mathematics
href
https://aimath.org/
american
institute
of
mathematics
br
href
http://cast.caltech.edu/
center
for
autonomous
systems
and
technologies
br
href
http://cd3.caltech.edu/
center
for
data
driven
discovery
3
br
href
https://lindeinstitute.caltech.edu/research/csis
center
for
social
information
sciences
br
href
http://www.cmi.caltech.edu/index.shtml
center
for
the
mathematics
of
information
br
href
http://clima.caltech.edu/
climate
modeling
alliance
br
href
http://ist.caltech.edu/
information
science
and
technology
br
href
http://iqim.caltech.edu/
institute
for
quantum
information
and
matter
br
href
https://merkincenter.caltech.edu/
richard
merkin
center
for
pure
and
applied
mathematics
br
href
http://burkeinstitute.caltech.edu/
walter
burke
institute
for
theoretical
physics
earthquake
science
and
engineering
href
http://ccm.caltech.edu/
caltech
microanalysis
center
br
href
http://cast.caltech.edu/
center
for
autonomous
systems
and
technologies
br
href
https://gmg.sites.caltech.edu/
center
for
geomechanics
and
geohazard
mitigation
br
href
http://csn.caltech.edu/
community
seismic
network
br
href
http://www.seismolab.caltech.edu/
seismological
laboratory
br
href
http://www.scsn.org/
southern
california
seismic
network
br
energy
and
the
environment
href
http://ccm.caltech.edu/
caltech
microanalysis
center
br
href
http://nsl.caltech.edu/home/
center
for
chemical
innovation
br
href
http://microbiology.caltech.edu/CIT_Micro-Who.html
center
for
environmental
microbial
interactions
br
href
http://clima.caltech.edu/
climate
modeling
alliance
br
href
http://solarfuelshub.org/
joint
center
for
artificial
photosynthesis
br
href
http://kiss.caltech.edu/
keck
institute
for
space
studies
br
href
http://www.lmi.caltech.edu/
light
material
interactions
in
energy
conversion
center
br
href
http://resnick.caltech.edu/
resnick
sustainability
institute
br
href
http://www.lindecenter.caltech.edu/
the
ronald
and
maxine
linde
center
for
global
environmental
science
engineering
and
technology
href
http://cast.caltech.edu/
center
for
autonomous
systems
and
technologies
br
href
https://beckmaninstitute.caltech.edu/caltech-center-for-catalysis-and-chemical-synthesis/
center
for
catalysis
and
chemical
synthesis
br
href
http://kni.caltech.edu/
the
kavli
nanoscience
institute
br
href
http://kiss.caltech.edu/
keck
institute
for
space
studies
br
href
http://www.wag.caltech.edu/
materials
and
process
simulation
center
br
human
health
href
http://beckmaninstitute.caltech.edu/
beckman
institute
br
href
http://cryoem.caltech.edu/
biological
and
cryogenic
transmission
electron
microscopy
br
href
https://clover.caltech.edu/
optogenetics
and
vector
engineering
research
center
br
href
https://fgrc.caltech.edu/
functional
genomics
resource
center
br
href
https://beckmaninstitute.caltech.edu/laser-resource-center/
laser
resource
center
br
href
https://mmrc.caltech.edu/
molecular
materials
resource
center
br
href
http://www.molobs.caltech.edu/
molecular
observatory
br
href
https://beckmaninstitute.caltech.edu/programmable-molecular-technology-center/
programmable
molecular
technology
center
br
href
https://pel.caltech.edu/
proteome
exploration
laboratory
br
href
http://microbiology.caltech.edu/CIT_Micro-Who.html
center
for
environmental
microbial
interactions
br
href
http://www.rosen.caltech.edu/
donna
and
benjamin
rosen
bioengineering
center
br
href
http://jacobsinstitute.caltech.edu/
jacobs
institute
for
molecular
engineering
for
medicine
br
href
https://merkin.caltech.edu/
the
merkin
institute
for
translational
research
humanities
href
http://www.einstein.caltech.edu/
einstein
papers
project
br
href
https://www.hss.caltech.edu/research/research-centers-projects/rihst
research
institute
for
the
history
of
science
and
technology
at
caltech
and
the
huntington
br
href
https://www.hss.caltech.edu/research/research-centers-projects/chvc
caltech
huntington
program
in
visual
culture
br
href
http://www.writing.caltech.edu/
hixon
writing
center
neuroscience
href
http://neuroscience.caltech.edu/
tianqiao
and
chrissy
chen
institute
for
neuroscience
at
caltech
br
href
http://cbic.caltech.edu/
caltech
brain
imaging
center
br
href
https://neuroscience.caltech.edu/about/research-centers/center-molecular-and-cellular-neuroscience
center
for
molecular
and
cellular
neuroscience
br
href
https://neuroscience.caltech.edu/about/research-centers/tc-chen-brain-machine-interface-center
amp
chen
brain
machine
interface
center
br
href
https://neuroscience.caltech.edu/about/research-centers/tc-chen-center-social-and-decision-neuroscience
amp
chen
center
for
social
and
decision
neuroscience
br
href
https://neuroscience.caltech.edu/about/research-centers/tc-chen-center-systems-neuroscience
amp
chen
center
for
systems
neuroscience
br
href
http://neuroscience.caltech.edu/education
chen
center
for
neuroscience
education
br
href
http://conte.caltech.edu/
caltech
conte
center
for
neuroscience
br
href
https://swartzcenter.caltech.edu/
swartz
center
for
theoretical
neurobiology
physics
href
http://iqim.caltech.edu/
institute
for
quantum
information
and
matter
br
href
https://www.ligo.caltech.edu/
laser
interferometer
gravitational
wave
observatory
br
href
http://burkeinstitute.caltech.edu/
walter
burke
institute
for
theoretical
physics
social
sciences
href
http://neuroscience.caltech.edu/
tianqiao
and
chrissy
chen
institute
for
neuroscience
at
caltech
br
href
https://cbic.caltech.edu/
caltech
brain
imaging
center
br
href
https://neuroscience.caltech.edu/about/research-centers/tc-chen-center-social-and-decision-neuroscience
amp
chen
center
for
social
and
decision
neuroscience
br
href
https://www.vote.caltech.edu/
caltech
voting
technology
project
br
href
https://lindeinstitute.caltech.edu/research/lcssp
the
ronald
and
maxine
linde
center
for
science
society
and
policy
br
href
https://lindeinstitute.caltech.edu/
the
ronald
and
maxine
linde
institute
of
economic
and
management
sciences
br
href
https://lindeinstitute.caltech.edu/research/csis
center
for
social
information
sciences
br
href
http://lindeinstitute.caltech.edu/research/ctess
center
for
theoretical
and
experimental
social
sciences
img
alt
class
footer
torch
src
static
theme
img
flame
png
img
alt
caltech
class
footer
left
caltech
wordmark
src
static
core
img
caltech
new
logo
png
california
institute
of
technology
img
class
footer
right
map
marker
src
static
theme
img
icon
footerpin
png
alt
east
california
boulevard
pasadena
california
class
footer
menu
link
href
contact
aria
label
contact
us
contact
us
class
footer
menu
link
href
claimed
copyright
infringement
aria
label
claimed
copyright
infringement
claimed
copyright
infringement
class
footer
menu
link
href
privacy
notice
aria
label
privacy
notice
privacy
notice
class
footer
menu
link
href
digital
accessibility
aria
label
digital
accessibility
digital
accessibility
site
content
copyright
copy
script
src
static
theme
js
anchor
js
anchors
options
icon
visible
hover
title
text
right
click
here
and
choose
copy
link
to
get
link
to
this
part
of
the
page
anchors
add
rich
text
1
rich
text
2
rich
text
3
rich
text
4
rich
text
5
rich
text
6
heading
block
