html
html
lang
en
dir
ltr
prefix
og
https://ogp.me/ns
link
rel
canonical
href
news
stories
archives
july
carnegie
mellon
champion
womens
golf
team
travels
to
white
house
link
rel
image
src
href
news
sites
default
files
styles
embedded
max
public
whitehouse
01
jpg
itok
4
meta
property
og
url
content
news
stories
archives
july
carnegie
mellon
champion
womens
golf
team
travels
to
white
house
meta
property
og
image
content
news
sites
default
files
styles
embedded
max
public
whitehouse
01
jpg
itok
4
meta
property
og
image
secure
url
content
news
sites
default
files
styles
embedded
max
public
whitehouse
01
jpg
itok
4
meta
property
og
image
type
content
image
jpeg
meta
name
twitter
image
content
news
sites
default
files
styles
embedded
max
public
whitehouse
01
jpg
itok
4
meta
name
generator
content
drupal
10
https://www.drupal.org
script
type
application
ld
json
context
https://schema.org
graph
type
news
article
id
https://www.cmu.edu/news/stories/archives/2024/july/carnegie-mellon-champion-womens-golf-team-travels-to-white-house
headline
carnegie
mellon
champion
womens
golf
team
travels
to
white
house
description
the
carnegie
mellon
university
women
golf
team
took
part
in
the
second
annual
white
house
college
champions
day
celebration
in
the
nation
capital
on
monday
date
published
date
modified
publisher
type
organization
name
news
logo
type
image
object
representative
of
page
false
url
https://www.cmu.edu/brand/brand-guidelines/images/wordmarksquare-red-600x600.png
width
height
type
college
or
university
id
http://www.cmu.edu/news
url
https://www.cmu.edu/
same
as
https://www.facebook.com/carnegiemellonuniversity
https://twitter.com/cmu_news
https://www.instagram.com/carnegiemellon/
https://www.linkedin.com/school/carnegie-mellon-university/
https://www.youtube.com/carnegiemellonu
name
carnegie
mellon
university
telephone
logo
type
image
object
url
https://www.cmu.edu/brand/brand-guidelines/images/wordmarksquare-red-600x600.png
width
height
alternate
name
carnegie
mellon
address
type
postal
address
street
address
forbes
ave
address
locality
pittsburgh
address
region
postal
code
address
country
script
type
text
javascript
var
data
layer
window
data
layer
window
data
layer
var
site
id
news
var
site
name
news
data
layer
push
site
id
site
id
site
name
site
name
cms
cascade
function
push
gtm
start
new
date
get
time
event
gtm
js
var
get
elements
by
tag
name
0
create
element
dl
data
layer
amp
async
true
src
www
googletagmanager
com
gtm
js
id
dl
parent
node
insert
before
window
document
script
data
layer
link
rel
icon
href
news
themes
cmu
favicon
ico
type
image
vnd
microsoft
icon
carnegie
mellon
champion
womens
golf
team
travels
to
white
house
news
carnegie
mellon
university
link
rel
stylesheet
media
all
href
fonts
googleapis
com
css
family
open
sans
italic
italic
italic
link
rel
stylesheet
media
all
href
news
themes
cmu
dist
css
main
css
sioyzl
link
rel
stylesheet
media
print
href
news
themes
cmu
dist
css
print
css
sioyzl
link
rel
apple
touch
icon
sizes
href
https://www.cmu.edu/news/themes/cmu2019/apple-touch-icon.png
link
rel
icon
type
image
png
sizes
href
https://www.cmu.edu/news/themes/cmu2019/favicon-32x32.png
link
rel
icon
type
image
png
sizes
href
https://www.cmu.edu/news/themes/cmu2019/favicon-16x16.png
link
rel
mask
icon
href
https://www.cmu.edu/news/themes/cmu2019/safari-pinned-tab.svg
color
5
bbad
5
skip
to
main
content
href
https://www.cmu.edu
class
roof
wordmark
link
id
wordmark
carnegie
mellon
university
homepage
use
xlink
href
news
themes
cmu
images
sprite
svg
cmu
wordmark
form
action
https://search.cmu.edu
method
get
class
roof
search
form
search
carnegie
mellon
university
search
use
xlink
href
news
themes
cmu
images
sprite
svg
icon
search
svg
class
icon
menu
width
height
xmlns
http://www.w3.org/2000/svg
viewbox
menu
href
news
news
form
action
https://search.cmu.edu
method
get
class
side
nav
search
form
search
carnegie
mellon
university
search
use
xlink
href
news
themes
cmu
images
sprite
svg
icon
search
href
news
stories
class
side
nav
list
list
item
link
data
drupal
link
system
path
node
6
stories
stories
section
href
news
stories
college
of
engineering
class
side
nav
list
list
item
link
data
drupal
link
system
path
node
college
of
engineering
href
news
stories
college
of
fine
arts
class
side
nav
list
list
item
link
data
drupal
link
system
path
node
college
of
fine
arts
href
news
stories
dietrich
college
of
humanities
social
sciences
class
side
nav
list
list
item
link
data
drupal
link
system
path
node
dietrich
college
of
humanities
amp
social
sciences
href
news
stories
heinz
college
of
information
systems
and
public
policy
class
side
nav
list
list
item
link
data
drupal
link
system
path
node
heinz
college
of
information
systems
and
public
policy
href
news
stories
mellon
college
of
science
class
side
nav
list
list
item
link
data
drupal
link
system
path
node
mellon
college
of
science
href
news
stories
school
of
computer
science
class
side
nav
list
list
item
link
data
drupal
link
system
path
node
school
of
computer
science
href
news
stories
tepper
school
of
business
class
side
nav
list
list
item
link
data
drupal
link
system
path
node
tepper
school
of
business
href
news
stories
archives
class
side
nav
list
list
item
link
data
drupal
link
system
path
node
7
archives
archives
section
href
news
stories
archives
class
side
nav
list
list
item
link
data
drupal
link
system
path
stories
archives
section
href
news
stories
archives
january
class
side
nav
list
list
item
link
data
drupal
link
system
path
stories
archives
january
january
href
news
stories
archives
february
class
side
nav
list
list
item
link
data
drupal
link
system
path
stories
archives
february
february
href
news
stories
archives
march
class
side
nav
list
list
item
link
data
drupal
link
system
path
stories
archives
march
march
href
news
stories
archives
april
class
side
nav
list
list
item
link
data
drupal
link
system
path
stories
archives
april
april
href
news
stories
archives
may
class
side
nav
list
list
item
link
data
drupal
link
system
path
stories
archives
may
may
href
news
stories
archives
june
class
side
nav
list
list
item
link
data
drupal
link
system
path
stories
archives
june
june
href
news
stories
archives
july
class
side
nav
list
list
item
link
data
drupal
link
system
path
stories
archives
july
july
href
news
stories
archives
august
class
side
nav
list
list
item
link
data
drupal
link
system
path
stories
archives
august
august
href
news
stories
archives
class
side
nav
list
list
item
link
data
drupal
link
system
path
stories
archives
section
href
news
stories
archives
january
class
side
nav
list
list
item
link
data
drupal
link
system
path
stories
archives
january
january
href
news
stories
archives
february
class
side
nav
list
list
item
link
data
drupal
link
system
path
stories
archives
february
february
href
news
stories
archives
march
class
side
nav
list
list
item
link
data
drupal
link
system
path
stories
archives
march
march
href
news
stories
archives
april
class
side
nav
list
list
item
link
data
drupal
link
system
path
stories
archives
april
april
href
news
stories
archives
may
class
side
nav
list
list
item
link
data
drupal
link
system
path
stories
archives
may
may
href
news
stories
archives
june
class
side
nav
list
list
item
link
data
drupal
link
system
path
stories
archives
june
june
href
news
stories
archives
july
class
side
nav
list
list
item
link
data
drupal
link
system
path
stories
archives
july
july
href
news
stories
archives
august
class
side
nav
list
list
item
link
data
drupal
link
system
path
stories
archives
august
august
href
news
stories
archives
september
class
side
nav
list
list
item
link
data
drupal
link
system
path
stories
archives
september
september
href
news
stories
archives
october
class
side
nav
list
list
item
link
data
drupal
link
system
path
stories
archives
october
october
href
news
stories
archives
november
class
side
nav
list
list
item
link
data
drupal
link
system
path
stories
archives
november
november
href
news
stories
archives
december
class
side
nav
list
list
item
link
data
drupal
link
system
path
stories
archives
december
december
href
news
stories
archives
class
side
nav
list
list
item
link
data
drupal
link
system
path
stories
archives
section
href
news
stories
archives
january
class
side
nav
list
list
item
link
data
drupal
link
system
path
stories
archives
january
january
href
news
stories
archives
february
class
side
nav
list
list
item
link
data
drupal
link
system
path
stories
archives
february
february
href
news
stories
archives
march
class
side
nav
list
list
item
link
data
drupal
link
system
path
stories
archives
march
march
href
news
stories
archives
april
class
side
nav
list
list
item
link
data
drupal
link
system
path
stories
archives
april
april
href
news
stories
archives
may
class
side
nav
list
list
item
link
data
drupal
link
system
path
stories
archives
may
may
href
news
stories
archives
june
class
side
nav
list
list
item
link
data
drupal
link
system
path
stories
archives
june
june
href
news
stories
archives
july
class
side
nav
list
list
item
link
data
drupal
link
system
path
stories
archives
july
july
href
news
stories
archives
august
class
side
nav
list
list
item
link
data
drupal
link
system
path
stories
archives
august
august
href
news
stories
archives
september
class
side
nav
list
list
item
link
data
drupal
link
system
path
stories
archives
september
september
href
news
stories
archives
october
class
side
nav
list
list
item
link
data
drupal
link
system
path
stories
archives
october
october
href
news
stories
archives
november
class
side
nav
list
list
item
link
data
drupal
link
system
path
stories
archives
november
november
href
news
stories
archives
december
class
side
nav
list
list
item
link
data
drupal
link
system
path
stories
archives
december
december
href
news
stories
archives
class
side
nav
list
list
item
link
data
drupal
link
system
path
stories
archives
section
href
news
stories
archives
january
class
side
nav
list
list
item
link
data
drupal
link
system
path
stories
archives
january
january
href
news
stories
archives
february
class
side
nav
list
list
item
link
data
drupal
link
system
path
stories
archives
february
february
href
news
stories
archives
march
class
side
nav
list
list
item
link
data
drupal
link
system
path
stories
archives
march
march
href
news
stories
archives
april
class
side
nav
list
list
item
link
data
drupal
link
system
path
stories
archives
april
april
href
news
stories
archives
may
class
side
nav
list
list
item
link
data
drupal
link
system
path
stories
archives
may
may
href
news
stories
archives
june
class
side
nav
list
list
item
link
data
drupal
link
system
path
stories
archives
june
june
href
news
stories
archives
july
class
side
nav
list
list
item
link
data
drupal
link
system
path
stories
archives
july
july
href
news
stories
archives
august
class
side
nav
list
list
item
link
data
drupal
link
system
path
stories
archives
august
august
href
news
stories
archives
september
class
side
nav
list
list
item
link
data
drupal
link
system
path
stories
archives
september
september
href
news
stories
archives
october
class
side
nav
list
list
item
link
data
drupal
link
system
path
stories
archives
october
october
href
news
stories
archives
november
class
side
nav
list
list
item
link
data
drupal
link
system
path
stories
archives
november
november
href
news
stories
archives
december
class
side
nav
list
list
item
link
data
drupal
link
system
path
stories
archives
december
december
href
news
stories
archives
class
side
nav
list
list
item
link
data
drupal
link
system
path
stories
archives
section
href
news
stories
archives
january
class
side
nav
list
list
item
link
data
drupal
link
system
path
stories
archives
january
january
href
news
stories
archives
february
class
side
nav
list
list
item
link
data
drupal
link
system
path
stories
archives
february
february
href
news
stories
archives
march
class
side
nav
list
list
item
link
data
drupal
link
system
path
stories
archives
march
march
href
news
stories
archives
april
class
side
nav
list
list
item
link
data
drupal
link
system
path
stories
archives
april
april
href
news
stories
archives
may
class
side
nav
list
list
item
link
data
drupal
link
system
path
stories
archives
may
may
href
news
stories
archives
june
class
side
nav
list
list
item
link
data
drupal
link
system
path
stories
archives
june
june
href
news
stories
archives
july
class
side
nav
list
list
item
link
data
drupal
link
system
path
stories
archives
july
july
href
news
stories
archives
august
class
side
nav
list
list
item
link
data
drupal
link
system
path
stories
archives
august
august
href
news
stories
archives
september
class
side
nav
list
list
item
link
data
drupal
link
system
path
stories
archives
september
september
href
news
stories
archives
october
class
side
nav
list
list
item
link
data
drupal
link
system
path
stories
archives
october
october
href
news
stories
archives
november
class
side
nav
list
list
item
link
data
drupal
link
system
path
stories
archives
november
november
href
news
stories
archives
december
class
side
nav
list
list
item
link
data
drupal
link
system
path
stories
archives
december
december
href
news
stories
archives
class
side
nav
list
list
item
link
data
drupal
link
system
path
stories
archives
section
href
news
stories
archives
january
class
side
nav
list
list
item
link
data
drupal
link
system
path
stories
archives
january
january
href
news
stories
archives
february
class
side
nav
list
list
item
link
data
drupal
link
system
path
stories
archives
february
february
href
news
stories
archives
march
class
side
nav
list
list
item
link
data
drupal
link
system
path
stories
archives
march
march
href
news
stories
archives
april
class
side
nav
list
list
item
link
data
drupal
link
system
path
stories
archives
april
april
href
news
stories
archives
may
class
side
nav
list
list
item
link
data
drupal
link
system
path
stories
archives
may
may
href
news
stories
archives
june
class
side
nav
list
list
item
link
data
drupal
link
system
path
stories
archives
june
june
href
news
stories
archives
july
class
side
nav
list
list
item
link
data
drupal
link
system
path
stories
archives
july
july
href
news
stories
archives
august
class
side
nav
list
list
item
link
data
drupal
link
system
path
stories
archives
august
august
href
news
stories
archives
september
class
side
nav
list
list
item
link
data
drupal
link
system
path
stories
archives
september
september
href
news
stories
archives
october
class
side
nav
list
list
item
link
data
drupal
link
system
path
stories
archives
october
october
href
news
stories
archives
november
class
side
nav
list
list
item
link
data
drupal
link
system
path
stories
archives
november
november
href
news
stories
archives
december
class
side
nav
list
list
item
link
data
drupal
link
system
path
stories
archives
december
december
href
news
stories
archives
class
side
nav
list
list
item
link
data
drupal
link
system
path
stories
archives
section
href
news
stories
archives
january
class
side
nav
list
list
item
link
data
drupal
link
system
path
stories
archives
january
january
href
news
stories
archives
february
class
side
nav
list
list
item
link
data
drupal
link
system
path
stories
archives
february
february
href
news
stories
archives
march
class
side
nav
list
list
item
link
data
drupal
link
system
path
stories
archives
march
march
href
news
stories
archives
april
class
side
nav
list
list
item
link
data
drupal
link
system
path
stories
archives
april
april
href
news
stories
archives
may
class
side
nav
list
list
item
link
data
drupal
link
system
path
stories
archives
may
may
href
news
stories
archives
june
class
side
nav
list
list
item
link
data
drupal
link
system
path
stories
archives
june
june
href
news
stories
archives
july
class
side
nav
list
list
item
link
data
drupal
link
system
path
stories
archives
july
july
href
news
stories
archives
august
class
side
nav
list
list
item
link
data
drupal
link
system
path
stories
archives
august
august
href
news
stories
archives
september
class
side
nav
list
list
item
link
data
drupal
link
system
path
stories
archives
september
september
href
news
stories
archives
october
class
side
nav
list
list
item
link
data
drupal
link
system
path
stories
archives
october
october
href
news
stories
archives
november
class
side
nav
list
list
item
link
data
drupal
link
system
path
stories
archives
november
november
href
news
stories
archives
december
class
side
nav
list
list
item
link
data
drupal
link
system
path
stories
archives
december
december
href
news
stories
archives
class
side
nav
list
list
item
link
data
drupal
link
system
path
stories
archives
section
href
news
stories
archives
january
class
side
nav
list
list
item
link
data
drupal
link
system
path
stories
archives
january
january
href
news
stories
archives
february
class
side
nav
list
list
item
link
data
drupal
link
system
path
stories
archives
february
february
href
news
stories
archives
march
class
side
nav
list
list
item
link
data
drupal
link
system
path
stories
archives
march
march
href
news
stories
archives
april
class
side
nav
list
list
item
link
data
drupal
link
system
path
stories
archives
april
april
href
news
stories
archives
may
class
side
nav
list
list
item
link
data
drupal
link
system
path
stories
archives
may
may
href
news
stories
archives
june
class
side
nav
list
list
item
link
data
drupal
link
system
path
stories
archives
june
june
href
news
stories
archives
july
class
side
nav
list
list
item
link
data
drupal
link
system
path
stories
archives
july
july
href
news
stories
archives
august
class
side
nav
list
list
item
link
data
drupal
link
system
path
stories
archives
august
august
href
news
stories
archives
september
class
side
nav
list
list
item
link
data
drupal
link
system
path
stories
archives
september
september
href
news
stories
archives
october
class
side
nav
list
list
item
link
data
drupal
link
system
path
stories
archives
october
october
href
news
stories
archives
november
class
side
nav
list
list
item
link
data
drupal
link
system
path
stories
archives
november
november
href
news
stories
archives
december
class
side
nav
list
list
item
link
data
drupal
link
system
path
stories
archives
december
december
href
news
stories
archives
class
side
nav
list
list
item
link
data
drupal
link
system
path
stories
archives
section
href
news
stories
archives
january
class
side
nav
list
list
item
link
data
drupal
link
system
path
stories
archives
january
january
href
news
stories
archives
february
class
side
nav
list
list
item
link
data
drupal
link
system
path
stories
archives
february
february
href
news
stories
archives
march
class
side
nav
list
list
item
link
data
drupal
link
system
path
stories
archives
march
march
href
news
stories
archives
april
class
side
nav
list
list
item
link
data
drupal
link
system
path
stories
archives
april
april
href
news
stories
archives
may
class
side
nav
list
list
item
link
data
drupal
link
system
path
stories
archives
may
may
href
news
stories
archives
june
class
side
nav
list
list
item
link
data
drupal
link
system
path
stories
archives
june
june
href
news
stories
archives
july
class
side
nav
list
list
item
link
data
drupal
link
system
path
stories
archives
july
july
href
news
stories
archives
august
class
side
nav
list
list
item
link
data
drupal
link
system
path
stories
archives
august
august
href
news
stories
archives
september
class
side
nav
list
list
item
link
data
drupal
link
system
path
stories
archives
september
september
href
news
stories
archives
october
class
side
nav
list
list
item
link
data
drupal
link
system
path
stories
archives
october
october
href
news
stories
archives
november
class
side
nav
list
list
item
link
data
drupal
link
system
path
stories
archives
november
november
href
news
stories
archives
december
class
side
nav
list
list
item
link
data
drupal
link
system
path
stories
archives
december
december
href
news
stories
archives
class
side
nav
list
list
item
link
data
drupal
link
system
path
stories
archives
section
href
news
stories
archives
january
class
side
nav
list
list
item
link
data
drupal
link
system
path
stories
archives
january
january
href
news
stories
archives
february
class
side
nav
list
list
item
link
data
drupal
link
system
path
stories
archives
february
february
href
news
stories
archives
march
class
side
nav
list
list
item
link
data
drupal
link
system
path
stories
archives
march
march
href
news
stories
archives
april
class
side
nav
list
list
item
link
data
drupal
link
system
path
stories
archives
april
april
href
news
stories
archives
may
class
side
nav
list
list
item
link
data
drupal
link
system
path
stories
archives
may
may
href
news
stories
archives
june
class
side
nav
list
list
item
link
data
drupal
link
system
path
stories
archives
june
june
href
news
stories
archives
july
class
side
nav
list
list
item
link
data
drupal
link
system
path
stories
archives
july
july
href
news
stories
archives
august
class
side
nav
list
list
item
link
data
drupal
link
system
path
stories
archives
august
august
href
news
stories
archives
september
class
side
nav
list
list
item
link
data
drupal
link
system
path
stories
archives
september
september
href
news
stories
archives
october
class
side
nav
list
list
item
link
data
drupal
link
system
path
stories
archives
october
october
href
news
stories
archives
november
class
side
nav
list
list
item
link
data
drupal
link
system
path
stories
archives
november
november
href
news
stories
archives
december
class
side
nav
list
list
item
link
data
drupal
link
system
path
stories
archives
december
december
href
news
stories
archives
class
side
nav
list
list
item
link
data
drupal
link
system
path
stories
archives
section
href
news
stories
archives
january
class
side
nav
list
list
item
link
data
drupal
link
system
path
stories
archives
january
january
href
news
stories
archives
february
class
side
nav
list
list
item
link
data
drupal
link
system
path
stories
archives
february
february
href
news
stories
archives
march
class
side
nav
list
list
item
link
data
drupal
link
system
path
stories
archives
march
march
href
news
stories
archives
april
class
side
nav
list
list
item
link
data
drupal
link
system
path
stories
archives
april
april
href
news
stories
archives
may
class
side
nav
list
list
item
link
data
drupal
link
system
path
stories
archives
may
may
href
news
stories
archives
june
class
side
nav
list
list
item
link
data
drupal
link
system
path
stories
archives
june
june
href
news
stories
archives
july
class
side
nav
list
list
item
link
data
drupal
link
system
path
stories
archives
july
july
href
news
stories
archives
august
class
side
nav
list
list
item
link
data
drupal
link
system
path
stories
archives
august
august
href
news
stories
archives
september
class
side
nav
list
list
item
link
data
drupal
link
system
path
stories
archives
september
september
href
news
stories
archives
october
class
side
nav
list
list
item
link
data
drupal
link
system
path
stories
archives
october
october
href
news
stories
archives
november
class
side
nav
list
list
item
link
data
drupal
link
system
path
stories
archives
november
november
href
news
stories
archives
december
class
side
nav
list
list
item
link
data
drupal
link
system
path
stories
archives
december
december
href
news
stories
archives
class
side
nav
list
list
item
link
data
drupal
link
system
path
stories
archives
section
href
news
stories
archives
january
class
side
nav
list
list
item
link
data
drupal
link
system
path
stories
archives
january
january
href
news
stories
archives
february
class
side
nav
list
list
item
link
data
drupal
link
system
path
stories
archives
february
february
href
news
stories
archives
march
class
side
nav
list
list
item
link
data
drupal
link
system
path
stories
archives
march
march
href
news
stories
archives
april
class
side
nav
list
list
item
link
data
drupal
link
system
path
stories
archives
april
april
href
news
stories
archives
may
class
side
nav
list
list
item
link
data
drupal
link
system
path
stories
archives
may
may
href
news
stories
archives
june
class
side
nav
list
list
item
link
data
drupal
link
system
path
stories
archives
june
june
href
news
stories
archives
july
class
side
nav
list
list
item
link
data
drupal
link
system
path
stories
archives
july
july
href
news
stories
archives
august
class
side
nav
list
list
item
link
data
drupal
link
system
path
stories
archives
august
august
href
news
stories
archives
september
class
side
nav
list
list
item
link
data
drupal
link
system
path
stories
archives
september
september
href
news
stories
archives
october
class
side
nav
list
list
item
link
data
drupal
link
system
path
stories
archives
october
october
href
news
stories
archives
november
class
side
nav
list
list
item
link
data
drupal
link
system
path
stories
archives
november
november
href
news
stories
archives
december
class
side
nav
list
list
item
link
data
drupal
link
system
path
stories
archives
december
december
href
news
stories
archives
class
side
nav
list
list
item
link
data
drupal
link
system
path
stories
archives
section
href
news
stories
archives
january
class
side
nav
list
list
item
link
data
drupal
link
system
path
stories
archives
january
january
href
news
stories
archives
february
class
side
nav
list
list
item
link
data
drupal
link
system
path
stories
archives
february
february
href
news
stories
archives
march
class
side
nav
list
list
item
link
data
drupal
link
system
path
stories
archives
march
march
href
news
stories
archives
april
class
side
nav
list
list
item
link
data
drupal
link
system
path
stories
archives
april
april
href
news
stories
archives
may
class
side
nav
list
list
item
link
data
drupal
link
system
path
stories
archives
may
may
href
news
stories
archives
june
class
side
nav
list
list
item
link
data
drupal
link
system
path
stories
archives
june
june
href
news
stories
archives
july
class
side
nav
list
list
item
link
data
drupal
link
system
path
stories
archives
july
july
href
news
stories
archives
august
class
side
nav
list
list
item
link
data
drupal
link
system
path
stories
archives
august
august
href
news
stories
archives
september
class
side
nav
list
list
item
link
data
drupal
link
system
path
stories
archives
september
september
href
news
stories
archives
october
class
side
nav
list
list
item
link
data
drupal
link
system
path
stories
archives
october
october
href
news
stories
archives
november
class
side
nav
list
list
item
link
data
drupal
link
system
path
stories
archives
november
november
href
news
stories
archives
december
class
side
nav
list
list
item
link
data
drupal
link
system
path
stories
archives
december
december
href
news
stories
archives
class
side
nav
list
list
item
link
data
drupal
link
system
path
stories
archives
section
href
news
stories
archives
january
class
side
nav
list
list
item
link
data
drupal
link
system
path
stories
archives
january
january
href
news
stories
archives
february
class
side
nav
list
list
item
link
data
drupal
link
system
path
stories
archives
february
february
href
news
stories
archives
march
class
side
nav
list
list
item
link
data
drupal
link
system
path
stories
archives
march
march
href
news
stories
archives
april
class
side
nav
list
list
item
link
data
drupal
link
system
path
stories
archives
april
april
href
news
stories
archives
may
class
side
nav
list
list
item
link
data
drupal
link
system
path
stories
archives
may
may
href
news
stories
archives
june
class
side
nav
list
list
item
link
data
drupal
link
system
path
stories
archives
june
june
href
news
stories
archives
july
class
side
nav
list
list
item
link
data
drupal
link
system
path
stories
archives
july
july
href
news
stories
archives
august
class
side
nav
list
list
item
link
data
drupal
link
system
path
stories
archives
august
august
href
news
stories
archives
september
class
side
nav
list
list
item
link
data
drupal
link
system
path
stories
archives
september
september
href
news
stories
archives
october
class
side
nav
list
list
item
link
data
drupal
link
system
path
stories
archives
october
october
href
news
stories
archives
november
class
side
nav
list
list
item
link
data
drupal
link
system
path
stories
archives
november
november
href
news
stories
archives
december
class
side
nav
list
list
item
link
data
drupal
link
system
path
stories
archives
december
december
href
news
experts
class
side
nav
list
list
item
link
data
drupal
link
system
path
experts
experts
href
news
media
contacts
class
side
nav
list
list
item
link
data
drupal
link
system
path
node
1
media
contacts
href
news
podcasts
class
side
nav
list
list
item
link
data
drupal
link
system
path
node
podcasts
href
http://www.cmu.edu/piper/
class
side
nav
list
list
item
link
the
piper
campus
amp
community
news
class
sitebranding
container
sitebranding
sitename
link
href
news
news
main
navigation
href
news
stories
class
header
nav
list
list
item
header
nav
list
list
item
first
child
header
nav
list
list
item
link
data
drupal
link
system
path
node
6
stories
href
news
experts
class
header
nav
list
list
item
header
nav
list
list
item
link
data
drupal
link
system
path
experts
experts
href
news
media
contacts
class
header
nav
list
list
item
header
nav
list
list
item
link
data
drupal
link
system
path
node
1
media
contacts
href
news
podcasts
class
header
nav
list
list
item
header
nav
list
list
item
link
data
drupal
link
system
path
node
podcasts
class
breadcrumbs
list
item
link
breadcrumbs
list
item
link
first
child
href
news
news
class
breadcrumbs
list
item
link
href
news
stories
stories
class
breadcrumbs
list
item
link
href
news
stories
archives
archives
class
breadcrumbs
list
item
link
href
news
stories
archives
class
breadcrumbs
list
item
link
href
news
stories
archives
july
july
carnegie
mellon
champion
womens
golf
team
travels
to
white
house
source
srcset
news
sites
default
files
styles
hero
full
width
tablet
1
public
whitehouse
01
jpg
webp
itok
zf
zcv
1
news
sites
default
files
styles
hero
full
width
tablet
2
public
whitehouse
01
jpg
webp
itok
3
pj
media
max
width
px
and
min
width
px
type
image
webp
width
height
source
srcset
news
sites
default
files
styles
hero
full
width
xl
1
public
whitehouse
01
jpg
webp
itok
2
6
xo
bt
1
news
sites
default
files
styles
hero
full
width
xl
2
public
whitehouse
01
jpg
webp
itok
rk
sg
media
min
width
px
type
image
webp
width
height
source
srcset
news
sites
default
files
styles
hero
full
width
desktop
1
public
whitehouse
01
jpg
webp
itok
roo
1
news
sites
default
files
styles
hero
full
width
desktop
2
public
whitehouse
01
jpg
webp
itok
bdt
yr
2
media
min
width
px
type
image
webp
width
height
source
srcset
news
sites
default
files
styles
hero
full
width
mobile
1
public
whitehouse
01
jpg
webp
itok
8
ylbq
1
news
sites
default
files
styles
hero
full
width
mobile
2
public
whitehouse
01
jpg
webp
itok
jk
0
sz
4
2
media
max
width
px
type
image
webp
width
height
source
srcset
news
sites
default
files
styles
hero
full
width
xs
1
public
whitehouse
01
jpg
webp
itok
1
oc
ep
1
news
sites
default
files
styles
hero
full
width
xs
2
public
whitehouse
01
jpg
webp
itok
3
bd
2
media
max
width
px
type
image
webp
width
height
img
data
focal
point
center
center
class
hero
media
src
news
sites
default
files
styles
hero
full
width
fallback
public
whitehouse
01
jpg
webp
itok
87
width
height
alt
the
women
golf
team
at
the
white
house
loading
lazy
july
24
carnegie
mellon
champion
womens
golf
team
travels
to
white
house
class
social
share
links
item
link
social
share
links
item
link
facebook
link
new
window
target
blank
onclick
window
open
this
href
mywin
left
20
top
20
width
height
toolbar
1
resizable
0
return
false
href
https://www.facebook.com/sharer.php
https
3
2
2
fwww
cmu
edu
2
fnews
2
fstories
2
farchives
2
fjuly
2
fcarnegie
mellon
champion
womens
golf
team
travels
to
white
house
title
share
on
facebook
share
on
facebook
opens
in
new
window
use
xlink
href
news
themes
cmu
images
sprite
svg
icon
facebook
color
class
social
share
links
item
link
social
share
links
item
link
twitter
link
new
window
target
blank
onclick
window
open
this
href
mywin
left
20
top
20
width
height
toolbar
1
resizable
0
return
false
href
https://x.com/intent/tweet
url
https
3
2
2
fwww
cmu
edu
2
fnews
2
fstories
2
farchives
2
fjuly
2
fcarnegie
mellon
champion
womens
golf
team
travels
to
white
house
amp
text
carnegie
20
mellon
20
champion
20
women
99
20
golf
20
team
20
travels
20
to
20
white
20
house
title
share
on
share
on
opens
in
new
window
use
xlink
href
news
themes
cmu
images
sprite
svg
icon
twitter
color
class
social
share
links
item
link
social
share
links
item
link
linkedin
link
new
window
target
blank
onclick
window
open
this
href
mywin
left
20
top
20
width
height
toolbar
1
resizable
0
return
false
href
https://www.linkedin.com/shareArticle
mini
true
amp
url
https
3
2
2
fwww
cmu
edu
2
fnews
2
fstories
2
farchives
2
fjuly
2
fcarnegie
mellon
champion
womens
golf
team
travels
to
white
house
amp
title
carnegie
20
mellon
20
champion
20
women
99
20
golf
20
team
20
travels
20
to
20
white
20
house
amp
source
https://news.pantheon.cmu.edu/
title
share
on
linked
in
share
on
linked
in
opens
in
new
window
use
xlink
href
news
themes
cmu
images
sprite
svg
icon
linkedin
color
print
this
page
use
xlink
href
news
themes
cmu
images
sprite
svg
icon
printer
share
by
email
use
xlink
href
news
themes
cmu
images
sprite
svg
icon
email
media
inquiries
name
mark
fisher
title
university
athletics
data
mail
to
zjsvfure
ng
naqerj
qbg
pzh
qbg
rqh
target
blank
class
icon
wrapper
href
use
xlink
href
news
themes
cmu
images
sprite
svg
icon
email
email
phone
use
xlink
href
news
themes
cmu
images
sprite
svg
icon
phone
the
carnegie
mellon
university
href
https://athletics.cmu.edu/sports/wgolf/index
target
blank
women
golf
team
opens
in
new
window
took
part
in
the
second
annual
white
house
college
champions
day
celebration
in
the
nation
capital
on
monday
president
joe
biden
and
first
lady
jill
biden
extended
invitations
to
teams
from
all
three
divisions
that
won
national
championships
during
the
academic
year
the
event
took
place
on
the
south
lawn
at
the
white
house
with
over
student
athletes
in
attendance
prior
to
the
recognition
the
student
athletes
were
invited
to
white
house
tour
vice
president
kamala
harris
senior
vice
president
of
championships
lynda
tealer
and
florida
state
university
women
soccer
player
jordynn
dudley
addressed
the
championship
teams
iframe
width
height
src
https://www.youtube.com/embed/eujVj7dE3_M
si
xu
0
cv
9
pewdd
title
you
tube
video
player
frameborder
0
allow
accelerometer
autoplay
clipboard
write
encrypted
media
gyroscope
picture
in
picture
web
share
referrerpolicy
strict
origin
when
cross
origin
allowfullscreen
the
university
athletic
association
was
well
represented
at
the
event
which
included
carnegie
mellon
women
golf
emory
university
men
swimming
and
diving
new
york
university
women
basketball
university
of
chicago
men
and
women
tennis
and
washington
university
in
st
louis
women
outdoor
track
and
field
this
may
the
womens
golf
team
href
https://www.cmu.edu/news/stories/archives/2024/may/national-champions-womens-golf-wins-first-ncaa-team-title
won
the
first
division
championship
for
any
women
program
in
university
history
the
tartans
had
seven
members
of
the
team
present
at
the
white
house
alongside
head
coach
dan
rodgers
and
assistant
coach
jason
li
quot
the
white
house
visit
was
truly
once
in
lifetime
experience
said
li
getting
to
walk
through
the
white
house
and
learn
about
the
place
was
truly
special
really
capped
off
great
season
with
memorable
celebration
quot
rising
sophomore
href
https://athletics.cmu.edu/sports/wgolf/2023-24/bios/jadhav_nikita_buqb
target
blank
nikita
jadhav
opens
in
new
window
praised
the
memorable
experience
quot
feel
incredibly
grateful
to
have
been
invited
to
the
white
house
by
the
president
the
tour
of
the
grounds
and
vice
president
harris
speech
were
both
unforgettable
experiences
that
will
stay
with
me
forever
jadhav
said
it
was
deeply
meaningful
to
see
our
hard
work
as
team
acknowledged
and
to
be
among
such
talented
student
athletes
this
experience
was
the
perfect
end
to
an
amazing
first
year
with
the
best
team
and
coaching
staff
could
ask
for
quot
blockquote
class
instagram
media
style
background
border
radius
3
px
border
0
box
shadow
1
px
0
rgba
5
px
10
px
0
rgba
15
margin
1
px
max
width
px
min
width
px
padding
0
width
calc
2
px
data
instgrm
permalink
https://www.instagram.com/p/C9vU8q3v3ew/
utm
source
ig
embed
amp
utm
campaign
loading
data
instgrm
version
14
style
background
line
height
0
padding
text
align
center
text
decoration
none
width
href
https://www.instagram.com/p/C9vU8q3v3ew/
utm
source
ig
embed
amp
utm
campaign
loading
target
blank
svg
width
50
px
height
50
px
viewbox
version
xmlns
xlink
https://www.w3.org/1999/xlink
opens
in
new
window
style
background
line
height
0
padding
text
align
center
text
decoration
none
width
href
https://www.instagram.com/p/C9vU8q3v3ew/
utm
source
ig
embed
amp
utm
campaign
loading
target
blank
view
this
post
on
instagram
opens
in
new
window
style
color
cd
font
family
arial
sans
serif
font
size
14
px
font
style
normal
font
weight
normal
line
height
17
px
text
decoration
none
href
https://www.instagram.com/p/C9vU8q3v3ew/
utm
source
ig
embed
amp
utm
campaign
loading
target
blank
post
shared
by
carnegie
mellon
university
carnegiemellon
opens
in
new
window
script
async
src
www
instagram
com
embed
js
related
content
class
link
box
href
news
stories
archives
may
national
champions
womens
golf
wins
first
ncaa
team
title
source
srcset
news
sites
default
files
styles
photo
grid
half
tablet
1
public
golf
national
champions
webp
itok
6
sz
ur
news
sites
default
files
styles
photo
grid
half
tablet
2
public
golf
national
champions
webp
itok
4
ly
gh
2
media
max
width
px
and
min
width
px
type
image
webp
width
height
source
srcset
news
sites
default
files
styles
photo
grid
half
desktop
1
public
golf
national
champions
webp
itok
ci
nkwye
1
news
sites
default
files
styles
photo
grid
half
desktop
2
public
golf
national
champions
webp
itok
2
media
min
width
px
type
image
webp
width
height
source
srcset
news
sites
default
files
styles
photo
grid
half
mobile
1
public
golf
national
champions
webp
itok
df
km
9
1
news
sites
default
files
styles
photo
grid
half
mobile
2
public
golf
national
champions
webp
itok
7
9
cr
2
media
max
width
px
type
image
webp
width
height
source
srcset
news
sites
default
files
styles
photo
grid
half
xs
1
public
golf
national
champions
webp
itok
ua
5
1
news
sites
default
files
styles
photo
grid
half
xs
2
public
golf
national
champions
webp
itok
4
0
ia
2
media
max
width
px
type
image
webp
width
height
img
data
focal
point
center
center
src
news
sites
default
files
styles
photo
grid
half
fallback
public
golf
national
champions
webp
itok
tu
4
width
height
alt
the
women
golf
team
with
their
championship
trophy
loading
lazy
womens
golf
wins
first
team
title
class
link
box
href
news
stories
archives
may
mens
golf
national
runner
up
at
ncaa
championships
source
srcset
news
sites
default
files
styles
photo
grid
half
tablet
1
public
golf
national
runner
up
webp
itok
ov
nk
sn
1
news
sites
default
files
styles
photo
grid
half
tablet
2
public
golf
national
runner
up
webp
itok
1
7
2
media
max
width
px
and
min
width
px
type
image
webp
width
height
source
srcset
news
sites
default
files
styles
photo
grid
half
desktop
1
public
golf
national
runner
up
webp
itok
ld
0
iyh
1
news
sites
default
files
styles
photo
grid
half
desktop
2
public
golf
national
runner
up
webp
itok
jko
28
cd
2
media
min
width
px
type
image
webp
width
height
source
srcset
news
sites
default
files
styles
photo
grid
half
mobile
1
public
golf
national
runner
up
webp
itok
0
5
1
news
sites
default
files
styles
photo
grid
half
mobile
2
public
golf
national
runner
up
webp
itok
jl
4
ec
media
max
width
px
type
image
webp
width
height
source
srcset
news
sites
default
files
styles
photo
grid
half
xs
1
public
golf
national
runner
up
webp
itok
ru
9
nz
od
1
news
sites
default
files
styles
photo
grid
half
xs
2
public
golf
national
runner
up
webp
itok
0
si
yo
2
media
max
width
px
type
image
webp
width
height
img
data
focal
point
center
center
src
news
sites
default
files
styles
photo
grid
half
fallback
public
golf
national
runner
up
webp
itok
6
xzm
width
height
alt
team
photo
loading
lazy
men
golf
national
runner
up
at
championships
class
link
box
href
news
stories
archives
may
national
champions
mens
golf
wins
the
first
ncaa
team
title
in
cmu
athletics
history
source
srcset
news
sites
default
files
styles
photo
grid
half
tablet
1
public
golf
champions
min
jpg
webp
itok
evo
1
1
news
sites
default
files
styles
photo
grid
half
tablet
2
public
golf
champions
min
jpg
webp
itok
ohy
dw
lr
2
media
max
width
px
and
min
width
px
type
image
webp
width
height
source
srcset
news
sites
default
files
styles
photo
grid
half
desktop
1
public
golf
champions
min
jpg
webp
itok
4
5
1
news
sites
default
files
styles
photo
grid
half
desktop
2
public
golf
champions
min
jpg
webp
itok
ctcx
pq
2
media
min
width
px
type
image
webp
width
height
source
srcset
news
sites
default
files
styles
photo
grid
half
mobile
1
public
golf
champions
min
jpg
webp
itok
zp
1
news
sites
default
files
styles
photo
grid
half
mobile
2
public
golf
champions
min
jpg
webp
itok
ecf
8
to
media
max
width
px
type
image
webp
width
height
source
srcset
news
sites
default
files
styles
photo
grid
half
xs
1
public
golf
champions
min
jpg
webp
itok
yl
gb
1
news
sites
default
files
styles
photo
grid
half
xs
2
public
golf
champions
min
jpg
webp
itok
3
ch
6
fgv
2
media
max
width
px
type
image
webp
width
height
img
data
focal
point
center
center
src
news
sites
default
files
styles
photo
grid
half
fallback
public
golf
champions
min
jpg
webp
itok
lxq
6
gdl
width
height
alt
men
golf
team
loading
lazy
mens
golf
wins
the
first
team
title
in
athletics
history
iframe
style
display
none
visibility
hidden
height
0
src
https://www.googletagmanager.com/ns.html
id
width
0
class
link
list
item
link
link
new
window
href
http://www.cmu.edu/piper/
target
quot
blank
quot
the
piper
campus
amp
community
news
opens
in
new
window
class
link
list
item
link
link
new
window
href
https://events.cmu.edu/
target
quot
blank
quot
official
events
calendar
opens
in
new
window
forbes
avenue
pittsburgh
href
https://www.cmu.edu/
carnegie
mellon
university
href
https://www.cmu.edu/legal/
target
blank
legal
info
class
social
media
item
link
href
https://www.facebook.com/carnegiemellonu
target
blank
facebook
opens
in
new
window
use
xlink
href
news
themes
cmu
images
sprite
svg
icon
facebook
class
social
media
item
link
href
https://www.twitter.com/carnegiemellon
target
blank
twitter
opens
in
new
window
use
xlink
href
news
themes
cmu
images
sprite
svg
icon
twitter
class
social
media
item
link
href
https://www.linkedin.com/edu/school
id
target
blank
linkedin
opens
in
new
window
use
xlink
href
news
themes
cmu
images
sprite
svg
icon
linkedin
class
social
media
item
link
href
https://www.youtube.com/cmu
target
blank
youtube
opens
in
new
window
use
xlink
href
news
themes
cmu
images
sprite
svg
icon
youtube
class
social
media
item
link
href
https://www.cmu.edu/news/feeds/news.rss
target
blank
rss
opens
in
new
window
use
xlink
href
news
themes
cmu
images
sprite
svg
icon
rss
class
social
media
item
link
href
https://www.instagram.com/carnegiemellon/
target
blank
instagram
opens
in
new
window
use
xlink
href
news
themes
cmu
images
sprite
svg
icon
instagram
class
social
media
item
link
href
https://www.cmu.edu/social-media/
target
blank
more
opens
in
new
window
use
xlink
href
news
themes
cmu
images
sprite
svg
icon
more
window
data
layer
window
data
layer
window
data
layer
push
language
en
country
site
title
news
entity
field
byline
entity
created
entity
langcode
en
entity
status
1
entity
uid
18
entity
uuid
5
dcbfc
ce
ba
48
aed
0
afb
9
entity
vid
entity
type
node
entity
bundle
article
entity
id
entity
title
carnegie
mellon
champion
womens
golf
team
travels
to
white
house
entity
taxonomy
cmu
categories
28
students
site
name
news
site
id
news
site
theme
cmu
environment
live
cms
drupal
cms
version
6
publication
date
24
page
type
article
cmu
categories
students
script
type
application
json
data
drupal
selector
drupal
settings
json
path
base
url
path
prefix
current
path
node
current
path
is
admin
false
is
front
false
current
language
en
plural
delimiter
suppress
deprecation
errors
true
data
layer
default
lang
en
languages
en
id
en
name
english
direction
ltr
weight
0
user
uid
0
permissions
hash
aa
9
fd
56
ea
fa
script
src
news
core
misc
drupal
settings
loader
js
6
script
src
news
core
misc
drupal
js
6
script
src
news
core
misc
drupal
init
js
6
script
src
https://unpkg.com/web-vitals/dist/web-vitals.iife.js
script
src
news
modules
custom
cmu
datalayer
js
cmu
datalayer
js
1
script
src
news
modules
contrib
datalayer
js
datalayer
js
1
script
src
news
themes
cmu
dist
js
main
js
1
script
src
news
modules
contrib
obfuscate
email
js
obfuscate
email
js
6
scroll
to
top
