html
meta
charset
utf
8
meta
content
edge
http
equiv
compatible
meta
content
width
device
width
initial
scale
name
viewport
july
news
carnegie
mellon
university
meta
content
july
name
description
meta
content
carnegie
mellon
university
name
author
meta
content
july
news
carnegie
mellon
university
property
og
title
meta
content
july
property
og
description
meta
content
website
property
og
type
meta
content
http://www.cmu.edu/news/stories/archives/2015/july/index.html
property
og
url
meta
data
site
id
external
news
2
id
site
id
link
href
fonts
googleapis
com
css
family
open
sans
italic
italic
italic
rel
stylesheet
type
text
css
link
href
www
cmu
edu
common
standard
6
css
main
min
css
media
screen
rel
stylesheet
type
text
css
link
href
www
cmu
edu
common
standard
6
css
print
min
css
media
print
rel
stylesheet
type
text
css
link
href
www
cmu
edu
favicon
ico
rel
icon
link
href
www
cmu
edu
favicon
png
rel
apple
touch
icon
precomposed
meta
content
name
msapplication
tile
color
meta
content
www
cmu
edu
favicon
png
name
msapplication
tile
image
var
data
layer
window
data
layer
window
data
layer
var
site
id
document
get
element
by
id
site
id
get
attribute
data
site
id
var
site
name
site
id
replace
data
layer
push
site
id
site
id
site
name
site
name
cms
cascade
function
push
gtm
start
new
date
get
time
event
gtm
js
var
get
elements
by
tag
name
0
create
element
dl
data
layer
amp
async
true
src
www
googletagmanager
com
gtm
js
id
dl
parent
node
insert
before
window
document
script
data
layer
meta
content
property
fb
pages
iframe
height
0
src
https://www.googletagmanager.com/ns.html
id
style
display
none
visibility
hidden
width
0
class
wordmark
href
www
cmu
edu
carnegie
mellon
university
form
action
https://search.cmu.edu
class
search
search
form
method
get
name
custom
form
input
id
id
form
id
name
form
id
type
hidden
value
basic
form
input
id
site
name
site
type
hidden
value
input
id
id
ie
name
ie
type
hidden
value
8
search
input
aria
label
search
id
id
name
placeholder
search
search
search
this
site
only
input
checked
checked
name
site
type
checkbox
value
external
news
2
href
index
html
news
href
index
html
news
href
index
html
stories
href
index
html
archives
href
index
html
july
script
type
text
javascript
function
add
load
event
func
var
oldonload
window
onload
if
typeof
window
onload
function
window
onload
func
else
window
onload
function
if
oldonload
oldonload
func
learn
lab
thursday
july
30
learn
lab
international
researchers
visited
to
design
set
up
and
run
technology
enhanced
learning
experiments
div
aria
label
soccer
robots
class
img
role
img
style
background
image
url
images
robocup
field
min
jpg
tuesday
july
28
soccer
playing
robots
score
fifth
international
robo
cup
win
carnegie
mellon
university
robot
soccer
team
took
home
its
fifth
world
championship
without
allowing
single
goal
at
the
robo
cup
on
july
22
in
hefei
china
div
aria
label
building
class
img
role
img
style
background
image
url
images
sei
bldg
min
jpg
jpeg
tuesday
july
28
software
engineering
institute
contract
renewed
by
department
of
defense
for
billion
the
contract
ensures
that
the
will
continue
to
support
the
nation
defense
by
advancing
and
transitioning
the
science
technologies
and
practices
needed
to
engineer
and
secure
software
systems
div
class
hide
filterable
data
img
images
scott
mory
min
jpg
jpeg
scott
mory
to
join
carnegie
mellon
as
vice
president
for
university
advancement
tuesday
july
28
scott
mory
to
join
carnegie
mellon
as
vice
president
for
university
advancement
mory
associate
senior
vice
president
and
director
of
the
university
of
southern
california
6
billion
campaign
will
lead
the
university
alumni
engagement
and
fundraising
efforts
div
class
hide
filterable
data
img
images
man
in
car
min
jpeg
study
finds
state
vehicle
safety
inspections
should
continue
monday
july
27
study
finds
state
vehicle
safety
inspections
should
continue
pennsylvania
legislators
have
been
trying
to
phase
out
passenger
vehicle
safety
inspection
programs
but
study
published
by
researchers
has
concluded
that
the
arguments
are
based
on
the
wrong
numbers
how
sweet
the
sound
monday
july
27
how
sweet
the
sound
two
alumni
are
on
broadway
sharing
the
journey
of
amazing
grace
sunny
days
for
sonia
friday
july
24
sunny
days
for
sonia
after
more
than
40
years
of
playing
maria
on
sesame
street
alumna
is
moving
on
div
class
hide
filterable
data
img
images
medtronics
jpg
min
jpeg
approves
robot
developed
at
carnegie
mellon
for
surgical
procedures
thursday
july
23
approves
robot
developed
at
carnegie
mellon
for
surgical
procedures
the
flex
amp
amp
robotic
system
based
on
the
research
of
howie
choset
enables
surgeons
to
access
and
visualize
hard
to
reach
anatomical
locations
through
the
mouth
5
of
project
management
wednesday
july
22
5
of
project
management
alumni
of
carnegie
mellon
university
have
developed
product
to
help
keep
small
businesses
organized
energetic
leader
tuesday
july
21
energetic
leader
double
graduate
joseph
hezir
credits
his
education
for
preparing
him
to
serve
as
the
chief
financial
officer
for
the
department
of
energy
div
class
hide
filterable
data
img
images
virus
portal
image
min
jpg
scientists
identify
achilles
heel
of
virus
tough
outer
shell
monday
july
20
scientists
identify
achilles
heel
of
virus
tough
outer
shell
the
findings
pinpoint
the
weakest
part
of
the
viral
shell
and
provide
potential
new
target
for
interfering
with
the
viral
life
cycle
look
ma
no
hands
friday
july
17
look
ma
no
hands
when
vehicle
steered
itself
across
the
20
years
ago
researchers
saw
six
legged
steer
gave
reporter
lift
and
met
jay
leno
div
class
hide
filterable
data
img
images
leafvsprius
min
jpg
which
vehicle
holds
smallest
carbon
footprint
thursday
july
16
which
vehicle
holds
smallest
carbon
footprint
carnegie
mellon
study
says
in
some
regions
of
the
electric
vehicles
are
greener
but
in
other
regions
hybrids
are
div
class
hide
filterable
data
img
images
better
networks
min
jpg
jpeg
neuroscience
based
algorithms
make
for
better
networks
thursday
july
16
neuroscience
based
algorithms
make
for
better
networks
researchers
from
and
the
salk
institute
for
biological
studies
have
for
the
first
time
determined
the
rate
at
which
the
developing
brain
eliminates
unneeded
connections
between
neurons
during
early
childhood
4
summer
institute
thursday
july
16
4
summer
institute
printing
tissue
to
mimic
mechanics
of
the
brain
sounds
like
science
fiction
but
interdisciplinary
collaboration
through
groups
like
4
could
make
the
idea
reality
div
class
hide
filterable
data
img
images
solarpower
min
jpeg
scott
institute
to
co
host
regional
clean
energy
competitions
wednesday
july
15
scott
institute
to
co
host
regional
clean
energy
competitions
scott
institute
will
lead
team
that
runs
one
of
eight
university
focused
clean
energy
technology
competitions
each
year
for
the
next
three
years
div
class
hide
filterable
data
img
images
viswanathan
news
brief
chart
min
jpeg
research
team
improves
lithium
air
batteries
for
electric
car
industry
tuesday
july
14
research
team
improves
lithium
air
batteries
for
electric
car
industry
research
team
from
and
berkeley
has
found
that
blending
together
different
types
of
salts
in
the
electrolytes
within
lithium
air
batteries
can
increase
the
batteries
capacity
while
preserving
their
ability
to
be
recharged
div
class
hide
filterable
data
img
images
hughes
min
jpeg
thomas
hughes
returns
to
friday
july
10
thomas
hughes
returns
to
thomas
hughes
joined
july
1
as
associate
director
of
the
frank
ratchye
for
creative
inquiry
within
the
college
of
fine
arts
india
digital
frontier
friday
july
10
india
digital
frontier
who
has
smartphone
with
billion
new
users
poised
to
go
online
in
india
alumni
trade
ideas
about
technology
policy
and
opportunity
div
class
hide
filterable
data
img
images
internetofthingsbusstop
min
jpg
leads
google
expedition
to
create
technology
for
internet
of
things
thursday
july
09
leads
google
expedition
to
create
technology
for
internet
of
things
will
turn
its
campus
into
living
laboratory
for
google
funded
multi
university
expedition
to
create
robust
platform
that
will
enable
internet
connected
sensors
gadgets
and
buildings
to
communicate
with
each
other
questioning
the
fairness
of
targeting
ads
online
tuesday
july
07
questioning
the
fairness
of
targeting
ads
online
significantly
fewer
women
than
men
were
shown
online
ads
promising
them
help
getting
jobs
paying
more
than
raising
questions
about
the
fairness
of
targeting
ads
online
according
to
experiments
load
complete
tuesday
july
07
load
complete
brother
and
sister
both
graduates
of
entertainment
technology
center
team
up
and
thrive
in
south
korea
silicon
valley
div
class
hide
filterable
data
img
images
brainhub
jpg
min
jpeg
brain
hub
research
projects
receive
pro
funding
monday
july
06
brain
hub
research
projects
receive
pro
funding
the
projects
range
from
creating
advanced
diagnostics
for
mild
traumatic
brain
injury
to
studying
how
the
brain
responds
to
mechanical
stimuli
div
class
hide
filterable
data
img
images
india
min
min
jpg
from
india
science
and
engineering
research
board
to
support
ph
students
saturday
july
04
from
india
science
and
engineering
research
board
to
support
ph
students
the
agreement
calls
for
million
in
fellowships
over
the
next
five
years
which
will
support
indian
students
seeking
advanced
degrees
at
in
science
math
and
engineering
new
partnership
in
india
saturday
july
04
new
partnership
in
india
as
part
of
president
suresh
first
official
visit
to
india
and
the
indian
government
are
creating
fellowships
for
indian
students
moon
arts
ark
thursday
july
02
moon
arts
ark
multidisciplinary
team
from
will
transport
elements
of
humanity
via
the
arts
to
outer
space
div
class
hide
filterable
data
img
images
barraclough
min
jpg
tepper
school
of
business
appoints
new
head
of
program
wednesday
july
01
tepper
school
of
business
appoints
new
head
of
program
kate
barraclough
will
provide
strategic
direction
for
the
tepper
school
top
ranked
program
and
represent
the
program
to
current
and
prospective
students
user
expedition
wednesday
july
01
user
expedition
when
travelers
visit
expedia
website
they
may
find
it
assuring
to
know
that
rebecca
shore
has
traveled
the
path
before
them
load
more
articles
href
http://www.cmu.edu/piper/
target
blank
the
piper
campus
amp
community
news
href
http://www.cmu.edu/events
target
blank
official
events
calendar
carnegie
mellon
university
br
forbes
avenue
br
pittsburgh
br
br
href
www
cmu
edu
legal
target
blank
legal
info
href
www
cmu
edu
www
cmu
edu
carnegie
mellon
university
class
facebook
href
http://www.facebook.com/carnegiemellonu
target
blank
on
facebook
class
twitter
href
http://www.twitter.com/carnegiemellon
target
blank
on
twitter
class
linkedin
href
https://www.linkedin.com/edu/school
id
target
blank
on
linked
in
class
youtube
href
http://www.youtube.com/cmu
target
blank
you
tube
channel
class
rss
href
http://www.cmu.edu/news/feeds/news.rss
target
blank
feed
class
instagram
href
https://www.instagram.com/carnegiemellon/
target
blank
on
instagram
class
more
href
http://www.cmu.edu/social-media/
target
self
title
more
social
networks
social
media
directory
href
index
html
target
self
stories
href
cit
html
target
self
college
of
engineering
href
cfa
html
target
self
college
of
fine
arts
href
hss
html
target
self
dietrich
college
of
humanities
amp
social
sciences
href
hnz
html
target
self
heinz
college
of
information
systems
and
public
policy
href
mcs
html
target
self
mellon
college
of
science
href
scs
html
target
self
school
of
computer
science
href
tpr
html
target
self
tepper
school
of
business
href
index
html
target
self
archives
href
index
html
target
self
href
march
index
html
target
self
march
href
february
index
html
target
self
february
href
january
index
html
target
self
january
href
index
html
target
self
href
december
index
html
target
self
december
href
november
index
html
target
self
november
href
october
index
html
target
self
october
href
september
index
html
target
self
september
href
august
index
html
target
self
august
href
july
index
html
target
self
july
href
june
index
html
target
self
june
href
may
index
html
target
self
may
href
april
index
html
target
self
april
href
march
index
html
target
self
march
href
february
index
html
target
self
february
href
january
index
html
target
self
january
href
index
html
target
self
href
december
index
html
target
self
december
href
november
index
html
target
self
november
href
october
index
html
target
self
october
href
september
index
html
target
self
september
href
august
index
html
target
self
august
href
july
index
html
target
self
july
href
june
index
html
target
self
june
href
may
index
html
target
self
may
href
april
index
html
target
self
april
href
march
index
html
target
self
march
href
february
index
html
target
self
february
href
january
index
html
target
self
january
href
index
html
target
self
href
december
index
html
target
self
december
href
november
index
html
target
self
november
href
october
index
html
target
self
october
href
september
index
html
target
self
september
href
august
index
html
target
self
august
href
july
index
html
target
self
july
href
june
index
html
target
self
june
href
may
index
html
target
self
may
href
april
index
html
target
self
april
href
march
index
html
target
self
march
href
february
index
html
target
self
february
href
january
index
html
target
self
january
href
index
html
target
self
href
january
index
html
target
self
january
href
february
index
html
target
self
february
href
march
index
html
target
self
march
href
april
index
html
target
self
april
href
may
index
html
target
self
may
href
june
index
html
target
self
june
href
july
index
html
target
self
july
href
august
index
html
target
self
august
href
september
index
html
target
self
september
href
october
index
html
target
self
october
href
november
index
html
target
self
november
href
december
index
html
target
self
december
href
index
html
target
self
href
january
index
html
target
self
january
href
february
index
html
target
self
february
href
march
index
html
target
self
march
href
april
index
html
target
self
april
href
may
index
html
target
self
may
href
june
index
html
target
self
june
href
july
index
html
target
self
july
href
august
index
html
target
self
august
href
september
index
html
target
self
september
href
october
index
html
target
self
october
href
november
index
html
target
self
november
href
december
index
html
target
self
december
href
index
html
target
self
href
january
index
html
target
self
january
href
february
index
html
target
self
february
href
march
index
html
target
self
march
href
april
index
html
target
self
april
href
may
index
html
target
self
may
href
june
index
html
target
self
june
july
href
august
index
html
target
self
august
href
september
index
html
target
self
september
href
october
index
html
target
self
october
href
november
index
html
target
self
november
href
december
index
html
target
self
december
href
index
html
target
self
href
january
index
html
target
self
january
href
february
index
html
target
self
february
href
march
index
html
target
self
march
href
april
index
html
target
self
april
href
may
index
html
target
self
may
href
june
index
html
target
self
june
href
july
index
html
target
self
july
href
august
index
html
target
self
august
href
september
index
html
target
self
september
href
october
index
html
target
self
october
href
november
index
html
target
self
november
href
december
index
html
target
self
december
href
index
html
target
self
href
january
index
html
target
self
january
href
february
index
html
target
self
february
href
march
index
html
target
self
march
href
april
index
html
target
self
april
href
may
index
html
target
self
may
href
june
index
html
target
self
june
href
july
index
html
target
self
july
href
august
index
html
target
self
august
href
september
index
html
target
self
september
href
october
index
html
target
self
october
href
november
index
html
target
self
november
href
december
index
html
target
self
december
href
index
html
target
self
href
january
index
html
target
self
january
href
february
index
html
target
self
february
href
march
index
html
target
self
march
href
april
index
html
target
self
april
href
may
index
html
target
self
may
href
june
index
html
target
self
june
href
july
index
html
target
self
july
href
august
index
html
target
self
august
href
september
index
html
target
self
september
href
october
index
html
target
self
october
href
november
index
html
target
self
november
href
december
index
html
target
self
december
href
index
html
target
self
href
january
index
html
target
self
january
href
february
index
html
target
self
february
href
march
index
html
target
self
march
href
april
index
html
target
self
april
href
may
index
html
target
self
may
href
june
index
html
target
self
june
href
july
index
html
target
self
july
href
august
index
html
target
self
august
href
september
index
html
target
self
september
href
october
index
html
target
self
october
href
november
index
html
target
self
november
href
december
index
html
target
self
december
href
media
highlights
index
html
target
self
media
highlights
href
media
resources
index
html
target
self
media
resources
href
media
resources
experts
alphabetical
html
target
self
experts
alphabetical
href
media
resources
experts
by
topic
html
target
self
experts
by
topic
href
contact
index
html
target
self
contact
us
class
external
href
http://www.cmu.edu/piper/
target
blank
the
piper
campus
amp
community
news
script
src
www
cmu
edu
common
standard
6
js
list
min
js
type
text
javascript
script
src
www
cmu
edu
common
standard
6
js
jquery
1
min
js
type
text
javascript
script
src
www
cmu
edu
common
standard
6
js
main
min
js
type
text
javascript
script
src
www
cmu
edu
news
js
custom
js
type
text
javascript
