html
html
lang
en
dir
ltr
prefix
og
https://ogp.me/ns
link
rel
canonical
href
news
stories
archives
june
meta
property
og
url
content
https://cmu.edu/news/stories/archives/2022/june
meta
name
generator
content
drupal
10
https://www.drupal.org
script
type
application
ld
json
context
https://schema.org
graph
type
college
or
university
id
http://www.cmu.edu/news
url
https://www.cmu.edu/
same
as
https://www.facebook.com/carnegiemellonuniversity
https://twitter.com/cmu_news
https://www.instagram.com/carnegiemellon/
https://www.linkedin.com/school/carnegie-mellon-university/
https://www.youtube.com/carnegiemellonu
name
carnegie
mellon
university
telephone
logo
type
image
object
url
https://www.cmu.edu/brand/brand-guidelines/images/wordmarksquare-red-600x600.png
width
height
alternate
name
carnegie
mellon
address
type
postal
address
street
address
forbes
ave
address
locality
pittsburgh
address
region
postal
code
address
country
link
rel
icon
href
news
themes
cmu
favicon
ico
type
image
vnd
microsoft
icon
june
news
carnegie
mellon
university
link
rel
stylesheet
media
all
href
fonts
googleapis
com
css
family
open
sans
italic
italic
italic
link
rel
stylesheet
media
all
href
news
themes
cmu
dist
css
main
css
sioyzl
link
rel
stylesheet
media
print
href
news
themes
cmu
dist
css
print
css
sioyzl
link
rel
apple
touch
icon
sizes
href
https://www.cmu.edu/news/themes/cmu2019/apple-touch-icon.png
link
rel
icon
type
image
png
sizes
href
https://www.cmu.edu/news/themes/cmu2019/favicon-32x32.png
link
rel
icon
type
image
png
sizes
href
https://www.cmu.edu/news/themes/cmu2019/favicon-16x16.png
link
rel
mask
icon
href
https://www.cmu.edu/news/themes/cmu2019/safari-pinned-tab.svg
color
5
bbad
5
skip
to
main
content
href
https://www.cmu.edu
class
roof
wordmark
link
id
wordmark
carnegie
mellon
university
homepage
use
xlink
href
news
themes
cmu
images
sprite
svg
cmu
wordmark
form
action
https://search.cmu.edu
method
get
class
roof
search
form
search
carnegie
mellon
university
search
use
xlink
href
news
themes
cmu
images
sprite
svg
icon
search
svg
class
icon
menu
width
height
xmlns
http://www.w3.org/2000/svg
viewbox
menu
href
news
news
form
action
https://search.cmu.edu
method
get
class
side
nav
search
form
search
carnegie
mellon
university
search
use
xlink
href
news
themes
cmu
images
sprite
svg
icon
search
href
news
stories
class
side
nav
list
list
item
link
data
drupal
link
system
path
node
6
stories
stories
section
href
news
stories
college
of
engineering
class
side
nav
list
list
item
link
data
drupal
link
system
path
node
college
of
engineering
href
news
stories
college
of
fine
arts
class
side
nav
list
list
item
link
data
drupal
link
system
path
node
college
of
fine
arts
href
news
stories
dietrich
college
of
humanities
social
sciences
class
side
nav
list
list
item
link
data
drupal
link
system
path
node
dietrich
college
of
humanities
amp
social
sciences
href
news
stories
heinz
college
of
information
systems
and
public
policy
class
side
nav
list
list
item
link
data
drupal
link
system
path
node
heinz
college
of
information
systems
and
public
policy
href
news
stories
mellon
college
of
science
class
side
nav
list
list
item
link
data
drupal
link
system
path
node
mellon
college
of
science
href
news
stories
school
of
computer
science
class
side
nav
list
list
item
link
data
drupal
link
system
path
node
school
of
computer
science
href
news
stories
tepper
school
of
business
class
side
nav
list
list
item
link
data
drupal
link
system
path
node
tepper
school
of
business
href
news
stories
archives
class
side
nav
list
list
item
link
data
drupal
link
system
path
node
7
archives
archives
section
href
news
stories
archives
class
side
nav
list
list
item
link
data
drupal
link
system
path
stories
archives
section
href
news
stories
archives
january
class
side
nav
list
list
item
link
data
drupal
link
system
path
stories
archives
january
january
href
news
stories
archives
february
class
side
nav
list
list
item
link
data
drupal
link
system
path
stories
archives
february
february
href
news
stories
archives
march
class
side
nav
list
list
item
link
data
drupal
link
system
path
stories
archives
march
march
href
news
stories
archives
april
class
side
nav
list
list
item
link
data
drupal
link
system
path
stories
archives
april
april
href
news
stories
archives
may
class
side
nav
list
list
item
link
data
drupal
link
system
path
stories
archives
may
may
href
news
stories
archives
june
class
side
nav
list
list
item
link
data
drupal
link
system
path
stories
archives
june
june
href
news
stories
archives
july
class
side
nav
list
list
item
link
data
drupal
link
system
path
stories
archives
july
july
href
news
stories
archives
august
class
side
nav
list
list
item
link
data
drupal
link
system
path
stories
archives
august
august
href
news
stories
archives
class
side
nav
list
list
item
link
data
drupal
link
system
path
stories
archives
section
href
news
stories
archives
january
class
side
nav
list
list
item
link
data
drupal
link
system
path
stories
archives
january
january
href
news
stories
archives
february
class
side
nav
list
list
item
link
data
drupal
link
system
path
stories
archives
february
february
href
news
stories
archives
march
class
side
nav
list
list
item
link
data
drupal
link
system
path
stories
archives
march
march
href
news
stories
archives
april
class
side
nav
list
list
item
link
data
drupal
link
system
path
stories
archives
april
april
href
news
stories
archives
may
class
side
nav
list
list
item
link
data
drupal
link
system
path
stories
archives
may
may
href
news
stories
archives
june
class
side
nav
list
list
item
link
data
drupal
link
system
path
stories
archives
june
june
href
news
stories
archives
july
class
side
nav
list
list
item
link
data
drupal
link
system
path
stories
archives
july
july
href
news
stories
archives
august
class
side
nav
list
list
item
link
data
drupal
link
system
path
stories
archives
august
august
href
news
stories
archives
september
class
side
nav
list
list
item
link
data
drupal
link
system
path
stories
archives
september
september
href
news
stories
archives
october
class
side
nav
list
list
item
link
data
drupal
link
system
path
stories
archives
october
october
href
news
stories
archives
november
class
side
nav
list
list
item
link
data
drupal
link
system
path
stories
archives
november
november
href
news
stories
archives
december
class
side
nav
list
list
item
link
data
drupal
link
system
path
stories
archives
december
december
href
news
stories
archives
class
side
nav
list
list
item
link
data
drupal
link
system
path
stories
archives
section
href
news
stories
archives
january
class
side
nav
list
list
item
link
data
drupal
link
system
path
stories
archives
january
january
href
news
stories
archives
february
class
side
nav
list
list
item
link
data
drupal
link
system
path
stories
archives
february
february
href
news
stories
archives
march
class
side
nav
list
list
item
link
data
drupal
link
system
path
stories
archives
march
march
href
news
stories
archives
april
class
side
nav
list
list
item
link
data
drupal
link
system
path
stories
archives
april
april
href
news
stories
archives
may
class
side
nav
list
list
item
link
data
drupal
link
system
path
stories
archives
may
may
href
news
stories
archives
june
class
side
nav
list
list
item
link
is
active
data
drupal
link
system
path
stories
archives
june
june
href
news
stories
archives
july
class
side
nav
list
list
item
link
data
drupal
link
system
path
stories
archives
july
july
href
news
stories
archives
august
class
side
nav
list
list
item
link
data
drupal
link
system
path
stories
archives
august
august
href
news
stories
archives
september
class
side
nav
list
list
item
link
data
drupal
link
system
path
stories
archives
september
september
href
news
stories
archives
october
class
side
nav
list
list
item
link
data
drupal
link
system
path
stories
archives
october
october
href
news
stories
archives
november
class
side
nav
list
list
item
link
data
drupal
link
system
path
stories
archives
november
november
href
news
stories
archives
december
class
side
nav
list
list
item
link
data
drupal
link
system
path
stories
archives
december
december
href
news
stories
archives
class
side
nav
list
list
item
link
data
drupal
link
system
path
stories
archives
section
href
news
stories
archives
january
class
side
nav
list
list
item
link
data
drupal
link
system
path
stories
archives
january
january
href
news
stories
archives
february
class
side
nav
list
list
item
link
data
drupal
link
system
path
stories
archives
february
february
href
news
stories
archives
march
class
side
nav
list
list
item
link
data
drupal
link
system
path
stories
archives
march
march
href
news
stories
archives
april
class
side
nav
list
list
item
link
data
drupal
link
system
path
stories
archives
april
april
href
news
stories
archives
may
class
side
nav
list
list
item
link
data
drupal
link
system
path
stories
archives
may
may
href
news
stories
archives
june
class
side
nav
list
list
item
link
data
drupal
link
system
path
stories
archives
june
june
href
news
stories
archives
july
class
side
nav
list
list
item
link
data
drupal
link
system
path
stories
archives
july
july
href
news
stories
archives
august
class
side
nav
list
list
item
link
data
drupal
link
system
path
stories
archives
august
august
href
news
stories
archives
september
class
side
nav
list
list
item
link
data
drupal
link
system
path
stories
archives
september
september
href
news
stories
archives
october
class
side
nav
list
list
item
link
data
drupal
link
system
path
stories
archives
october
october
href
news
stories
archives
november
class
side
nav
list
list
item
link
data
drupal
link
system
path
stories
archives
november
november
href
news
stories
archives
december
class
side
nav
list
list
item
link
data
drupal
link
system
path
stories
archives
december
december
href
news
stories
archives
class
side
nav
list
list
item
link
data
drupal
link
system
path
stories
archives
section
href
news
stories
archives
january
class
side
nav
list
list
item
link
data
drupal
link
system
path
stories
archives
january
january
href
news
stories
archives
february
class
side
nav
list
list
item
link
data
drupal
link
system
path
stories
archives
february
february
href
news
stories
archives
march
class
side
nav
list
list
item
link
data
drupal
link
system
path
stories
archives
march
march
href
news
stories
archives
april
class
side
nav
list
list
item
link
data
drupal
link
system
path
stories
archives
april
april
href
news
stories
archives
may
class
side
nav
list
list
item
link
data
drupal
link
system
path
stories
archives
may
may
href
news
stories
archives
june
class
side
nav
list
list
item
link
data
drupal
link
system
path
stories
archives
june
june
href
news
stories
archives
july
class
side
nav
list
list
item
link
data
drupal
link
system
path
stories
archives
july
july
href
news
stories
archives
august
class
side
nav
list
list
item
link
data
drupal
link
system
path
stories
archives
august
august
href
news
stories
archives
september
class
side
nav
list
list
item
link
data
drupal
link
system
path
stories
archives
september
september
href
news
stories
archives
october
class
side
nav
list
list
item
link
data
drupal
link
system
path
stories
archives
october
october
href
news
stories
archives
november
class
side
nav
list
list
item
link
data
drupal
link
system
path
stories
archives
november
november
href
news
stories
archives
december
class
side
nav
list
list
item
link
data
drupal
link
system
path
stories
archives
december
december
href
news
stories
archives
class
side
nav
list
list
item
link
data
drupal
link
system
path
stories
archives
section
href
news
stories
archives
january
class
side
nav
list
list
item
link
data
drupal
link
system
path
stories
archives
january
january
href
news
stories
archives
february
class
side
nav
list
list
item
link
data
drupal
link
system
path
stories
archives
february
february
href
news
stories
archives
march
class
side
nav
list
list
item
link
data
drupal
link
system
path
stories
archives
march
march
href
news
stories
archives
april
class
side
nav
list
list
item
link
data
drupal
link
system
path
stories
archives
april
april
href
news
stories
archives
may
class
side
nav
list
list
item
link
data
drupal
link
system
path
stories
archives
may
may
href
news
stories
archives
june
class
side
nav
list
list
item
link
data
drupal
link
system
path
stories
archives
june
june
href
news
stories
archives
july
class
side
nav
list
list
item
link
data
drupal
link
system
path
stories
archives
july
july
href
news
stories
archives
august
class
side
nav
list
list
item
link
data
drupal
link
system
path
stories
archives
august
august
href
news
stories
archives
september
class
side
nav
list
list
item
link
data
drupal
link
system
path
stories
archives
september
september
href
news
stories
archives
october
class
side
nav
list
list
item
link
data
drupal
link
system
path
stories
archives
october
october
href
news
stories
archives
november
class
side
nav
list
list
item
link
data
drupal
link
system
path
stories
archives
november
november
href
news
stories
archives
december
class
side
nav
list
list
item
link
data
drupal
link
system
path
stories
archives
december
december
href
news
stories
archives
class
side
nav
list
list
item
link
data
drupal
link
system
path
stories
archives
section
href
news
stories
archives
january
class
side
nav
list
list
item
link
data
drupal
link
system
path
stories
archives
january
january
href
news
stories
archives
february
class
side
nav
list
list
item
link
data
drupal
link
system
path
stories
archives
february
february
href
news
stories
archives
march
class
side
nav
list
list
item
link
data
drupal
link
system
path
stories
archives
march
march
href
news
stories
archives
april
class
side
nav
list
list
item
link
data
drupal
link
system
path
stories
archives
april
april
href
news
stories
archives
may
class
side
nav
list
list
item
link
data
drupal
link
system
path
stories
archives
may
may
href
news
stories
archives
june
class
side
nav
list
list
item
link
data
drupal
link
system
path
stories
archives
june
june
href
news
stories
archives
july
class
side
nav
list
list
item
link
data
drupal
link
system
path
stories
archives
july
july
href
news
stories
archives
august
class
side
nav
list
list
item
link
data
drupal
link
system
path
stories
archives
august
august
href
news
stories
archives
september
class
side
nav
list
list
item
link
data
drupal
link
system
path
stories
archives
september
september
href
news
stories
archives
october
class
side
nav
list
list
item
link
data
drupal
link
system
path
stories
archives
october
october
href
news
stories
archives
november
class
side
nav
list
list
item
link
data
drupal
link
system
path
stories
archives
november
november
href
news
stories
archives
december
class
side
nav
list
list
item
link
data
drupal
link
system
path
stories
archives
december
december
href
news
stories
archives
class
side
nav
list
list
item
link
data
drupal
link
system
path
stories
archives
section
href
news
stories
archives
january
class
side
nav
list
list
item
link
data
drupal
link
system
path
stories
archives
january
january
href
news
stories
archives
february
class
side
nav
list
list
item
link
data
drupal
link
system
path
stories
archives
february
february
href
news
stories
archives
march
class
side
nav
list
list
item
link
data
drupal
link
system
path
stories
archives
march
march
href
news
stories
archives
april
class
side
nav
list
list
item
link
data
drupal
link
system
path
stories
archives
april
april
href
news
stories
archives
may
class
side
nav
list
list
item
link
data
drupal
link
system
path
stories
archives
may
may
href
news
stories
archives
june
class
side
nav
list
list
item
link
data
drupal
link
system
path
stories
archives
june
june
href
news
stories
archives
july
class
side
nav
list
list
item
link
data
drupal
link
system
path
stories
archives
july
july
href
news
stories
archives
august
class
side
nav
list
list
item
link
data
drupal
link
system
path
stories
archives
august
august
href
news
stories
archives
september
class
side
nav
list
list
item
link
data
drupal
link
system
path
stories
archives
september
september
href
news
stories
archives
october
class
side
nav
list
list
item
link
data
drupal
link
system
path
stories
archives
october
october
href
news
stories
archives
november
class
side
nav
list
list
item
link
data
drupal
link
system
path
stories
archives
november
november
href
news
stories
archives
december
class
side
nav
list
list
item
link
data
drupal
link
system
path
stories
archives
december
december
href
news
stories
archives
class
side
nav
list
list
item
link
data
drupal
link
system
path
stories
archives
section
href
news
stories
archives
january
class
side
nav
list
list
item
link
data
drupal
link
system
path
stories
archives
january
january
href
news
stories
archives
february
class
side
nav
list
list
item
link
data
drupal
link
system
path
stories
archives
february
february
href
news
stories
archives
march
class
side
nav
list
list
item
link
data
drupal
link
system
path
stories
archives
march
march
href
news
stories
archives
april
class
side
nav
list
list
item
link
data
drupal
link
system
path
stories
archives
april
april
href
news
stories
archives
may
class
side
nav
list
list
item
link
data
drupal
link
system
path
stories
archives
may
may
href
news
stories
archives
june
class
side
nav
list
list
item
link
data
drupal
link
system
path
stories
archives
june
june
href
news
stories
archives
july
class
side
nav
list
list
item
link
data
drupal
link
system
path
stories
archives
july
july
href
news
stories
archives
august
class
side
nav
list
list
item
link
data
drupal
link
system
path
stories
archives
august
august
href
news
stories
archives
september
class
side
nav
list
list
item
link
data
drupal
link
system
path
stories
archives
september
september
href
news
stories
archives
october
class
side
nav
list
list
item
link
data
drupal
link
system
path
stories
archives
october
october
href
news
stories
archives
november
class
side
nav
list
list
item
link
data
drupal
link
system
path
stories
archives
november
november
href
news
stories
archives
december
class
side
nav
list
list
item
link
data
drupal
link
system
path
stories
archives
december
december
href
news
stories
archives
class
side
nav
list
list
item
link
data
drupal
link
system
path
stories
archives
section
href
news
stories
archives
january
class
side
nav
list
list
item
link
data
drupal
link
system
path
stories
archives
january
january
href
news
stories
archives
february
class
side
nav
list
list
item
link
data
drupal
link
system
path
stories
archives
february
february
href
news
stories
archives
march
class
side
nav
list
list
item
link
data
drupal
link
system
path
stories
archives
march
march
href
news
stories
archives
april
class
side
nav
list
list
item
link
data
drupal
link
system
path
stories
archives
april
april
href
news
stories
archives
may
class
side
nav
list
list
item
link
data
drupal
link
system
path
stories
archives
may
may
href
news
stories
archives
june
class
side
nav
list
list
item
link
data
drupal
link
system
path
stories
archives
june
june
href
news
stories
archives
july
class
side
nav
list
list
item
link
data
drupal
link
system
path
stories
archives
july
july
href
news
stories
archives
august
class
side
nav
list
list
item
link
data
drupal
link
system
path
stories
archives
august
august
href
news
stories
archives
september
class
side
nav
list
list
item
link
data
drupal
link
system
path
stories
archives
september
september
href
news
stories
archives
october
class
side
nav
list
list
item
link
data
drupal
link
system
path
stories
archives
october
october
href
news
stories
archives
november
class
side
nav
list
list
item
link
data
drupal
link
system
path
stories
archives
november
november
href
news
stories
archives
december
class
side
nav
list
list
item
link
data
drupal
link
system
path
stories
archives
december
december
href
news
stories
archives
class
side
nav
list
list
item
link
data
drupal
link
system
path
stories
archives
section
href
news
stories
archives
january
class
side
nav
list
list
item
link
data
drupal
link
system
path
stories
archives
january
january
href
news
stories
archives
february
class
side
nav
list
list
item
link
data
drupal
link
system
path
stories
archives
february
february
href
news
stories
archives
march
class
side
nav
list
list
item
link
data
drupal
link
system
path
stories
archives
march
march
href
news
stories
archives
april
class
side
nav
list
list
item
link
data
drupal
link
system
path
stories
archives
april
april
href
news
stories
archives
may
class
side
nav
list
list
item
link
data
drupal
link
system
path
stories
archives
may
may
href
news
stories
archives
june
class
side
nav
list
list
item
link
data
drupal
link
system
path
stories
archives
june
june
href
news
stories
archives
july
class
side
nav
list
list
item
link
data
drupal
link
system
path
stories
archives
july
july
href
news
stories
archives
august
class
side
nav
list
list
item
link
data
drupal
link
system
path
stories
archives
august
august
href
news
stories
archives
september
class
side
nav
list
list
item
link
data
drupal
link
system
path
stories
archives
september
september
href
news
stories
archives
october
class
side
nav
list
list
item
link
data
drupal
link
system
path
stories
archives
october
october
href
news
stories
archives
november
class
side
nav
list
list
item
link
data
drupal
link
system
path
stories
archives
november
november
href
news
stories
archives
december
class
side
nav
list
list
item
link
data
drupal
link
system
path
stories
archives
december
december
href
news
stories
archives
class
side
nav
list
list
item
link
data
drupal
link
system
path
stories
archives
section
href
news
stories
archives
january
class
side
nav
list
list
item
link
data
drupal
link
system
path
stories
archives
january
january
href
news
stories
archives
february
class
side
nav
list
list
item
link
data
drupal
link
system
path
stories
archives
february
february
href
news
stories
archives
march
class
side
nav
list
list
item
link
data
drupal
link
system
path
stories
archives
march
march
href
news
stories
archives
april
class
side
nav
list
list
item
link
data
drupal
link
system
path
stories
archives
april
april
href
news
stories
archives
may
class
side
nav
list
list
item
link
data
drupal
link
system
path
stories
archives
may
may
href
news
stories
archives
june
class
side
nav
list
list
item
link
data
drupal
link
system
path
stories
archives
june
june
href
news
stories
archives
july
class
side
nav
list
list
item
link
data
drupal
link
system
path
stories
archives
july
july
href
news
stories
archives
august
class
side
nav
list
list
item
link
data
drupal
link
system
path
stories
archives
august
august
href
news
stories
archives
september
class
side
nav
list
list
item
link
data
drupal
link
system
path
stories
archives
september
september
href
news
stories
archives
october
class
side
nav
list
list
item
link
data
drupal
link
system
path
stories
archives
october
october
href
news
stories
archives
november
class
side
nav
list
list
item
link
data
drupal
link
system
path
stories
archives
november
november
href
news
stories
archives
december
class
side
nav
list
list
item
link
data
drupal
link
system
path
stories
archives
december
december
href
news
stories
archives
class
side
nav
list
list
item
link
data
drupal
link
system
path
stories
archives
section
href
news
stories
archives
january
class
side
nav
list
list
item
link
data
drupal
link
system
path
stories
archives
january
january
href
news
stories
archives
february
class
side
nav
list
list
item
link
data
drupal
link
system
path
stories
archives
february
february
href
news
stories
archives
march
class
side
nav
list
list
item
link
data
drupal
link
system
path
stories
archives
march
march
href
news
stories
archives
april
class
side
nav
list
list
item
link
data
drupal
link
system
path
stories
archives
april
april
href
news
stories
archives
may
class
side
nav
list
list
item
link
data
drupal
link
system
path
stories
archives
may
may
href
news
stories
archives
june
class
side
nav
list
list
item
link
data
drupal
link
system
path
stories
archives
june
june
href
news
stories
archives
july
class
side
nav
list
list
item
link
data
drupal
link
system
path
stories
archives
july
july
href
news
stories
archives
august
class
side
nav
list
list
item
link
data
drupal
link
system
path
stories
archives
august
august
href
news
stories
archives
september
class
side
nav
list
list
item
link
data
drupal
link
system
path
stories
archives
september
september
href
news
stories
archives
october
class
side
nav
list
list
item
link
data
drupal
link
system
path
stories
archives
october
october
href
news
stories
archives
november
class
side
nav
list
list
item
link
data
drupal
link
system
path
stories
archives
november
november
href
news
stories
archives
december
class
side
nav
list
list
item
link
data
drupal
link
system
path
stories
archives
december
december
href
news
stories
archives
class
side
nav
list
list
item
link
data
drupal
link
system
path
stories
archives
section
href
news
stories
archives
january
class
side
nav
list
list
item
link
data
drupal
link
system
path
stories
archives
january
january
href
news
stories
archives
february
class
side
nav
list
list
item
link
data
drupal
link
system
path
stories
archives
february
february
href
news
stories
archives
march
class
side
nav
list
list
item
link
data
drupal
link
system
path
stories
archives
march
march
href
news
stories
archives
april
class
side
nav
list
list
item
link
data
drupal
link
system
path
stories
archives
april
april
href
news
stories
archives
may
class
side
nav
list
list
item
link
data
drupal
link
system
path
stories
archives
may
may
href
news
stories
archives
june
class
side
nav
list
list
item
link
data
drupal
link
system
path
stories
archives
june
june
href
news
stories
archives
july
class
side
nav
list
list
item
link
data
drupal
link
system
path
stories
archives
july
july
href
news
stories
archives
august
class
side
nav
list
list
item
link
data
drupal
link
system
path
stories
archives
august
august
href
news
stories
archives
september
class
side
nav
list
list
item
link
data
drupal
link
system
path
stories
archives
september
september
href
news
stories
archives
october
class
side
nav
list
list
item
link
data
drupal
link
system
path
stories
archives
october
october
href
news
stories
archives
november
class
side
nav
list
list
item
link
data
drupal
link
system
path
stories
archives
november
november
href
news
stories
archives
december
class
side
nav
list
list
item
link
data
drupal
link
system
path
stories
archives
december
december
href
news
experts
class
side
nav
list
list
item
link
data
drupal
link
system
path
experts
experts
href
news
media
contacts
class
side
nav
list
list
item
link
data
drupal
link
system
path
node
1
media
contacts
href
news
podcasts
class
side
nav
list
list
item
link
data
drupal
link
system
path
node
podcasts
href
http://www.cmu.edu/piper/
class
side
nav
list
list
item
link
the
piper
campus
amp
community
news
class
sitebranding
container
sitebranding
sitename
link
href
news
news
main
navigation
href
news
stories
class
header
nav
list
list
item
is
active
header
nav
list
list
item
first
child
header
nav
list
list
item
link
data
drupal
link
system
path
node
6
stories
href
news
experts
class
header
nav
list
list
item
header
nav
list
list
item
link
data
drupal
link
system
path
experts
experts
href
news
media
contacts
class
header
nav
list
list
item
header
nav
list
list
item
link
data
drupal
link
system
path
node
1
media
contacts
href
news
podcasts
class
header
nav
list
list
item
header
nav
list
list
item
link
data
drupal
link
system
path
node
podcasts
class
breadcrumbs
list
item
link
breadcrumbs
list
item
link
first
child
href
news
news
class
breadcrumbs
list
item
link
href
news
stories
stories
class
breadcrumbs
list
item
link
href
news
stories
archives
archives
class
breadcrumbs
list
item
link
href
news
stories
archives
june
form
class
views
exposed
form
listing
filter
novalidate
novalidate
data
drupal
selector
views
exposed
form
news
listing
archive
action
news
stories
archives
june
method
get
id
views
exposed
form
news
listing
archive
accept
charset
8
filter
articles
by
type
to
filter
skip
filters
and
go
to
articles
type
to
filter
reset
filters
31
articles
displayed
class
grid
box
link
box
href
news
stories
archives
june
tkacik
named
scott
institute
executive
director
source
srcset
news
sites
default
files
styles
listings
tablet
1
public
stories
archives
june
images
tkacik
scott
institute
min
jpeg
webp
itok
zy
la
1
media
max
width
px
and
min
width
px
type
image
webp
width
height
source
srcset
news
sites
default
files
styles
listings
desktop
1
public
stories
archives
june
images
tkacik
scott
institute
min
jpeg
webp
itok
jj
ts
48
nx
1
media
min
width
px
type
image
webp
width
height
source
srcset
news
sites
default
files
styles
listings
mobile
1
public
stories
archives
june
images
tkacik
scott
institute
min
jpeg
webp
itok
7
sk
media
max
width
px
type
image
webp
width
height
source
srcset
news
sites
default
files
styles
listings
xs
1
public
stories
archives
june
images
tkacik
scott
institute
min
jpeg
webp
itok
5
ze
0
1
media
max
width
px
type
image
webp
width
height
img
class
link
box
image
data
focal
point
center
center
src
news
sites
default
files
styles
listings
desktop
1
public
stories
archives
june
images
tkacik
scott
institute
min
jpeg
webp
itok
jj
ts
48
nx
width
height
alt
tkacik
scott
institute
min
jpeg
loading
lazy
tkacik
named
scott
institute
executive
director
daniel
tkacik
has
been
appointed
as
the
new
executive
director
of
the
wilton
scott
institute
for
energy
innovation
thursday
june
30
class
grid
box
link
box
href
news
stories
archives
june
experts
study
marine
mammals
to
learn
about
human
hearing
source
srcset
news
sites
default
files
styles
listings
tablet
1
public
stories
archives
june
images
marine
mammals
png
webp
itok
71
yq
media
max
width
px
and
min
width
px
type
image
webp
width
height
source
srcset
news
sites
default
files
styles
listings
desktop
1
public
stories
archives
june
images
marine
mammals
png
webp
itok
eqd
media
min
width
px
type
image
webp
width
height
source
srcset
news
sites
default
files
styles
listings
mobile
1
public
stories
archives
june
images
marine
mammals
png
webp
itok
db
41
gqp
1
media
max
width
px
type
image
webp
width
height
source
srcset
news
sites
default
files
styles
listings
xs
1
public
stories
archives
june
images
marine
mammals
png
webp
itok
mt
5
irb
5
1
media
max
width
px
type
image
webp
width
height
img
class
link
box
image
data
focal
point
center
center
src
news
sites
default
files
styles
listings
desktop
1
public
stories
archives
june
images
marine
mammals
png
webp
itok
eqd
5
width
height
alt
marine
mammals
png
loading
lazy
experts
study
marine
mammals
to
learn
about
human
hearing
barbara
shinn
cunningham
and
researchers
from
six
universities
are
studying
free
swimming
dolphins
and
sea
lions
to
better
understand
the
cognitive
and
neural
mechanisms
of
sound
processing
thursday
june
30
class
grid
box
link
box
href
news
stories
archives
june
carnegie
mellon
professor
launches
esg
index
source
srcset
news
sites
default
files
styles
listings
tablet
1
public
stories
archives
june
images
nicholas
muller
min
jpeg
webp
itok
zi
kncn
1
media
max
width
px
and
min
width
px
type
image
webp
width
height
source
srcset
news
sites
default
files
styles
listings
desktop
1
public
stories
archives
june
images
nicholas
muller
min
jpeg
webp
itok
ch
wy
hd
1
media
min
width
px
type
image
webp
width
height
source
srcset
news
sites
default
files
styles
listings
mobile
1
public
stories
archives
june
images
nicholas
muller
min
jpeg
webp
itok
xs
0
yy
media
max
width
px
type
image
webp
width
height
source
srcset
news
sites
default
files
styles
listings
xs
1
public
stories
archives
june
images
nicholas
muller
min
jpeg
webp
itok
xi
media
max
width
px
type
image
webp
width
height
img
class
link
box
image
data
focal
point
center
center
src
news
sites
default
files
styles
listings
desktop
1
public
stories
archives
june
images
nicholas
muller
min
jpeg
webp
itok
ch
wy
hd
width
height
alt
nicholas
muller
min
jpeg
loading
lazy
carnegie
mellon
professor
launches
index
the
index
will
serve
as
the
go
to
resource
for
accurate
data
in
monetary
pollution
wednesday
june
29
class
grid
box
link
box
href
news
stories
archives
june
meg
richards
and
the
unplanned
path
source
srcset
news
sites
default
files
styles
listings
tablet
1
public
stories
archives
june
images
richards
cmu
min
jpg
webp
itok
kgy
plw
1
media
max
width
px
and
min
width
px
type
image
webp
width
height
source
srcset
news
sites
default
files
styles
listings
desktop
1
public
stories
archives
june
images
richards
cmu
min
jpg
webp
itok
1
media
min
width
px
type
image
webp
width
height
source
srcset
news
sites
default
files
styles
listings
mobile
1
public
stories
archives
june
images
richards
cmu
min
jpg
webp
itok
xknan
1
media
max
width
px
type
image
webp
width
height
source
srcset
news
sites
default
files
styles
listings
xs
1
public
stories
archives
june
images
richards
cmu
min
jpg
webp
itok
gal
3
bd
4
1
media
max
width
px
type
image
webp
width
height
img
class
link
box
image
data
focal
point
center
center
src
news
sites
default
files
styles
listings
desktop
1
public
stories
archives
june
images
richards
cmu
min
jpg
webp
itok
width
height
alt
richards
cmu
min
jpg
loading
lazy
meg
richards
and
the
unplanned
path
carnegie
mellon
meg
richards
wants
young
people
to
know
there
is
no
magic
formula
for
being
successful
tuesday
june
28
class
grid
box
link
box
href
news
stories
archives
june
innovation
at
core
of
swartz
center
program
source
srcset
news
sites
default
files
styles
listings
tablet
1
public
stories
archives
june
images
innovation
scholars
min
jpg
webp
itok
5
1
media
max
width
px
and
min
width
px
type
image
webp
width
height
source
srcset
news
sites
default
files
styles
listings
desktop
1
public
stories
archives
june
images
innovation
scholars
min
jpg
webp
itok
6
hq
ph
7
1
media
min
width
px
type
image
webp
width
height
source
srcset
news
sites
default
files
styles
listings
mobile
1
public
stories
archives
june
images
innovation
scholars
min
jpg
webp
itok
wi
5
1
media
max
width
px
type
image
webp
width
height
source
srcset
news
sites
default
files
styles
listings
xs
1
public
stories
archives
june
images
innovation
scholars
min
jpg
webp
itok
rc
2
fn
1
media
max
width
px
type
image
webp
width
height
img
class
link
box
image
data
focal
point
center
center
src
news
sites
default
files
styles
listings
desktop
1
public
stories
archives
june
images
innovation
scholars
min
jpg
webp
itok
6
hq
ph
7
width
height
alt
innovation
scholars
min
jpg
loading
lazy
innovation
at
core
of
swartz
center
program
innovation
scholars
bring
startup
mentality
to
carnegie
mellon
friday
june
24
class
grid
box
link
box
href
news
stories
archives
june
students
match
soundscape
scores
to
monet
in
bloom
source
srcset
news
sites
default
files
styles
listings
tablet
1
public
stories
archives
june
images
monet
phipps
show
gallery
min
jpg
webp
itok
mw
va
gcl
1
media
max
width
px
and
min
width
px
type
image
webp
width
height
source
srcset
news
sites
default
files
styles
listings
desktop
1
public
stories
archives
june
images
monet
phipps
show
gallery
min
jpg
webp
itok
dkq
7
pq
1
media
min
width
px
type
image
webp
width
height
source
srcset
news
sites
default
files
styles
listings
mobile
1
public
stories
archives
june
images
monet
phipps
show
gallery
min
jpg
webp
itok
luw
lg
1
media
max
width
px
type
image
webp
width
height
source
srcset
news
sites
default
files
styles
listings
xs
1
public
stories
archives
june
images
monet
phipps
show
gallery
min
jpg
webp
itok
ki
1
media
max
width
px
type
image
webp
width
height
img
class
link
box
image
data
focal
point
center
center
src
news
sites
default
files
styles
listings
desktop
1
public
stories
archives
june
images
monet
phipps
show
gallery
min
jpg
webp
itok
dkq
7
pq
width
height
alt
monet
phipps
show
gallery
min
jpg
loading
lazy
students
match
soundscape
scores
to
monet
in
bloom
impressionistic
compositions
add
element
to
phipps
conservatory
summer
flower
show
friday
june
24
class
grid
box
link
box
href
news
stories
archives
june
conrad
zapanta
named
college
of
engineering
associate
dean
for
undergraduate
studies
source
srcset
news
sites
default
files
styles
listings
tablet
1
public
stories
archives
june
images
zapanta
min
jpg
webp
itok
odj
baa
1
media
max
width
px
and
min
width
px
type
image
webp
width
height
source
srcset
news
sites
default
files
styles
listings
desktop
1
public
stories
archives
june
images
zapanta
min
jpg
webp
itok
xc
vn
vqu
1
media
min
width
px
type
image
webp
width
height
source
srcset
news
sites
default
files
styles
listings
mobile
1
public
stories
archives
june
images
zapanta
min
jpg
webp
itok
wk
dhoxr
1
media
max
width
px
type
image
webp
width
height
source
srcset
news
sites
default
files
styles
listings
xs
1
public
stories
archives
june
images
zapanta
min
jpg
webp
itok
mw
7
zf
1
media
max
width
px
type
image
webp
width
height
img
class
link
box
image
data
focal
point
center
center
src
news
sites
default
files
styles
listings
desktop
1
public
stories
archives
june
images
zapanta
min
jpg
webp
itok
xc
vn
vqu
width
height
alt
zapanta
min
jpg
loading
lazy
conrad
zapanta
named
college
of
engineering
associate
dean
for
undergraduate
studies
conrad
zapanta
has
been
appointed
the
new
associate
dean
for
undergraduate
studies
in
the
college
of
engineering
thursday
june
23
class
grid
box
link
box
href
news
stories
archives
june
university
libraries
appoints
sayeed
choudhury
to
new
role
supporting
open
source
projects
at
cmu
source
srcset
news
sites
default
files
styles
listings
tablet
1
public
stories
archives
june
images
choudhury
min
jpg
webp
itok
9
ey
8
1
media
max
width
px
and
min
width
px
type
image
webp
width
height
source
srcset
news
sites
default
files
styles
listings
desktop
1
public
stories
archives
june
images
choudhury
min
jpg
webp
itok
ql
pn
1
media
min
width
px
type
image
webp
width
height
source
srcset
news
sites
default
files
styles
listings
mobile
1
public
stories
archives
june
images
choudhury
min
jpg
webp
itok
tdb
1
media
max
width
px
type
image
webp
width
height
source
srcset
news
sites
default
files
styles
listings
xs
1
public
stories
archives
june
images
choudhury
min
jpg
webp
itok
tl
nxlpyn
1
media
max
width
px
type
image
webp
width
height
img
class
link
box
image
data
focal
point
center
center
src
news
sites
default
files
styles
listings
desktop
1
public
stories
archives
june
images
choudhury
min
jpg
webp
itok
ql
pn
width
height
alt
choudhury
min
jpg
loading
lazy
university
libraries
appoints
sayeed
choudhury
to
new
role
supporting
open
source
projects
at
sayeed
choudhury
will
join
carnegie
mellon
university
libraries
in
newly
created
role
to
raise
awareness
of
and
stimulate
collaboration
among
open
source
projects
wednesday
june
22
class
grid
box
link
box
href
news
stories
archives
june
tweeting
help
wanted
sign
source
srcset
news
sites
default
files
styles
listings
tablet
1
public
stories
archives
june
images
open
source
software
min
jpg
webp
itok
8
qq
ar
1
media
max
width
px
and
min
width
px
type
image
webp
width
height
source
srcset
news
sites
default
files
styles
listings
desktop
1
public
stories
archives
june
images
open
source
software
min
jpg
webp
itok
media
min
width
px
type
image
webp
width
height
source
srcset
news
sites
default
files
styles
listings
mobile
1
public
stories
archives
june
images
open
source
software
min
jpg
webp
itok
17
pj
1
media
max
width
px
type
image
webp
width
height
source
srcset
news
sites
default
files
styles
listings
xs
1
public
stories
archives
june
images
open
source
software
min
jpg
webp
itok
da
1
media
max
width
px
type
image
webp
width
height
img
class
link
box
image
data
focal
point
center
center
src
news
sites
default
files
styles
listings
desktop
1
public
stories
archives
june
images
open
source
software
min
jpg
webp
itok
35
width
height
alt
open
source
software
min
jpg
loading
lazy
tweeting
help
wanted
sign
research
shows
twitter
drives
popularity
contributors
to
open
source
software
wednesday
june
22
class
grid
box
link
box
href
news
stories
archives
june
pour
me
glass
source
srcset
news
sites
default
files
styles
listings
tablet
1
public
stories
archives
june
images
robots
pouring
water
min
jpeg
webp
itok
uzm
tcv
1
media
max
width
px
and
min
width
px
type
image
webp
width
height
source
srcset
news
sites
default
files
styles
listings
desktop
1
public
stories
archives
june
images
robots
pouring
water
min
jpeg
webp
itok
ito
ebf
1
media
min
width
px
type
image
webp
width
height
source
srcset
news
sites
default
files
styles
listings
mobile
1
public
stories
archives
june
images
robots
pouring
water
min
jpeg
webp
itok
5
bvv
ij
1
media
max
width
px
type
image
webp
width
height
source
srcset
news
sites
default
files
styles
listings
xs
1
public
stories
archives
june
images
robots
pouring
water
min
jpeg
webp
itok
gi
db
1
media
max
width
px
type
image
webp
width
height
img
class
link
box
image
data
focal
point
center
center
src
news
sites
default
files
styles
listings
desktop
1
public
stories
archives
june
images
robots
pouring
water
min
jpeg
webp
itok
ito
ebf
width
height
alt
robots
pouring
water
min
jpeg
loading
lazy
pour
me
glass
researchers
use
to
teach
robots
to
see
water
wednesday
june
22
class
grid
box
link
box
href
news
stories
archives
june
remembering
tung
au
source
srcset
news
sites
default
files
styles
listings
tablet
1
public
stories
archives
june
images
au
obit
min
jpg
webp
itok
bwyq
ddy
media
max
width
px
and
min
width
px
type
image
webp
width
height
source
srcset
news
sites
default
files
styles
listings
desktop
1
public
stories
archives
june
images
au
obit
min
jpg
webp
itok
tq
auj
media
min
width
px
type
image
webp
width
height
source
srcset
news
sites
default
files
styles
listings
mobile
1
public
stories
archives
june
images
au
obit
min
jpg
webp
itok
ya
5
qw
1
media
max
width
px
type
image
webp
width
height
source
srcset
news
sites
default
files
styles
listings
xs
1
public
stories
archives
june
images
au
obit
min
jpg
webp
itok
dj
9
media
max
width
px
type
image
webp
width
height
img
class
link
box
image
data
focal
point
center
center
src
news
sites
default
files
styles
listings
desktop
1
public
stories
archives
june
images
au
obit
min
jpg
webp
itok
tq
auj
width
height
alt
au
obit
min
jpg
loading
lazy
remembering
tung
au
tung
au
emeritus
professor
passed
away
on
may
31
at
98
years
old
thursday
june
16
class
grid
box
link
box
href
news
stories
archives
june
when
parenting
style
predicts
political
leanings
source
srcset
news
sites
default
files
styles
listings
tablet
1
public
stories
archives
june
images
parenting
styles
min
jpg
webp
itok
4
ar
im
1
media
max
width
px
and
min
width
px
type
image
webp
width
height
source
srcset
news
sites
default
files
styles
listings
desktop
1
public
stories
archives
june
images
parenting
styles
min
jpg
webp
itok
5
qg
6
pf
1
media
min
width
px
type
image
webp
width
height
source
srcset
news
sites
default
files
styles
listings
mobile
1
public
stories
archives
june
images
parenting
styles
min
jpg
webp
itok
2
ad
1
media
max
width
px
type
image
webp
width
height
source
srcset
news
sites
default
files
styles
listings
xs
1
public
stories
archives
june
images
parenting
styles
min
jpg
webp
itok
od
6
wyx
1
media
max
width
px
type
image
webp
width
height
img
class
link
box
image
data
focal
point
center
center
src
news
sites
default
files
styles
listings
desktop
1
public
stories
archives
june
images
parenting
styles
min
jpg
webp
itok
5
qg
6
pf
width
height
alt
parenting
styles
min
jpg
loading
lazy
when
parenting
style
predicts
political
leanings
new
study
finds
parenting
styles
are
strong
indicator
for
how
people
think
about
wide
range
of
social
issues
from
education
to
elder
care
thursday
june
16
pagination
1
2
3
next
last
iframe
style
display
none
visibility
hidden
height
0
src
https://www.googletagmanager.com/ns.html
id
width
0
class
link
list
item
link
link
new
window
href
http://www.cmu.edu/piper/
target
quot
blank
quot
the
piper
campus
amp
community
news
opens
in
new
window
class
link
list
item
link
link
new
window
href
https://events.cmu.edu/
target
quot
blank
quot
official
events
calendar
opens
in
new
window
forbes
avenue
pittsburgh
href
https://www.cmu.edu/
carnegie
mellon
university
href
https://www.cmu.edu/legal/
target
blank
legal
info
class
social
media
item
link
href
https://www.facebook.com/carnegiemellonu
target
blank
facebook
opens
in
new
window
use
xlink
href
news
themes
cmu
images
sprite
svg
icon
facebook
class
social
media
item
link
href
https://www.twitter.com/carnegiemellon
target
blank
twitter
opens
in
new
window
use
xlink
href
news
themes
cmu
images
sprite
svg
icon
twitter
class
social
media
item
link
href
https://www.linkedin.com/edu/school
id
target
blank
linkedin
opens
in
new
window
use
xlink
href
news
themes
cmu
images
sprite
svg
icon
linkedin
class
social
media
item
link
href
https://www.youtube.com/cmu
target
blank
youtube
opens
in
new
window
use
xlink
href
news
themes
cmu
images
sprite
svg
icon
youtube
class
social
media
item
link
href
https://www.cmu.edu/news/feeds/news.rss
target
blank
rss
opens
in
new
window
use
xlink
href
news
themes
cmu
images
sprite
svg
icon
rss
class
social
media
item
link
href
https://www.instagram.com/carnegiemellon/
target
blank
instagram
opens
in
new
window
use
xlink
href
news
themes
cmu
images
sprite
svg
icon
instagram
class
social
media
item
link
href
https://www.cmu.edu/social-media/
target
blank
more
opens
in
new
window
use
xlink
href
news
themes
cmu
images
sprite
svg
icon
more
window
data
layer
window
data
layer
window
data
layer
push
language
en
country
site
title
news
site
name
news
site
id
news
site
theme
cmu
environment
live
cms
drupal
cms
version
6
script
type
application
json
data
drupal
selector
drupal
settings
json
path
base
url
path
prefix
current
path
stories
archives
june
current
path
is
admin
false
is
front
false
current
language
en
plural
delimiter
suppress
deprecation
errors
true
ajax
page
state
libraries
jx
vzd
0
kgz
knbb
uhu
wntbp
owmk
9
ahq
xd
lte
7
5
bl
rd
vgp
3
fcm
ws
5
sg
nc
jcst
6
fsx
rc
44
6
wh
zbc
2
zc
8
qazni
cb
xl
60
lk
6
urs
xc
3
ey
0
xvdt
kx
dkqz
bj
7
vfr
9
sf
mk
34
qu
dl
theme
cmu
theme
token
null
ajax
trusted
url
stories
archives
june
true
data
layer
default
lang
en
languages
en
id
en
name
english
direction
ltr
weight
0
views
ajax
path
news
views
ajax
ajax
views
views
dom
id
fe
cfd
dbe
view
name
news
listing
view
display
id
archive
view
args
06
view
path
stories
archives
june
view
base
path
stories
archives
view
dom
id
fe
cfd
dbe
pager
element
0
user
uid
0
permissions
hash
aa
9
fd
56
ea
fa
script
src
news
core
assets
vendor
jquery
jquery
min
js
1
script
src
news
core
assets
vendor
once
once
min
js
1
script
src
news
core
misc
drupal
settings
loader
js
6
script
src
news
core
misc
drupal
js
6
script
src
news
core
misc
drupal
init
js
6
script
src
news
core
assets
vendor
tabbable
index
umd
min
js
0
script
src
https://unpkg.com/web-vitals/dist/web-vitals.iife.js
script
src
news
modules
custom
cmu
datalayer
js
cmu
datalayer
js
1
script
src
news
modules
contrib
datalayer
js
datalayer
js
1
script
src
news
themes
cmu
dist
js
main
js
1
script
src
news
modules
contrib
obfuscate
email
js
obfuscate
email
js
6
script
src
news
core
assets
vendor
jquery
form
jquery
form
min
js
0
script
src
news
core
misc
progress
js
6
script
src
news
core
assets
vendor
loadjs
loadjs
min
js
0
script
src
news
core
misc
debounce
js
6
script
src
news
core
misc
announce
js
6
script
src
news
core
misc
message
js
6
script
src
news
core
misc
ajax
js
6
script
src
news
core
modules
views
js
base
js
6
script
src
news
core
modules
views
js
ajax
view
js
6
script
src
news
modules
custom
cmu
listing
js
cmu
listing
exposed
filters
js
sioyzl
scroll
to
top
