html
html
lang
en
dir
ltr
prefix
og
https://ogp.me/ns
link
rel
canonical
href
news
link
rel
shortlink
href
news
meta
property
og
url
content
news
cmu
meta
name
generator
content
drupal
10
https://www.drupal.org
script
type
application
ld
json
context
https://schema.org
graph
type
college
or
university
id
http://www.cmu.edu/news
url
https://www.cmu.edu/
same
as
https://www.facebook.com/carnegiemellonuniversity
https://twitter.com/cmu_news
https://www.instagram.com/carnegiemellon/
https://www.linkedin.com/school/carnegie-mellon-university/
https://www.youtube.com/carnegiemellonu
name
carnegie
mellon
university
telephone
logo
type
image
object
url
https://www.cmu.edu/brand/brand-guidelines/images/wordmarksquare-red-600x600.png
width
height
alternate
name
carnegie
mellon
address
type
postal
address
street
address
forbes
ave
address
locality
pittsburgh
address
region
postal
code
address
country
script
type
text
javascript
var
data
layer
window
data
layer
window
data
layer
var
site
id
news
var
site
name
news
data
layer
push
site
id
site
id
site
name
site
name
cms
cascade
function
push
gtm
start
new
date
get
time
event
gtm
js
var
get
elements
by
tag
name
0
create
element
dl
data
layer
amp
async
true
src
www
googletagmanager
com
gtm
js
id
dl
parent
node
insert
before
window
document
script
data
layer
link
rel
icon
href
news
themes
cmu
favicon
ico
type
image
vnd
microsoft
icon
news
carnegie
mellon
university
link
rel
stylesheet
media
all
href
news
core
modules
filter
css
filter
caption
css
sioyzl
link
rel
stylesheet
media
all
href
news
core
modules
media
css
filter
caption
css
sioyzl
link
rel
stylesheet
media
all
href
fonts
googleapis
com
css
family
open
sans
italic
italic
italic
link
rel
stylesheet
media
all
href
news
themes
cmu
dist
css
main
css
sioyzl
link
rel
stylesheet
media
print
href
news
themes
cmu
dist
css
print
css
sioyzl
link
rel
apple
touch
icon
sizes
href
https://www.cmu.edu/news/themes/cmu2019/apple-touch-icon.png
link
rel
icon
type
image
png
sizes
href
https://www.cmu.edu/news/themes/cmu2019/favicon-32x32.png
link
rel
icon
type
image
png
sizes
href
https://www.cmu.edu/news/themes/cmu2019/favicon-16x16.png
link
rel
mask
icon
href
https://www.cmu.edu/news/themes/cmu2019/safari-pinned-tab.svg
color
5
bbad
5
skip
to
main
content
href
https://www.cmu.edu
class
roof
wordmark
link
id
wordmark
carnegie
mellon
university
homepage
use
xlink
href
news
themes
cmu
images
sprite
svg
cmu
wordmark
form
action
https://search.cmu.edu
method
get
class
roof
search
form
search
carnegie
mellon
university
search
use
xlink
href
news
themes
cmu
images
sprite
svg
icon
search
svg
class
icon
menu
width
height
xmlns
http://www.w3.org/2000/svg
viewbox
menu
href
news
news
form
action
https://search.cmu.edu
method
get
class
side
nav
search
form
search
carnegie
mellon
university
search
use
xlink
href
news
themes
cmu
images
sprite
svg
icon
search
href
news
stories
class
side
nav
list
list
item
link
data
drupal
link
system
path
node
6
stories
stories
section
href
news
stories
college
of
engineering
class
side
nav
list
list
item
link
data
drupal
link
system
path
node
college
of
engineering
href
news
stories
college
of
fine
arts
class
side
nav
list
list
item
link
data
drupal
link
system
path
node
college
of
fine
arts
href
news
stories
dietrich
college
of
humanities
social
sciences
class
side
nav
list
list
item
link
data
drupal
link
system
path
node
dietrich
college
of
humanities
amp
social
sciences
href
news
stories
heinz
college
of
information
systems
and
public
policy
class
side
nav
list
list
item
link
data
drupal
link
system
path
node
heinz
college
of
information
systems
and
public
policy
href
news
stories
mellon
college
of
science
class
side
nav
list
list
item
link
data
drupal
link
system
path
node
mellon
college
of
science
href
news
stories
school
of
computer
science
class
side
nav
list
list
item
link
data
drupal
link
system
path
node
school
of
computer
science
href
news
stories
tepper
school
of
business
class
side
nav
list
list
item
link
data
drupal
link
system
path
node
tepper
school
of
business
href
news
stories
archives
class
side
nav
list
list
item
link
data
drupal
link
system
path
node
7
archives
archives
section
href
news
stories
archives
class
side
nav
list
list
item
link
data
drupal
link
system
path
stories
archives
section
href
news
stories
archives
january
class
side
nav
list
list
item
link
data
drupal
link
system
path
stories
archives
january
january
href
news
stories
archives
february
class
side
nav
list
list
item
link
data
drupal
link
system
path
stories
archives
february
february
href
news
stories
archives
march
class
side
nav
list
list
item
link
data
drupal
link
system
path
stories
archives
march
march
href
news
stories
archives
april
class
side
nav
list
list
item
link
data
drupal
link
system
path
stories
archives
april
april
href
news
stories
archives
may
class
side
nav
list
list
item
link
data
drupal
link
system
path
stories
archives
may
may
href
news
stories
archives
june
class
side
nav
list
list
item
link
data
drupal
link
system
path
stories
archives
june
june
href
news
stories
archives
july
class
side
nav
list
list
item
link
data
drupal
link
system
path
stories
archives
july
july
href
news
stories
archives
august
class
side
nav
list
list
item
link
data
drupal
link
system
path
stories
archives
august
august
href
news
stories
archives
class
side
nav
list
list
item
link
data
drupal
link
system
path
stories
archives
section
href
news
stories
archives
january
class
side
nav
list
list
item
link
data
drupal
link
system
path
stories
archives
january
january
href
news
stories
archives
february
class
side
nav
list
list
item
link
data
drupal
link
system
path
stories
archives
february
february
href
news
stories
archives
march
class
side
nav
list
list
item
link
data
drupal
link
system
path
stories
archives
march
march
href
news
stories
archives
april
class
side
nav
list
list
item
link
data
drupal
link
system
path
stories
archives
april
april
href
news
stories
archives
may
class
side
nav
list
list
item
link
data
drupal
link
system
path
stories
archives
may
may
href
news
stories
archives
june
class
side
nav
list
list
item
link
data
drupal
link
system
path
stories
archives
june
june
href
news
stories
archives
july
class
side
nav
list
list
item
link
data
drupal
link
system
path
stories
archives
july
july
href
news
stories
archives
august
class
side
nav
list
list
item
link
data
drupal
link
system
path
stories
archives
august
august
href
news
stories
archives
september
class
side
nav
list
list
item
link
data
drupal
link
system
path
stories
archives
september
september
href
news
stories
archives
october
class
side
nav
list
list
item
link
data
drupal
link
system
path
stories
archives
october
october
href
news
stories
archives
november
class
side
nav
list
list
item
link
data
drupal
link
system
path
stories
archives
november
november
href
news
stories
archives
december
class
side
nav
list
list
item
link
data
drupal
link
system
path
stories
archives
december
december
href
news
stories
archives
class
side
nav
list
list
item
link
data
drupal
link
system
path
stories
archives
section
href
news
stories
archives
january
class
side
nav
list
list
item
link
data
drupal
link
system
path
stories
archives
january
january
href
news
stories
archives
february
class
side
nav
list
list
item
link
data
drupal
link
system
path
stories
archives
february
february
href
news
stories
archives
march
class
side
nav
list
list
item
link
data
drupal
link
system
path
stories
archives
march
march
href
news
stories
archives
april
class
side
nav
list
list
item
link
data
drupal
link
system
path
stories
archives
april
april
href
news
stories
archives
may
class
side
nav
list
list
item
link
data
drupal
link
system
path
stories
archives
may
may
href
news
stories
archives
june
class
side
nav
list
list
item
link
data
drupal
link
system
path
stories
archives
june
june
href
news
stories
archives
july
class
side
nav
list
list
item
link
data
drupal
link
system
path
stories
archives
july
july
href
news
stories
archives
august
class
side
nav
list
list
item
link
data
drupal
link
system
path
stories
archives
august
august
href
news
stories
archives
september
class
side
nav
list
list
item
link
data
drupal
link
system
path
stories
archives
september
september
href
news
stories
archives
october
class
side
nav
list
list
item
link
data
drupal
link
system
path
stories
archives
october
october
href
news
stories
archives
november
class
side
nav
list
list
item
link
data
drupal
link
system
path
stories
archives
november
november
href
news
stories
archives
december
class
side
nav
list
list
item
link
data
drupal
link
system
path
stories
archives
december
december
href
news
stories
archives
class
side
nav
list
list
item
link
data
drupal
link
system
path
stories
archives
section
href
news
stories
archives
january
class
side
nav
list
list
item
link
data
drupal
link
system
path
stories
archives
january
january
href
news
stories
archives
february
class
side
nav
list
list
item
link
data
drupal
link
system
path
stories
archives
february
february
href
news
stories
archives
march
class
side
nav
list
list
item
link
data
drupal
link
system
path
stories
archives
march
march
href
news
stories
archives
april
class
side
nav
list
list
item
link
data
drupal
link
system
path
stories
archives
april
april
href
news
stories
archives
may
class
side
nav
list
list
item
link
data
drupal
link
system
path
stories
archives
may
may
href
news
stories
archives
june
class
side
nav
list
list
item
link
data
drupal
link
system
path
stories
archives
june
june
href
news
stories
archives
july
class
side
nav
list
list
item
link
data
drupal
link
system
path
stories
archives
july
july
href
news
stories
archives
august
class
side
nav
list
list
item
link
data
drupal
link
system
path
stories
archives
august
august
href
news
stories
archives
september
class
side
nav
list
list
item
link
data
drupal
link
system
path
stories
archives
september
september
href
news
stories
archives
october
class
side
nav
list
list
item
link
data
drupal
link
system
path
stories
archives
october
october
href
news
stories
archives
november
class
side
nav
list
list
item
link
data
drupal
link
system
path
stories
archives
november
november
href
news
stories
archives
december
class
side
nav
list
list
item
link
data
drupal
link
system
path
stories
archives
december
december
href
news
stories
archives
class
side
nav
list
list
item
link
data
drupal
link
system
path
stories
archives
section
href
news
stories
archives
january
class
side
nav
list
list
item
link
data
drupal
link
system
path
stories
archives
january
january
href
news
stories
archives
february
class
side
nav
list
list
item
link
data
drupal
link
system
path
stories
archives
february
february
href
news
stories
archives
march
class
side
nav
list
list
item
link
data
drupal
link
system
path
stories
archives
march
march
href
news
stories
archives
april
class
side
nav
list
list
item
link
data
drupal
link
system
path
stories
archives
april
april
href
news
stories
archives
may
class
side
nav
list
list
item
link
data
drupal
link
system
path
stories
archives
may
may
href
news
stories
archives
june
class
side
nav
list
list
item
link
data
drupal
link
system
path
stories
archives
june
june
href
news
stories
archives
july
class
side
nav
list
list
item
link
data
drupal
link
system
path
stories
archives
july
july
href
news
stories
archives
august
class
side
nav
list
list
item
link
data
drupal
link
system
path
stories
archives
august
august
href
news
stories
archives
september
class
side
nav
list
list
item
link
data
drupal
link
system
path
stories
archives
september
september
href
news
stories
archives
october
class
side
nav
list
list
item
link
data
drupal
link
system
path
stories
archives
october
october
href
news
stories
archives
november
class
side
nav
list
list
item
link
data
drupal
link
system
path
stories
archives
november
november
href
news
stories
archives
december
class
side
nav
list
list
item
link
data
drupal
link
system
path
stories
archives
december
december
href
news
stories
archives
class
side
nav
list
list
item
link
data
drupal
link
system
path
stories
archives
section
href
news
stories
archives
january
class
side
nav
list
list
item
link
data
drupal
link
system
path
stories
archives
january
january
href
news
stories
archives
february
class
side
nav
list
list
item
link
data
drupal
link
system
path
stories
archives
february
february
href
news
stories
archives
march
class
side
nav
list
list
item
link
data
drupal
link
system
path
stories
archives
march
march
href
news
stories
archives
april
class
side
nav
list
list
item
link
data
drupal
link
system
path
stories
archives
april
april
href
news
stories
archives
may
class
side
nav
list
list
item
link
data
drupal
link
system
path
stories
archives
may
may
href
news
stories
archives
june
class
side
nav
list
list
item
link
data
drupal
link
system
path
stories
archives
june
june
href
news
stories
archives
july
class
side
nav
list
list
item
link
data
drupal
link
system
path
stories
archives
july
july
href
news
stories
archives
august
class
side
nav
list
list
item
link
data
drupal
link
system
path
stories
archives
august
august
href
news
stories
archives
september
class
side
nav
list
list
item
link
data
drupal
link
system
path
stories
archives
september
september
href
news
stories
archives
october
class
side
nav
list
list
item
link
data
drupal
link
system
path
stories
archives
october
october
href
news
stories
archives
november
class
side
nav
list
list
item
link
data
drupal
link
system
path
stories
archives
november
november
href
news
stories
archives
december
class
side
nav
list
list
item
link
data
drupal
link
system
path
stories
archives
december
december
href
news
stories
archives
class
side
nav
list
list
item
link
data
drupal
link
system
path
stories
archives
section
href
news
stories
archives
january
class
side
nav
list
list
item
link
data
drupal
link
system
path
stories
archives
january
january
href
news
stories
archives
february
class
side
nav
list
list
item
link
data
drupal
link
system
path
stories
archives
february
february
href
news
stories
archives
march
class
side
nav
list
list
item
link
data
drupal
link
system
path
stories
archives
march
march
href
news
stories
archives
april
class
side
nav
list
list
item
link
data
drupal
link
system
path
stories
archives
april
april
href
news
stories
archives
may
class
side
nav
list
list
item
link
data
drupal
link
system
path
stories
archives
may
may
href
news
stories
archives
june
class
side
nav
list
list
item
link
data
drupal
link
system
path
stories
archives
june
june
href
news
stories
archives
july
class
side
nav
list
list
item
link
data
drupal
link
system
path
stories
archives
july
july
href
news
stories
archives
august
class
side
nav
list
list
item
link
data
drupal
link
system
path
stories
archives
august
august
href
news
stories
archives
september
class
side
nav
list
list
item
link
data
drupal
link
system
path
stories
archives
september
september
href
news
stories
archives
october
class
side
nav
list
list
item
link
data
drupal
link
system
path
stories
archives
october
october
href
news
stories
archives
november
class
side
nav
list
list
item
link
data
drupal
link
system
path
stories
archives
november
november
href
news
stories
archives
december
class
side
nav
list
list
item
link
data
drupal
link
system
path
stories
archives
december
december
href
news
stories
archives
class
side
nav
list
list
item
link
data
drupal
link
system
path
stories
archives
section
href
news
stories
archives
january
class
side
nav
list
list
item
link
data
drupal
link
system
path
stories
archives
january
january
href
news
stories
archives
february
class
side
nav
list
list
item
link
data
drupal
link
system
path
stories
archives
february
february
href
news
stories
archives
march
class
side
nav
list
list
item
link
data
drupal
link
system
path
stories
archives
march
march
href
news
stories
archives
april
class
side
nav
list
list
item
link
data
drupal
link
system
path
stories
archives
april
april
href
news
stories
archives
may
class
side
nav
list
list
item
link
data
drupal
link
system
path
stories
archives
may
may
href
news
stories
archives
june
class
side
nav
list
list
item
link
data
drupal
link
system
path
stories
archives
june
june
href
news
stories
archives
july
class
side
nav
list
list
item
link
data
drupal
link
system
path
stories
archives
july
july
href
news
stories
archives
august
class
side
nav
list
list
item
link
data
drupal
link
system
path
stories
archives
august
august
href
news
stories
archives
september
class
side
nav
list
list
item
link
data
drupal
link
system
path
stories
archives
september
september
href
news
stories
archives
october
class
side
nav
list
list
item
link
data
drupal
link
system
path
stories
archives
october
october
href
news
stories
archives
november
class
side
nav
list
list
item
link
data
drupal
link
system
path
stories
archives
november
november
href
news
stories
archives
december
class
side
nav
list
list
item
link
data
drupal
link
system
path
stories
archives
december
december
href
news
stories
archives
class
side
nav
list
list
item
link
data
drupal
link
system
path
stories
archives
section
href
news
stories
archives
january
class
side
nav
list
list
item
link
data
drupal
link
system
path
stories
archives
january
january
href
news
stories
archives
february
class
side
nav
list
list
item
link
data
drupal
link
system
path
stories
archives
february
february
href
news
stories
archives
march
class
side
nav
list
list
item
link
data
drupal
link
system
path
stories
archives
march
march
href
news
stories
archives
april
class
side
nav
list
list
item
link
data
drupal
link
system
path
stories
archives
april
april
href
news
stories
archives
may
class
side
nav
list
list
item
link
data
drupal
link
system
path
stories
archives
may
may
href
news
stories
archives
june
class
side
nav
list
list
item
link
data
drupal
link
system
path
stories
archives
june
june
href
news
stories
archives
july
class
side
nav
list
list
item
link
data
drupal
link
system
path
stories
archives
july
july
href
news
stories
archives
august
class
side
nav
list
list
item
link
data
drupal
link
system
path
stories
archives
august
august
href
news
stories
archives
september
class
side
nav
list
list
item
link
data
drupal
link
system
path
stories
archives
september
september
href
news
stories
archives
october
class
side
nav
list
list
item
link
data
drupal
link
system
path
stories
archives
october
october
href
news
stories
archives
november
class
side
nav
list
list
item
link
data
drupal
link
system
path
stories
archives
november
november
href
news
stories
archives
december
class
side
nav
list
list
item
link
data
drupal
link
system
path
stories
archives
december
december
href
news
stories
archives
class
side
nav
list
list
item
link
data
drupal
link
system
path
stories
archives
section
href
news
stories
archives
january
class
side
nav
list
list
item
link
data
drupal
link
system
path
stories
archives
january
january
href
news
stories
archives
february
class
side
nav
list
list
item
link
data
drupal
link
system
path
stories
archives
february
february
href
news
stories
archives
march
class
side
nav
list
list
item
link
data
drupal
link
system
path
stories
archives
march
march
href
news
stories
archives
april
class
side
nav
list
list
item
link
data
drupal
link
system
path
stories
archives
april
april
href
news
stories
archives
may
class
side
nav
list
list
item
link
data
drupal
link
system
path
stories
archives
may
may
href
news
stories
archives
june
class
side
nav
list
list
item
link
data
drupal
link
system
path
stories
archives
june
june
href
news
stories
archives
july
class
side
nav
list
list
item
link
data
drupal
link
system
path
stories
archives
july
july
href
news
stories
archives
august
class
side
nav
list
list
item
link
data
drupal
link
system
path
stories
archives
august
august
href
news
stories
archives
september
class
side
nav
list
list
item
link
data
drupal
link
system
path
stories
archives
september
september
href
news
stories
archives
october
class
side
nav
list
list
item
link
data
drupal
link
system
path
stories
archives
october
october
href
news
stories
archives
november
class
side
nav
list
list
item
link
data
drupal
link
system
path
stories
archives
november
november
href
news
stories
archives
december
class
side
nav
list
list
item
link
data
drupal
link
system
path
stories
archives
december
december
href
news
stories
archives
class
side
nav
list
list
item
link
data
drupal
link
system
path
stories
archives
section
href
news
stories
archives
january
class
side
nav
list
list
item
link
data
drupal
link
system
path
stories
archives
january
january
href
news
stories
archives
february
class
side
nav
list
list
item
link
data
drupal
link
system
path
stories
archives
february
february
href
news
stories
archives
march
class
side
nav
list
list
item
link
data
drupal
link
system
path
stories
archives
march
march
href
news
stories
archives
april
class
side
nav
list
list
item
link
data
drupal
link
system
path
stories
archives
april
april
href
news
stories
archives
may
class
side
nav
list
list
item
link
data
drupal
link
system
path
stories
archives
may
may
href
news
stories
archives
june
class
side
nav
list
list
item
link
data
drupal
link
system
path
stories
archives
june
june
href
news
stories
archives
july
class
side
nav
list
list
item
link
data
drupal
link
system
path
stories
archives
july
july
href
news
stories
archives
august
class
side
nav
list
list
item
link
data
drupal
link
system
path
stories
archives
august
august
href
news
stories
archives
september
class
side
nav
list
list
item
link
data
drupal
link
system
path
stories
archives
september
september
href
news
stories
archives
october
class
side
nav
list
list
item
link
data
drupal
link
system
path
stories
archives
october
october
href
news
stories
archives
november
class
side
nav
list
list
item
link
data
drupal
link
system
path
stories
archives
november
november
href
news
stories
archives
december
class
side
nav
list
list
item
link
data
drupal
link
system
path
stories
archives
december
december
href
news
stories
archives
class
side
nav
list
list
item
link
data
drupal
link
system
path
stories
archives
section
href
news
stories
archives
january
class
side
nav
list
list
item
link
data
drupal
link
system
path
stories
archives
january
january
href
news
stories
archives
february
class
side
nav
list
list
item
link
data
drupal
link
system
path
stories
archives
february
february
href
news
stories
archives
march
class
side
nav
list
list
item
link
data
drupal
link
system
path
stories
archives
march
march
href
news
stories
archives
april
class
side
nav
list
list
item
link
data
drupal
link
system
path
stories
archives
april
april
href
news
stories
archives
may
class
side
nav
list
list
item
link
data
drupal
link
system
path
stories
archives
may
may
href
news
stories
archives
june
class
side
nav
list
list
item
link
data
drupal
link
system
path
stories
archives
june
june
href
news
stories
archives
july
class
side
nav
list
list
item
link
data
drupal
link
system
path
stories
archives
july
july
href
news
stories
archives
august
class
side
nav
list
list
item
link
data
drupal
link
system
path
stories
archives
august
august
href
news
stories
archives
september
class
side
nav
list
list
item
link
data
drupal
link
system
path
stories
archives
september
september
href
news
stories
archives
october
class
side
nav
list
list
item
link
data
drupal
link
system
path
stories
archives
october
october
href
news
stories
archives
november
class
side
nav
list
list
item
link
data
drupal
link
system
path
stories
archives
november
november
href
news
stories
archives
december
class
side
nav
list
list
item
link
data
drupal
link
system
path
stories
archives
december
december
href
news
stories
archives
class
side
nav
list
list
item
link
data
drupal
link
system
path
stories
archives
section
href
news
stories
archives
january
class
side
nav
list
list
item
link
data
drupal
link
system
path
stories
archives
january
january
href
news
stories
archives
february
class
side
nav
list
list
item
link
data
drupal
link
system
path
stories
archives
february
february
href
news
stories
archives
march
class
side
nav
list
list
item
link
data
drupal
link
system
path
stories
archives
march
march
href
news
stories
archives
april
class
side
nav
list
list
item
link
data
drupal
link
system
path
stories
archives
april
april
href
news
stories
archives
may
class
side
nav
list
list
item
link
data
drupal
link
system
path
stories
archives
may
may
href
news
stories
archives
june
class
side
nav
list
list
item
link
data
drupal
link
system
path
stories
archives
june
june
href
news
stories
archives
july
class
side
nav
list
list
item
link
data
drupal
link
system
path
stories
archives
july
july
href
news
stories
archives
august
class
side
nav
list
list
item
link
data
drupal
link
system
path
stories
archives
august
august
href
news
stories
archives
september
class
side
nav
list
list
item
link
data
drupal
link
system
path
stories
archives
september
september
href
news
stories
archives
october
class
side
nav
list
list
item
link
data
drupal
link
system
path
stories
archives
october
october
href
news
stories
archives
november
class
side
nav
list
list
item
link
data
drupal
link
system
path
stories
archives
november
november
href
news
stories
archives
december
class
side
nav
list
list
item
link
data
drupal
link
system
path
stories
archives
december
december
href
news
stories
archives
class
side
nav
list
list
item
link
data
drupal
link
system
path
stories
archives
section
href
news
stories
archives
january
class
side
nav
list
list
item
link
data
drupal
link
system
path
stories
archives
january
january
href
news
stories
archives
february
class
side
nav
list
list
item
link
data
drupal
link
system
path
stories
archives
february
february
href
news
stories
archives
march
class
side
nav
list
list
item
link
data
drupal
link
system
path
stories
archives
march
march
href
news
stories
archives
april
class
side
nav
list
list
item
link
data
drupal
link
system
path
stories
archives
april
april
href
news
stories
archives
may
class
side
nav
list
list
item
link
data
drupal
link
system
path
stories
archives
may
may
href
news
stories
archives
june
class
side
nav
list
list
item
link
data
drupal
link
system
path
stories
archives
june
june
href
news
stories
archives
july
class
side
nav
list
list
item
link
data
drupal
link
system
path
stories
archives
july
july
href
news
stories
archives
august
class
side
nav
list
list
item
link
data
drupal
link
system
path
stories
archives
august
august
href
news
stories
archives
september
class
side
nav
list
list
item
link
data
drupal
link
system
path
stories
archives
september
september
href
news
stories
archives
october
class
side
nav
list
list
item
link
data
drupal
link
system
path
stories
archives
october
october
href
news
stories
archives
november
class
side
nav
list
list
item
link
data
drupal
link
system
path
stories
archives
november
november
href
news
stories
archives
december
class
side
nav
list
list
item
link
data
drupal
link
system
path
stories
archives
december
december
href
news
experts
class
side
nav
list
list
item
link
data
drupal
link
system
path
experts
experts
href
news
media
contacts
class
side
nav
list
list
item
link
data
drupal
link
system
path
node
1
media
contacts
href
news
podcasts
class
side
nav
list
list
item
link
data
drupal
link
system
path
node
podcasts
href
http://www.cmu.edu/piper/
class
side
nav
list
list
item
link
the
piper
campus
amp
community
news
class
sitebranding
container
sitebranding
sitename
link
href
news
news
main
navigation
href
news
stories
class
header
nav
list
list
item
header
nav
list
list
item
first
child
header
nav
list
list
item
link
data
drupal
link
system
path
node
6
stories
href
news
experts
class
header
nav
list
list
item
header
nav
list
list
item
link
data
drupal
link
system
path
experts
experts
href
news
media
contacts
class
header
nav
list
list
item
header
nav
list
list
item
link
data
drupal
link
system
path
node
1
media
contacts
href
news
podcasts
class
header
nav
list
list
item
header
nav
list
list
item
link
data
drupal
link
system
path
node
podcasts
img
data
focal
point
center
center
src
news
sites
default
files
styles
embedded
max
public
hd
hand
erc
png
itok
scg
7
oz
width
height
alt
graphic
depicting
robotic
hand
loading
lazy
href
news
stories
archives
august
carnegie
mellon
core
partner
in
new
center
to
improve
robot
dexterity
data
entity
type
node
data
entity
uuid
ca
9
57
ee
35
eec
30
data
entity
substitution
canonical
title
carnegie
mellon
core
partner
in
new
center
to
improve
robot
dexterity
carnegie
mellon
core
partner
in
new
center
to
improve
robot
dexterity
div
class
addthis
sharing
toolbox
data
description
new
study
quantifies
the
costs
and
benefits
of
taking
trip
with
transportation
network
company
like
uber
or
lyft
data
title
who
paying
for
your
uber
news
carnegie
mellon
university
data
url
https://www.cmu.edu/news/stories/archives/2021/october/emissions-study.html
new
engineering
research
center
to
receive
up
to
52
million
class
crt
logo
crt
tag
href
https://curator.io
target
blank
powered
by
curator
io
opens
in
new
window
script
type
text
javascript
curator
feed
news
homepages
feed
layout
function
var
document
script
create
element
script
async
1
charset
8
src
https://cdn.curator.io/published/2ac58d6d-258c-4ad0-afd1-7b15b3f64015.js
get
elements
by
tag
name
0
parent
node
insert
before
latest
stories
class
link
box
href
news
stories
archives
august
first
year
students
enjoy
message
of
belonging
at
community
collage
source
srcset
news
sites
default
files
styles
photo
grid
half
tablet
1
public
community
collage
jpg
webp
itok
cz
ccl
1
news
sites
default
files
styles
photo
grid
half
tablet
2
public
community
collage
jpg
webp
itok
0
9
2
media
max
width
px
and
min
width
px
type
image
webp
width
height
source
srcset
news
sites
default
files
styles
photo
grid
half
desktop
1
public
community
collage
jpg
webp
itok
tofmr
he
1
news
sites
default
files
styles
photo
grid
half
desktop
2
public
community
collage
jpg
webp
itok
aw
efi
2
media
min
width
px
type
image
webp
width
height
source
srcset
news
sites
default
files
styles
photo
grid
half
mobile
1
public
community
collage
jpg
webp
itok
gmrpl
1
news
sites
default
files
styles
photo
grid
half
mobile
2
public
community
collage
jpg
webp
itok
vo
ud
2
media
max
width
px
type
image
webp
width
height
source
srcset
news
sites
default
files
styles
photo
grid
half
xs
1
public
community
collage
jpg
webp
itok
12
cef
1
news
sites
default
files
styles
photo
grid
half
xs
2
public
community
collage
jpg
webp
itok
00
yj
2
media
max
width
px
type
image
webp
width
height
img
data
focal
point
center
center
src
news
sites
default
files
styles
photo
grid
half
fallback
public
community
collage
jpg
webp
itok
xg
0
1
width
height
alt
five
people
in
purple
and
green
costumes
kick
their
foot
together
as
part
of
dance
group
on
stage
with
backdrop
behind
them
that
says
loading
lazy
first
year
students
enjoy
message
of
belonging
at
community
collage
at
community
collage
an
annual
event
held
as
part
of
carnegie
mellons
first
year
orientation
dance
groups
performed
and
several
student
speakers
encouraged
first
year
students
to
take
part
in
the
community
in
ways
to
help
them
be
their
authentic
selves
august
22
class
link
box
href
news
stories
archives
august
robotics
academy
navy
partner
on
effective
training
program
source
srcset
news
sites
default
files
styles
photo
grid
half
tablet
1
public
min
jpg
webp
itok
6
svml
1
news
sites
default
files
styles
photo
grid
half
tablet
2
public
min
jpg
webp
itok
ae
vrmu
7
2
media
max
width
px
and
min
width
px
type
image
webp
width
height
source
srcset
news
sites
default
files
styles
photo
grid
half
desktop
1
public
min
jpg
webp
itok
67
tj
1
1
news
sites
default
files
styles
photo
grid
half
desktop
2
public
min
jpg
webp
itok
zh
media
min
width
px
type
image
webp
width
height
source
srcset
news
sites
default
files
styles
photo
grid
half
mobile
1
public
min
jpg
webp
itok
qcu
yq
1
news
sites
default
files
styles
photo
grid
half
mobile
2
public
min
jpg
webp
itok
60
nlo
media
max
width
px
type
image
webp
width
height
source
srcset
news
sites
default
files
styles
photo
grid
half
xs
1
public
min
jpg
webp
itok
ty
5
xj
1
news
sites
default
files
styles
photo
grid
half
xs
2
public
min
jpg
webp
itok
zk
lww
2
media
max
width
px
type
image
webp
width
height
img
data
focal
point
center
center
src
news
sites
default
files
styles
photo
grid
half
fallback
public
min
jpg
webp
itok
tv
mfexv
width
height
alt
two
students
assemble
robot
in
front
of
building
labeled
loading
lazy
robotics
academy
navy
partner
on
effective
training
program
experts
from
carnegie
mellon
university
and
the
office
of
naval
research
piloted
six
week
experimental
training
program
to
study
how
sailors
can
develop
fundamental
engineering
skills
to
keep
pace
with
emerging
technology
august
21
class
link
box
href
news
stories
archives
august
presidents
welcome
source
srcset
news
sites
default
files
styles
photo
grid
half
tablet
1
public
presidents
welcome
jpg
webp
itok
oaw
udf
ir
1
news
sites
default
files
styles
photo
grid
half
tablet
2
public
presidents
welcome
jpg
webp
itok
9
zm
9
2
media
max
width
px
and
min
width
px
type
image
webp
width
height
source
srcset
news
sites
default
files
styles
photo
grid
half
desktop
1
public
presidents
welcome
jpg
webp
itok
0
3
xhx
1
news
sites
default
files
styles
photo
grid
half
desktop
2
public
presidents
welcome
jpg
webp
itok
it
nr
2
media
min
width
px
type
image
webp
width
height
source
srcset
news
sites
default
files
styles
photo
grid
half
mobile
1
public
presidents
welcome
jpg
webp
itok
1
news
sites
default
files
styles
photo
grid
half
mobile
2
public
presidents
welcome
jpg
webp
itok
uk
fe
2
media
max
width
px
type
image
webp
width
height
source
srcset
news
sites
default
files
styles
photo
grid
half
xs
1
public
presidents
welcome
jpg
webp
itok
2
km
pe
1
news
sites
default
files
styles
photo
grid
half
xs
2
public
presidents
welcome
jpg
webp
itok
fizdxtcx
2
media
max
width
px
type
image
webp
width
height
img
data
focal
point
center
center
src
news
sites
default
files
styles
photo
grid
half
fallback
public
presidents
welcome
jpg
webp
itok
63
rk
9
width
height
alt
farnam
jahanian
at
podium
loading
lazy
president
delivers
warm
welcome
to
families
class
of
first
year
students
and
their
families
received
warm
welcome
sunday
morning
from
the
president
of
carnegie
mellon
university
farnam
jahanian
august
19
class
link
box
href
news
stories
archives
august
its
an
ant
its
robot
its
picotaur
the
unrivaled
microrobot
source
srcset
news
sites
default
files
styles
photo
grid
half
tablet
1
public
hd
picotaur
png
webp
itok
wt
ae
news
sites
default
files
styles
photo
grid
half
tablet
2
public
hd
picotaur
png
webp
itok
4
cr
2
media
max
width
px
and
min
width
px
type
image
webp
width
height
source
srcset
news
sites
default
files
styles
photo
grid
half
desktop
1
public
hd
picotaur
png
webp
itok
nshx
as
dh
1
news
sites
default
files
styles
photo
grid
half
desktop
2
public
hd
picotaur
png
webp
itok
mu
cwj
7
2
media
min
width
px
type
image
webp
width
height
source
srcset
news
sites
default
files
styles
photo
grid
half
mobile
1
public
hd
picotaur
png
webp
itok
8
1
news
sites
default
files
styles
photo
grid
half
mobile
2
public
hd
picotaur
png
webp
itok
bc
1
kd
8
2
media
max
width
px
type
image
webp
width
height
source
srcset
news
sites
default
files
styles
photo
grid
half
xs
1
public
hd
picotaur
png
webp
itok
ug
2
news
sites
default
files
styles
photo
grid
half
xs
2
public
hd
picotaur
png
webp
itok
uq
51
ulp
2
media
max
width
px
type
image
webp
width
height
img
data
focal
point
center
center
src
news
sites
default
files
styles
photo
grid
half
fallback
public
hd
picotaur
png
webp
itok
dumz
width
height
alt
tiny
robot
named
picotaur
loading
lazy
its
an
ant
its
robot
its
picotaur
the
unrivaled
microrobot
researchers
in
the
department
of
mechanical
engineering
at
carnegie
mellon
university
have
created
the
first
legged
robot
of
its
size
to
run
turn
push
loads
and
climb
miniature
stairs
august
19
class
link
box
href
news
stories
archives
august
origin
fast
radio
bursts
source
srcset
news
sites
default
files
styles
photo
grid
half
tablet
1
public
magnetar
nebula
hr
jpg
webp
itok
kgg
2
xn
1
news
sites
default
files
styles
photo
grid
half
tablet
2
public
magnetar
nebula
hr
jpg
webp
itok
dy
media
max
width
px
and
min
width
px
type
image
webp
width
height
source
srcset
news
sites
default
files
styles
photo
grid
half
desktop
1
public
magnetar
nebula
hr
jpg
webp
itok
qu
4
yd
1
nc
1
news
sites
default
files
styles
photo
grid
half
desktop
2
public
magnetar
nebula
hr
jpg
webp
itok
fdm
mpr
2
media
min
width
px
type
image
webp
width
height
source
srcset
news
sites
default
files
styles
photo
grid
half
mobile
1
public
magnetar
nebula
hr
jpg
webp
itok
of
8
1
news
sites
default
files
styles
photo
grid
half
mobile
2
public
magnetar
nebula
hr
jpg
webp
itok
es
2
media
max
width
px
type
image
webp
width
height
source
srcset
news
sites
default
files
styles
photo
grid
half
xs
1
public
magnetar
nebula
hr
jpg
webp
itok
oi
lf
1
news
sites
default
files
styles
photo
grid
half
xs
2
public
magnetar
nebula
hr
jpg
webp
itok
tcq
kw
media
max
width
px
type
image
webp
width
height
img
data
focal
point
center
center
src
news
sites
default
files
styles
photo
grid
half
fallback
public
magnetar
nebula
hr
jpg
webp
itok
gav
25
um
width
height
alt
space
loading
lazy
new
study
identifies
the
origin
of
the
persistent
emission
of
fast
radio
bursts
an
international
team
of
scientists
including
researcher
at
mc
williams
center
for
cosmology
and
astrophysics
has
discovered
the
origin
of
persistent
radio
emission
observed
alongside
fast
radio
burst
august
16
class
link
box
href
news
stories
archives
august
researchers
map
alaskas
glaciers
from
above
source
srcset
news
sites
default
files
styles
photo
grid
half
tablet
1
public
glaciers
5
jpg
webp
itok
yx
rp
news
sites
default
files
styles
photo
grid
half
tablet
2
public
glaciers
5
jpg
webp
itok
an
bx
2
media
max
width
px
and
min
width
px
type
image
webp
width
height
source
srcset
news
sites
default
files
styles
photo
grid
half
desktop
1
public
glaciers
5
jpg
webp
itok
rs
ir
1
news
sites
default
files
styles
photo
grid
half
desktop
2
public
glaciers
5
jpg
webp
itok
jz
7
er
2
media
min
width
px
type
image
webp
width
height
source
srcset
news
sites
default
files
styles
photo
grid
half
mobile
1
public
glaciers
5
jpg
webp
itok
0
no
5
1
news
sites
default
files
styles
photo
grid
half
mobile
2
public
glaciers
5
jpg
webp
itok
qh
8
2
media
max
width
px
type
image
webp
width
height
source
srcset
news
sites
default
files
styles
photo
grid
half
xs
1
public
glaciers
5
jpg
webp
itok
3
ziu
1
news
sites
default
files
styles
photo
grid
half
xs
2
public
glaciers
5
jpg
webp
itok
2
media
max
width
px
type
image
webp
width
height
img
data
focal
point
center
center
src
news
sites
default
files
styles
photo
grid
half
fallback
public
glaciers
5
jpg
webp
itok
bbd
dvl
5
width
height
alt
two
researchers
trek
across
glacier
in
alaska
loading
lazy
researchers
map
alaskas
glaciers
from
above
team
including
researchers
from
carnegie
mellon
are
working
in
collaboration
with
the
national
park
service
on
surveying
the
kennicott
and
root
glacier
complex
in
alaska
august
14
class
link
call
to
action
href
news
stories
data
entity
type
node
data
entity
uuid
fe
0
48
ff
ff
0
data
entity
substitution
canonical
title
stories
read
more
stories
div
class
rss
placeholder
data
rss
url
https://news.pantheon.cmu.edu/rss-proxy
cb
amp
url
https://app.meltwater.com/gyda/outputs/63c1c507c584020b82000001/rendering
api
key
ecad
eb
26
type
rss
data
rss
num
columns
4
data
rss
type
news
data
rss
load
id
data
rss
display
type
grid
data
rss
section
id
in
the
news
data
rss
heading
in
the
news
data
rss
maximum
articles
4
data
rss
background
image
data
rss
background
color
gray
lightest
data
rss
box
style
belowborder
data
rss
open
in
new
window
1
data
rss
include
pub
date
1
data
rss
include
image
0
data
rss
include
article
summary
0
data
rss
include
source
1
data
rss
use
absolute
dates
0
data
rss
theme
cmu
iframe
style
display
none
visibility
hidden
height
0
src
https://www.googletagmanager.com/ns.html
id
width
0
class
link
list
item
link
link
new
window
href
http://www.cmu.edu/piper/
target
quot
blank
quot
the
piper
campus
amp
community
news
opens
in
new
window
class
link
list
item
link
link
new
window
href
https://events.cmu.edu/
target
quot
blank
quot
official
events
calendar
opens
in
new
window
forbes
avenue
pittsburgh
href
https://www.cmu.edu/
carnegie
mellon
university
href
https://www.cmu.edu/legal/
target
blank
legal
info
class
social
media
item
link
href
https://www.facebook.com/carnegiemellonu
target
blank
facebook
opens
in
new
window
use
xlink
href
news
themes
cmu
images
sprite
svg
icon
facebook
class
social
media
item
link
href
https://www.twitter.com/carnegiemellon
target
blank
twitter
opens
in
new
window
use
xlink
href
news
themes
cmu
images
sprite
svg
icon
twitter
class
social
media
item
link
href
https://www.linkedin.com/edu/school
id
target
blank
linkedin
opens
in
new
window
use
xlink
href
news
themes
cmu
images
sprite
svg
icon
linkedin
class
social
media
item
link
href
https://www.youtube.com/cmu
target
blank
youtube
opens
in
new
window
use
xlink
href
news
themes
cmu
images
sprite
svg
icon
youtube
class
social
media
item
link
href
https://www.cmu.edu/news/feeds/news.rss
target
blank
rss
opens
in
new
window
use
xlink
href
news
themes
cmu
images
sprite
svg
icon
rss
class
social
media
item
link
href
https://www.instagram.com/carnegiemellon/
target
blank
instagram
opens
in
new
window
use
xlink
href
news
themes
cmu
images
sprite
svg
icon
instagram
class
social
media
item
link
href
https://www.cmu.edu/social-media/
target
blank
more
opens
in
new
window
use
xlink
href
news
themes
cmu
images
sprite
svg
icon
more
window
data
layer
window
data
layer
window
data
layer
push
language
en
country
site
title
news
entity
created
entity
langcode
en
entity
status
1
entity
uid
21
entity
uuid
be
ca
fdcf
entity
vid
entity
type
node
entity
bundle
page
entity
id
3
entity
title
site
name
news
site
id
news
site
theme
cmu
environment
live
cms
drupal
cms
version
6
publication
date
22
page
type
page
script
type
application
json
data
drupal
selector
drupal
settings
json
path
base
url
path
prefix
current
path
node
3
current
path
is
admin
false
is
front
true
current
language
en
plural
delimiter
suppress
deprecation
errors
true
data
layer
default
lang
en
languages
en
id
en
name
english
direction
ltr
weight
0
user
uid
0
permissions
hash
aa
9
fd
56
ea
fa
script
src
news
core
misc
drupal
settings
loader
js
6
script
src
news
core
misc
drupal
js
6
script
src
news
core
misc
drupal
init
js
6
script
src
https://unpkg.com/web-vitals/dist/web-vitals.iife.js
script
src
news
modules
custom
cmu
datalayer
js
cmu
datalayer
js
1
script
src
news
modules
contrib
datalayer
js
datalayer
js
1
script
src
news
themes
cmu
dist
js
main
js
1
script
src
news
modules
contrib
obfuscate
email
js
obfuscate
email
js
6
script
src
news
libraries
moment
min
moment
min
js
0
scroll
to
top
