html
meta
charset
utf
8
meta
content
edge
http
equiv
compatible
meta
content
width
device
width
initial
scale
name
viewport
homepage
carnegie
mellon
university
meta
content
is
global
research
university
known
for
its
world
class
interdisciplinary
programs
arts
business
computing
engineering
humanities
policy
and
science
name
description
meta
content
carnegie
mellon
university
name
author
meta
content
homepage
carnegie
mellon
university
property
og
title
meta
content
is
global
research
university
known
for
its
world
class
interdisciplinary
programs
arts
business
computing
engineering
humanities
policy
and
science
property
og
description
meta
content
website
property
og
type
meta
content
http://www.cmu.edu/index.html
property
og
url
meta
content
http://www.cmu.edu/assets/images/site/meta-image-cmu.jpg
property
og
image
meta
data
site
id
cmu
id
site
id
rearrange
footer
elements
var
footer
document
query
selector
grid
column
4
grey
nav
var
tagline
document
query
selector
all
grid
column
4
grey
nav
0
var
first
footer
div
document
query
selector
all
grid
column
4
grey
nav
div
0
footer
insert
before
tagline
first
footer
div
img
alt
class
icon
1
src
https://www.cmu.edu/assets/images/homepage/2020/icon-goldwater-300x300.gif
width
svg
xmlns
http://www.w3.org/2000/svg
class
icon
earth
icon
2
height
view
box
width
hero
caption
content
hero
caption
bottom
0
width
auto
padding
5
rem
index
9
media
only
screen
and
max
width
px
hero
caption
content
hero
caption
bottom
0
left
auto
right
0
width
auto
important
font
size
5
rem
index
10
hero
tall
box
right
padding
bottom
2
rem
important
icon
earth
line
icon
earth
path
icon
earth
circle
icon
earth
half
circle
fill
none
stroke
linecap
round
stroke
miterlimit
10
stroke
width
7
px
stroke
icon
earth
half
circle
stroke
be
mix
blend
mode
multiply
icon
earth
line
animate
1
icon
earth
line
animate
2
icon
earth
line
animate
3
icon
earth
line
animate
4
icon
earth
line
animate
5
animation
duration
3
animation
iteration
count
infinite
animation
timing
function
linear
animation
name
icon
earth
line
animation
stroke
dasharray
stroke
dashoffset
0
icon
earth
line
animate
2
animation
delay
5
icon
earth
line
animate
3
animation
delay
icon
earth
line
animate
4
animation
delay
1
icon
earth
line
animate
5
animation
delay
2
keyframes
icon
earth
line
animation
0
stroke
dashoffset
0
stroke
dashoffset
line
class
icon
earth
line
icon
earth
line
animate
1
1
39
2
1
2
line
class
icon
earth
line
icon
earth
line
animate
2
1
22
2
1
2
line
class
icon
earth
line
icon
earth
line
animate
3
1
17
2
1
2
line
class
icon
earth
line
icon
earth
line
animate
4
1
22
2
1
2
line
class
icon
earth
line
icon
earth
line
animate
5
1
39
2
1
2
line
class
icon
earth
line
1
2
1
2
path
class
icon
earth
path
transform
translate
path
class
icon
earth
path
transform
translate
circle
class
icon
earth
circle
cx
cy
path
class
icon
earth
half
circle
transform
translate
10
19
path
class
icon
earth
half
circle
transform
translate
10
19
svg
xmlns
http://www.w3.org/2000/svg
class
icon
turing
icon
3
height
view
box
width
icon
turing
fill
none
stroke
linecap
round
stroke
miterlimit
10
stroke
width
7
px
stroke
icon
turing
cup
mix
blend
mode
multiply
icon
turing
burst
stroke
be
transform
origin
center
animation
duration
15
animation
iteration
count
infinite
animation
timing
function
ease
animation
name
icon
turing
animation
rotate
icon
turing
burst
0
icon
turing
burst
45
icon
turing
burst
90
icon
turing
burst
animation
duration
3
animation
iteration
count
infinite
animation
direction
alternate
reverse
animation
timing
function
ease
stroke
dasharray
30
px
0
px
animation
name
icon
turing
animation
burst
icon
turing
burst
45
animation
delay
1
icon
turing
burst
90
animation
delay
2
icon
turing
burst
animation
delay
3
keyframes
icon
turing
animation
burst
0
stroke
be
35
stroke
be
40
stroke
fff
60
stroke
fff
65
stroke
be
stroke
be
keyframes
icon
turing
animation
rotate
0
transform
rotate
0
deg
20
transform
rotate
45
deg
40
transform
rotate
90
deg
60
transform
rotate
deg
80
transform
rotate
deg
90
transform
rotate
deg
transform
rotate
deg
line
1
2
1
2
line
1
2
1
2
line
1
2
1
2
line
1
2
1
2
line
1
2
1
2
41
line
1
2
1
2
line
1
2
1
2
41
line
1
2
1
2
line
1
2
1
2
path
transform
translate
line
1
2
1
84
2
84
line
1
94
2
1
2
script
src
assets
js
rellax
min
js
script
id
lw
lwcw
src
events
cmu
edu
livewhale
theme
core
scripts
lwcw
js
type
text
javascript
function
add
load
event
func
var
oldonload
window
onload
function
typeof
window
onload
window
onload
func
window
onload
function
oldonload
oldonload
func
document
ready
function
roof
form
clone
prepend
to
hero
nav
roof
type
submit
on
click
function
event
var
input
selector
roof
name
input
input
selector
val
this
submit
event
prevent
default
input
selector
toggle
class
cmu
search
box
on
roof
cmu
search
box
on
length
input
selector
focus
roof
placeholder
search
on
focus
function
event
var
input
selector
roof
name
input
selector
add
class
cmu
search
box
on
hero
nav
type
submit
on
click
function
event
var
form
hero
nav
search
input
selector
hero
nav
name
input
input
selector
val
this
submit
event
prevent
default
form
toggle
class
cmu
search
box
on
hero
nav
cmu
search
box
on
length
input
selector
focus
hero
nav
placeholder
search
on
focus
function
event
var
form
hero
nav
search
form
add
class
cmu
search
box
on
fact
1
img
replace
with
icon
1
fact
2
img
replace
with
icon
2
fact
3
img
replace
with
icon
3
feature
1
archive
link
feature
1
photo
attr
data
rellax
speed
1
add
class
rellax
feature
1
text
attr
data
rellax
speed
2
add
class
rellax
feature
2
text
attr
data
rellax
speed
1
add
class
rellax
fact
1
fact
2
add
class
invisible
var
rellax
new
rellax
rellax
1
new
rellax
fact
1
callback
function
positions
positions
fact
1
remove
class
invisible
rellax
2
new
rellax
fact
2
callback
function
positions
positions
fact
2
remove
class
invisible
add
load
event
function
function
image
instagram
footer
url
link
return
body
mobile
length
header
header
button
header
input
focus
function
content
css
margin
top
6
rem
transition
margin
top
2
ease
header
float
content
tall
css
height
calc
vh
6
rem
transition
height
2
ease
hero
nav
attr
style
display
none
campus
alert
css
index
1
background
color
white
campus
alert
container
hero
text
css
position
fixed
blur
function
content
css
margin
top
0
header
float
content
tall
css
height
vh
hero
nav
remove
attr
style
campus
alert
remove
attr
style
campus
alert
container
hero
text
remove
attr
style
query
ajax
url
https://api.curator.io/v1/feeds/ae7eb559-443f-4af7-9a04-6abca90f4fab/posts
type
get
success
function
data
let
posts
data
posts
if
posts
posts
length
0
if
posts
0
image
large
instagram
replace
with
image
instagram
footer
posts
0
image
large
posts
0
url
else
instagram
replace
with
image
instagram
footer
posts
0
image
posts
0
url
const
ready
if
content
hero
text
length
0
content
hero
append
carnegie
mellon
university
window
add
event
listener
content
loaded
ready
false
