html
meta
charset
utf
8
meta
content
edge
http
equiv
compatible
meta
content
width
device
width
initial
scale
name
viewport
home
center
for
business
engagement
carnegie
mellon
university
meta
content
connect
with
carnegie
mellon
university
center
for
business
engagement
name
description
meta
content
carnegie
mellon
university
name
author
meta
content
home
center
for
business
engagement
carnegie
mellon
university
property
og
title
meta
content
connect
with
carnegie
mellon
university
center
for
business
engagement
property
og
description
meta
content
website
property
og
type
meta
content
http://cms-staging.andrew.cmu.edu/business-engagement/index.html
property
og
url
meta
content
http://cms-staging.andrew.cmu.edu/business-engagement/images/cbe-24-079_triptych-900x600_03sq.jpg
property
og
image
meta
data
site
id
business
engagement
id
site
id
meta
content
ff
ae
54
name
id
link
href
fonts
googleapis
com
css
family
open
sans
italic
italic
italic
rel
stylesheet
type
text
css
link
href
www
cmu
edu
common
standard
6
css
main
min
css
media
screen
rel
stylesheet
type
text
css
link
href
www
cmu
edu
common
standard
6
css
print
min
css
media
print
rel
stylesheet
type
text
css
link
href
www
cmu
edu
favicon
ico
rel
icon
link
href
www
cmu
edu
favicon
png
rel
apple
touch
icon
precomposed
meta
content
name
msapplication
tile
color
meta
content
www
cmu
edu
favicon
png
name
msapplication
tile
image
var
data
layer
window
data
layer
window
data
layer
var
site
id
document
get
element
by
id
site
id
get
attribute
data
site
id
var
site
name
site
id
replace
data
layer
push
site
id
site
id
site
name
site
name
cms
cascade
function
push
gtm
start
new
date
get
time
event
gtm
js
var
get
elements
by
tag
name
0
create
element
dl
data
layer
amp
async
true
src
www
googletagmanager
com
gtm
js
id
dl
parent
node
insert
before
window
document
script
data
layer
iframe
height
0
src
https://www.googletagmanager.com/ns.html
id
style
display
none
visibility
hidden
width
0
class
wordmark
href
www
cmu
edu
carnegie
mellon
university
form
action
https://search.cmu.edu
class
search
search
form
method
get
name
custom
form
input
id
id
form
id
name
form
id
type
hidden
value
basic
form
input
id
site
name
site
type
hidden
value
input
id
id
ie
name
ie
type
hidden
value
8
search
input
aria
label
search
id
id
name
placeholder
search
search
search
this
site
only
input
checked
checked
name
site
type
checkbox
value
business
engagement
center
for
business
engagement
div
aria
label
collage
of
students
on
campus
using
drones
virtual
reality
headsets
and
working
on
computers
class
hero
data
img
images
cbe
triptych
03
sq
jpg
role
img
style
background
image
url
images
cbe
triptych
03
sq
jpg
script
type
text
javascript
function
add
load
event
func
var
oldonload
window
onload
if
typeof
window
onload
function
window
onload
func
else
window
onload
function
if
oldonload
oldonload
func
from
the
technology
that
powers
your
smartphone
to
the
entertainment
you
consume
carnegie
mellon
university
is
transforming
the
modern
world
since
its
founding
by
industrialist
andrew
carnegie
has
been
where
ideas
become
innovations
academia
partners
with
industry
and
problems
find
real
world
solutions
you
expect
nothing
less
from
the
birthplace
of
the
university
that
reinvented
business
education
the
leading
pioneer
in
advanced
manufacturing
and
the
first
degree
granting
program
in
drama
here
the
world
best
researchers
students
and
faculty
engage
in
boundary
breaking
cross
disciplinary
collaboration
both
internally
and
externally
that
bring
new
products
to
market
move
industries
forward
prepare
workers
for
the
challenges
of
tomorrow
and
create
new
fields
of
discovery
connection
to
the
community
has
been
the
key
advantage
for
many
startups
tech
firms
manufacturers
financial
institutions
and
more
ready
to
join
them
the
href
contact
us
staff
directory
html
center
for
business
engagement
team
is
your
first
stop
we
will
guide
and
connect
you
to
the
right
people
at
to
achieve
your
goals
class
btn
ghost
wide
href
contact
us
index
html
connect
with
us
why
work
with
br
for
industry
partners
there
are
no
cookie
cutter
solutions
here
we
offer
variety
of
ways
to
partner
with
collaborative
and
entrepreneurially
minded
faculty
and
students
that
can
be
customized
for
your
exact
situation
and
need
class
cta
href
partner
index
html
let
get
to
work
why
partner
with
industry
br
for
faculty
when
faculty
members
connect
with
corporate
partner
both
can
achieve
greater
success
we
will
explore
your
needs
and
work
with
you
to
find
the
right
partner
to
achieve
your
goals
class
cta
href
contact
us
staff
directory
html
explore
opportunities
explore
the
center
for
business
engagement
href
partner
index
html
target
self
ways
to
partner
img
alt
fitting
wearable
brace
src
images
waystopartner
jpg
href
highlights
index
html
target
self
partner
highlights
img
alt
robot
operated
by
student
bags
groceries
src
images
partnership
highlights
jpg
href
about
us
index
html
target
self
about
us
img
alt
students
study
on
the
kraus
campo
src
images
kraus
sq
2
jpg
class
btn
ghost
wide
href
partner
index
html
ways
to
partner
class
btn
ghost
wide
href
contact
us
index
html
contact
us
center
for
business
engagement
br
forbes
ave
br
pittsburgh
br
href
contact
us
index
html
contact
us
href
www
cmu
edu
legal
target
blank
legal
info
href
www
cmu
edu
www
cmu
edu
carnegie
mellon
university
class
linkedin
href
https://www.linkedin.com/company/cmu-center-for-business-engagement/
target
blank
on
linked
in
href
partner
index
html
target
self
ways
to
partner
href
partner
working
with
businesses
html
target
self
discover
real
world
solutions
href
partner
colleges
html
target
self
work
with
our
colleges
href
highlights
index
html
target
self
partner
highlights
href
about
us
index
html
target
self
about
us
href
faculty
resources
index
html
target
self
faculty
staff
resources
href
contact
us
index
html
target
self
contact
us
script
src
www
cmu
edu
common
standard
6
js
list
min
js
type
text
javascript
script
src
www
cmu
edu
common
standard
6
js
jquery
1
min
js
type
text
javascript
script
src
www
cmu
edu
common
standard
6
js
main
min
js
type
text
javascript
