html
meta
charset
utf
8
meta
content
edge
http
equiv
compatible
meta
content
width
device
width
initial
scale
name
viewport
biography
leadership
carnegie
mellon
university
meta
content
leaders
have
helped
to
create
distinctive
interdisciplinary
culture
growing
international
presence
and
record
of
distinguished
contributions
in
research
by
its
faculty
and
global
network
of
more
than
90
graduates
name
description
meta
content
carnegie
mellon
university
name
author
meta
content
biography
leadership
carnegie
mellon
university
property
og
title
meta
content
leaders
have
helped
to
create
distinctive
interdisciplinary
culture
growing
international
presence
and
record
of
distinguished
contributions
in
research
by
its
faculty
and
global
network
of
more
than
90
graduates
property
og
description
meta
content
website
property
og
type
meta
content
https://www.cmu.edu/leadership/president/bio/index.html
property
og
url
meta
data
site
id
leadership
3
id
site
id
meta
content
eb
9
cfc
db
name
id
link
href
fonts
googleapis
com
css
family
open
sans
italic
italic
italic
rel
stylesheet
type
text
css
link
href
www
cmu
edu
common
standard
6
css
main
min
css
media
screen
rel
stylesheet
type
text
css
link
href
www
cmu
edu
common
standard
6
css
print
min
css
media
print
rel
stylesheet
type
text
css
link
href
www
cmu
edu
favicon
ico
rel
icon
link
href
www
cmu
edu
favicon
png
rel
apple
touch
icon
precomposed
meta
content
name
msapplication
tile
color
meta
content
www
cmu
edu
favicon
png
name
msapplication
tile
image
var
data
layer
window
data
layer
window
data
layer
var
site
id
document
get
element
by
id
site
id
get
attribute
data
site
id
var
site
name
site
id
replace
data
layer
push
site
id
site
id
site
name
site
name
cms
cascade
function
push
gtm
start
new
date
get
time
event
gtm
js
var
get
elements
by
tag
name
0
create
element
dl
data
layer
amp
async
true
src
www
googletagmanager
com
gtm
js
id
dl
parent
node
insert
before
window
document
script
data
layer
iframe
height
0
src
https://www.googletagmanager.com/ns.html
id
style
display
none
visibility
hidden
width
0
class
wordmark
href
www
cmu
edu
carnegie
mellon
university
form
action
https://search.cmu.edu
class
search
search
form
method
get
name
custom
form
input
id
id
form
id
name
form
id
type
hidden
value
basic
form
input
id
site
name
site
type
hidden
value
input
id
id
ie
name
ie
type
hidden
value
8
search
input
aria
label
search
id
id
name
placeholder
search
search
search
this
site
only
input
checked
checked
name
site
type
checkbox
value
leadership
3
href
index
html
leadership
href
index
html
leadership
href
index
html
the
president
biography
script
type
text
javascript
function
add
load
event
func
var
oldonload
window
onload
if
typeof
window
onload
function
window
onload
func
else
window
onload
function
if
oldonload
oldonload
func
biography
farnam
jahanian
president
br
henry
hillman
president
chair
farnam
jahanian
was
appointed
the
tenth
president
of
carnegie
mellon
university
by
its
board
of
trustees
in
march
and
was
unanimously
reappointed
for
second
five
year
term
in
february
he
was
previously
the
university
provost
and
later
served
as
interim
president
from
july
to
february
nationally
recognized
computer
scientist
entrepreneur
public
servant
and
higher
education
leader
jahanian
brings
extensive
leadership
and
administrative
expertise
to
carnegie
mellon
and
has
advanced
number
of
key
priorities
at
the
university
and
in
higher
education
more
broadly
he
is
leading
important
conversations
and
initiatives
aimed
at
helping
higher
education
adapt
to
the
future
of
work
in
the
age
of
automation
and
artificial
intelligence
and
elevating
the
role
of
universities
in
expanding
the
footprint
of
innovation
during
his
tenure
at
the
university
has
also
undergone
the
largest
expansion
of
campus
infrastructure
in
its
history
including
significant
renovation
of
education
and
learning
spaces
re
envisioning
of
the
residential
experience
and
new
state
of
the
art
maker
ecosystem
he
has
spearheaded
efforts
to
enhance
the
overall
experience
for
students
with
focus
on
student
success
holistic
health
and
wellbeing
and
support
for
diverse
and
inclusive
climate
he
has
also
expanded
partnerships
that
advance
the
research
mission
of
the
university
and
is
leading
2
fundraising
campaign
the
largest
in
the
university
history
which
launched
in
october
he
first
joined
as
vice
president
for
research
in
where
he
was
responsible
for
nurturing
excellence
in
research
scholarship
and
creative
activities
in
his
role
as
provost
and
chief
academic
officer
from
may
to
june
jahanian
had
broad
responsibility
for
leading
schools
colleges
institutes
and
campuses
and
was
instrumental
in
long
range
institutional
and
academic
planning
and
implementation
prior
to
coming
to
jahanian
led
the
national
science
foundation
directorate
for
computer
and
information
science
and
engineering
from
to
he
guided
with
budget
of
almost
million
in
its
mission
to
advance
scientific
discovery
and
engineering
innovation
through
its
support
of
fundamental
research
previously
jahanian
was
the
edward
davidson
collegiate
professor
at
the
university
of
michigan
where
he
served
as
chair
for
computer
science
and
engineering
from
to
and
as
director
of
the
software
systems
laboratory
from
to
jahanian
has
been
an
active
advocate
for
how
basic
research
can
be
uniquely
central
to
an
innovation
ecosystem
that
drives
global
competitiveness
and
addresses
national
priorities
his
highly
influential
research
on
internet
infrastructure
security
formed
the
basis
for
the
internet
security
company
arbor
networks
which
he
co
founded
in
and
where
he
served
as
chairman
until
its
acquisition
in
jahanian
has
served
on
dozens
of
national
state
and
regional
advisory
boards
and
panels
in
president
joseph
biden
appointed
jahanian
to
the
president
export
council
and
in
he
served
as
member
of
pennsylvania
governor
elect
josh
shapiro
transition
team
he
is
member
of
the
board
of
directors
for
highmark
health
and
the
allegheny
conference
on
community
development
among
others
he
served
as
chair
of
the
national
research
council
computer
science
and
telecommunications
board
from
to
and
has
been
board
member
of
the
computing
research
association
he
sits
on
the
executive
committee
of
the
council
on
competitiveness
is
trustee
of
the
dietrich
foundation
and
serves
as
co
chair
of
the
southwestern
pennsylvania
new
economy
coalition
which
is
the
governing
board
for
implementing
the
coalition
build
back
better
regional
challenge
grant
dr
jahanian
is
active
with
the
world
economic
forum
serving
as
vice
chair
of
the
global
university
leaders
forum
and
as
member
of
the
global
network
advisory
board
for
centre
for
the
fourth
industrial
revolution
4
he
also
serves
on
4
internet
of
things
council
jahanian
holds
ph
in
computer
science
from
the
university
of
texas
at
austin
he
is
fellow
of
the
association
for
computing
machinery
the
institute
of
electrical
and
electronic
engineers
and
the
american
association
for
the
advancement
of
science
jahanian
and
his
wife
tris
have
three
adult
children
class
cta
href
assets
pdf
fjbio
full
pdf
rel
noopener
target
blank
download
full
bio
br
download
short
bio
img
alt
portrait
of
dr
farnam
jahanian
height
src
jahanian
portrait
min
jpg
width
download
hi
res
image
download
full
bio
download
short
bio
tris
jahanian
bio
leadership
br
carnegie
mellon
university
br
forbes
avenue
br
pittsburgh
br
br
href
www
cmu
edu
legal
target
blank
legal
info
href
www
cmu
edu
www
cmu
edu
carnegie
mellon
university
href
board
index
html
target
self
board
of
trustees
href
board
chair
html
target
self
chair
of
the
board
href
board
officers
of
the
corporation
html
target
self
officers
of
the
corporation
href
board
voting
trustees
html
target
self
voting
trustees
href
board
emeriti
trustees
html
target
self
emeriti
trustees
href
board
office
of
the
board
of
trustees
html
target
self
office
of
board
of
trustees
href
index
html
target
self
the
president
biography
href
senior
staff
index
html
target
self
office
of
the
president
href
campus
comms
index
html
target
self
messages
from
the
president
href
lecture
series
index
html
target
self
president
lecture
series
href
multimedia
index
html
target
self
multimedia
gallery
href
in
the
news
index
html
target
self
in
the
news
href
past
pres
index
html
target
self
past
presidents
href
contact
index
html
target
self
contact
href
the
provost
index
html
target
self
the
provost
href
the
provost
bio
index
html
target
self
biography
href
the
provost
provost
office
index
html
target
self
office
of
the
provost
href
the
provost
academic
leadership
index
html
target
self
academic
leadership
href
the
provost
provost
priorities
index
html
target
self
provost
priorities
href
the
provost
campus
comms
index
html
target
self
campus
communications
href
the
provost
office
hours
index
html
target
self
provost
office
hours
href
the
provost
open
searches
index
html
target
self
open
searches
href
the
provost
past
provosts
index
html
target
self
past
provosts
href
the
provost
contact
index
html
target
self
contact
href
senior
admin
index
html
target
self
senior
administration
href
deans
index
html
target
self
deans
script
src
www
cmu
edu
common
standard
6
js
list
min
js
type
text
javascript
script
src
www
cmu
edu
common
standard
6
js
jquery
1
min
js
type
text
javascript
script
src
www
cmu
edu
common
standard
6
js
main
min
js
type
text
javascript
