html
html
lang
en
dir
ltr
prefix
og
https://ogp.me/ns
link
rel
canonical
href
news
stories
archives
january
meta
property
og
url
content
https://cmu.edu/news/stories/archives/2023/january
meta
name
generator
content
drupal
10
https://www.drupal.org
script
type
application
ld
json
context
https://schema.org
graph
type
college
or
university
id
http://www.cmu.edu/news
url
https://www.cmu.edu/
same
as
https://www.facebook.com/carnegiemellonuniversity
https://twitter.com/cmu_news
https://www.instagram.com/carnegiemellon/
https://www.linkedin.com/school/carnegie-mellon-university/
https://www.youtube.com/carnegiemellonu
name
carnegie
mellon
university
telephone
logo
type
image
object
url
https://www.cmu.edu/brand/brand-guidelines/images/wordmarksquare-red-600x600.png
width
height
alternate
name
carnegie
mellon
address
type
postal
address
street
address
forbes
ave
address
locality
pittsburgh
address
region
postal
code
address
country
link
rel
icon
href
news
themes
cmu
favicon
ico
type
image
vnd
microsoft
icon
january
news
carnegie
mellon
university
link
rel
stylesheet
media
all
href
fonts
googleapis
com
css
family
open
sans
italic
italic
italic
link
rel
stylesheet
media
all
href
news
themes
cmu
dist
css
main
css
sioyzl
link
rel
stylesheet
media
print
href
news
themes
cmu
dist
css
print
css
sioyzl
link
rel
apple
touch
icon
sizes
href
https://www.cmu.edu/news/themes/cmu2019/apple-touch-icon.png
link
rel
icon
type
image
png
sizes
href
https://www.cmu.edu/news/themes/cmu2019/favicon-32x32.png
link
rel
icon
type
image
png
sizes
href
https://www.cmu.edu/news/themes/cmu2019/favicon-16x16.png
link
rel
mask
icon
href
https://www.cmu.edu/news/themes/cmu2019/safari-pinned-tab.svg
color
5
bbad
5
skip
to
main
content
href
https://www.cmu.edu
class
roof
wordmark
link
id
wordmark
carnegie
mellon
university
homepage
use
xlink
href
news
themes
cmu
images
sprite
svg
cmu
wordmark
form
action
https://search.cmu.edu
method
get
class
roof
search
form
search
carnegie
mellon
university
search
use
xlink
href
news
themes
cmu
images
sprite
svg
icon
search
svg
class
icon
menu
width
height
xmlns
http://www.w3.org/2000/svg
viewbox
menu
href
news
news
form
action
https://search.cmu.edu
method
get
class
side
nav
search
form
search
carnegie
mellon
university
search
use
xlink
href
news
themes
cmu
images
sprite
svg
icon
search
href
news
stories
class
side
nav
list
list
item
link
data
drupal
link
system
path
node
6
stories
stories
section
href
news
stories
college
of
engineering
class
side
nav
list
list
item
link
data
drupal
link
system
path
node
college
of
engineering
href
news
stories
college
of
fine
arts
class
side
nav
list
list
item
link
data
drupal
link
system
path
node
college
of
fine
arts
href
news
stories
dietrich
college
of
humanities
social
sciences
class
side
nav
list
list
item
link
data
drupal
link
system
path
node
dietrich
college
of
humanities
amp
social
sciences
href
news
stories
heinz
college
of
information
systems
and
public
policy
class
side
nav
list
list
item
link
data
drupal
link
system
path
node
heinz
college
of
information
systems
and
public
policy
href
news
stories
mellon
college
of
science
class
side
nav
list
list
item
link
data
drupal
link
system
path
node
mellon
college
of
science
href
news
stories
school
of
computer
science
class
side
nav
list
list
item
link
data
drupal
link
system
path
node
school
of
computer
science
href
news
stories
tepper
school
of
business
class
side
nav
list
list
item
link
data
drupal
link
system
path
node
tepper
school
of
business
href
news
stories
archives
class
side
nav
list
list
item
link
data
drupal
link
system
path
node
7
archives
archives
section
href
news
stories
archives
class
side
nav
list
list
item
link
data
drupal
link
system
path
stories
archives
section
href
news
stories
archives
january
class
side
nav
list
list
item
link
data
drupal
link
system
path
stories
archives
january
january
href
news
stories
archives
february
class
side
nav
list
list
item
link
data
drupal
link
system
path
stories
archives
february
february
href
news
stories
archives
march
class
side
nav
list
list
item
link
data
drupal
link
system
path
stories
archives
march
march
href
news
stories
archives
april
class
side
nav
list
list
item
link
data
drupal
link
system
path
stories
archives
april
april
href
news
stories
archives
may
class
side
nav
list
list
item
link
data
drupal
link
system
path
stories
archives
may
may
href
news
stories
archives
june
class
side
nav
list
list
item
link
data
drupal
link
system
path
stories
archives
june
june
href
news
stories
archives
july
class
side
nav
list
list
item
link
data
drupal
link
system
path
stories
archives
july
july
href
news
stories
archives
august
class
side
nav
list
list
item
link
data
drupal
link
system
path
stories
archives
august
august
href
news
stories
archives
class
side
nav
list
list
item
link
data
drupal
link
system
path
stories
archives
section
href
news
stories
archives
january
class
side
nav
list
list
item
link
is
active
data
drupal
link
system
path
stories
archives
january
january
href
news
stories
archives
february
class
side
nav
list
list
item
link
data
drupal
link
system
path
stories
archives
february
february
href
news
stories
archives
march
class
side
nav
list
list
item
link
data
drupal
link
system
path
stories
archives
march
march
href
news
stories
archives
april
class
side
nav
list
list
item
link
data
drupal
link
system
path
stories
archives
april
april
href
news
stories
archives
may
class
side
nav
list
list
item
link
data
drupal
link
system
path
stories
archives
may
may
href
news
stories
archives
june
class
side
nav
list
list
item
link
data
drupal
link
system
path
stories
archives
june
june
href
news
stories
archives
july
class
side
nav
list
list
item
link
data
drupal
link
system
path
stories
archives
july
july
href
news
stories
archives
august
class
side
nav
list
list
item
link
data
drupal
link
system
path
stories
archives
august
august
href
news
stories
archives
september
class
side
nav
list
list
item
link
data
drupal
link
system
path
stories
archives
september
september
href
news
stories
archives
october
class
side
nav
list
list
item
link
data
drupal
link
system
path
stories
archives
october
october
href
news
stories
archives
november
class
side
nav
list
list
item
link
data
drupal
link
system
path
stories
archives
november
november
href
news
stories
archives
december
class
side
nav
list
list
item
link
data
drupal
link
system
path
stories
archives
december
december
href
news
stories
archives
class
side
nav
list
list
item
link
data
drupal
link
system
path
stories
archives
section
href
news
stories
archives
january
class
side
nav
list
list
item
link
data
drupal
link
system
path
stories
archives
january
january
href
news
stories
archives
february
class
side
nav
list
list
item
link
data
drupal
link
system
path
stories
archives
february
february
href
news
stories
archives
march
class
side
nav
list
list
item
link
data
drupal
link
system
path
stories
archives
march
march
href
news
stories
archives
april
class
side
nav
list
list
item
link
data
drupal
link
system
path
stories
archives
april
april
href
news
stories
archives
may
class
side
nav
list
list
item
link
data
drupal
link
system
path
stories
archives
may
may
href
news
stories
archives
june
class
side
nav
list
list
item
link
data
drupal
link
system
path
stories
archives
june
june
href
news
stories
archives
july
class
side
nav
list
list
item
link
data
drupal
link
system
path
stories
archives
july
july
href
news
stories
archives
august
class
side
nav
list
list
item
link
data
drupal
link
system
path
stories
archives
august
august
href
news
stories
archives
september
class
side
nav
list
list
item
link
data
drupal
link
system
path
stories
archives
september
september
href
news
stories
archives
october
class
side
nav
list
list
item
link
data
drupal
link
system
path
stories
archives
october
october
href
news
stories
archives
november
class
side
nav
list
list
item
link
data
drupal
link
system
path
stories
archives
november
november
href
news
stories
archives
december
class
side
nav
list
list
item
link
data
drupal
link
system
path
stories
archives
december
december
href
news
stories
archives
class
side
nav
list
list
item
link
data
drupal
link
system
path
stories
archives
section
href
news
stories
archives
january
class
side
nav
list
list
item
link
data
drupal
link
system
path
stories
archives
january
january
href
news
stories
archives
february
class
side
nav
list
list
item
link
data
drupal
link
system
path
stories
archives
february
february
href
news
stories
archives
march
class
side
nav
list
list
item
link
data
drupal
link
system
path
stories
archives
march
march
href
news
stories
archives
april
class
side
nav
list
list
item
link
data
drupal
link
system
path
stories
archives
april
april
href
news
stories
archives
may
class
side
nav
list
list
item
link
data
drupal
link
system
path
stories
archives
may
may
href
news
stories
archives
june
class
side
nav
list
list
item
link
data
drupal
link
system
path
stories
archives
june
june
href
news
stories
archives
july
class
side
nav
list
list
item
link
data
drupal
link
system
path
stories
archives
july
july
href
news
stories
archives
august
class
side
nav
list
list
item
link
data
drupal
link
system
path
stories
archives
august
august
href
news
stories
archives
september
class
side
nav
list
list
item
link
data
drupal
link
system
path
stories
archives
september
september
href
news
stories
archives
october
class
side
nav
list
list
item
link
data
drupal
link
system
path
stories
archives
october
october
href
news
stories
archives
november
class
side
nav
list
list
item
link
data
drupal
link
system
path
stories
archives
november
november
href
news
stories
archives
december
class
side
nav
list
list
item
link
data
drupal
link
system
path
stories
archives
december
december
href
news
stories
archives
class
side
nav
list
list
item
link
data
drupal
link
system
path
stories
archives
section
href
news
stories
archives
january
class
side
nav
list
list
item
link
data
drupal
link
system
path
stories
archives
january
january
href
news
stories
archives
february
class
side
nav
list
list
item
link
data
drupal
link
system
path
stories
archives
february
february
href
news
stories
archives
march
class
side
nav
list
list
item
link
data
drupal
link
system
path
stories
archives
march
march
href
news
stories
archives
april
class
side
nav
list
list
item
link
data
drupal
link
system
path
stories
archives
april
april
href
news
stories
archives
may
class
side
nav
list
list
item
link
data
drupal
link
system
path
stories
archives
may
may
href
news
stories
archives
june
class
side
nav
list
list
item
link
data
drupal
link
system
path
stories
archives
june
june
href
news
stories
archives
july
class
side
nav
list
list
item
link
data
drupal
link
system
path
stories
archives
july
july
href
news
stories
archives
august
class
side
nav
list
list
item
link
data
drupal
link
system
path
stories
archives
august
august
href
news
stories
archives
september
class
side
nav
list
list
item
link
data
drupal
link
system
path
stories
archives
september
september
href
news
stories
archives
october
class
side
nav
list
list
item
link
data
drupal
link
system
path
stories
archives
october
october
href
news
stories
archives
november
class
side
nav
list
list
item
link
data
drupal
link
system
path
stories
archives
november
november
href
news
stories
archives
december
class
side
nav
list
list
item
link
data
drupal
link
system
path
stories
archives
december
december
href
news
stories
archives
class
side
nav
list
list
item
link
data
drupal
link
system
path
stories
archives
section
href
news
stories
archives
january
class
side
nav
list
list
item
link
data
drupal
link
system
path
stories
archives
january
january
href
news
stories
archives
february
class
side
nav
list
list
item
link
data
drupal
link
system
path
stories
archives
february
february
href
news
stories
archives
march
class
side
nav
list
list
item
link
data
drupal
link
system
path
stories
archives
march
march
href
news
stories
archives
april
class
side
nav
list
list
item
link
data
drupal
link
system
path
stories
archives
april
april
href
news
stories
archives
may
class
side
nav
list
list
item
link
data
drupal
link
system
path
stories
archives
may
may
href
news
stories
archives
june
class
side
nav
list
list
item
link
data
drupal
link
system
path
stories
archives
june
june
href
news
stories
archives
july
class
side
nav
list
list
item
link
data
drupal
link
system
path
stories
archives
july
july
href
news
stories
archives
august
class
side
nav
list
list
item
link
data
drupal
link
system
path
stories
archives
august
august
href
news
stories
archives
september
class
side
nav
list
list
item
link
data
drupal
link
system
path
stories
archives
september
september
href
news
stories
archives
october
class
side
nav
list
list
item
link
data
drupal
link
system
path
stories
archives
october
october
href
news
stories
archives
november
class
side
nav
list
list
item
link
data
drupal
link
system
path
stories
archives
november
november
href
news
stories
archives
december
class
side
nav
list
list
item
link
data
drupal
link
system
path
stories
archives
december
december
href
news
stories
archives
class
side
nav
list
list
item
link
data
drupal
link
system
path
stories
archives
section
href
news
stories
archives
january
class
side
nav
list
list
item
link
data
drupal
link
system
path
stories
archives
january
january
href
news
stories
archives
february
class
side
nav
list
list
item
link
data
drupal
link
system
path
stories
archives
february
february
href
news
stories
archives
march
class
side
nav
list
list
item
link
data
drupal
link
system
path
stories
archives
march
march
href
news
stories
archives
april
class
side
nav
list
list
item
link
data
drupal
link
system
path
stories
archives
april
april
href
news
stories
archives
may
class
side
nav
list
list
item
link
data
drupal
link
system
path
stories
archives
may
may
href
news
stories
archives
june
class
side
nav
list
list
item
link
data
drupal
link
system
path
stories
archives
june
june
href
news
stories
archives
july
class
side
nav
list
list
item
link
data
drupal
link
system
path
stories
archives
july
july
href
news
stories
archives
august
class
side
nav
list
list
item
link
data
drupal
link
system
path
stories
archives
august
august
href
news
stories
archives
september
class
side
nav
list
list
item
link
data
drupal
link
system
path
stories
archives
september
september
href
news
stories
archives
october
class
side
nav
list
list
item
link
data
drupal
link
system
path
stories
archives
october
october
href
news
stories
archives
november
class
side
nav
list
list
item
link
data
drupal
link
system
path
stories
archives
november
november
href
news
stories
archives
december
class
side
nav
list
list
item
link
data
drupal
link
system
path
stories
archives
december
december
href
news
stories
archives
class
side
nav
list
list
item
link
data
drupal
link
system
path
stories
archives
section
href
news
stories
archives
january
class
side
nav
list
list
item
link
data
drupal
link
system
path
stories
archives
january
january
href
news
stories
archives
february
class
side
nav
list
list
item
link
data
drupal
link
system
path
stories
archives
february
february
href
news
stories
archives
march
class
side
nav
list
list
item
link
data
drupal
link
system
path
stories
archives
march
march
href
news
stories
archives
april
class
side
nav
list
list
item
link
data
drupal
link
system
path
stories
archives
april
april
href
news
stories
archives
may
class
side
nav
list
list
item
link
data
drupal
link
system
path
stories
archives
may
may
href
news
stories
archives
june
class
side
nav
list
list
item
link
data
drupal
link
system
path
stories
archives
june
june
href
news
stories
archives
july
class
side
nav
list
list
item
link
data
drupal
link
system
path
stories
archives
july
july
href
news
stories
archives
august
class
side
nav
list
list
item
link
data
drupal
link
system
path
stories
archives
august
august
href
news
stories
archives
september
class
side
nav
list
list
item
link
data
drupal
link
system
path
stories
archives
september
september
href
news
stories
archives
october
class
side
nav
list
list
item
link
data
drupal
link
system
path
stories
archives
october
october
href
news
stories
archives
november
class
side
nav
list
list
item
link
data
drupal
link
system
path
stories
archives
november
november
href
news
stories
archives
december
class
side
nav
list
list
item
link
data
drupal
link
system
path
stories
archives
december
december
href
news
stories
archives
class
side
nav
list
list
item
link
data
drupal
link
system
path
stories
archives
section
href
news
stories
archives
january
class
side
nav
list
list
item
link
data
drupal
link
system
path
stories
archives
january
january
href
news
stories
archives
february
class
side
nav
list
list
item
link
data
drupal
link
system
path
stories
archives
february
february
href
news
stories
archives
march
class
side
nav
list
list
item
link
data
drupal
link
system
path
stories
archives
march
march
href
news
stories
archives
april
class
side
nav
list
list
item
link
data
drupal
link
system
path
stories
archives
april
april
href
news
stories
archives
may
class
side
nav
list
list
item
link
data
drupal
link
system
path
stories
archives
may
may
href
news
stories
archives
june
class
side
nav
list
list
item
link
data
drupal
link
system
path
stories
archives
june
june
href
news
stories
archives
july
class
side
nav
list
list
item
link
data
drupal
link
system
path
stories
archives
july
july
href
news
stories
archives
august
class
side
nav
list
list
item
link
data
drupal
link
system
path
stories
archives
august
august
href
news
stories
archives
september
class
side
nav
list
list
item
link
data
drupal
link
system
path
stories
archives
september
september
href
news
stories
archives
october
class
side
nav
list
list
item
link
data
drupal
link
system
path
stories
archives
october
october
href
news
stories
archives
november
class
side
nav
list
list
item
link
data
drupal
link
system
path
stories
archives
november
november
href
news
stories
archives
december
class
side
nav
list
list
item
link
data
drupal
link
system
path
stories
archives
december
december
href
news
stories
archives
class
side
nav
list
list
item
link
data
drupal
link
system
path
stories
archives
section
href
news
stories
archives
january
class
side
nav
list
list
item
link
data
drupal
link
system
path
stories
archives
january
january
href
news
stories
archives
february
class
side
nav
list
list
item
link
data
drupal
link
system
path
stories
archives
february
february
href
news
stories
archives
march
class
side
nav
list
list
item
link
data
drupal
link
system
path
stories
archives
march
march
href
news
stories
archives
april
class
side
nav
list
list
item
link
data
drupal
link
system
path
stories
archives
april
april
href
news
stories
archives
may
class
side
nav
list
list
item
link
data
drupal
link
system
path
stories
archives
may
may
href
news
stories
archives
june
class
side
nav
list
list
item
link
data
drupal
link
system
path
stories
archives
june
june
href
news
stories
archives
july
class
side
nav
list
list
item
link
data
drupal
link
system
path
stories
archives
july
july
href
news
stories
archives
august
class
side
nav
list
list
item
link
data
drupal
link
system
path
stories
archives
august
august
href
news
stories
archives
september
class
side
nav
list
list
item
link
data
drupal
link
system
path
stories
archives
september
september
href
news
stories
archives
october
class
side
nav
list
list
item
link
data
drupal
link
system
path
stories
archives
october
october
href
news
stories
archives
november
class
side
nav
list
list
item
link
data
drupal
link
system
path
stories
archives
november
november
href
news
stories
archives
december
class
side
nav
list
list
item
link
data
drupal
link
system
path
stories
archives
december
december
href
news
stories
archives
class
side
nav
list
list
item
link
data
drupal
link
system
path
stories
archives
section
href
news
stories
archives
january
class
side
nav
list
list
item
link
data
drupal
link
system
path
stories
archives
january
january
href
news
stories
archives
february
class
side
nav
list
list
item
link
data
drupal
link
system
path
stories
archives
february
february
href
news
stories
archives
march
class
side
nav
list
list
item
link
data
drupal
link
system
path
stories
archives
march
march
href
news
stories
archives
april
class
side
nav
list
list
item
link
data
drupal
link
system
path
stories
archives
april
april
href
news
stories
archives
may
class
side
nav
list
list
item
link
data
drupal
link
system
path
stories
archives
may
may
href
news
stories
archives
june
class
side
nav
list
list
item
link
data
drupal
link
system
path
stories
archives
june
june
href
news
stories
archives
july
class
side
nav
list
list
item
link
data
drupal
link
system
path
stories
archives
july
july
href
news
stories
archives
august
class
side
nav
list
list
item
link
data
drupal
link
system
path
stories
archives
august
august
href
news
stories
archives
september
class
side
nav
list
list
item
link
data
drupal
link
system
path
stories
archives
september
september
href
news
stories
archives
october
class
side
nav
list
list
item
link
data
drupal
link
system
path
stories
archives
october
october
href
news
stories
archives
november
class
side
nav
list
list
item
link
data
drupal
link
system
path
stories
archives
november
november
href
news
stories
archives
december
class
side
nav
list
list
item
link
data
drupal
link
system
path
stories
archives
december
december
href
news
stories
archives
class
side
nav
list
list
item
link
data
drupal
link
system
path
stories
archives
section
href
news
stories
archives
january
class
side
nav
list
list
item
link
data
drupal
link
system
path
stories
archives
january
january
href
news
stories
archives
february
class
side
nav
list
list
item
link
data
drupal
link
system
path
stories
archives
february
february
href
news
stories
archives
march
class
side
nav
list
list
item
link
data
drupal
link
system
path
stories
archives
march
march
href
news
stories
archives
april
class
side
nav
list
list
item
link
data
drupal
link
system
path
stories
archives
april
april
href
news
stories
archives
may
class
side
nav
list
list
item
link
data
drupal
link
system
path
stories
archives
may
may
href
news
stories
archives
june
class
side
nav
list
list
item
link
data
drupal
link
system
path
stories
archives
june
june
href
news
stories
archives
july
class
side
nav
list
list
item
link
data
drupal
link
system
path
stories
archives
july
july
href
news
stories
archives
august
class
side
nav
list
list
item
link
data
drupal
link
system
path
stories
archives
august
august
href
news
stories
archives
september
class
side
nav
list
list
item
link
data
drupal
link
system
path
stories
archives
september
september
href
news
stories
archives
october
class
side
nav
list
list
item
link
data
drupal
link
system
path
stories
archives
october
october
href
news
stories
archives
november
class
side
nav
list
list
item
link
data
drupal
link
system
path
stories
archives
november
november
href
news
stories
archives
december
class
side
nav
list
list
item
link
data
drupal
link
system
path
stories
archives
december
december
href
news
stories
archives
class
side
nav
list
list
item
link
data
drupal
link
system
path
stories
archives
section
href
news
stories
archives
january
class
side
nav
list
list
item
link
data
drupal
link
system
path
stories
archives
january
january
href
news
stories
archives
february
class
side
nav
list
list
item
link
data
drupal
link
system
path
stories
archives
february
february
href
news
stories
archives
march
class
side
nav
list
list
item
link
data
drupal
link
system
path
stories
archives
march
march
href
news
stories
archives
april
class
side
nav
list
list
item
link
data
drupal
link
system
path
stories
archives
april
april
href
news
stories
archives
may
class
side
nav
list
list
item
link
data
drupal
link
system
path
stories
archives
may
may
href
news
stories
archives
june
class
side
nav
list
list
item
link
data
drupal
link
system
path
stories
archives
june
june
href
news
stories
archives
july
class
side
nav
list
list
item
link
data
drupal
link
system
path
stories
archives
july
july
href
news
stories
archives
august
class
side
nav
list
list
item
link
data
drupal
link
system
path
stories
archives
august
august
href
news
stories
archives
september
class
side
nav
list
list
item
link
data
drupal
link
system
path
stories
archives
september
september
href
news
stories
archives
october
class
side
nav
list
list
item
link
data
drupal
link
system
path
stories
archives
october
october
href
news
stories
archives
november
class
side
nav
list
list
item
link
data
drupal
link
system
path
stories
archives
november
november
href
news
stories
archives
december
class
side
nav
list
list
item
link
data
drupal
link
system
path
stories
archives
december
december
href
news
stories
archives
class
side
nav
list
list
item
link
data
drupal
link
system
path
stories
archives
section
href
news
stories
archives
january
class
side
nav
list
list
item
link
data
drupal
link
system
path
stories
archives
january
january
href
news
stories
archives
february
class
side
nav
list
list
item
link
data
drupal
link
system
path
stories
archives
february
february
href
news
stories
archives
march
class
side
nav
list
list
item
link
data
drupal
link
system
path
stories
archives
march
march
href
news
stories
archives
april
class
side
nav
list
list
item
link
data
drupal
link
system
path
stories
archives
april
april
href
news
stories
archives
may
class
side
nav
list
list
item
link
data
drupal
link
system
path
stories
archives
may
may
href
news
stories
archives
june
class
side
nav
list
list
item
link
data
drupal
link
system
path
stories
archives
june
june
href
news
stories
archives
july
class
side
nav
list
list
item
link
data
drupal
link
system
path
stories
archives
july
july
href
news
stories
archives
august
class
side
nav
list
list
item
link
data
drupal
link
system
path
stories
archives
august
august
href
news
stories
archives
september
class
side
nav
list
list
item
link
data
drupal
link
system
path
stories
archives
september
september
href
news
stories
archives
october
class
side
nav
list
list
item
link
data
drupal
link
system
path
stories
archives
october
october
href
news
stories
archives
november
class
side
nav
list
list
item
link
data
drupal
link
system
path
stories
archives
november
november
href
news
stories
archives
december
class
side
nav
list
list
item
link
data
drupal
link
system
path
stories
archives
december
december
href
news
experts
class
side
nav
list
list
item
link
data
drupal
link
system
path
experts
experts
href
news
media
contacts
class
side
nav
list
list
item
link
data
drupal
link
system
path
node
1
media
contacts
href
news
podcasts
class
side
nav
list
list
item
link
data
drupal
link
system
path
node
podcasts
href
http://www.cmu.edu/piper/
class
side
nav
list
list
item
link
the
piper
campus
amp
community
news
class
sitebranding
container
sitebranding
sitename
link
href
news
news
main
navigation
href
news
stories
class
header
nav
list
list
item
is
active
header
nav
list
list
item
first
child
header
nav
list
list
item
link
data
drupal
link
system
path
node
6
stories
href
news
experts
class
header
nav
list
list
item
header
nav
list
list
item
link
data
drupal
link
system
path
experts
experts
href
news
media
contacts
class
header
nav
list
list
item
header
nav
list
list
item
link
data
drupal
link
system
path
node
1
media
contacts
href
news
podcasts
class
header
nav
list
list
item
header
nav
list
list
item
link
data
drupal
link
system
path
node
podcasts
class
breadcrumbs
list
item
link
breadcrumbs
list
item
link
first
child
href
news
news
class
breadcrumbs
list
item
link
href
news
stories
stories
class
breadcrumbs
list
item
link
href
news
stories
archives
archives
class
breadcrumbs
list
item
link
href
news
stories
archives
january
form
class
views
exposed
form
listing
filter
novalidate
novalidate
data
drupal
selector
views
exposed
form
news
listing
archive
action
news
stories
archives
january
method
get
id
views
exposed
form
news
listing
archive
accept
charset
8
filter
articles
by
type
to
filter
skip
filters
and
go
to
articles
type
to
filter
reset
filters
17
articles
displayed
class
grid
box
link
box
href
news
stories
archives
january
prototype
particle
detectors
project
smashes
milestone
source
srcset
news
sites
default
files
styles
listings
tablet
1
public
stories
archives
january
images
particle
detector
milestone
jpg
webp
itok
pz
media
max
width
px
and
min
width
px
type
image
webp
width
height
source
srcset
news
sites
default
files
styles
listings
desktop
1
public
stories
archives
january
images
particle
detector
milestone
jpg
webp
itok
9
kc
jg
1
media
min
width
px
type
image
webp
width
height
source
srcset
news
sites
default
files
styles
listings
mobile
1
public
stories
archives
january
images
particle
detector
milestone
jpg
webp
itok
8
ar
1
ygj
1
media
max
width
px
type
image
webp
width
height
source
srcset
news
sites
default
files
styles
listings
xs
1
public
stories
archives
january
images
particle
detector
milestone
jpg
webp
itok
1
media
max
width
px
type
image
webp
width
height
img
class
link
box
image
data
focal
point
center
center
src
news
sites
default
files
styles
listings
desktop
1
public
stories
archives
january
images
particle
detector
milestone
jpg
webp
itok
9
kc
jg
width
height
alt
particle
detector
milestone
jpg
loading
lazy
prototype
particle
detectors
project
smashes
milestone
physicists
are
one
step
closer
to
major
upgrade
for
the
large
hadron
collider
compact
muon
solenoid
experiment
tuesday
january
31
class
grid
box
link
box
href
news
stories
archives
january
moroccan
service
trip
sets
seniors
sights
on
medicine
source
srcset
news
sites
default
files
styles
listings
tablet
1
public
stories
archives
january
images
jennings
award
wright
lr
jpg
webp
itok
up
5
xa
1
media
max
width
px
and
min
width
px
type
image
webp
width
height
source
srcset
news
sites
default
files
styles
listings
desktop
1
public
stories
archives
january
images
jennings
award
wright
lr
jpg
webp
itok
ogq
ox
1
media
min
width
px
type
image
webp
width
height
source
srcset
news
sites
default
files
styles
listings
mobile
1
public
stories
archives
january
images
jennings
award
wright
lr
jpg
webp
itok
heb
ot
5
1
media
max
width
px
type
image
webp
width
height
source
srcset
news
sites
default
files
styles
listings
xs
1
public
stories
archives
january
images
jennings
award
wright
lr
jpg
webp
itok
adw
4
1
media
max
width
px
type
image
webp
width
height
img
class
link
box
image
data
focal
point
center
center
src
news
sites
default
files
styles
listings
desktop
1
public
stories
archives
january
images
jennings
award
wright
lr
jpg
webp
itok
ogq
ox
width
height
alt
jennings
award
wright
lr
jpg
loading
lazy
moroccan
service
trip
sets
senior
sights
on
medicine
volunteering
at
the
clinique
la
capitale
in
rabat
morocco
brought
greater
clarity
to
veronique
wright
future
friday
january
27
class
grid
box
link
box
href
news
stories
archives
january
cmu
pairs
with
penguins
on
autonomous
zamboni
machine
source
srcset
news
sites
default
files
styles
listings
tablet
1
public
stories
archives
january
images
autonomous
zamboni
min
jpg
webp
itok
fg
vx
1
media
max
width
px
and
min
width
px
type
image
webp
width
height
source
srcset
news
sites
default
files
styles
listings
desktop
1
public
stories
archives
january
images
autonomous
zamboni
min
jpg
webp
itok
5
qbg
0
1
media
min
width
px
type
image
webp
width
height
source
srcset
news
sites
default
files
styles
listings
mobile
1
public
stories
archives
january
images
autonomous
zamboni
min
jpg
webp
itok
1
media
max
width
px
type
image
webp
width
height
source
srcset
news
sites
default
files
styles
listings
xs
1
public
stories
archives
january
images
autonomous
zamboni
min
jpg
webp
itok
ybf
1
media
max
width
px
type
image
webp
width
height
img
class
link
box
image
data
focal
point
center
center
src
news
sites
default
files
styles
listings
desktop
1
public
stories
archives
january
images
autonomous
zamboni
min
jpg
webp
itok
5
qbg
0
width
height
alt
autonomous
zamboni
min
jpg
loading
lazy
pairs
with
penguins
on
autonomous
zamboni
machine
student
team
from
carnegie
mellon
robotics
institute
has
partnered
with
the
pittsburgh
penguins
zamboni
and
locomation
to
add
autonomous
capabilities
to
two
zamboni
machine
convoy
friday
january
27
class
grid
box
link
box
href
news
stories
archives
january
emma
clarke
awarded
pake
fellowship
source
srcset
news
sites
default
files
styles
listings
tablet
1
public
stories
archives
january
images
pake
fellow
lr
min
jpeg
webp
itok
77
3
1
media
max
width
px
and
min
width
px
type
image
webp
width
height
source
srcset
news
sites
default
files
styles
listings
desktop
1
public
stories
archives
january
images
pake
fellow
lr
min
jpeg
webp
itok
5
1
media
min
width
px
type
image
webp
width
height
source
srcset
news
sites
default
files
styles
listings
mobile
1
public
stories
archives
january
images
pake
fellow
lr
min
jpeg
webp
itok
na
1
media
max
width
px
type
image
webp
width
height
source
srcset
news
sites
default
files
styles
listings
xs
1
public
stories
archives
january
images
pake
fellow
lr
min
jpeg
webp
itok
1
media
max
width
px
type
image
webp
width
height
img
class
link
box
image
data
focal
point
center
center
src
news
sites
default
files
styles
listings
desktop
1
public
stories
archives
january
images
pake
fellow
lr
min
jpeg
webp
itok
5
width
height
alt
pake
fellow
lr
min
jpeg
loading
lazy
emma
clarke
awarded
pake
fellowship
student
emma
clarke
was
recently
awarded
the
george
and
marjorie
pake
fellowship
in
physics
friday
january
27
class
grid
box
link
box
href
news
stories
archives
january
cmu
sustainability
initiative
finds
permanent
home
source
srcset
news
sites
default
files
styles
listings
tablet
1
public
stories
archives
january
images
voluntary
university
review
01
min
jpg
webp
itok
wz
mw
1
media
max
width
px
and
min
width
px
type
image
webp
width
height
source
srcset
news
sites
default
files
styles
listings
desktop
1
public
stories
archives
january
images
voluntary
university
review
01
min
jpg
webp
itok
tpkk
1
media
min
width
px
type
image
webp
width
height
source
srcset
news
sites
default
files
styles
listings
mobile
1
public
stories
archives
january
images
voluntary
university
review
01
min
jpg
webp
itok
92
rg
eh
1
media
max
width
px
type
image
webp
width
height
source
srcset
news
sites
default
files
styles
listings
xs
1
public
stories
archives
january
images
voluntary
university
review
01
min
jpg
webp
itok
xli
1
media
max
width
px
type
image
webp
width
height
img
class
link
box
image
data
focal
point
center
center
src
news
sites
default
files
styles
listings
desktop
1
public
stories
archives
january
images
voluntary
university
review
01
min
jpg
webp
itok
tpkk
width
height
alt
voluntary
university
review
01
min
jpg
loading
lazy
sustainability
initiative
finds
permanent
home
sustainability
initiative
which
has
been
provost
priority
since
its
inception
in
september
has
found
permanent
home
in
the
university
libraries
including
dedicated
physical
space
thursday
january
26
class
grid
box
link
box
href
news
stories
archives
january
cmu
president
jahanian
joins
gov
shapiro
at
announcement
of
new
office
source
srcset
news
sites
default
files
styles
listings
tablet
1
public
stories
archives
january
images
office
of
transformation
announcement
01
jpg
webp
itok
07
qk
0
1
media
max
width
px
and
min
width
px
type
image
webp
width
height
source
srcset
news
sites
default
files
styles
listings
desktop
1
public
stories
archives
january
images
office
of
transformation
announcement
01
jpg
webp
itok
1
media
min
width
px
type
image
webp
width
height
source
srcset
news
sites
default
files
styles
listings
mobile
1
public
stories
archives
january
images
office
of
transformation
announcement
01
jpg
webp
itok
1
media
max
width
px
type
image
webp
width
height
source
srcset
news
sites
default
files
styles
listings
xs
1
public
stories
archives
january
images
office
of
transformation
announcement
01
jpg
webp
itok
zn
zi
hg
vc
1
media
max
width
px
type
image
webp
width
height
img
class
link
box
image
data
focal
point
center
center
src
news
sites
default
files
styles
listings
desktop
1
public
stories
archives
january
images
office
of
transformation
announcement
01
jpg
webp
itok
width
height
alt
office
of
transformation
announcement
01
jpg
loading
lazy
president
jahanian
joins
gov
shapiro
at
announcement
of
new
office
gov
josh
shapiro
signed
an
executive
order
establishing
the
pennsylvania
office
of
transformation
and
opportunity
and
the
economic
development
strategy
group
carnegie
mellon
university
president
farnam
jahanian
who
served
on
the
governors
transition
personnel
committee
joined
leaders
from
the
commonwealths
public
and
private
sector
to
laud
shapiros
creation
of
the
office
and
the
selection
of
its
leadership
thursday
january
26
class
grid
box
link
box
href
news
stories
archives
january
kaufman
foundation
honors
singh
with
new
investigator
grant
source
srcset
news
sites
default
files
styles
listings
tablet
1
public
stories
archives
january
images
kaufman
foundation
honors
singh
jpg
webp
itok
nv
1
1
media
max
width
px
and
min
width
px
type
image
webp
width
height
source
srcset
news
sites
default
files
styles
listings
desktop
1
public
stories
archives
january
images
kaufman
foundation
honors
singh
jpg
webp
itok
2
2
1
media
min
width
px
type
image
webp
width
height
source
srcset
news
sites
default
files
styles
listings
mobile
1
public
stories
archives
january
images
kaufman
foundation
honors
singh
jpg
webp
itok
biwr
1
media
max
width
px
type
image
webp
width
height
source
srcset
news
sites
default
files
styles
listings
xs
1
public
stories
archives
january
images
kaufman
foundation
honors
singh
jpg
webp
itok
vkzkg
1
media
max
width
px
type
image
webp
width
height
img
class
link
box
image
data
focal
point
center
center
src
news
sites
default
files
styles
listings
desktop
1
public
stories
archives
january
images
kaufman
foundation
honors
singh
jpg
webp
itok
2
2
width
height
alt
kaufman
foundation
honors
singh
jpg
loading
lazy
kaufman
foundation
honors
singh
with
new
investigator
grant
new
investigator
research
grants
empower
scientists
early
in
their
careers
to
seek
to
make
mark
in
biology
physics
and
chemistry
wednesday
january
25
class
grid
box
link
box
href
news
stories
archives
january
matyjaszewski
wins
national
academy
of
sciences
award
in
chemical
sciences
source
srcset
news
sites
default
files
styles
listings
tablet
1
public
stories
archives
january
images
matyjaszewski
nas
award
lr
jpg
webp
itok
pchv
1
media
max
width
px
and
min
width
px
type
image
webp
width
height
source
srcset
news
sites
default
files
styles
listings
desktop
1
public
stories
archives
january
images
matyjaszewski
nas
award
lr
jpg
webp
itok
65
xy
9
1
media
min
width
px
type
image
webp
width
height
source
srcset
news
sites
default
files
styles
listings
mobile
1
public
stories
archives
january
images
matyjaszewski
nas
award
lr
jpg
webp
itok
ze
mcnvy
media
max
width
px
type
image
webp
width
height
source
srcset
news
sites
default
files
styles
listings
xs
1
public
stories
archives
january
images
matyjaszewski
nas
award
lr
jpg
webp
itok
tj
gugsu
1
media
max
width
px
type
image
webp
width
height
img
class
link
box
image
data
focal
point
center
center
src
news
sites
default
files
styles
listings
desktop
1
public
stories
archives
january
images
matyjaszewski
nas
award
lr
jpg
webp
itok
65
xy
9
width
height
alt
matyjaszewski
nas
award
lr
jpg
loading
lazy
matyjaszewski
wins
national
academy
of
sciences
award
in
chemical
sciences
he
is
globally
recognized
for
discovering
and
developing
atom
transfer
radical
polymerization
which
has
range
of
applications
monday
january
23
class
grid
box
link
box
href
news
stories
archives
january
theresa
mayer
named
vice
president
for
research
source
srcset
news
sites
default
files
styles
listings
tablet
1
public
stories
archives
january
images
mayer
min
jpg
webp
itok
rl
5
media
max
width
px
and
min
width
px
type
image
webp
width
height
source
srcset
news
sites
default
files
styles
listings
desktop
1
public
stories
archives
january
images
mayer
min
jpg
webp
itok
ib
elp
media
min
width
px
type
image
webp
width
height
source
srcset
news
sites
default
files
styles
listings
mobile
1
public
stories
archives
january
images
mayer
min
jpg
webp
itok
qii
9
media
max
width
px
type
image
webp
width
height
source
srcset
news
sites
default
files
styles
listings
xs
1
public
stories
archives
january
images
mayer
min
jpg
webp
itok
7
hoy
kq
1
media
max
width
px
type
image
webp
width
height
img
class
link
box
image
data
focal
point
center
center
src
news
sites
default
files
styles
listings
desktop
1
public
stories
archives
january
images
mayer
min
jpg
webp
itok
ib
elp
0
width
height
alt
mayer
min
jpg
loading
lazy
theresa
mayer
named
vice
president
for
research
carnegie
mellon
university
has
named
theresa
mayer
former
executive
vice
president
for
research
and
partnerships
at
purdue
university
to
be
its
new
vice
president
for
research
thursday
january
19
class
grid
box
link
box
href
news
stories
archives
january
cmu
reflects
on
the
life
legacy
of
dr
martin
luther
king
jr
source
srcset
news
sites
default
files
styles
listings
tablet
1
public
stories
archives
january
images
mlk
day
majora
carter
min
jpg
webp
itok
qq
7
bq
1
media
max
width
px
and
min
width
px
type
image
webp
width
height
source
srcset
news
sites
default
files
styles
listings
desktop
1
public
stories
archives
january
images
mlk
day
majora
carter
min
jpg
webp
itok
cqb
mok
media
min
width
px
type
image
webp
width
height
source
srcset
news
sites
default
files
styles
listings
mobile
1
public
stories
archives
january
images
mlk
day
majora
carter
min
jpg
webp
itok
sr
ut
7
1
media
max
width
px
type
image
webp
width
height
source
srcset
news
sites
default
files
styles
listings
xs
1
public
stories
archives
january
images
mlk
day
majora
carter
min
jpg
webp
itok
9
2
bmh
1
media
max
width
px
type
image
webp
width
height
img
class
link
box
image
data
focal
point
center
center
src
news
sites
default
files
styles
listings
desktop
1
public
stories
archives
january
images
mlk
day
majora
carter
min
jpg
webp
itok
cqb
mok
4
width
height
alt
mlk
day
majora
carter
min
jpg
loading
lazy
reflects
on
the
life
legacy
of
dr
martin
luther
king
jr
majora
carter
renowned
urban
revitalization
strategist
will
be
the
featured
speaker
at
carnegie
mellon
university
dr
martin
luther
king
jr
remembrance
celebration
and
keynote
lecture
friday
january
13
class
grid
box
link
box
href
news
stories
archives
january
rick
siger
nominated
to
serve
as
secretary
of
community
and
economic
development
for
the
source
srcset
news
sites
default
files
styles
listings
tablet
1
public
stories
archives
january
images
siger
min
jpg
webp
itok
dz
1
media
max
width
px
and
min
width
px
type
image
webp
width
height
source
srcset
news
sites
default
files
styles
listings
desktop
1
public
stories
archives
january
images
siger
min
jpg
webp
itok
63
media
min
width
px
type
image
webp
width
height
source
srcset
news
sites
default
files
styles
listings
mobile
1
public
stories
archives
january
images
siger
min
jpg
webp
itok
ik
media
max
width
px
type
image
webp
width
height
source
srcset
news
sites
default
files
styles
listings
xs
1
public
stories
archives
january
images
siger
min
jpg
webp
itok
1
media
max
width
px
type
image
webp
width
height
img
class
link
box
image
data
focal
point
center
center
src
news
sites
default
files
styles
listings
desktop
1
public
stories
archives
january
images
siger
min
jpg
webp
itok
63
2
width
height
alt
siger
min
jpg
loading
lazy
rick
siger
nominated
to
serve
as
secretary
of
community
and
economic
development
for
the
commonwealth
of
pennsylvania
carnegie
mellon
university
rick
siger
has
been
nominated
to
serve
in
the
incoming
shapiro
davis
administration
thursday
january
12
class
grid
box
link
box
href
news
stories
archives
january
language
technologies
source
srcset
news
sites
default
files
styles
listings
tablet
1
public
stories
archives
january
images
language
technologies
min
jpg
webp
itok
1
media
max
width
px
and
min
width
px
type
image
webp
width
height
source
srcset
news
sites
default
files
styles
listings
desktop
1
public
stories
archives
january
images
language
technologies
min
jpg
webp
itok
70
yov
1
media
min
width
px
type
image
webp
width
height
source
srcset
news
sites
default
files
styles
listings
mobile
1
public
stories
archives
january
images
language
technologies
min
jpg
webp
itok
xh
9
yr
1
media
max
width
px
type
image
webp
width
height
source
srcset
news
sites
default
files
styles
listings
xs
1
public
stories
archives
january
images
language
technologies
min
jpg
webp
itok
rb
wrl
xu
1
media
max
width
px
type
image
webp
width
height
img
class
link
box
image
data
focal
point
center
center
src
news
sites
default
files
styles
listings
desktop
1
public
stories
archives
january
images
language
technologies
min
jpg
webp
itok
70
yov
width
height
alt
language
technologies
min
jpg
loading
lazy
project
aims
to
expand
language
technologies
carnegie
mellon
research
could
bring
automatic
speech
recognition
to
languages
wednesday
january
11
pagination
1
2
next
last
iframe
style
display
none
visibility
hidden
height
0
src
https://www.googletagmanager.com/ns.html
id
width
0
class
link
list
item
link
link
new
window
href
http://www.cmu.edu/piper/
target
quot
blank
quot
the
piper
campus
amp
community
news
opens
in
new
window
class
link
list
item
link
link
new
window
href
https://events.cmu.edu/
target
quot
blank
quot
official
events
calendar
opens
in
new
window
forbes
avenue
pittsburgh
href
https://www.cmu.edu/
carnegie
mellon
university
href
https://www.cmu.edu/legal/
target
blank
legal
info
class
social
media
item
link
href
https://www.facebook.com/carnegiemellonu
target
blank
facebook
opens
in
new
window
use
xlink
href
news
themes
cmu
images
sprite
svg
icon
facebook
class
social
media
item
link
href
https://www.twitter.com/carnegiemellon
target
blank
twitter
opens
in
new
window
use
xlink
href
news
themes
cmu
images
sprite
svg
icon
twitter
class
social
media
item
link
href
https://www.linkedin.com/edu/school
id
target
blank
linkedin
opens
in
new
window
use
xlink
href
news
themes
cmu
images
sprite
svg
icon
linkedin
class
social
media
item
link
href
https://www.youtube.com/cmu
target
blank
youtube
opens
in
new
window
use
xlink
href
news
themes
cmu
images
sprite
svg
icon
youtube
class
social
media
item
link
href
https://www.cmu.edu/news/feeds/news.rss
target
blank
rss
opens
in
new
window
use
xlink
href
news
themes
cmu
images
sprite
svg
icon
rss
class
social
media
item
link
href
https://www.instagram.com/carnegiemellon/
target
blank
instagram
opens
in
new
window
use
xlink
href
news
themes
cmu
images
sprite
svg
icon
instagram
class
social
media
item
link
href
https://www.cmu.edu/social-media/
target
blank
more
opens
in
new
window
use
xlink
href
news
themes
cmu
images
sprite
svg
icon
more
window
data
layer
window
data
layer
window
data
layer
push
language
en
country
site
title
news
site
name
news
site
id
news
site
theme
cmu
environment
live
cms
drupal
cms
version
6
script
type
application
json
data
drupal
selector
drupal
settings
json
path
base
url
path
prefix
current
path
stories
archives
january
current
path
is
admin
false
is
front
false
current
language
en
plural
delimiter
suppress
deprecation
errors
true
ajax
page
state
libraries
jx
vzd
0
kgz
knbb
uhu
wntbp
owmk
9
ahq
xd
lte
7
5
bl
rd
vgp
3
fcm
ws
5
sg
nc
jcst
6
fsx
rc
44
6
wh
zbc
2
zc
8
qazni
cb
xl
60
lk
6
urs
xc
3
ey
0
xvdt
kx
dkqz
bj
7
vfr
9
sf
mk
34
qu
dl
theme
cmu
theme
token
null
ajax
trusted
url
stories
archives
january
true
data
layer
default
lang
en
languages
en
id
en
name
english
direction
ltr
weight
0
views
ajax
path
news
views
ajax
ajax
views
views
dom
id
acbf
babdcd
0
bb
ac
1
bf
4
cad
3
view
name
news
listing
view
display
id
archive
view
args
01
view
path
stories
archives
january
view
base
path
stories
archives
view
dom
id
acbf
babdcd
0
bb
ac
1
bf
4
cad
3
pager
element
0
user
uid
0
permissions
hash
aa
9
fd
56
ea
fa
script
src
news
core
assets
vendor
jquery
jquery
min
js
1
script
src
news
core
assets
vendor
once
once
min
js
1
script
src
news
core
misc
drupal
settings
loader
js
6
script
src
news
core
misc
drupal
js
6
script
src
news
core
misc
drupal
init
js
6
script
src
news
core
assets
vendor
tabbable
index
umd
min
js
0
script
src
https://unpkg.com/web-vitals/dist/web-vitals.iife.js
script
src
news
modules
custom
cmu
datalayer
js
cmu
datalayer
js
1
script
src
news
modules
contrib
datalayer
js
datalayer
js
1
script
src
news
themes
cmu
dist
js
main
js
1
script
src
news
modules
contrib
obfuscate
email
js
obfuscate
email
js
6
script
src
news
core
assets
vendor
jquery
form
jquery
form
min
js
0
script
src
news
core
misc
progress
js
6
script
src
news
core
assets
vendor
loadjs
loadjs
min
js
0
script
src
news
core
misc
debounce
js
6
script
src
news
core
misc
announce
js
6
script
src
news
core
misc
message
js
6
script
src
news
core
misc
ajax
js
6
script
src
news
core
modules
views
js
base
js
6
script
src
news
core
modules
views
js
ajax
view
js
6
script
src
news
modules
custom
cmu
listing
js
cmu
listing
exposed
filters
js
sioyzl
scroll
to
top
