html
script
async
src
https://www.googletagmanager.com/gtag/js
id
8
window
data
layer
window
data
layer
function
gtag
data
layer
push
arguments
gtag
js
new
date
gtag
config
8
script
src
ajax
googleapis
com
ajax
libs
jquery
2
jquery
min
js
window
query
document
write
script
src
https://www.cornell.edu/assets/core/js/lib/jquery.js
script
script
src
https://www.cornell.edu/assets/js/jquery.timeago.js
script
src
https://www.cornell.edu/assets/core/js/Imager.min.js
script
src
https://www.cornell.edu/assets/js/cornelledu.js
ver
script
src
https://www.cornell.edu/assets/core/js/lib/plugins.js
script
src
https://www.cornell.edu/assets/core/js/lib/equalize.min.js
script
src
https://www.cornell.edu/assets/core/js/cornell.js
ver
script
src
https://www.cornell.edu/assets/js/date.js
from
foot
cfm
function
above
breakpoint
if
we
hit
this
we
already
paid
the
penalty
no
going
back
some
things
aren
shown
on
mobile
only
include
them
if
they
re
shown
lazy
load
video
glorious
to
view
lazy
load
video
video
nav
images
don
show
until
px
if
typeof
imager
undefined
for
increasing
page
load
speed
on
mobile
new
imager
lazyload
above
available
widths
new
imager
responsive
img
large
available
widths
new
imager
honeycomb
tile
available
widths
function
lazy
load
video
selector
selector
find
source
each
function
el
var
src
el
data
src
if
the
src
is
not
undefined
and
has
not
already
been
set
set
it
and
load
the
video
if
undefined
typeof
src
src
el
attr
src
el
attr
src
src
el
parent
load
taken
from
underscore
js
function
debounce
func
wait
immediate
var
timeout
return
function
var
context
this
args
arguments
var
later
function
timeout
null
if
immediate
func
apply
context
args
var
call
now
immediate
timeout
clear
timeout
timeout
timeout
set
timeout
later
wait
if
call
now
func
apply
context
args
function
function
handle
resize
if
window
width
above
breakpoint
else
on
mobile
load
the
galapagos
bg
otherwise
the
video
is
there
sesqui
video
css
background
image
url
assets
images
video
features
glorious
to
view
jpg
clear
both
resize
event
handler
debounce
handle
resize
window
add
event
listener
resize
resize
event
handler
handle
resize
script
type
text
javascript
function
var
sz
document
create
element
script
sz
type
text
javascript
sz
async
true
sz
src
siteimproveanalytics
com
js
siteanalyze
js
var
document
get
elements
by
tag
name
script
0
parent
node
insert
before
sz
script
src
assets
js
jquery
inview
2
min
js
sesqui
marquee
video
bind
inview
function
event
is
in
view
if
is
in
view
element
is
now
visible
in
the
viewport
this
play
else
element
has
gone
out
of
viewport
this
pause
console
log
not
visible
