html
class
no
js
ie
9
itemscope
itemscope
itemtype
http://schema.org/Webpage
lang
en
head
prefix
og
http://ogp.me/ns
profile
http://ogp.me/ns/profile
article
http://ogp.me/ns/article
meta
charset
utf
8
meta
content
width
device
width
initial
scale
name
viewport
privacy
notice
indiana
university
bloomington
meta
content
privacy
notice
website
privacy
privacy
policy
name
keywords
meta
content
this
privacy
notice
explains
bloomington
practices
concerning
the
collection
use
and
disclosure
of
visitor
information
name
description
meta
content
edge
http
equiv
compatible
link
href
https://assets.iu.edu/favicon.ico
rel
shortcut
icon
type
image
icon
script
crossorigin
anonymous
integrity
sha
ali
8
gd
2
tb
6
ssuzixe
4
fa
tqg
ftohetphbbj
0
src
https://code.jquery.com/jquery-3.5.1.min.js
script
src
https://assets.iu.edu/web/3.3.x/js/iu-framework.min.js
script
src
https://assets.iu.edu/search/3.3.x/search.min.js
script
src
https://bloomington.iu.edu/_assets/js/site.js
