html
meta
charset
utf
8
link
rel
canonical
href
https://tlecms.mit.edu/building-a-better-world
meta
name
description
content
scholarships
and
fellowships
funded
by
our
community
open
world
of
opportunities
to
tomorrows
changemakers
professorships
nurture
research
powerhouses
and
tap
the
potential
of
rising
stars
support
for
the
evolution
of
the
physical
campus
sets
the
stage
for
the
next
years
unrestricted
funds
contribute
to
the
acceleration
of
ts
commitment
to
action
on
climate
change
and
enable
to
realize
opportunities
such
as
the
redevelopment
of
kendall
square
into
new
gateway
to
meta
name
viewport
content
width
device
width
initial
scale
better
world
massachusetts
institute
of
technology
link
rel
icon
href
themes
mit
assets
favicon
favicon
ico
sizes
link
rel
icon
href
themes
mit
assets
favicon
favicon
svg
type
image
svg
xml
link
rel
apple
touch
icon
href
themes
mit
assets
favicon
apple
touch
icon
png
link
rel
manifest
href
themes
mit
assets
favicon
manifest
webmanifest
