obj
count
2
kids
type
pages
endobj
obj
based
endobj
obj
filter
flate
decode
length
3
stream
xw
7
kh
1
6
tp
2
dqp
id
kg
lp
1
8
2
vs
92
se
9
2
ct
6
sdl
2
1
rf
ym
emi
rax
7
nfz
dp
2
4
1
46
tc
48
0
rt
qh
0
8
28
0
bx
1
6
fkt
8
1
9
rbl
1
tp
8
8
ey
kl
jv
5
4
2
7
hr
0
uz
oik
76
8
kx
jon
el
pa
fy
zn
7
epu
lo
9
vs
uc
kz
ol
ps
7
qo
vsn
ys
4
wx
20
5
et
mw
3
endstream
endobj
obj
1
type
ext
state
ca
1
endobj
obj
base
font
calibri
bold
descendant
fonts
encoding
identity
subtype
type
0
to
unicode
type
font
endobj
obj
filter
flate
decode
length
stream
klk
zpb
sf
3
zr
7
5
6
qp
3
de
uj
mz
iipn
7
jg
de
nj
hy
47
uid
8
8
vk
nfme
lex
th
4
kr
7
jw
3
vs
sg
tg
fh
ku
ds
hfl
5
zj
9
9
ka
3
wss
53
55
mu
5
nh
7
1
3
lc
rg
ac
9
nqd
fu
4
bg
zj
3
xd
1
gj
5
jl
wm
ms
6
jf
2
xtsb
qv
94
um
qz
2
3
2
ww
jj
3
ns
dw
fi
ky
9
exi
si
0
7
kt
df
sm
8
mb
1
lj
qm
sg
4
9
7
2
am
er
9
phq
gk
id
9
6
78
mchh
8
8
iyb
sx
jc
3
elz
8
wf
eq
9
5
5
da
5
3
tg
lp
dh
au
1
fyw
6
qi
4
dv
yf
4
9
jv
6
im
6
yik
zct
xc
zfh
7
fs
vbjp
lg
nd
8
vz
2
6
9
6
fl
1
gd
rg
4
3
gd
1
ab
9
xq
ge
ezp
qk
okk
wo
4
yu
1
qt
rn
rjb
9
jl
oj
rn
sg
zn
st
1
2
4
do
34
8
xe
83
3
8
4
5
7
rn
uu
vu
5
hqe
fn
xai
6
ne
6
8
tih
2
ji
3
fa
2
sa
ya
zh
8
qn
9
qknn
5
3
ss
9
3
ncy
2
0
op
9
mn
oz
5
zp
8
8
wl
2
kkr
8
2
dt
6
bo
6
vod
ov
6
4
ww
6
xz
lp
3
5
kc
6
fv
7
wn
2
8
0
7
mn
2
tz
rzn
zx
tt
xt
na
6
7
5
wgq
pl
bm
8
ys
gz
6
ko
nf
6
as
mgy
9
xy
my
4
6
3
4
rz
5
ut
kqj
it
8
ij
8
ogo
oqa
9
sb
9
gy
5
2
6
3
di
ff
7
rx
oz
3
vj
rb
5
hz
nj
8
zkz
4
7
6
dm
oi
0
5
sx
9
nmo
8
qw
ts
nbx
7
7
iv
2
mgqg
1
kf
ewk
jn
vo
3
rd
ky
6
9
uu
mmv
gd
8
qd
3
di
ydo
4
bdhk
5
3
go
wf
tev
9
cp
3
mu
0
3
qmx
6
eb
jqv
4
dxh
wq
rp
60
pt
js
4
kq
co
tw
9
3
1
5
5
kv
dj
at
bk
cdfi
zj
3
sr
3
0
ct
55
7
ql
7
5
4
oan
xx
5
gya
6
ut
em
95
ebo
lfy
0
ocz
pp
4
ic
rz
3
gzy
pl
toq
0
30
va
mv
4
5
jb
63
ia
lmm
sg
js
vr
4
zd
6
fc
xs
nd
vnw
2
azrk
ll
1
ov
of
4
6
4
nz
3
6
zg
5
xp
5
5
1
rh
kk
7
mgb
3
uz
2
5
2
vs
6
wb
8
71
kr
66
8
1
vf
9
os
9
4
gd
4
3
tle
cu
6
3
9
lrlj
kq
jzf
4
cuq
ua
ph
8
5
0
to
3
6
kcr
2
jsm
pk
wv
bjb
0
4
lg
45
tt
hr
6
5
id
4
fi
um
6
2
hk
us
9
wl
4
kz
ue
4
20
lm
ushwpioos
in
sgo
kj
8
6
0
yr
2
wl
7
eu
9
9
hj
8
aa
6
bf
qt
8
8
2
al
4
6
cl
ha
joam
lr
zau
as
4
svf
5
11
qy
je
2
bj
5
vz
sj
pu
2
pn
kx
zs
0
alk
lc
8
2
6
zakb
bl
rmgv
ikt
5
vpa
ms
8
0
0
1
ezq
mx
5
5
ek
kz
3
0
wu
vr
qfd
6
ov
byv
1
1
hi
1
5
9
1
by
7
7
knx
yk
4
jv
we
4
6
wtl
hm
vhmmw
4
ji
38
ctd
fho
86
0
7
os
9
9
fl
6
fv
55
pts
gx
8
umv
6
xn
1
3
zi
ii
dpab
4
th
4
2
iq
0
vi
dn
60
st
6
33
pt
1
xj
30
49
8
in
lcb
02
ah
1
8
2
8
8
sy
xp
8
94
rk
42
2
ed
6
hp
hq
4
hpv
3
2
zx
5
9
eg
9
hfz
60
3
3
0
5
4
zd
0
yfu
4
cs
61
3
kt
elh
7
2
kb
8
gr
7
kk
7
6
9
kl
5
3
5
zby
mtu
7
vc
4
mj
ro
4
xcll
xmh
3
0
zad
jink
5
go
fso
6
oys
gz
9
9
5
ge
qn
jd
1
4
8
8
nr
7
fr
bn
fn
xc
09
29
4
4
adi
9
ir
4
bs
8
we
iv
qx
8
vy
3
9
usd
zl
5
5
ec
cy
4
2
fi
uuy
4
fy
7
lh
9
xoj
6
hj
drn
4
wf
6
1
al
2
ij
ajq
0
7
1
1
nj
nz
bnk
xbvk
ropk
9
ij
3
ytc
7
dd
ll
veg
9
wy
9
ji
2
8
2
9
ay
tc
ra
pe
ba
0
cekn
9
1
rb
2
cc
8
kte
8
7
0
aw
0
hmj
3
da
mh
bvs
2
6
nh
pn
4
4
la
5
1
sn
pmc
2
bv
rb
rw
dc
csc
5
1
xn
ez
1
2
4
br
wi
yjb
fo
6
5
8
av
1
wfw
be
4
bb
84
5
vl
sf
il
51
db
6
0
il
duu
0
4
9
5
4
jm
1
2
yp
5
0
lh
8
4
awo
8
dx
8
8
2
po
8
gw
wb
6
7
7
8
0
0
7
7
bv
bg
5
8
cx
li
wmo
5
9
lk
8
lq
en
gx
7
8
6
8
7
cm
2
6
8
4
6
3
pa
3
2
ri
1
0
8
7
3
bq
6
bp
ax
3
23
1
00
6
5
bv
7
8
qt
hwh
qe
qd
hq
um
cb
eo
vn
kn
3
1
fo
qa
5
jg
vt
0
doh
6
cm
2
ub
2
7
0
1
bo
9
5
co
4
oikw
zf
1
ds
3
7
az
ezro
9
wp
95
8
pi
vb
2
2
endstream
endobj
obj
base
font
calibri
descendant
fonts
encoding
identity
subtype
type
0
to
unicode
type
font
endobj
obj
filter
flate
decode
length
stream
4
4
ic
8
nfk
sfls
bz
zly
zpyvvr
6
32
yb
3
sg
jz
dv
8
rg
fy
8
1
ri
8
oc
ri
6
rv
oo
bs
6
ac
2
4
8
2
pq
ssg
fu
ru
is
ce
9
wy
zuvo
5
81
kw
bg
kj
2
5
vm
5
9
48
7
xl
5
6
8
wt
wx
zf
6
dj
ln
rq
uj
9
4
vx
rj
wf
17
gm
2
6
fp
6
pt
wx
as
wku
qdl
3
9
5
nj
mo
1
wy
mc
pe
nml
knu
ud
6
fm
3
8
ew
eu
dmv
2
pnl
9
9
1
qn
kat
ua
0
yd
5
py
1
4
jksn
5
jm
0
mn
2
fr
2
id
an
rc
9
gy
1
4
en
9
mle
ok
jz
dn
9
4
0
8
om
pxd
ybg
qi
tz
ja
st
1
uv
9
cc
8
0
9
zc
ktf
55
74
nq
48
jg
hocaa
im
7
st
5
7
9
sy
yn
ei
2
uo
pm
mz
rt
dy
7
is
yc
4
yt
0
vu
vcwng
2
8
bl
7
ob
9
7
vi
3
yrd
ox
6
9
7
8
pd
ag
ly
73
ry
hb
2
kw
4
6
qqb
4
7
ix
hs
jh
6
ok
4
1
ya
0
ap
ex
8
qo
ap
7
rj
je
60
qd
mr
7
cic
vlo
lyv
5
12
2
7
xii
nk
5
brk
8
1
di
2
5
ai
0
3
jj
ni
ei
2
dk
te
gd
1
oq
60
3
6
wl
qx
is
yd
5
vo
lq
qqj
qqj
9
fi
hls
zjd
7
1
zo
3
6
ag
1
xf
va
alr
vbk
4
nt
4
cv
38
ge
yc
8
ei
wl
dk
re
es
si
2
td
fap
3
wfk
7
0
hi
vo
4
vg
8
rj
mi
6
rb
27
8
4
7
sj
4
oj
ye
zt
8
qj
2
2
0
7
trne
pn
tvl
0
8
8
rl
8
xy
9
hb
sg
5
6
xv
dj
yu
sn
or
75
2
tj
4
gw
5
5
ou
zj
alv
gx
4
xzrl
zpt
1
sl
8
7
is
9
ll
ce
zn
qb
gk
7
1
pd
8
8
wi
1
mj
bc
2
dg
yg
ab
6
wx
4
rk
0
ib
1
yv
ey
8
3
hso
jj
aap
cewk
en
ls
vl
7
8
nb
hy
vu
0
nl
2
wh
4
anz
an
ixpx
5
3
4
1
1
eq
vm
4
zx
4
lx
0
ke
5
kdzt
2
iu
2
aqi
4
di
2
eb
ml
5
2
qq
nd
kl
9
wb
kk
7
bk
7
fb
jo
3
zlnh
6
2
4
hh
ti
ec
4
1
rm
0
dg
vk
zm
1
wc
vm
1
xl
6
ul
eh
4
0
5
xz
iz
4
zdm
pc
8
vu
1
cj
nn
wz
de
6
9
1
ro
tz
os
jy
rk
7
di
4
nv
ql
rgs
6
lp
8
41
mi
zq
zk
oy
7
mn
ot
kz
yw
6
pj
ho
sx
fe
0
xo
3
1
xv
uf
1
ws
pr
85
zz
8
mh
5
kb
bz
1
4
4
6
gk
9
mxx
2
7
lub
1
pw
2
8
ra
kk
1
jcx
8
jl
3
xf
88
96
0
1
4
0
mf
ey
5
yf
8
yb
ps
bvi
vzsd
2
3
ez
vs
cb
py
7
2
ri
zn
6
yq
ypo
zjq
os
6
9
3
vq
3
dn
5
4
dp
0
uos
vo
fe
81
5
kq
wd
nd
8
ee
jk
1
4
8
7
5
fd
ds
8
yqx
pc
nj
me
99
7
6
wf
tq
1
gb
rt
8
2
ov
jc
3
ey
rkoe
6
ji
5
yr
2
5
zj
4
8
ca
td
7
hip
7
99
8
ry
7
ek
2
fc
sn
3
7
eo
ce
vq
0
rj
9
wn
rz
5
0
kc
7
kv
dci
pk
iq
jg
2
1
ms
4
5
8
ra
3
9
mj
fj
wn
5
uj
1
2
ekq
dd
nwqbp
70
0
ru
9
1
gj
86
duxm
iip
1
xnzbe
5
ug
fz
2
ev
mpi
4
cn
2
sb
ch
9
hzu
1
0
xx
0
5
enz
wwwl
yu
4
3
xg
3
3
ym
tw
ot
aec
5
fk
8
nt
5
yd
2
7
fv
7
5
7
hb
8
rj
4
kq
gz
63
1
dy
4
jl
3
ss
fa
gq
wp
1
pxc
xs
3
vpf
2
hr
qg
yh
tl
yt
1
9
vku
1
97
5
vu
6
rh
4
oh
od
2
0
kb
ymfv
sgv
0
27
2
7
nb
59
nb
0
xfsj
2
og
4
lwk
6
7
8
4
dj
wd
ejz
0
fq
xo
zc
wbyj
oh
zmqb
0
uf
9
mv
qf
6
ymy
wa
nwb
iz
08
kpc
yf
0
ve
8
oik
8
sn
1
3
nh
1
eom
ao
uv
8
wj
5
xc
5
3
3
dg
3
wug
1
ub
yu
8
oj
5
7
ky
7
1
bv
2
hw
6
pw
09
co
5
6
4
mi
bqx
0
5
xg
bfvt
9
zd
1
8
5
0
0
02
kb
17
11
lik
5
yb
8
zw
gd
3
4
9
rh
4
av
0
1
7
tba
8
ly
5
0
in
8
ma
6
fd
ky
4
roa
ia
1
hn
zt
pw
2
yp
3
2
9
3
pr
1
2
5
5
pa
ixl
fy
9
sz
qf
ke
0
9
ic
9
3
7
7
ddt
ea
3
dzqu
rnr
my
2
4
50
ez
8
fjk
1
it
jgb
au
3
sf
hy
6
2
ib
2
oi
3
2
0
6
7
pc
2
st
vuj
es
4
ci
po
7
9
ha
bi
9
qiz
7
7
nq
2
9
zs
tl
ng
6
2
3
4
ak
gh
ms
3
ef
oe
9
wj
1
jg
6
dvzr
3
tf
dff
2
dfj
3
09
og
lf
of
hr
lg
1
lr
0
9
xfx
0
3
1
epf
qi
86
4
irl
8
ge
bf
xg
6
91
3
3
gf
ga
dbjvr
57
5
gg
pkx
kssi
ig
1
1
lzq
ms
24
fv
2
8
4
4
8
6
dr
0
na
3
9
fjz
ar
ut
9
wg
qto
7
qh
ju
7
tj
hq
dv
ya
zb
5
vh
tc
llt
ozx
4
nj
ni
7
zw
wt
2
6
po
cih
cq
dh
7
dvf
7
sc
ahkg
en
fmxu
mo
8
98
sy
9
ho
4
01
4
8
3
wsi
oj
ay
1
hs
37
7
xhp
otd
gk
5
9
th
vu
2
7
2
3
ilqv
0
ph
7
gn
9
gl
2
do
ov
7
kor
ob
hs
8
5
6
cb
qva
vp
jl
fd
6
2
an
9
0
db
2
lq
ym
cc
5
8
ch
dx
nx
3
4
oot
de
yv
6
7
xb
77
sg
8
4
5
syv
pj
7
1
ie
7
vu
5
5
rr
84
2
wzbqg
fn
bj
1
1
je
eq
py
wy
2
vz
zt
ju
4
6
6
8
5
kh
jh
0
kh
0
bq
0
0
8
np
8
8
hx
7
hx
ix
gs
hx
kp
np
np
np
lpk
fm
svw
cvna
6
zn
3
ne
5
55
ea
5
znj
5
xa
55
gzb
3
ng
fc
23
rqg
kd
9
4
bs
7
fv
93
cjf
1
xqg
fff
3
du
ov
5
ku
xg
23
jf
43
8
zj
wy
9
gfj
mc
7
0
3
xt
ef
cf
fix
5
nf
1
ifj
nc
3
cfzc
6
gd
gd
2
ta
4
opsd
8
bi
8
6
9
9
powos
qj
vp
7
zs
1
wb
02
1
8
ih
cet
xj
5
lk
kzk
6
fs
jb
mq
cc
ml
7
xd
0
fn
7
1
kq
fqt
vq
8
tbn
kb
yp
pz
9
1
pm
7
zaj
0
hf
3
6
0
5
0
tr
0
0
0
0
8
dp
8
6
7
6
75
np
wm
wm
vp
7
3
rp
6
ju
kkn
sag
endstream
endobj
obj
filter
flate
decode
length
stream
bl
9
lv
2
1
0
3
ma
3
ok
ro
2
9
yw
78
1
jz
8
mf
6
79
4
bso
4
1
3
1
mi
9
3
mdhp
8
gnz
3
yts
sk
tlf
4
55
8
6
5
lw
7
7
9
pcy
vtbb
6
mbr
2
qsm
9
jo
oe
0
xw
svfm
8
1
dg
4
9
md
ic
yf
9
ehx
04
3
iw
zhu
kmi
oe
api
1
du
lv
sf
4
uj
yy
1
fu
6
3
5
pn
ul
0
4
ks
8
0
3
ap
2
pa
4
9
da
clv
6
fx
8
tg
6
gm
of
7
2
wy
7
scg
ke
no
77
4
id
3
gmn
2
8
0
0
5
uxx
8
hf
ss
uhh
5
hk
ir
fr
7
mn
2
6
zj
ra
yd
6
lrl
nk
7
8
zo
0
7
pf
3
fm
3
0
5
9
vqlukf
9
vh
72
fi
9
xv
4
4
8
8
pw
3
5
3
zd
tt
5
et
iwq
jzx
8
we
8
tp
sxn
ad
6
9
tl
ot
ap
ed
or
yt
gr
9
fc
9
dk
vo
6
qk
8
99
onn
0
uz
ab
5
0
ny
ns
mv
2
qzf
5
vz
wfz
5
7
qix
4
qtv
ucc
uj
za
6
mh
hqh
zl
yxj
zd
lk
zuz
aw
4
kr
sjd
2
miy
5
if
yej
dm
yl
7
jo
sk
1
yy
iea
or
9
2
wy
7
ve
6
if
qqt
xh
by
5
ue
sy
ml
6
hf
ft
3
vv
6
qe
iko
mai
2
5
4
zx
5
zw
ok
9
zy
yb
28
9
7
9
jt
ek
xi
oeoh
0
cvl
7
wpw
mcv
ui
9
po
2
3
3
rz
ug
9
lg
og
9
5
xm
ku
nt
mv
38
pj
cde
52
1
7
lh
7
wl
7
cg
sr
0
tm
3
3
2
6
9
8
1
tq
fw
2
nf
rp
kc
jr
2
ty
4
4
9
lte
5
7
gg
8
cr
2
xf
9
yl
aj
spx
wy
6
ad
jo
9
jo
94
5
jv
6
vwr
0
ru
88
8
48
0
9
9
0
lz
aa
xf
5
jebl
lk
8
2
6
8
7
tln
2
26
8
cg
8
qk
5
zj
9
4
pz
0
me
7
ye
3
rnz
qr
xk
0
2
0
5
zq
6
0
mj
7
7
8
0
pa
8
2
2
sc
oe
og
0
8
0
wj
yxjf
ye
6
zl
0
kl
sac
0
4
zu
xd
pa
0
fjo
1
0
pm
2
xc
9
xll
qv
rd
6
vj
bn
7
1
6
4
9
7
35
cq
9
9
gi
xs
go
jsvf
7
kt
30
ax
di
rr
47
6
kh
7
3
7
sc
79
zr
gn
xs
8
66
tu
7
65
kv
dv
rk
6
nr
54
0
lr
ku
9
zi
gi
19
dp
5
9
6
hg
ga
sw
ss
vs
tk
7
eu
okca
8
qt
7
2
9
3
endstream
endobj
obj
contents
media
box
parent
resources
font
0
0
shading
pattern
object
color
space
ext
state
type
page
endobj
obj
filter
flate
decode
length
stream
ub
9
nwb
xo
mo
oz
9
rk
ah
su
5
5
5
79
cww
tb
7
7
az
8
7
nv
7
do
jfmw
wox
gro
2
nm
jm
nrv
gqt
cf
wc
7
gm
2
zk
9
zvc
1
mt
8
fu
wib
on
zdv
lr
ad
5
uc
7
lf
zm
6
xly
4
ln
8
kr
ncj
9
pcn
1
uy
dal
3
pc
vo
2
rvmh
7
sm
3
bj
7
np
3
nen
tf
zv
jr
2
sp
9
34
3
ot
fo
zi
ic
5
vst
9
3
xet
0
yd
5
7
ms
iq
14
3
kwg
dk
1
kw
ob
9
ja
1
um
6
kg
1
0
xm
mo
yp
rk
pb
6
ra
7
hy
mm
1
vl
5
9
7
tv
busn
iru
vr
6
7
5
fw
1
8
qo
si
1
45
8
ae
fh
7
6
tz
kc
kd
8
fz
4
ccs
8
6
9
5
66
6
3
wa
vp
sm
4
ae
8
4
fs
np
5
4
wm
0
6
2
pk
9
ht
1
hpw
3
0
02
0
7
uz
7
gj
1
gm
1
2
af
zt
7
bx
ldv
0
aed
jd
6
8
nri
mgjx
5
5
mj
fb
5
9
2
umb
gjov
7
hjp
hj
6
rvdoyy
xwc
endstream
endobj
obj
contents
media
box
parent
resources
font
0
0
shading
pattern
object
color
space
ext
state
type
page
endobj
obj
ascent
set
cap
height
descent
flags
32
font
box
font
file
0
font
name
calibri
bold
italic
angle
0
stem
type
font
descriptor
endobj
obj
filter
flate
decode
length
stream
0
znhv
ro
xu
bk
vp
vn
8
vjq
bo
5
ck
4
0
7
jf
51
4
2
3
7
ff
wu
1
oh
endstream
endobj
obj
base
font
calibri
bold
system
info
registry
adobe
ordering
identity
supplement
0
to
map
identity
font
descriptor
subtype
font
type
2
type
font
endobj
obj
filter
flate
decode
length
13
stream
endstream
endobj
obj
ascent
set
cap
height
descent
flags
32
font
box
font
file
0
font
name
calibri
italic
angle
0
stem
80
type
font
descriptor
endobj
obj
filter
flate
decode
length
stream
5
vj
tm
1
6
idot
wu
sl
nj
6
kje
hp
uw
yg
8
5
5
5
6
fz
aa
xxk
9
ac
9
9
kd
vi
8
8
endstream
endobj
obj
base
font
calibri
system
info
registry
adobe
ordering
identity
supplement
0
to
map
identity
font
descriptor
subtype
font
type
2
type
font
endobj
obj
filter
flate
decode
length
12
stream
6
endstream
endobj
obj
pages
type
catalog
endobj
obj
author
creation
date
00
creator
keywords
mod
date
00
producer
foxit
phantom
printer
version
subject
title
endobj
xref
trailer
root
info
size
25
startxref
