obj
linearized
1
9
1
endobj
obj
decode
parms
columns
4
predictor
12
filter
flate
decode
31
5
09
30
44
index
info
length
88
prev
root
size
36
type
ref
1
stream
hbbd
0
7
hl
6
hp
0
0
endstream
endobj
startxref
0
obj
filter
flate
decode
97
length
85
38
stream
hb
1
nvfa
3
cq
lb
endstream
endobj
obj
lang
en
metadata
pages
type
catalog
endobj
obj
contents
crop
box
media
box
parent
resources
color
space
ext
state
font
0
0
pattern
shading
object
rotate
0
type
page
endobj
obj
filter
flate
decode
first
53
length
8
type
obj
stm
stream
hmk
lhewo
oh
8
ip
ry
pxa
1
qzuz
1
6
ep
8
gl
2
owzmz
ya
8
7
2
6
eb
nd
3
8
cp
4
dd
4
pzfm
gb
ptv
7
9
qp
0
endstream
endobj
obj
filter
flate
decode
length
stream
0
9
pu
3
dkm
0
axx
zx
nc
pm
2
4
6
sf
3
2
1
lh
rx
rj
5
5
nj
9
8
br
9
8
ym
0
6
okwh
tl
oh
if
93
ma
38
4
ma
9
bl
9
5
tk
5
endstream
endobj
obj
filter
flate
decode
length
stream
0
2
jvy
7
4
6
4
fgw
0
fo
08
in
7
xn
7
5
0
xw
2
sgk
dc
gh
ta
hzh
8
fcy
9
7
6
be
5
5
5
78
13
js
9
xwuw
89
6
ey
bl
4
endstream
endobj
obj
filter
flate
decode
length
stream
1
3
3
lwp
2
nj
gpd
3
84
jt
toj
82
0
71
ig
5
hb
1
2
xk
87
mr
vae
1
ew
gvc
lm
sc
iz
ot
endstream
endobj
obj
filter
flate
decode
length
stream
0
2
3
7
fi
6
or
xg
fh
sx
2
7
7
7
4
7
6
30
ce
9
00
rr
dq
2
sd
9
6
ut
0
je
fc
7
5
nus
1
4
gq
yt
ir
8
bna
iq
6
as
yb
zu
0
tf
8
5
9
dz
iw
uc
5
hzct
0
2
endstream
endobj
obj
filter
flate
decode
length
stream
wn
0
xa
7
uu
3
rgf
7
5
iu
oe
yk
lrt
4
em
7
xlhqu
3
px
0
9
qn
pj
0
cb
wsa
pz
ur
qrk
hq
0
fc
6
3
hj
cw
3
tf
xk
8
vi
kv
5
ni
vi
lo
nh
2
0
endstream
endobj
obj
filter
flate
decode
length
stream
rx
wc
0
2
cq
1
vs
0
78
vm
nq
tz
2
pz
7
in
2
7
ts
9
vh
mh
pt
gs
0
7
fas
28
rd
ra
7
oc
gp
3
0
1
kj
5
2
51
le
56
fkk
0
pm
gk
hk
4
5
5
iht
0
endstream
endobj
obj
filter
flate
decode
length
stream
1
88
4
ag
tn
3
9
zi
9
fk
mk
8
2
ha
0
qw
0
5
01
obk
5
hq
5
0
ftl
6
9
wy
5
2
8
gx
5
kc
8
5
kz
yf
9
rct
km
hp
3
7
ig
7
0
xs
8
jue
zm
2
9
2
endstream
endobj
obj
filter
flate
decode
length
stream
1
vl
6
1
97
1
jg
zp
kr
wd
pni
9
xn
bu
yi
ca
si
3
pw
yl
9
hri
3
endstream
endobj
obj
filter
flate
decode
length
3
stream
xw
7
kh
1
6
tp
2
dqp
id
kg
lp
1
8
2
vs
92
se
9
2
ct
6
sdl
2
1
rf
ym
emi
rax
7
nfz
dp
2
4
1
46
tc
48
0
rt
qh
0
8
28
0
bx
1
6
fkt
8
1
9
rbl
1
tp
8
8
ey
kl
jv
5
4
2
7
hr
0
uz
oik
76
8
kx
jon
el
pa
fy
zn
7
epu
lo
9
vs
uc
kz
ol
ps
7
qo
vsn
ys
4
wx
20
5
et
mw
3
endstream
endobj
obj
filter
flate
decode
length
13
stream
endstream
endobj
obj
filter
flate
decode
length
stream
3
ifd
3
zk
0
zb
km
oe
jx
qr
wn
qg
am
wj
mf
8
8
8
9
oq
9
1
5
5
4
6
jf
zzl
kf
5
6
qj
2
8
mb
xd
kt
ji
gy
fv
zu
qv
8
ly
4
8
gt
rc
vm
cj
2
tj
2
ei
7
rd
mmk
xl
me
vk
nv
4
iv
5
qj
5
3
uiu
pe
ml
6
qr
3
ak
3
li
fx
5
6
9
ld
mp
vc
1
wc
oy
xn
pt
uz
1
ss
az
9
zz
4
6
ks
yn
wbn
ju
2
4
jn
su
ae
0
hm
8
1
6
cq
4
jxr
3
3
ws
5
ba
nh
2
zl
na
ug
iy
su
9
9
4
0
xolt
06
nz
9
ew
3
9
mg
rz
21
4
ww
8
jn
2
gg
2
6
dj
fnh
mk
kj
uj
zu
ca
9
rr
gtp
4
dae
rziq
wi
tuea
ak
7
nf
3
bo
qa
jz
26
srz
ty
ah
iw
1
lvr
tj
dh
4
hi
we
sk
op
1
si
fs
41
ty
kl
6
tfd
9
wp
9
95
ao
jb
1
ao
8
4
oc
ju
sq
ys
3
9
9
hd
7
yv
0
zm
id
5
wn
rr
sts
87
2
6
xt
2
8
sg
5
eyu
cn
ep
4
6
84
am
ly
qd
7
9
5
lacn
mh
1
7
cd
ow
erp
ji
rc
6
mw
ut
2
gvj
6
0
wt
st
2
dol
5
dp
7
zg
6
jt
4
krr
9
uc
9
7
sg
ue
mnam
77
4
ur
9
2
jq
uhmn
1
4
qz
sa
dv
4
fb
sq
jt
wqff
yi
zm
zio
nd
1
2
0
9
bngl
6
6
zz
4
fid
dp
gi
04
isl
ur
ck
fx
8
2
km
wf
ej
2
gb
vh
3
wc
ub
vi
2
9
cj
ceiwvb
9
3
2
nr
uc
pc
gvz
sa
hx
pv
xdld
mob
8
yb
6
dm
hs
ed
ds
59
mfwn
2
bzuc
3
yj
ns
3
3
uil
ms
3
al
6
cx
8
1
at
zt
kf
0
nr
wz
qo
65
3
nb
ub
fq
cs
1
0
6
fb
ld
ey
6
vr
2
fe
1
lyh
rer
9
7
db
5
db
5
qb
18
1
tb
7
tk
8
0
mn
52
rdo
4
sf
kv
5
jun
9
7
bf
6
gg
3
7
ni
ys
2
vu
dk
fy
ay
0
rb
elx
5
ryhskn
bv
7
49
ef
wrv
jv
4
ra
gr
6
ly
ng
8
oj
7
4
6
8
3
dex
9
2
zm
73
6
dh
8
mp
8
gs
uiiy
hv
wjk
2
11
bka
obegd
xtu
hk
zip
9
wb
ta
3
1
nd
nv
0
ksr
9
7
ia
cl
5
do
1
su
5
wa
5
8
bd
8
kq
zf
mi
ke
ct
8
fql
tjp
5
oo
4
to
ni
vit
hc
0
va
6
gx
9
3
bn
xs
at
9
mr
yb
mx
fj
1
9
mu
9
8
4
6
4
1
dk
ql
3
br
hc
4
hq
2
fh
nh
kh
oa
hyba
za
1
0
2
3
99
4
0
7
nmcb
cdl
rm
0
sg
cm
2
rx
3
8
8
0
zx
lj
dv
fm
fh
0
asaq
hj
sg
hh
8
5
na
zvb
0
lf
0
br
yk
px
2
6
0
gr
8
0
9
7
5
wl
2
zr
8
fpb
16
ls
nlw
nmt
8
no
ot
bw
hwb
lrn
8
lh
8
ztp
9
cr
ow
1
csdx
31
39
ov
9
mb
6
dg
hdpbtxjjpye
0
2
lf
vh
3
fh
ep
dy
0
8
9
4
3
gu
8
2
it
3
fqr
wuzr
dn
7
ar
89
af
gs
ab
oo
uo
4
rb
5
zdc
3
7
0
dq
0
az
iql
9
2
9
4
lv
oq
4
kw
4
hh
9
gu
yri
is
te
xsd
oo
hu
74
bg
9
ls
sr
yv
3
czk
ef
3
2
9
0
ce
ygs
6
7
8
khfg
6
cw
3
0
bh
pb
pv
5
nqv
9
pv
9
xz
4
2
vh
9
0
5
6
kv
lg
9
8
ajs
au
3
7
vw
9
vw
jc
1
1
yr
0
6
sn
lc
gk
hh
se
4
bn
hu
9
6
iw
7
jw
yj
cy
2
qv
erer
8
1
3
1
0
dx
dx
2
gx
8
8
ww
7
xj
2
7
ap
0
6
bw
6
8
6
0
8
bx
6
7
6
au
xi
bx
dx
8
ex
6
6
1
yia
1
zy
6
npy
8
pb
0
no
1
qg
zq
3
1
2
lz
7
7
bwp
tgm
eh
ah
fh
bh
dh
4
3
3
0
zu
9
yq
ly
8
zz
zj
4
nsiel
09
yp
5
1
qr
mu
xccc
1
7
ot
sa
1
vn
ovntn
uskwh
4
54
aq
5
7
rn
1
7
6
8
pz
cirz
4
qiu
7
endstream
endobj
obj
filter
flate
decode
length
stream
0
er
3
cl
6
5
1
4
ydpz
nx
6
6
ltzz
7
5
mci
7
ybkep
wxj
4
6
ty
at
kw
ln
39
do
6
ooc
0
4
uy
joc
lp
ib
endstream
endobj
obj
filter
flate
decode
length
13
stream
endstream
endobj
obj
filter
flate
decode
length
stream
zi
5
tq
7
wv
6
2
au
wz
sq
fh
4
hk
ah
on
7
so
6
pb
5
mz
kp
2
tr
2
jsh
9
jd
2
zv
nu
7
9
4
hnjscf
5
ay
3
ef
ty
rr
4
vihm
2
5
6
5
4
ve
eh
4
0
li
zb
qs
7
3
de
5
4
9
7
ttj
bg
wek
43
5
et
wkr
fu
8
qu
2
2
ex
2
uz
wnj
ej
xx
1
fw
hhp
gfe
92
yb
1
gb
za
dla
2
83
ssu
2
2
vhd
ov
3
3
rd
jxp
rk
7
jjno
ktq
4
bq
8
cyg
wf
ni
6
ij
5
4
49
3
6
ngv
fs
on
ka
jb
7
4
em
dt
9
9
sv
hb
gn
wi
sc
cm
4
hg
wv
8
6
2
1
sdl
hv
rj
4
wy
uzx
0
xq
1
yp
6
4
6
4
1
co
2
xy
7
bb
ut
9
oaf
1
4
8
ve
2
iwd
1
2
iv
tp
tntx
4
kmy
15
hb
lr
hc
8
wzn
2
mqs
4
4
3
2
kb
nl
4
yb
35
ag
0
6
2
7
rl
9
3
pr
fkv
3
ui
1
am
4
oaa
3
2
un
yy
en
0
67
tpw
2
rq
hr
hq
5
ov
1
jz
ok
ud
1
ub
8
1
wd
us
ie
nc
zb
1
dtm
qz
2
igtnv
9
6
4
la
gyv
ak
2
ur
jv
ae
2
qr
6
ep
oo
1
kz
6
1
tqn
jkk
ay
3
1
ve
2
cu
yw
1
uj
nm
lq
1
1
9
de
6
vg
7
6
9
9
7
1
dl
gh
fv
op
0
0
ecl
9
36
nm
7
tm
zj
3
ud
et
np
5
9
lq
kc
7
qh
5
1
2
0
3
fy
jx
ue
6
7
fq
7
yny
dr
8
hh
hp
8
po
5
io
xq
kr
9
oy
hs
kv
ht
fr
eq
8
bq
cj
uj
5
8
iz
ox
pz
xr
lld
5
mz
4
3
on
tm
7
jaf
7
6
ri
1
hf
xw
7
yg
lsg
rbbo
8
5
69
th
ai
lbu
co
dz
4
nrm
xvq
8
qpw
8
dp
7
yx
4
rq
lw
5
fg
3
xxi
hq
ivd
bn
8
8
io
3
8
md
ec
7
12
9
7
lz
9
krk
7
xl
svy
9
hq
vept
3
ff
4
2
9
1
8
if
9
ae
22
ed
pa
2
mq
ex
yvh
0
7
4
iy
wp
2
by
16
vk
cm
0
8
gjh
hu
9
sp
25
oz
zm
00
yr
jf
2
6
em
et
yd
2
3
dk
5
jy
8
vr
th
xsu
1
ik
8
2
wh
dv
qqd
zf
oa
frdg
8
xvu
2
bp
8
rk
dg
2
6
ryx
15
zg
99
23
1
ze
1
ai
5
2
6
qtre
0
kvv
lr
2
1
ov
6
ky
1
bo
5
nk
5
32
1
cu
21
gf
om
7
2
bd
8
7
2
7
tn
1
8
1
pte
wd
9
7
qify
hy
8
dd
id
xz
ya
0
4
yo
3
dp
kjbf
9
vw
kq
6
yw
6
sz
lp
9
zbao
lx
6
wv
pe
bm
6
ph
yj
zr
na
aye
2
wt
2
6
jf
6
cth
zvb
9
3
2
5
2
ao
xb
01
fqk
mq
es
oy
4
kw
0
5
puu
wv
zjg
2
zrc
gdy
0
4
kg
2
1
ak
wdn
ay
5
6
at
9
ny
2
2
ar
5
3
5
7
sp
2
lb
zd
3
1
9
vt
5
yu
0
9
yo
6
1
3
djd
xj
13
9
wb
rb
fzh
nxn
9
51
6
2
8
am
ie
xu
1
5
8
3
vr
6
gh
bla
1
5
gh
yn
3
8
qn
ax
du
4
tc
in
52
db
rr
7
md
6
7
8
1
oot
1
vn
7
ov
hk
fac
gfalb
4
4
3
4
97
0
sh
7
edc
qo
0
5
7
rc
7
ju
4
vk
jf
30
lj
7
2
dzw
8
7
fv
jns
32
li
4
8
5
6
pe
fbt
90
6
8
7
mt
19
2
7
sb
ya
rg
sb
wk
vw
xl
33
3
2
3
ts
jh
il
qyf
csm
7
df
1
qr
vm
iw
3
sb
3
1
vc
6
re
2
5
tn
cb
eg
kd
em
3
kq
7
8
jn
2
8
yase
1
ne
6
ehi
4
5
td
8
8
2
vij
2
kp
5
1
4
5
cr
7
9
8
pc
13
by
lq
48
0
bpu
wu
8
6
ivi
tvvr
2
mhy
ki
pr
pu
5
1
tm
4
vg
9
bv
29
dc
sb
se
ab
1
2
1
lg
10
3
1
0
xr
ha
3
hb
1
ej
1
0
4
3
2
2
2
fs
0
do
3
3
2
2
3
2
3
1
3
2
ei
2
1
8
3
1
ng
1
2
yk
qs
1
8
hj
mxb
6
scmj
lk
6
sk
cj
kl
kl
ke
5
il
ed
ey
yt
rf
3
ezt
2
ejz
2
4
sm
47
9
3
6
pv
ik
ewk
zi
6
zf
sv
5
qv
7
1
mlqhm
ie
ml
em
hol
eu
quek
am
4
xs
1
yc
5
rit
0
3
zg
2
9
sf
ezt
5
9
1
yo
nnw
3
mp
5
2
4
emmv
8
sh
4
lmht
rx
to
66
rpmh
7
sm
qgmk
9
mm
65
jk
8
maq
1
5
kx
7
otbz
1
9
0
gz
3
pk
9
qo
vi
kczc
mx
1
5
ya
4
wbu
1
gd
2
76
io
rj
1
4
hh
6
22
rl
2
rd
yx
3
cg
7
1
1
0
0
0
0
0
0
0
1
sv
endstream
endobj
obj
filter
flate
decode
length
stream
0
nr
om
3
jcc
2
jc
2
3
6
4
dn
xw
3
9
0
5
0
9
ze
nke
ur
7
0
mlrzrh
3
ic
6
md
4
1
endstream
endobj
obj
length
subtype
type
metadata
stream
xpacket
begin
id
mp
cehi
hzre
sz
tczkc
9
xmpmeta
xmlns
adobe
ns
meta
xmptk
adobe
core
rdf
xmlns
rdf
http://www.w3.org/1999/02/22-rdf-syntax-ns
rdf
description
rdf
about
xmlns
dc
http://purl.org/dc/elements/1.1/
application
pdf
rdf
li
rdf
li
xml
lang
default
rdf
li
xml
lang
default
rdf
description
rdf
about
xmlns
xmp
http://ns.adobe.com/xap/1.0/
xmp
creator
tool
rdf
description
rdf
about
xmlns
pdf
http://ns.adobe.com/pdf/1.3/
pdf
keywords
foxit
phantom
printer
version
rdf
description
rdf
about
xmlns
xmp
http://ns.adobe.com/xap/1.0/mm/
uuid
ed
82
cec
1
uuid
bbda
xpacket
end
endstream
endobj
obj
filter
flate
decode
first
4
length
48
1
type
obj
stm
stream
pw
0
endstream
endobj
obj
filter
flate
decode
first
4
length
1
type
obj
stm
stream
eoni
7
he
7
6
8
qqz
wx
4
endstream
endobj
obj
decode
parms
columns
3
predictor
12
filter
flate
decode
31
5
09
30
44
info
length
37
root
size
7
type
ref
0
stream
hbb
endstream
endobj
startxref
obj
length
subtype
type
metadata
stream
xpacket
begin
id
mp
cehi
hzre
sz
tczkc
9
xmpmeta
xmlns
adobe
ns
meta
xmptk
adobe
core
rdf
xmlns
rdf
http://www.w3.org/1999/02/22-rdf-syntax-ns
rdf
description
rdf
about
xmlns
dc
http://purl.org/dc/elements/1.1/
application
pdf
rdf
li
rdf
li
xml
lang
default
rdf
li
xml
lang
default
rdf
description
rdf
about
xmlns
xmp
http://ns.adobe.com/xap/1.0/
xmp
creator
tool
rdf
description
rdf
about
xmlns
pdf
http://ns.adobe.com/pdf/1.3/
pdf
keywords
foxit
phantom
printer
version
rdf
description
rdf
about
xmlns
xmp
http://ns.adobe.com/xap/1.0/mm/
uuid
ed
82
cec
1
uuid
4
fc
60
fd
6
bf
db
dc
33
xpacket
end
endstream
endobj
obj
lang
en
mark
info
metadata
pages
struct
tree
root
type
catalog
endobj
obj
contents
crop
box
media
box
parent
resources
color
space
font
proc
set
text
rotate
0
struct
parents
0
tabs
type
page
endobj
obj
base
font
calibri
descendant
fonts
encoding
identity
subtype
type
0
to
unicode
type
font
endobj
obj
base
font
calibri
bold
descendant
fonts
encoding
identity
subtype
type
0
to
unicode
type
font
endobj
obj
class
map
parent
tree
parent
tree
next
key
6
role
map
type
struct
tree
root
endobj
obj
endobj
obj
endobj
obj
style
span
span
endobj
obj
endobj
obj
0
0
4
pg
endobj
obj
1
pg
style
span
endobj
obj
3
pg
style
span
endobj
obj
5
pg
endobj
obj
6
pg
endobj
obj
7
pg
endobj
obj
8
pg
endobj
obj
9
pg
endobj
obj
10
pg
endobj
obj
11
pg
endobj
obj
block
align
before
border
color
0
0
border
style
solid
border
thickness
height
inline
align
start
layout
width
endobj
obj
endobj
obj
filter
flate
decode
length
stream
ws
9
lu
wo
00
8
ni
0
1
gdh
cf
7
rn
7
oa
8
vv
7
nv
ys
5
bu
1
2
pr
xy
az
xy
3
lw
0
hi
6
ovi
3
sa
0
2
2
nv
3
fxl
uajss
93
vr
3
7
wz
il
6
2
rr
kk
1
1
yf
ts
11
5
8
xp
9
2
1
8
ex
3
7
vs
zx
al
9
7
zz
bi
9
7
ow
0
pro
2
ise
wh
yo
gz
0
nh
vj
nu
7
0
08
ey
1
ex
agy
hy
pd
og
qy
wb
0
bx
hx
xf
xi
7
ce
vo
3
vb
mz
2
3
kt
8
0
kfm
fr
6
7
4
9
jv
5
1
1
4
jpy
tl
au
zh
7
zvtgm
ny
za
2
qw
5
1
hy
4
it
92
2
xj
vk
ad
2
zm
2
dy
4
yx
8
4
tj
tu
0
8
0
ii
yg
0
xf
ow
5
jzz
yh
74
9
ym
9
vg
ft
aub
3
3
us
lk
uol
qw
zs
8
tp
nr
0
rb
nr
pz
2
0
xb
yj
fh
3
5
7
xe
ly
3
4
4
1
eq
4
bg
9
qa
9
njj
3
7
ow
7
61
2
kal
uf
9
oz
0
3
endstream
endobj
obj
filter
flate
decode
length
stream
8
wu
1
yp
9
6
aazu
7
7
nwc
el
8
8
fy
6
ku
3
3
yv
5
5
qb
1
yb
0
endstream
endobj
obj
filter
flate
decode
length
stream
2
eck
wlg
0
4
oou
5
8
zxq
vce
fh
4
4
fj
2
kk
of
0
gv
df
kpf
2
df
wdvb
7
5
4
2
8
kr
nv
rcr
zb
1
yb
mlb
7
7
wq
8
nq
3
3
3
3
3
3
3
3
3
3
3
3
3
3
3
3
3
3
3
ud
gud
gud
gud
gud
ub
ub
ub
ub
ub
ub
ub
7
3
3
3
3
7
sxn
7
sxn
7
sxn
7
sxn
7
sxn
7
oou
0
yy
to
endstream
endobj
obj
table
endobj
obj
box
inline
align
center
layout
placement
block
endobj
obj
endobj
obj
endobj
obj
endobj
obj
endobj
obj
endobj
obj
endobj
obj
background
color
border
color
null
null
border
style
none
solid
none
solid
border
thickness
height
inline
align
end
layout
width
endobj
obj
background
color
border
color
null
null
null
border
style
none
solid
none
none
border
thickness
0
height
inline
align
start
layout
width
endobj
obj
background
color
border
color
null
null
null
border
style
none
solid
none
none
border
thickness
0
height
inline
align
start
layout
width
endobj
obj
col
span
2
table
endobj
obj
background
color
border
color
null
null
null
border
style
none
solid
none
none
border
thickness
0
height
inline
align
start
layout
width
endobj
obj
background
color
border
color
null
null
border
style
none
solid
solid
none
border
thickness
height
inline
align
start
layout
width
endobj
obj
block
align
before
border
color
0
null
0
border
style
solid
solid
none
solid
border
thickness
height
inline
align
end
layout
width
endobj
obj
block
align
before
border
color
0
0
null
border
style
solid
solid
solid
none
border
thickness
0
height
inline
align
start
layout
width
endobj
obj
block
align
before
border
color
0
0
0
border
style
solid
border
thickness
height
inline
align
start
layout
width
93
endobj
obj
block
align
before
border
color
0
null
0
border
style
solid
solid
none
solid
border
thickness
height
inline
align
start
layout
width
endobj
obj
block
align
before
border
color
0
null
border
style
solid
solid
solid
none
border
thickness
0
height
inline
align
start
layout
width
endobj
obj
line
height
layout
space
after
endobj
obj
layout
text
decoration
type
underline
endobj
obj
layout
text
decoration
type
underline
endobj
obj
line
height
layout
space
after
8
text
indent
endobj
obj
filter
flate
decode
first
4
length
1
type
obj
stm
stream
nsa
zke
4
ja
2
1
os
xo
4
endstream
endobj
obj
decode
parms
columns
4
predictor
12
filter
flate
decode
31
5
09
index
info
length
prev
root
size
83
type
ref
0
stream
hbbd
86
6
dx
0
ab
0
3
endstream
endobj
startxref
