obj
linearized
1
16
2
endobj
obj
decode
parms
columns
5
predictor
12
filter
flate
decode
92
1
index
info
length
prev
root
size
50
type
ref
1
stream
hbbd
0
6
0
endstream
endobj
startxref
0
obj
filter
flate
decode
length
72
stream
hb
0
0
8
1
5
af
3
4
1
sn
endstream
endobj
obj
metadata
page
labels
pages
type
catalog
endobj
obj
contents
crop
box
media
box
parent
resources
rotate
0
type
page
endobj
obj
filter
flate
decode
first
95
length
13
type
obj
stm
stream
hko
hb
4
ms
6
9
bh
8
vc
ib
1
oi
6
5
pc
6
8
gq
xwuyex
vj
9
vvz
gb
1
rui
6
phe
la
ye
gfc
wrs
sn
8
at
3
2
4
4
yl
jt
iv
so
ni
ni
ph
3
5
iz
4
tk
qd
endstream
endobj
obj
filter
flate
decode
length
stream
pn
ru
5
iw
tg
6
ow
3
9
sfgf
yqs
3
wu
2
3
xf
jm
endstream
endobj
obj
filter
flate
decode
length
stream
pn
up
huk
9
ky
0
pr
2
31
6
ib
gx
dp
9
bevy
endstream
endobj
obj
filter
flate
decode
length
stream
wko
yr
iqqa
9
mg
zex
yo
ug
9
gv
8
nxg
93
sj
mh
wlre
xa
sm
71
5
0
kar
2
mlvu
ed
5
as
1
2
rn
fr
0
ex
ik
vb
da
9
7
2
eq
ik
2
ix
4
cp
9
gb
8
cf
7
gi
5
bv
zk
qe
26
8
4
4
5
2
bjk
hq
2
sa
9
tx
9
dm
1
bl
8
2
gm
6
se
fj
2
yp
cz
1
zr
2
op
1
gx
4
rca
9
8
0
ub
43
aw
jr
jlz
guf
zq
cc
96
shy
4
8
ic
ld
ri
sf
ykz
3
qo
6
zt
9
mc
vf
wy
9
8
dk
gi
5
hc
8
7
0
mz
eh
pr
8
5
3
bmy
0
6
zy
yg
3
gz
1
8
jb
wg
gi
ar
mz
fq
4
gd
8
ha
qa
6
0
al
5
ok
gv
lb
9
zm
pw
4
wq
6
8
zj
6
9
sn
dl
82
nf
fi
3
zm
nc
jv
ac
0
8
1
0
dbq
8
2
8
bjg
cx
3
mqw
yr
4
ev
gg
3
we
6
endstream
endobj
obj
filter
flate
decode
length
stream
8
sts
zi
fkiv
uo
wwb
fgw
9
szvx
ww
2
re
4
3
ks
fe
gq
1
gv
sj
2
wgs
4
kw
9
ji
1
iqi
kk
gc
mnp
0
6
rl
3
cq
3
4
gj
5
4
6
6
xe
rz
5
qd
8
xg
1
03
3
ve
fzh
se
7
0
rt
sc
4
my
mec
2
ep
9
6
bn
1
iw
6
pn
2
rxd
fc
9
eh
3
0
0
3
3
5
qe
0
4
6
sc
th
kirb
4
xxv
qp
0
ff
sa
8
dce
6
9
iy
5
6
nzwugp
4
mo
naj
3
lc
ny
7
1
6
6
rx
1
2
bpy
8
1
ad
vi
4
rfz
iz
9
9
75
8
wj
09
xh
cdg
oa
qp
2
mt
2
4
crz
5
fq
uy
bd
5
4
kj
6
6
8
ap
mz
78
2
8
3
vh
1
lw
3
9
6
9
wo
7
iu
3
endstream
endobj
obj
filter
flate
decode
length
stream
mo
ad
49
ar
09
rn
2
oj
kd
so
mz
ukp
5
wn
fk
6
1
eb
cfk
mb
qj
3
2
zp
0
vs
ch
et
cdy
mc
6
2
2
te
9
oer
bka
aiy
mf
gn
8
5
5
74
9
th
hi
8
4
az
4
psd
49
gw
6
9
qk
1
1
vn
7
dj
sq
bt
3
we
6
nn
cp
9
ru
0
pw
pmf
9
plf
9
sf
0
1
4
ved
be
is
fo
4
bd
9
gv
am
7
4
4
agb
1
ti
6
cm
ee
1
xzm
pp
0
6
qu
hr
1
1
nvfs
5
4
cq
5
wv
0
utp
3
8
4
cxm
zd
rz
74
8
47
9
ss
7
0
wag
6
fbs
8
kd
irc
3
bs
22
1
5
2
del
fxs
qh
5
sh
6
nczkp
2
fi
5
5
lt
uw
38
wh
4
bt
dy
3
0
2
hzu
8
8
kl
5
nk
epho
8
bks
9
ju
sl
ns
7
1
jc
dm
uo
1
fz
kp
1
0
endstream
endobj
obj
filter
flate
decode
length
stream
4
6
vt
gre
hn
isa
qk
uv
cd
hj
rw
tyr
cl
32
7
9
ip
puw
3
6
pt
8
wt
5
0
3
3
ei
0
1
2
2
7
3
qm
2
pg
9
scg
ty
arn
qj
8
kc
ql
7
eh
9
9
6
pj
xt
ix
em
2
mk
je
5
rh
nz
7
kh
qk
5
tib
oi
32
7
5
0
9
oh
0
9
dt
4
5
tc
26
5
4
7
2
if
ci
1
2
38
yq
4
3
0
1
kh
ik
bh
7
sw
cc
bb
7
1
1
2
8
tv
9
ic
yf
7
6
eo
7
drt
od
jy
2
1
pm
3
1
0
4
6
5
nv
ce
8
1
6
0
rs
gy
0
hl
xu
9
9
2
dg
0
27
hqw
0
3
ra
hp
8
4
bi
7
io
4
9
tb
ymb
4
00
hg
yr
fm
ik
azl
9
endstream
endobj
obj
filter
flate
decode
length
stream
6
7
kjlk
3
cxs
nf
7
gy
1
7
ri
6
2
tw
mn
3
ad
js
9
hq
en
7
tl
tlr
6
hei
6
vnik
ad
2
6
0
mru
pq
29
1
jh
3
9
tu
ky
6
od
76
wh
3
rb
vg
svv
3
xu
83
0
6
7
di
dr
5
bj
0
gv
1
jt
0
11
ke
1
kp
kf
id
7
kqqy
11
vm
9
6
7
5
hj
mr
8
rm
wy
nj
9
pz
zf
bj
ov
6
qo
1
pr
zq
uy
6
58
kq
lp
1
2
tz
4
1
4
yp
sh
6
bv
eszl
fwo
nssmc
tx
8
0
71
hln
3
uq
9
8
jwn
1
mk
maie
7
7
3
nl
3
1
muh
3
fhzb
8
tj
wdx
7
8
9
iy
1
9
df
8
ka
eu
4
zv
2
kr
xza
8
ym
xs
skh
yzj
0
9
1
uk
4
wd
6
7
3
he
wx
qp
ww
wh
vw
endstream
endobj
obj
filter
flate
decode
length
stream
nwg
1
erl
3
7
2
3
jqjj
oo
4
1
5
em
nf
mm
okn
yg
0
hr
06
6
dm
1
7
8
7
wf
2
6
7
0
phq
iaybz
7
6
0
zk
tl
67
4
4
2
zw
qr
5
5
fmx
ix
9
ri
jqz
7
ox
2
eq
ru
0
2
zq
6
5
7
9
qc
mt
9
4
zn
1
8
5
gc
ae
0
fm
sr
42
nerll
96
ux
2
0
xun
0
kz
6
xv
ys
sa
pc
04
cn
te
rk
7
99
yh
3
iem
rl
wa
lic
8
sp
jn
6
sz
2
rw
9
7
1
2
pli
1
9
td
cji
4
rr
wc
1
yc
zh
0
ws
7
bp
2
8
ti
2
yc
wf
5
ho
cv
3
1
4
ce
9
tf
va
2
dq
0
yse
cit
1
0
5
dr
2
ndz
uhyt
zk
0
6
2
kg
ex
zcbd
6
3
vv
4
sg
5
endstream
endobj
obj
filter
flate
decode
length
stream
ks
5
lt
tzb
sb
7
lwyw
yb
dxnml
mfc
0
xy
kr
4
8
qy
id
zj
7
wy
7
bjp
ck
5
9
kp
6
xl
38
lw
4
8
5
1
3
lo
dy
kw
1
twug
czv
4
kqf
abw
4
4
0
nv
zzl
wcg
ami
5
rmce
77
77
it
ci
gv
fc
oh
7
jbs
6
so
dl
zd
1
ra
rr
9
0
ipo
3
0
yo
51
0
ln
aq
mxs
uu
cp
6
9
1
9
oe
ngi
ve
xh
bv
lj
sb
dux
6
8
tqn
fj
ip
eb
8
0
4
wk
8
wi
mel
eg
0
yen
wb
2
vg
8
kk
1
rc
uwe
0
9
65
wm
9
vn
0
fs
sc
9
vc
5
4
dk
4
2
57
rw
uz
2
ga
re
ui
3
5
wzn
ae
ey
0
endstream
endobj
obj
filter
flate
decode
length
stream
wk
bv
bd
kg
olq
8
rn
9
5
bk
6
15
be
2
7
jlok
9
2
iv
0
6
7
ik
fv
7
6
ty
so
yc
ro
ll
0
85
wa
9
on
ge
em
mn
yte
9
ej
wp
0
ex
39
jy
5
gi
6
ld
xu
3
rq
1
9
ti
ntam
ph
9
4
tr
9
vl
6
hx
9
hdi
8
xb
5
3
xb
2
5
bz
hb
bu
1
py
4
my
2
he
2
5
1
6
jt
no
8
6
8
zo
ta
mqe
ss
zc
kspx
5
5
8
ksm
1
0
0
eh
6
rz
qb
9
bk
2
ej
0
7
ew
2
jz
7
wi
0
lu
va
rrc
0
sd
0
fj
2
cc
7
8
7
jr
7
ki
tyl
zq
5
5
4
yb
24
ph
8
pq
wcs
5
koxt
9
yqg
3
yi
0
mq
ht
4
4
7
sd
6
cea
bb
01
90
5
oa
8
5
vv
9
xr
2
lp
7
1
6
endstream
endobj
obj
alternate
device
filter
flate
decode
length
3
stream
hw
wz
0
0
ml
hb
pb
0
yygs
8
0
7
he
3
prb
qd
sl
1
no
3
ql
2
8
rp
8
cfq
knjm
28
6
qm
7
3
kyhy
rm
ve
tq
8
9
8
lg
kk
0
2
8
2
2
cq
2
5
6
9
aw
cm
6
xa
1
1
3
xy
eb
19
gp
5
3
dx
hx
httt
1
2
sj
yittt
1
8
cz
eo
ugd
gh
nh
yc
srrr
rn
2
qy
rr
ve
jj
kw
5
zzzz
3
wk
nnm
oia
caa
qn
le
wvjo
22
hir
2
yt
yi
3
15
ziw
66
6
6
ni
wk
7
tsxvlpps
jp
cy
ona
wx
9
an
0
54
ld
9
fg
mk
nc
1
gcbcf
gv
nw
odx
of
igwd
wsz
jl
8
3
wr
ll
gmnac
ok
2
hti
oos
wrj
zi
8
7
7
dw
nuwv
oj
pq
zu
xo
zm
tw
8
rx
fn
ly
53
7
so
endstream
endobj
obj
filter
flate
decode
length
20
stream
0
endstream
endobj
obj
filter
flate
decode
length
length
stream
7
fe
zyg
1
sv
5
3
dx
sp
ruc
6
0
0
fv
3
0
jj
7
iw
ri
7
vuqw
vz
7
5
38
hicw
8
7
fw
qa
za
1
6
cw
ei
zv
uzv
9
1
hl
gzuz
4
wu
5
88
4
1
uo
3
jt
4
ei
bb
fc
ak
6
bj
7
wh
zg
5
3
yj
1
23
zyevc
54
9
7
4
wf
ne
zh
5
yf
2
lm
rf
of
bbt
nd
0
ff
ib
zy
22
gp
9
se
1
yn
8
rv
sa
9
0
fr
22
6
5
cy
yb
7
dk
ni
izv
2
ib
3
4
gv
zy
8
hw
7
wlg
2
2
dw
yr
9
cl
4
yg
6
4
my
eqh
2
mc
qqih
9
7
pocyj
2
ft
gnhv
7
dl
4
pfy
acm
4
4
2
ec
qr
cd
9
9
2
hv
4
3
9
ad
50
0
3
yq
lj
sn
4
3
ko
du
7
97
ep
16
60
uvw
7
6
1
qxr
cn
4
0
0
un
7
dp
cbt
3
4
89
sa
18
al
br
jy
4
1
qn
6
gs
1
fp
4
fo
7
wuf
bu
aw
1
6
3
vj
2
ak
9
3
3
3
56
ws
3
6
vk
7
oh
eq
is
zfoi
4
12
nd
hku
fc
vk
fp
pw
9
vk
0
6
hkpj
0
bs
nq
qkc
rgj
9
7
5
td
cy
9
dm
hw
6
98
un
1
xc
px
34
8
ta
4
ge
my
kw
nq
ku
pwl
xj
2
4
9
5
9
pp
et
5
8
wyc
ms
0
ff
ag
ab
bw
9
51
ob
dy
1
4
7
wb
9
7
xxw
tk
mx
12
5
xo
uo
nuz
gdi
9
5
px
1
oc
wv
8
7
2
2
lqy
giu
po
ge
0
dnr
fylg
3
ddv
zs
3
vbq
0
2
93
3
3
ag
9
es
ag
8
2
vkoo
4
9
5
0
sm
bg
7
rr
vk
6
0
cu
1
ruex
mk
lq
lx
9
tq
5
ea
4
mw
5
gcun
1
7
7
ac
8
kr
9
1
og
vx
gkcp
11
qv
jp
osror
wc
au
6
9
9
srb
cy
ea
0
dp
uq
1
0
aw
xgou
wj
iz
gj
8
4
3
3
3
oc
0
30
40
si
jg
51
3
laox
6
1
8
94
jn
vd
6
7
hc
gm
87
cpo
ocs
1
kgew
xm
3
9
qy
ed
1
va
ca
7
yw
5
fs
2
nbx
fvs
5
5
kwr
1
06
7
nz
7
fo
tjdo
6
ll
woa
st
hyh
eb
uds
ak
0
6
09
9
vd
7
1
dq
4
4
em
eu
obj
5
06
os
tc
6
91
xg
7
uy
cc
bfy
oq
7
yv
ylfyy
xey
gy
qu
yr
6
yn
ynbe
fe
ba
gti
lf
2
xq
2
tx
yae
yr
ydddf
ie
yt
3
xc
4
3
oy
id
7
4
6
5
36
4
od
9
py
2
te
8
orw
xo
3
6
bye
yd
1
xy
70
3
30
lmb
4
fi
mk
vkb
xmj
9
0
5
jv
jvv
gt
un
xj
db
4
rys
vy
tg
1
1
qki
4
4
4
9
9
md
ybvc
8
ss
08
vt
4
2
4
yy
yb
5
ff
94
oo
wn
9
5
0
2
dt
7
8
nu
wv
duuu
zst
vu
vo
ov
5
rh
4
ua
1
4
hm
3
pb
1
bu
qt
fk
3
wt
3
6
by
3
gte
fg
mi
2
rx
3
gs
59
4
7
ve
7
4
4
dw
foi
lf
iy
8
ivl
9
xs
qq
is
xn
ifd
30
up
dv
xk
fd
22
ay
ykg
kb
0
9
cz
6
wq
1
8
lax
2
oe
6
6
lc
4
la
9
er
3
ln
5
mu
05
jm
7
4
bm
mar
2
9
uq
rs
8
1
fk
9
ts
0
endstream
endobj
obj
filter
flate
decode
length
length
stream
7
7
ho
yrzyg
7
cd
27
yb
6
2
mg
fk
6
ol
wf
ys
pn
kg
vd
9
qd
zt
4
68
tl
kj
36
un
njy
zs
jlj
lp
wc
6
4
nv
fwr
iw
ut
9
lk
6
6
7
8
aog
mv
1
7
rq
gx
7
wsp
ls
vm
fj
8
pp
70
nas
0
zi
wajfc
lb
8
ec
6
1
gmuj
uji
4
3
4
nv
vf
4
zq
1
7
0
4
99
ov
7
6
mk
6
7
jj
bok
nnl
nyzm
pu
8
7
1
82
4
9
po
0
ys
6
jg
1
9
dp
4
qj
zn
9
vl
7
7
oy
od
9
gs
3
6
32
ks
oy
0
dni
7
fh
1
3
1
dn
eh
2
48
ot
rh
pn
4
po
zs
ix
rod
eh
ci
lh
ku
7
apv
bcxz
xr
ic
ay
1
th
9
id
taa
5
mf
klx
2
3
ka
8
fc
5
dc
1
2
ez
dr
ou
7
de
4
dnd
sh
zg
mcc
0
sh
3
ym
4
hf
1
hb
sg
rb
mo
gd
2
5
xth
hv
qpztv
0
skt
3
2
js
ac
5
2
2
7
0
lf
8
cd
wr
4
xm
vsa
jzy
4
02
7
1
gn
0
svx
4
rx
9
ak
74
0
3
0
fz
eqqll
00
4
cz
98
7
fb
lw
1
qf
ib
1
85
cj
2
6
8
yn
6
6
0
ol
01
rn
jkt
6
mt
mu
vj
ti
7
xwn
9
1
0
nn
vy
7
gx
5
3
xfb
4
7
tj
sa
0
3
ac
2
mh
xlo
2
7
4
zf
bs
2
7
4
9
zv
2
us
dd
0
3
jb
5
ij
by
ux
nu
0
sp
tm
5
cm
4
2
kl
je
0
62
wq
sb
8
2
4
ck
6
2
13
cd
ua
0
yw
1
umb
5
ov
1
5
ou
5
xy
5
av
2
qg
8
8
33
bq
zjg
0
ko
3
eo
nkj
3
ey
5
mq
xy
3
ub
yl
6
ug
0
23
zwu
8
rb
wg
8
7
hs
8
fq
ns
1
4
va
sk
6
wg
ie
si
qm
9
lk
ous
rj
0
4
ku
4
83
bq
on
9
pz
6
2
9
xg
jwr
ea
2
tct
mo
1
1
37
fi
nh
tj
1
cl
ob
ey
jv
1
1
6
1
gj
0
scz
1
cy
lr
3
xj
5
jk
mw
qv
9
uh
6
gx
snx
9
3
ljh
aw
3
ghyy
1
29
4
wz
ft
ut
sms
2
5
ac
cg
1
2
wg
ic
wag
qw
ogqa
3
6
lh
de
9
tg
fx
lj
4
ke
hu
2
1
7
ix
8
qj
eik
9
9
0
ve
2
kv
8
8
8
8
8
78
fx
3
rs
ep
5
cw
3
8
br
ov
pud
oc
wz
3
vu
6
8
sf
qql
vp
ql
0
9
vi
zyf
ti
qg
vo
7
xss
jcv
6
4
yd
hi
ge
1
wv
3
vv
vs
2
sq
1
se
zg
kj
ygs
4
ss
9
1
5
rj
6
8
am
2
5
ubny
egk
bq
9
dd
7
dz
1
hd
kjz
wr
pj
wp
jh
lw
nsb
dz
2
jtj
6
5
56
2
vc
ab
9
el
ee
bs
wd
vw
kn
cd
9
6
gn
cd
rd
7
hd
2
2
ko
6
2
cd
4
2
id
2
jd
od
dr
er
2
ed
dz
6
6
wxv
ny
71
4
4
po
dt
0
web
6
cd
7
eo
zeb
ihzd
ye
ay
3
7
rd
6
0
1
0
usv
0
gs
13
7
ny
gu
7
7
wshu
8
6
zn
4
1
7
6
jm
0
0
cb
4
2
9
op
7
3
wb
0
1
4
0
0
0
tb
0
ga
4
0
1
1
0
bb
1
9
memm
ru
8
ndp
5
9
jt
5
6
nn
1
lmj
hb
6
rjl
7
wn
4
ue
yjj
kk
ce
lv
tg
io
yt
pz
oo
fyy
ohaf
zbj
3
tr
9
8
fy
ey
5
pr
5
wo
8
xt
sp
6
hx
8
zl
0
oid
di
0
dn
jd
cpss
jt
qz
np
2
kgzy
jv
4
nd
3
pm
yl
8
uy
nvw
1
0
jh
5
9
5
sd
1
gwz
4
ww
1
dc
56
qk
7
ev
7
uz
ylza
89
rm
1
gg
24
gd
1
ad
2
7
2
wr
8
ab
qn
4
nv
zc
ew
9
hj
di
dt
hm
4
ail
6
3
ck
1
6
5
eye
uj
53
be
jer
9
xf
7
rc
wm
6
yr
uc
6
2
8
vd
at
8
2
qd
jxs
fup
2
3
dd
3
3
sc
qo
4
nw
0
go
kf
mj
oq
8
pr
ku
2
1
2
gm
5
faxk
pz
nmc
ry
1
7
wh
9
ri
0
xdsnt
2
7
ec
6
mw
muh
tjl
8
3
5
uxx
4
ai
1
3
2
eiu
8
8
jt
3
xg
3
5
yq
qce
2
7
mj
yiu
6
od
ep
3
1
oc
0
ez
3
3
4
qjx
9
dbq
gefie
2
utl
5
fm
crn
my
5
rk
lvf
ap
5
qnv
ist
0
0
uy
1
gp
eh
1
sk
im
8
cr
2
fl
2
vi
73
9
rk
ye
3
cw
7
iowr
7
ct
qb
uhh
0
8
ww
upu
6
neo
zk
7
ts
46
nvr
2
mj
7
izv
6
9
3
my
va
fj
4
uk
rc
9
3
qji
eu
zs
9
uw
5
an
9
2
0
5
mq
yz
vh
1
dsj
5
hyfh
5
fugoyng
da
0
dv
3
nd
jp
6
1
nvm
2
6
fc
jh
uz
1
7
0
hi
5
zt
0
0
0
xx
1
au
zy
un
0
kj
iz
1
2
53
sjr
eb
2
0
2
5
qf
xsnn
8
al
uv
ko
9
vg
xg
mu
gm
8
gx
gv
yc
ac
5
go
vi
3
ob
er
ri
xt
5
ma
1
8
th
2
4
fb
7
bz
2
7
gz
2
gg
4
ww
mwg
el
2
ryzrbs
7
gn
oqq
luq
7
1
9
9
9
af
8
2
dd
5
zh
7
0
ca
1
3
6
toi
rw
to
3
tjsa
rw
0
gf
vx
8
ly
cg
95
5
hu
jj
57
iz
hk
0
9
ys
7
sy
5
led
pnw
5
fy
2
zc
ua
ssj
6
dm
bm
za
aejar
sa
ol
ep
8
3
yu
qz
zz
or
xyz
cs
kw
0
jn
2
ixx
6
iff
2
tb
5
fa
rd
hh
qu
fm
ct
ol
hl
2
3
2
0
tjjz
8
9
srz
hh
6
nkf
2
nh
ke
mj
1
3
qeei
odk
nd
zh
bo
pa
ee
fe
8
de
kv
8
3
vb
7
6
fl
ao
6
ca
to
0
ja
sn
6
5
5
8
no
8
wx
ug
vjkq
8
mt
fv
4
2
sb
3
2
1
6
jno
0
1
kun
syusw
ys
sh
8
4
nv
6
8
bg
rsh
ccw
9
2
to
tz
uh
2
js
ew
83
7
9
ke
ox
22
0
0
9
9
4
ujt
8
il
1
se
qhm
tn
ydu
5
7
6
nwz
4
1
io
hf
6
wzf
vv
30
8
kyk
wu
6
wq
px
1
ex
7
ohj
sp
gf
pb
ic
yfn
1
6
qp
2
ee
ey
ci
et
ztyd
4
7
be
1
9
kh
fq
3
vb
1
cj
wss
6
6
gusb
6
zsl
1
7
cm
6
3
7
1
hh
jr
qid
1
8
jju
hr
2
8
3
vs
ahb
neay
qnr
aa
9
vu
ud
1
km
8
ht
pj
ou
7
px
qj
5
ej
ma
oe
ni
df
3
fm
to
sq
uc
0
li
0
6
9
no
nm
8
1
2
vp
1
7
ahk
8
4
8
1
9
0
id
fa
qc
4
cu
quj
33
5
dd
sq
8
qy
jn
od
3
mz
1
yez
kx
ei
9
rr
1
sh
8
53
9
7
qwr
3
9
mad
6
endstream
endobj
obj
filter
flate
decode
length
20
stream
0
endstream
endobj
obj
filter
flate
decode
length
length
stream
bt
uw
oyyy
ssg
6
4
3
zg
mg
3
qu
dsw
cf
9
qf
jd
3
8
qh
iit
vz
vm
iug
3
zs
7
4
94
2
tt
3
bh
en
rs
bb
7
4
ji
6
mt
qq
2
8
zk
9
xu
thl
6
6
2
lx
2
zv
5
iz
or
cbq
rk
70
8
5
4
dg
92
40
wt
mf
vt
pd
7
5
2
1
79
4
xe
1
cxh
sc
1
9
vb
fe
4
2
40
1
yqlt
0
ke
bu
tj
3
7
9
ah
ss
vx
3
ob
fo
0
0
1
mox
7
0
0
oa
yq
6
7
6
qf
wsit
vu
5
cf
8
gw
sf
2
jnk
hz
1
8
4
86
ra
3
3
2
3
sh
0
fv
hn
qo
8
zn
eq
tm
4
9
isu
4
ygi
uo
8
qp
ag
qa
xi
7
wh
8
9
9
gdk
1
2
4
3
6
1
5
6
ds
fj
3
jn
0
2
2
lv
6
6
du
8
sn
8
nz
zhk
an
41
5
6
1
yt
jak
7
0
0
6
ge
5
8
wths
1
0
9
um
6
4
ai
5
8
vv
6
jw
3
7
55
8
5
mfx
cg
nr
9
zf
cq
aeg
5
xy
om
bl
9
6
jz
9
7
8
7
3
viq
48
1
0
1
njg
4
lu
go
5
kn
em
tn
4
to
ub
6
7
4
cm
ox
or
4
sx
7
fu
8
5
kv
7
3
5
1
7
7
fw
0
xsja
cx
ua
4
5
2
lp
cog
or
wz
jd
ls
0
zoi
4
3
0
8
4
2
6
07
yy
9
vsg
0
5
moo
2
xl
8
ah
5
9
3
8
iy
mz
jo
9
0
kr
jc
ks
cy
kf
zi
9
6
5
xv
ub
3
gu
6
cv
oo
9
5
5
62
1
nh
4
7
4
io
3
qis
khq
3
nor
3
2
hps
8
7
uuf
7
0
is
4
2
4
6
pg
1
4
ih
ib
mum
xg
sc
4
mm
4
3
4
4
3
3
3
8
jr
ame
5
rg
1
7
7
2
ot
1
xho
0
nxg
mo
5
3
3
3
wa
jy
9
9
5
mk
va
oq
qv
kl
6
yg
4
dq
6
mj
18
5
jr
5
pr
6
nvpy
0
xb
70
gq
jc
7
qe
ax
zo
mz
9
0
rl
0
wj
awg
snq
gk
kg
6
ey
sas
ew
no
wa
9
ss
0
lm
3
zo
9
qh
xb
6
9
9
lh
4
iu
3
3
9
zv
ht
yw
fv
89
hj
8
3
9
qh
5
bn
5
6
jr
5
1
ys
1
os
0
23
6
vi
4
no
42
3
nmjy
5
qz
oj
85
wd
7
jj
0
8
mxb
giy
5
kq
4
kx
aq
94
dg
8
9
5
te
wo
1
dx
4
5
1
quz
rs
et
tf
3
cr
3
3
yd
3
sf
2
3
lg
2
0
rd
2
2
3
6
ca
2
2
1
2
2
2
lz
3
2
tc
ig
td
3
8
br
9
lb
3
4
4
3
fb
11
29
lc
5
3
3
3
23
la
ya
2
3
2
3
qb
pbz
edi
rb
7
1
rb
2
pb
1
7
7
nx
uf
jh
uj
et
1
qq
wq
1
4
bt
wy
wnf
eq
8
4
whe
8
rxb
7
sl
1
6
ba
5
psw
dq
1
9
3
lu
5
tg
uty
fq
rz
tg
ji
7
1
0
1
vw
re
7
1
lw
sd
43
jw
fg
it
el
ny
na
rt
ap
0
wib
3
8
3
cx
1
6
5
5
0
vv
1
ga
kb
uwb
ucc
mwf
rtc
5
4
7
4
8
pi
0
uut
2
48
rst
ot
kcc
1
iy
hi
wx
wa
9
2
vc
9
bzv
ju
3
kl
ln
2
6
3
is
3
wp
7
zs
2
0
7
7
yp
9
6
3
0
ja
0
ap
5
0
7
0
1
zw
7
8
8
8
mx
8
ux
wex
8
vx
3
la
5
np
3
45
qi
5
wr
jg
dta
wk
gv
1
3
7
no
6
3
ee
2
rq
59
98
6
0
30
pgnq
gvw
vu
ei
9
ee
ufz
jzp
3
cn
8
xl
ot
uj
endstream
endobj
obj
filter
flate
decode
length
length
stream
4
4
qb
4
5
9
5
ong
qo
3
gw
1
gs
5
ie
2
5
4
hs
7
di
9
94
msh
et
bh
5
2
dx
9
7
0
ji
66
nt
1
8
tt
9
uz
6
mx
hq
ej
spd
zwd
aa
5
oxi
ig
9
5
7
8
76
wv
6
7
4
2
yq
vu
qq
ge
pc
8
5
ra
rb
3
7
ax
2
ml
1
7
fn
4
0
jin
5
1
2
sc
9
jl
pbzhk
2
9
ym
2
4
yce
icv
7
2
snl
vis
dg
5
lq
3
5
6
0
9
1
4
2
tw
dw
nx
7
izy
lv
dt
uy
ay
up
1
ge
zhy
bq
43
cdbu
sh
lyq
1
9
4
jm
3
09
it
er
8
1
tn
2
eg
bljee
4
5
uj
hd
ih
uae
8
gck
9
2
if
vf
5
gm
sp
6
qy
8
mz
im
zy
4
9
ts
5
voh
0
rd
1
1
9
3
zn
0
kn
2
0
2
rm
qhy
za
lv
yn
hqw
kxn
oy
1
9
tfp
hsl
7
hq
7
0
4
7
4
5
4
8
6
vv
ms
0
4
6
4
3
4
gm
nmr
mr
mk
3
wsk
5
ii
91
3
kl
hi
1
rx
5
wm
9
bi
1
kh
ewbx
1
1
2
0
cm
27
ht
va
30
el
7
4
fm
8
uc
qv
sx
7
nq
8
sok
0
7
7
3
8
ei
7
vt
fx
9
ys
1
8
7
03
8
5
1
mg
6
ein
3
85
su
dc
5
fz
1
1
3
1
0
gz
xb
7
5
mb
sg
1
1
nv
2
6
5
kv
yg
3
4
iy
sz
jo
9
0
kr
sk
nks
9
kf
zi
7
nc
tz
nqz
1
1
fu
ah
5
wf
1
8
3
gc
dv
mt
yg
agr
yv
ue
0
ig
3
ft
cg
nb
vb
7
oj
9
4
av
ps
8
oc
2
5
oa
zy
vo
5
je
bn
1
yq
mv
sy
1
1
xk
0
3
7
4
4
mg
qgtvg
qn
at
30
vj
8
7
3
oc
bhw
2
ot
3
kx
2
7
gkq
il
fl
yy
8
91
tg
ps
8
0
gq
ve
71
7
yuq
0
2
8
oo
3
8
oty
gm
kvy
sp
kp
oz
xp
uz
2
rq
gp
7
sa
8
6
6
4
50
0
fs
1
da
9
2
3
1
my
3
6
qs
4
8
6
3
4
qh
xb
hs
hl
ah
bg
wd
ht
yw
9
0
7
rg
4
by
2
52
xj
roy
zh
1
4
qw
5
nb
wy
rv
1
fd
7
9
lj
1
os
im
ez
4
1
va
7
9
2
5
su
5
5
7
hi
ght
7
xw
wj
ac
3
4
dy
5
9
5
1
du
su
3
lndr
le
2
2
sf
2
3
cd
3
28
cd
2
1
4
cd
3
2
0
io
dr
1
3
8
mfr
lbd
is
2
3
1
2
2
bb
21
3
2
3
lar
lb
0
3
1
yk
ere
0
ys
le
lf
ld
0
yn
0
0
lb
lv
2
0
1
lb
3
6
6
6
6
7
7
7
cez
tb
6
bye
rb
qb
tb
2
ub
4
8
2
wb
2
rq
jt
ut
jh
3
qq
sc
tq
no
jw
ydu
wam
keca
69
irk
9
cr
9
3
dh
7
bwcw
9
7
fh
3
mib
chu
jr
ba
4
7
7
bf
fr
0
9
9
9
1
ys
3
9
6
2
1
6
7
vvn
65
1
qz
03
7
tc
fj
6
wr
7
ao
xl
5
oz
8
4
3
at
he
au
hf
1
3
0
1
0
8
8
8
81
xp
7
6
3
jt
jf
gi
0
ng
2
tax
yo
7
5
ti
xi
0
2
9
yo
1
fa
hu
5
lkw
uz
dm
2
vjr
0
mj
cjh
3
5
8
5
pi
4
4
1
qd
1
xn
py
3
fe
nd
3
zwrv
9
4
3
3
cj
kg
tl
4
6
6
5
orsm
6
2
uu
ydg
xa
tv
yr
57
fl
4
12
xwqy
7
4
8
6
le
dcc
2
lcr
1
7
75
rb
3
zr
7
0
jg
2
bj
2
ie
fb
4
9
6
9
3
dez
0
yg
rz
iql
4
vb
7
cr
to
frw
oy
ndc
1
3
8
0
cb
he
xj
5
5
7
1
18
vhr
8
nj
ei
cr
nk
4
uc
9
xq
8
0
jh
1
xg
5
7
bn
ig
jb
3
7
cklnw
ov
4
rv
yn
2
ke
5
2
61
nh
3
4
ak
ev
2
ur
8
3
jc
6
mn
1
hp
8
4
4
rl
08
42
jw
7
9
nf
1
ho
0
vr
pap
pk
mzz
6
1
py
2
jz
wk
zn
8
7
nk
xr
ar
9
07
ua
ej
3
tu
8
9
ao
uk
9
ai
zk
ma
3
1
4
3
9
inu
hp
mbd
8
6
pcv
7
1
psm
rk
1
26
3
jw
cf
at
8
aw
5
9
2
ch
9
ek
2
2
bdxs
9
4
ae
1
ejfb
dn
cz
5
eb
te
5
3
9
53
7
9
4
1
na
9
gx
ii
3
6
hpq
79
wd
nd
6
sc
1
aq
yx
7
kpc
62
lg
ee
8
4
6
lpn
bl
5
io
9
qf
isj
8
55
tixgo
38
fi
3
ey
ug
8
0
mv
ri
7
zw
10
5
5
jp
1
57
8
2
dp
gu
uk
we
go
eh
4
2
xj
5
8
6
0
01
px
gi
3
ko
4
ud
pne
qah
bc
5
3
xb
8
4
8
85
7
1
7
3
52
8
5
1
le
yji
1
pr
wq
bl
ewd
7
un
53
4
iq
ww
ks
on
19
qj
5
50
cf
as
5
4
fx
qxt
8
zf
5
1
on
qz
0
4
vh
0
gc
mu
jk
uq
jb
to
6
jg
vv
6
3
yn
01
iv
wr
ug
7
4
huzl
cz
pe
8
meg
4
1
4
cg
itlo
2
1
fi
sn
2
cq
qi
je
juar
0
anu
md
jo
evx
ta
0
ws
wo
9
kc
4
8
noe
nm
3
sb
4
hhxf
6
xe
gs
1
2
4
aa
aa
7
dd
6
px
0
zi
xl
ay
9
mi
zl
0
1
8
0
7
6
to
lra
tv
9
og
0
ipy
jh
kh
fv
8
gi
nrh
1
wv
kw
dk
vdn
32
1
og
5
66
0
9
8
ii
bq
sd
rt
7
2
my
2
5
va
3
ne
wp
4
cvh
4
ro
cm
pe
zi
zc
sw
tj
3
1
4
zp
ug
do
8
8
6
vgr
37
9
5
sr
gu
xh
ni
0
ijo
44
cs
3
nf
00
9
ez
8
1
sx
eq
8
hjk
8
3
ng
1
83
pd
ww
3
htp
4
do
do
2
kzj
jn
soe
fr
1
59
0
0
3
dj
4
7
3
mm
5
1
4
vlk
2
cr
qr
kx
9
3
6
4
ww
fvn
82
jwcz
we
ac
6
kt
jw
4
lc
tw
0
5
7
kq
5
uj
oc
rsep
4
nc
9
lj
sa
cy
2
ca
7
fiwm
kmo
vx
6
7
hk
7
gs
pg
2
zg
sk
ik
an
kb
gz
4
6
6
ylt
uy
3
2
ug
6
szl
uah
6
go
6
qsug
6
ekzw
8
bn
5
6
lz
tqlc
bk
ki
02
ar
4
4
mv
9
np
li
qby
5
9
jb
ji
2
ym
3
wr
dt
yq
2
7
hl
8
8
ht
2
zme
jk
5
6
bz
mw
dq
zn
4
8
hg
4
qd
if
tw
3
7
uo
om
ha
6
xb
5
5
7
vi
08
yq
cf
1
lq
2
2
0
jy
xj
kz
gea
5
9
bh
ha
jyjme
1
rw
9
uo
mo
9
5
tf
9
sl
yb
de
zu
3
hx
blg
gp
gf
8
3
un
9
5
vq
9
1
qi
cj
wr
99
rn
4
wt
0
7
qzd
pr
pr
3
3
usm
4
zv
7
7
au
7
cc
ly
4
kaix
bo
7
8
hik
bsw
vae
bo
dv
it
7
8
wk
6
4
az
6
0
4
4
qt
37
accn
of
wi
so
4
4
aiz
5
3
fz
4
wr
hm
hu
zs
1
cp
pt
8
4
8
ccb
cb
cg
sp
7
8
0
5
endstream
endobj
obj
contents
crop
box
media
box
parent
resources
rotate
0
type
page
endobj
obj
filter
flate
decode
length
stream
es
36
we
fb
laa
3
1
zp
8
8
wru
3
9
2
ju
en
kq
kj
5
os
1
4
lwu
5
4
bv
pyh
xx
9
0
sk
4
ia
kf
2
vg
2
ca
akit
4
bp
oba
86
gn
wg
ol
2
hw
prd
5
xv
awg
qb
jm
4
il
2
uo
jr
iz
87
8
lj
riz
4
gcxp
kz
6
5
88
bnt
xmi
diy
ez
7
7
9
cdd
9
tdf
sg
9
1
sp
2
lz
46
cu
ctmw
7
wa
tr
1
jn
0
zn
5
5
7
hpy
mm
hb
4
kv
ia
4
yu
3
3
2
9
wm
8
do
hit
ga
9
mu
8
lp
hr
sr
6
1
9
sh
rl
30
2
siy
fh
ok
9
2
2
ren
co
zc
xhs
2
fs
fy
zlq
zi
ce
ckq
ii
iu
zw
qmi
fz
yw
bsuq
nz
mqpv
wi
5
vie
ap
sj
oo
8
2
hd
gv
wn
12
6
ztg
0
6
4
am
6
yj
hu
7
0
es
6
5
6
id
xwm
1
qc
ja
7
mn
4
yn
3
ux
4
lby
ok
9
aq
th
9
8
fncs
qv
uflu
yvt
xn
7
ptk
8
os
wq
jii
qc
2
gctf
lf
ha
zc
sbb
6
deua
3
mb
gq
6
wo
8
9
hvb
5
6
4
nq
vw
kdh
9
3
3
1
4
uy
hbh
sdw
mir
44
6
bf
7
7
ocsiw
esz
nbe
oy
op
3
64
of
hf
pk
0
un
5
xf
gj
3
ch
4
vc
lia
tld
8
lv
2
wx
wuz
2
4
12
4
7
1
js
8
op
9
8
7
mcj
qb
jy
4
4
6
dq
ro
rp
9
xb
8
0
cq
ps
md
0
kw
yg
0
vs
1
lf
nm
2
sq
cbgr
cm
6
8
0
lv
br
0
ag
dw
0
wa
eu
zx
6
8
is
2
nf
un
sa
xa
2
7
es
9
8
lr
4
ibp
kn
7
sz
5
ppi
1
fw
8
rv
1
pue
2
qvq
vss
2
8
8
dq
5
1
7
nv
ds
7
3
sv
9
rq
ltp
eh
3
pz
1
9
5
pz
rx
ry
ri
he
kj
6
go
kn
vy
gn
cw
zv
6
kkfa
ey
sk
hl
esv
93
zo
9
6
2
5
fn
67
wb
pq
kv
9
wbr
6
ee
ki
9
0
3
8
vxy
80
qt
ps
0
3
dj
hhk
cd
ce
1
ix
vc
7
it
bs
6
au
zwh
jf
prz
ob
9
2
qt
jn
9
zq
gpg
ae
nk
9
1
0
6
yhw
90
mlb
ke
3
vcf
8
4
6
qr
if
vj
5
1
0
1
9
cj
7
uma
ut
zwjo
5
cuei
uo
4
dj
1
ax
op
ca
ev
zc
12
9
bs
17
ox
mb
nh
0
6
qzms
ma
4
pr
0
lh
9
ld
qx
7
7
yv
2
wp
mx
fg
5
5
az
rcl
14
4
9
jjg
ll
4
0
0
1
8
3
ipr
6
lgl
2
ol
zg
0
br
7
bwq
1
ol
36
9
wz
5
gbl
lp
qp
nc
me
myr
5
ms
98
1
3
80
2
rs
0
da
1
co
0
8
uj
7
8
qo
rg
sz
ar
aun
3
tky
qq
8
pk
rn
hfv
1
dp
1
6
ks
il
hc
hh
4
5
0
yu
4
4
dgf
4
6
ka
3
3
4
1
kyn
8
4
dzyb
4
hy
3
uu
qf
zw
7
7
gxk
xw
9
8
5
qx
8
3
41
0
1
al
3
dc
4
dm
6
pn
rf
cy
1
1
endstream
endobj
obj
filter
flate
decode
first
4
length
1
type
obj
stm
stream
4
ihpz
cmg
endstream
endobj
obj
filter
flate
decode
first
11
length
44
2
type
obj
stm
stream
vv
endstream
endobj
obj
length
subtype
type
metadata
stream
xpacket
begin
id
mp
cehi
hzre
sz
tczkc
9
xmpmeta
xmlns
adobe
ns
meta
xmptk
adobe
core
rdf
xmlns
rdf
http://www.w3.org/1999/02/22-rdf-syntax-ns
rdf
description
rdf
about
xmlns
dc
http://purl.org/dc/elements/1.1/
application
pdf
final
use
and
finance
report
draft
template
15
to
15
xlsx
mumma
rdf
description
rdf
about
xmlns
xmp
http://ns.adobe.com/xap/1.0/
script
5
dll
version
2
rdf
description
rdf
about
xmlns
pdf
http://ns.adobe.com/pdf/1.3/
acrobat
distiller
windows
rdf
description
rdf
about
xmlns
xmp
http://ns.adobe.com/xap/1.0/mm/
uuid
4
ab
ed
uuid
ad
37
bd
06
bae
6
xpacket
end
endstream
endobj
obj
filter
flate
decode
first
5
length
54
1
type
obj
stm
stream
pw
0
64
tb
3
endstream
endobj
obj
filter
flate
decode
first
5
length
1
type
obj
stm
stream
2
jr
wg
8
yg
3
vafk
fo
6
8
ac
qo
1
3
oq
0
endstream
endobj
obj
decode
parms
columns
5
predictor
12
filter
flate
decode
92
1
info
length
61
root
size
14
type
ref
1
stream
hbb
fi
2
4
0
endstream
endobj
startxref
