html
michigan
state
university
form
action
https://search.msu.edu/index.php
method
get
role
search
role
listitem
aria
haspopup
true
aria
expanded
false
href
https://msu.edu/about
target
about
href
https://msu.edu/about
target
class
overview
href
https://msu.edu/about/facts
target
class
facts
href
https://msu.edu/excellence
target
class
excellence
href
https://msu.edu/about/history
target
class
history
href
https://msu.edu/visit
target
class
visit
href
https://msu.edu/about/leadership
target
class
leadership
href
https://admissions.msu.edu/life-at-msu/diversity
target
class
external
diversity
amp
inclusion
href
https://careernetwork.msu.edu/outcomes/
target
blank
class
external
spartan
success
href
https://trustees.msu.edu/about/mission.html
target
blank
class
external
mission
statement
img
src
media
assets
msutoday
images
winstons
six
treys
push
msu
women
past
iowa
2
beaumont
tulip
thumb
lg
jpg
rev
ed
1
abaab
ee
6
ee
amp
amp
amp
la
en
amp
hash
4
alt
beaumont
tower
find
the
latest
guidance
on
19
precautions
href
https://msu.edu/together-we-will/
target
class
aria
label
learn
more
aria
describedby
id
0
bb
0
66
efc
learn
more
role
listitem
aria
haspopup
true
aria
expanded
false
href
https://admissions.msu.edu/
target
blank
admissions
href
https://admissions.msu.edu/
target
class
external
overview
href
https://admissions.msu.edu/apply/first-year
target
class
external
first
year
applicants
href
https://admissions.msu.edu/apply/transfer
target
class
external
transfer
applicants
href
https://admissions.msu.edu/apply/international
target
class
external
international
applicants
href
https://admissions.msu.edu/apply/graduate-students
target
class
external
graduate
applicants
href
https://admissions.msu.edu/apply
otherapplicants
target
class
external
other
applicants
href
https://admissions.msu.edu/cost-aid
target
class
external
cost
amp
financial
aid
href
https://admissions.msu.edu/academics/majors-degrees-programs
target
class
external
majors
degrees
amp
programs
href
https://admissions.msu.edu/academics/career-interest-areas
target
class
external
career
interest
areas
href
https://admissions.msu.edu/life-at-msu
target
class
external
life
at
href
https://admissions.msu.edu/visit
target
class
external
schedule
visit
href
https://admissions.msu.edu/admitted
target
class
external
admitted
students
next
steps
img
src
media
unsortedimages
student
jpg
rev
ad
ff
ee
amp
amp
amp
la
en
amp
hash
8
alt
student
holding
spartan
flag
join
the
next
generation
of
spartans
href
https://admissions.msu.edu/apply
target
class
external
aria
label
apply
now
aria
describedby
idecdf
cf
03
18
af
bb
51
apply
now
role
listitem
aria
haspopup
true
aria
expanded
false
href
https://msu.edu/academics
target
academics
href
https://msu.edu/academics
target
class
overview
href
https://msu.edu/academics/colleges-programs
target
class
colleges
amp
programs
href
https://educationabroad.isp.msu.edu/
target
class
external
education
abroad
href
https://grad.msu.edu/
target
class
external
graduate
programs
href
https://honorscollege.msu.edu/
target
class
external
honors
college
href
https://www.urca.msu.edu/
target
class
external
undergraduate
research
href
https://online.msu.edu/
target
class
external
online
programs
href
https://reg.msu.edu/ROInfo/Calendar/academic.aspx
target
class
external
academic
calendar
href
https://reg.msu.edu/roinfo/Enrollment.aspx
target
class
external
enrollment
amp
registration
href
https://nssc.msu.edu/explore/
target
class
external
advising
href
https://lib.msu.edu/
target
class
external
libraries
href
https://www.rcpd.msu.edu/
target
class
external
resource
center
for
persons
with
disabilities
img
src
media
assets
msutoday
images
9
students
citizen
scholar
lecture
classroom
jpg
rev
aa
1
ad
ebb
amp
amp
amp
la
en
amp
hash
8
9
alt
students
in
classroom
more
than
programs
of
study
href
https://admissions.msu.edu/academics/majors-degrees-programs/default.aspx
target
class
external
aria
label
find
yours
aria
describedby
id
bac
dd
0
ab
70
ce
9
find
yours
role
listitem
aria
haspopup
true
aria
expanded
false
href
https://msu.edu/research
target
research
href
https://msu.edu/research
target
class
overview
href
https://research.msu.edu/global-impact/
target
class
external
global
impact
initiative
href
https://research.msu.edu/research-centers/
target
class
external
centers
amp
institutes
href
https://research.msu.edu/
target
class
external
office
of
research
and
innovation
href
http://research.msu.edu/student-research/
target
class
external
student
research
href
http://www.canr.msu.edu/research/
target
class
external
ag
bio
research
href
https://innovationcenter.msu.edu
target
class
external
innovation
center
href
https://urcmich.org/
target
class
external
university
research
corridor
img
src
media
assets
msu
images
research
science
technology
png
rev
cf
22
de
64
amp
amp
amp
la
en
amp
hash
06
65
alt
researchers
with
an
autonomous
vehicle
is
driving
the
future
of
mobility
href
https://msutoday.msu.edu/mobility
target
class
external
aria
label
learn
more
aria
describedby
id
06
fd
2
learn
more
role
listitem
aria
haspopup
true
aria
expanded
false
href
https://msu.edu/campus-life
target
campus
life
href
https://msu.edu/campus-life
target
class
overview
href
https://liveon.msu.edu
target
class
external
live
on
campus
href
https://offcampushousing.msu.edu
target
class
external
live
off
campus
href
https://msutoday.msu.edu
target
class
external
latest
news
href
https://arts.msu.edu/
target
class
external
arts
href
https://inclusion.msu.edu
target
class
external
institutional
diversity
and
inclusion
href
https://supportmore.msu.edu/
target
class
culture
of
support
href
https://civilrights.msu.edu
target
class
external
office
for
civil
rights
amp
title
href
https://msu.edu/visit
target
class
visit
img
src
media
assets
msu
images
campus
life
campus
life
students
walking
jpg
rev
ffc
be
23
ba
amp
amp
amp
la
en
amp
hash
39
22
75
alt
students
walking
and
biking
more
than
students
from
all
50
states
and
other
countries
href
https://inclusion.msu.edu
target
class
external
aria
label
read
more
aria
describedby
id
4
bbe
ebdd
fdde
read
more
role
listitem
aria
haspopup
false
aria
expanded
false
href
https://www.msuspartans.com/
target
athletics
aria
haspopup
true
aria
expanded
false
href
https://msutoday.msu.edu/
class
activator
target
today
featured
stories
href
https://msutoday.msu.edu/news/2024/congratulations-class-of-2024
target
aria
label
trending
image
link
img
src
media
assets
msutoday
images
spartans
forever
spartans
forever
hero
jpg
rev
ae
afd
41
ce
dca
amp
amp
amp
la
en
amp
hash
59
95
alt
tassel
on
top
of
grad
cap
decorated
with
spartan
helmet
april
24
href
https://msutoday.msu.edu/news/2024/congratulations-class-of-2024
target
congratulations
class
of
href
https://msutoday.msu.edu/news/2024/no1-for-30-years
target
aria
label
trending
image
link
img
src
media
assets
msutoday
images
fewer
michigan
3
rd
graders
could
be
held
back
for
reading
college
of
education
hero
jpg
rev
bab
ff
amp
amp
amp
la
en
amp
hash
37
4
alt
outside
of
the
college
of
education
building
april
10
href
https://msutoday.msu.edu/news/2024/no1-for-30-years
target
no
1
for
30
years
href
https://msutoday.msu.edu/news/2024/msu-researchers-turn-the-tide-for-safer-healthier-water
target
aria
label
trending
image
link
img
src
media
assets
msutoday
images
msu
researchers
turn
the
tide
for
safer
healthier
water
lake
michigan
shoreline
jpg
rev
db
9
dcc
19
af
amp
amp
amp
la
en
amp
hash
alt
an
aerial
view
of
lake
michigan
shoreline
with
dunes
and
trees
in
the
background
march
18
href
https://msutoday.msu.edu/news/2024/msu-researchers-turn-the-tide-for-safer-healthier-water
target
turning
the
tide
for
safer
healthier
water
href
https://msutoday.msu.edu/view-all
target
class
all
stories
href
https://msutoday.msu.edu/view-all
category
arts
target
class
external
arts
href
https://msutoday.msu.edu/view-all
category
business
target
class
external
business
href
https://msutoday.msu.edu/view-all
category
campus
target
class
external
campus
href
https://msutoday.msu.edu/view-all
category
environment
target
class
external
environment
href
https://msutoday.msu.edu/view-all
category
health
target
class
external
health
href
https://msutoday.msu.edu/view-all
category
life
target
class
external
life
href
https://msutoday.msu.edu/view-all
category
science
and
technology
target
class
external
science
and
technology
href
https://msutoday.msu.edu/view-all
category
sports
target
class
external
sports
form
action
https://search.msu.edu/index.php
method
get
href
https://msu.edu/about
target
class
about
href
https://admissions.msu.edu/
target
blank
class
external
admissions
href
https://msu.edu/academics
target
class
academics
href
https://msu.edu/research
target
class
research
href
https://msu.edu/campus-life
target
class
campus
life
href
https://www.msuspartans.com/
target
class
external
athletics
about
href
https://msu.edu/about
target
class
overview
href
https://msu.edu/about/facts
target
class
facts
href
https://msu.edu/excellence
target
class
excellence
href
https://msu.edu/about/history
target
class
history
href
https://msu.edu/visit
target
class
visit
href
https://msu.edu/about/leadership
target
class
leadership
href
https://admissions.msu.edu/life-at-msu/diversity
target
class
external
diversity
amp
inclusion
href
https://careernetwork.msu.edu/outcomes/
target
blank
class
external
spartan
success
href
https://trustees.msu.edu/about/mission.html
target
blank
class
external
mission
statement
img
class
lazyload
data
src
media
assets
msutoday
images
winstons
six
treys
push
msu
women
past
iowa
2
beaumont
tulip
thumb
lg
jpg
rev
ed
1
abaab
ee
6
ee
alt
beaumont
tower
find
the
latest
guidance
on
19
precautions
href
https://msu.edu/together-we-will/
target
class
learn
more
admissions
href
https://admissions.msu.edu/
target
class
external
overview
href
https://admissions.msu.edu/apply/first-year
target
class
external
first
year
applicants
href
https://admissions.msu.edu/apply/transfer
target
class
external
transfer
applicants
href
https://admissions.msu.edu/apply/international
target
class
external
international
applicants
href
https://admissions.msu.edu/apply/graduate-students
target
class
external
graduate
applicants
href
https://admissions.msu.edu/apply
otherapplicants
target
class
external
other
applicants
href
https://admissions.msu.edu/cost-aid
target
class
external
cost
amp
financial
aid
href
https://admissions.msu.edu/academics/majors-degrees-programs
target
class
external
majors
degrees
amp
programs
href
https://admissions.msu.edu/academics/career-interest-areas
target
class
external
career
interest
areas
href
https://admissions.msu.edu/life-at-msu
target
class
external
life
at
href
https://admissions.msu.edu/visit
target
class
external
schedule
visit
href
https://admissions.msu.edu/admitted
target
class
external
admitted
students
next
steps
img
class
lazyload
data
src
media
unsortedimages
student
jpg
rev
ad
ff
ee
alt
student
holding
spartan
flag
join
the
next
generation
of
spartans
href
https://admissions.msu.edu/apply
target
class
external
apply
now
academics
href
https://msu.edu/academics
target
class
overview
href
https://msu.edu/academics/colleges-programs
target
class
colleges
amp
programs
href
https://educationabroad.isp.msu.edu/
target
class
external
education
abroad
href
https://grad.msu.edu/
target
class
external
graduate
programs
href
https://honorscollege.msu.edu/
target
class
external
honors
college
href
https://www.urca.msu.edu/
target
class
external
undergraduate
research
href
https://online.msu.edu/
target
class
external
online
programs
href
https://reg.msu.edu/ROInfo/Calendar/academic.aspx
target
class
external
academic
calendar
href
https://reg.msu.edu/roinfo/Enrollment.aspx
target
class
external
enrollment
amp
registration
href
https://nssc.msu.edu/explore/
target
class
external
advising
href
https://lib.msu.edu/
target
class
external
libraries
href
https://www.rcpd.msu.edu/
target
class
external
resource
center
for
persons
with
disabilities
img
class
lazyload
data
src
media
assets
msutoday
images
9
students
citizen
scholar
lecture
classroom
jpg
rev
aa
1
ad
ebb
alt
students
in
classroom
more
than
programs
of
study
href
https://admissions.msu.edu/academics/majors-degrees-programs/default.aspx
target
class
external
find
yours
research
href
https://msu.edu/research
target
class
overview
href
https://research.msu.edu/global-impact/
target
class
external
global
impact
initiative
href
https://research.msu.edu/research-centers/
target
class
external
centers
amp
institutes
href
https://research.msu.edu/
target
class
external
office
of
research
and
innovation
href
http://research.msu.edu/student-research/
target
class
external
student
research
href
http://www.canr.msu.edu/research/
target
class
external
ag
bio
research
href
https://innovationcenter.msu.edu
target
class
external
innovation
center
href
https://urcmich.org/
target
class
external
university
research
corridor
img
class
lazyload
data
src
media
assets
msu
images
research
science
technology
png
rev
cf
22
de
64
alt
researchers
with
an
autonomous
vehicle
is
driving
the
future
of
mobility
href
https://msutoday.msu.edu/mobility
target
class
external
learn
more
campus
life
href
https://msu.edu/campus-life
target
class
overview
href
https://liveon.msu.edu
target
class
external
live
on
campus
href
https://offcampushousing.msu.edu
target
class
external
live
off
campus
href
https://msutoday.msu.edu
target
class
external
latest
news
href
https://arts.msu.edu/
target
class
external
arts
href
https://inclusion.msu.edu
target
class
external
institutional
diversity
and
inclusion
href
https://supportmore.msu.edu/
target
class
culture
of
support
href
https://civilrights.msu.edu
target
class
external
office
for
civil
rights
amp
title
href
https://msu.edu/visit
target
class
visit
img
class
lazyload
data
src
media
assets
msu
images
campus
life
campus
life
students
walking
jpg
rev
ffc
be
23
ba
alt
students
walking
and
biking
more
than
students
from
all
50
states
and
other
countries
href
https://inclusion.msu.edu
target
class
external
read
more
href
https://msu.edu/future-students
target
class
future
students
href
https://msu.edu/students
target
class
current
students
href
https://msu.edu/alumni
target
class
alumni
href
https://msu.edu/faculty-staff
target
class
faculty
amp
staff
href
https://admissions.msu.edu/apply/default.aspx
target
class
external
apply
href
https://msu.edu/visit
target
class
visit
href
https://givingto.msu.edu/top-priorities.cfm
sa
24
1
amp
utm
medium
referral
amp
utm
source
msu
amp
utm
campaign
ag
amp
utm
content
give
home
target
class
external
give
href
https://msutoday.msu.edu/
target
class
today
link
today
div
class
background
image
desktop
lazyload
data
bg
media
assets
msutoday
images
photo
gallery
12
campus
dlt
jpg
rev
4
afb
ed
div
class
background
image
tablet
lazyload
data
bg
media
assets
msutoday
images
photo
gallery
12
campus
dlt
jpg
rev
4
afb
ed
div
class
background
image
mobile
lazyload
data
bg
media
assets
msutoday
images
the
year
in
photos
nov
birds
eye
gm
jpg
rev
1
ccbadb
3
visit
href
edu
visit
is
one
of
the
biggest
greenest
campuses
in
the
country
welcoming
visitors
from
around
the
world
we
invite
you
to
explore
our
beautiful
campus
in
east
lansing
michigan
and
learn
what
makes
an
nbsp
exceptional
place
where
spartans
live
learn
and
work
visit
options
there
rsquo
much
to
see
and
do
on
rsquo
acre
campus
come
visit
and
take
look
around
be
sure
to
view
our
href
https://msu.edu/together-we-will/campus-visitors/
campus
visitor
guidelines
nbsp
href
https://msu.edu/together-we-will/msu-community-compact/
are
you
prospective
student
check
out
the
in
person
and
virtual
tours
that
the
office
of
admissions
href
https://admissions.msu.edu/visit
offers
br
href
https://admissions.msu.edu/visit/
aria
label
visit
options
visit
target
class
cta
green
external
data
module
cta
aria
describedby
ide
ae
7
fdc
visit
href
https://admissions.msu.edu/visit/
target
aria
label
click
to
see
visit
options
img
class
lazyload
data
src
media
assets
msu
images
visit
visit
lantern
jpg
amp
rev
12
ccb
3
dbba
2
aafda
2
fe
amp
hash
26
alt
lantern
on
west
circle
drive
get
to
and
around
campus
href
https://maps.msu.edu/
target
aria
label
click
to
see
campus
maps
div
class
background
image
lazyload
data
bg
media
assets
msu
images
visit
old
campus
maps
jpeg
amp
rev
amp
hash
alt
map
showing
east
lansing
home
of
aria
label
map
showing
east
lansing
home
of
campus
maps
explore
campus
with
interactive
maps
and
directions
href
https://maps.msu.edu/
aria
label
campus
maps
view
maps
target
class
cta
green
external
data
module
cta
aria
describedby
id
ffa
fc
47
cb
90
bd
fcc
7
view
maps
href
https://police.msu.edu/parking-services/visitor-parking/
target
aria
label
click
to
see
parking
on
campus
div
class
background
image
lazyload
data
bg
media
assets
msu
images
visit
old
visit
parking
jpeg
amp
rev
badc
amp
hash
alt
campus
parking
lot
with
solar
carport
aria
label
campus
parking
lot
with
solar
carport
parking
on
campus
information
about
daily
parking
buying
semester
pass
obtaining
faculty
staff
permit
or
paying
parking
violation
href
https://police.msu.edu/parking-services/visitor-parking/
aria
label
parking
on
campus
learn
more
target
class
cta
green
external
data
module
cta
aria
describedby
idb
32
aa
0
be
56
94
eb
26
ad
learn
more
href
https://msu-bike-service-center.shoplightspeed.com
target
aria
label
click
to
see
bike
rental
div
class
background
image
lazyload
data
bg
media
assets
msu
images
visit
old
visit
bike
rental
jpg
amp
rev
2
dd
fda
3
amp
hash
2
alt
rental
bikes
on
display
outside
39
campus
bike
shop
aria
label
rental
bikes
on
display
outside
39
campus
bike
shop
bike
rental
rsquo
on
campus
bike
shop
offers
bike
rentals
sales
and
repairs
year
round
href
https://msu-bike-service-center.shoplightspeed.com
aria
label
bike
rental
rent
bike
target
class
cta
green
external
data
module
cta
aria
describedby
idb
05
79
bc
rent
bike
href
https://www.cata.org
target
aria
label
click
to
see
campus
and
city
bus
service
div
class
background
image
lazyload
data
bg
media
assets
msu
images
visit
old
visit
cata
bus
jpg
amp
rev
4
aaec
bf
fb
caf
amp
hash
8
39
62
alt
students
wait
to
board
the
bus
on
campus
aria
label
students
wait
to
board
the
bus
on
campus
campus
and
city
bus
service
numerous
busing
options
are
available
for
all
spartans
including
free
on
campus
bus
rides
href
https://www.cata.org
aria
label
campus
and
city
bus
service
visit
website
target
class
cta
green
external
data
module
cta
aria
describedby
idbf
ac
3
48
ed
3
cb
1
ab
54
cfda
visit
website
href
http://flylansing.com
target
aria
label
click
to
see
capital
region
international
airport
div
class
background
image
lazyload
data
bg
media
assets
msu
images
visit
old
visit
capital
airport
jpg
amp
rev
7
ca
ba
8
amp
hash
1
alt
spartans
will
billboard
at
capital
region
international
airport
aria
label
spartans
will
billboard
at
capital
region
international
airport
capital
region
international
airport
located
just
minutes
from
campus
the
lansing
airport
offers
convenient
travel
opportunities
br
href
http://flylansing.com
aria
label
capital
region
international
airport
visit
website
target
class
cta
green
external
data
module
cta
aria
describedby
id
aa
2
4
fd
8
visit
website
href
https://www.michiganflyer.com
target
aria
label
click
to
see
michigan
flyer
airport
shuttle
div
class
background
image
lazyload
data
bg
media
assets
msu
images
visit
old
visit
michigan
flyer
jpg
amp
rev
aa
4
fc
3
bc
3
bf
86
feadf
2
afe
amp
hash
97
2
alt
michigan
flyer
shuttle
bus
aria
label
michigan
flyer
shuttle
bus
michigan
flyer
airport
shuttle
michigan
flyer
air
ride
offers
daily
round
trips
between
east
lansing
brighton
ann
arbor
and
detroit
metropolitan
airport
href
https://www.michiganflyer.com
aria
label
michigan
flyer
airport
shuttle
visit
website
target
class
cta
green
external
data
module
cta
aria
describedby
idec
41
bf
ddec
visit
website
lodging
the
lansing
area
has
many
options
for
places
to
stay
choose
from
recommended
local
hotels
and
inns
where
you
rsquo
ll
find
warm
welcome
href
https://ctlr.msu.edu/COTravelNEW/Hotels_MSULocal.aspx
aria
label
lodging
find
hotels
target
class
cta
green
external
data
module
cta
aria
describedby
idd
71
dc
67
ef
1
find
hotels
href
https://ctlr.msu.edu/COTravelNEW/Hotels_MSULocal.aspx
target
aria
label
click
to
see
lodging
img
class
lazyload
data
src
media
assets
msutoday
images
1
kellogg
center
1
jpg
amp
rev
ecfb
ff
edf
ba
amp
hash
03
48
06
alt
kellogg
center
from
the
main
entrance
entertainment
venues
and
tickets
agriculture
and
livestock
pavilion
hosts
livestock
and
agricultural
events
href
https://www.canr.msu.edu/pavilion
aria
label
agriculture
and
livestock
pavilion
learn
more
target
class
cta
green
external
data
module
cta
aria
describedby
id
0
96
be
af
learn
more
athletics
spartan
sports
tickets
schedules
and
more
href
https://www.msuspartans.com
aria
label
athletics
learn
more
target
class
cta
green
external
data
module
cta
aria
describedby
id
aa
4
dfc
aa
bee
learn
more
breslin
student
events
center
home
to
basketball
and
host
to
more
than
events
each
year
href
https://breslincenter.com
aria
label
breslin
student
events
center
learn
more
target
class
cta
green
external
data
module
cta
aria
describedby
idb
2
aa
2
ee
1
70
63
6
cd
ac
learn
more
college
of
music
see
world
class
student
and
faculty
musicians
perform
href
https://www.music.msu.edu
aria
label
college
of
music
learn
more
target
class
cta
green
external
data
module
cta
aria
describedby
id
dd
fee
ec
ca
learn
more
department
of
theatre
take
in
performances
and
plays
that
matter
href
https://theatre.msu.edu
aria
label
department
of
theatre
learn
more
target
class
cta
green
external
data
module
cta
aria
describedby
ida
86
bcebf
fd
09
dce
5
learn
more
wharton
center
for
performing
arts
catch
the
best
of
broadway
music
and
the
performing
arts
on
us
campus
href
https://www.whartoncenter.com
aria
label
wharton
center
for
performing
arts
learn
more
target
class
cta
green
external
data
module
cta
aria
describedby
id
ca
0
learn
more
things
to
do
4
children
garden
abrams
planetarium
beal
botanical
garden
beaumont
tower
broad
art
museum
bug
house
horticulture
gardens
dairy
store
spartan
stadium
wharton
center
for
performing
arts
img
src
media
assets
msu
images
visit
4
childrens
garden
jpg
amp
rev
cd
amp
hash
82
alt
colorful
flowers
and
building
in
the
4
children
39
garden
place
of
enrichment
and
delight
for
children
of
all
ages
href
https://4hgarden.msu.edu
class
cta
green
visit
page
img
src
media
assets
msu
images
visit
abrams
planetarium
jpg
amp
rev
abfd
bf
fe
bc
amp
hash
1
alt
people
gaze
at
constellations
on
the
ceiling
of
the
planetarium
exciting
planetarium
shows
for
all
ages
href
https://www.abramsplanetarium.org/
class
cta
green
visit
page
img
src
media
assets
msu
images
visit
beal
garden
jpg
amp
rev
76
cbb
fd
amp
hash
98
alt
beal
garden
glows
with
pink
and
purple
sky
outdoor
laboratory
to
study
and
appreciate
plants
href
https://bealbotanicalgarden.msu.edu/
class
cta
green
visit
page
img
src
media
assets
msu
images
visit
beaumont
tower
jpg
amp
rev
ff
bcb
eff
8
dd
amp
hash
16
alt
beaumont
tower
on
summer
day
iconic
campus
bell
tower
built
in
as
monument
to
teaching
href
http://www.music.msu.edu/carillon/history-of-beaumont-tower-and-the-carillon
class
cta
green
visit
page
img
src
media
assets
msu
images
visit
broad
png
amp
rev
fe
dbd
2
amp
hash
alt
exterior
of
eli
and
edythe
broad
art
museum
world
class
contemporary
art
museum
href
https://broadmuseum.msu.edu
class
cta
green
visit
page
img
src
media
assets
msu
images
visit
bug
house
jan
80
jpg
amp
rev
ef
ab
1
fb
amp
hash
8
89
alt
woman
holds
tarantula
spider
with
other
insect
displays
in
the
background
observe
and
interact
with
live
insects
and
arachnids
href
https://www.canr.msu.edu/bughouse/
class
cta
green
visit
page
img
src
media
assets
msutoday
images
photo
gallery
11
flower
bird
dlt
jpg
amp
rev
ae
ae
dd
4
bedb
cd
amp
hash
6
90
alt
quot
wilbir
quot
the
peacock
shaped
floral
topiary
in
the
horticulture
gardens
more
than
dozen
acres
of
campus
gardens
href
https://www.canr.msu.edu/hrt/our_gardens/
class
cta
green
visit
page
img
src
media
assets
msu
images
visit
dairy
store
jpg
amp
rev
13
bc
bb
54
ca
59
bd
amp
hash
3
2
alt
dairy
store
ice
cream
truck
legendary
ice
cream
and
cheese
made
and
sold
on
campus
href
https://www.canr.msu.edu/dairystore/
class
cta
green
visit
page
img
src
media
assets
msu
images
visit
spartan
stadium
jpg
amp
rev
be
fd
amp
hash
6
alt
spartan
stadium
at
night
home
to
football
since
href
https://msuspartans.com/sports/2018/7/20/facilities-spartan-stadium-html.aspx
class
cta
green
visit
page
img
src
media
assets
msu
images
visit
wharton
center
jpg
amp
rev
64
eb
amp
hash
7
7
9
alt
wharton
center
on
sunny
day
broadway
plays
live
music
and
more
href
https://www.whartoncenter.com
class
cta
green
visit
page
form
action
visit
id
newsletter
subscribe
form
method
post
input
name
request
verification
token
type
hidden
value
wz
3
coa
5
2
xie
1
cayu
ys
9
ip
1
fv
5
lw
9
ry
9
ot
7
yp
twr
lut
qdbi
ltavjda
6
ncu
9
bc
mfj
3
pkia
1
input
type
hidden
id
data
source
value
df
stay
connected
subscribe
to
the
today
weekly
update
to
receive
timely
news
groundbreaking
research
inspiring
videos
spartan
profiles
and
more
email
address
input
aria
label
email
sign
up
class
email
input
data
val
true
data
val
maxlength
maximum
length
of
email
address
should
be
characters
data
val
maxlength
max
data
val
regex
email
is
not
valid
data
val
regex
pattern
data
val
required
please
enter
value
for
email
address
id
email
address
name
email
address
placeholder
email
type
text
value
sign
up
subscribe
to
the
today
weekly
update
thank
you
for
subscribing
today
weekly
update
enjoy
curated
collection
of
stories
photos
videos
and
featured
content
from
across
campus
delivered
each
wednesday
afternoon
help
us
deliver
content
youre
most
interested
in
check
the
topics
you
would
like
to
read
about
you
are
now
signed
up
to
receive
the
today
weekly
update
the
email
is
quick
and
easy
way
to
stay
updated
on
the
latest
news
about
spartans
and
the
work
theyre
doing
on
campus
and
around
the
world
br
br
spartans
will
br
br
jennifer
trenkamp
today
editor
br
input
type
checkbox
id
arts
value
1
arts
input
type
checkbox
id
business
value
2
business
input
type
checkbox
id
campus
value
3
campus
input
type
checkbox
id
environment
value
4
environment
input
type
checkbox
id
health
value
5
health
input
type
checkbox
id
life
value
6
life
input
type
checkbox
id
science
and
technology
value
7
science
and
technology
input
type
checkbox
id
sports
value
8
sports
submit
connect
with
us
href
https://www.facebook.com/spartans.msu/
facebook
href
https://twitter.com/michiganstateu
twitter
href
https://www.instagram.com/michiganstateu/
instagram
href
https://www.linkedin.com/school/michigan-state-university/
linked
in
href
https://www.youtube.com/channel/UCwFnbW4MKB9EIrnd04ybQsQ
youtube
href
https://www.tiktok.com/
michiganstateu
tik
tok
href
https://msu.edu/
img
src
media
assets
global
images
msu
logo
white
svg
rev
8
fcc
09
fbbe
1
dc
amp
la
en
amp
hash
3
alt
michigan
state
university
resources
href
https://search.msu.edu/a-z/
target
class
external
to
index
href
https://search.msu.edu/people/
target
class
external
find
people
href
https://maps.msu.edu/
target
class
external
maps
href
https://mail.msu.edu/locator.php
target
class
external
email
href
https://student.msu.edu/
target
class
external
student
information
system
href
https://d2l.msu.edu/d2l/loginh/
target
class
external
2
href
https://tech.msu.edu/
target
class
external
tech
support
href
http://misconduct.msu.edu/
target
class
external
misconduct
hotline
href
https://msu.edu/social
target
class
social
media
directory
href
http://go.msu.edu/mYH
target
class
external
events
calendar
href
https://msutoday.msu.edu/for-media
target
class
for
media
health
and
safety
href
http://police.msu.edu/
target
class
external
police
href
http://olin.msu.edu/
target
class
external
olin
health
center
href
https://caps.msu.edu/
target
class
external
counseling
and
psychiatric
services
href
http://health4u.msu.edu/
target
class
external
health
4
href
https://www.healthteam.msu.edu/
target
class
external
health
care
inc
href
https://civilrights.msu.edu/
target
class
external
civil
rights
and
title
href
https://msu.edu/ourcommitment/
target
class
our
commitment
href
https://centerforsurvivors.msu.edu/
target
class
external
the
center
for
survivors
href
http://police.msu.edu/resources/security-fire-safety-report/
target
class
external
annual
safety
report
href
https://civilrights.msu.edu/policies/relationship-violence-and-sexual-misconduct-and-title-ix-policy.html
target
class
external
university
policy
on
relationship
violence
and
sexual
misconduct
href
https://civilrights.msu.edu/policies/Notice-of-Non-Discrimination-Anti-Harassment-and-Non-Retaliation.html
target
class
external
notice
of
nondiscrimination
anti
harassment
and
non
retaliation
href
https://healthcare.msu.edu/patients-visitors/non-discrimination-notice.aspx
target
class
external
health
care
notice
of
nondiscrimination
support
services
href
http://www.rcpd.msu.edu/
target
class
external
disability
resources
href
http://oss.msu.edu/
target
class
external
supportive
services
href
https://nssc.msu.edu/clc/index.html
target
class
external
learning
resources
working
at
href
https://hr.msu.edu
target
class
external
human
resources
href
https://secportal.ebsp.msu.edu/
target
class
external
login
href
http://careers.msu.edu/cw/en-us/listing/
target
class
external
job
postings
href
https://eap.msu.edu/
target
class
external
employee
assistance
program
reports
href
https://finaid.msu.edu/CARES.asp
target
class
external
act
funding
href
https://ir.msu.edu/resources/student-achievement
target
class
external
student
achievement
and
outcomes
contact
us
address
href
https://maps.msu.edu/interactive/index.php
location
5
target
class
michigan
state
university
br
auditorium
road
br
east
lansing
href
https://msu.edu/issues-statements
target
class
cta
green
issues
statements
follow
us
href
https://www.facebook.com/spartans.msu/
target
blank
facebook
href
https://twitter.com/michiganstateu
target
blank
twitter
href
https://www.instagram.com/michiganstateu/
target
instagram
href
https://www.linkedin.com/school/michigan-state-university/
target
linkedin
href
https://www.youtube.com/channel/UCwFnbW4MKB9EIrnd04ybQsQ
target
youtube
href
https://www.tiktok.com/
michiganstateu
target
tik
tok
if
you
re
having
href
https://webaccess.msu.edu/accessibility_report_form/report-form.php
target
class
external
accessibility
issues
please
let
us
know
href
https://msu.edu/state-transparency-reporting/campus-safety-information-resources
target
class
detailed
link
aria
label
know
more
campus
safety
information
and
resources
img
src
media
assets
msutoday
images
knowmore
green
2
png
rev
0
dd
ca
9
amp
amp
amp
la
en
amp
hash
99
1
5
81
6
75
alt
know
more
campus
safety
information
and
resources
href
https://msu.edu/state-transparency-reporting
target
class
detailed
link
aria
label
transparency
reporting
img
src
media
assets
msutoday
images
budget
performance
transparency
logo
2
png
rev
89
fa
dbfb
35
aa
amp
amp
amp
la
en
amp
hash
51
alt
transparency
reporting
href
https://msu.edu
img
src
media
assets
global
images
msu
wordmark
green
svg
rev
accf
33
ac
dfbf
amp
la
en
amp
hash
alt
michigan
state
university
href
https://msu.edu/contactus
target
contact
information
href
https://msu.edu/sitemap-page
target
site
map
href
https://msu.edu/privacy
target
privacy
statement
href
https://msu.edu/accessibility
target
site
accessibility
call
visit
href
https://msu.edu/visit/
target
blank
msu
edu
is
an
affirmative
action
equal
opportunity
employer
href
https://civilrights.msu.edu/policies/Notice-of-Non-Discrimination-Anti-Harassment-and-Non-Retaliation.html
target
notice
of
nondiscrimination
michigan
state
university
iframe
id
youtube
player
title
youtube
player
src
https://www.youtube.com/embed/CErocAkFrp8
autoplay
0
amp
modestbranding
1
amp
rel
0
amp
ytp
pause
overlay
0
amp
enablejsapi
1
amp
origin
https
3
2
2
fmsu
edu
2
allow
accelerometer
autoplay
encrypted
media
gyroscope
picture
in
picture
allowfullscreen
script
src
cdnjs
cloudflare
com
ajax
libs
gsap
2
tween
max
min
js
script
src
cdnjs
cloudflare
com
ajax
libs
scroll
magic
6
scroll
magic
min
js
script
src
cdnjs
cloudflare
com
ajax
libs
scroll
magic
6
plugins
animation
gsap
min
js
script
src
assets
js
app
js
aug
5
defer
script
src
cdn
jsdelivr
net
npm
gifffer
4
build
gifffer
min
js
window
onload
function
var
gifs
gifffer
set
timeout
function
gifs
0
click
will
play
the
first
gif
script
type
text
javascript
src
incapsula
resource
6
fffd
ns
7
cb
async
