html
meta
charset
8
script
async
async
src
https://www.googletagmanager.com/gtag/js
id
98
2
window
data
layer
window
data
layer
function
gtag
data
layer
push
arguments
gtag
js
new
date
gtag
config
98
2
gtag
config
7
2
54
combo
meta
content
edge
http
equiv
compatible
meta
content
width
device
width
initial
scale
name
viewport
meta
content
common
northwestern
edu
8
images
northwestern
thumbnail
jpg
property
og
image
safety
amp
security
uhelp
northwestern
university
link
href
https://www.northwestern.edu/nuhelp/safety-and-security/
rel
canonical
meta
content
https://www.northwestern.edu/nuhelp/safety-and-security/
property
og
url
meta
content
safety
amp
security
uhelp
northwestern
university
property
og
title
meta
content
common
northwestern
edu
8
images
northwestern
thumbnail
jpg
property
og
image
meta
content
71
cc
aed
name
page
link
href
https://www.northwestern.edu/studentaffairs/global-assets/public/v2/css/styles.css
media
screen
rel
stylesheet
type
text
css
link
href
https://www.northwestern.edu/studentaffairs/global-assets/public/v2/css/swiper.css
media
screen
rel
stylesheet
type
text
css
link
href
https://www.northwestern.edu/studentaffairs/global-assets/public/v2/css/print.css
media
print
rel
stylesheet
type
text
css
script
type
text
javascript
document
get
elements
by
tag
name
header
0
set
attribute
id
parent
skip
to
main
content
href
https://www.northwestern.edu/
title
northwestern
university
home
northwestern
university
href
https://www.northwestern.edu/studentaffairs/
href
https://www.northwestern.edu/studentaffairs/news-events/pawprint.html
paw
print
href
https://www.northwestern.edu/studentaffairs/departments/index.html
student
affairs
departments
help
href
https://www.northwestern.edu/nuhelp/index.html
uhelp
home
page
href
https://www.northwestern.edu/nuhelp/get-help-now
get
help
now
href
https://www.northwestern.edu/nuhelp/one-on-one-support
support
href
https://www.northwestern.edu/nuhelp/self-care
self
care
href
https://www.northwestern.edu/nuhelp/safety-and-security
safety
href
index
html
uhelp
form
action
https://search.northwestern.edu/
method
get
role
search
search
this
site
input
id
desktop
name
placeholder
search
this
site
type
text
input
name
as
sitesearch
type
hidden
value
https://www.northwestern.edu/nuhelp
input
name
sitetitle
type
hidden
value
uhelp
search
menu
href
get
help
now
index
html
get
help
now
expand
get
help
now
submenu
href
get
help
now
index
html
get
help
now
overview
href
https://www.northwestern.edu/studentaffairs/dos/departments/dean-on-call.html
administrator
on
call
href
https://www.northwestern.edu/counseling/clinical-services/how-to-access-our-services.html
counseling
amp
psychological
services
href
https://www.northwestern.edu/timelycare
timely
care
href
https://www.northwestern.edu/studentaffairs/sass/
student
assistance
amp
support
services
href
one
on
one
support
index
html
support
expand
support
submenu
href
one
on
one
support
index
html
support
overview
href
https://www.northwestern.edu/care/
center
for
awareness
response
amp
education
href
https://northwestern.edu/counseling/
counseling
amp
psychological
services
href
https://www.northwestern.edu/religious-life/need-to-talk/
religious
amp
spiritual
life
href
https://www.northwestern.edu/healthservice-evanston/
student
health
service
href
https://www.northwestern.edu/timelycare
timely
care
href
self
care
index
html
self
care
expand
self
care
submenu
href
self
care
index
html
self
care
overview
href
https://www.northwestern.edu/wellness
wellness
at
northwestern
href
https://www.risescience.com/partner/northwestern
rise
sleep
app
href
self
care
timelycare
index
html
timely
care
expand
timely
care
submenu
href
self
care
timelycare
index
html
timely
care
overview
href
self
care
timelycare
how
to
access
timelycare
html
how
to
access
timely
care
href
self
care
timelycare
frequently
asked
questions
html
frequently
asked
questions
safety
collapse
safety
submenu
safety
overview
guardian
href
safe
ride
index
html
safe
ride
expand
safe
ride
submenu
href
safe
ride
index
html
safe
ride
overview
href
safe
ride
safe
ride
faqs
html
safe
ride
qs
amp
policies
href
https://northwestern.edu/nuhelp/safety-and-security/department-of-safety-security.html
dept
of
safety
amp
security
href
share
concern
index
html
share
concern
expand
share
concern
submenu
href
share
concern
index
html
share
concern
overview
href
https://www.northwestern.edu/studentaffairs/dos/departments/dean-on-call.html
administrator
on
call
href
https://www.northwestern.edu/hazing-prevention/
hazing
prevention
href
https://www.northwestern.edu/civil-rights-office/
office
of
civil
rights
amp
title
compliance
search
form
action
https://search.northwestern.edu/
method
get
role
search
search
this
site
input
id
mobile
name
placeholder
search
this
site
type
text
input
name
as
sitesearch
type
hidden
value
https://www.northwestern.edu/nuhelp
input
name
sitetitle
type
hidden
value
uhelp
search
href
get
help
now
index
html
get
help
now
href
get
help
now
index
html
get
help
now
overview
href
https://www.northwestern.edu/studentaffairs/dos/departments/dean-on-call.html
administrator
on
call
href
https://www.northwestern.edu/counseling/clinical-services/how-to-access-our-services.html
counseling
amp
psychological
services
href
https://www.northwestern.edu/timelycare
timely
care
href
https://www.northwestern.edu/studentaffairs/sass/
student
assistance
amp
support
services
href
one
on
one
support
index
html
support
href
one
on
one
support
index
html
support
overview
href
https://www.northwestern.edu/care/
center
for
awareness
response
amp
education
href
https://northwestern.edu/counseling/
counseling
amp
psychological
services
href
https://www.northwestern.edu/religious-life/need-to-talk/
religious
amp
spiritual
life
href
https://www.northwestern.edu/healthservice-evanston/
student
health
service
href
https://www.northwestern.edu/timelycare
timely
care
href
self
care
index
html
self
care
href
self
care
index
html
self
care
overview
href
https://www.northwestern.edu/wellness
wellness
at
northwestern
href
https://www.risescience.com/partner/northwestern
rise
sleep
app
href
self
care
timelycare
index
html
timely
care
safety
safety
overview
guardian
href
safe
ride
index
html
safe
ride
href
https://northwestern.edu/nuhelp/safety-and-security/department-of-safety-security.html
dept
of
safety
amp
security
href
share
concern
index
html
share
concern
href
share
concern
index
html
share
concern
overview
href
https://www.northwestern.edu/studentaffairs/dos/departments/dean-on-call.html
administrator
on
call
href
https://www.northwestern.edu/hazing-prevention/
hazing
prevention
href
https://www.northwestern.edu/civil-rights-office/
office
of
civil
rights
amp
title
compliance
div
class
hero
image
style
background
url
images
header
3
png
no
repeat
center
cover
safety
amp
security
keeping
our
community
safe
safety
guardian
href
safe
ride
index
html
safe
ride
href
https://northwestern.edu/nuhelp/safety-and-security/department-of-safety-security.html
dept
of
safety
amp
security
href
index
html
home
safety
safety
resources
amp
mobile
apps
img
alt
guardian
src
images
webnuhelp
png
guardian
free
peer
to
peer
mobile
app
that
turns
your
phone
into
personal
safety
device
by
letting
you
ask
smartphone
contacts
to
virtually
walk
with
you
on
or
off
campus
in
evanston
download
guardian
img
alt
safe
ride
src
images
safe
ride
safe
ride
safe
and
free
alternative
to
walking
alone
after
dark
on
or
near
the
evanston
campus
aria
label
download
safe
ride
class
button
href
safe
ride
index
html
download
safe
ride
img
alt
campus
shuttle
src
images
shuttlebus
jpg
campus
shuttles
free
shuttles
between
the
evanston
and
chicago
campuses
that
run
late
into
the
night
aria
label
click
to
view
campus
shuttle
routes
class
button
href
https://www.northwestern.edu/transportation-parking/shuttles/routes/
shuttle
routes
img
alt
students
walking
at
night
src
https://www.northwestern.edu/studentaffairs/images/escortsafety.jpg
safety
escorts
program
free
service
to
provide
walking
escort
or
to
monitor
travel
on
the
evanston
or
chicago
campuses
aria
label
click
to
request
safety
escort
class
button
href
https://www.northwestern.edu/up/community-services/safety-escorts.html
request
safety
escort
additional
resources
href
https://www.northwestern.edu/emergency-management/
emergency
management
href
https://www.northwestern.edu/emergency-management/campus-safety-plan/self-validation-of-emeregency-notification-information-with-rave-alert.pdf
sign
up
for
emergency
text
phone
alerts
href
https://www.northwestern.edu/hazing-prevention/index.html
hazing
prevention
href
https://www.northwestern.edu/studentorgs/students/safe-involvement.html
safe
involvement
in
student
organizations
href
https://www.northwestern.edu/up/community-services/bicycle-information/bicycle-safety-and-security.html
bike
safety
img
alt
bikes
on
campus
src
images
bikes
jpg
img
alt
student
walking
blue
emergency
light
on
path
src
images
blue
light
jpg
department
of
safety
amp
security
visit
the
href
https://www.northwestern.edu/safety-security/
department
of
safety
amp
security
website
for
more
information
on
the
services
that
protect
the
northwestern
community
as
well
as
security
tips
and
strategies
that
reduce
the
likelihood
of
crime
href
https://www.northwestern.edu/
img
alt
northwestern
university
logo
src
https://common.northwestern.edu/v8/css/images/northwestern-university.svg
document
write
new
date
get
full
year
northwestern
university
href
https://www.northwestern.edu/fm/campus/building-access/index.html
building
access
href
https://www.northwestern.edu/emergency/index.html
campus
emergency
information
href
https://hr.northwestern.edu/careers/
careers
href
https://www.northwestern.edu/contact.html
contact
northwestern
university
href
https://www.northwestern.edu/disclaimer.html
disclaimer
href
https://www.northwestern.edu/accessibility/about/report-an-accessibility-issue.html
report
an
accessibility
issue
href
https://policies.northwestern.edu/
university
policies
address
help
dean
of
students
office
scott
hall
university
pl
lower
level
evanston
phone
number
social
media
class
social
instagram
href
https://www.instagram.com/studentaffnu/
instagram
class
social
twitter
href
https://twitter.com/studentaffnu
twitter
class
social
facebook
href
https://www.facebook.com/StudentAffNU/
facebook
br
href
https://www.northwestern.edu/norris/services/bookstore.html
bookstore
href
https://offices.northwestern.edu/
directory
href
https://www.library.northwestern.edu/
library
href
https://maps.northwestern.edu/
maps
href
https://www.northwestern.edu/transportation-parking/
parking
href
https://www.northwestern.edu/transportation-parking/shuttles/routes/
shuttles
script
src
https://ajax.googleapis.com/ajax/libs/jquery/3.4.1/jquery.min.js
type
text
javascript
script
src
https://www.northwestern.edu/studentaffairs/global-assets/public/v2/js/scripts.js
type
text
javascript
script
src
https://www.northwestern.edu/studentaffairs/global-assets/public/v2/js/swiper.jquery.min.js
type
text
javascript
script
src
https://www.northwestern.edu/studentaffairs/global-assets/public/v2/js/content-slider.js
type
text
javascript
function
google
analytics
object
function
push
arguments
1
new
date
create
element
get
elements
by
tag
name
0
async
1
src
parent
node
insert
before
window
document
script
www
google
analytics
com
analytics
js
ga
ga
create
auto
ga
create
auto
name
combo
tracker
ga
send
pageview
ga
combo
tracker
send
pageview
document
on
click
href
pdf
function
var
url
this
attr
href
try
ga
send
event
pdf
click
url
catch
err
