html
meta
charset
8
script
async
async
src
https://www.googletagmanager.com/gtag/js
id
2
9
window
data
layer
window
data
layer
function
gtag
data
layer
push
arguments
gtag
js
new
date
gtag
config
2
9
gtag
config
7
2
54
combo
meta
content
edge
http
equiv
compatible
meta
content
width
device
width
initial
scale
name
viewport
meta
content
origin
when
cross
origin
name
referrer
campus
shuttle
routes
transportation
amp
parking
northwestern
university
link
href
https://www.northwestern.edu/transportation-parking/shuttles/routes/
rel
canonical
meta
content
https://www.northwestern.edu/transportation-parking/shuttles/routes/
property
og
url
meta
content
campus
shuttle
routes
transportation
amp
parking
northwestern
university
property
og
title
meta
content
common
northwestern
edu
8
images
northwestern
thumbnail
jpg
property
og
image
meta
content
3
faec
name
page
link
href
https://common.northwestern.edu/dept/3.0/styles.css
media
screen
rel
stylesheet
type
text
css
link
href
https://common.northwestern.edu/dept/3.0/print.css
media
print
rel
stylesheet
type
text
css
link
href
css
dss
css
rel
stylesheet
type
text
css
link
href
common
northwestern
edu
favicon
ico
rel
shortcut
icon
type
image
icon
link
href
common
northwestern
edu
8
icons
favicon
16
png
rel
icon
sizes
type
image
png
link
href
common
northwestern
edu
8
icons
favicon
32
png
rel
icon
sizes
type
image
png
link
href
common
northwestern
edu
8
icons
favicon
png
rel
apple
touch
icon
sizes
meta
content
northwestern
name
application
name
meta
content
84
name
msapplication
tile
color
meta
content
common
northwestern
edu
8
icons
mstile
png
name
msapplication
tile
image
meta
content
ffffff
name
theme
color
meta
content
common
northwestern
edu
8
icons
ieconfig
xml
name
msapplication
config
document
get
elements
by
tag
name
body
0
set
attribute
class
standard
page
document
get
elements
by
tag
name
header
0
set
attribute
id
parent
skip
to
main
content
href
https://www.northwestern.edu/
title
northwestern
university
home
northwestern
university
href
https://www.northwestern.edu/safety-security
departments
href
https://www.northwestern.edu/up/
target
blank
university
police
href
https://www.northwestern.edu/emergency-management/
target
blank
emergency
management
href
https://www.northwestern.edu/environmental-health-safety/
target
blank
environmental
health
amp
safety
href
https://www.northwestern.edu/bc/
target
blank
behavioral
consultation
program
campus
shuttle
routes
href
tracker
html
trip
shot
shuttle
tracker
href
service
updates
contact
us
html
contact
us
href
index
html
title
transportation
amp
parking
home
transportation
amp
parking
form
action
https://search.northwestern.edu/safety/
method
get
role
search
search
sites
input
id
desktop
name
placeholder
search
sites
type
text
search
menu
href
service
updates
index
html
service
updates
chicago
parking
href
chicago
parking
index
html
chicago
parking
overview
permits
href
chicago
parking
permits
index
html
permits
overview
href
chicago
parking
permits
faculty
staff
html
faculty
amp
staff
permits
href
chicago
parking
permits
student
html
student
permit
href
chicago
parking
permits
emeriti
html
emeriti
permit
href
chicago
parking
permits
evening
and
weekend
html
evening
and
weekend
permit
href
chicago
parking
permits
weekend
html
weekend
permit
href
chicago
parking
permits
motorcycle
html
motorcycle
amp
scooter
permit
href
chicago
parking
permits
ryan
field
permit
html
ryan
field
permit
href
chicago
parking
permits
application
html
application
process
href
chicago
parking
permits
cancellations
refunds
html
cancellations
replacement
amp
refunds
href
chicago
parking
daily
validation
html
daily
validation
parking
policies
href
chicago
parking
policies
index
html
parking
policies
overview
href
chicago
parking
policies
eligibility
html
permit
eligibility
criteria
href
chicago
parking
policies
electric
vehicle
charging
html
electric
vehicle
charging
href
chicago
parking
parking
garage
locations
html
chicago
parking
garage
locations
href
chicago
parking
tickets
html
tickets
href
chicago
parking
bicycle
parking
html
bicycle
parking
href
chicago
parking
faqs
html
frequently
asked
questions
href
chicago
parking
discounted
parking
program
html
discounted
parking
coupon
program
commuter
options
href
commuter
options
index
html
commuter
options
overview
public
transit
href
commuter
options
public
transit
index
html
public
transit
overview
href
commuter
options
public
transit
transit
benefit
program
html
commuter
pre
tax
transit
program
href
commuter
options
bicycle
html
bike
to
campus
href
commuter
options
zipcar
carshare
html
zipcar
carshare
href
commuter
options
pace
rideshare
program
html
pace
rideshare
program
evanston
parking
href
evanston
parking
index
html
evanston
parking
overview
permits
href
evanston
parking
permits
index
html
permits
overview
href
evanston
parking
permits
faculty
staff
html
faculty
amp
staff
href
evanston
parking
permits
student
html
student
href
evanston
parking
permits
ryan
field
html
ryan
field
href
evanston
parking
permits
henry
crown
html
henry
crown
sports
pavilion
href
evanston
parking
permits
visitor
html
visitor
href
evanston
parking
permits
contractor
vendor
html
contractor
amp
vendor
href
evanston
parking
permits
special
html
special
href
evanston
parking
permits
cancellations
replacement
html
cancellations
amp
replacement
href
evanston
parking
permits
emeriti
html
emeriti
href
evanston
parking
parking
map
index
html
parking
map
policies
href
evanston
parking
policies
index
html
policies
overview
href
evanston
parking
policies
parking
regulations
html
parking
regulations
href
evanston
parking
policies
electric
vehicle
charging
html
electric
vehicle
charging
href
evanston
parking
policies
game
day
parking
html
game
day
parking
href
evanston
parking
policies
hosting
an
event
html
hosting
an
event
href
evanston
parking
policies
hours
of
enforcement
html
hours
of
enforcement
href
evanston
parking
policies
parking
committee
html
parking
committee
href
evanston
parking
policies
use
of
parking
garages
html
use
of
parking
garages
href
evanston
parking
policies
walking
zone
html
walking
zone
tickets
href
evanston
parking
tickets
index
html
tickets
overview
href
evanston
parking
tickets
violations
fees
html
violations
and
fees
href
evanston
parking
tickets
payments
html
payments
href
evanston
parking
tickets
ticket
appeals
html
ticket
appeals
href
evanston
parking
faqs
html
qs
shuttles
amp
charters
href
index
html
shuttles
amp
charters
overview
campus
shuttles
campus
shuttles
overview
intercampus
evanston
loop
campus
loop
student
game
day
frostbite
href
chicago
campus
index
html
chicago
campus
shuttles
href
policies
index
html
policies
amp
href
tracker
html
trip
shot
shuttle
tracker
href
shuttle
advertising
html
shuttle
advertising
href
bus
charters
html
charter
services
href
airport
transport
html
airport
transportation
href
https://www.northwestern.edu/up/
target
blank
university
police
href
https://www.northwestern.edu/emergency-management/
target
blank
emergency
management
href
https://www.northwestern.edu/environmental-health-safety/
target
blank
environmental
health
amp
safety
href
https://www.northwestern.edu/bc/
target
blank
behavioral
consultation
program
campus
shuttle
routes
href
tracker
html
trip
shot
shuttle
tracker
href
service
updates
contact
us
html
contact
us
search
form
action
https://search.northwestern.edu/safety/
method
get
role
search
search
sites
input
id
mobile
name
placeholder
search
sites
type
text
search
href
service
updates
index
html
service
updates
href
chicago
parking
index
html
chicago
parking
href
chicago
parking
index
html
chicago
parking
overview
href
chicago
parking
permits
index
html
permits
href
chicago
parking
daily
validation
html
daily
validation
href
chicago
parking
policies
index
html
parking
policies
href
chicago
parking
parking
garage
locations
html
chicago
parking
garage
locations
href
chicago
parking
tickets
html
tickets
href
chicago
parking
bicycle
parking
html
bicycle
parking
href
chicago
parking
faqs
html
frequently
asked
questions
href
chicago
parking
discounted
parking
program
html
discounted
parking
coupon
program
href
commuter
options
index
html
commuter
options
href
commuter
options
index
html
commuter
options
overview
href
commuter
options
public
transit
index
html
public
transit
href
commuter
options
bicycle
html
bike
to
campus
href
commuter
options
zipcar
carshare
html
zipcar
carshare
href
commuter
options
pace
rideshare
program
html
pace
rideshare
program
href
evanston
parking
index
html
evanston
parking
href
evanston
parking
index
html
evanston
parking
overview
href
evanston
parking
permits
index
html
permits
href
evanston
parking
parking
map
index
html
parking
map
href
evanston
parking
policies
index
html
policies
href
evanston
parking
tickets
index
html
tickets
href
evanston
parking
faqs
html
qs
href
index
html
shuttles
amp
charters
href
index
html
shuttles
amp
charters
overview
campus
shuttles
href
tracker
html
trip
shot
shuttle
tracker
href
shuttle
advertising
html
shuttle
advertising
href
bus
charters
html
charter
services
href
airport
transport
html
airport
transportation
href
index
html
shuttles
amp
charters
campus
shuttles
intercampus
evanston
loop
campus
loop
student
game
day
frostbite
href
chicago
campus
index
html
chicago
campus
shuttles
href
policies
index
html
policies
amp
href
tracker
html
trip
shot
shuttle
tracker
href
shuttle
advertising
html
shuttle
advertising
href
bus
charters
html
charter
services
href
airport
transport
html
airport
transportation
href
index
html
home
href
index
html
shuttles
amp
charters
campus
shuttles
campus
shuttle
routes
quick
links
br
shuttle
service
updates
br
br
br
general
shuttle
questions
br
shuttle
northwestern
edu
href
secure
feedback
html
rel
noreferrer
online
comment
card
class
twitter
follow
button
data
show
count
false
href
https://twitter.com/NU_SHUTTLES
follow
script
async
charset
utf
8
src
platform
twitter
com
widgets
js
type
text
javascript
northwestern
university
operates
several
shuttles
for
students
faculty
and
staff
on
the
evanston
and
chicago
campuses
you
can
see
all
of
the
routes
on
the
href
documents
shuttle
overview
pdf
rel
noopener
noreferrer
target
blank
shuttle
overview
map
intercampus
evanston
loop
campus
loop
student
game
day
frostbite
href
chicago
campus
index
html
chicago
campus
shuttles
resources
href
tracker
html
trip
shot
shuttle
tracker
href
policies
usage
guidelines
html
usage
guidelines
href
shuttle
advertising
html
advertising
guidelines
href
policies
faqs
html
frequently
asked
questions
href
documents
stand
behind
line
pdf
rel
noopener
noreferrer
target
blank
stand
behind
the
yellow
line
href
https://www.northwestern.edu/
title
northwestern
university
home
northwestern
university
home
transportation
amp
parking
phone
number
evanston
parking
br
parking
northwestern
edu
chicago
parking
br
chicagoparking
northwestern
edu
shuttles
br
shuttle
northwestern
edu
northwestern
resources
href
https://www.northwestern.edu/fm/campus/building-access/
building
access
href
https://www.northwestern.edu/emergency/
campus
emergency
information
href
https://www.northwestern.edu/hr/careers/
careers
href
https://www.northwestern.edu/contact.html
contact
northwestern
university
href
https://www.northwestern.edu/privacy/
privacy
statement
href
https://www.northwestern.edu/accessibility/about/report-accessibility-issue.html
report
an
accessibility
issue
href
https://policies.northwestern.edu/
university
policies
document
write
new
date
get
full
year
northwestern
university
href
https://www.facebook.com/NorthwesternU
facebook
href
https://www.twitter.com/northwesternu
twitter
href
https://www.instagram.com/northwesternu
instagram
href
https://www.youtube.com/user/NorthwesternU
you
tube
href
https://www.tiktok.com/
northwestern
tik
tok
href
https://www.linkedin.com/school/northwestern-university/
linked
in
href
https://www.northwestern.edu/disclaimer.html
disclaimer
script
src
https://ajax.googleapis.com/ajax/libs/jquery/3.7.1/jquery.min.js
script
src
https://common.northwestern.edu/dept/3.0/js/scripts.js
script
async
async
src
https://siteimproveanalytics.com/js/siteanalyze_55710.js
