html
loading
href
https://services.northwestern.edu/TDClient/30/Portal/KB/ArticleDet
target
blank
help
with
login
problems
href
https://northwesternuniversity.statuspage.io/
target
blank
status
of
northwestern
services
script
type
text
javascript
src
main
de
cf
7
js
script
type
text
javascript
var
refresh
rate
in
seconds
change
to
your
needs
var
count
down
0
var
login
hash
window
location
hash
the
login
page
has
the
property
hash
with
value
of
login
count
down
that
executes
every
second
set
interval
function
count
down
refresh
check
checks
if
the
user
should
be
redirected
ignores
forgerock
admin
with
the
login
hash
check
function
refresh
check
var
focus
window
onfocus
if
count
down
refresh
rate
document
ready
state
complete
login
hash
login
login
hash
login
location
replace
https://idsprod.ci.northwestern.edu/public/sso-info.html
