html
meta
char
set
utf
8
meta
name
viewport
content
width
device
width
initial
scale
1
link
rel
preload
as
image
href
https://images.ctfassets.net/p7x3ai5plaz1/1wVBvFkhF0ArrdaMlzLiCi/125b0659267cacef241e88b5517a51eb/logotype.svg
link
rel
stylesheet
href
next
static
css
99
fefd
2
css
data
precedence
next
link
rel
stylesheet
href
next
static
css
fb
css
data
precedence
next
link
rel
stylesheet
href
next
static
css
fa
css
data
precedence
next
link
rel
stylesheet
href
next
static
css
ae
bae
css
data
precedence
next
link
rel
preload
as
script
fetch
priority
low
href
next
static
chunks
webpack
32
aac
6
ec
db
js
script
src
next
static
chunks
1
dd
cd
js
async
script
src
next
static
chunks
0
js
async
script
src
next
static
chunks
main
app
bf
ba
js
async
script
src
next
static
chunks
cff
7
2
ea
js
async
script
src
next
static
chunks
0
eb
dbeb
0
js
async
script
src
next
static
chunks
js
async
script
src
next
static
chunks
js
async
script
src
next
static
chunks
abe
24
js
async
script
src
next
static
chunks
ab
dbca
js
async
script
src
next
static
chunks
acdf
2
js
async
script
src
next
static
chunks
dd
js
async
script
src
next
static
chunks
app
5
5
slug
5
5
page
11
js
async
script
src
next
static
chunks
cb
66
js
async
script
src
next
static
chunks
app
layout
3
dd
cd
1
js
async
script
src
next
static
chunks
app
not
found
fd
ad
js
async
penn
state
undergraduate
degrees
bachelor
degrees
majors
penn
state
meta
name
description
content
with
more
than
majors
minors
undergraduate
certificates
and
20
two
year
associate
degrees
to
choose
from
penn
state
provides
many
paths
meta
name
robots
content
all
meta
property
og
title
content
penn
state
undergraduate
degrees
bachelor
degrees
majors
meta
property
og
description
content
with
more
than
majors
minors
undergraduate
certificates
and
20
two
year
associate
degrees
to
choose
from
penn
state
provides
many
paths
meta
property
og
type
content
website
meta
name
twitter
card
content
summary
meta
name
twitter
title
content
penn
state
undergraduate
degrees
bachelor
degrees
majors
meta
name
twitter
description
content
with
more
than
majors
minors
undergraduate
certificates
and
20
two
year
associate
degrees
to
choose
from
penn
state
provides
many
paths
link
rel
icon
href
favicon
ico
type
image
icon
sizes
link
href
https://fonts.googleapis.com/css2
family
open
sans
amp
family
roboto
condensed
wght
amp
family
roboto
slab
wght
amp
family
roboto
wght
amp
display
swap
rel
stylesheet
script
type
application
ld
json
context
https://schema.org
type
college
or
university
name
the
pennsylvania
state
university
alternate
name
penn
state
university
url
https://www.psu.edu/
logo
https://www.psu.edu/psu-edu-assets/images/shared/psu-mark.svg
address
type
postal
address
address
locality
university
park
address
region
postal
code
street
address
old
main
description
penn
state
the
pennsylvania
state
university
email
admissions
psu
edu
fax
number
telephone
same
as
https://www.facebook.com/pennstate
https://twitter.com/penn_state
https://www.instagram.com/pennstate/
https://www.linkedin.com/school/penn-state-university/
https://www.youtube.com/pennstate
script
src
next
static
chunks
polyfills
fac
7
aa
8
fdd
8
js
no
module
html
theme
ui
colors
nittany
navy
theme
ui
colors
beaver
blue
theme
ui
colors
beaver
60
rgba
6
theme
ui
colors
beaver
70
rgba
7
theme
ui
colors
beaver
80
rgba
8
theme
ui
colors
beaver
90
rgba
9
theme
ui
colors
link
9
theme
ui
colors
link
80
rgba
8
theme
ui
colors
link
90
rgba
9
theme
ui
colors
link
light
9
theme
ui
colors
navy
40
rgba
4
theme
ui
colors
navy
60
rgba
6
theme
ui
colors
navy
65
rgba
65
theme
ui
colors
navy
70
rgba
7
theme
ui
colors
navy
80
rgba
8
theme
ui
colors
navy
90
rgba
9
theme
ui
colors
potential
midnight
theme
ui
colors
potential
0
rgba
theme
ui
colors
potential
50
rgba
5
theme
ui
colors
potential
70
rgba
7
theme
ui
colors
potential
75
rgba
75
theme
ui
colors
potential
90
rgba
9
theme
ui
colors
white
85
rgba
85
theme
ui
colors
white
65
rgba
65
theme
ui
colors
pugh
blue
96
6
theme
ui
colors
coaly
gray
theme
ui
colors
coaly
med
theme
ui
colors
limestone
gray
2
theme
ui
colors
limestone
light
7
theme
ui
colors
limestone
max
light
4
theme
ui
colors
slate
gray
theme
ui
colors
slate
light
6
theme
ui
colors
slate
max
light
theme
ui
colors
creek
teal
3
39
theme
ui
colors
creek
light
theme
ui
colors
creek
max
light
theme
ui
colors
sky
blue
theme
ui
colors
sky
light
0
theme
ui
colors
sky
max
light
theme
ui
colors
white
theme
ui
colors
shrine
tan
theme
ui
colors
shrine
light
theme
ui
colors
shrine
max
light
5
theme
ui
colors
roar
golden
theme
ui
colors
roar
light
9
theme
ui
colors
roar
max
light
2
theme
ui
colors
original
87
pink
theme
ui
colors
discovery
coral
theme
ui
colors
wonder
purple
theme
ui
colors
atherton
violet
8
theme
ui
colors
invent
orange
theme
ui
colors
keystone
yellow
theme
ui
colors
opportunity
green
theme
ui
colors
future
lime
99
00
theme
ui
colors
forest
green
theme
ui
colors
landgrant
brown
theme
ui
colors
global
ebff
00
theme
ui
colors
disabled
4
theme
ui
colors
alert
immediate
de
theme
ui
colors
alert
urgent
fff
6
cc
theme
ui
colors
alert
all
clear
2
ffcc
theme
ui
colors
alert
non
emergency
theme
ui
colors
accent
96
6
color
var
theme
ui
colors
text
background
color
var
theme
ui
colors
background
box
sizing
border
box
html
font
family
roboto
width
font
weight
body
margin
0
rem
theme
cache
8
oodc
2
color
var
theme
ui
colors
link
font
family
roboto
arial
tahoma
sans
serif
font
weight
font
size
rem
line
height
letter
spacing
normal
cursor
pointer
width
webkit
fit
content
width
moz
fit
content
width
fit
content
media
screen
and
min
width
px
theme
cache
8
oodc
2
font
size
rem
line
height
media
screen
and
min
width
px
theme
cache
8
oodc
2
font
size
rem
line
height
media
screen
and
min
width
px
theme
cache
8
oodc
2
font
size
rem
line
height
theme
cache
8
oodc
2
hover
webkit
text
decoration
underline
text
decoration
underline
theme
cache
qsj
9
dg
right
0
rem
width
height
webkit
transform
translate
moz
transform
translate
ms
transform
translate
transform
translate
background
var
theme
ui
colors
nittany
navy
top
0
rem
box
shadow
0
px
16
px
32
px
0
px
index
position
fixed
overflow
scroll
padding
top
3
rem
media
screen
and
min
width
px
theme
cache
qsj
9
dg
padding
top
5
rem
media
screen
and
min
width
px
theme
cache
qsj
9
dg
padding
top
5
rem
media
screen
and
min
width
px
theme
cache
qsj
9
dg
padding
top
5
rem
theme
cache
qsj
9
dg
transition
webkit
transition
webkit
transform
ms
cubic
bezier
0
0
1
0
ms
transition
transform
ms
cubic
bezier
0
0
1
0
ms
theme
cache
3
cvlx
max
width
unset
width
height
padding
left
26
px
padding
right
26
px
margin
left
auto
margin
right
auto
media
screen
and
min
width
px
theme
cache
3
cvlx
max
width
unset
padding
left
40
px
padding
right
40
px
media
screen
and
min
width
px
theme
cache
3
cvlx
max
width
px
padding
left
46
px
padding
right
46
px
media
screen
and
min
width
px
theme
cache
3
cvlx
max
width
px
padding
left
62
px
padding
right
62
px
theme
cache
11
sn
1
kj
position
webkit
sticky
position
sticky
width
vw
max
width
background
color
var
theme
ui
colors
beaver
blue
theme
cache
ghos
display
webkit
box
display
webkit
flex
display
ms
flexbox
display
flex
webkit
box
flex
wrap
nowrap
webkit
flex
wrap
nowrap
ms
flex
wrap
nowrap
flex
wrap
nowrap
webkit
box
pack
end
ms
flex
pack
end
webkit
justify
content
flex
end
justify
content
flex
end
padding
top
rem
padding
bottom
rem
media
screen
and
min
width
px
theme
cache
ghos
padding
top
rem
padding
bottom
rem
media
screen
and
min
width
px
theme
cache
ghos
padding
top
rem
padding
bottom
rem
media
screen
and
min
width
px
theme
cache
ghos
padding
top
rem
padding
bottom
rem
theme
cache
xe
4
lah
display
webkit
box
display
webkit
flex
display
ms
flexbox
display
flex
webkit
box
flex
wrap
nowrap
webkit
flex
wrap
nowrap
ms
flex
wrap
nowrap
flex
wrap
nowrap
gap
rem
theme
cache
5
wpiz
outline
none
cursor
pointer
border
radius
background
color
transparent
color
var
theme
ui
colors
white
border
1
px
solid
4
border
color
transparent
border
style
dashed
padding
rem
theme
cache
5
wpiz
hover
background
color
var
theme
ui
colors
nittany
navy
theme
cache
5
wpiz
focus
visible
background
color
var
theme
ui
colors
nittany
navy
border
color
var
theme
ui
colors
white
theme
cache
5
wpiz
span
svg
path
fill
var
theme
ui
colors
white
theme
cache
qgd
width
28
px
height
28
px
display
webkit
box
display
webkit
flex
display
ms
flexbox
display
flex
media
screen
and
min
width
px
theme
cache
qgd
width
32
px
height
32
px
media
screen
and
min
width
px
theme
cache
qgd
width
32
px
height
32
px
media
screen
and
min
width
px
theme
cache
qgd
width
32
px
height
32
px
theme
cache
1
xf
93
fg
width
icon
size
28
px
media
screen
and
min
width
px
theme
cache
1
xf
93
fg
width
icon
size
32
px
media
screen
and
min
width
px
theme
cache
1
xf
93
fg
width
icon
size
32
px
media
screen
and
min
width
px
theme
cache
1
xf
93
fg
width
icon
size
32
px
theme
cache
1
xf
93
fg
height
icon
size
28
px
media
screen
and
min
width
px
theme
cache
1
xf
93
fg
height
icon
size
32
px
media
screen
and
min
width
px
theme
cache
1
xf
93
fg
height
icon
size
32
px
media
screen
and
min
width
px
theme
cache
1
xf
93
fg
height
icon
size
32
px
theme
cache
1
ulg
7
xn
color
var
theme
ui
colors
white
font
family
roboto
condensed
arial
narrow
arial
tahoma
sans
serif
cursor
pointer
width
webkit
fit
content
width
moz
fit
content
width
fit
content
font
weight
font
size
1
rem
line
height
normal
letter
spacing
normal
theme
cache
1
ulg
7
xn
hover
webkit
text
decoration
underline
text
decoration
underline
theme
cache
1
khefbj
display
webkit
box
display
webkit
flex
display
ms
flexbox
display
flex
webkit
box
flex
wrap
nowrap
webkit
flex
wrap
nowrap
ms
flex
wrap
nowrap
flex
wrap
nowrap
webkit
flex
direction
column
ms
flex
direction
column
flex
direction
column
index
theme
cache
0
gwlz
position
webkit
sticky
position
sticky
width
vw
max
width
background
color
var
theme
ui
colors
nittany
navy
theme
cache
5
lylag
display
webkit
box
display
webkit
flex
display
ms
flexbox
display
flex
webkit
box
flex
wrap
nowrap
webkit
flex
wrap
nowrap
ms
flex
wrap
nowrap
flex
wrap
nowrap
webkit
box
pack
justify
webkit
justify
content
space
between
justify
content
space
between
margin
top
rem
margin
bottom
rem
theme
cache
53
display
webkit
box
display
webkit
flex
display
ms
flexbox
display
flex
webkit
box
flex
wrap
nowrap
webkit
flex
wrap
nowrap
ms
flex
wrap
nowrap
flex
wrap
nowrap
gap
1
rem
webkit
flex
direction
column
ms
flex
direction
column
flex
direction
column
media
screen
and
min
width
px
theme
cache
53
gap
1
rem
webkit
flex
direction
column
ms
flex
direction
column
flex
direction
column
media
screen
and
min
width
px
theme
cache
53
gap
3
rem
webkit
flex
direction
row
ms
flex
direction
row
flex
direction
row
media
screen
and
min
width
px
theme
cache
53
gap
3
rem
webkit
flex
direction
row
ms
flex
direction
row
flex
direction
row
theme
cache
ke
0
jlw
display
webkit
box
display
webkit
flex
display
ms
flexbox
display
flex
webkit
box
flex
wrap
nowrap
webkit
flex
wrap
nowrap
ms
flex
wrap
nowrap
flex
wrap
nowrap
theme
cache
rm
87
zp
webkit
text
decoration
none
text
decoration
none
width
webkit
fit
content
width
moz
fit
content
width
fit
content
theme
cache
1
van
width
37
px
height
41
px
margin
right
rem
media
screen
and
min
width
px
theme
cache
1
van
width
40
px
height
44
px
media
screen
and
min
width
px
theme
cache
1
van
width
51
px
height
56
px
media
screen
and
min
width
px
theme
cache
1
van
width
51
px
height
56
px
theme
cache
wvqq
display
webkit
box
display
webkit
flex
display
ms
flexbox
display
flex
webkit
box
flex
wrap
nowrap
webkit
flex
wrap
nowrap
ms
flex
wrap
nowrap
flex
wrap
nowrap
webkit
flex
direction
column
ms
flex
direction
column
flex
direction
column
theme
cache
jo
margin
top
rem
height
15
px
width
auto
media
screen
and
min
width
px
theme
cache
jo
margin
top
rem
height
16
px
media
screen
and
min
width
px
theme
cache
jo
margin
top
rem
height
17
px
media
screen
and
min
width
px
theme
cache
jo
margin
top
rem
height
17
px
theme
cache
4
uh
7
wu
outline
none
cursor
pointer
height
webkit
fit
content
height
moz
fit
content
height
fit
content
background
color
transparent
color
var
theme
ui
colors
white
border
1
px
solid
4
border
color
transparent
border
style
solid
margin
top
0
rem
padding
0
rem
theme
cache
4
uh
7
wu
hover
color
var
theme
ui
colors
nittany
navy
background
color
var
theme
ui
colors
link
light
theme
cache
4
uh
7
wu
focus
visible
color
var
theme
ui
colors
nittany
navy
background
color
var
theme
ui
colors
link
light
border
color
var
theme
ui
colors
nittany
navy
border
style
dashed
theme
cache
4
uh
7
wu
span
svg
path
fill
var
theme
ui
colors
white
theme
cache
4
uh
7
wu
hover
span
svg
path
fill
var
theme
ui
colors
nittany
navy
theme
cache
4
uh
7
wu
focus
visible
span
svg
path
fill
var
theme
ui
colors
nittany
navy
media
screen
and
min
width
px
theme
cache
4
uh
7
wu
margin
top
rem
media
screen
and
min
width
px
theme
cache
4
uh
7
wu
margin
top
0
rem
media
screen
and
min
width
px
theme
cache
4
uh
7
wu
margin
top
0
rem
theme
cache
1
khdmkd
width
28
px
height
28
px
display
webkit
box
display
webkit
flex
display
ms
flexbox
display
flex
theme
cache
ozw
6
width
icon
size
28
px
theme
cache
ozw
6
height
icon
size
28
px
theme
cache
9
display
webkit
box
display
webkit
flex
display
ms
flexbox
display
flex
webkit
box
flex
wrap
wrap
webkit
flex
wrap
wrap
ms
flex
wrap
wrap
flex
wrap
wrap
gap
rem
webkit
box
pack
center
ms
flex
pack
center
webkit
justify
content
center
justify
content
center
margin
top
3
rem
media
screen
and
min
width
px
theme
cache
9
gap
rem
margin
top
3
rem
media
screen
and
min
width
px
theme
cache
9
gap
rem
margin
top
rem
media
screen
and
min
width
px
theme
cache
9
gap
rem
margin
top
rem
theme
cache
rtzamq
display
grid
grid
template
columns
repeat
4
1
fr
gap
rem
media
screen
and
min
width
px
theme
cache
rtzamq
grid
template
columns
repeat
8
1
fr
gap
1
rem
media
screen
and
min
width
px
theme
cache
rtzamq
grid
template
columns
repeat
12
1
fr
gap
rem
media
screen
and
min
width
px
theme
cache
rtzamq
grid
template
columns
repeat
12
1
fr
gap
rem
theme
cache
1
oyhgmx
display
webkit
box
display
webkit
flex
display
ms
flexbox
display
flex
webkit
box
flex
wrap
nowrap
webkit
flex
wrap
nowrap
ms
flex
wrap
nowrap
flex
wrap
nowrap
webkit
box
pack
center
ms
flex
pack
center
webkit
justify
content
center
justify
content
center
grid
column
media
screen
and
min
width
px
theme
cache
1
oyhgmx
grid
column
media
screen
and
min
width
px
theme
cache
1
oyhgmx
grid
column
media
screen
and
min
width
px
theme
cache
1
oyhgmx
grid
column
theme
cache
62
jj
40
display
webkit
box
display
webkit
flex
display
ms
flexbox
display
flex
webkit
box
flex
wrap
nowrap
webkit
flex
wrap
nowrap
ms
flex
wrap
nowrap
flex
wrap
nowrap
gap
0
rem
webkit
box
pack
center
ms
flex
pack
center
webkit
justify
content
center
justify
content
center
media
screen
and
min
width
px
theme
cache
62
jj
40
gap
0
rem
media
screen
and
min
width
px
theme
cache
62
jj
40
gap
2
rem
media
screen
and
min
width
px
theme
cache
62
jj
40
gap
rem
theme
cache
1
pc
14
wt
display
webkit
box
display
webkit
flex
display
ms
flexbox
display
flex
webkit
box
flex
wrap
nowrap
webkit
flex
wrap
nowrap
ms
flex
wrap
nowrap
flex
wrap
nowrap
gap
rem
padding
left
rem
padding
right
rem
padding
bottom
1
rem
border
style
solid
border
bottom
width
4
px
border
top
0
px
border
left
0
px
border
right
0
px
border
color
transparent
webkit
transition
all
15
ease
transition
all
15
ease
theme
cache
rsjvxy
color
var
theme
ui
colors
white
font
family
roboto
condensed
arial
narrow
arial
tahoma
sans
serif
cursor
pointer
width
webkit
fit
content
width
moz
fit
content
width
fit
content
background
color
transparent
border
none
font
weight
font
size
1
rem
line
height
normal
letter
spacing
normal
theme
cache
rsjvxy
hover
webkit
text
decoration
underline
text
decoration
underline
media
screen
and
min
width
px
theme
cache
rsjvxy
font
size
1
rem
media
screen
and
min
width
px
theme
cache
rsjvxy
font
size
1
rem
media
screen
and
min
width
px
theme
cache
rsjvxy
font
size
rem
theme
cache
2
bgflg
width
14
px
height
14
px
display
webkit
box
display
webkit
flex
display
ms
flexbox
display
flex
media
screen
and
min
width
px
theme
cache
2
bgflg
width
14
px
height
14
px
media
screen
and
min
width
px
theme
cache
2
bgflg
width
14
px
height
14
px
media
screen
and
min
width
px
theme
cache
2
bgflg
width
16
px
height
16
px
theme
cache
1
aaf
width
icon
size
14
px
media
screen
and
min
width
px
theme
cache
1
aaf
width
icon
size
14
px
media
screen
and
min
width
px
theme
cache
1
aaf
width
icon
size
14
px
media
screen
and
min
width
px
theme
cache
1
aaf
width
icon
size
16
px
theme
cache
1
aaf
height
icon
size
14
px
media
screen
and
min
width
px
theme
cache
1
aaf
height
icon
size
14
px
media
screen
and
min
width
px
theme
cache
1
aaf
height
icon
size
14
px
media
screen
and
min
width
px
theme
cache
1
aaf
height
icon
size
16
px
theme
cache
2
efg
6
top
webkit
transform
scale
moz
transform
scale
ms
transform
scale
transform
scale
opacity
0
pointer
events
none
webkit
transition
all
linear
transition
all
linear
theme
cache
2
efg
6
hover
visibility
visible
opacity
1
pointer
events
auto
webkit
transform
scale
1
moz
transform
scale
1
ms
transform
scale
1
transform
scale
1
theme
cache
1
krdkr
0
display
webkit
box
display
webkit
flex
display
ms
flexbox
display
flex
webkit
box
flex
wrap
nowrap
webkit
flex
wrap
nowrap
ms
flex
wrap
nowrap
flex
wrap
nowrap
gap
rem
webkit
flex
direction
column
ms
flex
direction
column
flex
direction
column
box
shadow
0
px
8
px
16
px
0
px
background
color
var
theme
ui
colors
white
theme
cache
15
cxaem
display
grid
grid
template
columns
repeat
4
1
fr
gap
rem
padding
top
rem
padding
bottom
rem
media
screen
and
min
width
px
theme
cache
15
cxaem
grid
template
columns
repeat
8
1
fr
gap
1
rem
media
screen
and
min
width
px
theme
cache
15
cxaem
grid
template
columns
repeat
12
1
fr
gap
rem
media
screen
and
min
width
px
theme
cache
15
cxaem
grid
template
columns
repeat
12
1
fr
gap
rem
theme
cache
7
wo
grid
column
auto
span
3
theme
cache
rigfhv
color
var
theme
ui
colors
nittany
navy
font
family
roboto
condensed
arial
narrow
arial
tahoma
sans
serif
cursor
pointer
width
webkit
fit
content
width
moz
fit
content
width
fit
content
margin
top
0
rem
font
weight
font
size
rem
theme
cache
rigfhv
hover
webkit
text
decoration
underline
text
decoration
underline
theme
cache
rigfhv
not
last
child
margin
bottom
1
rem
theme
cache
tb
2
txv
list
style
type
none
border
radius
4
px
theme
cache
tb
2
txv
not
last
child
margin
bottom
6
px
theme
cache
tb
2
txv
hover
background
color
var
theme
ui
colors
limestone
max
light
theme
cache
35
color
var
theme
ui
colors
coaly
gray
font
family
roboto
condensed
arial
narrow
arial
tahoma
sans
serif
cursor
pointer
width
webkit
text
decoration
none
text
decoration
none
font
weight
font
size
rem
line
height
normal
letter
spacing
normal
padding
left
rem
padding
right
rem
padding
top
rem
padding
bottom
rem
theme
cache
iaapso
color
var
theme
ui
colors
nittany
navy
font
family
roboto
condensed
arial
narrow
arial
tahoma
sans
serif
cursor
pointer
width
webkit
fit
content
width
moz
fit
content
width
fit
content
margin
top
0
rem
font
weight
font
size
rem
theme
cache
iaapso
hover
webkit
text
decoration
underline
text
decoration
underline
theme
cache
iaapso
not
last
child
margin
bottom
rem
theme
cache
1
gc
color
var
theme
ui
colors
nittany
navy
font
family
roboto
condensed
arial
narrow
arial
tahoma
sans
serif
cursor
pointer
width
webkit
fit
content
width
moz
fit
content
width
fit
content
margin
top
18
px
font
weight
font
size
rem
theme
cache
1
gc
hover
webkit
text
decoration
underline
text
decoration
underline
theme
cache
1
gc
not
last
child
margin
bottom
1
rem
theme
cache
wcrz
90
color
var
theme
ui
colors
nittany
navy
font
family
roboto
condensed
arial
narrow
arial
tahoma
sans
serif
cursor
pointer
width
webkit
fit
content
width
moz
fit
content
width
fit
content
margin
top
18
px
font
weight
font
size
rem
theme
cache
wcrz
90
hover
webkit
text
decoration
underline
text
decoration
underline
theme
cache
wcrz
90
not
last
child
margin
bottom
rem
theme
cache
jm
5
padding
bottom
1
rem
gap
rem
theme
cache
jm
5
hover
div
visibility
visible
opacity
1
pointer
events
auto
webkit
transform
scale
1
moz
transform
scale
1
ms
transform
scale
1
transform
scale
1
theme
cache
13
dt
0
mx
color
var
theme
ui
colors
white
font
family
roboto
condensed
arial
narrow
arial
tahoma
sans
serif
cursor
pointer
width
webkit
fit
content
width
moz
fit
content
width
fit
content
padding
left
rem
padding
right
rem
background
color
transparent
border
none
font
weight
font
size
1
rem
line
height
normal
letter
spacing
normal
theme
cache
13
dt
0
mx
hover
webkit
text
decoration
underline
text
decoration
underline
media
screen
and
min
width
px
theme
cache
13
dt
0
mx
font
size
1
rem
media
screen
and
min
width
px
theme
cache
13
dt
0
mx
font
size
1
rem
media
screen
and
min
width
px
theme
cache
13
dt
0
mx
font
size
rem
theme
cache
gbxrtc
box
shadow
0
px
4
px
8
px
0
px
padding
top
0
rem
grid
template
rows
0
fr
webkit
transition
all
3
ease
in
out
transition
all
3
ease
in
out
visibility
hidden
opacity
0
theme
cache
gbxrtc
overflow
hidden
theme
cache
1
tkpaed
display
webkit
box
display
webkit
flex
display
ms
flexbox
display
flex
webkit
box
flex
wrap
nowrap
webkit
flex
wrap
nowrap
ms
flex
wrap
nowrap
flex
wrap
nowrap
webkit
flex
direction
column
ms
flex
direction
column
flex
direction
column
padding
bottom
5
rem
theme
cache
1
plb
6
do
display
webkit
box
display
webkit
flex
display
ms
flexbox
display
flex
webkit
box
flex
wrap
nowrap
webkit
flex
wrap
nowrap
ms
flex
wrap
nowrap
flex
wrap
nowrap
gap
rem
webkit
align
items
flex
start
webkit
box
align
flex
start
ms
flex
align
flex
start
align
items
flex
start
webkit
flex
direction
column
ms
flex
direction
column
flex
direction
column
webkit
box
pack
justify
webkit
justify
content
space
between
justify
content
space
between
grid
column
media
screen
and
min
width
px
theme
cache
1
plb
6
do
grid
column
media
screen
and
min
width
px
theme
cache
1
plb
6
do
grid
column
media
screen
and
min
width
px
theme
cache
1
plb
6
do
grid
column
theme
cache
1
coa
2
yr
display
webkit
box
display
webkit
flex
display
ms
flexbox
display
flex
cursor
pointer
webkit
box
flex
wrap
nowrap
webkit
flex
wrap
nowrap
ms
flex
wrap
nowrap
flex
wrap
nowrap
webkit
box
pack
justify
webkit
justify
content
space
between
justify
content
space
between
theme
cache
1
rdwr
1
color
var
theme
ui
colors
nittany
navy
font
size
rem
font
weight
font
family
roboto
condensed
arial
narrow
arial
tahoma
sans
serif
theme
cache
op
9
width
20
px
height
20
px
display
webkit
box
display
webkit
flex
display
ms
flexbox
display
flex
theme
cache
13
xtpj
1
width
icon
size
20
px
theme
cache
13
xtpj
1
height
icon
size
20
px
theme
cache
7
qvw
9
grid
template
rows
0
fr
opacity
0
webkit
transition
all
3
ease
in
out
transition
all
3
ease
in
out
visibility
hidden
theme
cache
rhinot
display
webkit
box
display
webkit
flex
display
ms
flexbox
display
flex
webkit
box
flex
wrap
nowrap
webkit
flex
wrap
nowrap
ms
flex
wrap
nowrap
flex
wrap
nowrap
gap
rem
webkit
flex
direction
column
ms
flex
direction
column
flex
direction
column
margin
left
rem
theme
cache
18
lhuu
1
color
var
theme
ui
colors
coaly
gray
font
family
roboto
condensed
arial
narrow
arial
tahoma
sans
serif
cursor
pointer
width
webkit
fit
content
width
moz
fit
content
width
fit
content
font
weight
font
size
rem
line
height
normal
letter
spacing
normal
theme
cache
18
lhuu
1
hover
webkit
text
decoration
underline
text
decoration
underline
theme
cache
2
pa
64
color
var
theme
ui
colors
coaly
gray
font
size
rem
font
family
roboto
condensed
arial
narrow
arial
tahoma
sans
serif
theme
cache
kkwsv
width
16
px
height
16
px
display
webkit
box
display
webkit
flex
display
ms
flexbox
display
flex
theme
cache
tmjk
width
icon
size
16
px
theme
cache
tmjk
height
icon
size
16
px
theme
cache
mq
display
webkit
box
display
webkit
flex
display
ms
flexbox
display
flex
webkit
box
flex
wrap
nowrap
webkit
flex
wrap
nowrap
ms
flex
wrap
nowrap
flex
wrap
nowrap
gap
1
rem
webkit
flex
direction
column
ms
flex
direction
column
flex
direction
column
margin
left
rem
margin
right
rem
media
screen
and
min
width
px
theme
cache
mq
margin
left
rem
media
screen
and
min
width
px
theme
cache
mq
margin
left
rem
media
screen
and
min
width
px
theme
cache
mq
margin
left
rem
theme
cache
duefl
9
width
margin
left
auto
margin
right
auto
height
px
aspect
ratio
unset
media
screen
and
min
width
px
theme
cache
duefl
9
height
px
aspect
ratio
unset
media
screen
and
min
width
px
theme
cache
duefl
9
height
auto
aspect
ratio
media
screen
and
min
width
px
theme
cache
duefl
9
height
auto
aspect
ratio
theme
cache
qv
position
absolute
top
0
rem
left
0
rem
width
height
object
fit
cover
theme
cache
ax
max
width
unset
width
height
padding
left
26
px
padding
right
26
px
margin
left
auto
margin
right
auto
padding
top
1
rem
padding
bottom
1
rem
media
screen
and
min
width
px
theme
cache
ax
max
width
unset
padding
left
40
px
padding
right
40
px
media
screen
and
min
width
px
theme
cache
ax
max
width
px
padding
left
46
px
padding
right
46
px
media
screen
and
min
width
px
theme
cache
ax
max
width
px
padding
left
62
px
padding
right
62
px
theme
cache
vywy
margin
bottom
0
rem
theme
cache
fg
display
inline
theme
cache
rnrt
2
font
family
roboto
condensed
arial
narrow
arial
tahoma
sans
serif
font
weight
font
size
1
rem
line
height
normal
letter
spacing
normal
color
var
theme
ui
colors
link
cursor
pointer
pointer
events
auto
theme
cache
8
ku
96
font
family
roboto
condensed
arial
narrow
arial
tahoma
sans
serif
font
weight
font
size
1
rem
line
height
normal
letter
spacing
normal
padding
left
rem
padding
right
rem
theme
cache
11
eog
5
font
family
roboto
condensed
arial
narrow
arial
tahoma
sans
serif
font
weight
font
size
1
rem
line
height
normal
letter
spacing
normal
color
var
theme
ui
colors
coaly
gray
cursor
default
pointer
events
none
theme
cache
1
mg
7
pqt
padding
top
2
rem
padding
bottom
2
rem
background
color
var
theme
ui
colors
white
media
screen
and
min
width
px
theme
cache
1
mg
7
pqt
padding
top
3
rem
padding
bottom
3
rem
media
screen
and
min
width
px
theme
cache
1
mg
7
pqt
padding
top
3
rem
padding
bottom
3
rem
media
screen
and
min
width
px
theme
cache
1
mg
7
pqt
padding
top
3
rem
padding
bottom
3
rem
theme
cache
iqizae
grid
column
gap
2
rem
display
grid
media
screen
and
min
width
px
theme
cache
iqizae
grid
column
media
screen
and
min
width
px
theme
cache
iqizae
grid
column
media
screen
and
min
width
px
theme
cache
iqizae
grid
column
theme
cache
cqvpbu
text
align
inherit
font
size
rem
font
family
roboto
slab
georgia
times
new
roman
serif
font
weight
line
height
letter
spacing
normal
color
var
theme
ui
colors
nittany
navy
media
screen
and
min
width
px
theme
cache
cqvpbu
font
size
rem
line
height
media
screen
and
min
width
px
theme
cache
cqvpbu
font
size
3
rem
line
height
media
screen
and
min
width
px
theme
cache
cqvpbu
font
size
3
rem
line
height
theme
cache
fezh
padding
top
2
rem
padding
bottom
2
rem
background
color
var
theme
ui
colors
white
media
screen
and
min
width
px
theme
cache
fezh
padding
top
3
rem
padding
bottom
3
rem
media
screen
and
min
width
px
theme
cache
fezh
padding
top
3
rem
padding
bottom
3
rem
media
screen
and
min
width
px
theme
cache
fezh
padding
top
3
rem
padding
bottom
3
rem
section
page
title
theme
cache
fezh
padding
top
0
rem
theme
cache
1
xdf
3
su
margin
top
0
rem
margin
bottom
0
rem
theme
cache
1
xdf
3
su
div
1
theme
cache
1
xdf
3
su
div
2
theme
cache
1
xdf
3
su
div
3
theme
cache
1
xdf
3
su
div
4
theme
cache
1
xdf
3
su
div
5
theme
cache
1
xdf
3
su
div
6
margin
top
rem
media
screen
and
min
width
px
theme
cache
1
xdf
3
su
div
1
theme
cache
1
xdf
3
su
div
2
theme
cache
1
xdf
3
su
div
3
theme
cache
1
xdf
3
su
div
4
theme
cache
1
xdf
3
su
div
5
theme
cache
1
xdf
3
su
div
6
margin
top
rem
media
screen
and
min
width
px
theme
cache
1
xdf
3
su
div
1
theme
cache
1
xdf
3
su
div
2
theme
cache
1
xdf
3
su
div
3
theme
cache
1
xdf
3
su
div
4
theme
cache
1
xdf
3
su
div
5
theme
cache
1
xdf
3
su
div
6
margin
top
2
rem
media
screen
and
min
width
px
theme
cache
1
xdf
3
su
div
1
theme
cache
1
xdf
3
su
div
2
theme
cache
1
xdf
3
su
div
3
theme
cache
1
xdf
3
su
div
4
theme
cache
1
xdf
3
su
div
5
theme
cache
1
xdf
3
su
div
6
margin
top
2
rem
theme
cache
1
xdf
3
su
1
theme
cache
1
xdf
3
su
2
theme
cache
1
xdf
3
su
3
theme
cache
1
xdf
3
su
4
theme
cache
1
xdf
3
su
5
theme
cache
1
xdf
3
su
6
margin
top
rem
media
screen
and
min
width
px
theme
cache
1
xdf
3
su
1
theme
cache
1
xdf
3
su
2
theme
cache
1
xdf
3
su
3
theme
cache
1
xdf
3
su
4
theme
cache
1
xdf
3
su
5
theme
cache
1
xdf
3
su
6
margin
top
rem
media
screen
and
min
width
px
theme
cache
1
xdf
3
su
1
theme
cache
1
xdf
3
su
2
theme
cache
1
xdf
3
su
3
theme
cache
1
xdf
3
su
4
theme
cache
1
xdf
3
su
5
theme
cache
1
xdf
3
su
6
margin
top
2
rem
media
screen
and
min
width
px
theme
cache
1
xdf
3
su
1
theme
cache
1
xdf
3
su
2
theme
cache
1
xdf
3
su
3
theme
cache
1
xdf
3
su
4
theme
cache
1
xdf
3
su
5
theme
cache
1
xdf
3
su
6
margin
top
2
rem
theme
cache
1
xdf
3
su
document
card
stacked
margin
top
rem
margin
bottom
rem
media
screen
and
min
width
px
theme
cache
1
xdf
3
su
document
card
stacked
margin
top
rem
margin
bottom
rem
media
screen
and
min
width
px
theme
cache
1
xdf
3
su
document
card
stacked
margin
top
1
rem
margin
bottom
1
rem
theme
cache
1
twjmgc
text
align
inherit
font
size
rem
font
family
roboto
arial
tahoma
sans
serif
font
weight
line
height
letter
spacing
normal
color
var
theme
ui
colors
nittany
navy
margin
bottom
rem
margin
top
0
rem
media
screen
and
min
width
px
theme
cache
1
twjmgc
font
size
rem
line
height
margin
bottom
rem
media
screen
and
min
width
px
theme
cache
1
twjmgc
font
size
2
rem
line
height
margin
bottom
1
rem
media
screen
and
min
width
px
theme
cache
1
twjmgc
font
size
2
rem
line
height
margin
bottom
1
rem
theme
cache
8
qx
4
text
align
inherit
font
size
rem
font
family
roboto
arial
tahoma
sans
serif
font
weight
line
height
letter
spacing
normal
color
var
theme
ui
colors
coaly
gray
margin
bottom
0
rem
theme
cache
11
in
4
sr
visibility
hidden
theme
cache
1
stc
padding
top
rem
padding
bottom
rem
background
color
var
theme
ui
colors
nittany
navy
media
screen
and
min
width
px
theme
cache
1
stc
padding
top
rem
padding
bottom
rem
media
screen
and
min
width
px
theme
cache
1
stc
padding
top
rem
padding
bottom
rem
media
screen
and
min
width
px
theme
cache
1
stc
padding
top
rem
padding
bottom
rem
theme
cache
hpuiif
display
grid
grid
template
columns
repeat
4
1
fr
gap
rem
row
gap
64
px
media
screen
and
min
width
px
theme
cache
hpuiif
grid
template
columns
repeat
8
1
fr
gap
1
rem
row
gap
72
px
media
screen
and
min
width
px
theme
cache
hpuiif
grid
template
columns
repeat
12
1
fr
gap
rem
row
gap
20
px
media
screen
and
min
width
px
theme
cache
hpuiif
grid
template
columns
repeat
12
1
fr
gap
rem
row
gap
28
px
theme
cache
cyr
display
webkit
box
display
webkit
flex
display
ms
flexbox
display
flex
webkit
box
flex
wrap
wrap
webkit
flex
wrap
wrap
ms
flex
wrap
wrap
flex
wrap
wrap
gap
32
px
webkit
box
pack
justify
webkit
justify
content
space
between
justify
content
space
between
grid
column
webkit
flex
direction
column
ms
flex
direction
column
flex
direction
column
grid
template
columns
repeat
2
1
fr
grid
auto
flow
column
grid
template
rows
repeat
3
auto
media
screen
and
min
width
px
theme
cache
cyr
display
webkit
box
display
webkit
flex
display
ms
flexbox
display
flex
webkit
box
flex
wrap
nowrap
webkit
flex
wrap
nowrap
ms
flex
wrap
nowrap
flex
wrap
nowrap
gap
36
px
grid
column
webkit
flex
direction
column
ms
flex
direction
column
flex
direction
column
media
screen
and
min
width
px
theme
cache
cyr
display
webkit
box
display
webkit
flex
display
ms
flexbox
display
flex
webkit
box
flex
wrap
nowrap
webkit
flex
wrap
nowrap
ms
flex
wrap
nowrap
flex
wrap
nowrap
gap
10
px
grid
column
webkit
flex
direction
row
ms
flex
direction
row
flex
direction
row
media
screen
and
min
width
px
theme
cache
cyr
display
webkit
box
display
webkit
flex
display
ms
flexbox
display
flex
webkit
box
flex
wrap
nowrap
webkit
flex
wrap
nowrap
ms
flex
wrap
nowrap
flex
wrap
nowrap
gap
14
px
grid
column
webkit
flex
direction
row
ms
flex
direction
row
flex
direction
row
theme
cache
1
ib
1
ghx
width
media
screen
and
min
width
px
theme
cache
1
ib
1
ghx
width
media
screen
and
min
width
px
theme
cache
1
ib
1
ghx
width
calc
object
object
media
screen
and
min
width
px
theme
cache
1
ib
1
ghx
width
calc
object
object
theme
cache
fj
7
display
webkit
box
display
webkit
flex
display
ms
flexbox
display
flex
webkit
box
flex
wrap
nowrap
webkit
flex
wrap
nowrap
ms
flex
wrap
nowrap
flex
wrap
nowrap
webkit
flex
direction
column
ms
flex
direction
column
flex
direction
column
padding
top
0
rem
padding
bottom
0
rem
padding
left
1
rem
padding
right
1
rem
media
screen
and
min
width
px
theme
cache
fj
7
padding
top
0
rem
padding
bottom
0
rem
padding
left
1
rem
padding
right
1
rem
media
screen
and
min
width
px
theme
cache
fj
7
padding
top
rem
padding
bottom
rem
padding
left
1
rem
padding
right
1
rem
media
screen
and
min
width
px
theme
cache
fj
7
padding
top
rem
padding
bottom
rem
padding
left
rem
padding
right
rem
theme
cache
1
psuts
7
text
align
inherit
font
size
3
rem
color
var
theme
ui
colors
white
margin
bottom
rem
font
weight
media
screen
and
min
width
px
theme
cache
1
psuts
7
font
size
rem
media
screen
and
min
width
px
theme
cache
1
psuts
7
font
size
rem
media
screen
and
min
width
px
theme
cache
1
psuts
7
font
size
4
rem
theme
cache
1
qk
1
margin
bottom
rem
width
64
px
border
bottom
solid
border
width
2
px
theme
cache
md
1
text
align
inherit
font
size
rem
font
family
roboto
arial
tahoma
sans
serif
font
weight
line
height
letter
spacing
normal
color
var
theme
ui
colors
white
theme
cache
tbg
height
auto
width
75
border
color
var
theme
ui
colors
pugh
blue
border
style
solid
border
right
width
0
px
border
left
0
px
border
top
0
px
border
bottom
width
2
px
media
screen
and
min
width
px
theme
cache
tbg
height
auto
width
75
border
right
width
0
px
border
bottom
width
2
px
media
screen
and
min
width
px
theme
cache
tbg
height
auto
width
auto
border
right
width
2
px
border
bottom
width
0
px
media
screen
and
min
width
px
theme
cache
tbg
height
auto
width
auto
border
right
width
2
px
border
bottom
width
0
px
theme
cache
tbg
last
child
border
right
0
px
border
bottom
0
px
theme
cache
7
tgo
5
border
radius
8
px
grid
column
1
span
4
grid
row
1
span
8
index
3
media
screen
and
min
width
px
theme
cache
7
tgo
5
grid
column
2
span
6
grid
row
1
span
8
index
3
media
screen
and
min
width
px
theme
cache
7
tgo
5
grid
column
1
span
10
grid
row
1
span
1
index
2
media
screen
and
min
width
px
theme
cache
7
tgo
5
grid
column
1
span
9
grid
row
1
span
2
index
2
theme
cache
41
acf
8
display
webkit
box
display
webkit
flex
display
ms
flexbox
display
flex
webkit
box
flex
wrap
nowrap
webkit
flex
wrap
nowrap
ms
flex
wrap
nowrap
flex
wrap
nowrap
webkit
flex
direction
column
ms
flex
direction
column
flex
direction
column
padding
left
0
rem
padding
right
0
rem
index
2
word
wrap
break
word
white
space
pre
line
border
width
0
px
border
style
solid
background
color
var
theme
ui
colors
nittany
navy
padding
top
0
rem
padding
bottom
0
rem
margin
top
0
rem
grid
column
1
span
4
grid
row
8
span
9
media
screen
and
min
width
px
theme
cache
41
acf
8
padding
left
0
rem
padding
right
0
rem
index
2
padding
top
4
rem
padding
bottom
3
rem
margin
top
0
rem
grid
column
1
span
8
grid
row
8
span
9
media
screen
and
min
width
px
theme
cache
41
acf
8
padding
left
rem
padding
right
rem
index
3
padding
top
rem
padding
bottom
rem
margin
top
rem
grid
column
9
span
9
grid
row
1
span
1
media
screen
and
min
width
px
theme
cache
41
acf
8
padding
left
rem
padding
right
rem
index
3
padding
top
rem
padding
bottom
rem
margin
top
rem
grid
column
9
span
9
grid
row
1
span
1
theme
cache
1
bb
14
ay
text
align
inherit
font
size
rem
font
family
roboto
arial
tahoma
sans
serif
font
weight
line
height
letter
spacing
normal
color
var
theme
ui
colors
white
media
screen
and
min
width
px
theme
cache
1
bb
14
ay
font
size
rem
line
height
media
screen
and
min
width
px
theme
cache
1
bb
14
ay
font
size
rem
line
height
media
screen
and
min
width
px
theme
cache
1
bb
14
ay
font
size
rem
line
height
theme
cache
1
tdaask
margin
top
rem
margin
bottom
1
rem
width
80
px
border
bottom
solid
border
width
2
px
media
screen
and
min
width
px
theme
cache
1
tdaask
margin
top
rem
media
screen
and
min
width
px
theme
cache
1
tdaask
margin
top
rem
media
screen
and
min
width
px
theme
cache
1
tdaask
margin
top
rem
theme
cache
ntcdy
2
margin
top
0
rem
margin
bottom
rem
theme
cache
ntcdy
2
div
1
theme
cache
ntcdy
2
div
2
theme
cache
ntcdy
2
div
3
theme
cache
ntcdy
2
div
4
theme
cache
ntcdy
2
div
5
theme
cache
ntcdy
2
div
6
margin
top
rem
media
screen
and
min
width
px
theme
cache
ntcdy
2
div
1
theme
cache
ntcdy
2
div
2
theme
cache
ntcdy
2
div
3
theme
cache
ntcdy
2
div
4
theme
cache
ntcdy
2
div
5
theme
cache
ntcdy
2
div
6
margin
top
rem
media
screen
and
min
width
px
theme
cache
ntcdy
2
div
1
theme
cache
ntcdy
2
div
2
theme
cache
ntcdy
2
div
3
theme
cache
ntcdy
2
div
4
theme
cache
ntcdy
2
div
5
theme
cache
ntcdy
2
div
6
margin
top
2
rem
media
screen
and
min
width
px
theme
cache
ntcdy
2
div
1
theme
cache
ntcdy
2
div
2
theme
cache
ntcdy
2
div
3
theme
cache
ntcdy
2
div
4
theme
cache
ntcdy
2
div
5
theme
cache
ntcdy
2
div
6
margin
top
2
rem
theme
cache
ntcdy
2
1
theme
cache
ntcdy
2
2
theme
cache
ntcdy
2
3
theme
cache
ntcdy
2
4
theme
cache
ntcdy
2
5
theme
cache
ntcdy
2
6
margin
top
rem
media
screen
and
min
width
px
theme
cache
ntcdy
2
1
theme
cache
ntcdy
2
2
theme
cache
ntcdy
2
3
theme
cache
ntcdy
2
4
theme
cache
ntcdy
2
5
theme
cache
ntcdy
2
6
margin
top
rem
media
screen
and
min
width
px
theme
cache
ntcdy
2
1
theme
cache
ntcdy
2
2
theme
cache
ntcdy
2
3
theme
cache
ntcdy
2
4
theme
cache
ntcdy
2
5
theme
cache
ntcdy
2
6
margin
top
2
rem
media
screen
and
min
width
px
theme
cache
ntcdy
2
1
theme
cache
ntcdy
2
2
theme
cache
ntcdy
2
3
theme
cache
ntcdy
2
4
theme
cache
ntcdy
2
5
theme
cache
ntcdy
2
6
margin
top
2
rem
theme
cache
ntcdy
2
document
card
stacked
margin
top
rem
margin
bottom
rem
media
screen
and
min
width
px
theme
cache
ntcdy
2
document
card
stacked
margin
top
rem
margin
bottom
rem
media
screen
and
min
width
px
theme
cache
ntcdy
2
document
card
stacked
margin
top
1
rem
margin
bottom
1
rem
media
screen
and
min
width
px
theme
cache
ntcdy
2
margin
bottom
rem
media
screen
and
min
width
px
theme
cache
ntcdy
2
margin
bottom
rem
media
screen
and
min
width
px
theme
cache
ntcdy
2
margin
bottom
rem
theme
cache
ntcdy
2
div
color
var
theme
ui
colors
white
theme
cache
ntcdy
2
div
color
var
theme
ui
colors
link
light
theme
cache
fksk
0
webkit
box
pack
center
ms
flex
pack
center
webkit
justify
content
center
justify
content
center
webkit
align
items
center
webkit
box
align
center
ms
flex
align
center
align
items
center
cursor
pointer
display
webkit
box
display
webkit
flex
display
ms
flexbox
display
flex
webkit
text
decoration
none
text
decoration
none
height
webkit
fit
content
height
moz
fit
content
height
fit
content
width
webkit
fit
content
width
moz
fit
content
width
fit
content
font
family
roboto
arial
tahoma
sans
serif
font
weight
line
height
normal
font
size
1
rem
letter
spacing
normal
text
transform
none
border
radius
4
px
color
var
theme
ui
colors
white
background
color
transparent
border
2
px
solid
padding
top
rem
padding
bottom
rem
padding
left
rem
padding
right
1
rem
theme
cache
fksk
0
span
svg
path
fill
var
theme
ui
colors
white
theme
cache
fksk
0
hover
span
svg
path
fill
var
theme
ui
colors
nittany
navy
theme
cache
fksk
0
focus
visible
span
svg
path
fill
var
theme
ui
colors
nittany
navy
theme
cache
fksk
0
hover
color
var
theme
ui
colors
nittany
navy
background
color
var
theme
ui
colors
white
border
2
px
solid
theme
cache
fksk
0
focus
visible
color
var
theme
ui
colors
nittany
navy
background
color
var
theme
ui
colors
white
border
2
px
dashed
theme
cache
yb
8
color
var
theme
ui
colors
link
font
family
roboto
arial
tahoma
sans
serif
cursor
pointer
width
webkit
fit
content
width
moz
fit
content
width
fit
content
webkit
text
decoration
none
text
decoration
none
webkit
box
pack
center
ms
flex
pack
center
webkit
justify
content
center
justify
content
center
webkit
align
items
center
webkit
box
align
center
ms
flex
align
center
align
items
center
cursor
pointer
display
webkit
box
display
webkit
flex
display
ms
flexbox
display
flex
webkit
text
decoration
none
text
decoration
none
height
webkit
fit
content
height
moz
fit
content
height
fit
content
width
webkit
fit
content
width
moz
fit
content
width
fit
content
font
family
roboto
arial
tahoma
sans
serif
font
weight
line
height
normal
font
size
1
rem
letter
spacing
normal
text
transform
none
border
radius
4
px
color
var
theme
ui
colors
white
background
color
transparent
border
2
px
solid
padding
top
rem
padding
bottom
rem
padding
left
rem
padding
right
1
rem
theme
cache
yb
8
span
svg
path
fill
var
theme
ui
colors
white
theme
cache
yb
8
hover
span
svg
path
fill
var
theme
ui
colors
nittany
navy
theme
cache
yb
8
focus
visible
span
svg
path
fill
var
theme
ui
colors
nittany
navy
theme
cache
yb
8
hover
color
var
theme
ui
colors
nittany
navy
background
color
var
theme
ui
colors
white
border
2
px
solid
theme
cache
yb
8
focus
visible
color
var
theme
ui
colors
nittany
navy
background
color
var
theme
ui
colors
white
border
2
px
dashed
theme
cache
1
fga
28
width
12
px
height
12
px
display
webkit
box
display
webkit
flex
display
ms
flexbox
display
flex
margin
left
rem
theme
cache
3
ktvu
width
icon
size
12
px
theme
cache
3
ktvu
height
icon
size
12
px
theme
cache
6
grid
column
margin
bottom
rem
media
screen
and
min
width
px
theme
cache
6
grid
column
margin
bottom
rem
media
screen
and
min
width
px
theme
cache
6
grid
column
margin
bottom
rem
media
screen
and
min
width
px
theme
cache
6
grid
column
margin
bottom
rem
theme
cache
yvl
87
text
align
inherit
font
size
rem
font
family
roboto
arial
tahoma
sans
serif
font
weight
line
height
letter
spacing
normal
color
var
theme
ui
colors
nittany
navy
margin
bottom
rem
media
screen
and
min
width
px
theme
cache
yvl
87
font
size
rem
line
height
margin
bottom
rem
media
screen
and
min
width
px
theme
cache
yvl
87
font
size
2
rem
line
height
margin
bottom
1
rem
media
screen
and
min
width
px
theme
cache
yvl
87
font
size
2
rem
line
height
margin
bottom
1
rem
theme
cache
tyinal
margin
top
0
rem
margin
bottom
0
rem
theme
cache
tyinal
div
1
theme
cache
tyinal
div
2
theme
cache
tyinal
div
3
theme
cache
tyinal
div
4
theme
cache
tyinal
div
5
theme
cache
tyinal
div
6
margin
top
rem
media
screen
and
min
width
px
theme
cache
tyinal
div
1
theme
cache
tyinal
div
2
theme
cache
tyinal
div
3
theme
cache
tyinal
div
4
theme
cache
tyinal
div
5
theme
cache
tyinal
div
6
margin
top
rem
media
screen
and
min
width
px
theme
cache
tyinal
div
1
theme
cache
tyinal
div
2
theme
cache
tyinal
div
3
theme
cache
tyinal
div
4
theme
cache
tyinal
div
5
theme
cache
tyinal
div
6
margin
top
2
rem
media
screen
and
min
width
px
theme
cache
tyinal
div
1
theme
cache
tyinal
div
2
theme
cache
tyinal
div
3
theme
cache
tyinal
div
4
theme
cache
tyinal
div
5
theme
cache
tyinal
div
6
margin
top
2
rem
theme
cache
tyinal
1
theme
cache
tyinal
2
theme
cache
tyinal
3
theme
cache
tyinal
4
theme
cache
tyinal
5
theme
cache
tyinal
6
margin
top
rem
media
screen
and
min
width
px
theme
cache
tyinal
1
theme
cache
tyinal
2
theme
cache
tyinal
3
theme
cache
tyinal
4
theme
cache
tyinal
5
theme
cache
tyinal
6
margin
top
rem
media
screen
and
min
width
px
theme
cache
tyinal
1
theme
cache
tyinal
2
theme
cache
tyinal
3
theme
cache
tyinal
4
theme
cache
tyinal
5
theme
cache
tyinal
6
margin
top
2
rem
media
screen
and
min
width
px
theme
cache
tyinal
1
theme
cache
tyinal
2
theme
cache
tyinal
3
theme
cache
tyinal
4
theme
cache
tyinal
5
theme
cache
tyinal
6
margin
top
2
rem
theme
cache
tyinal
document
card
stacked
margin
top
rem
margin
bottom
rem
media
screen
and
min
width
px
theme
cache
tyinal
document
card
stacked
margin
top
rem
margin
bottom
rem
media
screen
and
min
width
px
theme
cache
tyinal
document
card
stacked
margin
top
1
rem
margin
bottom
1
rem
theme
cache
tyinal
div
color
var
theme
ui
colors
coaly
gray
theme
cache
tyinal
div
color
var
theme
ui
colors
link
theme
cache
1
tybdom
display
grid
grid
template
columns
repeat
4
1
fr
gap
rem
row
gap
rem
media
screen
and
min
width
px
theme
cache
1
tybdom
grid
template
columns
repeat
8
1
fr
gap
1
rem
row
gap
1
rem
media
screen
and
min
width
px
theme
cache
1
tybdom
grid
template
columns
repeat
12
1
fr
gap
rem
row
gap
rem
media
screen
and
min
width
px
theme
cache
1
tybdom
grid
template
columns
repeat
12
1
fr
gap
rem
row
gap
rem
theme
cache
2
lif
8
grid
column
auto
span
4
theme
cache
2
lif
8
not
dialog
height
theme
cache
19
iwq
3
display
webkit
box
display
webkit
flex
display
ms
flexbox
display
flex
webkit
box
flex
wrap
nowrap
webkit
flex
wrap
nowrap
ms
flex
wrap
nowrap
flex
wrap
nowrap
webkit
align
items
center
webkit
box
align
center
ms
flex
align
center
align
items
center
webkit
flex
direction
column
ms
flex
direction
column
flex
direction
column
border
radius
8
px
index
word
wrap
break
word
white
space
pre
line
border
width
0
px
border
style
solid
box
shadow
0
px
4
px
8
px
0
px
background
color
var
theme
ui
colors
white
theme
cache
lntusq
webkit
text
decoration
none
text
decoration
none
width
theme
cache
tse
aspect
ratio
border
top
left
radius
8
px
border
top
right
radius
8
px
theme
cache
gr
1
display
webkit
box
display
webkit
flex
display
ms
flexbox
display
flex
webkit
box
flex
wrap
nowrap
webkit
flex
wrap
nowrap
ms
flex
wrap
nowrap
flex
wrap
nowrap
webkit
flex
direction
column
ms
flex
direction
column
flex
direction
column
margin
rem
media
screen
and
min
width
px
theme
cache
gr
1
margin
rem
media
screen
and
min
width
px
theme
cache
gr
1
margin
rem
media
screen
and
min
width
px
theme
cache
gr
1
margin
rem
theme
cache
nr
color
var
theme
ui
colors
nittany
navy
font
family
roboto
arial
tahoma
sans
serif
font
weight
font
size
rem
line
height
letter
spacing
normal
cursor
pointer
width
webkit
fit
content
width
moz
fit
content
width
fit
content
margin
bottom
rem
media
screen
and
min
width
px
theme
cache
nr
font
size
rem
line
height
media
screen
and
min
width
px
theme
cache
nr
font
size
rem
line
height
media
screen
and
min
width
px
theme
cache
nr
font
size
rem
line
height
theme
cache
nr
hover
webkit
text
decoration
underline
text
decoration
underline
theme
cache
3
ky
13
margin
top
0
rem
margin
bottom
rem
theme
cache
3
ky
13
div
1
theme
cache
3
ky
13
div
2
theme
cache
3
ky
13
div
3
theme
cache
3
ky
13
div
4
theme
cache
3
ky
13
div
5
theme
cache
3
ky
13
div
6
margin
top
rem
media
screen
and
min
width
px
theme
cache
3
ky
13
div
1
theme
cache
3
ky
13
div
2
theme
cache
3
ky
13
div
3
theme
cache
3
ky
13
div
4
theme
cache
3
ky
13
div
5
theme
cache
3
ky
13
div
6
margin
top
rem
media
screen
and
min
width
px
theme
cache
3
ky
13
div
1
theme
cache
3
ky
13
div
2
theme
cache
3
ky
13
div
3
theme
cache
3
ky
13
div
4
theme
cache
3
ky
13
div
5
theme
cache
3
ky
13
div
6
margin
top
2
rem
media
screen
and
min
width
px
theme
cache
3
ky
13
div
1
theme
cache
3
ky
13
div
2
theme
cache
3
ky
13
div
3
theme
cache
3
ky
13
div
4
theme
cache
3
ky
13
div
5
theme
cache
3
ky
13
div
6
margin
top
2
rem
theme
cache
3
ky
13
1
theme
cache
3
ky
13
2
theme
cache
3
ky
13
3
theme
cache
3
ky
13
4
theme
cache
3
ky
13
5
theme
cache
3
ky
13
6
margin
top
rem
media
screen
and
min
width
px
theme
cache
3
ky
13
1
theme
cache
3
ky
13
2
theme
cache
3
ky
13
3
theme
cache
3
ky
13
4
theme
cache
3
ky
13
5
theme
cache
3
ky
13
6
margin
top
rem
media
screen
and
min
width
px
theme
cache
3
ky
13
1
theme
cache
3
ky
13
2
theme
cache
3
ky
13
3
theme
cache
3
ky
13
4
theme
cache
3
ky
13
5
theme
cache
3
ky
13
6
margin
top
2
rem
media
screen
and
min
width
px
theme
cache
3
ky
13
1
theme
cache
3
ky
13
2
theme
cache
3
ky
13
3
theme
cache
3
ky
13
4
theme
cache
3
ky
13
5
theme
cache
3
ky
13
6
margin
top
2
rem
theme
cache
3
ky
13
document
card
stacked
margin
top
rem
margin
bottom
rem
media
screen
and
min
width
px
theme
cache
3
ky
13
document
card
stacked
margin
top
rem
margin
bottom
rem
media
screen
and
min
width
px
theme
cache
3
ky
13
document
card
stacked
margin
top
1
rem
margin
bottom
1
rem
media
screen
and
min
width
px
theme
cache
3
ky
13
margin
bottom
1
rem
media
screen
and
min
width
px
theme
cache
3
ky
13
margin
bottom
1
rem
media
screen
and
min
width
px
theme
cache
3
ky
13
margin
bottom
1
rem
theme
cache
3
ky
13
text
align
center
theme
cache
1
xmtvfx
position
relative
width
vw
max
width
background
color
var
theme
ui
colors
nittany
navy
theme
cache
1
ykt
47
display
grid
grid
template
columns
repeat
4
1
fr
gap
rem
padding
top
2
rem
padding
bottom
2
rem
media
screen
and
min
width
px
theme
cache
1
ykt
47
grid
template
columns
repeat
8
1
fr
gap
1
rem
media
screen
and
min
width
px
theme
cache
1
ykt
47
grid
template
columns
repeat
12
1
fr
gap
rem
media
screen
and
min
width
px
theme
cache
1
ykt
47
grid
template
columns
repeat
12
1
fr
gap
rem
theme
cache
3
ouial
display
webkit
box
display
webkit
flex
display
ms
flexbox
display
flex
webkit
box
flex
wrap
nowrap
webkit
flex
wrap
nowrap
ms
flex
wrap
nowrap
flex
wrap
nowrap
webkit
flex
direction
column
ms
flex
direction
column
flex
direction
column
grid
column
margin
bottom
rem
media
screen
and
min
width
px
theme
cache
3
ouial
grid
column
margin
bottom
0
rem
media
screen
and
min
width
px
theme
cache
3
ouial
grid
column
margin
bottom
0
rem
media
screen
and
min
width
px
theme
cache
3
ouial
grid
column
margin
bottom
0
rem
theme
cache
1
cl
width
51
px
height
56
px
margin
right
rem
theme
cache
zxj
width
px
height
18
px
margin
top
rem
theme
cache
99
fd
9
text
align
inherit
font
size
1
rem
font
family
roboto
condensed
arial
narrow
arial
tahoma
sans
serif
font
weight
line
height
normal
letter
spacing
normal
color
var
theme
ui
colors
white
margin
top
rem
theme
cache
1
xmqzp
4
margin
top
0
rem
margin
bottom
0
rem
font
family
roboto
condensed
arial
narrow
arial
tahoma
sans
serif
theme
cache
1
xmqzp
4
div
1
theme
cache
1
xmqzp
4
div
2
theme
cache
1
xmqzp
4
div
3
theme
cache
1
xmqzp
4
div
4
theme
cache
1
xmqzp
4
div
5
theme
cache
1
xmqzp
4
div
6
margin
top
rem
media
screen
and
min
width
px
theme
cache
1
xmqzp
4
div
1
theme
cache
1
xmqzp
4
div
2
theme
cache
1
xmqzp
4
div
3
theme
cache
1
xmqzp
4
div
4
theme
cache
1
xmqzp
4
div
5
theme
cache
1
xmqzp
4
div
6
margin
top
rem
media
screen
and
min
width
px
theme
cache
1
xmqzp
4
div
1
theme
cache
1
xmqzp
4
div
2
theme
cache
1
xmqzp
4
div
3
theme
cache
1
xmqzp
4
div
4
theme
cache
1
xmqzp
4
div
5
theme
cache
1
xmqzp
4
div
6
margin
top
2
rem
media
screen
and
min
width
px
theme
cache
1
xmqzp
4
div
1
theme
cache
1
xmqzp
4
div
2
theme
cache
1
xmqzp
4
div
3
theme
cache
1
xmqzp
4
div
4
theme
cache
1
xmqzp
4
div
5
theme
cache
1
xmqzp
4
div
6
margin
top
2
rem
theme
cache
1
xmqzp
4
1
theme
cache
1
xmqzp
4
2
theme
cache
1
xmqzp
4
3
theme
cache
1
xmqzp
4
4
theme
cache
1
xmqzp
4
5
theme
cache
1
xmqzp
4
6
margin
top
rem
media
screen
and
min
width
px
theme
cache
1
xmqzp
4
1
theme
cache
1
xmqzp
4
2
theme
cache
1
xmqzp
4
3
theme
cache
1
xmqzp
4
4
theme
cache
1
xmqzp
4
5
theme
cache
1
xmqzp
4
6
margin
top
rem
media
screen
and
min
width
px
theme
cache
1
xmqzp
4
1
theme
cache
1
xmqzp
4
2
theme
cache
1
xmqzp
4
3
theme
cache
1
xmqzp
4
4
theme
cache
1
xmqzp
4
5
theme
cache
1
xmqzp
4
6
margin
top
2
rem
media
screen
and
min
width
px
theme
cache
1
xmqzp
4
1
theme
cache
1
xmqzp
4
2
theme
cache
1
xmqzp
4
3
theme
cache
1
xmqzp
4
4
theme
cache
1
xmqzp
4
5
theme
cache
1
xmqzp
4
6
margin
top
2
rem
theme
cache
1
xmqzp
4
document
card
stacked
margin
top
rem
margin
bottom
rem
media
screen
and
min
width
px
theme
cache
1
xmqzp
4
document
card
stacked
margin
top
rem
margin
bottom
rem
media
screen
and
min
width
px
theme
cache
1
xmqzp
4
document
card
stacked
margin
top
1
rem
margin
bottom
1
rem
theme
cache
1
xmqzp
4
div
color
var
theme
ui
colors
white
font
family
inherit
theme
cache
vqp
text
align
inherit
font
size
1
rem
font
family
roboto
arial
tahoma
sans
serif
font
weight
line
height
letter
spacing
normal
color
var
theme
ui
colors
coaly
gray
margin
bottom
0
rem
theme
cache
12
hvqti
text
align
inherit
font
size
1
rem
font
family
roboto
condensed
arial
narrow
arial
tahoma
sans
serif
font
weight
line
height
normal
letter
spacing
normal
color
var
theme
ui
colors
white
theme
cache
17
sw
09
display
webkit
box
display
webkit
flex
display
ms
flexbox
display
flex
webkit
box
flex
wrap
nowrap
webkit
flex
wrap
nowrap
ms
flex
wrap
nowrap
flex
wrap
nowrap
gap
rem
webkit
flex
direction
column
ms
flex
direction
column
flex
direction
column
list
style
none
width
webkit
fit
content
width
moz
fit
content
width
fit
content
margin
top
rem
margin
bottom
rem
media
screen
and
min
width
px
theme
cache
17
sw
09
margin
top
rem
media
screen
and
min
width
px
theme
cache
17
sw
09
margin
top
rem
media
screen
and
min
width
px
theme
cache
17
sw
09
margin
top
rem
theme
cache
6
rdsgk
display
webkit
box
display
webkit
list
item
display
ms
list
itembox
display
list
item
theme
cache
6
rdsgk
focus
border
1
px
solid
fff
theme
cache
18
wvicv
text
align
inherit
font
size
1
rem
font
family
roboto
condensed
arial
narrow
arial
tahoma
sans
serif
font
weight
line
height
normal
letter
spacing
normal
color
var
theme
ui
colors
white
display
inline
block
theme
cache
6
co
5
lm
color
var
theme
ui
colors
link
light
font
family
roboto
condensed
arial
narrow
arial
tahoma
sans
serif
font
weight
font
size
1
rem
line
height
letter
spacing
normal
cursor
pointer
width
webkit
fit
content
width
moz
fit
content
width
fit
content
font
style
normal
theme
cache
6
co
5
lm
hover
webkit
text
decoration
underline
text
decoration
underline
theme
cache
igrr
55
display
webkit
box
display
webkit
flex
display
ms
flexbox
display
flex
webkit
box
flex
wrap
nowrap
webkit
flex
wrap
nowrap
ms
flex
wrap
nowrap
flex
wrap
nowrap
gap
rem
list
style
none
width
webkit
fit
content
width
moz
fit
content
width
fit
content
theme
cache
1
udquv
0
outline
none
border
radius
border
none
important
background
color
transparent
icon
color
white
padding
0
rem
theme
cache
1
udquv
0
hover
span
svg
path
fill
var
theme
ui
colors
link
light
theme
cache
1
udquv
0
focus
visible
span
svg
path
fill
var
theme
ui
colors
link
light
theme
cache
1
udquv
0
hover
icon
color
link
light
theme
cache
1
udquv
0
focus
visible
icon
color
link
light
theme
cache
1
jhh
7
color
var
theme
ui
colors
link
font
family
roboto
arial
tahoma
sans
serif
cursor
pointer
width
webkit
fit
content
width
moz
fit
content
width
fit
content
webkit
text
decoration
none
text
decoration
none
outline
none
border
radius
border
none
important
background
color
transparent
icon
color
white
padding
0
rem
theme
cache
1
jhh
7
hover
span
svg
path
fill
var
theme
ui
colors
link
light
theme
cache
1
jhh
7
focus
visible
span
svg
path
fill
var
theme
ui
colors
link
light
theme
cache
1
jhh
7
hover
icon
color
link
light
theme
cache
1
jhh
7
focus
visible
icon
color
link
light
theme
cache
nmcklv
width
32
px
height
32
px
display
webkit
box
display
webkit
flex
display
ms
flexbox
display
flex
theme
cache
1
sb
0
fk
4
width
icon
size
32
px
theme
cache
1
sb
0
fk
4
height
icon
size
32
px
theme
cache
1
cz
6
dun
grid
column
media
screen
and
min
width
px
theme
cache
1
cz
6
dun
grid
column
media
screen
and
min
width
px
theme
cache
1
cz
6
dun
grid
column
0
media
screen
and
min
width
px
theme
cache
1
cz
6
dun
grid
column
0
theme
cache
tuz
width
border
bottom
solid
rgba
7
border
width
1
px
theme
cache
1
tntdc
5
grid
column
margin
top
rem
media
screen
and
min
width
px
theme
cache
1
tntdc
5
grid
column
margin
top
0
rem
media
screen
and
min
width
px
theme
cache
1
tntdc
5
grid
column
margin
top
0
rem
media
screen
and
min
width
px
theme
cache
1
tntdc
5
grid
column
margin
top
0
rem
theme
cache
ch
display
grid
grid
template
columns
repeat
4
1
fr
gap
rem
media
screen
and
min
width
px
theme
cache
ch
grid
template
columns
repeat
6
1
fr
gap
1
rem
media
screen
and
min
width
px
theme
cache
ch
grid
template
columns
repeat
6
1
fr
gap
rem
media
screen
and
min
width
px
theme
cache
ch
grid
template
columns
repeat
6
1
fr
gap
rem
theme
cache
iii
display
webkit
box
display
webkit
flex
display
ms
flexbox
display
flex
webkit
box
flex
wrap
nowrap
webkit
flex
wrap
nowrap
ms
flex
wrap
nowrap
flex
wrap
nowrap
webkit
flex
direction
column
ms
flex
direction
column
flex
direction
column
margin
top
rem
margin
bottom
rem
grid
column
span
2
media
screen
and
min
width
px
theme
cache
iii
margin
top
rem
margin
bottom
rem
grid
column
span
2
media
screen
and
min
width
px
theme
cache
iii
margin
top
rem
margin
bottom
rem
grid
column
span
2
media
screen
and
min
width
px
theme
cache
iii
margin
top
rem
margin
bottom
rem
grid
column
span
2
theme
cache
4
text
align
inherit
font
size
rem
font
family
roboto
condensed
arial
narrow
arial
tahoma
sans
serif
font
weight
line
height
letter
spacing
normal
color
var
theme
ui
colors
white
margin
bottom
rem
media
screen
and
min
width
px
theme
cache
4
font
size
rem
line
height
media
screen
and
min
width
px
theme
cache
4
font
size
rem
line
height
media
screen
and
min
width
px
theme
cache
4
font
size
rem
line
height
theme
cache
15
gz
3
vj
gap
rem
theme
cache
wwk
28
color
var
theme
ui
colors
link
light
font
family
roboto
condensed
arial
narrow
arial
tahoma
sans
serif
font
weight
font
size
1
rem
line
height
normal
letter
spacing
normal
cursor
pointer
width
webkit
fit
content
width
moz
fit
content
width
fit
content
font
style
normal
display
block
theme
cache
wwk
28
hover
webkit
text
decoration
underline
text
decoration
underline
theme
cache
yza
2
dk
position
relative
width
vw
max
width
padding
top
rem
padding
bottom
rem
background
color
var
theme
ui
colors
beaver
blue
theme
cache
mioj
display
grid
grid
template
columns
repeat
4
1
fr
gap
rem
justify
items
center
row
gap
1
rem
media
screen
and
min
width
px
theme
cache
mioj
grid
template
columns
repeat
8
1
fr
gap
1
rem
justify
items
center
row
gap
rem
media
screen
and
min
width
px
theme
cache
mioj
grid
template
columns
repeat
12
1
fr
gap
rem
justify
items
start
row
gap
0
rem
media
screen
and
min
width
px
theme
cache
mioj
grid
template
columns
repeat
12
1
fr
gap
rem
justify
items
start
row
gap
0
rem
theme
cache
uj
84
md
display
webkit
box
display
webkit
flex
display
ms
flexbox
display
flex
webkit
box
flex
wrap
nowrap
webkit
flex
wrap
nowrap
ms
flex
wrap
nowrap
flex
wrap
nowrap
grid
column
1
1
media
screen
and
min
width
px
theme
cache
uj
84
md
grid
column
1
1
media
screen
and
min
width
px
theme
cache
uj
84
md
grid
column
media
screen
and
min
width
px
theme
cache
uj
84
md
grid
column
theme
cache
display
webkit
box
display
webkit
flex
display
ms
flexbox
display
flex
webkit
box
flex
wrap
wrap
webkit
flex
wrap
wrap
ms
flex
wrap
wrap
flex
wrap
wrap
webkit
flex
direction
row
ms
flex
direction
row
flex
direction
row
list
style
none
width
webkit
fit
content
width
moz
fit
content
width
fit
content
webkit
box
pack
center
ms
flex
pack
center
webkit
justify
content
center
justify
content
center
webkit
column
gap
1
rem
column
gap
1
rem
row
gap
rem
media
screen
and
min
width
px
theme
cache
webkit
box
pack
center
ms
flex
pack
center
webkit
justify
content
center
justify
content
center
webkit
column
gap
1
rem
column
gap
1
rem
media
screen
and
min
width
px
theme
cache
webkit
box
pack
start
ms
flex
pack
start
webkit
justify
content
flex
start
justify
content
flex
start
webkit
column
gap
rem
column
gap
rem
media
screen
and
min
width
px
theme
cache
webkit
box
pack
start
ms
flex
pack
start
webkit
justify
content
flex
start
justify
content
flex
start
webkit
column
gap
rem
column
gap
rem
theme
cache
iw
color
var
theme
ui
colors
white
font
family
roboto
condensed
arial
narrow
arial
tahoma
sans
serif
cursor
pointer
width
webkit
fit
content
width
moz
fit
content
width
fit
content
font
size
rem
font
weight
line
height
8
px
theme
cache
iw
hover
webkit
text
decoration
underline
text
decoration
underline
theme
cache
1
un
color
var
theme
ui
colors
white
font
family
roboto
condensed
arial
narrow
arial
tahoma
sans
serif
cursor
pointer
width
webkit
fit
content
width
moz
fit
content
width
fit
content
font
size
rem
font
weight
grid
column
1
1
justify
self
auto
theme
cache
1
un
hover
webkit
text
decoration
underline
text
decoration
underline
media
screen
and
min
width
px
theme
cache
1
un
grid
column
1
1
justify
self
auto
media
screen
and
min
width
px
theme
cache
1
un
grid
column
10
1
justify
self
end
media
screen
and
min
width
px
theme
cache
1
un
grid
column
10
1
justify
self
end
script
src
next
static
chunks
webpack
32
aac
6
ec
db
js
async
self
next
self
next
push
0
self
next
push
2
null
self
next
push
1
1
next
static
css
99
fefd
2
css
style
2
next
static
css
fb
css
style
3
next
static
css
fa
css
style
4
next
static
css
ae
bae
css
style
self
next
push
1
5
8
na
nd
9
slug
academics
undergraduate
oc
ne
0
link
0
rel
stylesheet
href
next
static
css
99
fefd
2
css
precedence
next
cross
origin
undefined
link
1
rel
stylesheet
href
next
static
css
fb
css
precedence
next
cross
origin
undefined
link
2
rel
stylesheet
href
next
static
css
fa
css
precedence
next
cross
origin
undefined
5
null
build
id
xd
wk
ans
jx
of
rx
ae
asset
prefix
initial
canonical
url
academics
undergraduate
initial
tree
children
slug
academics
undergraduate
oc
children
undefined
undefined
true
initial
seed
data
children
slug
academics
undergraduate
oc
children
6
7
null
null
8
null
parallel
router
key
children
segment
path
children
9
children
error
undefined
error
styles
undefined
error
scripts
undefined
template
la
null
template
styles
undefined
template
scripts
undefined
not
found
undefined
not
found
styles
undefined
styles
link
0
rel
stylesheet
href
next
static
css
ae
bae
css
precedence
next
cross
origin
undefined
null
lb
null
null
could
be
intercepted
false
initial
head
null
lc
global
error
component
missing
slots
we
self
next
push
1
44
static
chunks
cff
7
2
ea
js
static
chunks
0
eb
dbeb
0
js
static
chunks
js
static
chunks
js
static
chunks
abe
24
js
static
chunks
ab
dbca
js
static
chunks
acdf
2
js
static
chunks
dd
js
static
chunks
app
5
5
slug
5
5
page
11
js
error
boundary
10
44
static
chunks
cff
7
2
ea
js
static
chunks
0
eb
dbeb
0
js
static
chunks
js
static
chunks
js
static
chunks
abe
24
js
static
chunks
ab
dbca
js
static
chunks
acdf
2
js
static
chunks
dd
js
static
chunks
app
5
5
slug
5
5
page
11
js
dynamic
hero
ctf
client
11
44
static
chunks
cff
7
2
ea
js
static
chunks
0
eb
dbeb
0
js
static
chunks
js
static
chunks
js
static
chunks
abe
24
js
static
chunks
ab
dbca
js
static
chunks
acdf
2
js
static
chunks
dd
js
static
chunks
app
5
5
slug
5
5
page
11
js
container
12
44
static
chunks
cff
7
2
ea
js
static
chunks
0
eb
dbeb
0
js
static
chunks
js
static
chunks
js
static
chunks
abe
24
js
static
chunks
ab
dbca
js
static
chunks
acdf
2
js
static
chunks
dd
js
static
chunks
app
5
5
slug
5
5
page
11
js
breadcrumbs
ctf
13
44
static
chunks
cff
7
2
ea
js
static
chunks
0
eb
dbeb
0
js
static
chunks
js
self
next
push
1
static
chunks
js
static
chunks
abe
24
js
static
chunks
ab
dbca
js
static
chunks
acdf
2
js
static
chunks
dd
js
static
chunks
app
5
5
slug
5
5
page
11
js
background
wrapper
14
44
static
chunks
cff
7
2
ea
js
static
chunks
0
eb
dbeb
0
js
static
chunks
js
static
chunks
js
static
chunks
abe
24
js
static
chunks
ab
dbca
js
static
chunks
acdf
2
js
static
chunks
dd
js
static
chunks
app
5
5
slug
5
5
page
11
js
grid
15
44
static
chunks
cff
7
2
ea
js
static
chunks
0
eb
dbeb
0
js
static
chunks
js
static
chunks
js
static
chunks
abe
24
js
static
chunks
ab
dbca
js
static
chunks
acdf
2
js
static
chunks
dd
js
static
chunks
app
5
5
slug
5
5
page
11
js
box
16
44
static
chunks
cff
7
2
ea
js
static
chunks
0
eb
dbeb
0
js
static
chunks
js
static
chunks
js
static
chunks
abe
24
js
static
chunks
ab
dbca
js
static
chunks
acdf
2
js
static
chunks
dd
js
static
chunks
app
5
5
slug
5
5
page
11
js
heading
17
44
static
chunks
cff
7
2
ea
js
static
chunks
0
eb
dbeb
0
js
static
chunks
js
static
chunks
js
static
chunks
abe
24
js
static
chunks
ab
dbca
js
static
chunks
ac
self
next
push
1
df
2
js
static
chunks
dd
js
static
chunks
app
5
5
slug
5
5
page
11
js
rich
text
content
self
next
push
1
7
div
null
children
lf
null
component
name
dynamic
hero
children
10
null
typename
asset
image
data
typename
asset
image
sys
id
vzm
fb
ypt
xcm
3
kco
alt
text
photo
collage
of
two
images
students
in
lab
on
the
left
and
students
outdoors
next
to
creek
on
the
right
file
url
https://images.ctfassets.net/ni9rh5nu0d99/CgGXKRnnbouEwlx2uEOYp/dc11f97a8878ffa7a2822a503ceda436/undergraduate-admission-hero.jpg
width
height
null
lf
null
component
name
breadcrumbs
children
11
null
extra
sx
py
4
children
12
null
data
items
sys
id
1
ar
9
vfp
tc
9
akg
5
ws
qen
type
reference
label
academics
url
null
email
null
reference
collection
items
typename
page
flexible
layout
slug
academics
sys
id
7
df
xau
vb
iu
wkcl
type
reference
label
undergraduate
academics
url
null
email
null
reference
collection
items
typename
page
flexible
layout
slug
academics
undergraduate
extra
sx
mb
0
null
null
13
null
extra
sx
undefined
class
name
section
page
title
children
11
null
children
14
null
children
15
null
extra
sx
grid
column
gap
8
display
grid
children
16
null
tag
1
color
nittany
navy
variant
48
children
undergraduate
academics
13
null
id
undefined
extra
sx
section
page
title
padding
top
0
children
11
null
children
14
null
children
15
null
extra
sx
grid
column
gap
8
display
grid
children
lf
null
component
name
main
content
children
17
null
hoc
id
main
content
rich
text
raw
data
content
data
content
data
marks
value
what
will
you
become
node
type
text
node
type
heading
2
data
content
data
marks
value
penn
staters
have
gone
on
to
become
many
thingsfrom
os
to
astronauts
to
broadway
stars
your
undergraduate
degree
is
the
first
step
in
pursuing
your
passions
and
with
more
than
majors
minors
undergraduate
certificates
and
20
two
year
associate
degrees
to
choose
from
you
have
plenty
of
options
as
you
start
your
journey
node
type
text
node
type
paragraph
node
type
document
18
self
next
push
1
meta
0
name
viewport
content
width
device
width
initial
scale
1
meta
1
char
set
utf
8
title
2
children
penn
state
undergraduate
degrees
bachelor
degrees
majors
penn
state
meta
3
name
description
content
with
more
than
majors
minors
undergraduate
certificates
and
20
two
year
associate
degrees
to
choose
from
penn
state
provides
many
paths
meta
4
name
robots
content
all
meta
5
property
og
title
content
penn
state
undergraduate
degrees
bachelor
degrees
majors
meta
6
property
og
description
content
with
more
than
majors
minors
undergraduate
certificates
and
20
two
year
associate
degrees
to
choose
from
penn
state
provides
many
paths
meta
7
property
og
type
content
website
meta
8
name
twitter
card
content
summary
meta
9
name
twitter
title
content
penn
state
undergraduate
degrees
bachelor
degrees
majors
meta
10
name
twitter
description
content
with
more
than
majors
minors
undergraduate
certificates
and
20
two
year
associate
degrees
to
choose
from
penn
state
provides
many
paths
link
11
rel
icon
href
favicon
ico
type
image
icon
sizes
6
null
self
next
push
1
19
44
static
chunks
cff
7
2
ea
js
static
chunks
0
eb
dbeb
0
js
static
chunks
js
static
chunks
js
static
chunks
abe
24
js
static
chunks
ab
dbca
js
static
chunks
acdf
2
js
static
chunks
dd
js
static
chunks
app
5
5
slug
5
5
page
11
js
tile
collection
ctf
client
1
44
static
chunks
cff
7
2
ea
js
static
chunks
0
eb
dbeb
0
js
static
chunks
js
static
chunks
js
static
chunks
abe
24
js
static
chunks
ab
dbca
js
static
chunks
acdf
2
js
static
chunks
dd
js
static
chunks
app
5
5
slug
5
5
page
11
js
image
text
overlap
ctf
client
self
next
push
1
18
div
null
class
name
page
page
flexible
children
15
null
class
name
content
container
extra
sx
undefined
children
lf
null
component
name
component
tile
collection
children
19
null
data
typename
component
tile
collection
sys
id
om
7
kf
5
sup
ib
6
ua
intro
description
null
anchor
id
untitled
entry
18
at
11
intro
heading
null
links
collection
items
content
collection
items
typename
item
fact
highlight
heading
4
year
body
degrees
offered
at
all
twenty
campus
locations
citation
null
typename
item
fact
highlight
heading
11
body
course
offerings
citation
null
typename
item
fact
highlight
heading
body
student
clubs
and
organizations
citation
null
current
page
id
6
bzw
8
jmvz
2
op
6
mgw
lf
null
component
name
component
image
text
overlap
banner
children
1
null
data
typename
component
image
text
overlap
banner
sys
id
1
tl
1
xs
nf
3
ks
gvy
intro
description
null
anchor
id
untitled
entry
18
at
05
intro
heading
null
background
color
white
media
collection
items
alt
text
photo
of
student
at
commencement
ceremony
file
url
https://images.ctfassets.net/ni9rh5nu0d99/5gIakNoWyj14yv3vgsokkF/bab55438cf8ffcc959159b1d3f22f15e/commencement-2022.jpg
content
collection
items
description
json
node
type
document
data
content
node
type
paragraph
data
content
node
type
text
value
explore
bachelor
and
associate
degrees
courses
and
certificates
offered
across
penn
state
to
see
full
listing
of
programs
visit
our
majors
page
marks
data
heading
search
academic
offerings
subheading
null
link
collection
items
sys
id
64
bm
35
ja
7
utw
82
type
reference
label
explore
majors
url
null
email
null
reference
collection
items
typename
page
listing
slug
academics
undergraduate
majors
current
page
id
6
bzw
8
jmvz
2
op
6
mgw
lf
null
component
name
component
card
collection
children
1
false
self
next
push
1
1
44
static
chunks
cff
7
2
ea
js
static
chunks
0
eb
dbeb
0
js
static
chunks
js
static
chunks
js
static
chunks
abe
24
js
static
chunks
ab
dbca
js
static
chunks
acdf
2
js
static
chunks
dd
js
static
chunks
app
5
5
slug
5
5
page
11
js
card
group
ctf
client
self
next
push
1
1
1
null
data
typename
component
card
collection
sys
id
2
nl
omjpn
8
bgm
hsy
intro
description
json
data
content
data
content
data
marks
value
start
your
experience
at
one
of
penn
states
twenty
undergraduate
campus
locations
or
through
the
online
world
campus
learn
more
about
colleges
campuses
requirements
student
experiences
and
how
to
visit
or
apply
node
type
text
node
type
paragraph
node
type
document
anchor
id
take
the
first
step
intro
heading
take
the
first
step
background
color
white
links
collection
items
content
collection
items
typename
item
image
card
sys
id
7
rh
zgc
13
gpti
pf
description
null
heading
undergraduate
admissions
hide
cta
link
true
link
collection
items
sys
id
3
lbmby
kw
axspc
gaunk
7
mu
4
type
reference
label
undergraduate
admission
url
null
email
null
reference
collection
items
typename
page
flexible
layout
slug
admission
undergraduate
image
collection
items
sys
id
24
yijld
07
sn
alt
text
photo
of
students
with
laptops
sitting
at
table
file
url
https://images.ctfassets.net/ni9rh5nu0d99/4zdwH9gaWa8J9YHByekM4R/732a87bc2764e1d7337544b7cfa02933/undergraduate-admissions.jpg
width
height
typename
item
image
card
sys
id
jtk
hu
44
jc
0
8
description
null
heading
colleges
hide
cta
link
true
link
collection
items
sys
id
2
zx
5
dj
nzde
4
tb
lljc
7
type
reference
label
colleges
url
null
email
null
reference
collection
items
typename
page
flexible
layout
slug
academics
colleges
image
collection
items
sys
id
42
al
3
4
fr
vaj
tg
yw
alt
text
photo
of
the
westgate
building
on
sunny
day
with
students
walking
past
file
url
https://images.ctfassets.net/ni9rh5nu0d99/4KXNBRkmP7ROKSKIJ5GiNR/e0248d481f97fafbc8484b80b031b894/colleges-penn-state.jpg
width
height
typename
item
image
card
sys
id
5
rm
evq
ld
ahgu
2
uu
description
null
heading
campuses
hide
cta
link
true
link
collection
items
sys
id
bg
vv
ce
mkk
jx
type
reference
label
campuses
url
null
email
null
reference
collection
items
typename
page
listing
slug
academics
campuses
image
collection
items
sys
id
aiyu
de
6
6
4
zu
alt
text
photo
of
students
walking
on
campus
file
url
https://images.ctfassets.net/ni9rh5nu0d99/5YBZUMpMD7UH2AzkF57QXE/6b0e9a3d2f27aa057d6562b2dc8dcd1f/campuses-penn-state.jpg
width
height
current
page
id
6
bzw
8
jmvz
2
op
6
mgw
self
next
push
1
1
static
chunks
0
eb
dbeb
0
js
static
chunks
js
static
chunks
js
static
chunks
abe
24
js
static
chunks
cb
66
js
static
chunks
acdf
2
js
static
chunks
dd
js
static
chunks
app
layout
3
dd
cd
1
js
data
layer
tracking
script
1
static
chunks
0
eb
dbeb
0
js
static
chunks
js
static
chunks
js
static
chunks
abe
24
js
static
chunks
cb
66
js
static
chunks
acdf
2
js
static
chunks
dd
js
static
chunks
app
layout
3
dd
cd
1
js
progress
bar
1
static
chunks
0
eb
dbeb
0
js
static
chunks
js
static
chunks
js
static
chunks
abe
24
js
static
chunks
cb
66
js
static
chunks
acdf
2
js
static
chunks
dd
js
static
chunks
app
layout
3
dd
cd
1
js
flex
theme
registry
20
static
chunks
0
eb
dbeb
0
js
static
chunks
js
static
chunks
js
static
chunks
abe
24
js
static
chunks
cb
66
js
static
chunks
acdf
2
js
static
chunks
dd
js
static
chunks
app
layout
3
dd
cd
1
js
contentful
preview
provider
21
static
chunks
0
eb
dbeb
0
js
static
chunks
js
static
chunks
js
static
chunks
abe
24
js
static
chunks
cb
66
js
static
chunks
acdf
2
js
static
chunks
dd
js
static
chunks
app
layout
3
dd
cd
1
js
default
22
self
next
push
1
static
chunks
0
eb
dbeb
0
js
static
chunks
js
static
chunks
js
static
chunks
abe
24
js
static
chunks
cb
66
js
static
chunks
acdf
2
js
static
chunks
dd
js
static
chunks
app
layout
3
dd
cd
1
js
alert
banner
23
static
chunks
0
eb
dbeb
0
js
static
chunks
js
static
chunks
js
static
chunks
abe
24
js
static
chunks
cb
66
js
static
chunks
acdf
2
js
static
chunks
dd
js
static
chunks
app
layout
3
dd
cd
1
js
brand
bar
24
static
chunks
0
eb
dbeb
0
js
static
chunks
js
static
chunks
js
static
chunks
abe
24
js
static
chunks
cb
66
js
static
chunks
acdf
2
js
static
chunks
dd
js
static
chunks
app
layout
3
dd
cd
1
js
header
25
static
chunks
0
eb
dbeb
0
js
static
chunks
js
static
chunks
acdf
2
js
static
chunks
app
not
found
fd
ad
js
error
26
static
chunks
0
eb
dbeb
0
js
static
chunks
js
static
chunks
js
static
chunks
abe
24
js
static
chunks
cb
66
js
static
chunks
acdf
2
js
static
chunks
dd
js
static
chunks
app
layout
3
dd
cd
1
js
footer
ctf
client
27
static
chunks
0
eb
dbeb
0
js
static
chunks
js
static
chunks
js
static
chunks
abe
24
js
static
chunks
self
next
push
1
7
cb
66
js
static
chunks
acdf
2
js
static
chunks
dd
js
static
chunks
app
layout
3
dd
cd
1
js
brand
footer
self
next
push
1
html
null
lang
en
children
head
null
children
link
null
href
https://fonts.googleapis.com/css2
family
open
sans
family
roboto
condensed
wght
family
roboto
slab
wght
family
roboto
wght
display
swap
rel
stylesheet
1
null
script
null
type
application
ld
json
dangerously
set
inner
html
context
https://schema.org
type
college
or
university
name
the
pennsylvania
state
university
alternate
name
penn
state
university
url
https://www.psu.edu/
logo
https://www.psu.edu/psu-edu-assets/images/shared/psu-mark.svg
address
type
postal
address
address
locality
university
park
address
region
postal
code
street
address
old
main
description
penn
state
the
pennsylvania
state
university
email
admissions
psu
edu
fax
number
telephone
same
as
https://www.facebook.com/pennstate
https://twitter.com/penn_state
https://www.instagram.com/pennstate/
https://www.linkedin.com/school/penn-state-university/
https://www.youtube.com/pennstate
body
null
children
1
null
1
null
children
20
null
is
draft
mode
false
children
21
null
children
null
22
null
data
23
null
flyout
helpful
links
heading
helpful
links
flyout
helpful
links
items
label
find
campus
email
null
url
academics
campuses
type
external
reference
collection
items
label
maps
email
null
url
maps
type
external
reference
collection
items
label
careers
email
null
url
https://hr.psu.edu/careers
type
external
reference
collection
items
label
directory
email
null
url
https://directory.psu.edu
type
external
reference
collection
items
label
academic
calendar
email
null
url
https://www.registrar.psu.edu/academic-calendars
type
external
reference
collection
items
flyout
information
links
heading
find
information
for
flyout
information
links
items
label
visitors
email
null
url
visitors
type
external
reference
collection
items
label
prospective
students
email
null
url
prospective
students
type
external
reference
collection
items
label
current
students
email
null
url
current
students
type
external
reference
collection
items
label
faculty
and
staff
email
null
url
faculty
and
staff
type
external
reference
collection
items
label
business
and
industry
email
null
url
business
and
industry
type
external
reference
collection
items
label
veterans
and
military
email
null
url
https://veterans.psu.edu
type
external
reference
collection
items
label
alumni
email
null
url
https://www.alumni.psu.edu
type
external
reference
collection
items
label
media
email
null
url
https://media.psu.edu
type
external
reference
collection
items
brand
bar
heading
penn
state
university
cta
items
label
give
email
null
url
https://raise.psu.edu
type
external
reference
collection
items
label
apply
email
null
url
admission
type
external
reference
collection
items
label
report
concern
email
null
url
https://universityethics.psu.edu/reporting-at-penn-state
type
external
reference
collection
items
24
null
conditional
cta
key
map
admission
undergraduate
label
visit
email
null
url
admission
undergraduate
explore
visit
penn
state
type
reference
collection
items
label
apply
email
null
url
admission
undergraduate
how
to
apply
type
reference
collection
items
costs
aid
label
lion
login
email
null
url
https://lionpathsupport.psu.edu/
type
reference
collection
items
navigation
collection
label
academics
email
null
url
academics
type
top
level
with
subs
reference
collection
items
administrative
title
academics
col
1
heading
null
link
content
collection
items
label
undergraduate
type
heading
link
url
academics
undergraduate
email
null
label
majors
type
external
url
academics
undergraduate
majors
email
null
label
honors
programs
type
external
url
academics
undergraduate
honors
programs
email
null
label
online
learning
type
external
url
academics
undergraduate
online
learning
email
null
administrative
title
academics
col
2
heading
null
link
content
collection
items
label
graduate
and
professional
studies
type
heading
link
url
academics
graduate
email
null
label
graduate
programs
type
external
url
https://bulletins.psu.edu/graduate
email
null
label
penn
state
law
type
external
url
https://pennstatelaw.psu.edu/academics
email
null
label
dickinson
law
type
external
url
https://dickinsonlaw.psu.edu
email
null
label
college
of
medicine
type
external
url
https://med.psu.edu/education-admissions
email
null
administrative
title
academics
col
3
heading
null
link
content
collection
items
label
online
degrees
type
heading
link
url
https://www.worldcampus.psu.edu
email
null
label
academic
colleges
type
heading
link
url
academics
colleges
email
null
label
campus
locations
type
heading
link
url
academics
campuses
email
null
administrative
title
academics
col
4
heading
null
link
content
collection
items
label
global
education
type
heading
link
url
https://global.psu.edu
email
null
label
academic
calendar
type
heading
link
url
https://www.registrar.psu.edu/academic-calendars
email
null
label
admissions
email
null
url
admission
type
top
level
with
subs
reference
collection
items
administrative
title
admission
col
1
heading
null
link
content
collection
items
label
explore
penn
state
type
heading
link
url
admission
undergraduate
explore
email
null
label
undergraduate
campuses
type
external
url
admission
undergraduate
explore
campuses
email
null
label
residence
life
type
external
url
admission
undergraduate
explore
residence
life
email
null
label
clubs
and
organizations
type
external
url
admission
undergraduate
explore
clubs
organizations
email
null
label
athletics
type
external
url
admission
undergraduate
explore
athletics
recreation
email
null
label
well
being
and
safety
type
external
url
admission
undergraduate
explore
well
being
safety
email
null
label
diversity
and
belonging
type
external
url
admission
undergraduate
explore
diversity
belonging
email
null
administrative
title
admission
col
2
heading
null
link
content
collection
items
label
undergraduate
type
heading
link
url
admission
undergraduate
email
null
label
academic
credit
type
external
url
admission
undergraduate
credit
email
null
label
resources
and
type
external
url
resources
email
null
label
how
to
apply
type
external
url
admission
undergraduate
how
to
apply
email
null
label
contact
type
external
url
admission
undergraduate
contact
email
null
label
visit
type
external
url
admission
undergraduate
explore
visit
penn
state
email
null
administrative
title
admission
col
3
heading
null
link
content
collection
items
label
graduate
type
heading
link
url
admission
graduate
email
null
label
how
to
apply
type
external
url
https://gradschool.psu.edu/admissions/how-to-apply
email
null
label
programs
type
external
url
https://bulletins.psu.edu/graduate
email
null
label
continuing
education
type
heading
link
url
admission
continuing
email
null
label
programs
type
external
url
https://continuinged.psu.edu/explore-programs
email
null
administrative
title
admission
col
4
heading
null
link
content
collection
items
label
professional
schools
type
heading
link
url
admission
prof
email
null
label
penn
state
law
type
external
url
https://pennstatelaw.psu.edu/admissions
email
null
label
dickinson
law
type
external
url
https://dickinsonlaw.psu.edu/jd-admissions
email
null
label
college
of
medicine
type
external
url
https://med.psu.edu/education-admissions
email
null
label
online
type
heading
link
url
https://www.worldcampus.psu.edu
email
null
label
costs
aid
email
null
url
costs
aid
type
top
level
with
subs
reference
collection
items
administrative
title
cost
aid
col
1
heading
null
link
content
collection
items
label
how
aid
works
type
heading
link
url
costs
aid
how
aid
works
email
null
label
types
of
aid
type
heading
link
url
costs
aid
types
of
aid
email
null
label
scholarships
type
external
url
costs
aid
types
of
aid
scholarships
email
null
label
grants
type
external
url
costs
aid
types
of
aid
grants
email
null
label
student
employment
type
external
url
costs
aid
types
of
aid
student
employment
email
null
label
federal
work
study
type
external
url
costs
aid
types
of
aid
federal
work
study
email
null
label
loans
type
external
url
costs
aid
types
of
aid
loans
email
null
administrative
title
cost
aid
col
2
heading
null
link
content
collection
items
label
apply
for
aid
type
heading
link
url
costs
aid
apply
for
aid
email
null
label
prospective
students
type
external
url
costs
aid
apply
for
aid
prospective
students
email
null
label
current
students
type
external
url
costs
aid
apply
for
aid
current
students
email
null
label
transfer
students
type
external
url
costs
aid
apply
for
aid
transfer
students
email
null
label
military
and
veteran
students
type
external
url
costs
aid
apply
for
aid
military
and
veteran
students
email
null
label
graduate
and
professional
students
type
external
url
costs
aid
apply
for
aid
graduate
professional
students
email
null
administrative
title
costs
aid
col
3
heading
null
link
content
collection
items
label
managing
your
aid
type
heading
link
url
costs
aid
managing
aid
email
null
label
understanding
your
offer
type
external
url
costs
aid
managing
aid
understanding
your
offer
email
null
label
paying
your
bill
type
external
url
costs
aid
managing
aid
paying
your
bill
email
null
label
why
aid
is
on
hold
type
external
url
costs
aid
managing
aid
why
aid
is
on
hold
email
null
label
special
or
unusual
circumstances
type
external
url
costs
aid
managing
aid
special
circumstances
email
null
label
accepting
or
declining
aid
type
external
url
costs
aid
managing
aid
accepting
or
declining
aid
email
null
administrative
title
costs
aid
col
4
heading
null
link
content
collection
items
label
cost
of
attendance
type
heading
link
url
costs
aid
costs
of
attendance
email
null
label
resources
and
type
heading
link
url
resources
faq
email
null
label
contact
type
heading
link
url
costs
aid
contact
email
null
label
research
email
null
url
research
type
top
level
reference
collection
items
label
athletics
email
null
url
https://gopsusports.com/
type
top
level
reference
collection
items
label
news
email
null
url
https://www.psu.edu/news
type
top
level
with
subs
reference
collection
items
administrative
title
news
spacer
heading
null
link
content
collection
items
administrative
title
news
col
2
heading
null
link
content
collection
items
label
latest
news
type
heading
link
url
news
latest
news
email
null
label
academics
type
heading
link
url
news
academics
email
null
label
our
research
type
heading
link
url
news
research
email
null
label
campus
life
type
heading
link
url
news
campus
life
email
null
administrative
title
news
col
3
heading
null
link
content
collection
items
label
athletics
type
heading
link
url
news
athletics
email
null
label
administration
type
heading
link
url
news
administration
email
null
label
arts
and
entertainment
type
heading
link
url
news
arts
and
entertainment
email
null
label
college
and
campus
news
type
heading
link
url
news
penn
state
college
and
campus
news
email
null
label
about
email
null
url
about
type
top
level
with
subs
reference
collection
items
administrative
title
about
col
1
heading
null
link
content
collection
items
label
mission
and
values
type
heading
link
url
about
mission
and
values
email
null
label
history
type
heading
link
url
about
history
email
null
label
traditions
type
external
url
about
traditions
email
null
label
nittany
lion
shrine
type
external
url
about
nittany
lion
shrine
email
null
administrative
title
about
col
2
heading
null
link
content
collection
items
label
facts
and
rankings
type
heading
link
url
about
facts
and
rankings
email
null
label
belonging
type
heading
link
url
about
belonging
email
null
administrative
title
about
col
3
heading
null
link
content
collection
items
label
leadership
type
heading
link
url
about
leadership
email
null
label
board
of
trustees
type
external
url
https://trustees.psu.edu
email
null
label
president
office
type
external
url
president
email
null
label
university
faculty
senate
type
external
url
https://senate.psu.edu
email
null
label
health
care
type
heading
link
url
healthcare
email
null
administrative
title
about
col
4
heading
null
link
content
collection
items
label
our
impact
type
heading
link
url
our
impact
email
null
label
stories
of
impact
type
external
url
impact
email
null
cta
buttons
collection
tier
one
mark
url
https://images.ctfassets.net/p7x3ai5plaz1/1wVBvFkhF0ArrdaMlzLiCi/125b0659267cacef241e88b5517a51eb/logotype.svg
tier
two
entity
null
main
null
children
null
id
main
content
tab
index
1
8
null
parallel
router
key
children
segment
path
children
error
undefined
error
styles
undefined
error
scripts
undefined
template
la
null
template
styles
undefined
template
scripts
undefined
not
found
25
null
not
found
styles
styles
null
26
null
data
typename
item
site
footer
sys
id
4
ebm
9
dq
yc
4
bn
ed
fr
6
address
json
data
content
data
content
data
marks
value
the
pennsylvania
state
university
node
type
text
data
marks
value
old
main
node
type
text
data
marks
value
university
park
node
type
text
node
type
paragraph
node
type
document
phone
fax
null
email
null
social
links
collection
items
sys
id
5
vtha
tn
0
ne
8
zq
0
sx
yl
url
https://www.instagram.com/pennstate/
social
platform
instagram
sys
id
75
wi
7
qr
4
igv
zrs
nyig
ri
url
https://www.facebook.com/pennstate/
social
platform
facebook
sys
id
5
jifkb
mou
khvz
mt
url
https://www.linkedin.com/school/penn-state-university/
social
platform
linked
in
sys
id
3
wfa
dr
xg
dz
ebm
rjb
2
url
https://www.youtube.com/
pennstate
social
platform
you
tube
sys
id
3
syn
jd
9
fis
19
ato
cs
11
url
https://www.tiktok.com/
pennstate
social
platform
tik
tok
links
collection
items
sys
id
seg
fq
hy
df
7
nvku
yry
heading
explore
content
collection
items
typename
link
link
sys
id
6
mhv
3
7
csvt
tgo
type
external
label
news
url
https://www.psu.edu/news/
email
null
reference
collection
items
typename
link
link
sys
id
1
bb
hf
tjda
lag
9
type
external
label
careers
url
https://hr.psu.edu/careers
email
null
reference
collection
items
typename
link
link
sys
id
1
uhdd
gv
65
jc
sy
id
zew
type
reference
label
colleges
url
null
email
null
reference
collection
items
typename
page
flexible
layout
slug
academics
colleges
typename
link
link
sys
id
mp
79
pk
ayx
9
yn
type
reference
label
campuses
url
null
email
null
reference
collection
items
typename
page
listing
slug
academics
campuses
typename
link
link
sys
id
3
cz
vfa
9
nzo
0
eoeu
zigey
type
reference
label
contact
us
url
null
email
null
reference
collection
items
typename
page
flexible
layout
slug
contact
us
sys
id
61
jts
2
ok
uz
3
ah
hk
co
heading
student
support
content
collection
items
typename
link
link
sys
id
25
qfvsxak
wx
6
uw
cb
type
external
label
registrar
url
http://www.registrar.psu.edu/
email
null
reference
collection
items
typename
link
link
sys
id
2
cs
sk
9
fa
type
external
label
bursar
url
http://www.bursar.psu.edu/
email
null
reference
collection
items
typename
link
link
sys
id
54
fw
ro
5
nmt
64
type
external
label
student
affairs
url
https://studentaffairs.psu.edu/
email
null
reference
collection
items
typename
link
link
sys
id
aiu
0
cif
af
gj
cy
qp
type
external
label
housing
and
food
services
url
https://liveon.psu.edu/
email
null
reference
collection
items
sys
id
tt
qc
9
xi
de
aw
heading
quick
links
content
collection
items
typename
link
link
sys
id
4
oe
lc
afu
8
hn
znz
5
rwj
type
reference
label
maps
url
null
email
null
reference
collection
items
typename
page
flexible
layout
slug
maps
typename
link
link
sys
id
jq
5
nvv
49
it
2
ut
type
external
label
directory
url
https://www.psu.edu/search/directories
email
null
reference
collection
items
typename
link
link
sys
id
3
mb
ipwa
gpih
ps
3
type
external
label
libraries
url
https://libraries.psu.edu/
email
null
reference
collection
items
typename
link
link
sys
id
7
jk
2
hay
1
dyr
0
nj
type
external
label
academic
calendar
url
https://www.registrar.psu.edu/academic-calendars/
email
null
reference
collection
items
typename
link
link
sys
id
6
gw
ih
lu
ah
mb
yq
gg
type
external
label
lion
url
https://lionpathsupport.psu.edu/
email
null
reference
collection
items
sys
id
14
soo
om
heading
resources
content
collection
items
typename
link
link
sys
id
6
wn
2
tnjip
6
type
reference
label
prospective
students
url
null
email
null
reference
collection
items
typename
page
flexible
layout
slug
prospective
students
typename
link
link
sys
id
1
ah
6
fo
51
3
ks
1
qn
type
reference
label
current
students
url
null
email
null
reference
collection
items
typename
page
flexible
layout
slug
current
students
typename
link
link
sys
id
5
dllw
8
ht
9
xe
2
nb
9
type
external
label
international
students
url
https://global.psu.edu/
email
null
reference
collection
items
typename
link
link
sys
id
7
3
ox
xvs
6
chv
type
reference
label
business
and
industry
url
null
email
null
reference
collection
items
typename
page
flexible
layout
slug
business
and
industry
typename
link
link
sys
id
3
gu
5
dl
2
2
yn
type
external
label
veterans
and
military
url
https://veterans.psu.edu/
email
null
reference
collection
items
typename
link
link
sys
id
6
wmi
tg
rxt
ir
brd
7
type
reference
label
visitors
url
null
email
null
reference
collection
items
typename
page
flexible
layout
slug
visitors
typename
link
link
sys
id
3
sse
ck
vva
zyr
ae
type
reference
label
faculty
and
staff
url
null
email
null
reference
collection
items
typename
page
flexible
layout
slug
faculty
and
staff
typename
link
link
sys
id
7
xs
1
ibz
thq
do
21
ge
0
yt
8
type
external
label
alumni
url
https://www.alumni.psu.edu/
email
null
reference
collection
items
typename
link
link
sys
id
25
qi
9
cc
sxq
la
gz
hvza
type
external
label
media
url
https://media.psu.edu/
email
null
reference
collection
items
sys
id
3
bxu
5
wp
qkw
xq
heading
stay
connected
content
collection
items
typename
link
link
sys
id
2
drw
0
is
ic
rf
fi
4
ba
zf
type
external
label
emails
headlines
url
https://headlines.psu.edu/
email
null
reference
collection
items
typename
link
link
sys
id
4
lk
fj
68
nd
kr
in
lv
oy
type
external
label
emergency
notifications
url
https://psualert.psu.edu/
email
null
reference
collection
items
typename
link
link
sys
id
2
zkxca
6
rn
qfrh
7
bxh
mjf
0
type
external
label
penn
state
go
url
https://mobile.psu.edu/
email
null
reference
collection
items
typename
link
link
sys
id
5
kzms
sedk
90
ttw
by
type
external
label
strategic
communications
url
https://strategiccommunications.psu.edu/
email
null
reference
collection
items
typename
link
link
sys
id
4
caw
je
mmt
rd
4
oj
8
type
external
label
report
misconduct
url
https://universityethics.psu.edu/reporting-at-penn-state
email
null
reference
collection
items
typename
link
link
sys
id
4
xrd
dm
jv
xc
8
type
external
label
police
url
https://www.police.psu.edu/
email
null
reference
collection
items
27
null
link
items
collection
label
privacy
statements
email
null
url
web
privacy
statement
type
external
reference
collection
items
label
non
discrimination
email
null
url
https://policy.psu.edu/policies/ad85
type
external
reference
collection
items
label
accessibility
email
null
url
accessibilitystatement
type
external
reference
collection
items
label
equal
opportunity
email
null
url
https://policy.psu.edu/policies/hr11
type
external
reference
collection
items
label
legal
statements
email
null
url
legal
statements
type
external
reference
collection
items
