html
meta
http
equiv
content
type
content
text
html
charset
8
function
push
gtm
start
new
date
get
time
event
gtm
js
var
get
elements
by
tag
name
0
create
element
dl
data
layer
async
true
src
https://www.googletagmanager.com/gtm.js
id
dl
parent
node
insert
before
window
document
script
data
layer
main
content
section
landing
page
1
font
size
calc
rem
9
vw
funnel
2
font
size
calc
1
rem
9
vw
white
space
initial
display
inherit
text
transform
initial
margin
bottom
10
px
meta
charset
utf
8
meta
content
edge
http
equiv
compatible
meta
content
width
device
width
initial
scale
1
shrink
to
fit
no
name
viewport
about
university
of
arkansas
script
async
async
src
https://www.google-analytics.com/analytics.js
