html
html
lang
en
dir
ltr
prefix
content
http://purl.org/rss/1.0/modules/content/
dc
http://purl.org/dc/terms/
foaf
http://xmlns.com/foaf/0.1/
og
http://ogp.me/ns
rdfs
http://www.w3.org/2000/01/rdf-schema
schema
http://schema.org/
sioc
http://rdfs.org/sioc/ns
sioct
http://rdfs.org/sioc/types
skos
http://www.w3.org/2004/02/skos/core
xsd
http://www.w3.org/2001/XMLSchema
meta
charset
utf
8
script
async
src
https://www.googletagmanager.com/gtag/js
id
window
data
layer
window
data
layer
function
gtag
data
layer
push
arguments
gtag
js
new
date
gtag
set
developer
id
dhk
true
gtag
config
groups
default
anonymize
ip
true
page
placeholder
page
path
allow
ad
personalization
signals
false
gtag
config
1
groups
default
page
placeholder
page
location
allow
ad
personalization
signals
false
link
rel
shortlink
href
https://www3.research.ucla.edu/
link
rel
canonical
href
https://www3.research.ucla.edu/
meta
name
generator
content
drupal
10
https://www.drupal.org
meta
name
mobile
optimized
content
width
meta
name
handheld
friendly
content
true
meta
name
viewport
content
width
device
width
initial
scale
meta
http
equiv
compatible
content
edge
chrome
1
meta
http
equiv
apple
mobile
web
app
capable
content
yes
link
rel
icon
href
themes
custom
siteden
surface
favicon
ico
type
image
vnd
microsoft
icon
home
research
amp
creative
activities
link
rel
stylesheet
media
all
href
sites
default
files
css
css
cuk
6
2
wtk
uc
2
gfuy
wqh
2
bfo
cwq
xj
vmk
css
delta
0
amp
language
en
amp
theme
siteden
surface
amp
include
jxl
9
fu
ay
0
el
au
5
6
sa
1
ic
gy
xd
yp
vxc
ik
8
ipc
ep
ue
wn
ij
dst
gm
20
cms
xf
ge
lzoh
fy
2
xh
xf
9
ez
opn
mjhw
jm
8
vn
mo
dz
2
ck
vb
bu
evevt
4
9
an
bke
delp
ib
vswn
scnem
twu
67
om
ic
fy
1
2
53
7
tm
dp
6
gyod
2
oz
bequ
me
2
0
ah
6
hdtby
6
noom
os
link
rel
stylesheet
media
all
href
https://fonts.googleapis.com/icon
family
material
icons
link
rel
stylesheet
media
all
href
sites
default
files
css
css
gw
rcto
6
cbe
6
kd
it
4
3
jd
so
ws
4
css
delta
2
amp
language
en
amp
theme
siteden
surface
amp
include
jxl
9
fu
ay
0
el
au
5
6
sa
1
ic
gy
xd
yp
vxc
ik
8
ipc
ep
ue
wn
ij
dst
gm
20
cms
xf
ge
lzoh
fy
2
xh
xf
9
ez
opn
mjhw
jm
8
vn
mo
dz
2
ck
vb
bu
evevt
4
9
an
bke
delp
ib
vswn
scnem
twu
67
om
ic
fy
1
2
53
7
tm
dp
6
gyod
2
oz
bequ
me
2
0
ah
6
hdtby
6
noom
os
link
rel
stylesheet
media
all
href
sites
default
files
css
css
fm
hl
av
fi
wa
nw
ne
mqlrgmi
pa
nt
jx
4
css
delta
3
amp
language
en
amp
theme
siteden
surface
amp
include
jxl
9
fu
ay
0
el
au
5
6
sa
1
ic
gy
xd
yp
vxc
ik
8
ipc
ep
ue
wn
ij
dst
gm
20
cms
xf
ge
lzoh
fy
2
xh
xf
9
ez
opn
mjhw
jm
8
vn
mo
dz
2
ck
vb
bu
evevt
4
9
an
bke
delp
ib
vswn
scnem
twu
67
om
ic
fy
1
2
53
7
tm
dp
6
gyod
2
oz
bequ
me
2
0
ah
6
hdtby
6
noom
os
skip
to
main
content
href
https://www.ucla.edu/
img
class
header
logo
image
src
themes
custom
siteden
surface
assets
images
surface
images
logo
ucla
svg
alt
logo
href
title
home
rel
home
research
amp
creative
activities
main
navigation
href
about
vcr
about
research
href
about
vcr
data
drupal
link
system
path
node
vice
chancellor
href
about
campus
data
drupal
link
system
path
node
research
across
campus
href
about
org
data
drupal
link
system
path
node
research
amp
creative
activities
organization
href
about
stats
data
drupal
link
system
path
node
statistics
amp
news
href
articles
news
data
drupal
link
system
path
articles
news
campus
announcements
href
highlights
data
drupal
link
system
path
node
research
highlights
href
engage
engage
with
research
href
engage
find
ways
to
engage
href
entrepreneurship
data
drupal
link
system
path
node
entrepreneurship
href
libraries
data
drupal
link
system
path
node
libraries
href
resources
researcher
resources
href
students
student
research
href
initiatives
data
drupal
link
system
path
node
initiatives
href
initiatives
data
drupal
link
system
path
node
all
href
research
data
working
group
data
drupal
link
system
path
node
research
data
working
group
svg
role
img
aria
hidden
true
class
nav
primary
search
icon
width
18
px
height
18
px
view
box
version
xmlns
http://www.w3.org/2000/svg
xmlns
xlink
http://www.w3.org/1999/xlink
search
icon
form
region
navigation
class
search
bar
form
action
search
google
method
get
id
search
block
form
accept
charset
8
search
the
site
input
title
enter
the
terms
you
wish
to
search
for
data
drupal
selector
edit
keys
placeholder
search
required
required
class
search
bar
input
form
search
type
search
id
edit
keys
name
keys
value
size
15
maxlength
input
data
drupal
selector
edit
submit
class
btn
search
bar
submit
button
js
form
submit
form
submit
type
submit
id
edit
submit
value
search
article
about
home
class
node
node
type
sf
landing
node
view
mode
full
img
loading
lazy
src
sites
default
files
styles
sf
hero
banner
public
media
images
photo
20
collage
20
of
20
six
20
winners
20
of
20
the
20
27
public
20
impact
20
research
20
awards
jpg
6
ba
8
amp
itok
ht
1
cs
2
width
height
alt
public
impact
research
awards
spotlight
professors
uplifting
communities
in
nation
typeof
foaf
image
class
image
style
sf
hero
banner
public
impact
research
awards
spotlight
professors
uplifting
communities
in
nation
faculty
projects
range
from
protecting
incarcerated
people
to
advocacy
on
behalf
of
renters
and
support
for
people
with
substance
use
issues
href
https://newsroom.ucla.edu/stories/ucla-public-impact-research-awards-2024
class
banner
box
button
visit
the
newsroom
site
featured
stories
href
https://newsroom.ucla.edu/stories/10-faculty-projects-earn-chancellors-arts-initiative-grants
img
loading
lazy
src
sites
default
files
styles
sf
card
public
media
images
20
digital
20
illustration
20
of
20
20
black
20
joshua
20
tree
20
blurred
20
amid
20
pink
2
20
red
20
and
20
orange
20
color
20
bursts
png
3
amp
itok
8
3
hke
width
height
alt
digital
illustration
of
black
joshua
tree
blurred
amid
pink
red
and
orange
color
bursts
typeof
foaf
image
class
image
style
sf
card
10
faculty
projects
awarded
grants
through
chancellors
arts
initiative
projects
centered
on
joshua
trees
and
juneteenth
are
among
those
receiving
funding
through
the
program
which
fosters
arts
and
arts
related
scholarship
href
https://newsroom.ucla.edu/stories/10-faculty-projects-earn-chancellors-arts-initiative-grants
class
card
button
visit
the
newsroom
site
href
https://newsroom.ucla.edu/releases/ucla-fulbright-awardees-will-soon-depart-for-global-destinations
img
loading
lazy
src
sites
default
files
styles
sf
card
public
media
images
photo
20
collage
20
featuring
20
six
20
bruins
20
selected
20
for
20
the
20
fulbright
20
20
program
jpg
amp
itok
1
koyq
yn
width
height
alt
photo
collage
featuring
six
bruins
selected
for
the
fulbright
program
typeof
foaf
image
class
image
style
sf
card
fulbright
awardees
will
soon
depart
for
global
destinations
six
recent
graduates
and
one
faculty
member
will
conduct
research
and
promote
cultural
exchanges
href
https://newsroom.ucla.edu/releases/ucla-fulbright-awardees-will-soon-depart-for-global-destinations
class
card
button
visit
the
newsroom
site
href
https://newsroom.ucla.edu/releases/ucla-led-national-workshop-series-to-bridge-technological-innovation-culture-and-creativity
img
loading
lazy
src
sites
default
files
styles
sf
card
public
media
images
reflective
20
jpeg
amp
itok
5
pq
niot
width
height
alt
blue
and
yellow
reflective
surfaces
with
light
refractions
and
geometric
patterns
typeof
foaf
image
class
image
style
sf
card
led
national
workshop
series
to
bridge
technological
innovation
culture
and
creativity
gatherings
will
help
shape
national
conference
at
in
december
href
https://newsroom.ucla.edu/releases/ucla-led-national-workshop-series-to-bridge-technological-innovation-culture-and-creativity
class
card
button
visit
the
newsroom
site
href
https://newsroom.ucla.edu/stories/artist-justin-cm-brown-blends-sociology-research-connections-commencement-2024
img
loading
lazy
src
sites
default
files
styles
sf
card
public
media
images
justin
20
20
20
brown
png
6
ee
amp
itok
ya
lm
nrd
width
height
alt
justin
brown
typeof
foaf
image
class
image
style
sf
card
remember
to
stop
and
smell
the
data
justin
browns
career
change
blends
research
and
art
with
unique
look
at
westwoods
campus
href
https://newsroom.ucla.edu/stories/artist-justin-cm-brown-blends-sociology-research-connections-commencement-2024
class
card
button
visit
the
newsroom
site
href
https://newsroom.ucla.edu/stories/david-kim-receives-2024-gold-shield-faculty-prize
img
loading
lazy
src
sites
default
files
styles
sf
card
public
media
images
david
20
kim
20
head
and
20
shoulders
20
portrait
20
in
20
blue
20
blazer
20
with
20
trees
20
in
20
background
jpg
amp
itok
svbs
ry
width
height
alt
david
kim
head
and
shoulders
portrait
in
blue
blazer
with
trees
in
background
typeof
foaf
image
class
image
style
sf
card
professor
david
kim
receives
gold
shield
faculty
prize
the
annual
award
honors
mid
career
faculty
member
with
distinguished
record
of
teaching
research
and
service
href
https://newsroom.ucla.edu/stories/david-kim-receives-2024-gold-shield-faculty-prize
class
card
button
visit
the
newsroom
site
href
https://newsroom.ucla.edu/stories/profiles-undergraduate-research-week-2024
img
loading
lazy
src
sites
default
files
styles
sf
card
public
media
images
collage
20
of
20
six
20
students
20
participating
20
in
20
undergraduate
20
research
20
week
png
amp
itok
width
height
alt
collage
of
six
students
participating
in
undergraduate
research
week
typeof
foaf
image
class
image
style
sf
card
scientific
rigor
and
creativity
are
on
display
during
undergraduate
research
week
events
of
the
week
nbsp
showcase
students
brilliance
across
disciplines
meet
some
of
this
years
researchers
href
https://newsroom.ucla.edu/stories/profiles-undergraduate-research-week-2024
class
card
button
visit
the
newsroom
site
href
https://newsroom.ucla.edu/stories/Youstina-Labib-women-in-cardiology-commencement-2024
img
loading
lazy
src
sites
default
files
styles
sf
card
public
media
images
youstina
20
labib
20
graduation
png
6
ba
8
amp
itok
pn
width
height
alt
youstina
labib
graduation
typeof
foaf
image
class
image
style
sf
card
youstina
labib
graduation
youstina
labib
who
will
graduate
june
14
seeks
to
grow
much
needed
female
presence
in
cardiology
href
https://newsroom.ucla.edu/stories/Youstina-Labib-women-in-cardiology-commencement-2024
class
card
button
visit
the
newsroom
site
href
https://bri.ucla.edu/ucd-cns/
img
loading
lazy
src
sites
default
files
styles
sf
card
public
media
images
clear
20
skull
20
with
20
colorful
20
brain
20
on
20
display
jpg
amp
itok
fr
az
width
height
alt
clear
skull
with
colorful
brain
on
display
typeof
foaf
image
class
image
style
sf
card
the
dana
center
for
neuroscience
and
society
the
center
unites
scholars
from
various
disciplines
to
work
with
community
partners
and
organizations
in
south
to
re
imagine
the
relationship
between
neuroscience
and
the
public
href
https://bri.ucla.edu/ucd-cns/
class
card
button
visit
the
brain
research
institute
site
one
billion
dollars
thats
the
average
amount
has
received
to
fund
research
projects
each
year
since
research
and
creative
activities
have
generated
some
of
the
most
transformative
breakthroughs
in
modern
times
from
revolutionizing
medical
diagnostics
and
treatment
to
laying
the
framework
to
create
the
internet
or
reshaping
our
understanding
of
the
human
condition
research
impact
extends
around
the
globe
nbsp
as
one
of
the
worlds
nbsp
top
research
universities
nbsp
has
the
intellectual
capital
and
extensive
research
facilities
necessary
to
tackle
societys
most
challenging
issues
and
as
public
research
university
we
take
seriously
our
mission
to
develop
solutions
that
improve
the
quality
of
life
in
our
community
our
country
and
around
the
world
included
among
our
faculty
alumni
and
researchers
are
nbsp
14
nbsp
nobel
prize
winners
nbsp
13
faculty
mac
arthur
nbsp
fellows
fields
medalist
two
turing
award
winners
and
three
pulitzer
prize
winners
explore
our
site
to
learn
more
about
us
research
highlights
resources
for
researchers
how
to
engage
with
research
and
our
initiatives
img
loading
lazy
src
sites
default
files
media
images
website
homepage
stats
png
width
height
alt
stats
for
fiscal
year
and
typeof
foaf
image
organization
of
research
enterprise
experienced
teams
provide
support
services
to
enable
researchers
to
pursue
inquiries
and
discovery
learn
more
about
the
subsidiary
offices
that
help
to
administer
and
support
research
and
creative
activities
conducted
at
href
https://ora.research.ucla.edu/
class
focal
link
office
of
research
administration
href
https://www3.research.ucla.edu/reo
class
focal
link
research
enhancement
office
href
https://rpc.research.ucla.edu/
class
focal
link
research
policy
amp
compliance
href
https://tdg.ucla.edu/
class
focal
link
technology
development
group
research
in
the
newsroom
href
https://newsroom.ucla.edu/releases/ucla-receives-1-million-nsf-grant-to-accelerate-commercialization-of-quantum-technologies
target
blank
receives
1
million
grant
to
accelerate
commercialization
of
quantum
technologies
august
26
href
https://newsroom.ucla.edu/releases/japan-noto-earthquake-had-two-epicenters-ruptured-barrier
target
blank
two
epicenters
led
to
japans
violent
noto
earthquake
on
new
year
day
august
23
href
https://newsroom.ucla.edu/releases/ucla-study-tracks-former-president-donald-trumps-weaponization-of-words
target
blank
study
tracks
former
president
donald
trumps
weaponization
of
words
august
21
href
https://newsroom.ucla.edu/stories/novel-procedure-helps-treat-renowned-chefs-rare-eye-cancer
target
blank
novel
procedure
helps
treat
renowned
chefs
rare
eye
cancer
august
20
href
https://newsroom.ucla.edu/stories/ucla-vaccine-yearslong-impact-maui-man-terminal-brain-cancer
target
blank
12
years
after
terminal
prognosis
maui
attorney
gives
others
hope
august
14
class
btn
href
https://newsroom.ucla.edu/subscribe
subscribe
to
news
campus
announcements
article
about
news
nsf
corps
summer
info
session
class
view
mode
listing
href
news
nsf
corps
summer
info
session
corps
summer
info
session
article
about
news
delegation
patent
policy
exceptions
class
view
mode
listing
href
news
delegation
patent
policy
exceptions
delegation
patent
policy
exceptions
article
about
news
industry
funded
clinical
trials
overhead
rate
change
effective
oct
class
view
mode
listing
href
news
industry
funded
clinical
trials
overhead
rate
change
effective
oct
industry
funded
clinical
trials
overhead
rate
change
effective
oct
1
article
about
news
permanent
baseline
quotas
ucla
google
accounts
now
effect
class
view
mode
listing
href
news
permanent
baseline
quotas
ucla
google
accounts
now
effect
permanent
baseline
quotas
for
google
accounts
now
in
effect
article
about
news
alianzamx
open
funding
opportunities
class
view
mode
listing
href
news
alianzamx
open
funding
opportunities
alianza
open
funding
opportunities
href
articles
news
class
icon
link
icon
link
internal
view
all
class
link
img
href
img
alt
site
logo
src
https://www3.research.ucla.edu/sites/default/files/2020-11/Uxd_Wht_research.svg
ovcr
conet
ucla
edu
href
about
newsletter
subscribe
to
the
updates
newsletter
nbsp
href
announcements
campus
announcements
class
social
icon
href
https://www.facebook.com/UCLA/
facebook
href
https://www.instagram.com/ucla/
instagram
href
https://www.linkedin.com/school/ucla
linked
href
https://twitter.com/ucla
href
https://www.youtube.com/user/UCLA
youtube
href
https://www.tiktok.com/
ucla
lang
en
tik
tok
href
https://www.threads.net/
ucla
threads
copy
regents
of
the
class
copy
link
dark
href
http://www.universityofcalifornia.edu/
university
of
california
class
global
foot
legal
link
href
https://www.bso.ucla.edu/
emergency
class
global
foot
legal
link
href
https://www.ucla.edu/accessibility
accessibility
class
global
foot
legal
link
href
https://equity.ucla.edu/report-an-incident/
report
misconduct
class
global
foot
legal
link
href
https://www.ucla.edu/terms-of-use/
privacy
amp
terms
of
use
script
type
application
json
data
drupal
selector
drupal
settings
json
path
base
url
path
prefix
current
path
node
current
path
is
admin
false
is
front
true
current
language
en
plural
delimiter
suppress
deprecation
errors
true
google
analytics
account
track
outbound
true
track
mailto
true
track
tel
true
track
download
true
track
download
extensions
7
aac
arc
arj
asf
asx
avi
bin
csv
doc
dot
exe
flv
gif
gz
gzip
hqx
jar
jpe
js
mp
4
mov
ie
msi
msp
pdf
phps
png
ppt
pot
pps
ppam
sld
thmx
qtm
ra
sea
sit
tar
tgz
torrent
txt
wav
wma
wmv
wpd
xls
xlt
xlam
xml
zip
google
cx
uptubhcax
4
language
en
results
width
0
domain
www
3
research
ucla
edu
is
default
true
ajax
trusted
url
search
google
true
user
uid
0
permissions
hash
df
cb
de
41
fcc
3
ab
5
script
src
sites
default
files
js
js
zj
jf
9
yt
44
eau
04
et
aw
3
al
fg
0
qryc
gk
knkg
js
scope
footer
amp
delta
0
amp
language
en
amp
theme
siteden
surface
amp
include
jx
lz
89
pz
0
8
lz
kksy
uwu
9
apzix
un
niy
8
up
7
8
0
lsos
ck
ea
6
ga
0
