html
meta
charset
utf
8
meta
content
edge
http
equiv
compatible
meta
content
width
device
width
initial
scale
1
name
viewport
university
of
california
san
diego
meta
content
university
of
california
san
diego
name
meta
content
index
follow
noarchive
name
robots
meta
content
name
meta
content
university
of
california
san
diego
name
meta
content
the
university
california
san
diego
is
one
of
the
world
leading
public
research
universities
located
in
beautiful
la
jolla
california
name
link
href
favicon
ico
rel
icon
script
type
text
javascript
linkedin
data
partner
id
script
type
text
javascript
function
var
document
get
elements
by
tag
name
script
0
var
document
create
element
script
type
text
javascript
async
true
src
https://snap.licdn.com/li.lms-analytics/insight.min.js
parent
node
insert
before
img
height
1
width
1
style
display
none
alt
src
https://dc.ads.linkedin.com/collect/
pid
fmt
gif
