html
meta
http
equiv
content
type
content
text
html
charset
8
university
of
michigan
script
type
text
javascript
src
skins
um
scripts
skin
js
script
type
text
javascript
src
scripts
search
js
script
type
text
javascript
src
apis
umalerts
umalerts
js
function
function
var
content
document
content
window
document
if
var
create
element
script
inner
window
cv
params
92
cc
3
tcy
5
mx
4
aw
var
document
create
element
script
nonce
src
cdn
cgi
challenge
platform
scripts
jsd
main
js
document
get
elements
by
tag
name
head
0
append
child
get
elements
by
tag
name
head
0
append
child
if
document
body
var
document
create
element
iframe
height
1
width
1
style
position
absolute
style
top
0
style
left
0
style
border
none
style
visibility
hidden
document
body
append
child
if
loading
document
ready
state
else
if
window
add
event
listener
document
add
event
listener
content
loaded
else
var
document
onreadystatechange
function
document
onreadystatechange
function
loading
document
ready
state
document
onreadystatechange
