html
link
rel
profile
href
http://gmpg.org/xfn/11
var
script
params
google
search
engine
id
script
src
https://oacp.upenn.edu/wp-content/plugins/wp-google-search/assets/js/google_cse_v2.js
ver
1
id
google
cse
2
js
var
dlm
rtranslations
error
an
error
occurred
while
trying
to
download
the
file
please
try
again
not
found
download
does
not
exist
no
file
path
no
file
path
defined
no
file
paths
no
file
paths
defined
filetype
download
is
not
allowed
for
this
file
type
file
access
denied
access
denied
to
this
file
access
denied
access
denied
you
do
not
have
permission
to
download
this
file
security
error
something
is
wrong
with
the
file
path
file
not
found
file
not
found
const
dlm
xhr
links
class
download
link
download
button
prevent
duplicates
true
ajax
url
https
oacp
upenn
edu
wp
admin
admin
ajax
php
dlm
rinstance
const
dlm
global
links
https://oacp.upenn.edu/download-file/
const
dlm
non
global
links
dlm
rgif
https://oacp.upenn.edu/wp-includes/images/spinner.gif
const
dlm
progress
1
script
src
https://oacp.upenn.edu/wp-content/plugins/download-monitor/assets/js/dlm-xhr.min.js
ver
13
id
dlm
xhr
js
script
src
https://oacp.upenn.edu/wp-content/themes/penn-oacp/js/skip-link-focus-fix.js
ver
id
twentysixteen
skip
link
focus
fix
js
var
screen
reader
text
expand
expand
child
menu
collapse
collapse
child
menu
script
src
https://oacp.upenn.edu/wp-content/themes/penn-oacp/js/functions.js
ver
id
twentysixteen
script
js
window
gtranslate
settings
document
write
window
gtranslate
settings
window
gtranslate
settings
default
language
en
languages
en
af
sq
am
ar
hy
az
eu
be
bn
bs
bg
ca
ceb
ny
zh
zh
co
hr
cs
da
nl
eo
et
tl
fi
fr
fy
gl
ka
de
el
gu
ht
ha
haw
iw
hi
hmn
hu
is
ig
id
ga
it
ja
jw
kn
kk
km
ko
ku
ky
lo
la
lv
lt
lb
mk
mg
ms
ml
mt
mi
mr
mn
my
ne
no
ps
fa
pl
pt
pa
ro
ru
sm
gd
sr
st
sn
sd
si
sk
sl
so
es
su
sw
sv
tg
ta
te
th
tr
uk
ur
uz
vi
cy
xh
yi
yo
zu
url
structure
none
native
language
names
1
flag
style
2
flag
size
24
wrapper
selector
gt
wrapper
alt
flags
en
usa
switcher
open
direction
top
switcher
horizontal
position
inline
switcher
text
color
switcher
arrow
color
switcher
border
color
ccc
switcher
background
color
fff
switcher
background
shadow
color
efefef
switcher
background
hover
color
fff
dropdown
text
color
dropdown
hover
color
fff
dropdown
background
color
eee
flags
location
wp
content
plugins
gtranslate
flags
script
src
https://oacp.upenn.edu/wp-content/plugins/gtranslate/js/dwf.js
ver
2
data
no
optimize
1
data
no
minify
1
data
gt
orig
url
data
gt
orig
domain
oacp
upenn
edu
data
gt
widget
id
defer
