html
document
document
element
class
name
document
document
element
class
name
replace
bno
js
js
meta
charset
utf
8
meta
name
description
content
applying
to
penn
the
college
application
process
is
meaningful
journey
that
encourages
students
to
reflect
on
themselves
their
community
and
their
interests
your
voice
matters
and
we
cant
wait
to
hear
your
story
link
rel
canonical
href
https://www.upenn.edu/admissions
meta
name
google
content
vhrh
0
nh
9
cvvg
xyp
gcfn
bg
4
gx
7
yo
meta
property
fb
pages
content
meta
name
facebook
domain
verification
content
8
abfjuxvt
0
wvpf
pslz
0
nzbeph
5
meta
name
generator
content
drupal
10
https://www.drupal.org
meta
name
mobile
optimized
content
width
meta
name
handheld
friendly
content
true
meta
name
viewport
content
width
device
width
initial
scale
link
rel
icon
href
themes
custom
penn
global
assets
img
simplified
shield
ico
type
image
vnd
microsoft
icon
admissions
amp
aid
university
of
pennsylvania
link
rel
stylesheet
media
all
href
sites
default
files
css
css
84
zy
80
cyn
lo
bvo
ws
qwgi
zqje
4
veaj
kvz
css
delta
0
amp
language
en
amp
theme
penn
starter
amp
include
jwli
ws
ogz
mxi
5
uy
sj
ol
dr
7
sfgjy
3
pj
1
kb
mj
db
2
hdoz
71
97
lw
ywui
wfs
cjzt
3
fzs
68
od
oaa
wjn
ed
jbug
rfp
4
dr
7
hhl
cg
link
rel
stylesheet
media
all
href
sites
default
files
css
css
it
yo
1
5
7
6
ylw
5
vlv
css
delta
1
amp
language
en
amp
theme
penn
starter
amp
include
jwli
ws
ogz
mxi
5
uy
sj
ol
dr
7
sfgjy
3
pj
1
kb
mj
db
2
hdoz
71
97
lw
ywui
wfs
cjzt
3
fzs
68
od
oaa
wjn
ed
jbug
rfp
4
dr
7
hhl
cg
script
type
application
json
data
drupal
selector
drupal
settings
json
path
base
url
path
prefix
current
path
node
45
current
path
is
admin
false
is
front
false
current
language
en
plural
delimiter
gtm
tag
id
null
settings
data
layer
data
layer
include
classes
false
allowlist
classes
google
nnon
google
pixels
nnon
google
scripts
nnon
google
iframes
blocklist
classes
custom
scripts
ncustom
pixels
include
environment
false
environment
id
environment
token
tag
ids
gtag
tag
id
consent
mode
false
other
ids
events
additional
config
info
suppress
deprecation
errors
true
ajax
page
state
libraries
jx
9
iks
owy
uj
ig
6
rxh
nym
37
yer
rz
bruxz
ygt
qk
vm
ppjk
so
yj
sg
45
wu
8
di
pza
3
ye
gwywol
8
vk
an
9
imy
bn
rh
kift
3
if
1
uc
5
xu
23
slm
bi
ry
4
zjc
1
ot
wwh
kbm
pc
xxya
lu
vu
theme
penn
starter
theme
token
null
ajax
trusted
url
user
uid
0
permissions
hash
9
cfbd
32
ef
8
eaa
5
afc
ac
fd
0
ae
script
src
sites
default
files
js
js
9
vw
6
cd
xhm
yteazw
bja
zyqp
ra
pbjo
3
kf
js
scope
header
amp
delta
0
amp
language
en
amp
theme
penn
starter
amp
include
jx
9
kh
mh
xuk
my
2
2
smot
1
bp
4
5
vo
lawhrv
69
tz
bi
nib
8
3
zl
4
tl
zcyr
deny
xa
ty
7
jl
3
script
src
modules
contrib
google
tag
js
gtm
js
siu
1
bv
script
src
modules
contrib
google
tag
js
gtag
js
siu
1
bv
script
src
sites
default
files
js
js
uztn
2
ua
7
wp
3
yed
ydu
js
scope
header
amp
delta
3
amp
language
en
amp
theme
penn
starter
amp
include
jx
9
kh
mh
xuk
my
2
2
smot
1
bp
4
5
vo
lawhrv
69
tz
bi
nib
8
3
zl
4
tl
zcyr
deny
xa
ty
7
jl
3
link
href
https://fonts.googleapis.com/css
family
garamond
roboto
display
swap
rel
stylesheet
skip
to
main
content
go
to
site
search
go
to
primary
navigation
go
to
resources
navigation
path
0
3
zm
4
7
3
zm
3
fill
rule
nonzero
path
65
zm
fill
rule
nonzero
path
fill
rule
nonzero
path
32
fill
rule
nonzero
iframe
src
https://www.googletagmanager.com/ns.html
id
height
0
width
0
style
display
none
visibility
hidden
href
class
header
logo
svg
xmlns
http://www.w3.org/2000/svg
view
box
width
height
88
cls
1
fill
fff
cls
2
fill
cls
3
fill
penn
home
path
class
cls
3
zm
21
15
path
class
cls
3
zm
2
3
path
class
cls
3
12
6
75
path
class
cls
3
86
33
6
75
path
class
cls
3
08
72
07
47
52
13
34
0
54
34
path
class
cls
3
0
0
05
27
82
06
18
69
0
06
36
4
07
55
49
27
0
path
class
cls
3
0
1
7
27
91
89
73
27
path
class
cls
3
1
16
1
27
0
23
52
44
09
4
76
27
path
class
cls
3
91
89
64
27
1
75
85
91
88
16
6
4
5
26
83
5
27
path
class
cls
3
84
82
49
31
zm
67
13
1
15
1
27
27
92
89
27
path
class
cls
3
1
08
37
66
0
1
path
class
cls
3
0
1
27
27
92
89
73
27
path
class
cls
3
0
1
27
27
92
4
91
23
25
61
56
26
33
67
23
51
path
class
cls
3
91
35
33
66
62
08
91
58
27
34
91
58
91
09
27
0
1
27
27
path
class
cls
3
37
76
zm
path
class
cls
3
3
3
11
16
76
path
class
cls
3
23
31
34
18
13
16
14
path
class
cls
3
91
92
89
64
26
11
75
85
92
6
4
5
26
83
5
27
path
class
cls
3
0
0
1
27
82
06
18
69
0
06
36
4
07
55
49
27
0
path
class
cls
3
0
0
27
27
82
07
18
69
0
07
36
39
06
55
48
27
0
path
class
cls
3
07
37
66
0
1
path
class
cls
3
92
35
33
66
61
08
91
27
34
91
58
91
09
27
0
1
27
27
path
class
cls
3
92
89
74
27
0
41
5
26
83
5
27
path
class
cls
3
1
16
1
19
27
0
23
52
44
09
4
76
27
path
class
cls
3
0
zm
38
36
0
27
27
0
73
5
44
46
57
27
27
7
78
31
path
class
cls
3
0
56
27
27
82
06
17
69
0
06
55
05
36
39
06
55
48
27
0
path
class
cls
3
0
1
27
27
91
89
73
27
path
class
cls
3
zm
38
36
0
27
27
0
73
5
44
46
57
27
27
69
78
31
path
class
cls
1
75
38
08
path
class
cls
2
22
16
35
33
31
3
31
3
17
22
16
34
33
31
12
44
17
09
67
1
3
1
1
1
1
0
48
0
86
47
32
64
7
21
09
35
09
1
4
18
23
2
49
53
0
09
09
67
1
0
0
1
0
07
0
85
1
1
07
24
0
0
22
16
35
33
3
0
3
3
17
22
16
34
33
3
13
13
9
17
09
67
1
3
1
1
1
1
0
48
2
2
path
class
cls
3
1
1
56
28
18
1
34
68
path
class
cls
3
08
1
38
0
79
1
0
0
0
11
47
1
58
33
23
53
22
0
4
1
1
29
35
12
1
33
zm
23
15
1
0
27
44
1
89
19
24
28
49
56
72
1
0
1
1
64
39
zm
1
69
76
23
1
1
07
44
16
25
21
55
59
74
1
1
0
3
1
0
84
89
76
1
1
19
58
65
path
class
cls
3
1
1
2
25
1
path
class
cls
3
1
11
79
14
0
15
1
27
61
38
77
4
1
18
05
93
34
22
23
27
1
21
0
1
21
0
21
21
69
1
1
12
17
12
9
1
1
16
1
1
2
41
0
1
1
16
1
1
path
class
cls
3
0
1
18
23
09
82
28
11
23
13
23
4
24
25
91
4
18
19
15
1
1
07
1
08
87
1
1
1
1
1
0
34
path
class
cls
3
1
1
0
28
1
1
24
08
1
08
26
0
45
88
0
45
24
08
1
08
24
45
72
12
10
1
0
1
1
0
1
1
0
0
1
1
0
0
72
1
7
45
67
2
zm
0
23
2
21
67
0
93
3
zm
9
17
14
27
23
27
34
0
34
33
17
13
27
22
27
65
1
29
1
0
14
0
0
0
0
0
14
0
0
0
0
0
34
15
15
34
32
path
class
cls
3
1
1
0
9
1
0
45
24
07
1
07
24
45
88
0
45
24
07
1
07
24
45
72
10
1
0
1
1
0
1
1
0
0
1
1
0
0
72
1
67
2
zm
0
23
2
21
68
0
94
3
zm
9
18
14
28
23
28
33
15
15
33
33
18
13
28
22
28
1
65
1
29
1
7
14
0
0
14
0
0
0
0
0
33
15
15
33
32
path
class
cls
3
78
zm
33
62
25
zm
44
zm
56
86
43
toggle
site
navigation
toggle
site
search
href
academics
role
menuitem
class
nav
menu
link
nav
menu
link
children
data
level
0
academics
more
academics
href
academics
undergraduate
class
nav
menu
link
role
menuitem
undergraduate
href
academics
graduate
class
nav
menu
link
role
menuitem
graduate
href
academics
schools
class
nav
menu
link
role
menuitem
schools
href
academics
global
initiatives
class
nav
menu
link
role
menuitem
global
initiatives
href
academics
interdisciplinary
class
nav
menu
link
role
menuitem
interdisciplinary
href
academics
online
learning
class
nav
menu
link
role
menuitem
online
learning
href
academics
off
campus
learning
class
nav
menu
link
role
menuitem
off
campus
learning
href
https://www.library.upenn.edu/
class
nav
menu
link
role
menuitem
libraries
href
admissions
role
menuitem
class
nav
menu
link
data
level
0
admissions
amp
aid
href
athletics
and
recreation
role
menuitem
class
nav
menu
link
data
level
0
athletics
href
research
and
innovation
role
menuitem
class
nav
menu
link
nav
menu
link
children
data
level
0
research
amp
innovation
more
research
amp
innovation
href
research
and
innovation
research
enterprise
class
nav
menu
link
role
menuitem
research
enterprise
href
research
and
innovation
research
news
class
nav
menu
link
role
menuitem
research
news
href
life
at
penn
role
menuitem
class
nav
menu
link
nav
menu
link
children
data
level
0
life
at
penn
more
life
at
penn
href
life
at
penn
arts
class
nav
menu
link
role
menuitem
arts
amp
culture
href
life
at
penn
community
class
nav
menu
link
role
menuitem
community
involvement
more
community
involvement
href
life
at
penn
philadelphia
class
nav
menu
link
role
menuitem
penn
amp
philadelphia
href
life
at
penn
diversity
class
nav
menu
link
role
menuitem
diversity
href
life
at
penn
groups
and
organizations
class
nav
menu
link
role
menuitem
groups
amp
organizations
href
life
at
penn
housing
and
dining
class
nav
menu
link
role
menuitem
housing
amp
dining
href
life
at
penn
health
and
wellness
class
nav
menu
link
role
menuitem
health
amp
wellness
href
life
at
penn
safety
class
nav
menu
link
role
menuitem
safety
amp
security
more
safety
amp
security
href
life
at
penn
safety
emergency
phone
numbers
class
nav
menu
link
role
menuitem
emergency
contacts
href
life
at
penn
safety
emergency
preparedness
class
nav
menu
link
role
menuitem
emergency
preparedness
href
life
at
penn
religion
class
nav
menu
link
role
menuitem
spirituality
amp
religion
href
about
role
menuitem
class
nav
menu
link
nav
menu
link
children
data
level
0
about
more
about
href
https://president.upenn.edu/
class
nav
menu
link
role
menuitem
office
of
the
president
href
about
trustees
and
administration
class
nav
menu
link
role
menuitem
trustees
amp
administration
href
https://in-principle-and-practice.upenn.edu/
class
nav
menu
link
role
menuitem
in
principle
and
practice
href
about
history
class
nav
menu
link
role
menuitem
history
href
about
sustainability
class
nav
menu
link
role
menuitem
securing
sustainable
future
more
securing
sustainable
future
href
about
sustainability
climate
investments
class
nav
menu
link
role
menuitem
climate
investments
href
about
sustainability
sustainability
initiatives
class
nav
menu
link
role
menuitem
sustainability
initiatives
href
about
sustainability
research
and
teaching
class
nav
menu
link
role
menuitem
research
amp
teaching
href
about
sustainability
news
and
announcements
class
nav
menu
link
role
menuitem
news
amp
announcements
href
about
communications
class
nav
menu
link
role
menuitem
news
media
amp
communication
services
href
about
faq
class
nav
menu
link
role
menuitem
href
about
policies
class
nav
menu
link
role
menuitem
policies
href
about
facts
class
nav
menu
link
role
menuitem
facts
toggle
site
search
resources
href
https://path.at.upenn.edu/student/landing
class
nav
menu
link
current
students
href
https://portal.apps.upenn.edu/penn_portal/u
penn
php
class
nav
menu
link
faculty
amp
staff
href
parents
class
nav
menu
link
parents
href
https://www.alumni.upenn.edu
class
nav
menu
link
alumni
href
visitors
class
nav
menu
link
visitors
href
penn
class
nav
menu
link
href
directories
class
nav
menu
link
directory
href
https://provider.www.upenn.edu/computing/webmail/index.php
class
nav
menu
link
webmail
href
services
class
nav
menu
link
services
href
https://giving.aws.cloud.upenn.edu/
appeal
class
btn
btn
secondary
btn
square
give
to
penn
form
class
search
form
action
search
search
search
close
breadcrumb
href
home
admissions
amp
aid
admissions
amp
aid
penn
also
known
as
penn
is
committed
to
making
its
inclusive
innovative
and
impactful
ivy
league
education
available
to
the
best
and
brightest
students
regardless
of
their
economic
circumstances
generous
financial
aid
budget
and
inclusive
aid
policies
make
matriculating
at
penn
an
attainable
goal
for
students
from
the
widest
possible
range
of
backgrounds
every
day
penn
embodies
this
truth
our
unique
perspectives
and
backgrounds
brought
together
make
us
strong
resilient
and
singularly
prepared
to
define
the
future
img
loading
lazy
src
sites
default
files
styles
page
hero
public
college
20
hall
jpg
fb
4
amp
itok
9
zr
width
height
alt
college
hall
class
page
header
hero
image
applying
to
penn
the
college
application
process
is
meaningful
journey
that
encourages
students
to
reflect
on
themselves
their
community
and
their
interests
your
voice
matters
and
we
cant
wait
to
hear
your
story
href
https://admissions.upenn.edu/
undergraduate
admissions
when
applying
to
penn
undergraduates
are
asked
to
choose
one
of
the
universitys
four
undergraduate
schools
the
college
wharton
penn
engineering
or
penn
nursing
or
coordinated
dual
degree
accelerated
or
specialized
program
that
will
serve
as
home
base
throughout
their
academic
journey
all
admitted
students
will
be
admitted
to
the
specific
school
or
program
for
which
they
applied
href
https://admissions.upenn.edu/admissions-and-financial-aid/apply-for-admission/first-year-admission
preparing
for
first
year
admission
penn
accepts
the
common
application
and
coalition
application
there
is
no
preference
for
either
format
and
both
applications
are
treated
equally
in
penns
process
penn
is
also
proud
quest
bridge
partner
institution
href
https://admissions.upenn.edu/admissions-and-financial-aid/apply-for-admission/prepare-transfer-admission
preparing
for
transfer
admission
as
with
first
year
admissions
the
common
application
and
coalition
application
are
accepted
for
those
wishing
to
transfer
to
penn
and
the
use
of
the
following
resources
are
encouraged
checklist
and
deadlines
curricular
requirements
eligibility
guidelines
transfer
credit
href
https://provost.upenn.edu/graduate-admissions
graduate
admissions
penns
graduate
and
professional
programs
are
housed
in
12
schools
on
one
campus
each
graduate
program
has
separate
admissions
process
applicants
apply
directly
to
the
program
of
interest
all
questions
about
the
admissions
process
should
be
directed
to
the
program
of
interest
img
src
themes
custom
penn
global
assets
img
svg
icon
contact
building
blue
svg
alt
contact
building
icon
class
contact
information
icon
href
http://www.admissions.upenn.edu/
class
contact
information
title
link
undergraduate
admissions
admissions
visitor
center
claudia
cohen
hall
ground
floor
36
th
street
philadelphia
href
https://admissions.upenn.edu/contact-us
contact
us
img
src
themes
custom
penn
global
assets
img
svg
icon
contact
building
red
svg
alt
contact
building
icon
class
contact
information
icon
href
https://provost.upenn.edu/graduate-admissions
class
contact
information
title
link
graduate
admissions
contact
penn
does
not
have
central
office
of
graduate
admissions
all
questions
about
the
admissions
process
should
be
directed
to
your
academic
program
of
interest
grant
based
financial
aid
the
cornerstone
of
penns
initiative
to
increase
access
for
students
from
all
socioeconomic
backgrounds
is
its
grant
based
financial
aid
program
since
the
university
has
awarded
billion
in
undergraduate
aid
to
more
than
students
forty
five
percent
of
traditional
undergraduate
students
received
grant
based
financial
aid
in
ongoing
gifts
from
generous
alumni
and
supporters
are
expanding
penns
robust
undergraduate
grant
based
financial
aid
program
and
growing
graduate
and
professional
student
aid
to
minimize
the
burden
of
debt
href
https://srfs.upenn.edu/financial-aid/undergraduate-aid-program
class
btn
btn
outline
penn
all
grant
policy
img
loading
lazy
src
sites
default
files
styles
card
public
ben
franklin
college
hall
jpg
75
ed
amp
itok
gd
0
width
height
alt
ben
franklin
statue
on
college
green
class
card
image
graduate
admissions
offices
href
http://www.sas.upenn.edu/graduate-division
class
quick
links
link
school
of
arts
amp
sciences
href
https://mba.wharton.upenn.edu/admissions-faqs/
class
quick
links
link
the
wharton
school
href
https://www.asc.upenn.edu/admissions/graduate-admissions
class
quick
links
link
annenberg
school
for
communiciation
href
http://www.dental.upenn.edu/academic_programs_admissions/
class
quick
links
link
school
of
dental
medicine
href
http://www.design.upenn.edu/graduate-admissions/apply
class
quick
links
link
stuart
weitzman
school
of
design
href
https://www.gse.upenn.edu/admissions_financial
class
quick
links
link
graduate
school
of
education
href
http://www.seas.upenn.edu/prospective-students/graduate/admissions/index.php
class
quick
links
link
school
of
engineering
and
applied
science
href
https://www.law.upenn.edu/admissions/
class
quick
links
link
penn
carey
law
href
http://www.med.upenn.edu/admiss/
class
quick
links
link
perelman
school
of
medicine
href
http://www.nursing.upenn.edu/admissions/
class
quick
links
link
school
of
nursing
href
http://www.sp2.upenn.edu/prospective-students/
class
quick
links
link
school
of
social
policy
amp
practice
href
http://www.vet.upenn.edu/education/admissions
class
quick
links
link
school
of
veterinary
medicine
talking
admissions
with
whitney
soule
as
vice
provost
and
dean
of
admissions
soule
is
challenged
daily
with
thinking
strategically
about
undergraduate
enrollment
at
pennfrom
recruitment
to
application
processes
and
all
that
goes
into
admitting
class
to
how
financial
aid
and
retention
fits
into
the
mix
class
btn
btn
outline
white
href
https://penntoday.upenn.edu/news/talking-admissions-whitney-soule
read
more
img
loading
lazy
src
sites
default
files
styles
card
public
soule
whitney
main
0
jpg
itok
nd
width
height
alt
admissions
director
whitney
soule
stands
beneath
arched
entryway
at
penn
historic
quadrangle
class
card
image
penn
virtual
tour
from
west
philadelphia
to
the
comfort
of
your
own
home
we
invite
you
to
explore
penn
through
virtual
tour
of
our
historic
campus
get
glimpse
inside
our
state
of
the
art
classrooms
hear
from
current
students
and
faculty
and
catch
live
performances
by
members
of
our
community
as
you
stroll
down
locust
walk
href
https://admissions.upenn.edu/virtual-tour
class
btn
btn
outline
btn
outline
white
penn
virtual
tour
img
loading
lazy
src
sites
default
files
styles
card
public
virtual
tour
jpeg
ff
6
amp
itok
gc
width
height
alt
penn
virtual
tour
class
card
image
img
src
themes
custom
penn
starter
assets
img
penn
logo
svg
alt
university
of
pennsylvania
class
footer
logo
philadelphia
telephone
href
about
contact
class
footer
link
contact
us
href
https://www.facilities.upenn.edu/maps
class
footer
link
maps
href
https://cms.business-services.upenn.edu/transportation/
class
footer
link
parking
navigate
href
https://www.alumni.upenn.edu
class
footer
link
alumni
href
https://pennathletics.com/
class
footer
link
athletics
href
https://diversity.upenn.edu/
class
footer
link
diversity
href
life
at
penn
health
and
wellness
class
footer
link
health
care
href
https://www.library.upenn.edu/
class
footer
link
libraries
href
https://platform.onlinelearning.upenn.edu/
class
footer
link
online
learning
href
https://global.upenn.edu/
class
footer
link
penn
global
penn
heritage
as
americas
first
university
penn
has
history
that
dates
back
to
and
shares
many
ties
with
the
colonial
city
of
philadelphia
and
the
birth
of
our
nation
href
about
class
btn
btn
outline
white
our
history
href
about
disclaimer
class
footer
link
disclaimer
href
https://www.publicsafety.upenn.edu/contact/
class
footer
link
emergency
services
href
https://oaaeop.upenn.edu/resources/policies-handbooks-procedures
class
footer
link
nondiscrimination
href
about
privacy
policy
class
footer
link
privacy
policy
href
https://accessibility.web-resources.upenn.edu/get-help
class
footer
link
report
accessibility
issues
and
get
help
href
about
report
copyright
infringement
class
footer
link
report
copyright
infringement
svg
width
14
px
height
16
px
view
box
version
xmlns
http://www.w3.org/2000/svg
xmlns
xlink
http://www.w3.org/1999/xlink
back
to
top
script
src
sites
default
files
js
js
3
pkic
mu
df
ma
5
lrjp
2
to
js
scope
footer
amp
delta
0
amp
language
en
amp
theme
penn
starter
amp
include
jx
9
kh
mh
xuk
my
2
2
smot
1
bp
4
5
vo
lawhrv
69
tz
bi
nib
8
3
zl
4
tl
zcyr
deny
xa
ty
7
jl
3
window
site
new
site
