html
document
document
element
class
name
document
document
element
class
name
replace
bno
js
js
meta
charset
utf
8
meta
name
description
content
office
of
general
counsel
university
of
pennsylvania
link
rel
canonical
href
https://ogc.upenn.edu/home
meta
name
google
content
vhrh
0
nh
9
cvvg
xyp
gcfn
bg
4
gx
7
yo
meta
property
fb
pages
content
meta
name
facebook
domain
verification
content
8
abfjuxvt
0
wvpf
pslz
0
nzbeph
5
meta
name
generator
content
drupal
10
https://www.drupal.org
meta
name
mobile
optimized
content
width
meta
name
handheld
friendly
content
true
meta
name
viewport
content
width
device
width
initial
scale
link
rel
icon
href
themes
custom
penn
global
assets
img
simplified
shield
ico
type
image
vnd
microsoft
icon
home
link
rel
stylesheet
media
all
href
sites
default
files
css
css
7
wal
rmuq
6
uj
5
xw
qduhch
1
vx
aa
6
fui
yf
3
ge
css
delta
0
amp
language
en
amp
theme
penn
starter
amp
include
jwli
ws
ogz
mxi
5
uy
sj
ol
dr
7
sfgjy
3
pj
1
kb
mj
db
2
hdoz
71
97
lw
ywui
wfs
cjzt
3
fzs
68
od
oaa
wjn
ed
jbug
rfp
4
dr
7
hhl
cg
link
rel
stylesheet
media
all
href
sites
default
files
css
css
72
gi
he
bu
4
xq
xht
oy
6
it
69
vuk
nr
bi
css
delta
1
amp
language
en
amp
theme
penn
starter
amp
include
jwli
ws
ogz
mxi
5
uy
sj
ol
dr
7
sfgjy
3
pj
1
kb
mj
db
2
hdoz
71
97
lw
ywui
wfs
cjzt
3
fzs
68
od
oaa
wjn
ed
jbug
rfp
4
dr
7
hhl
cg
script
type
application
json
data
drupal
selector
drupal
settings
json
path
base
url
path
prefix
current
path
node
2
current
path
is
admin
false
is
front
false
current
language
en
plural
delimiter
gtm
tag
id
null
settings
data
layer
data
layer
include
classes
false
allowlist
classes
google
nnon
google
pixels
nnon
google
scripts
nnon
google
iframes
blocklist
classes
custom
scripts
ncustom
pixels
include
environment
false
environment
id
environment
token
tag
ids
gtag
tag
id
consent
mode
false
other
ids
events
additional
config
info
suppress
deprecation
errors
true
ajax
page
state
libraries
jx
9
iks
owy
uj
ig
6
rxh
nym
37
yer
rz
bruxz
ygt
qk
vm
ppjk
so
yj
sg
45
wu
8
di
pza
3
ye
gwywol
8
vk
an
9
imy
bn
rh
kift
3
if
1
uc
5
xu
23
slm
bi
ry
4
zjc
1
ot
wwh
kbm
pc
xxya
lu
vu
theme
penn
starter
theme
token
null
ajax
trusted
url
user
uid
0
permissions
hash
9
dbd
af
cd
fcbc
fb
ca
5
bd
01
script
src
sites
default
files
js
js
da
tm
1
cf
ndf
2
qye
8
ut
cu
bm
1
dbeyp
js
scope
header
amp
delta
0
amp
language
en
amp
theme
penn
starter
amp
include
jx
9
kh
mh
xuk
my
2
2
smot
1
bp
4
5
vo
lawhrv
69
tz
bi
nib
8
3
zl
4
tl
zcyr
deny
xa
ty
7
jl
3
script
src
modules
contrib
google
tag
js
gtm
js
sit
script
src
modules
contrib
google
tag
js
gtag
js
sit
script
src
sites
default
files
js
js
vytuph
1
zs
we
xu
8
lf
3
kt
uf
ca
hf
8
js
scope
header
amp
delta
3
amp
language
en
amp
theme
penn
starter
amp
include
jx
9
kh
mh
xuk
my
2
2
smot
1
bp
4
5
vo
lawhrv
69
tz
bi
nib
8
3
zl
4
tl
zcyr
deny
xa
ty
7
jl
3
link
href
https://fonts.googleapis.com/css
family
garamond
roboto
display
swap
rel
stylesheet
iframe
src
https://www.googletagmanager.com/ns.html
id
height
0
width
0
style
display
none
visibility
hidden
skip
to
main
content
go
to
site
search
go
to
primary
navigation
go
to
resources
navigation
path
0
3
zm
4
7
3
zm
3
fill
rule
nonzero
path
65
zm
fill
rule
nonzero
path
fill
rule
nonzero
path
32
fill
rule
nonzero
href
class
header
logo
svg
version
id
3
layer
3
xmlns
http://www.w3.org/2000/svg
xmlns
xlink
http://www.w3.org/1999/xlink
0
px
0
px
width
px
height
88
px
view
box
style
enable
background
new
xml
space
preserve
style
type
text
css
st
0
fill
st
1
fill
st
2
fill
st
3
fill
none
stroke
stroke
width
stroke
linecap
round
stroke
linejoin
round
stroke
miterlimit
st
4
fill
none
stroke
stroke
width
stroke
linecap
round
stroke
linejoin
round
stroke
miterlimit
path
class
st
0
2
9
4
path
class
st
0
32
2
6
path
class
st
0
4
4
6
path
class
st
0
4
9
4
6
path
class
st
1
2
0
path
class
st
2
5
5
4
7
3
16
5
3
7
5
0
0
1
7
0
6
3
5
5
7
3
16
path
class
st
3
path
class
st
3
20
path
class
st
3
path
class
st
3
path
class
st
3
path
class
st
3
path
class
st
3
7
path
class
st
3
path
class
st
3
path
class
st
3
path
class
st
0
15
path
class
st
4
path
class
st
0
1
3
6
7
1
1
5
1
1
7
5
5
6
1
2
9
9
1
0
9
1
0
1
path
class
st
0
0
4
path
class
st
0
4
1
2
1
2
0
7
path
class
st
0
1
0
2
0
3
1
1
4
19
path
class
st
0
3
0
7
5
3
5
4
0
0
5
9
4
7
6
0
1
4
7
3
6
2
7
path
class
st
0
3
0
7
5
3
0
0
4
4
0
0
5
9
4
7
6
0
3
1
0
7
7
2
7
path
class
st
0
0
5
5
1
9
2
0
path
class
st
0
7
9
6
4
1
path
class
st
0
85
2
7
7
3
1
9
path
class
st
0
6
5
2
toggle
site
navigation
toggle
site
search
href
areas
of
practice
role
menuitem
class
nav
menu
link
data
level
0
areas
of
practice
href
services
role
menuitem
class
nav
menu
link
data
level
0
services
href
careers
role
menuitem
class
nav
menu
link
nav
menu
link
children
data
level
0
careers
more
careers
href
careers
law
clerk
externships
class
nav
menu
link
role
menuitem
law
clerk
externships
href
about
role
menuitem
class
nav
menu
link
nav
menu
link
children
data
level
0
about
more
about
href
about
attorneys
class
nav
menu
link
role
menuitem
attorneys
href
about
staff
class
nav
menu
link
role
menuitem
staff
href
about
policies
class
nav
menu
link
role
menuitem
policies
href
contact
us
role
menuitem
class
nav
menu
link
data
level
0
contact
us
toggle
site
search
resources
href
https://portal.apps.upenn.edu/penn_portal/student.php
class
nav
menu
link
current
students
href
https://portal.apps.upenn.edu/penn_portal/u
penn
php
class
nav
menu
link
faculty
amp
staff
href
https://www.upenn.edu/parents
class
nav
menu
link
parents
href
https://www.alumni.upenn.edu
class
nav
menu
link
alumni
href
https://www.upenn.edu/visitors
class
nav
menu
link
visitors
href
https://www.upenn.edu/penn-a-z
class
nav
menu
link
href
https://www.upenn.edu/directories
class
nav
menu
link
directory
href
https://provider.www.upenn.edu/computing/webmail/index.php
class
nav
menu
link
webmail
href
https://www.upenn.edu/services
class
nav
menu
link
services
href
https://www.upenn.edu
class
btn
btn
outline
btn
square
penn
home
form
class
search
form
action
search
search
search
close
office
of
general
counsel
university
of
pennsylvania
hero
data
hero
background
image
url
sites
default
files
styles
crop
public
ben
franklin
on
bench
1
jpeg
itok
5
th
ea
uv
media
max
width
px
hero
data
hero
background
image
url
sites
default
files
styles
crop
public
ben
franklin
on
bench
1
jpeg
itok
rwb
zw
office
of
general
counsel
represents
the
university
of
pennsylvania
and
penn
medicine
as
corporate
entity
in
legal
matters
the
office
supports
the
mission
of
the
university
and
penn
medicine
by
handling
all
legal
matters
generated
by
the
activities
of
the
institution
including
the
schools
centers
departments
operating
units
and
subsidiaries
that
comprise
the
university
and
its
health
system
the
office
provides
legal
advice
and
counsel
across
the
institution
represents
the
institution
in
litigation
and
other
proceedings
and
initiates
action
to
protect
the
institution
and
manage
risks
all
matters
requiring
legal
advice
or
legal
action
should
be
referred
to
the
office
of
the
general
counsel
href
about
attorneys
wendy
white
class
card
title
link
wendy
white
senior
vice
president
amp
general
counsel
university
of
pennsylvania
amp
penn
medicine
href
about
attorneys
lee
dobkin
class
card
title
link
lee
dobkin
deputy
general
counsel
for
the
university
and
chief
counsel
for
penn
medicine
img
loading
lazy
src
sites
default
files
styles
card
public
law
books
jpeg
itok
zrr
su
6
width
height
alt
law
books
class
card
image
href
areas
of
practice
class
card
title
link
areas
of
practice
useful
information
covering
the
legal
areas
in
which
our
attorneys
practice
href
areas
of
practice
class
btn
btn
outline
visit
areas
of
practice
img
loading
lazy
src
sites
default
files
styles
card
public
pete
schiavo
hemostasis
tech
jpeg
itok
ju
6
width
height
alt
penn
medicine
class
card
image
penn
medicine
penn
medicine
is
dedicated
to
high
quality
patient
care
and
advancing
medical
science
through
research
href
https://www.pennmedicine.org
class
btn
btn
outline
visit
the
penn
medicine
website
img
loading
lazy
src
sites
default
files
styles
card
public
penn
sign
building
jpeg
itok
9
dhkz
hp
width
height
alt
penn
sign
class
card
image
policies
link
to
an
extensive
list
of
policies
procedures
and
related
form
href
about
policies
class
btn
btn
outline
visit
policies
img
loading
lazy
src
sites
default
files
styles
card
public
penn
law
students
light
nosolo
card
jpeg
itok
zs
vo
width
height
alt
group
of
people
class
card
image
law
clerk
externships
resources
for
those
seeking
law
clerk
positions
and
externships
href
careers
law
clerk
externships
class
btn
btn
outline
visit
law
clerk
externships
href
https://www.pennmedicine.org/
img
alt
penn
medicine
src
sites
default
files
penn
medicine
logo
png
png
address
tower
at
cira
centre
south
walnut
street
suite
philadelphia
contact
main
fax
email
send
email
to
directions
href
http://www.facilities.upenn.edu/map.php
find
us
on
the
map
href
https://www.upenn.edu/
title
university
of
pennsylvania
img
src
themes
custom
penn
starter
assets
img
penn
logo
svg
alt
university
of
pennsylvania
class
footer
logo
href
https://www.upenn.edu/about/disclaimer
class
footer
link
disclaimer
href
https://www.publicsafety.upenn.edu/contact/
class
footer
link
emergency
services
href
https://www.upenn.edu/about/privacy-policy
class
footer
link
privacy
policy
href
https://accessibility.web-resources.upenn.edu/get-help
class
footer
link
report
accessibility
issues
and
get
help
href
https://www.upenn.edu/about/report-copyright-infringement
class
footer
link
report
copyright
infringement
philadelphia
telephone
script
src
sites
default
files
js
js
pc
op
id
cxp
6
stz
1
el
3
ar
qx
uo
77
bx
sncq
0
js
scope
footer
amp
delta
0
amp
language
en
amp
theme
penn
starter
amp
include
jx
9
kh
mh
xuk
my
2
2
smot
1
bp
4
5
vo
lawhrv
69
tz
bi
nib
8
3
zl
4
tl
zcyr
deny
xa
ty
7
jl
3
window
site
new
site
