doctype
html
script
type
text
javascript
src
https://www.vanderbilt.edu/wp-includes/js/jquery/jquery.min.js
ver
1
id
jquery
core
js
script
type
text
javascript
src
https://www.vanderbilt.edu/wp-includes/js/jquery/jquery-migrate.min.js
ver
2
id
jquery
migrate
js
script
type
text
javascript
src
https://www.vanderbilt.edu/wp-content/uploads/sites/3/bb-plugin/cache/524-layout.js
ver
ac
id
fl
builder
layout
js
script
type
text
javascript
src
https://cdn.jsdelivr.net/npm/cookieconsent
3
build
cookieconsent
min
js
ver
id
cookieconsent
js
script
type
text
javascript
src
https://cdn.vanderbilt.edu/vu-futurevu/assets/vu.js
ver
id
futurevu
js
script
type
text
javascript
src
https://www.vanderbilt.edu/wp-content/plugins/page-links-to/dist/new-tab.js
ver
7
id
page
links
to
js
