html
financials
research
meta
class
swiftype
data
type
text
name
st
description
content
information
about
reviewing
financials
at
the
end
of
an
award
or
budget
period
final
review
and
resources
meta
name
google
site
verification
content
8
xs
xc
avy
aacbl
rww
lb
8
rd
meta
name
msvalidate
01
content
1
9
script
type
text
javascript
function
swiftype
object
function
push
arguments
create
element
get
elements
by
tag
name
0
async
1
src
parent
node
insert
before
window
document
script
swiftypecdn
com
install
2
st
js
st
st
install
hq
6
sz
81
nj
viqtn
4
0
