doctype
html
html
lang
en
dir
ltr
prefix
og
https://ogp.me/ns
class
sticky
footer
meta
charset
utf
8
form
antibot
not
antibot
message
display
none
important
meta
name
description
content
explore
dorms
greek
houses
map
of
dorm
districts
roommate
matching
and
on
campus
dining
and
meal
plans
at
the
university
of
arizona
meta
property
og
site
name
content
the
university
of
arizona
meta
property
og
url
content
meta
property
og
title
content
living
amp
dining
on
campus
meta
name
twitter
card
content
summary
meta
name
generator
content
drupal
10
https://www.drupal.org
meta
name
mobileoptimized
content
width
meta
name
handheldfriendly
content
true
meta
name
viewport
content
width
device
width
initial
scale
1
shrink
to
fit
no
meta
http
equiv
ua
compatible
content
ie
edge
link
rel
icon
href
profiles
custom
az
quickstart
themes
custom
az
barrio
favicon
ico
type
image
vnd
microsoft
icon
link
rel
canonical
href
link
rel
shortlink
href
https://www.arizona.edu/node/346
student
life
living
amp
dining
on
campus
university
of
arizona
link
rel
stylesheet
media
all
href
sites
default
files
css
css
ulzsxc
3
tefnbtnmuo
9
yyf
8
kvidiasginw
5
mkhe
fa
css
delta
0
amp
language
en
amp
theme
az
barrio
amp
include
ejynultywyamvba
ieyjiyhwfjazltv
07
txk
7
acb
qrpavbaiizbplcr
3
xpk
uey
8
ec
5
sub
1
swtzui
3
twlmdzwbdk
0
eispcbz
1
mchq
tei
8
znvbkifjrbmvdhu
3
aq
3
sairmwztgvdzwpm
4
wwwstbardqlasb
3
xvaohbbc
enjhtt
zjd
qhvpdqsmqdoc
8
hxbecq
8
nukgzggrpyarvtyftl
2
vebio
0
ol
2
wh
3
qbfe
0
sr
ndkrm
0
ktjz
0
fcizlcmzj
5
vpkska
8
gs
0
wvhcwca
1
mdhdsvh
6
criuw
61
jo
2
oyqrnlswbwm
9
xcsl
cd
xzxsjpzt
2
fn
ydltxjajgkveqry
8
wqul
8
shkfmdx
1
hwnv
1
ssx
6
dzclblfuk
rqmhqoyhmokzx
bgsiqac
link
rel
stylesheet
media
all
href
sites
default
files
css
css
7
uf
mkbl
7
jsp
6
uuc
5
pk
7
sxbjlcqsrjq
27
pt
0
css
delta
1
amp
language
en
amp
theme
az
barrio
amp
include
ejynultywyamvba
ieyjiyhwfjazltv
07
txk
7
acb
qrpavbaiizbplcr
3
xpk
uey
8
ec
5
sub
1
swtzui
3
twlmdzwbdk
0
eispcbz
1
mchq
tei
8
znvbkifjrbmvdhu
3
aq
3
sairmwztgvdzwpm
4
wwwstbardqlasb
3
xvaohbbc
enjhtt
zjd
qhvpdqsmqdoc
8
hxbecq
8
nukgzggrpyarvtyftl
2
vebio
0
ol
2
wh
3
qbfe
0
sr
ndkrm
0
ktjz
0
fcizlcmzj
5
vpkska
8
gs
0
wvhcwca
1
mdhdsvh
6
criuw
61
jo
2
oyqrnlswbwm
9
xcsl
cd
xzxsjpzt
2
fn
ydltxjajgkveqry
8
wqul
8
shkfmdx
1
hwnv
1
ssx
6
dzclblfuk
rqmhqoyhmokzx
bgsiqac
link
rel
stylesheet
media
print
href
sites
default
files
css
css
tbyrnf
6
toxw
2
ng
orcalepxwow
zi
2
xax
1
kqu
css
delta
2
amp
language
en
amp
theme
az
barrio
amp
include
ejynultywyamvba
ieyjiyhwfjazltv
07
txk
7
acb
qrpavbaiizbplcr
3
xpk
uey
8
ec
5
sub
1
swtzui
3
twlmdzwbdk
0
eispcbz
1
mchq
tei
8
znvbkifjrbmvdhu
3
aq
3
sairmwztgvdzwpm
4
wwwstbardqlasb
3
xvaohbbc
enjhtt
zjd
qhvpdqsmqdoc
8
hxbecq
8
nukgzggrpyarvtyftl
2
vebio
0
ol
2
wh
3
qbfe
0
sr
ndkrm
0
ktjz
0
fcizlcmzj
5
vpkska
8
gs
0
wvhcwca
1
mdhdsvh
6
criuw
61
jo
2
oyqrnlswbwm
9
xcsl
cd
xzxsjpzt
2
fn
ydltxjajgkveqry
8
wqul
8
shkfmdx
1
hwnv
1
ssx
6
dzclblfuk
rqmhqoyhmokzx
bgsiqac
link
rel
stylesheet
media
all
href
https://use.typekit.net/emv3zbo.css
link
rel
stylesheet
media
all
href
https://fonts.googleapis.com/css
family
material
icons
sharp
link
rel
stylesheet
media
all
href
link
rel
stylesheet
media
all
href
link
rel
stylesheet
media
all
href
sites
default
files
css
css
1
wf
gystjkqcywrnzi
hjuqxaf
0
uahjuafcxy
8
css
delta
7
amp
language
en
amp
theme
az
barrio
amp
include
ejynultywyamvba
ieyjiyhwfjazltv
07
txk
7
acb
qrpavbaiizbplcr
3
xpk
uey
8
ec
5
sub
1
swtzui
3
twlmdzwbdk
0
eispcbz
1
mchq
tei
8
znvbkifjrbmvdhu
3
aq
3
sairmwztgvdzwpm
4
wwwstbardqlasb
3
xvaohbbc
enjhtt
zjd
qhvpdqsmqdoc
8
hxbecq
8
nukgzggrpyarvtyftl
2
vebio
0
ol
2
wh
3
qbfe
0
sr
ndkrm
0
ktjz
0
fcizlcmzj
5
vpkska
8
gs
0
wvhcwca
1
mdhdsvh
6
criuw
61
jo
2
oyqrnlswbwm
9
xcsl
cd
xzxsjpzt
2
fn
ydltxjajgkveqry
8
wqul
8
shkfmdx
1
hwnv
1
ssx
6
dzclblfuk
rqmhqoyhmokzx
bgsiqac
link
rel
stylesheet
media
all
href
sites
default
files
css
css
xvjf
tiksmqws
2
nmyihpjezo
69
crbegjxm
quefl
0
css
delta
8
amp
language
en
amp
theme
az
barrio
amp
include
ejynultywyamvba
ieyjiyhwfjazltv
07
txk
7
acb
qrpavbaiizbplcr
3
xpk
uey
8
ec
5
sub
1
swtzui
3
twlmdzwbdk
0
eispcbz
1
mchq
tei
8
znvbkifjrbmvdhu
3
aq
3
sairmwztgvdzwpm
4
wwwstbardqlasb
3
xvaohbbc
enjhtt
zjd
qhvpdqsmqdoc
8
hxbecq
8
nukgzggrpyarvtyftl
2
vebio
0
ol
2
wh
3
qbfe
0
sr
ndkrm
0
ktjz
0
fcizlcmzj
5
vpkska
8
gs
0
wvhcwca
1
mdhdsvh
6
criuw
61
jo
2
oyqrnlswbwm
9
xcsl
cd
xzxsjpzt
2
fn
ydltxjajgkveqry
8
wqul
8
shkfmdx
1
hwnv
1
ssx
6
dzclblfuk
rqmhqoyhmokzx
bgsiqac
script
src
sites
default
files
js
js
dl
59
bcuaspk
7
rlq
irglyhge
8
esox
mlhla
js
scope
header
amp
delta
0
amp
language
en
amp
theme
az
barrio
amp
include
ejynultywyamvba
ieyjiyhwfjazltv
07
txk
7
acb
qrpavbaiizbplcr
3
xpk
uey
8
ec
5
sub
1
swtzui
3
twlmdzwbdk
0
eispcbz
1
mchq
tei
8
znvbkifjrbmvdhu
3
aq
3
sairmwztgvdzwpm
4
wwwstbardqlasb
3
xvaohbbc
enjhtt
zjd
qhvpdqsmqdoc
8
hxbecq
8
nukgzggrpyarvtyftl
2
vebio
0
ol
2
wh
3
qbfe
0
sr
ndkrm
0
ktjz
0
fcizlcmzj
5
vpkska
8
gs
0
wvhcwca
1
mdhdsvh
6
criuw
61
jo
2
oyqrnlswbwm
9
xcsl
cd
xzxsjpzt
2
fn
ydltxjajgkveqry
8
wqul
8
shkfmdx
1
hwnv
1
ssx
6
dzclblfuk
rqmhqoyhmokzx
bgsiqac
skip
to
main
content
iframe
src
https://www.googletagmanager.com/ns.html
id
gtm
ml
2
bzb
height
0
width
0
style
display
none
visibility
hidden
form
action
search
google
method
get
id
search
block
form
accept
charset
utf
8
class
search
form
search
block
form
search
input
title
enter
the
terms
you
wish
to
search
for
data
drupal
selector
edit
keys
type
search
id
edit
keys
name
keys
value
size
15
maxlength
class
form
search
form
control
placeholder
search
this
site
aria
label
search
this
site
search
button
resources
menu
height
43
px
margin
top
5
px
padding
5
px
25
px
button
resources
menu
hover
button
resources
menu
active
button
resources
menu
focus
color
white
background
color
border
color
important
resources
class
dropdown
item
href
https://map.arizona.edu/
campus
map
class
dropdown
item
href
https://directory.arizona.edu/all
directory
class
dropdown
item
href
https://uaccess.arizona.edu/
uaccess
class
dropdown
item
href
https://phonebook.arizona.edu/
phonebook
class
dropdown
item
href
future
wildcat
class
dropdown
item
href
weather
weather
class
dropdown
item
href
https://news.arizona.edu/
news
class
dropdown
item
href
calendars
events
calendar
row
container
search
search
menu
menu
href
title
the
university
of
arizona
home
class
qs
site
logo
block
rel
home
img
class
img
fluid
fetchpriority
high
src
sites
default
files
www
webheader
01
svg
alt
the
university
of
arizona
home
am
select
your
audience
choose
an
option
option
data
href
admissions
future
student
option
data
href
students
current
student
option
data
href
faculty
staff
faculty
or
staff
member
option
data
href
parents
visitors
parent
or
visitor
option
data
href
https://alumni.arizona.edu/
an
alumni
member
option
data
href
https://uafoundation.org/
donor
option
data
href
https://corporate.arizona.edu/
business
or
partner
go
to
the
page
for
that
group
class
btn
btn
block
btn
outline
red
mb
3
gta
cta
header
buttons
href
admissions
visit
visit
class
btn
btn
block
btn
red
mb
3
gta
cta
header
buttons
href
admissions
apply
apply
row
container
href
class
btn
btn
redbar
home
home
close
close
form
action
search
google
method
get
id
search
block
form
2
accept
charset
utf
8
class
search
form
search
block
form
search
input
title
enter
the
terms
you
wish
to
search
for
data
drupal
selector
edit
keys
type
search
id
edit
keys
2
name
keys
value
size
15
maxlength
class
form
search
form
control
placeholder
search
this
site
aria
label
search
this
site
search
main
navigation
admissions
href
admissions
class
dropdown
item
admissions
overview
href
admissions
first
year
class
dropdown
item
first
year
href
admissions
transfer
class
dropdown
item
transfer
href
admissions
graduate
class
dropdown
item
graduate
href
https://everywhere.arizona.edu/
class
dropdown
item
international
href
https://online.arizona.edu/
class
dropdown
item
online
href
admissions
returning
class
dropdown
item
returning
href
admissions
non
degree
seeking
class
dropdown
item
non
degree
seeking
href
admissions
counselors
class
dropdown
item
counselors
href
admissions
cape
certifications
class
dropdown
item
professional
education
amp
certification
href
https://www.arizona.edu/admissions/espanol
class
dropdown
item
admissions
en
espaol
academics
href
degree
search
class
dropdown
item
data
drupal
link
system
path
degree
search
undergraduate
majors
href
admissions
graduate
class
dropdown
item
graduate
programs
href
colleges
schools
class
dropdown
item
data
drupal
link
system
path
node
colleges
amp
schools
href
academics
class
dropdown
item
data
drupal
link
system
path
node
39
academic
resources
href
health
sciences
class
dropdown
item
data
drupal
link
system
path
node
40
health
sciences
href
registering
classes
class
dropdown
item
data
drupal
link
system
path
node
61
class
registration
href
libraries
class
dropdown
item
data
drupal
link
system
path
node
62
libraries
href
https://international.arizona.edu/
class
dropdown
item
international
engagement
research
href
https://research.arizona.edu/
class
dropdown
item
research
innovation
amp
impact
href
https://corporate.arizona.edu/
class
dropdown
item
corporate
engagement
href
class
dropdown
item
research
centers
href
class
dropdown
item
resources
for
researchers
href
class
dropdown
item
research
opportunities
for
students
href
https://environment.arizona.edu
class
dropdown
item
environment
amp
sustainability
student
life
href
student
life
class
dropdown
item
data
drupal
link
system
path
node
student
life
overview
href
student
life
dorms
dining
class
dropdown
item
active
is
active
data
drupal
link
system
path
node
living
on
campus
href
student
life
getting
involved
class
dropdown
item
data
drupal
link
system
path
node
getting
involved
href
student
life
campus
class
dropdown
item
data
drupal
link
system
path
node
amenities
href
student
life
spirit
class
dropdown
item
data
drupal
link
system
path
node
spirit
amp
traditions
href
student
life
tucson
class
dropdown
item
data
drupal
link
system
path
node
all
about
tucson
href
student
life
academic
experience
class
dropdown
item
data
drupal
link
system
path
node
academic
experience
href
admissions
student
stories
class
dropdown
item
student
stories
about
href
about
class
dropdown
item
data
drupal
link
system
path
node
2
about
arizona
href
admissions
cost
class
dropdown
item
tuition
amp
aid
href
class
dropdown
item
leadership
href
purpose
mission
values
class
dropdown
item
data
drupal
link
system
path
node
65
purpose
mission
amp
values
href
faculty
awards
honors
class
dropdown
item
data
drupal
link
system
path
node
45
faculty
awards
amp
honors
href
https://diversity.arizona.edu/
class
dropdown
item
diversity
amp
inclusion
href
https://strategicplan.arizona.edu/
class
dropdown
item
strategic
plan
href
https://news.arizona.edu/
class
nav
link
news
alumni
href
https://alumni.arizona.edu/
class
dropdown
item
arizona
alumni
href
class
dropdown
item
chapters
amp
clubs
href
class
dropdown
item
arizona
loyal
give
href
https://giving.arizona.edu/
class
dropdown
item
support
arizona
href
https://giving.arizona.edu/give-now
class
dropdown
item
give
today
href
https://arizonawildcats.com
class
nav
link
athletics
href
home
href
student
life
student
life
overview
living
amp
dining
on
campus
living
amp
dining
on
campus
style
type
text
css
az
text
media
background
image
url
sites
default
files
styles
az
full
width
bg
extra
small
public
living
dining
hero
1
jpg
itok
ncqi
5
rgn
background
repeat
no
repeat
background
color
transparent
background
size
cover
webkit
background
size
cover
moz
background
size
cover
background
size
cover
background
attachment
scroll
background
position
center
background
position
center
index
auto
media
all
and
min
width
px
az
text
media
background
image
url
sites
default
files
styles
az
full
width
bg
small
public
living
dining
hero
1
jpg
ba
9
itok
4
vej
iu
media
all
and
min
width
px
az
text
media
background
image
url
sites
default
files
styles
az
full
width
bg
medium
public
living
dining
hero
1
jpg
ce
itok
hlqkcdyk
media
all
and
min
width
px
az
text
media
background
image
url
sites
default
files
styles
az
full
width
bg
large
public
living
dining
hero
1
jpg
itok
tyxdou
7
living
on
campus
dorms
roommates
dining
eat
sleep
play
there
are
23
dorms
at
the
university
of
arizona
and
dozens
of
fraternity
and
sorority
houses
learn
about
the
benefits
of
each
dorms
district
specialty
living
learning
communities
and
how
to
find
roommate
plus
healthy
on
campus
dining
options
image
img
loading
lazy
class
img
fluid
image
style
az
medium
src
sites
default
files
styles
az
medium
public
eatsleepplay
image
0
jpg
itok
vz
77
piiw
width
height
alt
students
chill
outside
yavapai
dorm
living
learning
communities
some
dorms
have
living
learning
communities
where
you
can
live
with
wildcats
who
share
similar
interests
from
academics
and
culture
to
hobbies
and
support
networks
space
is
limited
nbsp
apida
scholars
community
yavapai
community
pima
blue
chip
leadership
community
pueblo
de
la
cienega
cambium
stem
scholars
community
honors
village
eller
pace
communities
coronado
manzanita
mohave
villa
del
puente
engineering
leadership
community
yuma
oodham
ki
community
yavapai
marsha
place
lgbtq
2
yavapai
outdoor
adventures
graham
greenlee
sbs
the
people
college
at
esperanza
tower
rbol
de
la
vida
the
arts
district
tad
community
manzanita
mohave
transfer
community
kaibab
huachuca
class
btn
btn
red
href
nbsp
find
common
interests
nbsp
dorm
districts
there
are
four
housing
districts
at
the
university
of
arizona
all
conveniently
located
near
your
classes
dining
and
places
to
meet
up
and
hang
out
explore
the
housing
amp
residential
life
website
to
see
virtual
tours
of
each
dorm
class
btn
btn
red
href
https://housing.arizona.edu/dorms
see
all
dorms
nbsp
pills
highland
district
historic
district
north
district
park
district
start
of
tab
1
image
img
loading
lazy
class
img
fluid
image
style
az
medium
src
sites
default
files
styles
az
medium
public
highland
district
map
jpg
itok
0
vbu
4
wt
width
height
alt
highland
district
map
image
img
loading
lazy
class
img
fluid
image
style
az
medium
src
sites
default
files
styles
az
medium
public
highland
district
image
jpg
itok
yll
5
vguk
width
height
alt
highland
district
highland
district
nine
dorms
are
located
within
the
highland
district
including
navajo
pinal
within
the
football
stadium
head
north
on
highland
avenue
and
youre
directly
on
the
mall
south
and
youre
at
campusrec
not
bad
place
to
be
known
for
the
highland
burrito
wildcat
legend
closest
to
arizona
stadium
and
mckale
hello
zonazoo
best
hangout
spot
the
highland
quad
start
of
tab
2
image
img
loading
lazy
class
img
fluid
image
style
az
medium
src
sites
default
files
styles
az
medium
public
historic
district
map
jpg
itok
meqfe
width
height
alt
historic
district
map
image
img
loading
lazy
class
img
fluid
image
style
az
medium
src
sites
default
files
styles
az
medium
public
historic
district
image
jpg
itok
hqjhslx
width
height
alt
historic
district
historic
district
this
is
where
youre
bound
to
run
into
familiar
face
and
find
your
community
the
average
size
of
the
nine
dorms
is
just
under
students
youre
likely
to
know
your
hallmates
residents
on
different
floors
and
more
closest
to
the
mall
student
union
and
old
main
best
hangout
spot
the
turtle
pond
live
here
if
you
want
the
classic
collegiate
dorm
experience
start
of
tab
3
image
img
loading
lazy
class
img
fluid
image
style
az
medium
src
sites
default
files
styles
az
medium
public
northdistrict
map
jpg
itok
7
korkpvl
width
height
alt
north
district
map
image
img
loading
lazy
class
img
fluid
image
style
az
medium
src
sites
default
files
styles
az
medium
public
northdistrict
image
jpg
itok
jg
0
ppugw
width
height
alt
north
district
north
district
although
the
north
district
is
home
to
just
one
dorm
the
honors
village
its
absolutely
not
isolated
the
honors
village
is
the
largest
residence
hall
on
campus
home
to
more
than
honors
wildcats
closest
to
northrec
best
hangout
spot
the
interior
courtyard
some
pros
include
collaborative
learning
classrooms
and
study
spaces
start
tab
4
image
img
loading
lazy
class
img
fluid
image
style
az
medium
src
sites
default
files
styles
az
medium
public
parkdistrict
map
jpg
itok
as
9
fi
5
sr
width
height
alt
park
district
map
image
img
loading
lazy
class
img
fluid
image
style
az
medium
src
sites
default
files
styles
az
medium
public
park
district
image
jpg
itok
0
txrwzf
width
height
alt
park
district
park
district
on
the
southwest
corner
of
campus
the
park
district
is
home
to
some
of
the
largest
dorms
at
the
university
of
arizona
including
arizona
sonora
az
so
for
those
in
the
know
and
coronado
closest
to
university
boulevard
and
its
restaurants
best
hangout
spot
some
of
the
best
views
of
campus
and
beyond
some
pros
include
the
outdoor
volleyball
courts
at
the
global
center
style
type
text
css
active
btn
outline
blue
color
background
color
border
color
nav
btn
outline
blue
color
border
color
nav
btn
outline
blue
hover
color
text
decoration
color
fff
source
srcset
sites
default
files
styles
az
full
width
bg
large
public
roommates
image
jpg
itok
npgkbpgd
1
media
all
and
min
width
px
type
image
jpeg
width
height
source
srcset
sites
default
files
styles
az
full
width
bg
medium
public
roommates
image
jpg
itok
ew
7
hai
6
1
media
all
and
min
width
px
type
image
jpeg
width
height
source
srcset
sites
default
files
styles
az
full
width
bg
small
public
roommates
image
jpg
itok
ynecqxpw
1
media
all
and
min
width
px
type
image
jpeg
width
height
img
class
img
fluid
src
sites
default
files
styles
az
full
width
bg
extra
small
public
roommates
image
jpg
amp
itok
dx
6
kkv
width
height
alt
two
students
talking
in
dorm
room
loading
lazy
all
about
roommates
wildcats
have
the
option
to
request
their
dorm
roommates
if
you
prefer
to
be
assigned
random
roommate
or
suite
mate
you
can
the
choice
is
up
to
you
class
btn
btn
red
href
roommate
process
source
srcset
sites
default
files
styles
az
full
width
bg
large
public
faternity
soroity
image
0
jpeg
itok
lwrqxwib
1
media
all
and
min
width
px
type
image
jpeg
width
height
source
srcset
sites
default
files
styles
az
full
width
bg
medium
public
faternity
soroity
image
0
jpeg
itok
sgav
3
af
1
media
all
and
min
width
px
type
image
jpeg
width
height
source
srcset
sites
default
files
styles
az
full
width
bg
small
public
faternity
soroity
image
0
jpeg
itok
ymzgtug
1
media
all
and
min
width
px
type
image
jpeg
width
height
img
class
img
fluid
src
sites
default
files
styles
az
full
width
bg
extra
small
public
faternity
soroity
image
0
jpeg
itok
mahqvhxv
width
height
alt
bronze
wildcat
statue
loading
lazy
fraternity
amp
sorority
housing
nearly
half
of
the
50
fraternities
and
sororities
at
the
university
of
arizona
have
housing
first
year
members
live
in
their
respective
nbsp
dorms
off
campus
apartments
or
houses
while
second
year
members
and
beyond
can
live
in
greek
housing
class
btn
btn
red
href
https://greek.arizona.edu/fsp/housing
see
greek
housing
nbsp
dorm
safety
on
campus
the
well
being
of
everyone
on
campus
is
of
utmost
importance
several
resources
are
provided
to
keep
the
university
of
arizonas
environment
safe
nbsp
ualert
free
service
that
delivers
emergency
notifications
during
campus
emergency
asua
safe
ride
providing
safe
nightly
transportation
on
and
around
the
main
campus
uapd
the
universitys
on
campus
police
department
dedicated
to
student
safety
class
btn
btn
red
href
campus
safety
see
campus
safety
style
type
text
css
az
text
media
background
image
url
sites
default
files
styles
az
full
width
bg
extra
small
public
oncampus
dining
bg
jpg
itok
dyxaj
0
oq
background
repeat
no
repeat
background
color
transparent
background
size
cover
webkit
background
size
cover
moz
background
size
cover
background
size
cover
background
attachment
scroll
background
position
center
background
position
center
index
auto
media
all
and
min
width
px
az
text
media
background
image
url
sites
default
files
styles
az
full
width
bg
small
public
oncampus
dining
bg
jpg
cb
4
itok
8
cpbattw
media
all
and
min
width
px
az
text
media
background
image
url
sites
default
files
styles
az
full
width
bg
medium
public
oncampus
dining
bg
jpg
itok
ml
84
ahgc
media
all
and
min
width
px
az
text
media
background
image
url
sites
default
files
styles
az
full
width
bg
large
public
oncampus
dining
bg
jpg
itok
fthut
on
campus
dining
there
are
dozens
of
on
campus
dining
options
at
the
university
of
arizona
for
everything
from
grab
and
go
snacks
between
classes
to
restaurants
where
you
can
eat
with
friends
all
are
health
forward
with
focus
on
nutrition
and
whole
ingredients
many
restaurants
offer
plant
based
options
and
menus
are
transparent
so
food
allergies
are
always
considered
wildcats
can
choose
meal
plan
that
works
best
for
them
including
debit
and
swipe
based
meal
plan
class
btn
btn
red
href
https://union.arizona.edu/
dining
guide
image
img
loading
lazy
class
img
fluid
image
style
az
medium
src
sites
default
files
styles
az
medium
public
resturants
nearuni
jpeg
itok
2
xf
0
ojm
8
width
height
alt
students
enjoying
outdoor
seating
at
restaurant
at
dusk
restaurants
near
the
university
the
university
of
arizona
is
surrounded
by
some
of
tucsons
favorite
dining
districts
including
university
boulevard
fourth
avenue
and
downtown
tucson
nbsp
href
student
life
tucson
learn
more
about
tucsons
dining
scene
image
img
loading
lazy
class
img
fluid
image
style
az
medium
src
sites
default
files
styles
az
medium
public
foodassistance
jpeg
itok
aoegazsh
width
height
alt
student
at
ua
campus
pantry
holding
jar
of
peanut
butter
food
assistance
the
href
https://campuspantry.arizona.edu/
campus
pantry
is
point
of
pride
for
the
university
of
arizona
place
where
wildcats
experiencing
food
insecurity
can
grab
important
food
staples
at
no
cost
swipe
your
catcard
and
browse
donated
canned
goods
produce
peanut
butter
and
more
student
stories
img
class
card
img
top
img
fluid
image
style
az
card
image
src
sites
default
files
styles
az
card
image
public
studentstories
transportation
jpeg
itok
kfdc
width
height
alt
map
of
the
university
of
arizona
open
in
phone
loading
lazy
transportation
options
if
youre
headed
to
campus
innovative
transportation
services
help
with
the
commute
href
class
btn
btn
block
btn
outline
red
stretched
link
read
article
img
class
card
img
top
img
fluid
image
style
az
card
image
src
sites
default
files
styles
az
card
image
public
studentstories
imin
jpeg
itok
srnib
7
vv
width
height
alt
in
loading
lazy
ive
been
accepted
now
what
recently
admitted
to
the
university
of
arizona
congrats
heres
whats
next
href
class
btn
btn
block
btn
outline
red
stretched
link
read
article
class
btn
btn
red
href
admissions
student
stories
nbsp
see
all
student
stories
apply
to
the
university
of
arizona
experience
what
it
all
about
make
the
university
of
arizona
your
home
away
from
home
class
btn
btn
outline
white
href
admissions
apply
apply
today
href
title
the
university
of
arizona
home
rel
home
class
qs
site
logo
block
mt
0
img
class
img
fluid
src
sites
default
files
www
webheader
png
alt
the
university
of
arizona
home
force
next
columns
to
break
to
new
line
at
md
breakpoint
and
up
footer
main
href
https://talent.arizona.edu/
class
bg
transparent
nav
link
nav
link
https
talentarizonaedu
employment
href
https://cirt.arizona.edu
class
bg
transparent
nav
link
nav
link
https
cirtarizonaedu
emergency
information
href
title
ix
class
bg
transparent
nav
link
nav
link
title
ix
data
drupal
link
system
path
node
66
title
ix
non
discrimination
href
https://safety.arizona.edu
target
blank
class
bg
transparent
nav
link
nav
link
https
safetyarizonaedu
campus
safety
href
https://clery.arizona.edu/annual-reports
class
pr
sm
0
bg
transparent
nav
link
pr
sm
0
bg
transparent
nav
link
https
cleryarizonaedu
annual
reports
annual
security
report
href
copyright
class
bg
transparent
nav
link
nav
link
copyright
data
drupal
link
system
path
node
64
copyright
href
campus
accessibility
class
bg
transparent
nav
link
nav
link
campus
accessibility
data
drupal
link
system
path
node
49
campus
accessibility
href
contact
us
class
bg
transparent
nav
link
nav
link
contact
us
data
drupal
link
system
path
node
69
contact
us
href
website
feedback
class
bg
transparent
nav
link
nav
link
website
feedback
data
drupal
link
system
path
node
80
feedback
the
university
of
arizona
tucson
arizona
information
for
href
admissions
class
bg
transparent
nav
link
nav
link
admissions
future
students
href
students
class
bg
transparent
nav
link
nav
link
students
data
drupal
link
system
path
node
38
current
students
href
faculty
staff
class
bg
transparent
nav
link
nav
link
faculty
staff
data
drupal
link
system
path
node
43
faculty
amp
staff
href
alumni
donors
class
bg
transparent
nav
link
nav
link
alumni
donors
alumni
amp
donors
href
parents
visitors
class
bg
transparent
nav
link
nav
link
parents
visitors
data
drupal
link
system
path
node
46
parents
amp
visitors
href
https://corporate.arizona.edu
class
bg
transparent
nav
link
nav
link
https
corporatearizonaedu
corporations
amp
businesses
topics
href
about
class
bg
transparent
nav
link
nav
link
about
data
drupal
link
system
path
node
2
about
the
university
href
academics
class
bg
transparent
nav
link
nav
link
academics
data
drupal
link
system
path
node
39
academics
href
arts
museums
class
bg
transparent
nav
link
nav
link
arts
museums
data
drupal
link
system
path
node
6
arts
amp
museums
href
athletics
recreation
class
bg
transparent
nav
link
nav
link
athletics
recreation
data
drupal
link
system
path
node
37
athletics
amp
recreation
href
colleges
schools
class
bg
transparent
nav
link
nav
link
colleges
schools
data
drupal
link
system
path
node
colleges
schools
departments
href
https://diversity.arizona.edu
class
bg
transparent
nav
link
nav
link
https
diversityarizonaedu
diversity
href
https://environment.arizona.edu
class
bg
transparent
nav
link
nav
link
https
environmentarizonaedu
environment
amp
sustainability
href
https://international.arizona.edu
class
bg
transparent
nav
link
nav
link
https
internationalarizonaedu
international
engagement
href
health
sciences
class
bg
transparent
nav
link
nav
link
health
sciences
data
drupal
link
system
path
node
40
health
amp
medical
href
libraries
class
bg
transparent
nav
link
nav
link
libraries
data
drupal
link
system
path
node
62
libraries
href
https://uaforyou.arizona.edu
class
bg
transparent
nav
link
nav
link
https
uaforyouarizonaedu
outreach
amp
extension
href
https://research.arizona.edu
class
bg
transparent
nav
link
nav
link
https
researcharizonaedu
research
amp
innovation
href
purpose
mission
values
class
bg
transparent
nav
link
nav
link
purpose
mission
values
data
drupal
link
system
path
node
65
purpose
mission
amp
values
resources
href
https://directory.arizona.edu/all
class
bg
transparent
nav
link
nav
link
https
directoryarizonaedu
all
directory
href
calendars
events
class
bg
transparent
nav
link
nav
link
calendars
events
data
drupal
link
system
path
node
67
calendars
href
https://map.arizona.edu
class
bg
transparent
nav
link
nav
link
https
maparizonaedu
campus
map
href
https://news.arizona.edu
class
bg
transparent
nav
link
nav
link
https
newsarizonaedu
news
href
https://phonebook.arizona.edu/
class
bg
transparent
nav
link
nav
link
https
phonebookarizonaedu
phonebook
href
weather
class
bg
transparent
nav
link
nav
link
weather
data
drupal
link
system
path
node
51
weather
connect
href
https://www.facebook.com/uarizona
class
az
icon
facebook
az
icon
spacing
bg
transparent
nav
link
az
icon
facebook
az
icon
spacingbg
transparent
nav
link
https
wwwfacebookcom
uarizona
facebook
href
https://x.com/uarizona
class
az
icon
twitter
az
icon
spacing
bg
transparent
nav
link
az
icon
twitteraz
icon
spacingbg
transparent
nav
link
https
xcom
uarizona
formerly
twitter
href
https://www.instagram.com/uarizona
class
az
icon
instagram
az
icon
spacing
bg
transparent
nav
link
az
icon
instagram
az
icon
spacingbg
transparent
nav
link
https
wwwinstagramcom
uarizona
instagram
href
class
az
icon
linkedin
az
icon
spacing
bg
transparent
nav
link
az
icon
linkedinaz
icon
spacingbg
transparent
nav
link
https
linkedincom
edu
university
of
arizona
linkedin
href
https://www.youtube.com/universityofarizona
class
az
icon
youtube
az
icon
spacing
bg
transparent
nav
link
az
icon
youtube
az
icon
spacingbg
transparent
nav
link
https
wwwyoutubecom
universityofarizona
youtube
we
respectfully
acknowledge
the
university
of
arizona
is
on
the
land
and
territories
of
indigenous
peoples
today
arizona
is
home
to
22
federally
recognized
tribes
with
tucson
being
home
to
the
oodham
and
the
yaqui
committed
to
diversity
and
inclusion
the
university
strives
to
build
sustainable
relationships
with
sovereign
native
nations
and
indigenous
communities
through
education
offerings
partnerships
and
community
service
href
target
blank
university
information
security
and
privacy
copy
the
arizona
board
of
regents
on
behalf
of
href
https://www.arizona.edu
target
blank
the
university
of
arizona
script
type
application
json
data
drupal
selector
drupal
settings
json
path
baseurl
pathprefix
currentpath
node
currentpathisadmin
false
isfront
false
currentlanguage
en
pluraldelimiter
suppressdeprecationerrors
true
gtm
tagid
null
settings
data
layer
datalayer
include
environment
false
tagids
gtm
ml
2
bzb
gtag
tagid
consentmode
false
otherids
events
additionalconfiginfo
ajaxpagestate
libraries
ejynuu
2
swyaifceth
8
lbjcbgj
4
yqxtunp
9
lm
7
pj
2
bto
yi
4
lkabeycawezquttui
3
twlmdzwbdk
0
eispcdyplokmzqwvecslx
8
kigdai
8
et
9
fp
owgu
1
wdxcuofv
1
whohjqzucd
kqqoxuev
llwf
1
ogheb
7
fhyannwm
yvt
8
bktmdme
1
4
rhzvf
4
mdukdesr
9
qp
2
wl
96
jrs
7
pneypmwfjyxxfz
7
imylf
6
kr
rgpnjma
0
ie
0
udylyqj
1
yfjwfqrklsre
0
vcp
45
uu
1
anyk
1
su
8
cserko
3
qbpj
72
wlrusrwwzrawczx
1
quphvnqn
1
bzkj
9
blwoncgqgyiocjzjhk
5
wozjz
3
sh
5
hkrfuf
ls
bsv
2
vvrkvnguausv
6
eqmwvsg
aak
7
egn
theme
az
barrio
theme
token
null
ajaxtrustedurl
search
google
true
data
extlink
exttarget
true
exttargetnooverride
true
extnofollow
false
extnoreferrer
false
extfollownooverride
false
extclass
0
extlabel
link
is
external
extimgclass
false
extsubdomains
false
extexclude
https
arizona
box
com
docs
google
com
dropbox
com
www
dropbox
com
emailarizona
my
sharepoint
com
events
trellis
arizona
edu
extinclude
sites
files
pdf
extcssexclude
extcssexplicit
extalert
false
extalerttext
this
link
will
take
you
to
an
external
web
site
we
are
not
responsible
for
their
content
mailtoclass
0
mailtolabel
link
sends
email
extusefontawesome
false
exticonplacement
append
extfalinkclasses
fa
fa
external
link
extfamailtoclasses
fa
fa
envelope
whitelisteddomains
field
group
html
element
mode
default
context
view
settings
classes
az
full
width
column
content
wrapper
id
element
div
show
label
false
label
element
3
label
element
classes
attributes
effect
none
speed
fast
show
empty
fields
false
googlecse
cx
lbd
nb
0
language
en
resultswidth
domain
isdefault
true
azselectmenu
ids
az
select
menu
select
menu
form
user
uid
0
permissionshash
bfb
34
abfee
fe
41
ce
cefbfa
2
bb
42
ab
script
src
sites
default
files
js
js
wyam
dsjvor
4
bcsunz
1
nzm
wj
4
aojwi
71
wekuhpnc
js
scope
footer
amp
delta
0
amp
language
en
amp
theme
az
barrio
amp
include
ejynultywyamvba
ieyjiyhwfjazltv
07
txk
7
acb
qrpavbaiizbplcr
3
xpk
uey
8
ec
5
sub
1
swtzui
3
twlmdzwbdk
0
eispcbz
1
mchq
tei
8
znvbkifjrbmvdhu
3
aq
3
sairmwztgvdzwpm
4
wwwstbardqlasb
3
xvaohbbc
enjhtt
zjd
qhvpdqsmqdoc
8
hxbecq
8
nukgzggrpyarvtyftl
2
vebio
0
ol
2
wh
3
qbfe
0
sr
ndkrm
0
ktjz
0
fcizlcmzj
5
vpkska
8
gs
0
wvhcwca
1
mdhdsvh
6
criuw
61
jo
2
oyqrnlswbwm
9
xcsl
cd
xzxsjpzt
2
fn
ydltxjajgkveqry
8
wqul
8
shkfmdx
1
hwnv
1
ssx
6
dzclblfuk
rqmhqoyhmokzx
bgsiqac
script
src
script
src
sites
default
files
js
js
azbwzu
fqwhhqlsxm
by
sj
0
kamf
3
vt
0
zk
js
scope
footer
amp
delta
2
amp
language
en
amp
theme
az
barrio
amp
include
ejynultywyamvba
ieyjiyhwfjazltv
07
txk
7
acb
qrpavbaiizbplcr
3
xpk
uey
8
ec
5
sub
1
swtzui
3
twlmdzwbdk
0
eispcbz
1
mchq
tei
8
znvbkifjrbmvdhu
3
aq
3
sairmwztgvdzwpm
4
wwwstbardqlasb
3
xvaohbbc
enjhtt
zjd
qhvpdqsmqdoc
8
hxbecq
8
nukgzggrpyarvtyftl
2
vebio
0
ol
2
wh
3
qbfe
0
sr
ndkrm
0
ktjz
0
fcizlcmzj
5
vpkska
8
gs
0
wvhcwca
1
mdhdsvh
6
criuw
61
jo
2
oyqrnlswbwm
9
xcsl
cd
xzxsjpzt
2
fn
ydltxjajgkveqry
8
wqul
8
shkfmdx
1
hwnv
1
ssx
6
dzclblfuk
rqmhqoyhmokzx
bgsiqac
script
src
modules
contrib
google
tag
js
gtm
js
sitqbk
script
src
modules
contrib
google
tag
js
gtag
js
sitqbk
script
src
sites
default
files
js
js
2
fi
86
ybbnfpsrakmmr
7
cc
2
kyo
7
esiscwk
5
hwc
js
scope
footer
amp
delta
5
amp
language
en
amp
theme
az
barrio
amp
include
ejynultywyamvba
ieyjiyhwfjazltv
07
txk
7
acb
qrpavbaiizbplcr
3
xpk
uey
8
ec
5
sub
1
swtzui
3
twlmdzwbdk
0
eispcbz
1
mchq
tei
8
znvbkifjrbmvdhu
3
aq
3
sairmwztgvdzwpm
4
wwwstbardqlasb
3
xvaohbbc
enjhtt
zjd
qhvpdqsmqdoc
8
hxbecq
8
nukgzggrpyarvtyftl
2
vebio
0
ol
2
wh
3
qbfe
0
sr
ndkrm
0
ktjz
0
fcizlcmzj
5
vpkska
8
gs
0
wvhcwca
1
mdhdsvh
6
criuw
61
jo
2
oyqrnlswbwm
9
xcsl
cd
xzxsjpzt
2
fn
ydltxjajgkveqry
8
wqul
8
shkfmdx
1
hwnv
1
ssx
6
dzclblfuk
rqmhqoyhmokzx
bgsiqac
