doctype
html
html
lang
en
dir
ltr
prefix
og
https://ogp.me/ns
class
sticky
footer
meta
charset
utf
8
form
antibot
not
antibot
message
display
none
important
meta
name
description
content
top
notch
services
for
our
world
class
faculty
and
staff
meta
property
og
site
name
content
the
university
of
arizona
meta
property
og
url
content
https://www.arizona.edu/faculty-staff
meta
property
og
title
content
faculty
amp
staff
meta
property
og
description
content
top
notch
services
for
our
world
class
faculty
and
staff
meta
name
twitter
card
content
summary
meta
name
generator
content
drupal
10
https://www.drupal.org
meta
name
mobileoptimized
content
width
meta
name
handheldfriendly
content
true
meta
name
viewport
content
width
device
width
initial
scale
1
shrink
to
fit
no
meta
http
equiv
ua
compatible
content
ie
edge
link
rel
icon
href
profiles
custom
az
quickstart
themes
custom
az
barrio
favicon
ico
type
image
vnd
microsoft
icon
link
rel
canonical
href
https://www.arizona.edu/faculty-staff
link
rel
shortlink
href
https://www.arizona.edu/node/43
faculty
amp
staff
the
university
of
arizona
link
rel
stylesheet
media
all
href
sites
default
files
css
css
wlm
8
hmkdmxf
1
uj
3
zo
2
mssyqgt
8
kw
8
vtog
pfztqtck
css
delta
0
amp
language
en
amp
theme
az
barrio
amp
include
ejynultywyamvbcgizeyyjhygaejve
lstr
9
tjfhitwfaljgbgstef
0
empxjfrv
1
owrodejqghzpvhacnmhs
rb
0
sxp
zripumq
4
gsljjmcoxplezykqx
lhmodicdsyxlhguxp
5
wlnsfy
2
vbqxs
31
cfugkhfqgmshqgef
6
xhgoc
1
qovqrcw
84
apanbxttikwf
kh
7
hpshuk
38
qmn
8
gtofyuvpw
8
izs
1
inukxmz
1
jhhis
fd
ojz
vejm
6
lpc
94
xhvtpaqeakvkfvnawsiz
5
9
etbbifacx
97
ufqka
14
svgdnukzfw
2
yxmztzdd
7
zmsfswinadbtfqpmlwki
aq
9
nl
89
wf
2
link
rel
stylesheet
media
all
href
sites
default
files
css
css
7
uf
mkbl
7
jsp
6
uuc
5
pk
7
sxbjlcqsrjq
27
pt
0
css
delta
1
amp
language
en
amp
theme
az
barrio
amp
include
ejynultywyamvbcgizeyyjhygaejve
lstr
9
tjfhitwfaljgbgstef
0
empxjfrv
1
owrodejqghzpvhacnmhs
rb
0
sxp
zripumq
4
gsljjmcoxplezykqx
lhmodicdsyxlhguxp
5
wlnsfy
2
vbqxs
31
cfugkhfqgmshqgef
6
xhgoc
1
qovqrcw
84
apanbxttikwf
kh
7
hpshuk
38
qmn
8
gtofyuvpw
8
izs
1
inukxmz
1
jhhis
fd
ojz
vejm
6
lpc
94
xhvtpaqeakvkfvnawsiz
5
9
etbbifacx
97
ufqka
14
svgdnukzfw
2
yxmztzdd
7
zmsfswinadbtfqpmlwki
aq
9
nl
89
wf
2
link
rel
stylesheet
media
print
href
sites
default
files
css
css
tbyrnf
6
toxw
2
ng
orcalepxwow
zi
2
xax
1
kqu
css
delta
2
amp
language
en
amp
theme
az
barrio
amp
include
ejynultywyamvbcgizeyyjhygaejve
lstr
9
tjfhitwfaljgbgstef
0
empxjfrv
1
owrodejqghzpvhacnmhs
rb
0
sxp
zripumq
4
gsljjmcoxplezykqx
lhmodicdsyxlhguxp
5
wlnsfy
2
vbqxs
31
cfugkhfqgmshqgef
6
xhgoc
1
qovqrcw
84
apanbxttikwf
kh
7
hpshuk
38
qmn
8
gtofyuvpw
8
izs
1
inukxmz
1
jhhis
fd
ojz
vejm
6
lpc
94
xhvtpaqeakvkfvnawsiz
5
9
etbbifacx
97
ufqka
14
svgdnukzfw
2
yxmztzdd
7
zmsfswinadbtfqpmlwki
aq
9
nl
89
wf
2
link
rel
stylesheet
media
all
href
https://use.typekit.net/emv3zbo.css
link
rel
stylesheet
media
all
href
https://fonts.googleapis.com/css
family
material
icons
sharp
link
rel
stylesheet
media
all
href
link
rel
stylesheet
media
all
href
link
rel
stylesheet
media
all
href
sites
default
files
css
css
1
wf
gystjkqcywrnzi
hjuqxaf
0
uahjuafcxy
8
css
delta
7
amp
language
en
amp
theme
az
barrio
amp
include
ejynultywyamvbcgizeyyjhygaejve
lstr
9
tjfhitwfaljgbgstef
0
empxjfrv
1
owrodejqghzpvhacnmhs
rb
0
sxp
zripumq
4
gsljjmcoxplezykqx
lhmodicdsyxlhguxp
5
wlnsfy
2
vbqxs
31
cfugkhfqgmshqgef
6
xhgoc
1
qovqrcw
84
apanbxttikwf
kh
7
hpshuk
38
qmn
8
gtofyuvpw
8
izs
1
inukxmz
1
jhhis
fd
ojz
vejm
6
lpc
94
xhvtpaqeakvkfvnawsiz
5
9
etbbifacx
97
ufqka
14
svgdnukzfw
2
yxmztzdd
7
zmsfswinadbtfqpmlwki
aq
9
nl
89
wf
2
link
rel
stylesheet
media
all
href
sites
default
files
css
css
ag
3
srw
51
kblhivqc
7
dl
1
me
msp
6
febf
5
ozquhtk
css
delta
8
amp
language
en
amp
theme
az
barrio
amp
include
ejynultywyamvbcgizeyyjhygaejve
lstr
9
tjfhitwfaljgbgstef
0
empxjfrv
1
owrodejqghzpvhacnmhs
rb
0
sxp
zripumq
4
gsljjmcoxplezykqx
lhmodicdsyxlhguxp
5
wlnsfy
2
vbqxs
31
cfugkhfqgmshqgef
6
xhgoc
1
qovqrcw
84
apanbxttikwf
kh
7
hpshuk
38
qmn
8
gtofyuvpw
8
izs
1
inukxmz
1
jhhis
fd
ojz
vejm
6
lpc
94
xhvtpaqeakvkfvnawsiz
5
9
etbbifacx
97
ufqka
14
svgdnukzfw
2
yxmztzdd
7
zmsfswinadbtfqpmlwki
aq
9
nl
89
wf
2
script
src
sites
default
files
js
js
dl
59
bcuaspk
7
rlq
irglyhge
8
esox
mlhla
js
scope
header
amp
delta
0
amp
language
en
amp
theme
az
barrio
amp
include
ejynultywyamvbcgizeyyjhygaejve
lstr
9
tjfhitwfaljgbgstef
0
empxjfrv
1
owrodejqghzpvhacnmhs
rb
0
sxp
zripumq
4
gsljjmcoxplezykqx
lhmodicdsyxlhguxp
5
wlnsfy
2
vbqxs
31
cfugkhfqgmshqgef
6
xhgoc
1
qovqrcw
84
apanbxttikwf
kh
7
hpshuk
38
qmn
8
gtofyuvpw
8
izs
1
inukxmz
1
jhhis
fd
ojz
vejm
6
lpc
94
xhvtpaqeakvkfvnawsiz
5
9
etbbifacx
97
ufqka
14
svgdnukzfw
2
yxmztzdd
7
zmsfswinadbtfqpmlwki
aq
9
nl
89
wf
2
skip
to
main
content
iframe
src
https://www.googletagmanager.com/ns.html
id
gtm
ml
2
bzb
height
0
width
0
style
display
none
visibility
hidden
form
action
search
google
method
get
id
search
block
form
accept
charset
utf
8
class
search
form
search
block
form
search
input
title
enter
the
terms
you
wish
to
search
for
data
drupal
selector
edit
keys
type
search
id
edit
keys
name
keys
value
size
15
maxlength
class
form
search
form
control
placeholder
search
this
site
aria
label
search
this
site
search
button
resources
menu
height
43
px
margin
top
5
px
padding
5
px
25
px
button
resources
menu
hover
button
resources
menu
active
button
resources
menu
focus
color
white
background
color
border
color
important
resources
class
dropdown
item
href
https://map.arizona.edu/
campus
map
class
dropdown
item
href
https://directory.arizona.edu/all
directory
class
dropdown
item
href
https://uaccess.arizona.edu/
uaccess
class
dropdown
item
href
https://phonebook.arizona.edu/
phonebook
class
dropdown
item
href
future
wildcat
class
dropdown
item
href
weather
weather
class
dropdown
item
href
https://news.arizona.edu/
news
class
dropdown
item
href
calendars
events
calendar
row
container
search
search
menu
menu
href
title
the
university
of
arizona
home
class
qs
site
logo
block
rel
home
img
class
img
fluid
fetchpriority
high
src
sites
default
files
www
webheader
01
svg
alt
the
university
of
arizona
home
am
select
your
audience
choose
an
option
option
data
href
admissions
future
student
option
data
href
students
current
student
option
data
href
faculty
staff
faculty
or
staff
member
option
data
href
parents
visitors
parent
or
visitor
option
data
href
https://alumni.arizona.edu/
an
alumni
member
option
data
href
https://uafoundation.org/
donor
option
data
href
https://corporate.arizona.edu/
business
or
partner
go
to
the
page
for
that
group
class
btn
btn
block
btn
outline
red
mb
3
gta
cta
header
buttons
href
admissions
visit
visit
class
btn
btn
block
btn
red
mb
3
gta
cta
header
buttons
href
admissions
apply
apply
row
container
href
class
btn
btn
redbar
home
home
close
close
form
action
search
google
method
get
id
search
block
form
2
accept
charset
utf
8
class
search
form
search
block
form
search
input
title
enter
the
terms
you
wish
to
search
for
data
drupal
selector
edit
keys
type
search
id
edit
keys
2
name
keys
value
size
15
maxlength
class
form
search
form
control
placeholder
search
this
site
aria
label
search
this
site
search
main
navigation
admissions
href
admissions
class
dropdown
item
admissions
overview
href
admissions
first
year
class
dropdown
item
first
year
href
admissions
transfer
class
dropdown
item
transfer
href
admissions
graduate
class
dropdown
item
graduate
href
https://everywhere.arizona.edu/
class
dropdown
item
international
href
https://online.arizona.edu/
class
dropdown
item
online
href
admissions
returning
class
dropdown
item
returning
href
admissions
non
degree
seeking
class
dropdown
item
non
degree
seeking
href
admissions
counselors
class
dropdown
item
counselors
href
admissions
cape
certifications
class
dropdown
item
professional
education
amp
certification
href
https://www.arizona.edu/admissions/espanol
class
dropdown
item
admissions
en
espaol
academics
href
degree
search
class
dropdown
item
data
drupal
link
system
path
degree
search
undergraduate
majors
href
admissions
graduate
class
dropdown
item
graduate
programs
href
colleges
schools
class
dropdown
item
data
drupal
link
system
path
node
colleges
amp
schools
href
academics
class
dropdown
item
data
drupal
link
system
path
node
39
academic
resources
href
health
sciences
class
dropdown
item
data
drupal
link
system
path
node
40
health
sciences
href
registering
classes
class
dropdown
item
data
drupal
link
system
path
node
61
class
registration
href
libraries
class
dropdown
item
data
drupal
link
system
path
node
62
libraries
href
https://international.arizona.edu/
class
dropdown
item
international
engagement
research
href
https://research.arizona.edu/
class
dropdown
item
research
innovation
amp
impact
href
https://corporate.arizona.edu/
class
dropdown
item
corporate
engagement
href
class
dropdown
item
research
centers
href
class
dropdown
item
resources
for
researchers
href
class
dropdown
item
research
opportunities
for
students
href
https://environment.arizona.edu
class
dropdown
item
environment
amp
sustainability
student
life
href
student
life
class
dropdown
item
data
drupal
link
system
path
node
student
life
overview
href
student
life
dorms
dining
class
dropdown
item
data
drupal
link
system
path
node
living
on
campus
href
student
life
getting
involved
class
dropdown
item
data
drupal
link
system
path
node
getting
involved
href
student
life
campus
class
dropdown
item
data
drupal
link
system
path
node
amenities
href
student
life
spirit
class
dropdown
item
data
drupal
link
system
path
node
spirit
amp
traditions
href
student
life
tucson
class
dropdown
item
data
drupal
link
system
path
node
all
about
tucson
href
student
life
academic
experience
class
dropdown
item
data
drupal
link
system
path
node
academic
experience
href
admissions
student
stories
class
dropdown
item
student
stories
about
href
about
class
dropdown
item
data
drupal
link
system
path
node
2
about
arizona
href
admissions
cost
class
dropdown
item
tuition
amp
aid
href
class
dropdown
item
leadership
href
purpose
mission
values
class
dropdown
item
data
drupal
link
system
path
node
65
purpose
mission
amp
values
href
faculty
awards
honors
class
dropdown
item
data
drupal
link
system
path
node
45
faculty
awards
amp
honors
href
https://diversity.arizona.edu/
class
dropdown
item
diversity
amp
inclusion
href
https://strategicplan.arizona.edu/
class
dropdown
item
strategic
plan
href
https://news.arizona.edu/
class
nav
link
news
alumni
href
https://alumni.arizona.edu/
class
dropdown
item
arizona
alumni
href
class
dropdown
item
chapters
amp
clubs
href
class
dropdown
item
arizona
loyal
give
href
https://giving.arizona.edu/
class
dropdown
item
support
arizona
href
https://giving.arizona.edu/give-now
class
dropdown
item
give
today
href
https://arizonawildcats.com
class
nav
link
athletics
href
home
faculty
amp
staff
faculty
amp
staff
faculty
amp
staff
top
notch
services
for
our
world
class
faculty
and
staff
style
type
text
css
no
hover
font
weight
normal
no
hover
hover
no
hover
focus
color
text
decoration
none
action
card
hover
color
eb
action
text
hover
color
eb
email
nbsp
class
remove
external
link
icon
borderless
link
container
no
hover
stretched
link
href
https://outlook.office.com/owa/
realm
email
arizona
edu
sign
in
to
your
uarizona
email
nbsp
office
nbsp
class
remove
external
link
icon
borderless
link
container
no
hover
stretched
link
href
https://portal.office.com/
access
microsoft
word
excel
outlook
and
more
nbsp
uaccess
nbsp
class
remove
external
link
icon
borderless
link
container
no
hover
stretched
link
href
https://uaccess.arizona.edu/
access
your
payroll
report
weekly
time
and
more
2
nbsp
class
remove
external
link
icon
borderless
link
container
no
hover
stretched
link
href
https://d2l.arizona.edu/d2l/loginh/
sign
in
to
create
and
manage
classes
it
help
nbsp
class
remove
external
link
icon
borderless
link
container
no
hover
stretched
link
href
https://it.arizona.edu/get-support
call
or
chat
with
the
it
support
center
working
at
arizona
image
img
loading
lazy
class
img
fluid
image
style
az
large
src
sites
default
files
styles
az
large
public
faculty
marquee
new
jpeg
itok
bj
7
kfa
6
width
height
alt
faculty
member
teaching
uarizona
student
employee
and
management
advising
hiring
strategies
employee
benefits
work
site
wellness
professional
development
and
more
href
benefits
href
https://www.fso.arizona.edu/payroll
payroll
href
https://talent.arizona.edu/
employment
amp
jobs
href
https://lifework.arizona.edu/
life
amp
work
connections
href
https://edgelearning.arizona.edu/
professional
development
href
employee
advising
href
faculty
amp
staff
family
admissions
href
https://equity.arizona.edu
office
of
institutional
equity
href
https://ombuds.arizona.edu
ombuds
program
class
card
link
btn
btn
default
href
https://hr.arizona.edu
human
resources
nbsp
employee
resources
find
resources
to
help
with
your
day
to
day
work
and
to
ensure
safe
work
environment
href
https://directory.arizona.edu/directory
directory
href
faculty
faculty
resources
href
staff
appointed
professionals
staff
resources
href
https://brand.arizona.edu/
marketing
amp
web
resources
href
https://drc.arizona.edu/
disability
resources
href
https://compliance.arizona.edu/hotline
ethics
amp
compliance
hotline
href
campus
safety
campus
safety
arizona
campus
offerings
connect
with
key
campus
services
and
learn
more
about
what
is
happening
around
campus
href
https://parking.arizona.edu/
parking
amp
transportation
href
campus
health
href
https://union.arizona.edu/dining/
campus
dining
href
campus
rec
membership
href
arizona
athletics
tickets
href
libraries
libraries
href
https://news.arizona.edu/
news
amp
events
style
type
text
css
az
text
media
background
image
url
sites
default
files
styles
az
full
width
bg
extra
small
public
campus
jpeg
2
efb
itok
wqqy
background
repeat
no
repeat
background
color
transparent
background
size
cover
webkit
background
size
cover
moz
background
size
cover
background
size
cover
background
attachment
scroll
background
position
center
background
position
center
index
auto
media
all
and
min
width
px
az
text
media
background
image
url
sites
default
files
styles
az
full
width
bg
small
public
campus
jpeg
eae
itok
ld
23
ksri
media
all
and
min
width
px
az
text
media
background
image
url
sites
default
files
styles
az
full
width
bg
medium
public
campus
jpeg
itok
lj
6
umkok
media
all
and
min
width
px
az
text
media
background
image
url
sites
default
files
styles
az
full
width
bg
large
public
campus
jpeg
itok
cpqt
0
ou
6
calendars
class
btn
btn
default
btn
sm
mb
2
href
academic
calendar
nbsp
class
btn
btn
default
btn
sm
mb
2
href
holiday
schedule
plan
your
year
out
in
advance
new
year
means
new
campus
honored
holidays
and
nbsp
days
off
of
the
academic
term
for
staff
and
for
nbsp
faculty
campus
news
href
class
field
group
link
card
body
0
image
img
loading
lazy
class
img
fluid
image
style
az
card
image
src
sites
default
files
styles
az
card
image
public
images
ivalenzuela
jpg
itok
lpznctwg
width
height
alt
young
hispanic
woman
with
shoulder
length
hair
and
is
wearing
grey
short
sleeve
button
down
shirt
and
smiling
in
front
of
background
of
verticle
lines
mixed
with
green
foliage
first
year
student
chooses
of
as
launchpad
for
nasa
dream
job
monday
first
year
honors
student
ilana
valenzuela
is
eager
to
study
aerospace
and
mechanical
engineering
quot
genuinely
wish
there
was
infinite
time
to
take
every
class
and
learn
everything
about
every
field
of
science
quot
she
said
read
more
at
uarizona
news
href
class
field
group
link
card
body
0
image
img
loading
lazy
class
img
fluid
image
style
az
card
image
src
sites
default
files
styles
az
card
image
public
images
jpg
itok
dsxffyrh
width
height
alt
father
and
son
are
moving
items
on
the
university
of
arizona
campus
the
father
wearing
navy
blue
shirt
with
large
quot
quot
logo
and
matching
cap
is
pushing
cart
the
son
wearing
brown
shirt
is
pushing
large
bin
filled
with
boxes
and
various
items
they
are
walking
on
sunny
day
with
trees
and
campus
buildings
visible
in
the
background
of
to
welcome
record
number
of
in
state
students
as
part
of
largest
most
diverse
class
in
history
aug
23
more
than
first
year
students
including
record
arizona
residents
are
beginning
their
wildcat
journeys
at
the
university
of
arizona
read
more
at
uarizona
news
href
class
field
group
link
card
body
0
image
img
loading
lazy
class
img
fluid
image
style
az
card
image
src
sites
default
files
styles
az
card
image
public
images
valacich
jpg
itok
orzgoyap
width
height
alt
joe
valacich
of
fraud
detection
startup
neuroid
acquired
by
experian
aug
22
of
research
on
mouse
cursor
tracking
and
other
methods
of
human
computer
interaction
was
first
aimed
at
reducing
consumer
frustration
but
it
soon
evolved
into
fraud
protection
method
read
more
at
uarizona
news
class
btn
btn
outline
blue
href
https://news.arizona.edu/
arguments
term
node
tid
depth
lower
replace
title
see
all
arguments
term
node
tid
depth
stories
see
all
arguments
term
node
tid
depth
stories
join
the
conversation
stay
up
to
date
with
campus
news
events
and
your
fellow
arizona
faculty
and
staff
class
btn
btn
outline
white
btn
block
mb
2
href
https://news.arizona.edu/
news
class
btn
btn
outline
white
btn
block
mb
2
href
employee
news
href
title
the
university
of
arizona
home
rel
home
class
qs
site
logo
block
mt
0
img
class
img
fluid
src
sites
default
files
www
webheader
png
alt
the
university
of
arizona
home
force
next
columns
to
break
to
new
line
at
md
breakpoint
and
up
footer
main
href
https://talent.arizona.edu/
class
bg
transparent
nav
link
nav
link
https
talentarizonaedu
employment
href
https://cirt.arizona.edu
class
bg
transparent
nav
link
nav
link
https
cirtarizonaedu
emergency
information
href
title
ix
class
bg
transparent
nav
link
nav
link
title
ix
data
drupal
link
system
path
node
66
title
ix
non
discrimination
href
https://safety.arizona.edu
target
blank
class
bg
transparent
nav
link
nav
link
https
safetyarizonaedu
campus
safety
href
https://clery.arizona.edu/annual-reports
class
pr
sm
0
bg
transparent
nav
link
pr
sm
0
bg
transparent
nav
link
https
cleryarizonaedu
annual
reports
annual
security
report
href
copyright
class
bg
transparent
nav
link
nav
link
copyright
data
drupal
link
system
path
node
64
copyright
href
campus
accessibility
class
bg
transparent
nav
link
nav
link
campus
accessibility
data
drupal
link
system
path
node
49
campus
accessibility
href
contact
us
class
bg
transparent
nav
link
nav
link
contact
us
data
drupal
link
system
path
node
69
contact
us
href
website
feedback
class
bg
transparent
nav
link
nav
link
website
feedback
data
drupal
link
system
path
node
80
feedback
the
university
of
arizona
tucson
arizona
information
for
href
admissions
class
bg
transparent
nav
link
nav
link
admissions
future
students
href
students
class
bg
transparent
nav
link
nav
link
students
data
drupal
link
system
path
node
38
current
students
href
faculty
staff
class
bg
transparent
nav
link
active
nav
link
faculty
staff
is
active
data
drupal
link
system
path
node
43
faculty
amp
staff
href
alumni
donors
class
bg
transparent
nav
link
nav
link
alumni
donors
alumni
amp
donors
href
parents
visitors
class
bg
transparent
nav
link
nav
link
parents
visitors
data
drupal
link
system
path
node
46
parents
amp
visitors
href
https://corporate.arizona.edu
class
bg
transparent
nav
link
nav
link
https
corporatearizonaedu
corporations
amp
businesses
topics
href
about
class
bg
transparent
nav
link
nav
link
about
data
drupal
link
system
path
node
2
about
the
university
href
academics
class
bg
transparent
nav
link
nav
link
academics
data
drupal
link
system
path
node
39
academics
href
arts
museums
class
bg
transparent
nav
link
nav
link
arts
museums
data
drupal
link
system
path
node
6
arts
amp
museums
href
athletics
recreation
class
bg
transparent
nav
link
nav
link
athletics
recreation
data
drupal
link
system
path
node
37
athletics
amp
recreation
href
colleges
schools
class
bg
transparent
nav
link
nav
link
colleges
schools
data
drupal
link
system
path
node
colleges
schools
departments
href
https://diversity.arizona.edu
class
bg
transparent
nav
link
nav
link
https
diversityarizonaedu
diversity
href
https://environment.arizona.edu
class
bg
transparent
nav
link
nav
link
https
environmentarizonaedu
environment
amp
sustainability
href
https://international.arizona.edu
class
bg
transparent
nav
link
nav
link
https
internationalarizonaedu
international
engagement
href
health
sciences
class
bg
transparent
nav
link
nav
link
health
sciences
data
drupal
link
system
path
node
40
health
amp
medical
href
libraries
class
bg
transparent
nav
link
nav
link
libraries
data
drupal
link
system
path
node
62
libraries
href
https://uaforyou.arizona.edu
class
bg
transparent
nav
link
nav
link
https
uaforyouarizonaedu
outreach
amp
extension
href
https://research.arizona.edu
class
bg
transparent
nav
link
nav
link
https
researcharizonaedu
research
amp
innovation
href
purpose
mission
values
class
bg
transparent
nav
link
nav
link
purpose
mission
values
data
drupal
link
system
path
node
65
purpose
mission
amp
values
resources
href
https://directory.arizona.edu/all
class
bg
transparent
nav
link
nav
link
https
directoryarizonaedu
all
directory
href
calendars
events
class
bg
transparent
nav
link
nav
link
calendars
events
data
drupal
link
system
path
node
67
calendars
href
https://map.arizona.edu
class
bg
transparent
nav
link
nav
link
https
maparizonaedu
campus
map
href
https://news.arizona.edu
class
bg
transparent
nav
link
nav
link
https
newsarizonaedu
news
href
https://phonebook.arizona.edu/
class
bg
transparent
nav
link
nav
link
https
phonebookarizonaedu
phonebook
href
weather
class
bg
transparent
nav
link
nav
link
weather
data
drupal
link
system
path
node
51
weather
connect
href
https://www.facebook.com/uarizona
class
az
icon
facebook
az
icon
spacing
bg
transparent
nav
link
az
icon
facebook
az
icon
spacingbg
transparent
nav
link
https
wwwfacebookcom
uarizona
facebook
href
https://x.com/uarizona
class
az
icon
twitter
az
icon
spacing
bg
transparent
nav
link
az
icon
twitteraz
icon
spacingbg
transparent
nav
link
https
xcom
uarizona
formerly
twitter
href
https://www.instagram.com/uarizona
class
az
icon
instagram
az
icon
spacing
bg
transparent
nav
link
az
icon
instagram
az
icon
spacingbg
transparent
nav
link
https
wwwinstagramcom
uarizona
instagram
href
class
az
icon
linkedin
az
icon
spacing
bg
transparent
nav
link
az
icon
linkedinaz
icon
spacingbg
transparent
nav
link
https
linkedincom
edu
university
of
arizona
linkedin
href
https://www.youtube.com/universityofarizona
class
az
icon
youtube
az
icon
spacing
bg
transparent
nav
link
az
icon
youtube
az
icon
spacingbg
transparent
nav
link
https
wwwyoutubecom
universityofarizona
youtube
we
respectfully
acknowledge
the
university
of
arizona
is
on
the
land
and
territories
of
indigenous
peoples
today
arizona
is
home
to
22
federally
recognized
tribes
with
tucson
being
home
to
the
oodham
and
the
yaqui
committed
to
diversity
and
inclusion
the
university
strives
to
build
sustainable
relationships
with
sovereign
native
nations
and
indigenous
communities
through
education
offerings
partnerships
and
community
service
href
target
blank
university
information
security
and
privacy
copy
the
arizona
board
of
regents
on
behalf
of
href
https://www.arizona.edu
target
blank
the
university
of
arizona
script
type
application
json
data
drupal
selector
drupal
settings
json
path
baseurl
pathprefix
currentpath
node
43
currentpathisadmin
false
isfront
false
currentlanguage
en
pluraldelimiter
suppressdeprecationerrors
true
gtm
tagid
null
settings
data
layer
datalayer
include
environment
false
tagids
gtm
ml
2
bzb
gtag
tagid
consentmode
false
otherids
events
additionalconfiginfo
ajaxpagestate
libraries
ejynuluowyamvbajr
0
ighejjimkmr
9
mvyvbatnwq
ueee
0
aggyazxcr
8
qielasc
8
utkyyaunjkenmzsmz
0
mxl
kbgbc
7
xgoue
fzdmabbqt
4
dd
oaqqfmhguxv
92
ayt
4
tvaqrncqp
3
amdjjwo
23
qovqyz
1
zp
6
gxiwfv
8
yfslik
cf
6
qmrqruuqv
8
yer
4
fw
4
xqp
3
bjqd
9
ru
oi
2
xmrslnfmxnp
0
nlsxgwrvvh
4
lf
5
htt
7
oxepyi
9
8
xi
6
xifn
2
ovb
vpte
thvofeavsgk
ggqz
qgnud
ofp
6
di
wendlajjaudjy
8
vb
1
taxpulydn
6
xtcwtnocozphvldezzev
3
wh
am
0
qf
2
theme
az
barrio
theme
token
null
ajaxtrustedurl
search
google
true
data
extlink
exttarget
true
exttargetnooverride
true
extnofollow
false
extnoreferrer
false
extfollownooverride
false
extclass
0
extlabel
link
is
external
extimgclass
false
extsubdomains
false
extexclude
https
arizona
box
com
docs
google
com
dropbox
com
www
dropbox
com
emailarizona
my
sharepoint
com
events
trellis
arizona
edu
extinclude
sites
files
pdf
extcssexclude
extcssexplicit
extalert
false
extalerttext
this
link
will
take
you
to
an
external
web
site
we
are
not
responsible
for
their
content
mailtoclass
0
mailtolabel
link
sends
email
extusefontawesome
false
exticonplacement
append
extfalinkclasses
fa
fa
external
link
extfamailtoclasses
fa
fa
envelope
whitelisteddomains
field
group
html
element
mode
az
large
context
view
settings
classes
id
element
figure
show
label
false
label
element
3
label
element
classes
attributes
style
max
width
px
effect
none
speed
fast
show
empty
fields
false
link
mode
az
card
context
view
settings
classes
card
body
0
id
target
custom
uri
custom
uri
node
az
canonical
url
target
attribute
default
googlecse
cx
lbd
nb
0
language
en
resultswidth
domain
isdefault
true
azselectmenu
ids
az
select
menu
select
menu
form
user
uid
0
permissionshash
bfb
34
abfee
fe
41
ce
cefbfa
2
bb
42
ab
script
src
sites
default
files
js
js
nl
0
zwww
90
ztoxljdfm
3
qjpqbp
nx
3
gpwnm
js
scope
footer
amp
delta
0
amp
language
en
amp
theme
az
barrio
amp
include
ejynultywyamvbcgizeyyjhygaejve
lstr
9
tjfhitwfaljgbgstef
0
empxjfrv
1
owrodejqghzpvhacnmhs
rb
0
sxp
zripumq
4
gsljjmcoxplezykqx
lhmodicdsyxlhguxp
5
wlnsfy
2
vbqxs
31
cfugkhfqgmshqgef
6
xhgoc
1
qovqrcw
84
apanbxttikwf
kh
7
hpshuk
38
qmn
8
gtofyuvpw
8
izs
1
inukxmz
1
jhhis
fd
ojz
vejm
6
lpc
94
xhvtpaqeakvkfvnawsiz
5
9
etbbifacx
97
ufqka
14
svgdnukzfw
2
yxmztzdd
7
zmsfswinadbtfqpmlwki
aq
9
nl
89
wf
2
script
src
script
src
sites
default
files
js
js
azbwzu
fqwhhqlsxm
by
sj
0
kamf
3
vt
0
zk
js
scope
footer
amp
delta
2
amp
language
en
amp
theme
az
barrio
amp
include
ejynultywyamvbcgizeyyjhygaejve
lstr
9
tjfhitwfaljgbgstef
0
empxjfrv
1
owrodejqghzpvhacnmhs
rb
0
sxp
zripumq
4
gsljjmcoxplezykqx
lhmodicdsyxlhguxp
5
wlnsfy
2
vbqxs
31
cfugkhfqgmshqgef
6
xhgoc
1
qovqrcw
84
apanbxttikwf
kh
7
hpshuk
38
qmn
8
gtofyuvpw
8
izs
1
inukxmz
1
jhhis
fd
ojz
vejm
6
lpc
94
xhvtpaqeakvkfvnawsiz
5
9
etbbifacx
97
ufqka
14
svgdnukzfw
2
yxmztzdd
7
zmsfswinadbtfqpmlwki
aq
9
nl
89
wf
2
script
src
modules
contrib
google
tag
js
gtm
js
sitqbk
script
src
modules
contrib
google
tag
js
gtag
js
sitqbk
script
src
sites
default
files
js
js
2
fi
86
ybbnfpsrakmmr
7
cc
2
kyo
7
esiscwk
5
hwc
js
scope
footer
amp
delta
5
amp
language
en
amp
theme
az
barrio
amp
include
ejynultywyamvbcgizeyyjhygaejve
lstr
9
tjfhitwfaljgbgstef
0
empxjfrv
1
owrodejqghzpvhacnmhs
rb
0
sxp
zripumq
4
gsljjmcoxplezykqx
lhmodicdsyxlhguxp
5
wlnsfy
2
vbqxs
31
cfugkhfqgmshqgef
6
xhgoc
1
qovqrcw
84
apanbxttikwf
kh
7
hpshuk
38
qmn
8
gtofyuvpw
8
izs
1
inukxmz
1
jhhis
fd
ojz
vejm
6
lpc
94
xhvtpaqeakvkfvnawsiz
5
9
etbbifacx
97
ufqka
14
svgdnukzfw
2
yxmztzdd
7
zmsfswinadbtfqpmlwki
aq
9
nl
89
wf
2
