doctype
html
if
gt
ie
8
html
class
no
js
lang
en
xmlns
content
http://purl.org/rss/1.0/modules/content/
xmlns
dc
http://purl.org/dc/terms/
xmlns
foaf
http://xmlns.com/foaf/0.1/
xmlns
og
http://ogp.me/ns
xmlns
rdfs
http://www.w3.org/2000/01/rdf-schema
xmlns
sioc
http://rdfs.org/sioc/ns
xmlns
sioct
http://rdfs.org/sioc/types
xmlns
skos
http://www.w3.org/2004/02/skos/core
xmlns
xsd
http://www.w3.org/2001/XMLSchema
lang
en
dir
ltr
endif
typekit
acct
jp
script
src
https://use.typekit.net/eja0ypr.js
try
typekit
load
async
true
catch
typekit
integrating
the
study
of
mind
brain
behavior
and
language
cognitive
linguistic
psychological
sciences
brown
university
meta
http
equiv
content
type
content
text
html
charset
utf
8
meta
name
generator
content
drupal
7
http://drupal.org
link
rel
canonical
href
academics
cognitive
linguistic
psychological
sciences
home
link
rel
shortlink
href
academics
cognitive
linguistic
psychological
sciences
node
66
link
rel
shortcut
icon
href
meta
name
generator
content
drupal
mothership
link
rel
apple
touch
icon
sizes
href
link
rel
apple
touch
icon
sizes
href
link
rel
apple
touch
icon
sizes
href
link
rel
apple
touch
icon
href
link
rel
apple
touch
startup
image
href
import
url
ruusn
4
import
url
ruusn
4
import
url
ruusn
4
import
url
ruusn
4
import
url
ruusn
4
import
url
ruusn
4
import
url
ruusn
4
import
url
ruusn
4
import
url
ruusn
4
import
url
ruusn
4
import
url
ruusn
4
import
url
ruusn
4
import
url
ruusn
4
import
url
ruusn
4
import
url
ruusn
4
import
url
ruusn
4
import
url
ruusn
4
link
rel
stylesheet
href
cloud
typography
com
css
fonts
css
import
url
ruusn
4
import
url
ruusn
4
import
url
ruusn
4
import
url
ruusn
4
if
lt
ie
9
script
src
endif
if
lt
ie
9
script
src
endif
skip
to
main
content
skip
to
primary
site
menu
form
class
google
cse
action
academics
cognitive
linguistic
psychological
sciences
method
post
id
search
block
form
accept
charset
utf
8
search
form
search
input
title
enter
the
terms
you
wish
to
search
for
placeholder
search
type
text
id
edit
search
block
form
2
name
search
block
form
value
size
30
maxlength
input
type
hidden
name
pass
value
input
type
hidden
name
current
pass
value
input
type
submit
id
edit
submit
name
op
value
search
input
type
hidden
name
form
build
id
value
form
hknrvp
9
vqn
ei
0
gmmus
cl
4
hqvimuabt
6
jdmqmle
input
type
hidden
name
form
id
value
search
block
form
href
www
brown
edu
explore
brown
university
search
global
navigation
learn
more
href
www
brown
edu
about
about
brown
href
www
brown
edu
academics
academics
href
www
brown
edu
admission
admission
href
www
brown
edu
research
research
href
www
brown
edu
campus
life
campus
life
find
href
www
brown
edu
to
to
index
href
directory
brown
edu
people
directory
information
for
href
www
brown
edu
gateway
current
students
students
href
www
brown
edu
gateway
faculty
faculty
href
www
brown
edu
gateway
staff
staff
href
www
brown
edu
gateway
families
families
href
brunonia
brown
edu
alumni
alumni
href
www
brown
edu
gateway
friends
and
neighbors
friends
amp
neighbors
top
destinations
href
www
brown
edu
about
administration
global
engagement
global
brown
href
watson
brown
edu
watson
institute
href
www
brown
edu
gradschool
graduate
school
href
med
brown
edu
alpert
medical
school
href
www
brown
edu
academics
public
health
school
of
public
health
href
brown
edu
academics
engineering
school
of
engineering
cognitive
linguistic
amp
psychological
sciences
img
typeof
foaf
image
src
width
height
alt
href
academics
cognitive
linguistic
psychological
sciences
home
class
active
trail
active
home
href
academics
cognitive
linguistic
psychological
sciences
about
about
href
academics
cognitive
linguistic
psychological
sciences
people
title
people
href
academics
cognitive
linguistic
psychological
sciences
diversity
diversity
href
academics
cognitive
linguistic
psychological
sciences
research
research
href
academics
cognitive
linguistic
psychological
sciences
academics
academics
href
academics
cognitive
linguistic
psychological
sciences
events
events
href
academics
cognitive
linguistic
psychological
sciences
faculty
activities
faculty
activities
href
academics
cognitive
linguistic
psychological
sciences
visit
us
title
visit
us
site
navigation
href
academics
cognitive
linguistic
psychological
sciences
home
class
active
trail
active
home
href
academics
cognitive
linguistic
psychological
sciences
about
about
href
title
link
to
clps
internal
website
internal
website
href
academics
cognitive
linguistic
psychological
sciences
people
title
people
href
title
regular
faculty
href
academics
cognitive
linguistic
psychological
sciences
teaching
faculty
teaching
faculty
href
academics
cognitive
linguistic
psychological
sciences
research
faculty
research
faculty
href
academics
cognitive
linguistic
psychological
sciences
postdocs
title
postdocs
href
academics
cognitive
linguistic
psychological
sciences
emeritus
faculty
emeritus
faculty
href
academics
cognitive
linguistic
psychological
sciences
graduate
students
graduate
students
href
academics
cognitive
linguistic
psychological
sciences
administrative
staff
administrative
staff
href
academics
cognitive
linguistic
psychological
sciences
linguistics
faculty
linguistics
faculty
href
academics
cognitive
linguistic
psychological
sciences
diversity
diversity
href
academics
cognitive
linguistic
psychological
sciences
black
lives
matter
statement
on
anti
racism
href
academics
cognitive
linguistic
psychological
sciences
related
research
related
research
href
academics
cognitive
linguistic
psychological
sciences
diap
committee
diap
committee
href
academics
cognitive
linguistic
psychological
sciences
research
research
href
academics
cognitive
linguistic
psychological
sciences
research
focus
areas
focus
areas
href
academics
cognitive
linguistic
psychological
sciences
centers
initiatives
centers
amp
initiatives
href
academics
cognitive
linguistic
psychological
sciences
academics
academics
href
academics
cognitive
linguistic
psychological
sciences
undergraduates
undergraduates
href
academics
cognitive
linguistic
psychological
sciences
behavioral
decision
sciences
behavioral
decision
sciences
href
academics
cognitive
linguistic
psychological
sciences
requirements
cognitive
science
cognitive
science
href
academics
cognitive
linguistic
psychological
sciences
requirements
cognitive
neuroscience
cognitive
neuroscience
href
academics
cognitive
linguistic
psychological
sciences
requirements
linguistics
linguistics
href
academics
cognitive
linguistic
psychological
sciences
requirements
psychology
psychology
href
academics
cognitive
linguistic
psychological
sciences
department
undergraduate
groups
dugs
title
department
undergraduate
groups
dugs
dugs
href
academics
cognitive
linguistic
psychological
sciences
honors
honors
href
academics
cognitive
linguistic
psychological
sciences
requirements
overview
requirements
href
academics
cognitive
linguistic
psychological
sciences
undergraduate
resources
resources
href
academics
cognitive
linguistic
psychological
sciences
prospective
graduate
students
prospective
graduate
students
href
academics
cognitive
linguistic
psychological
sciences
graduate
scholarships
aid
scholarships
amp
aid
href
academics
cognitive
linguistic
psychological
sciences
graduate
students
0
graduate
students
href
academics
cognitive
linguistic
psychological
sciences
clps
graduate
handbook
clps
graduate
handbook
href
academics
cognitive
linguistic
psychological
sciences
events
events
href
academics
cognitive
linguistic
psychological
sciences
clps
colloquium
series
clps
colloquium
series
href
academics
cognitive
linguistic
psychological
sciences
cognition
seminar
cognition
seminar
href
academics
cognitive
linguistic
psychological
sciences
developmental
brown
bag
speaker
series
developmental
brown
bag
speaker
series
href
academics
cognitive
linguistic
psychological
sciences
perception
action
seminar
perception
action
seminar
href
academics
cognitive
linguistic
psychological
sciences
social
cognitive
science
seminar
social
cognitive
science
seminar
href
academics
cognitive
linguistic
psychological
sciences
news
title
announcements
href
academics
cognitive
linguistic
psychological
sciences
faculty
activities
faculty
activities
href
academics
cognitive
linguistic
psychological
sciences
authors
authors
href
academics
cognitive
linguistic
psychological
sciences
fellows
fellows
href
academics
cognitive
linguistic
psychological
sciences
journal
editors
journal
editors
href
academics
cognitive
linguistic
psychological
sciences
presidents
presidents
href
academics
cognitive
linguistic
psychological
sciences
international
awards
international
awards
href
academics
cognitive
linguistic
psychological
sciences
visit
us
title
visit
us
br
img
alt
metcalf
research
building
brown
university
src
academics
cognitive
linguistic
psychological
sciences
sites
clps
files
jpg
br
br
metcalf
research
building
home
of
the
clps
department
at
brown
university
br
br
integrating
the
study
of
mind
brain
behavior
and
language
br
the
department
of
cognitive
linguistic
and
psychological
sciences
clps
was
created
in
by
joining
the
departments
of
psychology
established
in
and
cognitive
amp
linguistic
sciences
formed
in
state
of
the
art
research
in
mind
brain
behavior
and
language
requires
spanning
multiple
levels
of
analysis
and
using
range
of
approaches
and
methodologies
and
the
integration
of
these
two
closely
related
departments
has
created
an
environment
where
this
intellectual
synthesis
can
flourish
the
creation
of
clps
reflects
browns
philosophy
to
build
bridges
between
disciplines
and
to
encourage
interdisciplinary
studies
announcement
regarding
linguistics
as
of
fall
brown
linguistics
is
an
independent
program
separate
from
the
clps
department
information
on
the
linguistics
program
its
faculty
research
concentrations
and
course
offerings
can
be
found
on
the
program
data
saferedirecturl
https://www.google.com/url
https://linguistics.brown.edu/
amp
source
gmail
amp
ust
amp
usg
aovvaw
1
nslc
3
hhf
rnalkrorptck
href
https://linguistics.brown.edu/
target
blank
website
learn
more
about
clps
cognitive
linguistic
psychological
sciences
cognitive
linguistic
psychological
sciences
brown
university
box
nbsp
metcalf
research
building
img
src
academics
cognitive
linguistic
psychological
sciences
sites
all
modules
custom
contact
info
theme
accessible
png
class
accessible
entrance
alt
accessible
icon
thayer
street
providence
ri
phone
fax
email
class
email
href
cdn
cgi
email
protection
email
protected
resource
links
href
www
brown
edu
to
academics
depts
title
to
index
href
www
brown
edu
about
administration
human
resources
jobsbrown
title
career
opportunities
href
gifts
brown
edu
title
make
gift
href
directory
brown
edu
title
people
directory
brown
university
href
giving
brown
edu
class
giving
footer
giving
to
brown
providence
rhode
island
usa
href
www
brown
edu
contact
accesskey
9
contact
us
href
www
brown
edu
facilities
facilities
management
maps
building
maps
href
www
brown
edu
about
visit
driving
directions
directions
href
careers
brown
edu
accesskey
9
career
opportunities
href
www
brown
edu
about
administration
public
safety
campus
safety
href
www
brown
edu
website
accessibility
accessibility
href
www
facebook
com
brownuniversity
aria
label
facebook
href
twitter
com
brownuniversity
aria
label
twitter
href
www
youtube
com
brownuniversity
aria
label
youtube
href
instagram
com
brownu
aria
label
instagram
href
www
linkedin
com
edu
school
id
amp
trk
tyah
aria
label
linkedin
href
www
snapchat
com
add
brown
aria
label
snapchat
href
www
brown
edu
about
social
media
title
get
connected
to
the
brown
community
all
social
media
copy
brown
university
back
to
top
script
data
cfasync
false
src
cdn
cgi
scripts
dd
cloudflare
static
email
decode
min
js
script
src
2
script
src
2
script
src
2
script
src
script
src
ruusn
4
document
createelement
picture
script
src
ruusn
4
script
src
ruusn
4
script
src
ruusn
4
script
src
ruusn
4
jquery
extend
drupal
settings
basepath
academics
cognitive
linguistic
psychological
sciences
pathprefix
sethasjscookie
0
ajaxpagestate
theme
university
theme
token
ch
klh
37
3
ipmmtdebb
6
kffjlf
xr
iqw
8
js
sites
all
modules
contrib
picture
picturefill
2
picturefill
min
js
1
sites
all
modules
contrib
picture
picture
min
js
1
sites
all
modules
custom
bs
2
search
js
bs
2
search
js
1
sites
all
modules
contrib
jquery
update
replace
jquery
jquery
min
js
1
misc
jquery
extend
0
js
1
misc
jquery
html
prefilter
0
backport
js
1
misc
jquery
once
js
1
misc
drupal
js
1
0
1
sites
all
modules
contrib
google
cse
google
cse
js
1
sites
all
themes
contrib
mothership
mothership
js
contextual
js
1
sites
all
themes
custom
university
js
university
js
1
sites
all
themes
custom
university
js
jquery
waypoints
min
js
1
css
modules
system
system
base
css
1
modules
system
system
menus
css
1
modules
system
system
messages
css
1
modules
system
system
theme
css
1
sites
all
modules
contrib
date
date
api
date
css
1
sites
all
modules
contrib
date
date
popup
themes
datepicker
css
1
modules
field
theme
field
css
1
sites
all
modules
contrib
google
cse
google
cse
css
1
modules
node
node
css
1
sites
all
modules
contrib
picture
picture
wysiwyg
css
1
modules
search
search
css
1
modules
user
user
css
1
sites
all
modules
contrib
views
css
views
css
1
sites
all
modules
contrib
ckeditor
css
ckeditor
css
1
sites
all
modules
contrib
ctools
css
ctools
css
1
sites
all
modules
contrib
shib
auth
shib
auth
css
1
sites
all
modules
custom
contact
info
theme
contact
info
css
1
cloud
typography
com
css
fonts
css
1
sites
all
themes
custom
university
css
university
min
css
1
sites
all
themes
custom
university
css
print
css
1
public
css
injector
css
injector
21
css
1
public
css
injector
css
injector
22
css
1
bs
2
search
cse
id
lwlrsw
9
qt
3
show
autocomplete
0
googlecse
cx
lwlrsw
9
qt
3
public
urlget
code
language
resultswidth
domain
www
google
com
showwatermark
1
better
exposed
filters
views
slideshow
displays
block
1
filters
ut
banners
displays
sitewide
banner
filters
currentpath
node
66
currentpathisadmin
false
urlisajaxtrusted
academics
cognitive
linguistic
psychological
sciences
true
script
src
1
script
src
script
src
ruusn
4
