doctype
html
if
ie
8
html
class
no
js
ie
8
oldie
lang
en
xmlns
content
http://purl.org/rss/1.0/modules/content/
xmlns
dc
http://purl.org/dc/terms/
xmlns
foaf
http://xmlns.com/foaf/0.1/
xmlns
og
http://ogp.me/ns
xmlns
rdfs
http://www.w3.org/2000/01/rdf-schema
xmlns
sioc
http://rdfs.org/sioc/ns
xmlns
sioct
http://rdfs.org/sioc/types
xmlns
skos
http://www.w3.org/2004/02/skos/core
xmlns
xsd
http://www.w3.org/2001/XMLSchema
lang
en
dir
ltr
endif
if
gt
ie
8
html
class
no
js
lang
en
xmlns
content
http://purl.org/rss/1.0/modules/content/
xmlns
dc
http://purl.org/dc/terms/
xmlns
foaf
http://xmlns.com/foaf/0.1/
xmlns
og
http://ogp.me/ns
xmlns
rdfs
http://www.w3.org/2000/01/rdf-schema
xmlns
sioc
http://rdfs.org/sioc/ns
xmlns
sioct
http://rdfs.org/sioc/types
xmlns
skos
http://www.w3.org/2004/02/skos/core
xmlns
xsd
http://www.w3.org/2001/XMLSchema
lang
en
dir
ltr
endif
undergraduate
department
of
mathematics
brown
university
meta
http
equiv
content
type
content
text
html
charset
utf
8
meta
name
generator
content
drupal
7
http://drupal.org
link
rel
canonical
href
academics
math
undergraduate
link
rel
shortlink
href
academics
math
node
74
link
rel
shortcut
icon
href
meta
name
generator
content
drupal
mothership
link
rel
apple
touch
icon
sizes
href
link
rel
apple
touch
icon
sizes
href
link
rel
apple
touch
icon
sizes
href
link
rel
apple
touch
icon
href
link
rel
apple
touch
startup
image
href
import
url
ruuudi
import
url
ruuudi
import
url
ruuudi
import
url
ruuudi
import
url
ruuudi
import
url
ruuudi
import
url
ruuudi
import
url
ruuudi
import
url
ruuudi
import
url
ruuudi
import
url
ruuudi
import
url
ruuudi
import
url
ruuudi
import
url
ruuudi
import
url
ruuudi
import
url
ruuudi
import
url
ruuudi
link
rel
stylesheet
href
cloud
typography
com
css
fonts
css
import
url
ruuudi
import
url
ruuudi
import
url
ruuudi
if
lt
ie
9
script
src
endif
if
lt
ie
9
script
src
endif
skip
to
main
content
skip
to
primary
site
menu
href
academics
math
department
of
mathematics
undergraduate
article
class
node
page
about
academics
math
undergraduate
typeof
foaf
document
role
article
welcome
to
the
brown
math
department
check
out
the
links
in
the
sidebar
to
find
information
you
need
about
course
placement
concentration
and
opportunities
available
through
the
math
department
br
undergraduate
program
href
http://www.math.brown.edu/calcplacement/
calculus
placement
info
br
href
degree
requirements
br
href
authuser
0
info
for
math
concentrators
br
href
math
teaching
fellows
program
br
href
authuser
0
directed
reading
program
br
href
math
resource
center
mrc
br
href
dug
br
href
https://sites.google.com/brown.edu/sums
sums
br
href
employment
br
href
research
br
href
senior
theses
also
href
www
brown
edu
id
also
in
brown
in
href
academics
math
id
also
in
front
page
department
of
mathematics
href
academics
math
undergraduate
class
active
trail
active
undergraduate
program
href
https://www.math.brown.edu/~dkatz/
title
placement
advisor
href
https://www.math.brown.edu/~calcplacement/
title
calculus
placement
href
http://www.math.brown.edu/
7
ecalcplacement
calcplacement
html
title
placement
faq
href
academics
math
course
guide
course
guide
href
https://www.math.brown.edu/~drp/
title
directed
reading
program
href
http://dug.math.brown.edu
title
math
dug
href
https://sites.google.com/brown.edu/sums
title
sums
href
https://www.math.brown.edu/mrc/
title
math
resource
center
href
academics
math
mathwise
mathwise
href
title
math
circle
href
academics
math
graduate
title
graduate
program
href
academics
math
research
research
href
title
seminars
events
href
academics
math
courses
courses
href
title
positions
available
href
academics
math
diversityinclusioncommunity
diversity
amp
inclusion
marginator
href
www
brown
edu
explore
brown
university
explore
brown
university
learn
more
href
www
brown
edu
brown
homepage
href
www
brown
edu
about
about
brown
href
www
brown
edu
academics
academics
href
www
brown
edu
admission
admission
href
www
brown
edu
research
research
href
www
brown
edu
campus
life
campus
life
find
href
www
brown
edu
to
to
index
href
directory
brown
edu
people
directory
information
for
href
www
brown
edu
gateway
current
students
students
href
www
brown
edu
gateway
faculty
faculty
href
www
brown
edu
gateway
staff
staff
href
www
brown
edu
gateway
families
families
href
www
brown
edu
gateway
alumni
alumni
href
www
brown
edu
gateway
friends
and
neighbors
friends
amp
neighbors
top
destinations
href
global
brown
href
http://watson.brown.edu/
watson
institute
href
http://brown.edu/web/providence
title
brown
supports
providence
brown
amp
providence
href
http://www.brown.edu/gradschool
graduate
school
href
http://med.brown.edu
alpert
medical
school
href
title
school
of
public
health
school
of
public
health
href
http://brown.edu/academics/engineering/
school
of
engineering
gcse
searchbox
only
queryparametername
query
resultsurl
academics
math
search
brown
enableautocomplete
0
department
of
mathematics
department
of
mathematics
brown
university
box
nbsp
thayer
street
providence
ri
phone
fax
email
class
email
href
cdn
cgi
email
protection
bdd
dbd
2
fdd
0
dcc
dfcfd
2
cad
email
protected
facebook
href
https://www.facebook.com/BrownMathematics/
ref
bookmarks
facebook
class
giving
footer
href
http://giving.brown.edu
giving
to
brown
brown
university
providence
rhode
island
usa
phone
href
building
tabindex
maps
amp
href
tabindex
directions
href
http://www.brown.edu/contact
accesskey
9
tabindex
contact
us
href
https://www.brown.edu/website-accessibility/
accessibility
brown
university
connect
href
http://www.brown.edu/about/social-media/
title
get
connected
to
the
brown
community
social
brown
href
https://www.facebook.com/BrownUniversity
title
facebook
id
footer
facebook
facebook
href
https://twitter.com/BrownUniversity
title
twitter
id
footer
twitter
twitter
href
http://www.youtube.com/brownuniversity
title
youtube
id
footer
youtube
youtube
href
http://instagram.com/brownu
title
instagram
id
footer
instagram
instagram
href
ls
1
title
itunes
id
footer
itunesu
itunes
href
https://www.linkedin.com/edu/school
id
amp
trk
tyah
title
linkedin
id
footer
linkedin
linkedin
href
https://www.snapchat.com/add/brown-u
title
brown
on
snapchat
id
footer
snapchat
snapchat
script
data
cfasync
false
src
cdn
cgi
scripts
dd
cloudflare
static
email
decode
min
js
script
src
2
script
src
2
script
src
2
script
src
script
src
ruuudi
document
createelement
picture
script
src
ruuudi
script
src
ruuudi
jquery
extend
drupal
settings
basepath
academics
math
pathprefix
sethasjscookie
0
ajaxpagestate
theme
pawcatuck
theme
token
uq
0
dae
7
zueqy
6
ongtfyescxduwttafvrejnjtgrtdi
js
sites
all
modules
contrib
picture
picturefill
2
picturefill
min
js
1
sites
all
modules
contrib
picture
picture
min
js
1
sites
all
modules
custom
bs
2
search
js
bs
2
search
js
1
sites
all
modules
contrib
jquery
update
replace
jquery
jquery
min
js
1
misc
jquery
extend
0
js
1
misc
jquery
html
prefilter
0
backport
js
1
misc
jquery
once
js
1
misc
drupal
js
1
0
1
sites
all
themes
contrib
mothership
mothership
js
contextual
js
1
sites
all
themes
custom
pawcatuck
js
min
pawcatuck
min
js
1
css
modules
system
system
base
css
1
modules
system
system
menus
css
1
modules
system
system
messages
css
1
modules
system
system
theme
css
1
modules
comment
comment
css
1
sites
all
modules
contrib
date
date
api
date
css
1
modules
field
theme
field
css
1
modules
node
node
css
1
sites
all
modules
contrib
picture
picture
wysiwyg
css
1
modules
search
search
css
1
modules
user
user
css
1
sites
all
modules
contrib
views
css
views
css
1
sites
all
modules
contrib
ckeditor
css
ckeditor
css
1
sites
all
modules
contrib
ctools
css
ctools
css
1
sites
all
modules
contrib
shib
auth
shib
auth
css
1
sites
all
modules
custom
contact
info
theme
contact
info
css
1
sites
all
modules
contrib
node
embed
plugins
node
embed
node
embed
css
1
cloud
typography
com
css
fonts
css
1
sites
all
themes
custom
pawcatuck
css
pawcatuck
css
1
sites
all
themes
custom
pawcatuck
css
color
css
1
sites
all
themes
custom
pawcatuck
css
print
css
1
public
css
injector
css
injector
2
css
1
bs
2
search
cse
id
lwlrsw
9
qt
3
show
autocomplete
0
picture
mappings
thumb
thumb
square
square
half
column
half
column
full
column
full
column
billboard
billboard
not
set
not
set
label
image
size
required
currentpath
node
74
currentpathisadmin
false
script
src
1
script
src
script
src
ruuudi
