html
html
lang
en
dir
ltr
prefix
og
https://ogp.me/ns
class
sticky
footer
meta
charset
utf
8
form
antibot
not
antibot
message
display
none
important
meta
name
description
content
take
the
first
step
toward
unlocking
your
future
arizona
offers
multitude
of
majors
and
degree
programs
considered
some
of
the
nations
best
meta
property
og
site
name
content
the
university
of
arizona
meta
property
og
url
content
https://www.arizona.edu/academics
meta
property
og
title
content
academic
resources
meta
property
og
description
content
take
the
first
step
toward
unlocking
your
future
arizona
offers
multitude
of
majors
and
degree
programs
considered
some
of
the
nations
best
meta
name
twitter
card
content
summary
meta
name
generator
content
drupal
10
https://www.drupal.org
meta
name
mobile
optimized
content
width
meta
name
handheld
friendly
content
true
meta
name
viewport
content
width
device
width
initial
scale
1
shrink
to
fit
no
meta
http
equiv
ua
compatible
content
ie
edge
link
rel
icon
href
profiles
custom
az
quickstart
themes
custom
az
barrio
favicon
ico
type
image
vnd
microsoft
icon
link
rel
canonical
href
https://www.arizona.edu/academics
link
rel
shortlink
href
https://www.arizona.edu/node/39
academic
resources
the
university
of
arizona
link
rel
stylesheet
media
all
href
sites
default
files
css
css
0
un
5
gs
7
zl
mdgp
acb
hjl
xil
pf
ek
ss
css
delta
0
amp
language
en
amp
theme
az
barrio
amp
include
jy
uu
2
sgy
mf
2
ty
4
dg
qdubajs
39
hf
zs
mku
28
oa
uh
yad
cq
nm
bb
2
xo
5
oj
2
jc
vbiwx
vj
7
wezijq
7
cwk
6
lx
fqkg
5
9
um
74
mvta
ht
4
pb
7
fn
7
ie
vls
rgn
3
1
xg
6
xb
ku
fif
66
di
ut
3
eppn
zc
9
oq
iiricb
rk
14
np
id
8
epr
zj
6
hufvh
gp
6
jnm
tj
29
by
9
gh
1
iv
5
9
mx
wxt
4
1
7
wn
9
bj
2
rzhmbm
jg
9
bdz
sncew
1
wor
uo
ew
link
rel
stylesheet
media
all
href
sites
default
files
css
css
7
bl
7
js
6
uc
5
7
sx
bj
qs
rj
27
pt
0
css
delta
1
amp
language
en
amp
theme
az
barrio
amp
include
jy
uu
2
sgy
mf
2
ty
4
dg
qdubajs
39
hf
zs
mku
28
oa
uh
yad
cq
nm
bb
2
xo
5
oj
2
jc
vbiwx
vj
7
wezijq
7
cwk
6
lx
fqkg
5
9
um
74
mvta
ht
4
pb
7
fn
7
ie
vls
rgn
3
1
xg
6
xb
ku
fif
66
di
ut
3
eppn
zc
9
oq
iiricb
rk
14
np
id
8
epr
zj
6
hufvh
gp
6
jnm
tj
29
by
9
gh
1
iv
5
9
mx
wxt
4
1
7
wn
9
bj
2
rzhmbm
jg
9
bdz
sncew
1
wor
uo
ew
link
rel
stylesheet
media
print
href
sites
default
files
css
css
yrnf
6
to
2
rc
al
wo
2
1
kqu
css
delta
2
amp
language
en
amp
theme
az
barrio
amp
include
jy
uu
2
sgy
mf
2
ty
4
dg
qdubajs
39
hf
zs
mku
28
oa
uh
yad
cq
nm
bb
2
xo
5
oj
2
jc
vbiwx
vj
7
wezijq
7
cwk
6
lx
fqkg
5
9
um
74
mvta
ht
4
pb
7
fn
7
ie
vls
rgn
3
1
xg
6
xb
ku
fif
66
di
ut
3
eppn
zc
9
oq
iiricb
rk
14
np
id
8
epr
zj
6
hufvh
gp
6
jnm
tj
29
by
9
gh
1
iv
5
9
mx
wxt
4
1
7
wn
9
bj
2
rzhmbm
jg
9
bdz
sncew
1
wor
uo
ew
link
rel
stylesheet
media
all
href
https://use.typekit.net/emv3zbo.css
link
rel
stylesheet
media
all
href
https://fonts.googleapis.com/css
family
material
icons
sharp
link
rel
stylesheet
media
all
href
https://cdn.digital.arizona.edu/lib/az-icons/1.0.1/az-icons-styles.min.css
link
rel
stylesheet
media
all
href
https://cdn.digital.arizona.edu/lib/arizona-bootstrap/2.0.27/css/arizona-bootstrap.min.css
link
rel
stylesheet
media
all
href
sites
default
files
css
css
1
stjkqc
yw
rnzi
juq
xaf
0
af
cxy
8
css
delta
7
amp
language
en
amp
theme
az
barrio
amp
include
jy
uu
2
sgy
mf
2
ty
4
dg
qdubajs
39
hf
zs
mku
28
oa
uh
yad
cq
nm
bb
2
xo
5
oj
2
jc
vbiwx
vj
7
wezijq
7
cwk
6
lx
fqkg
5
9
um
74
mvta
ht
4
pb
7
fn
7
ie
vls
rgn
3
1
xg
6
xb
ku
fif
66
di
ut
3
eppn
zc
9
oq
iiricb
rk
14
np
id
8
epr
zj
6
hufvh
gp
6
jnm
tj
29
by
9
gh
1
iv
5
9
mx
wxt
4
1
7
wn
9
bj
2
rzhmbm
jg
9
bdz
sncew
1
wor
uo
ew
link
rel
stylesheet
media
all
href
sites
default
files
css
css
3
51
bl
iv
7
dl
1
msp
6
febf
5
uhtk
css
delta
8
amp
language
en
amp
theme
az
barrio
amp
include
jy
uu
2
sgy
mf
2
ty
4
dg
qdubajs
39
hf
zs
mku
28
oa
uh
yad
cq
nm
bb
2
xo
5
oj
2
jc
vbiwx
vj
7
wezijq
7
cwk
6
lx
fqkg
5
9
um
74
mvta
ht
4
pb
7
fn
7
ie
vls
rgn
3
1
xg
6
xb
ku
fif
66
di
ut
3
eppn
zc
9
oq
iiricb
rk
14
np
id
8
epr
zj
6
hufvh
gp
6
jnm
tj
29
by
9
gh
1
iv
5
9
mx
wxt
4
1
7
wn
9
bj
2
rzhmbm
jg
9
bdz
sncew
1
wor
uo
ew
script
src
sites
default
files
js
js
dl
59
cu
sp
7
rlq
irg
hg
8
esox
mlh
js
scope
header
amp
delta
0
amp
language
en
amp
theme
az
barrio
amp
include
jy
uu
2
sgy
mf
2
ty
4
dg
qdubajs
39
hf
zs
mku
28
oa
uh
yad
cq
nm
bb
2
xo
5
oj
2
jc
vbiwx
vj
7
wezijq
7
cwk
6
lx
fqkg
5
9
um
74
mvta
ht
4
pb
7
fn
7
ie
vls
rgn
3
1
xg
6
xb
ku
fif
66
di
ut
3
eppn
zc
9
oq
iiricb
rk
14
np
id
8
epr
zj
6
hufvh
gp
6
jnm
tj
29
by
9
gh
1
iv
5
9
mx
wxt
4
1
7
wn
9
bj
2
rzhmbm
jg
9
bdz
sncew
1
wor
uo
ew
skip
to
main
content
iframe
src
https://www.googletagmanager.com/ns.html
id
2
height
0
width
0
style
display
none
visibility
hidden
form
action
search
google
method
get
id
search
block
form
accept
charset
8
class
search
form
search
block
form
search
input
title
enter
the
terms
you
wish
to
search
for
data
drupal
selector
edit
keys
type
search
id
edit
keys
name
keys
value
size
15
maxlength
class
form
search
form
control
placeholder
search
this
site
aria
label
search
this
site
search
button
resources
menu
height
43
px
margin
top
5
px
padding
5
px
25
px
button
resources
menu
hover
button
resources
menu
active
button
resources
menu
focus
color
white
background
color
border
color
important
resources
class
dropdown
item
href
https://map.arizona.edu/
campus
map
class
dropdown
item
href
https://directory.arizona.edu/all
directory
class
dropdown
item
href
https://uaccess.arizona.edu/
access
class
dropdown
item
href
https://phonebook.arizona.edu/
phonebook
class
dropdown
item
href
https://slate.admissions.arizona.edu/account/login
future
wildcat
class
dropdown
item
href
weather
weather
class
dropdown
item
href
https://news.arizona.edu/
news
class
dropdown
item
href
calendars
events
calendar
footer
main
href
https://talent.arizona.edu/
class
bg
transparent
nav
link
nav
link
https
talentarizonaedu
employment
href
https://cirt.arizona.edu
class
bg
transparent
nav
link
nav
link
https
cirtarizonaedu
emergency
information
href
title
ix
class
bg
transparent
nav
link
nav
link
title
ix
data
drupal
link
system
path
node
66
title
non
discrimination
href
https://safety.arizona.edu
target
blank
class
bg
transparent
nav
link
nav
link
https
safetyarizonaedu
campus
safety
href
https://clery.arizona.edu/annual-reports
class
pr
sm
0
bg
transparent
nav
link
pr
sm
0
bg
transparent
nav
link
https
cleryarizonaedu
annual
reports
annual
security
report
href
copyright
class
bg
transparent
nav
link
nav
link
copyright
data
drupal
link
system
path
node
64
copyright
href
campus
accessibility
class
bg
transparent
nav
link
nav
link
campus
accessibility
data
drupal
link
system
path
node
49
campus
accessibility
href
contact
us
class
bg
transparent
nav
link
nav
link
contact
us
data
drupal
link
system
path
node
69
contact
us
href
website
feedback
class
bg
transparent
nav
link
nav
link
website
feedback
data
drupal
link
system
path
node
80
feedback
the
university
of
arizona
tucson
arizona
information
for
href
admissions
class
bg
transparent
nav
link
nav
link
admissions
future
students
href
students
class
bg
transparent
nav
link
nav
link
students
data
drupal
link
system
path
node
38
current
students
href
faculty
staff
class
bg
transparent
nav
link
nav
link
faculty
staff
data
drupal
link
system
path
node
43
faculty
amp
staff
href
alumni
donors
class
bg
transparent
nav
link
nav
link
alumni
donors
alumni
amp
donors
href
parents
visitors
class
bg
transparent
nav
link
nav
link
parents
visitors
data
drupal
link
system
path
node
46
parents
amp
visitors
href
https://corporate.arizona.edu
class
bg
transparent
nav
link
nav
link
https
corporatearizonaedu
corporations
amp
businesses
topics
href
about
class
bg
transparent
nav
link
nav
link
about
data
drupal
link
system
path
node
2
about
the
university
href
academics
class
bg
transparent
nav
link
active
nav
link
academics
is
active
data
drupal
link
system
path
node
39
academics
href
arts
museums
class
bg
transparent
nav
link
nav
link
arts
museums
data
drupal
link
system
path
node
6
arts
amp
museums
href
athletics
recreation
class
bg
transparent
nav
link
nav
link
athletics
recreation
data
drupal
link
system
path
node
37
athletics
amp
recreation
href
colleges
schools
class
bg
transparent
nav
link
nav
link
colleges
schools
data
drupal
link
system
path
node
colleges
schools
departments
href
https://diversity.arizona.edu
class
bg
transparent
nav
link
nav
link
https
diversityarizonaedu
diversity
href
https://environment.arizona.edu
class
bg
transparent
nav
link
nav
link
https
environmentarizonaedu
environment
amp
sustainability
href
https://international.arizona.edu
class
bg
transparent
nav
link
nav
link
https
internationalarizonaedu
international
engagement
href
health
sciences
class
bg
transparent
nav
link
nav
link
health
sciences
data
drupal
link
system
path
node
40
health
amp
medical
href
libraries
class
bg
transparent
nav
link
nav
link
libraries
data
drupal
link
system
path
node
62
libraries
href
https://uaforyou.arizona.edu
class
bg
transparent
nav
link
nav
link
https
uaforyouarizonaedu
outreach
amp
extension
href
https://research.arizona.edu
class
bg
transparent
nav
link
nav
link
https
researcharizonaedu
research
amp
innovation
href
purpose
mission
values
class
bg
transparent
nav
link
nav
link
purpose
mission
values
data
drupal
link
system
path
node
65
purpose
mission
amp
values
resources
href
https://directory.arizona.edu/all
class
bg
transparent
nav
link
nav
link
https
directoryarizonaedu
all
directory
href
calendars
events
class
bg
transparent
nav
link
nav
link
calendars
events
data
drupal
link
system
path
node
67
calendars
href
https://map.arizona.edu
class
bg
transparent
nav
link
nav
link
https
maparizonaedu
campus
map
href
https://news.arizona.edu
class
bg
transparent
nav
link
nav
link
https
newsarizonaedu
news
href
https://phonebook.arizona.edu/
class
bg
transparent
nav
link
nav
link
https
phonebookarizonaedu
phonebook
href
weather
class
bg
transparent
nav
link
nav
link
weather
data
drupal
link
system
path
node
51
weather
connect
href
https://www.facebook.com/uarizona
class
az
icon
facebook
az
icon
spacing
bg
transparent
nav
link
az
icon
facebook
az
icon
spacingbg
transparent
nav
link
https
wwwfacebookcom
uarizona
facebook
href
https://x.com/uarizona
class
az
icon
twitter
az
icon
spacing
bg
transparent
nav
link
az
icon
twitteraz
icon
spacingbg
transparent
nav
link
https
xcom
uarizona
formerly
twitter
href
https://www.instagram.com/uarizona
class
az
icon
instagram
az
icon
spacing
bg
transparent
nav
link
az
icon
instagram
az
icon
spacingbg
transparent
nav
link
https
wwwinstagramcom
uarizona
instagram
href
https://linkedin.com/edu/university-of-arizona-17783
class
az
icon
linkedin
az
icon
spacing
bg
transparent
nav
link
az
icon
linkedinaz
icon
spacingbg
transparent
nav
link
https
linkedincom
edu
university
of
arizona
linked
in
href
https://www.youtube.com/universityofarizona
class
az
icon
youtube
az
icon
spacing
bg
transparent
nav
link
az
icon
youtube
az
icon
spacingbg
transparent
nav
link
https
wwwyoutubecom
universityofarizona
you
tube
we
respectfully
acknowledge
the
university
of
arizona
is
on
the
land
and
territories
of
indigenous
peoples
today
arizona
is
home
to
22
federally
recognized
tribes
with
tucson
being
home
to
the
oodham
and
the
yaqui
committed
to
diversity
and
inclusion
the
university
strives
to
build
sustainable
relationships
with
sovereign
native
nations
and
indigenous
communities
through
education
offerings
partnerships
and
community
service
href
https://www.arizona.edu/information-security-privacy
target
blank
university
information
security
and
privacy
copy
the
arizona
board
of
regents
on
behalf
of
href
https://www.arizona.edu
target
blank
the
university
of
arizona
script
type
application
json
data
drupal
selector
drupal
settings
json
path
base
url
path
prefix
current
path
node
39
current
path
is
admin
false
is
front
false
current
language
en
plural
delimiter
suppress
deprecation
errors
true
gtm
tag
id
null
settings
data
layer
data
layer
include
environment
false
tag
ids
2
gtag
tag
id
consent
mode
false
other
ids
events
additional
config
info
ajax
page
state
libraries
jy
uu
1
uwy
mf
hgk
zc
ag
hx
2
wdun
2
rlr
sa
0
gs
8
mn
ei
3
ig
3
ra
nj
mqwj
sb
cr
4
ci
cp
tis
4
tn
8
bs
ne
zo
2
ghr
3
ehawg
8
pp
8
fbuu
2
ad
wc
nyy
9
ng
kzi
urwn
0
bsv
ku
lr
exr
0
fmju
84
97
yf
viv
mnn
oa
vxp
ttu
6
gth
84
ng
hg
6
mx
6
zy
zuun
mf
6
9
nb
2
yvs
7
wt
kx
nos
8
ldquul
5
qu
jxdmxe
dk
64
tr
3
9
py
sg
or
ryoaa
06
jr
cno
5
qa
8
bxe
theme
az
barrio
theme
token
null
ajax
trusted
url
search
google
true
data
extlink
ext
target
true
ext
target
no
override
true
ext
nofollow
false
ext
noreferrer
false
ext
follow
no
override
false
ext
class
0
ext
label
link
is
external
ext
img
class
false
ext
subdomains
false
ext
exclude
https
arizona
box
com
docs
google
com
dropbox
com
www
dropbox
com
emailarizona
my
sharepoint
com
events
trellis
arizona
edu
ext
include
sites
files
pdf
ext
css
exclude
ext
css
explicit
ext
alert
false
ext
alert
text
this
link
will
take
you
to
an
external
web
site
we
are
not
responsible
for
their
content
mailto
class
0
mailto
label
link
sends
email
ext
use
font
awesome
false
ext
icon
placement
append
ext
fa
link
classes
fa
fa
external
link
ext
fa
mailto
classes
fa
fa
envelope
whitelisted
domains
field
group
html
element
mode
default
context
view
settings
classes
az
full
width
column
content
wrapper
show
empty
fields
false
id
element
div
show
label
false
label
element
3
label
element
classes
attributes
effect
none
speed
fast
google
cx
lbd
nb
0
language
en
results
width
domain
is
default
true
az
select
menu
ids
az
select
menu
select
menu
form
user
uid
0
permissions
hash
bfb
34
abfee
fe
41
ce
cefbfa
2
bb
42
ab
script
src
sites
default
files
js
js
nl
0
ww
90
xl
jdf
3
jpq
bp
nx
3
pwn
js
scope
footer
amp
delta
0
amp
language
en
amp
theme
az
barrio
amp
include
jy
uu
2
sgy
mf
2
ty
4
dg
qdubajs
39
hf
zs
mku
28
oa
uh
yad
cq
nm
bb
2
xo
5
oj
2
jc
vbiwx
vj
7
wezijq
7
cwk
6
lx
fqkg
5
9
um
74
mvta
ht
4
pb
7
fn
7
ie
vls
rgn
3
1
xg
6
xb
ku
fif
66
di
ut
3
eppn
zc
9
oq
iiricb
rk
14
np
id
8
epr
zj
6
hufvh
gp
6
jnm
tj
29
by
9
gh
1
iv
5
9
mx
wxt
4
1
7
wn
9
bj
2
rzhmbm
jg
9
bdz
sncew
1
wor
uo
ew
script
src
https://cdn.digital.arizona.edu/lib/arizona-bootstrap/2.0.27/js/arizona-bootstrap.bundle.min.js
script
src
sites
default
files
js
js
fqwh
hq
lsxm
by
sj
0
kamf
3
vt
0
zk
js
scope
footer
amp
delta
2
amp
language
en
amp
theme
az
barrio
amp
include
jy
uu
2
sgy
mf
2
ty
4
dg
qdubajs
39
hf
zs
mku
28
oa
uh
yad
cq
nm
bb
2
xo
5
oj
2
jc
vbiwx
vj
7
wezijq
7
cwk
6
lx
fqkg
5
9
um
74
mvta
ht
4
pb
7
fn
7
ie
vls
rgn
3
1
xg
6
xb
ku
fif
66
di
ut
3
eppn
zc
9
oq
iiricb
rk
14
np
id
8
epr
zj
6
hufvh
gp
6
jnm
tj
29
by
9
gh
1
iv
5
9
mx
wxt
4
1
7
wn
9
bj
2
rzhmbm
jg
9
bdz
sncew
1
wor
uo
ew
script
src
modules
contrib
google
tag
js
gtm
js
sitqbk
script
src
modules
contrib
google
tag
js
gtag
js
sitqbk
script
src
sites
default
files
js
js
2
86
ps
ra
mr
7
cc
2
yo
7
siscwk
5
wc
js
scope
footer
amp
delta
5
amp
language
en
amp
theme
az
barrio
amp
include
jy
uu
2
sgy
mf
2
ty
4
dg
qdubajs
39
hf
zs
mku
28
oa
uh
yad
cq
nm
bb
2
xo
5
oj
2
jc
vbiwx
vj
7
wezijq
7
cwk
6
lx
fqkg
5
9
um
74
mvta
ht
4
pb
7
fn
7
ie
vls
rgn
3
1
xg
6
xb
ku
fif
66
di
ut
3
eppn
zc
9
oq
iiricb
rk
14
np
id
8
epr
zj
6
hufvh
gp
6
jnm
tj
29
by
9
gh
1
iv
5
9
mx
wxt
4
1
7
wn
9
bj
2
rzhmbm
jg
9
bdz
sncew
1
wor
uo
ew
