doctype
html
brown
university
href
giving
brown
edu
class
giving
footer
giving
to
brown
providence
rhode
island
href
www
brown
edu
contact
accesskey
9
contact
us
href
www
brown
edu
facilities
facilities
management
maps
building
maps
href
www
brown
edu
about
visit
driving
directions
directions
href
careers
brown
edu
accesskey
9
career
opportunities
href
www
brown
edu
about
administration
public
safety
campus
safety
href
www
brown
edu
website
accessibility
accessibility
href
www
facebook
com
brown
university
aria
label
facebook
href
twitter
com
brown
university
aria
label
twitter
href
www
youtube
com
brownuniversity
aria
label
you
tube
href
instagram
com
brownu
aria
label
instagram
href
www
linkedin
com
edu
school
id
amp
trk
tyah
aria
label
linked
in
href
www
snapchat
com
add
brown
aria
label
snapchat
href
www
brown
edu
about
social
media
title
get
connected
to
the
brown
community
all
social
media
copy
brown
university
back
to
top
script
data
cfasync
false
src
cdn
cgi
scripts
dd
cloudflare
static
email
decode
min
js
script
src
https://www.brown.edu/carney/sites/carney/files/google_tag/google_tag.script.js
siu
8
rf
script
src
https://www.brown.edu/carney/sites/all/modules/contrib/jquery_update/replace/jquery/1.10/jquery.min.js
2
script
src
https://www.brown.edu/carney/misc/jquery-extend-3.4.0.js
2
script
src
https://www.brown.edu/carney/misc/jquery-html-prefilter-3.5.0-backport.js
2
script
src
https://www.brown.edu/carney/misc/jquery.once.js
script
src
https://www.brown.edu/carney/misc/drupal.js
siu
8
rf
document
create
element
picture
script
src
https://www.brown.edu/carney/sites/carney/modules/custom/campus_location/js/campus_location.js
siu
8
rf
script
src
https://www.brown.edu/carney/sites/all/modules/contrib/google_cse/google_cse.js
siu
8
rf
script
src
https://www.brown.edu/carney/sites/all/modules/contrib/jcaption/jcaption.js
siu
8
rf
script
src
https://www.brown.edu/carney/sites/all/modules/contrib/field_group/field_group.js
siu
8
rf
window
2
config
window
2
config
window
da
2
done
false
html
done
false
script
ready
false
script
load
function
var
document
create
element
script
document
get
elements
by
tag
name
script
0
type
text
javascript
async
true
src
https://static.addtoany.com/menu/page.js
parent
node
insert
before
da
2
script
load
function
script
onready
function
da
2
script
ready
true
if
da
2
html
done
da
2
init
init
function
for
var
0
el
target
targets
da
2
targets
length
targets
length
length
el
document
get
element
by
id
da
2
1
target
targets
2
config
linkname
target
title
2
config
linkurl
target
url
if
el
2
init
page
target
el
el
id
da
2
done
true
da
2
targets
2
config
callbacks
2
config
callbacks
2
config
callbacks
push
ready
da
2
script
onready
script
src
https://www.brown.edu/carney/sites/all/themes/contrib/mothership/mothership/js/contextual.js
siu
8
rf
script
src
https://www.brown.edu/carney/sites/all/themes/custom/university-theme-video/js/university.js
siu
8
rf
script
src
https://www.brown.edu/carney/sites/all/themes/custom/university/js/jquery.waypoints.min.js
siu
8
rf
query
extend
drupal
settings
base
path
carney
path
prefix
set
has
js
cookie
0
ajax
page
state
theme
university
video
theme
token
rj
64
ag
5
mbe
3
irb
gn
8
47
js
sites
all
modules
contrib
picture
picturefill
2
picturefill
min
js
1
sites
all
modules
contrib
picture
picture
min
js
1
0
1
sites
all
modules
custom
bs
2
search
js
bs
2
search
js
1
sites
carney
files
js
injector
js
injector
2
js
1
public
google
tag
google
tag
script
js
1
sites
all
modules
contrib
jquery
update
replace
jquery
jquery
min
js
1
misc
jquery
extend
0
js
1
misc
jquery
html
prefilter
0
backport
js
1
misc
jquery
once
js
1
misc
drupal
js
1
1
1
sites
carney
modules
custom
campus
location
js
campus
location
js
1
sites
all
modules
contrib
google
cse
google
cse
js
1
sites
all
modules
contrib
jcaption
jcaption
js
1
sites
all
modules
contrib
field
group
field
group
js
1
2
1
sites
all
themes
contrib
mothership
mothership
js
contextual
js
1
sites
all
themes
custom
university
theme
video
js
university
js
1
sites
all
themes
custom
university
js
jquery
waypoints
min
js
1
css
modules
system
system
base
css
1
modules
system
system
menus
css
1
modules
system
system
messages
css
1
modules
system
system
theme
css
1
sites
carney
modules
custom
campus
location
css
campus
location
css
1
sites
all
modules
contrib
date
date
api
date
css
1
sites
all
modules
contrib
date
date
popup
themes
datepicker
css
1
modules
field
theme
field
css
1
sites
all
modules
contrib
google
cse
google
cse
css
1
modules
node
node
css
1
sites
all
modules
contrib
picture
picture
wysiwyg
css
1
modules
search
search
css
1
modules
user
user
css
1
sites
all
modules
contrib
views
css
views
css
1
sites
all
modules
contrib
ckeditor
css
ckeditor
css
1
sites
all
modules
contrib
ctools
css
ctools
css
1
sites
all
modules
contrib
shib
auth
shib
auth
css
1
sites
all
modules
custom
contact
info
theme
contact
info
css
1
cloud
typography
com
css
fonts
css
1
sites
all
modules
contrib
addtoany
addtoany
css
1
sites
all
themes
custom
university
css
university
min
css
1
sites
all
themes
custom
university
theme
video
css
university
video
min
css
1
sites
all
themes
custom
university
css
print
css
1
public
css
injector
css
injector
6
css
1
public
css
injector
css
injector
26
css
1
public
css
injector
css
injector
37
css
1
public
css
injector
css
injector
38
css
1
public
css
injector
css
injector
39
css
1
public
css
injector
css
injector
41
css
1
public
css
injector
css
injector
42
css
1
public
css
injector
css
injector
44
css
1
public
css
injector
css
injector
49
css
1
public
css
injector
css
injector
52
css
1
bs
2
search
cse
id
hz
9
cn
9
cgkci
show
autocomplete
0
campus
location
path
sites
carney
modules
custom
campus
location
google
cx
hz
9
cn
9
cgkci
public
get
code
language
results
width
domain
www
google
com
show
water
mark
1
jcaption
jcaption
selectors
content
img
jcaption
alt
title
title
jcaption
require
text
true
jcaption
copy
style
false
jcaption
remove
style
true
jcaption
remove
class
true
jcaption
remove
align
true
jcaption
copy
alignment
to
class
false
jcaption
copy
float
to
class
true
jcaption
copy
class
to
class
true
jcaption
auto
width
true
jcaption
keep
link
false
jcaption
style
markup
jcaption
animate
false
jcaption
show
duration
jcaption
hide
duration
better
exposed
filters
views
video
hero
message
displays
block
filters
homepage
displays
block
filters
block
1
filters
ut
components
displays
block
9
filters
cta
row
displays
block
filters
ut
banners
displays
contextual
banner
filters
field
group
div
text
card
current
path
node
1
current
path
is
admin
false
url
is
ajax
trusted
carney
true
script
src
https://www.brown.edu/carney/sites/all/modules/contrib/picture/picturefill2/picturefill.min.js
1
script
src
https://www.brown.edu/carney/sites/all/modules/contrib/picture/picture.min.js
da
2
targets
title
carney
institute
for
brain
science
url
https://www.brown.edu/carney/node/1
title
carney
institute
for
brain
science
url
https://www.brown.edu/carney/node/1
title
neurobiology
of
cells
and
circuits
url
https://www.brown.edu/carney/neurobiology-cells-and-circuits
title
cognition
and
behavior
url
https://www.brown.edu/carney/cognition-and-behavior
title
computational
brain
science
url
https://www.brown.edu/carney/computational-brain-science
title
neuroengineering
and
neurotechnology
url
https://www.brown.edu/carney/neuroengineering-and-neurotechnology
title
alzheimers
disease
url
https://www.brown.edu/carney/alzheimers-disease
da
2
html
done
true
if
da
2
script
ready
da
2
done
da
2
init
da
2
script
load
script
src
https://www.brown.edu/carney/sites/all/modules/custom/bs2-search/js/bs2-search.js
siu
8
rf
script
src
https://www.brown.edu/carney/sites/carney/files/js_injector/js_injector_2.js
siu
8
rf
