html
meta
http
equiv
compatible
content
edge
academic
calendar
www
caltech
edu
link
rel
shortcut
icon
href
static
core
img
favicon
75
png
5
img
alt
class
header
search
icon
src
static
wagtail
menu
img
icon
search
png
form
id
search
form
class
header
search
form
action
search
method
search
input
class
header
search
form
query
type
search
name
value
autocorrect
off
autocapitalize
off
autocomplete
off
spellcheck
false
search
menu
img
aria
label
open
main
menu
class
slide
menu
burger
src
static
wagtail
menu
img
menu
burger
png
close
class
slide
menu
level
1
link
href
https://www.caltech.edu/about
about
open
about
submenu
class
slide
menu
level
1
link
href
https://www.caltech.edu/research
research
open
research
submenu
class
slide
menu
level
1
link
href
https://www.caltech.edu/academics
academics
open
academics
submenu
class
slide
menu
level
1
link
href
https://www.caltech.edu/admissions-aid
admissions
amp
aid
open
admissions
amp
aid
submenu
class
slide
menu
level
1
link
href
https://www.caltech.edu/campus-life-events
campus
life
amp
events
open
campus
life
amp
events
submenu
class
slide
menu
utility
menu
link
href
about
visit
plan
your
visit
visit
class
slide
menu
utility
menu
link
href
https://hr.caltech.edu/careers
careers
class
slide
menu
utility
menu
link
href
https://access.caltech.edu/
access
quick
links
class
slide
menu
utility
menu
submenu
link
href
quick
links
faculty
for
faculty
class
slide
menu
utility
menu
submenu
link
href
quick
links
students
for
students
class
slide
menu
utility
menu
submenu
link
href
quick
links
staff
for
staff
class
slide
menu
utility
menu
submenu
link
href
quick
links
alumni
for
alumni
class
slide
menu
utility
menu
link
href
https://directory.caltech.edu/
directory
class
slide
menu
utility
menu
link
href
campus
life
events
caltech
today
caltech
today
class
slide
menu
utility
menu
link
href
https://www.alumni.caltech.edu/
alumni
class
slide
menu
utility
menu
link
href
https://giving.caltech.edu/
about
caltech
back
class
slide
menu
level
2
link
href
https://www.caltech.edu/about/at-a-glance
at
glance
class
slide
menu
level
3
link
href
about
university
and
college
rankings
university
and
college
rankings
leadership
class
slide
menu
level
3
link
href
http://president.caltech.edu/
president
class
slide
menu
level
3
link
href
http://provost.caltech.edu/
provost
class
slide
menu
level
3
link
href
http://bot.caltech.edu/
board
of
trustees
class
slide
menu
level
3
link
href
https://www.caltech.edu/about/leadership/academic-and-administrative-leadership
academic
and
administrative
leadership
values
class
slide
menu
level
3
link
href
https://inclusive.caltech.edu/
diversity
equity
and
inclusion
class
slide
menu
level
3
link
href
https://sustainability.caltech.edu/
sustainability
class
slide
menu
level
3
link
href
about
values
freedom
expression
freedom
of
expression
class
slide
menu
level
3
link
href
https://www.deans.caltech.edu/HonorCode
honor
code
legacy
class
slide
menu
level
3
link
href
https://www.caltech.edu/about/legacy/history-milestones
history
amp
milestones
class
slide
menu
level
3
link
href
https://www.caltech.edu/about/legacy/awards-and-honors
awards
amp
honors
class
slide
menu
level
3
link
href
http://archives.caltech.edu/
caltech
archives
class
slide
menu
level
3
link
href
map
history
interactive
history
map
class
slide
menu
level
2
link
href
https://www.caltech.edu/about/news
news
publications
class
slide
menu
level
3
link
href
https://scienceexchange.caltech.edu/
caltech
science
exchange
class
slide
menu
level
3
link
href
https://thisis.caltech.edu
this
is
caltech
class
slide
menu
level
3
link
href
https://magazine.caltech.edu/
caltech
magazine
class
slide
menu
level
3
link
href
documents
10
periodic
table
of
caltech
pdf
periodic
table
of
caltech
visit
class
slide
menu
level
3
link
href
https://www.caltech.edu/about/visit/directions
directions
class
slide
menu
level
3
link
href
https://www.caltech.edu/about/visit/campus-maps
campus
maps
class
slide
menu
level
3
link
href
http://parking.caltech.edu/
parking
class
slide
menu
level
3
link
href
https://www.caltech.edu/about/visit/tours
tours
class
slide
menu
level
2
link
href
https://www.caltech.edu/about/offices-departments
administrative
offices
amp
departments
research
back
academic
divisions
class
slide
menu
level
3
link
href
http://www.bbe.caltech.edu/
biology
and
biological
engineering
class
slide
menu
level
3
link
href
http://www.cce.caltech.edu/
chemistry
and
chemical
engineering
class
slide
menu
level
3
link
href
http://eas.caltech.edu/
engineering
amp
applied
science
class
slide
menu
level
3
link
href
http://www.gps.caltech.edu/
geological
amp
planetary
sciences
class
slide
menu
level
3
link
href
http://www.hss.caltech.edu/
humanities
and
social
sciences
class
slide
menu
level
3
link
href
http://pma.caltech.edu/
physics
mathematics
and
astronomy
class
slide
menu
level
2
link
href
https://www.caltech.edu/research/jpl
jet
propulsion
laboratory
class
slide
menu
level
2
link
href
https://sfp.caltech.edu/
student
research
class
slide
menu
level
2
link
href
https://www.caltech.edu/research/centers-institutes
centers
amp
institutes
class
slide
menu
level
2
link
href
http://innovation.caltech.edu/
technology
transfer
amp
corporate
partnerships
class
slide
menu
level
2
link
href
http://researchadministration.caltech.edu/
sponsored
research
class
slide
menu
level
2
link
href
https://www.caltech.edu/research/research-facilities
research
facilities
class
slide
menu
level
2
link
href
https://www.caltech.edu/research/faculty-listing
faculty
listing
academics
back
class
slide
menu
level
2
link
href
https://www.deans.caltech.edu/
undergraduate
studies
class
slide
menu
level
2
link
href
http://www.gradoffice.caltech.edu/
graduate
studies
class
slide
menu
level
2
link
href
http://online.caltech.edu/courses
online
education
class
slide
menu
level
2
link
href
https://ctme.caltech.edu/
executive
education
class
slide
menu
level
2
link
href
http://ctlo.caltech.edu/
teaching
learning
amp
outreach
resources
class
slide
menu
level
3
link
href
http://www.registrar.caltech.edu/
registrar
class
slide
menu
level
3
link
href
http://www.catalog.caltech.edu/
catalog
class
slide
menu
level
3
link
href
https://www.caltech.edu/academics/resources/academic-calendar
academic
calendar
class
slide
menu
level
3
link
href
https://www.library.caltech.edu/
library
class
slide
menu
level
3
link
href
http://international.caltech.edu/
international
offices
class
slide
menu
level
3
link
href
http://career.caltech.edu/
career
development
admissions
amp
aid
back
undergraduate
admissions
class
slide
menu
level
3
link
href
http://www.admissions.caltech.edu/
apply
class
slide
menu
level
3
link
href
https://www.admissions.caltech.edu/afford
cost
amp
aid
graduate
admissions
class
slide
menu
level
3
link
href
http://www.gradoffice.caltech.edu/admissions
apply
class
slide
menu
level
3
link
href
http://www.gradoffice.caltech.edu/financialsupport
funding
amp
aid
campus
life
amp
events
back
class
slide
menu
level
2
link
href
https://www.caltech.edu/campus-life-events/calendar
institute
calendar
class
slide
menu
level
2
link
href
https://www.caltech.edu/campus-life-events/caltech-today
caltech
today
class
slide
menu
level
2
link
href
http://gocaltech.com/landing/index
athletics
amp
recreation
class
slide
menu
level
2
link
href
http://events.caltech.edu/
events
caltech
live
class
slide
menu
level
2
link
href
http://pva.caltech.edu/
performing
amp
visual
arts
class
slide
menu
level
2
link
href
http://housing.caltech.edu/
housing
class
slide
menu
level
2
link
href
http://dining.caltech.edu/
dining
class
slide
menu
level
2
link
href
https://www.caltechy.org/
caltech
class
slide
menu
level
2
link
href
http://wellness.caltech.edu/
wellness
services
class
slide
menu
level
2
link
href
http://diversity.caltech.edu/
diversity
center
class
slide
menu
level
2
link
href
http://security.caltech.edu/
security
class
slide
menu
level
2
link
href
https://www.caltech.edu/campus-life-events/emergency-information
emergency
information
img
alt
class
header
search
icon
src
static
wagtail
menu
img
icon
search
png
form
id
search
form
class
header
search
form
action
search
method
search
input
class
header
search
form
query
type
search
name
value
autocorrect
off
autocapitalize
off
autocomplete
off
spellcheck
false
search
href
home
nbsp
nbsp
href
academics
academics
nbsp
nbsp
resources
nbsp
nbsp
academic
calendar
academic
calendar
class
time
box
ical
3
aria
describedby
academic
ical
description
href
webcal
www
caltech
edu
campus
life
events
calendar
ical
type
academic
add
to
cal
add
academic
calendar
events
to
your
personal
calendar
img
alt
class
footer
torch
src
static
theme
img
flame
png
img
alt
caltech
class
footer
left
caltech
wordmark
src
static
core
img
caltech
new
logo
png
california
institute
of
technology
img
class
footer
right
map
marker
src
static
theme
img
icon
footerpin
png
alt
east
california
boulevard
pasadena
california
class
footer
menu
link
href
contact
aria
label
contact
us
contact
us
class
footer
menu
link
href
claimed
copyright
infringement
aria
label
claimed
copyright
infringement
claimed
copyright
infringement
class
footer
menu
link
href
privacy
notice
aria
label
privacy
notice
privacy
notice
class
footer
menu
link
href
digital
accessibility
aria
label
digital
accessibility
digital
accessibility
site
content
copyright
copy
script
src
static
theme
js
anchor
js
anchors
options
icon
visible
hover
title
text
right
click
here
and
choose
copy
link
to
get
link
to
this
part
of
the
page
anchors
add
rich
text
1
rich
text
2
rich
text
3
rich
text
4
rich
text
5
rich
text
6
heading
block
