html
html
lang
en
dir
ltr
prefix
og
https://ogp.me/ns
link
rel
canonical
href
news
stories
archives
november
prison
education
project
link
rel
image
src
href
news
sites
default
files
pep
hero
min
jpg
meta
property
og
url
content
news
stories
archives
november
prison
education
project
meta
property
og
image
content
news
sites
default
files
pep
hero
min
jpg
meta
property
og
image
secure
url
content
news
sites
default
files
pep
hero
min
jpg
meta
property
og
image
type
content
image
jpeg
meta
name
twitter
image
content
news
sites
default
files
pep
hero
min
jpg
meta
name
generator
content
drupal
10
https://www.drupal.org
script
type
application
ld
json
context
https://schema.org
graph
type
news
article
id
https://www.cmu.edu/news/stories/archives/2023/November/prison-education-project
headline
prison
education
project
offers
students
faculty
new
learning
experiences
description
the
prison
education
project
offers
students
and
faculty
new
learning
experiences
at
state
correctional
institute
in
somerset
date
published
date
modified
author
type
person
name
emily
nagin
url
mailto
eanagin
andrew
cmu
edu
publisher
type
organization
name
news
logo
type
image
object
representative
of
page
false
url
https://www.cmu.edu/brand/brand-guidelines/images/wordmarksquare-red-600x600.png
width
height
type
college
or
university
id
http://www.cmu.edu/news
url
https://www.cmu.edu/
same
as
https://www.facebook.com/carnegiemellonuniversity
https://twitter.com/cmu_news
https://www.instagram.com/carnegiemellon/
https://www.linkedin.com/school/carnegie-mellon-university/
https://www.youtube.com/carnegiemellonu
name
carnegie
mellon
university
telephone
logo
type
image
object
url
https://www.cmu.edu/brand/brand-guidelines/images/wordmarksquare-red-600x600.png
width
height
alternate
name
carnegie
mellon
address
type
postal
address
street
address
forbes
ave
address
locality
pittsburgh
address
region
postal
code
address
country
script
type
text
javascript
var
data
layer
window
data
layer
window
data
layer
var
site
id
news
var
site
name
news
data
layer
push
site
id
site
id
site
name
site
name
cms
cascade
function
push
gtm
start
new
date
get
time
event
gtm
js
var
get
elements
by
tag
name
0
create
element
dl
data
layer
amp
async
true
src
www
googletagmanager
com
gtm
js
id
dl
parent
node
insert
before
window
document
script
data
layer
link
rel
icon
href
news
themes
cmu
favicon
ico
type
image
vnd
microsoft
icon
prison
education
project
offers
students
faculty
new
learning
experiences
news
carnegie
mellon
university
link
rel
stylesheet
media
all
href
news
core
modules
filter
css
filter
caption
css
sioyzl
link
rel
stylesheet
media
all
href
news
core
modules
media
css
filter
caption
css
sioyzl
link
rel
stylesheet
media
all
href
fonts
googleapis
com
css
family
open
sans
italic
italic
italic
link
rel
stylesheet
media
all
href
news
themes
cmu
dist
css
main
css
sioyzl
link
rel
stylesheet
media
print
href
news
themes
cmu
dist
css
print
css
sioyzl
link
rel
apple
touch
icon
sizes
href
https://www.cmu.edu/news/themes/cmu2019/apple-touch-icon.png
link
rel
icon
type
image
png
sizes
href
https://www.cmu.edu/news/themes/cmu2019/favicon-32x32.png
link
rel
icon
type
image
png
sizes
href
https://www.cmu.edu/news/themes/cmu2019/favicon-16x16.png
link
rel
mask
icon
href
https://www.cmu.edu/news/themes/cmu2019/safari-pinned-tab.svg
color
5
bbad
5
skip
to
main
content
href
https://www.cmu.edu
class
roof
wordmark
link
id
wordmark
carnegie
mellon
university
homepage
use
xlink
href
news
themes
cmu
images
sprite
svg
cmu
wordmark
form
action
https://search.cmu.edu
method
get
class
roof
search
form
search
carnegie
mellon
university
search
use
xlink
href
news
themes
cmu
images
sprite
svg
icon
search
svg
class
icon
menu
width
height
xmlns
http://www.w3.org/2000/svg
viewbox
menu
href
news
news
form
action
https://search.cmu.edu
method
get
class
side
nav
search
form
search
carnegie
mellon
university
search
use
xlink
href
news
themes
cmu
images
sprite
svg
icon
search
href
news
stories
class
side
nav
list
list
item
link
data
drupal
link
system
path
node
6
stories
stories
section
href
news
stories
college
of
engineering
class
side
nav
list
list
item
link
data
drupal
link
system
path
node
college
of
engineering
href
news
stories
college
of
fine
arts
class
side
nav
list
list
item
link
data
drupal
link
system
path
node
college
of
fine
arts
href
news
stories
dietrich
college
of
humanities
social
sciences
class
side
nav
list
list
item
link
data
drupal
link
system
path
node
dietrich
college
of
humanities
amp
social
sciences
href
news
stories
heinz
college
of
information
systems
and
public
policy
class
side
nav
list
list
item
link
data
drupal
link
system
path
node
heinz
college
of
information
systems
and
public
policy
href
news
stories
mellon
college
of
science
class
side
nav
list
list
item
link
data
drupal
link
system
path
node
mellon
college
of
science
href
news
stories
school
of
computer
science
class
side
nav
list
list
item
link
data
drupal
link
system
path
node
school
of
computer
science
href
news
stories
tepper
school
of
business
class
side
nav
list
list
item
link
data
drupal
link
system
path
node
tepper
school
of
business
href
news
stories
archives
class
side
nav
list
list
item
link
data
drupal
link
system
path
node
7
archives
archives
section
href
news
stories
archives
class
side
nav
list
list
item
link
data
drupal
link
system
path
stories
archives
section
href
news
stories
archives
january
class
side
nav
list
list
item
link
data
drupal
link
system
path
stories
archives
january
january
href
news
stories
archives
february
class
side
nav
list
list
item
link
data
drupal
link
system
path
stories
archives
february
february
href
news
stories
archives
march
class
side
nav
list
list
item
link
data
drupal
link
system
path
stories
archives
march
march
href
news
stories
archives
april
class
side
nav
list
list
item
link
data
drupal
link
system
path
stories
archives
april
april
href
news
stories
archives
may
class
side
nav
list
list
item
link
data
drupal
link
system
path
stories
archives
may
may
href
news
stories
archives
june
class
side
nav
list
list
item
link
data
drupal
link
system
path
stories
archives
june
june
href
news
stories
archives
july
class
side
nav
list
list
item
link
data
drupal
link
system
path
stories
archives
july
july
href
news
stories
archives
august
class
side
nav
list
list
item
link
data
drupal
link
system
path
stories
archives
august
august
href
news
stories
archives
class
side
nav
list
list
item
link
data
drupal
link
system
path
stories
archives
section
href
news
stories
archives
january
class
side
nav
list
list
item
link
data
drupal
link
system
path
stories
archives
january
january
href
news
stories
archives
february
class
side
nav
list
list
item
link
data
drupal
link
system
path
stories
archives
february
february
href
news
stories
archives
march
class
side
nav
list
list
item
link
data
drupal
link
system
path
stories
archives
march
march
href
news
stories
archives
april
class
side
nav
list
list
item
link
data
drupal
link
system
path
stories
archives
april
april
href
news
stories
archives
may
class
side
nav
list
list
item
link
data
drupal
link
system
path
stories
archives
may
may
href
news
stories
archives
june
class
side
nav
list
list
item
link
data
drupal
link
system
path
stories
archives
june
june
href
news
stories
archives
july
class
side
nav
list
list
item
link
data
drupal
link
system
path
stories
archives
july
july
href
news
stories
archives
august
class
side
nav
list
list
item
link
data
drupal
link
system
path
stories
archives
august
august
href
news
stories
archives
september
class
side
nav
list
list
item
link
data
drupal
link
system
path
stories
archives
september
september
href
news
stories
archives
october
class
side
nav
list
list
item
link
data
drupal
link
system
path
stories
archives
october
october
href
news
stories
archives
november
class
side
nav
list
list
item
link
data
drupal
link
system
path
stories
archives
november
november
href
news
stories
archives
december
class
side
nav
list
list
item
link
data
drupal
link
system
path
stories
archives
december
december
href
news
stories
archives
class
side
nav
list
list
item
link
data
drupal
link
system
path
stories
archives
section
href
news
stories
archives
january
class
side
nav
list
list
item
link
data
drupal
link
system
path
stories
archives
january
january
href
news
stories
archives
february
class
side
nav
list
list
item
link
data
drupal
link
system
path
stories
archives
february
february
href
news
stories
archives
march
class
side
nav
list
list
item
link
data
drupal
link
system
path
stories
archives
march
march
href
news
stories
archives
april
class
side
nav
list
list
item
link
data
drupal
link
system
path
stories
archives
april
april
href
news
stories
archives
may
class
side
nav
list
list
item
link
data
drupal
link
system
path
stories
archives
may
may
href
news
stories
archives
june
class
side
nav
list
list
item
link
data
drupal
link
system
path
stories
archives
june
june
href
news
stories
archives
july
class
side
nav
list
list
item
link
data
drupal
link
system
path
stories
archives
july
july
href
news
stories
archives
august
class
side
nav
list
list
item
link
data
drupal
link
system
path
stories
archives
august
august
href
news
stories
archives
september
class
side
nav
list
list
item
link
data
drupal
link
system
path
stories
archives
september
september
href
news
stories
archives
october
class
side
nav
list
list
item
link
data
drupal
link
system
path
stories
archives
october
october
href
news
stories
archives
november
class
side
nav
list
list
item
link
data
drupal
link
system
path
stories
archives
november
november
href
news
stories
archives
december
class
side
nav
list
list
item
link
data
drupal
link
system
path
stories
archives
december
december
href
news
stories
archives
class
side
nav
list
list
item
link
data
drupal
link
system
path
stories
archives
section
href
news
stories
archives
january
class
side
nav
list
list
item
link
data
drupal
link
system
path
stories
archives
january
january
href
news
stories
archives
february
class
side
nav
list
list
item
link
data
drupal
link
system
path
stories
archives
february
february
href
news
stories
archives
march
class
side
nav
list
list
item
link
data
drupal
link
system
path
stories
archives
march
march
href
news
stories
archives
april
class
side
nav
list
list
item
link
data
drupal
link
system
path
stories
archives
april
april
href
news
stories
archives
may
class
side
nav
list
list
item
link
data
drupal
link
system
path
stories
archives
may
may
href
news
stories
archives
june
class
side
nav
list
list
item
link
data
drupal
link
system
path
stories
archives
june
june
href
news
stories
archives
july
class
side
nav
list
list
item
link
data
drupal
link
system
path
stories
archives
july
july
href
news
stories
archives
august
class
side
nav
list
list
item
link
data
drupal
link
system
path
stories
archives
august
august
href
news
stories
archives
september
class
side
nav
list
list
item
link
data
drupal
link
system
path
stories
archives
september
september
href
news
stories
archives
october
class
side
nav
list
list
item
link
data
drupal
link
system
path
stories
archives
october
october
href
news
stories
archives
november
class
side
nav
list
list
item
link
data
drupal
link
system
path
stories
archives
november
november
href
news
stories
archives
december
class
side
nav
list
list
item
link
data
drupal
link
system
path
stories
archives
december
december
href
news
stories
archives
class
side
nav
list
list
item
link
data
drupal
link
system
path
stories
archives
section
href
news
stories
archives
january
class
side
nav
list
list
item
link
data
drupal
link
system
path
stories
archives
january
january
href
news
stories
archives
february
class
side
nav
list
list
item
link
data
drupal
link
system
path
stories
archives
february
february
href
news
stories
archives
march
class
side
nav
list
list
item
link
data
drupal
link
system
path
stories
archives
march
march
href
news
stories
archives
april
class
side
nav
list
list
item
link
data
drupal
link
system
path
stories
archives
april
april
href
news
stories
archives
may
class
side
nav
list
list
item
link
data
drupal
link
system
path
stories
archives
may
may
href
news
stories
archives
june
class
side
nav
list
list
item
link
data
drupal
link
system
path
stories
archives
june
june
href
news
stories
archives
july
class
side
nav
list
list
item
link
data
drupal
link
system
path
stories
archives
july
july
href
news
stories
archives
august
class
side
nav
list
list
item
link
data
drupal
link
system
path
stories
archives
august
august
href
news
stories
archives
september
class
side
nav
list
list
item
link
data
drupal
link
system
path
stories
archives
september
september
href
news
stories
archives
october
class
side
nav
list
list
item
link
data
drupal
link
system
path
stories
archives
october
october
href
news
stories
archives
november
class
side
nav
list
list
item
link
data
drupal
link
system
path
stories
archives
november
november
href
news
stories
archives
december
class
side
nav
list
list
item
link
data
drupal
link
system
path
stories
archives
december
december
href
news
stories
archives
class
side
nav
list
list
item
link
data
drupal
link
system
path
stories
archives
section
href
news
stories
archives
january
class
side
nav
list
list
item
link
data
drupal
link
system
path
stories
archives
january
january
href
news
stories
archives
february
class
side
nav
list
list
item
link
data
drupal
link
system
path
stories
archives
february
february
href
news
stories
archives
march
class
side
nav
list
list
item
link
data
drupal
link
system
path
stories
archives
march
march
href
news
stories
archives
april
class
side
nav
list
list
item
link
data
drupal
link
system
path
stories
archives
april
april
href
news
stories
archives
may
class
side
nav
list
list
item
link
data
drupal
link
system
path
stories
archives
may
may
href
news
stories
archives
june
class
side
nav
list
list
item
link
data
drupal
link
system
path
stories
archives
june
june
href
news
stories
archives
july
class
side
nav
list
list
item
link
data
drupal
link
system
path
stories
archives
july
july
href
news
stories
archives
august
class
side
nav
list
list
item
link
data
drupal
link
system
path
stories
archives
august
august
href
news
stories
archives
september
class
side
nav
list
list
item
link
data
drupal
link
system
path
stories
archives
september
september
href
news
stories
archives
october
class
side
nav
list
list
item
link
data
drupal
link
system
path
stories
archives
october
october
href
news
stories
archives
november
class
side
nav
list
list
item
link
data
drupal
link
system
path
stories
archives
november
november
href
news
stories
archives
december
class
side
nav
list
list
item
link
data
drupal
link
system
path
stories
archives
december
december
href
news
stories
archives
class
side
nav
list
list
item
link
data
drupal
link
system
path
stories
archives
section
href
news
stories
archives
january
class
side
nav
list
list
item
link
data
drupal
link
system
path
stories
archives
january
january
href
news
stories
archives
february
class
side
nav
list
list
item
link
data
drupal
link
system
path
stories
archives
february
february
href
news
stories
archives
march
class
side
nav
list
list
item
link
data
drupal
link
system
path
stories
archives
march
march
href
news
stories
archives
april
class
side
nav
list
list
item
link
data
drupal
link
system
path
stories
archives
april
april
href
news
stories
archives
may
class
side
nav
list
list
item
link
data
drupal
link
system
path
stories
archives
may
may
href
news
stories
archives
june
class
side
nav
list
list
item
link
data
drupal
link
system
path
stories
archives
june
june
href
news
stories
archives
july
class
side
nav
list
list
item
link
data
drupal
link
system
path
stories
archives
july
july
href
news
stories
archives
august
class
side
nav
list
list
item
link
data
drupal
link
system
path
stories
archives
august
august
href
news
stories
archives
september
class
side
nav
list
list
item
link
data
drupal
link
system
path
stories
archives
september
september
href
news
stories
archives
october
class
side
nav
list
list
item
link
data
drupal
link
system
path
stories
archives
october
october
href
news
stories
archives
november
class
side
nav
list
list
item
link
data
drupal
link
system
path
stories
archives
november
november
href
news
stories
archives
december
class
side
nav
list
list
item
link
data
drupal
link
system
path
stories
archives
december
december
href
news
stories
archives
class
side
nav
list
list
item
link
data
drupal
link
system
path
stories
archives
section
href
news
stories
archives
january
class
side
nav
list
list
item
link
data
drupal
link
system
path
stories
archives
january
january
href
news
stories
archives
february
class
side
nav
list
list
item
link
data
drupal
link
system
path
stories
archives
february
february
href
news
stories
archives
march
class
side
nav
list
list
item
link
data
drupal
link
system
path
stories
archives
march
march
href
news
stories
archives
april
class
side
nav
list
list
item
link
data
drupal
link
system
path
stories
archives
april
april
href
news
stories
archives
may
class
side
nav
list
list
item
link
data
drupal
link
system
path
stories
archives
may
may
href
news
stories
archives
june
class
side
nav
list
list
item
link
data
drupal
link
system
path
stories
archives
june
june
href
news
stories
archives
july
class
side
nav
list
list
item
link
data
drupal
link
system
path
stories
archives
july
july
href
news
stories
archives
august
class
side
nav
list
list
item
link
data
drupal
link
system
path
stories
archives
august
august
href
news
stories
archives
september
class
side
nav
list
list
item
link
data
drupal
link
system
path
stories
archives
september
september
href
news
stories
archives
october
class
side
nav
list
list
item
link
data
drupal
link
system
path
stories
archives
october
october
href
news
stories
archives
november
class
side
nav
list
list
item
link
data
drupal
link
system
path
stories
archives
november
november
href
news
stories
archives
december
class
side
nav
list
list
item
link
data
drupal
link
system
path
stories
archives
december
december
href
news
stories
archives
class
side
nav
list
list
item
link
data
drupal
link
system
path
stories
archives
section
href
news
stories
archives
january
class
side
nav
list
list
item
link
data
drupal
link
system
path
stories
archives
january
january
href
news
stories
archives
february
class
side
nav
list
list
item
link
data
drupal
link
system
path
stories
archives
february
february
href
news
stories
archives
march
class
side
nav
list
list
item
link
data
drupal
link
system
path
stories
archives
march
march
href
news
stories
archives
april
class
side
nav
list
list
item
link
data
drupal
link
system
path
stories
archives
april
april
href
news
stories
archives
may
class
side
nav
list
list
item
link
data
drupal
link
system
path
stories
archives
may
may
href
news
stories
archives
june
class
side
nav
list
list
item
link
data
drupal
link
system
path
stories
archives
june
june
href
news
stories
archives
july
class
side
nav
list
list
item
link
data
drupal
link
system
path
stories
archives
july
july
href
news
stories
archives
august
class
side
nav
list
list
item
link
data
drupal
link
system
path
stories
archives
august
august
href
news
stories
archives
september
class
side
nav
list
list
item
link
data
drupal
link
system
path
stories
archives
september
september
href
news
stories
archives
october
class
side
nav
list
list
item
link
data
drupal
link
system
path
stories
archives
october
october
href
news
stories
archives
november
class
side
nav
list
list
item
link
data
drupal
link
system
path
stories
archives
november
november
href
news
stories
archives
december
class
side
nav
list
list
item
link
data
drupal
link
system
path
stories
archives
december
december
href
news
stories
archives
class
side
nav
list
list
item
link
data
drupal
link
system
path
stories
archives
section
href
news
stories
archives
january
class
side
nav
list
list
item
link
data
drupal
link
system
path
stories
archives
january
january
href
news
stories
archives
february
class
side
nav
list
list
item
link
data
drupal
link
system
path
stories
archives
february
february
href
news
stories
archives
march
class
side
nav
list
list
item
link
data
drupal
link
system
path
stories
archives
march
march
href
news
stories
archives
april
class
side
nav
list
list
item
link
data
drupal
link
system
path
stories
archives
april
april
href
news
stories
archives
may
class
side
nav
list
list
item
link
data
drupal
link
system
path
stories
archives
may
may
href
news
stories
archives
june
class
side
nav
list
list
item
link
data
drupal
link
system
path
stories
archives
june
june
href
news
stories
archives
july
class
side
nav
list
list
item
link
data
drupal
link
system
path
stories
archives
july
july
href
news
stories
archives
august
class
side
nav
list
list
item
link
data
drupal
link
system
path
stories
archives
august
august
href
news
stories
archives
september
class
side
nav
list
list
item
link
data
drupal
link
system
path
stories
archives
september
september
href
news
stories
archives
october
class
side
nav
list
list
item
link
data
drupal
link
system
path
stories
archives
october
october
href
news
stories
archives
november
class
side
nav
list
list
item
link
data
drupal
link
system
path
stories
archives
november
november
href
news
stories
archives
december
class
side
nav
list
list
item
link
data
drupal
link
system
path
stories
archives
december
december
href
news
stories
archives
class
side
nav
list
list
item
link
data
drupal
link
system
path
stories
archives
section
href
news
stories
archives
january
class
side
nav
list
list
item
link
data
drupal
link
system
path
stories
archives
january
january
href
news
stories
archives
february
class
side
nav
list
list
item
link
data
drupal
link
system
path
stories
archives
february
february
href
news
stories
archives
march
class
side
nav
list
list
item
link
data
drupal
link
system
path
stories
archives
march
march
href
news
stories
archives
april
class
side
nav
list
list
item
link
data
drupal
link
system
path
stories
archives
april
april
href
news
stories
archives
may
class
side
nav
list
list
item
link
data
drupal
link
system
path
stories
archives
may
may
href
news
stories
archives
june
class
side
nav
list
list
item
link
data
drupal
link
system
path
stories
archives
june
june
href
news
stories
archives
july
class
side
nav
list
list
item
link
data
drupal
link
system
path
stories
archives
july
july
href
news
stories
archives
august
class
side
nav
list
list
item
link
data
drupal
link
system
path
stories
archives
august
august
href
news
stories
archives
september
class
side
nav
list
list
item
link
data
drupal
link
system
path
stories
archives
september
september
href
news
stories
archives
october
class
side
nav
list
list
item
link
data
drupal
link
system
path
stories
archives
october
october
href
news
stories
archives
november
class
side
nav
list
list
item
link
data
drupal
link
system
path
stories
archives
november
november
href
news
stories
archives
december
class
side
nav
list
list
item
link
data
drupal
link
system
path
stories
archives
december
december
href
news
stories
archives
class
side
nav
list
list
item
link
data
drupal
link
system
path
stories
archives
section
href
news
stories
archives
january
class
side
nav
list
list
item
link
data
drupal
link
system
path
stories
archives
january
january
href
news
stories
archives
february
class
side
nav
list
list
item
link
data
drupal
link
system
path
stories
archives
february
february
href
news
stories
archives
march
class
side
nav
list
list
item
link
data
drupal
link
system
path
stories
archives
march
march
href
news
stories
archives
april
class
side
nav
list
list
item
link
data
drupal
link
system
path
stories
archives
april
april
href
news
stories
archives
may
class
side
nav
list
list
item
link
data
drupal
link
system
path
stories
archives
may
may
href
news
stories
archives
june
class
side
nav
list
list
item
link
data
drupal
link
system
path
stories
archives
june
june
href
news
stories
archives
july
class
side
nav
list
list
item
link
data
drupal
link
system
path
stories
archives
july
july
href
news
stories
archives
august
class
side
nav
list
list
item
link
data
drupal
link
system
path
stories
archives
august
august
href
news
stories
archives
september
class
side
nav
list
list
item
link
data
drupal
link
system
path
stories
archives
september
september
href
news
stories
archives
october
class
side
nav
list
list
item
link
data
drupal
link
system
path
stories
archives
october
october
href
news
stories
archives
november
class
side
nav
list
list
item
link
data
drupal
link
system
path
stories
archives
november
november
href
news
stories
archives
december
class
side
nav
list
list
item
link
data
drupal
link
system
path
stories
archives
december
december
href
news
stories
archives
class
side
nav
list
list
item
link
data
drupal
link
system
path
stories
archives
section
href
news
stories
archives
january
class
side
nav
list
list
item
link
data
drupal
link
system
path
stories
archives
january
january
href
news
stories
archives
february
class
side
nav
list
list
item
link
data
drupal
link
system
path
stories
archives
february
february
href
news
stories
archives
march
class
side
nav
list
list
item
link
data
drupal
link
system
path
stories
archives
march
march
href
news
stories
archives
april
class
side
nav
list
list
item
link
data
drupal
link
system
path
stories
archives
april
april
href
news
stories
archives
may
class
side
nav
list
list
item
link
data
drupal
link
system
path
stories
archives
may
may
href
news
stories
archives
june
class
side
nav
list
list
item
link
data
drupal
link
system
path
stories
archives
june
june
href
news
stories
archives
july
class
side
nav
list
list
item
link
data
drupal
link
system
path
stories
archives
july
july
href
news
stories
archives
august
class
side
nav
list
list
item
link
data
drupal
link
system
path
stories
archives
august
august
href
news
stories
archives
september
class
side
nav
list
list
item
link
data
drupal
link
system
path
stories
archives
september
september
href
news
stories
archives
october
class
side
nav
list
list
item
link
data
drupal
link
system
path
stories
archives
october
october
href
news
stories
archives
november
class
side
nav
list
list
item
link
data
drupal
link
system
path
stories
archives
november
november
href
news
stories
archives
december
class
side
nav
list
list
item
link
data
drupal
link
system
path
stories
archives
december
december
href
news
stories
archives
class
side
nav
list
list
item
link
data
drupal
link
system
path
stories
archives
section
href
news
stories
archives
january
class
side
nav
list
list
item
link
data
drupal
link
system
path
stories
archives
january
january
href
news
stories
archives
february
class
side
nav
list
list
item
link
data
drupal
link
system
path
stories
archives
february
february
href
news
stories
archives
march
class
side
nav
list
list
item
link
data
drupal
link
system
path
stories
archives
march
march
href
news
stories
archives
april
class
side
nav
list
list
item
link
data
drupal
link
system
path
stories
archives
april
april
href
news
stories
archives
may
class
side
nav
list
list
item
link
data
drupal
link
system
path
stories
archives
may
may
href
news
stories
archives
june
class
side
nav
list
list
item
link
data
drupal
link
system
path
stories
archives
june
june
href
news
stories
archives
july
class
side
nav
list
list
item
link
data
drupal
link
system
path
stories
archives
july
july
href
news
stories
archives
august
class
side
nav
list
list
item
link
data
drupal
link
system
path
stories
archives
august
august
href
news
stories
archives
september
class
side
nav
list
list
item
link
data
drupal
link
system
path
stories
archives
september
september
href
news
stories
archives
october
class
side
nav
list
list
item
link
data
drupal
link
system
path
stories
archives
october
october
href
news
stories
archives
november
class
side
nav
list
list
item
link
data
drupal
link
system
path
stories
archives
november
november
href
news
stories
archives
december
class
side
nav
list
list
item
link
data
drupal
link
system
path
stories
archives
december
december
href
news
experts
class
side
nav
list
list
item
link
data
drupal
link
system
path
experts
experts
href
news
media
contacts
class
side
nav
list
list
item
link
data
drupal
link
system
path
node
1
media
contacts
href
news
podcasts
class
side
nav
list
list
item
link
data
drupal
link
system
path
node
podcasts
href
http://www.cmu.edu/piper/
class
side
nav
list
list
item
link
the
piper
campus
amp
community
news
class
sitebranding
container
sitebranding
sitename
link
href
news
news
main
navigation
href
news
stories
class
header
nav
list
list
item
header
nav
list
list
item
first
child
header
nav
list
list
item
link
data
drupal
link
system
path
node
6
stories
href
news
experts
class
header
nav
list
list
item
header
nav
list
list
item
link
data
drupal
link
system
path
experts
experts
href
news
media
contacts
class
header
nav
list
list
item
header
nav
list
list
item
link
data
drupal
link
system
path
node
1
media
contacts
href
news
podcasts
class
header
nav
list
list
item
header
nav
list
list
item
link
data
drupal
link
system
path
node
podcasts
class
breadcrumbs
list
item
link
breadcrumbs
list
item
link
first
child
href
news
news
class
breadcrumbs
list
item
link
href
news
stories
stories
class
breadcrumbs
list
item
link
href
news
stories
archives
archives
class
breadcrumbs
list
item
link
href
news
stories
archives
class
breadcrumbs
list
item
link
href
news
stories
archives
november
november
prison
education
project
offers
students
faculty
new
learning
experiences
source
srcset
news
sites
default
files
styles
hero
full
width
tablet
1
public
pep
hero
min
jpg
webp
itok
och
3
1
news
sites
default
files
styles
hero
full
width
tablet
2
public
pep
hero
min
jpg
webp
itok
2
wi
yf
2
media
max
width
px
and
min
width
px
type
image
webp
width
height
source
srcset
news
sites
default
files
styles
hero
full
width
xl
1
public
pep
hero
min
jpg
webp
itok
1
zgry
1
news
sites
default
files
styles
hero
full
width
xl
2
public
pep
hero
min
jpg
webp
itok
jc
4
ra
2
media
min
width
px
type
image
webp
width
height
source
srcset
news
sites
default
files
styles
hero
full
width
desktop
1
public
pep
hero
min
jpg
webp
itok
fg
fr
db
1
news
sites
default
files
styles
hero
full
width
desktop
2
public
pep
hero
min
jpg
webp
itok
52
2
2
media
min
width
px
type
image
webp
width
height
source
srcset
news
sites
default
files
styles
hero
full
width
mobile
1
public
pep
hero
min
jpg
webp
itok
0
au
bea
1
news
sites
default
files
styles
hero
full
width
mobile
2
public
pep
hero
min
jpg
webp
itok
tp
69
2
media
max
width
px
type
image
webp
width
height
source
srcset
news
sites
default
files
styles
hero
full
width
xs
1
public
pep
hero
min
jpg
webp
itok
1
news
sites
default
files
styles
hero
full
width
xs
2
public
pep
hero
min
jpg
webp
itok
8
sp
2
media
max
width
px
type
image
webp
width
height
img
data
focal
point
center
center
class
hero
media
src
news
sites
default
files
styles
hero
full
width
fallback
public
pep
hero
min
jpg
webp
itok
8
hp
ryp
width
height
alt
view
of
front
of
classroom
from
behind
desks
and
chairs
loading
lazy
november
21
prison
education
project
offers
students
faculty
new
learning
experiences
class
social
share
links
item
link
social
share
links
item
link
facebook
link
new
window
target
blank
onclick
window
open
this
href
mywin
left
20
top
20
width
height
toolbar
1
resizable
0
return
false
href
https://www.facebook.com/sharer.php
https
3
2
2
fwww
cmu
edu
2
fnews
2
fstories
2
farchives
2
november
2
fprison
education
project
title
share
on
facebook
share
on
facebook
opens
in
new
window
use
xlink
href
news
themes
cmu
images
sprite
svg
icon
facebook
color
class
social
share
links
item
link
social
share
links
item
link
twitter
link
new
window
target
blank
onclick
window
open
this
href
mywin
left
20
top
20
width
height
toolbar
1
resizable
0
return
false
href
https://x.com/intent/tweet
url
https
3
2
2
fwww
cmu
edu
2
fnews
2
fstories
2
farchives
2
november
2
fprison
education
project
amp
text
prison
20
education
20
project
20
offers
20
students
2
20
faculty
20
new
20
learning
20
experiences
title
share
on
share
on
opens
in
new
window
use
xlink
href
news
themes
cmu
images
sprite
svg
icon
twitter
color
class
social
share
links
item
link
social
share
links
item
link
linkedin
link
new
window
target
blank
onclick
window
open
this
href
mywin
left
20
top
20
width
height
toolbar
1
resizable
0
return
false
href
https://www.linkedin.com/shareArticle
mini
true
amp
url
https
3
2
2
fwww
cmu
edu
2
fnews
2
fstories
2
farchives
2
november
2
fprison
education
project
amp
title
prison
20
education
20
project
20
offers
20
students
2
20
faculty
20
new
20
learning
20
experiences
amp
source
https://news.pantheon.cmu.edu/
title
share
on
linked
in
share
on
linked
in
opens
in
new
window
use
xlink
href
news
themes
cmu
images
sprite
svg
icon
linkedin
color
print
this
page
use
xlink
href
news
themes
cmu
images
sprite
svg
icon
printer
share
by
email
use
xlink
href
news
themes
cmu
images
sprite
svg
icon
email
by
emily
nagin
data
mail
to
rnantva
ng
naqerj
qbg
pzh
qbg
rqh
target
blank
class
icon
wrapper
href
use
xlink
href
news
themes
cmu
images
sprite
svg
icon
email
email
media
inquiries
name
abby
simmons
title
dietrich
college
of
humanities
and
social
sciences
data
mail
to
noolfvzzbaf
ng
pzh
qbg
rqh
target
blank
class
icon
wrapper
href
use
xlink
href
news
themes
cmu
images
sprite
svg
icon
email
email
phone
use
xlink
href
news
themes
cmu
images
sprite
svg
icon
phone
name
peter
kerwin
title
university
communications
amp
marketing
data
mail
to
cxrejva
ng
naqerj
qbg
pzh
qbg
rqh
target
blank
class
icon
wrapper
href
use
xlink
href
news
themes
cmu
images
sprite
svg
icon
email
email
phone
use
xlink
href
news
themes
cmu
images
sprite
svg
icon
phone
every
friday
during
the
spring
semester
15
students
from
carnegie
mellon
university
piled
into
van
to
make
the
70
mile
trip
to
the
state
correctional
institute
at
somerset
pennsylvania
state
penitentiary
accompanied
by
href
https://www.cmu.edu/dietrich/history/people/faculty/goldman.html
target
blank
wendy
goldman
opens
in
new
window
the
paul
mellon
distinguished
professor
of
history
and
href
https://www.cmu.edu/dietrich/psychology/directory/core-training-faculty/manke-kody.html
target
blank
kody
manke
miller
opens
in
new
window
an
assistant
teaching
professor
in
the
psychology
department
these
students
took
the
first
courses
offered
through
the
href
https://www.cmu.edu/dietrich/students/undergraduate/programs/pep/index.html
target
blank
prison
education
project
opens
in
new
window
modeled
after
the
nationwide
prison
education
program
href
https://www.insideoutcenter.org/
target
blank
inside
out
opens
in
new
window
courses
are
taught
once
week
inside
local
prison
and
are
made
up
of
half
non
incarcerated
outside
students
and
half
incarcerated
inside
students
rather
than
teach
or
tutor
students
are
there
to
learn
alongside
the
students
who
are
incarcerated
carnegie
mellon
students
register
through
normal
channels
and
fill
out
short
questionnaire
which
the
professors
use
to
determine
eligibility
once
registered
both
inside
and
outside
students
follow
regular
curriculum
and
receive
full
credit
for
their
coursework
this
past
spring
the
program
offered
two
courses
psychology
and
society
taught
by
manke
miller
and
russian
history
game
of
thrones
taught
by
goldman
this
fall
href
https://www.cmu.edu/dietrich/english/about-us/faculty/bios/jeffrey-williams.html
target
blank
jeffrey
williams
opens
in
new
window
professor
of
english
and
literary
and
cultural
studies
is
teaching
major
fiction
then
and
now
imagining
the
world
students
registering
for
spring
can
take
creative
writing
in
community
with
href
https://www.cmu.edu/dietrich/english/about-us/faculty/bios/jane-mccafferty.html
target
blank
jane
mc
cafferty
opens
in
new
window
professor
of
english
and
director
of
the
creative
writing
program
or
germany
and
the
second
world
war
taught
by
href
https://www.cmu.edu/dietrich/history/people/faculty/harsch.html
target
blank
donna
harsch
opens
in
new
window
professor
of
history
quot
it
really
helps
you
with
breaking
down
stereotypes
you
may
have
not
even
known
you
had
quot
vaun
moser
the
program
is
the
result
of
years
of
effort
and
careful
planning
on
goldmans
part
in
the
summer
of
the
murder
of
george
floyd
ignited
wave
of
activism
and
pushed
goldman
to
do
something
shed
been
considering
for
long
time
start
prison
education
program
with
support
from
richard
scheines
bess
family
dean
of
the
href
https://www.cmu.edu/dietrich/
target
blank
dietrich
college
of
humanities
and
social
sciences
opens
in
new
window
and
nico
slate
head
of
the
history
department
goldman
reached
out
to
dietrich
college
faculty
to
gauge
interest
manke
miller
was
one
of
many
intrigued
by
the
concept
as
social
psychologist
who
studies
inter
group
interactions
he
hoped
would
help
students
break
down
their
understanding
of
difference
when
we
dont
have
interactions
with
other
people
when
we
are
going
off
stereotypes
or
just
assumptions
we
are
really
bad
at
understanding
the
world
said
manke
miller
whose
reasons
for
joining
were
also
personal
have
many
family
members
who
have
been
incarcerated
know
prisons
systemically
deny
people
opportunities
team
of
committed
faculty
was
good
start
but
goldman
also
had
to
find
prison
willing
to
partner
with
the
university
at
the
height
of
the
pandemic
with
prisons
in
lockdown
and
closed
even
to
family
members
this
was
an
especially
difficult
feat
eventually
she
was
able
to
establish
an
agreement
with
somerset
iframe
src
https://www.youtube.com/embed/gRllfQeNs60
si
8
tegd
5
2
ew
1
rzi
title
you
tube
video
player
allow
accelerometer
autoplay
clipboard
write
encrypted
media
gyroscope
picture
in
picture
web
share
allowfullscreen
width
height
frameborder
0
before
entering
the
prison
students
and
professors
must
follow
rigid
set
of
security
steps
first
they
lock
their
cell
phones
laptops
and
coats
in
the
van
they
go
through
metal
detectors
are
patted
down
and
have
their
hands
dusted
for
drug
residue
once
cleared
they
pass
through
series
of
gates
and
walk
across
an
open
air
prison
yard
goldman
and
manke
miller
are
unable
to
bring
in
paper
reading
materials
must
be
scanned
emailed
to
the
prison
and
printed
inside
the
facility
when
goldman
asked
if
she
could
teach
her
students
traditional
russian
dance
she
was
informed
it
would
be
impossible
the
dance
involved
participants
holding
hands
and
the
inside
and
outside
students
were
forbidden
from
touching
why
go
to
these
lengths
just
to
teach
or
take
class
for
joseph
chan
sophomore
in
the
school
of
computer
science
felt
like
unique
opportunity
that
might
not
have
been
available
to
him
under
other
circumstances
im
an
international
student
chan
said
came
to
the
wanting
to
seek
out
some
new
experiences
when
first
heard
about
the
course
was
like
yeah
definitely
need
to
go
for
this
its
something
wouldnt
be
able
to
do
back
in
my
home
country
quot
ive
been
in
higher
education
for
35
years
and
ive
never
seen
anything
like
it
quot
richard
scheines
camille
chandler
junior
in
the
psychology
and
social
and
decision
sciences
departments
said
when
she
first
heard
about
she
was
skeptical
researching
the
mission
and
structure
of
the
program
was
encouraging
but
she
wasnt
fully
convinced
until
she
attended
an
in
person
information
session
all
the
students
and
professors
were
very
excited
about
the
program
and
very
willing
to
try
something
this
unique
and
different
chandler
said
thought
with
group
of
people
who
wanted
to
do
this
as
badly
as
everyone
did
and
me
wanting
to
do
it
but
just
being
little
bit
nervous
it
made
no
sense
for
me
not
to
give
it
shot
chandlers
nerves
were
dispelled
on
the
first
day
of
class
when
she
and
an
inside
student
discovered
that
they
both
love
the
singer
lauryn
hill
for
her
this
connection
helped
break
down
an
invisible
barrier
we
really
dont
communicate
across
lines
of
difference
chandler
said
programs
like
help
us
root
our
ideas
of
difference
in
real
lived
experience
vaun
moser
sophomore
in
the
carnegie
mellon
institute
for
strategy
and
technology
and
the
history
department
agreed
it
really
helps
you
with
breaking
down
stereotypes
you
may
have
not
even
known
that
you
had
she
said
moser
added
that
her
classroom
experience
in
somerset
was
uniquely
supportive
one
of
the
first
days
when
we
were
all
in
circle
having
discussion
about
the
reading
shared
my
opinion
on
something
and
one
of
the
inside
students
next
to
me
was
like
oh
really
like
that
good
job
and
ever
since
then
weve
all
just
started
encouraging
each
other
after
sharing
our
opinion
she
said
img
data
focal
point
center
center
src
news
sites
default
files
styles
embedded
max
public
sci
somerset
hero
min
jpg
itok
4
width
height
alt
faculty
and
students
at
somerset
sign
loading
lazy
is
also
an
exciting
opportunity
for
the
inside
students
when
the
courses
were
first
announced
nearly
people
applied
to
take
them
for
the
incarcerated
students
think
its
chance
to
access
education
in
way
that
is
often
denied
to
lots
of
parts
of
society
manke
miller
said
and
not
just
access
but
the
experience
of
being
able
to
interact
with
the
course
material
and
think
oh
have
complicated
thoughts
about
the
world
as
well
and
theyre
represented
in
some
of
the
things
im
reading
about
this
excitement
is
reflected
in
the
quality
of
the
inside
students
work
the
class
has
been
one
of
the
most
interesting
classes
have
ever
taught
in
over
30
years
goldman
said
the
inside
students
engage
with
the
material
in
way
that
is
an
absolute
joy
to
professor
goldman
pointed
out
many
of
the
inside
students
went
to
prison
in
their
late
teens
or
early
twenties
the
same
age
the
students
are
now
and
have
been
incarcerated
for
upwards
of
two
decades
for
these
students
the
opportunity
to
take
college
courses
is
especially
meaningful
brandon
an
somerset
student
said
of
cannot
begin
to
express
how
much
it
was
appreciated
always
looked
forward
to
fridays
not
because
was
getting
off
the
housing
unit
or
going
to
school
but
mainly
because
the
professor
and
the
students
treated
me
and
the
other
inmates
like
real
people
as
the
spring
term
drew
to
close
goldman
and
manke
miller
felt
it
was
important
to
acknowledge
the
students
hard
work
and
dedication
on
the
last
day
of
class
the
inside
and
outside
students
received
certificates
at
special
ceremony
attended
by
dietrich
colleges
dean
the
experience
of
watching
equal
numbers
of
students
and
somerset
prison
students
get
certificates
was
deeply
gratifying
scheines
said
students
were
transformed
and
said
so
ive
been
in
higher
education
for
35
years
and
ive
never
seen
anything
like
it
jacob
an
somerset
student
wrote
in
his
course
evaluation
have
thoroughly
enjoyed
the
entire
experience
of
the
program
it
offered
an
enclave
of
humanity
and
higher
education
within
an
environment
that
is
often
bereft
of
both
about
carnegie
mellon
university
prison
education
project
is
committed
to
bringing
education
into
prison
offering
new
opportunities
to
inmates
and
students
and
building
dialogue
across
class
racial
and
social
lines
href
https://www.cmu.edu/dietrich/students/undergraduate/programs/pep/index.html
target
blank
learn
more
opens
in
new
window
related
content
class
link
box
href
news
stories
archives
april
dietrich
senior
teaches
english
to
syrian
refugees
in
turkey
source
srcset
news
sites
default
files
styles
photo
grid
half
tablet
1
public
turkey
jpg
webp
itok
news
sites
default
files
styles
photo
grid
half
tablet
2
public
turkey
jpg
webp
itok
fnf
dvn
2
media
max
width
px
and
min
width
px
type
image
webp
width
height
source
srcset
news
sites
default
files
styles
photo
grid
half
xl
1
public
turkey
jpg
webp
itok
9
jb
3
jr
1
news
sites
default
files
styles
photo
grid
half
xl
2
public
turkey
jpg
webp
itok
1
dfkon
2
media
min
width
px
type
image
webp
width
height
source
srcset
news
sites
default
files
styles
photo
grid
half
desktop
1
public
turkey
jpg
webp
itok
2
tjin
news
sites
default
files
styles
photo
grid
half
desktop
2
public
turkey
jpg
webp
itok
obhev
2
media
min
width
px
type
image
webp
width
height
source
srcset
news
sites
default
files
styles
photo
grid
half
mobile
1
public
turkey
jpg
webp
itok
4
dk
news
sites
default
files
styles
photo
grid
half
mobile
2
public
turkey
jpg
webp
itok
4
2
media
max
width
px
type
image
webp
width
height
source
srcset
news
sites
default
files
styles
photo
grid
half
xs
1
public
turkey
jpg
webp
itok
1
prev
1
news
sites
default
files
styles
photo
grid
half
xs
2
public
turkey
jpg
webp
itok
0
sa
vq
2
media
max
width
px
type
image
webp
width
height
img
data
focal
point
center
center
src
news
sites
default
files
styles
photo
grid
half
fallback
public
turkey
jpg
webp
itok
na
8
pi
si
width
height
alt
map
of
turkey
loading
lazy
dietrich
senior
teaches
english
to
syrian
refugees
in
turkey
class
link
box
href
news
stories
archives
september
celebrating
10
years
of
dietrich
foundation
support
source
srcset
news
sites
default
files
styles
photo
grid
half
tablet
1
public
dietrich
20
group
20
photo
jpg
webp
itok
3
vo
1
uq
news
sites
default
files
styles
photo
grid
half
tablet
2
public
dietrich
20
group
20
photo
jpg
webp
itok
2
06
2
media
max
width
px
and
min
width
px
type
image
webp
width
height
source
srcset
news
sites
default
files
styles
photo
grid
half
xl
1
public
dietrich
20
group
20
photo
jpg
webp
itok
8
fnax
news
sites
default
files
styles
photo
grid
half
xl
2
public
dietrich
20
group
20
photo
jpg
webp
itok
9
ewt
2
media
min
width
px
type
image
webp
width
height
source
srcset
news
sites
default
files
styles
photo
grid
half
desktop
1
public
dietrich
20
group
20
photo
jpg
webp
itok
elcb
news
sites
default
files
styles
photo
grid
half
desktop
2
public
dietrich
20
group
20
photo
jpg
webp
itok
va
29
tea
2
media
min
width
px
type
image
webp
width
height
source
srcset
news
sites
default
files
styles
photo
grid
half
mobile
1
public
dietrich
20
group
20
photo
jpg
webp
itok
yhda
1
news
sites
default
files
styles
photo
grid
half
mobile
2
public
dietrich
20
group
20
photo
jpg
webp
itok
2
media
max
width
px
type
image
webp
width
height
source
srcset
news
sites
default
files
styles
photo
grid
half
xs
1
public
dietrich
20
group
20
photo
jpg
webp
itok
am
il
1
news
sites
default
files
styles
photo
grid
half
xs
2
public
dietrich
20
group
20
photo
jpg
webp
itok
0
oqj
bdc
2
media
max
width
px
type
image
webp
width
height
img
data
focal
point
center
center
src
news
sites
default
files
styles
photo
grid
half
fallback
public
dietrich
20
group
20
photo
jpg
webp
itok
6
zor
8
width
height
alt
william
dietrich
loading
lazy
celebrating
10
years
of
dietrich
foundation
support
iframe
style
display
none
visibility
hidden
height
0
src
https://www.googletagmanager.com/ns.html
id
width
0
class
link
list
item
link
link
new
window
href
http://www.cmu.edu/piper/
target
quot
blank
quot
the
piper
campus
amp
community
news
opens
in
new
window
class
link
list
item
link
link
new
window
href
https://events.cmu.edu/
target
quot
blank
quot
official
events
calendar
opens
in
new
window
forbes
avenue
pittsburgh
href
https://www.cmu.edu/
carnegie
mellon
university
href
https://www.cmu.edu/legal/
target
blank
legal
info
class
social
media
item
link
href
https://www.facebook.com/carnegiemellonu
target
blank
facebook
opens
in
new
window
use
xlink
href
news
themes
cmu
images
sprite
svg
icon
facebook
class
social
media
item
link
href
https://www.twitter.com/carnegiemellon
target
blank
twitter
opens
in
new
window
use
xlink
href
news
themes
cmu
images
sprite
svg
icon
twitter
class
social
media
item
link
href
https://www.linkedin.com/edu/school
id
target
blank
linkedin
opens
in
new
window
use
xlink
href
news
themes
cmu
images
sprite
svg
icon
linkedin
class
social
media
item
link
href
https://www.youtube.com/cmu
target
blank
youtube
opens
in
new
window
use
xlink
href
news
themes
cmu
images
sprite
svg
icon
youtube
class
social
media
item
link
href
https://www.cmu.edu/news/feeds/news.rss
target
blank
rss
opens
in
new
window
use
xlink
href
news
themes
cmu
images
sprite
svg
icon
rss
class
social
media
item
link
href
https://www.instagram.com/carnegiemellon/
target
blank
instagram
opens
in
new
window
use
xlink
href
news
themes
cmu
images
sprite
svg
icon
instagram
class
social
media
item
link
href
https://www.cmu.edu/social-media/
target
blank
more
opens
in
new
window
use
xlink
href
news
themes
cmu
images
sprite
svg
icon
more
window
data
layer
window
data
layer
window
data
layer
push
language
en
country
site
title
news
entity
field
byline
entity
created
entity
langcode
en
entity
status
1
entity
uid
28
entity
uuid
abca
entity
vid
entity
type
node
entity
bundle
article
entity
id
entity
title
prison
education
project
offers
students
faculty
new
learning
experiences
entity
taxonomy
cmu
categories
5
experience
9
dietrich
college
10
education
15
faculty
17
innovation
18
international
21
partnerships
28
students
categories
1
38
community
40
41
dietrich
42
diversity
48
57
site
name
news
site
id
news
site
theme
cmu
environment
live
cms
drupal
cms
version
6
author
emily
nagin
publication
date
21
page
type
article
cmu
categories
experience
dietrich
college
education
faculty
innovation
international
partnerships
students
categories
1
community
dietrich
diversity
script
type
application
json
data
drupal
selector
drupal
settings
json
path
base
url
path
prefix
current
path
node
current
path
is
admin
false
is
front
false
current
language
en
plural
delimiter
suppress
deprecation
errors
true
data
layer
default
lang
en
languages
en
id
en
name
english
direction
ltr
weight
0
user
uid
0
permissions
hash
aa
9
fd
56
ea
fa
script
src
news
core
misc
drupal
settings
loader
js
6
script
src
news
core
misc
drupal
js
6
script
src
news
core
misc
drupal
init
js
6
script
src
https://unpkg.com/web-vitals/dist/web-vitals.iife.js
script
src
news
modules
custom
cmu
datalayer
js
cmu
datalayer
js
1
script
src
news
modules
contrib
datalayer
js
datalayer
js
1
script
src
news
themes
cmu
dist
js
main
js
1
script
src
news
modules
contrib
obfuscate
email
js
obfuscate
email
js
6
scroll
to
top
