7
2
1
qa
2
3
br
zcdefghijstuvwxyz
1
aq
2
3
br
4
zcdefghijstuvwxyz
ib
ha
hb
0
6
4
1
hb
bv
1
zp
9
pz
bw
st
9
4
0
ch
uv
7
8
iq
7
2
8
7
yf
sl
mk
63
1
6
rb
hb
hbb
4
zr
9
0
9
xg
85
md
fx
cg
bs
uf
ch
qw
qm
bu
2
rb
1
hh
0
1
1
iq
1
qp
5
cb
6
1
1
ju
qu
1
bm
1
1
ju
rb
1
6
1
6
rb
qp
0
1
ha
1
0
1
1
em
qv
7
1
em
hb
1
7
bi
1
ju
jm
1
7
ch
1
rb
0
1
1
pj
0
0
1
1
hb
bm
rb
1
xn
1
1
ku
41
1
1
0
jv
1
0
1
jv
0
4
7
0
1
iu
4
ii
1
1
rb
rb
rb
rb
0
ju
ju
7
1
1
1
4
1
0
1
wc
kjql
nu
9
4
zx
7
soy
1
1
biq
1
jq
1
jb
bi
rb
7
0
ph
rm
1
kj
mucv
6
gb
sz
nj
7
xb
4
fzs
6
0
1
1
1
nb
nnq
jk
vj
la
0
3
ud
gx
em
ks
6
2
on
0
yb
es
vzml
7
9
7
brdnu
0
7
3
kt
0
0
0
ha
iq
1
bb
bb
im
qb
6
1
6
1
ju
1
bb
rb
qm
8
ji
0
enq
yw
uf
3
7
sq
kio
6
nq
yz
1
ui
rki
6
xv
wg
bli
8
yb
9
et
8
7
7
zd
eoh
gz
3
fz
dj
ci
lt
dv
9
xe
vc
2
pk
tj
3
qp
3
7
ion
9
mik
9
0
8
1
rh
hb
qh
3
bp
1
1
gr
6
ch
ci
0
0
ch
ch
1
1
1
1
1
3
lzw
1
lt
df
er
0
aq
ide
8
hg
9
pe
2
6
zviy
wy
1
gn
op
7
kmd
rq
56
yo
0
eb
9
0
lw
qp
nj
ps
zp
4
tcp
1
8
6
1
pp
hck
0
ha
4
se
1
9
ia
jmw
24
ny
2
8
4
obq
kp
rb
6
4
8
6
jc
0
ju
fd
5
ei
ep
xwc
4
lz
8
5
il
za
15
lih
mek
5
qzd
5
0
nap
nw
60
wi
8
eps
3
gb
oo
olm
7
uumk
1
hk
lk
1
1
hcda
lf
7
oars
6
1
3
in
wj
ie
3
fvr
1
09
il
3
sb
jz
up
5
9
jm
hg
84
pw
sw
gj
0
4
hc
9
oa
5
9
9
ip
1
el
6
we
9
2
xk
em
rk
7
uxkn
eu
9
2
ra
zr
oze
9
gc
dn
8
0
wx
4
qe
ym
tp
9
ru
ve
0
8
9
us
ntqkqq
ssrw
9
by
hdd
1
hne
5
6
yi
8
ws
8
bv
jb
1
0
ju
rb
hih
4
ja
pk
9
ntly
vpq
yk
7
cet
0
nyuu
fa
ca
pi
0
1
qf
4
8
vd
54
ri
1
ip
8
11
vb
ot
4
nh
0
ok
zn
qd
6
rd
5
9
io
ksd
80
3
wi
4
hms
1
ts
7
st
tm
bq
2
gc
76
nd
yr
mo
4
zc
4
3
ic
rs
im
5
kz
fc
zv
tox
1
wj
us
5
bn
4
im
33
2
8
xs
ci
oq
ea
8
uk
et
cgm
vq
6
1
yu
43
rj
73
1
gj
7
4
rm
5
xk
nx
hmu
4
ej
2
1
0
vf
yp
0
cb
98
kzpl
2
22
8
3
0
0
3
2
7
8
9
eaj
gv
8
1
4
kr
7
4
fm
7
0
je
3
qm
eto
6
3
zmo
9
ri
px
zm
5
5
tzm
cja
ds
2
fp
9
63
za
ms
7
lm
ko
fv
kip
rk
co
ez
6
7
0
9
4
xs
9
ks
gz
2
4
hh
9
0
lz
fm
kk
1
sx
ori
yj
7
hc
4
ae
3
1
6
ju
1
4
rb
0
0
0
7
bm
6
yk
jn
vf
6
3
ja
uk
1
8
bk
hx
hm
ngh
2
gy
uu
5
seg
lq
5
5
4
ymy
2
uo
zm
4
0
ht
rs
jc
kx
3
zq
2
2
nk
vh
sy
ycq
mnxv
tm
ck
3
id
ml
3
ec
9
4
fm
nd
zm
2
hexlyud
vf
5
ry
tr
71
wg
xwt
uk
go
0
tu
07
zwh
5
0
6
5
nv
kw
sj
8
0
sv
8
ej
eh
8
ft
ghdk
6
5
on
syw
6
6
8
sv
maw
9
wiz
lc
9
2
wx
du
mt
0
2
dy
7
0
ug
4
pi
8
lh
1
2
4
ss
amgp
9
8
6
vs
iu
sc
2
mz
kh
it
hou
etkk
9
0
ju
0
0
rb
3
qj
gd
61
iv
2
tx
wj
28
wzzv
qkq
7
nu
wzg
89
ts
9
yh
ttx
ue
0
kfm
mb
vd
hus
11
ipj
gs
7
sb
qt
jkt
nzz
9
epe
gc
voxe
5
mqztod
5
iy
6
mm
os
mu
skf
2
kg
nb
4
ycn
7
6
sk
3
3
ol
af
4
lp
3
vc
7
6
bp
9
7
2
0
ut
qy
gq
xot
17
ajf
lt
3
wf
4
8
dq
ba
5
3
4
xbk
sw
rh
ur
ya
fb
nq
3
erq
2
ps
qr
1
io
9
62
pqm
ojn
qm
uu
1
9
6
dpg
14
5
gj
wn
ss
ri
3
su
izv
ss
lc
08
4
2
7
bg
8
rj
abf
mj
9
7
2
yc
2
49
8
5
7
6
ak
jlaleo
mu
ov
76
et
4
xh
ge
cc
se
pge
xo
ui
iz
cs
9
0
jh
4
4
ju
6
1
ju
3
4
rb
oz
2
nd
99
5
7
cq
ux
wv
sm
bzv
rm
4
1
5
tq
8
mxc
dq
8
vt
9
hbi
bp
3
5
xx
irb
0
bq
hz
mpf
4
7
2
bfi
ol
wh
gts
1
md
cpz
gdqh
wzou
vn
1
mw
rx
9
4
5
6
pi
jb
1
6
rb
jv
ju
hi
th
3
0
it
ze
2
7
8
ohc
48
kl
69
rx
sk
4
ciq
qb
8
7
4
hv
9
5
id
mi
ozm
dc
ml
gt
7
ww
4
xxz
so
od
0
kx
9
5
lg
eg
az
xm
dv
1
27
0
9
tg
wo
6
qoj
ru
tv
9
5
ip
6
4
sf
2
4
uz
nk
5
ty
2
dc
ko
yj
7
rp
8
dx
dt
83
4
1
1
lft
9
im
9
5
5
7
yg
8
es
xt
5
ge
5
9
1
9
vvva
ly
3
0
hr
fq
4
ii
9
oq
8
eyd
5
nc
8
pkgg
06
4
ch
8
ju
0
4
6
0
1
sn
ekvpw
df
2
ftyy
ry
8
5
go
5
uiq
swft
nbx
vy
6
dv
sz
cn
pj
5
wf
zo
rs
cs
1
oq
7
ar
im
zas
97
rt
ja
xn
6
lh
8
54
ux
5
2
4
sa
2
ft
qm
zp
sk
3
vp
9
82
4
5
sz
5
li
svo
5
6
tzz
3
ve
wy
74
5
7
cq
4
4
2
ns
ri
pi
ty
5
pp
8
gr
es
5
qk
2
yn
suh
1
0
jfdd
0
4
7
3
5
hz
nbhd
zlh
wq
9
5
3
tg
5
felm
wyki
9
ps
2
7
3
5
giw
jm
gu
rr
jo
6
kk
5
5
et
5
id
kz
6
xz
pq
25
9
cm
58
km
9
zq
st
hb
6
0
mvz
9
nz
6
9
6
ar
9
5
6
9
vl
5
0
2
54
jd
9
if
6
zvgw
ni
ycm
23
5
wz
ev
2
3
yt
nv
ig
3
tbw
5
8
wn
zp
6
uy
pk
00
jx
4
0
4
6
hi
0
ju
4
1
py
7
4
ec
qqvg
7
3
oq
4
th
brmz
4
5
sqob
5
qd
jj
it
2
fjr
jm
fn
8
cr
18
tp
6
2
amk
wq
6
mfc
lkz
mhc
vh
7
2
fr
ku
4
0
kx
aqh
iq
xvx
5
tg
urm
ta
7
nvqj
8
9
4
glp
9
4
8
mjj
lni
mk
av
6
4
vt
3
xhl
wi
5
rz
34
xm
vf
0
0
bxz
7
fa
9
ir
yh
mx
dn
il
8
6
4
iq
hm
pb
qw
ovfvo
3
5
9
dr
dy
xi
8
0
6
dq
se
lv
4
oj
4
ks
43
irj
1
gc
vec
pi
0
du
6
0
0
gw
kk
mlq
0
3
8
wb
1
hd
8
5
io
01
zq
1
4
jx
3
ed
sit
mp
3
2
4
1
5
0
7
nlj
kt
td
vwdu
64
hd
glz
9
ml
6
tv
4
ddl
xwg
2
0
ma
2
yt
hdn
9
wm
9
ju
1
1
1
nb
rb
0
6
7
5
itn
1
vd
3
ky
8
6
5
6
ayol
7
jw
8
1
jm
vo
9
5
0
pmw
in
3
1
im
il
2
zu
1
0
zxn
wk
0
hu
1
ly
8
jo
5
sr
8
7
el
no
xvho
be
irf
3
np
mvt
6
11
5
1
rk
dy
3
7
je
34
aa
7
1
9
6
gx
7
qf
8
nht
5
th
7
1
is
8
wt
zo
zok
5
6
ir
eb
bq
0
ekr
0
2
df
8
sq
pv
8
0
4
2
0
1
vk
bf
va
7
rysu
0
qd
1
7
qg
6
1
vy
aee
0
tc
yn
4
ex
zm
iu
4
11
ju
0
1
ju
oz
or
2
ty
na
4
4
vp
7
jtk
4
1
mrc
6
wm
8
zth
lqdyd
usi
5
7
rs
0
ff
3
1
nwb
6
cj
fy
kd
kpl
6
9
ig
yqui
68
7
kw
8
2
de
1
es
5
ia
ys
wb
gzl
ku
9
nw
4
0
eb
vs
4
6
ls
1
my
6
hc
qgc
tq
4
iqs
yjj
0
9
ckn
bq
oym
2
tu
6
5
ei
rwu
bmg
6
6
gtc
jomb
7
vwhn
5
1
mx
bk
yy
hjd
xjb
7
1
qz
va
tn
7
gsw
ms
5
ew
1
8
zx
fy
ntg
mfj
9
7
sz
5
3
au
8
fzy
2
nx
7
9
2
qm
qy
krm
7
6
7
6
45
61
3
hg
uni
9
6
xly
8
3
px
3
tz
4
ji
4
9
0
yq
7
ch
4
1
0
rbm
0
1
4
lr
hvgx
3
gy
8
02
iuf
8
8
zo
ch
ypp
02
ogb
ym
9
5
4
2
5
gn
ot
0
8
3
mh
qf
1
3
ug
vp
5
5
qns
wle
ci
tw
4
lo
5
gm
8
ywvmmu
sl
6
3
3
yy
see
4
sg
mw
1
bp
ik
8
6
zv
7
xeui
ml
xjm
5
3
oq
5
bb
9
5
6
uc
9
vz
gc
zj
0
8
nz
scx
gx
3
2
zg
dqz
3
fx
xu
rx
0
rw
tk
8
iyth
6
qu
mv
6
gq
51
eb
5
trk
ks
xak
2
7
qz
rt
6
4
qs
nj
26
5
1
4
wh
ml
wx
oy
ctg
fy
1
1
rq
eje
9
8
8
5
iis
0
7
jwk
6
si
ji
7
1
gs
pd
lm
tb
6
pby
9
lz
fz
gf
xyr
iv
0
3
acp
9
av
tc
cy
9
sj
ro
oq
2
tyr
ie
ka
gk
phco
21
7
3
1
1
1
0
1
6
2
vz
3
jv
vg
tp
nz
zz
lu
fdn
8
7
kl
4
xo
sq
9
ep
9
zdq
qm
bp
qy
akh
hv
lc
5
mq
59
9
ku
1
57
6
lf
8
cqo
tlp
1
bh
1
4
nr
gg
nazm
yf
0
vj
kcee
7
fo
8
3
ph
7
53
dxt
bdw
2
sq
3
8
vf
3
tn
5
dr
8
5
cy
0
ggt
gi
4
9
5
yb
xz
7
rk
tv
hi
bj
bsf
jcml
cj
mj
ld
2
qc
kc
ofi
1
0
or
tqqf
hw
px
viw
qpo
4
bv
di
jd
74
4
3
8
7
pq
ch
yp
vy
7
iu
gf
kt
8
kkr
gs
8
8
8
gm
5
hx
pp
pjp
5
3
jb
5
0
hi
8
gq
8
dj
2
qs
3
fl
2
10
75
2
wl
st
ov
vsc
zf
5
2
8
6
1
8
cm
0
vo
vz
4
53
9
iu
rbc
5
tg
2
iz
yw
7
6
5
gj
nk
ye
pb
3
1
qv
5
7
ll
cr
rec
9
hi
4
4
kt
3
es
1
qyu
gz
bj
94
8
9
tv
hq
bsz
9
jea
ih
ju
0
4
ji
0
jv
rk
9
fcq
8
zd
0
6
fc
1
wco
56
2
js
6
8
2
ed
6
td
kfx
st
2
9
1
2
bc
8
jy
jpq
wc
4
6
db
we
57
ik
7
xp
mf
falz
4
6
ytq
xi
5
50
1
4
1
tk
0
2
yx
wk
9
nr
rv
hm
3
so
4
he
3
fi
3
5
3
8
ime
2
hfu
tl
5
5
9
5
4
fr
gk
4
8
4
7
sr
bq
xdpv
cs
9
nno
zq
yz
3
pzg
ov
vf
4
7
1
58
idn
rru
3
pes
ojw
9
tbz
3
0
zf
6
2
4
7
hk
tv
2
ig
nu
wx
fu
28
6
gh
ij
1
ly
xsh
3
ht
3
ur
0
2
ye
ln
vv
9
ff
1
4
8
gx
fo
6
qy
upa
ss
rxd
1
2
0
9
es
2
uo
8
zc
ws
4
wt
jc
6
ui
3
7
vgf
wo
uok
4
5
it
ynv
lv
zu
uqf
8
lb
7
4
0
0
az
jih
by
9
ai
ws
6
5
ukm
5
uq
tr
7
4
zv
gxr
6
ui
xn
key
cy
iy
4
mh
mc
wk
kc
ld
9
qf
9
gud
1
5
hn
ua
5
mh
ni
4
mu
yj
7
rlc
73
2
3
0
ws
5
yz
0
tv
2
mk
3
xs
1
2
ohaoff
wd
vi
gw
0
imlj
zh
zv
1
7
8
on
7
4
pk
ri
lk
hn
1
gy
xd
olo
mul
6
yr
3
me
8
weyu
0
ji
2
2
7
bg
zva
fusy
xm
ctg
0
ae
wg
khz
jn
sj
yk
um
de
8
9
hd
48
9
ad
5
8
qw
3
hc
zo
yc
up
yn
xb
xb
8
2
sq
ix
vw
uv
6
ul
9
tm
3
5
ub
4
ri
pzk
gf
tl
8
4
1
ab
5
8
9
et
3
yv
8
lv
6
jw
4
7
bqzu
1
rqf
0
id
tn
xp
pj
ojo
vsac
1
rya
8
0
5
ql
2
zzu
4
9
8
ai
ifh
8
uc
3
ge
bih
sd
8
2
nb
tdp
ga
7
4
1
gznz
9
sp
me
to
2
zd
rb
jv
5
5
4
3
8
ta
2
xv
9
ce
4
1
fa
8
gc
0
9
fg
1
6
0
uy
mw
vg
ho
get
9
99
sry
kh
9
hl
iq
4
lv
7
5
aqa
89
1
uq
te
hcw
ei
un
4
3
vm
nn
3
ry
9
ya
xr
7
8
7
du
zt
sjyo
9
ym
4
sxeau
rp
2
ui
rm
4
bg
wo
ackn
ma
4
yeomq
fa
8
xb
oz
zq
iqfw
ko
4
9
hz
0
gk
gl
8
yh
rk
4
wnw
jec
9
5
jo
7
mou
2
5
4
qb
mm
sqyb
6
ui
2
2
flny
94
hwj
sr
gi
9
0
8
34
94
sg
rs
9
75
4
4
5
jvk
hvg
7
9
jo
9
0
vl
zz
1
4
kp
et
1
wus
hq
dr
vlo
8
br
4
3
li
1
raq
te
tn
wj
8
pv
0
qj
1
3
7
8
7
7
xd
juz
qe
xf
63
6
7
8
3
7
yc
7
ct
26
kq
xq
fz
0
tj
td
rp
5
1
9
em
6
fq
ya
7
xz
ohj
3
tf
4
9
wp
7
cyq
5
5
cc
2
yfe
bs
4
cm
1
vc
2
le
uyb
sn
72
5
4
6
8
jqi
65
xm
9
zq
0
4
zm
sq
qu
du
5
eb
0
4
2
7
3
20
xu
qtn
svdfcryi
cg
3
1
3
la
nh
7
qf
zt
6
zv
qwg
qhf
rx
1
gu
ec
kdr
3
izoex
tn
ic
zy
ei
lb
2
ex
ii
vl
5
by
3
8
lrqal
sk
cj
2
6
9
vx
fg
da
ece
01
fja
7
4
5
se
0
jbz
5
2
2
yq
lkd
uu
spq
mu
mk
0
xmu
hc
1
ba
7
yb
ryqm
8
mx
nxm
aw
5
ks
jq
bs
4
4
6
5
aua
3
ly
42
14
3
pp
9
jc
he
5
vh
6
1
dv
7
ns
2
tujt
9
2
4
6
uj
5
jf
3
ic
th
fx
eh
9
6
uc
cot
6
xgsz
6
jd
5
yn
ljm
du
20
hcu
own
1
3
5
bd
8
8
uk
2
7
8
ml
wd
61
9
pz
vo
3
hg
2
dye
ey
9
so
ast
sz
0
4
tg
5
7
xji
8
7
8
xz
34
2
rr
4
09
lv
2
wm
tr
7
yr
js
6
tv
2
5
ix
um
au
5
xg
4
0
eq
gj
zp
1
dj
2
ay
xv
bw
7
8
lk
8
2
zdh
5
wm
gf
qa
6
2
sd
hq
cwyh
5
ian
qsz
kn
5
gp
sk
9
xdvy
ig
8
fq
xd
gk
qc
gy
6
xq
we
3
xz
gn
dj
nr
4
ij
oldko
ys
ls
75
hh
7
wf
4
ke
rn
4
dwl
dq
3
qq
syrb
pv
4
xq
ns
2
2
7
mn
5
4
2
4
qf
8
0
3
gm
1
md
3
xsgz
bv
ca
so
rvs
em
9
1
9
rosn
3
ng
os
lz
5
nz
4
9
8
6
rz
sb
jq
zcpz
3
8
8
qe
ag
7
5
9
4
sh
6
4
us
0
1
1
6
ar
7
yio
3
il
1
pof
ri
ufp
mf
8
fc
9
1
we
2
ls
ju
0
1
0
dc
9
1
vtr
2
5
vrc
yp
kt
mu
1
ieas
chsv
qyb
9
7
sz
4
ixe
im
13
zr
18
xh
9
gg
1
3
0
78
00
fjwa
0
dq
hrw
6
3
jm
5
wuuy
6
ek
95
fbm
9
gbu
9
sjj
6
4
8
rqgv
iv
76
44
kd
4
dd
mq
1
1
9
5
fcl
2
5
2
2
zu
9
77
2
jz
5
9
7
xwk
1
fg
ia
0
ly
3
0
2
8
qob
2
niq
4
wb
4
vz
1
2
xp
7
1
ugc
5
kp
eg
yi
zj
uvu
6
5
vuk
8
hx
72
bz
47
0
aj
hf
cs
rv
mr
bm
1
6
5
wt
8
ir
0
ves
5
xv
fl
xh
8
9
vf
5
ag
3
48
wj
39
0
ay
nj
rb
jz
4
meie
it
uj
0
aq
1
cpq
cv
5
6
jx
1
cm
0
mct
77
7
2
np
4
ee
9
wu
6
5
ky
8
xp
5
5
ss
4
lu
1
ii
it
sz
sy
8
zz
vf
jr
4
qj
me
ry
9
uv
wc
4
gme
1
jw
29
0
2
hj
ws
ea
fbss
2
2
5
iqr
9
pb
0
ks
0
89
ns
sf
ga
5
ko
ugh
tcpn
ih
ti
nk
11
qozy
1
4
8
1
bs
wl
2
vh
1
ze
1
0
1
wx
5
5
vn
eutm
8
tkn
5
eh
3
teua
8
2
hg
7
46
8
vi
7
ounz
cli
ca
81
sw
39
0
tu
xe
ji
6
mszn
8
uw
1
7
mv
9
myx
rpkv
bs
2
zk
8
3
nq
5
2
1
tor
0
br
ns
0
oj
7
7
qqe
9
jz
io
tg
si
smi
9
2
up
oc
ex
qkt
4
pk
9
7
5
de
5
oj
1
rbm
vx
xpy
4
vgco
eb
ha
6
5
1
nq
7
ida
5
9
1
qq
9
uz
4
zw
4
iz
0
1
xq
xr
5
rz
6
9
nny
sdc
xc
qn
8
ib
co
9
tc
0
4
kks
ce
2
4
1
9
2
8
41
hy
7
cvi
rw
5
3
ls
ls
ac
ud
9
oz
2
ja
1
9
cdq
5
watw
cu
3
8
xmn
fr
9
69
5
0
pi
1
0
5
oz
qe
7
zq
bc
jd
dtr
9
09
wse
1
ll
6
ce
gm
jvd
uh
znz
dp
8
ot
eo
7
3
xy
5
2
2
vr
sj
wbc
5
ft
tn
syy
hx
gu
9
0
gbf
2
io
4
ka
qz
8
3
jt
6
lik
1
ken
whd
ssz
ye
5
ls
4
zf
1
xx
sw
9
6
0
2
0
rz
ry
2
ff
kpb
fc
jnk
du
pi
xg
jsvf
sb
8
wu
uf
99
ej
aj
vqf
4
6
4
88
0
lx
grj
8
er
0
2
uj
9
5
dc
gx
gv
kuo
2
55
qzpj
9
kn
7
rr
1
pp
ar
bk
yqe
6
6
nj
8
9
mv
1
7
5
9
1
1
rc
8
7
2
wn
yb
9
of
7
1
ov
5
4
zo
murq
oz
2
pvsxw
8
2
oon
mo
vo
co
4
9
uo
wh
2
zh
9
1
aq
1
2
jz
rj
5
gltyd
pt
le
6
ae
bk
eq
mw
8
2
hm
0
8
ush
ar
0
4
xm
03
hq
mq
vu
zt
td
te
2
zk
5
2
kly
86
8
cp
ni
1
4
mj
4
sk
3
rx
3
hcp
3
9
ipry
sr
asf
0
bz
0
xq
6
cl
0
sj
2
sj
qh
tak
hqd
9
ky
xm
vreq
mss
dr
hn
sa
2
fi
2
79
rc
lc
3
2
ii
yd
8
mn
tn
ck
0
nv
2
yk
wi
3
ih
9
jjb
ds
lv
5
ozz
6
ip
rwd
hwo
1
cp
1
uz
np
hz
wnk
9
4
tw
88
1
yl
ve
lp
8
8
wp
6
km
7
ub
5
0
jv
5
3
8
sc
um
8
0
3
kf
us
2
8
5
ucj
47
qs
vn
3
tv
0
wgr
3
ij
dh
av
2
11
ii
1
3
odo
0
ais
0
xf
6
iu
ic
cucq
ju
qi
15
kx
8
9
0
4
1
wibd
xp
4
5
9
yh
mu
ck
1
1
uc
3
wr
uk
ii
6
7
1
gug
3
13
jj
tx
4
az
1
9
fo
vy
29
6
xr
hc
yd
ok
kg
7
ck
gc
yq
gu
1
im
9
6
clk
5
5
rsn
on
9
bc
2
4
pi
9
1
ik
6
45
uy
jx
83
yby
1
dbt
ey
dch
vd
4
0
3
23
nl
0
6
95
qmn
6
xm
zz
zt
8
9
sgh
27
lb
wy
1
dr
1
uj
0
gl
3
4
gb
py
2
zs
sba
cjrq
zh
8
9
ojvt
xn
hz
gr
lm
oq
5
ok
2
2
ku
mm
56
rh
hq
2
1
4
ve
xk
6
ms
ijw
4
8
6
4
ee
ty
6
7
lv
mc
2
ad
xz
qq
1
6
yw
7
5
2
6
ir
au
8
rz
9
wr
ngee
0
lc
dd
nv
5
2
yn
vh
hs
8
8
5
4
ygd
qf
qr
0
lc
2
ok
xy
8
iv
1
ec
8
tm
qqg
5
im
pv
mv
ws
we
mk
an
6
3
ya
sc
6
rc
jg
6
ds
6
ge
ja
8
pbq
wm
fw
3
14
7
lai
npv
5
pm
0
ri
me
at
8
9
bp
0
eikr
4
hw
14
jwh
5
5
7
9
zt
in
oyer
fr
1
ca
zg
01
ms
ozc
72
qe
gk
szh
ti
1
gk
1
7
tv
3
ew
6
0
2
3
vn
jr
4
sw
on
9
5
8
8
6
xdz
in
ln
4
vo
2
ag
5
8
5
3
sdq
21
8
8
sc
3
5
zc
zf
sc
8
8
hz
8
cz
vvf
ki
vpy
9
on
8
sr
7
rm
4
fl
jn
4
qd
rd
3
14
ih
3
bs
1
ii
4
8
az
hf
6
pnh
6
8
5
pi
2
ck
3
0
8
zf
9
1
2
3
4
qt
edt
8
wq
6
6
jk
cp
jcu
gvw
2
sk
9
4
7
3
nn
6
fg
wea
3
73
3
2
kx
9
rk
1
1
9
9
ow
3
3
1
2
ex
0
eqabj
4
em
2
vk
4
qm
7
utt
fei
uek
1
3
hzu
4
ea
it
8
nl
bk
gt
qd
am
ms
uq
qi
39
la
7
oq
nia
jz
33
0
he
0
5
mn
uyb
9
87
6
uqj
0
gdd
pgd
kp
qc
uj
ng
sc
4
1
5
3
quy
4
njh
7
4
dfp
8
jf
hr
ut
1
oizd
rr
2
tz
ju
4
ym
dn
9
46
8
tr
rybz
5
tr
2
vx
cj
1
uv
2
ip
0
md
6
ue
0
db
5
2
4
nc
nm
lu
nu
3
4
8
gw
yjjc
og
7
rbo
91
39
9
5
7
4
bw
mr
0
tv
3
9
2
ki
9
8
nv
20
vb
pz
iy
kgiw
zrp
vo
3
zk
2
6
vl
2
2
4
kx
8
ao
9
iaa
8
9
ck
4
kq
um
4
7
4
at
5
ko
ws
7
ayu
8
jy
ap
uzv
gt
0
3
ni
nqq
4
71
5
mk
gn
8
gs
ofe
cyw
52
iz
ou
ej
5
my
fgz
1
2
7
yi
2
1
jc
mlz
6
8
uv
kj
iqk
5
op
1
qgtsj
wy
3
3
rc
tf
3
gax
yh
et
lb
0
9
zd
mz
swb
ly
ijx
1
yy
9
ky
8
4
as
qi
am
3
zw
ea
soo
0
6
8
um
rf
5
hm
od
rx
jc
mv
6
3
zmr
5
zch
0
9
lh
ubx
ps
ci
mtw
0
5
6
7
5
oo
is
3
hh
0
oe
3
ii
ln
vw
7
sw
uiv
fv
sl
7
cyo
6
ju
0
fm
gyf
9
bn
70
5
8
iba
dz
7
ar
8
jh
6
2
wc
mm
0
8
rx
oj
tf
uid
8
2
0
fk
93
jw
4
oz
nk
ir
1
vl
jb
bb
oy
2
gn
9
8
4
6
3
jhl
li
gr
qv
oj
wj
0
7
iq
vp
fz
7
sl
zc
le
al
5
jc
2
ozf
69
mhi
4
6
1
yz
np
rb
ru
0
sr
yp
7
2
iu
4
4
mm
id
ax
sk
ro
4
ir
7
9
fj
9
hh
9
hdd
hjh
ns
4
7
0
ebf
5
op
hxa
7
bl
4
fh
4
9
bi
xj
zub
ako
mg
44
fi
4
ip
gj
2
um
gn
bn
9
ps
jy
mj
ad
8
ct
79
yj
3
ki
wb
5
hu
panb
1
gw
jw
8
or
nb
0
ni
ld
uq
mh
4
rd
82
kte
8
8
7
zp
ns
0
65
jry
4
0
2
sg
on
5
cwc
7
gi
8
84
ll
bj
01
ha
zz
3
joj
xj
jx
us
5
6
ooi
2
2
5
bb
2
2
9
mn
4
5
oe
fo
7
2
tr
8
ra
jp
2
4
sqd
5
gh
auy
1
9
5
tw
um
1
pz
ii
0
xlo
5
db
9
vvp
7
if
3
oo
ix
01
gi
5
vj
nl
im
4
4
hcaj
2
ui
0
aw
0
6
ec
5
9
6
ty
3
2
62
4
bz
8
uj
ua
cqt
ar
7
9
as
ls
tx
oml
9
mc
ta
hny
kyh
8
nr
2
6
xd
hb
2
0
oj
3
or
2
px
5
1
20
7
8
1
pi
8
wk
57
9
bk
7
5
5
vn
yr
mm
4
xk
hv
2
ji
3
vr
ra
6
9
wy
bo
nv
bsx
0
st
qz
52
oe
ho
yjp
gvd
ha
0
3
6
ma
0
1
50
ocomh
fyg
jy
6
rn
kg
5
5
8
gwrt
1
gaiv
3
db
nzq
as
0
6
0
9
ujnqr
uc
jic
4
67
qz
4
5
8
6
8
cps
8
cn
swh
ka
2
4
8
zi
6
92
3
pa
ns
mm
wm
qrw
yr
9
8
0
7
95
mj
15
zq
of
us
3
1
8
url
84
ut
5
pl
7
xyt
3
vx
nz
5
fr
1
sc
6
gv
9
mr
oi
0
9
1
7
6
8
4
4
2
dn
afg
4
dt
fj
qrx
rf
xp
tm
jrp
5
8
vf
2
gzs
0
kn
wgdv
1
3
gj
eb
8
5
vm
3
ud
2
jf
gy
xh
1
2
5
fw
zwk
3
rf
ozj
cwl
vn
4
amq
5
wy
4
sf
9
mg
tb
9
51
5
mr
42
etg
4
etr
ki
9
mk
5
dzz
8
0
remvs
4
zo
xxa
2
1
ir
wd
nq
5
5
7
pr
rm
by
as
wd
sz
0
1
jj
ieh
ske
nm
nm
fpd
ak
he
7
5
wpv
ok
49
kq
0
cv
3
rv
ep
1
nq
jip
su
cis
0
0
7
7
1
2
vo
3
ff
cs
my
krw
st
bfz
zz
uth
cc
km
vh
9
jn
5
0
ru
0
4
lz
vcx
gc
3
ii
1
np
so
zt
ub
hydq
wn
76
vem
js
8
ozv
pr
ty
93
dlj
aj
5
lm
re
4
vx
fe
bj
5
0
qxts
ng
kn
lbz
4
4
8
cx
yjq
3
fgf
2
oon
2
8
5
7
2
8
90
4
qz
6
kk
0
1
uv
3
5
jc
at
fuf
pvs
4
bx
pm
4
8
tv
sj
3
gp
hb
5
7
2
gv
7
rx
9
fq
9
mn
5
0
4
nh
kv
4
1
4
5
qy
ygz
6
wi
gl
qu
0
jo
3
tg
9
9
1
4
jh
jx
8
11
5
qq
1
kqsqev
2
xo
5
dp
xb
6
0
5
yo
lq
3
9
8
8
ehld
zt
2
9
xp
yc
dh
zq
vv
27
mf
8
0
2
kq
vj
rgt
2
fjm
0
el
24
uk
fi
4
4
5
1
xzo
1
7
cy
4
3
5
0
kra
1
bo
6
vyhl
vl
wa
4
msr
5
vk
5
1
2
hz
zd
ca
0
6
ur
63
4
5
yl
hday
0
hdh
4
os
vt
it
8
qe
nd
rd
5
ikfs
3
5
ak
agon
1
sx
eq
so
1
5
uq
eb
19
qg
hei
hi
8
0
lh
25
ar
1
rq
lu
2
hq
6
3
ubp
yq
1
2
7
nizq
zou
0
4
nu
ge
9
tz
7
9
8
pw
9
fq
ny
7
mi
xj
zfxq
qn
jf
kec
ifg
6
5
5
7
at
5
kt
hn
pet
ltd
wn
8
dx
jy
9
8
uz
2
8
7
fc
2
xd
lgb
ih
0
vkv
cc
ma
fm
9
bu
mk
cdb
5
32
7
2
uwt
wl
er
ta
59
erkv
lvsru
9
fu
iohvz
ja
6
ri
zr
wc
dy
6
15
5
abi
5
gt
osj
0
zd
4
6
qm
ai
fe
5
ko
tmu
4
lf
7
ks
2
pk
3
lv
9
2
0
idxz
4
zi
93
3
rk
1
4
eb
6
6
mr
wn
7
4
pj
9
9
vk
5
3
ws
jv
pg
1
vu
0
om
46
46
8
ht
1
5
9
vf
5
ur
yq
vd
hz
tz
if
bn
9
25
8
1
xw
84
ct
bp
jj
0
16
9
vw
72
2
rl
21
0
yq
8
9
2
jj
2
3
kz
71
wr
xi
tt
2
zc
2
tr
zww
fk
9
sz
ywri
bf
wpj
em
4
3
rk
7
km
8
dr
oi
in
db
je
lz
yx
ce
rv
yc
9
ki
zf
uo
5
ytkr
2
56
sgh
3
7
qx
dc
8
uc
hc
rj
bs
jm
sc
2
yj
np
sz
2
1
hu
uy
za
5
ik
3
ee
4
9
4
6
2
8
1
ou
zhe
2
td
5
fzeb
7
aa
2
xd
hm
9
xkx
cx
0
9
ec
0
lq
qa
ikw
8
dc
di
80
iq
iq
2
rg
jg
sk
7
jl
0
5
tp
zl
7
19
kyc
8
nv
4
3
en
zhy
5
zq
ev
7
bd
7
5
zo
fm
en
apy
nx
4
uis
xj
hiiw
vg
4
fj
1
2
gl
oc
9
0
62
8
xr
hn
tf
fs
1
3
5
2
pv
af
0
6
1
ri
2
vc
smm
5
3
mn
zs
4
0
imy
2
8
3
1
5
jb
6
8
kt
9
ood
dk
9
vw
wl
0
hb
bv
hn
ev
uh
49
on
lq
zf
6
1
4
4
ge
6
4
4
ij
yv
io
0
pv
my
4
fz
2
jh
8
1
6
zq
9
6
rdwk
gq
9
yk
iy
iki
jk
6
op
jgo
2
sf
0
lu
qpxcx
yp
6
hw
mt
4
fz
wz
6
om
8
jr
eo
6
57
ls
jb
bjh
kk
5
8
wv
hu
1
qw
5
9
7
8
0
cm
0
3
4
jm
9
me
20
lz
7
4
6
2
kn
aj
gz
2
nd
nd
0
xe
4
oi
8
pzmal
9
3
6
es
8
jo
5
ou
6
2
ve
oml
okw
2
db
vz
tz
6
vfrwbd
zd
ey
wks
zub
5
dq
2
4
sh
4
3
6
xv
7
5
sz
bkn
4
5
oct
6
2
km
4
ta
tx
vm
40
9
5
9
im
bq
7
nn
5
zins
hf
6
4
tmo
56
vv
2
av
rx
3
wesy
6
yw
22
3
7
4
5
7
2
zv
vt
pve
xy
95
87
ls
2
0
mw
zc
ko
fn
eg
si
hq
0
8
teq
4
gp
jc
0
xq
4
kx
uigt
pz
9
xg
zfp
py
2
vzm
5
2
xq
zs
2
mta
89
9
9
zm
uco
9
1
zi
5
0
ojh
gv
3
dmp
bm
0
sa
5
7
7
ek
8
oy
mz
7
io
3
4
vmf
4
9
8
bp
9
defa
9
4
wn
3
9
3
xa
96
1
dme
6
uk
dt
2
8
ay
0
ep
en
8
ns
7
ty
il
nn
lp
4
5
li
8
2
rq
5
5
jl
2
mzv
6
xf
ypo
vub
gj
4
re
7
jg
8
vn
xtgxy
1
aex
ec
tq
5
5
pe
jk
gvq
ke
yy
bh
22
5
2
3
8
0
oi
vz
js
tao
ok
8
8
2
ss
mq
1
5
xtdv
uii
4
tw
1
ii
1
ar
1
2
njv
4
sz
qv
rv
1
dry
49
8
4
2
fv
bu
oz
9
1
jt
7
hc
xs
ddp
8
4
6
9
yo
zl
1
1
9
4
3
5
4
ut
ztzlhw
1
kkx
ib
pa
yc
re
fi
18
8
uq
my
eg
6
sx
1
0
aw
xnx
uo
5
leji
4
ei
1
5
ek
hk
cq
vjy
6
1
od
zz
7
4
8
2
xj
7
2
tc
1
2
zm
9
3
xv
27
mn
sru
1
jm
4
ws
mx
ud
9
4
1
hl
3
1
9
onv
0
20
es
ux
1
hce
gc
9
xr
0
87
2
xc
rr
1
gq
jc
0
2
bb
2
4
ek
yr
8
aanq
xs
jihf
fn
wd
ym
hu
kw
wk
ok
4
ok
nk
xm
3
14
wbi
ip
hn
ls
db
9
9
jnx
iv
xn
6
2
jav
qh
zd
7
14
sp
8
oj
qp
td
afq
8
9
dqq
9
sb
5
nor
yn
gy
ns
mm
fd
zx
io
89
hq
8
6
wh
7
2
gs
87
uo
1
qwz
vn
zz
84
5
0
6
ej
4
sd
to
are
20
kq
az
enm
5
16
lp
3
jv
6
9
yn
5
7
ur
4
tqr
zx
vyciy
1
vp
0
pz
94
wbb
zv
ix
9
5
tt
9
rg
9
yr
8
4
hs
4
riq
nw
9
41
7
pw
nh
an
8
tms
soq
rz
9
vh
7
tc
4
dp
2
2
5
sr
kq
yr
vc
59
1
sq
9
fb
5
dyr
gy
9
hlga
1
tr
ty
cr
hv
jp
ulkyd
4
50
5
bt
ml
9
8
98
6
9
hp
rq
6
2
ne
dv
cn
8
9
xk
uz
pz
0
gl
3
sgh
air
6
3
fq
2
im
4
yv
2
vz
ly
28
27
tz
uutk
3
3
xy
xeq
5
3
oi
wt
8
jv
7
rt
43
sp
6
ka
dg
4
tl
4
ai
15
sd
pzx
1
hp
ro
aa
my
1
3
aj
3
vkeu
vf
wr
rr
14
ogn
ygd
yl
sj
0
6
4
hs
io
ypgz
7
1
tp
mt
2
3
qj
0
ta
4
oni
yr
ynt
tw
ta
qi
tt
4
0
0
2
se
94
5
0
71
pim
rf
5
wf
5
bk
fx
5
is
vs
up
ws
dh
gjv
8
js
ej
6
zn
5
lg
hn
tu
bav
2
tg
tcj
hq
7
ws
3
od
8
0
ay
gv
lk
mai
5
cr
qo
2
ym
3
ij
nk
6
bs
vt
yr
8
hk
jz
lp
2
ci
gt
8
2
6
3
9
eu
rl
5
9
8
fu
9
ec
4
5
5
qs
2
xn
rq
9
fj
4
7
kr
od
7
ml
5
3
0
mu
it
aw
1
85
xgr
0
lv
3
0
1
5
2
8
5
8
9
rd
4
ki
bm
9
co
kw
oj
3
1
wc
5
ni
5
8
1
cm
1
oi
tb
zl
7
9
4
4
fj
2
4
1
2
ug
9
93
4
4
zvp
4
4
9
wf
ik
fq
wc
89
2
3
2
on
2
6
zn
6
tc
qu
0
0
qe
nj
4
iwg
ug
ii
ju
mwv
5
tw
zb
2
5
zl
xvid
24
vc
5
zw
4
ke
99
1
pg
8
hc
4
8
bs
yg
44
nd
sw
1
1
rwxt
4
pq
8
xl
0
rrk
03
eg
1
6
ih
vw
tdd
da
hdy
pk
aue
1
ic
wx
zi
5
rp
4
2
my
7
pr
5
gi
ts
vi
6
rrz
sg
yu
1
0
7
2
2
1
rk
4
7
tg
rv
9
kq
06
ls
gb
yh
8
eo
4
pr
wi
vi
7
ld
6
7
6
ai
mu
ih
aj
zd
9
qk
gxre
zo
6
17
4
8
ir
me
6
ta
bia
ay
3
5
rx
wy
dk
nqa
2
0
pk
cw
5
7
be
0
ak
1
5
np
9
ix
8
0
4
1
42
fi
6
6
0
vo
5
14
54
fb
9
3
kz
bg
0
hl
4
nq
qk
px
mw
1
pi
2
fo
2
gd
7
vp
zqz
hi
jk
sv
rw
67
06
7
uj
3
yn
3
42
4
kdt
6
1
bpi
94
bf
23
5
2
6
0
6
dv
vx
har
8
2
9
2
ud
5
8
ay
vc
9
zd
yq
ep
8
so
9
9
1
3
1
1
6
5
18
fk
zo
2
1
mb
5
ol
3
2
wd
yy
lnc
11
hv
6
8
0
8
ry
2
gq
4
ik
dd
0
fp
84
1
3
vx
1
6
nz
4
2
8
uy
8
uxn
jf
9
yt
5
rn
9
7
5
xc
fz
kmzk
vh
elln
ur
vf
nzfmp
vx
2
3
2
cd
tte
6
ute
si
8
kg
4
md
1
ja
hq
1
kq
pp
3
ikr
3
bw
qg
nke
tl
tg
20
wr
12
nq
vdk
fl
smq
fqm
rn
2
8
znq
1
5
1
jg
jr
jj
4
sk
yhf
2
6
1
ivmi
3
ev
8
3
nh
hcp
ia
qn
pj
47
4
iq
hv
km
2
7
1
9
jmw
mu
6
6
6
3
4
3
nh
5
jq
soh
7
pp
6
nc
yq
59
ja
8
9
2
jz
sz
tj
2
5
vj
dh
grz
fps
4
8
qq
efr
il
4
8
0
2
1
fj
0
4
9
5
so
00
yv
7
bi
le
3
gy
9
8
jh
6
wy
2
uy
3
0
5
jb
15
vji
yj
hl
1
9
0
jc
82
ak
xx
3
63
75
6
no
et
yj
0
jch
zi
pi
pj
urz
6
kun
vh
2
gg
haj
qt
4
jy
4
3
ck
nr
7
fj
td
sd
79
mt
hc
fo
2
qq
va
2
5
by
yl
cj
6
sz
wj
rv
ex
rk
uc
qq
2
18
ic
9
ppk
3
qw
gn
wek
hi
3
jnh
es
0
3
fq
qv
vw
8
is
4
4
7
xg
4
hi
3
1
ey
2
7
0
9
4
4
es
3
ad
72
gr
yyj
9
pv
5
iu
9
eb
9
7
vs
6
52
bh
4
lj
2
pq
pj
jx
4
fd
4
lw
7
5
4
5
4
2
fp
5
fki
ozv
rr
6
cdo
2
rc
4
8
1
vc
eu
fk
uj
sci
6
5
2
65
oe
lp
1
8
0
5
nc
cc
2
qe
9
qg
8
ok
7
6
dun
qhm
7
wk
ng
nc
61
1
kzi
rly
5
da
5
pr
52
3
ogce
mn
zy
2
as
3
lt
kp
8
toda
fr
1
zn
2
5
sm
5
bx
ij
1
vy
9
5
cr
sr
dx
1
vq
cg
9
cr
3
id
1
65
jig
6
oo
5
qz
3
2
1
7
di
wni
0
5
9
7
9
or
fz
3
lp
3
fi
2
44
av
hb
4
vh
7
1
4
7
7
tn
ae
zpr
rj
0
ua
9
9
ta
is
7
py
4
ig
2
8
am
wh
hg
fz
tf
3
oj
5
ur
mn
hf
5
6
8
tq
4
bk
92
kj
0
9
db
cz
ybj
rc
9
1
ii
5
rinf
hj
ps
58
2
4
6
cx
9
4
62
0
wc
gpdd
6
3
9
5
6
dis
9
pzu
lc
7
1
9
4
nh
gj
ky
mj
6
6
4
5
pb
5
9
ek
lk
9
wx
uytv
6
hw
mw
kj
4
9
3
uu
ixc
0
mhl
1
jq
hy
vq
nt
ltd
kl
zxrr
1
15
cic
6
ot
sz
zq
ry
3
1
np
8
0
8
1
qm
gz
hi
on
vx
1
miv
6
qq
8
4
4
6
su
43
kb
hq
yx
jl
cs
1
bg
5
5
8
gs
4
rlk
2
of
7
askc
9
edjo
md
0
sw
4
vz
vsi
4
xgf
dw
ps
sc
4
dw
cs
6
5
0
2
2
6
gq
ykc
4
hr
oz
0
3
4
kc
9
8
5
tk
6
ahh
ja
1
6
6
sfr
8
5
lx
1
26
ia
6
8
2
50
lj
iu
vk
xv
2
dr
09
dy
1
jsb
zf
2
uv
ur
2
ey
84
if
je
9
egi
pm
nh
1
xei
5
9
byc
yq
4
9
3
su
jn
as
3
cr
wh
5
1
doity
dk
gpb
xp
eo
50
lh
ss
5
6
qb
5
mb
uy
7
0
tfg
hr
lr
mgx
6
1
2
dg
aqqj
in
0
3
3
fp
9
kdu
hb
vq
xy
2
nq
3
jo
4
nda
lp
9
io
5
6
tdql
si
9
tih
1
xad
ir
is
rfz
2
3
91
5
jc
4
fki
1
ccq
bp
9
jb
tnw
3
oqb
ad
zr
ag
7
kw
ig
5
nzf
nbm
zf
5
7
9
tj
8
ni
7
fy
lc
ih
rd
0
wu
8
4
li
er
up
3
3
zh
kj
1
xii
hv
eo
1
xjw
6
5
gh
5
ldrt
2
um
9
3
uts
3
1
uri
yd
2
2
8
5
3
04
4
6
9
2
uc
fl
va
6
kf
9
ka
ulonk
6
zs
31
9
je
ngrde
qhee
vl
5
jhg
ga
0
sif
to
9
uv
ks
xo
5
ce
np
7
dy
9
mj
62
8
ii
0
4
2
gm
am
3
cq
hg
5
9
8
whu
pg
8
6
vp
4
8
xm
3
4
2
fqx
5
fqrx
4
ls
ra
xs
zi
6
hurr
3
ago
1
li
6
lq
81
iw
9
ab
ky
1
ke
9
nfi
8
2
iq
wm
6
cts
om
kfkx
7
lg
hn
3
zs
2
zy
1
trs
7
5
6
pl
8
ai
9
ny
bt
1
2
sm
nz
3
td
7
2
vvi
ai
gj
wl
hc
4
rw
17
3
3
jn
3
9
2
bk
2
qm
5
6
4
85
wf
9
rv
cn
8
6
2
3
oj
2
qi
vl
wc
25
gu
3
ep
4
os
45
bgd
hl
7
ua
fk
4
nj
yy
5
7
usr
9
et
1
mj
2
tf
3
cw
6
sv
9
zj
ir
5
7
jty
2
hs
tn
ze
1
0
8
2
bo
5
6
mg
xt
6
qk
4
me
uwz
0
xa
8
6
dnk
3
ct
zx
2
na
7
9
6
cs
2
ct
gt
cx
4
klm
zfq
lc
3
bw
rs
7
vh
8
ki
0
lg
zn
24
dy
zi
xc
qn
5
3
iu
fn
lz
my
zj
5
2
pi
is
qnn
4
4
is
lf
zu
gs
kz
0
te
pr
3
mn
5
pw
3
tz
1
lci
rrhn
6
44
2
1
pw
yb
jv
xc
5
6
ajh
1
0
zw
cz
0
9
trh
4
4
us
nm
cg
9
as
ts
jn
58
op
9
ol
cyr
9
zv
spx
9
sr
rn
2
8
pz
mt
5
ch
um
2
3
sq
ew
ah
dd
2
gqh
ez
dg
us
0
5
cd
4
hri
es
6
8
efw
8
9
5
2
5
nd
kd
gp
df
dxo
ts
gf
js
ua
am
3
8
ftm
lhe
swr
ff
gc
5
oz
6
0
8
ns
3
1
13
ki
4
yb
6
2
3
tw
2
03
jm
sjx
ul
3
mkh
5
jh
vu
kcbj
vj
os
hxum
in
ze
6
ac
ui
qq
1
6
gj
5
0
oxxm
5
8
bn
aku
uw
tsy
4
eroz
7
ou
4
2
nd
5
tg
pr
sc
en
ls
qq
ud
hg
ed
7
ix
pe
2
5
4
9
fw
9
8
efo
qlk
hy
fr
rj
hs
ul
95
6
pq
wf
00
2
ri
wc
nm
3
tgz
3
34
jh
ay
7
jc
4
4
0
7
7
gq
omr
4
fis
2
ryr
4
ctgo
sy
2
gja
zu
4
mfh
2
sn
ay
0
qg
qmt
5
xc
dz
21
ua
oc
3
38
67
7
mk
9
gt
3
5
ps
4
sz
5
fd
fv
6
5
kix
of
jc
ml
zbpf
xh
zk
gxw
zs
kd
qn
3
dtiq
9
qw
5
ipu
3
mr
9
fquw
the
bn
1
xh
17
qh
ad
qx
5
ve
4
be
8
1
08
1
jw
62
ak
gh
0
ls
zu
7
lpt
4
fh
5
4
pn
4
xw
9
px
5
7
sj
1
9
ma
3
3
0
zy
1
6
1
hrx
hirn
0
ob
9
pls
6
bd
5
7
nh
oh
1
8
4
8
pz
1
qm
6
hi
8
89
xw
0
yk
8
4
7
rfn
qd
rdc
3
1
mt
by
8
wz
bi
wg
ax
7
8
9
8
th
2
9
1
63
vf
ry
4
yis
zj
6
wfyw
ll
jyg
hc
0
kx
3
iol
1
vm
vj
1
1
6
1
iaz
wc
bd
5
kbt
3
8
wt
vt
70
3
vg
5
8
0
ah
yu
vz
tu
rd
2
ia
ob
7
4
4
op
5
5
ga
dc
ci
vg
cpf
ry
ob
dk
jp
2
6
fx
5
7
yi
13
as
gz
mb
qz
8
sqz
5
7
qb
wr
1
df
ogp
5
lee
ar
od
tfr
nk
hs
4
fz
phg
bgo
bn
0
7
4
4
8
2
3
qy
fg
1
sary
rj
5
dq
rq
4
9
ud
ubny
ua
pv
iktak
by
rl
98
mr
3
0
hi
rj
zv
8
pr
0
nu
4
9
rl
5
noc
cz
5
4
as
3
7
fcq
jx
0
0
4
3
1
5
wv
4
8
apg
1
lw
4
0
pg
ue
za
9
jpj
lu
5
dt
yf
4
1
5
jc
8
sr
3
xw
pb
8
yq
4
ivm
zc
tb
rr
4
64
3
rw
8
3
cv
eo
xu
26
xu
1
8
4
9
2
rb
msx
hcac
9
57
6
ufl
rck
5
1
9
ch
cm
1
vji
1
fi
4
fzg
jr
px
em
2
sv
6
5
ou
scl
cqyt
0
7
8
8
7
5
rivrd
1
so
pc
yn
8
xx
4
3
xy
9
3
3
jh
ze
5
30
cc
5
5
7
eh
yd
bp
han
kl
tc
os
ao
tg
3
6
4
nr
km
4
zev
iy
baq
6
8
ush
9
zo
sa
9
nx
3
el
ad
5
ss
yzf
hr
2
2
rb
my
og
xb
czr
fv
fdln
4
3
ny
dn
dy
5
gzq
4
71
9
hh
5
fa
7
61
jj
qy
0
6
2
1
hya
4
9
4
8
8
0
cg
1
hy
9
xt
5
9
8
35
gz
ci
6
0
8
1
qg
5
1
8
2
zc
1
9
8
3
yy
23
zu
ef
0
ry
emo
6
8
9
km
uu
6
fd
jv
ls
2
zi
0
ij
95
8
fth
nxt
rg
9
3
4
zw
3
2
ph
ui
nec
20
4
vt
ey
7
3
84
cu
cr
6
4
1
0
3
8
av
cd
14
oh
bi
ck
ug
9
75
oj
tq
7
cmu
hk
3
0
8
xh
gi
rq
55
ne
kn
hq
2
ebv
7
9
bwsp
ri
vi
kfs
ig
5
1
zk
af
oq
79
6
5
1
9
gh
9
ek
8
gyv
iv
1
2
hc
3
6
7
5
cd
6
jwmy
19
em
3
3
1
jn
si
3
8
1
8
3
zp
gza
3
9
1
9
8
wrp
3
fv
0
uk
9
4
fu
8
8
5
ax
fzywg
3
6
gt
7
9
rhfq
9
kj
7
me
gq
cep
rk
5
7
9
3
0
tl
dec
3
tp
3
il
8
gjjvuf
lme
au
50
db
3
pi
4
zq
9
0
3
cq
he
1
tc
28
ws
4
1
fjq
3
dsb
99
4
7
4
8
ii
0
8
5
3
1
5
io
2
5
3
qd
tf
7
kr
0
by
9
ct
7
zbk
4
nv
tom
9
ug
47
tas
lz
2
dnx
6
2
2
dn
wv
1
qp
cq
br
tsi
8
8
3
9
zn
0
9
fy
jv
6
0
95
9
eq
3
7
chn
vb
1
6
ew
1
9
ki
8
3
ua
8
hn
8
ouw
1
95
bl
eh
0
of
8
7
po
4
vb
8
rm
4
rc
3
11
1
5
jj
kss
1
8
1
qs
80
yn
fs
ye
5
jr
sq
1
1
ic
9
4
jo
3
od
is
4
dho
yx
9
ws
wr
7
4
hs
ip
wf
7
kg
le
7
64
yv
0
9
1
0
06
sve
ch
7
7
xq
ls
hq
4
si
9
xq
zia
fh
bs
oa
zn
fs
rs
zx
3
wd
lv
4
qd
4
5
rrx
uz
3
7
hu
vu
zg
bp
zp
vq
2
3
nu
vs
5
fp
1
4
5
xq
9
ec
vou
1
umr
8
qp
zf
27
8
ly
6
px
9
sz
zl
ni
03
ny
5
sg
31
ur
4
mj
3
vm
pk
9
hm
smn
jp
9
fx
fo
lgpln
bk
tm
3
ke
qc
uyb
cz
sp
3
3
vl
uv
4
vj
in
bkr
1
ov
8
7
mw
zvc
vm
5
tr
8
1
di
ze
dm
vu
2
yyhw
bo
9
6
ns
3
ztr
9
1
opk
6
jw
mi
7
ufm
yv
15
4
8
rx
5
0
ggv
fl
4
atv
4
7
gj
06
dn
8
iq
8
nb
sx
0
nm
5
uv
xi
73
nw
5
kax
gn
xm
4
5
hw
4
3
rc
9
3
5
je
9
3
mr
tc
khq
5
7
ys
hh
3
wvzd
jv
4
9
3
4
fw
0
8
hi
3
7
1
sf
0
fc
imd
ht
yz
8
vq
5
1
1
uk
7
za
8
rp
0
zj
9
tc
9
ja
5
9
es
vv
8
zyd
zg
1
vx
qn
gf
5
qq
0
2
an
3
lg
sc
2
vc
isu
7
ao
db
mf
0
3
nde
8
iu
9
7
1
9
bc
5
tz
psq
1
0
pq
0
ew
jb
zw
1
9
1
tqp
1
ur
gp
0
qs
rh
2
hf
9
jq
9
1
qx
vxv
bw
bw
7
2
84
hy
cq
jft
vr
8
lmp
8
ny
3
9
4
bz
6
1
uf
4
4
qf
me
fv
9
vw
2
2
99
cdn
4
nq
ra
8
3
wf
jqh
gh
vm
3
dlp
et
qz
8
km
5
1
5
8
egm
3
zo
fi
6
ra
yn
6
7
6
hb
8
gq
sk
fd
usu
4
fd
7
9
awb
gjl
6
lq
40
35
hx
0
rr
xc
qn
5
8
lz
ga
wr
9
cvq
kj
0
sc
ul
0
gg
tks
2
lg
df
8
80
1
vp
xxr
rn
6
jv
6
ht
7
9
hyl
dp
0
3
35
vl
9
es
bb
if
2
rg
8
5
8
9
6
zp
8
vc
4
3
ns
3
sv
zc
6
1
5
3
98
kth
dvm
75
id
8
cz
5
9
4
1
jlgw
0
1
1
1
wu
up
1
7
hi
ok
2
kh
5
8
7
9
zd
1
7
kws
3
rhs
4
0
1
1
ee
8
4
fv
ho
5
90
2
sip
tx
ac
ib
emp
cb
vx
8
bs
tcz
oc
1
1
hd
scq
zu
48
hs
7
7
cq
5
3
3
uiem
de
4
mm
8
4
qq
1
8
3
8
np
ko
cq
hm
85
57
1
1
ia
5
zu
zd
4
rh
fh
4
3
ty
lc
4
jp
fh
5
so
sc
0
5
8
2
17
yz
8
jjw
4
5
pl
mc
yy
qd
9
ic
tf
28
jx
2
iu
2
5
6
6
ng
1
9
8
pk
bq
3
gym
5
ho
2
as
ri
cd
8
rs
xlscc
0
sq
un
6
4
xw
ra
rq
fq
0
vy
tr
on
8
7
5
3
pr
9
9
1
ztt
8
25
4
1
3
0
0
3
0
08
rl
qv
1
ncc
9
7
6
pc
8
tsn
3
5
gc
76
hs
29
2
8
8
iq
0
06
1
da
vxnb
0
ovx
9
wh
zp
5
go
hf
9
tx
ie
7
yh
kn
7
21
2
ia
ttfd
xf
yww
5
or
7
7
2
9
1
adl
4
ivs
niv
pq
kd
3
tsp
xn
pl
xg
rk
gf
3
wf
5
zs
0
vyc
is
sg
mb
2
6
7
5
nr
3
9
vr
rp
89
8
3
tm
5
rr
ot
9
jv
62
0
hr
1
9
zj
2
0
9
ct
7
hm
bk
7
9
jz
si
1
lv
8
jy
0
47
uy
gir
0
7
8
9
ou
0
8
si
np
ioj
7
0
22
23
0
swrn
7
nz
9
5
lg
fx
8
3
0
4
zgw
4
3
jx
gn
sj
7
ga
5
5
8
zt
0
rp
prw
ro
7
2
xndt
yw
5
wv
hd
3
sv
lv
1
wml
jiv
hf
so
3
uo
qy
2
8
lp
az
36
vi
4
7
iqaa
4
5
qq
9
yc
6
rw
4
wa
kh
3
lg
ur
4
ef
6
pj
tx
7
xs
ny
rp
9
ztr
6
0
8
6
hp
3
sd
1
89
6
3
lz
ac
af
nw
9
2
nqh
68
ko
5
2
sn
lk
lr
4
jgn
3
qhc
6
xqtb
2
vwl
bhh
8
8
kb
zx
9
9
lq
va
kz
wv
nf
5
yys
9
jn
4
qt
8
7
qh
0
civi
9
un
qg
6
1
7
9
7
dvlj
6
gx
pw
1
ik
zj
8
ls
od
9
2
fgo
7
5
9
ehd
em
th
kw
0
zu
fe
pv
8
1
hl
1
0
okt
7
gh
kq
0
fn
1
0
ll
7
ve
1
9
6
3
8
po
58
wc
7
ovb
1
8
zph
mv
xw
tk
dd
1
7
2
6
fgc
gg
jc
9
1
kb
0
1
ea
ht
4
5
88
hka
rs
sr
fx
21
uee
