html
title
href
https://sustainablecampus.cornell.edu/programs-guides/sustainability-events
data
click
label
become
engaged
sustainability
events
sustainability
events
title
href
http://www.sustainablecampus.cornell.edu/
data
click
label
become
engaged
sustainable
campus
website
sustainable
campus
website
title
href
https://sustainablecampus.cornell.edu/our-leadership/governance/sustainable-cornell-council
data
click
label
become
engaged
sustainable
cornell
council
sustainable
cornell
council
continue
exploring
class
cta
cta
calendar
data
click
label
events
href
http://events.cornell.edu/search/events
search
sustainability
attend
events
view
sustainability
events
on
campus
class
cta
cta
newspaper
data
click
label
chronicle
href
http://news.cornell.edu/archive
categories
main
5
read
stories
explore
sustainability
on
the
chronicle
class
cta
cta
video
data
click
label
cornell
video
href
http://www.cornell.edu/video/tags/sustainability
watch
videos
view
videos
on
cornell
video
if
you
have
disability
and
are
having
trouble
accessing
information
on
this
website
or
need
materials
in
an
alternate
format
contact
ur
accessibility
cornell
edu
for
assistance
var
gaq
gaq
gaq
push
set
account
gaq
push
set
domain
name
cornell
edu
gaq
push
set
allow
linker
true
gaq
push
track
pageview
function
var
ga
document
create
element
script
ga
type
text
javascript
ga
async
true
ga
src
https
document
location
protocol
https
ssl
http
www
google
analytics
com
ga
js
var
document
get
elements
by
tag
name
script
0
parent
node
insert
before
ga
script
src
ajax
googleapis
com
ajax
libs
jquery
2
jquery
min
js
window
query
document
write
script
src
cornell
assets
core
js
lib
jquery
js
script
script
src
cornell
assets
js
cornelledu
js
script
src
cornell
assets
core
js
lib
plugins
js
script
src
cornell
assets
core
js
lib
equalize
min
js
script
src
cornell
assets
core
js
cornell
js
script
src
cornell
assets
js
date
js
script
src
cornell
assets
js
jquery
timeago
js
type
text
javascript
script
src
assets
js
plugins
js
script
src
assets
js
jquery
scrolldepth
min
js
script
src
assets
js
sustainability
js
