html
link
rel
pingback
href
https://www.harvard.edu/xmlrpc.php
meta
name
apple
mobile
web
app
title
content
archives
lt
span
gt
programs
lt
span
gt
function
is
ie
var
ua
window
navigator
user
agent
check
the
user
agent
property
of
the
window
navigator
object
var
msie
ua
index
of
10
or
older
var
trident
ua
index
of
trident
11
return
msie
0
trident
0
function
not
excluded
page
return
window
location
href
index
of
unsupported
browser
1
document
title
to
lower
case
index
of
page
not
found
1
if
is
ie
not
excluded
page
window
location
location
protocol
location
host
unsupported
browser
meta
name
robots
content
index
follow
max
image
preview
large
max
snippet
1
max
video
preview
1
window
promise
document
write
script
src
https://www.harvard.edu/wp-content/themes/core/assets/js/vendor/es6-promise.auto.js
script
script
src
https://www.harvard.edu/wp-content/themes/core/assets/js/vendor/jquery.min.js
ver
1
id
jquery
core
js
script
src
https://www.harvard.edu/wp-content/themes/core/assets/js/dist/theme/vendor.min.js
ver
03
fdd
dbda
aa
be
bb
5
cfd
ea
aa
96
cb
ae
0
cf
04
bf
id
tribe
scripts
vendor
js
var
modern
tribe
18
help
text
msg
limit
there
is
limit
to
the
messages
you
can
post
secondary
nav
toggle
explore
this
section
tooltips
add
to
save
add
photo
to
saved
items
in
this
photo
products
in
this
photo
var
modern
tribe
config
images
url
https
www
harvard
edu
wp
content
themes
core
assets
img
theme
template
url
https
www
harvard
edu
wp
content
themes
core
script
debug
hmr
dev
block
theme
service
worker
ppp
12
home
url
https
www
harvard
edu
var
program
browser
filters
default
true
id
undergraduate
label
undergraduate
name
degree
levels
type
radio
default
false
id
graduate
label
graduate
name
degree
levels
type
radio
id
search
by
keyword
placeholder
enter
keyword
type
search
box
group
schools
id
dce
label
division
of
continuing
education
name
schools
type
checkbox
group
schools
id
hbs
label
harvard
business
school
name
schools
type
checkbox
group
schools
id
hcol
label
harvard
college
name
schools
type
checkbox
group
schools
id
hds
label
harvard
divinity
school
name
schools
type
checkbox
group
schools
id
hgsd
label
harvard
graduate
school
of
design
name
schools
type
checkbox
group
schools
id
hgse
label
harvard
graduate
school
of
education
name
schools
type
checkbox
group
schools
id
seas
label
harvard
john
paulson
school
of
engineering
and
applied
sciences
name
schools
type
checkbox
group
schools
id
hks
label
harvard
kennedy
school
name
schools
type
checkbox
group
schools
id
gsas
label
harvard
kenneth
griffin
graduate
school
of
arts
and
sciences
name
schools
type
checkbox
group
schools
id
hls
label
harvard
law
school
name
schools
type
checkbox
group
schools
id
hms
label
harvard
medical
school
name
schools
type
checkbox
group
schools
id
hsdm
label
harvard
school
of
dental
medicine
name
schools
type
checkbox
group
schools
id
chan
label
harvard
chan
school
of
public
health
name
schools
type
checkbox
records
id
name
african
and
african
american
studies
route
https
www
harvard
edu
programs
african
and
african
american
studies
certifications
name
bachelor
of
arts
initials
name
doctor
of
philosophy
initials
ph
id
name
anthropology
route
https
www
harvard
edu
programs
anthropology
certifications
name
bachelor
of
arts
initials
name
bachelor
of
liberal
arts
initials
name
master
of
arts
initials
name
master
of
liberal
arts
initials
name
doctor
of
philosophy
initials
ph
id
name
applied
mathematics
route
https
www
harvard
edu
programs
applied
mathematics
certifications
name
bachelor
of
arts
initials
name
doctor
of
philosophy
initials
ph
id
name
art
film
and
visual
studies
route
https
www
harvard
edu
programs
art
film
and
visual
studies
certifications
name
bachelor
of
arts
initials
id
name
astrophysics
route
https
www
harvard
edu
programs
astrophysics
certifications
name
bachelor
of
arts
initials
id
name
bioengineering
route
https
www
harvard
edu
programs
bioengineering
certifications
name
bachelor
of
arts
initials
name
bachelor
of
science
initials
name
doctor
of
philosophy
initials
ph
id
name
biology
route
https
www
harvard
edu
programs
biology
certifications
name
bachelor
of
liberal
arts
initials
name
master
of
liberal
arts
initials
id
name
biomedical
engineering
route
https
www
harvard
edu
programs
biomedical
engineering
certifications
name
bachelor
of
arts
initials
id
name
business
administration
and
management
route
https
www
harvard
edu
programs
business
administration
and
management
certifications
name
bachelor
of
liberal
arts
initials
id
name
chemical
and
physical
biology
route
https
www
harvard
edu
programs
chemical
and
physical
biology
certifications
name
bachelor
of
arts
initials
id
name
chemistry
route
https
www
harvard
edu
programs
chemistry
certifications
name
bachelor
of
arts
initials
id
name
chemistry
and
physics
route
https
www
harvard
edu
programs
chemistry
and
physics
certifications
name
bachelor
of
arts
initials
id
name
classics
route
https
www
harvard
edu
programs
classics
certifications
name
bachelor
of
arts
initials
name
doctor
of
philosophy
initials
ph
id
name
comparative
literature
route
https
www
harvard
edu
programs
comparative
literature
certifications
name
bachelor
of
arts
initials
name
doctor
of
philosophy
initials
ph
id
name
comparative
study
of
religion
route
https
www
harvard
edu
programs
comparative
study
of
religion
certifications
name
bachelor
of
arts
initials
meta
endpoint
https
www
harvard
edu
wp
json
tribe
core
1
program
browser
pagination
type
numeric
total
results
61
total
pages
5
per
page
8
page
0
context
extra
param
boo
groups
id
schools
label
schools
id
program
delivery
label
methods
of
delivery
script
src
https://www.harvard.edu/wp-content/themes/core/assets/js/dist/theme/scripts.min.js
ver
bb
ec
41
bf
ea
faa
afda
2
ffd
50
fca
de
0
ca
aa
8
fb
df
ac
40
cd
ba
1
id
tribe
scripts
scripts
js
script
src
https://www.harvard.edu/wp-content/plugins/duracelltomi-google-tag-manager/dist/js/gtm4wp-form-move-tracker.js
ver
2
id
gtm
4
wp
form
move
tracker
js
script
src
https://www.harvard.edu/wp-includes/js/dist/hooks.min.js
ver
dd
18
id
wp
hooks
js
script
src
https://www.harvard.edu/wp-includes/js/dist/i18n.min.js
ver
eb
6
id
wp
18
js
wp
18
set
locale
data
text
direction
ltr
ltr
window
wp
parsely
site
id
harvard
edu
script
src
https://www.harvard.edu/wp-content/plugins/wp-parsely/build/loader.js
ver
80
id
wp
parsely
loader
js
script
data
parsely
site
harvard
edu
src
https://cdn.parsely.com/keys/harvard.edu/p.js
ver
0
id
parsely
cfg
script
src
https://stats.wp.com/e-202435.js
id
jetpack
stats
js
data
wp
strategy
defer
stq
window
stq
stq
push
view
parse
ext
blog
post
0
tz
4
srv
www
harvard
edu
hp
vip
7
stq
push
click
tracker
init
0
