html
html
xmlns
http://www.w3.org/1999/xhtml
class
no
js
lang
en
meta
charset
utf
8
meta
content
width
device
width
initial
scale
name
viewport
meta
content
edge
http
equiv
compatible
link
href
cdn
miami
edu
assets
common
images
system
um
icon
ico
rel
icon
type
image
icon
parking
and
transportation
facilities
operations
and
planning
university
of
miami
meta
content
parking
and
transportation
parking
transportation
university
of
miami
facilities
operations
and
planning
name
keywords
meta
content
fri
23
aug
name
date
meta
content
parking
and
transportation
facilities
operations
and
planning
university
of
miami
property
og
title
meta
content
website
property
og
type
meta
content
summary
name
twitter
card
meta
content
https://pt.fop.miami.edu/index.html
property
og
url
script
src
https://www.google.com/jsapi
type
text
javascript
script
src
cdn
miami
edu
assets
common
js
jquery
xdomainrequest
min
js
type
text
javascript
script
src
cdn
miami
edu
assets
common
js
core
library
6
js
version
type
text
javascript
script
src
cdn
miami
edu
assets
common
js
um
navigation
js
type
text
javascript
script
src
cdn
miami
edu
assets
common
js
um
6
js
type
text
javascript
script
src
cdn
miami
edu
assets
common
js
um
alerts
js
type
text
javascript
script
src
cdn
miami
edu
assets
common
js
jquery
countdown
min
js
type
text
javascript
script
src
cdn
miami
edu
assets
common
js
um
social
js
type
text
javascript
script
src
assets
js
nav
scripts
js
type
text
javascript
script
src
static
addtoany
com
menu
page
js
type
text
javascript
