html
meta
charset
utf
8
link
rel
canonical
href
https://tlecms.mit.edu/spotlight/pursuing-parasite-monday
meta
name
viewport
content
width
device
width
initial
scale
meta
http
equiv
pragma
content
no
cache
meta
http
equiv
expires
content
1
meta
http
equiv
cache
control
content
no
store
meta
property
description
content
the
mission
of
is
to
advance
knowledge
and
educate
students
in
science
technology
and
other
areas
of
scholarship
that
will
best
serve
the
nation
and
the
world
in
the
21
st
century
meta
property
og
site
name
content
massachusetts
institute
of
technology
meta
property
og
site
content
http://web.mit.edu
meta
property
og
type
content
website
meta
property
og
title
content
the
massachusetts
institute
of
technology
meta
property
og
url
content
http://web.mit.edu
meta
property
og
description
content
the
mission
of
is
to
advance
knowledge
and
educate
students
in
science
technology
and
other
areas
of
scholarship
that
will
best
serve
the
nation
and
the
world
in
the
21
st
century
meta
property
fb
page
id
content
meta
property
twitter
site
id
content
meta
property
twitter
card
content
summary
meta
property
twitter
site
content
mit
meta
property
twitter
title
content
the
massachusetts
institute
of
technology
massachusetts
institute
of
technology
link
rel
icon
href
themes
mit
assets
favicon
favicon
ico
sizes
link
rel
icon
href
themes
mit
assets
favicon
favicon
svg
type
image
svg
xml
link
rel
apple
touch
icon
href
themes
mit
assets
favicon
apple
touch
icon
png
link
rel
manifest
href
themes
mit
assets
favicon
manifest
webmanifest
