html
meta
charset
utf
8
link
rel
canonical
href
https://tlecms.mit.edu/education
meta
name
description
content
our
undergraduates
work
closely
with
faculty
tackle
global
challenges
pursue
fundamentalquestions
and
translate
ideas
into
action
meta
name
viewport
content
width
device
width
initial
scale
education
massachusetts
institute
of
technology
link
rel
icon
href
themes
mit
assets
favicon
favicon
ico
sizes
link
rel
icon
href
themes
mit
assets
favicon
favicon
svg
type
image
svg
xml
link
rel
apple
touch
icon
href
themes
mit
assets
favicon
apple
touch
icon
png
link
rel
manifest
href
themes
mit
assets
favicon
manifest
webmanifest
