html
meta
charset
utf
8
link
rel
canonical
href
https://tlecms.mit.edu/about
meta
name
description
content
founded
to
accelerate
the
nations
industrial
revolution
is
profoundly
american
withingenuity
and
drive
our
graduates
have
invented
fundamental
technologies
launched
new
industries
and
created
millions
of
american
jobs
at
the
same
time
and
without
the
slightest
sense
of
contradiction
is
profoundly
global
our
community
gains
tremendous
strength
as
magnet
for
talent
from
around
the
world
meta
name
viewport
content
width
device
width
initial
scale
about
massachusetts
institute
of
technology
link
rel
icon
href
themes
mit
assets
favicon
favicon
ico
sizes
link
rel
icon
href
themes
mit
assets
favicon
favicon
svg
type
image
svg
xml
link
rel
apple
touch
icon
href
themes
mit
assets
favicon
apple
touch
icon
png
link
rel
manifest
href
themes
mit
assets
favicon
manifest
webmanifest
