html
michigan
state
university
form
action
https://search.msu.edu/index.php
method
get
role
search
role
listitem
aria
haspopup
true
aria
expanded
false
href
https://msu.edu/about
target
about
href
https://msu.edu/about
target
class
overview
href
https://msu.edu/about/facts
target
class
facts
href
https://msu.edu/excellence
target
class
excellence
href
https://msu.edu/about/history
target
class
history
href
https://msu.edu/visit
target
class
visit
href
https://msu.edu/about/leadership
target
class
leadership
href
https://admissions.msu.edu/life-at-msu/diversity
target
class
external
diversity
amp
inclusion
href
https://careernetwork.msu.edu/outcomes/
target
blank
class
external
spartan
success
href
https://trustees.msu.edu/about/mission.html
target
blank
class
external
mission
statement
img
src
media
assets
msutoday
images
winstons
six
treys
push
msu
women
past
iowa
2
beaumont
tulip
thumb
lg
jpg
rev
ed
1
abaab
ee
6
ee
amp
amp
amp
la
en
amp
hash
4
alt
beaumont
tower
find
the
latest
guidance
on
19
precautions
href
https://msu.edu/together-we-will/
target
class
aria
label
learn
more
aria
describedby
id
cd
learn
more
role
listitem
aria
haspopup
true
aria
expanded
false
href
https://admissions.msu.edu/
target
blank
admissions
href
https://admissions.msu.edu/
target
class
external
overview
href
https://admissions.msu.edu/apply/first-year
target
class
external
first
year
applicants
href
https://admissions.msu.edu/apply/transfer
target
class
external
transfer
applicants
href
https://admissions.msu.edu/apply/international
target
class
external
international
applicants
href
https://admissions.msu.edu/apply/graduate-students
target
class
external
graduate
applicants
href
https://admissions.msu.edu/apply
otherapplicants
target
class
external
other
applicants
href
https://admissions.msu.edu/cost-aid
target
class
external
cost
amp
financial
aid
href
https://admissions.msu.edu/academics/majors-degrees-programs
target
class
external
majors
degrees
amp
programs
href
https://admissions.msu.edu/academics/career-interest-areas
target
class
external
career
interest
areas
href
https://admissions.msu.edu/life-at-msu
target
class
external
life
at
href
https://admissions.msu.edu/visit
target
class
external
schedule
visit
href
https://admissions.msu.edu/admitted
target
class
external
admitted
students
next
steps
img
src
media
unsortedimages
student
jpg
rev
ad
ff
ee
amp
amp
amp
la
en
amp
hash
8
alt
student
holding
spartan
flag
join
the
next
generation
of
spartans
href
https://admissions.msu.edu/apply
target
class
external
aria
label
apply
now
aria
describedby
id
bec
4
bdc
ba
7
dee
bcd
7
apply
now
role
listitem
aria
haspopup
true
aria
expanded
false
href
https://msu.edu/academics
target
academics
href
https://msu.edu/academics
target
class
overview
href
https://msu.edu/academics/colleges-programs
target
class
colleges
amp
programs
href
https://educationabroad.isp.msu.edu/
target
class
external
education
abroad
href
https://grad.msu.edu/
target
class
external
graduate
programs
href
https://honorscollege.msu.edu/
target
class
external
honors
college
href
https://www.urca.msu.edu/
target
class
external
undergraduate
research
href
https://online.msu.edu/
target
class
external
online
programs
href
https://reg.msu.edu/ROInfo/Calendar/academic.aspx
target
class
external
academic
calendar
href
https://reg.msu.edu/roinfo/Enrollment.aspx
target
class
external
enrollment
amp
registration
href
https://nssc.msu.edu/explore/
target
class
external
advising
href
https://lib.msu.edu/
target
class
external
libraries
href
https://www.rcpd.msu.edu/
target
class
external
resource
center
for
persons
with
disabilities
img
src
media
assets
msutoday
images
9
students
citizen
scholar
lecture
classroom
jpg
rev
aa
1
ad
ebb
amp
amp
amp
la
en
amp
hash
8
9
alt
students
in
classroom
more
than
programs
of
study
href
https://admissions.msu.edu/academics/majors-degrees-programs/default.aspx
target
class
external
aria
label
find
yours
aria
describedby
idee
beb
03
find
yours
role
listitem
aria
haspopup
true
aria
expanded
false
href
https://msu.edu/research
target
research
href
https://msu.edu/research
target
class
overview
href
https://research.msu.edu/global-impact/
target
class
external
global
impact
initiative
href
https://research.msu.edu/research-centers/
target
class
external
centers
amp
institutes
href
https://research.msu.edu/
target
class
external
office
of
research
and
innovation
href
http://research.msu.edu/student-research/
target
class
external
student
research
href
http://www.canr.msu.edu/research/
target
class
external
ag
bio
research
href
https://innovationcenter.msu.edu
target
class
external
innovation
center
href
https://urcmich.org/
target
class
external
university
research
corridor
img
src
media
assets
msu
images
research
science
technology
png
rev
cf
22
de
64
amp
amp
amp
la
en
amp
hash
06
65
alt
researchers
with
an
autonomous
vehicle
is
driving
the
future
of
mobility
href
https://msutoday.msu.edu/mobility
target
class
external
aria
label
learn
more
aria
describedby
id
22
46
aab
learn
more
role
listitem
aria
haspopup
true
aria
expanded
false
href
https://msu.edu/campus-life
target
campus
life
href
https://msu.edu/campus-life
target
class
overview
href
https://liveon.msu.edu
target
class
external
live
on
campus
href
https://offcampushousing.msu.edu
target
class
external
live
off
campus
href
https://msutoday.msu.edu
target
class
external
latest
news
href
https://arts.msu.edu/
target
class
external
arts
href
https://inclusion.msu.edu
target
class
external
institutional
diversity
and
inclusion
href
https://supportmore.msu.edu/
target
class
culture
of
support
href
https://civilrights.msu.edu
target
class
external
office
for
civil
rights
amp
title
href
https://msu.edu/visit
target
class
visit
img
src
media
assets
msu
images
campus
life
campus
life
students
walking
jpg
rev
ffc
be
23
ba
amp
amp
amp
la
en
amp
hash
39
22
75
alt
students
walking
and
biking
more
than
students
from
all
50
states
and
other
countries
href
https://inclusion.msu.edu
target
class
external
aria
label
read
more
aria
describedby
id
9
ea
1
aaf
13
be
6
aa
read
more
role
listitem
aria
haspopup
false
aria
expanded
false
href
https://www.msuspartans.com/
target
athletics
aria
haspopup
true
aria
expanded
false
href
https://msutoday.msu.edu/
class
activator
target
today
featured
stories
href
https://msutoday.msu.edu/news/2024/congratulations-class-of-2024
target
aria
label
trending
image
link
img
src
media
assets
msutoday
images
spartans
forever
spartans
forever
hero
jpg
rev
ae
afd
41
ce
dca
amp
amp
amp
la
en
amp
hash
59
95
alt
tassel
on
top
of
grad
cap
decorated
with
spartan
helmet
april
24
href
https://msutoday.msu.edu/news/2024/congratulations-class-of-2024
target
congratulations
class
of
href
https://msutoday.msu.edu/news/2024/no1-for-30-years
target
aria
label
trending
image
link
img
src
media
assets
msutoday
images
fewer
michigan
3
rd
graders
could
be
held
back
for
reading
college
of
education
hero
jpg
rev
bab
ff
amp
amp
amp
la
en
amp
hash
37
4
alt
outside
of
the
college
of
education
building
april
10
href
https://msutoday.msu.edu/news/2024/no1-for-30-years
target
no
1
for
30
years
href
https://msutoday.msu.edu/news/2024/msu-researchers-turn-the-tide-for-safer-healthier-water
target
aria
label
trending
image
link
img
src
media
assets
msutoday
images
msu
researchers
turn
the
tide
for
safer
healthier
water
lake
michigan
shoreline
jpg
rev
db
9
dcc
19
af
amp
amp
amp
la
en
amp
hash
alt
an
aerial
view
of
lake
michigan
shoreline
with
dunes
and
trees
in
the
background
march
18
href
https://msutoday.msu.edu/news/2024/msu-researchers-turn-the-tide-for-safer-healthier-water
target
turning
the
tide
for
safer
healthier
water
href
https://msutoday.msu.edu/view-all
target
class
all
stories
href
https://msutoday.msu.edu/view-all
category
arts
target
class
external
arts
href
https://msutoday.msu.edu/view-all
category
business
target
class
external
business
href
https://msutoday.msu.edu/view-all
category
campus
target
class
external
campus
href
https://msutoday.msu.edu/view-all
category
environment
target
class
external
environment
href
https://msutoday.msu.edu/view-all
category
health
target
class
external
health
href
https://msutoday.msu.edu/view-all
category
life
target
class
external
life
href
https://msutoday.msu.edu/view-all
category
science
and
technology
target
class
external
science
and
technology
href
https://msutoday.msu.edu/view-all
category
sports
target
class
external
sports
form
action
https://search.msu.edu/index.php
method
get
href
https://msu.edu/about
target
class
about
href
https://admissions.msu.edu/
target
blank
class
external
admissions
href
https://msu.edu/academics
target
class
academics
href
https://msu.edu/research
target
class
research
href
https://msu.edu/campus-life
target
class
campus
life
href
https://www.msuspartans.com/
target
class
external
athletics
about
href
https://msu.edu/about
target
class
overview
href
https://msu.edu/about/facts
target
class
facts
href
https://msu.edu/excellence
target
class
excellence
href
https://msu.edu/about/history
target
class
history
href
https://msu.edu/visit
target
class
visit
href
https://msu.edu/about/leadership
target
class
leadership
href
https://admissions.msu.edu/life-at-msu/diversity
target
class
external
diversity
amp
inclusion
href
https://careernetwork.msu.edu/outcomes/
target
blank
class
external
spartan
success
href
https://trustees.msu.edu/about/mission.html
target
blank
class
external
mission
statement
img
class
lazyload
data
src
media
assets
msutoday
images
winstons
six
treys
push
msu
women
past
iowa
2
beaumont
tulip
thumb
lg
jpg
rev
ed
1
abaab
ee
6
ee
alt
beaumont
tower
find
the
latest
guidance
on
19
precautions
href
https://msu.edu/together-we-will/
target
class
learn
more
admissions
href
https://admissions.msu.edu/
target
class
external
overview
href
https://admissions.msu.edu/apply/first-year
target
class
external
first
year
applicants
href
https://admissions.msu.edu/apply/transfer
target
class
external
transfer
applicants
href
https://admissions.msu.edu/apply/international
target
class
external
international
applicants
href
https://admissions.msu.edu/apply/graduate-students
target
class
external
graduate
applicants
href
https://admissions.msu.edu/apply
otherapplicants
target
class
external
other
applicants
href
https://admissions.msu.edu/cost-aid
target
class
external
cost
amp
financial
aid
href
https://admissions.msu.edu/academics/majors-degrees-programs
target
class
external
majors
degrees
amp
programs
href
https://admissions.msu.edu/academics/career-interest-areas
target
class
external
career
interest
areas
href
https://admissions.msu.edu/life-at-msu
target
class
external
life
at
href
https://admissions.msu.edu/visit
target
class
external
schedule
visit
href
https://admissions.msu.edu/admitted
target
class
external
admitted
students
next
steps
img
class
lazyload
data
src
media
unsortedimages
student
jpg
rev
ad
ff
ee
alt
student
holding
spartan
flag
join
the
next
generation
of
spartans
href
https://admissions.msu.edu/apply
target
class
external
apply
now
academics
href
https://msu.edu/academics
target
class
overview
href
https://msu.edu/academics/colleges-programs
target
class
colleges
amp
programs
href
https://educationabroad.isp.msu.edu/
target
class
external
education
abroad
href
https://grad.msu.edu/
target
class
external
graduate
programs
href
https://honorscollege.msu.edu/
target
class
external
honors
college
href
https://www.urca.msu.edu/
target
class
external
undergraduate
research
href
https://online.msu.edu/
target
class
external
online
programs
href
https://reg.msu.edu/ROInfo/Calendar/academic.aspx
target
class
external
academic
calendar
href
https://reg.msu.edu/roinfo/Enrollment.aspx
target
class
external
enrollment
amp
registration
href
https://nssc.msu.edu/explore/
target
class
external
advising
href
https://lib.msu.edu/
target
class
external
libraries
href
https://www.rcpd.msu.edu/
target
class
external
resource
center
for
persons
with
disabilities
img
class
lazyload
data
src
media
assets
msutoday
images
9
students
citizen
scholar
lecture
classroom
jpg
rev
aa
1
ad
ebb
alt
students
in
classroom
more
than
programs
of
study
href
https://admissions.msu.edu/academics/majors-degrees-programs/default.aspx
target
class
external
find
yours
research
href
https://msu.edu/research
target
class
overview
href
https://research.msu.edu/global-impact/
target
class
external
global
impact
initiative
href
https://research.msu.edu/research-centers/
target
class
external
centers
amp
institutes
href
https://research.msu.edu/
target
class
external
office
of
research
and
innovation
href
http://research.msu.edu/student-research/
target
class
external
student
research
href
http://www.canr.msu.edu/research/
target
class
external
ag
bio
research
href
https://innovationcenter.msu.edu
target
class
external
innovation
center
href
https://urcmich.org/
target
class
external
university
research
corridor
img
class
lazyload
data
src
media
assets
msu
images
research
science
technology
png
rev
cf
22
de
64
alt
researchers
with
an
autonomous
vehicle
is
driving
the
future
of
mobility
href
https://msutoday.msu.edu/mobility
target
class
external
learn
more
campus
life
href
https://msu.edu/campus-life
target
class
overview
href
https://liveon.msu.edu
target
class
external
live
on
campus
href
https://offcampushousing.msu.edu
target
class
external
live
off
campus
href
https://msutoday.msu.edu
target
class
external
latest
news
href
https://arts.msu.edu/
target
class
external
arts
href
https://inclusion.msu.edu
target
class
external
institutional
diversity
and
inclusion
href
https://supportmore.msu.edu/
target
class
culture
of
support
href
https://civilrights.msu.edu
target
class
external
office
for
civil
rights
amp
title
href
https://msu.edu/visit
target
class
visit
img
class
lazyload
data
src
media
assets
msu
images
campus
life
campus
life
students
walking
jpg
rev
ffc
be
23
ba
alt
students
walking
and
biking
more
than
students
from
all
50
states
and
other
countries
href
https://inclusion.msu.edu
target
class
external
read
more
href
https://msu.edu/future-students
target
class
future
students
href
https://msu.edu/students
target
class
current
students
href
https://msu.edu/alumni
target
class
alumni
href
https://msu.edu/faculty-staff
target
class
faculty
amp
staff
href
https://admissions.msu.edu/apply/default.aspx
target
class
external
apply
href
https://msu.edu/visit
target
class
visit
href
https://givingto.msu.edu/top-priorities.cfm
sa
24
1
amp
utm
medium
referral
amp
utm
source
msu
amp
utm
campaign
ag
amp
utm
content
give
home
target
class
external
give
href
https://msutoday.msu.edu/
target
class
today
link
today
div
class
background
image
desktop
lazyload
data
bg
media
assets
msu
images
home
heroes
hero
helmet
3
jpg
rev
7
aa
cd
9
div
class
background
image
tablet
lazyload
data
bg
media
assets
msu
images
home
heroes
hero
helmet
3
jpg
rev
7
aa
cd
9
div
class
background
image
mobile
lazyload
data
bg
media
assets
msu
images
home
heroes
hero
helmet
3
jpg
rev
7
aa
cd
9
href
https://admissions.msu.edu/
aria
label
at
one
of
the
worlds
leading
research
universities
youll
have
access
to
transformative
opportunities
powerful
resources
and
supportive
inclusive
community
are
you
ready
to
join
the
next
generation
of
spartans
br
href
https://admissions.msu.edu/
target
class
cta
data
module
cta
aria
label
learn
more
aria
describedby
idae
ec
4
86
ec
61
ba
learn
more
future
spartans
we
re
here
for
you
href
https://admissions.msu.edu/academics/majors-degrees-programs
target
div
class
background
image
lazyload
data
bg
media
assets
msu
images
audience
student
students
hero
png
amp
rev
86
dc
amp
hash
0
alt
students
walking
outdoors
aria
label
students
walking
outdoors
img
class
lazyload
data
src
media
assets
msu
images
audience
student
students
hero
png
amp
rev
86
dc
amp
hash
0
alt
students
walking
outdoors
majors
degrees
programs
choose
from
more
than
areas
of
study
across
17
colleges
and
unrivaled
opportunities
for
undergraduate
research
href
https://admissions.msu.edu/academics/majors-degrees-programs
aria
label
majors
degrees
programs
explore
programs
target
class
cta
green
external
data
module
cta
aria
describedby
iddc
fe
ab
08
ae
6
explore
programs
href
https://admissions.msu.edu/request-information
target
div
class
background
image
lazyload
data
bg
media
unsortedimages
student
jpg
amp
rev
ad
ff
ee
amp
hash
01
alt
student
holding
spartan
flag
aria
label
student
holding
spartan
flag
img
class
lazyload
data
src
media
unsortedimages
student
jpg
amp
rev
ad
ff
ee
amp
hash
01
alt
student
holding
spartan
flag
request
information
want
to
find
out
more
about
what
life
is
like
as
spartan
nbsp
we
have
the
most
up
to
date
information
you
need
on
your
journey
to
becoming
spartan
nbsp
we
re
always
happy
to
help
nbsp
href
https://admissions.msu.edu/request-information
aria
label
request
information
contact
us
target
class
cta
green
external
data
module
cta
aria
describedby
idb
ada
da
bafcd
6
contact
us
href
https://admissions.msu.edu/visit
target
div
class
background
image
lazyload
data
bg
media
assets
msutoday
images
0
campus
pamorama
fall
jpg
amp
rev
df
aba
af
amp
hash
1
80
alt
aerial
shot
of
campus
aria
label
aerial
shot
of
campus
img
class
lazyload
data
src
media
assets
msutoday
images
0
campus
pamorama
fall
jpg
amp
rev
df
aba
af
amp
hash
1
80
alt
aerial
shot
of
campus
visit
campus
attend
an
in
person
or
virtual
tour
or
sign
up
for
virtual
admissions
event
we
can
wait
to
welcome
you
to
campus
and
show
you
around
href
https://admissions.msu.edu/visit
aria
label
visit
campus
get
started
target
class
cta
green
external
data
module
cta
aria
describedby
ide
cc
2
31
ef
ff
7
get
started
latest
news
href
https://msutoday.msu.edu/news/2024/a-spartan-transforming-public-health
target
div
class
background
image
lazyload
data
bg
media
assets
msutoday
images
spartan
transforming
public
health
hero
jennifer
johnson
mobile
2
png
amp
rev
fbf
amp
hash
87
alt
collage
of
jennifer
johnson
public
health
leader
at
engaged
in
flint
community
research
showing
leadership
collaboration
and
urban
engagement
aria
label
collage
of
jennifer
johnson
public
health
leader
at
engaged
in
flint
community
research
showing
leadership
collaboration
and
urban
engagement
img
class
lazyload
data
src
media
assets
msutoday
images
spartan
transforming
public
health
hero
jennifer
johnson
mobile
2
png
amp
rev
fbf
amp
hash
87
alt
collage
of
jennifer
johnson
public
health
leader
at
engaged
in
flint
community
research
showing
leadership
collaboration
and
urban
engagement
transforming
public
health
at
jennifer
johnson
is
part
of
public
health
department
that
is
fast
becoming
national
model
for
community
based
participatory
research
and
implementation
that
rsquo
making
profound
impact
on
the
health
of
michigan
residents
br
href
https://msutoday.msu.edu/news/2024/a-spartan-transforming-public-health
aria
label
transforming
public
health
read
more
target
class
cta
green
data
module
cta
aria
describedby
id
66
afc
22
1
ecf
read
more
href
https://msutoday.msu.edu/news/2024/msu-advances-rural-health-care-through-education-innovation
target
div
class
background
image
lazyload
data
bg
media
assets
msutoday
images
msu
advances
rural
health
care
through
education
innovation
msuchm
midland
stills
84
hero
jpg
amp
rev
bb
ad
ce
8
amp
hash
3
64
alt
elizabeth
martin
with
patient
aria
label
elizabeth
martin
with
patient
img
class
lazyload
data
src
media
assets
msutoday
images
msu
advances
rural
health
care
through
education
innovation
msuchm
midland
stills
84
hero
jpg
amp
rev
bb
ad
ce
8
amp
hash
3
64
alt
elizabeth
martin
with
patient
rural
health
care
has
long
had
presence
that
reaches
all
areas
of
michigan
to
create
national
model
for
improving
health
and
well
being
in
underserved
communities
including
rural
areas
of
the
state
br
href
https://msutoday.msu.edu/news/2024/msu-advances-rural-health-care-through-education-innovation
aria
label
rural
health
care
read
more
target
class
cta
green
data
module
cta
aria
describedby
id
ae
read
more
href
https://msutoday.msu.edu/news/2024/msu-college-of-law-opens-public-defender-clinic
target
div
class
background
image
lazyload
data
bg
media
assets
msutoday
images
msu
college
of
law
opens
public
defender
clinic
social
image
1
jpg
amp
rev
4
ea
6
bf
39
amp
hash
8
7
64
alt
bradley
hall
in
39
public
defender
clinic
aria
label
bradley
hall
in
39
public
defender
clinic
img
class
lazyload
data
src
media
assets
msutoday
images
msu
college
of
law
opens
public
defender
clinic
social
image
1
jpg
amp
rev
4
ea
6
bf
39
amp
hash
8
7
64
alt
bradley
hall
in
39
public
defender
clinic
public
defender
clinic
when
bradley
hall
opens
the
doors
to
college
of
law
rsquo
new
public
defender
clinic
this
academic
year
he
will
begin
training
the
next
generation
of
lawyers
in
highly
specialized
area
of
law
preconviction
appeals
href
https://msutoday.msu.edu/news/2024/msu-college-of-law-opens-public-defender-clinic
aria
label
39
public
defender
clinic
read
more
target
class
cta
green
data
module
cta
aria
describedby
id
bfbb
ee
read
more
div
class
background
image
desktop
lazyload
data
bg
media
assets
msu
images
home
beaumont
1
jpg
rev
bbfa
div
class
background
image
tablet
lazyload
data
bg
media
assets
msu
images
home
beaumont
1
jpg
rev
bbfa
div
class
background
image
mobile
lazyload
data
bg
media
assets
msu
images
home
beaumont
1
jpg
rev
bbfa
href
https://msutoday.msu.edu/news/2024/2024-08-19-photo-gallery
div
class
background
image
lazyload
data
bg
media
assets
msutoday
images
photo
gallery
east
circle
west
circle
drive
dlt
jpg
rev
46
ad
9
af
amp
cx
amp
cy
amp
cw
amp
ch
amp
hash
story
aug
19
the
week
in
photos
august
top
30
public
university
gold
sustainability
rating
href
https://msutoday.msu.edu/news/2024/msu-researchers-develop-low-cost-sensors-to-help-farmers-irrigate-more-efficiently-manage-diseases
div
class
background
image
lazyload
data
bg
media
assets
msutoday
images
msu
researchers
develop
low
cost
sensors
to
help
farmers
irrigate
more
efficiently
manage
diseases
irrigationsensorinfield
jpg
rev
bde
df
eb
amp
cx
amp
cy
amp
cw
amp
ch
amp
hash
story
aug
19
helping
farmers
irrigate
more
efficiently
manage
diseases
in
the
news
href
https://www.nytimes.com/2024/08/13/business/economy/inflation-food-prices.html
target
div
class
background
image
lazyload
data
bg
media
assets
msutoday
images
heroes
grocery
store
apples
gemma
stpjhjgqzyw
unsplash
jpg
amp
rev
2
afb
fada
07
cf
ee
amp
hash
6
78
9
alt
oranges
apples
and
other
produce
in
grocery
store
aria
label
oranges
apples
and
other
produce
in
grocery
store
img
class
lazyload
data
src
media
assets
msutoday
images
heroes
grocery
store
apples
gemma
stpjhjgqzyw
unsplash
jpg
amp
rev
2
afb
fada
07
cf
ee
amp
hash
6
78
9
alt
oranges
apples
and
other
produce
in
grocery
store
new
york
times
how
food
prices
have
changed
over
the
past
four
years
david
ortega
associate
professor
in
the
department
of
agricultural
food
and
resource
economics
in
the
college
of
agriculture
and
natural
resources
commented
on
increasing
food
prices
and
why
shoppers
should
not
expect
costs
to
decline
any
time
soon
href
https://www.nytimes.com/2024/08/13/business/economy/inflation-food-prices.html
aria
label
new
york
times
read
more
target
class
cta
green
external
data
module
cta
aria
describedby
id
dd
aa
ed
read
more
href
https://us.cnn.com/2024/08/19/science/august-supermoon-blue-sturgeon-full-moon-2024/index.html
target
div
class
background
image
lazyload
data
bg
media
assets
msutoday
images
3
planetarium
jpg
amp
rev
ca
cbf
cd
amp
hash
1
alt
an
outside
view
of
abrams
planterium
aria
label
an
outside
view
of
abrams
planterium
img
class
lazyload
data
src
media
assets
msutoday
images
3
planetarium
jpg
amp
rev
ca
cbf
cd
amp
hash
1
alt
an
outside
view
of
abrams
planterium
when
and
how
to
see
the
rare
super
blue
moon
nbsp
shannon
schmoll
director
of
the
abram
rsquo
planetarium
commented
on
supermoons
and
the
factors
that
affect
how
people
could
be
able
to
view
one
href
https://us.cnn.com/2024/08/19/science/august-supermoon-blue-sturgeon-full-moon-2024/index.html
aria
label
read
more
target
class
cta
green
external
data
module
cta
aria
describedby
idd
9
db
4
bbf
read
more
href
https://www.yahoo.com/news/black-women-quickly-mobilize-boost-161703505.html
target
div
class
background
image
lazyload
data
bg
media
assets
msutoday
images
mark
brandt
voted
sticker
voted
sticker
2
voted
sticker
3
jpg
voted
sticker
4
jpg
jpg
amp
rev
54
abdbdab
34
fec
amp
hash
6
0
alt
photo
of
quot
voted
quot
sticker
aria
label
photo
of
quot
voted
quot
sticker
img
class
lazyload
data
src
media
assets
msutoday
images
mark
brandt
voted
sticker
voted
sticker
2
voted
sticker
3
jpg
voted
sticker
4
jpg
jpg
amp
rev
54
abdbdab
34
fec
amp
hash
6
0
alt
photo
of
quot
voted
quot
sticker
yahoo
news
black
women
quickly
mobilize
to
boost
kamala
harris
presidential
bid
nbsp
kinitra
brooks
associate
professor
and
audrey
and
john
leslie
endowed
chair
in
literary
studies
in
the
department
of
english
in
the
college
of
arts
and
letters
commented
on
how
pop
culture
and
music
is
being
used
to
boost
political
messaging
href
https://www.yahoo.com/news/black-women-quickly-mobilize-boost-161703505.html
aria
label
yahoo
news
read
more
target
class
cta
green
external
data
module
cta
aria
describedby
id
4
cda
5
db
9
aeab
afbc
ef
4
read
more
href
https://msutoday.msu.edu/news/2024/celebrating-the-legacy-of-the-spartan-marching-band
div
class
background
image
lazyload
data
bg
media
assets
msutoday
images
photo
gallery
10
marching
ns
jpg
rev
cfb
7
cac
ec
ee
3
ca
4
amp
cx
amp
cy
amp
cw
amp
ch
amp
hash
5
35
story
aug
20
celebrating
the
legacy
of
the
spartan
marching
band
href
https://reg.msu.edu/roinfo/calendar/academic.aspx
target
div
class
background
image
desktop
lazyload
data
bg
media
assets
msutoday
images
winstons
six
treys
push
msu
women
past
iowa
2
classroom
2
jpg
rev
1
db
bf
bc
aa
amp
cx
amp
cy
amp
cw
amp
ch
amp
hash
4
4
4
div
class
background
image
tablet
lazyload
data
bg
media
assets
msutoday
images
winstons
six
treys
push
msu
women
past
iowa
2
classroom
2
jpg
rev
1
db
bf
bc
aa
amp
cx
amp
cy
amp
cw
amp
ch
amp
hash
4
4
4
div
class
background
image
mobile
lazyload
data
bg
media
assets
msutoday
images
winstons
six
treys
push
msu
women
past
iowa
2
classroom
2
jpg
rev
1
db
bf
bc
aa
amp
cx
amp
cy
amp
cw
amp
ch
amp
hash
4
4
4
august
26
first
day
of
class
campus
initiatives
href
https://strategicplan.msu.edu/
target
div
class
background
image
lazyload
data
bg
media
assets
msu
images
home
initiatives
strat
plan
thumbnail
jpg
amp
rev
af
bc
45
fd
5
ca
amp
hash
5
5
5
alt
wide
overview
aerial
shot
of
campus
aria
label
wide
overview
aerial
shot
of
campus
img
class
lazyload
data
src
media
assets
msu
images
home
initiatives
strat
plan
thumbnail
jpg
amp
rev
af
bc
45
fd
5
ca
amp
hash
5
5
5
alt
wide
overview
aerial
shot
of
campus
strategic
plan
used
an
inclusive
and
comprehensive
strategic
planning
process
to
create
shared
vision
for
the
future
and
common
set
of
principles
and
values
to
guide
our
work
href
https://strategicplan.msu.edu/
aria
label
strategic
plan
learn
more
target
class
cta
green
data
module
cta
aria
describedby
ide
21
fe
3
9
dc
3
learn
more
href
https://go.msu.edu/btP
target
div
class
background
image
lazyload
data
bg
media
assets
msu
images
home
initiatives
rock
together
jpg
amp
rev
amp
hash
0
92
8
alt
the
rock
with
we
39
re
all
in
this
together
on
it
aria
label
the
rock
with
we
39
re
all
in
this
together
on
it
img
class
lazyload
data
src
media
assets
msu
images
home
initiatives
rock
together
jpg
amp
rev
amp
hash
0
92
8
alt
the
rock
with
we
39
re
all
in
this
together
on
it
diversity
equity
and
inclusion
plan
to
recognize
the
importance
of
diversity
equity
and
inclusion
as
foundation
for
university
is
using
comprehensive
planning
process
focusing
on
those
values
and
working
in
collaboration
with
the
overall
strategic
planning
process
href
https://go.msu.edu/btP
aria
label
diversity
equity
and
inclusion
plan
read
more
target
class
cta
green
external
data
module
cta
aria
describedby
id
fee
efa
ab
bc
ea
75
read
more
href
https://supportmore.msu.edu/do-more
target
div
class
background
image
lazyload
data
bg
media
assets
msu
images
home
initiatives
initiatives
rvsm
2
jpg
amp
rev
df
ac
7
db
02
bc
amp
hash
alt
water
lily
aria
label
water
lily
img
class
lazyload
data
src
media
assets
msu
images
home
initiatives
initiatives
rvsm
2
jpg
amp
rev
df
ac
7
db
02
bc
amp
hash
alt
water
lily
relationship
violence
and
sexual
misconduct
plan
the
strategic
plan
stems
from
work
by
leading
researchers
and
experts
in
the
field
to
develop
plan
for
survivor
services
prevention
efforts
and
climate
and
culture
change
initiatives
href
https://supportmore.msu.edu/do-more
aria
label
relationship
violence
and
sexual
misconduct
plan
read
more
target
class
cta
green
external
data
module
cta
aria
describedby
id
edb
2
read
more
find
out
more
href
about
target
class
link
learn
about
href
academics
target
class
link
explore
our
academics
href
research
target
class
link
discover
our
research
href
https://msu.edu/
img
src
media
assets
global
images
msu
logo
white
svg
rev
8
fcc
09
fbbe
1
dc
amp
la
en
amp
hash
3
alt
michigan
state
university
resources
href
https://search.msu.edu/a-z/
target
class
external
to
index
href
https://search.msu.edu/people/
target
class
external
find
people
href
https://maps.msu.edu/
target
class
external
maps
href
https://mail.msu.edu/locator.php
target
class
external
email
href
https://student.msu.edu/
target
class
external
student
information
system
href
https://d2l.msu.edu/d2l/loginh/
target
class
external
2
href
https://tech.msu.edu/
target
class
external
tech
support
href
http://misconduct.msu.edu/
target
class
external
misconduct
hotline
href
https://msu.edu/social
target
class
social
media
directory
href
http://go.msu.edu/mYH
target
class
external
events
calendar
href
https://msutoday.msu.edu/for-media
target
class
for
media
health
and
safety
href
http://police.msu.edu/
target
class
external
police
href
http://olin.msu.edu/
target
class
external
olin
health
center
href
https://caps.msu.edu/
target
class
external
counseling
and
psychiatric
services
href
http://health4u.msu.edu/
target
class
external
health
4
href
https://www.healthteam.msu.edu/
target
class
external
health
care
inc
href
https://civilrights.msu.edu/
target
class
external
civil
rights
and
title
href
https://msu.edu/ourcommitment/
target
class
our
commitment
href
https://centerforsurvivors.msu.edu/
target
class
external
the
center
for
survivors
href
http://police.msu.edu/resources/security-fire-safety-report/
target
class
external
annual
safety
report
href
https://civilrights.msu.edu/policies/relationship-violence-and-sexual-misconduct-and-title-ix-policy.html
target
class
external
university
policy
on
relationship
violence
and
sexual
misconduct
href
https://civilrights.msu.edu/policies/Notice-of-Non-Discrimination-Anti-Harassment-and-Non-Retaliation.html
target
class
external
notice
of
nondiscrimination
anti
harassment
and
non
retaliation
href
https://healthcare.msu.edu/patients-visitors/non-discrimination-notice.aspx
target
class
external
health
care
notice
of
nondiscrimination
support
services
href
http://www.rcpd.msu.edu/
target
class
external
disability
resources
href
http://oss.msu.edu/
target
class
external
supportive
services
href
https://nssc.msu.edu/clc/index.html
target
class
external
learning
resources
working
at
href
https://hr.msu.edu
target
class
external
human
resources
href
https://secportal.ebsp.msu.edu/
target
class
external
login
href
http://careers.msu.edu/cw/en-us/listing/
target
class
external
job
postings
href
https://eap.msu.edu/
target
class
external
employee
assistance
program
reports
href
https://finaid.msu.edu/CARES.asp
target
class
external
act
funding
href
https://ir.msu.edu/resources/student-achievement
target
class
external
student
achievement
and
outcomes
contact
us
address
href
https://maps.msu.edu/interactive/index.php
location
5
target
class
michigan
state
university
br
auditorium
road
br
east
lansing
href
https://msu.edu/issues-statements
target
class
cta
green
issues
statements
follow
us
href
https://www.facebook.com/spartans.msu/
target
blank
facebook
href
https://twitter.com/michiganstateu
target
blank
twitter
href
https://www.instagram.com/michiganstateu/
target
instagram
href
https://www.linkedin.com/school/michigan-state-university/
target
linkedin
href
https://www.youtube.com/channel/UCwFnbW4MKB9EIrnd04ybQsQ
target
youtube
href
https://www.tiktok.com/
michiganstateu
target
tik
tok
if
you
re
having
href
https://webaccess.msu.edu/accessibility_report_form/report-form.php
target
class
external
accessibility
issues
please
let
us
know
href
https://msu.edu/state-transparency-reporting/campus-safety-information-resources
target
class
detailed
link
aria
label
know
more
campus
safety
information
and
resources
img
src
media
assets
msutoday
images
knowmore
green
2
png
rev
0
dd
ca
9
amp
amp
amp
la
en
amp
hash
99
1
5
81
6
75
alt
know
more
campus
safety
information
and
resources
href
https://msu.edu/state-transparency-reporting
target
class
detailed
link
aria
label
transparency
reporting
img
src
media
assets
msutoday
images
budget
performance
transparency
logo
2
png
rev
89
fa
dbfb
35
aa
amp
amp
amp
la
en
amp
hash
51
alt
transparency
reporting
href
https://msu.edu
img
src
media
assets
global
images
msu
wordmark
green
svg
rev
accf
33
ac
dfbf
amp
la
en
amp
hash
alt
michigan
state
university
href
https://msu.edu/contactus
target
contact
information
href
https://msu.edu/sitemap-page
target
site
map
href
https://msu.edu/privacy
target
privacy
statement
href
https://msu.edu/accessibility
target
site
accessibility
call
visit
href
https://msu.edu/visit/
target
blank
msu
edu
is
an
affirmative
action
equal
opportunity
employer
href
https://civilrights.msu.edu/policies/Notice-of-Non-Discrimination-Anti-Harassment-and-Non-Retaliation.html
target
notice
of
nondiscrimination
michigan
state
university
iframe
id
youtube
player
title
youtube
player
src
https://www.youtube.com/embed/CErocAkFrp8
autoplay
0
amp
modestbranding
1
amp
rel
0
amp
ytp
pause
overlay
0
amp
enablejsapi
1
amp
origin
https
3
2
2
fmsu
edu
2
allow
accelerometer
autoplay
encrypted
media
gyroscope
picture
in
picture
allowfullscreen
script
src
cdnjs
cloudflare
com
ajax
libs
gsap
2
tween
max
min
js
script
src
cdnjs
cloudflare
com
ajax
libs
scroll
magic
6
scroll
magic
min
js
script
src
cdnjs
cloudflare
com
ajax
libs
scroll
magic
6
plugins
animation
gsap
min
js
script
src
assets
js
app
js
aug
5
defer
script
src
cdn
jsdelivr
net
npm
gifffer
4
build
gifffer
min
js
window
onload
function
var
gifs
gifffer
set
timeout
function
gifs
0
click
will
play
the
first
gif
script
type
text
javascript
src
incapsula
resource
6
fffd
ns
1
cb
async
