obj
count
3
kids
type
pages
endobj
obj
based
endobj
obj
filter
flate
decode
length
3
stream
xw
7
kh
1
6
tp
2
dqp
id
kg
lp
1
8
2
vs
92
se
9
2
ct
6
sdl
2
1
rf
ym
emi
rax
7
nfz
dp
2
4
1
46
tc
48
0
rt
qh
0
8
28
0
bx
1
6
fkt
8
1
9
rbl
1
tp
8
8
ey
kl
jv
5
4
2
7
hr
0
uz
oik
76
8
kx
jon
el
pa
fy
zn
7
epu
lo
9
vs
uc
kz
ol
ps
7
qo
vsn
ys
4
wx
20
5
et
mw
3
endstream
endobj
obj
1
type
ext
state
ca
1
endobj
obj
base
font
calibri
bold
descendant
fonts
encoding
identity
subtype
type
0
to
unicode
type
font
endobj
obj
filter
flate
decode
length
stream
bel
7
4
5
93
sf
3
3
7
8
ha
2
77
7
9
dns
6
vz
nq
wx
3
gg
9
3
iri
st
21
rr
ol
5
cs
wj
0
wr
fn
1
lugv
bt
6
6
3
rdk
9
juzl
1
4
8
ur
4
oh
bo
je
yy
br
9
2
zv
9
7
5
gm
6
sjs
5
6
51
7
3
lx
6
4
qs
5
4
ev
5
wm
9
rt
2
nga
op
hua
mw
7
henb
9
yk
8
2
xbd
4
6
kv
5
1
0
3
2
iu
tvy
4
2
2
0
pic
wm
6
xuw
5
6
gl
6
ivde
05
7
0
yz
9
6
3
3
2
2
kq
7
7
yl
4
ac
uo
ob
3
uz
7
3
rg
5
6
2
jg
oo
6
4
8
ao
2
nd
3
jl
zk
3
2
5
ee
21
pdjf
5
ph
ij
aqaf
6
0
an
aitn
mg
2
jyel
li
5
fv
6
5
8
xap
vi
6
3
0
3
is
nd
5
uoq
49
jt
dv
vo
us
td
ot
3
yqd
wa
tq
yy
5
jz
va
49
2
gr
vj
3
6
elr
ke
cv
orpg
br
3
4
wh
gmqu
7
id
cv
4
08
3
5
id
7
7
nm
wj
km
2
9
wp
1
4
fs
qf
er
9
ka
oq
ww
mrq
dl
6
lxb
6
mf
dg
6
1
yfj
5
7
4
hu
5
33
9
rbbn
ru
4
szf
7
ag
zh
auv
qoc
8
rbp
2
hi
xv
1
2
ff
oi
cg
09
5
5
fa
wwfd
5
gxwv
fo
puq
zoq
3
mn
7
ex
kj
1
wej
qc
rtf
5
womh
ry
ycrfo
wvb
5
qq
9
rh
xtsli
wa
zl
au
tnh
is
ue
ug
8
3
wq
6
nd
9
jq
tz
no
5
wk
swz
gd
ll
ms
oy
9
tf
uc
fs
3
4
un
9
2
loaj
ee
3
gkll
6
4
wbm
6
9
oc
kq
jv
fxg
4
0
4
uj
9
7
wv
9
yd
9
zy
ob
4
wj
5
xh
ak
4
4
ml
9
ov
5
hs
4
fw
9
98
se
pr
aqfz
lmq
6
qb
cx
sn
lve
gu
3
jrm
1
wv
am
mv
06
fw
mvc
le
16
lq
xn
1
0
9
attj
vfo
7
8
td
27
fp
ty
vr
2
ra
7
mg
woh
ob
yj
4
vq
mm
uj
5
2
2
pu
2
sc
wy
dw
4
kn
3
uapa
iivsf
8
eay
0
63
3
duy
3
niu
7
5
9
jjj
wor
ar
4
au
pzb
vz
6
kp
sd
9
lt
9
ng
ed
sj
7
8
xvj
hsg
lts
nue
tzr
ojk
nz
5
qo
qx
hy
3
ef
nwt
el
sw
0
lqd
3
sh
4
cu
8
gg
2
yn
9
xj
4
am
jzeb
pk
nu
ld
gz
8
cz
fy
6
dv
fnrr
wb
lo
7
ml
hv
5
ym
mt
9
0
7
yrwsc
5
ul
xl
cd
5
xm
lk
9
kecwu
nv
9
vg
ou
fmk
8
1
rub
9
se
ez
6
na
ae
5
rr
hk
ib
1
otr
gf
87
kr
65
hy
1
bw
8
ob
72
bk
du
iq
fr
2
fo
iq
9
2
1
8
pi
4
yq
6
ay
lj
at
5
4
0
kof
pv
js
6
6
8
yk
qc
3
lg
3
ef
yei
9
ie
2
3
lf
96
4
6
ga
3
pcj
4
fg
mf
6
sfsz
df
0
dtylrs
ks
3
3
wc
hyo
9
5
on
9
hp
hy
mp
8
6
hi
fq
75
if
jv
zc
dt
9
wq
1
sv
19
1
sxt
fx
qkhs
7
skv
lo
iyl
0
ub
la
9
kd
4
fv
du
wwl
8
vg
49
6
1
4
dd
wx
jb
kw
2
56
tq
ys
yn
6
6
xw
gk
4
4
al
ji
6
bg
rn
nchi
gz
3
4
3
no
6
ift
lda
0
5
8
3
7
stx
0
7
rf
jy
8
awx
7
cg
iq
0
fvd
gnm
aq
1
8
3
2
3
16
jl
4
as
3
ss
4
3
vn
6
skz
mq
4
0
73
sqa
pw
gwyh
es
fa
4
2
6
hf
0
cf
gv
fy
2
kc
dn
my
gj
dn
0
3
1
4
wfv
fo
0
km
5
mbo
1
yy
jw
wog
3
7
6
7
0
fh
vu
ml
5
ck
65
pcmimf
0
45
zyma
ps
ooxf
et
yic
ga
fq
8
kw
2
vh
5
ou
er
br
5
ze
3
4
ks
0
9
0
1
ig
6
2
eq
8
15
19
dus
9
3
30
uz
kk
5
2
ni
9
4
1
6
ep
5
es
87
wr
6
rzm
dd
45
2
0
5
te
0
bs
jz
olv
bi
bq
bm
1
wcj
5
9
2
kii
6
qv
1
0
ryf
5
bt
1
no
2
0
1
ch
uwth
ip
pn
xo
4
os
hy
96
8
2
ldi
8
7
si
ha
ref
8
jc
8
kv
5
yai
bj
pu
9
wi
6
qt
ul
9
dr
94
xytp
1
1
qa
8
asa
8
pbxee
4
2
6
pi
ab
6
fl
67
3
djt
kt
3
4
wi
6
9
rt
9
dms
8
fw
bn
5
5
0
5
0
3
cx
5
9
pr
4
li
mo
cx
ex
ob
5
pa
fp
ba
0
vm
6
gh
ch
0
bf
ui
6
0
7
ax
cx
8
4
2
3
en
oc
2
xz
8
pm
pv
9
np
wo
prt
4
mk
2
4
bx
0
xr
6
iy
bx
5
cj
2
0
va
9
4
6
0
wo
7
vo
7
za
0
ypafo
1
bx
ge
7
dkp
qtdp
rw
lw
6
jy
kz
0
dt
7
op
14
bg
1
ru
pzt
xu
npj
9
ty
2
3
9
gp
khe
pd
ec
ha
vx
7
5
dj
endstream
endobj
obj
base
font
calibri
descendant
fonts
encoding
identity
subtype
type
0
to
unicode
type
font
endobj
obj
filter
flate
decode
length
stream
uo
7
nv
4
3
om
lb
9
2
cs
xz
bh
ajf
hm
6
bv
th
5
bls
1
yg
xm
fr
5
ljq
mu
0
qq
sf
fr
9
mo
fiz
mz
8
hk
hoe
yb
1
uu
1
ku
ce
4
1
bx
0
bf
3
3
1
2
omvmv
vm
ci
6
3
ekd
lm
5
fv
4
8
bkk
vuc
3
ebw
nkz
fa
2
1
ea
vj
zg
lc
1
zn
nm
ly
2
fk
kl
9
kw
6
9
rc
09
fbv
xa
9
yk
ji
9
ff
wln
pc
4
cf
5
7
wq
ks
by
7
cb
iv
ts
2
7
2
3
nixg
zh
av
1
ej
bd
egy
zwrol
5
60
ry
ajd
ye
tb
4
9
ld
2
om
9
nw
uv
7
vid
gvq
2
tez
ha
2
dh
3
he
5
0
mo
3
rm
7
5
9
9
cn
zl
vj
9
1
xbb
5
4
9
zh
dv
2
8
xw
5
zmm
2
0
eb
6
mm
2
2
0
6
0
rh
77
hby
wx
qcgq
5
2
hy
ts
ww
5
vn
hoq
9
it
01
qjk
9
7
4
4
2
sjw
lhuonk
ft
4
vb
4
1
6
fx
0
9
4
htb
7
eas
1
5
3
5
87
2
cj
9
bn
9
5
sb
cw
9
nk
zu
be
ee
2
2
8
kh
3
5
9
pg
vc
va
1
4
te
5
dr
0
xy
9
uvt
ge
9
9
obf
6
dji
sb
77
0
9
3
alx
nq
5
bc
3
3
0
9
ky
aw
bg
qlp
fe
yv
1
59
vl
wh
qk
kvez
gv
qp
aq
9
5
xv
yl
pja
4
pss
vpp
6
1
vp
kmia
23
ni
de
8
pn
6
ly
6
2
fmzb
hj
zz
0
wv
nkx
ei
ml
ki
8
2
wd
hl
hw
na
eh
6
rkf
uo
yz
4
7
5
ws
1
by
9
spex
jd
aj
dt
1
fk
6
rxg
dr
wmd
or
lsy
zqg
yp
lh
9
ik
90
jjq
fx
6
zd
oa
6
dx
6
2
vdl
yj
bjvi
4
mn
4
ho
oa
ue
0
6
zh
bkw
7
7
8
jm
lk
fom
ojs
ngsmv
0
vjr
pud
4
ml
7
6
ky
lx
1
sd
1
jq
12
yv
yj
je
0
fu
1
8
nc
7
aj
ux
moe
8
np
up
8
dw
hq
5
9
ao
hn
kq
fh
ji
ia
6
zh
4
zh
mw
zv
yc
9
fw
ktx
3
eo
8
7
pe
rw
ni
ees
wj
svg
bc
2
xw
74
ywa
kt
fl
fk
zb
1
3
jom
9
pnh
96
34
7
ue
betn
cu
gxm
4
fd
2
mj
kv
6
hg
rw
yi
1
8
8
2
4
5
zx
6
ic
7
gt
tp
fp
fn
aq
7
4
3
8
vgd
fyk
0
la
qu
bp
yw
9
9
7
kn
zt
ii
kf
3
dis
4
en
mletk
cln
0
kr
uj
xc
jy
5
ng
2
5
fw
qn
wv
mimy
0
fco
kpcn
7
po
cy
zg
njg
bg
8
mv
lx
7
mm
iub
mx
nz
pj
4
zf
lu
8
nu
4
vk
2
we
9
1
td
qmh
7
cya
ne
4
6
6
sta
1
1
ue
wl
yy
ss
po
xu
8
7
2
0
0
5
dv
4
ny
7
0
iq
ji
km
5
yj
4
he
ej
2
lz
8
zv
7
nd
wj
9
3
iz
ezy
ve
2
3
08
di
8
ly
xm
qb
4
bw
2
ev
0
3
bf
wu
al
mw
9
9
3
vpp
4
oy
4
43
om
vg
3
ps
zo
19
od
4
wz
ng
jr
6
9
nk
3
we
1
ifmj
9
uc
ja
zyi
mz
3
wn
6
2
zq
1
tb
2
fgd
2
9
2
6
9
5
wc
gzm
hs
pk
5
1
or
fs
7
jp
6
ee
6
euuht
4
gx
xbe
yw
7
fx
4
qg
vv
5
qg
zer
1
ce
ufz
0
wcz
87
xf
2
4
en
4
4
dyy
rj
6
9
uo
2
zdz
gjf
2
7
4
nlv
1
mi
il
xl
nr
9
0
sm
us
9
6
ym
1
vg
qz
hx
jm
4
0
dg
5
kh
xr
54
si
3
9
sl
8
yo
wm
77
5
pcz
9
oo
kg
se
52
0
vv
hh
mau
jk
9
uj
6
13
ie
2
rx
rz
cb
rf
cu
mm
7
9
uo
8
3
dq
9
5
rz
2
0
jn
ox
9
1
5
lh
1
1
hu
7
2
5
8
4
bz
6
ii
0
7
9
aa
jy
aw
uhap
hg
1
yt
yt
hg
1
yt
2
6
ar
9
bz
rt
9
0
lg
fz
2
9
zj
0
4
kd
5
td
4
0
0
9
thcb
3
kq
2
fs
8
wc
6
6
6
pn
oq
6
ki
6
ce
78
kqu
jp
9
bk
nq
7
dn
8
2
8
7
ls
3
1
nnbk
cw
iqlb
2
7
pz
4
vhv
qu
87
akl
9
yr
1
pm
sy
2
2
mm
6
3
8
8
ze
yj
3
or
yo
6
ml
jc
6
gh
2
1
4
und
3
dy
gii
6
3
00
dz
nj
jl
6
2
po
hp
gyd
gp
fm
0
hw
8
fn
6
0
4
3
8
dn
0
9
hc
mp
2
bajf
9
wcr
2
bo
pg
xb
2
8
dr
1
49
nfwrn
80
eb
qh
9
8
pj
yc
5
vi
2
la
xh
4
ob
enj
is
ge
3
0
4
ig
4
4
tf
0
ib
fz
4
xg
cf
4
4
2
3
3
ay
3
1
zi
8
zqj
zu
se
87
sl
sc
2
0
2
0
6
09
cpwa
rcd
khv
7
3
qv
agpm
wos
kko
tu
ve
rp
8
th
3
tw
9
9
9
jy
rw
9
zdk
6
tk
lw
9
1
7
kk
7
ch
0
2
ffdzz
yi
9
0
7
aoq
awf
4
3
wd
wm
fbl
of
3
tg
lu
rr
91
qn
yr
8
zb
gw
pz
7
rc
9
8
6
if
0
0
tr
cb
wt
1
xt
8
db
1
2
jh
fq
6
jq
tg
su
5
ye
lb
3
7
2
lwt
qe
5
tby
sc
tp
9
qmut
xyb
0
9
0
jk
ic
1
4
2
7
4
xe
5
fx
ug
8
dmp
de
ec
0
5
2
5
37
8
om
dzi
1
ns
0
ei
2
2
ra
1
it
dm
0
8
4
7
9
2
fa
6
ik
5
7
jp
2
au
5
1
uh
jh
7
pq
vx
suk
vx
qysg
rq
pbb
wq
ul
yq
zqb
aqbb
bci
lci
lci
li
li
li
li
li
1
4
cv
ff
2
9
2
5
5
7
05
5
buu
7
9
sx
3
me
3
drg
jk
1
3
oy
soy
7
zzz
ys
4
7
wn
pj
rk
bl
ue
mfx
5
eu
3
gx
tg
8
45
ow
rca
5
su
lu
rb
5
2
ugu
3
5
7
cc
8
7
3
il
1
ysg
9
8
8
9
8
4
kn
6
6
ow
6
tf
4
4
wa
pe
opfx
dw
bx
2
bw
dx
wm
nfe
ug
4
6
se
4
mi
7
gu
6
gf
tlmn
lu
6
au
9
8
ot
9
ik
00
lo
9
tn
wv
5
kb
0
0
0
7
8
3
sp
8
dt
4
8
ip
cp
7
3
ap
vvp
fp
ox
7
ox
7
ka
ka
ka
ka
ox
7
ox
7
95
endstream
endobj
obj
filter
flate
decode
length
stream
mlwc
9
9
93
zp
eu
6
5
7
tu
xd
om
yq
ks
mf
0
1
di
2
ia
zg
gg
5
bx
avkq
cb
xg
56
yzp
6
7
ch
0
vb
jm
9
xls
2
9
xe
ed
2
ei
3
jg
9
8
wg
8
ec
3
4
yn
95
ts
8
1
2
0
bgqd
7
1
ie
ca
ggw
gao
9
13
md
1
5
vr
ge
5
8
4
0
xjcuv
kg
2
5
5
bk
bx
zcv
wiq
1
zr
5
kw
5
7
kj
0
0
7
jw
0
js
yw
7
2
1
xf
fla
38
eldh
1
xo
7
9
va
3
8
5
2
6
qm
hz
1
6
gc
4
oz
7
qs
2
1
3
fm
pf
6
ws
sr
kn
2
6
9
ll
9
uxpb
1
cx
3
lv
sf
9
7
6
bk
0
mw
1
9
pz
8
zq
lb
6
ms
1
0
zk
xt
9
kw
fn
ik
umy
ljai
2
2
5
bv
rj
xw
sm
nr
ke
mi
itr
8
ij
di
hws
9
ev
ku
4
uz
8
vw
xa
7
xf
ic
ge
4
lo
du
1
4
pz
0
ox
0
ok
bu
th
7
sfc
0
7
0
ge
8
ov
9
fd
2
6
ld
xop
xk
3
rh
qeld
2
ue
2
8
2
2
8
0
mf
2
sh
2
2
7
3
ff
skvic
ld
0
yi
dobu
cx
fm
yv
ifq
8
3
we
8
el
8
0
et
wi
ub
4
ho
2
6
vq
1
fs
xs
9
lzv
eg
dl
rb
4
69
5
rm
8
2
qj
wmk
vw
3
2
od
ms
oq
9
4
fd
vr
6
yo
zox
9
1
42
qh
iy
wli
ji
9
hbn
9
vc
7
7
nb
dh
6
gr
9
6
endstream
endobj
obj
contents
media
box
parent
resources
font
0
0
shading
pattern
object
color
space
ext
state
type
page
endobj
obj
filter
flate
decode
length
stream
9
1
3
dq
enri
3
6
2
kj
on
5
pi
8
5
zg
bt
zk
0
6
2
1
jf
6
2
uk
an
9
ff
9
1
ru
ex
0
uu
5
yiumt
lg
sk
3
pp
3
dd
vy
fb
inocbs
9
nf
iw
3
5
mq
kv
zu
5
tg
4
je
9
mi
fu
hk
df
gy
1
35
81
vk
2
bx
nei
jv
ymnlk
st
3
yg
ks
3
xw
12
tl
2
lr
uv
yya
9
5
fy
1
zs
96
8
zp
9
le
4
la
fo
asz
ga
0
sbxob
vo
yg
4
ez
ilz
7
rke
axy
5
4
9
0
4
ghyv
1
9
xy
ig
7
ou
bc
1
ic
lo
jg
8
ef
7
drba
3
zy
us
2
je
6
2
rjt
yu
ip
ag
ix
87
9
ac
8
1
nd
uy
mf
5
owb
0
vnv
pr
wk
gf
3
bw
3
mf
wd
9
xv
nl
9
vrj
6
qqs
xw
qpbx
3
ym
70
mf
ek
od
bs
0
xd
bra
mg
vr
4
tu
puw
vrddt
xt
ta
7
pti
fy
on
mfy
5
bdk
2
qn
nn
kn
cqkp
se
zpg
4
ah
bz
qz
qo
5
2
lla
4
hxk
5
zq
wr
tu
se
7
6
0
ey
0
ce
ws
1
nb
59
2
cm
3
fq
7
bz
wu
zp
gvmo
2
5
35
4
th
gk
8
drqnh
oh
fz
8
5
nl
dd
9
ejms
dq
md
4
eg
6
qs
8
ud
ga
dv
za
ov
fr
qr
6
6
pk
3
pn
ur
7
5
7
3
mvz
dv
xf
3
qoo
3
7
dch
54
jm
wui
5
0
vl
nv
6
gj
wpx
bo
0
0
4
4
1
oz
94
0
tz
xn
1
kl
xp
0
8
0
0
rb
3
5
fn
9
vy
32
1
3
8
hu
gc
jb
0
9
coz
6
vqv
es
8
fuw
9
0
fu
nz
7
lm
zy
qf
3
gb
ojff
8
dn
09
7
wf
jy
bx
6
kcd
4
9
pqrm
9
sa
4
cfk
nk
5
gl
vt
5
1
ky
6
sn
bu
2
hc
9
2
2
ho
yg
2
6
0
yh
0
fu
6
2
kl
8
ut
fq
5
0
xap
cj
9
5
3
wp
jn
fp
0
js
4
gp
2
5
9
0
op
1
de
zxj
fk
rd
8
2
ht
ht
5
2
2
9
qq
5
xx
9
9
drm
8
fi
wr
9
2
ja
1
4
3
4
1
4
cw
4
dn
endstream
endobj
obj
contents
media
box
parent
resources
font
0
0
shading
pattern
object
color
space
ext
state
type
page
endobj
obj
filter
flate
decode
length
stream
0
tlx
cu
it
4
oy
7
0
3
8
rb
1
jp
ema
me
2
xa
77
dauzz
ghx
8
0
by
kx
ef
5
7
0
xj
2
8
6
84
fa
fm
7
dp
1
av
ykb
zu
7
1
ou
lx
9
uq
llb
5
9
7
im
4
gq
ct
2
20
2
5
rf
rw
zl
xs
2
2
op
8
ez
uw
8
zwc
fc
7
8
hz
yx
fp
ll
tb
du
6
pf
hmi
tp
2
8
1
ge
ioe
jzp
2
gn
li
gr
6
cd
5
15
oz
nd
vc
pj
8
jem
0
at
6
jb
adtp
9
ko
2
fa
1
0
wl
4
8
gjw
nq
kf
2
7
01
od
2
8
dn
zix
2
4
dz
5
4
co
5
kxt
ym
3
1
qe
endstream
endobj
obj
contents
media
box
parent
resources
font
0
0
shading
pattern
object
color
space
ext
state
type
page
endobj
obj
ascent
set
cap
height
descent
flags
32
font
box
font
file
0
font
name
calibri
bold
italic
angle
0
stem
type
font
descriptor
endobj
obj
filter
flate
decode
length
stream
0
cb
1
5
9
7
nrpwt
5
yb
rd
3
0
xf
2
1
ko
5
1
vo
7
7
puy
4
tu
wt
9
ml
1
endstream
endobj
obj
base
font
calibri
bold
system
info
registry
adobe
ordering
identity
supplement
0
to
map
identity
font
descriptor
subtype
font
type
2
type
font
endobj
obj
filter
flate
decode
length
12
stream
endstream
endobj
obj
ascent
set
cap
height
descent
flags
32
font
box
font
file
0
font
name
calibri
italic
angle
0
stem
80
type
font
descriptor
endobj
obj
filter
flate
decode
length
stream
0
www
cs
3
6
6
5
jc
2
36
rf
sr
7
rv
dj
9
yk
db
xk
vk
ne
cf
lqkv
8
kq
1
8
endstream
endobj
obj
base
font
calibri
system
info
registry
adobe
ordering
identity
supplement
0
to
map
identity
font
descriptor
subtype
font
type
2
type
font
endobj
obj
filter
flate
decode
length
13
stream
endstream
endobj
obj
pages
type
catalog
endobj
obj
author
creation
date
00
creator
keywords
mod
date
00
producer
foxit
phantom
printer
version
subject
title
endobj
xref
trailer
root
info
size
27
startxref
