doctype
html
leadership
university
of
notre
dame
link
rel
preconnect
href
https://static.nd.edu/
link
rel
preconnect
href
https://wwwnd.nd.edu/
link
rel
preconnect
href
https://www.googletagmanager.com/
link
rel
preload
href
assets
fonts
gpc
bold
woff
2
as
font
type
font
woff
2
crossorigin
link
rel
preload
href
assets
fonts
libre
franklin
2
latin
regular
woff
2
as
font
type
font
woff
2
crossorigin
link
rel
manifest
href
manifest
json
link
rel
shortcut
icon
href
favicon
ico
link
rel
icon
type
image
png
href
https://static.nd.edu/images/monogram/gold/monogram-32.png
sizes
link
rel
icon
type
image
png
href
https://static.nd.edu/images/monogram/gold/monogram-96.png
sizes
link
rel
apple
touch
icon
sizes
href
https://static.nd.edu/images/webclips/default/webclip-180.png
link
rel
apple
touch
icon
sizes
href
https://static.nd.edu/images/webclips/default/webclip-512.png
link
rel
mask
icon
href
https://static.nd.edu/images/monogram/monogram.svg
color
meta
property
og
url
content
https://www.nd.edu/
meta
property
og
image
content
https://static.nd.edu/images/webclips/default/webclip-1024.png
href
aria
label
home
home
href
academics
academics
href
admissions
admissions
href
research
research
href
global
global
href
faith
and
service
faith
amp
service
href
campus
life
campus
life
href
about
about
href
visit
visit
form
method
get
action
https://search.nd.edu/results/
id
search
navbar
class
search
form
role
search
aria
label
site
search
navbar
script
async
src
assets
js
site
js
iframe
src
https://www.googletagmanager.com/ns.html
id
4
height
0
width
0
style
display
none
visibility
hidden
