html
meta
charset
8
script
async
async
src
https://www.googletagmanager.com/gtag/js
id
1
window
data
layer
window
data
layer
function
gtag
data
layer
push
arguments
gtag
js
new
date
gtag
config
1
gtag
config
7
2
54
combo
meta
content
edge
http
equiv
compatible
meta
content
width
device
width
initial
scale
name
viewport
meta
content
origin
when
cross
origin
name
referrer
faculty
accolades
northwestern
university
link
href
https://www.northwestern.edu/faculty-accolades/
rel
canonical
meta
content
https://www.northwestern.edu/faculty-accolades/
property
og
url
meta
content
faculty
accolades
northwestern
university
property
og
title
meta
content
common
northwestern
edu
8
images
northwestern
thumbnail
jpg
property
og
image
meta
content
7
fbca
59
name
page
link
href
https://common.northwestern.edu/dept/3.0/styles.css
media
screen
rel
stylesheet
type
text
css
link
href
https://common.northwestern.edu/dept/3.0/print.css
media
print
rel
stylesheet
type
text
css
link
href
common
northwestern
edu
favicon
ico
rel
shortcut
icon
type
image
icon
link
href
common
northwestern
edu
8
icons
favicon
16
png
rel
icon
sizes
type
image
png
link
href
common
northwestern
edu
8
icons
favicon
32
png
rel
icon
sizes
type
image
png
link
href
common
northwestern
edu
8
icons
favicon
png
rel
apple
touch
icon
sizes
meta
content
northwestern
name
application
name
meta
content
84
name
msapplication
tile
color
meta
content
common
northwestern
edu
8
icons
mstile
png
name
msapplication
tile
image
meta
content
ffffff
name
theme
color
meta
content
common
northwestern
edu
8
icons
ieconfig
xml
name
msapplication
config
link
href
css
faculty
accolades
css
media
screen
rel
stylesheet
type
text
css
document
get
elements
by
tag
name
body
0
set
attribute
class
full
width
page
skip
to
main
content
href
https://www.northwestern.edu/
title
northwestern
university
home
northwestern
university
faculty
accolades
form
action
faculty
accolades
search
html
method
get
role
search
search
input
id
desktop
name
placeholder
search
type
text
search
input
checked
checked
id
search
site
name
search
option
desktop
type
radio
value
search
site
search
this
site
input
id
search
news
name
search
option
desktop
type
radio
value
search
news
search
accolades
news
menu
academy
memberships
href
academies
index
html
academy
memberships
overview
href
academies
national
academy
of
sciences
html
national
academy
of
sciences
href
academies
national
academy
of
medicine
html
national
academy
of
medicine
href
academies
national
academy
of
engineering
html
national
academy
of
engineering
href
academies
american
academy
of
arts
and
sciences
html
american
academy
of
arts
and
sciences
href
academies
national
academy
of
education
html
national
academy
of
education
awards
and
medals
href
awards
and
medals
index
html
awards
and
medals
overview
href
awards
and
medals
american
philosophical
society
html
american
philosophical
society
href
awards
and
medals
benjamin
franklin
medal
html
benjamin
franklin
medal
href
awards
and
medals
breakthrough
prizes
html
breakthrough
prizes
href
awards
and
medals
carnegie
fellowship
html
carnegie
fellowship
href
awards
and
medals
guggenheim
fellowship
html
guggenheim
fellowship
href
awards
and
medals
macarthur
fellowship
html
mac
arthur
fellowship
href
awards
and
medals
national
medal
of
science
html
national
medal
of
science
href
awards
and
medals
national
medal
of
technology
and
innovation
html
national
medal
of
technology
and
innovation
href
awards
and
medals
national
science
foundation
early
career
award
html
early
career
award
href
awards
and
medals
nobel
prize
html
nobel
prize
href
awards
and
medals
pecase
html
presidential
early
career
award
for
scientists
and
engineers
href
awards
and
medals
pulitzer
prize
html
pulitzer
prize
href
awards
and
medals
sloan
research
fellowships
html
sloan
research
fellowships
href
awards
and
medals
yidan
prize
html
yidan
prize
href
northwestern
honors
index
html
northwestern
honors
news
href
news
index
html
news
overview
href
news
faculty
recognition
dinner
html
faculty
recognition
dinner
search
form
action
faculty
accolades
search
html
method
get
role
search
search
input
id
mobile
name
placeholder
search
type
text
search
input
checked
checked
id
search
site
mobile
name
search
option
mobile
type
radio
value
search
site
search
this
site
input
id
search
news
mobile
name
search
option
mobile
type
radio
value
search
news
search
accolades
news
href
academies
index
html
academy
memberships
href
academies
index
html
academy
memberships
overview
href
academies
national
academy
of
sciences
html
national
academy
of
sciences
href
academies
national
academy
of
medicine
html
national
academy
of
medicine
href
academies
national
academy
of
engineering
html
national
academy
of
engineering
href
academies
american
academy
of
arts
and
sciences
html
american
academy
of
arts
and
sciences
href
academies
national
academy
of
education
html
national
academy
of
education
href
awards
and
medals
index
html
awards
and
medals
href
awards
and
medals
index
html
awards
and
medals
overview
href
awards
and
medals
american
philosophical
society
html
american
philosophical
society
href
awards
and
medals
benjamin
franklin
medal
html
benjamin
franklin
medal
href
awards
and
medals
breakthrough
prizes
html
breakthrough
prizes
href
awards
and
medals
carnegie
fellowship
html
carnegie
fellowship
href
awards
and
medals
guggenheim
fellowship
html
guggenheim
fellowship
href
awards
and
medals
macarthur
fellowship
html
mac
arthur
fellowship
href
awards
and
medals
national
medal
of
science
html
national
medal
of
science
href
awards
and
medals
national
medal
of
technology
and
innovation
html
national
medal
of
technology
and
innovation
href
awards
and
medals
national
science
foundation
early
career
award
html
early
career
award
href
awards
and
medals
nobel
prize
html
nobel
prize
href
awards
and
medals
pecase
html
presidential
early
career
award
for
scientists
and
engineers
href
awards
and
medals
pulitzer
prize
html
pulitzer
prize
href
awards
and
medals
sloan
research
fellowships
html
sloan
research
fellowships
href
awards
and
medals
yidan
prize
html
yidan
prize
href
northwestern
honors
index
html
northwestern
honors
href
news
index
html
news
href
news
index
html
news
overview
href
news
faculty
recognition
dinner
html
faculty
recognition
dinner
div
class
hero
image
style
background
url
images
arch
jpg
no
repeat
center
cover
faculty
accolades
guggenheim
fellows
six
northwestern
faculty
are
part
of
diverse
group
of
culture
creators
working
across
52
disciplines
aria
label
read
more
class
button
href
https://news.northwestern.edu/stories/2024/04/six-northwestern-faculty-named-2024-guggenheim-fellows/
read
more
northwestern
faculty
have
long
been
recognized
by
the
worlds
most
prestigious
organizations
and
institutions
celebrated
for
their
research
and
scholarly
work
across
wide
range
of
disciplines
our
faculty
are
making
exceptional
contributions
to
society
and
the
world
of
academia
diverse
awards
span
work
in
the
humanities
social
sciences
and
fields
academy
memberships
global
recognized
by
award
granting
organizations
around
the
world
explore
faculty
honors
img
alt
nobel
prize
src
images
nobel
jpg
awards
and
medals
see
the
recipients
of
noteworthy
fellowships
medals
and
awards
href
awards
and
medals
index
html
see
all
awards
and
medals
href
awards
and
medals
american
philosophical
society
html
american
philosophical
society
href
awards
and
medals
benjamin
franklin
medal
html
benjamin
franklin
medal
href
awards
and
medals
macarthur
fellowship
html
mac
arthur
fellowship
href
awards
and
medals
national
medal
of
science
html
national
medal
of
science
href
awards
and
medals
nobel
prize
html
nobel
prize
href
awards
and
medals
pulitzer
prize
html
pulitzer
prize
href
awards
and
medals
yidan
prize
html
yidan
prize
academy
memberships
membership
in
the
following
academies
is
one
of
the
highest
honors
faculty
member
can
receive
review
northwestern
members
href
academies
national
academy
of
sciences
html
national
academy
of
sciences
href
academies
national
academy
of
medicine
html
national
academy
of
medicine
href
academies
national
academy
of
engineering
html
national
academy
of
engineering
href
academies
american
academy
of
arts
and
sciences
html
american
academy
of
arts
and
sciences
href
academies
national
academy
of
education
html
national
academy
of
education
img
alt
american
academy
of
arts
and
sciences
photo
src
images
aaas
jpg
img
alt
white
house
height
src
images
pecase
jpg
width
explore
awards
recognizing
the
accomplishments
of
faculty
members
who
are
early
in
their
careers
href
awards
and
medals
breakthrough
prizes
html
breakthrough
prizes
href
awards
and
medals
carnegie
fellowship
html
carnegie
fellowship
href
awards
and
medals
guggenheim
fellowship
html
guggenheim
fellowship
href
awards
and
medals
national
science
foundation
early
career
award
html
national
science
foundation
early
career
award
href
awards
and
medals
pecase
html
presidential
early
career
award
for
scientists
and
engineers
href
awards
and
medals
sloan
research
fellowships
html
sloan
research
fellowship
img
alt
campus
beauty
shot
height
src
images
ivy
jpg
width
northwestern
recognizes
faculty
for
their
scholarly
and
creative
work
as
well
as
their
work
in
the
classroom
and
more
broadly
on
our
campus
the
office
of
the
provost
administers
number
of
awards
to
recognize
and
celebrate
the
achievements
of
our
faculty
members
in
research
teaching
and
service
href
northwestern
honors
index
html
learn
more
about
these
honors
href
https://www.northwestern.edu/
title
northwestern
university
home
northwestern
university
home
address
clark
street
br
evanston
phone
number
evanston
br
chicago
br
email
address
news
northwestern
edu
northwestern
resources
href
https://www.northwestern.edu/fm/campus/building-access/
building
access
href
https://www.northwestern.edu/emergency/
campus
emergency
information
href
https://www.northwestern.edu/hr/careers/
careers
href
https://www.northwestern.edu/contact.html
contact
northwestern
university
href
https://www.northwestern.edu/privacy/
privacy
statement
href
https://www.northwestern.edu/accessibility/about/report-accessibility-issue.html
report
an
accessibility
issue
href
https://policies.northwestern.edu/
university
policies
document
write
new
date
get
full
year
northwestern
university
href
https://www.facebook.com/NorthwesternU
facebook
href
https://www.twitter.com/northwesternu
twitter
href
https://www.instagram.com/northwesternu
instagram
href
https://www.youtube.com/user/NorthwesternU
you
tube
href
https://www.tiktok.com/
northwestern
tik
tok
href
https://www.linkedin.com/school/northwestern-university/
linked
in
href
https://www.northwestern.edu/disclaimer.html
disclaimer
script
src
https://ajax.googleapis.com/ajax/libs/jquery/3.4.1/jquery.min.js
script
src
https://common.northwestern.edu/dept/3.0/js/scripts.js
script
src
https://common.northwestern.edu/dept/3.0/js/accordion-tabs.js
script
src
js
search
js
