html
meta
charset
8
script
async
async
src
https://www.googletagmanager.com/gtag/js
id
1
window
data
layer
window
data
layer
function
gtag
data
layer
push
arguments
gtag
js
new
date
gtag
config
1
gtag
config
7
2
54
combo
meta
content
edge
http
equiv
compatible
meta
content
width
device
width
initial
scale
name
viewport
meta
content
origin
when
cross
origin
name
referrer
wildcard
northwestern
university
link
href
https://www.northwestern.edu/wildcard/
rel
canonical
meta
content
https://www.northwestern.edu/wildcard/
property
og
url
meta
content
wildcard
northwestern
university
property
og
title
meta
content
common
northwestern
edu
8
images
northwestern
thumbnail
jpg
property
og
image
meta
content
bc
28
aca
4
name
page
link
href
https://common.northwestern.edu/dept/3.0/styles.css
media
screen
rel
stylesheet
type
text
css
link
href
https://common.northwestern.edu/dept/3.0/print.css
media
print
rel
stylesheet
type
text
css
link
href
common
northwestern
edu
favicon
ico
rel
shortcut
icon
type
image
icon
link
href
common
northwestern
edu
8
icons
favicon
16
png
rel
icon
sizes
type
image
png
link
href
common
northwestern
edu
8
icons
favicon
32
png
rel
icon
sizes
type
image
png
link
href
common
northwestern
edu
8
icons
favicon
png
rel
apple
touch
icon
sizes
meta
content
northwestern
name
application
name
meta
content
84
name
msapplication
tile
color
meta
content
common
northwestern
edu
8
icons
mstile
png
name
msapplication
tile
image
meta
content
ffffff
name
theme
color
meta
content
common
northwestern
edu
8
icons
ieconfig
xml
name
msapplication
config
document
get
elements
by
tag
name
body
0
set
attribute
class
full
width
page
script
type
text
javascript
document
get
elements
by
tag
name
header
0
set
attribute
id
parent
skip
to
main
content
href
https://www.northwestern.edu/
title
northwestern
university
home
northwestern
university
href
https://www.northwestern.edu/fm/
href
https://www.northwestern.edu/procurement/purchasing/wildcard-advantage-program/
target
blank
wildcard
advantage
discounts
wildcard
form
action
https://search.northwestern.edu/
method
get
role
search
search
this
site
input
id
desktop
name
placeholder
search
this
site
type
text
input
name
as
sitesearch
type
hidden
value
https://www.northwestern.edu/wildcard
input
name
sitetitle
type
hidden
value
wildcard
search
menu
about
href
about
index
html
about
overview
href
about
card
types
html
card
types
href
about
wildcard
anatomy
html
card
anatomy
href
about
card
care
html
card
care
href
about
policies
html
policies
get
wildcard
href
get
card
index
html
get
wildcard
overview
href
get
card
information
for
new
students
html
information
for
new
students
href
get
card
photo
submission
html
photo
submission
href
get
card
custom
badges
html
custom
wildcard
badge
orders
href
get
card
replacing
your
card
html
requesting
replacing
your
card
href
get
card
download
your
wildcard
photo
html
download
your
wildcard
photo
wildcard
services
href
services
index
html
wildcard
services
overview
href
https://www.northwestern.edu/procurement/purchasing/wildcard-advantage-program/
wildcard
advantage
program
href
https://www.northwestern.edu/fm/services/operation-and-maintenance-services/locks-and-security.html
wildcard
building
access
href
https://www.dineoncampus.com/northwestern
wildcard
food
services
cat
cash
href
https://www.northwestern.edu/transportation-parking/evanston-parking/faqs.html
wildcard
parking
href
https://nurecreation.com/sports/2015/8/12/membership.aspx
path
membership
wildcard
recreation
facilities
href
https://nusports.com/
wildcard
sporting
events
href
https://www.northwestern.edu/transportation-parking/shuttles/routes/policies/usage-guidelines.html
wildcard
university
shuttle
href
contact
index
html
office
locations
amp
hours
href
frequent
questions
index
html
frequent
questions
href
https://www.northwestern.edu/procurement/purchasing/wildcard-advantage-program/
target
blank
wildcard
advantage
discounts
search
form
action
https://search.northwestern.edu/
method
get
role
search
search
this
site
input
id
mobile
name
placeholder
search
this
site
type
text
input
name
as
sitesearch
type
hidden
value
https://www.northwestern.edu/wildcard
input
name
sitetitle
type
hidden
value
wildcard
search
href
about
index
html
about
href
about
index
html
about
overview
href
about
card
types
html
card
types
href
about
wildcard
anatomy
html
card
anatomy
href
about
card
care
html
card
care
href
about
policies
html
policies
href
get
card
index
html
get
wildcard
href
get
card
index
html
get
wildcard
overview
href
get
card
information
for
new
students
html
information
for
new
students
href
get
card
photo
submission
html
photo
submission
href
get
card
custom
badges
html
custom
wildcard
badge
orders
href
get
card
replacing
your
card
html
requesting
replacing
your
card
href
get
card
download
your
wildcard
photo
html
download
your
wildcard
photo
href
services
index
html
wildcard
services
href
services
index
html
wildcard
services
overview
href
https://www.northwestern.edu/procurement/purchasing/wildcard-advantage-program/
wildcard
advantage
program
href
https://www.northwestern.edu/fm/services/operation-and-maintenance-services/locks-and-security.html
wildcard
building
access
href
https://www.dineoncampus.com/northwestern
wildcard
food
services
cat
cash
href
https://www.northwestern.edu/transportation-parking/evanston-parking/faqs.html
wildcard
parking
href
https://nurecreation.com/sports/2015/8/12/membership.aspx
path
membership
wildcard
recreation
facilities
href
https://nusports.com/
wildcard
sporting
events
href
https://www.northwestern.edu/transportation-parking/shuttles/routes/policies/usage-guidelines.html
wildcard
university
shuttle
href
contact
index
html
office
locations
amp
hours
href
frequent
questions
index
html
frequent
questions
div
class
hero
image
style
background
url
images
hero
jpg
no
repeat
center
cover
northwestern
official
services
and
discounts
for
wildcard
holders
operational
information
for
the
wildcard
office
appointments
are
recommended
for
card
visits
please
follow
the
steps
outlined
and
submit
your
appointment
request
below
to
the
wildcard
office
you
plan
to
visit
hours
of
operation
for
evanston
and
chicago
monday
friday
9
3
please
note
that
the
chicago
office
is
closed
from
1
to
for
lunch
the
evanston
office
remains
open
during
those
hours
the
wildcard
office
in
evanston
will
be
closed
for
the
day
on
monday
the
26
th
of
august
to
accommodate
facilities
operations
on
the
evanston
campus
we
apologize
for
the
inconvenience
the
office
will
re
open
on
tuesday
the
27
th
of
august
at
9
the
chicago
wild
card
office
will
remain
open
for
normal
hours
during
this
time
br
need
an
access
card
for
href
https://www.northwestern.edu/wildcard/get-a-card/index.html
parttime
part
time
temporary
employee
or
href
https://www.northwestern.edu/wildcard/get-a-card/index.html
contractor
contractor
please
click
on
the
respective
link
for
more
information
and
the
process
for
submission
step
1
step
2
upload
and
submit
your
photo
for
your
wildcard
person
photos
are
not
offered
book
an
appointment
to
pick
up
your
wildcard
please
be
sure
to
book
your
appointment
for
the
appropriate
office
to
save
yourself
time
while
an
appointment
is
not
required
we
do
highly
recommend
having
one
to
speed
the
process
of
providing
you
with
wild
card
br
br
class
button
href
https://www.northwestern.edu/wildcard/get-a-card/photo-submission.html
title
class
button
href
https://outlook.office365.com/owa/calendar/IDCardAppointmentRequest
nuwildcat
onmicrosoft
com
bookings
title
class
button
href
https://outlook.office365.com/owa/calendar/ChicagoWildcardIDCardAppointmentRequests
nuwildcat
onmicrosoft
com
bookings
title
the
wildcard
office
does
not
activate
facilitate
building
access
or
other
permissions
your
wildcard
your
wildcard
can
be
used
to
access
university
buildings
and
shuttles
purchase
food
through
the
university
meal
plan
and
much
more
img
alt
students
playing
pool
at
norris
height
src
images
get
started
jpg
width
get
started
most
students
faculty
and
staff
members
are
eligible
for
wildcard
learn
how
to
get
yours
class
button
href
get
card
index
html
get
wildcard
img
alt
student
eating
in
dining
hall
height
src
images
about
your
card
jpg
width
know
when
to
use
it
wildcards
and
northwestern
issued
cards
have
varying
privileges
on
and
around
campus
class
button
href
about
index
html
about
your
card
img
alt
students
in
line
for
free
custard
sample
from
andy
frozen
custard
height
src
images
start
saving
jpg
width
start
saving
use
your
wildcard
to
save
with
free
delivery
free
items
or
discounts
on
products
and
services
class
button
href
services
index
html
view
discounts
img
alt
wildcard
home
page
src
images
wildcard
home
jpg
learn
more
href
about
card
types
html
types
of
wildcards
br
href
contact
index
html
redesign
contact
image
requests
br
href
frequent
questions
index
html
qs
locations
amp
hours
location
information
for
wildcard
evanston
campus
chicago
campus
norris
university
center
href
https://maps.northwestern.edu/facility/109
see
map
br
campus
drive
br
underground
level
br
br
phone
br
email
evanstonwildcard
northwestern
edu
br
office
hours
monday
friday
3
br
hours
subject
to
change
br
superior
15
th
floor
href
https://maps.northwestern.edu/facility/758
see
map
br
br
phone
br
email
chicagowildcard
northwestern
edu
br
office
hours
monday
friday
3
br
hours
subject
to
change
href
https://www.northwestern.edu/
title
northwestern
university
home
northwestern
university
home
wildcard
office
norris
university
center
address
campus
dr
br
evanston
phone
number
evanston
br
chicago
br
email
address
wildcard
northwestern
edu
northwestern
resources
href
https://www.northwestern.edu/fm/campus/building-access/
building
access
href
https://www.northwestern.edu/emergency/
campus
emergency
information
href
https://www.northwestern.edu/hr/careers/
careers
href
https://www.northwestern.edu/contact.html
contact
northwestern
university
href
https://www.northwestern.edu/privacy/
privacy
statement
href
https://www.northwestern.edu/accessibility/about/report-accessibility-issue.html
report
an
accessibility
issue
href
https://policies.northwestern.edu/
university
policies
document
write
new
date
get
full
year
northwestern
university
href
https://www.facebook.com/NorthwesternU
facebook
href
https://www.twitter.com/northwesternu
twitter
href
https://www.instagram.com/northwesternu
instagram
href
https://www.youtube.com/user/NorthwesternU
you
tube
href
https://www.tiktok.com/
northwestern
tik
tok
href
https://www.linkedin.com/school/northwestern-university/
linked
in
href
https://www.northwestern.edu/disclaimer.html
disclaimer
script
src
https://ajax.googleapis.com/ajax/libs/jquery/3.7.1/jquery.min.js
script
src
https://common.northwestern.edu/dept/3.0/js/scripts.js
script
src
https://common.northwestern.edu/dept/3.0/js/accordion-tabs.js
