html
meta
charset
8
script
async
async
src
https://www.googletagmanager.com/gtag/js
id
98
2
window
data
layer
window
data
layer
function
gtag
data
layer
push
arguments
gtag
js
new
date
gtag
config
98
2
gtag
config
7
2
54
combo
meta
content
edge
http
equiv
compatible
meta
content
width
device
width
initial
scale
name
viewport
meta
content
common
northwestern
edu
8
images
northwestern
thumbnail
jpg
property
og
image
self
care
uhelp
northwestern
university
link
href
https://www.northwestern.edu/nuhelp/self-care/
rel
canonical
meta
content
https://www.northwestern.edu/nuhelp/self-care/
property
og
url
meta
content
self
care
uhelp
northwestern
university
property
og
title
meta
content
common
northwestern
edu
8
images
northwestern
thumbnail
jpg
property
og
image
meta
content
71
cc
0
name
page
link
href
https://www.northwestern.edu/studentaffairs/global-assets/public/v2/css/styles.css
media
screen
rel
stylesheet
type
text
css
link
href
https://www.northwestern.edu/studentaffairs/global-assets/public/v2/css/swiper.css
media
screen
rel
stylesheet
type
text
css
link
href
https://www.northwestern.edu/studentaffairs/global-assets/public/v2/css/print.css
media
print
rel
stylesheet
type
text
css
script
type
text
javascript
document
get
elements
by
tag
name
header
0
set
attribute
id
parent
skip
to
main
content
href
https://www.northwestern.edu/
title
northwestern
university
home
northwestern
university
href
https://www.northwestern.edu/studentaffairs/
href
https://www.northwestern.edu/studentaffairs/news-events/pawprint.html
paw
print
href
https://www.northwestern.edu/studentaffairs/departments/index.html
student
affairs
departments
help
href
https://www.northwestern.edu/nuhelp/index.html
uhelp
home
page
href
https://www.northwestern.edu/nuhelp/get-help-now
get
help
now
href
https://www.northwestern.edu/nuhelp/one-on-one-support
support
href
https://www.northwestern.edu/nuhelp/self-care
self
care
href
https://www.northwestern.edu/nuhelp/safety-and-security
safety
href
index
html
uhelp
form
action
https://search.northwestern.edu/
method
get
role
search
search
this
site
input
id
desktop
name
placeholder
search
this
site
type
text
input
name
as
sitesearch
type
hidden
value
https://www.northwestern.edu/nuhelp
input
name
sitetitle
type
hidden
value
uhelp
search
menu
href
get
help
now
index
html
get
help
now
expand
get
help
now
submenu
href
get
help
now
index
html
get
help
now
overview
href
https://www.northwestern.edu/studentaffairs/dos/departments/dean-on-call.html
administrator
on
call
href
https://www.northwestern.edu/counseling/clinical-services/how-to-access-our-services.html
counseling
amp
psychological
services
href
https://www.northwestern.edu/timelycare
timely
care
href
https://www.northwestern.edu/studentaffairs/sass/
student
assistance
amp
support
services
href
one
on
one
support
index
html
support
expand
support
submenu
href
one
on
one
support
index
html
support
overview
href
https://www.northwestern.edu/care/
center
for
awareness
response
amp
education
href
https://northwestern.edu/counseling/
counseling
amp
psychological
services
href
https://www.northwestern.edu/religious-life/need-to-talk/
religious
amp
spiritual
life
href
https://www.northwestern.edu/healthservice-evanston/
student
health
service
href
https://www.northwestern.edu/timelycare
timely
care
self
care
collapse
self
care
submenu
self
care
overview
href
https://www.northwestern.edu/wellness
wellness
at
northwestern
href
https://www.risescience.com/partner/northwestern
rise
sleep
app
href
timelycare
index
html
timely
care
expand
timely
care
submenu
href
timelycare
index
html
timely
care
overview
href
timelycare
how
to
access
timelycare
html
how
to
access
timely
care
href
timelycare
frequently
asked
questions
html
frequently
asked
questions
href
safety
and
security
index
html
safety
expand
safety
submenu
href
safety
and
security
index
html
safety
overview
href
safety
and
security
nuguardian
mobile
safety
app
html
guardian
href
safety
and
security
safe
ride
index
html
safe
ride
expand
safe
ride
submenu
href
safety
and
security
safe
ride
index
html
safe
ride
overview
href
safety
and
security
safe
ride
safe
ride
faqs
html
safe
ride
qs
amp
policies
href
https://northwestern.edu/nuhelp/safety-and-security/department-of-safety-security.html
dept
of
safety
amp
security
href
share
concern
index
html
share
concern
expand
share
concern
submenu
href
share
concern
index
html
share
concern
overview
href
https://www.northwestern.edu/studentaffairs/dos/departments/dean-on-call.html
administrator
on
call
href
https://www.northwestern.edu/hazing-prevention/
hazing
prevention
href
https://www.northwestern.edu/civil-rights-office/
office
of
civil
rights
amp
title
compliance
search
form
action
https://search.northwestern.edu/
method
get
role
search
search
this
site
input
id
mobile
name
placeholder
search
this
site
type
text
input
name
as
sitesearch
type
hidden
value
https://www.northwestern.edu/nuhelp
input
name
sitetitle
type
hidden
value
uhelp
search
href
get
help
now
index
html
get
help
now
href
get
help
now
index
html
get
help
now
overview
href
https://www.northwestern.edu/studentaffairs/dos/departments/dean-on-call.html
administrator
on
call
href
https://www.northwestern.edu/counseling/clinical-services/how-to-access-our-services.html
counseling
amp
psychological
services
href
https://www.northwestern.edu/timelycare
timely
care
href
https://www.northwestern.edu/studentaffairs/sass/
student
assistance
amp
support
services
href
one
on
one
support
index
html
support
href
one
on
one
support
index
html
support
overview
href
https://www.northwestern.edu/care/
center
for
awareness
response
amp
education
href
https://northwestern.edu/counseling/
counseling
amp
psychological
services
href
https://www.northwestern.edu/religious-life/need-to-talk/
religious
amp
spiritual
life
href
https://www.northwestern.edu/healthservice-evanston/
student
health
service
href
https://www.northwestern.edu/timelycare
timely
care
self
care
self
care
overview
href
https://www.northwestern.edu/wellness
wellness
at
northwestern
href
https://www.risescience.com/partner/northwestern
rise
sleep
app
href
timelycare
index
html
timely
care
href
safety
and
security
index
html
safety
href
safety
and
security
index
html
safety
overview
href
safety
and
security
nuguardian
mobile
safety
app
html
guardian
href
safety
and
security
safe
ride
index
html
safe
ride
href
https://northwestern.edu/nuhelp/safety-and-security/department-of-safety-security.html
dept
of
safety
amp
security
href
share
concern
index
html
share
concern
href
share
concern
index
html
share
concern
overview
href
https://www.northwestern.edu/studentaffairs/dos/departments/dean-on-call.html
administrator
on
call
href
https://www.northwestern.edu/hazing-prevention/
hazing
prevention
href
https://www.northwestern.edu/civil-rights-office/
office
of
civil
rights
amp
title
compliance
div
class
hero
image
style
background
url
images
header
3
png
no
repeat
center
cover
self
care
like
to
explore
wellness
on
my
own
self
care
href
https://www.northwestern.edu/wellness
wellness
at
northwestern
href
https://www.risescience.com/partner/northwestern
rise
sleep
app
href
timelycare
index
html
timely
care
href
index
html
home
self
care
self
care
isn
one
time
event
it
lifelong
journey
and
northwestern
has
plenty
of
resources
for
those
looking
to
explore
wellness
on
their
own
wellness
resources
and
tools
are
available
on
campus
through
the
web
and
even
on
your
phone
div
class
background
select
image
style
background
url
https://common.northwestern.edu/v8/css/images/purple-slashes-standard.jpg
no
repeat
center
cover
wellness
at
northwestern
hub
for
students
to
more
easily
navigate
all
eight
dimensions
of
their
well
being
and
connect
with
support
services
and
resources
in
variety
of
ways
aria
label
visit
the
wellness
at
northwestern
website
class
button
href
https://www.northwestern.edu/wellness/index.html
visit
wellness
at
northwestern
img
alt
rise
promo
src
images
rise
png
sleep
app
makes
it
easy
to
track
and
improve
your
sleep
and
daily
energy
to
reach
your
potential
aria
label
click
to
download
the
rise
sleep
app
class
button
href
https://www.risescience.com/partner/northwestern
download
img
alt
person
holding
phone
src
images
tc
resize
1
png
timely
care
access
digital
library
of
self
help
guides
through
timely
care
free
virtual
mental
health
app
for
students
aria
label
download
timely
care
class
button
href
timelycare
index
html
download
timely
care
wellness
href
https://www.northwestern.edu/counseling/self-help-resources/index.html
self
help
resources
href
https://www.northwestern.edu/wellness/hpaw/index.html
health
promotion
amp
wellness
href
https://nurecreation.com/sports/2015/8/12/massageservices.aspx
id
84
massage
therapy
href
https://www.northwestern.edu/religious-life/explore-our-programs/mindfulness/index.html
mindfulness
href
https://www.northwestern.edu/breathe/index.html
stress
management
href
https://www.northwestern.edu/aodresources/index.html
substance
use
href
https://northwestern.campuslabs.com/engage/organizations
categories
wellness
registered
student
organizations
href
https://nurecreation.com/sports/2018/8/3/lighttherapy.aspx
white
light
therapy
fitness
href
https://nurecreation.com/sports/2015/8/12/studentmembership.aspx
recreation
href
https://nurecreation.com/sports/2015/8/12/groupexerciseclasses.aspx
group
exercise
href
https://www.youtube.com/nufitrec
on
demand
group
exercise
href
https://nurecreation.com/sports/2015/8/12/aquatics.aspx
aquatics
href
https://nurecreation.com/sports/2015/8/12/privateyogaandpilatestraining.aspx
href
https://nurecreation.com/sports/2020/9/23/intramural-sports
intramural
sports
href
https://nurecreation.com/sports/2015/8/12/sportclubsandintramurals.aspx
club
sports
href
https://www.northwestern.edu/
img
alt
northwestern
university
logo
src
https://common.northwestern.edu/v8/css/images/northwestern-university.svg
document
write
new
date
get
full
year
northwestern
university
href
https://www.northwestern.edu/fm/campus/building-access/index.html
building
access
href
https://www.northwestern.edu/emergency/index.html
campus
emergency
information
href
https://hr.northwestern.edu/careers/
careers
href
https://www.northwestern.edu/contact.html
contact
northwestern
university
href
https://www.northwestern.edu/disclaimer.html
disclaimer
href
https://www.northwestern.edu/accessibility/about/report-an-accessibility-issue.html
report
an
accessibility
issue
href
https://policies.northwestern.edu/
university
policies
address
help
dean
of
students
office
scott
hall
university
pl
lower
level
evanston
phone
number
social
media
class
social
instagram
href
https://www.instagram.com/studentaffnu/
instagram
class
social
twitter
href
https://twitter.com/studentaffnu
twitter
class
social
facebook
href
https://www.facebook.com/StudentAffNU/
facebook
br
href
https://www.northwestern.edu/norris/services/bookstore.html
bookstore
href
https://offices.northwestern.edu/
directory
href
https://www.library.northwestern.edu/
library
href
https://maps.northwestern.edu/
maps
href
https://www.northwestern.edu/transportation-parking/
parking
href
https://www.northwestern.edu/transportation-parking/shuttles/routes/
shuttles
script
src
https://ajax.googleapis.com/ajax/libs/jquery/3.4.1/jquery.min.js
type
text
javascript
script
src
https://www.northwestern.edu/studentaffairs/global-assets/public/v2/js/scripts.js
type
text
javascript
script
src
https://www.northwestern.edu/studentaffairs/global-assets/public/v2/js/swiper.jquery.min.js
type
text
javascript
script
src
https://www.northwestern.edu/studentaffairs/global-assets/public/v2/js/content-slider.js
type
text
javascript
function
google
analytics
object
function
push
arguments
1
new
date
create
element
get
elements
by
tag
name
0
async
1
src
parent
node
insert
before
window
document
script
www
google
analytics
com
analytics
js
ga
ga
create
auto
ga
create
auto
name
combo
tracker
ga
send
pageview
ga
combo
tracker
send
pageview
document
on
click
href
pdf
function
var
url
this
attr
href
try
ga
send
event
pdf
click
url
catch
err
