html
html
lang
en
dir
ltr
prefix
content
http://purl.org/rss/1.0/modules/content/
dc
http://purl.org/dc/terms/
foaf
http://xmlns.com/foaf/0.1/
og
http://ogp.me/ns
rdfs
http://www.w3.org/2000/01/rdf-schema
schema
http://schema.org/
sioc
http://rdfs.org/sioc/ns
sioct
http://rdfs.org/sioc/types
skos
http://www.w3.org/2004/02/skos/core
xsd
http://www.w3.org/2001/XMLSchema
meta
charset
utf
8
meta
name
description
content
link
rel
canonical
href
https://engbio.princeton.edu/front
meta
property
og
site
name
content
program
in
engineering
biology
meta
property
og
description
content
meta
name
twitter
card
content
summary
large
image
meta
name
generator
content
drupal
10
https://www.drupal.org
meta
name
mobile
optimized
content
width
meta
name
handheld
friendly
content
true
meta
name
viewport
content
width
device
width
initial
scale
link
rel
icon
href
profiles
ps
themes
ps
tiger
favicon
ico
type
image
vnd
microsoft
icon
program
in
engineering
biology
link
rel
stylesheet
media
all
href
sites
files
toruqf
files
css
css
plq
lm
5
8
xlkk
dtpq
4
nd
0
ie
9
kb
5
ejbc
osq
di
css
delta
0
amp
language
en
amp
theme
ps
tiger
amp
include
jxt
ug
fy
4
tbpreexg
5
egjfv
oyb
rit
eohgs
6
omv
exom
8
zb
01
qj
nqs
lwk
rw
pb
1
dfk
is
xjb
zmf
kl
qs
ypp
3
pe
oi
8
ka
nb
vr
euj
6
czr
gf
bj
zm
tb
nc
ev
ohkwz
kes
cc
0
yb
qa
9
ss
fgj
ifebqwd
fg
20
wpp
wx
zd
7
sn
uc
6
crl
oox
6
oj
ne
jy
bb
24
ll
pzedwkl
ua
fj
4
adbz
ms
odyvx
ds
ph
xz
jf
vyf
wd
8
gg
hm
8
xq
8
fcvre
fs
ky
hc
dq
pnqs
xn
ryn
us
ab
1
xm
cdfdix
2
xx
fug
2
pr
rb
lj
44
fqi
mxd
lzp
19
hx
rxdk
fd
ddag
8
9
oi
ml
pxaai
ff
83
ge
zh
5
0
yoj
9
so
9
fu
bf
7
link
rel
stylesheet
media
all
href
sites
files
toruqf
files
css
css
za
nvqnu
1
na
qwhb
jeboz
1
7
xcx
56
css
delta
1
amp
language
en
amp
theme
ps
tiger
amp
include
jxt
ug
fy
4
tbpreexg
5
egjfv
oyb
rit
eohgs
6
omv
exom
8
zb
01
qj
nqs
lwk
rw
pb
1
dfk
is
xjb
zmf
kl
qs
ypp
3
pe
oi
8
ka
nb
vr
euj
6
czr
gf
bj
zm
tb
nc
ev
ohkwz
kes
cc
0
yb
qa
9
ss
fgj
ifebqwd
fg
20
wpp
wx
zd
7
sn
uc
6
crl
oox
6
oj
ne
jy
bb
24
ll
pzedwkl
ua
fj
4
adbz
ms
odyvx
ds
ph
xz
jf
vyf
wd
8
gg
hm
8
xq
8
fcvre
fs
ky
hc
dq
pnqs
xn
ryn
us
ab
1
xm
cdfdix
2
xx
fug
2
pr
rb
lj
44
fqi
mxd
lzp
19
hx
rxdk
fd
ddag
8
9
oi
ml
pxaai
ff
83
ge
zh
5
0
yoj
9
so
9
fu
bf
7
link
rel
stylesheet
media
all
href
use
typekit
net
xxx
7
asp
css
link
rel
stylesheet
media
all
href
use
typekit
net
bok
5
fgz
css
link
rel
stylesheet
media
all
href
sites
files
toruqf
files
css
css
vxq
hfrp
ru
tzb
rd
gy
wv
zx
7
nr
tk
60
kc
css
delta
4
amp
language
en
amp
theme
ps
tiger
amp
include
jxt
ug
fy
4
tbpreexg
5
egjfv
oyb
rit
eohgs
6
omv
exom
8
zb
01
qj
nqs
lwk
rw
pb
1
dfk
is
xjb
zmf
kl
qs
ypp
3
pe
oi
8
ka
nb
vr
euj
6
czr
gf
bj
zm
tb
nc
ev
ohkwz
kes
cc
0
yb
qa
9
ss
fgj
ifebqwd
fg
20
wpp
wx
zd
7
sn
uc
6
crl
oox
6
oj
ne
jy
bb
24
ll
pzedwkl
ua
fj
4
adbz
ms
odyvx
ds
ph
xz
jf
vyf
wd
8
gg
hm
8
xq
8
fcvre
fs
ky
hc
dq
pnqs
xn
ryn
us
ab
1
xm
cdfdix
2
xx
fug
2
pr
rb
lj
44
fqi
mxd
lzp
19
hx
rxdk
fd
ddag
8
9
oi
ml
pxaai
ff
83
ge
zh
5
0
yoj
9
so
9
fu
bf
7
program
in
engineering
biology
off
screen
link
skip
to
content
off
screen
link
skip
to
search
href
http://www.princeton.edu
class
pu
logo
title
princeton
university
img
src
profiles
ps
themes
ps
base
images
pu
logo
svg
alt
princeton
university
href
title
home
rel
home
program
in
engineering
biology
main
menu
menu
href
data
drupal
link
system
path
lt
front
gt
class
is
active
home
href
details
data
drupal
link
system
path
node
7
program
details
href
courses
data
drupal
link
system
path
node
5
courses
href
people
data
drupal
link
system
path
node
6
people
href
caslogin
class
ps
login
link
ps
login
logout
link
data
drupal
link
system
path
caslogin
log
in
search
form
action
search
method
get
id
search
block
form
accept
charset
8
search
program
in
engineering
biology
article
about
front
class
node
node
type
ps
basic
page
node
view
mode
full
img
srcset
sites
files
toruqf
files
styles
freeform
public
nelsonc
lab
dja
jpg
amp
itok
9
jfhc
jtb
sites
files
toruqf
files
styles
freeform
public
nelsonc
lab
dja
jpg
amp
itok
63
lg
sites
files
toruqf
files
styles
freeform
public
nelsonc
lab
dja
jpg
amp
itok
qw
ga
cgx
sizes
min
width
px
px
vw
width
height
src
sites
files
toruqf
files
styles
freeform
public
nelsonc
lab
dja
jpg
amp
itok
63
lg
alt
professor
celeste
nelson
works
with
students
in
her
lab
loading
lazy
typeof
foaf
image
welcome
the
program
in
engineering
biology
is
designed
for
highly
motivated
undergraduate
students
who
are
interested
in
pursuing
careers
or
graduate
education
in
biotechnology
or
bioengineering
the
interface
between
engineering
and
the
life
sciences
is
an
area
of
dramatic
growth
and
intellectual
vigor
innovations
and
new
developments
in
this
area
require
multidisciplinary
approaches
and
greater
exposure
to
engineering
fundamentals
as
applied
to
living
systems
than
is
currently
available
from
single
department
for
all
students
the
program
offers
basic
foundation
in
the
language
of
living
systems
as
well
as
in
depth
study
of
bioengineering
fundamentals
at
multiple
length
scales
general
questions
for
further
information
concerning
the
program
in
engineering
biology
please
contact
the
program
director
data
entity
substitution
canonical
data
entity
type
node
data
entity
uuid
dd
aa
8
1
cac
href
people
celeste
nelson
professor
celeste
nelson
also
feel
free
to
contact
the
faculty
member
in
your
department
who
serves
on
the
data
entity
substitution
canonical
data
entity
type
node
data
entity
uuid
bbd
0
ce
88
href
people
committee
program
committee
that
person
will
have
specific
advice
on
the
opportunities
in
your
field
for
someone
interested
in
bioengineering
finally
contact
students
in
your
department
data
entity
substitution
canonical
data
entity
type
node
data
entity
uuid
bbd
0
ce
88
href
people
students
who
are
in
the
program
they
will
have
experience
fitting
the
certificate
program
requirements
into
your
department
schedule
footer
href
https://cbe.princeton.edu/
target
quot
blank
quot
img
loading
lazy
src
sites
files
toruqf
files
cbe
logo
png
width
height
65
alt
chemical
and
biological
engineering
typeof
foaf
image
nbsp
the
department
of
chemical
and
biological
engineering
princeton
feedback
href
cdn
cgi
email
protection
bcbbb
3
ba
7
bcbbb
1
babbfbb
0
email
protected
href
https://accessibility.princeton.edu/help
accessibility
help
copy
the
trustees
of
princeton
university
href
http://www.princeton.edu
class
pu
logo
title
princeton
university
img
src
profiles
ps
themes
ps
base
images
pu
logo
stacked
svg
alt
princeton
university
script
data
cfasync
false
src
cdn
cgi
scripts
dd
cloudflare
static
email
decode
min
js
script
type
application
json
data
drupal
selector
drupal
settings
json
path
base
url
path
prefix
current
path
node
9
current
path
is
admin
false
is
front
true
current
language
en
plural
delimiter
suppress
deprecation
errors
true
gtag
tag
id
1
consent
mode
false
other
ids
events
additional
config
info
cookie
domain
none
ajax
page
state
libraries
jxt
uo
swy
emnt
pv
4
bd
ij
wbepu
ha
6
zv
6
zs
16
kadp
ph
hbh
4
ag
bmzswd
2
agh
xj
xwkf
zih
jmd
phj
fx
bq
hc
qjhva
0
htr
5
ruoag
hl
tz
ye
6
rwz
jhs
7
mnrmay
bw
ydoox
5
sd
gx
wr
yrei
du
7
npc
0
sa
3
czi
rpt
2
yj
7
coe
8
io
tus
car
xa
sjqjxiy
kn
uei
qtcgo
gr
uwi
7
5
fya
yq
4
hic
2
jus
uv
vxt
4
bn
8
ev
jiwa
0
hyh
3
yx
6
cr
oc
mt
ci
yyo
vc
fu
fgley
1
76
slfw
mpx
6
ucg
vdu
6
nlj
pnjgb
db
dni
2
dd
sdefm
7
it
5
bd
2
hd
uy
iul
4
tn
zab
07
xp
zp
5
no
xbdkwc
theme
ps
tiger
theme
token
null
ajax
trusted
url
linkpurpose
domain
https
engbio
princeton
edu
ignore
toolbar
administration
princeton
branding
copyright
block
ps
social
no
icon
on
images
true
purpose
document
true
purpose
document
message
link
downloads
document
purpose
download
true
purpose
download
message
link
downloads
file
purpose
app
true
purpose
app
message
link
opens
app
purpose
external
true
purpose
external
message
link
is
external
purpose
mail
true
purpose
mail
message
link
sends
email
purpose
tel
true
purpose
tel
message
link
opens
phone
app
purpose
new
window
true
purpose
new
window
message
link
opens
in
new
window
css
url
modules
contrib
linkpurpose
all
documents
new
window
false
select
2
simple
selector
node
form
select
not
disable
select
2
name
actions
bundle
ui
timepicker
select
name
field
ps
timeline
feature
items
select
2
form
select
multiple
form
layout
builder
configure
block
select
multiple
user
uid
0
permissions
hash
cf
5
fb
ea
af
01
db
script
src
sites
files
toruqf
files
js
js
cg
32
wp
6
iq
7
aisz
ri
kpjd
2
au
lxv
vl
fo
de
js
scope
footer
amp
delta
0
amp
language
en
amp
theme
ps
tiger
amp
include
jxt
ug
fy
4
tbpreexg
5
egjfv
oyb
rit
eohgs
6
omv
exom
8
zb
01
qj
nqs
lwk
rw
pb
1
dfk
is
xjb
zmf
kl
qs
ypp
3
pe
oi
8
ka
nb
vr
euj
6
czr
gf
bj
zm
tb
nc
ev
ohkwz
kes
cc
0
yb
qa
9
ss
fgj
ifebqwd
fg
20
wpp
wx
zd
7
sn
uc
6
crl
oox
6
oj
ne
jy
bb
24
ll
pzedwkl
ua
fj
4
adbz
ms
odyvx
ds
ph
xz
jf
vyf
wd
8
gg
hm
8
xq
8
fcvre
fs
ky
hc
dq
pnqs
xn
ryn
us
ab
1
xm
cdfdix
2
xx
fug
2
pr
rb
lj
44
fqi
mxd
lzp
19
hx
rxdk
fd
ddag
8
9
oi
ml
pxaai
ff
83
ge
zh
5
0
yoj
9
so
9
fu
bf
7
script
src
modules
contrib
google
tag
js
gtag
js
sib
3
eg
script
src
sites
files
toruqf
files
js
js
qo
hw
uek
8
8
gle
cz
00
ny
2
ie
ojfw
ci
60
js
scope
footer
amp
delta
2
amp
language
en
amp
theme
ps
tiger
amp
include
jxt
ug
fy
4
tbpreexg
5
egjfv
oyb
rit
eohgs
6
omv
exom
8
zb
01
qj
nqs
lwk
rw
pb
1
dfk
is
xjb
zmf
kl
qs
ypp
3
pe
oi
8
ka
nb
vr
euj
6
czr
gf
bj
zm
tb
nc
ev
ohkwz
kes
cc
0
yb
qa
9
ss
fgj
ifebqwd
fg
20
wpp
wx
zd
7
sn
uc
6
crl
oox
6
oj
ne
jy
bb
24
ll
pzedwkl
ua
fj
4
adbz
ms
odyvx
ds
ph
xz
jf
vyf
wd
8
gg
hm
8
xq
8
fcvre
fs
ky
hc
dq
pnqs
xn
ryn
us
ab
1
xm
cdfdix
2
xx
fug
2
pr
rb
lj
44
fqi
mxd
lzp
19
hx
rxdk
fd
ddag
8
9
oi
ml
pxaai
ff
83
ge
zh
5
0
yoj
9
so
9
fu
bf
7
