html
html
lang
en
dir
ltr
prefix
content
http://purl.org/rss/1.0/modules/content/
dc
http://purl.org/dc/terms/
foaf
http://xmlns.com/foaf/0.1/
og
http://ogp.me/ns
rdfs
http://www.w3.org/2000/01/rdf-schema
schema
http://schema.org/
sioc
http://rdfs.org/sioc/ns
sioct
http://rdfs.org/sioc/types
skos
http://www.w3.org/2004/02/skos/core
xsd
http://www.w3.org/2001/XMLSchema
meta
charset
utf
8
script
async
src
sites
default
files
google
analytics
gtag
js
sitev
1
window
data
layer
window
data
layer
function
gtag
data
layer
push
arguments
gtag
js
new
date
gtag
set
developer
id
dhk
true
gtag
config
groups
default
anonymize
ip
true
page
placeholder
page
path
link
attribution
true
allow
ad
personalization
signals
false
custom
map
dimension
1
audience
dimension
2
page
level
dimension
3
content
type
gtag
config
9
groups
default
page
placeholder
page
location
link
attribution
true
allow
ad
personalization
signals
false
gtag
event
custom
audience
page
level
2
content
type
landing
page
meta
property
og
site
name
content
princeton
university
meta
property
og
type
content
website
meta
property
og
url
content
https://www.princeton.edu/one-community/student-life
meta
property
og
title
content
student
life
meta
property
og
description
content
through
teaching
and
research
we
educate
people
who
will
contribute
to
society
and
develop
knowledge
that
will
make
difference
in
the
world
meta
property
og
image
content
https://www.princeton.edu//sites/default/files/images/2017/06/20060425_NassauHall_JJ_IMG_5973.jpg
meta
property
fb
app
id
content
meta
name
twitter
card
content
summary
meta
name
twitter
description
content
through
teaching
and
research
we
educate
people
who
will
contribute
to
society
and
develop
knowledge
that
will
make
difference
in
the
world
meta
name
twitter
site
content
princeton
meta
name
twitter
title
content
student
life
meta
name
twitter
image
content
https://www.princeton.edu//sites/default/files/images/2017/06/20060425_NassauHall_JJ_IMG_5973.jpg
meta
name
twitter
image
alt
content
nassau
hall
meta
name
google
site
verification
content
tv
we
ck
1
ntnn
lkyf
37
vxxk
gd
huc
meta
name
generator
content
drupal
10
https://www.drupal.org
meta
name
mobile
optimized
content
width
meta
name
handheld
friendly
content
true
meta
name
viewport
content
width
device
width
initial
scale
link
rel
apple
touch
icon
href
themes
custom
hobbes
icons
apple
touch
icon
png
link
rel
icon
type
image
png
href
themes
custom
hobbes
icons
favicon
png
sizes
link
rel
icon
type
image
png
href
themes
custom
hobbes
icons
favicon
png
sizes
link
rel
manifest
href
themes
custom
hobbes
icons
manifest
json
link
rel
mask
icon
href
themes
custom
hobbes
icons
safari
pinned
tab
svg
color
meta
name
msapplication
config
content
themes
custom
hobbes
icons
browserconfig
xml
meta
name
theme
color
content
ffffff
link
rel
icon
href
profiles
contrib
lightning
favicon
ico
type
image
vnd
microsoft
icon
link
rel
canonical
href
https://www.princeton.edu/one-community/student-life
link
rel
shortlink
href
https://www.princeton.edu/node/20441
student
life
princeton
university
link
rel
stylesheet
media
all
href
sites
default
files
css
css
hri
op
pr
iejx
16
ld
xs
1
5
tqod
cvhf
7
zf
xk
css
delta
0
amp
language
en
amp
theme
hobbes
amp
include
jxdj
kwy
fkja
6
piaqg
9
cv
15
pw
yil
4
ci
tz
vgnj
7
0
nh
un
fe
qu
or
wl
5
vk
6
kp
1
cg
2
qkl
zl
95
dq
8
ca
ed
02
qgx
lb
44
jh
7
4
cb
ba
8
fg
3
ei
link
rel
stylesheet
media
all
href
https://use.typekit.net/stk8lop.css
link
rel
stylesheet
media
all
href
sites
default
files
css
css
gqi
oo
8
ue
8
ar
2
pyi
efbfr
oq
jt
30
qens
css
delta
2
amp
language
en
amp
theme
hobbes
amp
include
jxdj
kwy
fkja
6
piaqg
9
cv
15
pw
yil
4
ci
tz
vgnj
7
0
nh
un
fe
qu
or
wl
5
vk
6
kp
1
cg
2
qkl
zl
95
dq
8
ca
ed
02
qgx
lb
44
jh
7
4
cb
ba
8
fg
3
ei
script
src
sites
default
files
js
js
5
ufvinb
gdy
vby
1
ej
zy
2
kt
6
js
scope
header
amp
delta
0
amp
language
en
amp
theme
hobbes
amp
include
jxdj
kwy
fkja
6
piaqg
9
cv
15
pw
yil
4
ci
tz
vgnj
7
0
nh
un
fe
qu
or
wl
5
vk
6
kp
1
cg
2
qkl
zl
95
dq
8
ca
ed
02
qgx
lb
44
jh
7
4
cb
ba
8
fg
3
ei
meta
name
google
site
verification
content
we
xb
fn
wfc
qmu
web
ym
pzue
kf
8
link
rel
alternate
type
application
rss
xml
title
princeton
university
news
href
feed
link
rel
alternate
type
application
rss
xml
title
princeton
research
news
href
feed
research
link
rel
alternate
type
application
rss
xml
title
princeton
public
events
href
feed
events
skip
to
main
content
href
title
home
rel
home
class
site
logo
princeton
university
menu
href
one
community
class
menu
item
active
trail
data
drupal
link
system
path
node
56
one
community
one
community
submenu
href
one
community
lifelong
connections
data
drupal
link
system
path
node
lifelong
connections
href
one
community
student
life
aria
current
page
data
drupal
link
system
path
node
class
is
active
student
life
href
one
community
arts
culture
data
drupal
link
system
path
node
arts
amp
culture
href
one
community
athletics
data
drupal
link
system
path
node
athletics
href
one
community
living
princeton
nj
data
drupal
link
system
path
node
living
in
princeton
href
one
community
housing
dining
data
drupal
link
system
path
node
housing
amp
dining
href
one
community
activities
organizations
data
drupal
link
system
path
node
activities
amp
organizations
href
one
community
cultural
affinity
groups
data
drupal
link
system
path
node
cultural
amp
affinity
groups
href
one
community
health
wellness
data
drupal
link
system
path
node
health
amp
wellness
href
one
community
religious
life
data
drupal
link
system
path
node
religious
life
href
one
community
serving
public
good
data
drupal
link
system
path
node
serving
the
public
good
href
one
community
families
data
drupal
link
system
path
node
families
search
form
action
search
method
id
pu
header
search
accept
charset
8
hidden
search
sites
amp
people
times
article
about
one
community
student
life
img
loading
eager
srcset
sites
default
files
styles
third
1
crop
public
images
renaissance
class
0
jpg
itok
ho
qvkhj
sites
default
files
styles
half
1
crop
public
images
renaissance
class
0
jpg
itok
ab
0
nm
sites
default
files
styles
half
public
images
renaissance
class
0
jpg
itok
4
aud
sites
default
files
styles
1
full
2
half
crop
public
images
renaissance
class
0
jpg
itok
2
sites
default
files
styles
crop
ipad
public
images
renaissance
class
0
jpg
itok
botz
sites
default
files
styles
full
2
crop
public
images
renaissance
class
0
jpg
itok
oayw
sizes
vw
width
height
src
sites
default
files
styles
1
full
2
half
crop
public
images
renaissance
class
0
jpg
itok
2
8
alt
students
and
professors
walking
across
campus
typeof
foaf
image
student
life
pursue
your
passions
discover
new
interests
and
thrive
at
princeton
img
loading
lazy
srcset
sites
default
files
styles
squarish
halfish
small
public
images
1
st
day
jpg
itok
4
sites
default
files
styles
squarish
halfish
1
public
images
1
st
day
jpg
itok
ui
0
lkm
sites
default
files
styles
squarish
halfish
2
public
images
1
st
day
jpg
itok
3
sizes
min
width
em
vw
vw
width
height
src
sites
default
files
styles
squarish
halfish
1
public
images
1
st
day
jpg
itok
ui
0
lkm
alt
student
with
cofee
cup
and
another
on
cold
day
typeof
foaf
image
life
outside
the
classroom
beyond
the
classroom
students
have
countless
avenues
to
explore
new
interests
connect
with
others
and
build
community
in
ways
that
both
support
and
challenge
them
bonfire
div
class
youtube
async
video
async
id
httpswwwyoutubecomembedl
5
nvyrose
data
youtubeurl
https://www.youtube.com/embed/L5NvyROse-U
class
if
no
js
href
https://www.youtube.com/embed/L5NvyROse-U
play
video
img
loading
lazy
srcset
sites
default
files
styles
third
1
public
images
bonfire
21
jpg
itok
8
cs
7
ji
sites
default
files
styles
half
1
public
images
bonfire
21
jpg
itok
vh
nd
sites
default
files
styles
scale
public
images
bonfire
21
jpg
itok
gl
82
pf
sites
default
files
styles
half
2
public
images
bonfire
21
jpg
itok
3
pk
2
sizes
min
width
em
50
vw
vw
width
height
src
sites
default
files
styles
half
1
public
images
bonfire
21
jpg
itok
vh
nd
6
alt
students
posing
with
dog
in
stroller
at
the
bonfire
on
cannon
green
typeof
foaf
image
undergraduate
student
life
with
more
than
student
organizations
38
sports
clubs
17
chaplaincies
and
several
campus
centers
the
opportunities
for
students
to
explore
their
interests
abound
href
https://admission.princeton.edu/community
img
loading
lazy
srcset
sites
default
files
styles
third
1
public
images
orientation
jpg
itok
ns
0
sites
default
files
styles
half
1
public
images
orientation
jpg
itok
ce
0
yl
6
er
sites
default
files
styles
scale
public
images
orientation
jpg
itok
gi
97
sites
default
files
styles
half
2
public
images
orientation
jpg
itok
rbh
3
sizes
min
width
em
50
vw
vw
width
height
src
sites
default
files
styles
half
1
public
images
orientation
jpg
itok
ce
0
yl
6
er
alt
graduate
students
at
lunch
during
orientation
typeof
foaf
image
graduate
student
life
graduate
students
enjoy
an
array
of
intellectual
cultural
and
social
events
recreational
outings
public
service
and
other
activities
href
https://gradschool.princeton.edu/life-princeton
learn
more
img
loading
lazy
srcset
sites
default
files
styles
third
1
public
images
campus
life
jpg
itok
gm
tqw
2
sites
default
files
styles
half
1
public
images
campus
life
jpg
itok
pc
lk
1
xbd
sites
default
files
styles
scale
public
images
campus
life
jpg
itok
by
sites
default
files
styles
half
2
public
images
campus
life
jpg
itok
sa
bzp
sites
default
files
styles
full
2
public
images
campus
life
jpg
itok
2
kysnw
sizes
vw
width
height
src
sites
default
files
styles
half
2
public
images
campus
life
jpg
itok
sa
bzp
alt
four
female
students
walking
on
scudder
plaza
typeof
foaf
image
activities
amp
resources
get
involved
in
student
life
at
princeton
href
https://odus.princeton.edu/activities/organizations
undergraduate
student
organizations
href
http://campusrec.princeton.edu/
campus
recreation
href
one
community
religious
life
religious
life
one
community
href
one
community
lifelong
connections
data
drupal
link
system
path
node
lifelong
connections
href
one
community
student
life
data
drupal
link
system
path
node
class
is
active
student
life
href
one
community
arts
culture
data
drupal
link
system
path
node
arts
amp
culture
href
one
community
athletics
data
drupal
link
system
path
node
athletics
href
one
community
living
princeton
nj
data
drupal
link
system
path
node
living
in
princeton
href
one
community
housing
dining
data
drupal
link
system
path
node
housing
amp
dining
href
one
community
activities
organizations
data
drupal
link
system
path
node
activities
amp
organizations
href
one
community
cultural
affinity
groups
data
drupal
link
system
path
node
cultural
amp
affinity
groups
href
one
community
health
wellness
data
drupal
link
system
path
node
health
amp
wellness
href
one
community
religious
life
data
drupal
link
system
path
node
religious
life
href
one
community
serving
public
good
data
drupal
link
system
path
node
serving
the
public
good
href
one
community
families
data
drupal
link
system
path
node
families
href
title
home
rel
home
class
site
logo
princeton
university
main
navigation
href
meet
princeton
data
drupal
link
system
path
node
meet
princeton
submenu
for
meet
princeton
href
meet
princeton
service
humanity
data
drupal
link
system
path
node
in
service
of
humanity
href
meet
princeton
facts
figures
data
drupal
link
system
path
node
facts
amp
figures
href
meet
princeton
history
data
drupal
link
system
path
node
history
href
meet
princeton
honors
awards
data
drupal
link
system
path
node
honors
amp
awards
href
meet
princeton
contact
us
data
drupal
link
system
path
node
contact
us
href
meet
princeton
visit
us
data
drupal
link
system
path
node
visit
us
href
meet
princeton
our
faculty
data
drupal
link
system
path
node
our
faculty
href
meet
princeton
our
students
data
drupal
link
system
path
node
our
students
href
meet
princeton
our
alumni
data
drupal
link
system
path
node
our
alumni
href
meet
princeton
our
staff
data
drupal
link
system
path
node
our
staff
href
meet
princeton
our
leadership
data
drupal
link
system
path
node
our
leadership
href
meet
princeton
academic
freedom
and
free
expression
data
drupal
link
system
path
node
academic
freedom
and
free
expression
href
meet
princeton
princetons
strategic
planning
framework
data
drupal
link
system
path
node
strategic
planning
framework
href
academics
data
drupal
link
system
path
node
46
academics
submenu
for
academics
href
academics
studying
princeton
data
drupal
link
system
path
node
76
studying
at
princeton
href
academics
library
data
drupal
link
system
path
node
library
href
academics
areas
of
study
data
drupal
link
system
path
academics
areas
of
study
areas
of
study
href
academics
areas
of
study
humanities
data
drupal
link
system
path
academics
areas
of
study
humanities
humanities
href
academics
areas
of
study
social
sciences
data
drupal
link
system
path
academics
areas
of
study
social
sciences
social
sciences
href
academics
areas
of
study
engineering
data
drupal
link
system
path
academics
areas
of
study
engineering
engineering
href
academics
areas
of
study
natural
sciences
data
drupal
link
system
path
academics
areas
of
study
natural
sciences
natural
sciences
href
academics
advising
data
drupal
link
system
path
node
advising
href
https://registrar.princeton.edu/academic-calendar/
academic
calendar
href
academics
course
tools
data
drupal
link
system
path
node
course
tools
href
academics
learning
abroad
data
drupal
link
system
path
node
learning
abroad
href
academics
career
development
data
drupal
link
system
path
node
career
development
href
academics
continuing
education
data
drupal
link
system
path
node
continuing
education
href
academics
innovative
learning
data
drupal
link
system
path
node
innovative
learning
href
research
data
drupal
link
system
path
node
51
research
submenu
for
research
href
research
engineering
and
applied
science
data
drupal
link
system
path
node
engineering
amp
applied
science
href
research
humanities
data
drupal
link
system
path
node
humanities
href
research
natural
sciences
data
drupal
link
system
path
node
natural
sciences
href
research
social
sciences
data
drupal
link
system
path
node
social
sciences
href
research
office
dean
research
data
drupal
link
system
path
node
dean
for
research
office
href
research
interdisciplinary
approach
data
drupal
link
system
path
node
interdisciplinary
approach
href
research
external
partnerships
data
drupal
link
system
path
node
external
partnerships
href
research
facilities
labs
data
drupal
link
system
path
node
facilities
amp
labs
href
one
community
data
drupal
link
system
path
node
56
one
community
submenu
for
one
community
href
one
community
lifelong
connections
data
drupal
link
system
path
node
lifelong
connections
href
one
community
student
life
data
drupal
link
system
path
node
class
is
active
student
life
href
one
community
arts
culture
data
drupal
link
system
path
node
arts
amp
culture
href
one
community
athletics
data
drupal
link
system
path
node
athletics
href
one
community
living
princeton
nj
data
drupal
link
system
path
node
living
in
princeton
href
one
community
housing
dining
data
drupal
link
system
path
node
housing
amp
dining
href
one
community
activities
organizations
data
drupal
link
system
path
node
activities
amp
organizations
href
one
community
cultural
affinity
groups
data
drupal
link
system
path
node
cultural
amp
affinity
groups
href
one
community
health
wellness
data
drupal
link
system
path
node
health
amp
wellness
href
one
community
religious
life
data
drupal
link
system
path
node
religious
life
href
one
community
serving
public
good
data
drupal
link
system
path
node
serving
the
public
good
href
one
community
families
data
drupal
link
system
path
node
families
href
admission
aid
data
drupal
link
system
path
node
61
admission
amp
aid
submenu
for
admission
amp
aid
href
admission
aid
affordable
all
data
drupal
link
system
path
node
affordable
for
all
href
https://admission.princeton.edu/cost-aid
about
financial
aid
href
https://finaid.princeton.edu
current
undergraduate
financial
aid
href
https://admission.princeton.edu
undergraduate
admission
href
admission
aid
graduate
admission
data
drupal
link
system
path
node
graduate
admission
href
admission
aid
international
students
data
drupal
link
system
path
node
for
international
students
href
https://alumni.princeton.edu/venture-forward
dare
to
venture
img
loading
lazy
srcset
sites
default
files
styles
third
1
crop
public
images
venture
forward
3
png
itok
5
sites
default
files
styles
half
1
crop
public
images
venture
forward
3
png
itok
up
td
sizes
min
width
em
vw
min
width
em
25
vw
vw
width
height
src
sites
default
files
styles
half
1
crop
public
images
venture
forward
3
png
itok
up
td
5
alt
typeof
foaf
image
from
the
present
to
the
possible
href
https://goprincetontigers.com/
athletics
img
loading
lazy
srcset
sites
default
files
styles
third
1
crop
public
images
logo
main
0
png
itok
vmrk
sites
default
files
styles
half
1
crop
public
images
logo
main
0
png
itok
ue
2
oc
wki
sizes
min
width
em
vw
min
width
em
25
vw
vw
width
height
src
sites
default
files
styles
half
1
crop
public
images
logo
main
0
png
itok
ue
2
oc
wki
alt
typeof
foaf
image
go
princeton
tigers
utility
menu
href
news
data
drupal
link
system
path
news
news
href
events
data
drupal
link
system
path
node
events
href
work
work
princeton
data
drupal
link
system
path
node
work
at
princeton
href
links
students
data
drupal
link
system
path
node
student
links
href
https://alumni.princeton.edu
alumni
href
https://alumni.princeton.edu/give
giving
href
https://inside.princeton.edu/university-links
inside
princeton
contact
links
href
meet
princeton
contact
us
data
drupal
link
system
path
node
contact
us
href
https://accessibility.princeton.edu/resources/accessibility-help
accessibility
help
href
search
people
advanced
data
drupal
link
system
path
search
people
advanced
directory
visiting
links
href
meet
princeton
visit
us
data
drupal
link
system
path
node
plan
visit
href
meet
princeton
visit
us
campus
maps
data
drupal
link
system
path
node
maps
amp
shuttles
href
http://www.goprincetontigers.com
varsity
athletics
href
http://giving.princeton.edu
giving
to
princeton
academic
links
href
http://library.princeton.edu
library
href
https://registrar.princeton.edu/academic-calendar/
academic
calendar
href
links
students
data
drupal
link
system
path
node
student
links
href
https://inside.princeton.edu/university-links
faculty
amp
staff
links
footer
social
media
href
https://www.facebook.com/princetonu
facebook
href
https://twitter.com/princeton
twitter
href
https://www.instagram.com/princeton/
instagram
href
https://www.snapchat.com/add/princetonu
snapchat
href
https://www.linkedin.com/school/157313/
linked
in
href
https://www.youtube.com/princeton
you
tube
href
http://socialmedia.princeton.edu/accounts
social
media
directory
equal
opportunity
and
nondiscrimination
at
princeton
university
princeton
university
believes
that
commitment
to
principles
of
fairness
and
respect
for
all
is
favorable
to
the
free
and
open
exchange
of
ideas
and
the
university
seeks
to
reach
out
as
widely
as
possible
in
order
to
attract
the
ablest
individuals
as
students
faculty
and
staff
in
applying
this
policy
the
university
is
committed
to
nondiscrimination
on
the
basis
of
personal
beliefs
or
characteristics
such
as
political
views
religion
national
origin
ancestry
race
color
sex
sexual
orientation
gender
identity
or
expression
pregnancy
childbirth
age
marital
or
domestic
partnership
status
veteran
status
disability
genetic
information
and
or
other
characteristics
protected
by
applicable
law
in
any
phase
of
its
education
or
employment
programs
or
activities
in
addition
pursuant
to
title
of
the
education
amendments
of
and
supporting
regulations
princeton
does
not
discriminate
on
the
basis
of
sex
in
the
education
programs
or
activities
that
it
operates
this
extends
to
admission
and
employment
inquiries
about
the
application
of
title
and
its
supporting
regulations
may
be
directed
to
the
assistant
secretary
for
civil
rights
office
for
civil
rights
department
of
education
or
to
the
universitys
sexual
misconduct
title
coordinator
see
princetons
full
href
https://rrr.princeton.edu/eop
equal
opportunity
policy
and
nondiscrimination
statement
href
http://www.princeton.edu
img
alt
src
themes
custom
hobbes
images
logo
white
svg
princeton
university
princeton
operator
copy
the
trustees
of
princeton
nbsp
university
subfooter
links
href
content
copyright
infringement
data
drupal
link
system
path
node
copyright
infringement
href
privacy
notice
data
drupal
link
system
path
node
privacy
notice
script
type
application
json
data
drupal
selector
drupal
settings
json
path
base
url
path
prefix
current
path
node
current
path
is
admin
false
is
front
false
current
language
en
plural
delimiter
suppress
deprecation
errors
true
google
analytics
account
track
outbound
true
track
mailto
true
track
tel
true
track
download
true
track
download
extensions
7
aac
arc
arj
asf
asx
avi
bin
csv
doc
dot
exe
flv
gif
gz
gzip
hqx
jar
jpe
js
mp
4
mov
ie
msi
msp
pdf
phps
png
ppt
pot
pps
ppam
sld
thmx
qtm
ra
sea
sit
tar
tgz
torrent
txt
wav
wma
wmv
wpd
xls
xlt
xlam
xml
zip
data
extlink
ext
target
false
ext
target
no
override
false
ext
nofollow
false
ext
noreferrer
false
ext
follow
no
override
false
ext
class
ext
ext
label
link
is
external
ext
img
class
false
ext
subdomains
false
ext
exclude
ext
include
ext
css
exclude
share
icons
flashcard
ext
css
explicit
main
block
hobbes
main
menu
crumby
list
ext
alert
false
ext
alert
text
this
link
will
take
you
to
an
external
web
site
we
are
not
responsible
for
their
content
mailto
class
mailto
mailto
label
link
sends
email
ext
use
font
awesome
false
ext
icon
placement
append
ext
fa
link
classes
fa
fa
external
link
ext
fa
mailto
classes
fa
fa
envelope
whitelisted
domains
ajax
user
uid
0
permissions
hash
70
cecf
cc
fc
5
bbbbabad
fae
9
fcc
8
ed
script
src
sites
default
files
js
js
xlsa
cic
dfts
3
fd
ux
jd
2
xp
dhw
iz
js
scope
footer
amp
delta
0
amp
language
en
amp
theme
hobbes
amp
include
jxdj
kwy
fkja
6
piaqg
9
cv
15
pw
yil
4
ci
tz
vgnj
7
0
nh
un
fe
qu
or
wl
5
vk
6
kp
1
cg
2
qkl
zl
95
dq
8
ca
ed
02
qgx
lb
44
jh
7
4
cb
ba
8
fg
3
ei
