html
html
lang
en
dir
ltr
prefix
content
http://purl.org/rss/1.0/modules/content/
dc
http://purl.org/dc/terms/
foaf
http://xmlns.com/foaf/0.1/
og
http://ogp.me/ns
rdfs
http://www.w3.org/2000/01/rdf-schema
schema
http://schema.org/
sioc
http://rdfs.org/sioc/ns
sioct
http://rdfs.org/sioc/types
skos
http://www.w3.org/2004/02/skos/core
xsd
http://www.w3.org/2001/XMLSchema
meta
charset
utf
8
script
async
src
sites
default
files
google
analytics
gtag
js
silzi
2
window
data
layer
window
data
layer
function
gtag
data
layer
push
arguments
gtag
js
new
date
gtag
set
developer
id
dhk
true
gtag
config
groups
default
anonymize
ip
true
page
placeholder
page
path
link
attribution
true
allow
ad
personalization
signals
false
custom
map
dimension
1
audience
dimension
2
page
level
dimension
3
content
type
gtag
config
9
groups
default
page
placeholder
page
location
link
attribution
true
allow
ad
personalization
signals
false
gtag
event
custom
audience
page
level
2
content
type
chaptered
meta
property
og
site
name
content
princeton
university
meta
property
og
type
content
website
meta
property
og
url
content
https://www.princeton.edu/meet-princeton/visit-us
meta
property
og
title
content
visit
us
meta
property
og
description
content
through
teaching
and
research
we
educate
people
who
will
contribute
to
society
and
develop
knowledge
that
will
make
difference
in
the
world
meta
property
og
image
content
https://www.princeton.edu//sites/default/files/images/2017/06/20060425_NassauHall_JJ_IMG_5973.jpg
meta
property
fb
app
id
content
meta
name
twitter
card
content
summary
meta
name
twitter
description
content
through
teaching
and
research
we
educate
people
who
will
contribute
to
society
and
develop
knowledge
that
will
make
difference
in
the
world
meta
name
twitter
site
content
princeton
meta
name
twitter
title
content
visit
us
meta
name
twitter
image
content
https://www.princeton.edu//sites/default/files/images/2017/06/20060425_NassauHall_JJ_IMG_5973.jpg
meta
name
twitter
image
alt
content
nassau
hall
meta
name
google
site
verification
content
tv
we
ck
1
ntnn
lkyf
37
vxxk
gd
huc
meta
name
generator
content
drupal
10
https://www.drupal.org
meta
name
mobile
optimized
content
width
meta
name
handheld
friendly
content
true
meta
name
viewport
content
width
device
width
initial
scale
link
rel
apple
touch
icon
href
themes
custom
hobbes
icons
apple
touch
icon
png
link
rel
icon
type
image
png
href
themes
custom
hobbes
icons
favicon
png
sizes
link
rel
icon
type
image
png
href
themes
custom
hobbes
icons
favicon
png
sizes
link
rel
manifest
href
themes
custom
hobbes
icons
manifest
json
link
rel
mask
icon
href
themes
custom
hobbes
icons
safari
pinned
tab
svg
color
meta
name
msapplication
config
content
themes
custom
hobbes
icons
browserconfig
xml
meta
name
theme
color
content
ffffff
link
rel
icon
href
profiles
contrib
lightning
favicon
ico
type
image
vnd
microsoft
icon
link
rel
canonical
href
https://www.princeton.edu/meet-princeton/visit-us
link
rel
shortlink
href
https://www.princeton.edu/node/20531
visit
us
princeton
university
link
rel
stylesheet
media
all
href
sites
default
files
css
css
5
hm
sy
rr
48
cj
0
efptc
5
wd
lnb
8
bct
os
css
delta
0
amp
language
en
amp
theme
hobbes
amp
include
jxdyl
ay
rd
nybik
4
ko
1
sxq
9
ph
0
7
hm
3
pw
vsr
5
af
btjm
3
op
ox
8
dbpeorprk
5
pjm
8
rk
fo
gg
yk
8
yo
op
cuc
aqt
3
yc
34
qv
9
5
zs
ppc
link
rel
stylesheet
media
all
href
https://use.typekit.net/stk8lop.css
link
rel
stylesheet
media
all
href
sites
default
files
css
css
gqi
oo
8
ue
8
ar
2
pyi
efbfr
oq
jt
30
qens
css
delta
2
amp
language
en
amp
theme
hobbes
amp
include
jxdyl
ay
rd
nybik
4
ko
1
sxq
9
ph
0
7
hm
3
pw
vsr
5
af
btjm
3
op
ox
8
dbpeorprk
5
pjm
8
rk
fo
gg
yk
8
yo
op
cuc
aqt
3
yc
34
qv
9
5
zs
ppc
script
src
sites
default
files
js
js
5
ufvinb
gdy
vby
1
ej
zy
2
kt
6
js
scope
header
amp
delta
0
amp
language
en
amp
theme
hobbes
amp
include
jxdyl
ay
rd
nybik
4
ko
1
sxq
9
ph
0
7
hm
3
pw
vsr
5
af
btjm
3
op
ox
8
dbpeorprk
5
pjm
8
rk
fo
gg
yk
8
yo
op
cuc
aqt
3
yc
34
qv
9
5
zs
ppc
meta
name
google
site
verification
content
we
xb
fn
wfc
qmu
web
ym
pzue
kf
8
link
rel
alternate
type
application
rss
xml
title
princeton
university
news
href
feed
link
rel
alternate
type
application
rss
xml
title
princeton
research
news
href
feed
research
link
rel
alternate
type
application
rss
xml
title
princeton
public
events
href
feed
events
skip
to
main
content
href
title
home
rel
home
class
site
logo
princeton
university
menu
href
meet
princeton
class
menu
item
active
trail
data
drupal
link
system
path
node
meet
princeton
meet
princeton
submenu
href
meet
princeton
service
humanity
data
drupal
link
system
path
node
in
service
of
humanity
href
meet
princeton
facts
figures
data
drupal
link
system
path
node
facts
amp
figures
href
meet
princeton
history
data
drupal
link
system
path
node
history
href
meet
princeton
honors
awards
data
drupal
link
system
path
node
honors
amp
awards
href
meet
princeton
contact
us
data
drupal
link
system
path
node
contact
us
href
meet
princeton
visit
us
aria
current
page
data
drupal
link
system
path
node
class
is
active
visit
us
href
meet
princeton
our
faculty
data
drupal
link
system
path
node
our
faculty
href
meet
princeton
our
students
data
drupal
link
system
path
node
our
students
href
meet
princeton
our
alumni
data
drupal
link
system
path
node
our
alumni
href
meet
princeton
our
staff
data
drupal
link
system
path
node
our
staff
href
meet
princeton
our
leadership
data
drupal
link
system
path
node
our
leadership
href
meet
princeton
academic
freedom
and
free
expression
data
drupal
link
system
path
node
academic
freedom
and
free
expression
href
meet
princeton
princetons
strategic
planning
framework
data
drupal
link
system
path
node
strategic
planning
framework
search
form
action
search
method
id
pu
header
search
accept
charset
8
hidden
search
sites
amp
people
times
article
about
meet
princeton
visit
us
class
node
node
type
chaptered
node
view
mode
full
img
loading
eager
srcset
sites
default
files
styles
third
1
crop
public
images
visitor
center
crp
2
jpg
itok
7
sc
2
sb
sites
default
files
styles
half
1
crop
public
images
visitor
center
crp
2
jpg
itok
8
bsh
sites
default
files
styles
half
public
images
visitor
center
crp
2
jpg
itok
60
wa
3
sr
sites
default
files
styles
1
full
2
half
crop
public
images
visitor
center
crp
2
jpg
itok
ofgc
sites
default
files
styles
crop
ipad
public
images
visitor
center
crp
2
jpg
itok
2
do
16
sites
default
files
styles
full
2
crop
public
images
visitor
center
crp
2
jpg
itok
ijwgq
3
sizes
vw
width
height
src
sites
default
files
styles
1
full
2
half
crop
public
images
visitor
center
crp
2
jpg
itok
ofgc
alt
princeton
university
visitor
center
typeof
foaf
image
visit
us
tours
amp
information
sessions
campus
map
accessibility
lodging
air
transportation
driving
amp
parking
campus
bus
regional
bus
amp
rail
tours
amp
information
sessions
img
loading
lazy
srcset
sites
default
files
styles
third
1
public
images
graduate
school
tour
jpg
itok
fv
sites
default
files
styles
half
1
public
images
graduate
school
tour
jpg
itok
4
mr
sites
default
files
styles
scale
public
images
graduate
school
tour
jpg
itok
8
sites
default
files
styles
half
2
public
images
graduate
school
tour
jpg
itok
hii
tx
sizes
min
width
px
50
em
min
width
40
em
39
vw
vw
width
height
src
sites
default
files
styles
scale
public
images
graduate
school
tour
jpg
itok
8
alt
graduate
school
tour
group
typeof
foaf
image
photo
by
div
about
taxonomy
term
denise
applewhite
office
of
communications
on
campus
the
office
of
admission
holds
general
nbsp
href
https://apply.princeton.edu/portal/orange_key_tour
admission
information
sessions
nbsp
and
campus
tours
nbsp
throughout
the
year
nbsp
the
school
of
engineering
and
applied
science
offers
nbsp
href
https://engineering-tours.princeton.edu
tours
of
the
engineering
quad
nbsp
during
the
academic
year
campus
map
href
https://m.princeton.edu/default/map/index
interactive
map
href
sites
default
files
documents
12
campus
map
pdf
downloadable
map
pdf
10
iframe
src
https://www.google.com/maps/embed
pb
cd
ba
7
ed
6
fa
2
princeton
university
1
sen
2
sus
width
height
frameborder
0
allowfullscreen
style
border
0
position
absolute
top
0
left
0
width
important
height
important
nbsp
accessibility
princeton
university
is
committed
to
providing
access
to
everyone
nbsp
href
https://transportation.princeton.edu/campus-accessibility/accessible-paths-entrances
accessibility
paths
and
entrances
href
https://transportation.princeton.edu/campus-accessibility/accessible-parking
accessible
parking
href
https://transportation.princeton.edu/campus-accessibility/accessible-transit-services
accessibility
services
href
https://facilities.princeton.edu/sites/facilities/files/Princeton_ERUV.pdf
eruv
nbsp
map
pdf
2
if
you
plan
to
attend
an
event
and
have
accessibility
concerns
please
contact
the
office
you
are
visiting
nbsp
href
http://www.princeton.edu/transportation
transportation
and
parking
services
nbsp
or
the
nbsp
href
http://ods.princeton.edu
office
of
disability
services
lodging
the
princeton
mercer
regional
convention
and
visitors
bureau
lists
href
https://www.visitprinceton.org/hotels/
major
hotel
and
conference
centers
boutique
hotels
inns
resorts
and
bed
and
breakfasts
near
campus
air
transportation
large
airports
href
http://www.panynj.gov/airports/newark-liberty.html
newark
liberty
international
airport
href
http://www.phl.org/
philadelphia
international
airport
href
http://www.panynj.gov/airports/jfk.html
john
kennedy
international
airport
href
http://www.panynj.gov/airports/laguardia.html
la
guardia
international
airport
regional
airport
href
https://www.mercercounty.org/departments/transportation-and-infrastructure/trenton-mercer-airport
trenton
mercer
airport
driving
amp
parking
campus
is
located
in
princeton
approximately
one
mile
west
of
route
1
nbsp
visitor
parking
weekday
visitor
parking
is
available
at
stadium
drive
garage
map
href
https://www.google.com/maps/place/Stadium
drive
garage
15
data
70
bd
4
afd
94
sa
amp
ved
2
ah
ewja
1
lm
2
qb
6
ah
wrok
hbs
di
6
ahl
ag
princeton
stadium
drive
garage
nbsp
lat
long
with
frequent
tiger
transit
campus
bus
service
to
stops
on
washington
road
nassau
street
and
university
place
nbsp
visitors
using
the
garage
are
asked
to
register
for
daily
parking
permit
registration
can
be
done
nbsp
href
https://transportation.princeton.edu/visit_prking
online
in
advance
nbsp
or
at
the
garage
during
arrival
on
weekends
and
evenings
visitors
may
also
park
in
most
other
university
lots
and
garages
nbsp
metered
parking
is
available
on
streets
around
campus
href
https://transportation.princeton.edu/sites/g/files/toruqf611/files/documents/UniversityParkingMaps_Visitors.pdf
visitor
parking
map
nbsp
pdf
href
https://transportation.princeton.edu/parking/visiting-campus-events/visitor-parking
more
information
about
visitor
parking
visitors
participating
in
admission
tours
starting
at
36
university
place
adjacent
to
the
princeton
university
store
should
follow
parking
instructions
provided
during
their
registration
process
elm
drive
access
in
order
to
maintain
safety
for
all
and
livable
space
for
princetons
undergraduate
residents
elm
drive
is
closed
to
unauthorized
vehicles
outside
of
the
universitys
yearly
move
in
and
move
out
activities
nbsp
campus
bus
img
loading
lazy
src
sites
default
files
images
bus
jpg
width
height
alt
tiger
transit
electric
bus
typeof
foaf
image
photo
by
div
about
taxonomy
term
denise
applewhite
office
of
communications
nbsp
tiger
transit
shuttle
routes
circulate
through
main
campus
and
make
connections
to
the
princeton
and
princeton
junction
train
stations
forrestal
campus
the
princeton
plasma
physics
laboratory
and
several
grocery
stores
late
night
nbsp
on
demand
service
is
available
href
https://princeton.tripshot.com/
view
real
time
bus
tracking
href
http://www.princeton.edu/transportation/tigertransit.html
more
information
about
tiger
transit
services
regional
bus
amp
rail
bus
new
jersey
transit
operates
href
https://transportation.princeton.edu/getting-campus/public-transit/buses
local
bus
routes
in
the
area
nbsp
rail
routes
the
princeton
rail
station
connects
campus
to
the
northeast
corridor
line
at
nbsp
princeton
junction
station
nbsp
northbound
transit
trains
nbsp
passing
through
princeton
junction
provide
direct
service
to
new
york
city
and
newark
liberty
international
airport
nbsp
southbound
transfer
to
the
nbsp
regional
rail
nbsp
trenton
line
train
at
trenton
provides
service
to
philadelphia
nbsp
amtrak
nbsp
trains
connect
princeton
junction
to
washington
boston
and
the
broader
region
nbsp
href
https://www.njtransit.com
transit
bus
amp
rail
information
href
https://septa.org
href
http://www.amtrak.com
amtrak
nbsp
meet
princeton
href
meet
princeton
service
humanity
data
drupal
link
system
path
node
in
service
of
humanity
href
meet
princeton
facts
figures
data
drupal
link
system
path
node
facts
amp
figures
href
meet
princeton
history
data
drupal
link
system
path
node
history
href
meet
princeton
honors
awards
data
drupal
link
system
path
node
honors
amp
awards
href
meet
princeton
contact
us
data
drupal
link
system
path
node
contact
us
href
meet
princeton
visit
us
data
drupal
link
system
path
node
class
is
active
visit
us
href
meet
princeton
our
faculty
data
drupal
link
system
path
node
our
faculty
href
meet
princeton
our
students
data
drupal
link
system
path
node
our
students
href
meet
princeton
our
alumni
data
drupal
link
system
path
node
our
alumni
href
meet
princeton
our
staff
data
drupal
link
system
path
node
our
staff
href
meet
princeton
our
leadership
data
drupal
link
system
path
node
our
leadership
href
meet
princeton
academic
freedom
and
free
expression
data
drupal
link
system
path
node
academic
freedom
and
free
expression
href
meet
princeton
princetons
strategic
planning
framework
data
drupal
link
system
path
node
strategic
planning
framework
href
title
home
rel
home
class
site
logo
princeton
university
main
navigation
href
meet
princeton
data
drupal
link
system
path
node
meet
princeton
submenu
for
meet
princeton
href
meet
princeton
service
humanity
data
drupal
link
system
path
node
in
service
of
humanity
href
meet
princeton
facts
figures
data
drupal
link
system
path
node
facts
amp
figures
href
meet
princeton
history
data
drupal
link
system
path
node
history
href
meet
princeton
honors
awards
data
drupal
link
system
path
node
honors
amp
awards
href
meet
princeton
contact
us
data
drupal
link
system
path
node
contact
us
href
meet
princeton
visit
us
data
drupal
link
system
path
node
class
is
active
visit
us
href
meet
princeton
our
faculty
data
drupal
link
system
path
node
our
faculty
href
meet
princeton
our
students
data
drupal
link
system
path
node
our
students
href
meet
princeton
our
alumni
data
drupal
link
system
path
node
our
alumni
href
meet
princeton
our
staff
data
drupal
link
system
path
node
our
staff
href
meet
princeton
our
leadership
data
drupal
link
system
path
node
our
leadership
href
meet
princeton
academic
freedom
and
free
expression
data
drupal
link
system
path
node
academic
freedom
and
free
expression
href
meet
princeton
princetons
strategic
planning
framework
data
drupal
link
system
path
node
strategic
planning
framework
href
academics
data
drupal
link
system
path
node
46
academics
submenu
for
academics
href
academics
studying
princeton
data
drupal
link
system
path
node
76
studying
at
princeton
href
academics
library
data
drupal
link
system
path
node
library
href
academics
areas
of
study
data
drupal
link
system
path
academics
areas
of
study
areas
of
study
href
academics
areas
of
study
humanities
data
drupal
link
system
path
academics
areas
of
study
humanities
humanities
href
academics
areas
of
study
social
sciences
data
drupal
link
system
path
academics
areas
of
study
social
sciences
social
sciences
href
academics
areas
of
study
engineering
data
drupal
link
system
path
academics
areas
of
study
engineering
engineering
href
academics
areas
of
study
natural
sciences
data
drupal
link
system
path
academics
areas
of
study
natural
sciences
natural
sciences
href
academics
advising
data
drupal
link
system
path
node
advising
href
https://registrar.princeton.edu/academic-calendar/
academic
calendar
href
academics
course
tools
data
drupal
link
system
path
node
course
tools
href
academics
learning
abroad
data
drupal
link
system
path
node
learning
abroad
href
academics
career
development
data
drupal
link
system
path
node
career
development
href
academics
continuing
education
data
drupal
link
system
path
node
continuing
education
href
academics
innovative
learning
data
drupal
link
system
path
node
innovative
learning
href
research
data
drupal
link
system
path
node
51
research
submenu
for
research
href
research
engineering
and
applied
science
data
drupal
link
system
path
node
engineering
amp
applied
science
href
research
humanities
data
drupal
link
system
path
node
humanities
href
research
natural
sciences
data
drupal
link
system
path
node
natural
sciences
href
research
social
sciences
data
drupal
link
system
path
node
social
sciences
href
research
office
dean
research
data
drupal
link
system
path
node
dean
for
research
office
href
research
interdisciplinary
approach
data
drupal
link
system
path
node
interdisciplinary
approach
href
research
external
partnerships
data
drupal
link
system
path
node
external
partnerships
href
research
facilities
labs
data
drupal
link
system
path
node
facilities
amp
labs
href
one
community
data
drupal
link
system
path
node
56
one
community
submenu
for
one
community
href
one
community
lifelong
connections
data
drupal
link
system
path
node
lifelong
connections
href
one
community
student
life
data
drupal
link
system
path
node
student
life
href
one
community
arts
culture
data
drupal
link
system
path
node
arts
amp
culture
href
one
community
athletics
data
drupal
link
system
path
node
athletics
href
one
community
living
princeton
nj
data
drupal
link
system
path
node
living
in
princeton
href
one
community
housing
dining
data
drupal
link
system
path
node
housing
amp
dining
href
one
community
activities
organizations
data
drupal
link
system
path
node
activities
amp
organizations
href
one
community
cultural
affinity
groups
data
drupal
link
system
path
node
cultural
amp
affinity
groups
href
one
community
health
wellness
data
drupal
link
system
path
node
health
amp
wellness
href
one
community
religious
life
data
drupal
link
system
path
node
religious
life
href
one
community
serving
public
good
data
drupal
link
system
path
node
serving
the
public
good
href
one
community
families
data
drupal
link
system
path
node
families
href
admission
aid
data
drupal
link
system
path
node
61
admission
amp
aid
submenu
for
admission
amp
aid
href
admission
aid
affordable
all
data
drupal
link
system
path
node
affordable
for
all
href
https://admission.princeton.edu/cost-aid
about
financial
aid
href
https://finaid.princeton.edu
current
undergraduate
financial
aid
href
https://admission.princeton.edu
undergraduate
admission
href
admission
aid
graduate
admission
data
drupal
link
system
path
node
graduate
admission
href
admission
aid
international
students
data
drupal
link
system
path
node
for
international
students
href
https://alumni.princeton.edu/venture-forward
dare
to
venture
img
loading
lazy
srcset
sites
default
files
styles
third
1
crop
public
images
venture
forward
3
png
itok
5
sites
default
files
styles
half
1
crop
public
images
venture
forward
3
png
itok
up
td
sizes
min
width
em
vw
min
width
em
25
vw
vw
width
height
src
sites
default
files
styles
half
1
crop
public
images
venture
forward
3
png
itok
up
td
5
alt
typeof
foaf
image
from
the
present
to
the
possible
href
https://goprincetontigers.com/
athletics
img
loading
lazy
srcset
sites
default
files
styles
third
1
crop
public
images
logo
main
0
png
itok
vmrk
sites
default
files
styles
half
1
crop
public
images
logo
main
0
png
itok
ue
2
oc
wki
sizes
min
width
em
vw
min
width
em
25
vw
vw
width
height
src
sites
default
files
styles
half
1
crop
public
images
logo
main
0
png
itok
ue
2
oc
wki
alt
typeof
foaf
image
go
princeton
tigers
utility
menu
href
news
data
drupal
link
system
path
news
news
href
events
data
drupal
link
system
path
node
events
href
work
work
princeton
data
drupal
link
system
path
node
work
at
princeton
href
links
students
data
drupal
link
system
path
node
student
links
href
https://alumni.princeton.edu
alumni
href
https://alumni.princeton.edu/give
giving
href
https://inside.princeton.edu/university-links
inside
princeton
contact
links
href
meet
princeton
contact
us
data
drupal
link
system
path
node
contact
us
href
https://accessibility.princeton.edu/resources/accessibility-help
accessibility
help
href
search
people
advanced
data
drupal
link
system
path
search
people
advanced
directory
visiting
links
href
meet
princeton
visit
us
data
drupal
link
system
path
node
class
is
active
plan
visit
href
meet
princeton
visit
us
campus
maps
data
drupal
link
system
path
node
class
is
active
maps
amp
shuttles
href
http://www.goprincetontigers.com
varsity
athletics
href
http://giving.princeton.edu
giving
to
princeton
academic
links
href
http://library.princeton.edu
library
href
https://registrar.princeton.edu/academic-calendar/
academic
calendar
href
links
students
data
drupal
link
system
path
node
student
links
href
https://inside.princeton.edu/university-links
faculty
amp
staff
links
footer
social
media
href
https://www.facebook.com/princetonu
facebook
href
https://twitter.com/princeton
twitter
href
https://www.instagram.com/princeton/
instagram
href
https://www.snapchat.com/add/princetonu
snapchat
href
https://www.linkedin.com/school/157313/
linked
in
href
https://www.youtube.com/princeton
you
tube
href
http://socialmedia.princeton.edu/accounts
social
media
directory
equal
opportunity
and
nondiscrimination
at
princeton
university
princeton
university
believes
that
commitment
to
principles
of
fairness
and
respect
for
all
is
favorable
to
the
free
and
open
exchange
of
ideas
and
the
university
seeks
to
reach
out
as
widely
as
possible
in
order
to
attract
the
ablest
individuals
as
students
faculty
and
staff
in
applying
this
policy
the
university
is
committed
to
nondiscrimination
on
the
basis
of
personal
beliefs
or
characteristics
such
as
political
views
religion
national
origin
ancestry
race
color
sex
sexual
orientation
gender
identity
or
expression
pregnancy
childbirth
age
marital
or
domestic
partnership
status
veteran
status
disability
genetic
information
and
or
other
characteristics
protected
by
applicable
law
in
any
phase
of
its
education
or
employment
programs
or
activities
in
addition
pursuant
to
title
of
the
education
amendments
of
and
supporting
regulations
princeton
does
not
discriminate
on
the
basis
of
sex
in
the
education
programs
or
activities
that
it
operates
this
extends
to
admission
and
employment
inquiries
about
the
application
of
title
and
its
supporting
regulations
may
be
directed
to
the
assistant
secretary
for
civil
rights
office
for
civil
rights
department
of
education
or
to
the
universitys
sexual
misconduct
title
coordinator
see
princetons
full
href
https://rrr.princeton.edu/eop
equal
opportunity
policy
and
nondiscrimination
statement
href
http://www.princeton.edu
img
alt
src
themes
custom
hobbes
images
logo
white
svg
princeton
university
princeton
operator
copy
the
trustees
of
princeton
nbsp
university
subfooter
links
href
content
copyright
infringement
data
drupal
link
system
path
node
copyright
infringement
href
privacy
notice
data
drupal
link
system
path
node
privacy
notice
script
type
application
json
data
drupal
selector
drupal
settings
json
path
base
url
path
prefix
current
path
node
current
path
is
admin
false
is
front
false
current
language
en
plural
delimiter
suppress
deprecation
errors
true
google
analytics
account
track
outbound
true
track
mailto
true
track
tel
true
track
download
true
track
download
extensions
7
aac
arc
arj
asf
asx
avi
bin
csv
doc
dot
exe
flv
gif
gz
gzip
hqx
jar
jpe
js
mp
4
mov
ie
msi
msp
pdf
phps
png
ppt
pot
pps
ppam
sld
thmx
qtm
ra
sea
sit
tar
tgz
torrent
txt
wav
wma
wmv
wpd
xls
xlt
xlam
xml
zip
data
extlink
ext
target
false
ext
target
no
override
false
ext
nofollow
false
ext
noreferrer
false
ext
follow
no
override
false
ext
class
ext
ext
label
link
is
external
ext
img
class
false
ext
subdomains
false
ext
exclude
ext
include
ext
css
exclude
share
icons
flashcard
ext
css
explicit
main
block
hobbes
main
menu
crumby
list
ext
alert
false
ext
alert
text
this
link
will
take
you
to
an
external
web
site
we
are
not
responsible
for
their
content
mailto
class
mailto
mailto
label
link
sends
email
ext
use
font
awesome
false
ext
icon
placement
append
ext
fa
link
classes
fa
fa
external
link
ext
fa
mailto
classes
fa
fa
envelope
whitelisted
domains
ajax
user
uid
0
permissions
hash
70
cecf
cc
fc
5
bbbbabad
fae
9
fcc
8
ed
script
src
sites
default
files
js
js
ip
pbo
9
txsq
wwlk
ei
6
krmy
2
lua
js
scope
footer
amp
delta
0
amp
language
en
amp
theme
hobbes
amp
include
jxdyl
ay
rd
nybik
4
ko
1
sxq
9
ph
0
7
hm
3
pw
vsr
5
af
btjm
3
op
ox
8
dbpeorprk
5
pjm
8
rk
fo
gg
yk
8
yo
op
cuc
aqt
3
yc
34
qv
9
5
zs
ppc
