html
html
xmlns
http://www.w3.org/1999/xhtml
lang
en
meta
content
text
html
charset
8
http
equiv
content
type
meta
charset
utf
8
meta
content
edge
http
equiv
compatible
meta
content
width
device
width
initial
scale
1
name
viewport
meta
content
review
the
timely
warnings
maintained
by
the
purdue
university
police
department
name
description
meta
content
purdue
university
police
department
timely
warnings
clery
act
name
keywords
meta
content
purdue
university
administrative
operations
communications
name
author
timely
warnings
police
department
purdue
university
link
href
https://www.purdue.edu/purdue/images/favicon.ico
rel
shortcut
icon
link
href
https://www.purdue.edu/purdue/images/icon-iphone.png
rel
apple
touch
icon
sizes
link
href
https://www.purdue.edu/purdue/images/icon-ipad.png
rel
apple
touch
icon
sizes
link
href
https://www.purdue.edu/purdue/images/icon-iphone-retina.png
rel
apple
touch
icon
sizes
link
href
https://www.purdue.edu/purdue/images/icon-ipad-retina.png
rel
apple
touch
icon
sizes
link
href
https://use.fontawesome.com/releases/v6.4.2/css/all.css
rel
stylesheet
iframe
height
0
src
https://www.googletagmanager.com/ns.html
id
6
style
display
none
visibility
hidden
title
noscript
width
0
skip
to
main
content
nbsp
quick
links
find
info
for
find
info
for
href
https://www.purdue.edu/purdue/academics/index.php
role
menuitem
academics
href
https://www.purdue.edu/purdue/admissions/index.php
role
menuitem
admissions
href
https://www.purdue.edu/purdue/current_students/index.php
role
menuitem
current
students
href
https://www.purdue.edu/purdue/athletics/index.php
role
menuitem
athletics
href
https://www.purdue.edu/purdue/about/index.php
role
menuitem
about
href
https://www.purdue.edu/purdue/careers/index.php
role
menuitem
careers
href
https://www.purdue.edu/purdue/prospective_students/index.php
role
menuitem
prospective
students
href
https://www.purdue.edu/purdue/research/index.php
role
menuitem
research
and
partnerships
href
https://www.purdue.edu/purdue/commercialization/index.php
role
menuitem
entrepreneurship
and
commercialization
href
https://www.purdue.edu/engagement/
role
menuitem
office
of
engagement
quick
links
href
https://discover.online.purdue.edu/academics/apply.php
role
menuitem
apply
href
https://www.purdue.edu/newsroom/
role
menuitem
news
href
https://www.purdue.edu/president/
role
menuitem
president
href
https://purdueteamstore.com/home
role
menuitem
shop
href
https://www.purdue.edu/visit
role
menuitem
visit
href
https://www.purdue.edu/purdue/giveNow.html
role
menuitem
give
href
https://www.purdue.edu/emergency/
role
menuitem
emergency
search
function
var
cx
mjxnqnpskjk
var
gcse
document
create
element
script
gcse
type
text
javascript
gcse
async
true
gcse
src
https://cse.google.com/cse.js
cx
cx
var
document
get
elements
by
tag
name
script
0
parent
node
insert
before
gcse
gcse
searchbox
only
id
cse
search
form
results
url
https://www.purdue.edu/purdue/search.php
query
parameter
name
loading
aria
label
purdue
logo
class
header
signature
logo
href
https://www.purdue.edu
id
purdue
logo
object
aria
labelledby
purdue
logo
data
https://www.purdue.edu/purdue/images/PU-H.svg
tabindex
1
type
image
svg
xml
aria
label
police
department
href
index
php
id
site
name
police
department
menu
href
index
php
role
menuitem
home
aria
expanded
false
aria
haspopup
true
class
dropdown
button
href
about
index
php
role
menuitem
about
us
href
about
index
php
role
menuitem
about
us
href
about
directory
php
role
menuitem
staff
directory
href
about
careers
php
role
menuitem
career
opportunities
href
about
internships
php
role
menuitem
student
internships
aria
expanded
false
aria
haspopup
true
class
dropdown
button
href
statistics
policies
index
php
role
menuitem
statistics
and
policies
href
statistics
policies
index
php
role
menuitem
statistics
and
policies
href
statistics
policies
security
reports
php
role
menuitem
annual
security
reports
href
statistics
policies
drugs
alcohol
php
role
menuitem
drugs
and
alcohol
policy
href
statistics
policies
crime
security
procedures
php
role
menuitem
operating
procedures
for
gathering
and
reporting
crime
statistics
href
statistics
policies
persona
non
grata
php
role
menuitem
persona
non
grata
href
statistics
policies
weapons
policies
php
role
menuitem
weapons
possession
on
campus
aria
expanded
false
aria
haspopup
true
class
dropdown
button
href
campus
safety
tips
index
php
role
menuitem
campus
safety
tips
href
campus
safety
tips
index
php
role
menuitem
campus
safety
tips
href
campus
safety
tips
sex
offender
php
role
menuitem
indiana
sex
and
violent
offender
registry
href
campus
safety
tips
victims
rights
php
role
menuitem
notice
of
victims
rights
href
campus
safety
tips
online
safety
index
php
role
menuitem
online
safety
href
campus
safety
tips
property
crimes
index
php
role
menuitem
property
crimes
href
campus
safety
tips
violent
crimes
index
php
role
menuitem
violent
crimes
aria
expanded
false
aria
haspopup
true
class
dropdown
button
href
community
services
index
php
role
menuitem
community
services
href
community
services
index
php
role
menuitem
community
services
href
community
services
outreach
programs
index
php
role
menuitem
outreach
programs
href
community
services
services
index
php
role
menuitem
safety
and
security
services
timely
warnings
aria
expanded
false
aria
haspopup
true
class
dropdown
button
href
contact
index
php
role
menuitem
contact
us
href
contact
index
php
role
menuitem
contact
us
href
contact
confidential
reporting
php
role
menuitem
confidential
reporting
href
contact
designated
offices
php
role
menuitem
designated
campus
offices
to
receive
crime
reports
href
contact
extra
patrol
php
role
menuitem
extra
patrol
request
form
href
contact
report
crime
php
role
menuitem
how
to
report
crime
href
contact
report
theft
php
role
menuitem
online
theft
reporting
system
href
contact
contact
form
php
role
menuitem
contact
and
feedback
form
timely
warnings
timely
warnings
timely
warnings
timely
warnings
timely
warning
messages
are
part
of
purdue
university
commitment
to
provide
campus
area
crime
information
in
compliance
with
the
federal
jeanne
clery
disclosure
of
campus
security
policy
and
campus
crime
statistics
act
commonly
known
as
the
clery
act
this
page
is
not
layer
of
the
university
timely
warning
or
emergency
notification
policy
or
procedure
but
is
maintained
for
transparency
safety
and
educational
purposes
incidents
href
timely
warnings
reports
arson
earhart
php
title
arson
april
18
arson
resources
communication
href
https://one.purdue.edu
one
campus
portal
href
https://purdue.brightspace.com
rel
noopener
target
blank
brightspace
href
https://www.purdue.edu/boilerconnect/
boiler
connect
href
https://portal.office.com/
office
href
https://outlook.office.com/
outlook
href
https://mypurdue.purdue.edu
my
purdue
campus
href
https://www.purdue.edu/purdue/faculty_staff/index.php
faculty
and
staff
href
https://www.purdue.edu/hr/
human
resources
href
https://www.purdue.edu/purdue/careers/index.php
careers
href
https://www.purdue.edu/purdue/about/colleges_schools.php
colleges
and
schools
href
https://www.purdue.edu/directory/
directory
href
https://www.purdue.edu/campus-map/
campus
map
information
href
https://www.purdue.edu/newsroom/purduetoday/
purdue
today
href
https://events.purdue.edu/
events
href
https://www.lib.purdue.edu/
libraries
href
https://www.purdue.edu/physicalfacilities/construction/
construction
href
https://www.purdue.edu/treasurer/finance/bursar-office/tuition/tuition-calculator/
tuition
calculator
href
https://www.purdue.edu/hr/CHL/
center
for
healthy
living
people
href
https://www.purdue.edu/hotline/
purdue
hotline
href
https://www.purdue.edu/diversity-inclusion/
diversity
and
inclusion
href
https://www.purdue.edu/ethics/
ethics
and
compliance
href
https://it.purdue.edu/
information
technology
href
https://www.purdue.edu/ehps/police/statistics-policies/security-reports.php
annual
security
report
href
https://www.purdue.edu/ehps/police/timely-warnings/
timely
warnings
svg
class
horizontal
xmlns
http://www.w3.org/2000/svg
xmlns
xlink
http://www.w3.org/1999/xlink
0
px
0
px
view
box
style
enable
background
new
xml
space
preserve
style
type
text
css
st
0
fill
st
1
fill
st
2
fill
purdue
university
logo
path
class
st
0
6
8
path
class
st
0
16
27
27
16
7
path
class
st
0
8
path
class
st
0
3
path
class
st
0
path
class
st
0
path
class
st
0
2
2
path
class
st
0
path
class
st
0
5
path
class
st
0
2
4
1
1
path
class
st
0
2
2
4
0
8
path
class
st
0
3
path
class
st
0
polygon
class
st
0
points
7
27
5
path
class
st
0
3
2
path
class
st
0
3
2
path
class
st
1
3
9
7
9
4
path
class
st
2
9
7
path
4
9
1
path
class
st
0
0
1
1
path
class
st
0
1
1
5
3
svg
class
vertical
version
id
layer
1
xmlns
http://www.w3.org/2000/svg
xmlns
xlink
http://www.w3.org/1999/xlink
0
px
0
px
view
box
style
enable
background
new
xml
space
preserve
style
type
text
css
st
0
fill
st
1
fill
st
2
fill
purdue
university
logo
path
class
st
0
54
path
class
st
1
8
8
18
path
4
path
class
st
2
14
78
9
path
class
st
2
14
78
2
1
9
path
class
st
2
78
9
9
path
class
st
2
7
path
class
st
2
5
1
7
path
class
st
2
5
6
path
class
st
2
5
path
class
st
2
7
path
class
st
2
2
8
path
class
st
2
5
4
5
path
class
st
2
0
9
path
class
st
2
2
9
path
class
st
2
5
polygon
class
st
2
points
9
path
class
st
2
2
6
78
path
class
st
2
2
78
6
path
class
st
2
5
0
4
4
path
class
st
2
6
4
4
href
https://www.facebook.com/PurdueUniversity/
rel
noopener
target
blank
facebook
href
https://twitter.com/lifeatpurdue
rel
noopener
target
blank
twitter
href
https://www.youtube.com/user/PurdueUniversity
rel
noopener
target
blank
you
tube
href
https://www.instagram.com/lifeatpurdue/
rel
noopener
target
blank
instagram
href
https://www.pinterest.com/lifeatpurdue/
rel
noopener
target
blank
pinterest
href
https://www.snapchat.com/add/lifeatpurdue
rel
noopener
target
blank
snapchat
href
https://www.linkedin.com/edu/purdue-university-18357
rel
noopener
target
blank
linked
in
purdue
university
purdue
mall
west
lafayette
href
https://www.purdue.edu/purdue/disclaimer.php
target
blank
copy
purdue
university
href
https://www.purdue.edu/purdue/ea_eou_statement.php
target
blank
an
equal
access
equal
opportunity
university
href
https://www.purdue.edu/purdue/about/integrity_statement.php
target
blank
integrity
statement
href
https://www.purdue.edu/securepurdue/security-programs/copyright-policies/reporting-alleged-copyright-infringement.php
target
blank
copyright
complaints
href
https://www.purdue.edu/brand/
target
blank
brand
toolkit
maintained
by
purdue
university
police
department
contact
href
contact
index
php
rel
noopener
target
blank
purdue
university
police
department
for
accessibility
issues
with
this
page
href
https://www.purdue.edu/disabilityresources/
accessibility
resources
href
contact
index
php
contact
us
script
src
https://www.purdue.edu/purdue/js/mm/templates/main-2020.js
type
text
javascript
