html
working
at
rochester
university
of
rochester
meta
name
description
content
our
plus
faculty
and
staff
are
vital
to
our
success
link
rel
stylesheet
type
text
css
href
https://fonts.googleapis.com/css
family
open
sans
link
rel
stylesheet
href
templatefiles
css
style
min
css
link
rel
stylesheet
href
templatefiles
css
global
custom
css
link
rel
stylesheet
media
print
href
templatefiles
rwd
css
print
css
script
type
text
javascript
src
https://code.jquery.com/jquery-3.7.0.min.js
script
type
text
javascript
src
templatefiles
rwd
js
vendor
custom
modernizr
js
script
type
text
javascript
src
templatefiles
rwd
js
vendor
respond
min
js
link
rel
stylesheet
href
https://use.typekit.net/zcp7miu.css
link
rel
stylesheet
href
templatefiles
css
search
css
