html
html
lang
en
prefix
og
http://ogp.me/ns
fb
http://ogp.me/ns/fb
class
no
js
meta
http
equiv
compatible
content
edge
script
type
text
javascript
src
https://www.stanford.edu/wp-content/plugins/awesome-weather-pro/js/awesome-weather-widget-frontend.js
ver
id
awesome
weather
pro
js
script
type
text
javascript
src
https://www.stanford.edu/wp-content/plugins/awesome-weather-pro/js/js-cookie.js
ver
id
js
cookie
js
script
type
text
javascript
src
https://www.stanford.edu/wp-content/themes/homesite17/js/dist/master.min.js
ver
26
id
homesite
17
master
scripts
js
