html
meta
http
equiv
content
type
content
text
html
charset
8
function
push
gtm
start
new
date
get
time
event
gtm
js
var
get
elements
by
tag
name
0
create
element
dl
data
layer
async
true
src
https://www.googletagmanager.com/gtm.js
id
dl
parent
node
insert
before
window
document
script
data
layer
focus
in
expand
webkit
animation
focus
in
expand
cubic
bezier
both
animation
focus
in
expand
cubic
bezier
both
generated
by
animista
on
licensed
under
free
license
see
http://animista.net/license
for
more
info
http://animista.net
cssanimista
animation
focus
in
expand
webkit
keyframes
focus
in
expand
0
letter
spacing
em
webkit
filter
blur
12
px
filter
blur
12
px
opacity
0
webkit
filter
blur
0
px
filter
blur
0
px
opacity
1
keyframes
focus
in
expand
0
letter
spacing
em
webkit
filter
blur
12
px
filter
blur
12
px
opacity
0
webkit
filter
blur
0
px
filter
blur
0
px
opacity
1
centered
text
align
center
research
news
img
media
object
width
px
research
news
media
left
spot
light
media
pull
left
padding
right
20
px
research
news
media
padding
bottom
10
px
3
padding
bottom
initial
3
2
text
align
left
display
initial
3
hr
border
top
2
px
solid
fff
big
lead
text
font
size
40
px
important
font
weight
lighter
text
align
center
color
small
lead
text
font
size
30
px
important
font
weight
lighter
text
align
center
color
nav
pills
nav
stacked
li
background
color
padding
10
px
width
nav
pills
nav
stacked
li
color
white
font
size
24
px
nav
pills
nav
stacked
li
hover
color
resources
img
width
px
height
px
transition
transform
5
filter
ease
in
out
resources
img
hover
transform
scale
resources
3
text
decoration
none
important
resources
row
margin
bottom
20
px
section
landing
page
1
lowfi
before
section
landing
page
1
lowfi
after
section
2
lowfi
before
section
2
lowfi
after
content
none
display
block
width
background
size
initial
background
none
section
landing
page
1
lowfi
section
2
lowfi
color
5
text
transform
initial
text
align
left
font
size
36
px
margin
top
0
margin
bottom
25
px
display
block
white
space
pre
wrap
row
panel
clean
panel
heading
font
size
em
border
bottom
2
px
solid
border
color
ddd
row
panel
clean
panel
border
none
webkit
box
shadow
none
box
shadow
none
row
panel
clean
panel
default
panel
heading
color
background
color
fff
row
panel
clean
panel
default
panel
heading
hover
border
color
important
unvisited
link
row
panel
clean
panel
default
panel
heading
link
border
color
mouse
over
link
row
panel
clean
panel
default
panel
heading
hover
border
color
selected
link
row
panel
clean
panel
default
panel
heading
active
border
color
red
panel
clean
row
panel
clean
panel
clean
red
panel
heading
font
size
em
border
bottom
2
px
solid
border
color
color
fff
background
color
text
align
center
padding
top
20
px
row
panel
clean
panel
clean
red
panel
body
color
fff
background
color
text
align
center
padding
top
1
px
padding
bottom
15
px
row
panel
clean
panel
clean
red
panel
border
none
webkit
box
shadow
none
box
shadow
none
row
panel
clean
panel
clean
red
panel
default
panel
heading
color
fff
background
color
row
panel
clean
panel
clean
red
panel
default
panel
heading
hover
border
color
fff
important
border
bottom
2
px
solid
unvisited
link
row
panel
clean
panel
clean
red
panel
default
panel
heading
link
border
color
fff
mouse
over
link
row
panel
clean
panel
clean
red
panel
default
panel
heading
hover
border
color
fff
selected
link
row
panel
clean
panel
clean
red
panel
default
panel
heading
active
border
color
fff
section
funnels
container
row
section
funnels
container
row
hover
section
funnels
container
row
li
hover
text
decoration
none
color
initial
section
funnels
container
row
section
funnels
container
row
li
text
decoration
underline
color
section
funnels
container
row
btn
color
white
text
decoration
none
section
funnels
container
row
btn
hover
color
row
flex
row
display
block
flex
direction
row
align
items
stretch
flex
row
flex
col
display
flex
justify
content
space
evenly
flex
row
flex
col
panel
panel
default
flex
grow
1
row
panel
clean
panel
default
panel
heading
after
content
00
panel
clean
panel
heading
3
margin
0
text
decoration
color
media
queries
media
screen
and
min
width
px
section
2
white
space
pre
wrap
media
object
display
none
extra
small
devices
phones
media
screen
and
min
width
px
small
devices
tablets
media
screen
and
min
width
px
section
2
white
space
nowrap
media
object
display
block
medium
devices
desktops
media
screen
and
min
width
px
large
devices
wide
screens
media
screen
and
min
width
px
meta
charset
utf
8
meta
content
edge
http
equiv
compatible
meta
content
width
device
width
initial
scale
1
shrink
to
fit
no
name
viewport
research
university
of
arkansas
script
async
async
src
https://www.google-analytics.com/analytics.js
