html
meta
http
equiv
content
type
content
text
html
charset
8
function
push
gtm
start
new
date
get
time
event
gtm
js
var
get
elements
by
tag
name
0
create
element
dl
data
layer
async
true
src
https://www.googletagmanager.com/gtm.js
id
dl
parent
node
insert
before
window
document
script
data
layer
nav
tabs
li
active
nav
tabs
li
active
hover
nav
tabs
li
active
focus
color
cursor
default
background
color
fff
border
1
px
solid
ddd
border
bottom
color
transparent
nav
tabs
li
text
decoration
none
nav
tabs
li
margin
right
2
px
line
height
border
radius
4
px
4
px
meta
charset
utf
8
meta
content
edge
http
equiv
compatible
meta
content
width
device
width
initial
scale
1
shrink
to
fit
no
name
viewport
majors
university
of
arkansas
script
async
async
src
https://www.google-analytics.com/analytics.js
