html
html
lang
en
dir
ltr
prefix
content
http://purl.org/rss/1.0/modules/content/
dc
http://purl.org/dc/terms/
foaf
http://xmlns.com/foaf/0.1/
og
http://ogp.me/ns
rdfs
http://www.w3.org/2000/01/rdf-schema
schema
http://schema.org/
sioc
http://rdfs.org/sioc/ns
sioct
http://rdfs.org/sioc/types
skos
http://www.w3.org/2004/02/skos/core
xsd
http://www.w3.org/2001/XMLSchema
meta
charset
utf
8
body
backtotop
background
5
border
color
5
color
ffffff
body
backtotop
hover
background
border
color
meta
name
description
content
looking
for
major
simply
type
in
your
key
word
in
the
search
bar
the
list
of
results
will
narrow
as
you
type
meta
name
geo
region
content
us
mn
link
rel
canonical
href
https://twin-cities.umn.edu/academics-admissions/majors-programs
meta
http
equiv
content
language
content
en
link
rel
image
src
href
https://twin-cities.umn.edu/sites/twin-cities.umn.edu/files/styles/desktop/public/umn-lawn.jpg
meta
property
og
site
name
content
university
of
minnesota
meta
property
og
type
content
website
meta
property
og
url
content
https://twin-cities.umn.edu/academics-admissions/majors-programs
meta
property
og
title
content
all
program
search
meta
property
og
description
content
looking
for
major
simply
type
in
your
key
word
in
the
search
bar
the
list
of
results
will
narrow
as
you
type
meta
property
og
image
content
https://twin-cities.umn.edu/sites/twin-cities.umn.edu/files/styles/desktop/public/umn-lawn.jpg
meta
property
og
image
url
content
https://twin-cities.umn.edu/sites/twin-cities.umn.edu/files/styles/desktop/public/umn-lawn.jpg
meta
property
og
image
secure
url
content
https://twin-cities.umn.edu/sites/twin-cities.umn.edu/files/styles/desktop/public/umn-lawn.jpg
meta
name
twitter
card
content
summary
large
image
meta
name
twitter
description
content
looking
for
major
simply
type
in
your
key
word
in
the
search
bar
the
list
of
results
will
narrow
as
you
type
meta
name
twitter
title
content
all
program
search
meta
name
twitter
site
id
content
umnews
meta
name
twitter
creator
content
umnews
meta
name
twitter
url
content
https://twin-cities.umn.edu/academics-admissions/majors-programs
meta
name
twitter
image
content
https://twin-cities.umn.edu/sites/twin-cities.umn.edu/files/styles/desktop/public/umn-lawn.jpg
meta
name
google
site
verification
content
3
ap
7
rcrs
qm
su
acnd
sr
mpj
8
fjg
link
rel
manifest
href
manifest
json
meta
name
theme
color
content
ffffff
meta
name
apple
mobile
web
app
capable
content
yes
meta
name
apple
mobile
web
app
status
bar
style
content
default
meta
name
generator
content
drupal
10
https://www.drupal.org
meta
name
mobile
optimized
content
width
meta
name
handheld
friendly
content
true
meta
name
viewport
content
width
device
width
initial
scale
script
type
application
ld
json
context
https://schema.org
graph
type
college
or
university
id
https://twin-cities.umn.edu/
description
university
of
minnesota
twin
cities
name
university
of
minnesota
twin
cities
same
as
https://en.wikipedia.org/wiki/University_of_Minnesota
https://www.facebook.com/UofMN
https://twitter.com/umnews
https://instagram.com/umnpics
https://www.youtube.com/user/UniversityofMinn
https://www.linkedin.com/company/university-of-minnesota
url
https://twin-cities.umn.edu/
telephone
image
type
image
object
representative
of
page
false
url
https://twin-cities.umn.edu/sites/twin-cities.umn.edu/files/styles/desktop/public/umn-lawn.jpg
width
height
logo
type
image
object
representative
of
page
false
url
https://twin-cities.umn.edu/sites/twin-cities.umn.edu/files/block-m__gold-bg.png
width
height
type
web
page
id
https://twin-cities.umn.edu/
breadcrumb
type
breadcrumb
list
item
list
element
type
list
item
position
1
name
home
item
https://twin-cities.umn.edu/
type
list
item
position
2
name
academics
and
admissions
item
https://twin-cities.umn.edu/academics-admissions
type
list
item
position
3
name
all
program
search
item
https://twin-cities.umn.edu/academics-admissions/majors-programs
type
web
site
id
https://twin-cities.umn.edu/
name
university
of
minnesota
url
https://twin-cities.umn.edu/
function
if
fbq
return
fbq
function
call
method
call
method
apply
arguments
queue
push
arguments
if
fbq
fbq
push
loaded
0
version
queue
create
element
async
0
src
get
elements
by
tag
name
0
parent
node
insert
before
window
document
script
https://connect.facebook.net/en_US/fbevents.js
fbq
init
fbq
track
page
view
img
height
1
width
1
style
display
none
src
https://www.facebook.com/tr
id
ev
page
view
noscript
1
function
if
fbq
return
fbq
function
call
method
call
method
apply
arguments
queue
push
arguments
if
fbq
fbq
push
loaded
0
version
queue
create
element
async
0
src
get
elements
by
tag
name
0
parent
node
insert
before
window
document
script
https://connect.facebook.net/en_US/fbevents.js
fbq
init
fbq
track
page
view
img
height
1
width
1
style
display
none
src
https://www.facebook.com/tr
id
ev
page
view
noscript
1
link
rel
apple
touch
icon
sizes
href
link
href
iphone
5
splash
png
media
device
width
px
and
device
height
px
and
webkit
device
pixel
ratio
2
rel
apple
touch
startup
image
link
href
iphone
6
splash
png
media
device
width
px
and
device
height
px
and
webkit
device
pixel
ratio
2
rel
apple
touch
startup
image
link
href
iphoneplus
splash
png
media
device
width
px
and
device
height
px
and
webkit
device
pixel
ratio
3
rel
apple
touch
startup
image
link
href
iphonex
splash
png
media
device
width
px
and
device
height
px
and
webkit
device
pixel
ratio
3
rel
apple
touch
startup
image
link
href
iphonexr
splash
png
media
device
width
px
and
device
height
px
and
webkit
device
pixel
ratio
2
rel
apple
touch
startup
image
link
href
iphonexsmax
splash
png
media
device
width
px
and
device
height
px
and
webkit
device
pixel
ratio
3
rel
apple
touch
startup
image
link
href
ipad
splash
png
media
device
width
px
and
device
height
px
and
webkit
device
pixel
ratio
2
rel
apple
touch
startup
image
link
href
ipadpro
1
splash
png
media
device
width
px
and
device
height
px
and
webkit
device
pixel
ratio
2
rel
apple
touch
startup
image
link
href
ipadpro
2
splash
png
media
device
width
px
and
device
height
px
and
webkit
device
pixel
ratio
2
rel
apple
touch
startup
image
link
href
ipadpro
3
splash
png
media
device
width
px
and
device
height
px
and
webkit
device
pixel
ratio
2
rel
apple
touch
startup
image
link
rel
icon
href
sites
twin
cities
umn
edu
files
favicon
ico
type
image
vnd
microsoft
icon
window
2
config
window
2
config
2
config
callbacks
2
config
overlays
2
config
templates
all
program
search
university
of
minnesota
link
rel
stylesheet
media
all
href
sites
twin
cities
umn
edu
files
css
css
1
rg
vps
gowhv
igz
ev
sc
9
bzbz
mbp
3
rs
css
delta
0
amp
language
en
amp
theme
homesite
amp
include
jx
9
fuwy
pgk
51
uk
bl
psl
obvi
7
puy
kh
uf
zzidl
fv
fl
5
ff
oaibwi
1
pu
vew
ou
1
ne
sop
3
wemhk
ocyqc
mav
71
4
qm
zxp
hoh
4
zo
6
rqx
4
et
mh
ua
cie
0
ozz
xz
rrn
eo
1
hv
0
nr
bes
9
lmguf
wiog
3
9
agul
mw
tm
njj
bhs
0
zrj
ek
3
efhm
6
86
so
zqwylcqi
5
wh
link
rel
stylesheet
media
all
href
fonts
googleapis
com
css
family
open
sans
amp
display
swap
link
rel
stylesheet
media
all
href
stackpath
bootstrapcdn
com
font
awesome
0
css
font
awesome
min
css
link
rel
stylesheet
media
all
href
sites
twin
cities
umn
edu
files
css
css
34
yi
7
rp
cza
cmdrz
ks
kgx
mbw
0
53
ptmj
css
delta
3
amp
language
en
amp
theme
homesite
amp
include
jx
9
fuwy
pgk
51
uk
bl
psl
obvi
7
puy
kh
uf
zzidl
fv
fl
5
ff
oaibwi
1
pu
vew
ou
1
ne
sop
3
wemhk
ocyqc
mav
71
4
qm
zxp
hoh
4
zo
6
rqx
4
et
mh
ua
cie
0
ozz
xz
rrn
eo
1
hv
0
nr
bes
9
lmguf
wiog
3
9
agul
mw
tm
njj
bhs
0
zrj
ek
3
efhm
6
86
so
zqwylcqi
5
wh
link
rel
stylesheet
media
all
href
cdn
knightlab
com
libs
juxtapose
latest
css
juxtapose
css
link
rel
stylesheet
media
all
href
sites
twin
cities
umn
edu
files
css
css
mz
9
kt
5
6
dlu
bv
ab
aoj
4
hu
qf
sx
2
su
4
rd
0
bs
css
delta
5
amp
language
en
amp
theme
homesite
amp
include
jx
9
fuwy
pgk
51
uk
bl
psl
obvi
7
puy
kh
uf
zzidl
fv
fl
5
ff
oaibwi
1
pu
vew
ou
1
ne
sop
3
wemhk
ocyqc
mav
71
4
qm
zxp
hoh
4
zo
6
rqx
4
et
mh
ua
cie
0
ozz
xz
rrn
eo
1
hv
0
nr
bes
9
lmguf
wiog
3
9
agul
mw
tm
njj
bhs
0
zrj
ek
3
efhm
6
86
so
zqwylcqi
5
wh
script
src
use
fontawesome
com
releases
2
js
all
js
defer
crossorigin
anonymous
integrity
sha
nhxs
zw
9
pd
ovg
8
3
tzo
rmr
4
ncl
ogurt
6
qg
ja
4
fhj
8
xtol
script
src
use
fontawesome
com
releases
2
js
4
shims
js
defer
crossorigin
anonymous
integrity
sha
qx
63
mht
9
nr
09
om
vr
xzom
nz
1
07
kyef
8
oxdp
mzp
vje
meta
name
facebook
domain
verification
content
kqxysnt
58
xt
32
fecchq
pdprr
94
skip
to
main
content
iframe
src
https://www.googletagmanager.com/ns.html
id
height
0
width
0
style
display
none
visibility
hidden
class
wordmark
anchor
href
title
wordmark
of
the
university
of
minnesota
twin
cities
alt
link
to
front
page
class
footer
feedback
href
https://umn.qualtrics.com/SE/
6
gt
dt
4
hxj
page
all
program
search
website
feedback
script
type
application
json
data
drupal
selector
drupal
settings
json
path
base
url
path
prefix
current
path
node
current
path
is
admin
false
is
front
false
current
language
en
current
query
grad
grad
query
plural
delimiter
suppress
deprecation
errors
true
gtm
tag
id
null
settings
data
layer
data
layer
include
classes
false
allowlist
classes
blocklist
classes
include
environment
false
environment
id
environment
token
tag
ids
gtag
tag
id
consent
mode
false
other
ids
events
additional
config
info
ajax
page
state
libraries
jx
9
atuwy
mv
0
gup
iad
0
tx
ou
2
mom
wdb
7
4
rhr
jbe
52
rio
8
wpzyq
2
2
xp
7
jk
6
ern
au
bom
pb
xg
5
nek
bi
hg
7
rb
hclp
qr
4
go
uzmg
pe
7
5
zayicy
rc
fwab
rzt
59
hgcd
zvb
cka
1
cc
pks
0
me
6
uyrx
8
wc
op
no
4
nspjaw
qm
2
ewro
orc
vm
33
2
zk
pi
4
dp
9
ts
0
theme
homesite
theme
token
null
ajax
trusted
url
back
to
top
back
to
top
button
trigger
back
to
top
prevent
on
mobile
true
back
to
top
prevent
in
admin
false
back
to
top
button
type
text
back
to
top
button
text
back
to
top
pwa
service
worker
cache
version
0
beta
2
1
install
path
service
worker
data
scope
ajax
user
uid
0
permissions
hash
5
fc
bbd
fcffdfa
06
dd
ebb
bb
da
script
src
sites
twin
cities
umn
edu
files
js
optimized
js
dx
vcwv
00
ow
go
tf
5
rnj
8
xi
0
xfb
3
kn
58
jq
3
qfaw
rcv
thk
bvs
0
evt
fmq
cxo
js
1
script
src
sites
twin
cities
umn
edu
files
js
optimized
js
0
3
no
0
csy
hg
jmry
ebhwpkh
5
zx
dhvaw
bt
4
ufwy
4
fpl
dv
quv
0
eg
kwr
2
bld
1
js
1
script
src
sites
twin
cities
umn
edu
files
js
optimized
js
hpe
5
jr
mu
xr
4
ap
js
bxra
agc
ur
tjxkw
kqy
qq
id
qt
4
scq
qci
kr
js
7
script
src
sites
twin
cities
umn
edu
files
js
optimized
js
1
jl
za
ekl
ot
ue
0
94
3
gsqx
kikc
lnsct
frb
lyt
hm
5
96
iid
zy
rbi
4
ou
cr
5
xc
js
7
script
src
sites
twin
cities
umn
edu
files
js
optimized
js
rjtvzl
6
uuj
23
6
dq
ocbqg
ej
9
gsg
kjk
12
yg
wz
tl
tsh
40
afz
1
js
0
rpt
9
uk
js
7
script
src
sites
twin
cities
umn
edu
files
js
optimized
js
mjv
4
qh
ov
qe
yp
zwv
wq
hc
mok
3
cu
36
hh
9
84
dv
0
pj
3
paqgwz
45
pb
xa
ve
7
aw
8
js
7
script
src
sites
twin
cities
umn
edu
files
js
optimized
js
wmhavmn
9
51
qt
rq
74
puv
wn
ypb
hm
kl
re
ci
9
gnfhx
81
wu
xq
qg
jrzl
rtw
js
0
script
src
static
addtoany
com
menu
page
js
async
script
src
sites
twin
cities
umn
edu
files
js
optimized
js
yk
lxv
kp
5
rvcar
vrf
36
qkum
3
3
rl
1
qumy
tw
ikup
2
su
4
by
4
rm
3
bfa
du
5
src
2
js
7
script
src
sites
twin
cities
umn
edu
files
js
optimized
js
poi
2
elc
vs
phd
it
ro
fl
tt
kyje
1
ol
fj
8
1
soe
oh
iw
ouz
8
4
oc
9
pvt
tqc
4
orweo
js
7
script
src
sites
twin
cities
umn
edu
files
js
optimized
js
uk
bi
ar
wb
wwt
se
vf
43
xf
fut
zl
waj
9
1
sd
dc
7
4
3
rp
rs
7
js
7
script
src
use
fontawesome
com
releases
2
js
all
js
script
src
sites
twin
cities
umn
edu
files
js
optimized
js
prlh
7
4
ajcwq
msb
rnd
hnil
vq
dqu
3
zh
hx
sw
jt
eta
8
4
4
hz
jpox
2
jl
twd
7
js
7
script
src
sites
twin
cities
umn
edu
files
js
optimized
js
wyke
47
qw
am
wn
na
axp
32
au
vr
70
fg
kss
mpq
yk
4
27
ebwtssp
afur
6
bk
gtf
0
4
js
7
script
src
sites
twin
cities
umn
edu
files
js
optimized
js
pftk
4
nf
zaq
9
dz
4
7
po
hb
co
4
jh
78
xe
np
tk
65
es
kg
inglt
3
1
ld
yl
fn
js
7
script
src
cdn
knightlab
com
libs
juxtapose
latest
js
juxtapose
min
js
script
src
cdnjs
cloudflare
com
ajax
libs
gsap
3
tween
max
min
js
script
src
unpkg
com
imagesloaded
0
imagesloaded
pkgd
min
js
script
src
cdnjs
cloudflare
com
ajax
libs
gsap
3
plugins
text
plugin
min
js
script
src
cdnjs
cloudflare
com
ajax
libs
waypoints
5
waypoints
min
js
script
src
modules
contrib
google
tag
js
gtm
js
shhslp
script
src
modules
contrib
google
tag
js
gtag
js
shhslp
script
src
sites
twin
cities
umn
edu
files
js
optimized
js
5
ly
egtu
yz
fbknt
xbvg
6
bhn
68
ra
5
jc
pydd
31
qea
vwn
7
zm
7
rdsl
sa
96
bj
0
rp
js
7
script
src
sites
twin
cities
umn
edu
files
js
optimized
js
1
wo
vu
ya
tc
9
db
19
bvt
3
zr
wba
8
iy
9
2
qo
nn
bqb
3
ud
32
js
fc
12
wc
rw
ycba
xf
ks
tkcv
zo
js
0
script
src
sites
twin
cities
umn
edu
files
js
optimized
js
ezw
jb
8
qj
2
wid
xt
ft
5
df
oo
fg
zx
ig
9
aik
5
1
66
na
na
ak
qz
0
lw
4
urnm
png
cs
js
7
script
src
sites
twin
cities
umn
edu
files
js
optimized
js
8
pod
jj
osx
kvo
ve
4
79
43
bo
cp
5
ohhw
87
oc
6
ocr
1
jv
6
hv
3
qln
1
zk
ji
ky
1
hauqi
js
7
script
src
sites
twin
cities
umn
edu
files
js
optimized
js
rp
egk
nx
ixvz
rlef
olh
pa
03
lp
gt
46
eg
zvu
5
gv
mf
yzj
3
rumc
9
ex
nynt
yfr
ip
4
js
7
script
src
sites
twin
cities
umn
edu
files
js
optimized
js
7
tj
ev
5
6
uievk
qi
6
ap
eo
ot
bg
2
zv
9
eu
ya
jb
sf
csq
pqkpg
xb
8
60
xd
ww
8
js
7
script
src
sites
twin
cities
umn
edu
files
js
optimized
js
fz
ukj
ux
stqg
8
7
rbd
6
1
ci
6
ei
ngqs
whqc
yj
ve
2
oy
7
jw
htzvg
8
iis
hu
ps
bd
js
shhslp
