doctype
html
script
type
text
javascript
src
https://www.vanderbilt.edu/welcome/wp-includes/js/jquery/jquery.min.js
ver
0
id
jquery
core
js
script
type
text
javascript
src
https://www.vanderbilt.edu/welcome/wp-includes/js/jquery/jquery-migrate.min.js
ver
2
id
jquery
migrate
js
script
type
text
javascript
src
https://www.vanderbilt.edu/welcome/wp-content/uploads/sites/410/bb-plugin/cache/376-layout.js
ver
db
2
bfc
id
fl
builder
layout
js
script
type
text
javascript
src
https://cdn.jsdelivr.net/npm/cookieconsent
3
build
cookieconsent
min
js
ver
id
cookieconsent
js
script
type
text
javascript
src
https://cdn.vanderbilt.edu/vu-futurevu/assets/vu.js
ver
id
futurevu
js
script
type
text
javascript
src
https://www.vanderbilt.edu/welcome/wp-includes/js/wp-embed.min.js
ver
id
wp
embed
js
