html
function
push
gtm
start
new
date
get
time
event
gtm
js
var
get
elements
by
tag
name
0
create
element
ad
data
layer
amp
async
true
src
https://www.googletagmanager.com/gtm.js
id
ad
parent
node
insert
before
window
document
script
data
layer
87
var
asitesearch
https://www.vanderbilt.edu/psychological_sciences/
var
brandbar
school
var
afrontend
var
engine
psychological
sciences
vanderbilt
university
meta
charset
utf
8
meta
http
equiv
compatible
content
edge
meta
name
viewport
content
width
device
width
initial
scale
1
meta
name
description
content
psychological
sciences
at
vanderbilt
represents
diverse
group
of
scholars
in
the
department
of
psychology
in
the
college
arts
and
science
the
department
of
psychology
and
human
development
in
peabody
college
and
faculty
in
allied
disciplines
across
the
university
meta
name
keywords
content
vanderbilt
university
psychological
sciences
clinical
science
cognition
and
cognitive
neuroscience
developmental
science
neuroscience
quantitative
methods
and
evaluation
link
rel
stylesheet
type
text
css
href
https://maxcdn.bootstrapcdn.com/bootstrap/3.3.7/css/bootstrap.min.css
link
rel
stylesheet
id
google
fonts
css
href
https://fonts.googleapis.com/css
family
roboto
source
sans
pro
display
swap
ver
0
type
text
css
media
all
link
rel
stylesheet
type
text
css
href
https://cdn.vanderbilt.edu/vu-www4/omni/css/vu-main-2019.css
version
1
link
rel
stylesheet
type
text
css
href
psychological
sciences
resources
overrides
css
media
screen
script
src
use
fontawesome
com
eb
fa
js
meta
property
og
image
content
https://cdn.vanderbilt.edu/vu-www4/i/facebook-vanderbilt.jpg
meta
property
og
title
content
home
page
meta
property
og
url
content
https://www.vanderbilt.edu/psychological_sciences/index.php
meta
property
og
description
content
meta
property
og
site
name
content
psychological
sciences
meta
property
og
type
content
website
meta
name
fb
app
id
content
meta
name
twitter
card
content
summary
large
image
meta
name
twitter
site
content
vanderbilt
main
news
border
radius
7
px
background
url
https://cdn.vanderbilt.edu/vu-www4/omni/i/geobg-vert.jpg
margin
20
px
0
px
padding
10
px
40
px
main
news
main
news
title
color
white
font
family
source
sans
pro
helvetica
sans
serif
font
weight
main
news
main
news
title
span
background
padding
left
15
px
main
news
main
news
title
link
color
8
ab
4
important
main
news
main
news
title
link
hover
color
ececec
text
decoration
none
main
news
list
list
style
none
margin
15
px
0
padding
0
clear
both
line
height
em
font
weight
font
size
em
primary
content
li
primary
content
panel
body
font
size
rem
line
height
em
main
news
item
before
display
none
main
news
link
border
bottom
1
px
solid
3
ba
important
padding
10
px
15
px
color
fff
text
decoration
none
display
block
overflow
hidden
main
news
link
hover
background
white
color
main
news
item
main
news
link
color
fff
important
main
news
item
hover
main
news
link
color
important
main
news
link
hover
main
news
headline
color
important
main
news
image
float
left
margin
px
20
px
0
border
0
background
main
news
headline
float
right
color
fff
width
calc
80
px
media
min
width
px
and
max
width
px
main
news
headline
margin
top
5
em
width
main
news
image
type
background
none
border
0
float
right
padding
0
main
news
date
color
font
size
75
rem
padding
left
5
px
text
transform
uppercase
iframe
src
https://www.googletagmanager.com/ns.html
id
87
height
0
width
0
style
display
none
visibility
hidden
skip
to
main
content
script
type
text
javascript
src
cdn
vanderbilt
edu
vu
www
4
brandbar
brandbar
js
about
href
https://www.vanderbilt.edu/psychological_sciences/about/index.php
about
href
https://www.vanderbilt.edu/psychological_sciences/about/maps.php
where
are
we
href
http://admissions.vanderbilt.edu/tour/
target
blank
rel
noopener
take
virtual
tour
of
vanderbilt
href
https://www.vanderbilt.edu/psychological_sciences/about/vanderbilt_nashville.php
vanderbilt
and
nashville
href
https://www.vanderbilt.edu/psychological_sciences/about/contact.php
contacts
href
https://www.vanderbilt.edu/psychological_sciences/about/career-opportunities.php
career
opportunities
people
href
https://www.vanderbilt.edu/psychological_sciences/people/administration.php
administration
href
https://www.vanderbilt.edu/psychological_sciences/people/
group
faculty
faculty
href
https://www.vanderbilt.edu/psychological_sciences/people/
group
post
doc
post
doctoral
fellows
href
https://www.vanderbilt.edu/psychological_sciences/people/
group
graduate
student
graduate
students
href
https://www.vanderbilt.edu/psychological_sciences/people/
group
staff
staff
href
https://www.vanderbilt.edu/psychological_sciences/people/download-directory.php
directory
href
https://www.vanderbilt.edu/psychological_sciences/people/alumni.php
alumni
graduate
program
href
https://www.vanderbilt.edu/psychological_sciences/graduate/
graduate
program
href
https://www.vanderbilt.edu/psychological_sciences/graduate/doctoral.php
the
doctoral
program
programs
of
study
href
https://www.vanderbilt.edu/psychological_sciences/graduate/programs/index.php
overview
href
https://www.vanderbilt.edu/psychological_sciences/graduate/programs/clinical.php
clinical
science
href
https://www.vanderbilt.edu/psychological_sciences/graduate/programs/cognitive.php
cognition
and
cognitive
neuroscience
href
https://www.vanderbilt.edu/psychological_sciences/graduate/programs/cognitive-in-context.php
cognition
in
context
href
https://www.vanderbilt.edu/psychological_sciences/graduate/programs/development.php
developmental
science
href
https://www.vanderbilt.edu/psychological_sciences/graduate/programs/neuroscience.php
neuroscience
href
https://www.vanderbilt.edu/psychological_sciences/graduate/programs/quantitative-methods/index.php
quantitative
methods
cognition
in
context
href
https://www.vanderbilt.edu/psychological_sciences/graduate/placements.php
placements
for
prospective
students
href
https://www.vanderbilt.edu/psychological_sciences/graduate/prospective/index.php
for
prospective
students
href
https://www.vanderbilt.edu/psychological_sciences/graduate/prospective/whyapply.php
why
apply
nbsp
to
vanderbilt
href
https://www.vanderbilt.edu/psychological_sciences/graduate/prospective/admissions.php
applications
and
admissions
href
https://www.vanderbilt.edu/psychological_sciences/graduate/prospective/apply.php
how
to
apply
href
https://apply.vanderbilt.edu/apply/
online
application
href
https://www.vanderbilt.edu/psychological_sciences/graduate/prospective/aid.php
financial
aid
href
https://www.vanderbilt.edu/psychological_sciences/graduate/prospective/international.php
for
international
students
href
https://www.vanderbilt.edu/psychological_sciences/graduate/prospective/visiting-students.php
for
special
visiting
students
href
https://www.vanderbilt.edu/psychological_sciences/graduate/prospective/faq.php
frequently
asked
questions
href
https://www.vanderbilt.edu/psychological_sciences/graduate/current/handbook.php
graduate
student
handbook
for
current
students
href
https://www.vanderbilt.edu/psychological_sciences/graduate/current/index.php
for
current
students
href
https://www.vanderbilt.edu/psychological_sciences/graduate/current/handbook.php
graduate
student
handbook
href
https://www.vanderbilt.edu/psychological_sciences/graduate/current/forms.php
forms
checklists
and
milestones
href
https://www.vanderbilt.edu/psychological_sciences/graduate/current/info.php
information
and
resources
href
https://www.vanderbilt.edu/psychological_sciences/graduate/current/funding.php
fellowships
funding
and
awards
href
https://www.vanderbilt.edu/psychological_sciences/graduate/current/development.php
professional
development
href
https://www.vanderbilt.edu/psychological_sciences/graduate/current/papers.php
papers
every
graduate
student
should
read
href
http://registrar.vanderbilt.edu/calendar/
target
blank
rel
noopener
vanderbilt
academic
calendar
href
https://www.vanderbilt.edu/psychological_sciences/graduate/current/handbook.php
graduate
student
handbook
href
https://www.vanderbilt.edu/catalogs/kuali/graduate-22-23.php
courses
group
psychology
20
target
blank
rel
noopener
the
graduate
school
catalog
href
https://www.vanderbilt.edu/psychological_sciences/graduate/courses.php
courses
href
http://as.vanderbilt.edu/psychology/combined-ba-ma/
target
blank
rel
noopener
combined
in
amp
psychology
href
http://peabody.vanderbilt.edu/departments/psych/med_in_child_studies/index.php
target
blank
rel
noopener
ed
in
child
studies
href
http://peabody.vanderbilt.edu/departments/psych/med_quantitative_methods/index.php
target
blank
rel
noopener
ed
in
quantitative
methods
undergraduate
program
href
https://www.vanderbilt.edu/psychological_sciences/undergraduate/
undergraduate
program
href
http://as.vanderbilt.edu/psychology/
psychology
arts
and
science
href
http://peabody.vanderbilt.edu/departments/psych/undergraduate_programs/index.php
psychology
and
human
development
peabody
research
href
https://www.vanderbilt.edu/psychological_sciences/research/centers/
research
href
https://www.vanderbilt.edu/psychological_sciences/research/centers/facilities.php
facilities
and
resources
href
https://www.vanderbilt.edu/psychological_sciences/research/centers/centers.php
research
centers
href
https://www.vanderbilt.edu/psychological_sciences/research/centers/grants.php
training
grants
href
https://www.vanderbilt.edu/psychological_sciences/research/colloquia.php
research
colloquia
href
https://www.vanderbilt.edu/psychological_sciences/research/requisites.php
study
set
up
amp
research
requisites
href
https://www.vanderbilt.edu/psychological_sciences/research/studies.php
participate
in
research
study
news
amp
events
href
https://www.vanderbilt.edu/psychological_sciences/news/index.php
overview
href
https://www.vanderbilt.edu/psychological_sciences/events/index.php
events
calendar
href
https://www.vanderbilt.edu/psychological_sciences/news/news.php
news
and
kudos
href
https://www.vanderbilt.edu/psychological_sciences/Newsletter/newsletters.php
amp
newsletters
href
http://news.vanderbilt.edu/research/
target
blank
rel
noopener
research
news
vanderbilt
href
https://www.vanderbilt.edu/psychological_sciences/about/awards.php
psychological
sciences
awards
resources
amp
contacts
href
https://www.vanderbilt.edu/psychological_sciences/about/contact.php
contacts
href
https://www.vanderbilt.edu/psychological_sciences/resources/for-faculty.php
for
faculty
href
https://www.vanderbilt.edu/psychological_sciences/events/index.php
events
calendar
href
https://www.vanderbilt.edu/psychological_sciences/research/studies.php
participate
in
research
study
href
https://peabody.vanderbilt.edu/about/office-of-equity-diversity-inclusion/
equity
diversity
and
inclusion
href
https://www.vanderbilt.edu/psychological_sciences/about/career-opportunities.php
careers
href
https://www.vanderbilt.edu/psychological_sciences/
psychological
sciences
img
src
psychological
sciences
images
vuheader
1
png
srcset
psychological
sciences
images
vuheader
1
png
1
psychological
sciences
images
vuheader
2
png
2
alt
psychological
sciences
quick
links
href
https://www.vanderbilt.edu/psychological_sciences/about/career-opportunities.php
faculty
staff
openings
href
https://www.vanderbilt.edu/psychological_sciences/graduate/doctoral.php
ph
in
psychological
sciences
href
https://www.vanderbilt.edu/psychological_sciences/research/studies.php
participate
in
research
study
href
http://as.vanderbilt.edu/psychology/getting-research-experience/
getting
research
experience
department
of
psychology
college
of
arts
and
science
nbsp
vanderbilt
university
vanderbilt
place
nashville
br
department
of
psychology
and
human
development
peabody
college
nbsp
vanderbilt
university
peabody
appleton
place
nashville
script
type
text
javascript
function
init
add
this
addthis
init
init
add
this
id
de
href
https://a.cms.omniupdate.com/11/
skin
vanderbilt
amp
account
arts
and
science
amp
site
psychological
sciences
amp
action
de
amp
path
index
pcf
script
type
text
javascript
date
new
date
year
date
get
full
year
document
write
year
vanderbilt
university
all
rights
reserved
href
https://web.vanderbilt.edu/
site
development
digital
strategies
division
of
communications
br
vanderbilt
university
is
committed
to
the
principle
of
equal
opportunity
vanderbilt
university
does
not
discriminate
against
individuals
on
the
basis
of
their
race
sex
sexual
orientation
gender
identity
religion
color
national
or
ethnic
origin
age
disability
military
service
or
genetic
information
in
its
administration
of
educational
policies
programs
or
activities
admissions
policies
scholarship
and
loan
programs
athletic
or
other
university
administered
programs
or
employment
class
credits
link
href
https://www.vanderbilt.edu/about/accessibility/
target
blank
accessibility
information
br
vanderbilt
vanderbilt
university
and
the
vanderbilt
logos
are
trademarks
of
the
vanderbilt
university
script
src
ajax
googleapis
com
ajax
libs
jquery
2
jquery
min
js
script
src
maxcdn
bootstrapcdn
com
bootstrap
7
js
bootstrap
min
js
script
src
cdn
vanderbilt
edu
vu
www
4
omni
js
vu
all
min
js
version
0
script
type
text
javascript
src
7
addthis
com
js
addthis
widget
js
pubid
ra
