html
function
push
gtm
start
new
date
get
time
event
gtm
js
var
get
elements
by
tag
name
0
create
element
ad
data
layer
amp
async
true
src
https://www.googletagmanager.com/gtm.js
id
ad
parent
node
insert
before
window
document
script
data
layer
87
var
asitesearch
https://www.vanderbilt.edu/financialaid/
var
brandbar
school
var
afrontend
var
engine
office
of
financial
aid
vanderbilt
university
meta
charset
utf
8
meta
http
equiv
compatible
content
edge
meta
name
viewport
content
width
device
width
initial
scale
1
meta
name
description
content
vanderbilt
university
meta
name
keywords
content
vanderbilt
university
nashville
tennessee
vanderbilt
link
rel
stylesheet
type
text
css
href
https://maxcdn.bootstrapcdn.com/bootstrap/3.3.7/css/bootstrap.min.css
link
rel
stylesheet
id
google
fonts
css
href
https://fonts.googleapis.com/css
family
roboto
source
sans
pro
display
swap
ver
0
type
text
css
media
all
link
rel
stylesheet
type
text
css
href
https://cdn.vanderbilt.edu/vu-www4/omni/css/vu-main-2019.css
version
1
link
rel
stylesheet
type
text
css
href
financialaid
resources
overrides
css
media
screen
script
src
use
fontawesome
com
eb
fa
js
meta
property
og
image
content
https://cdn.vanderbilt.edu/vu-www4/i/facebook-vanderbilt.jpg
meta
property
og
title
content
new
homepage
meta
property
og
url
content
https://www.vanderbilt.edu/financialaid/index.php
meta
property
og
description
content
meta
property
og
site
name
content
office
of
financial
aid
meta
property
og
type
content
website
meta
name
fb
app
id
content
meta
name
twitter
card
content
summary
large
image
meta
name
twitter
site
content
vanderbilt
iframe
src
https://www.googletagmanager.com/ns.html
id
87
height
0
width
0
style
display
none
visibility
hidden
skip
to
main
content
script
type
text
javascript
src
cdn
vanderbilt
edu
vu
www
4
brandbar
brandbar
js
undergraduate
href
http://www.vanderbilt.edu/financialaid/undergraduate/index.php
undergraduate
href
http://www.vanderbilt.edu/financialaid/undergraduate/index.php
how
to
apply
for
need
based
assistance
href
http://www.vanderbilt.edu/scholarships
target
new
how
to
apply
for
merit
based
assistance
href
http://www.vanderbilt.edu/financialaid/undergraduate/international.php
undocumented
and
international
students
href
http://www.vanderbilt.edu/financialaid/undergraduate/types.php
types
of
assistance
href
https://www.vanderbilt.edu/financialaid/undergraduate/offerguide.php
student
financial
aid
offer
guide
href
https://www.vanderbilt.edu/financialaid/undergraduate/satisfactory-progress.php
satisfactory
academic
progress
standards
href
http://www.vanderbilt.edu/financialaid/undergraduate/summer.php
summer
school
assistance
graduate
professional
href
http://www.vanderbilt.edu/financialaid/graduate/index.php
how
to
apply
href
http://www.vanderbilt.edu/financialaid/graduate/types.php
types
of
assistance
available
href
https://www.vanderbilt.edu/financialaid/graduate/offer_guide.php
graduate
professional
financial
aid
offer
guide
href
https://www.vanderbilt.edu/financialaid/graduate/SAPStandards.php
satisfactory
academic
progress
standards
apply
href
http://www.vanderbilt.edu/financialaid/undergraduate/index.php
incoming
incoming
freshman
transfer
students
need
based
assistance
href
http://www.vanderbilt.edu/scholarships/
target
new
incoming
freshman
students
merit
based
assistance
href
http://www.vanderbilt.edu/financialaid/undergraduate/index.php
returning
returning
undergraduate
students
href
http://www.vanderbilt.edu/financialaid/graduate/index.php
graduate
professional
students
href
http://www.vanderbilt.edu/financialaid/undergraduate/international.php
international
students
loans
href
https://www.vanderbilt.edu/financialaid/loans-payment/index.php
loans
href
https://www.vanderbilt.edu/financialaid/loans-payment/federal-loans-undergraduate.php
undergraduate
federal
loans
href
https://www.vanderbilt.edu/financialaid/loans-payment/fedplus.php
federal
parent
loans
href
https://www.vanderbilt.edu/financialaid/loans-payment/federal-loans-graduate.php
graduate
professional
federal
loans
href
https://www.vanderbilt.edu/financialaid/loans-payment/private-alternative.php
private
loans
href
https://www.vanderbilt.edu/financialaid/loans-payment/loan-entrance-counseling.php
loan
entrance
counseling
href
https://www.vanderbilt.edu/financialaid/loans-payment/loan-exit-counseling.php
loan
exit
counseling
href
https://www.vanderbilt.edu/financialaid/loans-payment/loan-consolidation.php
loan
consolidation
href
https://www.vanderbilt.edu/financialaid/doremoneysmarts.php
target
blank
rel
noopener
dore
money
marts
